[
	{"name_s": "/usr/share/javadoc/adaptx-0.9.13", "size_i": "4096", "regex": "false"},
	{"name_s": "/usr/share/javadoc/adaptx-0.9.13/allclasses-frame.html", "size_i": "18796", "regex": "false"},
	{"name_s": "/usr/share/javadoc/adaptx-0.9.13/allclasses-noframe.html", "size_i": "39147", "regex": "false"},
	{"name_s": "/usr/share/javadoc/adaptx-0.9.13/index.html", "size_i": "949", "regex": "false"},
	{"name_s": "/usr/share/javadoc/adaptx-0.9.13/org", "size_i": "4096", "regex": "false"},
	{"name_s": "/usr/share/javadoc/adaptx-0.9.13/org/exolab", "size_i": "4096", "regex": "false"},
	{"name_s": "/usr/share/javadoc/adaptx-0.9.13/org/exolab/adaptx", "size_i": "4096", "regex": "false"},
	{"name_s": "/usr/share/javadoc/adaptx-0.9.13/org/exolab/adaptx/info", "size_i": "4096", "regex": "false"},
	{"name_s": "/usr/share/javadoc/adaptx-0.9.13/org/exolab/adaptx/info/AppInfo.html", "size_i": "7360", "regex": "false"},
	{"name_s": "/usr/share/javadoc/adaptx-0.9.13/org/exolab/adaptx/info/package-frame.html", "size_i": "849", "regex": "false"},
	{"name_s": "/usr/share/javadoc/adaptx-0.9.13/org/exolab/adaptx/info/package-summary.html", "size_i": "3625", "regex": "false"},
	{"name_s": "/usr/share/javadoc/adaptx-0.9.13/org/exolab/adaptx/jaxp", "size_i": "4096", "regex": "false"},
	{"name_s": "/usr/share/javadoc/adaptx-0.9.13/org/exolab/adaptx/jaxp/transform", "size_i": "4096", "regex": "false"},
	{"name_s": "/usr/share/javadoc/adaptx-0.9.13/org/exolab/adaptx/jaxp/transform/ErrorListenerWrapper.html", "size_i": "13141", "regex": "false"},
	{"name_s": "/usr/share/javadoc/adaptx-0.9.13/org/exolab/adaptx/jaxp/transform/IdentityTransformer.html", "size_i": "23464", "regex": "false"},
	{"name_s": "/usr/share/javadoc/adaptx-0.9.13/org/exolab/adaptx/jaxp/transform/TemplatesImpl.html", "size_i": "10236", "regex": "false"},
	{"name_s": "/usr/share/javadoc/adaptx-0.9.13/org/exolab/adaptx/jaxp/transform/TransformerFactoryImpl.html", "size_i": "27454", "regex": "false"},
	{"name_s": "/usr/share/javadoc/adaptx-0.9.13/org/exolab/adaptx/jaxp/transform/TransformerImpl.html", "size_i": "25107", "regex": "false"},
	{"name_s": "/usr/share/javadoc/adaptx-0.9.13/org/exolab/adaptx/jaxp/transform/URIResolverWrapper.html", "size_i": "8927", "regex": "false"},
	{"name_s": "/usr/share/javadoc/adaptx-0.9.13/org/exolab/adaptx/jaxp/transform/package-frame.html", "size_i": "1287", "regex": "false"},
	{"name_s": "/usr/share/javadoc/adaptx-0.9.13/org/exolab/adaptx/jaxp/transform/package-summary.html", "size_i": "4743", "regex": "false"},
	{"name_s": "/usr/share/javadoc/adaptx-0.9.13/org/exolab/adaptx/jaxp/transform/sax", "size_i": "4096", "regex": "false"},
	{"name_s": "/usr/share/javadoc/adaptx-0.9.13/org/exolab/adaptx/jaxp/transform/sax/TemplatesHandlerImpl.html", "size_i": "10202", "regex": "false"},
	{"name_s": "/usr/share/javadoc/adaptx-0.9.13/org/exolab/adaptx/jaxp/transform/sax/TransformerHandlerImpl.html", "size_i": "13056", "regex": "false"},
	{"name_s": "/usr/share/javadoc/adaptx-0.9.13/org/exolab/adaptx/jaxp/transform/sax/package-frame.html", "size_i": "1008", "regex": "false"},
	{"name_s": "/usr/share/javadoc/adaptx-0.9.13/org/exolab/adaptx/jaxp/transform/sax/package-summary.html", "size_i": "4137", "regex": "false"},
	{"name_s": "/usr/share/javadoc/adaptx-0.9.13/org/exolab/adaptx/net", "size_i": "4096", "regex": "false"},
	{"name_s": "/usr/share/javadoc/adaptx-0.9.13/org/exolab/adaptx/net/ObjectURILocation.html", "size_i": "6650", "regex": "false"},
	{"name_s": "/usr/share/javadoc/adaptx-0.9.13/org/exolab/adaptx/net/URIException.html", "size_i": "10655", "regex": "false"},
	{"name_s": "/usr/share/javadoc/adaptx-0.9.13/org/exolab/adaptx/net/URILocation.html", "size_i": "9810", "regex": "false"},
	{"name_s": "/usr/share/javadoc/adaptx-0.9.13/org/exolab/adaptx/net/URIResolver.html", "size_i": "6874", "regex": "false"},
	{"name_s": "/usr/share/javadoc/adaptx-0.9.13/org/exolab/adaptx/net/impl", "size_i": "4096", "regex": "false"},
	{"name_s": "/usr/share/javadoc/adaptx-0.9.13/org/exolab/adaptx/net/impl/URILocationImpl.html", "size_i": "12621", "regex": "false"},
	{"name_s": "/usr/share/javadoc/adaptx-0.9.13/org/exolab/adaptx/net/impl/URIResolverImpl.html", "size_i": "7883", "regex": "false"},
	{"name_s": "/usr/share/javadoc/adaptx-0.9.13/org/exolab/adaptx/net/impl/URIUtils.html", "size_i": "13286", "regex": "false"},
	{"name_s": "/usr/share/javadoc/adaptx-0.9.13/org/exolab/adaptx/net/impl/package-frame.html", "size_i": "1008", "regex": "false"},
	{"name_s": "/usr/share/javadoc/adaptx-0.9.13/org/exolab/adaptx/net/impl/package-summary.html", "size_i": "3960", "regex": "false"},
	{"name_s": "/usr/share/javadoc/adaptx-0.9.13/org/exolab/adaptx/net/package-frame.html", "size_i": "1101", "regex": "false"},
	{"name_s": "/usr/share/javadoc/adaptx-0.9.13/org/exolab/adaptx/net/package-summary.html", "size_i": "4210", "regex": "false"},
	{"name_s": "/usr/share/javadoc/adaptx-0.9.13/org/exolab/adaptx/util", "size_i": "4096", "regex": "false"},
	{"name_s": "/usr/share/javadoc/adaptx-0.9.13/org/exolab/adaptx/util/CommandLineOptions.html", "size_i": "14065", "regex": "false"},
	{"name_s": "/usr/share/javadoc/adaptx-0.9.13/org/exolab/adaptx/util/ConsoleDialog.html", "size_i": "7839", "regex": "false"},
	{"name_s": "/usr/share/javadoc/adaptx-0.9.13/org/exolab/adaptx/util/ErrorObserver.html", "size_i": "12130", "regex": "false"},
	{"name_s": "/usr/share/javadoc/adaptx-0.9.13/org/exolab/adaptx/util/ErrorObserverAdapter.html", "size_i": "13540", "regex": "false"},
	{"name_s": "/usr/share/javadoc/adaptx-0.9.13/org/exolab/adaptx/util/HashMap.html", "size_i": "16958", "regex": "false"},
	{"name_s": "/usr/share/javadoc/adaptx-0.9.13/org/exolab/adaptx/util/Iterator.html", "size_i": "7342", "regex": "false"},
	{"name_s": "/usr/share/javadoc/adaptx-0.9.13/org/exolab/adaptx/util/JakartaAntAdapter.html", "size_i": "10062", "regex": "false"},
	{"name_s": "/usr/share/javadoc/adaptx-0.9.13/org/exolab/adaptx/util/List.html", "size_i": "21732", "regex": "false"},
	{"name_s": "/usr/share/javadoc/adaptx-0.9.13/org/exolab/adaptx/util/ListStack.html", "size_i": "10080", "regex": "false"},
	{"name_s": "/usr/share/javadoc/adaptx-0.9.13/org/exolab/adaptx/util/NestedIOException.html", "size_i": "13257", "regex": "false"},
	{"name_s": "/usr/share/javadoc/adaptx-0.9.13/org/exolab/adaptx/util/NestedRuntimeException.html", "size_i": "11844", "regex": "false"},
	{"name_s": "/usr/share/javadoc/adaptx-0.9.13/org/exolab/adaptx/util/OrderedMap.html", "size_i": "10618", "regex": "false"},
	{"name_s": "/usr/share/javadoc/adaptx-0.9.13/org/exolab/adaptx/util/QuickStack.StackIterator.html", "size_i": "7064", "regex": "false"},
	{"name_s": "/usr/share/javadoc/adaptx-0.9.13/org/exolab/adaptx/util/QuickStack.html", "size_i": "11930", "regex": "false"},
	{"name_s": "/usr/share/javadoc/adaptx-0.9.13/org/exolab/adaptx/util/Tokenizer.html", "size_i": "15966", "regex": "false"},
	{"name_s": "/usr/share/javadoc/adaptx-0.9.13/org/exolab/adaptx/util/package-frame.html", "size_i": "1859", "regex": "false"},
	{"name_s": "/usr/share/javadoc/adaptx-0.9.13/org/exolab/adaptx/util/package-summary.html", "size_i": "6033", "regex": "false"},
	{"name_s": "/usr/share/javadoc/adaptx-0.9.13/org/exolab/adaptx/xml", "size_i": "4096", "regex": "false"},
	{"name_s": "/usr/share/javadoc/adaptx-0.9.13/org/exolab/adaptx/xml/AttributeListImpl.html", "size_i": "14574", "regex": "false"},
	{"name_s": "/usr/share/javadoc/adaptx-0.9.13/org/exolab/adaptx/xml/AttributeListWrapper.html", "size_i": "12223", "regex": "false"},
	{"name_s": "/usr/share/javadoc/adaptx-0.9.13/org/exolab/adaptx/xml/DOM2SAX.html", "size_i": "7938", "regex": "false"},
	{"name_s": "/usr/share/javadoc/adaptx-0.9.13/org/exolab/adaptx/xml/DOMURILocation.html", "size_i": "12175", "regex": "false"},
	{"name_s": "/usr/share/javadoc/adaptx-0.9.13/org/exolab/adaptx/xml/EventProducer.html", "size_i": "7232", "regex": "false"},
	{"name_s": "/usr/share/javadoc/adaptx-0.9.13/org/exolab/adaptx/xml/IDIndexer.html", "size_i": "12690", "regex": "false"},
	{"name_s": "/usr/share/javadoc/adaptx-0.9.13/org/exolab/adaptx/xml/SAXURILocation.html", "size_i": "12983", "regex": "false"},
	{"name_s": "/usr/share/javadoc/adaptx-0.9.13/org/exolab/adaptx/xml/Whitespace.html", "size_i": "12493", "regex": "false"},
	{"name_s": "/usr/share/javadoc/adaptx-0.9.13/org/exolab/adaptx/xml/XMLDiff.html", "size_i": "14733", "regex": "false"},
	{"name_s": "/usr/share/javadoc/adaptx-0.9.13/org/exolab/adaptx/xml/XMLUtil.html", "size_i": "11774", "regex": "false"},
	{"name_s": "/usr/share/javadoc/adaptx-0.9.13/org/exolab/adaptx/xml/dom2xpn", "size_i": "4096", "regex": "false"},
	{"name_s": "/usr/share/javadoc/adaptx-0.9.13/org/exolab/adaptx/xml/dom2xpn/DocumentWrapperXPathNode.html", "size_i": "13396", "regex": "false"},
	{"name_s": "/usr/share/javadoc/adaptx-0.9.13/org/exolab/adaptx/xml/dom2xpn/package-frame.html", "size_i": "907", "regex": "false"},
	{"name_s": "/usr/share/javadoc/adaptx-0.9.13/org/exolab/adaptx/xml/dom2xpn/package-summary.html", "size_i": "3790", "regex": "false"},
	{"name_s": "/usr/share/javadoc/adaptx-0.9.13/org/exolab/adaptx/xml/package-frame.html", "size_i": "1481", "regex": "false"},
	{"name_s": "/usr/share/javadoc/adaptx-0.9.13/org/exolab/adaptx/xml/package-summary.html", "size_i": "5212", "regex": "false"},
	{"name_s": "/usr/share/javadoc/adaptx-0.9.13/org/exolab/adaptx/xml/parser", "size_i": "4096", "regex": "false"},
	{"name_s": "/usr/share/javadoc/adaptx-0.9.13/org/exolab/adaptx/xml/parser/DOMParser.html", "size_i": "9891", "regex": "false"},
	{"name_s": "/usr/share/javadoc/adaptx-0.9.13/org/exolab/adaptx/xml/parser/JAXPDOMParser.html", "size_i": "11443", "regex": "false"},
	{"name_s": "/usr/share/javadoc/adaptx-0.9.13/org/exolab/adaptx/xml/parser/XercesParser.html", "size_i": "11314", "regex": "false"},
	{"name_s": "/usr/share/javadoc/adaptx-0.9.13/org/exolab/adaptx/xml/parser/package-frame.html", "size_i": "1050", "regex": "false"},
	{"name_s": "/usr/share/javadoc/adaptx-0.9.13/org/exolab/adaptx/xml/parser/package-summary.html", "size_i": "4167", "regex": "false"},
	{"name_s": "/usr/share/javadoc/adaptx-0.9.13/org/exolab/adaptx/xpath", "size_i": "4096", "regex": "false"},
	{"name_s": "/usr/share/javadoc/adaptx-0.9.13/org/exolab/adaptx/xpath/BooleanResult.html", "size_i": "13959", "regex": "false"},
	{"name_s": "/usr/share/javadoc/adaptx-0.9.13/org/exolab/adaptx/xpath/FunctionState.html", "size_i": "6932", "regex": "false"},
	{"name_s": "/usr/share/javadoc/adaptx-0.9.13/org/exolab/adaptx/xpath/NodeSet.html", "size_i": "24299", "regex": "false"},
	{"name_s": "/usr/share/javadoc/adaptx-0.9.13/org/exolab/adaptx/xpath/NumberResult.html", "size_i": "12420", "regex": "false"},
	{"name_s": "/usr/share/javadoc/adaptx-0.9.13/org/exolab/adaptx/xpath/Parameters.html", "size_i": "7811", "regex": "false"},
	{"name_s": "/usr/share/javadoc/adaptx-0.9.13/org/exolab/adaptx/xpath/StringResult.html", "size_i": "13229", "regex": "false"},
	{"name_s": "/usr/share/javadoc/adaptx-0.9.13/org/exolab/adaptx/xpath/VariableSet.html", "size_i": "7624", "regex": "false"},
	{"name_s": "/usr/share/javadoc/adaptx-0.9.13/org/exolab/adaptx/xpath/VariableSetImpl.html", "size_i": "11073", "regex": "false"},
	{"name_s": "/usr/share/javadoc/adaptx-0.9.13/org/exolab/adaptx/xpath/XPathContext.html", "size_i": "25865", "regex": "false"},
	{"name_s": "/usr/share/javadoc/adaptx-0.9.13/org/exolab/adaptx/xpath/XPathException.html", "size_i": "11444", "regex": "false"},
	{"name_s": "/usr/share/javadoc/adaptx-0.9.13/org/exolab/adaptx/xpath/XPathExpression.html", "size_i": "13594", "regex": "false"},
	{"name_s": "/usr/share/javadoc/adaptx-0.9.13/org/exolab/adaptx/xpath/XPathFunction.html", "size_i": "10762", "regex": "false"},
	{"name_s": "/usr/share/javadoc/adaptx-0.9.13/org/exolab/adaptx/xpath/XPathNode.html", "size_i": "22504", "regex": "false"},
	{"name_s": "/usr/share/javadoc/adaptx-0.9.13/org/exolab/adaptx/xpath/XPathParser.html", "size_i": "10350", "regex": "false"},
	{"name_s": "/usr/share/javadoc/adaptx-0.9.13/org/exolab/adaptx/xpath/XPathResult.html", "size_i": "14465", "regex": "false"},
	{"name_s": "/usr/share/javadoc/adaptx-0.9.13/org/exolab/adaptx/xpath/engine", "size_i": "4096", "regex": "false"},
	{"name_s": "/usr/share/javadoc/adaptx-0.9.13/org/exolab/adaptx/xpath/engine/AbstractPathComponent.html", "size_i": "19909", "regex": "false"},
	{"name_s": "/usr/share/javadoc/adaptx-0.9.13/org/exolab/adaptx/xpath/engine/ErrorExpr.html", "size_i": "8605", "regex": "false"},
	{"name_s": "/usr/share/javadoc/adaptx-0.9.13/org/exolab/adaptx/xpath/engine/Lexer.html", "size_i": "29006", "regex": "false"},
	{"name_s": "/usr/share/javadoc/adaptx-0.9.13/org/exolab/adaptx/xpath/engine/Names.html", "size_i": "30701", "regex": "false"},
	{"name_s": "/usr/share/javadoc/adaptx-0.9.13/org/exolab/adaptx/xpath/engine/NumericOperation.html", "size_i": "6726", "regex": "false"},
	{"name_s": "/usr/share/javadoc/adaptx-0.9.13/org/exolab/adaptx/xpath/engine/ParseException.html", "size_i": "10178", "regex": "false"},
	{"name_s": "/usr/share/javadoc/adaptx-0.9.13/org/exolab/adaptx/xpath/engine/Parser.html", "size_i": "14210", "regex": "false"},
	{"name_s": "/usr/share/javadoc/adaptx-0.9.13/org/exolab/adaptx/xpath/engine/SelectExpr.html", "size_i": "9763", "regex": "false"},
	{"name_s": "/usr/share/javadoc/adaptx-0.9.13/org/exolab/adaptx/xpath/engine/Token.html", "size_i": "25199", "regex": "false"},
	{"name_s": "/usr/share/javadoc/adaptx-0.9.13/org/exolab/adaptx/xpath/engine/XMLUtils.html", "size_i": "13520", "regex": "false"},
	{"name_s": "/usr/share/javadoc/adaptx-0.9.13/org/exolab/adaptx/xpath/engine/package-frame.html", "size_i": "1473", "regex": "false"},
	{"name_s": "/usr/share/javadoc/adaptx-0.9.13/org/exolab/adaptx/xpath/engine/package-summary.html", "size_i": "6190", "regex": "false"},
	{"name_s": "/usr/share/javadoc/adaptx-0.9.13/org/exolab/adaptx/xpath/expressions", "size_i": "4096", "regex": "false"},
	{"name_s": "/usr/share/javadoc/adaptx-0.9.13/org/exolab/adaptx/xpath/expressions/BinaryExpr.html", "size_i": "8817", "regex": "false"},
	{"name_s": "/usr/share/javadoc/adaptx-0.9.13/org/exolab/adaptx/xpath/expressions/EqualityExpr.html", "size_i": "9348", "regex": "false"},
	{"name_s": "/usr/share/javadoc/adaptx-0.9.13/org/exolab/adaptx/xpath/expressions/FilterExpr.html", "size_i": "7395", "regex": "false"},
	{"name_s": "/usr/share/javadoc/adaptx-0.9.13/org/exolab/adaptx/xpath/expressions/FunctionCall.html", "size_i": "9194", "regex": "false"},
	{"name_s": "/usr/share/javadoc/adaptx-0.9.13/org/exolab/adaptx/xpath/expressions/GroupedExpression.html", "size_i": "7498", "regex": "false"},
	{"name_s": "/usr/share/javadoc/adaptx-0.9.13/org/exolab/adaptx/xpath/expressions/LocationStep.html", "size_i": "13141", "regex": "false"},
	{"name_s": "/usr/share/javadoc/adaptx-0.9.13/org/exolab/adaptx/xpath/expressions/MatchExpression.html", "size_i": "7881", "regex": "false"},
	{"name_s": "/usr/share/javadoc/adaptx-0.9.13/org/exolab/adaptx/xpath/expressions/NodeExpression.html", "size_i": "15031", "regex": "false"},
	{"name_s": "/usr/share/javadoc/adaptx-0.9.13/org/exolab/adaptx/xpath/expressions/Operator.html", "size_i": "14355", "regex": "false"},
	{"name_s": "/usr/share/javadoc/adaptx-0.9.13/org/exolab/adaptx/xpath/expressions/PathComponent.html", "size_i": "13381", "regex": "false"},
	{"name_s": "/usr/share/javadoc/adaptx-0.9.13/org/exolab/adaptx/xpath/expressions/PathExpr.html", "size_i": "13491", "regex": "false"},
	{"name_s": "/usr/share/javadoc/adaptx-0.9.13/org/exolab/adaptx/xpath/expressions/PredicateExpr.html", "size_i": "9264", "regex": "false"},
	{"name_s": "/usr/share/javadoc/adaptx-0.9.13/org/exolab/adaptx/xpath/expressions/PrimaryExpr.html", "size_i": "9841", "regex": "false"},
	{"name_s": "/usr/share/javadoc/adaptx-0.9.13/org/exolab/adaptx/xpath/expressions/UnionExpr.html", "size_i": "12025", "regex": "false"},
	{"name_s": "/usr/share/javadoc/adaptx-0.9.13/org/exolab/adaptx/xpath/expressions/VariableReference.html", "size_i": "8365", "regex": "false"},
	{"name_s": "/usr/share/javadoc/adaptx-0.9.13/org/exolab/adaptx/xpath/expressions/package-frame.html", "size_i": "1889", "regex": "false"},
	{"name_s": "/usr/share/javadoc/adaptx-0.9.13/org/exolab/adaptx/xpath/expressions/package-summary.html", "size_i": "7898", "regex": "false"},
	{"name_s": "/usr/share/javadoc/adaptx-0.9.13/org/exolab/adaptx/xpath/functions", "size_i": "4096", "regex": "false"},
	{"name_s": "/usr/share/javadoc/adaptx-0.9.13/org/exolab/adaptx/xpath/functions/BooleanFunctionCall.html", "size_i": "8459", "regex": "false"},
	{"name_s": "/usr/share/javadoc/adaptx-0.9.13/org/exolab/adaptx/xpath/functions/Concat.html", "size_i": "8303", "regex": "false"},
	{"name_s": "/usr/share/javadoc/adaptx-0.9.13/org/exolab/adaptx/xpath/functions/Contains.html", "size_i": "8339", "regex": "false"},
	{"name_s": "/usr/share/javadoc/adaptx-0.9.13/org/exolab/adaptx/xpath/functions/CountFunctionCall.html", "size_i": "8494", "regex": "false"},
	{"name_s": "/usr/share/javadoc/adaptx-0.9.13/org/exolab/adaptx/xpath/functions/ErrorFunctionCall.html", "size_i": "9667", "regex": "false"},
	{"name_s": "/usr/share/javadoc/adaptx-0.9.13/org/exolab/adaptx/xpath/functions/ExtensionFunctionCall.html", "size_i": "9623", "regex": "false"},
	{"name_s": "/usr/share/javadoc/adaptx-0.9.13/org/exolab/adaptx/xpath/functions/FalseFunctionCall.html", "size_i": "8622", "regex": "false"},
	{"name_s": "/usr/share/javadoc/adaptx-0.9.13/org/exolab/adaptx/xpath/functions/FormatNumber.html", "size_i": "8526", "regex": "false"},
	{"name_s": "/usr/share/javadoc/adaptx-0.9.13/org/exolab/adaptx/xpath/functions/FunctionCallImpl.html", "size_i": "12189", "regex": "false"},
	{"name_s": "/usr/share/javadoc/adaptx-0.9.13/org/exolab/adaptx/xpath/functions/IdFunctionCall.html", "size_i": "8346", "regex": "false"},
	{"name_s": "/usr/share/javadoc/adaptx-0.9.13/org/exolab/adaptx/xpath/functions/IdRefFunctionCall.html", "size_i": "8394", "regex": "false"},
	{"name_s": "/usr/share/javadoc/adaptx-0.9.13/org/exolab/adaptx/xpath/functions/LangFunctionCall.html", "size_i": "8442", "regex": "false"},
	{"name_s": "/usr/share/javadoc/adaptx-0.9.13/org/exolab/adaptx/xpath/functions/LastFunctionCall.html", "size_i": "8444", "regex": "false"},
	{"name_s": "/usr/share/javadoc/adaptx-0.9.13/org/exolab/adaptx/xpath/functions/Normalize.html", "size_i": "8355", "regex": "false"},
	{"name_s": "/usr/share/javadoc/adaptx-0.9.13/org/exolab/adaptx/xpath/functions/NotFunctionCall.html", "size_i": "8426", "regex": "false"},
	{"name_s": "/usr/share/javadoc/adaptx-0.9.13/org/exolab/adaptx/xpath/functions/NumberFunctionCall.html", "size_i": "10675", "regex": "false"},
	{"name_s": "/usr/share/javadoc/adaptx-0.9.13/org/exolab/adaptx/xpath/functions/PositionFunctionCall.html", "size_i": "8454", "regex": "false"},
	{"name_s": "/usr/share/javadoc/adaptx-0.9.13/org/exolab/adaptx/xpath/functions/StartsWith.html", "size_i": "8317", "regex": "false"},
	{"name_s": "/usr/share/javadoc/adaptx-0.9.13/org/exolab/adaptx/xpath/functions/StringFunctionCall.html", "size_i": "8420", "regex": "false"},
	{"name_s": "/usr/share/javadoc/adaptx-0.9.13/org/exolab/adaptx/xpath/functions/StringLength.html", "size_i": "8404", "regex": "false"},
	{"name_s": "/usr/share/javadoc/adaptx-0.9.13/org/exolab/adaptx/xpath/functions/Substring.html", "size_i": "8294", "regex": "false"},
	{"name_s": "/usr/share/javadoc/adaptx-0.9.13/org/exolab/adaptx/xpath/functions/SubstringAfter.html", "size_i": "8383", "regex": "false"},
	{"name_s": "/usr/share/javadoc/adaptx-0.9.13/org/exolab/adaptx/xpath/functions/SubstringBefore.html", "size_i": "8456", "regex": "false"},
	{"name_s": "/usr/share/javadoc/adaptx-0.9.13/org/exolab/adaptx/xpath/functions/SumFunctionCall.html", "size_i": "10074", "regex": "false"},
	{"name_s": "/usr/share/javadoc/adaptx-0.9.13/org/exolab/adaptx/xpath/functions/TextFunctionCall.html", "size_i": "8571", "regex": "false"},
	{"name_s": "/usr/share/javadoc/adaptx-0.9.13/org/exolab/adaptx/xpath/functions/Translate.html", "size_i": "8290", "regex": "false"},
	{"name_s": "/usr/share/javadoc/adaptx-0.9.13/org/exolab/adaptx/xpath/functions/TrueFunctionCall.html", "size_i": "8384", "regex": "false"},
	{"name_s": "/usr/share/javadoc/adaptx-0.9.13/org/exolab/adaptx/xpath/functions/XMLNamesFunctionCall.html", "size_i": "10306", "regex": "false"},
	{"name_s": "/usr/share/javadoc/adaptx-0.9.13/org/exolab/adaptx/xpath/functions/package-frame.html", "size_i": "2802", "regex": "false"},
	{"name_s": "/usr/share/javadoc/adaptx-0.9.13/org/exolab/adaptx/xpath/functions/package-summary.html", "size_i": "9174", "regex": "false"},
	{"name_s": "/usr/share/javadoc/adaptx-0.9.13/org/exolab/adaptx/xpath/package-frame.html", "size_i": "1816", "regex": "false"},
	{"name_s": "/usr/share/javadoc/adaptx-0.9.13/org/exolab/adaptx/xpath/package-summary.html", "size_i": "10113", "regex": "false"},
	{"name_s": "/usr/share/javadoc/adaptx-0.9.13/org/exolab/adaptx/xslt", "size_i": "4096", "regex": "false"},
	{"name_s": "/usr/share/javadoc/adaptx-0.9.13/org/exolab/adaptx/xslt/ActionIterator.html", "size_i": "7582", "regex": "false"},
	{"name_s": "/usr/share/javadoc/adaptx-0.9.13/org/exolab/adaptx/xslt/ActionTemplate.html", "size_i": "7500", "regex": "false"},
	{"name_s": "/usr/share/javadoc/adaptx-0.9.13/org/exolab/adaptx/xslt/AttributeSet.html", "size_i": "10429", "regex": "false"},
	{"name_s": "/usr/share/javadoc/adaptx-0.9.13/org/exolab/adaptx/xslt/AttributeValueTemplate.html", "size_i": "11444", "regex": "false"},
	{"name_s": "/usr/share/javadoc/adaptx-0.9.13/org/exolab/adaptx/xslt/Conditional.html", "size_i": "7162", "regex": "false"},
	{"name_s": "/usr/share/javadoc/adaptx-0.9.13/org/exolab/adaptx/xslt/CopyOf.html", "size_i": "8600", "regex": "false"},
	{"name_s": "/usr/share/javadoc/adaptx-0.9.13/org/exolab/adaptx/xslt/EmptyXSLObject.html", "size_i": "6763", "regex": "false"},
	{"name_s": "/usr/share/javadoc/adaptx-0.9.13/org/exolab/adaptx/xslt/FunctionResolver.html", "size_i": "9503", "regex": "false"},
	{"name_s": "/usr/share/javadoc/adaptx-0.9.13/org/exolab/adaptx/xslt/Id.html", "size_i": "9598", "regex": "false"},
	{"name_s": "/usr/share/javadoc/adaptx-0.9.13/org/exolab/adaptx/xslt/LocationPathPattern.html", "size_i": "9229", "regex": "false"},
	{"name_s": "/usr/share/javadoc/adaptx-0.9.13/org/exolab/adaptx/xslt/Names.html", "size_i": "43405", "regex": "false"},
	{"name_s": "/usr/share/javadoc/adaptx-0.9.13/org/exolab/adaptx/xslt/OutputFormat.html", "size_i": "16553", "regex": "false"},
	{"name_s": "/usr/share/javadoc/adaptx-0.9.13/org/exolab/adaptx/xslt/Param.html", "size_i": "6735", "regex": "false"},
	{"name_s": "/usr/share/javadoc/adaptx-0.9.13/org/exolab/adaptx/xslt/ParamVariable.html", "size_i": "6860", "regex": "false"},
	{"name_s": "/usr/share/javadoc/adaptx-0.9.13/org/exolab/adaptx/xslt/Pattern.html", "size_i": "11453", "regex": "false"},
	{"name_s": "/usr/share/javadoc/adaptx-0.9.13/org/exolab/adaptx/xslt/PatternException.html", "size_i": "11977", "regex": "false"},
	{"name_s": "/usr/share/javadoc/adaptx-0.9.13/org/exolab/adaptx/xslt/ProcessorCallback.html", "size_i": "7996", "regex": "false"},
	{"name_s": "/usr/share/javadoc/adaptx-0.9.13/org/exolab/adaptx/xslt/ProcessorState.html", "size_i": "35545", "regex": "false"},
	{"name_s": "/usr/share/javadoc/adaptx-0.9.13/org/exolab/adaptx/xslt/ResultHandler.html", "size_i": "11379", "regex": "false"},
	{"name_s": "/usr/share/javadoc/adaptx-0.9.13/org/exolab/adaptx/xslt/RuleProcessor.html", "size_i": "18678", "regex": "false"},
	{"name_s": "/usr/share/javadoc/adaptx-0.9.13/org/exolab/adaptx/xslt/ScriptHandler.html", "size_i": "15586", "regex": "false"},
	{"name_s": "/usr/share/javadoc/adaptx-0.9.13/org/exolab/adaptx/xslt/Selection.html", "size_i": "10487", "regex": "false"},
	{"name_s": "/usr/share/javadoc/adaptx-0.9.13/org/exolab/adaptx/xslt/TemplateRule.html", "size_i": "17612", "regex": "false"},
	{"name_s": "/usr/share/javadoc/adaptx-0.9.13/org/exolab/adaptx/xslt/TreeFragmentResult.html", "size_i": "15742", "regex": "false"},
	{"name_s": "/usr/share/javadoc/adaptx-0.9.13/org/exolab/adaptx/xslt/ValueOf.html", "size_i": "7350", "regex": "false"},
	{"name_s": "/usr/share/javadoc/adaptx-0.9.13/org/exolab/adaptx/xslt/Variable.html", "size_i": "7987", "regex": "false"},
	{"name_s": "/usr/share/javadoc/adaptx-0.9.13/org/exolab/adaptx/xslt/XSLCData.html", "size_i": "7266", "regex": "false"},
	{"name_s": "/usr/share/javadoc/adaptx-0.9.13/org/exolab/adaptx/xslt/XSLCallTemplate.html", "size_i": "8591", "regex": "false"},
	{"name_s": "/usr/share/javadoc/adaptx-0.9.13/org/exolab/adaptx/xslt/XSLException.html", "size_i": "16122", "regex": "false"},
	{"name_s": "/usr/share/javadoc/adaptx-0.9.13/org/exolab/adaptx/xslt/XSLIf.html", "size_i": "10930", "regex": "false"},
	{"name_s": "/usr/share/javadoc/adaptx-0.9.13/org/exolab/adaptx/xslt/XSLImport.html", "size_i": "11755", "regex": "false"},
	{"name_s": "/usr/share/javadoc/adaptx-0.9.13/org/exolab/adaptx/xslt/XSLNumber.html", "size_i": "13032", "regex": "false"},
	{"name_s": "/usr/share/javadoc/adaptx-0.9.13/org/exolab/adaptx/xslt/XSLObject.html", "size_i": "37178", "regex": "false"},
	{"name_s": "/usr/share/javadoc/adaptx-0.9.13/org/exolab/adaptx/xslt/XSLOtherwise.html", "size_i": "8398", "regex": "false"},
	{"name_s": "/usr/share/javadoc/adaptx-0.9.13/org/exolab/adaptx/xslt/XSLOutput.html", "size_i": "18543", "regex": "false"},
	{"name_s": "/usr/share/javadoc/adaptx-0.9.13/org/exolab/adaptx/xslt/XSLPIHandler.html", "size_i": "10477", "regex": "false"},
	{"name_s": "/usr/share/javadoc/adaptx-0.9.13/org/exolab/adaptx/xslt/XSLScript.html", "size_i": "9953", "regex": "false"},
	{"name_s": "/usr/share/javadoc/adaptx-0.9.13/org/exolab/adaptx/xslt/XSLSort.html", "size_i": "12810", "regex": "false"},
	{"name_s": "/usr/share/javadoc/adaptx-0.9.13/org/exolab/adaptx/xslt/XSLTFunction.html", "size_i": "11254", "regex": "false"},
	{"name_s": "/usr/share/javadoc/adaptx-0.9.13/org/exolab/adaptx/xslt/XSLTFunctionResult.html", "size_i": "12507", "regex": "false"},
	{"name_s": "/usr/share/javadoc/adaptx-0.9.13/org/exolab/adaptx/xslt/XSLTProcessor.html", "size_i": "59168", "regex": "false"},
	{"name_s": "/usr/share/javadoc/adaptx-0.9.13/org/exolab/adaptx/xslt/XSLTReader.html", "size_i": "18441", "regex": "false"},
	{"name_s": "/usr/share/javadoc/adaptx-0.9.13/org/exolab/adaptx/xslt/XSLTStylesheet.html", "size_i": "40143", "regex": "false"},
	{"name_s": "/usr/share/javadoc/adaptx-0.9.13/org/exolab/adaptx/xslt/XSLText.html", "size_i": "12941", "regex": "false"},
	{"name_s": "/usr/share/javadoc/adaptx-0.9.13/org/exolab/adaptx/xslt/dom", "size_i": "4096", "regex": "false"},
	{"name_s": "/usr/share/javadoc/adaptx-0.9.13/org/exolab/adaptx/xslt/dom/Attribute.html", "size_i": "10250", "regex": "false"},
	{"name_s": "/usr/share/javadoc/adaptx-0.9.13/org/exolab/adaptx/xslt/dom/Comment.html", "size_i": "9518", "regex": "false"},
	{"name_s": "/usr/share/javadoc/adaptx-0.9.13/org/exolab/adaptx/xslt/dom/Element.html", "size_i": "14666", "regex": "false"},
	{"name_s": "/usr/share/javadoc/adaptx-0.9.13/org/exolab/adaptx/xslt/dom/Location.html", "size_i": "8346", "regex": "false"},
	{"name_s": "/usr/share/javadoc/adaptx-0.9.13/org/exolab/adaptx/xslt/dom/Namespace.html", "size_i": "9351", "regex": "false"},
	{"name_s": "/usr/share/javadoc/adaptx-0.9.13/org/exolab/adaptx/xslt/dom/ProcessingInstruction.html", "size_i": "9989", "regex": "false"},
	{"name_s": "/usr/share/javadoc/adaptx-0.9.13/org/exolab/adaptx/xslt/dom/Root.html", "size_i": "8694", "regex": "false"},
	{"name_s": "/usr/share/javadoc/adaptx-0.9.13/org/exolab/adaptx/xslt/dom/Text.html", "size_i": "9453", "regex": "false"},
	{"name_s": "/usr/share/javadoc/adaptx-0.9.13/org/exolab/adaptx/xslt/dom/XPNBuilder.html", "size_i": "22674", "regex": "false"},
	{"name_s": "/usr/share/javadoc/adaptx-0.9.13/org/exolab/adaptx/xslt/dom/XPNReader.html", "size_i": "9689", "regex": "false"},
	{"name_s": "/usr/share/javadoc/adaptx-0.9.13/org/exolab/adaptx/xslt/dom/XPNWriter.html", "size_i": "9726", "regex": "false"},
	{"name_s": "/usr/share/javadoc/adaptx-0.9.13/org/exolab/adaptx/xslt/dom/package-frame.html", "size_i": "1454", "regex": "false"},
	{"name_s": "/usr/share/javadoc/adaptx-0.9.13/org/exolab/adaptx/xslt/dom/package-summary.html", "size_i": "5182", "regex": "false"},
	{"name_s": "/usr/share/javadoc/adaptx-0.9.13/org/exolab/adaptx/xslt/functions", "size_i": "4096", "regex": "false"},
	{"name_s": "/usr/share/javadoc/adaptx-0.9.13/org/exolab/adaptx/xslt/functions/CurrentFunctionCall.html", "size_i": "9066", "regex": "false"},
	{"name_s": "/usr/share/javadoc/adaptx-0.9.13/org/exolab/adaptx/xslt/functions/DocumentFunctionCall.html", "size_i": "9082", "regex": "false"},
	{"name_s": "/usr/share/javadoc/adaptx-0.9.13/org/exolab/adaptx/xslt/functions/ExtensionFunctionCall.html", "size_i": "10363", "regex": "false"},
	{"name_s": "/usr/share/javadoc/adaptx-0.9.13/org/exolab/adaptx/xslt/functions/GenerateIDFunctionCall.html", "size_i": "9044", "regex": "false"},
	{"name_s": "/usr/share/javadoc/adaptx-0.9.13/org/exolab/adaptx/xslt/functions/RTF2NodeSetFunctionCall.html", "size_i": "9205", "regex": "false"},
	{"name_s": "/usr/share/javadoc/adaptx-0.9.13/org/exolab/adaptx/xslt/functions/SystemFunctionCall.html", "size_i": "11002", "regex": "false"},
	{"name_s": "/usr/share/javadoc/adaptx-0.9.13/org/exolab/adaptx/xslt/functions/package-frame.html", "size_i": "1319", "regex": "false"},
	{"name_s": "/usr/share/javadoc/adaptx-0.9.13/org/exolab/adaptx/xslt/functions/package-summary.html", "size_i": "4606", "regex": "false"},
	{"name_s": "/usr/share/javadoc/adaptx-0.9.13/org/exolab/adaptx/xslt/handlers", "size_i": "4096", "regex": "false"},
	{"name_s": "/usr/share/javadoc/adaptx-0.9.13/org/exolab/adaptx/xslt/handlers/DOMBuilder.html", "size_i": "20024", "regex": "false"},
	{"name_s": "/usr/share/javadoc/adaptx-0.9.13/org/exolab/adaptx/xslt/handlers/DefaultHandler.html", "size_i": "24077", "regex": "false"},
	{"name_s": "/usr/share/javadoc/adaptx-0.9.13/org/exolab/adaptx/xslt/handlers/ResultHandlerAdapter.html", "size_i": "18135", "regex": "false"},
	{"name_s": "/usr/share/javadoc/adaptx-0.9.13/org/exolab/adaptx/xslt/handlers/ResultHandlerAdapter2.html", "size_i": "18946", "regex": "false"},
	{"name_s": "/usr/share/javadoc/adaptx-0.9.13/org/exolab/adaptx/xslt/handlers/package-frame.html", "size_i": "1118", "regex": "false"},
	{"name_s": "/usr/share/javadoc/adaptx-0.9.13/org/exolab/adaptx/xslt/handlers/package-summary.html", "size_i": "4284", "regex": "false"},
	{"name_s": "/usr/share/javadoc/adaptx-0.9.13/org/exolab/adaptx/xslt/package-frame.html", "size_i": "3670", "regex": "false"},
	{"name_s": "/usr/share/javadoc/adaptx-0.9.13/org/exolab/adaptx/xslt/package-summary.html", "size_i": "10313", "regex": "false"},
	{"name_s": "/usr/share/javadoc/adaptx-0.9.13/org/exolab/adaptx/xslt/util", "size_i": "4096", "regex": "false"},
	{"name_s": "/usr/share/javadoc/adaptx-0.9.13/org/exolab/adaptx/xslt/util/ActionTemplateImpl.html", "size_i": "10084", "regex": "false"},
	{"name_s": "/usr/share/javadoc/adaptx-0.9.13/org/exolab/adaptx/xslt/util/AttributeList2Attributes.html", "size_i": "21085", "regex": "false"},
	{"name_s": "/usr/share/javadoc/adaptx-0.9.13/org/exolab/adaptx/xslt/util/Configuration.html", "size_i": "14414", "regex": "false"},
	{"name_s": "/usr/share/javadoc/adaptx-0.9.13/org/exolab/adaptx/xslt/util/DefaultObserver.html", "size_i": "21250", "regex": "false"},
	{"name_s": "/usr/share/javadoc/adaptx-0.9.13/org/exolab/adaptx/xslt/util/MessageObserver.html", "size_i": "6913", "regex": "false"},
	{"name_s": "/usr/share/javadoc/adaptx-0.9.13/org/exolab/adaptx/xslt/util/Namespaces.html", "size_i": "20252", "regex": "false"},
	{"name_s": "/usr/share/javadoc/adaptx-0.9.13/org/exolab/adaptx/xslt/util/ResultFormatter.html", "size_i": "21374", "regex": "false"},
	{"name_s": "/usr/share/javadoc/adaptx-0.9.13/org/exolab/adaptx/xslt/util/SAX2ResultHandler.html", "size_i": "20824", "regex": "false"},
	{"name_s": "/usr/share/javadoc/adaptx-0.9.13/org/exolab/adaptx/xslt/util/SAXInput.html", "size_i": "24057", "regex": "false"},
	{"name_s": "/usr/share/javadoc/adaptx-0.9.13/org/exolab/adaptx/xslt/util/ScopedVariableSet.html", "size_i": "12191", "regex": "false"},
	{"name_s": "/usr/share/javadoc/adaptx-0.9.13/org/exolab/adaptx/xslt/util/StylesheetHandler.html", "size_i": "21060", "regex": "false"},
	{"name_s": "/usr/share/javadoc/adaptx-0.9.13/org/exolab/adaptx/xslt/util/package-frame.html", "size_i": "1645", "regex": "false"},
	{"name_s": "/usr/share/javadoc/adaptx-0.9.13/org/exolab/adaptx/xslt/util/package-summary.html", "size_i": "5545", "regex": "false"},
	{"name_s": "/usr/share/javadoc/adaptx-0.9.13/overview-frame.html", "size_i": "2768", "regex": "false"},
	{"name_s": "/usr/share/javadoc/adaptx-0.9.13/overview-summary.html", "size_i": "7169", "regex": "false"},
	{"name_s": "/usr/share/javadoc/adaptx-0.9.13/package-list", "size_i": "514", "regex": "false"},
	{"name_s": "/usr/share/javadoc/adaptx-0.9.13/stylesheet.css", "size_i": "4692", "regex": "false"}
]
