[
	{"name_s": "/etc/aide.conf", "size_i": "4769", "regex": "false"},
	{"name_s": "/etc/logrotate.d/aide", "size_i": "155", "regex": "false"},
	{"name_s": "/usr/sbin/aide", "size_i": "197160", "regex": "false"},
	{"name_s": "/usr/share/doc/aide-0.14", "size_i": "4096", "regex": "false"},
	{"name_s": "/usr/share/doc/aide-0.14/AUTHORS", "size_i": "562", "regex": "false"},
	{"name_s": "/usr/share/doc/aide-0.14/COPYING", "size_i": "17989", "regex": "false"},
	{"name_s": "/usr/share/doc/aide-0.14/ChangeLog", "size_i": "21049", "regex": "false"},
	{"name_s": "/usr/share/doc/aide-0.14/NEWS", "size_i": "2035", "regex": "false"},
	{"name_s": "/usr/share/doc/aide-0.14/README", "size_i": "6943", "regex": "false"},
	{"name_s": "/usr/share/doc/aide-0.14/README.quickstart", "size_i": "1916", "regex": "false"},
	{"name_s": "/usr/share/doc/aide-0.14/contrib", "size_i": "4096", "regex": "false"},
	{"name_s": "/usr/share/doc/aide-0.14/contrib/bzip2.sh", "size_i": "330", "regex": "false"},
	{"name_s": "/usr/share/doc/aide-0.14/contrib/gpg2_check.sh", "size_i": "990", "regex": "false"},
	{"name_s": "/usr/share/doc/aide-0.14/contrib/gpg2_update.sh", "size_i": "1447", "regex": "false"},
	{"name_s": "/usr/share/doc/aide-0.14/contrib/gpg_check.sh", "size_i": "1022", "regex": "false"},
	{"name_s": "/usr/share/doc/aide-0.14/contrib/gpg_update.sh", "size_i": "1186", "regex": "false"},
	{"name_s": "/usr/share/doc/aide-0.14/contrib/sshaide.sh", "size_i": "15663", "regex": "false"},
	{"name_s": "/usr/share/doc/aide-0.14/manual.html", "size_i": "24858", "regex": "false"},
	{"name_s": "/usr/share/man/man1/aide.1.gz", "size_i": "1610", "regex": "false"},
	{"name_s": "/usr/share/man/man5/aide.conf.5.gz", "size_i": "4030", "regex": "false"},
	{"name_s": "/var/lib/aide", "size_i": "4096", "regex": "false"},
	{"name_s": "/var/log/aide", "size_i": "4096", "regex": "false"}
]
