[
	{"name_s": "/usr/include/anthy", "size_i": "4096", "regex": "false"},
	{"name_s": "/usr/include/anthy/anthy.h", "size_i": "2900", "regex": "false"},
	{"name_s": "/usr/include/anthy/dicutil.h", "size_i": "1364", "regex": "false"},
	{"name_s": "/usr/include/anthy/input.h", "size_i": "4396", "regex": "false"},
	{"name_s": "/usr/lib64/libanthy.so", "size_i": "17", "regex": "false"},
	{"name_s": "/usr/lib64/libanthydic.so", "size_i": "20", "regex": "false"},
	{"name_s": "/usr/lib64/libanthyinput.so", "size_i": "22", "regex": "false"},
	{"name_s": "/usr/lib64/pkgconfig/anthy.pc", "size_i": "264", "regex": "false"},
	{"name_s": "/usr/share/doc/anthy-devel-9100h", "size_i": "4096", "regex": "false"},
	{"name_s": "/usr/share/doc/anthy-devel-9100h/DICLIB", "size_i": "1136", "regex": "false"},
	{"name_s": "/usr/share/doc/anthy-devel-9100h/DICUTIL", "size_i": "1149", "regex": "false"},
	{"name_s": "/usr/share/doc/anthy-devel-9100h/GLOSSARY", "size_i": "2867", "regex": "false"},
	{"name_s": "/usr/share/doc/anthy-devel-9100h/GRAMMAR", "size_i": "625", "regex": "false"},
	{"name_s": "/usr/share/doc/anthy-devel-9100h/GUIDE.english", "size_i": "1357", "regex": "false"},
	{"name_s": "/usr/share/doc/anthy-devel-9100h/ILIB", "size_i": "11186", "regex": "false"},
	{"name_s": "/usr/share/doc/anthy-devel-9100h/LEARNING", "size_i": "900", "regex": "false"},
	{"name_s": "/usr/share/doc/anthy-devel-9100h/LIB", "size_i": "7067", "regex": "false"},
	{"name_s": "/usr/share/doc/anthy-devel-9100h/MISC", "size_i": "6077", "regex": "false"},
	{"name_s": "/usr/share/doc/anthy-devel-9100h/POS", "size_i": "3420", "regex": "false"},
	{"name_s": "/usr/share/doc/anthy-devel-9100h/SPLITTER", "size_i": "3564", "regex": "false"},
	{"name_s": "/usr/share/doc/anthy-devel-9100h/TESTING", "size_i": "1002", "regex": "false"},
	{"name_s": "/usr/share/doc/anthy-devel-9100h/protocol.txt", "size_i": "2906", "regex": "false"}
]
