[
	{"name_s": "/usr/bin/apr-1-config", "size_i": "6889", "regex": "false"},
	{"name_s": "/usr/include/apr-1", "size_i": "4096", "regex": "false"},
	{"name_s": "/usr/include/apr-1/apr-x86_64.h", "size_i": "13971", "regex": "false"},
	{"name_s": "/usr/include/apr-1/apr.h", "size_i": "636", "regex": "false"},
	{"name_s": "/usr/include/apr-1/apr_allocator.h", "size_i": "5334", "regex": "false"},
	{"name_s": "/usr/include/apr-1/apr_atomic.h", "size_i": "4130", "regex": "false"},
	{"name_s": "/usr/include/apr-1/apr_dso.h", "size_i": "2700", "regex": "false"},
	{"name_s": "/usr/include/apr-1/apr_env.h", "size_i": "2105", "regex": "false"},
	{"name_s": "/usr/include/apr-1/apr_errno.h", "size_i": "54048", "regex": "false"},
	{"name_s": "/usr/include/apr-1/apr_file_info.h", "size_i": "17647", "regex": "false"},
	{"name_s": "/usr/include/apr-1/apr_file_io.h", "size_i": "39225", "regex": "false"},
	{"name_s": "/usr/include/apr-1/apr_fnmatch.h", "size_i": "6025", "regex": "false"},
	{"name_s": "/usr/include/apr-1/apr_general.h", "size_i": "7000", "regex": "false"},
	{"name_s": "/usr/include/apr-1/apr_getopt.h", "size_i": "5980", "regex": "false"},
	{"name_s": "/usr/include/apr-1/apr_global_mutex.h", "size_i": "5680", "regex": "false"},
	{"name_s": "/usr/include/apr-1/apr_hash.h", "size_i": "8224", "regex": "false"},
	{"name_s": "/usr/include/apr-1/apr_inherit.h", "size_i": "2137", "regex": "false"},
	{"name_s": "/usr/include/apr-1/apr_lib.h", "size_i": "8352", "regex": "false"},
	{"name_s": "/usr/include/apr-1/apr_mmap.h", "size_i": "5130", "regex": "false"},
	{"name_s": "/usr/include/apr-1/apr_network_io.h", "size_i": "32492", "regex": "false"},
	{"name_s": "/usr/include/apr-1/apr_poll.h", "size_i": "11082", "regex": "false"},
	{"name_s": "/usr/include/apr-1/apr_pools.h", "size_i": "29390", "regex": "false"},
	{"name_s": "/usr/include/apr-1/apr_portable.h", "size_i": "18502", "regex": "false"},
	{"name_s": "/usr/include/apr-1/apr_proc_mutex.h", "size_i": "6002", "regex": "false"},
	{"name_s": "/usr/include/apr-1/apr_random.h", "size_i": "5036", "regex": "false"},
	{"name_s": "/usr/include/apr-1/apr_ring.h", "size_i": "18997", "regex": "false"},
	{"name_s": "/usr/include/apr-1/apr_shm.h", "size_i": "5448", "regex": "false"},
	{"name_s": "/usr/include/apr-1/apr_signal.h", "size_i": "2761", "regex": "false"},
	{"name_s": "/usr/include/apr-1/apr_strings.h", "size_i": "13990", "regex": "false"},
	{"name_s": "/usr/include/apr-1/apr_support.h", "size_i": "1634", "regex": "false"},
	{"name_s": "/usr/include/apr-1/apr_tables.h", "size_i": "17241", "regex": "false"},
	{"name_s": "/usr/include/apr-1/apr_thread_cond.h", "size_i": "5525", "regex": "false"},
	{"name_s": "/usr/include/apr-1/apr_thread_mutex.h", "size_i": "3836", "regex": "false"},
	{"name_s": "/usr/include/apr-1/apr_thread_proc.h", "size_i": "34911", "regex": "false"},
	{"name_s": "/usr/include/apr-1/apr_thread_rwlock.h", "size_i": "4766", "regex": "false"},
	{"name_s": "/usr/include/apr-1/apr_time.h", "size_i": "7385", "regex": "false"},
	{"name_s": "/usr/include/apr-1/apr_user.h", "size_i": "5307", "regex": "false"},
	{"name_s": "/usr/include/apr-1/apr_version.h", "size_i": "5239", "regex": "false"},
	{"name_s": "/usr/include/apr-1/apr_want.h", "size_i": "3037", "regex": "false"},
	{"name_s": "/usr/lib64/apr-1", "size_i": "4096", "regex": "false"},
	{"name_s": "/usr/lib64/apr-1/build", "size_i": "4096", "regex": "false"},
	{"name_s": "/usr/lib64/apr-1/build/apr_rules.mk", "size_i": "6219", "regex": "false"},
	{"name_s": "/usr/lib64/apr-1/build/libtool", "size_i": "257855", "regex": "false"},
	{"name_s": "/usr/lib64/apr-1/build/make_exports.awk", "size_i": "2991", "regex": "false"},
	{"name_s": "/usr/lib64/apr-1/build/make_var_export.awk", "size_i": "1023", "regex": "false"},
	{"name_s": "/usr/lib64/apr-1/build/mkdir.sh", "size_i": "980", "regex": "false"},
	{"name_s": "/usr/lib64/libapr-1.la", "size_i": "942", "regex": "false"},
	{"name_s": "/usr/lib64/libapr-1.so", "size_i": "17", "regex": "false"},
	{"name_s": "/usr/lib64/pkgconfig/apr-1.pc", "size_i": "320", "regex": "false"},
	{"name_s": "/usr/share/aclocal/find_apr.m4", "size_i": "7722", "regex": "false"},
	{"name_s": "/usr/share/doc/apr-devel-1.3.9", "size_i": "4096", "regex": "false"},
	{"name_s": "/usr/share/doc/apr-devel-1.3.9/APRDesign.html", "size_i": "16092", "regex": "false"},
	{"name_s": "/usr/share/doc/apr-devel-1.3.9/canonical_filenames.html", "size_i": "7174", "regex": "false"},
	{"name_s": "/usr/share/doc/apr-devel-1.3.9/incomplete_types", "size_i": "3065", "regex": "false"},
	{"name_s": "/usr/share/doc/apr-devel-1.3.9/non_apr_programs", "size_i": "1719", "regex": "false"}
]
