[
	{"name_s": "/usr/include/atlas", "size_i": "4096", "regex": "false"},
	{"name_s": "/usr/include/atlas-i386-sse3", "size_i": "4096", "regex": "false"},
	{"name_s": "/usr/include/atlas-i386-sse3/atlas_buildinfo.h", "size_i": "2078", "regex": "false"},
	{"name_s": "/usr/include/atlas-i386-sse3/atlas_cNCmm.h", "size_i": "454", "regex": "false"},
	{"name_s": "/usr/include/atlas-i386-sse3/atlas_cacheedge.h", "size_i": "91", "regex": "false"},
	{"name_s": "/usr/include/atlas-i386-sse3/atlas_cmv.h", "size_i": "147", "regex": "false"},
	{"name_s": "/usr/include/atlas-i386-sse3/atlas_cmvN.h", "size_i": "451", "regex": "false"},
	{"name_s": "/usr/include/atlas-i386-sse3/atlas_cmvS.h", "size_i": "388", "regex": "false"},
	{"name_s": "/usr/include/atlas-i386-sse3/atlas_cmvT.h", "size_i": "483", "regex": "false"},
	{"name_s": "/usr/include/atlas-i386-sse3/atlas_cr1.h", "size_i": "352", "regex": "false"},
	{"name_s": "/usr/include/atlas-i386-sse3/atlas_csNKB.h", "size_i": "77", "regex": "false"},
	{"name_s": "/usr/include/atlas-i386-sse3/atlas_csysinfo.h", "size_i": "192", "regex": "false"},
	{"name_s": "/usr/include/atlas-i386-sse3/atlas_ctrsmXover.h", "size_i": "0", "regex": "false"},
	{"name_s": "/usr/include/atlas-i386-sse3/atlas_dNCmm.h", "size_i": "449", "regex": "false"},
	{"name_s": "/usr/include/atlas-i386-sse3/atlas_dmv.h", "size_i": "147", "regex": "false"},
	{"name_s": "/usr/include/atlas-i386-sse3/atlas_dmvN.h", "size_i": "451", "regex": "false"},
	{"name_s": "/usr/include/atlas-i386-sse3/atlas_dmvS.h", "size_i": "388", "regex": "false"},
	{"name_s": "/usr/include/atlas-i386-sse3/atlas_dmvT.h", "size_i": "483", "regex": "false"},
	{"name_s": "/usr/include/atlas-i386-sse3/atlas_dr1.h", "size_i": "353", "regex": "false"},
	{"name_s": "/usr/include/atlas-i386-sse3/atlas_dsysinfo.h", "size_i": "192", "regex": "false"},
	{"name_s": "/usr/include/atlas-i386-sse3/atlas_dtrsmXover.h", "size_i": "112", "regex": "false"},
	{"name_s": "/usr/include/atlas-i386-sse3/atlas_pthreads.h", "size_i": "112", "regex": "false"},
	{"name_s": "/usr/include/atlas-i386-sse3/atlas_sNCmm.h", "size_i": "454", "regex": "false"},
	{"name_s": "/usr/include/atlas-i386-sse3/atlas_smv.h", "size_i": "147", "regex": "false"},
	{"name_s": "/usr/include/atlas-i386-sse3/atlas_smvN.h", "size_i": "451", "regex": "false"},
	{"name_s": "/usr/include/atlas-i386-sse3/atlas_smvS.h", "size_i": "388", "regex": "false"},
	{"name_s": "/usr/include/atlas-i386-sse3/atlas_smvT.h", "size_i": "483", "regex": "false"},
	{"name_s": "/usr/include/atlas-i386-sse3/atlas_sr1.h", "size_i": "353", "regex": "false"},
	{"name_s": "/usr/include/atlas-i386-sse3/atlas_ssysinfo.h", "size_i": "192", "regex": "false"},
	{"name_s": "/usr/include/atlas-i386-sse3/atlas_strsmXover.h", "size_i": "112", "regex": "false"},
	{"name_s": "/usr/include/atlas-i386-sse3/atlas_trsmNB.h", "size_i": "191", "regex": "false"},
	{"name_s": "/usr/include/atlas-i386-sse3/atlas_type.h", "size_i": "562", "regex": "false"},
	{"name_s": "/usr/include/atlas-i386-sse3/atlas_zNCmm.h", "size_i": "449", "regex": "false"},
	{"name_s": "/usr/include/atlas-i386-sse3/atlas_zdNKB.h", "size_i": "77", "regex": "false"},
	{"name_s": "/usr/include/atlas-i386-sse3/atlas_zmv.h", "size_i": "146", "regex": "false"},
	{"name_s": "/usr/include/atlas-i386-sse3/atlas_zmvN.h", "size_i": "451", "regex": "false"},
	{"name_s": "/usr/include/atlas-i386-sse3/atlas_zmvS.h", "size_i": "388", "regex": "false"},
	{"name_s": "/usr/include/atlas-i386-sse3/atlas_zmvT.h", "size_i": "483", "regex": "false"},
	{"name_s": "/usr/include/atlas-i386-sse3/atlas_zr1.h", "size_i": "353", "regex": "false"},
	{"name_s": "/usr/include/atlas-i386-sse3/atlas_zsysinfo.h", "size_i": "192", "regex": "false"},
	{"name_s": "/usr/include/atlas-i386-sse3/atlas_ztrsmXover.h", "size_i": "0", "regex": "false"},
	{"name_s": "/usr/include/atlas-i386-sse3/cXover.h", "size_i": "520", "regex": "false"},
	{"name_s": "/usr/include/atlas-i386-sse3/cmm.h", "size_i": "2717", "regex": "false"},
	{"name_s": "/usr/include/atlas-i386-sse3/dXover.h", "size_i": "524", "regex": "false"},
	{"name_s": "/usr/include/atlas-i386-sse3/dmm.h", "size_i": "655", "regex": "false"},
	{"name_s": "/usr/include/atlas-i386-sse3/sXover.h", "size_i": "525", "regex": "false"},
	{"name_s": "/usr/include/atlas-i386-sse3/smm.h", "size_i": "655", "regex": "false"},
	{"name_s": "/usr/include/atlas-i386-sse3/zXover.h", "size_i": "515", "regex": "false"},
	{"name_s": "/usr/include/atlas-i386-sse3/zmm.h", "size_i": "2716", "regex": "false"},
	{"name_s": "/usr/include/cblas.h", "size_i": "33895", "regex": "false"},
	{"name_s": "/usr/include/clapack.h", "size_i": "8225", "regex": "false"},
	{"name_s": "/usr/lib/atlas-sse3/libatlas.a", "size_i": "7895942", "regex": "false"},
	{"name_s": "/usr/lib/atlas-sse3/libatlas.so", "size_i": "17", "regex": "false"},
	{"name_s": "/usr/lib/atlas-sse3/libcblas.a", "size_i": "367908", "regex": "false"},
	{"name_s": "/usr/lib/atlas-sse3/libcblas.so", "size_i": "17", "regex": "false"},
	{"name_s": "/usr/lib/atlas-sse3/libclapack.so", "size_i": "19", "regex": "false"},
	{"name_s": "/usr/lib/atlas-sse3/libf77blas.a", "size_i": "448066", "regex": "false"},
	{"name_s": "/usr/lib/atlas-sse3/libf77blas.so", "size_i": "19", "regex": "false"},
	{"name_s": "/usr/lib/atlas-sse3/liblapack.a", "size_i": "7348800", "regex": "false"},
	{"name_s": "/usr/lib/atlas-sse3/liblapack.so", "size_i": "18", "regex": "false"},
	{"name_s": "/usr/lib/atlas-sse3/libptcblas.a", "size_i": "368458", "regex": "false"},
	{"name_s": "/usr/lib/atlas-sse3/libptcblas.so", "size_i": "19", "regex": "false"},
	{"name_s": "/usr/lib/atlas-sse3/libptf77blas.a", "size_i": "448530", "regex": "false"},
	{"name_s": "/usr/lib/atlas-sse3/libptf77blas.so", "size_i": "21", "regex": "false"},
	{"name_s": "/usr/share/doc/atlas-sse3-devel-3.8.4", "size_i": "4096", "regex": "false"},
	{"name_s": "/usr/share/doc/atlas-sse3-devel-3.8.4/doc", "size_i": "4096", "regex": "false"},
	{"name_s": "/usr/share/doc/atlas-sse3-devel-3.8.4/doc/AtlasCredits.txt", "size_i": "5367", "regex": "false"},
	{"name_s": "/usr/share/doc/atlas-sse3-devel-3.8.4/doc/BootSequence.txt", "size_i": "2009", "regex": "false"},
	{"name_s": "/usr/share/doc/atlas-sse3-devel-3.8.4/doc/ChangeLog", "size_i": "38859", "regex": "false"},
	{"name_s": "/usr/share/doc/atlas-sse3-devel-3.8.4/doc/DirStruct.txt", "size_i": "2914", "regex": "false"},
	{"name_s": "/usr/share/doc/atlas-sse3-devel-3.8.4/doc/INDEX.txt", "size_i": "1765", "regex": "false"},
	{"name_s": "/usr/share/doc/atlas-sse3-devel-3.8.4/doc/LibReadme.txt", "size_i": "2961", "regex": "false"},
	{"name_s": "/usr/share/doc/atlas-sse3-devel-3.8.4/doc/README.RHEL", "size_i": "3249", "regex": "false"},
	{"name_s": "/usr/share/doc/atlas-sse3-devel-3.8.4/doc/TestTime.txt", "size_i": "17345", "regex": "false"},
	{"name_s": "/usr/share/doc/atlas-sse3-devel-3.8.4/doc/TroubleShoot.txt", "size_i": "4030", "regex": "false"},
	{"name_s": "/usr/share/doc/atlas-sse3-devel-3.8.4/doc/Windows.txt", "size_i": "2187", "regex": "false"},
	{"name_s": "/usr/share/doc/atlas-sse3-devel-3.8.4/doc/atlas_contrib.pdf", "size_i": "305778", "regex": "false"},
	{"name_s": "/usr/share/doc/atlas-sse3-devel-3.8.4/doc/atlas_devel.pdf", "size_i": "180562", "regex": "false"},
	{"name_s": "/usr/share/doc/atlas-sse3-devel-3.8.4/doc/atlas_install.pdf", "size_i": "222148", "regex": "false"},
	{"name_s": "/usr/share/doc/atlas-sse3-devel-3.8.4/doc/atlas_over.pdf", "size_i": "306141", "regex": "false"},
	{"name_s": "/usr/share/doc/atlas-sse3-devel-3.8.4/doc/cblas.pdf", "size_i": "271191", "regex": "false"},
	{"name_s": "/usr/share/doc/atlas-sse3-devel-3.8.4/doc/cblasqref.pdf", "size_i": "55090", "regex": "false"},
	{"name_s": "/usr/share/doc/atlas-sse3-devel-3.8.4/doc/f77blasqref.pdf", "size_i": "57226", "regex": "false"},
	{"name_s": "/usr/share/doc/atlas-sse3-devel-3.8.4/doc/lapackqref.pdf", "size_i": "44135", "regex": "false"}
]
