[
	{"name_s": "/usr/bin/autoconf-2.13", "size_i": "5146", "regex": "false"},
	{"name_s": "/usr/bin/autoheader-2.13", "size_i": "8661", "regex": "false"},
	{"name_s": "/usr/bin/autoreconf-2.13", "size_i": "6049", "regex": "false"},
	{"name_s": "/usr/bin/autoscan-2.13", "size_i": "9966", "regex": "false"},
	{"name_s": "/usr/bin/autoupdate-2.13", "size_i": "3274", "regex": "false"},
	{"name_s": "/usr/bin/ifnames-2.13", "size_i": "2787", "regex": "false"},
	{"name_s": "/usr/share/autoconf-2.13", "size_i": "4096", "regex": "false"},
	{"name_s": "/usr/share/autoconf-2.13/acconfig.h", "size_i": "7841", "regex": "false"},
	{"name_s": "/usr/share/autoconf-2.13/acfunctions", "size_i": "1411", "regex": "false"},
	{"name_s": "/usr/share/autoconf-2.13/acgeneral.m4", "size_i": "81869", "regex": "false"},
	{"name_s": "/usr/share/autoconf-2.13/acheaders", "size_i": "701", "regex": "false"},
	{"name_s": "/usr/share/autoconf-2.13/acidentifiers", "size_i": "526", "regex": "false"},
	{"name_s": "/usr/share/autoconf-2.13/acmakevars", "size_i": "210", "regex": "false"},
	{"name_s": "/usr/share/autoconf-2.13/acoldnames.m4", "size_i": "4065", "regex": "false"},
	{"name_s": "/usr/share/autoconf-2.13/acprograms", "size_i": "334", "regex": "false"},
	{"name_s": "/usr/share/autoconf-2.13/acspecific.m4", "size_i": "84302", "regex": "false"},
	{"name_s": "/usr/share/autoconf-2.13/autoconf.m4", "size_i": "1186", "regex": "false"},
	{"name_s": "/usr/share/autoconf-2.13/autoconf.m4f", "size_i": "152858", "regex": "false"},
	{"name_s": "/usr/share/autoconf-2.13/autoheader.m4", "size_i": "2585", "regex": "false"},
	{"name_s": "/usr/share/autoconf-2.13/autoheader.m4f", "size_i": "150001", "regex": "false"},
	{"name_s": "/usr/share/doc/autoconf213-2.13", "size_i": "4096", "regex": "false"},
	{"name_s": "/usr/share/doc/autoconf213-2.13/AUTHORS", "size_i": "169", "regex": "false"},
	{"name_s": "/usr/share/doc/autoconf213-2.13/COPYING", "size_i": "18043", "regex": "false"},
	{"name_s": "/usr/share/doc/autoconf213-2.13/NEWS", "size_i": "16514", "regex": "false"},
	{"name_s": "/usr/share/doc/autoconf213-2.13/README", "size_i": "2030", "regex": "false"},
	{"name_s": "/usr/share/doc/autoconf213-2.13/TODO", "size_i": "22596", "regex": "false"},
	{"name_s": "/usr/share/info/autoconf213.info.gz", "size_i": "71267", "regex": "false"}
]
