[
	{"name_s": "/etc/avahi", "size_i": "4096", "regex": "false"},
	{"name_s": "/etc/avahi/avahi-daemon.conf", "size_i": "1603", "regex": "false"},
	{"name_s": "/etc/avahi/etc", "size_i": "4096", "regex": "false"},
	{"name_s": "/etc/avahi/etc/localtime", "size_i": "0", "regex": "false"},
	{"name_s": "/etc/avahi/hosts", "size_i": "1130", "regex": "false"},
	{"name_s": "/etc/avahi/services", "size_i": "4096", "regex": "false"},
	{"name_s": "/etc/avahi/services/ssh.service", "size_i": "1086", "regex": "false"},
	{"name_s": "/etc/dbus-1/system.d/avahi-dbus.conf", "size_i": "1001", "regex": "false"},
	{"name_s": "/etc/rc.d/init.d/avahi-daemon", "size_i": "2540", "regex": "false"},
	{"name_s": "/usr/lib/avahi", "size_i": "4096", "regex": "false"},
	{"name_s": "/usr/lib/avahi/service-types.db", "size_i": "15302", "regex": "false"},
	{"name_s": "/usr/lib/libavahi-core.so.6", "size_i": "22", "regex": "false"},
	{"name_s": "/usr/lib/libavahi-core.so.6.0.1", "size_i": "225720", "regex": "false"},
	{"name_s": "/usr/sbin/avahi-daemon", "size_i": "110660", "regex": "false"},
	{"name_s": "/usr/share/avahi", "size_i": "4096", "regex": "false"},
	{"name_s": "/usr/share/avahi/avahi-service.dtd", "size_i": "575", "regex": "false"},
	{"name_s": "/usr/share/avahi/introspection", "size_i": "4096", "regex": "false"},
	{"name_s": "/usr/share/avahi/introspection/AddressResolver.introspect", "size_i": "1630", "regex": "false"},
	{"name_s": "/usr/share/avahi/introspection/DomainBrowser.introspect", "size_i": "1726", "regex": "false"},
	{"name_s": "/usr/share/avahi/introspection/EntryGroup.introspect", "size_i": "3614", "regex": "false"},
	{"name_s": "/usr/share/avahi/introspection/HostNameResolver.introspect", "size_i": "1623", "regex": "false"},
	{"name_s": "/usr/share/avahi/introspection/RecordBrowser.introspect", "size_i": "1931", "regex": "false"},
	{"name_s": "/usr/share/avahi/introspection/Server.introspect", "size_i": "7702", "regex": "false"},
	{"name_s": "/usr/share/avahi/introspection/ServiceBrowser.introspect", "size_i": "1862", "regex": "false"},
	{"name_s": "/usr/share/avahi/introspection/ServiceResolver.introspect", "size_i": "1883", "regex": "false"},
	{"name_s": "/usr/share/avahi/introspection/ServiceTypeBrowser.introspect", "size_i": "1798", "regex": "false"},
	{"name_s": "/usr/share/avahi/service-types", "size_i": "4849", "regex": "false"},
	{"name_s": "/usr/share/doc/avahi-0.6.25", "size_i": "4096", "regex": "false"},
	{"name_s": "/usr/share/doc/avahi-0.6.25/API-CHANGES-0.6", "size_i": "3162", "regex": "false"},
	{"name_s": "/usr/share/doc/avahi-0.6.25/AUTHORS", "size_i": "406", "regex": "false"},
	{"name_s": "/usr/share/doc/avahi-0.6.25/COMPAT-LAYERS", "size_i": "655", "regex": "false"},
	{"name_s": "/usr/share/doc/avahi-0.6.25/DBUS-API", "size_i": "508", "regex": "false"},
	{"name_s": "/usr/share/doc/avahi-0.6.25/HACKING", "size_i": "3057", "regex": "false"},
	{"name_s": "/usr/share/doc/avahi-0.6.25/INSTALL", "size_i": "2009", "regex": "false"},
	{"name_s": "/usr/share/doc/avahi-0.6.25/MALLOC", "size_i": "380", "regex": "false"},
	{"name_s": "/usr/share/doc/avahi-0.6.25/NEWS", "size_i": "28526", "regex": "false"},
	{"name_s": "/usr/share/doc/avahi-0.6.25/README", "size_i": "1518", "regex": "false"},
	{"name_s": "/usr/share/doc/avahi-0.6.25/TODO", "size_i": "4821", "regex": "false"},
	{"name_s": "/usr/share/doc/avahi-0.6.25/avahi-poll.dia", "size_i": "37301", "regex": "false"},
	{"name_s": "/usr/share/doc/avahi-0.6.25/example.service", "size_i": "1512", "regex": "false"},
	{"name_s": "/usr/share/doc/avahi-0.6.25/overview.dia", "size_i": "51894", "regex": "false"},
	{"name_s": "/usr/share/doc/avahi-0.6.25/server-states.dia", "size_i": "33517", "regex": "false"},
	{"name_s": "/usr/share/doc/avahi-0.6.25/sftp-ssh.service", "size_i": "1113", "regex": "false"},
	{"name_s": "/usr/share/locale/ca/LC_MESSAGES/avahi.mo", "size_i": "16291", "regex": "false"},
	{"name_s": "/usr/share/locale/de/LC_MESSAGES/avahi.mo", "size_i": "16113", "regex": "false"},
	{"name_s": "/usr/share/locale/el/LC_MESSAGES/avahi.mo", "size_i": "6058", "regex": "false"},
	{"name_s": "/usr/share/locale/en_AU/LC_MESSAGES/avahi.mo", "size_i": "394", "regex": "false"},
	{"name_s": "/usr/share/locale/en_CA/LC_MESSAGES/avahi.mo", "size_i": "346", "regex": "false"},
	{"name_s": "/usr/share/locale/en_GB/LC_MESSAGES/avahi.mo", "size_i": "394", "regex": "false"},
	{"name_s": "/usr/share/locale/en_NZ/LC_MESSAGES/avahi.mo", "size_i": "394", "regex": "false"},
	{"name_s": "/usr/share/locale/es/LC_MESSAGES/avahi.mo", "size_i": "16665", "regex": "false"},
	{"name_s": "/usr/share/locale/fi/LC_MESSAGES/avahi.mo", "size_i": "16429", "regex": "false"},
	{"name_s": "/usr/share/locale/fr/LC_MESSAGES/avahi.mo", "size_i": "14527", "regex": "false"},
	{"name_s": "/usr/share/locale/hu/LC_MESSAGES/avahi.mo", "size_i": "16810", "regex": "false"},
	{"name_s": "/usr/share/locale/it/LC_MESSAGES/avahi.mo", "size_i": "14336", "regex": "false"},
	{"name_s": "/usr/share/locale/ms/LC_MESSAGES/avahi.mo", "size_i": "1320", "regex": "false"},
	{"name_s": "/usr/share/locale/pl/LC_MESSAGES/avahi.mo", "size_i": "16655", "regex": "false"},
	{"name_s": "/usr/share/locale/pt_BR/LC_MESSAGES/avahi.mo", "size_i": "16518", "regex": "false"},
	{"name_s": "/usr/share/locale/ro/LC_MESSAGES/avahi.mo", "size_i": "511", "regex": "false"},
	{"name_s": "/usr/share/locale/ru/LC_MESSAGES/avahi.mo", "size_i": "16110", "regex": "false"},
	{"name_s": "/usr/share/locale/sr/LC_MESSAGES/avahi.mo", "size_i": "20245", "regex": "false"},
	{"name_s": "/usr/share/locale/sr@latin/LC_MESSAGES/avahi.mo", "size_i": "16434", "regex": "false"},
	{"name_s": "/usr/share/locale/sv/LC_MESSAGES/avahi.mo", "size_i": "13997", "regex": "false"},
	{"name_s": "/usr/share/locale/zh_CN/LC_MESSAGES/avahi.mo", "size_i": "12404", "regex": "false"},
	{"name_s": "/usr/share/man/man5/avahi-daemon.conf.5.gz", "size_i": "3562", "regex": "false"},
	{"name_s": "/usr/share/man/man5/avahi.hosts.5.gz", "size_i": "518", "regex": "false"},
	{"name_s": "/usr/share/man/man5/avahi.service.5.gz", "size_i": "1166", "regex": "false"},
	{"name_s": "/usr/share/man/man8/avahi-daemon.8.gz", "size_i": "1636", "regex": "false"},
	{"name_s": "/var/run/avahi-daemon", "size_i": "4096", "regex": "false"}
]
