[
	{"name_s": "/usr/bin/bakefile", "size_i": "31", "regex": "false"},
	{"name_s": "/usr/bin/bakefile_gen", "size_i": "35", "regex": "false"},
	{"name_s": "/usr/bin/bakefilize", "size_i": "3809", "regex": "false"},
	{"name_s": "/usr/lib64/bakefile", "size_i": "4096", "regex": "false"},
	{"name_s": "/usr/lib64/bakefile/_bkl_c.so", "size_i": "24640", "regex": "false"},
	{"name_s": "/usr/lib64/bakefile/bakefile.py", "size_i": "9900", "regex": "false"},
	{"name_s": "/usr/lib64/bakefile/bakefile.pyc", "size_i": "7197", "regex": "false"},
	{"name_s": "/usr/lib64/bakefile/bakefile.pyo", "size_i": "7197", "regex": "false"},
	{"name_s": "/usr/lib64/bakefile/bakefile_gen.py", "size_i": "25879", "regex": "false"},
	{"name_s": "/usr/lib64/bakefile/bakefile_gen.pyc", "size_i": "19992", "regex": "false"},
	{"name_s": "/usr/lib64/bakefile/bakefile_gen.pyo", "size_i": "19992", "regex": "false"},
	{"name_s": "/usr/lib64/bakefile/bkl_c.py", "size_i": "2847", "regex": "false"},
	{"name_s": "/usr/lib64/bakefile/bkl_c.pyc", "size_i": "3738", "regex": "false"},
	{"name_s": "/usr/lib64/bakefile/bkl_c.pyo", "size_i": "3738", "regex": "false"},
	{"name_s": "/usr/lib64/bakefile/config.py", "size_i": "2899", "regex": "false"},
	{"name_s": "/usr/lib64/bakefile/config.pyc", "size_i": "1119", "regex": "false"},
	{"name_s": "/usr/lib64/bakefile/config.pyo", "size_i": "1119", "regex": "false"},
	{"name_s": "/usr/lib64/bakefile/containers.py", "size_i": "6290", "regex": "false"},
	{"name_s": "/usr/lib64/bakefile/containers.pyc", "size_i": "7969", "regex": "false"},
	{"name_s": "/usr/lib64/bakefile/containers.pyo", "size_i": "7907", "regex": "false"},
	{"name_s": "/usr/lib64/bakefile/dependencies.py", "size_i": "6834", "regex": "false"},
	{"name_s": "/usr/lib64/bakefile/dependencies.pyc", "size_i": "6966", "regex": "false"},
	{"name_s": "/usr/lib64/bakefile/dependencies.pyo", "size_i": "6966", "regex": "false"},
	{"name_s": "/usr/lib64/bakefile/errors.py", "size_i": "3539", "regex": "false"},
	{"name_s": "/usr/lib64/bakefile/errors.pyc", "size_i": "3517", "regex": "false"},
	{"name_s": "/usr/lib64/bakefile/errors.pyo", "size_i": "3517", "regex": "false"},
	{"name_s": "/usr/lib64/bakefile/finalize.py", "size_i": "14608", "regex": "false"},
	{"name_s": "/usr/lib64/bakefile/finalize.pyc", "size_i": "11600", "regex": "false"},
	{"name_s": "/usr/lib64/bakefile/finalize.pyo", "size_i": "11600", "regex": "false"},
	{"name_s": "/usr/lib64/bakefile/flatten.py", "size_i": "7668", "regex": "false"},
	{"name_s": "/usr/lib64/bakefile/flatten.pyc", "size_i": "5622", "regex": "false"},
	{"name_s": "/usr/lib64/bakefile/flatten.pyo", "size_i": "5581", "regex": "false"},
	{"name_s": "/usr/lib64/bakefile/formats.py", "size_i": "3295", "regex": "false"},
	{"name_s": "/usr/lib64/bakefile/formats.pyc", "size_i": "2636", "regex": "false"},
	{"name_s": "/usr/lib64/bakefile/formats.pyo", "size_i": "2636", "regex": "false"},
	{"name_s": "/usr/lib64/bakefile/mk.py", "size_i": "20585", "regex": "false"},
	{"name_s": "/usr/lib64/bakefile/mk.pyc", "size_i": "17725", "regex": "false"},
	{"name_s": "/usr/lib64/bakefile/mk.pyo", "size_i": "17672", "regex": "false"},
	{"name_s": "/usr/lib64/bakefile/mk_dump.py", "size_i": "2027", "regex": "false"},
	{"name_s": "/usr/lib64/bakefile/mk_dump.pyc", "size_i": "1058", "regex": "false"},
	{"name_s": "/usr/lib64/bakefile/mk_dump.pyo", "size_i": "1058", "regex": "false"},
	{"name_s": "/usr/lib64/bakefile/outmethods.py", "size_i": "6081", "regex": "false"},
	{"name_s": "/usr/lib64/bakefile/outmethods.pyc", "size_i": "4077", "regex": "false"},
	{"name_s": "/usr/lib64/bakefile/outmethods.pyo", "size_i": "4077", "regex": "false"},
	{"name_s": "/usr/lib64/bakefile/portautils.py", "size_i": "3095", "regex": "false"},
	{"name_s": "/usr/lib64/bakefile/portautils.pyc", "size_i": "2326", "regex": "false"},
	{"name_s": "/usr/lib64/bakefile/portautils.pyo", "size_i": "2326", "regex": "false"},
	{"name_s": "/usr/lib64/bakefile/reader.py", "size_i": "39299", "regex": "false"},
	{"name_s": "/usr/lib64/bakefile/reader.pyc", "size_i": "33984", "regex": "false"},
	{"name_s": "/usr/lib64/bakefile/reader.pyo", "size_i": "33984", "regex": "false"},
	{"name_s": "/usr/lib64/bakefile/utils.py", "size_i": "33711", "regex": "false"},
	{"name_s": "/usr/lib64/bakefile/utils.pyc", "size_i": "29878", "regex": "false"},
	{"name_s": "/usr/lib64/bakefile/utils.pyo", "size_i": "29837", "regex": "false"},
	{"name_s": "/usr/lib64/bakefile/version.py", "size_i": "1263", "regex": "false"},
	{"name_s": "/usr/lib64/bakefile/version.pyc", "size_i": "154", "regex": "false"},
	{"name_s": "/usr/lib64/bakefile/version.pyo", "size_i": "154", "regex": "false"},
	{"name_s": "/usr/lib64/bakefile/writer.py", "size_i": "11707", "regex": "false"},
	{"name_s": "/usr/lib64/bakefile/writer.pyc", "size_i": "10453", "regex": "false"},
	{"name_s": "/usr/lib64/bakefile/writer.pyo", "size_i": "10453", "regex": "false"},
	{"name_s": "/usr/lib64/bakefile/xmlparser.py", "size_i": "8001", "regex": "false"},
	{"name_s": "/usr/lib64/bakefile/xmlparser.pyc", "size_i": "7469", "regex": "false"},
	{"name_s": "/usr/lib64/bakefile/xmlparser.pyo", "size_i": "7469", "regex": "false"},
	{"name_s": "/usr/share/aclocal/bakefile-dllar.m4", "size_i": "13965", "regex": "false"},
	{"name_s": "/usr/share/aclocal/bakefile-lang.m4", "size_i": "9938", "regex": "false"},
	{"name_s": "/usr/share/aclocal/bakefile.m4", "size_i": "35962", "regex": "false"},
	{"name_s": "/usr/share/bakefile", "size_i": "4096", "regex": "false"},
	{"name_s": "/usr/share/bakefile/output", "size_i": "4096", "regex": "false"},
	{"name_s": "/usr/share/bakefile/output/_hdr_config.empy", "size_i": "1703", "regex": "false"},
	{"name_s": "/usr/share/bakefile/output/_hdr_makefile.empy", "size_i": "1647", "regex": "false"},
	{"name_s": "/usr/share/bakefile/output/autoconf-macros.empy", "size_i": "1846", "regex": "false"},
	{"name_s": "/usr/share/bakefile/output/autoconf.empy", "size_i": "2701", "regex": "false"},
	{"name_s": "/usr/share/bakefile/output/borland-opts.empy", "size_i": "1646", "regex": "false"},
	{"name_s": "/usr/share/bakefile/output/borland.empy", "size_i": "2698", "regex": "false"},
	{"name_s": "/usr/share/bakefile/output/dmars-opts.empy", "size_i": "1621", "regex": "false"},
	{"name_s": "/usr/share/bakefile/output/dmars.empy", "size_i": "2754", "regex": "false"},
	{"name_s": "/usr/share/bakefile/output/dmars_smake.empy", "size_i": "2737", "regex": "false"},
	{"name_s": "/usr/share/bakefile/output/gnumake-opts.empy", "size_i": "1705", "regex": "false"},
	{"name_s": "/usr/share/bakefile/output/gnumake.empy", "size_i": "2980", "regex": "false"},
	{"name_s": "/usr/share/bakefile/output/msevc4prj.py", "size_i": "3792", "regex": "false"},
	{"name_s": "/usr/share/bakefile/output/msevc4prj.pyc", "size_i": "3678", "regex": "false"},
	{"name_s": "/usr/share/bakefile/output/msevc4prj.pyo", "size_i": "3678", "regex": "false"},
	{"name_s": "/usr/share/bakefile/output/msvc-opts.empy", "size_i": "1620", "regex": "false"},
	{"name_s": "/usr/share/bakefile/output/msvc.empy", "size_i": "2512", "regex": "false"},
	{"name_s": "/usr/share/bakefile/output/msvc6prj.py", "size_i": "14279", "regex": "false"},
	{"name_s": "/usr/share/bakefile/output/msvc6prj.pyc", "size_i": "11473", "regex": "false"},
	{"name_s": "/usr/share/bakefile/output/msvc6prj.pyo", "size_i": "11429", "regex": "false"},
	{"name_s": "/usr/share/bakefile/output/msvc_common.py", "size_i": "5674", "regex": "false"},
	{"name_s": "/usr/share/bakefile/output/msvc_common.pyc", "size_i": "4209", "regex": "false"},
	{"name_s": "/usr/share/bakefile/output/msvc_common.pyo", "size_i": "4209", "regex": "false"},
	{"name_s": "/usr/share/bakefile/output/msvs200xprj.py", "size_i": "41366", "regex": "false"},
	{"name_s": "/usr/share/bakefile/output/msvs200xprj.pyc", "size_i": "28717", "regex": "false"},
	{"name_s": "/usr/share/bakefile/output/msvs200xprj.pyo", "size_i": "28543", "regex": "false"},
	{"name_s": "/usr/share/bakefile/output/symbian.py", "size_i": "12678", "regex": "false"},
	{"name_s": "/usr/share/bakefile/output/symbian.pyc", "size_i": "5832", "regex": "false"},
	{"name_s": "/usr/share/bakefile/output/symbian.pyo", "size_i": "5832", "regex": "false"},
	{"name_s": "/usr/share/bakefile/output/watcom-opts.empy", "size_i": "1963", "regex": "false"},
	{"name_s": "/usr/share/bakefile/output/watcom.empy", "size_i": "3225", "regex": "false"},
	{"name_s": "/usr/share/bakefile/output/xcode2.py", "size_i": "28063", "regex": "false"},
	{"name_s": "/usr/share/bakefile/output/xcode2.pyc", "size_i": "16340", "regex": "false"},
	{"name_s": "/usr/share/bakefile/output/xcode2.pyo", "size_i": "16340", "regex": "false"},
	{"name_s": "/usr/share/bakefile/presets", "size_i": "4096", "regex": "false"},
	{"name_s": "/usr/share/bakefile/presets/fake.bkl", "size_i": "4214", "regex": "false"},
	{"name_s": "/usr/share/bakefile/presets/simple.bkl", "size_i": "2142", "regex": "false"},
	{"name_s": "/usr/share/bakefile/rules", "size_i": "4096", "regex": "false"},
	{"name_s": "/usr/share/bakefile/rules/FORMATS.bkmanifest", "size_i": "4225", "regex": "false"},
	{"name_s": "/usr/share/bakefile/rules/autoconf.bkl", "size_i": "19823", "regex": "false"},
	{"name_s": "/usr/share/bakefile/rules/borland.bkl", "size_i": "5373", "regex": "false"},
	{"name_s": "/usr/share/bakefile/rules/common.bkl", "size_i": "14183", "regex": "false"},
	{"name_s": "/usr/share/bakefile/rules/dirs.bkl", "size_i": "3126", "regex": "false"},
	{"name_s": "/usr/share/bakefile/rules/dmars.bkl", "size_i": "1826", "regex": "false"},
	{"name_s": "/usr/share/bakefile/rules/dmars_common.bkl", "size_i": "4736", "regex": "false"},
	{"name_s": "/usr/share/bakefile/rules/dmars_smake.bkl", "size_i": "1816", "regex": "false"},
	{"name_s": "/usr/share/bakefile/rules/format_features.bkl", "size_i": "4548", "regex": "false"},
	{"name_s": "/usr/share/bakefile/rules/gnu.bkl", "size_i": "4595", "regex": "false"},
	{"name_s": "/usr/share/bakefile/rules/makefile.bkl", "size_i": "33726", "regex": "false"},
	{"name_s": "/usr/share/bakefile/rules/makefile_defs_borland.bkl", "size_i": "11168", "regex": "false"},
	{"name_s": "/usr/share/bakefile/rules/makefile_defs_cw.bkl", "size_i": "2473", "regex": "false"},
	{"name_s": "/usr/share/bakefile/rules/makefile_defs_dmars.bkl", "size_i": "2362", "regex": "false"},
	{"name_s": "/usr/share/bakefile/rules/makefile_defs_dmars_common.bkl", "size_i": "9606", "regex": "false"},
	{"name_s": "/usr/share/bakefile/rules/makefile_defs_dmars_smake.bkl", "size_i": "2592", "regex": "false"},
	{"name_s": "/usr/share/bakefile/rules/makefile_defs_gnu.bkl", "size_i": "5667", "regex": "false"},
	{"name_s": "/usr/share/bakefile/rules/makefile_defs_mingw.bkl", "size_i": "3858", "regex": "false"},
	{"name_s": "/usr/share/bakefile/rules/makefile_defs_msvc.bkl", "size_i": "9170", "regex": "false"},
	{"name_s": "/usr/share/bakefile/rules/makefile_defs_unix.bkl", "size_i": "7389", "regex": "false"},
	{"name_s": "/usr/share/bakefile/rules/makefile_defs_watcom.bkl", "size_i": "11481", "regex": "false"},
	{"name_s": "/usr/share/bakefile/rules/makefile_macres.bkl", "size_i": "3325", "regex": "false"},
	{"name_s": "/usr/share/bakefile/rules/makefile_mingw.bkl", "size_i": "3058", "regex": "false"},
	{"name_s": "/usr/share/bakefile/rules/makefile_os2.bkl", "size_i": "2267", "regex": "false"},
	{"name_s": "/usr/share/bakefile/rules/mingw.bkl", "size_i": "4222", "regex": "false"},
	{"name_s": "/usr/share/bakefile/rules/modules", "size_i": "4096", "regex": "false"},
	{"name_s": "/usr/share/bakefile/rules/modules/datafiles.bkl", "size_i": "10796", "regex": "false"},
	{"name_s": "/usr/share/bakefile/rules/modules/gettext", "size_i": "4096", "regex": "false"},
	{"name_s": "/usr/share/bakefile/rules/modules/gettext/autoconf.bkl", "size_i": "4089", "regex": "false"},
	{"name_s": "/usr/share/bakefile/rules/modules/gettext/common.bkl", "size_i": "3498", "regex": "false"},
	{"name_s": "/usr/share/bakefile/rules/modules/pkgconfig.bkl", "size_i": "2505", "regex": "false"},
	{"name_s": "/usr/share/bakefile/rules/msevc4prj.bkl", "size_i": "14031", "regex": "false"},
	{"name_s": "/usr/share/bakefile/rules/msvc.bkl", "size_i": "3906", "regex": "false"},
	{"name_s": "/usr/share/bakefile/rules/msvc6prj.bkl", "size_i": "2766", "regex": "false"},
	{"name_s": "/usr/share/bakefile/rules/msvc_common.bkl", "size_i": "6082", "regex": "false"},
	{"name_s": "/usr/share/bakefile/rules/msvc_prj_common.bkl", "size_i": "14188", "regex": "false"},
	{"name_s": "/usr/share/bakefile/rules/msvc_prj_dsp_common.bkl", "size_i": "8738", "regex": "false"},
	{"name_s": "/usr/share/bakefile/rules/msvc_prj_vcproj_common.bkl", "size_i": "6361", "regex": "false"},
	{"name_s": "/usr/share/bakefile/rules/msvs2003prj.bkl", "size_i": "2131", "regex": "false"},
	{"name_s": "/usr/share/bakefile/rules/msvs2005prj.bkl", "size_i": "4182", "regex": "false"},
	{"name_s": "/usr/share/bakefile/rules/msvs2008prj.bkl", "size_i": "1618", "regex": "false"},
	{"name_s": "/usr/share/bakefile/rules/msvs200xprj.bkl", "size_i": "2184", "regex": "false"},
	{"name_s": "/usr/share/bakefile/rules/symbian.bkl", "size_i": "11261", "regex": "false"},
	{"name_s": "/usr/share/bakefile/rules/unixlike.bkl", "size_i": "1552", "regex": "false"},
	{"name_s": "/usr/share/bakefile/rules/version.bkl", "size_i": "1849", "regex": "false"},
	{"name_s": "/usr/share/bakefile/rules/watcom.bkl", "size_i": "5413", "regex": "false"},
	{"name_s": "/usr/share/bakefile/rules/win32.bkl", "size_i": "4754", "regex": "false"},
	{"name_s": "/usr/share/bakefile/rules/xcode2.bkl", "size_i": "12745", "regex": "false"},
	{"name_s": "/usr/share/bakefile/schema", "size_i": "4096", "regex": "false"},
	{"name_s": "/usr/share/bakefile/schema/bakefile-formats.xsd", "size_i": "2256", "regex": "false"},
	{"name_s": "/usr/share/bakefile/schema/bakefile-gen.xsd", "size_i": "3432", "regex": "false"},
	{"name_s": "/usr/share/doc/bakefile-0.2.8", "size_i": "4096", "regex": "false"},
	{"name_s": "/usr/share/doc/bakefile-0.2.8/AUTHORS", "size_i": "1394", "regex": "false"},
	{"name_s": "/usr/share/doc/bakefile-0.2.8/COPYING", "size_i": "1062", "regex": "false"},
	{"name_s": "/usr/share/doc/bakefile-0.2.8/NEWS", "size_i": "14108", "regex": "false"},
	{"name_s": "/usr/share/doc/bakefile-0.2.8/README", "size_i": "1471", "regex": "false"},
	{"name_s": "/usr/share/doc/bakefile-0.2.8/THANKS", "size_i": "255", "regex": "false"},
	{"name_s": "/usr/share/man/man1/bakefile.1.gz", "size_i": "2326", "regex": "false"},
	{"name_s": "/usr/share/man/man1/bakefile_gen.1.gz", "size_i": "1311", "regex": "false"},
	{"name_s": "/usr/share/man/man1/bakefilize.1.gz", "size_i": "1048", "regex": "false"}
]
