[
	{"name_s": "/usr/share/javadoc/bcel", "size_i": "8", "regex": "false"},
	{"name_s": "/usr/share/javadoc/bcel-5.2", "size_i": "4096", "regex": "false"},
	{"name_s": "/usr/share/javadoc/bcel-5.2/allclasses-frame.html", "size_i": "32968", "regex": "false"},
	{"name_s": "/usr/share/javadoc/bcel-5.2/allclasses-noframe.html", "size_i": "80665", "regex": "false"},
	{"name_s": "/usr/share/javadoc/bcel-5.2/index.html", "size_i": "943", "regex": "false"},
	{"name_s": "/usr/share/javadoc/bcel-5.2/org", "size_i": "4096", "regex": "false"},
	{"name_s": "/usr/share/javadoc/bcel-5.2/org/apache", "size_i": "4096", "regex": "false"},
	{"name_s": "/usr/share/javadoc/bcel-5.2/org/apache/bcel", "size_i": "4096", "regex": "false"},
	{"name_s": "/usr/share/javadoc/bcel-5.2/org/apache/bcel/Constants.html", "size_i": "126141", "regex": "false"},
	{"name_s": "/usr/share/javadoc/bcel-5.2/org/apache/bcel/ExceptionConstants.html", "size_i": "17588", "regex": "false"},
	{"name_s": "/usr/share/javadoc/bcel-5.2/org/apache/bcel/Repository.html", "size_i": "27154", "regex": "false"},
	{"name_s": "/usr/share/javadoc/bcel-5.2/org/apache/bcel/classfile", "size_i": "4096", "regex": "false"},
	{"name_s": "/usr/share/javadoc/bcel-5.2/org/apache/bcel/classfile/AccessFlags.html", "size_i": "21991", "regex": "false"},
	{"name_s": "/usr/share/javadoc/bcel-5.2/org/apache/bcel/classfile/Attribute.html", "size_i": "21641", "regex": "false"},
	{"name_s": "/usr/share/javadoc/bcel-5.2/org/apache/bcel/classfile/AttributeReader.html", "size_i": "8969", "regex": "false"},
	{"name_s": "/usr/share/javadoc/bcel-5.2/org/apache/bcel/classfile/ClassFormatException.html", "size_i": "7224", "regex": "false"},
	{"name_s": "/usr/share/javadoc/bcel-5.2/org/apache/bcel/classfile/ClassParser.html", "size_i": "21437", "regex": "false"},
	{"name_s": "/usr/share/javadoc/bcel-5.2/org/apache/bcel/classfile/Code.html", "size_i": "26720", "regex": "false"},
	{"name_s": "/usr/share/javadoc/bcel-5.2/org/apache/bcel/classfile/CodeException.html", "size_i": "19450", "regex": "false"},
	{"name_s": "/usr/share/javadoc/bcel-5.2/org/apache/bcel/classfile/Constant.html", "size_i": "15263", "regex": "false"},
	{"name_s": "/usr/share/javadoc/bcel-5.2/org/apache/bcel/classfile/ConstantCP.html", "size_i": "14700", "regex": "false"},
	{"name_s": "/usr/share/javadoc/bcel-5.2/org/apache/bcel/classfile/ConstantClass.html", "size_i": "14454", "regex": "false"},
	{"name_s": "/usr/share/javadoc/bcel-5.2/org/apache/bcel/classfile/ConstantDouble.html", "size_i": "13634", "regex": "false"},
	{"name_s": "/usr/share/javadoc/bcel-5.2/org/apache/bcel/classfile/ConstantFieldref.html", "size_i": "9799", "regex": "false"},
	{"name_s": "/usr/share/javadoc/bcel-5.2/org/apache/bcel/classfile/ConstantFloat.html", "size_i": "13673", "regex": "false"},
	{"name_s": "/usr/share/javadoc/bcel-5.2/org/apache/bcel/classfile/ConstantInteger.html", "size_i": "13624", "regex": "false"},
	{"name_s": "/usr/share/javadoc/bcel-5.2/org/apache/bcel/classfile/ConstantInterfaceMethodref.html", "size_i": "10164", "regex": "false"},
	{"name_s": "/usr/share/javadoc/bcel-5.2/org/apache/bcel/classfile/ConstantLong.html", "size_i": "13521", "regex": "false"},
	{"name_s": "/usr/share/javadoc/bcel-5.2/org/apache/bcel/classfile/ConstantMethodref.html", "size_i": "9838", "regex": "false"},
	{"name_s": "/usr/share/javadoc/bcel-5.2/org/apache/bcel/classfile/ConstantNameAndType.html", "size_i": "15999", "regex": "false"},
	{"name_s": "/usr/share/javadoc/bcel-5.2/org/apache/bcel/classfile/ConstantObject.html", "size_i": "7158", "regex": "false"},
	{"name_s": "/usr/share/javadoc/bcel-5.2/org/apache/bcel/classfile/ConstantPool.html", "size_i": "21528", "regex": "false"},
	{"name_s": "/usr/share/javadoc/bcel-5.2/org/apache/bcel/classfile/ConstantString.html", "size_i": "14530", "regex": "false"},
	{"name_s": "/usr/share/javadoc/bcel-5.2/org/apache/bcel/classfile/ConstantUtf8.html", "size_i": "12625", "regex": "false"},
	{"name_s": "/usr/share/javadoc/bcel-5.2/org/apache/bcel/classfile/ConstantValue.html", "size_i": "15054", "regex": "false"},
	{"name_s": "/usr/share/javadoc/bcel-5.2/org/apache/bcel/classfile/Deprecated.html", "size_i": "14567", "regex": "false"},
	{"name_s": "/usr/share/javadoc/bcel-5.2/org/apache/bcel/classfile/DescendingVisitor.html", "size_i": "31755", "regex": "false"},
	{"name_s": "/usr/share/javadoc/bcel-5.2/org/apache/bcel/classfile/EmptyVisitor.html", "size_i": "27321", "regex": "false"},
	{"name_s": "/usr/share/javadoc/bcel-5.2/org/apache/bcel/classfile/ExceptionTable.html", "size_i": "16807", "regex": "false"},
	{"name_s": "/usr/share/javadoc/bcel-5.2/org/apache/bcel/classfile/Field.html", "size_i": "16816", "regex": "false"},
	{"name_s": "/usr/share/javadoc/bcel-5.2/org/apache/bcel/classfile/FieldOrMethod.html", "size_i": "20390", "regex": "false"},
	{"name_s": "/usr/share/javadoc/bcel-5.2/org/apache/bcel/classfile/InnerClass.html", "size_i": "19198", "regex": "false"},
	{"name_s": "/usr/share/javadoc/bcel-5.2/org/apache/bcel/classfile/InnerClasses.html", "size_i": "15872", "regex": "false"},
	{"name_s": "/usr/share/javadoc/bcel-5.2/org/apache/bcel/classfile/JavaClass.html", "size_i": "55210", "regex": "false"},
	{"name_s": "/usr/share/javadoc/bcel-5.2/org/apache/bcel/classfile/LineNumber.html", "size_i": "14790", "regex": "false"},
	{"name_s": "/usr/share/javadoc/bcel-5.2/org/apache/bcel/classfile/LineNumberTable.html", "size_i": "16716", "regex": "false"},
	{"name_s": "/usr/share/javadoc/bcel-5.2/org/apache/bcel/classfile/LocalVariable.html", "size_i": "22990", "regex": "false"},
	{"name_s": "/usr/share/javadoc/bcel-5.2/org/apache/bcel/classfile/LocalVariableTable.html", "size_i": "18719", "regex": "false"},
	{"name_s": "/usr/share/javadoc/bcel-5.2/org/apache/bcel/classfile/Method.html", "size_i": "20343", "regex": "false"},
	{"name_s": "/usr/share/javadoc/bcel-5.2/org/apache/bcel/classfile/Node.html", "size_i": "6561", "regex": "false"},
	{"name_s": "/usr/share/javadoc/bcel-5.2/org/apache/bcel/classfile/PMGClass.html", "size_i": "17015", "regex": "false"},
	{"name_s": "/usr/share/javadoc/bcel-5.2/org/apache/bcel/classfile/Signature.MyByteArrayInputStream.html", "size_i": "8181", "regex": "false"},
	{"name_s": "/usr/share/javadoc/bcel-5.2/org/apache/bcel/classfile/Signature.html", "size_i": "19393", "regex": "false"},
	{"name_s": "/usr/share/javadoc/bcel-5.2/org/apache/bcel/classfile/SourceFile.html", "size_i": "15833", "regex": "false"},
	{"name_s": "/usr/share/javadoc/bcel-5.2/org/apache/bcel/classfile/StackMap.html", "size_i": "15386", "regex": "false"},
	{"name_s": "/usr/share/javadoc/bcel-5.2/org/apache/bcel/classfile/StackMapEntry.html", "size_i": "21159", "regex": "false"},
	{"name_s": "/usr/share/javadoc/bcel-5.2/org/apache/bcel/classfile/StackMapType.html", "size_i": "15977", "regex": "false"},
	{"name_s": "/usr/share/javadoc/bcel-5.2/org/apache/bcel/classfile/Synthetic.html", "size_i": "14873", "regex": "false"},
	{"name_s": "/usr/share/javadoc/bcel-5.2/org/apache/bcel/classfile/Unknown.html", "size_i": "16652", "regex": "false"},
	{"name_s": "/usr/share/javadoc/bcel-5.2/org/apache/bcel/classfile/Utility.JavaReader.html", "size_i": "7445", "regex": "false"},
	{"name_s": "/usr/share/javadoc/bcel-5.2/org/apache/bcel/classfile/Utility.JavaWriter.html", "size_i": "7931", "regex": "false"},
	{"name_s": "/usr/share/javadoc/bcel-5.2/org/apache/bcel/classfile/Utility.html", "size_i": "50093", "regex": "false"},
	{"name_s": "/usr/share/javadoc/bcel-5.2/org/apache/bcel/classfile/Visitor.html", "size_i": "26321", "regex": "false"},
	{"name_s": "/usr/share/javadoc/bcel-5.2/org/apache/bcel/classfile/package-frame.html", "size_i": "4215", "regex": "false"},
	{"name_s": "/usr/share/javadoc/bcel-5.2/org/apache/bcel/classfile/package-summary.html", "size_i": "14643", "regex": "false"},
	{"name_s": "/usr/share/javadoc/bcel-5.2/org/apache/bcel/generic", "size_i": "12288", "regex": "false"},
	{"name_s": "/usr/share/javadoc/bcel-5.2/org/apache/bcel/generic/AALOAD.html", "size_i": "8076", "regex": "false"},
	{"name_s": "/usr/share/javadoc/bcel-5.2/org/apache/bcel/generic/AASTORE.html", "size_i": "8102", "regex": "false"},
	{"name_s": "/usr/share/javadoc/bcel-5.2/org/apache/bcel/generic/ACONST_NULL.html", "size_i": "8975", "regex": "false"},
	{"name_s": "/usr/share/javadoc/bcel-5.2/org/apache/bcel/generic/ALOAD.html", "size_i": "8520", "regex": "false"},
	{"name_s": "/usr/share/javadoc/bcel-5.2/org/apache/bcel/generic/ANEWARRAY.html", "size_i": "10040", "regex": "false"},
	{"name_s": "/usr/share/javadoc/bcel-5.2/org/apache/bcel/generic/ARETURN.html", "size_i": "7883", "regex": "false"},
	{"name_s": "/usr/share/javadoc/bcel-5.2/org/apache/bcel/generic/ARRAYLENGTH.html", "size_i": "8711", "regex": "false"},
	{"name_s": "/usr/share/javadoc/bcel-5.2/org/apache/bcel/generic/ASTORE.html", "size_i": "8548", "regex": "false"},
	{"name_s": "/usr/share/javadoc/bcel-5.2/org/apache/bcel/generic/ATHROW.html", "size_i": "8631", "regex": "false"},
	{"name_s": "/usr/share/javadoc/bcel-5.2/org/apache/bcel/generic/AllocationInstruction.html", "size_i": "5871", "regex": "false"},
	{"name_s": "/usr/share/javadoc/bcel-5.2/org/apache/bcel/generic/ArithmeticInstruction.html", "size_i": "9051", "regex": "false"},
	{"name_s": "/usr/share/javadoc/bcel-5.2/org/apache/bcel/generic/ArrayInstruction.html", "size_i": "9257", "regex": "false"},
	{"name_s": "/usr/share/javadoc/bcel-5.2/org/apache/bcel/generic/ArrayType.html", "size_i": "12492", "regex": "false"},
	{"name_s": "/usr/share/javadoc/bcel-5.2/org/apache/bcel/generic/BALOAD.html", "size_i": "8099", "regex": "false"},
	{"name_s": "/usr/share/javadoc/bcel-5.2/org/apache/bcel/generic/BASTORE.html", "size_i": "8120", "regex": "false"},
	{"name_s": "/usr/share/javadoc/bcel-5.2/org/apache/bcel/generic/BIPUSH.html", "size_i": "12083", "regex": "false"},
	{"name_s": "/usr/share/javadoc/bcel-5.2/org/apache/bcel/generic/BREAKPOINT.html", "size_i": "7808", "regex": "false"},
	{"name_s": "/usr/share/javadoc/bcel-5.2/org/apache/bcel/generic/BasicType.html", "size_i": "8775", "regex": "false"},
	{"name_s": "/usr/share/javadoc/bcel-5.2/org/apache/bcel/generic/BranchHandle.html", "size_i": "14274", "regex": "false"},
	{"name_s": "/usr/share/javadoc/bcel-5.2/org/apache/bcel/generic/BranchInstruction.html", "size_i": "21217", "regex": "false"},
	{"name_s": "/usr/share/javadoc/bcel-5.2/org/apache/bcel/generic/CALOAD.html", "size_i": "8066", "regex": "false"},
	{"name_s": "/usr/share/javadoc/bcel-5.2/org/apache/bcel/generic/CASTORE.html", "size_i": "8087", "regex": "false"},
	{"name_s": "/usr/share/javadoc/bcel-5.2/org/apache/bcel/generic/CHECKCAST.html", "size_i": "10324", "regex": "false"},
	{"name_s": "/usr/share/javadoc/bcel-5.2/org/apache/bcel/generic/CPInstruction.html", "size_i": "14189", "regex": "false"},
	{"name_s": "/usr/share/javadoc/bcel-5.2/org/apache/bcel/generic/ClassGen.html", "size_i": "42876", "regex": "false"},
	{"name_s": "/usr/share/javadoc/bcel-5.2/org/apache/bcel/generic/ClassGenException.html", "size_i": "7121", "regex": "false"},
	{"name_s": "/usr/share/javadoc/bcel-5.2/org/apache/bcel/generic/ClassObserver.html", "size_i": "6724", "regex": "false"},
	{"name_s": "/usr/share/javadoc/bcel-5.2/org/apache/bcel/generic/CodeExceptionGen.html", "size_i": "20673", "regex": "false"},
	{"name_s": "/usr/share/javadoc/bcel-5.2/org/apache/bcel/generic/CompoundInstruction.html", "size_i": "7368", "regex": "false"},
	{"name_s": "/usr/share/javadoc/bcel-5.2/org/apache/bcel/generic/ConstantPoolGen.Index.html", "size_i": "7024", "regex": "false"},
	{"name_s": "/usr/share/javadoc/bcel-5.2/org/apache/bcel/generic/ConstantPoolGen.html", "size_i": "43847", "regex": "false"},
	{"name_s": "/usr/share/javadoc/bcel-5.2/org/apache/bcel/generic/ConstantPushInstruction.html", "size_i": "7124", "regex": "false"},
	{"name_s": "/usr/share/javadoc/bcel-5.2/org/apache/bcel/generic/ConversionInstruction.html", "size_i": "9051", "regex": "false"},
	{"name_s": "/usr/share/javadoc/bcel-5.2/org/apache/bcel/generic/D2F.html", "size_i": "7816", "regex": "false"},
	{"name_s": "/usr/share/javadoc/bcel-5.2/org/apache/bcel/generic/D2I.html", "size_i": "7810", "regex": "false"},
	{"name_s": "/usr/share/javadoc/bcel-5.2/org/apache/bcel/generic/D2L.html", "size_i": "7833", "regex": "false"},
	{"name_s": "/usr/share/javadoc/bcel-5.2/org/apache/bcel/generic/DADD.html", "size_i": "7856", "regex": "false"},
	{"name_s": "/usr/share/javadoc/bcel-5.2/org/apache/bcel/generic/DALOAD.html", "size_i": "8093", "regex": "false"},
	{"name_s": "/usr/share/javadoc/bcel-5.2/org/apache/bcel/generic/DASTORE.html", "size_i": "8112", "regex": "false"},
	{"name_s": "/usr/share/javadoc/bcel-5.2/org/apache/bcel/generic/DCMPG.html", "size_i": "8975", "regex": "false"},
	{"name_s": "/usr/share/javadoc/bcel-5.2/org/apache/bcel/generic/DCMPL.html", "size_i": "8975", "regex": "false"},
	{"name_s": "/usr/share/javadoc/bcel-5.2/org/apache/bcel/generic/DCONST.html", "size_i": "10421", "regex": "false"},
	{"name_s": "/usr/share/javadoc/bcel-5.2/org/apache/bcel/generic/DDIV.html", "size_i": "7865", "regex": "false"},
	{"name_s": "/usr/share/javadoc/bcel-5.2/org/apache/bcel/generic/DLOAD.html", "size_i": "8527", "regex": "false"},
	{"name_s": "/usr/share/javadoc/bcel-5.2/org/apache/bcel/generic/DMUL.html", "size_i": "7870", "regex": "false"},
	{"name_s": "/usr/share/javadoc/bcel-5.2/org/apache/bcel/generic/DNEG.html", "size_i": "7795", "regex": "false"},
	{"name_s": "/usr/share/javadoc/bcel-5.2/org/apache/bcel/generic/DREM.html", "size_i": "7882", "regex": "false"},
	{"name_s": "/usr/share/javadoc/bcel-5.2/org/apache/bcel/generic/DRETURN.html", "size_i": "7885", "regex": "false"},
	{"name_s": "/usr/share/javadoc/bcel-5.2/org/apache/bcel/generic/DSTORE.html", "size_i": "8555", "regex": "false"},
	{"name_s": "/usr/share/javadoc/bcel-5.2/org/apache/bcel/generic/DSUB.html", "size_i": "7873", "regex": "false"},
	{"name_s": "/usr/share/javadoc/bcel-5.2/org/apache/bcel/generic/DUP.html", "size_i": "7983", "regex": "false"},
	{"name_s": "/usr/share/javadoc/bcel-5.2/org/apache/bcel/generic/DUP2.html", "size_i": "8029", "regex": "false"},
	{"name_s": "/usr/share/javadoc/bcel-5.2/org/apache/bcel/generic/DUP2_X1.html", "size_i": "7881", "regex": "false"},
	{"name_s": "/usr/share/javadoc/bcel-5.2/org/apache/bcel/generic/DUP2_X2.html", "size_i": "7894", "regex": "false"},
	{"name_s": "/usr/share/javadoc/bcel-5.2/org/apache/bcel/generic/DUP_X1.html", "size_i": "7836", "regex": "false"},
	{"name_s": "/usr/share/javadoc/bcel-5.2/org/apache/bcel/generic/DUP_X2.html", "size_i": "7852", "regex": "false"},
	{"name_s": "/usr/share/javadoc/bcel-5.2/org/apache/bcel/generic/EmptyVisitor.html", "size_i": "107118", "regex": "false"},
	{"name_s": "/usr/share/javadoc/bcel-5.2/org/apache/bcel/generic/ExceptionThrower.html", "size_i": "7158", "regex": "false"},
	{"name_s": "/usr/share/javadoc/bcel-5.2/org/apache/bcel/generic/F2D.html", "size_i": "7817", "regex": "false"},
	{"name_s": "/usr/share/javadoc/bcel-5.2/org/apache/bcel/generic/F2I.html", "size_i": "7788", "regex": "false"},
	{"name_s": "/usr/share/javadoc/bcel-5.2/org/apache/bcel/generic/F2L.html", "size_i": "7811", "regex": "false"},
	{"name_s": "/usr/share/javadoc/bcel-5.2/org/apache/bcel/generic/FADD.html", "size_i": "7779", "regex": "false"},
	{"name_s": "/usr/share/javadoc/bcel-5.2/org/apache/bcel/generic/FALOAD.html", "size_i": "8069", "regex": "false"},
	{"name_s": "/usr/share/javadoc/bcel-5.2/org/apache/bcel/generic/FASTORE.html", "size_i": "8090", "regex": "false"},
	{"name_s": "/usr/share/javadoc/bcel-5.2/org/apache/bcel/generic/FCMPG.html", "size_i": "8925", "regex": "false"},
	{"name_s": "/usr/share/javadoc/bcel-5.2/org/apache/bcel/generic/FCMPL.html", "size_i": "8925", "regex": "false"},
	{"name_s": "/usr/share/javadoc/bcel-5.2/org/apache/bcel/generic/FCONST.html", "size_i": "10418", "regex": "false"},
	{"name_s": "/usr/share/javadoc/bcel-5.2/org/apache/bcel/generic/FDIV.html", "size_i": "7787", "regex": "false"},
	{"name_s": "/usr/share/javadoc/bcel-5.2/org/apache/bcel/generic/FLOAD.html", "size_i": "8504", "regex": "false"},
	{"name_s": "/usr/share/javadoc/bcel-5.2/org/apache/bcel/generic/FMUL.html", "size_i": "7793", "regex": "false"},
	{"name_s": "/usr/share/javadoc/bcel-5.2/org/apache/bcel/generic/FNEG.html", "size_i": "7755", "regex": "false"},
	{"name_s": "/usr/share/javadoc/bcel-5.2/org/apache/bcel/generic/FREM.html", "size_i": "7805", "regex": "false"},
	{"name_s": "/usr/share/javadoc/bcel-5.2/org/apache/bcel/generic/FRETURN.html", "size_i": "7863", "regex": "false"},
	{"name_s": "/usr/share/javadoc/bcel-5.2/org/apache/bcel/generic/FSTORE.html", "size_i": "8533", "regex": "false"},
	{"name_s": "/usr/share/javadoc/bcel-5.2/org/apache/bcel/generic/FSUB.html", "size_i": "7796", "regex": "false"},
	{"name_s": "/usr/share/javadoc/bcel-5.2/org/apache/bcel/generic/FieldGen.html", "size_i": "23504", "regex": "false"},
	{"name_s": "/usr/share/javadoc/bcel-5.2/org/apache/bcel/generic/FieldGenOrMethodGen.html", "size_i": "15481", "regex": "false"},
	{"name_s": "/usr/share/javadoc/bcel-5.2/org/apache/bcel/generic/FieldInstruction.html", "size_i": "11894", "regex": "false"},
	{"name_s": "/usr/share/javadoc/bcel-5.2/org/apache/bcel/generic/FieldObserver.html", "size_i": "6725", "regex": "false"},
	{"name_s": "/usr/share/javadoc/bcel-5.2/org/apache/bcel/generic/FieldOrMethod.html", "size_i": "14044", "regex": "false"},
	{"name_s": "/usr/share/javadoc/bcel-5.2/org/apache/bcel/generic/GETFIELD.html", "size_i": "9812", "regex": "false"},
	{"name_s": "/usr/share/javadoc/bcel-5.2/org/apache/bcel/generic/GETSTATIC.html", "size_i": "9756", "regex": "false"},
	{"name_s": "/usr/share/javadoc/bcel-5.2/org/apache/bcel/generic/GOTO.html", "size_i": "10146", "regex": "false"},
	{"name_s": "/usr/share/javadoc/bcel-5.2/org/apache/bcel/generic/GOTO_W.html", "size_i": "9958", "regex": "false"},
	{"name_s": "/usr/share/javadoc/bcel-5.2/org/apache/bcel/generic/GotoInstruction.html", "size_i": "7762", "regex": "false"},
	{"name_s": "/usr/share/javadoc/bcel-5.2/org/apache/bcel/generic/I2B.html", "size_i": "7785", "regex": "false"},
	{"name_s": "/usr/share/javadoc/bcel-5.2/org/apache/bcel/generic/I2C.html", "size_i": "7785", "regex": "false"},
	{"name_s": "/usr/share/javadoc/bcel-5.2/org/apache/bcel/generic/I2D.html", "size_i": "7810", "regex": "false"},
	{"name_s": "/usr/share/javadoc/bcel-5.2/org/apache/bcel/generic/I2F.html", "size_i": "7788", "regex": "false"},
	{"name_s": "/usr/share/javadoc/bcel-5.2/org/apache/bcel/generic/I2L.html", "size_i": "7804", "regex": "false"},
	{"name_s": "/usr/share/javadoc/bcel-5.2/org/apache/bcel/generic/I2S.html", "size_i": "7745", "regex": "false"},
	{"name_s": "/usr/share/javadoc/bcel-5.2/org/apache/bcel/generic/IADD.html", "size_i": "7773", "regex": "false"},
	{"name_s": "/usr/share/javadoc/bcel-5.2/org/apache/bcel/generic/IALOAD.html", "size_i": "8067", "regex": "false"},
	{"name_s": "/usr/share/javadoc/bcel-5.2/org/apache/bcel/generic/IAND.html", "size_i": "7767", "regex": "false"},
	{"name_s": "/usr/share/javadoc/bcel-5.2/org/apache/bcel/generic/IASTORE.html", "size_i": "8088", "regex": "false"},
	{"name_s": "/usr/share/javadoc/bcel-5.2/org/apache/bcel/generic/ICONST.html", "size_i": "10411", "regex": "false"},
	{"name_s": "/usr/share/javadoc/bcel-5.2/org/apache/bcel/generic/IDIV.html", "size_i": "8518", "regex": "false"},
	{"name_s": "/usr/share/javadoc/bcel-5.2/org/apache/bcel/generic/IFEQ.html", "size_i": "9146", "regex": "false"},
	{"name_s": "/usr/share/javadoc/bcel-5.2/org/apache/bcel/generic/IFGE.html", "size_i": "9118", "regex": "false"},
	{"name_s": "/usr/share/javadoc/bcel-5.2/org/apache/bcel/generic/IFGT.html", "size_i": "9118", "regex": "false"},
	{"name_s": "/usr/share/javadoc/bcel-5.2/org/apache/bcel/generic/IFLE.html", "size_i": "9118", "regex": "false"},
	{"name_s": "/usr/share/javadoc/bcel-5.2/org/apache/bcel/generic/IFLT.html", "size_i": "9118", "regex": "false"},
	{"name_s": "/usr/share/javadoc/bcel-5.2/org/apache/bcel/generic/IFNE.html", "size_i": "9118", "regex": "false"},
	{"name_s": "/usr/share/javadoc/bcel-5.2/org/apache/bcel/generic/IFNONNULL.html", "size_i": "9225", "regex": "false"},
	{"name_s": "/usr/share/javadoc/bcel-5.2/org/apache/bcel/generic/IFNULL.html", "size_i": "9156", "regex": "false"},
	{"name_s": "/usr/share/javadoc/bcel-5.2/org/apache/bcel/generic/IF_ACMPEQ.html", "size_i": "9238", "regex": "false"},
	{"name_s": "/usr/share/javadoc/bcel-5.2/org/apache/bcel/generic/IF_ACMPNE.html", "size_i": "9245", "regex": "false"},
	{"name_s": "/usr/share/javadoc/bcel-5.2/org/apache/bcel/generic/IF_ICMPEQ.html", "size_i": "9232", "regex": "false"},
	{"name_s": "/usr/share/javadoc/bcel-5.2/org/apache/bcel/generic/IF_ICMPGE.html", "size_i": "9232", "regex": "false"},
	{"name_s": "/usr/share/javadoc/bcel-5.2/org/apache/bcel/generic/IF_ICMPGT.html", "size_i": "9232", "regex": "false"},
	{"name_s": "/usr/share/javadoc/bcel-5.2/org/apache/bcel/generic/IF_ICMPLE.html", "size_i": "9232", "regex": "false"},
	{"name_s": "/usr/share/javadoc/bcel-5.2/org/apache/bcel/generic/IF_ICMPLT.html", "size_i": "9232", "regex": "false"},
	{"name_s": "/usr/share/javadoc/bcel-5.2/org/apache/bcel/generic/IF_ICMPNE.html", "size_i": "9239", "regex": "false"},
	{"name_s": "/usr/share/javadoc/bcel-5.2/org/apache/bcel/generic/IINC.html", "size_i": "13677", "regex": "false"},
	{"name_s": "/usr/share/javadoc/bcel-5.2/org/apache/bcel/generic/ILOAD.html", "size_i": "8510", "regex": "false"},
	{"name_s": "/usr/share/javadoc/bcel-5.2/org/apache/bcel/generic/IMPDEP1.html", "size_i": "7749", "regex": "false"},
	{"name_s": "/usr/share/javadoc/bcel-5.2/org/apache/bcel/generic/IMPDEP2.html", "size_i": "7749", "regex": "false"},
	{"name_s": "/usr/share/javadoc/bcel-5.2/org/apache/bcel/generic/IMUL.html", "size_i": "7788", "regex": "false"},
	{"name_s": "/usr/share/javadoc/bcel-5.2/org/apache/bcel/generic/INEG.html", "size_i": "7753", "regex": "false"},
	{"name_s": "/usr/share/javadoc/bcel-5.2/org/apache/bcel/generic/INSTANCEOF.html", "size_i": "9985", "regex": "false"},
	{"name_s": "/usr/share/javadoc/bcel-5.2/org/apache/bcel/generic/INVOKEINTERFACE.html", "size_i": "12857", "regex": "false"},
	{"name_s": "/usr/share/javadoc/bcel-5.2/org/apache/bcel/generic/INVOKESPECIAL.html", "size_i": "8978", "regex": "false"},
	{"name_s": "/usr/share/javadoc/bcel-5.2/org/apache/bcel/generic/INVOKESTATIC.html", "size_i": "8862", "regex": "false"},
	{"name_s": "/usr/share/javadoc/bcel-5.2/org/apache/bcel/generic/INVOKEVIRTUAL.html", "size_i": "8913", "regex": "false"},
	{"name_s": "/usr/share/javadoc/bcel-5.2/org/apache/bcel/generic/IOR.html", "size_i": "7749", "regex": "false"},
	{"name_s": "/usr/share/javadoc/bcel-5.2/org/apache/bcel/generic/IREM.html", "size_i": "8535", "regex": "false"},
	{"name_s": "/usr/share/javadoc/bcel-5.2/org/apache/bcel/generic/IRETURN.html", "size_i": "7857", "regex": "false"},
	{"name_s": "/usr/share/javadoc/bcel-5.2/org/apache/bcel/generic/ISHL.html", "size_i": "7776", "regex": "false"},
	{"name_s": "/usr/share/javadoc/bcel-5.2/org/apache/bcel/generic/ISHR.html", "size_i": "7777", "regex": "false"},
	{"name_s": "/usr/share/javadoc/bcel-5.2/org/apache/bcel/generic/ISTORE.html", "size_i": "8538", "regex": "false"},
	{"name_s": "/usr/share/javadoc/bcel-5.2/org/apache/bcel/generic/ISUB.html", "size_i": "7791", "regex": "false"},
	{"name_s": "/usr/share/javadoc/bcel-5.2/org/apache/bcel/generic/IUSHR.html", "size_i": "7792", "regex": "false"},
	{"name_s": "/usr/share/javadoc/bcel-5.2/org/apache/bcel/generic/IXOR.html", "size_i": "7767", "regex": "false"},
	{"name_s": "/usr/share/javadoc/bcel-5.2/org/apache/bcel/generic/IfInstruction.html", "size_i": "8908", "regex": "false"},
	{"name_s": "/usr/share/javadoc/bcel-5.2/org/apache/bcel/generic/IndexedInstruction.html", "size_i": "6902", "regex": "false"},
	{"name_s": "/usr/share/javadoc/bcel-5.2/org/apache/bcel/generic/Instruction.html", "size_i": "23090", "regex": "false"},
	{"name_s": "/usr/share/javadoc/bcel-5.2/org/apache/bcel/generic/InstructionComparator.html", "size_i": "8362", "regex": "false"},
	{"name_s": "/usr/share/javadoc/bcel-5.2/org/apache/bcel/generic/InstructionConstants.Clinit.html", "size_i": "6267", "regex": "false"},
	{"name_s": "/usr/share/javadoc/bcel-5.2/org/apache/bcel/generic/InstructionConstants.html", "size_i": "63743", "regex": "false"},
	{"name_s": "/usr/share/javadoc/bcel-5.2/org/apache/bcel/generic/InstructionFactory.MethodObject.html", "size_i": "8935", "regex": "false"},
	{"name_s": "/usr/share/javadoc/bcel-5.2/org/apache/bcel/generic/InstructionFactory.html", "size_i": "41660", "regex": "false"},
	{"name_s": "/usr/share/javadoc/bcel-5.2/org/apache/bcel/generic/InstructionHandle.html", "size_i": "25839", "regex": "false"},
	{"name_s": "/usr/share/javadoc/bcel-5.2/org/apache/bcel/generic/InstructionList.html", "size_i": "77436", "regex": "false"},
	{"name_s": "/usr/share/javadoc/bcel-5.2/org/apache/bcel/generic/InstructionListObserver.html", "size_i": "6879", "regex": "false"},
	{"name_s": "/usr/share/javadoc/bcel-5.2/org/apache/bcel/generic/InstructionTargeter.html", "size_i": "8168", "regex": "false"},
	{"name_s": "/usr/share/javadoc/bcel-5.2/org/apache/bcel/generic/InvokeInstruction.html", "size_i": "14209", "regex": "false"},
	{"name_s": "/usr/share/javadoc/bcel-5.2/org/apache/bcel/generic/JSR.html", "size_i": "9799", "regex": "false"},
	{"name_s": "/usr/share/javadoc/bcel-5.2/org/apache/bcel/generic/JSR_W.html", "size_i": "9895", "regex": "false"},
	{"name_s": "/usr/share/javadoc/bcel-5.2/org/apache/bcel/generic/JsrInstruction.html", "size_i": "10169", "regex": "false"},
	{"name_s": "/usr/share/javadoc/bcel-5.2/org/apache/bcel/generic/L2D.html", "size_i": "7787", "regex": "false"},
	{"name_s": "/usr/share/javadoc/bcel-5.2/org/apache/bcel/generic/L2F.html", "size_i": "7765", "regex": "false"},
	{"name_s": "/usr/share/javadoc/bcel-5.2/org/apache/bcel/generic/L2I.html", "size_i": "7763", "regex": "false"},
	{"name_s": "/usr/share/javadoc/bcel-5.2/org/apache/bcel/generic/LADD.html", "size_i": "7829", "regex": "false"},
	{"name_s": "/usr/share/javadoc/bcel-5.2/org/apache/bcel/generic/LALOAD.html", "size_i": "8075", "regex": "false"},
	{"name_s": "/usr/share/javadoc/bcel-5.2/org/apache/bcel/generic/LAND.html", "size_i": "7837", "regex": "false"},
	{"name_s": "/usr/share/javadoc/bcel-5.2/org/apache/bcel/generic/LASTORE.html", "size_i": "8106", "regex": "false"},
	{"name_s": "/usr/share/javadoc/bcel-5.2/org/apache/bcel/generic/LCMP.html", "size_i": "8950", "regex": "false"},
	{"name_s": "/usr/share/javadoc/bcel-5.2/org/apache/bcel/generic/LCONST.html", "size_i": "10401", "regex": "false"},
	{"name_s": "/usr/share/javadoc/bcel-5.2/org/apache/bcel/generic/LDC.html", "size_i": "12440", "regex": "false"},
	{"name_s": "/usr/share/javadoc/bcel-5.2/org/apache/bcel/generic/LDC2_W.html", "size_i": "9924", "regex": "false"},
	{"name_s": "/usr/share/javadoc/bcel-5.2/org/apache/bcel/generic/LDC_W.html", "size_i": "8157", "regex": "false"},
	{"name_s": "/usr/share/javadoc/bcel-5.2/org/apache/bcel/generic/LDIV.html", "size_i": "8428", "regex": "false"},
	{"name_s": "/usr/share/javadoc/bcel-5.2/org/apache/bcel/generic/LLOAD.html", "size_i": "8330", "regex": "false"},
	{"name_s": "/usr/share/javadoc/bcel-5.2/org/apache/bcel/generic/LMUL.html", "size_i": "7834", "regex": "false"},
	{"name_s": "/usr/share/javadoc/bcel-5.2/org/apache/bcel/generic/LNEG.html", "size_i": "7793", "regex": "false"},
	{"name_s": "/usr/share/javadoc/bcel-5.2/org/apache/bcel/generic/LOOKUPSWITCH.html", "size_i": "10563", "regex": "false"},
	{"name_s": "/usr/share/javadoc/bcel-5.2/org/apache/bcel/generic/LOR.html", "size_i": "7750", "regex": "false"},
	{"name_s": "/usr/share/javadoc/bcel-5.2/org/apache/bcel/generic/LREM.html", "size_i": "8360", "regex": "false"},
	{"name_s": "/usr/share/javadoc/bcel-5.2/org/apache/bcel/generic/LRETURN.html", "size_i": "7831", "regex": "false"},
	{"name_s": "/usr/share/javadoc/bcel-5.2/org/apache/bcel/generic/LSHL.html", "size_i": "7818", "regex": "false"},
	{"name_s": "/usr/share/javadoc/bcel-5.2/org/apache/bcel/generic/LSHR.html", "size_i": "7819", "regex": "false"},
	{"name_s": "/usr/share/javadoc/bcel-5.2/org/apache/bcel/generic/LSTORE.html", "size_i": "8357", "regex": "false"},
	{"name_s": "/usr/share/javadoc/bcel-5.2/org/apache/bcel/generic/LSUB.html", "size_i": "7835", "regex": "false"},
	{"name_s": "/usr/share/javadoc/bcel-5.2/org/apache/bcel/generic/LUSHR.html", "size_i": "7793", "regex": "false"},
	{"name_s": "/usr/share/javadoc/bcel-5.2/org/apache/bcel/generic/LXOR.html", "size_i": "7768", "regex": "false"},
	{"name_s": "/usr/share/javadoc/bcel-5.2/org/apache/bcel/generic/LineNumberGen.html", "size_i": "13829", "regex": "false"},
	{"name_s": "/usr/share/javadoc/bcel-5.2/org/apache/bcel/generic/LoadClass.html", "size_i": "8635", "regex": "false"},
	{"name_s": "/usr/share/javadoc/bcel-5.2/org/apache/bcel/generic/LoadInstruction.html", "size_i": "9368", "regex": "false"},
	{"name_s": "/usr/share/javadoc/bcel-5.2/org/apache/bcel/generic/LocalVariableGen.html", "size_i": "20752", "regex": "false"},
	{"name_s": "/usr/share/javadoc/bcel-5.2/org/apache/bcel/generic/LocalVariableInstruction.html", "size_i": "15860", "regex": "false"},
	{"name_s": "/usr/share/javadoc/bcel-5.2/org/apache/bcel/generic/MONITORENTER.html", "size_i": "8545", "regex": "false"},
	{"name_s": "/usr/share/javadoc/bcel-5.2/org/apache/bcel/generic/MONITOREXIT.html", "size_i": "8527", "regex": "false"},
	{"name_s": "/usr/share/javadoc/bcel-5.2/org/apache/bcel/generic/MULTIANEWARRAY.html", "size_i": "14899", "regex": "false"},
	{"name_s": "/usr/share/javadoc/bcel-5.2/org/apache/bcel/generic/MethodGen.BranchStack.html", "size_i": "9550", "regex": "false"},
	{"name_s": "/usr/share/javadoc/bcel-5.2/org/apache/bcel/generic/MethodGen.BranchTarget.html", "size_i": "7664", "regex": "false"},
	{"name_s": "/usr/share/javadoc/bcel-5.2/org/apache/bcel/generic/MethodGen.html", "size_i": "59393", "regex": "false"},
	{"name_s": "/usr/share/javadoc/bcel-5.2/org/apache/bcel/generic/MethodObserver.html", "size_i": "6744", "regex": "false"},
	{"name_s": "/usr/share/javadoc/bcel-5.2/org/apache/bcel/generic/NEW.html", "size_i": "9813", "regex": "false"},
	{"name_s": "/usr/share/javadoc/bcel-5.2/org/apache/bcel/generic/NEWARRAY.html", "size_i": "13285", "regex": "false"},
	{"name_s": "/usr/share/javadoc/bcel-5.2/org/apache/bcel/generic/NOP.html", "size_i": "7667", "regex": "false"},
	{"name_s": "/usr/share/javadoc/bcel-5.2/org/apache/bcel/generic/NamedAndTyped.html", "size_i": "7796", "regex": "false"},
	{"name_s": "/usr/share/javadoc/bcel-5.2/org/apache/bcel/generic/ObjectType.html", "size_i": "14632", "regex": "false"},
	{"name_s": "/usr/share/javadoc/bcel-5.2/org/apache/bcel/generic/POP.html", "size_i": "7963", "regex": "false"},
	{"name_s": "/usr/share/javadoc/bcel-5.2/org/apache/bcel/generic/POP2.html", "size_i": "7993", "regex": "false"},
	{"name_s": "/usr/share/javadoc/bcel-5.2/org/apache/bcel/generic/PUSH.html", "size_i": "16637", "regex": "false"},
	{"name_s": "/usr/share/javadoc/bcel-5.2/org/apache/bcel/generic/PUTFIELD.html", "size_i": "9741", "regex": "false"},
	{"name_s": "/usr/share/javadoc/bcel-5.2/org/apache/bcel/generic/PUTSTATIC.html", "size_i": "9748", "regex": "false"},
	{"name_s": "/usr/share/javadoc/bcel-5.2/org/apache/bcel/generic/PopInstruction.html", "size_i": "6278", "regex": "false"},
	{"name_s": "/usr/share/javadoc/bcel-5.2/org/apache/bcel/generic/PushInstruction.html", "size_i": "6634", "regex": "false"},
	{"name_s": "/usr/share/javadoc/bcel-5.2/org/apache/bcel/generic/RET.html", "size_i": "13440", "regex": "false"},
	{"name_s": "/usr/share/javadoc/bcel-5.2/org/apache/bcel/generic/RETURN.html", "size_i": "7788", "regex": "false"},
	{"name_s": "/usr/share/javadoc/bcel-5.2/org/apache/bcel/generic/ReferenceType.html", "size_i": "13753", "regex": "false"},
	{"name_s": "/usr/share/javadoc/bcel-5.2/org/apache/bcel/generic/ReturnInstruction.html", "size_i": "9732", "regex": "false"},
	{"name_s": "/usr/share/javadoc/bcel-5.2/org/apache/bcel/generic/ReturnaddressType.html", "size_i": "10749", "regex": "false"},
	{"name_s": "/usr/share/javadoc/bcel-5.2/org/apache/bcel/generic/SALOAD.html", "size_i": "8025", "regex": "false"},
	{"name_s": "/usr/share/javadoc/bcel-5.2/org/apache/bcel/generic/SASTORE.html", "size_i": "8042", "regex": "false"},
	{"name_s": "/usr/share/javadoc/bcel-5.2/org/apache/bcel/generic/SIPUSH.html", "size_i": "12046", "regex": "false"},
	{"name_s": "/usr/share/javadoc/bcel-5.2/org/apache/bcel/generic/SWAP.html", "size_i": "8069", "regex": "false"},
	{"name_s": "/usr/share/javadoc/bcel-5.2/org/apache/bcel/generic/SWITCH.html", "size_i": "14065", "regex": "false"},
	{"name_s": "/usr/share/javadoc/bcel-5.2/org/apache/bcel/generic/Select.html", "size_i": "19876", "regex": "false"},
	{"name_s": "/usr/share/javadoc/bcel-5.2/org/apache/bcel/generic/StackConsumer.html", "size_i": "6886", "regex": "false"},
	{"name_s": "/usr/share/javadoc/bcel-5.2/org/apache/bcel/generic/StackInstruction.html", "size_i": "8545", "regex": "false"},
	{"name_s": "/usr/share/javadoc/bcel-5.2/org/apache/bcel/generic/StackProducer.html", "size_i": "6918", "regex": "false"},
	{"name_s": "/usr/share/javadoc/bcel-5.2/org/apache/bcel/generic/StoreInstruction.html", "size_i": "9391", "regex": "false"},
	{"name_s": "/usr/share/javadoc/bcel-5.2/org/apache/bcel/generic/TABLESWITCH.html", "size_i": "10900", "regex": "false"},
	{"name_s": "/usr/share/javadoc/bcel-5.2/org/apache/bcel/generic/TargetLostException.html", "size_i": "9965", "regex": "false"},
	{"name_s": "/usr/share/javadoc/bcel-5.2/org/apache/bcel/generic/Type.html", "size_i": "25729", "regex": "false"},
	{"name_s": "/usr/share/javadoc/bcel-5.2/org/apache/bcel/generic/TypedInstruction.html", "size_i": "6885", "regex": "false"},
	{"name_s": "/usr/share/javadoc/bcel-5.2/org/apache/bcel/generic/UnconditionalBranch.html", "size_i": "6086", "regex": "false"},
	{"name_s": "/usr/share/javadoc/bcel-5.2/org/apache/bcel/generic/VariableLengthInstruction.html", "size_i": "6368", "regex": "false"},
	{"name_s": "/usr/share/javadoc/bcel-5.2/org/apache/bcel/generic/Visitor.html", "size_i": "106987", "regex": "false"},
	{"name_s": "/usr/share/javadoc/bcel-5.2/org/apache/bcel/generic/package-frame.html", "size_i": "13851", "regex": "false"},
	{"name_s": "/usr/share/javadoc/bcel-5.2/org/apache/bcel/generic/package-summary.html", "size_i": "44231", "regex": "false"},
	{"name_s": "/usr/share/javadoc/bcel-5.2/org/apache/bcel/package-frame.html", "size_i": "1006", "regex": "false"},
	{"name_s": "/usr/share/javadoc/bcel-5.2/org/apache/bcel/package-summary.html", "size_i": "4865", "regex": "false"},
	{"name_s": "/usr/share/javadoc/bcel-5.2/org/apache/bcel/util", "size_i": "4096", "regex": "false"},
	{"name_s": "/usr/share/javadoc/bcel-5.2/org/apache/bcel/util/AttributeHTML.html", "size_i": "12221", "regex": "false"},
	{"name_s": "/usr/share/javadoc/bcel-5.2/org/apache/bcel/util/BCELComparator.html", "size_i": "7820", "regex": "false"},
	{"name_s": "/usr/share/javadoc/bcel-5.2/org/apache/bcel/util/BCELFactory.html", "size_i": "20391", "regex": "false"},
	{"name_s": "/usr/share/javadoc/bcel-5.2/org/apache/bcel/util/BCELifier.html", "size_i": "15945", "regex": "false"},
	{"name_s": "/usr/share/javadoc/bcel-5.2/org/apache/bcel/util/ByteSequence.ByteArrayStream.html", "size_i": "7414", "regex": "false"},
	{"name_s": "/usr/share/javadoc/bcel-5.2/org/apache/bcel/util/ByteSequence.html", "size_i": "9146", "regex": "false"},
	{"name_s": "/usr/share/javadoc/bcel-5.2/org/apache/bcel/util/Class2HTML.html", "size_i": "13142", "regex": "false"},
	{"name_s": "/usr/share/javadoc/bcel-5.2/org/apache/bcel/util/ClassLoader.html", "size_i": "14943", "regex": "false"},
	{"name_s": "/usr/share/javadoc/bcel-5.2/org/apache/bcel/util/ClassLoaderRepository.html", "size_i": "12604", "regex": "false"},
	{"name_s": "/usr/share/javadoc/bcel-5.2/org/apache/bcel/util/ClassPath.ClassFile.html", "size_i": "8372", "regex": "false"},
	{"name_s": "/usr/share/javadoc/bcel-5.2/org/apache/bcel/util/ClassPath.Dir.html", "size_i": "8338", "regex": "false"},
	{"name_s": "/usr/share/javadoc/bcel-5.2/org/apache/bcel/util/ClassPath.PathEntry.html", "size_i": "6767", "regex": "false"},
	{"name_s": "/usr/share/javadoc/bcel-5.2/org/apache/bcel/util/ClassPath.Zip.html", "size_i": "8026", "regex": "false"},
	{"name_s": "/usr/share/javadoc/bcel-5.2/org/apache/bcel/util/ClassPath.html", "size_i": "19658", "regex": "false"},
	{"name_s": "/usr/share/javadoc/bcel-5.2/org/apache/bcel/util/ClassQueue.html", "size_i": "8605", "regex": "false"},
	{"name_s": "/usr/share/javadoc/bcel-5.2/org/apache/bcel/util/ClassSet.html", "size_i": "9397", "regex": "false"},
	{"name_s": "/usr/share/javadoc/bcel-5.2/org/apache/bcel/util/ClassStack.html", "size_i": "8753", "regex": "false"},
	{"name_s": "/usr/share/javadoc/bcel-5.2/org/apache/bcel/util/ClassVector.html", "size_i": "9052", "regex": "false"},
	{"name_s": "/usr/share/javadoc/bcel-5.2/org/apache/bcel/util/CodeHTML.html", "size_i": "14008", "regex": "false"},
	{"name_s": "/usr/share/javadoc/bcel-5.2/org/apache/bcel/util/ConstantHTML.html", "size_i": "12138", "regex": "false"},
	{"name_s": "/usr/share/javadoc/bcel-5.2/org/apache/bcel/util/InstructionFinder.CodeConstraint.html", "size_i": "7112", "regex": "false"},
	{"name_s": "/usr/share/javadoc/bcel-5.2/org/apache/bcel/util/InstructionFinder.html", "size_i": "23968", "regex": "false"},
	{"name_s": "/usr/share/javadoc/bcel-5.2/org/apache/bcel/util/JavaWrapper.html", "size_i": "10525", "regex": "false"},
	{"name_s": "/usr/share/javadoc/bcel-5.2/org/apache/bcel/util/MethodHTML.html", "size_i": "11615", "regex": "false"},
	{"name_s": "/usr/share/javadoc/bcel-5.2/org/apache/bcel/util/Repository.html", "size_i": "10933", "regex": "false"},
	{"name_s": "/usr/share/javadoc/bcel-5.2/org/apache/bcel/util/SyntheticRepository.html", "size_i": "17426", "regex": "false"},
	{"name_s": "/usr/share/javadoc/bcel-5.2/org/apache/bcel/util/package-frame.html", "size_i": "2621", "regex": "false"},
	{"name_s": "/usr/share/javadoc/bcel-5.2/org/apache/bcel/util/package-summary.html", "size_i": "9128", "regex": "false"},
	{"name_s": "/usr/share/javadoc/bcel-5.2/org/apache/bcel/verifier", "size_i": "4096", "regex": "false"},
	{"name_s": "/usr/share/javadoc/bcel-5.2/org/apache/bcel/verifier/GraphicalVerifier.html", "size_i": "8040", "regex": "false"},
	{"name_s": "/usr/share/javadoc/bcel-5.2/org/apache/bcel/verifier/NativeVerifier.html", "size_i": "7666", "regex": "false"},
	{"name_s": "/usr/share/javadoc/bcel-5.2/org/apache/bcel/verifier/PassVerifier.html", "size_i": "12182", "regex": "false"},
	{"name_s": "/usr/share/javadoc/bcel-5.2/org/apache/bcel/verifier/TransitiveHull.html", "size_i": "9124", "regex": "false"},
	{"name_s": "/usr/share/javadoc/bcel-5.2/org/apache/bcel/verifier/VerificationResult.html", "size_i": "14385", "regex": "false"},
	{"name_s": "/usr/share/javadoc/bcel-5.2/org/apache/bcel/verifier/Verifier.html", "size_i": "15651", "regex": "false"},
	{"name_s": "/usr/share/javadoc/bcel-5.2/org/apache/bcel/verifier/VerifierAppFrame.html", "size_i": "25089", "regex": "false"},
	{"name_s": "/usr/share/javadoc/bcel-5.2/org/apache/bcel/verifier/VerifierFactory.html", "size_i": "12460", "regex": "false"},
	{"name_s": "/usr/share/javadoc/bcel-5.2/org/apache/bcel/verifier/VerifierFactoryListModel.html", "size_i": "10478", "regex": "false"},
	{"name_s": "/usr/share/javadoc/bcel-5.2/org/apache/bcel/verifier/VerifierFactoryObserver.html", "size_i": "7500", "regex": "false"},
	{"name_s": "/usr/share/javadoc/bcel-5.2/org/apache/bcel/verifier/VerifyDialog.IvjEventHandler.html", "size_i": "6573", "regex": "false"},
	{"name_s": "/usr/share/javadoc/bcel-5.2/org/apache/bcel/verifier/VerifyDialog.html", "size_i": "27889", "regex": "false"},
	{"name_s": "/usr/share/javadoc/bcel-5.2/org/apache/bcel/verifier/exc", "size_i": "4096", "regex": "false"},
	{"name_s": "/usr/share/javadoc/bcel-5.2/org/apache/bcel/verifier/exc/AssertionViolatedException.html", "size_i": "10958", "regex": "false"},
	{"name_s": "/usr/share/javadoc/bcel-5.2/org/apache/bcel/verifier/exc/ClassConstraintException.html", "size_i": "7792", "regex": "false"},
	{"name_s": "/usr/share/javadoc/bcel-5.2/org/apache/bcel/verifier/exc/CodeConstraintException.html", "size_i": "7781", "regex": "false"},
	{"name_s": "/usr/share/javadoc/bcel-5.2/org/apache/bcel/verifier/exc/InvalidMethodException.html", "size_i": "7037", "regex": "false"},
	{"name_s": "/usr/share/javadoc/bcel-5.2/org/apache/bcel/verifier/exc/LinkingConstraintException.html", "size_i": "6896", "regex": "false"},
	{"name_s": "/usr/share/javadoc/bcel-5.2/org/apache/bcel/verifier/exc/LoadingException.html", "size_i": "7639", "regex": "false"},
	{"name_s": "/usr/share/javadoc/bcel-5.2/org/apache/bcel/verifier/exc/LocalVariableInfoInconsistentException.html", "size_i": "8222", "regex": "false"},
	{"name_s": "/usr/share/javadoc/bcel-5.2/org/apache/bcel/verifier/exc/StaticCodeConstraintException.html", "size_i": "7296", "regex": "false"},
	{"name_s": "/usr/share/javadoc/bcel-5.2/org/apache/bcel/verifier/exc/StaticCodeInstructionConstraintException.html", "size_i": "7656", "regex": "false"},
	{"name_s": "/usr/share/javadoc/bcel-5.2/org/apache/bcel/verifier/exc/StaticCodeInstructionOperandConstraintException.html", "size_i": "7783", "regex": "false"},
	{"name_s": "/usr/share/javadoc/bcel-5.2/org/apache/bcel/verifier/exc/StructuralCodeConstraintException.html", "size_i": "8428", "regex": "false"},
	{"name_s": "/usr/share/javadoc/bcel-5.2/org/apache/bcel/verifier/exc/Utility.html", "size_i": "7637", "regex": "false"},
	{"name_s": "/usr/share/javadoc/bcel-5.2/org/apache/bcel/verifier/exc/VerificationException.html", "size_i": "8008", "regex": "false"},
	{"name_s": "/usr/share/javadoc/bcel-5.2/org/apache/bcel/verifier/exc/VerifierConstraintViolatedException.html", "size_i": "10806", "regex": "false"},
	{"name_s": "/usr/share/javadoc/bcel-5.2/org/apache/bcel/verifier/exc/package-frame.html", "size_i": "2154", "regex": "false"},
	{"name_s": "/usr/share/javadoc/bcel-5.2/org/apache/bcel/verifier/exc/package-summary.html", "size_i": "8848", "regex": "false"},
	{"name_s": "/usr/share/javadoc/bcel-5.2/org/apache/bcel/verifier/package-frame.html", "size_i": "1729", "regex": "false"},
	{"name_s": "/usr/share/javadoc/bcel-5.2/org/apache/bcel/verifier/package-summary.html", "size_i": "6668", "regex": "false"},
	{"name_s": "/usr/share/javadoc/bcel-5.2/org/apache/bcel/verifier/statics", "size_i": "4096", "regex": "false"},
	{"name_s": "/usr/share/javadoc/bcel-5.2/org/apache/bcel/verifier/statics/DOUBLE_Upper.html", "size_i": "8602", "regex": "false"},
	{"name_s": "/usr/share/javadoc/bcel-5.2/org/apache/bcel/verifier/statics/IntList.html", "size_i": "8465", "regex": "false"},
	{"name_s": "/usr/share/javadoc/bcel-5.2/org/apache/bcel/verifier/statics/LONG_Upper.html", "size_i": "8552", "regex": "false"},
	{"name_s": "/usr/share/javadoc/bcel-5.2/org/apache/bcel/verifier/statics/LocalVariableInfo.html", "size_i": "12393", "regex": "false"},
	{"name_s": "/usr/share/javadoc/bcel-5.2/org/apache/bcel/verifier/statics/LocalVariablesInfo.html", "size_i": "9858", "regex": "false"},
	{"name_s": "/usr/share/javadoc/bcel-5.2/org/apache/bcel/verifier/statics/Pass1Verifier.html", "size_i": "15590", "regex": "false"},
	{"name_s": "/usr/share/javadoc/bcel-5.2/org/apache/bcel/verifier/statics/Pass2Verifier.CPESSC_Visitor.html", "size_i": "33347", "regex": "false"},
	{"name_s": "/usr/share/javadoc/bcel-5.2/org/apache/bcel/verifier/statics/Pass2Verifier.FAMRAV_Visitor.html", "size_i": "10807", "regex": "false"},
	{"name_s": "/usr/share/javadoc/bcel-5.2/org/apache/bcel/verifier/statics/Pass2Verifier.InnerClassDetector.html", "size_i": "11412", "regex": "false"},
	{"name_s": "/usr/share/javadoc/bcel-5.2/org/apache/bcel/verifier/statics/Pass2Verifier.html", "size_i": "24994", "regex": "false"},
	{"name_s": "/usr/share/javadoc/bcel-5.2/org/apache/bcel/verifier/statics/Pass3aVerifier.InstOperandConstraintVisitor.html", "size_i": "34708", "regex": "false"},
	{"name_s": "/usr/share/javadoc/bcel-5.2/org/apache/bcel/verifier/statics/Pass3aVerifier.html", "size_i": "16652", "regex": "false"},
	{"name_s": "/usr/share/javadoc/bcel-5.2/org/apache/bcel/verifier/statics/StringRepresentation.html", "size_i": "31606", "regex": "false"},
	{"name_s": "/usr/share/javadoc/bcel-5.2/org/apache/bcel/verifier/statics/package-frame.html", "size_i": "1861", "regex": "false"},
	{"name_s": "/usr/share/javadoc/bcel-5.2/org/apache/bcel/verifier/statics/package-summary.html", "size_i": "7121", "regex": "false"},
	{"name_s": "/usr/share/javadoc/bcel-5.2/org/apache/bcel/verifier/structurals", "size_i": "4096", "regex": "false"},
	{"name_s": "/usr/share/javadoc/bcel-5.2/org/apache/bcel/verifier/structurals/ControlFlowGraph.InstructionContextImpl.html", "size_i": "21568", "regex": "false"},
	{"name_s": "/usr/share/javadoc/bcel-5.2/org/apache/bcel/verifier/structurals/ControlFlowGraph.html", "size_i": "14251", "regex": "false"},
	{"name_s": "/usr/share/javadoc/bcel-5.2/org/apache/bcel/verifier/structurals/ExceptionHandler.html", "size_i": "10536", "regex": "false"},
	{"name_s": "/usr/share/javadoc/bcel-5.2/org/apache/bcel/verifier/structurals/ExceptionHandlers.html", "size_i": "9232", "regex": "false"},
	{"name_s": "/usr/share/javadoc/bcel-5.2/org/apache/bcel/verifier/structurals/ExecutionVisitor.html", "size_i": "119973", "regex": "false"},
	{"name_s": "/usr/share/javadoc/bcel-5.2/org/apache/bcel/verifier/structurals/Frame.html", "size_i": "12760", "regex": "false"},
	{"name_s": "/usr/share/javadoc/bcel-5.2/org/apache/bcel/verifier/structurals/GenericArray.html", "size_i": "6833", "regex": "false"},
	{"name_s": "/usr/share/javadoc/bcel-5.2/org/apache/bcel/verifier/structurals/InstConstraintVisitor.html", "size_i": "136676", "regex": "false"},
	{"name_s": "/usr/share/javadoc/bcel-5.2/org/apache/bcel/verifier/structurals/InstructionContext.html", "size_i": "14084", "regex": "false"},
	{"name_s": "/usr/share/javadoc/bcel-5.2/org/apache/bcel/verifier/structurals/LocalVariables.html", "size_i": "14704", "regex": "false"},
	{"name_s": "/usr/share/javadoc/bcel-5.2/org/apache/bcel/verifier/structurals/OperandStack.html", "size_i": "18781", "regex": "false"},
	{"name_s": "/usr/share/javadoc/bcel-5.2/org/apache/bcel/verifier/structurals/Pass3bVerifier.InstructionContextQueue.html", "size_i": "10425", "regex": "false"},
	{"name_s": "/usr/share/javadoc/bcel-5.2/org/apache/bcel/verifier/structurals/Pass3bVerifier.html", "size_i": "14109", "regex": "false"},
	{"name_s": "/usr/share/javadoc/bcel-5.2/org/apache/bcel/verifier/structurals/Subroutine.html", "size_i": "12743", "regex": "false"},
	{"name_s": "/usr/share/javadoc/bcel-5.2/org/apache/bcel/verifier/structurals/Subroutines.SubroutineImpl.html", "size_i": "17990", "regex": "false"},
	{"name_s": "/usr/share/javadoc/bcel-5.2/org/apache/bcel/verifier/structurals/Subroutines.html", "size_i": "18390", "regex": "false"},
	{"name_s": "/usr/share/javadoc/bcel-5.2/org/apache/bcel/verifier/structurals/UninitializedObjectType.html", "size_i": "10445", "regex": "false"},
	{"name_s": "/usr/share/javadoc/bcel-5.2/org/apache/bcel/verifier/structurals/package-frame.html", "size_i": "2191", "regex": "false"},
	{"name_s": "/usr/share/javadoc/bcel-5.2/org/apache/bcel/verifier/structurals/package-summary.html", "size_i": "8171", "regex": "false"},
	{"name_s": "/usr/share/javadoc/bcel-5.2/overview-frame.html", "size_i": "1587", "regex": "false"},
	{"name_s": "/usr/share/javadoc/bcel-5.2/overview-summary.html", "size_i": "5474", "regex": "false"},
	{"name_s": "/usr/share/javadoc/bcel-5.2/package-list", "size_i": "211", "regex": "false"},
	{"name_s": "/usr/share/javadoc/bcel-5.2/stylesheet.css", "size_i": "4692", "regex": "false"}
]
