[
	{"name_s": "/etc/NetworkManager/dispatcher.d/13-named", "size_i": "159", "regex": "false"},
	{"name_s": "/etc/logrotate.d/named", "size_i": "170", "regex": "false"},
	{"name_s": "/etc/named", "size_i": "4096", "regex": "false"},
	{"name_s": "/etc/named.conf", "size_i": "1008", "regex": "false"},
	{"name_s": "/etc/named.iscdlv.key", "size_i": "2389", "regex": "false"},
	{"name_s": "/etc/named.rfc1912.zones", "size_i": "931", "regex": "false"},
	{"name_s": "/etc/named.root.key", "size_i": "487", "regex": "false"},
	{"name_s": "/etc/portreserve/named", "size_i": "9", "regex": "false"},
	{"name_s": "/etc/rc.d/init.d/named", "size_i": "7362", "regex": "false"},
	{"name_s": "/etc/rndc.conf", "size_i": "0", "regex": "false"},
	{"name_s": "/etc/rndc.key", "size_i": "0", "regex": "false"},
	{"name_s": "/etc/sysconfig/named", "size_i": "1695", "regex": "false"},
	{"name_s": "/usr/lib64/bind", "size_i": "4096", "regex": "false"},
	{"name_s": "/usr/sbin/arpaname", "size_i": "5592", "regex": "false"},
	{"name_s": "/usr/sbin/ddns-confgen", "size_i": "15352", "regex": "false"},
	{"name_s": "/usr/sbin/dnssec-dsfromkey", "size_i": "28112", "regex": "false"},
	{"name_s": "/usr/sbin/dnssec-keyfromlabel", "size_i": "28200", "regex": "false"},
	{"name_s": "/usr/sbin/dnssec-keygen", "size_i": "36952", "regex": "false"},
	{"name_s": "/usr/sbin/dnssec-revoke", "size_i": "21776", "regex": "false"},
	{"name_s": "/usr/sbin/dnssec-settime", "size_i": "27944", "regex": "false"},
	{"name_s": "/usr/sbin/dnssec-signzone", "size_i": "82368", "regex": "false"},
	{"name_s": "/usr/sbin/genrandom", "size_i": "7504", "regex": "false"},
	{"name_s": "/usr/sbin/isc-hmac-fixup", "size_i": "8664", "regex": "false"},
	{"name_s": "/usr/sbin/lwresd", "size_i": "546560", "regex": "false"},
	{"name_s": "/usr/sbin/named", "size_i": "546560", "regex": "false"},
	{"name_s": "/usr/sbin/named-checkconf", "size_i": "28464", "regex": "false"},
	{"name_s": "/usr/sbin/named-checkzone", "size_i": "24416", "regex": "false"},
	{"name_s": "/usr/sbin/named-compilezone", "size_i": "15", "regex": "false"},
	{"name_s": "/usr/sbin/named-journalprint", "size_i": "6944", "regex": "false"},
	{"name_s": "/usr/sbin/nsec3hash", "size_i": "7832", "regex": "false"},
	{"name_s": "/usr/sbin/rndc", "size_i": "28424", "regex": "false"},
	{"name_s": "/usr/sbin/rndc-confgen", "size_i": "15704", "regex": "false"},
	{"name_s": "/usr/share/doc/bind-9.8.2", "size_i": "4096", "regex": "false"},
	{"name_s": "/usr/share/doc/bind-9.8.2/CHANGES", "size_i": "346196", "regex": "false"},
	{"name_s": "/usr/share/doc/bind-9.8.2/COPYRIGHT", "size_i": "26025", "regex": "false"},
	{"name_s": "/usr/share/doc/bind-9.8.2/Copyright", "size_i": "210", "regex": "false"},
	{"name_s": "/usr/share/doc/bind-9.8.2/README", "size_i": "13958", "regex": "false"},
	{"name_s": "/usr/share/doc/bind-9.8.2/arm", "size_i": "4096", "regex": "false"},
	{"name_s": "/usr/share/doc/bind-9.8.2/arm/Bv9ARM-book.xml", "size_i": "669631", "regex": "false"},
	{"name_s": "/usr/share/doc/bind-9.8.2/arm/Bv9ARM.ch01.html", "size_i": "25939", "regex": "false"},
	{"name_s": "/usr/share/doc/bind-9.8.2/arm/Bv9ARM.ch02.html", "size_i": "7799", "regex": "false"},
	{"name_s": "/usr/share/doc/bind-9.8.2/arm/Bv9ARM.ch03.html", "size_i": "47290", "regex": "false"},
	{"name_s": "/usr/share/doc/bind-9.8.2/arm/Bv9ARM.ch04.html", "size_i": "94854", "regex": "false"},
	{"name_s": "/usr/share/doc/bind-9.8.2/arm/Bv9ARM.ch05.html", "size_i": "6497", "regex": "false"},
	{"name_s": "/usr/share/doc/bind-9.8.2/arm/Bv9ARM.ch06.html", "size_i": "543085", "regex": "false"},
	{"name_s": "/usr/share/doc/bind-9.8.2/arm/Bv9ARM.ch07.html", "size_i": "12683", "regex": "false"},
	{"name_s": "/usr/share/doc/bind-9.8.2/arm/Bv9ARM.ch08.html", "size_i": "6871", "regex": "false"},
	{"name_s": "/usr/share/doc/bind-9.8.2/arm/Bv9ARM.ch09.html", "size_i": "75227", "regex": "false"},
	{"name_s": "/usr/share/doc/bind-9.8.2/arm/Bv9ARM.ch10.html", "size_i": "6693", "regex": "false"},
	{"name_s": "/usr/share/doc/bind-9.8.2/arm/Bv9ARM.html", "size_i": "24784", "regex": "false"},
	{"name_s": "/usr/share/doc/bind-9.8.2/arm/Bv9ARM.pdf", "size_i": "1258411", "regex": "false"},
	{"name_s": "/usr/share/doc/bind-9.8.2/arm/Makefile", "size_i": "13658", "regex": "false"},
	{"name_s": "/usr/share/doc/bind-9.8.2/arm/Makefile.in", "size_i": "2604", "regex": "false"},
	{"name_s": "/usr/share/doc/bind-9.8.2/arm/README-SGML", "size_i": "11907", "regex": "false"},
	{"name_s": "/usr/share/doc/bind-9.8.2/arm/dnssec.xml", "size_i": "12368", "regex": "false"},
	{"name_s": "/usr/share/doc/bind-9.8.2/arm/isc-logo.eps", "size_i": "520333", "regex": "false"},
	{"name_s": "/usr/share/doc/bind-9.8.2/arm/isc-logo.pdf", "size_i": "287991", "regex": "false"},
	{"name_s": "/usr/share/doc/bind-9.8.2/arm/latex-fixup.pl", "size_i": "2059", "regex": "false"},
	{"name_s": "/usr/share/doc/bind-9.8.2/arm/libdns.xml", "size_i": "17826", "regex": "false"},
	{"name_s": "/usr/share/doc/bind-9.8.2/arm/man.arpaname.html", "size_i": "3567", "regex": "false"},
	{"name_s": "/usr/share/doc/bind-9.8.2/arm/man.ddns-confgen.html", "size_i": "8873", "regex": "false"},
	{"name_s": "/usr/share/doc/bind-9.8.2/arm/man.dig.html", "size_i": "32974", "regex": "false"},
	{"name_s": "/usr/share/doc/bind-9.8.2/arm/man.dnssec-dsfromkey.html", "size_i": "8887", "regex": "false"},
	{"name_s": "/usr/share/doc/bind-9.8.2/arm/man.dnssec-keyfromlabel.html", "size_i": "14943", "regex": "false"},
	{"name_s": "/usr/share/doc/bind-9.8.2/arm/man.dnssec-keygen.html", "size_i": "21929", "regex": "false"},
	{"name_s": "/usr/share/doc/bind-9.8.2/arm/man.dnssec-revoke.html", "size_i": "5522", "regex": "false"},
	{"name_s": "/usr/share/doc/bind-9.8.2/arm/man.dnssec-settime.html", "size_i": "12424", "regex": "false"},
	{"name_s": "/usr/share/doc/bind-9.8.2/arm/man.dnssec-signzone.html", "size_i": "23482", "regex": "false"},
	{"name_s": "/usr/share/doc/bind-9.8.2/arm/man.genrandom.html", "size_i": "4594", "regex": "false"},
	{"name_s": "/usr/share/doc/bind-9.8.2/arm/man.host.html", "size_i": "12424", "regex": "false"},
	{"name_s": "/usr/share/doc/bind-9.8.2/arm/man.isc-hmac-fixup.html", "size_i": "5221", "regex": "false"},
	{"name_s": "/usr/share/doc/bind-9.8.2/arm/man.named-checkconf.html", "size_i": "6639", "regex": "false"},
	{"name_s": "/usr/share/doc/bind-9.8.2/arm/man.named-checkzone.html", "size_i": "17272", "regex": "false"},
	{"name_s": "/usr/share/doc/bind-9.8.2/arm/man.named-journalprint.html", "size_i": "4689", "regex": "false"},
	{"name_s": "/usr/share/doc/bind-9.8.2/arm/man.named.html", "size_i": "15576", "regex": "false"},
	{"name_s": "/usr/share/doc/bind-9.8.2/arm/man.nsec3hash.html", "size_i": "4422", "regex": "false"},
	{"name_s": "/usr/share/doc/bind-9.8.2/arm/man.nsupdate.html", "size_i": "27113", "regex": "false"},
	{"name_s": "/usr/share/doc/bind-9.8.2/arm/man.rndc-confgen.html", "size_i": "11386", "regex": "false"},
	{"name_s": "/usr/share/doc/bind-9.8.2/arm/man.rndc.conf.html", "size_i": "10698", "regex": "false"},
	{"name_s": "/usr/share/doc/bind-9.8.2/arm/man.rndc.html", "size_i": "9749", "regex": "false"},
	{"name_s": "/usr/share/doc/bind-9.8.2/arm/managed-keys.xml", "size_i": "5209", "regex": "false"},
	{"name_s": "/usr/share/doc/bind-9.8.2/arm/pkcs11.xml", "size_i": "17674", "regex": "false"},
	{"name_s": "/usr/share/doc/bind-9.8.2/arm/releaseinfo.xml", "size_i": "79", "regex": "false"},
	{"name_s": "/usr/share/doc/bind-9.8.2/draft", "size_i": "4096", "regex": "false"},
	{"name_s": "/usr/share/doc/bind-9.8.2/draft/draft-faltstrom-uri-06.txt", "size_i": "26010", "regex": "false"},
	{"name_s": "/usr/share/doc/bind-9.8.2/draft/draft-ietf-6man-text-addr-representation-07.txt", "size_i": "26964", "regex": "false"},
	{"name_s": "/usr/share/doc/bind-9.8.2/draft/draft-ietf-behave-address-format-07.txt", "size_i": "40723", "regex": "false"},
	{"name_s": "/usr/share/doc/bind-9.8.2/draft/draft-ietf-behave-dns64-11.txt", "size_i": "76045", "regex": "false"},
	{"name_s": "/usr/share/doc/bind-9.8.2/draft/draft-ietf-dnsext-axfr-clarify-14.txt", "size_i": "66342", "regex": "false"},
	{"name_s": "/usr/share/doc/bind-9.8.2/draft/draft-ietf-dnsext-dns-tcp-requirements-03.txt", "size_i": "16572", "regex": "false"},
	{"name_s": "/usr/share/doc/bind-9.8.2/draft/draft-ietf-dnsext-dnssec-bis-updates-12.txt", "size_i": "32081", "regex": "false"},
	{"name_s": "/usr/share/doc/bind-9.8.2/draft/draft-ietf-dnsext-dnssec-registry-fixes-06.txt", "size_i": "17703", "regex": "false"},
	{"name_s": "/usr/share/doc/bind-9.8.2/draft/draft-ietf-dnsext-ecc-key-07.txt", "size_i": "34115", "regex": "false"},
	{"name_s": "/usr/share/doc/bind-9.8.2/draft/draft-ietf-dnsext-interop3597-02.txt", "size_i": "8566", "regex": "false"},
	{"name_s": "/usr/share/doc/bind-9.8.2/draft/draft-ietf-dnsext-rfc2671bis-edns0-05.txt", "size_i": "27149", "regex": "false"},
	{"name_s": "/usr/share/doc/bind-9.8.2/draft/draft-ietf-dnsext-rfc2672bis-dname-19.txt", "size_i": "37806", "regex": "false"},
	{"name_s": "/usr/share/doc/bind-9.8.2/draft/draft-ietf-dnsext-rfc3597-bis-02.txt", "size_i": "17510", "regex": "false"},
	{"name_s": "/usr/share/doc/bind-9.8.2/draft/draft-ietf-dnsext-tsig-md5-deprecated-03.txt", "size_i": "10284", "regex": "false"},
	{"name_s": "/usr/share/doc/bind-9.8.2/draft/draft-ietf-dnsop-bad-dns-res-05.txt", "size_i": "46716", "regex": "false"},
	{"name_s": "/usr/share/doc/bind-9.8.2/draft/draft-ietf-dnsop-dnssec-key-timing-02.txt", "size_i": "71326", "regex": "false"},
	{"name_s": "/usr/share/doc/bind-9.8.2/draft/draft-ietf-dnsop-dnssec-trust-history-01.txt", "size_i": "20740", "regex": "false"},
	{"name_s": "/usr/share/doc/bind-9.8.2/draft/draft-ietf-dnsop-inaddr-required-07.txt", "size_i": "15178", "regex": "false"},
	{"name_s": "/usr/share/doc/bind-9.8.2/draft/draft-ietf-dnsop-name-server-management-reqs-02.txt", "size_i": "36042", "regex": "false"},
	{"name_s": "/usr/share/doc/bind-9.8.2/draft/draft-ietf-dnsop-respsize-06.txt", "size_i": "25615", "regex": "false"},
	{"name_s": "/usr/share/doc/bind-9.8.2/draft/draft-kato-dnsop-local-zones-00.txt", "size_i": "8645", "regex": "false"},
	{"name_s": "/usr/share/doc/bind-9.8.2/draft/draft-kerr-ixfr-only-01.txt", "size_i": "11020", "regex": "false"},
	{"name_s": "/usr/share/doc/bind-9.8.2/draft/draft-mekking-dnsop-auto-cpsync-00.txt", "size_i": "11685", "regex": "false"},
	{"name_s": "/usr/share/doc/bind-9.8.2/draft/draft-yao-dnsext-bname-04.txt", "size_i": "27206", "regex": "false"},
	{"name_s": "/usr/share/doc/bind-9.8.2/draft/update", "size_i": "670", "regex": "false"},
	{"name_s": "/usr/share/doc/bind-9.8.2/misc", "size_i": "4096", "regex": "false"},
	{"name_s": "/usr/share/doc/bind-9.8.2/misc/Makefile", "size_i": "12694", "regex": "false"},
	{"name_s": "/usr/share/doc/bind-9.8.2/misc/Makefile.in", "size_i": "1671", "regex": "false"},
	{"name_s": "/usr/share/doc/bind-9.8.2/misc/dnssec", "size_i": "3091", "regex": "false"},
	{"name_s": "/usr/share/doc/bind-9.8.2/misc/format-options.pl", "size_i": "1504", "regex": "false"},
	{"name_s": "/usr/share/doc/bind-9.8.2/misc/ipv6", "size_i": "4546", "regex": "false"},
	{"name_s": "/usr/share/doc/bind-9.8.2/misc/migration", "size_i": "11337", "regex": "false"},
	{"name_s": "/usr/share/doc/bind-9.8.2/misc/migration-4to9", "size_i": "2062", "regex": "false"},
	{"name_s": "/usr/share/doc/bind-9.8.2/misc/options", "size_i": "27380", "regex": "false"},
	{"name_s": "/usr/share/doc/bind-9.8.2/misc/rfc-compliance", "size_i": "1704", "regex": "false"},
	{"name_s": "/usr/share/doc/bind-9.8.2/misc/roadmap", "size_i": "2037", "regex": "false"},
	{"name_s": "/usr/share/doc/bind-9.8.2/misc/sdb", "size_i": "6550", "regex": "false"},
	{"name_s": "/usr/share/doc/bind-9.8.2/misc/sort-options.pl", "size_i": "1380", "regex": "false"},
	{"name_s": "/usr/share/doc/bind-9.8.2/named.conf.default", "size_i": "1008", "regex": "false"},
	{"name_s": "/usr/share/doc/bind-9.8.2/rfc", "size_i": "4096", "regex": "false"},
	{"name_s": "/usr/share/doc/bind-9.8.2/rfc/index.gz", "size_i": "3006", "regex": "false"},
	{"name_s": "/usr/share/doc/bind-9.8.2/rfc/rfc1032.txt.gz", "size_i": "9206", "regex": "false"},
	{"name_s": "/usr/share/doc/bind-9.8.2/rfc/rfc1033.txt.gz", "size_i": "9676", "regex": "false"},
	{"name_s": "/usr/share/doc/bind-9.8.2/rfc/rfc1034.txt.gz", "size_i": "34140", "regex": "false"},
	{"name_s": "/usr/share/doc/bind-9.8.2/rfc/rfc1035.txt.gz", "size_i": "31957", "regex": "false"},
	{"name_s": "/usr/share/doc/bind-9.8.2/rfc/rfc1101.txt.gz", "size_i": "8593", "regex": "false"},
	{"name_s": "/usr/share/doc/bind-9.8.2/rfc/rfc1122.txt.gz", "size_i": "74307", "regex": "false"},
	{"name_s": "/usr/share/doc/bind-9.8.2/rfc/rfc1123.txt.gz", "size_i": "62605", "regex": "false"},
	{"name_s": "/usr/share/doc/bind-9.8.2/rfc/rfc1183.txt.gz", "size_i": "7602", "regex": "false"},
	{"name_s": "/usr/share/doc/bind-9.8.2/rfc/rfc1348.txt.gz", "size_i": "2606", "regex": "false"},
	{"name_s": "/usr/share/doc/bind-9.8.2/rfc/rfc1535.txt.gz", "size_i": "3733", "regex": "false"},
	{"name_s": "/usr/share/doc/bind-9.8.2/rfc/rfc1536.txt.gz", "size_i": "8662", "regex": "false"},
	{"name_s": "/usr/share/doc/bind-9.8.2/rfc/rfc1537.txt.gz", "size_i": "7262", "regex": "false"},
	{"name_s": "/usr/share/doc/bind-9.8.2/rfc/rfc1591.txt.gz", "size_i": "5674", "regex": "false"},
	{"name_s": "/usr/share/doc/bind-9.8.2/rfc/rfc1611.txt.gz", "size_i": "11917", "regex": "false"},
	{"name_s": "/usr/share/doc/bind-9.8.2/rfc/rfc1612.txt.gz", "size_i": "11805", "regex": "false"},
	{"name_s": "/usr/share/doc/bind-9.8.2/rfc/rfc1706.txt.gz", "size_i": "6030", "regex": "false"},
	{"name_s": "/usr/share/doc/bind-9.8.2/rfc/rfc1712.txt.gz", "size_i": "4482", "regex": "false"},
	{"name_s": "/usr/share/doc/bind-9.8.2/rfc/rfc1750.txt.gz", "size_i": "23963", "regex": "false"},
	{"name_s": "/usr/share/doc/bind-9.8.2/rfc/rfc1876.txt.gz", "size_i": "8326", "regex": "false"},
	{"name_s": "/usr/share/doc/bind-9.8.2/rfc/rfc1886.txt.gz", "size_i": "2441", "regex": "false"},
	{"name_s": "/usr/share/doc/bind-9.8.2/rfc/rfc1912.txt.gz", "size_i": "13526", "regex": "false"},
	{"name_s": "/usr/share/doc/bind-9.8.2/rfc/rfc1982.txt.gz", "size_i": "5077", "regex": "false"},
	{"name_s": "/usr/share/doc/bind-9.8.2/rfc/rfc1995.txt.gz", "size_i": "4160", "regex": "false"},
	{"name_s": "/usr/share/doc/bind-9.8.2/rfc/rfc1996.txt.gz", "size_i": "5468", "regex": "false"},
	{"name_s": "/usr/share/doc/bind-9.8.2/rfc/rfc2052.txt.gz", "size_i": "6836", "regex": "false"},
	{"name_s": "/usr/share/doc/bind-9.8.2/rfc/rfc2104.txt.gz", "size_i": "7674", "regex": "false"},
	{"name_s": "/usr/share/doc/bind-9.8.2/rfc/rfc2119.txt.gz", "size_i": "1861", "regex": "false"},
	{"name_s": "/usr/share/doc/bind-9.8.2/rfc/rfc2133.txt.gz", "size_i": "18647", "regex": "false"},
	{"name_s": "/usr/share/doc/bind-9.8.2/rfc/rfc2136.txt.gz", "size_i": "16029", "regex": "false"},
	{"name_s": "/usr/share/doc/bind-9.8.2/rfc/rfc2137.txt.gz", "size_i": "7748", "regex": "false"},
	{"name_s": "/usr/share/doc/bind-9.8.2/rfc/rfc2163.txt.gz", "size_i": "18085", "regex": "false"},
	{"name_s": "/usr/share/doc/bind-9.8.2/rfc/rfc2168.txt.gz", "size_i": "15322", "regex": "false"},
	{"name_s": "/usr/share/doc/bind-9.8.2/rfc/rfc2181.txt.gz", "size_i": "12019", "regex": "false"},
	{"name_s": "/usr/share/doc/bind-9.8.2/rfc/rfc2230.txt.gz", "size_i": "8232", "regex": "false"},
	{"name_s": "/usr/share/doc/bind-9.8.2/rfc/rfc2308.txt.gz", "size_i": "12687", "regex": "false"},
	{"name_s": "/usr/share/doc/bind-9.8.2/rfc/rfc2317.txt.gz", "size_i": "5897", "regex": "false"},
	{"name_s": "/usr/share/doc/bind-9.8.2/rfc/rfc2373.txt.gz", "size_i": "14101", "regex": "false"},
	{"name_s": "/usr/share/doc/bind-9.8.2/rfc/rfc2374.txt.gz", "size_i": "7881", "regex": "false"},
	{"name_s": "/usr/share/doc/bind-9.8.2/rfc/rfc2375.txt.gz", "size_i": "4827", "regex": "false"},
	{"name_s": "/usr/share/doc/bind-9.8.2/rfc/rfc2418.txt.gz", "size_i": "19580", "regex": "false"},
	{"name_s": "/usr/share/doc/bind-9.8.2/rfc/rfc2535.txt.gz", "size_i": "32918", "regex": "false"},
	{"name_s": "/usr/share/doc/bind-9.8.2/rfc/rfc2536.txt.gz", "size_i": "4166", "regex": "false"},
	{"name_s": "/usr/share/doc/bind-9.8.2/rfc/rfc2537.txt.gz", "size_i": "4144", "regex": "false"},
	{"name_s": "/usr/share/doc/bind-9.8.2/rfc/rfc2538.txt.gz", "size_i": "6703", "regex": "false"},
	{"name_s": "/usr/share/doc/bind-9.8.2/rfc/rfc2539.txt.gz", "size_i": "5067", "regex": "false"},
	{"name_s": "/usr/share/doc/bind-9.8.2/rfc/rfc2540.txt.gz", "size_i": "4304", "regex": "false"},
	{"name_s": "/usr/share/doc/bind-9.8.2/rfc/rfc2541.txt.gz", "size_i": "5389", "regex": "false"},
	{"name_s": "/usr/share/doc/bind-9.8.2/rfc/rfc2553.txt.gz", "size_i": "24372", "regex": "false"},
	{"name_s": "/usr/share/doc/bind-9.8.2/rfc/rfc2671.txt.gz", "size_i": "5466", "regex": "false"},
	{"name_s": "/usr/share/doc/bind-9.8.2/rfc/rfc2672.txt.gz", "size_i": "6600", "regex": "false"},
	{"name_s": "/usr/share/doc/bind-9.8.2/rfc/rfc2673.txt.gz", "size_i": "4589", "regex": "false"},
	{"name_s": "/usr/share/doc/bind-9.8.2/rfc/rfc2782.txt.gz", "size_i": "8477", "regex": "false"},
	{"name_s": "/usr/share/doc/bind-9.8.2/rfc/rfc2825.txt.gz", "size_i": "6090", "regex": "false"},
	{"name_s": "/usr/share/doc/bind-9.8.2/rfc/rfc2826.txt.gz", "size_i": "5069", "regex": "false"},
	{"name_s": "/usr/share/doc/bind-9.8.2/rfc/rfc2845.txt.gz", "size_i": "10659", "regex": "false"},
	{"name_s": "/usr/share/doc/bind-9.8.2/rfc/rfc2874.txt.gz", "size_i": "14327", "regex": "false"},
	{"name_s": "/usr/share/doc/bind-9.8.2/rfc/rfc2915.txt.gz", "size_i": "13776", "regex": "false"},
	{"name_s": "/usr/share/doc/bind-9.8.2/rfc/rfc2929.txt.gz", "size_i": "7129", "regex": "false"},
	{"name_s": "/usr/share/doc/bind-9.8.2/rfc/rfc2930.txt.gz", "size_i": "10923", "regex": "false"},
	{"name_s": "/usr/share/doc/bind-9.8.2/rfc/rfc2931.txt.gz", "size_i": "6366", "regex": "false"},
	{"name_s": "/usr/share/doc/bind-9.8.2/rfc/rfc3007.txt.gz", "size_i": "6369", "regex": "false"},
	{"name_s": "/usr/share/doc/bind-9.8.2/rfc/rfc3008.txt.gz", "size_i": "4916", "regex": "false"},
	{"name_s": "/usr/share/doc/bind-9.8.2/rfc/rfc3071.txt.gz", "size_i": "9349", "regex": "false"},
	{"name_s": "/usr/share/doc/bind-9.8.2/rfc/rfc3090.txt.gz", "size_i": "8307", "regex": "false"},
	{"name_s": "/usr/share/doc/bind-9.8.2/rfc/rfc3110.txt.gz", "size_i": "5439", "regex": "false"},
	{"name_s": "/usr/share/doc/bind-9.8.2/rfc/rfc3123.txt.gz", "size_i": "5356", "regex": "false"},
	{"name_s": "/usr/share/doc/bind-9.8.2/rfc/rfc3152.txt.gz", "size_i": "2402", "regex": "false"},
	{"name_s": "/usr/share/doc/bind-9.8.2/rfc/rfc3197.txt.gz", "size_i": "3537", "regex": "false"},
	{"name_s": "/usr/share/doc/bind-9.8.2/rfc/rfc3225.txt.gz", "size_i": "4237", "regex": "false"},
	{"name_s": "/usr/share/doc/bind-9.8.2/rfc/rfc3226.txt.gz", "size_i": "4745", "regex": "false"},
	{"name_s": "/usr/share/doc/bind-9.8.2/rfc/rfc3258.txt.gz", "size_i": "6780", "regex": "false"},
	{"name_s": "/usr/share/doc/bind-9.8.2/rfc/rfc3363.txt.gz", "size_i": "4301", "regex": "false"},
	{"name_s": "/usr/share/doc/bind-9.8.2/rfc/rfc3364.txt.gz", "size_i": "9395", "regex": "false"},
	{"name_s": "/usr/share/doc/bind-9.8.2/rfc/rfc3425.txt.gz", "size_i": "3599", "regex": "false"},
	{"name_s": "/usr/share/doc/bind-9.8.2/rfc/rfc3445.txt.gz", "size_i": "6677", "regex": "false"},
	{"name_s": "/usr/share/doc/bind-9.8.2/rfc/rfc3467.txt.gz", "size_i": "28748", "regex": "false"},
	{"name_s": "/usr/share/doc/bind-9.8.2/rfc/rfc3490.txt.gz", "size_i": "15764", "regex": "false"},
	{"name_s": "/usr/share/doc/bind-9.8.2/rfc/rfc3491.txt.gz", "size_i": "3788", "regex": "false"},
	{"name_s": "/usr/share/doc/bind-9.8.2/rfc/rfc3492.txt.gz", "size_i": "20243", "regex": "false"},
	{"name_s": "/usr/share/doc/bind-9.8.2/rfc/rfc3493.txt.gz", "size_i": "22596", "regex": "false"},
	{"name_s": "/usr/share/doc/bind-9.8.2/rfc/rfc3513.txt.gz", "size_i": "14394", "regex": "false"},
	{"name_s": "/usr/share/doc/bind-9.8.2/rfc/rfc3596.txt.gz", "size_i": "4904", "regex": "false"},
	{"name_s": "/usr/share/doc/bind-9.8.2/rfc/rfc3597.txt.gz", "size_i": "6392", "regex": "false"},
	{"name_s": "/usr/share/doc/bind-9.8.2/rfc/rfc3645.txt.gz", "size_i": "13153", "regex": "false"},
	{"name_s": "/usr/share/doc/bind-9.8.2/rfc/rfc3655.txt.gz", "size_i": "5564", "regex": "false"},
	{"name_s": "/usr/share/doc/bind-9.8.2/rfc/rfc3658.txt.gz", "size_i": "13355", "regex": "false"},
	{"name_s": "/usr/share/doc/bind-9.8.2/rfc/rfc3755.txt.gz", "size_i": "7336", "regex": "false"},
	{"name_s": "/usr/share/doc/bind-9.8.2/rfc/rfc3757.txt.gz", "size_i": "5899", "regex": "false"},
	{"name_s": "/usr/share/doc/bind-9.8.2/rfc/rfc3833.txt.gz", "size_i": "13786", "regex": "false"},
	{"name_s": "/usr/share/doc/bind-9.8.2/rfc/rfc3845.txt.gz", "size_i": "5144", "regex": "false"},
	{"name_s": "/usr/share/doc/bind-9.8.2/rfc/rfc3901.txt.gz", "size_i": "3943", "regex": "false"},
	{"name_s": "/usr/share/doc/bind-9.8.2/rfc/rfc4025.txt.gz", "size_i": "8195", "regex": "false"},
	{"name_s": "/usr/share/doc/bind-9.8.2/rfc/rfc4033.txt.gz", "size_i": "15759", "regex": "false"},
	{"name_s": "/usr/share/doc/bind-9.8.2/rfc/rfc4034.txt.gz", "size_i": "17471", "regex": "false"},
	{"name_s": "/usr/share/doc/bind-9.8.2/rfc/rfc4035.txt.gz", "size_i": "32411", "regex": "false"},
	{"name_s": "/usr/share/doc/bind-9.8.2/rfc/rfc4074.txt.gz", "size_i": "4939", "regex": "false"},
	{"name_s": "/usr/share/doc/bind-9.8.2/rfc/rfc4159.txt.gz", "size_i": "2256", "regex": "false"},
	{"name_s": "/usr/share/doc/bind-9.8.2/rfc/rfc4193.txt.gz", "size_i": "11497", "regex": "false"},
	{"name_s": "/usr/share/doc/bind-9.8.2/rfc/rfc4255.txt.gz", "size_i": "6021", "regex": "false"},
	{"name_s": "/usr/share/doc/bind-9.8.2/rfc/rfc4294.txt.gz", "size_i": "11618", "regex": "false"},
	{"name_s": "/usr/share/doc/bind-9.8.2/rfc/rfc4339.txt.gz", "size_i": "18384", "regex": "false"},
	{"name_s": "/usr/share/doc/bind-9.8.2/rfc/rfc4343.txt.gz", "size_i": "8204", "regex": "false"},
	{"name_s": "/usr/share/doc/bind-9.8.2/rfc/rfc4367.txt.gz", "size_i": "13668", "regex": "false"},
	{"name_s": "/usr/share/doc/bind-9.8.2/rfc/rfc4398.txt.gz", "size_i": "11401", "regex": "false"},
	{"name_s": "/usr/share/doc/bind-9.8.2/rfc/rfc4408.txt.gz", "size_i": "31527", "regex": "false"},
	{"name_s": "/usr/share/doc/bind-9.8.2/rfc/rfc4431.txt.gz", "size_i": "3136", "regex": "false"},
	{"name_s": "/usr/share/doc/bind-9.8.2/rfc/rfc4470.txt.gz", "size_i": "6066", "regex": "false"},
	{"name_s": "/usr/share/doc/bind-9.8.2/rfc/rfc4471.txt.gz", "size_i": "8554", "regex": "false"},
	{"name_s": "/usr/share/doc/bind-9.8.2/rfc/rfc4472.txt.gz", "size_i": "22056", "regex": "false"},
	{"name_s": "/usr/share/doc/bind-9.8.2/rfc/rfc4509.txt.gz", "size_i": "4899", "regex": "false"},
	{"name_s": "/usr/share/doc/bind-9.8.2/rfc/rfc4634.txt.gz", "size_i": "44725", "regex": "false"},
	{"name_s": "/usr/share/doc/bind-9.8.2/rfc/rfc4635.txt.gz", "size_i": "5861", "regex": "false"},
	{"name_s": "/usr/share/doc/bind-9.8.2/rfc/rfc4641.txt.gz", "size_i": "24126", "regex": "false"},
	{"name_s": "/usr/share/doc/bind-9.8.2/rfc/rfc4648.txt.gz", "size_i": "10386", "regex": "false"},
	{"name_s": "/usr/share/doc/bind-9.8.2/rfc/rfc4697.txt.gz", "size_i": "14114", "regex": "false"},
	{"name_s": "/usr/share/doc/bind-9.8.2/rfc/rfc4701.txt.gz", "size_i": "7692", "regex": "false"},
	{"name_s": "/usr/share/doc/bind-9.8.2/rfc/rfc4892.txt.gz", "size_i": "6515", "regex": "false"},
	{"name_s": "/usr/share/doc/bind-9.8.2/rfc/rfc4955.txt.gz", "size_i": "5335", "regex": "false"},
	{"name_s": "/usr/share/doc/bind-9.8.2/rfc/rfc4956.txt.gz", "size_i": "9480", "regex": "false"},
	{"name_s": "/usr/share/doc/bind-9.8.2/rfc/rfc5001.txt.gz", "size_i": "7833", "regex": "false"},
	{"name_s": "/usr/share/doc/bind-9.8.2/rfc/rfc5011.txt.gz", "size_i": "9304", "regex": "false"},
	{"name_s": "/usr/share/doc/bind-9.8.2/rfc/rfc5155.txt.gz", "size_i": "28373", "regex": "false"},
	{"name_s": "/usr/share/doc/bind-9.8.2/rfc/rfc5205.txt.gz", "size_i": "10212", "regex": "false"},
	{"name_s": "/usr/share/doc/bind-9.8.2/rfc/rfc5452.txt.gz", "size_i": "12500", "regex": "false"},
	{"name_s": "/usr/share/doc/bind-9.8.2/rfc/rfc5507.txt.gz", "size_i": "14649", "regex": "false"},
	{"name_s": "/usr/share/doc/bind-9.8.2/rfc/rfc5625.txt.gz", "size_i": "8489", "regex": "false"},
	{"name_s": "/usr/share/doc/bind-9.8.2/rfc/rfc5702.txt.gz", "size_i": "7052", "regex": "false"},
	{"name_s": "/usr/share/doc/bind-9.8.2/rfc/rfc5933.txt.gz", "size_i": "5503", "regex": "false"},
	{"name_s": "/usr/share/doc/bind-9.8.2/rfc/rfc6303.txt.gz", "size_i": "7314", "regex": "false"},
	{"name_s": "/usr/share/doc/bind-9.8.2/rfc/rfc952.txt.gz", "size_i": "4364", "regex": "false"},
	{"name_s": "/usr/share/doc/bind-9.8.2/rfc1912.txt", "size_i": "38252", "regex": "false"},
	{"name_s": "/usr/share/doc/bind-9.8.2/sample", "size_i": "4096", "regex": "false"},
	{"name_s": "/usr/share/doc/bind-9.8.2/sample/etc", "size_i": "4096", "regex": "false"},
	{"name_s": "/usr/share/doc/bind-9.8.2/sample/etc/named.conf", "size_i": "7687", "regex": "false"},
	{"name_s": "/usr/share/doc/bind-9.8.2/sample/etc/named.rfc1912.zones", "size_i": "931", "regex": "false"},
	{"name_s": "/usr/share/doc/bind-9.8.2/sample/var", "size_i": "4096", "regex": "false"},
	{"name_s": "/usr/share/doc/bind-9.8.2/sample/var/named", "size_i": "4096", "regex": "false"},
	{"name_s": "/usr/share/doc/bind-9.8.2/sample/var/named/data", "size_i": "4096", "regex": "false"},
	{"name_s": "/usr/share/doc/bind-9.8.2/sample/var/named/my.external.zone.db", "size_i": "56", "regex": "false"},
	{"name_s": "/usr/share/doc/bind-9.8.2/sample/var/named/my.internal.zone.db", "size_i": "56", "regex": "false"},
	{"name_s": "/usr/share/doc/bind-9.8.2/sample/var/named/named.ca", "size_i": "1892", "regex": "false"},
	{"name_s": "/usr/share/doc/bind-9.8.2/sample/var/named/named.empty", "size_i": "152", "regex": "false"},
	{"name_s": "/usr/share/doc/bind-9.8.2/sample/var/named/named.localhost", "size_i": "152", "regex": "false"},
	{"name_s": "/usr/share/doc/bind-9.8.2/sample/var/named/named.loopback", "size_i": "168", "regex": "false"},
	{"name_s": "/usr/share/doc/bind-9.8.2/sample/var/named/slaves", "size_i": "4096", "regex": "false"},
	{"name_s": "/usr/share/doc/bind-9.8.2/sample/var/named/slaves/my.ddns.internal.zone.db", "size_i": "56", "regex": "false"},
	{"name_s": "/usr/share/doc/bind-9.8.2/sample/var/named/slaves/my.slave.internal.zone.db", "size_i": "56", "regex": "false"},
	{"name_s": "/usr/share/man/man1/arpaname.1.gz", "size_i": "944", "regex": "false"},
	{"name_s": "/usr/share/man/man5/named.conf.5.gz", "size_i": "3837", "regex": "false"},
	{"name_s": "/usr/share/man/man5/rndc.conf.5.gz", "size_i": "2601", "regex": "false"},
	{"name_s": "/usr/share/man/man8/ddns-confgen.8.gz", "size_i": "2038", "regex": "false"},
	{"name_s": "/usr/share/man/man8/dnssec-dsfromkey.8.gz", "size_i": "2008", "regex": "false"},
	{"name_s": "/usr/share/man/man8/dnssec-keyfromlabel.8.gz", "size_i": "3343", "regex": "false"},
	{"name_s": "/usr/share/man/man8/dnssec-keygen.8.gz", "size_i": "4731", "regex": "false"},
	{"name_s": "/usr/share/man/man8/dnssec-revoke.8.gz", "size_i": "1355", "regex": "false"},
	{"name_s": "/usr/share/man/man8/dnssec-settime.8.gz", "size_i": "2728", "regex": "false"},
	{"name_s": "/usr/share/man/man8/dnssec-signzone.8.gz", "size_i": "4854", "regex": "false"},
	{"name_s": "/usr/share/man/man8/genrandom.8.gz", "size_i": "1156", "regex": "false"},
	{"name_s": "/usr/share/man/man8/isc-hmac-fixup.8.gz", "size_i": "1543", "regex": "false"},
	{"name_s": "/usr/share/man/man8/lwresd.8.gz", "size_i": "2584", "regex": "false"},
	{"name_s": "/usr/share/man/man8/named-checkconf.8.gz", "size_i": "1579", "regex": "false"},
	{"name_s": "/usr/share/man/man8/named-checkzone.8.gz", "size_i": "2744", "regex": "false"},
	{"name_s": "/usr/share/man/man8/named-compilezone.8.gz", "size_i": "20", "regex": "false"},
	{"name_s": "/usr/share/man/man8/named-journalprint.8.gz", "size_i": "1275", "regex": "false"},
	{"name_s": "/usr/share/man/man8/named.8.gz", "size_i": "4054", "regex": "false"},
	{"name_s": "/usr/share/man/man8/nsec3hash.8.gz", "size_i": "1178", "regex": "false"},
	{"name_s": "/usr/share/man/man8/rndc-confgen.8.gz", "size_i": "2182", "regex": "false"},
	{"name_s": "/usr/share/man/man8/rndc.8.gz", "size_i": "2145", "regex": "false"},
	{"name_s": "/var/log/named.log", "size_i": "0", "regex": "false"},
	{"name_s": "/var/named", "size_i": "4096", "regex": "false"},
	{"name_s": "/var/named/data", "size_i": "4096", "regex": "false"},
	{"name_s": "/var/named/dynamic", "size_i": "4096", "regex": "false"},
	{"name_s": "/var/named/named.ca", "size_i": "1892", "regex": "false"},
	{"name_s": "/var/named/named.empty", "size_i": "152", "regex": "false"},
	{"name_s": "/var/named/named.localhost", "size_i": "152", "regex": "false"},
	{"name_s": "/var/named/named.loopback", "size_i": "168", "regex": "false"},
	{"name_s": "/var/named/slaves", "size_i": "4096", "regex": "false"},
	{"name_s": "/var/run/named", "size_i": "4096", "regex": "false"}
]
