[
	{"name_s": "/usr/include/brasero", "size_i": "4096", "regex": "false"},
	{"name_s": "/usr/include/brasero/brasero-blank-dialog.h", "size_i": "2531", "regex": "false"},
	{"name_s": "/usr/include/brasero/brasero-burn-dialog.h", "size_i": "2677", "regex": "false"},
	{"name_s": "/usr/include/brasero/brasero-burn-lib.h", "size_i": "2501", "regex": "false"},
	{"name_s": "/usr/include/brasero/brasero-burn-options.h", "size_i": "2846", "regex": "false"},
	{"name_s": "/usr/include/brasero/brasero-burn.h", "size_i": "4015", "regex": "false"},
	{"name_s": "/usr/include/brasero/brasero-drive-selection.h", "size_i": "3214", "regex": "false"},
	{"name_s": "/usr/include/brasero/brasero-drive.h", "size_i": "4285", "regex": "false"},
	{"name_s": "/usr/include/brasero/brasero-enums.h", "size_i": "5554", "regex": "false"},
	{"name_s": "/usr/include/brasero/brasero-error.h", "size_i": "2822", "regex": "false"},
	{"name_s": "/usr/include/brasero/brasero-media.h", "size_i": "7149", "regex": "false"},
	{"name_s": "/usr/include/brasero/brasero-medium-monitor.h", "size_i": "4338", "regex": "false"},
	{"name_s": "/usr/include/brasero/brasero-medium-selection.h", "size_i": "3417", "regex": "false"},
	{"name_s": "/usr/include/brasero/brasero-medium.h", "size_i": "4306", "regex": "false"},
	{"name_s": "/usr/include/brasero/brasero-session-cfg.h", "size_i": "4228", "regex": "false"},
	{"name_s": "/usr/include/brasero/brasero-session-span.h", "size_i": "3141", "regex": "false"},
	{"name_s": "/usr/include/brasero/brasero-session.h", "size_i": "7781", "regex": "false"},
	{"name_s": "/usr/include/brasero/brasero-status.h", "size_i": "2363", "regex": "false"},
	{"name_s": "/usr/include/brasero/brasero-sum-dialog.h", "size_i": "2605", "regex": "false"},
	{"name_s": "/usr/include/brasero/brasero-tags.h", "size_i": "3531", "regex": "false"},
	{"name_s": "/usr/include/brasero/brasero-tool-dialog.h", "size_i": "3061", "regex": "false"},
	{"name_s": "/usr/include/brasero/brasero-track-data-cfg.h", "size_i": "5760", "regex": "false"},
	{"name_s": "/usr/include/brasero/brasero-track-data.h", "size_i": "4528", "regex": "false"},
	{"name_s": "/usr/include/brasero/brasero-track-disc.h", "size_i": "3069", "regex": "false"},
	{"name_s": "/usr/include/brasero/brasero-track-image-cfg.h", "size_i": "3112", "regex": "false"},
	{"name_s": "/usr/include/brasero/brasero-track-image.h", "size_i": "3435", "regex": "false"},
	{"name_s": "/usr/include/brasero/brasero-track-stream-cfg.h", "size_i": "2796", "regex": "false"},
	{"name_s": "/usr/include/brasero/brasero-track-stream.h", "size_i": "3921", "regex": "false"},
	{"name_s": "/usr/include/brasero/brasero-track-type.h", "size_i": "3452", "regex": "false"},
	{"name_s": "/usr/include/brasero/brasero-track.h", "size_i": "4784", "regex": "false"},
	{"name_s": "/usr/include/brasero/brasero-units.h", "size_i": "3459", "regex": "false"},
	{"name_s": "/usr/include/brasero/brasero-volume.h", "size_i": "3255", "regex": "false"},
	{"name_s": "/usr/lib64/libbrasero-burn.so", "size_i": "24", "regex": "false"},
	{"name_s": "/usr/lib64/libbrasero-media.so", "size_i": "25", "regex": "false"},
	{"name_s": "/usr/lib64/libbrasero-utils.so", "size_i": "25", "regex": "false"},
	{"name_s": "/usr/lib64/pkgconfig/libbrasero-burn.pc", "size_i": "311", "regex": "false"},
	{"name_s": "/usr/lib64/pkgconfig/libbrasero-media.pc", "size_i": "293", "regex": "false"},
	{"name_s": "/usr/share/doc/brasero-devel-2.28.3", "size_i": "4096", "regex": "false"},
	{"name_s": "/usr/share/doc/brasero-devel-2.28.3/ChangeLog", "size_i": "2150124", "regex": "false"},
	{"name_s": "/usr/share/gtk-doc/html/libbrasero-burn", "size_i": "4096", "regex": "false"},
	{"name_s": "/usr/share/gtk-doc/html/libbrasero-burn/annotation-glossary.html", "size_i": "3321", "regex": "false"},
	{"name_s": "/usr/share/gtk-doc/html/libbrasero-burn/api-index-full.html", "size_i": "34321", "regex": "false"},
	{"name_s": "/usr/share/gtk-doc/html/libbrasero-burn/ch01.html", "size_i": "5595", "regex": "false"},
	{"name_s": "/usr/share/gtk-doc/html/libbrasero-burn/home.png", "size_i": "654", "regex": "false"},
	{"name_s": "/usr/share/gtk-doc/html/libbrasero-burn/index.html", "size_i": "5396", "regex": "false"},
	{"name_s": "/usr/share/gtk-doc/html/libbrasero-burn/index.sgml", "size_i": "46936", "regex": "false"},
	{"name_s": "/usr/share/gtk-doc/html/libbrasero-burn/left.png", "size_i": "459", "regex": "false"},
	{"name_s": "/usr/share/gtk-doc/html/libbrasero-burn/libbrasero-burn-BraseroBlankDialog.html", "size_i": "4332", "regex": "false"},
	{"name_s": "/usr/share/gtk-doc/html/libbrasero-burn/libbrasero-burn-BraseroBurn.html", "size_i": "20208", "regex": "false"},
	{"name_s": "/usr/share/gtk-doc/html/libbrasero-burn/libbrasero-burn-BraseroBurnDialog.html", "size_i": "8486", "regex": "false"},
	{"name_s": "/usr/share/gtk-doc/html/libbrasero-burn/libbrasero-burn-BraseroBurnOptions.html", "size_i": "6300", "regex": "false"},
	{"name_s": "/usr/share/gtk-doc/html/libbrasero-burn/libbrasero-burn-BraseroBurnSession.html", "size_i": "80980", "regex": "false"},
	{"name_s": "/usr/share/gtk-doc/html/libbrasero-burn/libbrasero-burn-BraseroSessionCfg.html", "size_i": "18737", "regex": "false"},
	{"name_s": "/usr/share/gtk-doc/html/libbrasero-burn/libbrasero-burn-BraseroSessionSpan.html", "size_i": "13083", "regex": "false"},
	{"name_s": "/usr/share/gtk-doc/html/libbrasero-burn/libbrasero-burn-BraseroSumDialog.html", "size_i": "4317", "regex": "false"},
	{"name_s": "/usr/share/gtk-doc/html/libbrasero-burn/libbrasero-burn-BraseroToolDialog.html", "size_i": "6653", "regex": "false"},
	{"name_s": "/usr/share/gtk-doc/html/libbrasero-burn/libbrasero-burn-BraseroTrack.html", "size_i": "32477", "regex": "false"},
	{"name_s": "/usr/share/gtk-doc/html/libbrasero-burn/libbrasero-burn-BraseroTrackData.html", "size_i": "29902", "regex": "false"},
	{"name_s": "/usr/share/gtk-doc/html/libbrasero-burn/libbrasero-burn-BraseroTrackDataCfg.html", "size_i": "47055", "regex": "false"},
	{"name_s": "/usr/share/gtk-doc/html/libbrasero-burn/libbrasero-burn-BraseroTrackDisc.html", "size_i": "13190", "regex": "false"},
	{"name_s": "/usr/share/gtk-doc/html/libbrasero-burn/libbrasero-burn-BraseroTrackImage.html", "size_i": "14543", "regex": "false"},
	{"name_s": "/usr/share/gtk-doc/html/libbrasero-burn/libbrasero-burn-BraseroTrackImageCfg.html", "size_i": "10639", "regex": "false"},
	{"name_s": "/usr/share/gtk-doc/html/libbrasero-burn/libbrasero-burn-BraseroTrackStream.html", "size_i": "20902", "regex": "false"},
	{"name_s": "/usr/share/gtk-doc/html/libbrasero-burn/libbrasero-burn-BraseroTrackStreamCfg.html", "size_i": "4475", "regex": "false"},
	{"name_s": "/usr/share/gtk-doc/html/libbrasero-burn/libbrasero-burn-brasero-burn-lib.html", "size_i": "12337", "regex": "false"},
	{"name_s": "/usr/share/gtk-doc/html/libbrasero-burn/libbrasero-burn-brasero-enums.html", "size_i": "11119", "regex": "false"},
	{"name_s": "/usr/share/gtk-doc/html/libbrasero-burn/libbrasero-burn-brasero-error.html", "size_i": "5351", "regex": "false"},
	{"name_s": "/usr/share/gtk-doc/html/libbrasero-burn/libbrasero-burn-brasero-status.html", "size_i": "16388", "regex": "false"},
	{"name_s": "/usr/share/gtk-doc/html/libbrasero-burn/libbrasero-burn-brasero-tags.html", "size_i": "9430", "regex": "false"},
	{"name_s": "/usr/share/gtk-doc/html/libbrasero-burn/libbrasero-burn-brasero-track-type.html", "size_i": "32495", "regex": "false"},
	{"name_s": "/usr/share/gtk-doc/html/libbrasero-burn/libbrasero-burn.devhelp", "size_i": "33506", "regex": "false"},
	{"name_s": "/usr/share/gtk-doc/html/libbrasero-burn/libbrasero-burn.devhelp2", "size_i": "36954", "regex": "false"},
	{"name_s": "/usr/share/gtk-doc/html/libbrasero-burn/object-tree.html", "size_i": "1945", "regex": "false"},
	{"name_s": "/usr/share/gtk-doc/html/libbrasero-burn/right.png", "size_i": "472", "regex": "false"},
	{"name_s": "/usr/share/gtk-doc/html/libbrasero-burn/style.css", "size_i": "4882", "regex": "false"},
	{"name_s": "/usr/share/gtk-doc/html/libbrasero-burn/up.png", "size_i": "406", "regex": "false"},
	{"name_s": "/usr/share/gtk-doc/html/libbrasero-media", "size_i": "4096", "regex": "false"},
	{"name_s": "/usr/share/gtk-doc/html/libbrasero-media/annotation-glossary.html", "size_i": "2379", "regex": "false"},
	{"name_s": "/usr/share/gtk-doc/html/libbrasero-media/api-index-full.html", "size_i": "18398", "regex": "false"},
	{"name_s": "/usr/share/gtk-doc/html/libbrasero-media/ch01.html", "size_i": "3181", "regex": "false"},
	{"name_s": "/usr/share/gtk-doc/html/libbrasero-media/home.png", "size_i": "654", "regex": "false"},
	{"name_s": "/usr/share/gtk-doc/html/libbrasero-media/index.html", "size_i": "2989", "regex": "false"},
	{"name_s": "/usr/share/gtk-doc/html/libbrasero-media/index.sgml", "size_i": "21403", "regex": "false"},
	{"name_s": "/usr/share/gtk-doc/html/libbrasero-media/left.png", "size_i": "459", "regex": "false"},
	{"name_s": "/usr/share/gtk-doc/html/libbrasero-media/libbrasero-media-BraseroDrive.html", "size_i": "30924", "regex": "false"},
	{"name_s": "/usr/share/gtk-doc/html/libbrasero-media/libbrasero-media-BraseroDriveSelection.html", "size_i": "9515", "regex": "false"},
	{"name_s": "/usr/share/gtk-doc/html/libbrasero-media/libbrasero-media-BraseroMedium.html", "size_i": "41548", "regex": "false"},
	{"name_s": "/usr/share/gtk-doc/html/libbrasero-media/libbrasero-media-BraseroMediumMonitor.html", "size_i": "13414", "regex": "false"},
	{"name_s": "/usr/share/gtk-doc/html/libbrasero-media/libbrasero-media-BraseroMediumSelection.html", "size_i": "9783", "regex": "false"},
	{"name_s": "/usr/share/gtk-doc/html/libbrasero-media/libbrasero-media-BraseroVolume.html", "size_i": "17153", "regex": "false"},
	{"name_s": "/usr/share/gtk-doc/html/libbrasero-media/libbrasero-media-brasero-media.html", "size_i": "21830", "regex": "false"},
	{"name_s": "/usr/share/gtk-doc/html/libbrasero-media/libbrasero-media-brasero-units.html", "size_i": "13953", "regex": "false"},
	{"name_s": "/usr/share/gtk-doc/html/libbrasero-media/libbrasero-media.devhelp", "size_i": "16479", "regex": "false"},
	{"name_s": "/usr/share/gtk-doc/html/libbrasero-media/libbrasero-media.devhelp2", "size_i": "18179", "regex": "false"},
	{"name_s": "/usr/share/gtk-doc/html/libbrasero-media/object-tree.html", "size_i": "1960", "regex": "false"},
	{"name_s": "/usr/share/gtk-doc/html/libbrasero-media/right.png", "size_i": "472", "regex": "false"},
	{"name_s": "/usr/share/gtk-doc/html/libbrasero-media/style.css", "size_i": "4882", "regex": "false"},
	{"name_s": "/usr/share/gtk-doc/html/libbrasero-media/up.png", "size_i": "406", "regex": "false"}
]
