[
	{"name_s": "/usr/bin/bunzip2", "size_i": "5", "regex": "false"},
	{"name_s": "/usr/bin/bzcat", "size_i": "5", "regex": "false"},
	{"name_s": "/usr/bin/bzcmp", "size_i": "6", "regex": "false"},
	{"name_s": "/usr/bin/bzdiff", "size_i": "2128", "regex": "false"},
	{"name_s": "/usr/bin/bzgrep", "size_i": "1677", "regex": "false"},
	{"name_s": "/usr/bin/bzip2", "size_i": "32936", "regex": "false"},
	{"name_s": "/usr/bin/bzip2recover", "size_i": "10872", "regex": "false"},
	{"name_s": "/usr/bin/bzless", "size_i": "6", "regex": "false"},
	{"name_s": "/usr/bin/bzmore", "size_i": "1259", "regex": "false"},
	{"name_s": "/usr/share/doc/bzip2-1.0.5", "size_i": "4096", "regex": "false"},
	{"name_s": "/usr/share/doc/bzip2-1.0.5/CHANGES", "size_i": "11255", "regex": "false"},
	{"name_s": "/usr/share/doc/bzip2-1.0.5/LICENSE", "size_i": "1901", "regex": "false"},
	{"name_s": "/usr/share/doc/bzip2-1.0.5/README", "size_i": "7493", "regex": "false"},
	{"name_s": "/usr/share/man/man1/bunzip2.1.gz", "size_i": "10", "regex": "false"},
	{"name_s": "/usr/share/man/man1/bzcat.1.gz", "size_i": "10", "regex": "false"},
	{"name_s": "/usr/share/man/man1/bzcmp.1.gz", "size_i": "11", "regex": "false"},
	{"name_s": "/usr/share/man/man1/bzdiff.1.gz", "size_i": "484", "regex": "false"},
	{"name_s": "/usr/share/man/man1/bzgrep.1.gz", "size_i": "629", "regex": "false"},
	{"name_s": "/usr/share/man/man1/bzip2.1.gz", "size_i": "6589", "regex": "false"},
	{"name_s": "/usr/share/man/man1/bzip2recover.1.gz", "size_i": "10", "regex": "false"},
	{"name_s": "/usr/share/man/man1/bzless.1.gz", "size_i": "11", "regex": "false"},
	{"name_s": "/usr/share/man/man1/bzmore.1.gz", "size_i": "1864", "regex": "false"}
]
