[
	{"name_s": "/usr/include/ares.h", "size_i": "17776", "regex": "false"},
	{"name_s": "/usr/include/ares_build.h", "size_i": "4179", "regex": "false"},
	{"name_s": "/usr/include/ares_dns.h", "size_i": "4731", "regex": "false"},
	{"name_s": "/usr/include/ares_rules.h", "size_i": "4894", "regex": "false"},
	{"name_s": "/usr/include/ares_version.h", "size_i": "597", "regex": "false"},
	{"name_s": "/usr/lib/libcares.so", "size_i": "17", "regex": "false"},
	{"name_s": "/usr/lib/pkgconfig/libcares.pc", "size_i": "615", "regex": "false"},
	{"name_s": "/usr/share/man/man3/ares_cancel.3.gz", "size_i": "844", "regex": "false"},
	{"name_s": "/usr/share/man/man3/ares_destroy.3.gz", "size_i": "821", "regex": "false"},
	{"name_s": "/usr/share/man/man3/ares_destroy_options.3.gz", "size_i": "693", "regex": "false"},
	{"name_s": "/usr/share/man/man3/ares_dup.3.gz", "size_i": "872", "regex": "false"},
	{"name_s": "/usr/share/man/man3/ares_expand_name.3.gz", "size_i": "1056", "regex": "false"},
	{"name_s": "/usr/share/man/man3/ares_expand_string.3.gz", "size_i": "1025", "regex": "false"},
	{"name_s": "/usr/share/man/man3/ares_fds.3.gz", "size_i": "974", "regex": "false"},
	{"name_s": "/usr/share/man/man3/ares_free_data.3.gz", "size_i": "990", "regex": "false"},
	{"name_s": "/usr/share/man/man3/ares_free_hostent.3.gz", "size_i": "830", "regex": "false"},
	{"name_s": "/usr/share/man/man3/ares_free_string.3.gz", "size_i": "674", "regex": "false"},
	{"name_s": "/usr/share/man/man3/ares_gethostbyaddr.3.gz", "size_i": "1405", "regex": "false"},
	{"name_s": "/usr/share/man/man3/ares_gethostbyname.3.gz", "size_i": "1492", "regex": "false"},
	{"name_s": "/usr/share/man/man3/ares_gethostbyname_file.3.gz", "size_i": "1300", "regex": "false"},
	{"name_s": "/usr/share/man/man3/ares_getnameinfo.3.gz", "size_i": "1780", "regex": "false"},
	{"name_s": "/usr/share/man/man3/ares_getsock.3.gz", "size_i": "1108", "regex": "false"},
	{"name_s": "/usr/share/man/man3/ares_init.3.gz", "size_i": "3000", "regex": "false"},
	{"name_s": "/usr/share/man/man3/ares_init_options.3.gz", "size_i": "103", "regex": "false"},
	{"name_s": "/usr/share/man/man3/ares_library_cleanup.3.gz", "size_i": "1353", "regex": "false"},
	{"name_s": "/usr/share/man/man3/ares_library_init.3.gz", "size_i": "1747", "regex": "false"},
	{"name_s": "/usr/share/man/man3/ares_mkquery.3.gz", "size_i": "1262", "regex": "false"},
	{"name_s": "/usr/share/man/man3/ares_parse_a_reply.3.gz", "size_i": "1174", "regex": "false"},
	{"name_s": "/usr/share/man/man3/ares_parse_aaaa_reply.3.gz", "size_i": "1146", "regex": "false"},
	{"name_s": "/usr/share/man/man3/ares_parse_ns_reply.3.gz", "size_i": "1036", "regex": "false"},
	{"name_s": "/usr/share/man/man3/ares_parse_ptr_reply.3.gz", "size_i": "1123", "regex": "false"},
	{"name_s": "/usr/share/man/man3/ares_parse_srv_reply.3.gz", "size_i": "1149", "regex": "false"},
	{"name_s": "/usr/share/man/man3/ares_parse_txt_reply.3.gz", "size_i": "1140", "regex": "false"},
	{"name_s": "/usr/share/man/man3/ares_process.3.gz", "size_i": "1323", "regex": "false"},
	{"name_s": "/usr/share/man/man3/ares_query.3.gz", "size_i": "1781", "regex": "false"},
	{"name_s": "/usr/share/man/man3/ares_save_options.3.gz", "size_i": "1295", "regex": "false"},
	{"name_s": "/usr/share/man/man3/ares_search.3.gz", "size_i": "1852", "regex": "false"},
	{"name_s": "/usr/share/man/man3/ares_send.3.gz", "size_i": "1592", "regex": "false"},
	{"name_s": "/usr/share/man/man3/ares_set_socket_callback.3.gz", "size_i": "535", "regex": "false"},
	{"name_s": "/usr/share/man/man3/ares_strerror.3.gz", "size_i": "732", "regex": "false"},
	{"name_s": "/usr/share/man/man3/ares_timeout.3.gz", "size_i": "973", "regex": "false"},
	{"name_s": "/usr/share/man/man3/ares_version.3.gz", "size_i": "809", "regex": "false"}
]
