[
	{"name_s": "/usr/lib64/gcj/castor", "size_i": "4096", "regex": "false"},
	{"name_s": "/usr/lib64/gcj/castor/examples.db", "size_i": "4096", "regex": "false"},
	{"name_s": "/usr/lib64/gcj/castor/examples.so", "size_i": "149384", "regex": "false"},
	{"name_s": "/usr/share/castor/examples", "size_i": "4096", "regex": "false"},
	{"name_s": "/usr/share/castor/examples/SourceGenerator", "size_i": "4096", "regex": "false"},
	{"name_s": "/usr/share/castor/examples/SourceGenerator/bindingInvoice.xml", "size_i": "1706", "regex": "false"},
	{"name_s": "/usr/share/castor/examples/SourceGenerator/invoice.xsd", "size_i": "4852", "regex": "false"},
	{"name_s": "/usr/share/castor/examples/SourceGenerator/invoice1.xml", "size_i": "738", "regex": "false"},
	{"name_s": "/usr/share/castor/examples/castor.properties", "size_i": "199", "regex": "false"},
	{"name_s": "/usr/share/castor/examples/dsml", "size_i": "4096", "regex": "false"},
	{"name_s": "/usr/share/castor/examples/dsml/Test.class", "size_i": "4084", "regex": "false"},
	{"name_s": "/usr/share/castor/examples/dsml/import.xml", "size_i": "187", "regex": "false"},
	{"name_s": "/usr/share/castor/examples/dsml/search.xml", "size_i": "113", "regex": "false"},
	{"name_s": "/usr/share/castor/examples/dsml/test.xml", "size_i": "4474", "regex": "false"},
	{"name_s": "/usr/share/castor/examples/dtx", "size_i": "4096", "regex": "false"},
	{"name_s": "/usr/share/castor/examples/dtx/DemoHandler.class", "size_i": "4557", "regex": "false"},
	{"name_s": "/usr/share/castor/examples/dtx/Test.class", "size_i": "2874", "regex": "false"},
	{"name_s": "/usr/share/castor/examples/dtx/database.xml", "size_i": "585", "regex": "false"},
	{"name_s": "/usr/share/castor/examples/dtx/mapping.xml", "size_i": "3548", "regex": "false"},
	{"name_s": "/usr/share/castor/examples/dtx/product.xsd", "size_i": "836", "regex": "false"},
	{"name_s": "/usr/share/castor/examples/jdo", "size_i": "4096", "regex": "false"},
	{"name_s": "/usr/share/castor/examples/jdo/Test.class", "size_i": "7958", "regex": "false"},
	{"name_s": "/usr/share/castor/examples/jdo/database.xml", "size_i": "1089", "regex": "false"},
	{"name_s": "/usr/share/castor/examples/jdo/mapping.xml", "size_i": "4139", "regex": "false"},
	{"name_s": "/usr/share/castor/examples/myapp", "size_i": "4096", "regex": "false"},
	{"name_s": "/usr/share/castor/examples/myapp/Category.class", "size_i": "1765", "regex": "false"},
	{"name_s": "/usr/share/castor/examples/myapp/Computer.class", "size_i": "512", "regex": "false"},
	{"name_s": "/usr/share/castor/examples/myapp/Product.class", "size_i": "4424", "regex": "false"},
	{"name_s": "/usr/share/castor/examples/myapp/ProductDetail.class", "size_i": "1283", "regex": "false"},
	{"name_s": "/usr/share/castor/examples/myapp/ProductGroup.class", "size_i": "1019", "regex": "false"},
	{"name_s": "/usr/share/castor/examples/oes", "size_i": "4096", "regex": "false"},
	{"name_s": "/usr/share/castor/examples/oes/Category.class", "size_i": "3078", "regex": "false"},
	{"name_s": "/usr/share/castor/examples/oes/Discount.class", "size_i": "1962", "regex": "false"},
	{"name_s": "/usr/share/castor/examples/oes/Price.class", "size_i": "1772", "regex": "false"},
	{"name_s": "/usr/share/castor/examples/oes/Product.class", "size_i": "4008", "regex": "false"},
	{"name_s": "/usr/share/castor/examples/oes/database.xml", "size_i": "432", "regex": "false"},
	{"name_s": "/usr/share/castor/examples/oes/import.xml", "size_i": "359", "regex": "false"},
	{"name_s": "/usr/share/castor/examples/oes/mapping.xml", "size_i": "2327", "regex": "false"},
	{"name_s": "/usr/share/castor/examples/oes/schema", "size_i": "4096", "regex": "false"},
	{"name_s": "/usr/share/castor/examples/oes/schema/codes.xml", "size_i": "26414", "regex": "false"},
	{"name_s": "/usr/share/castor/examples/oes/schema/product.xsd", "size_i": "2716", "regex": "false"},
	{"name_s": "/usr/share/castor/examples/oes/schema/purchase-order.xsd", "size_i": "3933", "regex": "false"},
	{"name_s": "/usr/share/castor/examples/oes/schema/schema.xsd", "size_i": "1132", "regex": "false"},
	{"name_s": "/usr/share/castor/examples/servlet", "size_i": "4096", "regex": "false"},
	{"name_s": "/usr/share/castor/examples/servlet/Test.class", "size_i": "3050", "regex": "false"},
	{"name_s": "/usr/share/castor/examples/servlet/XMLServlet$XMLServletResponseImpl.class", "size_i": "8643", "regex": "false"},
	{"name_s": "/usr/share/castor/examples/servlet/XMLServlet.class", "size_i": "1551", "regex": "false"},
	{"name_s": "/usr/share/castor/examples/servlet/XMLServletResponse.class", "size_i": "581", "regex": "false"},
	{"name_s": "/usr/share/castor/examples/servlet/database.xml", "size_i": "393", "regex": "false"},
	{"name_s": "/usr/share/castor/examples/servlet/mapping.xml", "size_i": "3872", "regex": "false"},
	{"name_s": "/usr/share/castor/examples/servlet/xslt.xsl", "size_i": "2001", "regex": "false"},
	{"name_s": "/usr/share/castor/examples/webapp", "size_i": "4096", "regex": "false"},
	{"name_s": "/usr/share/castor/examples/webapp-example-castor.war", "size_i": "1484027", "regex": "false"},
	{"name_s": "/usr/share/castor/examples/webapp/WEB-INF", "size_i": "4096", "regex": "false"},
	{"name_s": "/usr/share/castor/examples/webapp/WEB-INF/classes", "size_i": "4096", "regex": "false"},
	{"name_s": "/usr/share/castor/examples/webapp/WEB-INF/classes/myapp", "size_i": "4096", "regex": "false"},
	{"name_s": "/usr/share/castor/examples/webapp/WEB-INF/classes/myapp/Category.class", "size_i": "1765", "regex": "false"},
	{"name_s": "/usr/share/castor/examples/webapp/WEB-INF/classes/myapp/Computer.class", "size_i": "512", "regex": "false"},
	{"name_s": "/usr/share/castor/examples/webapp/WEB-INF/classes/myapp/Product.class", "size_i": "4424", "regex": "false"},
	{"name_s": "/usr/share/castor/examples/webapp/WEB-INF/classes/myapp/ProductDetail.class", "size_i": "1283", "regex": "false"},
	{"name_s": "/usr/share/castor/examples/webapp/WEB-INF/classes/myapp/ProductGroup.class", "size_i": "1019", "regex": "false"},
	{"name_s": "/usr/share/castor/examples/webapp/WEB-INF/classes/servlet", "size_i": "4096", "regex": "false"},
	{"name_s": "/usr/share/castor/examples/webapp/WEB-INF/classes/servlet/Test.class", "size_i": "3050", "regex": "false"},
	{"name_s": "/usr/share/castor/examples/webapp/WEB-INF/classes/servlet/XMLServlet$XMLServletResponseImpl.class", "size_i": "8643", "regex": "false"},
	{"name_s": "/usr/share/castor/examples/webapp/WEB-INF/classes/servlet/XMLServlet.class", "size_i": "1551", "regex": "false"},
	{"name_s": "/usr/share/castor/examples/webapp/WEB-INF/classes/servlet/XMLServletResponse.class", "size_i": "581", "regex": "false"},
	{"name_s": "/usr/share/castor/examples/webapp/WEB-INF/classes/servlet/database.xml", "size_i": "393", "regex": "false"},
	{"name_s": "/usr/share/castor/examples/webapp/WEB-INF/classes/servlet/mapping.xml", "size_i": "3872", "regex": "false"},
	{"name_s": "/usr/share/castor/examples/webapp/WEB-INF/classes/servlet/xslt.xsl", "size_i": "2001", "regex": "false"},
	{"name_s": "/usr/share/castor/examples/webapp/WEB-INF/lib", "size_i": "4096", "regex": "false"},
	{"name_s": "/usr/share/castor/examples/webapp/WEB-INF/lib/castor-0.9.5.jar", "size_i": "1604095", "regex": "false"}
]
