[
	{"name_s": "/etc/certmonger", "size_i": "4096", "regex": "false"},
	{"name_s": "/etc/certmonger/certmonger.conf", "size_i": "578", "regex": "false"},
	{"name_s": "/etc/dbus-1/system.d/certmonger.conf", "size_i": "1069", "regex": "false"},
	{"name_s": "/etc/rc.d/init.d/certmonger", "size_i": "2094", "regex": "false"},
	{"name_s": "/usr/bin/certmaster-getcert", "size_i": "73400", "regex": "false"},
	{"name_s": "/usr/bin/getcert", "size_i": "73672", "regex": "false"},
	{"name_s": "/usr/bin/ipa-getcert", "size_i": "73360", "regex": "false"},
	{"name_s": "/usr/bin/selfsign-getcert", "size_i": "73392", "regex": "false"},
	{"name_s": "/usr/libexec/certmonger", "size_i": "4096", "regex": "false"},
	{"name_s": "/usr/libexec/certmonger/certmaster-submit", "size_i": "27984", "regex": "false"},
	{"name_s": "/usr/libexec/certmonger/certmonger-session", "size_i": "243528", "regex": "false"},
	{"name_s": "/usr/libexec/certmonger/dogtag-ipa-renew-agent-submit", "size_i": "39720", "regex": "false"},
	{"name_s": "/usr/libexec/certmonger/ipa-submit", "size_i": "29976", "regex": "false"},
	{"name_s": "/usr/sbin/certmonger", "size_i": "243520", "regex": "false"},
	{"name_s": "/usr/share/dbus-1/services/certmonger.service", "size_i": "97", "regex": "false"},
	{"name_s": "/usr/share/doc/certmonger-0.61", "size_i": "4096", "regex": "false"},
	{"name_s": "/usr/share/doc/certmonger-0.61/LICENSE", "size_i": "71", "regex": "false"},
	{"name_s": "/usr/share/doc/certmonger-0.61/README", "size_i": "1660", "regex": "false"},
	{"name_s": "/usr/share/doc/certmonger-0.61/STATUS", "size_i": "7183", "regex": "false"},
	{"name_s": "/usr/share/doc/certmonger-0.61/api.txt", "size_i": "9121", "regex": "false"},
	{"name_s": "/usr/share/doc/certmonger-0.61/certmaster-submit.txt", "size_i": "817", "regex": "false"},
	{"name_s": "/usr/share/doc/certmonger-0.61/design.txt", "size_i": "14975", "regex": "false"},
	{"name_s": "/usr/share/doc/certmonger-0.61/dogtag-notes-2.txt", "size_i": "1496", "regex": "false"},
	{"name_s": "/usr/share/doc/certmonger-0.61/dogtag-notes.txt", "size_i": "15648", "regex": "false"},
	{"name_s": "/usr/share/doc/certmonger-0.61/ftw.txt", "size_i": "5959", "regex": "false"},
	{"name_s": "/usr/share/doc/certmonger-0.61/getting-started.txt", "size_i": "8222", "regex": "false"},
	{"name_s": "/usr/share/doc/certmonger-0.61/gpl-3.0.txt", "size_i": "35147", "regex": "false"},
	{"name_s": "/usr/share/doc/certmonger-0.61/ipa-submit.txt", "size_i": "1681", "regex": "false"},
	{"name_s": "/usr/share/doc/certmonger-0.61/submit.txt", "size_i": "4419", "regex": "false"},
	{"name_s": "/usr/share/locale/bg/LC_MESSAGES/certmonger.mo", "size_i": "23787", "regex": "false"},
	{"name_s": "/usr/share/locale/bn_IN/LC_MESSAGES/certmonger.mo", "size_i": "499", "regex": "false"},
	{"name_s": "/usr/share/locale/cs_CZ/LC_MESSAGES/certmonger.mo", "size_i": "1189", "regex": "false"},
	{"name_s": "/usr/share/locale/da/LC_MESSAGES/certmonger.mo", "size_i": "16299", "regex": "false"},
	{"name_s": "/usr/share/locale/de/LC_MESSAGES/certmonger.mo", "size_i": "20475", "regex": "false"},
	{"name_s": "/usr/share/locale/es/LC_MESSAGES/certmonger.mo", "size_i": "21068", "regex": "false"},
	{"name_s": "/usr/share/locale/es_ES/LC_MESSAGES/certmonger.mo", "size_i": "475", "regex": "false"},
	{"name_s": "/usr/share/locale/fr/LC_MESSAGES/certmonger.mo", "size_i": "18790", "regex": "false"},
	{"name_s": "/usr/share/locale/gu/LC_MESSAGES/certmonger.mo", "size_i": "3754", "regex": "false"},
	{"name_s": "/usr/share/locale/id/LC_MESSAGES/certmonger.mo", "size_i": "13342", "regex": "false"},
	{"name_s": "/usr/share/locale/ja/LC_MESSAGES/certmonger.mo", "size_i": "22808", "regex": "false"},
	{"name_s": "/usr/share/locale/nl/LC_MESSAGES/certmonger.mo", "size_i": "19688", "regex": "false"},
	{"name_s": "/usr/share/locale/pl/LC_MESSAGES/certmonger.mo", "size_i": "20151", "regex": "false"},
	{"name_s": "/usr/share/locale/pt/LC_MESSAGES/certmonger.mo", "size_i": "18763", "regex": "false"},
	{"name_s": "/usr/share/locale/pt_BR/LC_MESSAGES/certmonger.mo", "size_i": "8360", "regex": "false"},
	{"name_s": "/usr/share/locale/ru/LC_MESSAGES/certmonger.mo", "size_i": "6041", "regex": "false"},
	{"name_s": "/usr/share/locale/sv/LC_MESSAGES/certmonger.mo", "size_i": "19546", "regex": "false"},
	{"name_s": "/usr/share/locale/ta/LC_MESSAGES/certmonger.mo", "size_i": "589", "regex": "false"},
	{"name_s": "/usr/share/locale/tr/LC_MESSAGES/certmonger.mo", "size_i": "1304", "regex": "false"},
	{"name_s": "/usr/share/locale/uk/LC_MESSAGES/certmonger.mo", "size_i": "26986", "regex": "false"},
	{"name_s": "/usr/share/locale/zh_CN/LC_MESSAGES/certmonger.mo", "size_i": "17659", "regex": "false"},
	{"name_s": "/usr/share/locale/zh_TW/LC_MESSAGES/certmonger.mo", "size_i": "9926", "regex": "false"},
	{"name_s": "/usr/share/man/man1/certmaster-getcert.1.gz", "size_i": "639", "regex": "false"},
	{"name_s": "/usr/share/man/man1/getcert-list-cas.1.gz", "size_i": "350", "regex": "false"},
	{"name_s": "/usr/share/man/man1/getcert-list.1.gz", "size_i": "572", "regex": "false"},
	{"name_s": "/usr/share/man/man1/getcert-request.1.gz", "size_i": "1892", "regex": "false"},
	{"name_s": "/usr/share/man/man1/getcert-resubmit.1.gz", "size_i": "1260", "regex": "false"},
	{"name_s": "/usr/share/man/man1/getcert-start-tracking.1.gz", "size_i": "1783", "regex": "false"},
	{"name_s": "/usr/share/man/man1/getcert-stop-tracking.1.gz", "size_i": "765", "regex": "false"},
	{"name_s": "/usr/share/man/man1/getcert.1.gz", "size_i": "699", "regex": "false"},
	{"name_s": "/usr/share/man/man1/ipa-getcert.1.gz", "size_i": "633", "regex": "false"},
	{"name_s": "/usr/share/man/man1/selfsign-getcert.1.gz", "size_i": "641", "regex": "false"},
	{"name_s": "/usr/share/man/man5/certmonger.conf.5.gz", "size_i": "1409", "regex": "false"},
	{"name_s": "/usr/share/man/man8/certmonger-certmaster-submit.8.gz", "size_i": "1060", "regex": "false"},
	{"name_s": "/usr/share/man/man8/certmonger-dogtag-ipa-renew-agent-submit.8.gz", "size_i": "2049", "regex": "false"},
	{"name_s": "/usr/share/man/man8/certmonger-ipa-submit.8.gz", "size_i": "1213", "regex": "false"},
	{"name_s": "/usr/share/man/man8/certmonger.8.gz", "size_i": "979", "regex": "false"},
	{"name_s": "/var/lib/certmonger", "size_i": "4096", "regex": "false"},
	{"name_s": "/var/lib/certmonger/cas", "size_i": "4096", "regex": "false"},
	{"name_s": "/var/lib/certmonger/requests", "size_i": "4096", "regex": "false"},
	{"name_s": "/var/run/certmonger", "size_i": "4096", "regex": "false"}
]
