[
	{"name_s": "/usr/bin/g++34", "size_i": "99360", "regex": "false"},
	{"name_s": "/usr/bin/x86_64-redhat-linux-c++34", "size_i": "99360", "regex": "false"},
	{"name_s": "/usr/bin/x86_64-redhat-linux-g++34", "size_i": "99360", "regex": "false"},
	{"name_s": "/usr/include/c++", "size_i": "4096", "regex": "false"},
	{"name_s": "/usr/include/c++/3.4.6", "size_i": "4096", "regex": "false"},
	{"name_s": "/usr/include/c++/3.4.6/algorithm", "size_i": "2944", "regex": "false"},
	{"name_s": "/usr/include/c++/3.4.6/backward", "size_i": "4096", "regex": "false"},
	{"name_s": "/usr/include/c++/3.4.6/backward/algo.h", "size_i": "4658", "regex": "false"},
	{"name_s": "/usr/include/c++/3.4.6/backward/algobase.h", "size_i": "3392", "regex": "false"},
	{"name_s": "/usr/include/c++/3.4.6/backward/alloc.h", "size_i": "2161", "regex": "false"},
	{"name_s": "/usr/include/c++/3.4.6/backward/backward_warning.h", "size_i": "1853", "regex": "false"},
	{"name_s": "/usr/include/c++/3.4.6/backward/bvector.h", "size_i": "2768", "regex": "false"},
	{"name_s": "/usr/include/c++/3.4.6/backward/complex.h", "size_i": "1686", "regex": "false"},
	{"name_s": "/usr/include/c++/3.4.6/backward/defalloc.h", "size_i": "3880", "regex": "false"},
	{"name_s": "/usr/include/c++/3.4.6/backward/deque.h", "size_i": "2753", "regex": "false"},
	{"name_s": "/usr/include/c++/3.4.6/backward/fstream.h", "size_i": "1791", "regex": "false"},
	{"name_s": "/usr/include/c++/3.4.6/backward/function.h", "size_i": "4342", "regex": "false"},
	{"name_s": "/usr/include/c++/3.4.6/backward/hash_map.h", "size_i": "2842", "regex": "false"},
	{"name_s": "/usr/include/c++/3.4.6/backward/hash_set.h", "size_i": "2802", "regex": "false"},
	{"name_s": "/usr/include/c++/3.4.6/backward/hashtable.h", "size_i": "2955", "regex": "false"},
	{"name_s": "/usr/include/c++/3.4.6/backward/heap.h", "size_i": "2813", "regex": "false"},
	{"name_s": "/usr/include/c++/3.4.6/backward/iomanip.h", "size_i": "2278", "regex": "false"},
	{"name_s": "/usr/include/c++/3.4.6/backward/iostream.h", "size_i": "1891", "regex": "false"},
	{"name_s": "/usr/include/c++/3.4.6/backward/istream.h", "size_i": "1543", "regex": "false"},
	{"name_s": "/usr/include/c++/3.4.6/backward/iterator.h", "size_i": "6443", "regex": "false"},
	{"name_s": "/usr/include/c++/3.4.6/backward/list.h", "size_i": "2753", "regex": "false"},
	{"name_s": "/usr/include/c++/3.4.6/backward/map.h", "size_i": "2725", "regex": "false"},
	{"name_s": "/usr/include/c++/3.4.6/backward/multimap.h", "size_i": "2745", "regex": "false"},
	{"name_s": "/usr/include/c++/3.4.6/backward/multiset.h", "size_i": "2745", "regex": "false"},
	{"name_s": "/usr/include/c++/3.4.6/backward/new.h", "size_i": "1584", "regex": "false"},
	{"name_s": "/usr/include/c++/3.4.6/backward/ostream.h", "size_i": "1538", "regex": "false"},
	{"name_s": "/usr/include/c++/3.4.6/backward/pair.h", "size_i": "2773", "regex": "false"},
	{"name_s": "/usr/include/c++/3.4.6/backward/queue.h", "size_i": "1575", "regex": "false"},
	{"name_s": "/usr/include/c++/3.4.6/backward/rope.h", "size_i": "2308", "regex": "false"},
	{"name_s": "/usr/include/c++/3.4.6/backward/set.h", "size_i": "2725", "regex": "false"},
	{"name_s": "/usr/include/c++/3.4.6/backward/slist.h", "size_i": "2179", "regex": "false"},
	{"name_s": "/usr/include/c++/3.4.6/backward/stack.h", "size_i": "2793", "regex": "false"},
	{"name_s": "/usr/include/c++/3.4.6/backward/stream.h", "size_i": "1536", "regex": "false"},
	{"name_s": "/usr/include/c++/3.4.6/backward/streambuf.h", "size_i": "1564", "regex": "false"},
	{"name_s": "/usr/include/c++/3.4.6/backward/strstream", "size_i": "5740", "regex": "false"},
	{"name_s": "/usr/include/c++/3.4.6/backward/tempbuf.h", "size_i": "3007", "regex": "false"},
	{"name_s": "/usr/include/c++/3.4.6/backward/tree.h", "size_i": "2152", "regex": "false"},
	{"name_s": "/usr/include/c++/3.4.6/backward/vector.h", "size_i": "2758", "regex": "false"},
	{"name_s": "/usr/include/c++/3.4.6/bits", "size_i": "4096", "regex": "false"},
	{"name_s": "/usr/include/c++/3.4.6/bits/allocator.h", "size_i": "4194", "regex": "false"},
	{"name_s": "/usr/include/c++/3.4.6/bits/atomicity.h", "size_i": "1792", "regex": "false"},
	{"name_s": "/usr/include/c++/3.4.6/bits/basic_ios.h", "size_i": "14975", "regex": "false"},
	{"name_s": "/usr/include/c++/3.4.6/bits/basic_ios.tcc", "size_i": "6622", "regex": "false"},
	{"name_s": "/usr/include/c++/3.4.6/bits/basic_string.h", "size_i": "89966", "regex": "false"},
	{"name_s": "/usr/include/c++/3.4.6/bits/basic_string.tcc", "size_i": "34224", "regex": "false"},
	{"name_s": "/usr/include/c++/3.4.6/bits/boost_concept_check.h", "size_i": "32136", "regex": "false"},
	{"name_s": "/usr/include/c++/3.4.6/bits/char_traits.h", "size_i": "11780", "regex": "false"},
	{"name_s": "/usr/include/c++/3.4.6/bits/cmath.tcc", "size_i": "1849", "regex": "false"},
	{"name_s": "/usr/include/c++/3.4.6/bits/codecvt.h", "size_i": "16348", "regex": "false"},
	{"name_s": "/usr/include/c++/3.4.6/bits/concept_check.h", "size_i": "3659", "regex": "false"},
	{"name_s": "/usr/include/c++/3.4.6/bits/concurrence.h", "size_i": "2995", "regex": "false"},
	{"name_s": "/usr/include/c++/3.4.6/bits/cpp_type_traits.h", "size_i": "6764", "regex": "false"},
	{"name_s": "/usr/include/c++/3.4.6/bits/deque.tcc", "size_i": "23450", "regex": "false"},
	{"name_s": "/usr/include/c++/3.4.6/bits/fstream.tcc", "size_i": "26874", "regex": "false"},
	{"name_s": "/usr/include/c++/3.4.6/bits/functexcept.h", "size_i": "2419", "regex": "false"},
	{"name_s": "/usr/include/c++/3.4.6/bits/gslice.h", "size_i": "5572", "regex": "false"},
	{"name_s": "/usr/include/c++/3.4.6/bits/gslice_array.h", "size_i": "7972", "regex": "false"},
	{"name_s": "/usr/include/c++/3.4.6/bits/indirect_array.h", "size_i": "8095", "regex": "false"},
	{"name_s": "/usr/include/c++/3.4.6/bits/ios_base.h", "size_i": "28983", "regex": "false"},
	{"name_s": "/usr/include/c++/3.4.6/bits/istream.tcc", "size_i": "33319", "regex": "false"},
	{"name_s": "/usr/include/c++/3.4.6/bits/list.tcc", "size_i": "10630", "regex": "false"},
	{"name_s": "/usr/include/c++/3.4.6/bits/locale_classes.h", "size_i": "16941", "regex": "false"},
	{"name_s": "/usr/include/c++/3.4.6/bits/locale_facets.h", "size_i": "156609", "regex": "false"},
	{"name_s": "/usr/include/c++/3.4.6/bits/locale_facets.tcc", "size_i": "84276", "regex": "false"},
	{"name_s": "/usr/include/c++/3.4.6/bits/localefwd.h", "size_i": "5522", "regex": "false"},
	{"name_s": "/usr/include/c++/3.4.6/bits/mask_array.h", "size_i": "7809", "regex": "false"},
	{"name_s": "/usr/include/c++/3.4.6/bits/ostream.tcc", "size_i": "20140", "regex": "false"},
	{"name_s": "/usr/include/c++/3.4.6/bits/postypes.h", "size_i": "7403", "regex": "false"},
	{"name_s": "/usr/include/c++/3.4.6/bits/slice_array.h", "size_i": "9553", "regex": "false"},
	{"name_s": "/usr/include/c++/3.4.6/bits/sstream.tcc", "size_i": "7959", "regex": "false"},
	{"name_s": "/usr/include/c++/3.4.6/bits/stl_algo.h", "size_i": "176586", "regex": "false"},
	{"name_s": "/usr/include/c++/3.4.6/bits/stl_algobase.h", "size_i": "30237", "regex": "false"},
	{"name_s": "/usr/include/c++/3.4.6/bits/stl_bvector.h", "size_i": "24393", "regex": "false"},
	{"name_s": "/usr/include/c++/3.4.6/bits/stl_construct.h", "size_i": "5341", "regex": "false"},
	{"name_s": "/usr/include/c++/3.4.6/bits/stl_deque.h", "size_i": "51916", "regex": "false"},
	{"name_s": "/usr/include/c++/3.4.6/bits/stl_function.h", "size_i": "29327", "regex": "false"},
	{"name_s": "/usr/include/c++/3.4.6/bits/stl_heap.h", "size_i": "16066", "regex": "false"},
	{"name_s": "/usr/include/c++/3.4.6/bits/stl_iterator.h", "size_i": "25363", "regex": "false"},
	{"name_s": "/usr/include/c++/3.4.6/bits/stl_iterator_base_funcs.h", "size_i": "6504", "regex": "false"},
	{"name_s": "/usr/include/c++/3.4.6/bits/stl_iterator_base_types.h", "size_i": "6736", "regex": "false"},
	{"name_s": "/usr/include/c++/3.4.6/bits/stl_list.h", "size_i": "41006", "regex": "false"},
	{"name_s": "/usr/include/c++/3.4.6/bits/stl_map.h", "size_i": "26289", "regex": "false"},
	{"name_s": "/usr/include/c++/3.4.6/bits/stl_multimap.h", "size_i": "25705", "regex": "false"},
	{"name_s": "/usr/include/c++/3.4.6/bits/stl_multiset.h", "size_i": "21184", "regex": "false"},
	{"name_s": "/usr/include/c++/3.4.6/bits/stl_numeric.h", "size_i": "12371", "regex": "false"},
	{"name_s": "/usr/include/c++/3.4.6/bits/stl_pair.h", "size_i": "5754", "regex": "false"},
	{"name_s": "/usr/include/c++/3.4.6/bits/stl_queue.h", "size_i": "16086", "regex": "false"},
	{"name_s": "/usr/include/c++/3.4.6/bits/stl_raw_storage_iter.h", "size_i": "3721", "regex": "false"},
	{"name_s": "/usr/include/c++/3.4.6/bits/stl_relops.h", "size_i": "4820", "regex": "false"},
	{"name_s": "/usr/include/c++/3.4.6/bits/stl_set.h", "size_i": "21580", "regex": "false"},
	{"name_s": "/usr/include/c++/3.4.6/bits/stl_stack.h", "size_i": "9427", "regex": "false"},
	{"name_s": "/usr/include/c++/3.4.6/bits/stl_tempbuf.h", "size_i": "5436", "regex": "false"},
	{"name_s": "/usr/include/c++/3.4.6/bits/stl_threads.h", "size_i": "5403", "regex": "false"},
	{"name_s": "/usr/include/c++/3.4.6/bits/stl_tree.h", "size_i": "43165", "regex": "false"},
	{"name_s": "/usr/include/c++/3.4.6/bits/stl_uninitialized.h", "size_i": "9957", "regex": "false"},
	{"name_s": "/usr/include/c++/3.4.6/bits/stl_vector.h", "size_i": "33460", "regex": "false"},
	{"name_s": "/usr/include/c++/3.4.6/bits/stream_iterator.h", "size_i": "6716", "regex": "false"},
	{"name_s": "/usr/include/c++/3.4.6/bits/streambuf.tcc", "size_i": "4802", "regex": "false"},
	{"name_s": "/usr/include/c++/3.4.6/bits/streambuf_iterator.h", "size_i": "7980", "regex": "false"},
	{"name_s": "/usr/include/c++/3.4.6/bits/stringfwd.h", "size_i": "2207", "regex": "false"},
	{"name_s": "/usr/include/c++/3.4.6/bits/type_traits.h", "size_i": "12433", "regex": "false"},
	{"name_s": "/usr/include/c++/3.4.6/bits/valarray_after.h", "size_i": "22082", "regex": "false"},
	{"name_s": "/usr/include/c++/3.4.6/bits/valarray_array.h", "size_i": "21080", "regex": "false"},
	{"name_s": "/usr/include/c++/3.4.6/bits/valarray_array.tcc", "size_i": "7347", "regex": "false"},
	{"name_s": "/usr/include/c++/3.4.6/bits/valarray_before.h", "size_i": "18294", "regex": "false"},
	{"name_s": "/usr/include/c++/3.4.6/bits/vector.tcc", "size_i": "14892", "regex": "false"},
	{"name_s": "/usr/include/c++/3.4.6/bitset", "size_i": "33846", "regex": "false"},
	{"name_s": "/usr/include/c++/3.4.6/cassert", "size_i": "1933", "regex": "false"},
	{"name_s": "/usr/include/c++/3.4.6/cctype", "size_i": "2499", "regex": "false"},
	{"name_s": "/usr/include/c++/3.4.6/cerrno", "size_i": "2046", "regex": "false"},
	{"name_s": "/usr/include/c++/3.4.6/cfloat", "size_i": "1968", "regex": "false"},
	{"name_s": "/usr/include/c++/3.4.6/ciso646", "size_i": "1770", "regex": "false"},
	{"name_s": "/usr/include/c++/3.4.6/climits", "size_i": "1976", "regex": "false"},
	{"name_s": "/usr/include/c++/3.4.6/clocale", "size_i": "2173", "regex": "false"},
	{"name_s": "/usr/include/c++/3.4.6/cmath", "size_i": "14146", "regex": "false"},
	{"name_s": "/usr/include/c++/3.4.6/complex", "size_i": "32322", "regex": "false"},
	{"name_s": "/usr/include/c++/3.4.6/csetjmp", "size_i": "2217", "regex": "false"},
	{"name_s": "/usr/include/c++/3.4.6/csignal", "size_i": "2123", "regex": "false"},
	{"name_s": "/usr/include/c++/3.4.6/cstdarg", "size_i": "2095", "regex": "false"},
	{"name_s": "/usr/include/c++/3.4.6/cstddef", "size_i": "1998", "regex": "false"},
	{"name_s": "/usr/include/c++/3.4.6/cstdio", "size_i": "4367", "regex": "false"},
	{"name_s": "/usr/include/c++/3.4.6/cstdlib", "size_i": "4948", "regex": "false"},
	{"name_s": "/usr/include/c++/3.4.6/cstring", "size_i": "3396", "regex": "false"},
	{"name_s": "/usr/include/c++/3.4.6/ctime", "size_i": "2409", "regex": "false"},
	{"name_s": "/usr/include/c++/3.4.6/cwchar", "size_i": "6040", "regex": "false"},
	{"name_s": "/usr/include/c++/3.4.6/cwctype", "size_i": "2991", "regex": "false"},
	{"name_s": "/usr/include/c++/3.4.6/cxxabi.h", "size_i": "16113", "regex": "false"},
	{"name_s": "/usr/include/c++/3.4.6/debug", "size_i": "4096", "regex": "false"},
	{"name_s": "/usr/include/c++/3.4.6/debug/bitset", "size_i": "7708", "regex": "false"},
	{"name_s": "/usr/include/c++/3.4.6/debug/debug.h", "size_i": "20974", "regex": "false"},
	{"name_s": "/usr/include/c++/3.4.6/debug/deque", "size_i": "10231", "regex": "false"},
	{"name_s": "/usr/include/c++/3.4.6/debug/formatter.h", "size_i": "11362", "regex": "false"},
	{"name_s": "/usr/include/c++/3.4.6/debug/hash_map", "size_i": "1609", "regex": "false"},
	{"name_s": "/usr/include/c++/3.4.6/debug/hash_map.h", "size_i": "8842", "regex": "false"},
	{"name_s": "/usr/include/c++/3.4.6/debug/hash_multimap.h", "size_i": "8668", "regex": "false"},
	{"name_s": "/usr/include/c++/3.4.6/debug/hash_multiset.h", "size_i": "7748", "regex": "false"},
	{"name_s": "/usr/include/c++/3.4.6/debug/hash_set", "size_i": "1609", "regex": "false"},
	{"name_s": "/usr/include/c++/3.4.6/debug/hash_set.h", "size_i": "7965", "regex": "false"},
	{"name_s": "/usr/include/c++/3.4.6/debug/list", "size_i": "13600", "regex": "false"},
	{"name_s": "/usr/include/c++/3.4.6/debug/map", "size_i": "1566", "regex": "false"},
	{"name_s": "/usr/include/c++/3.4.6/debug/map.h", "size_i": "10346", "regex": "false"},
	{"name_s": "/usr/include/c++/3.4.6/debug/multimap.h", "size_i": "10257", "regex": "false"},
	{"name_s": "/usr/include/c++/3.4.6/debug/multiset.h", "size_i": "10182", "regex": "false"},
	{"name_s": "/usr/include/c++/3.4.6/debug/safe_base.h", "size_i": "7750", "regex": "false"},
	{"name_s": "/usr/include/c++/3.4.6/debug/safe_iterator.h", "size_i": "20855", "regex": "false"},
	{"name_s": "/usr/include/c++/3.4.6/debug/safe_iterator.tcc", "size_i": "4531", "regex": "false"},
	{"name_s": "/usr/include/c++/3.4.6/debug/safe_sequence.h", "size_i": "6354", "regex": "false"},
	{"name_s": "/usr/include/c++/3.4.6/debug/set", "size_i": "1566", "regex": "false"},
	{"name_s": "/usr/include/c++/3.4.6/debug/set.h", "size_i": "10184", "regex": "false"},
	{"name_s": "/usr/include/c++/3.4.6/debug/string", "size_i": "28622", "regex": "false"},
	{"name_s": "/usr/include/c++/3.4.6/debug/vector", "size_i": "11743", "regex": "false"},
	{"name_s": "/usr/include/c++/3.4.6/deque", "size_i": "3106", "regex": "false"},
	{"name_s": "/usr/include/c++/3.4.6/exception", "size_i": "4631", "regex": "false"},
	{"name_s": "/usr/include/c++/3.4.6/exception_defines.h", "size_i": "1805", "regex": "false"},
	{"name_s": "/usr/include/c++/3.4.6/ext", "size_i": "4096", "regex": "false"},
	{"name_s": "/usr/include/c++/3.4.6/ext/algorithm", "size_i": "17543", "regex": "false"},
	{"name_s": "/usr/include/c++/3.4.6/ext/bitmap_allocator.h", "size_i": "27271", "regex": "false"},
	{"name_s": "/usr/include/c++/3.4.6/ext/debug_allocator.h", "size_i": "4232", "regex": "false"},
	{"name_s": "/usr/include/c++/3.4.6/ext/enc_filebuf.h", "size_i": "2709", "regex": "false"},
	{"name_s": "/usr/include/c++/3.4.6/ext/functional", "size_i": "13797", "regex": "false"},
	{"name_s": "/usr/include/c++/3.4.6/ext/hash_fun.h", "size_i": "4256", "regex": "false"},
	{"name_s": "/usr/include/c++/3.4.6/ext/hash_map", "size_i": "17148", "regex": "false"},
	{"name_s": "/usr/include/c++/3.4.6/ext/hash_set", "size_i": "16566", "regex": "false"},
	{"name_s": "/usr/include/c++/3.4.6/ext/hashtable.h", "size_i": "31506", "regex": "false"},
	{"name_s": "/usr/include/c++/3.4.6/ext/iterator", "size_i": "4349", "regex": "false"},
	{"name_s": "/usr/include/c++/3.4.6/ext/malloc_allocator.h", "size_i": "3780", "regex": "false"},
	{"name_s": "/usr/include/c++/3.4.6/ext/memory", "size_i": "6395", "regex": "false"},
	{"name_s": "/usr/include/c++/3.4.6/ext/mt_allocator.h", "size_i": "23494", "regex": "false"},
	{"name_s": "/usr/include/c++/3.4.6/ext/new_allocator.h", "size_i": "3700", "regex": "false"},
	{"name_s": "/usr/include/c++/3.4.6/ext/numeric", "size_i": "4948", "regex": "false"},
	{"name_s": "/usr/include/c++/3.4.6/ext/pod_char_traits.h", "size_i": "4839", "regex": "false"},
	{"name_s": "/usr/include/c++/3.4.6/ext/pool_allocator.h", "size_i": "7836", "regex": "false"},
	{"name_s": "/usr/include/c++/3.4.6/ext/rb_tree", "size_i": "3617", "regex": "false"},
	{"name_s": "/usr/include/c++/3.4.6/ext/rope", "size_i": "89884", "regex": "false"},
	{"name_s": "/usr/include/c++/3.4.6/ext/ropeimpl.h", "size_i": "46699", "regex": "false"},
	{"name_s": "/usr/include/c++/3.4.6/ext/slist", "size_i": "28179", "regex": "false"},
	{"name_s": "/usr/include/c++/3.4.6/ext/stdio_filebuf.h", "size_i": "5704", "regex": "false"},
	{"name_s": "/usr/include/c++/3.4.6/ext/stdio_sync_filebuf.h", "size_i": "7868", "regex": "false"},
	{"name_s": "/usr/include/c++/3.4.6/fstream", "size_i": "25001", "regex": "false"},
	{"name_s": "/usr/include/c++/3.4.6/functional", "size_i": "2353", "regex": "false"},
	{"name_s": "/usr/include/c++/3.4.6/iomanip", "size_i": "9084", "regex": "false"},
	{"name_s": "/usr/include/c++/3.4.6/ios", "size_i": "2127", "regex": "false"},
	{"name_s": "/usr/include/c++/3.4.6/iosfwd", "size_i": "6568", "regex": "false"},
	{"name_s": "/usr/include/c++/3.4.6/iostream", "size_i": "3073", "regex": "false"},
	{"name_s": "/usr/include/c++/3.4.6/istream", "size_i": "27421", "regex": "false"},
	{"name_s": "/usr/include/c++/3.4.6/iterator", "size_i": "3084", "regex": "false"},
	{"name_s": "/usr/include/c++/3.4.6/limits", "size_i": "41596", "regex": "false"},
	{"name_s": "/usr/include/c++/3.4.6/list", "size_i": "3104", "regex": "false"},
	{"name_s": "/usr/include/c++/3.4.6/locale", "size_i": "1888", "regex": "false"},
	{"name_s": "/usr/include/c++/3.4.6/map", "size_i": "2924", "regex": "false"},
	{"name_s": "/usr/include/c++/3.4.6/memory", "size_i": "12282", "regex": "false"},
	{"name_s": "/usr/include/c++/3.4.6/new", "size_i": "3784", "regex": "false"},
	{"name_s": "/usr/include/c++/3.4.6/numeric", "size_i": "2936", "regex": "false"},
	{"name_s": "/usr/include/c++/3.4.6/ostream", "size_i": "18600", "regex": "false"},
	{"name_s": "/usr/include/c++/3.4.6/queue", "size_i": "3110", "regex": "false"},
	{"name_s": "/usr/include/c++/3.4.6/set", "size_i": "2924", "regex": "false"},
	{"name_s": "/usr/include/c++/3.4.6/sstream", "size_i": "20996", "regex": "false"},
	{"name_s": "/usr/include/c++/3.4.6/stack", "size_i": "2976", "regex": "false"},
	{"name_s": "/usr/include/c++/3.4.6/stdexcept", "size_i": "4602", "regex": "false"},
	{"name_s": "/usr/include/c++/3.4.6/streambuf", "size_i": "27348", "regex": "false"},
	{"name_s": "/usr/include/c++/3.4.6/string", "size_i": "2254", "regex": "false"},
	{"name_s": "/usr/include/c++/3.4.6/typeinfo", "size_i": "5313", "regex": "false"},
	{"name_s": "/usr/include/c++/3.4.6/utility", "size_i": "2892", "regex": "false"},
	{"name_s": "/usr/include/c++/3.4.6/valarray", "size_i": "35312", "regex": "false"},
	{"name_s": "/usr/include/c++/3.4.6/vector", "size_i": "3146", "regex": "false"},
	{"name_s": "/usr/include/c++/3.4.6/x86_64-redhat-linux", "size_i": "4096", "regex": "false"},
	{"name_s": "/usr/include/c++/3.4.6/x86_64-redhat-linux/bits", "size_i": "4096", "regex": "false"},
	{"name_s": "/usr/include/c++/3.4.6/x86_64-redhat-linux/bits/atomic_word.h", "size_i": "1531", "regex": "false"},
	{"name_s": "/usr/include/c++/3.4.6/x86_64-redhat-linux/bits/basic_file.h", "size_i": "2983", "regex": "false"},
	{"name_s": "/usr/include/c++/3.4.6/x86_64-redhat-linux/bits/c++allocator.h", "size_i": "1630", "regex": "false"},
	{"name_s": "/usr/include/c++/3.4.6/x86_64-redhat-linux/bits/c++config.h", "size_i": "38014", "regex": "false"},
	{"name_s": "/usr/include/c++/3.4.6/x86_64-redhat-linux/bits/c++io.h", "size_i": "3259", "regex": "false"},
	{"name_s": "/usr/include/c++/3.4.6/x86_64-redhat-linux/bits/c++locale.h", "size_i": "3301", "regex": "false"},
	{"name_s": "/usr/include/c++/3.4.6/x86_64-redhat-linux/bits/codecvt_specializations.h", "size_i": "16027", "regex": "false"},
	{"name_s": "/usr/include/c++/3.4.6/x86_64-redhat-linux/bits/ctype_base.h", "size_i": "2294", "regex": "false"},
	{"name_s": "/usr/include/c++/3.4.6/x86_64-redhat-linux/bits/ctype_inline.h", "size_i": "2342", "regex": "false"},
	{"name_s": "/usr/include/c++/3.4.6/x86_64-redhat-linux/bits/ctype_noninline.h", "size_i": "5262", "regex": "false"},
	{"name_s": "/usr/include/c++/3.4.6/x86_64-redhat-linux/bits/gthr-default.h", "size_i": "18138", "regex": "false"},
	{"name_s": "/usr/include/c++/3.4.6/x86_64-redhat-linux/bits/gthr-posix.h", "size_i": "18138", "regex": "false"},
	{"name_s": "/usr/include/c++/3.4.6/x86_64-redhat-linux/bits/gthr-single.h", "size_i": "6012", "regex": "false"},
	{"name_s": "/usr/include/c++/3.4.6/x86_64-redhat-linux/bits/gthr.h", "size_i": "4023", "regex": "false"},
	{"name_s": "/usr/include/c++/3.4.6/x86_64-redhat-linux/bits/messages_members.h", "size_i": "3664", "regex": "false"},
	{"name_s": "/usr/include/c++/3.4.6/x86_64-redhat-linux/bits/os_defines.h", "size_i": "1873", "regex": "false"},
	{"name_s": "/usr/include/c++/3.4.6/x86_64-redhat-linux/bits/stdc++.h.gch", "size_i": "4096", "regex": "false"},
	{"name_s": "/usr/include/c++/3.4.6/x86_64-redhat-linux/bits/stdc++.h.gch/O0g", "size_i": "35073638", "regex": "false"},
	{"name_s": "/usr/include/c++/3.4.6/x86_64-redhat-linux/bits/stdc++.h.gch/O2g", "size_i": "35057253", "regex": "false"},
	{"name_s": "/usr/include/c++/3.4.6/x86_64-redhat-linux/bits/time_members.h", "size_i": "2717", "regex": "false"},
	{"name_s": "/usr/lib/gcc", "size_i": "4096", "regex": "false"},
	{"name_s": "/usr/lib/gcc/x86_64-redhat-linux", "size_i": "4096", "regex": "false"},
	{"name_s": "/usr/lib/gcc/x86_64-redhat-linux/3.4.6", "size_i": "4096", "regex": "false"},
	{"name_s": "/usr/lib/gcc/x86_64-redhat-linux/3.4.6/32", "size_i": "4096", "regex": "false"},
	{"name_s": "/usr/lib/gcc/x86_64-redhat-linux/3.4.6/32/libstdc++.a", "size_i": "1696862", "regex": "false"},
	{"name_s": "/usr/lib/gcc/x86_64-redhat-linux/3.4.6/32/libstdc++.so", "size_i": "45", "regex": "false"},
	{"name_s": "/usr/lib/gcc/x86_64-redhat-linux/3.4.6/32/libstdc++_nonshared.a", "size_i": "1540", "regex": "false"},
	{"name_s": "/usr/lib/gcc/x86_64-redhat-linux/3.4.6/32/libstdc++_shared.so", "size_i": "264304", "regex": "false"},
	{"name_s": "/usr/lib/gcc/x86_64-redhat-linux/3.4.6/32/libsupc++.a", "size_i": "151692", "regex": "false"},
	{"name_s": "/usr/lib/gcc/x86_64-redhat-linux/3.4.6/libstdc++.a", "size_i": "2300616", "regex": "false"},
	{"name_s": "/usr/lib/gcc/x86_64-redhat-linux/3.4.6/libstdc++.so", "size_i": "45", "regex": "false"},
	{"name_s": "/usr/lib/gcc/x86_64-redhat-linux/3.4.6/libstdc++_nonshared.a", "size_i": "2580", "regex": "false"},
	{"name_s": "/usr/lib/gcc/x86_64-redhat-linux/3.4.6/libstdc++_shared.so", "size_i": "297832", "regex": "false"},
	{"name_s": "/usr/lib/gcc/x86_64-redhat-linux/3.4.6/libsupc++.a", "size_i": "208144", "regex": "false"},
	{"name_s": "/usr/libexec/gcc", "size_i": "4096", "regex": "false"},
	{"name_s": "/usr/libexec/gcc/x86_64-redhat-linux", "size_i": "4096", "regex": "false"},
	{"name_s": "/usr/libexec/gcc/x86_64-redhat-linux/3.4.6", "size_i": "4096", "regex": "false"},
	{"name_s": "/usr/libexec/gcc/x86_64-redhat-linux/3.4.6/cc1plus", "size_i": "4642208", "regex": "false"},
	{"name_s": "/usr/share/doc/compat-gcc-34-c++-3.4.6", "size_i": "4096", "regex": "false"},
	{"name_s": "/usr/share/doc/compat-gcc-34-c++-3.4.6/ChangeLog", "size_i": "8018", "regex": "false"},
	{"name_s": "/usr/share/doc/compat-gcc-34-c++-3.4.6/ChangeLog-2000", "size_i": "360262", "regex": "false"},
	{"name_s": "/usr/share/doc/compat-gcc-34-c++-3.4.6/ChangeLog-2001", "size_i": "219713", "regex": "false"},
	{"name_s": "/usr/share/doc/compat-gcc-34-c++-3.4.6/ChangeLog-2002", "size_i": "211224", "regex": "false"},
	{"name_s": "/usr/share/doc/compat-gcc-34-c++-3.4.6/ChangeLog-2003", "size_i": "338438", "regex": "false"},
	{"name_s": "/usr/share/doc/compat-gcc-34-c++-3.4.6/ChangeLog-2004", "size_i": "149285", "regex": "false"},
	{"name_s": "/usr/share/doc/compat-gcc-34-c++-3.4.6/ChangeLog.1", "size_i": "348052", "regex": "false"},
	{"name_s": "/usr/share/doc/compat-gcc-34-c++-3.4.6/ChangeLog.2", "size_i": "757759", "regex": "false"},
	{"name_s": "/usr/share/doc/compat-gcc-34-c++-3.4.6/ChangeLog.3", "size_i": "801414", "regex": "false"},
	{"name_s": "/usr/share/doc/compat-gcc-34-c++-3.4.6/ChangeLog.egcs", "size_i": "123", "regex": "false"},
	{"name_s": "/usr/share/doc/compat-gcc-34-c++-3.4.6/README", "size_i": "3338", "regex": "false"},
	{"name_s": "/usr/share/doc/compat-gcc-34-c++-3.4.6/html", "size_i": "4096", "regex": "false"},
	{"name_s": "/usr/share/doc/compat-gcc-34-c++-3.4.6/html/17_intro", "size_i": "4096", "regex": "false"},
	{"name_s": "/usr/share/doc/compat-gcc-34-c++-3.4.6/html/17_intro/BADNAMES", "size_i": "2166", "regex": "false"},
	{"name_s": "/usr/share/doc/compat-gcc-34-c++-3.4.6/html/17_intro/BUGS", "size_i": "1151", "regex": "false"},
	{"name_s": "/usr/share/doc/compat-gcc-34-c++-3.4.6/html/17_intro/C++STYLE", "size_i": "9475", "regex": "false"},
	{"name_s": "/usr/share/doc/compat-gcc-34-c++-3.4.6/html/17_intro/CHECKLIST", "size_i": "253189", "regex": "false"},
	{"name_s": "/usr/share/doc/compat-gcc-34-c++-3.4.6/html/17_intro/COPYING", "size_i": "17992", "regex": "false"},
	{"name_s": "/usr/share/doc/compat-gcc-34-c++-3.4.6/html/17_intro/COPYING.DOC", "size_i": "18109", "regex": "false"},
	{"name_s": "/usr/share/doc/compat-gcc-34-c++-3.4.6/html/17_intro/DESIGN", "size_i": "40397", "regex": "false"},
	{"name_s": "/usr/share/doc/compat-gcc-34-c++-3.4.6/html/17_intro/HEADER_POLICY", "size_i": "5041", "regex": "false"},
	{"name_s": "/usr/share/doc/compat-gcc-34-c++-3.4.6/html/17_intro/PROBLEMS", "size_i": "336", "regex": "false"},
	{"name_s": "/usr/share/doc/compat-gcc-34-c++-3.4.6/html/17_intro/RELEASE-NOTES", "size_i": "2545", "regex": "false"},
	{"name_s": "/usr/share/doc/compat-gcc-34-c++-3.4.6/html/17_intro/TODO", "size_i": "5997", "regex": "false"},
	{"name_s": "/usr/share/doc/compat-gcc-34-c++-3.4.6/html/17_intro/concept_check.diff", "size_i": "13482", "regex": "false"},
	{"name_s": "/usr/share/doc/compat-gcc-34-c++-3.4.6/html/17_intro/confdeps.dot", "size_i": "473", "regex": "false"},
	{"name_s": "/usr/share/doc/compat-gcc-34-c++-3.4.6/html/17_intro/confdeps.png", "size_i": "3486", "regex": "false"},
	{"name_s": "/usr/share/doc/compat-gcc-34-c++-3.4.6/html/17_intro/configury.html", "size_i": "11671", "regex": "false"},
	{"name_s": "/usr/share/doc/compat-gcc-34-c++-3.4.6/html/17_intro/contribute.html", "size_i": "5161", "regex": "false"},
	{"name_s": "/usr/share/doc/compat-gcc-34-c++-3.4.6/html/17_intro/headers_cc.txt", "size_i": "1979", "regex": "false"},
	{"name_s": "/usr/share/doc/compat-gcc-34-c++-3.4.6/html/17_intro/howto.html", "size_i": "19065", "regex": "false"},
	{"name_s": "/usr/share/doc/compat-gcc-34-c++-3.4.6/html/17_intro/license.html", "size_i": "4545", "regex": "false"},
	{"name_s": "/usr/share/doc/compat-gcc-34-c++-3.4.6/html/17_intro/porting-howto.html", "size_i": "26672", "regex": "false"},
	{"name_s": "/usr/share/doc/compat-gcc-34-c++-3.4.6/html/17_intro/porting-howto.xml", "size_i": "27289", "regex": "false"},
	{"name_s": "/usr/share/doc/compat-gcc-34-c++-3.4.6/html/17_intro/porting.html", "size_i": "47598", "regex": "false"},
	{"name_s": "/usr/share/doc/compat-gcc-34-c++-3.4.6/html/17_intro/porting.texi", "size_i": "22219", "regex": "false"},
	{"name_s": "/usr/share/doc/compat-gcc-34-c++-3.4.6/html/18_support", "size_i": "4096", "regex": "false"},
	{"name_s": "/usr/share/doc/compat-gcc-34-c++-3.4.6/html/18_support/howto.html", "size_i": "16750", "regex": "false"},
	{"name_s": "/usr/share/doc/compat-gcc-34-c++-3.4.6/html/19_diagnostics", "size_i": "4096", "regex": "false"},
	{"name_s": "/usr/share/doc/compat-gcc-34-c++-3.4.6/html/19_diagnostics/howto.html", "size_i": "5763", "regex": "false"},
	{"name_s": "/usr/share/doc/compat-gcc-34-c++-3.4.6/html/20_util", "size_i": "4096", "regex": "false"},
	{"name_s": "/usr/share/doc/compat-gcc-34-c++-3.4.6/html/20_util/allocator.html", "size_i": "19352", "regex": "false"},
	{"name_s": "/usr/share/doc/compat-gcc-34-c++-3.4.6/html/20_util/howto.html", "size_i": "9398", "regex": "false"},
	{"name_s": "/usr/share/doc/compat-gcc-34-c++-3.4.6/html/21_strings", "size_i": "4096", "regex": "false"},
	{"name_s": "/usr/share/doc/compat-gcc-34-c++-3.4.6/html/21_strings/gotw29a.txt", "size_i": "5174", "regex": "false"},
	{"name_s": "/usr/share/doc/compat-gcc-34-c++-3.4.6/html/21_strings/howto.html", "size_i": "21126", "regex": "false"},
	{"name_s": "/usr/share/doc/compat-gcc-34-c++-3.4.6/html/21_strings/stringtok_h.txt", "size_i": "3121", "regex": "false"},
	{"name_s": "/usr/share/doc/compat-gcc-34-c++-3.4.6/html/21_strings/stringtok_std_h.txt", "size_i": "1006", "regex": "false"},
	{"name_s": "/usr/share/doc/compat-gcc-34-c++-3.4.6/html/22_locale", "size_i": "4096", "regex": "false"},
	{"name_s": "/usr/share/doc/compat-gcc-34-c++-3.4.6/html/22_locale/codecvt.html", "size_i": "18958", "regex": "false"},
	{"name_s": "/usr/share/doc/compat-gcc-34-c++-3.4.6/html/22_locale/ctype.html", "size_i": "4399", "regex": "false"},
	{"name_s": "/usr/share/doc/compat-gcc-34-c++-3.4.6/html/22_locale/howto.html", "size_i": "9844", "regex": "false"},
	{"name_s": "/usr/share/doc/compat-gcc-34-c++-3.4.6/html/22_locale/locale.html", "size_i": "8978", "regex": "false"},
	{"name_s": "/usr/share/doc/compat-gcc-34-c++-3.4.6/html/22_locale/messages.html", "size_i": "13973", "regex": "false"},
	{"name_s": "/usr/share/doc/compat-gcc-34-c++-3.4.6/html/23_containers", "size_i": "4096", "regex": "false"},
	{"name_s": "/usr/share/doc/compat-gcc-34-c++-3.4.6/html/23_containers/howto.html", "size_i": "22658", "regex": "false"},
	{"name_s": "/usr/share/doc/compat-gcc-34-c++-3.4.6/html/23_containers/wrappers_h.txt", "size_i": "1507", "regex": "false"},
	{"name_s": "/usr/share/doc/compat-gcc-34-c++-3.4.6/html/24_iterators", "size_i": "4096", "regex": "false"},
	{"name_s": "/usr/share/doc/compat-gcc-34-c++-3.4.6/html/24_iterators/howto.html", "size_i": "8923", "regex": "false"},
	{"name_s": "/usr/share/doc/compat-gcc-34-c++-3.4.6/html/25_algorithms", "size_i": "4096", "regex": "false"},
	{"name_s": "/usr/share/doc/compat-gcc-34-c++-3.4.6/html/25_algorithms/howto.html", "size_i": "4917", "regex": "false"},
	{"name_s": "/usr/share/doc/compat-gcc-34-c++-3.4.6/html/26_numerics", "size_i": "4096", "regex": "false"},
	{"name_s": "/usr/share/doc/compat-gcc-34-c++-3.4.6/html/26_numerics/howto.html", "size_i": "7621", "regex": "false"},
	{"name_s": "/usr/share/doc/compat-gcc-34-c++-3.4.6/html/27_io", "size_i": "4096", "regex": "false"},
	{"name_s": "/usr/share/doc/compat-gcc-34-c++-3.4.6/html/27_io/binary_iostreams_kanze.txt", "size_i": "1964", "regex": "false"},
	{"name_s": "/usr/share/doc/compat-gcc-34-c++-3.4.6/html/27_io/binary_iostreams_kuehl.txt", "size_i": "4290", "regex": "false"},
	{"name_s": "/usr/share/doc/compat-gcc-34-c++-3.4.6/html/27_io/howto.html", "size_i": "37944", "regex": "false"},
	{"name_s": "/usr/share/doc/compat-gcc-34-c++-3.4.6/html/Makefile", "size_i": "1393", "regex": "false"},
	{"name_s": "/usr/share/doc/compat-gcc-34-c++-3.4.6/html/abi.html", "size_i": "29292", "regex": "false"},
	{"name_s": "/usr/share/doc/compat-gcc-34-c++-3.4.6/html/configopts.html", "size_i": "13854", "regex": "false"},
	{"name_s": "/usr/share/doc/compat-gcc-34-c++-3.4.6/html/debug.html", "size_i": "16491", "regex": "false"},
	{"name_s": "/usr/share/doc/compat-gcc-34-c++-3.4.6/html/debug_mode.html", "size_i": "27301", "regex": "false"},
	{"name_s": "/usr/share/doc/compat-gcc-34-c++-3.4.6/html/documentation.html", "size_i": "11545", "regex": "false"},
	{"name_s": "/usr/share/doc/compat-gcc-34-c++-3.4.6/html/explanations.html", "size_i": "3417", "regex": "false"},
	{"name_s": "/usr/share/doc/compat-gcc-34-c++-3.4.6/html/ext", "size_i": "4096", "regex": "false"},
	{"name_s": "/usr/share/doc/compat-gcc-34-c++-3.4.6/html/ext/ballocator_doc.txt", "size_i": "17669", "regex": "false"},
	{"name_s": "/usr/share/doc/compat-gcc-34-c++-3.4.6/html/ext/howto.html", "size_i": "20259", "regex": "false"},
	{"name_s": "/usr/share/doc/compat-gcc-34-c++-3.4.6/html/ext/lwg-active.html", "size_i": "275590", "regex": "false"},
	{"name_s": "/usr/share/doc/compat-gcc-34-c++-3.4.6/html/ext/lwg-defects.html", "size_i": "587052", "regex": "false"},
	{"name_s": "/usr/share/doc/compat-gcc-34-c++-3.4.6/html/ext/mt_allocator.html", "size_i": "17263", "regex": "false"},
	{"name_s": "/usr/share/doc/compat-gcc-34-c++-3.4.6/html/ext/sgiexts.html", "size_i": "10903", "regex": "false"},
	{"name_s": "/usr/share/doc/compat-gcc-34-c++-3.4.6/html/faq", "size_i": "4096", "regex": "false"},
	{"name_s": "/usr/share/doc/compat-gcc-34-c++-3.4.6/html/faq/index.html", "size_i": "56458", "regex": "false"},
	{"name_s": "/usr/share/doc/compat-gcc-34-c++-3.4.6/html/faq/index.txt", "size_i": "48951", "regex": "false"},
	{"name_s": "/usr/share/doc/compat-gcc-34-c++-3.4.6/html/index.html", "size_i": "18", "regex": "false"},
	{"name_s": "/usr/share/doc/compat-gcc-34-c++-3.4.6/html/install.html", "size_i": "14694", "regex": "false"},
	{"name_s": "/usr/share/doc/compat-gcc-34-c++-3.4.6/html/lib3styles.css", "size_i": "201", "regex": "false"},
	{"name_s": "/usr/share/doc/compat-gcc-34-c++-3.4.6/html/makedoc.awk", "size_i": "1772", "regex": "false"},
	{"name_s": "/usr/share/doc/compat-gcc-34-c++-3.4.6/html/test.html", "size_i": "23164", "regex": "false"}
]
