[
	{"name_s": "/lib/libdb-4.3.so", "size_i": "1046788", "regex": "false"},
	{"name_s": "/lib/libdb_cxx-4.3.so", "size_i": "1142176", "regex": "false"},
	{"name_s": "/usr/bin/berkeley_db43_svc", "size_i": "59936", "regex": "false"},
	{"name_s": "/usr/bin/db43_archive", "size_i": "6384", "regex": "false"},
	{"name_s": "/usr/bin/db43_checkpoint", "size_i": "8188", "regex": "false"},
	{"name_s": "/usr/bin/db43_deadlock", "size_i": "7580", "regex": "false"},
	{"name_s": "/usr/bin/db43_dump", "size_i": "10812", "regex": "false"},
	{"name_s": "/usr/bin/db43_load", "size_i": "20844", "regex": "false"},
	{"name_s": "/usr/bin/db43_printlog", "size_i": "51332", "regex": "false"},
	{"name_s": "/usr/bin/db43_recover", "size_i": "7340", "regex": "false"},
	{"name_s": "/usr/bin/db43_stat", "size_i": "9432", "regex": "false"},
	{"name_s": "/usr/bin/db43_upgrade", "size_i": "6848", "regex": "false"},
	{"name_s": "/usr/bin/db43_verify", "size_i": "7400", "regex": "false"},
	{"name_s": "/usr/include/db4.3.29", "size_i": "4096", "regex": "false"},
	{"name_s": "/usr/include/db4.3.29/db.h", "size_i": "88906", "regex": "false"},
	{"name_s": "/usr/include/db4.3.29/db_185.h", "size_i": "5943", "regex": "false"},
	{"name_s": "/usr/include/db4.3.29/db_cxx.h", "size_i": "33606", "regex": "false"},
	{"name_s": "/usr/lib/db4.3.29", "size_i": "4096", "regex": "false"},
	{"name_s": "/usr/lib/db4.3.29/libdb.so", "size_i": "25", "regex": "false"},
	{"name_s": "/usr/lib/db4.3.29/libdb_cxx.so", "size_i": "29", "regex": "false"},
	{"name_s": "/usr/share/doc/compat-db43-4.3.29", "size_i": "4096", "regex": "false"},
	{"name_s": "/usr/share/doc/compat-db43-4.3.29/db-4.3.29", "size_i": "4096", "regex": "false"},
	{"name_s": "/usr/share/doc/compat-db43-4.3.29/db-4.3.29/LICENSE", "size_i": "5718", "regex": "false"},
	{"name_s": "/usr/share/doc/compat-db43-4.3.29/db-4.3.29/README", "size_i": "244", "regex": "false"}
]
