[
	{"name_s": "/usr/lib/x86_64-redhat-linux5E", "size_i": "4096", "regex": "false"},
	{"name_s": "/usr/lib/x86_64-redhat-linux5E/lib64", "size_i": "4096", "regex": "false"},
	{"name_s": "/usr/lib/x86_64-redhat-linux5E/lib64/Mcrt1.o", "size_i": "616", "regex": "false"},
	{"name_s": "/usr/lib/x86_64-redhat-linux5E/lib64/Scrt1.o", "size_i": "1696", "regex": "false"},
	{"name_s": "/usr/lib/x86_64-redhat-linux5E/lib64/crt1.o", "size_i": "1648", "regex": "false"},
	{"name_s": "/usr/lib/x86_64-redhat-linux5E/lib64/crti.o", "size_i": "1504", "regex": "false"},
	{"name_s": "/usr/lib/x86_64-redhat-linux5E/lib64/crtn.o", "size_i": "760", "regex": "false"},
	{"name_s": "/usr/lib/x86_64-redhat-linux5E/lib64/gcrt1.o", "size_i": "2392", "regex": "false"},
	{"name_s": "/usr/lib/x86_64-redhat-linux5E/lib64/libanl.a", "size_i": "17652", "regex": "false"},
	{"name_s": "/usr/lib/x86_64-redhat-linux5E/lib64/libanl.so", "size_i": "2184", "regex": "false"},
	{"name_s": "/usr/lib/x86_64-redhat-linux5E/lib64/libbsd-compat.a", "size_i": "1194", "regex": "false"},
	{"name_s": "/usr/lib/x86_64-redhat-linux5E/lib64/libbsd.a", "size_i": "15", "regex": "false"},
	{"name_s": "/usr/lib/x86_64-redhat-linux5E/lib64/libc.a", "size_i": "4192278", "regex": "false"},
	{"name_s": "/usr/lib/x86_64-redhat-linux5E/lib64/libc.so", "size_i": "140040", "regex": "false"},
	{"name_s": "/usr/lib/x86_64-redhat-linux5E/lib64/libc_nonshared.a", "size_i": "19350", "regex": "false"},
	{"name_s": "/usr/lib/x86_64-redhat-linux5E/lib64/libc_stubs.a", "size_i": "2592", "regex": "false"},
	{"name_s": "/usr/lib/x86_64-redhat-linux5E/lib64/libcidn.so", "size_i": "2088", "regex": "false"},
	{"name_s": "/usr/lib/x86_64-redhat-linux5E/lib64/libcrypt.a", "size_i": "73580", "regex": "false"},
	{"name_s": "/usr/lib/x86_64-redhat-linux5E/lib64/libcrypt.so", "size_i": "2480", "regex": "false"},
	{"name_s": "/usr/lib/x86_64-redhat-linux5E/lib64/libdl.a", "size_i": "11882", "regex": "false"},
	{"name_s": "/usr/lib/x86_64-redhat-linux5E/lib64/libdl.so", "size_i": "3048", "regex": "false"},
	{"name_s": "/usr/lib/x86_64-redhat-linux5E/lib64/libg.a", "size_i": "1194", "regex": "false"},
	{"name_s": "/usr/lib/x86_64-redhat-linux5E/lib64/libieee.a", "size_i": "798", "regex": "false"},
	{"name_s": "/usr/lib/x86_64-redhat-linux5E/lib64/libm.a", "size_i": "1321342", "regex": "false"},
	{"name_s": "/usr/lib/x86_64-redhat-linux5E/lib64/libm.so", "size_i": "19464", "regex": "false"},
	{"name_s": "/usr/lib/x86_64-redhat-linux5E/lib64/libmcheck.a", "size_i": "1472", "regex": "false"},
	{"name_s": "/usr/lib/x86_64-redhat-linux5E/lib64/libnsl.a", "size_i": "197802", "regex": "false"},
	{"name_s": "/usr/lib/x86_64-redhat-linux5E/lib64/libnsl.so", "size_i": "10552", "regex": "false"},
	{"name_s": "/usr/lib/x86_64-redhat-linux5E/lib64/libpthread.a", "size_i": "351040", "regex": "false"},
	{"name_s": "/usr/lib/x86_64-redhat-linux5E/lib64/libpthread.so", "size_i": "17664", "regex": "false"},
	{"name_s": "/usr/lib/x86_64-redhat-linux5E/lib64/libpthread_nonshared.a", "size_i": "1628", "regex": "false"},
	{"name_s": "/usr/lib/x86_64-redhat-linux5E/lib64/libresolv.a", "size_i": "123684", "regex": "false"},
	{"name_s": "/usr/lib/x86_64-redhat-linux5E/lib64/libresolv.so", "size_i": "7960", "regex": "false"},
	{"name_s": "/usr/lib/x86_64-redhat-linux5E/lib64/librpcsvc.a", "size_i": "53022", "regex": "false"},
	{"name_s": "/usr/lib/x86_64-redhat-linux5E/lib64/librt.a", "size_i": "84176", "regex": "false"},
	{"name_s": "/usr/lib/x86_64-redhat-linux5E/lib64/librt.so", "size_i": "4968", "regex": "false"},
	{"name_s": "/usr/lib/x86_64-redhat-linux5E/lib64/libthread_db.so", "size_i": "4840", "regex": "false"},
	{"name_s": "/usr/lib/x86_64-redhat-linux5E/lib64/libutil.a", "size_i": "12776", "regex": "false"},
	{"name_s": "/usr/lib/x86_64-redhat-linux5E/lib64/libutil.so", "size_i": "2280", "regex": "false"}
]
