[
	{"name_s": "/usr/bin/cppunit-config", "size_i": "1525", "regex": "false"},
	{"name_s": "/usr/include/cppunit", "size_i": "4096", "regex": "false"},
	{"name_s": "/usr/include/cppunit/AdditionalMessage.h", "size_i": "2276", "regex": "false"},
	{"name_s": "/usr/include/cppunit/Asserter.h", "size_i": "6119", "regex": "false"},
	{"name_s": "/usr/include/cppunit/BriefTestProgressListener.h", "size_i": "935", "regex": "false"},
	{"name_s": "/usr/include/cppunit/CompilerOutputter.h", "size_i": "5317", "regex": "false"},
	{"name_s": "/usr/include/cppunit/Exception.h", "size_i": "2161", "regex": "false"},
	{"name_s": "/usr/include/cppunit/Message.h", "size_i": "4751", "regex": "false"},
	{"name_s": "/usr/include/cppunit/Outputter.h", "size_i": "368", "regex": "false"},
	{"name_s": "/usr/include/cppunit/Portability.h", "size_i": "5914", "regex": "false"},
	{"name_s": "/usr/include/cppunit/Protector.h", "size_i": "2528", "regex": "false"},
	{"name_s": "/usr/include/cppunit/SourceLine.h", "size_i": "1443", "regex": "false"},
	{"name_s": "/usr/include/cppunit/SynchronizedObject.h", "size_i": "1752", "regex": "false"},
	{"name_s": "/usr/include/cppunit/Test.h", "size_i": "4000", "regex": "false"},
	{"name_s": "/usr/include/cppunit/TestAssert.h", "size_i": "16603", "regex": "false"},
	{"name_s": "/usr/include/cppunit/TestCaller.h", "size_i": "4866", "regex": "false"},
	{"name_s": "/usr/include/cppunit/TestCase.h", "size_i": "1124", "regex": "false"},
	{"name_s": "/usr/include/cppunit/TestComposite.h", "size_i": "923", "regex": "false"},
	{"name_s": "/usr/include/cppunit/TestFailure.h", "size_i": "1118", "regex": "false"},
	{"name_s": "/usr/include/cppunit/TestFixture.h", "size_i": "2661", "regex": "false"},
	{"name_s": "/usr/include/cppunit/TestLeaf.h", "size_i": "921", "regex": "false"},
	{"name_s": "/usr/include/cppunit/TestListener.h", "size_i": "4083", "regex": "false"},
	{"name_s": "/usr/include/cppunit/TestPath.h", "size_i": "7144", "regex": "false"},
	{"name_s": "/usr/include/cppunit/TestResult.h", "size_i": "4590", "regex": "false"},
	{"name_s": "/usr/include/cppunit/TestResultCollector.h", "size_i": "2174", "regex": "false"},
	{"name_s": "/usr/include/cppunit/TestRunner.h", "size_i": "3500", "regex": "false"},
	{"name_s": "/usr/include/cppunit/TestSuccessListener.h", "size_i": "843", "regex": "false"},
	{"name_s": "/usr/include/cppunit/TestSuite.h", "size_i": "1996", "regex": "false"},
	{"name_s": "/usr/include/cppunit/TextOutputter.h", "size_i": "1431", "regex": "false"},
	{"name_s": "/usr/include/cppunit/TextTestProgressListener.h", "size_i": "951", "regex": "false"},
	{"name_s": "/usr/include/cppunit/TextTestResult.h", "size_i": "916", "regex": "false"},
	{"name_s": "/usr/include/cppunit/TextTestRunner.h", "size_i": "148", "regex": "false"},
	{"name_s": "/usr/include/cppunit/XmlOutputter.h", "size_i": "5118", "regex": "false"},
	{"name_s": "/usr/include/cppunit/XmlOutputterHook.h", "size_i": "4920", "regex": "false"},
	{"name_s": "/usr/include/cppunit/config", "size_i": "4096", "regex": "false"},
	{"name_s": "/usr/include/cppunit/config-auto.h", "size_i": "4470", "regex": "false"},
	{"name_s": "/usr/include/cppunit/config/CppUnitApi.h", "size_i": "598", "regex": "false"},
	{"name_s": "/usr/include/cppunit/config/SelectDllLoader.h", "size_i": "2051", "regex": "false"},
	{"name_s": "/usr/include/cppunit/config/SourcePrefix.h", "size_i": "290", "regex": "false"},
	{"name_s": "/usr/include/cppunit/config/config-bcb5.h", "size_i": "1212", "regex": "false"},
	{"name_s": "/usr/include/cppunit/config/config-evc4.h", "size_i": "2099", "regex": "false"},
	{"name_s": "/usr/include/cppunit/config/config-mac.h", "size_i": "1619", "regex": "false"},
	{"name_s": "/usr/include/cppunit/config/config-msvc6.h", "size_i": "2234", "regex": "false"},
	{"name_s": "/usr/include/cppunit/extensions", "size_i": "4096", "regex": "false"},
	{"name_s": "/usr/include/cppunit/extensions/AutoRegisterSuite.h", "size_i": "2230", "regex": "false"},
	{"name_s": "/usr/include/cppunit/extensions/ExceptionTestCaseDecorator.h", "size_i": "2847", "regex": "false"},
	{"name_s": "/usr/include/cppunit/extensions/HelperMacros.h", "size_i": "20574", "regex": "false"},
	{"name_s": "/usr/include/cppunit/extensions/Orthodox.h", "size_i": "2145", "regex": "false"},
	{"name_s": "/usr/include/cppunit/extensions/RepeatedTest.h", "size_i": "782", "regex": "false"},
	{"name_s": "/usr/include/cppunit/extensions/TestCaseDecorator.h", "size_i": "758", "regex": "false"},
	{"name_s": "/usr/include/cppunit/extensions/TestDecorator.h", "size_i": "918", "regex": "false"},
	{"name_s": "/usr/include/cppunit/extensions/TestFactory.h", "size_i": "409", "regex": "false"},
	{"name_s": "/usr/include/cppunit/extensions/TestFactoryRegistry.h", "size_i": "6208", "regex": "false"},
	{"name_s": "/usr/include/cppunit/extensions/TestFixtureFactory.h", "size_i": "1169", "regex": "false"},
	{"name_s": "/usr/include/cppunit/extensions/TestNamer.h", "size_i": "2358", "regex": "false"},
	{"name_s": "/usr/include/cppunit/extensions/TestSetUp.h", "size_i": "590", "regex": "false"},
	{"name_s": "/usr/include/cppunit/extensions/TestSuiteBuilderContext.h", "size_i": "3806", "regex": "false"},
	{"name_s": "/usr/include/cppunit/extensions/TestSuiteFactory.h", "size_i": "529", "regex": "false"},
	{"name_s": "/usr/include/cppunit/extensions/TypeInfoHelper.h", "size_i": "744", "regex": "false"},
	{"name_s": "/usr/include/cppunit/plugin", "size_i": "4096", "regex": "false"},
	{"name_s": "/usr/include/cppunit/plugin/DynamicLibraryManager.h", "size_i": "4128", "regex": "false"},
	{"name_s": "/usr/include/cppunit/plugin/DynamicLibraryManagerException.h", "size_i": "1177", "regex": "false"},
	{"name_s": "/usr/include/cppunit/plugin/PlugInManager.h", "size_i": "3024", "regex": "false"},
	{"name_s": "/usr/include/cppunit/plugin/PlugInParameters.h", "size_i": "712", "regex": "false"},
	{"name_s": "/usr/include/cppunit/plugin/TestPlugIn.h", "size_i": "7045", "regex": "false"},
	{"name_s": "/usr/include/cppunit/plugin/TestPlugInDefaultImpl.h", "size_i": "1193", "regex": "false"},
	{"name_s": "/usr/include/cppunit/portability", "size_i": "4096", "regex": "false"},
	{"name_s": "/usr/include/cppunit/portability/CppUnitDeque.h", "size_i": "451", "regex": "false"},
	{"name_s": "/usr/include/cppunit/portability/CppUnitMap.h", "size_i": "592", "regex": "false"},
	{"name_s": "/usr/include/cppunit/portability/CppUnitSet.h", "size_i": "540", "regex": "false"},
	{"name_s": "/usr/include/cppunit/portability/CppUnitStack.h", "size_i": "520", "regex": "false"},
	{"name_s": "/usr/include/cppunit/portability/CppUnitVector.h", "size_i": "459", "regex": "false"},
	{"name_s": "/usr/include/cppunit/portability/FloatingPoint.h", "size_i": "2107", "regex": "false"},
	{"name_s": "/usr/include/cppunit/portability/Stream.h", "size_i": "6232", "regex": "false"},
	{"name_s": "/usr/include/cppunit/tools", "size_i": "4096", "regex": "false"},
	{"name_s": "/usr/include/cppunit/tools/Algorithm.h", "size_i": "533", "regex": "false"},
	{"name_s": "/usr/include/cppunit/tools/StringTools.h", "size_i": "751", "regex": "false"},
	{"name_s": "/usr/include/cppunit/tools/XmlDocument.h", "size_i": "2157", "regex": "false"},
	{"name_s": "/usr/include/cppunit/tools/XmlElement.h", "size_i": "4394", "regex": "false"},
	{"name_s": "/usr/include/cppunit/ui", "size_i": "4096", "regex": "false"},
	{"name_s": "/usr/include/cppunit/ui/mfc", "size_i": "4096", "regex": "false"},
	{"name_s": "/usr/include/cppunit/ui/mfc/MfcTestRunner.h", "size_i": "1698", "regex": "false"},
	{"name_s": "/usr/include/cppunit/ui/mfc/TestRunner.h", "size_i": "430", "regex": "false"},
	{"name_s": "/usr/include/cppunit/ui/qt", "size_i": "4096", "regex": "false"},
	{"name_s": "/usr/include/cppunit/ui/qt/Config.h", "size_i": "596", "regex": "false"},
	{"name_s": "/usr/include/cppunit/ui/qt/QtTestRunner.h", "size_i": "1687", "regex": "false"},
	{"name_s": "/usr/include/cppunit/ui/qt/TestRunner.h", "size_i": "417", "regex": "false"},
	{"name_s": "/usr/include/cppunit/ui/text", "size_i": "4096", "regex": "false"},
	{"name_s": "/usr/include/cppunit/ui/text/TestRunner.h", "size_i": "424", "regex": "false"},
	{"name_s": "/usr/include/cppunit/ui/text/TextTestRunner.h", "size_i": "2554", "regex": "false"},
	{"name_s": "/usr/lib64/libcppunit.so", "size_i": "24", "regex": "false"},
	{"name_s": "/usr/lib64/pkgconfig/cppunit.pc", "size_i": "211", "regex": "false"},
	{"name_s": "/usr/share/aclocal/cppunit.m4", "size_i": "3177", "regex": "false"},
	{"name_s": "/usr/share/man/man1/cppunit-config.1.gz", "size_i": "1108", "regex": "false"}
]
