[
	{"name_s": "/etc/fonts/conf.d/64-ctan-cm-lgc-typewriter.conf", "size_i": "63", "regex": "false"},
	{"name_s": "/usr/share/fontconfig/conf.avail/64-ctan-cm-lgc-typewriter.conf", "size_i": "760", "regex": "false"},
	{"name_s": "/usr/share/fonts/ctan-cm-lgc", "size_i": "4096", "regex": "false"},
	{"name_s": "/usr/share/fonts/ctan-cm-lgc/fctr6y.afm", "size_i": "11485", "regex": "false"},
	{"name_s": "/usr/share/fonts/ctan-cm-lgc/fctr6y.pfb", "size_i": "62933", "regex": "false"},
	{"name_s": "/usr/share/fonts/ctan-cm-lgc/fctr6z.afm", "size_i": "12029", "regex": "false"},
	{"name_s": "/usr/share/fonts/ctan-cm-lgc/fctr6z.pfb", "size_i": "63053", "regex": "false"},
	{"name_s": "/usr/share/fonts/ctan-cm-lgc/fctr8a.afm", "size_i": "11917", "regex": "false"},
	{"name_s": "/usr/share/fonts/ctan-cm-lgc/fctr8a.pfb", "size_i": "58584", "regex": "false"},
	{"name_s": "/usr/share/fonts/ctan-cm-lgc/fctrc6y.afm", "size_i": "11462", "regex": "false"},
	{"name_s": "/usr/share/fonts/ctan-cm-lgc/fctrc6y.pfb", "size_i": "63664", "regex": "false"},
	{"name_s": "/usr/share/fonts/ctan-cm-lgc/fctrc6z.afm", "size_i": "12012", "regex": "false"},
	{"name_s": "/usr/share/fonts/ctan-cm-lgc/fctrc6z.pfb", "size_i": "63925", "regex": "false"},
	{"name_s": "/usr/share/fonts/ctan-cm-lgc/fctrc8a.afm", "size_i": "11887", "regex": "false"},
	{"name_s": "/usr/share/fonts/ctan-cm-lgc/fctrc8a.pfb", "size_i": "60816", "regex": "false"},
	{"name_s": "/usr/share/fonts/ctan-cm-lgc/fctrcce.afm", "size_i": "11825", "regex": "false"},
	{"name_s": "/usr/share/fonts/ctan-cm-lgc/fctrcce.pfb", "size_i": "62399", "regex": "false"},
	{"name_s": "/usr/share/fonts/ctan-cm-lgc/fctrce.afm", "size_i": "11844", "regex": "false"},
	{"name_s": "/usr/share/fonts/ctan-cm-lgc/fctrce.pfb", "size_i": "60919", "regex": "false"},
	{"name_s": "/usr/share/fonts/ctan-cm-lgc/fctrcpg.afm", "size_i": "14881", "regex": "false"},
	{"name_s": "/usr/share/fonts/ctan-cm-lgc/fctrcpg.pfb", "size_i": "70069", "regex": "false"},
	{"name_s": "/usr/share/fonts/ctan-cm-lgc/fctri6y.afm", "size_i": "11620", "regex": "false"},
	{"name_s": "/usr/share/fonts/ctan-cm-lgc/fctri6y.pfb", "size_i": "63170", "regex": "false"},
	{"name_s": "/usr/share/fonts/ctan-cm-lgc/fctri6z.afm", "size_i": "12170", "regex": "false"},
	{"name_s": "/usr/share/fonts/ctan-cm-lgc/fctri6z.pfb", "size_i": "63301", "regex": "false"},
	{"name_s": "/usr/share/fonts/ctan-cm-lgc/fctri8a.afm", "size_i": "12084", "regex": "false"},
	{"name_s": "/usr/share/fonts/ctan-cm-lgc/fctri8a.pfb", "size_i": "58778", "regex": "false"},
	{"name_s": "/usr/share/fonts/ctan-cm-lgc/fctrice.afm", "size_i": "11995", "regex": "false"},
	{"name_s": "/usr/share/fonts/ctan-cm-lgc/fctrice.pfb", "size_i": "60974", "regex": "false"},
	{"name_s": "/usr/share/fonts/ctan-cm-lgc/fctrij6y.afm", "size_i": "11645", "regex": "false"},
	{"name_s": "/usr/share/fonts/ctan-cm-lgc/fctrij6y.pfb", "size_i": "63085", "regex": "false"},
	{"name_s": "/usr/share/fonts/ctan-cm-lgc/fctrij6z.afm", "size_i": "12195", "regex": "false"},
	{"name_s": "/usr/share/fonts/ctan-cm-lgc/fctrij6z.pfb", "size_i": "63220", "regex": "false"},
	{"name_s": "/usr/share/fonts/ctan-cm-lgc/fctrij8a.afm", "size_i": "12105", "regex": "false"},
	{"name_s": "/usr/share/fonts/ctan-cm-lgc/fctrij8a.pfb", "size_i": "58772", "regex": "false"},
	{"name_s": "/usr/share/fonts/ctan-cm-lgc/fctrijce.afm", "size_i": "12016", "regex": "false"},
	{"name_s": "/usr/share/fonts/ctan-cm-lgc/fctrijce.pfb", "size_i": "60968", "regex": "false"},
	{"name_s": "/usr/share/fonts/ctan-cm-lgc/fctrijpg.afm", "size_i": "12664", "regex": "false"},
	{"name_s": "/usr/share/fonts/ctan-cm-lgc/fctrijpg.pfb", "size_i": "70147", "regex": "false"},
	{"name_s": "/usr/share/fonts/ctan-cm-lgc/fctripg.afm", "size_i": "12634", "regex": "false"},
	{"name_s": "/usr/share/fonts/ctan-cm-lgc/fctripg.pfb", "size_i": "70110", "regex": "false"},
	{"name_s": "/usr/share/fonts/ctan-cm-lgc/fctrpg.afm", "size_i": "12588", "regex": "false"},
	{"name_s": "/usr/share/fonts/ctan-cm-lgc/fctrpg.pfb", "size_i": "70081", "regex": "false"}
]
