[
	{"name_s": "/etc/dhcp", "size_i": "4096", "regex": "false"},
	{"name_s": "/etc/dhcp/dhcpd.conf", "size_i": "112", "regex": "false"},
	{"name_s": "/etc/dhcp/dhcpd6.conf", "size_i": "193", "regex": "false"},
	{"name_s": "/etc/openldap/schema/dhcp.schema", "size_i": "21482", "regex": "false"},
	{"name_s": "/etc/portreserve/dhcpd", "size_i": "29", "regex": "false"},
	{"name_s": "/etc/rc.d/init.d/dhcpd", "size_i": "3118", "regex": "false"},
	{"name_s": "/etc/rc.d/init.d/dhcpd6", "size_i": "3254", "regex": "false"},
	{"name_s": "/etc/rc.d/init.d/dhcrelay", "size_i": "2510", "regex": "false"},
	{"name_s": "/etc/sysconfig/dhcpd", "size_i": "39", "regex": "false"},
	{"name_s": "/etc/sysconfig/dhcpd6", "size_i": "39", "regex": "false"},
	{"name_s": "/etc/sysconfig/dhcrelay", "size_i": "101", "regex": "false"},
	{"name_s": "/usr/bin/omshell", "size_i": "442856", "regex": "false"},
	{"name_s": "/usr/sbin/dhcpd", "size_i": "825904", "regex": "false"},
	{"name_s": "/usr/sbin/dhcrelay", "size_i": "465680", "regex": "false"},
	{"name_s": "/usr/share/doc/dhcp-4.1.1", "size_i": "4096", "regex": "false"},
	{"name_s": "/usr/share/doc/dhcp-4.1.1/3.0b1-lease-convert", "size_i": "2743", "regex": "false"},
	{"name_s": "/usr/share/doc/dhcp-4.1.1/IANA-arp-parameters", "size_i": "5591", "regex": "false"},
	{"name_s": "/usr/share/doc/dhcp-4.1.1/README.ldap", "size_i": "8062", "regex": "false"},
	{"name_s": "/usr/share/doc/dhcp-4.1.1/api+protocol", "size_i": "18501", "regex": "false"},
	{"name_s": "/usr/share/doc/dhcp-4.1.1/dhclient-tz-exithook.sh", "size_i": "5085", "regex": "false"},
	{"name_s": "/usr/share/doc/dhcp-4.1.1/dhcpd-conf-to-ldap", "size_i": "17380", "regex": "false"},
	{"name_s": "/usr/share/doc/dhcp-4.1.1/dhcpd.conf.sample", "size_i": "3262", "regex": "false"},
	{"name_s": "/usr/share/doc/dhcp-4.1.1/dhcpd6.conf.sample", "size_i": "3309", "regex": "false"},
	{"name_s": "/usr/share/doc/dhcp-4.1.1/draft-ietf-dhc-ldap-schema-01.txt", "size_i": "41765", "regex": "false"},
	{"name_s": "/usr/share/doc/dhcp-4.1.1/ms2isc", "size_i": "4096", "regex": "false"},
	{"name_s": "/usr/share/doc/dhcp-4.1.1/ms2isc/Registry.perlmodule", "size_i": "11959", "regex": "false"},
	{"name_s": "/usr/share/doc/dhcp-4.1.1/ms2isc/ms2isc.pl", "size_i": "24817", "regex": "false"},
	{"name_s": "/usr/share/doc/dhcp-4.1.1/ms2isc/readme.txt", "size_i": "510", "regex": "false"},
	{"name_s": "/usr/share/doc/dhcp-4.1.1/sethostname.sh", "size_i": "899", "regex": "false"},
	{"name_s": "/usr/share/doc/dhcp-4.1.1/solaris.init", "size_i": "426", "regex": "false"},
	{"name_s": "/usr/share/man/man1/omshell.1.gz", "size_i": "4013", "regex": "false"},
	{"name_s": "/usr/share/man/man5/dhcpd.conf.5.gz", "size_i": "35350", "regex": "false"},
	{"name_s": "/usr/share/man/man5/dhcpd.leases.5.gz", "size_i": "4898", "regex": "false"},
	{"name_s": "/usr/share/man/man8/dhcpd.8.gz", "size_i": "9096", "regex": "false"},
	{"name_s": "/usr/share/man/man8/dhcrelay.8.gz", "size_i": "3144", "regex": "false"},
	{"name_s": "/var/lib/dhcpd", "size_i": "4096", "regex": "false"},
	{"name_s": "/var/lib/dhcpd/dhcpd.leases", "size_i": "0", "regex": "false"},
	{"name_s": "/var/lib/dhcpd/dhcpd6.leases", "size_i": "0", "regex": "false"}
]
