[
	{"name_s": "/usr/bin/collateindex.pl", "size_i": "17503", "regex": "false"},
	{"name_s": "/usr/share/doc/docbook-style-dsssl-1.79", "size_i": "4096", "regex": "false"},
	{"name_s": "/usr/share/doc/docbook-style-dsssl-1.79/BUGS", "size_i": "1215", "regex": "false"},
	{"name_s": "/usr/share/doc/docbook-style-dsssl-1.79/ChangeLog", "size_i": "3691", "regex": "false"},
	{"name_s": "/usr/share/doc/docbook-style-dsssl-1.79/README", "size_i": "3272", "regex": "false"},
	{"name_s": "/usr/share/doc/docbook-style-dsssl-1.79/WhatsNew", "size_i": "12739", "regex": "false"},
	{"name_s": "/usr/share/man/man1/collateindex.pl.1.gz", "size_i": "2709", "regex": "false"},
	{"name_s": "/usr/share/sgml/docbook/dsssl-stylesheets", "size_i": "22", "regex": "false"},
	{"name_s": "/usr/share/sgml/docbook/dsssl-stylesheets-1.79", "size_i": "4096", "regex": "false"},
	{"name_s": "/usr/share/sgml/docbook/dsssl-stylesheets-1.79/VERSION", "size_i": "5", "regex": "false"},
	{"name_s": "/usr/share/sgml/docbook/dsssl-stylesheets-1.79/catalog", "size_i": "1267", "regex": "false"},
	{"name_s": "/usr/share/sgml/docbook/dsssl-stylesheets-1.79/common", "size_i": "4096", "regex": "false"},
	{"name_s": "/usr/share/sgml/docbook/dsssl-stylesheets-1.79/common/dbcommon.dsl", "size_i": "69102", "regex": "false"},
	{"name_s": "/usr/share/sgml/docbook/dsssl-stylesheets-1.79/common/dbl10n.dsl", "size_i": "84988", "regex": "false"},
	{"name_s": "/usr/share/sgml/docbook/dsssl-stylesheets-1.79/common/dbl10n.ent", "size_i": "11705", "regex": "false"},
	{"name_s": "/usr/share/sgml/docbook/dsssl-stylesheets-1.79/common/dbl1af.dsl", "size_i": "15280", "regex": "false"},
	{"name_s": "/usr/share/sgml/docbook/dsssl-stylesheets-1.79/common/dbl1af.ent", "size_i": "6336", "regex": "false"},
	{"name_s": "/usr/share/sgml/docbook/dsssl-stylesheets-1.79/common/dbl1bg.dsl", "size_i": "14934", "regex": "false"},
	{"name_s": "/usr/share/sgml/docbook/dsssl-stylesheets-1.79/common/dbl1bg.ent", "size_i": "15446", "regex": "false"},
	{"name_s": "/usr/share/sgml/docbook/dsssl-stylesheets-1.79/common/dbl1bs.dsl", "size_i": "15468", "regex": "false"},
	{"name_s": "/usr/share/sgml/docbook/dsssl-stylesheets-1.79/common/dbl1bs.ent", "size_i": "6716", "regex": "false"},
	{"name_s": "/usr/share/sgml/docbook/dsssl-stylesheets-1.79/common/dbl1ca.dsl", "size_i": "15414", "regex": "false"},
	{"name_s": "/usr/share/sgml/docbook/dsssl-stylesheets-1.79/common/dbl1ca.ent", "size_i": "6912", "regex": "false"},
	{"name_s": "/usr/share/sgml/docbook/dsssl-stylesheets-1.79/common/dbl1cs.dsl", "size_i": "15192", "regex": "false"},
	{"name_s": "/usr/share/sgml/docbook/dsssl-stylesheets-1.79/common/dbl1cs.ent", "size_i": "7204", "regex": "false"},
	{"name_s": "/usr/share/sgml/docbook/dsssl-stylesheets-1.79/common/dbl1da.dsl", "size_i": "14921", "regex": "false"},
	{"name_s": "/usr/share/sgml/docbook/dsssl-stylesheets-1.79/common/dbl1da.ent", "size_i": "6428", "regex": "false"},
	{"name_s": "/usr/share/sgml/docbook/dsssl-stylesheets-1.79/common/dbl1de.dsl", "size_i": "15444", "regex": "false"},
	{"name_s": "/usr/share/sgml/docbook/dsssl-stylesheets-1.79/common/dbl1de.ent", "size_i": "6743", "regex": "false"},
	{"name_s": "/usr/share/sgml/docbook/dsssl-stylesheets-1.79/common/dbl1el.dsl", "size_i": "15889", "regex": "false"},
	{"name_s": "/usr/share/sgml/docbook/dsssl-stylesheets-1.79/common/dbl1el.ent", "size_i": "15076", "regex": "false"},
	{"name_s": "/usr/share/sgml/docbook/dsssl-stylesheets-1.79/common/dbl1en.dsl", "size_i": "15468", "regex": "false"},
	{"name_s": "/usr/share/sgml/docbook/dsssl-stylesheets-1.79/common/dbl1en.ent", "size_i": "6426", "regex": "false"},
	{"name_s": "/usr/share/sgml/docbook/dsssl-stylesheets-1.79/common/dbl1es.dsl", "size_i": "15052", "regex": "false"},
	{"name_s": "/usr/share/sgml/docbook/dsssl-stylesheets-1.79/common/dbl1es.ent", "size_i": "6738", "regex": "false"},
	{"name_s": "/usr/share/sgml/docbook/dsssl-stylesheets-1.79/common/dbl1et.dsl", "size_i": "15343", "regex": "false"},
	{"name_s": "/usr/share/sgml/docbook/dsssl-stylesheets-1.79/common/dbl1et.ent", "size_i": "6373", "regex": "false"},
	{"name_s": "/usr/share/sgml/docbook/dsssl-stylesheets-1.79/common/dbl1eu.dsl", "size_i": "15466", "regex": "false"},
	{"name_s": "/usr/share/sgml/docbook/dsssl-stylesheets-1.79/common/dbl1eu.ent", "size_i": "6265", "regex": "false"},
	{"name_s": "/usr/share/sgml/docbook/dsssl-stylesheets-1.79/common/dbl1fi.dsl", "size_i": "15205", "regex": "false"},
	{"name_s": "/usr/share/sgml/docbook/dsssl-stylesheets-1.79/common/dbl1fi.ent", "size_i": "6222", "regex": "false"},
	{"name_s": "/usr/share/sgml/docbook/dsssl-stylesheets-1.79/common/dbl1fr.dsl", "size_i": "15527", "regex": "false"},
	{"name_s": "/usr/share/sgml/docbook/dsssl-stylesheets-1.79/common/dbl1fr.ent", "size_i": "7252", "regex": "false"},
	{"name_s": "/usr/share/sgml/docbook/dsssl-stylesheets-1.79/common/dbl1hu.dsl", "size_i": "15265", "regex": "false"},
	{"name_s": "/usr/share/sgml/docbook/dsssl-stylesheets-1.79/common/dbl1hu.ent", "size_i": "7204", "regex": "false"},
	{"name_s": "/usr/share/sgml/docbook/dsssl-stylesheets-1.79/common/dbl1id.dsl", "size_i": "26178", "regex": "false"},
	{"name_s": "/usr/share/sgml/docbook/dsssl-stylesheets-1.79/common/dbl1id.ent", "size_i": "5978", "regex": "false"},
	{"name_s": "/usr/share/sgml/docbook/dsssl-stylesheets-1.79/common/dbl1it.dsl", "size_i": "16296", "regex": "false"},
	{"name_s": "/usr/share/sgml/docbook/dsssl-stylesheets-1.79/common/dbl1it.ent", "size_i": "6127", "regex": "false"},
	{"name_s": "/usr/share/sgml/docbook/dsssl-stylesheets-1.79/common/dbl1ja.dsl", "size_i": "15359", "regex": "false"},
	{"name_s": "/usr/share/sgml/docbook/dsssl-stylesheets-1.79/common/dbl1ja.ent", "size_i": "7644", "regex": "false"},
	{"name_s": "/usr/share/sgml/docbook/dsssl-stylesheets-1.79/common/dbl1ko.dsl", "size_i": "15695", "regex": "false"},
	{"name_s": "/usr/share/sgml/docbook/dsssl-stylesheets-1.79/common/dbl1ko.ent", "size_i": "8043", "regex": "false"},
	{"name_s": "/usr/share/sgml/docbook/dsssl-stylesheets-1.79/common/dbl1nl.dsl", "size_i": "15070", "regex": "false"},
	{"name_s": "/usr/share/sgml/docbook/dsssl-stylesheets-1.79/common/dbl1nl.ent", "size_i": "6299", "regex": "false"},
	{"name_s": "/usr/share/sgml/docbook/dsssl-stylesheets-1.79/common/dbl1nn.dsl", "size_i": "15467", "regex": "false"},
	{"name_s": "/usr/share/sgml/docbook/dsssl-stylesheets-1.79/common/dbl1nn.ent", "size_i": "6315", "regex": "false"},
	{"name_s": "/usr/share/sgml/docbook/dsssl-stylesheets-1.79/common/dbl1no.dsl", "size_i": "15106", "regex": "false"},
	{"name_s": "/usr/share/sgml/docbook/dsssl-stylesheets-1.79/common/dbl1no.ent", "size_i": "5890", "regex": "false"},
	{"name_s": "/usr/share/sgml/docbook/dsssl-stylesheets-1.79/common/dbl1null.dsl", "size_i": "245", "regex": "false"},
	{"name_s": "/usr/share/sgml/docbook/dsssl-stylesheets-1.79/common/dbl1pl.dsl", "size_i": "14856", "regex": "false"},
	{"name_s": "/usr/share/sgml/docbook/dsssl-stylesheets-1.79/common/dbl1pl.ent", "size_i": "6414", "regex": "false"},
	{"name_s": "/usr/share/sgml/docbook/dsssl-stylesheets-1.79/common/dbl1pt.dsl", "size_i": "14951", "regex": "false"},
	{"name_s": "/usr/share/sgml/docbook/dsssl-stylesheets-1.79/common/dbl1pt.ent", "size_i": "7122", "regex": "false"},
	{"name_s": "/usr/share/sgml/docbook/dsssl-stylesheets-1.79/common/dbl1ptbr.dsl", "size_i": "15106", "regex": "false"},
	{"name_s": "/usr/share/sgml/docbook/dsssl-stylesheets-1.79/common/dbl1ptbr.ent", "size_i": "6644", "regex": "false"},
	{"name_s": "/usr/share/sgml/docbook/dsssl-stylesheets-1.79/common/dbl1ro.dsl", "size_i": "15117", "regex": "false"},
	{"name_s": "/usr/share/sgml/docbook/dsssl-stylesheets-1.79/common/dbl1ro.ent", "size_i": "6334", "regex": "false"},
	{"name_s": "/usr/share/sgml/docbook/dsssl-stylesheets-1.79/common/dbl1ru.dsl", "size_i": "15618", "regex": "false"},
	{"name_s": "/usr/share/sgml/docbook/dsssl-stylesheets-1.79/common/dbl1ru.ent", "size_i": "15784", "regex": "false"},
	{"name_s": "/usr/share/sgml/docbook/dsssl-stylesheets-1.79/common/dbl1sk.dsl", "size_i": "15379", "regex": "false"},
	{"name_s": "/usr/share/sgml/docbook/dsssl-stylesheets-1.79/common/dbl1sk.ent", "size_i": "6904", "regex": "false"},
	{"name_s": "/usr/share/sgml/docbook/dsssl-stylesheets-1.79/common/dbl1sl.dsl", "size_i": "15541", "regex": "false"},
	{"name_s": "/usr/share/sgml/docbook/dsssl-stylesheets-1.79/common/dbl1sl.ent", "size_i": "6174", "regex": "false"},
	{"name_s": "/usr/share/sgml/docbook/dsssl-stylesheets-1.79/common/dbl1sr.dsl", "size_i": "15541", "regex": "false"},
	{"name_s": "/usr/share/sgml/docbook/dsssl-stylesheets-1.79/common/dbl1sr.ent", "size_i": "14627", "regex": "false"},
	{"name_s": "/usr/share/sgml/docbook/dsssl-stylesheets-1.79/common/dbl1sv.dsl", "size_i": "15530", "regex": "false"},
	{"name_s": "/usr/share/sgml/docbook/dsssl-stylesheets-1.79/common/dbl1sv.ent", "size_i": "6350", "regex": "false"},
	{"name_s": "/usr/share/sgml/docbook/dsssl-stylesheets-1.79/common/dbl1th.ent", "size_i": "13341", "regex": "false"},
	{"name_s": "/usr/share/sgml/docbook/dsssl-stylesheets-1.79/common/dbl1tr.dsl", "size_i": "15402", "regex": "false"},
	{"name_s": "/usr/share/sgml/docbook/dsssl-stylesheets-1.79/common/dbl1tr.ent", "size_i": "7253", "regex": "false"},
	{"name_s": "/usr/share/sgml/docbook/dsssl-stylesheets-1.79/common/dbl1uk.dsl", "size_i": "15466", "regex": "false"},
	{"name_s": "/usr/share/sgml/docbook/dsssl-stylesheets-1.79/common/dbl1uk.ent", "size_i": "15410", "regex": "false"},
	{"name_s": "/usr/share/sgml/docbook/dsssl-stylesheets-1.79/common/dbl1xh.dsl", "size_i": "15466", "regex": "false"},
	{"name_s": "/usr/share/sgml/docbook/dsssl-stylesheets-1.79/common/dbl1xh.ent", "size_i": "6362", "regex": "false"},
	{"name_s": "/usr/share/sgml/docbook/dsssl-stylesheets-1.79/common/dbl1zhcn.dsl", "size_i": "15732", "regex": "false"},
	{"name_s": "/usr/share/sgml/docbook/dsssl-stylesheets-1.79/common/dbl1zhcn.ent", "size_i": "7841", "regex": "false"},
	{"name_s": "/usr/share/sgml/docbook/dsssl-stylesheets-1.79/common/dbl1zhtw.dsl", "size_i": "15732", "regex": "false"},
	{"name_s": "/usr/share/sgml/docbook/dsssl-stylesheets-1.79/common/dbl1zhtw.ent", "size_i": "7411", "regex": "false"},
	{"name_s": "/usr/share/sgml/docbook/dsssl-stylesheets-1.79/common/dbtable.dsl", "size_i": "8449", "regex": "false"},
	{"name_s": "/usr/share/sgml/docbook/dsssl-stylesheets-1.79/dtds", "size_i": "4096", "regex": "false"},
	{"name_s": "/usr/share/sgml/docbook/dsssl-stylesheets-1.79/dtds/dbdsssl", "size_i": "4096", "regex": "false"},
	{"name_s": "/usr/share/sgml/docbook/dsssl-stylesheets-1.79/dtds/dbdsssl/dbdsssl.dtd", "size_i": "4584", "regex": "false"},
	{"name_s": "/usr/share/sgml/docbook/dsssl-stylesheets-1.79/dtds/decls", "size_i": "4096", "regex": "false"},
	{"name_s": "/usr/share/sgml/docbook/dsssl-stylesheets-1.79/dtds/decls/docbook.dcl", "size_i": "2515", "regex": "false"},
	{"name_s": "/usr/share/sgml/docbook/dsssl-stylesheets-1.79/dtds/decls/xml.dcl", "size_i": "6801", "regex": "false"},
	{"name_s": "/usr/share/sgml/docbook/dsssl-stylesheets-1.79/dtds/html", "size_i": "4096", "regex": "false"},
	{"name_s": "/usr/share/sgml/docbook/dsssl-stylesheets-1.79/dtds/html/ISOlat1.gml", "size_i": "4393", "regex": "false"},
	{"name_s": "/usr/share/sgml/docbook/dsssl-stylesheets-1.79/dtds/html/dbhtml.dtd", "size_i": "19422", "regex": "false"},
	{"name_s": "/usr/share/sgml/docbook/dsssl-stylesheets-1.79/dtds/imagelib", "size_i": "4096", "regex": "false"},
	{"name_s": "/usr/share/sgml/docbook/dsssl-stylesheets-1.79/dtds/imagelib/imagelib.dtd", "size_i": "1813", "regex": "false"},
	{"name_s": "/usr/share/sgml/docbook/dsssl-stylesheets-1.79/dtds/olink", "size_i": "4096", "regex": "false"},
	{"name_s": "/usr/share/sgml/docbook/dsssl-stylesheets-1.79/dtds/olink/olinksum.dtd", "size_i": "929", "regex": "false"},
	{"name_s": "/usr/share/sgml/docbook/dsssl-stylesheets-1.79/html", "size_i": "4096", "regex": "false"},
	{"name_s": "/usr/share/sgml/docbook/dsssl-stylesheets-1.79/html/dbadmon.dsl", "size_i": "5360", "regex": "false"},
	{"name_s": "/usr/share/sgml/docbook/dsssl-stylesheets-1.79/html/dbautoc.dsl", "size_i": "3952", "regex": "false"},
	{"name_s": "/usr/share/sgml/docbook/dsssl-stylesheets-1.79/html/dbbibl.dsl", "size_i": "28944", "regex": "false"},
	{"name_s": "/usr/share/sgml/docbook/dsssl-stylesheets-1.79/html/dbblock.dsl", "size_i": "8819", "regex": "false"},
	{"name_s": "/usr/share/sgml/docbook/dsssl-stylesheets-1.79/html/dbcallou.dsl", "size_i": "6961", "regex": "false"},
	{"name_s": "/usr/share/sgml/docbook/dsssl-stylesheets-1.79/html/dbchunk.dsl", "size_i": "18013", "regex": "false"},
	{"name_s": "/usr/share/sgml/docbook/dsssl-stylesheets-1.79/html/dbcompon.dsl", "size_i": "7198", "regex": "false"},
	{"name_s": "/usr/share/sgml/docbook/dsssl-stylesheets-1.79/html/dbdivis.dsl", "size_i": "5113", "regex": "false"},
	{"name_s": "/usr/share/sgml/docbook/dsssl-stylesheets-1.79/html/dbefsyn.dsl", "size_i": "22396", "regex": "false"},
	{"name_s": "/usr/share/sgml/docbook/dsssl-stylesheets-1.79/html/dbfootn.dsl", "size_i": "8543", "regex": "false"},
	{"name_s": "/usr/share/sgml/docbook/dsssl-stylesheets-1.79/html/dbgloss.dsl", "size_i": "5586", "regex": "false"},
	{"name_s": "/usr/share/sgml/docbook/dsssl-stylesheets-1.79/html/dbgraph.dsl", "size_i": "6776", "regex": "false"},
	{"name_s": "/usr/share/sgml/docbook/dsssl-stylesheets-1.79/html/dbhtml.dsl", "size_i": "13030", "regex": "false"},
	{"name_s": "/usr/share/sgml/docbook/dsssl-stylesheets-1.79/html/dbindex.dsl", "size_i": "11326", "regex": "false"},
	{"name_s": "/usr/share/sgml/docbook/dsssl-stylesheets-1.79/html/dbinfo.dsl", "size_i": "40589", "regex": "false"},
	{"name_s": "/usr/share/sgml/docbook/dsssl-stylesheets-1.79/html/dbinline.dsl", "size_i": "9777", "regex": "false"},
	{"name_s": "/usr/share/sgml/docbook/dsssl-stylesheets-1.79/html/dblink.dsl", "size_i": "14830", "regex": "false"},
	{"name_s": "/usr/share/sgml/docbook/dsssl-stylesheets-1.79/html/dblists.dsl", "size_i": "13654", "regex": "false"},
	{"name_s": "/usr/share/sgml/docbook/dsssl-stylesheets-1.79/html/dblot.dsl", "size_i": "785", "regex": "false"},
	{"name_s": "/usr/share/sgml/docbook/dsssl-stylesheets-1.79/html/dbmath.dsl", "size_i": "2157", "regex": "false"},
	{"name_s": "/usr/share/sgml/docbook/dsssl-stylesheets-1.79/html/dbmsgset.dsl", "size_i": "1162", "regex": "false"},
	{"name_s": "/usr/share/sgml/docbook/dsssl-stylesheets-1.79/html/dbnavig.dsl", "size_i": "36584", "regex": "false"},
	{"name_s": "/usr/share/sgml/docbook/dsssl-stylesheets-1.79/html/dbparam.dsl", "size_i": "50640", "regex": "false"},
	{"name_s": "/usr/share/sgml/docbook/dsssl-stylesheets-1.79/html/dbpi.dsl", "size_i": "2009", "regex": "false"},
	{"name_s": "/usr/share/sgml/docbook/dsssl-stylesheets-1.79/html/dbprocdr.dsl", "size_i": "1968", "regex": "false"},
	{"name_s": "/usr/share/sgml/docbook/dsssl-stylesheets-1.79/html/dbqanda.dsl", "size_i": "5434", "regex": "false"},
	{"name_s": "/usr/share/sgml/docbook/dsssl-stylesheets-1.79/html/dbrfntry.dsl", "size_i": "4715", "regex": "false"},
	{"name_s": "/usr/share/sgml/docbook/dsssl-stylesheets-1.79/html/dbsect.dsl", "size_i": "5215", "regex": "false"},
	{"name_s": "/usr/share/sgml/docbook/dsssl-stylesheets-1.79/html/dbsynop.dsl", "size_i": "6305", "regex": "false"},
	{"name_s": "/usr/share/sgml/docbook/dsssl-stylesheets-1.79/html/dbtable.dsl", "size_i": "18920", "regex": "false"},
	{"name_s": "/usr/share/sgml/docbook/dsssl-stylesheets-1.79/html/dbtitle.dsl", "size_i": "1679", "regex": "false"},
	{"name_s": "/usr/share/sgml/docbook/dsssl-stylesheets-1.79/html/dbttlpg.dsl", "size_i": "159395", "regex": "false"},
	{"name_s": "/usr/share/sgml/docbook/dsssl-stylesheets-1.79/html/dbverb.dsl", "size_i": "7049", "regex": "false"},
	{"name_s": "/usr/share/sgml/docbook/dsssl-stylesheets-1.79/html/docbook.dsl", "size_i": "10134", "regex": "false"},
	{"name_s": "/usr/share/sgml/docbook/dsssl-stylesheets-1.79/html/version.dsl", "size_i": "437", "regex": "false"},
	{"name_s": "/usr/share/sgml/docbook/dsssl-stylesheets-1.79/images", "size_i": "4096", "regex": "false"},
	{"name_s": "/usr/share/sgml/docbook/dsssl-stylesheets-1.79/images/callouts", "size_i": "4096", "regex": "false"},
	{"name_s": "/usr/share/sgml/docbook/dsssl-stylesheets-1.79/images/callouts/1.gif", "size_i": "890", "regex": "false"},
	{"name_s": "/usr/share/sgml/docbook/dsssl-stylesheets-1.79/images/callouts/10.gif", "size_i": "926", "regex": "false"},
	{"name_s": "/usr/share/sgml/docbook/dsssl-stylesheets-1.79/images/callouts/2.gif", "size_i": "907", "regex": "false"},
	{"name_s": "/usr/share/sgml/docbook/dsssl-stylesheets-1.79/images/callouts/3.gif", "size_i": "914", "regex": "false"},
	{"name_s": "/usr/share/sgml/docbook/dsssl-stylesheets-1.79/images/callouts/4.gif", "size_i": "907", "regex": "false"},
	{"name_s": "/usr/share/sgml/docbook/dsssl-stylesheets-1.79/images/callouts/5.gif", "size_i": "912", "regex": "false"},
	{"name_s": "/usr/share/sgml/docbook/dsssl-stylesheets-1.79/images/callouts/6.gif", "size_i": "917", "regex": "false"},
	{"name_s": "/usr/share/sgml/docbook/dsssl-stylesheets-1.79/images/callouts/7.gif", "size_i": "903", "regex": "false"},
	{"name_s": "/usr/share/sgml/docbook/dsssl-stylesheets-1.79/images/callouts/8.gif", "size_i": "915", "regex": "false"},
	{"name_s": "/usr/share/sgml/docbook/dsssl-stylesheets-1.79/images/callouts/9.gif", "size_i": "919", "regex": "false"},
	{"name_s": "/usr/share/sgml/docbook/dsssl-stylesheets-1.79/images/caution.gif", "size_i": "1039", "regex": "false"},
	{"name_s": "/usr/share/sgml/docbook/dsssl-stylesheets-1.79/images/home.gif", "size_i": "995", "regex": "false"},
	{"name_s": "/usr/share/sgml/docbook/dsssl-stylesheets-1.79/images/important.gif", "size_i": "1081", "regex": "false"},
	{"name_s": "/usr/share/sgml/docbook/dsssl-stylesheets-1.79/images/next.gif", "size_i": "964", "regex": "false"},
	{"name_s": "/usr/share/sgml/docbook/dsssl-stylesheets-1.79/images/note.gif", "size_i": "1070", "regex": "false"},
	{"name_s": "/usr/share/sgml/docbook/dsssl-stylesheets-1.79/images/prev.gif", "size_i": "944", "regex": "false"},
	{"name_s": "/usr/share/sgml/docbook/dsssl-stylesheets-1.79/images/tip.gif", "size_i": "1029", "regex": "false"},
	{"name_s": "/usr/share/sgml/docbook/dsssl-stylesheets-1.79/images/toc-blank.gif", "size_i": "95", "regex": "false"},
	{"name_s": "/usr/share/sgml/docbook/dsssl-stylesheets-1.79/images/toc-minus.gif", "size_i": "843", "regex": "false"},
	{"name_s": "/usr/share/sgml/docbook/dsssl-stylesheets-1.79/images/toc-plus.gif", "size_i": "846", "regex": "false"},
	{"name_s": "/usr/share/sgml/docbook/dsssl-stylesheets-1.79/images/up.gif", "size_i": "922", "regex": "false"},
	{"name_s": "/usr/share/sgml/docbook/dsssl-stylesheets-1.79/images/warning.gif", "size_i": "1052", "regex": "false"},
	{"name_s": "/usr/share/sgml/docbook/dsssl-stylesheets-1.79/lib", "size_i": "4096", "regex": "false"},
	{"name_s": "/usr/share/sgml/docbook/dsssl-stylesheets-1.79/lib/dblib.dsl", "size_i": "59441", "regex": "false"},
	{"name_s": "/usr/share/sgml/docbook/dsssl-stylesheets-1.79/olink", "size_i": "4096", "regex": "false"},
	{"name_s": "/usr/share/sgml/docbook/dsssl-stylesheets-1.79/olink/olink.dsl", "size_i": "4722", "regex": "false"},
	{"name_s": "/usr/share/sgml/docbook/dsssl-stylesheets-1.79/print", "size_i": "4096", "regex": "false"},
	{"name_s": "/usr/share/sgml/docbook/dsssl-stylesheets-1.79/print/dbadmon.dsl", "size_i": "5052", "regex": "false"},
	{"name_s": "/usr/share/sgml/docbook/dsssl-stylesheets-1.79/print/dbautoc.dsl", "size_i": "5841", "regex": "false"},
	{"name_s": "/usr/share/sgml/docbook/dsssl-stylesheets-1.79/print/dbbibl.dsl", "size_i": "24409", "regex": "false"},
	{"name_s": "/usr/share/sgml/docbook/dsssl-stylesheets-1.79/print/dbblock.dsl", "size_i": "21909", "regex": "false"},
	{"name_s": "/usr/share/sgml/docbook/dsssl-stylesheets-1.79/print/dbcallou.dsl", "size_i": "7805", "regex": "false"},
	{"name_s": "/usr/share/sgml/docbook/dsssl-stylesheets-1.79/print/dbcompon.dsl", "size_i": "16909", "regex": "false"},
	{"name_s": "/usr/share/sgml/docbook/dsssl-stylesheets-1.79/print/dbdivis.dsl", "size_i": "7518", "regex": "false"},
	{"name_s": "/usr/share/sgml/docbook/dsssl-stylesheets-1.79/print/dbefsyn.dsl", "size_i": "15312", "regex": "false"},
	{"name_s": "/usr/share/sgml/docbook/dsssl-stylesheets-1.79/print/dbgloss.dsl", "size_i": "3550", "regex": "false"},
	{"name_s": "/usr/share/sgml/docbook/dsssl-stylesheets-1.79/print/dbgraph.dsl", "size_i": "3880", "regex": "false"},
	{"name_s": "/usr/share/sgml/docbook/dsssl-stylesheets-1.79/print/dbindex.dsl", "size_i": "4770", "regex": "false"},
	{"name_s": "/usr/share/sgml/docbook/dsssl-stylesheets-1.79/print/dbinfo.dsl", "size_i": "47169", "regex": "false"},
	{"name_s": "/usr/share/sgml/docbook/dsssl-stylesheets-1.79/print/dbinline.dsl", "size_i": "8492", "regex": "false"},
	{"name_s": "/usr/share/sgml/docbook/dsssl-stylesheets-1.79/print/dblink.dsl", "size_i": "14661", "regex": "false"},
	{"name_s": "/usr/share/sgml/docbook/dsssl-stylesheets-1.79/print/dblists.dsl", "size_i": "16532", "regex": "false"},
	{"name_s": "/usr/share/sgml/docbook/dsssl-stylesheets-1.79/print/dblot.dsl", "size_i": "785", "regex": "false"},
	{"name_s": "/usr/share/sgml/docbook/dsssl-stylesheets-1.79/print/dbmath.dsl", "size_i": "2533", "regex": "false"},
	{"name_s": "/usr/share/sgml/docbook/dsssl-stylesheets-1.79/print/dbmsgset.dsl", "size_i": "1383", "regex": "false"},
	{"name_s": "/usr/share/sgml/docbook/dsssl-stylesheets-1.79/print/dbparam.dsl", "size_i": "58689", "regex": "false"},
	{"name_s": "/usr/share/sgml/docbook/dsssl-stylesheets-1.79/print/dbprint.dsl", "size_i": "5879", "regex": "false"},
	{"name_s": "/usr/share/sgml/docbook/dsssl-stylesheets-1.79/print/dbprocdr.dsl", "size_i": "1231", "regex": "false"},
	{"name_s": "/usr/share/sgml/docbook/dsssl-stylesheets-1.79/print/dbqanda.dsl", "size_i": "3885", "regex": "false"},
	{"name_s": "/usr/share/sgml/docbook/dsssl-stylesheets-1.79/print/dbrfntry.dsl", "size_i": "6651", "regex": "false"},
	{"name_s": "/usr/share/sgml/docbook/dsssl-stylesheets-1.79/print/dbsect.dsl", "size_i": "6701", "regex": "false"},
	{"name_s": "/usr/share/sgml/docbook/dsssl-stylesheets-1.79/print/dbsynop.dsl", "size_i": "7590", "regex": "false"},
	{"name_s": "/usr/share/sgml/docbook/dsssl-stylesheets-1.79/print/dbtable.dsl", "size_i": "22333", "regex": "false"},
	{"name_s": "/usr/share/sgml/docbook/dsssl-stylesheets-1.79/print/dbtitle.dsl", "size_i": "1563", "regex": "false"},
	{"name_s": "/usr/share/sgml/docbook/dsssl-stylesheets-1.79/print/dbttlpg.dsl", "size_i": "218009", "regex": "false"},
	{"name_s": "/usr/share/sgml/docbook/dsssl-stylesheets-1.79/print/dbverb.dsl", "size_i": "7226", "regex": "false"},
	{"name_s": "/usr/share/sgml/docbook/dsssl-stylesheets-1.79/print/docbook.dsl", "size_i": "8674", "regex": "false"},
	{"name_s": "/usr/share/sgml/docbook/dsssl-stylesheets-1.79/print/notoc.dsl", "size_i": "913", "regex": "false"},
	{"name_s": "/usr/share/sgml/docbook/dsssl-stylesheets-1.79/print/plain.dsl", "size_i": "1174", "regex": "false"},
	{"name_s": "/usr/share/sgml/docbook/dsssl-stylesheets-1.79/print/version.dsl", "size_i": "438", "regex": "false"}
]
