[
	{"name_s": "/usr/include/dovecot", "size_i": "12288", "regex": "false"},
	{"name_s": "/usr/include/dovecot/abspath.h", "size_i": "842", "regex": "false"},
	{"name_s": "/usr/include/dovecot/access-lookup.h", "size_i": "339", "regex": "false"},
	{"name_s": "/usr/include/dovecot/anvil-client.h", "size_i": "1144", "regex": "false"},
	{"name_s": "/usr/include/dovecot/aqueue.h", "size_i": "1069", "regex": "false"},
	{"name_s": "/usr/include/dovecot/array-decl.h", "size_i": "675", "regex": "false"},
	{"name_s": "/usr/include/dovecot/array.h", "size_i": "9145", "regex": "false"},
	{"name_s": "/usr/include/dovecot/askpass.h", "size_i": "150", "regex": "false"},
	{"name_s": "/usr/include/dovecot/auth-cache.h", "size_i": "1795", "regex": "false"},
	{"name_s": "/usr/include/dovecot/auth-client-connection.h", "size_i": "803", "regex": "false"},
	{"name_s": "/usr/include/dovecot/auth-client-interface.h", "size_i": "915", "regex": "false"},
	{"name_s": "/usr/include/dovecot/auth-client-private.h", "size_i": "358", "regex": "false"},
	{"name_s": "/usr/include/dovecot/auth-client-request.h", "size_i": "330", "regex": "false"},
	{"name_s": "/usr/include/dovecot/auth-client.h", "size_i": "3217", "regex": "false"},
	{"name_s": "/usr/include/dovecot/auth-common.h", "size_i": "239", "regex": "false"},
	{"name_s": "/usr/include/dovecot/auth-master-connection.h", "size_i": "1025", "regex": "false"},
	{"name_s": "/usr/include/dovecot/auth-master.h", "size_i": "1906", "regex": "false"},
	{"name_s": "/usr/include/dovecot/auth-penalty.h", "size_i": "925", "regex": "false"},
	{"name_s": "/usr/include/dovecot/auth-request-handler.h", "size_i": "2244", "regex": "false"},
	{"name_s": "/usr/include/dovecot/auth-request.h", "size_i": "7863", "regex": "false"},
	{"name_s": "/usr/include/dovecot/auth-server-connection.h", "size_i": "988", "regex": "false"},
	{"name_s": "/usr/include/dovecot/auth-settings.h", "size_i": "1519", "regex": "false"},
	{"name_s": "/usr/include/dovecot/auth-stream.h", "size_i": "834", "regex": "false"},
	{"name_s": "/usr/include/dovecot/auth-worker-client.h", "size_i": "471", "regex": "false"},
	{"name_s": "/usr/include/dovecot/auth-worker-server.h", "size_i": "484", "regex": "false"},
	{"name_s": "/usr/include/dovecot/auth.h", "size_i": "887", "regex": "false"},
	{"name_s": "/usr/include/dovecot/backtrace-string.h", "size_i": "183", "regex": "false"},
	{"name_s": "/usr/include/dovecot/base64.h", "size_i": "1189", "regex": "false"},
	{"name_s": "/usr/include/dovecot/bsearch-insert-pos.h", "size_i": "1704", "regex": "false"},
	{"name_s": "/usr/include/dovecot/buffer.h", "size_i": "4105", "regex": "false"},
	{"name_s": "/usr/include/dovecot/charset-utf8.h", "size_i": "1152", "regex": "false"},
	{"name_s": "/usr/include/dovecot/child-wait.h", "size_i": "1073", "regex": "false"},
	{"name_s": "/usr/include/dovecot/client-common.h", "size_i": "5565", "regex": "false"},
	{"name_s": "/usr/include/dovecot/close-keep-errno.h", "size_i": "146", "regex": "false"},
	{"name_s": "/usr/include/dovecot/compat.h", "size_i": "7480", "regex": "false"},
	{"name_s": "/usr/include/dovecot/config-filter.h", "size_i": "1949", "regex": "false"},
	{"name_s": "/usr/include/dovecot/config-parser-private.h", "size_i": "1603", "regex": "false"},
	{"name_s": "/usr/include/dovecot/config-parser.h", "size_i": "917", "regex": "false"},
	{"name_s": "/usr/include/dovecot/config-request.h", "size_i": "1624", "regex": "false"},
	{"name_s": "/usr/include/dovecot/config.h", "size_i": "18869", "regex": "false"},
	{"name_s": "/usr/include/dovecot/crc32.h", "size_i": "298", "regex": "false"},
	{"name_s": "/usr/include/dovecot/cydir-storage.h", "size_i": "997", "regex": "false"},
	{"name_s": "/usr/include/dovecot/cydir-sync.h", "size_i": "615", "regex": "false"},
	{"name_s": "/usr/include/dovecot/data-stack.h", "size_i": "4401", "regex": "false"},
	{"name_s": "/usr/include/dovecot/db-checkpassword.h", "size_i": "1422", "regex": "false"},
	{"name_s": "/usr/include/dovecot/db-ldap.h", "size_i": "4982", "regex": "false"},
	{"name_s": "/usr/include/dovecot/db-passwd-file.h", "size_i": "999", "regex": "false"},
	{"name_s": "/usr/include/dovecot/db-sql.h", "size_i": "696", "regex": "false"},
	{"name_s": "/usr/include/dovecot/dbox-attachment.h", "size_i": "615", "regex": "false"},
	{"name_s": "/usr/include/dovecot/dbox-file.h", "size_i": "7713", "regex": "false"},
	{"name_s": "/usr/include/dovecot/dbox-mail.h", "size_i": "968", "regex": "false"},
	{"name_s": "/usr/include/dovecot/dbox-save.h", "size_i": "840", "regex": "false"},
	{"name_s": "/usr/include/dovecot/dbox-storage.h", "size_i": "2567", "regex": "false"},
	{"name_s": "/usr/include/dovecot/dbox-sync-rebuild.h", "size_i": "717", "regex": "false"},
	{"name_s": "/usr/include/dovecot/dict-client.h", "size_i": "1096", "regex": "false"},
	{"name_s": "/usr/include/dovecot/dict-private.h", "size_i": "1556", "regex": "false"},
	{"name_s": "/usr/include/dovecot/dict-sql-settings.h", "size_i": "573", "regex": "false"},
	{"name_s": "/usr/include/dovecot/dict-sql.h", "size_i": "109", "regex": "false"},
	{"name_s": "/usr/include/dovecot/dict.h", "size_i": "3556", "regex": "false"},
	{"name_s": "/usr/include/dovecot/dns-lookup.h", "size_i": "879", "regex": "false"},
	{"name_s": "/usr/include/dovecot/dovecot-version.h", "size_i": "122", "regex": "false"},
	{"name_s": "/usr/include/dovecot/duplicate.h", "size_i": "580", "regex": "false"},
	{"name_s": "/usr/include/dovecot/eacces-error.h", "size_i": "557", "regex": "false"},
	{"name_s": "/usr/include/dovecot/env-util.h", "size_i": "1042", "regex": "false"},
	{"name_s": "/usr/include/dovecot/execv-const.h", "size_i": "348", "regex": "false"},
	{"name_s": "/usr/include/dovecot/failures.h", "size_i": "4538", "regex": "false"},
	{"name_s": "/usr/include/dovecot/fd-close-on-exec.h", "size_i": "249", "regex": "false"},
	{"name_s": "/usr/include/dovecot/fd-set-nonblock.h", "size_i": "161", "regex": "false"},
	{"name_s": "/usr/include/dovecot/fdatasync-path.h", "size_i": "167", "regex": "false"},
	{"name_s": "/usr/include/dovecot/fdpass.h", "size_i": "446", "regex": "false"},
	{"name_s": "/usr/include/dovecot/file-cache.h", "size_i": "1555", "regex": "false"},
	{"name_s": "/usr/include/dovecot/file-copy.h", "size_i": "441", "regex": "false"},
	{"name_s": "/usr/include/dovecot/file-dotlock.h", "size_i": "3816", "regex": "false"},
	{"name_s": "/usr/include/dovecot/file-lock.h", "size_i": "1231", "regex": "false"},
	{"name_s": "/usr/include/dovecot/file-set-size.h", "size_i": "482", "regex": "false"},
	{"name_s": "/usr/include/dovecot/fs-api-private.h", "size_i": "1726", "regex": "false"},
	{"name_s": "/usr/include/dovecot/fs-api.h", "size_i": "4143", "regex": "false"},
	{"name_s": "/usr/include/dovecot/fs-sis-common.h", "size_i": "314", "regex": "false"},
	{"name_s": "/usr/include/dovecot/fsync-mode.h", "size_i": "364", "regex": "false"},
	{"name_s": "/usr/include/dovecot/hash-format.h", "size_i": "742", "regex": "false"},
	{"name_s": "/usr/include/dovecot/hash-method.h", "size_i": "588", "regex": "false"},
	{"name_s": "/usr/include/dovecot/hash.h", "size_i": "2625", "regex": "false"},
	{"name_s": "/usr/include/dovecot/hash2.h", "size_i": "1778", "regex": "false"},
	{"name_s": "/usr/include/dovecot/hex-binary.h", "size_i": "524", "regex": "false"},
	{"name_s": "/usr/include/dovecot/hex-dec.h", "size_i": "419", "regex": "false"},
	{"name_s": "/usr/include/dovecot/hmac-md5.h", "size_i": "724", "regex": "false"},
	{"name_s": "/usr/include/dovecot/home-expand.h", "size_i": "449", "regex": "false"},
	{"name_s": "/usr/include/dovecot/hostpid.h", "size_i": "296", "regex": "false"},
	{"name_s": "/usr/include/dovecot/imap-arg.h", "size_i": "2902", "regex": "false"},
	{"name_s": "/usr/include/dovecot/imap-base-subject.h", "size_i": "495", "regex": "false"},
	{"name_s": "/usr/include/dovecot/imap-bodystructure.h", "size_i": "739", "regex": "false"},
	{"name_s": "/usr/include/dovecot/imap-client.h", "size_i": "7185", "regex": "false"},
	{"name_s": "/usr/include/dovecot/imap-commands-util.h", "size_i": "2721", "regex": "false"},
	{"name_s": "/usr/include/dovecot/imap-commands.h", "size_i": "3881", "regex": "false"},
	{"name_s": "/usr/include/dovecot/imap-common.h", "size_i": "951", "regex": "false"},
	{"name_s": "/usr/include/dovecot/imap-date.h", "size_i": "861", "regex": "false"},
	{"name_s": "/usr/include/dovecot/imap-envelope.h", "size_i": "1287", "regex": "false"},
	{"name_s": "/usr/include/dovecot/imap-expunge.h", "size_i": "160", "regex": "false"},
	{"name_s": "/usr/include/dovecot/imap-fetch.h", "size_i": "3691", "regex": "false"},
	{"name_s": "/usr/include/dovecot/imap-id.h", "size_i": "373", "regex": "false"},
	{"name_s": "/usr/include/dovecot/imap-match.h", "size_i": "1505", "regex": "false"},
	{"name_s": "/usr/include/dovecot/imap-parser.h", "size_i": "3422", "regex": "false"},
	{"name_s": "/usr/include/dovecot/imap-quote.h", "size_i": "753", "regex": "false"},
	{"name_s": "/usr/include/dovecot/imap-resp-code.h", "size_i": "897", "regex": "false"},
	{"name_s": "/usr/include/dovecot/imap-search-args.h", "size_i": "1005", "regex": "false"},
	{"name_s": "/usr/include/dovecot/imap-search.h", "size_i": "1375", "regex": "false"},
	{"name_s": "/usr/include/dovecot/imap-seqset.h", "size_i": "552", "regex": "false"},
	{"name_s": "/usr/include/dovecot/imap-settings.h", "size_i": "653", "regex": "false"},
	{"name_s": "/usr/include/dovecot/imap-status.h", "size_i": "782", "regex": "false"},
	{"name_s": "/usr/include/dovecot/imap-sync.h", "size_i": "1018", "regex": "false"},
	{"name_s": "/usr/include/dovecot/imap-utf7.h", "size_i": "351", "regex": "false"},
	{"name_s": "/usr/include/dovecot/imap-util.h", "size_i": "797", "regex": "false"},
	{"name_s": "/usr/include/dovecot/imem.h", "size_i": "1000", "regex": "false"},
	{"name_s": "/usr/include/dovecot/index-attachment.h", "size_i": "1351", "regex": "false"},
	{"name_s": "/usr/include/dovecot/index-mail.h", "size_i": "7970", "regex": "false"},
	{"name_s": "/usr/include/dovecot/index-mailbox-list.h", "size_i": "1420", "regex": "false"},
	{"name_s": "/usr/include/dovecot/index-search-result.h", "size_i": "415", "regex": "false"},
	{"name_s": "/usr/include/dovecot/index-sort-private.h", "size_i": "987", "regex": "false"},
	{"name_s": "/usr/include/dovecot/index-sort.h", "size_i": "559", "regex": "false"},
	{"name_s": "/usr/include/dovecot/index-storage.h", "size_i": "6852", "regex": "false"},
	{"name_s": "/usr/include/dovecot/index-sync-changes.h", "size_i": "1059", "regex": "false"},
	{"name_s": "/usr/include/dovecot/index-sync-private.h", "size_i": "717", "regex": "false"},
	{"name_s": "/usr/include/dovecot/index-thread-private.h", "size_i": "2781", "regex": "false"},
	{"name_s": "/usr/include/dovecot/ioloop-internal.h", "size_i": "1752", "regex": "false"},
	{"name_s": "/usr/include/dovecot/ioloop-iolist.h", "size_i": "363", "regex": "false"},
	{"name_s": "/usr/include/dovecot/ioloop-notify-fd.h", "size_i": "644", "regex": "false"},
	{"name_s": "/usr/include/dovecot/ioloop.h", "size_i": "4165", "regex": "false"},
	{"name_s": "/usr/include/dovecot/iostream-internal.h", "size_i": "767", "regex": "false"},
	{"name_s": "/usr/include/dovecot/istream-attachment.h", "size_i": "147", "regex": "false"},
	{"name_s": "/usr/include/dovecot/istream-base64-encoder.h", "size_i": "181", "regex": "false"},
	{"name_s": "/usr/include/dovecot/istream-concat.h", "size_i": "178", "regex": "false"},
	{"name_s": "/usr/include/dovecot/istream-crlf.h", "size_i": "239", "regex": "false"},
	{"name_s": "/usr/include/dovecot/istream-dot.h", "size_i": "366", "regex": "false"},
	{"name_s": "/usr/include/dovecot/istream-header-filter.h", "size_i": "1704", "regex": "false"},
	{"name_s": "/usr/include/dovecot/istream-internal.h", "size_i": "1872", "regex": "false"},
	{"name_s": "/usr/include/dovecot/istream-mail-stats.h", "size_i": "178", "regex": "false"},
	{"name_s": "/usr/include/dovecot/istream-raw-mbox.h", "size_i": "2573", "regex": "false"},
	{"name_s": "/usr/include/dovecot/istream-seekable.h", "size_i": "580", "regex": "false"},
	{"name_s": "/usr/include/dovecot/istream-tee.h", "size_i": "723", "regex": "false"},
	{"name_s": "/usr/include/dovecot/istream.h", "size_i": "7024", "regex": "false"},
	{"name_s": "/usr/include/dovecot/lda-settings.h", "size_i": "522", "regex": "false"},
	{"name_s": "/usr/include/dovecot/lib-signals.h", "size_i": "1506", "regex": "false"},
	{"name_s": "/usr/include/dovecot/lib.h", "size_i": "1086", "regex": "false"},
	{"name_s": "/usr/include/dovecot/llist.h", "size_i": "1346", "regex": "false"},
	{"name_s": "/usr/include/dovecot/lmtp-client.h", "size_i": "2503", "regex": "false"},
	{"name_s": "/usr/include/dovecot/login-common.h", "size_i": "1058", "regex": "false"},
	{"name_s": "/usr/include/dovecot/login-proxy-state.h", "size_i": "630", "regex": "false"},
	{"name_s": "/usr/include/dovecot/login-proxy.h", "size_i": "2152", "regex": "false"},
	{"name_s": "/usr/include/dovecot/login-settings.h", "size_i": "1141", "regex": "false"},
	{"name_s": "/usr/include/dovecot/macros.h", "size_i": "6626", "regex": "false"},
	{"name_s": "/usr/include/dovecot/mail-cache-private.h", "size_i": "9198", "regex": "false"},
	{"name_s": "/usr/include/dovecot/mail-cache.h", "size_i": "4671", "regex": "false"},
	{"name_s": "/usr/include/dovecot/mail-copy.h", "size_i": "394", "regex": "false"},
	{"name_s": "/usr/include/dovecot/mail-deliver.h", "size_i": "3093", "regex": "false"},
	{"name_s": "/usr/include/dovecot/mail-error.h", "size_i": "2057", "regex": "false"},
	{"name_s": "/usr/include/dovecot/mail-index-alloc-cache.h", "size_i": "452", "regex": "false"},
	{"name_s": "/usr/include/dovecot/mail-index-modseq.h", "size_i": "2638", "regex": "false"},
	{"name_s": "/usr/include/dovecot/mail-index-private.h", "size_i": "12027", "regex": "false"},
	{"name_s": "/usr/include/dovecot/mail-index-strmap.h", "size_i": "3081", "regex": "false"},
	{"name_s": "/usr/include/dovecot/mail-index-sync-private.h", "size_i": "3616", "regex": "false"},
	{"name_s": "/usr/include/dovecot/mail-index-transaction-private.h", "size_i": "5147", "regex": "false"},
	{"name_s": "/usr/include/dovecot/mail-index-util.h", "size_i": "682", "regex": "false"},
	{"name_s": "/usr/include/dovecot/mail-index-view-private.h", "size_i": "3279", "regex": "false"},
	{"name_s": "/usr/include/dovecot/mail-index.h", "size_i": "25602", "regex": "false"},
	{"name_s": "/usr/include/dovecot/mail-namespace.h", "size_i": "6054", "regex": "false"},
	{"name_s": "/usr/include/dovecot/mail-search-build.h", "size_i": "1614", "regex": "false"},
	{"name_s": "/usr/include/dovecot/mail-search-parser-private.h", "size_i": "522", "regex": "false"},
	{"name_s": "/usr/include/dovecot/mail-search-parser.h", "size_i": "1331", "regex": "false"},
	{"name_s": "/usr/include/dovecot/mail-search-register.h", "size_i": "1655", "regex": "false"},
	{"name_s": "/usr/include/dovecot/mail-search.h", "size_i": "5236", "regex": "false"},
	{"name_s": "/usr/include/dovecot/mail-send.h", "size_i": "277", "regex": "false"},
	{"name_s": "/usr/include/dovecot/mail-storage-hooks.h", "size_i": "1532", "regex": "false"},
	{"name_s": "/usr/include/dovecot/mail-storage-private.h", "size_i": "16949", "regex": "false"},
	{"name_s": "/usr/include/dovecot/mail-storage-service.h", "size_i": "4768", "regex": "false"},
	{"name_s": "/usr/include/dovecot/mail-storage-settings.h", "size_i": "2714", "regex": "false"},
	{"name_s": "/usr/include/dovecot/mail-storage.h", "size_i": "30119", "regex": "false"},
	{"name_s": "/usr/include/dovecot/mail-thread.h", "size_i": "1903", "regex": "false"},
	{"name_s": "/usr/include/dovecot/mail-transaction-log-private.h", "size_i": "5316", "regex": "false"},
	{"name_s": "/usr/include/dovecot/mail-transaction-log-view-private.h", "size_i": "893", "regex": "false"},
	{"name_s": "/usr/include/dovecot/mail-transaction-log.h", "size_i": "10353", "regex": "false"},
	{"name_s": "/usr/include/dovecot/mail-types.h", "size_i": "474", "regex": "false"},
	{"name_s": "/usr/include/dovecot/mail-user.h", "size_i": "4530", "regex": "false"},
	{"name_s": "/usr/include/dovecot/mailbox-list-delete.h", "size_i": "714", "regex": "false"},
	{"name_s": "/usr/include/dovecot/mailbox-list-fs.h", "size_i": "1062", "regex": "false"},
	{"name_s": "/usr/include/dovecot/mailbox-list-index-private.h", "size_i": "3265", "regex": "false"},
	{"name_s": "/usr/include/dovecot/mailbox-list-index.h", "size_i": "3707", "regex": "false"},
	{"name_s": "/usr/include/dovecot/mailbox-list-maildir.h", "size_i": "1125", "regex": "false"},
	{"name_s": "/usr/include/dovecot/mailbox-list-private.h", "size_i": "6445", "regex": "false"},
	{"name_s": "/usr/include/dovecot/mailbox-list-subscriptions.h", "size_i": "340", "regex": "false"},
	{"name_s": "/usr/include/dovecot/mailbox-list.h", "size_i": "10652", "regex": "false"},
	{"name_s": "/usr/include/dovecot/mailbox-log.h", "size_i": "1286", "regex": "false"},
	{"name_s": "/usr/include/dovecot/mailbox-search-result-private.h", "size_i": "1423", "regex": "false"},
	{"name_s": "/usr/include/dovecot/mailbox-tree.h", "size_i": "931", "regex": "false"},
	{"name_s": "/usr/include/dovecot/mailbox-uidvalidity.h", "size_i": "171", "regex": "false"},
	{"name_s": "/usr/include/dovecot/maildir-filename.h", "size_i": "796", "regex": "false"},
	{"name_s": "/usr/include/dovecot/maildir-keywords.h", "size_i": "1288", "regex": "false"},
	{"name_s": "/usr/include/dovecot/maildir-settings.h", "size_i": "233", "regex": "false"},
	{"name_s": "/usr/include/dovecot/maildir-storage.h", "size_i": "4915", "regex": "false"},
	{"name_s": "/usr/include/dovecot/maildir-sync.h", "size_i": "1999", "regex": "false"},
	{"name_s": "/usr/include/dovecot/maildir-uidlist.h", "size_i": "6296", "regex": "false"},
	{"name_s": "/usr/include/dovecot/master-auth.h", "size_i": "2696", "regex": "false"},
	{"name_s": "/usr/include/dovecot/master-interface.h", "size_i": "3416", "regex": "false"},
	{"name_s": "/usr/include/dovecot/master-login-auth.h", "size_i": "875", "regex": "false"},
	{"name_s": "/usr/include/dovecot/master-login.h", "size_i": "901", "regex": "false"},
	{"name_s": "/usr/include/dovecot/master-service-private.h", "size_i": "1734", "regex": "false"},
	{"name_s": "/usr/include/dovecot/master-service-settings-cache.h", "size_i": "647", "regex": "false"},
	{"name_s": "/usr/include/dovecot/master-service-settings.h", "size_i": "2625", "regex": "false"},
	{"name_s": "/usr/include/dovecot/master-service.h", "size_i": "6003", "regex": "false"},
	{"name_s": "/usr/include/dovecot/mbox-file.h", "size_i": "502", "regex": "false"},
	{"name_s": "/usr/include/dovecot/mbox-from.h", "size_i": "451", "regex": "false"},
	{"name_s": "/usr/include/dovecot/mbox-lock.h", "size_i": "395", "regex": "false"},
	{"name_s": "/usr/include/dovecot/mbox-md5.h", "size_i": "274", "regex": "false"},
	{"name_s": "/usr/include/dovecot/mbox-settings.h", "size_i": "397", "regex": "false"},
	{"name_s": "/usr/include/dovecot/mbox-storage.h", "size_i": "2698", "regex": "false"},
	{"name_s": "/usr/include/dovecot/mbox-sync-private.h", "size_i": "5330", "regex": "false"},
	{"name_s": "/usr/include/dovecot/md4.h", "size_i": "821", "regex": "false"},
	{"name_s": "/usr/include/dovecot/md5.h", "size_i": "821", "regex": "false"},
	{"name_s": "/usr/include/dovecot/mdbox-file.h", "size_i": "728", "regex": "false"},
	{"name_s": "/usr/include/dovecot/mdbox-map-private.h", "size_i": "1428", "regex": "false"},
	{"name_s": "/usr/include/dovecot/mdbox-map.h", "size_i": "5316", "regex": "false"},
	{"name_s": "/usr/include/dovecot/mdbox-settings.h", "size_i": "253", "regex": "false"},
	{"name_s": "/usr/include/dovecot/mdbox-storage-rebuild.h", "size_i": "284", "regex": "false"},
	{"name_s": "/usr/include/dovecot/mdbox-storage.h", "size_i": "3216", "regex": "false"},
	{"name_s": "/usr/include/dovecot/mdbox-sync.h", "size_i": "1023", "regex": "false"},
	{"name_s": "/usr/include/dovecot/mech-otp-skey-common.h", "size_i": "476", "regex": "false"},
	{"name_s": "/usr/include/dovecot/mech-plain-common.h", "size_i": "156", "regex": "false"},
	{"name_s": "/usr/include/dovecot/mech.h", "size_i": "2147", "regex": "false"},
	{"name_s": "/usr/include/dovecot/mempool.h", "size_i": "3800", "regex": "false"},
	{"name_s": "/usr/include/dovecot/message-address.h", "size_i": "978", "regex": "false"},
	{"name_s": "/usr/include/dovecot/message-date.h", "size_i": "411", "regex": "false"},
	{"name_s": "/usr/include/dovecot/message-decoder.h", "size_i": "1177", "regex": "false"},
	{"name_s": "/usr/include/dovecot/message-header-decode.h", "size_i": "856", "regex": "false"},
	{"name_s": "/usr/include/dovecot/message-header-encode.h", "size_i": "593", "regex": "false"},
	{"name_s": "/usr/include/dovecot/message-header-parser.h", "size_i": "2744", "regex": "false"},
	{"name_s": "/usr/include/dovecot/message-id.h", "size_i": "228", "regex": "false"},
	{"name_s": "/usr/include/dovecot/message-parser.h", "size_i": "4505", "regex": "false"},
	{"name_s": "/usr/include/dovecot/message-part-serialize.h", "size_i": "457", "regex": "false"},
	{"name_s": "/usr/include/dovecot/message-search.h", "size_i": "1217", "regex": "false"},
	{"name_s": "/usr/include/dovecot/message-send.h", "size_i": "525", "regex": "false"},
	{"name_s": "/usr/include/dovecot/message-size.h", "size_i": "605", "regex": "false"},
	{"name_s": "/usr/include/dovecot/mkdir-parents.h", "size_i": "1006", "regex": "false"},
	{"name_s": "/usr/include/dovecot/mmap-util.h", "size_i": "1048", "regex": "false"},
	{"name_s": "/usr/include/dovecot/module-context.h", "size_i": "3113", "regex": "false"},
	{"name_s": "/usr/include/dovecot/module-dir.h", "size_i": "1990", "regex": "false"},
	{"name_s": "/usr/include/dovecot/mountpoint.h", "size_i": "324", "regex": "false"},
	{"name_s": "/usr/include/dovecot/mycrypt.h", "size_i": "217", "regex": "false"},
	{"name_s": "/usr/include/dovecot/network.h", "size_i": "5178", "regex": "false"},
	{"name_s": "/usr/include/dovecot/nfs-workarounds.h", "size_i": "1879", "regex": "false"},
	{"name_s": "/usr/include/dovecot/notify-plugin-private.h", "size_i": "1235", "regex": "false"},
	{"name_s": "/usr/include/dovecot/notify-plugin.h", "size_i": "1441", "regex": "false"},
	{"name_s": "/usr/include/dovecot/ostream-cmp.h", "size_i": "530", "regex": "false"},
	{"name_s": "/usr/include/dovecot/ostream-internal.h", "size_i": "1126", "regex": "false"},
	{"name_s": "/usr/include/dovecot/ostream.h", "size_i": "4813", "regex": "false"},
	{"name_s": "/usr/include/dovecot/passdb-blocking.h", "size_i": "303", "regex": "false"},
	{"name_s": "/usr/include/dovecot/passdb-cache.h", "size_i": "616", "regex": "false"},
	{"name_s": "/usr/include/dovecot/passdb.h", "size_i": "3354", "regex": "false"},
	{"name_s": "/usr/include/dovecot/password-scheme.h", "size_i": "3410", "regex": "false"},
	{"name_s": "/usr/include/dovecot/pop3-capability.h", "size_i": "186", "regex": "false"},
	{"name_s": "/usr/include/dovecot/pop3-client.h", "size_i": "2321", "regex": "false"},
	{"name_s": "/usr/include/dovecot/pop3-commands.h", "size_i": "150", "regex": "false"},
	{"name_s": "/usr/include/dovecot/pop3-common.h", "size_i": "348", "regex": "false"},
	{"name_s": "/usr/include/dovecot/pop3-settings.h", "size_i": "644", "regex": "false"},
	{"name_s": "/usr/include/dovecot/primes.h", "size_i": "251", "regex": "false"},
	{"name_s": "/usr/include/dovecot/printf-format-fix.h", "size_i": "733", "regex": "false"},
	{"name_s": "/usr/include/dovecot/priorityq.h", "size_i": "1550", "regex": "false"},
	{"name_s": "/usr/include/dovecot/process-title.h", "size_i": "398", "regex": "false"},
	{"name_s": "/usr/include/dovecot/quoted-printable.h", "size_i": "599", "regex": "false"},
	{"name_s": "/usr/include/dovecot/randgen.h", "size_i": "526", "regex": "false"},
	{"name_s": "/usr/include/dovecot/raw-storage.h", "size_i": "461", "regex": "false"},
	{"name_s": "/usr/include/dovecot/raw-sync.h", "size_i": "169", "regex": "false"},
	{"name_s": "/usr/include/dovecot/read-full.h", "size_i": "285", "regex": "false"},
	{"name_s": "/usr/include/dovecot/restrict-access.h", "size_i": "2361", "regex": "false"},
	{"name_s": "/usr/include/dovecot/restrict-process-size.h", "size_i": "540", "regex": "false"},
	{"name_s": "/usr/include/dovecot/rfc2231-parser.h", "size_i": "459", "regex": "false"},
	{"name_s": "/usr/include/dovecot/rfc822-parser.h", "size_i": "2276", "regex": "false"},
	{"name_s": "/usr/include/dovecot/safe-memset.h", "size_i": "240", "regex": "false"},
	{"name_s": "/usr/include/dovecot/safe-mkdir.h", "size_i": "379", "regex": "false"},
	{"name_s": "/usr/include/dovecot/safe-mkstemp.h", "size_i": "623", "regex": "false"},
	{"name_s": "/usr/include/dovecot/sasl-server.h", "size_i": "823", "regex": "false"},
	{"name_s": "/usr/include/dovecot/sdbox-file.h", "size_i": "1489", "regex": "false"},
	{"name_s": "/usr/include/dovecot/sdbox-storage.h", "size_i": "2062", "regex": "false"},
	{"name_s": "/usr/include/dovecot/sdbox-sync.h", "size_i": "1019", "regex": "false"},
	{"name_s": "/usr/include/dovecot/sendfile-util.h", "size_i": "334", "regex": "false"},
	{"name_s": "/usr/include/dovecot/seq-range-array.h", "size_i": "2278", "regex": "false"},
	{"name_s": "/usr/include/dovecot/service-settings.h", "size_i": "1709", "regex": "false"},
	{"name_s": "/usr/include/dovecot/settings-parser.h", "size_i": "9558", "regex": "false"},
	{"name_s": "/usr/include/dovecot/settings.h", "size_i": "2112", "regex": "false"},
	{"name_s": "/usr/include/dovecot/sha1.h", "size_i": "3042", "regex": "false"},
	{"name_s": "/usr/include/dovecot/sha2.h", "size_i": "2865", "regex": "false"},
	{"name_s": "/usr/include/dovecot/shared-storage.h", "size_i": "523", "regex": "false"},
	{"name_s": "/usr/include/dovecot/sieve", "size_i": "4096", "regex": "false"},
	{"name_s": "/usr/include/dovecot/sieve/pigeonhole-config.h", "size_i": "357", "regex": "false"},
	{"name_s": "/usr/include/dovecot/sieve/rfc2822.h", "size_i": "790", "regex": "false"},
	{"name_s": "/usr/include/dovecot/sieve/sieve-actions.h", "size_i": "6836", "regex": "false"},
	{"name_s": "/usr/include/dovecot/sieve/sieve-address-parts.h", "size_i": "3558", "regex": "false"},
	{"name_s": "/usr/include/dovecot/sieve/sieve-address.h", "size_i": "2278", "regex": "false"},
	{"name_s": "/usr/include/dovecot/sieve/sieve-ast.h", "size_i": "11322", "regex": "false"},
	{"name_s": "/usr/include/dovecot/sieve/sieve-binary-dumper.h", "size_i": "978", "regex": "false"},
	{"name_s": "/usr/include/dovecot/sieve/sieve-binary-private.h", "size_i": "5417", "regex": "false"},
	{"name_s": "/usr/include/dovecot/sieve/sieve-binary.h", "size_i": "7431", "regex": "false"},
	{"name_s": "/usr/include/dovecot/sieve/sieve-code-dumper.h", "size_i": "1708", "regex": "false"},
	{"name_s": "/usr/include/dovecot/sieve/sieve-code.h", "size_i": "9800", "regex": "false"},
	{"name_s": "/usr/include/dovecot/sieve/sieve-commands.h", "size_i": "7495", "regex": "false"},
	{"name_s": "/usr/include/dovecot/sieve/sieve-common.h", "size_i": "3359", "regex": "false"},
	{"name_s": "/usr/include/dovecot/sieve/sieve-comparators.h", "size_i": "4016", "regex": "false"},
	{"name_s": "/usr/include/dovecot/sieve/sieve-config.h", "size_i": "248", "regex": "false"},
	{"name_s": "/usr/include/dovecot/sieve/sieve-dump.h", "size_i": "641", "regex": "false"},
	{"name_s": "/usr/include/dovecot/sieve/sieve-error-private.h", "size_i": "3629", "regex": "false"},
	{"name_s": "/usr/include/dovecot/sieve/sieve-error.h", "size_i": "5915", "regex": "false"},
	{"name_s": "/usr/include/dovecot/sieve/sieve-ext-enotify.h", "size_i": "4175", "regex": "false"},
	{"name_s": "/usr/include/dovecot/sieve/sieve-ext-environment.h", "size_i": "452", "regex": "false"},
	{"name_s": "/usr/include/dovecot/sieve/sieve-ext-variables.h", "size_i": "9399", "regex": "false"},
	{"name_s": "/usr/include/dovecot/sieve/sieve-extensions.h", "size_i": "4420", "regex": "false"},
	{"name_s": "/usr/include/dovecot/sieve/sieve-generator.h", "size_i": "3109", "regex": "false"},
	{"name_s": "/usr/include/dovecot/sieve/sieve-interpreter.h", "size_i": "4121", "regex": "false"},
	{"name_s": "/usr/include/dovecot/sieve/sieve-lexer.h", "size_i": "2497", "regex": "false"},
	{"name_s": "/usr/include/dovecot/sieve/sieve-limits.h", "size_i": "692", "regex": "false"},
	{"name_s": "/usr/include/dovecot/sieve/sieve-match-types.h", "size_i": "6099", "regex": "false"},
	{"name_s": "/usr/include/dovecot/sieve/sieve-match.h", "size_i": "1698", "regex": "false"},
	{"name_s": "/usr/include/dovecot/sieve/sieve-message.h", "size_i": "1818", "regex": "false"},
	{"name_s": "/usr/include/dovecot/sieve/sieve-objects.h", "size_i": "1511", "regex": "false"},
	{"name_s": "/usr/include/dovecot/sieve/sieve-parser.h", "size_i": "503", "regex": "false"},
	{"name_s": "/usr/include/dovecot/sieve/sieve-plugins.h", "size_i": "348", "regex": "false"},
	{"name_s": "/usr/include/dovecot/sieve/sieve-result.h", "size_i": "4608", "regex": "false"},
	{"name_s": "/usr/include/dovecot/sieve/sieve-runtime-trace.h", "size_i": "4645", "regex": "false"},
	{"name_s": "/usr/include/dovecot/sieve/sieve-runtime.h", "size_i": "866", "regex": "false"},
	{"name_s": "/usr/include/dovecot/sieve/sieve-script-private.h", "size_i": "890", "regex": "false"},
	{"name_s": "/usr/include/dovecot/sieve/sieve-script.h", "size_i": "2179", "regex": "false"},
	{"name_s": "/usr/include/dovecot/sieve/sieve-settings.h", "size_i": "1225", "regex": "false"},
	{"name_s": "/usr/include/dovecot/sieve/sieve-smtp.h", "size_i": "461", "regex": "false"},
	{"name_s": "/usr/include/dovecot/sieve/sieve-stringlist.h", "size_i": "1603", "regex": "false"},
	{"name_s": "/usr/include/dovecot/sieve/sieve-types.h", "size_i": "3652", "regex": "false"},
	{"name_s": "/usr/include/dovecot/sieve/sieve-validator.h", "size_i": "5268", "regex": "false"},
	{"name_s": "/usr/include/dovecot/sieve/sieve.h", "size_i": "5084", "regex": "false"},
	{"name_s": "/usr/include/dovecot/smtp-client.h", "size_i": "310", "regex": "false"},
	{"name_s": "/usr/include/dovecot/sql-api-private.h", "size_i": "4936", "regex": "false"},
	{"name_s": "/usr/include/dovecot/sql-api.h", "size_i": "6055", "regex": "false"},
	{"name_s": "/usr/include/dovecot/sql-db-cache.h", "size_i": "376", "regex": "false"},
	{"name_s": "/usr/include/dovecot/ssl-proxy.h", "size_i": "1650", "regex": "false"},
	{"name_s": "/usr/include/dovecot/str-find.h", "size_i": "772", "regex": "false"},
	{"name_s": "/usr/include/dovecot/str-sanitize.h", "size_i": "442", "regex": "false"},
	{"name_s": "/usr/include/dovecot/str.h", "size_i": "1409", "regex": "false"},
	{"name_s": "/usr/include/dovecot/strescape.h", "size_i": "715", "regex": "false"},
	{"name_s": "/usr/include/dovecot/strfuncs.h", "size_i": "3912", "regex": "false"},
	{"name_s": "/usr/include/dovecot/strnum.h", "size_i": "1739", "regex": "false"},
	{"name_s": "/usr/include/dovecot/subscription-file.h", "size_i": "730", "regex": "false"},
	{"name_s": "/usr/include/dovecot/syslog-util.h", "size_i": "269", "regex": "false"},
	{"name_s": "/usr/include/dovecot/test-common.h", "size_i": "909", "regex": "false"},
	{"name_s": "/usr/include/dovecot/time-util.h", "size_i": "479", "regex": "false"},
	{"name_s": "/usr/include/dovecot/unichar.h", "size_i": "3146", "regex": "false"},
	{"name_s": "/usr/include/dovecot/unix-socket-create.h", "size_i": "163", "regex": "false"},
	{"name_s": "/usr/include/dovecot/unlink-directory.h", "size_i": "211", "regex": "false"},
	{"name_s": "/usr/include/dovecot/unlink-old-files.h", "size_i": "284", "regex": "false"},
	{"name_s": "/usr/include/dovecot/userdb-blocking.h", "size_i": "402", "regex": "false"},
	{"name_s": "/usr/include/dovecot/userdb-static.h", "size_i": "512", "regex": "false"},
	{"name_s": "/usr/include/dovecot/userdb-vpopmail.h", "size_i": "468", "regex": "false"},
	{"name_s": "/usr/include/dovecot/userdb.h", "size_i": "2205", "regex": "false"},
	{"name_s": "/usr/include/dovecot/utc-mktime.h", "size_i": "225", "regex": "false"},
	{"name_s": "/usr/include/dovecot/utc-offset.h", "size_i": "164", "regex": "false"},
	{"name_s": "/usr/include/dovecot/var-expand.h", "size_i": "783", "regex": "false"},
	{"name_s": "/usr/include/dovecot/wildcard-match.h", "size_i": "336", "regex": "false"},
	{"name_s": "/usr/include/dovecot/write-full.h", "size_i": "384", "regex": "false"},
	{"name_s": "/usr/lib64/dovecot/dovecot-config", "size_i": "789", "regex": "false"},
	{"name_s": "/usr/lib64/dovecot/libdovecot-lda.so", "size_i": "23", "regex": "false"},
	{"name_s": "/usr/lib64/dovecot/libdovecot-login.so", "size_i": "25", "regex": "false"},
	{"name_s": "/usr/lib64/dovecot/libdovecot-sieve.so", "size_i": "25", "regex": "false"},
	{"name_s": "/usr/lib64/dovecot/libdovecot-storage.so", "size_i": "27", "regex": "false"},
	{"name_s": "/usr/lib64/dovecot/libdovecot.so", "size_i": "19", "regex": "false"},
	{"name_s": "/usr/share/aclocal/dovecot.m4", "size_i": "2366", "regex": "false"}
]
