[
	{"name_s": "/usr/share/doc/eclipse-gef-sdk-3.6.1", "size_i": "4096", "regex": "false"},
	{"name_s": "/usr/share/doc/eclipse-gef-sdk-3.6.1/epl-v10.html", "size_i": "16536", "regex": "false"},
	{"name_s": "/usr/share/doc/eclipse-gef-sdk-3.6.1/notice.html", "size_i": "6004", "regex": "false"},
	{"name_s": "/usr/share/eclipse/dropins/gef-sdk", "size_i": "4096", "regex": "false"},
	{"name_s": "/usr/share/eclipse/dropins/gef-sdk/eclipse", "size_i": "4096", "regex": "false"},
	{"name_s": "/usr/share/eclipse/dropins/gef-sdk/eclipse/epl-v10.html", "size_i": "16536", "regex": "false"},
	{"name_s": "/usr/share/eclipse/dropins/gef-sdk/eclipse/features", "size_i": "4096", "regex": "false"},
	{"name_s": "/usr/share/eclipse/dropins/gef-sdk/eclipse/features/org.eclipse.draw2d.sdk_3.6.1.v20100913-2020", "size_i": "4096", "regex": "false"},
	{"name_s": "/usr/share/eclipse/dropins/gef-sdk/eclipse/features/org.eclipse.draw2d.sdk_3.6.1.v20100913-2020/eclipse_update_120.jpg", "size_i": "21695", "regex": "false"},
	{"name_s": "/usr/share/eclipse/dropins/gef-sdk/eclipse/features/org.eclipse.draw2d.sdk_3.6.1.v20100913-2020/epl-v10.html", "size_i": "16536", "regex": "false"},
	{"name_s": "/usr/share/eclipse/dropins/gef-sdk/eclipse/features/org.eclipse.draw2d.sdk_3.6.1.v20100913-2020/feature.properties", "size_i": "10173", "regex": "false"},
	{"name_s": "/usr/share/eclipse/dropins/gef-sdk/eclipse/features/org.eclipse.draw2d.sdk_3.6.1.v20100913-2020/feature.xml", "size_i": "1435", "regex": "false"},
	{"name_s": "/usr/share/eclipse/dropins/gef-sdk/eclipse/features/org.eclipse.draw2d.sdk_3.6.1.v20100913-2020/license.html", "size_i": "9051", "regex": "false"},
	{"name_s": "/usr/share/eclipse/dropins/gef-sdk/eclipse/features/org.eclipse.draw2d.source_3.6.1.v20100913-2020", "size_i": "4096", "regex": "false"},
	{"name_s": "/usr/share/eclipse/dropins/gef-sdk/eclipse/features/org.eclipse.draw2d.source_3.6.1.v20100913-2020/eclipse_update_120.jpg", "size_i": "21695", "regex": "false"},
	{"name_s": "/usr/share/eclipse/dropins/gef-sdk/eclipse/features/org.eclipse.draw2d.source_3.6.1.v20100913-2020/epl-v10.html", "size_i": "16536", "regex": "false"},
	{"name_s": "/usr/share/eclipse/dropins/gef-sdk/eclipse/features/org.eclipse.draw2d.source_3.6.1.v20100913-2020/feature.properties", "size_i": "10219", "regex": "false"},
	{"name_s": "/usr/share/eclipse/dropins/gef-sdk/eclipse/features/org.eclipse.draw2d.source_3.6.1.v20100913-2020/feature.xml", "size_i": "655", "regex": "false"},
	{"name_s": "/usr/share/eclipse/dropins/gef-sdk/eclipse/features/org.eclipse.draw2d.source_3.6.1.v20100913-2020/license.html", "size_i": "9051", "regex": "false"},
	{"name_s": "/usr/share/eclipse/dropins/gef-sdk/eclipse/features/org.eclipse.gef.sdk_3.6.1.v20100913-2020", "size_i": "4096", "regex": "false"},
	{"name_s": "/usr/share/eclipse/dropins/gef-sdk/eclipse/features/org.eclipse.gef.sdk_3.6.1.v20100913-2020/eclipse_update_120.jpg", "size_i": "21695", "regex": "false"},
	{"name_s": "/usr/share/eclipse/dropins/gef-sdk/eclipse/features/org.eclipse.gef.sdk_3.6.1.v20100913-2020/epl-v10.html", "size_i": "16536", "regex": "false"},
	{"name_s": "/usr/share/eclipse/dropins/gef-sdk/eclipse/features/org.eclipse.gef.sdk_3.6.1.v20100913-2020/feature.properties", "size_i": "10167", "regex": "false"},
	{"name_s": "/usr/share/eclipse/dropins/gef-sdk/eclipse/features/org.eclipse.gef.sdk_3.6.1.v20100913-2020/feature.xml", "size_i": "1690", "regex": "false"},
	{"name_s": "/usr/share/eclipse/dropins/gef-sdk/eclipse/features/org.eclipse.gef.sdk_3.6.1.v20100913-2020/license.html", "size_i": "9051", "regex": "false"},
	{"name_s": "/usr/share/eclipse/dropins/gef-sdk/eclipse/features/org.eclipse.gef.source_3.6.1.v20100913-2020", "size_i": "4096", "regex": "false"},
	{"name_s": "/usr/share/eclipse/dropins/gef-sdk/eclipse/features/org.eclipse.gef.source_3.6.1.v20100913-2020/eclipse_update_120.jpg", "size_i": "21695", "regex": "false"},
	{"name_s": "/usr/share/eclipse/dropins/gef-sdk/eclipse/features/org.eclipse.gef.source_3.6.1.v20100913-2020/epl-v10.html", "size_i": "16536", "regex": "false"},
	{"name_s": "/usr/share/eclipse/dropins/gef-sdk/eclipse/features/org.eclipse.gef.source_3.6.1.v20100913-2020/feature.properties", "size_i": "10209", "regex": "false"},
	{"name_s": "/usr/share/eclipse/dropins/gef-sdk/eclipse/features/org.eclipse.gef.source_3.6.1.v20100913-2020/feature.xml", "size_i": "649", "regex": "false"},
	{"name_s": "/usr/share/eclipse/dropins/gef-sdk/eclipse/features/org.eclipse.gef.source_3.6.1.v20100913-2020/license.html", "size_i": "9051", "regex": "false"},
	{"name_s": "/usr/share/eclipse/dropins/gef-sdk/eclipse/features/org.eclipse.zest.sdk_1.2.0.v20100913-2020", "size_i": "4096", "regex": "false"},
	{"name_s": "/usr/share/eclipse/dropins/gef-sdk/eclipse/features/org.eclipse.zest.sdk_1.2.0.v20100913-2020/eclipse_update_120.jpg", "size_i": "21695", "regex": "false"},
	{"name_s": "/usr/share/eclipse/dropins/gef-sdk/eclipse/features/org.eclipse.zest.sdk_1.2.0.v20100913-2020/epl-v10.html", "size_i": "16536", "regex": "false"},
	{"name_s": "/usr/share/eclipse/dropins/gef-sdk/eclipse/features/org.eclipse.zest.sdk_1.2.0.v20100913-2020/feature.properties", "size_i": "10213", "regex": "false"},
	{"name_s": "/usr/share/eclipse/dropins/gef-sdk/eclipse/features/org.eclipse.zest.sdk_1.2.0.v20100913-2020/feature.xml", "size_i": "1348", "regex": "false"},
	{"name_s": "/usr/share/eclipse/dropins/gef-sdk/eclipse/features/org.eclipse.zest.sdk_1.2.0.v20100913-2020/license.html", "size_i": "9051", "regex": "false"},
	{"name_s": "/usr/share/eclipse/dropins/gef-sdk/eclipse/features/org.eclipse.zest.source_1.2.0.v20100913-2020", "size_i": "4096", "regex": "false"},
	{"name_s": "/usr/share/eclipse/dropins/gef-sdk/eclipse/features/org.eclipse.zest.source_1.2.0.v20100913-2020/eclipse_update_120.jpg", "size_i": "21695", "regex": "false"},
	{"name_s": "/usr/share/eclipse/dropins/gef-sdk/eclipse/features/org.eclipse.zest.source_1.2.0.v20100913-2020/epl-v10.html", "size_i": "16536", "regex": "false"},
	{"name_s": "/usr/share/eclipse/dropins/gef-sdk/eclipse/features/org.eclipse.zest.source_1.2.0.v20100913-2020/feature.properties", "size_i": "10259", "regex": "false"},
	{"name_s": "/usr/share/eclipse/dropins/gef-sdk/eclipse/features/org.eclipse.zest.source_1.2.0.v20100913-2020/feature.xml", "size_i": "651", "regex": "false"},
	{"name_s": "/usr/share/eclipse/dropins/gef-sdk/eclipse/features/org.eclipse.zest.source_1.2.0.v20100913-2020/license.html", "size_i": "9051", "regex": "false"},
	{"name_s": "/usr/share/eclipse/dropins/gef-sdk/eclipse/notice.html", "size_i": "6004", "regex": "false"},
	{"name_s": "/usr/share/eclipse/dropins/gef-sdk/eclipse/plugins", "size_i": "4096", "regex": "false"},
	{"name_s": "/usr/share/eclipse/dropins/gef-sdk/eclipse/plugins/org.eclipse.draw2d.doc.isv_3.5.0.v20100913-2020.jar", "size_i": "1972142", "regex": "false"},
	{"name_s": "/usr/share/eclipse/dropins/gef-sdk/eclipse/plugins/org.eclipse.draw2d.source_3.6.1.v20100913-2020", "size_i": "4096", "regex": "false"},
	{"name_s": "/usr/share/eclipse/dropins/gef-sdk/eclipse/plugins/org.eclipse.draw2d.source_3.6.1.v20100913-2020/META-INF", "size_i": "4096", "regex": "false"},
	{"name_s": "/usr/share/eclipse/dropins/gef-sdk/eclipse/plugins/org.eclipse.draw2d.source_3.6.1.v20100913-2020/META-INF/MANIFEST.MF", "size_i": "213", "regex": "false"},
	{"name_s": "/usr/share/eclipse/dropins/gef-sdk/eclipse/plugins/org.eclipse.draw2d.source_3.6.1.v20100913-2020/about.html", "size_i": "1434", "regex": "false"},
	{"name_s": "/usr/share/eclipse/dropins/gef-sdk/eclipse/plugins/org.eclipse.draw2d.source_3.6.1.v20100913-2020/about.ini", "size_i": "928", "regex": "false"},
	{"name_s": "/usr/share/eclipse/dropins/gef-sdk/eclipse/plugins/org.eclipse.draw2d.source_3.6.1.v20100913-2020/about.mappings", "size_i": "168", "regex": "false"},
	{"name_s": "/usr/share/eclipse/dropins/gef-sdk/eclipse/plugins/org.eclipse.draw2d.source_3.6.1.v20100913-2020/about.properties", "size_i": "964", "regex": "false"},
	{"name_s": "/usr/share/eclipse/dropins/gef-sdk/eclipse/plugins/org.eclipse.draw2d.source_3.6.1.v20100913-2020/modeling32.png", "size_i": "2414", "regex": "false"},
	{"name_s": "/usr/share/eclipse/dropins/gef-sdk/eclipse/plugins/org.eclipse.draw2d.source_3.6.1.v20100913-2020/plugin.properties", "size_i": "628", "regex": "false"},
	{"name_s": "/usr/share/eclipse/dropins/gef-sdk/eclipse/plugins/org.eclipse.draw2d.source_3.6.1.v20100913-2020/plugin.xml", "size_i": "186", "regex": "false"},
	{"name_s": "/usr/share/eclipse/dropins/gef-sdk/eclipse/plugins/org.eclipse.draw2d.source_3.6.1.v20100913-2020/src", "size_i": "4096", "regex": "false"},
	{"name_s": "/usr/share/eclipse/dropins/gef-sdk/eclipse/plugins/org.eclipse.draw2d.source_3.6.1.v20100913-2020/src/org.eclipse.draw2d_3.6.1.v20100913-2020", "size_i": "4096", "regex": "false"},
	{"name_s": "/usr/share/eclipse/dropins/gef-sdk/eclipse/plugins/org.eclipse.draw2d.source_3.6.1.v20100913-2020/src/org.eclipse.draw2d_3.6.1.v20100913-2020/src", "size_i": "4096", "regex": "false"},
	{"name_s": "/usr/share/eclipse/dropins/gef-sdk/eclipse/plugins/org.eclipse.draw2d.source_3.6.1.v20100913-2020/src/org.eclipse.draw2d_3.6.1.v20100913-2020/src.zip", "size_i": "448333", "regex": "false"},
	{"name_s": "/usr/share/eclipse/dropins/gef-sdk/eclipse/plugins/org.eclipse.draw2d.source_3.6.1.v20100913-2020/src/org.eclipse.draw2d_3.6.1.v20100913-2020/src/org", "size_i": "4096", "regex": "false"},
	{"name_s": "/usr/share/eclipse/dropins/gef-sdk/eclipse/plugins/org.eclipse.draw2d.source_3.6.1.v20100913-2020/src/org.eclipse.draw2d_3.6.1.v20100913-2020/src/org/eclipse", "size_i": "4096", "regex": "false"},
	{"name_s": "/usr/share/eclipse/dropins/gef-sdk/eclipse/plugins/org.eclipse.draw2d.source_3.6.1.v20100913-2020/src/org.eclipse.draw2d_3.6.1.v20100913-2020/src/org/eclipse/draw2d", "size_i": "4096", "regex": "false"},
	{"name_s": "/usr/share/eclipse/dropins/gef-sdk/eclipse/plugins/org.eclipse.draw2d.source_3.6.1.v20100913-2020/src/org.eclipse.draw2d_3.6.1.v20100913-2020/src/org/eclipse/draw2d/images", "size_i": "4096", "regex": "false"},
	{"name_s": "/usr/share/eclipse/dropins/gef-sdk/eclipse/plugins/org.eclipse.draw2d.source_3.6.1.v20100913-2020/src/org.eclipse.draw2d_3.6.1.v20100913-2020/src/org/eclipse/draw2d/images/checkboxenabledoff.gif", "size_i": "856", "regex": "false"},
	{"name_s": "/usr/share/eclipse/dropins/gef-sdk/eclipse/plugins/org.eclipse.draw2d.source_3.6.1.v20100913-2020/src/org.eclipse.draw2d_3.6.1.v20100913-2020/src/org/eclipse/draw2d/images/checkboxenabledon.gif", "size_i": "874", "regex": "false"},
	{"name_s": "/usr/share/eclipse/dropins/gef-sdk/eclipse/plugins/org.eclipse.gef.doc.isv_3.5.0.v20100913-2020.jar", "size_i": "226146", "regex": "false"},
	{"name_s": "/usr/share/eclipse/dropins/gef-sdk/eclipse/plugins/org.eclipse.gef.examples.ui.pde_3.5.0.v20100913-2020.jar", "size_i": "344528", "regex": "false"},
	{"name_s": "/usr/share/eclipse/dropins/gef-sdk/eclipse/plugins/org.eclipse.gef.source_3.6.1.v20100913-2020", "size_i": "4096", "regex": "false"},
	{"name_s": "/usr/share/eclipse/dropins/gef-sdk/eclipse/plugins/org.eclipse.gef.source_3.6.1.v20100913-2020/META-INF", "size_i": "4096", "regex": "false"},
	{"name_s": "/usr/share/eclipse/dropins/gef-sdk/eclipse/plugins/org.eclipse.gef.source_3.6.1.v20100913-2020/META-INF/MANIFEST.MF", "size_i": "210", "regex": "false"},
	{"name_s": "/usr/share/eclipse/dropins/gef-sdk/eclipse/plugins/org.eclipse.gef.source_3.6.1.v20100913-2020/about.html", "size_i": "1434", "regex": "false"},
	{"name_s": "/usr/share/eclipse/dropins/gef-sdk/eclipse/plugins/org.eclipse.gef.source_3.6.1.v20100913-2020/about.ini", "size_i": "957", "regex": "false"},
	{"name_s": "/usr/share/eclipse/dropins/gef-sdk/eclipse/plugins/org.eclipse.gef.source_3.6.1.v20100913-2020/about.mappings", "size_i": "173", "regex": "false"},
	{"name_s": "/usr/share/eclipse/dropins/gef-sdk/eclipse/plugins/org.eclipse.gef.source_3.6.1.v20100913-2020/about.properties", "size_i": "961", "regex": "false"},
	{"name_s": "/usr/share/eclipse/dropins/gef-sdk/eclipse/plugins/org.eclipse.gef.source_3.6.1.v20100913-2020/modeling32.png", "size_i": "2414", "regex": "false"},
	{"name_s": "/usr/share/eclipse/dropins/gef-sdk/eclipse/plugins/org.eclipse.gef.source_3.6.1.v20100913-2020/plugin.properties", "size_i": "625", "regex": "false"},
	{"name_s": "/usr/share/eclipse/dropins/gef-sdk/eclipse/plugins/org.eclipse.gef.source_3.6.1.v20100913-2020/plugin.xml", "size_i": "186", "regex": "false"},
	{"name_s": "/usr/share/eclipse/dropins/gef-sdk/eclipse/plugins/org.eclipse.gef.source_3.6.1.v20100913-2020/src", "size_i": "4096", "regex": "false"},
	{"name_s": "/usr/share/eclipse/dropins/gef-sdk/eclipse/plugins/org.eclipse.gef.source_3.6.1.v20100913-2020/src/org.eclipse.gef_3.6.1.v20100913-2020", "size_i": "4096", "regex": "false"},
	{"name_s": "/usr/share/eclipse/dropins/gef-sdk/eclipse/plugins/org.eclipse.gef.source_3.6.1.v20100913-2020/src/org.eclipse.gef_3.6.1.v20100913-2020/src", "size_i": "4096", "regex": "false"},
	{"name_s": "/usr/share/eclipse/dropins/gef-sdk/eclipse/plugins/org.eclipse.gef.source_3.6.1.v20100913-2020/src/org.eclipse.gef_3.6.1.v20100913-2020/src.zip", "size_i": "575149", "regex": "false"},
	{"name_s": "/usr/share/eclipse/dropins/gef-sdk/eclipse/plugins/org.eclipse.gef.source_3.6.1.v20100913-2020/src/org.eclipse.gef_3.6.1.v20100913-2020/src/org", "size_i": "4096", "regex": "false"},
	{"name_s": "/usr/share/eclipse/dropins/gef-sdk/eclipse/plugins/org.eclipse.gef.source_3.6.1.v20100913-2020/src/org.eclipse.gef_3.6.1.v20100913-2020/src/org/eclipse", "size_i": "4096", "regex": "false"},
	{"name_s": "/usr/share/eclipse/dropins/gef-sdk/eclipse/plugins/org.eclipse.gef.source_3.6.1.v20100913-2020/src/org.eclipse.gef_3.6.1.v20100913-2020/src/org/eclipse/gef", "size_i": "4096", "regex": "false"},
	{"name_s": "/usr/share/eclipse/dropins/gef-sdk/eclipse/plugins/org.eclipse.gef.source_3.6.1.v20100913-2020/src/org.eclipse.gef_3.6.1.v20100913-2020/src/org/eclipse/gef/internal", "size_i": "4096", "regex": "false"},
	{"name_s": "/usr/share/eclipse/dropins/gef-sdk/eclipse/plugins/org.eclipse.gef.source_3.6.1.v20100913-2020/src/org.eclipse.gef_3.6.1.v20100913-2020/src/org/eclipse/gef/internal/icons", "size_i": "4096", "regex": "false"},
	{"name_s": "/usr/share/eclipse/dropins/gef-sdk/eclipse/plugins/org.eclipse.gef.source_3.6.1.v20100913-2020/src/org.eclipse.gef_3.6.1.v20100913-2020/src/org/eclipse/gef/internal/icons/Tree_Add.gif", "size_i": "125", "regex": "false"},
	{"name_s": "/usr/share/eclipse/dropins/gef-sdk/eclipse/plugins/org.eclipse.gef.source_3.6.1.v20100913-2020/src/org.eclipse.gef_3.6.1.v20100913-2020/src/org/eclipse/gef/internal/icons/Tree_Add_Mask.gif", "size_i": "129", "regex": "false"},
	{"name_s": "/usr/share/eclipse/dropins/gef-sdk/eclipse/plugins/org.eclipse.gef.source_3.6.1.v20100913-2020/src/org.eclipse.gef_3.6.1.v20100913-2020/src/org/eclipse/gef/internal/icons/Tree_Move.gif", "size_i": "114", "regex": "false"},
	{"name_s": "/usr/share/eclipse/dropins/gef-sdk/eclipse/plugins/org.eclipse.gef.source_3.6.1.v20100913-2020/src/org.eclipse.gef_3.6.1.v20100913-2020/src/org/eclipse/gef/internal/icons/Tree_Move_Mask.gif", "size_i": "122", "regex": "false"},
	{"name_s": "/usr/share/eclipse/dropins/gef-sdk/eclipse/plugins/org.eclipse.gef.source_3.6.1.v20100913-2020/src/org.eclipse.gef_3.6.1.v20100913-2020/src/org/eclipse/gef/internal/icons/add-disabled.gif", "size_i": "96", "regex": "false"},
	{"name_s": "/usr/share/eclipse/dropins/gef-sdk/eclipse/plugins/org.eclipse.gef.source_3.6.1.v20100913-2020/src/org.eclipse.gef_3.6.1.v20100913-2020/src/org/eclipse/gef/internal/icons/add.gif", "size_i": "125", "regex": "false"},
	{"name_s": "/usr/share/eclipse/dropins/gef-sdk/eclipse/plugins/org.eclipse.gef.source_3.6.1.v20100913-2020/src/org.eclipse.gef_3.6.1.v20100913-2020/src/org/eclipse/gef/internal/icons/alignbottom.gif", "size_i": "928", "regex": "false"},
	{"name_s": "/usr/share/eclipse/dropins/gef-sdk/eclipse/plugins/org.eclipse.gef.source_3.6.1.v20100913-2020/src/org.eclipse.gef_3.6.1.v20100913-2020/src/org/eclipse/gef/internal/icons/alignbottom_d.gif", "size_i": "190", "regex": "false"},
	{"name_s": "/usr/share/eclipse/dropins/gef-sdk/eclipse/plugins/org.eclipse.gef.source_3.6.1.v20100913-2020/src/org.eclipse.gef_3.6.1.v20100913-2020/src/org/eclipse/gef/internal/icons/aligncenter.gif", "size_i": "924", "regex": "false"},
	{"name_s": "/usr/share/eclipse/dropins/gef-sdk/eclipse/plugins/org.eclipse.gef.source_3.6.1.v20100913-2020/src/org.eclipse.gef_3.6.1.v20100913-2020/src/org/eclipse/gef/internal/icons/aligncenter_d.gif", "size_i": "90", "regex": "false"},
	{"name_s": "/usr/share/eclipse/dropins/gef-sdk/eclipse/plugins/org.eclipse.gef.source_3.6.1.v20100913-2020/src/org.eclipse.gef_3.6.1.v20100913-2020/src/org/eclipse/gef/internal/icons/alignleft.gif", "size_i": "919", "regex": "false"},
	{"name_s": "/usr/share/eclipse/dropins/gef-sdk/eclipse/plugins/org.eclipse.gef.source_3.6.1.v20100913-2020/src/org.eclipse.gef_3.6.1.v20100913-2020/src/org/eclipse/gef/internal/icons/alignleft_d.gif", "size_i": "90", "regex": "false"},
	{"name_s": "/usr/share/eclipse/dropins/gef-sdk/eclipse/plugins/org.eclipse.gef.source_3.6.1.v20100913-2020/src/org.eclipse.gef_3.6.1.v20100913-2020/src/org/eclipse/gef/internal/icons/alignmid.gif", "size_i": "929", "regex": "false"},
	{"name_s": "/usr/share/eclipse/dropins/gef-sdk/eclipse/plugins/org.eclipse.gef.source_3.6.1.v20100913-2020/src/org.eclipse.gef_3.6.1.v20100913-2020/src/org/eclipse/gef/internal/icons/alignmid_d.gif", "size_i": "94", "regex": "false"},
	{"name_s": "/usr/share/eclipse/dropins/gef-sdk/eclipse/plugins/org.eclipse.gef.source_3.6.1.v20100913-2020/src/org.eclipse.gef_3.6.1.v20100913-2020/src/org/eclipse/gef/internal/icons/alignright.gif", "size_i": "923", "regex": "false"},
	{"name_s": "/usr/share/eclipse/dropins/gef-sdk/eclipse/plugins/org.eclipse.gef.source_3.6.1.v20100913-2020/src/org.eclipse.gef_3.6.1.v20100913-2020/src/org/eclipse/gef/internal/icons/alignright_d.gif", "size_i": "90", "regex": "false"},
	{"name_s": "/usr/share/eclipse/dropins/gef-sdk/eclipse/plugins/org.eclipse.gef.source_3.6.1.v20100913-2020/src/org.eclipse.gef_3.6.1.v20100913-2020/src/org/eclipse/gef/internal/icons/aligntop.gif", "size_i": "931", "regex": "false"},
	{"name_s": "/usr/share/eclipse/dropins/gef-sdk/eclipse/plugins/org.eclipse.gef.source_3.6.1.v20100913-2020/src/org.eclipse.gef_3.6.1.v20100913-2020/src/org/eclipse/gef/internal/icons/aligntop_d.gif", "size_i": "92", "regex": "false"},
	{"name_s": "/usr/share/eclipse/dropins/gef-sdk/eclipse/plugins/org.eclipse.gef.source_3.6.1.v20100913-2020/src/org.eclipse.gef_3.6.1.v20100913-2020/src/org/eclipse/gef/internal/icons/arrow16.gif", "size_i": "336", "regex": "false"},
	{"name_s": "/usr/share/eclipse/dropins/gef-sdk/eclipse/plugins/org.eclipse.gef.source_3.6.1.v20100913-2020/src/org.eclipse.gef_3.6.1.v20100913-2020/src/org/eclipse/gef/internal/icons/arrow24.gif", "size_i": "139", "regex": "false"},
	{"name_s": "/usr/share/eclipse/dropins/gef-sdk/eclipse/plugins/org.eclipse.gef.source_3.6.1.v20100913-2020/src/org.eclipse.gef_3.6.1.v20100913-2020/src/org/eclipse/gef/internal/icons/category.gif", "size_i": "318", "regex": "false"},
	{"name_s": "/usr/share/eclipse/dropins/gef-sdk/eclipse/plugins/org.eclipse.gef.source_3.6.1.v20100913-2020/src/org.eclipse.gef_3.6.1.v20100913-2020/src/org/eclipse/gef/internal/icons/customizer_dialog_title.gif", "size_i": "4353", "regex": "false"},
	{"name_s": "/usr/share/eclipse/dropins/gef-sdk/eclipse/plugins/org.eclipse.gef.source_3.6.1.v20100913-2020/src/org.eclipse.gef_3.6.1.v20100913-2020/src/org/eclipse/gef/internal/icons/folder_closed.gif", "size_i": "160", "regex": "false"},
	{"name_s": "/usr/share/eclipse/dropins/gef-sdk/eclipse/plugins/org.eclipse.gef.source_3.6.1.v20100913-2020/src/org.eclipse.gef_3.6.1.v20100913-2020/src/org/eclipse/gef/internal/icons/marquee16.gif", "size_i": "135", "regex": "false"},
	{"name_s": "/usr/share/eclipse/dropins/gef-sdk/eclipse/plugins/org.eclipse.gef.source_3.6.1.v20100913-2020/src/org.eclipse.gef_3.6.1.v20100913-2020/src/org/eclipse/gef/internal/icons/marquee24.gif", "size_i": "213", "regex": "false"},
	{"name_s": "/usr/share/eclipse/dropins/gef-sdk/eclipse/plugins/org.eclipse.gef.source_3.6.1.v20100913-2020/src/org.eclipse.gef_3.6.1.v20100913-2020/src/org/eclipse/gef/internal/icons/marquee_nodes16.gif", "size_i": "202", "regex": "false"},
	{"name_s": "/usr/share/eclipse/dropins/gef-sdk/eclipse/plugins/org.eclipse.gef.source_3.6.1.v20100913-2020/src/org.eclipse.gef_3.6.1.v20100913-2020/src/org/eclipse/gef/internal/icons/marquee_nodes24.gif", "size_i": "391", "regex": "false"},
	{"name_s": "/usr/share/eclipse/dropins/gef-sdk/eclipse/plugins/org.eclipse.gef.source_3.6.1.v20100913-2020/src/org.eclipse.gef_3.6.1.v20100913-2020/src/org/eclipse/gef/internal/icons/marquee_wires16.gif", "size_i": "206", "regex": "false"},
	{"name_s": "/usr/share/eclipse/dropins/gef-sdk/eclipse/plugins/org.eclipse.gef.source_3.6.1.v20100913-2020/src/org.eclipse.gef_3.6.1.v20100913-2020/src/org/eclipse/gef/internal/icons/marquee_wires24.gif", "size_i": "386", "regex": "false"},
	{"name_s": "/usr/share/eclipse/dropins/gef-sdk/eclipse/plugins/org.eclipse.gef.source_3.6.1.v20100913-2020/src/org.eclipse.gef_3.6.1.v20100913-2020/src/org/eclipse/gef/internal/icons/matchheight.gif", "size_i": "932", "regex": "false"},
	{"name_s": "/usr/share/eclipse/dropins/gef-sdk/eclipse/plugins/org.eclipse.gef.source_3.6.1.v20100913-2020/src/org.eclipse.gef_3.6.1.v20100913-2020/src/org/eclipse/gef/internal/icons/matchheight_d.gif", "size_i": "189", "regex": "false"},
	{"name_s": "/usr/share/eclipse/dropins/gef-sdk/eclipse/plugins/org.eclipse.gef.source_3.6.1.v20100913-2020/src/org.eclipse.gef_3.6.1.v20100913-2020/src/org/eclipse/gef/internal/icons/matchwidth.gif", "size_i": "922", "regex": "false"},
	{"name_s": "/usr/share/eclipse/dropins/gef-sdk/eclipse/plugins/org.eclipse.gef.source_3.6.1.v20100913-2020/src/org.eclipse.gef_3.6.1.v20100913-2020/src/org/eclipse/gef/internal/icons/matchwidth_d.gif", "size_i": "184", "regex": "false"},
	{"name_s": "/usr/share/eclipse/dropins/gef-sdk/eclipse/plugins/org.eclipse.gef.source_3.6.1.v20100913-2020/src/org.eclipse.gef_3.6.1.v20100913-2020/src/org/eclipse/gef/internal/icons/move_down_disabled.gif", "size_i": "152", "regex": "false"},
	{"name_s": "/usr/share/eclipse/dropins/gef-sdk/eclipse/plugins/org.eclipse.gef.source_3.6.1.v20100913-2020/src/org.eclipse.gef_3.6.1.v20100913-2020/src/org/eclipse/gef/internal/icons/move_up_disabled.gif", "size_i": "152", "regex": "false"},
	{"name_s": "/usr/share/eclipse/dropins/gef-sdk/eclipse/plugins/org.eclipse.gef.source_3.6.1.v20100913-2020/src/org.eclipse.gef_3.6.1.v20100913-2020/src/org/eclipse/gef/internal/icons/next_nav.gif", "size_i": "332", "regex": "false"},
	{"name_s": "/usr/share/eclipse/dropins/gef-sdk/eclipse/plugins/org.eclipse.gef.source_3.6.1.v20100913-2020/src/org.eclipse.gef_3.6.1.v20100913-2020/src/org/eclipse/gef/internal/icons/palette_layout.gif", "size_i": "944", "regex": "false"},
	{"name_s": "/usr/share/eclipse/dropins/gef-sdk/eclipse/plugins/org.eclipse.gef.source_3.6.1.v20100913-2020/src/org.eclipse.gef_3.6.1.v20100913-2020/src/org/eclipse/gef/internal/icons/palette_left.gif", "size_i": "55", "regex": "false"},
	{"name_s": "/usr/share/eclipse/dropins/gef-sdk/eclipse/plugins/org.eclipse.gef.source_3.6.1.v20100913-2020/src/org.eclipse.gef_3.6.1.v20100913-2020/src/org/eclipse/gef/internal/icons/palette_right.gif", "size_i": "54", "regex": "false"},
	{"name_s": "/usr/share/eclipse/dropins/gef-sdk/eclipse/plugins/org.eclipse.gef.source_3.6.1.v20100913-2020/src/org.eclipse.gef_3.6.1.v20100913-2020/src/org/eclipse/gef/internal/icons/palette_view.gif", "size_i": "633", "regex": "false"},
	{"name_s": "/usr/share/eclipse/dropins/gef-sdk/eclipse/plugins/org.eclipse.gef.source_3.6.1.v20100913-2020/src/org.eclipse.gef_3.6.1.v20100913-2020/src/org/eclipse/gef/internal/icons/pin_view.gif", "size_i": "854", "regex": "false"},
	{"name_s": "/usr/share/eclipse/dropins/gef-sdk/eclipse/plugins/org.eclipse.gef.source_3.6.1.v20100913-2020/src/org.eclipse.gef_3.6.1.v20100913-2020/src/org/eclipse/gef/internal/icons/pinned.gif", "size_i": "77", "regex": "false"},
	{"name_s": "/usr/share/eclipse/dropins/gef-sdk/eclipse/plugins/org.eclipse.gef.source_3.6.1.v20100913-2020/src/org.eclipse.gef_3.6.1.v20100913-2020/src/org/eclipse/gef/internal/icons/plug.bmp", "size_i": "190", "regex": "false"},
	{"name_s": "/usr/share/eclipse/dropins/gef-sdk/eclipse/plugins/org.eclipse.gef.source_3.6.1.v20100913-2020/src/org.eclipse.gef_3.6.1.v20100913-2020/src/org/eclipse/gef/internal/icons/plugmask.gif", "size_i": "119", "regex": "false"},
	{"name_s": "/usr/share/eclipse/dropins/gef-sdk/eclipse/plugins/org.eclipse.gef.source_3.6.1.v20100913-2020/src/org.eclipse.gef_3.6.1.v20100913-2020/src/org/eclipse/gef/internal/icons/plugmasknot.gif", "size_i": "145", "regex": "false"},
	{"name_s": "/usr/share/eclipse/dropins/gef-sdk/eclipse/plugins/org.eclipse.gef.source_3.6.1.v20100913-2020/src/org.eclipse.gef_3.6.1.v20100913-2020/src/org/eclipse/gef/internal/icons/plugnot.bmp", "size_i": "190", "regex": "false"},
	{"name_s": "/usr/share/eclipse/dropins/gef-sdk/eclipse/plugins/org.eclipse.gef.source_3.6.1.v20100913-2020/src/org.eclipse.gef_3.6.1.v20100913-2020/src/org/eclipse/gef/internal/icons/prev_nav.gif", "size_i": "322", "regex": "false"},
	{"name_s": "/usr/share/eclipse/dropins/gef-sdk/eclipse/plugins/org.eclipse.gef.source_3.6.1.v20100913-2020/src/org.eclipse.gef_3.6.1.v20100913-2020/src/org/eclipse/gef/internal/icons/separator.gif", "size_i": "152", "regex": "false"},
	{"name_s": "/usr/share/eclipse/dropins/gef-sdk/eclipse/plugins/org.eclipse.gef.source_3.6.1.v20100913-2020/src/org.eclipse.gef_3.6.1.v20100913-2020/src/org/eclipse/gef/internal/icons/style_bold.gif", "size_i": "283", "regex": "false"},
	{"name_s": "/usr/share/eclipse/dropins/gef-sdk/eclipse/plugins/org.eclipse.gef.source_3.6.1.v20100913-2020/src/org.eclipse.gef_3.6.1.v20100913-2020/src/org/eclipse/gef/internal/icons/style_italic.gif", "size_i": "274", "regex": "false"},
	{"name_s": "/usr/share/eclipse/dropins/gef-sdk/eclipse/plugins/org.eclipse.gef.source_3.6.1.v20100913-2020/src/org.eclipse.gef_3.6.1.v20100913-2020/src/org/eclipse/gef/internal/icons/style_paragraph_center.gif", "size_i": "166", "regex": "false"},
	{"name_s": "/usr/share/eclipse/dropins/gef-sdk/eclipse/plugins/org.eclipse.gef.source_3.6.1.v20100913-2020/src/org.eclipse.gef_3.6.1.v20100913-2020/src/org/eclipse/gef/internal/icons/style_paragraph_left.gif", "size_i": "167", "regex": "false"},
	{"name_s": "/usr/share/eclipse/dropins/gef-sdk/eclipse/plugins/org.eclipse.gef.source_3.6.1.v20100913-2020/src/org.eclipse.gef_3.6.1.v20100913-2020/src/org/eclipse/gef/internal/icons/style_paragraph_ltr.gif", "size_i": "289", "regex": "false"},
	{"name_s": "/usr/share/eclipse/dropins/gef-sdk/eclipse/plugins/org.eclipse.gef.source_3.6.1.v20100913-2020/src/org.eclipse.gef_3.6.1.v20100913-2020/src/org/eclipse/gef/internal/icons/style_paragraph_right.gif", "size_i": "166", "regex": "false"},
	{"name_s": "/usr/share/eclipse/dropins/gef-sdk/eclipse/plugins/org.eclipse.gef.source_3.6.1.v20100913-2020/src/org.eclipse.gef_3.6.1.v20100913-2020/src/org/eclipse/gef/internal/icons/style_paragraph_rtl.gif", "size_i": "289", "regex": "false"},
	{"name_s": "/usr/share/eclipse/dropins/gef-sdk/eclipse/plugins/org.eclipse.gef.source_3.6.1.v20100913-2020/src/org.eclipse.gef_3.6.1.v20100913-2020/src/org/eclipse/gef/internal/icons/style_underline.gif", "size_i": "286", "regex": "false"},
	{"name_s": "/usr/share/eclipse/dropins/gef-sdk/eclipse/plugins/org.eclipse.gef.source_3.6.1.v20100913-2020/src/org.eclipse.gef_3.6.1.v20100913-2020/src/org/eclipse/gef/internal/icons/unpinned.gif", "size_i": "190", "regex": "false"},
	{"name_s": "/usr/share/eclipse/dropins/gef-sdk/eclipse/plugins/org.eclipse.gef.source_3.6.1.v20100913-2020/src/org.eclipse.gef_3.6.1.v20100913-2020/src/org/eclipse/gef/internal/icons/zoom_in.gif", "size_i": "559", "regex": "false"},
	{"name_s": "/usr/share/eclipse/dropins/gef-sdk/eclipse/plugins/org.eclipse.gef.source_3.6.1.v20100913-2020/src/org.eclipse.gef_3.6.1.v20100913-2020/src/org/eclipse/gef/internal/icons/zoom_out.gif", "size_i": "559", "regex": "false"},
	{"name_s": "/usr/share/eclipse/dropins/gef-sdk/eclipse/plugins/org.eclipse.gef.source_3.6.1.v20100913-2020/src/org.eclipse.gef_3.6.1.v20100913-2020/src/org/eclipse/gef/ui", "size_i": "4096", "regex": "false"},
	{"name_s": "/usr/share/eclipse/dropins/gef-sdk/eclipse/plugins/org.eclipse.gef.source_3.6.1.v20100913-2020/src/org.eclipse.gef_3.6.1.v20100913-2020/src/org/eclipse/gef/ui/console", "size_i": "4096", "regex": "false"},
	{"name_s": "/usr/share/eclipse/dropins/gef-sdk/eclipse/plugins/org.eclipse.gef.source_3.6.1.v20100913-2020/src/org.eclipse.gef_3.6.1.v20100913-2020/src/org/eclipse/gef/ui/console/icons", "size_i": "4096", "regex": "false"},
	{"name_s": "/usr/share/eclipse/dropins/gef-sdk/eclipse/plugins/org.eclipse.gef.source_3.6.1.v20100913-2020/src/org.eclipse.gef_3.6.1.v20100913-2020/src/org/eclipse/gef/ui/console/icons/debugClear.gif", "size_i": "849", "regex": "false"},
	{"name_s": "/usr/share/eclipse/dropins/gef-sdk/eclipse/plugins/org.eclipse.gef.source_3.6.1.v20100913-2020/src/org.eclipse.gef_3.6.1.v20100913-2020/src/org/eclipse/gef/ui/console/icons/debugDND.gif", "size_i": "91", "regex": "false"},
	{"name_s": "/usr/share/eclipse/dropins/gef-sdk/eclipse/plugins/org.eclipse.gef.source_3.6.1.v20100913-2020/src/org.eclipse.gef_3.6.1.v20100913-2020/src/org/eclipse/gef/ui/console/icons/debugEditParts.gif", "size_i": "864", "regex": "false"},
	{"name_s": "/usr/share/eclipse/dropins/gef-sdk/eclipse/plugins/org.eclipse.gef.source_3.6.1.v20100913-2020/src/org.eclipse.gef_3.6.1.v20100913-2020/src/org/eclipse/gef/ui/console/icons/debugEvents.gif", "size_i": "862", "regex": "false"},
	{"name_s": "/usr/share/eclipse/dropins/gef-sdk/eclipse/plugins/org.eclipse.gef.source_3.6.1.v20100913-2020/src/org.eclipse.gef_3.6.1.v20100913-2020/src/org/eclipse/gef/ui/console/icons/debugFeedback.gif", "size_i": "863", "regex": "false"},
	{"name_s": "/usr/share/eclipse/dropins/gef-sdk/eclipse/plugins/org.eclipse.gef.source_3.6.1.v20100913-2020/src/org.eclipse.gef_3.6.1.v20100913-2020/src/org/eclipse/gef/ui/console/icons/debugGEF.gif", "size_i": "886", "regex": "false"},
	{"name_s": "/usr/share/eclipse/dropins/gef-sdk/eclipse/plugins/org.eclipse.gef.source_3.6.1.v20100913-2020/src/org.eclipse.gef_3.6.1.v20100913-2020/src/org/eclipse/gef/ui/console/icons/debugGlobal.gif", "size_i": "865", "regex": "false"},
	{"name_s": "/usr/share/eclipse/dropins/gef-sdk/eclipse/plugins/org.eclipse.gef.source_3.6.1.v20100913-2020/src/org.eclipse.gef_3.6.1.v20100913-2020/src/org/eclipse/gef/ui/console/icons/debugPaint.gif", "size_i": "874", "regex": "false"},
	{"name_s": "/usr/share/eclipse/dropins/gef-sdk/eclipse/plugins/org.eclipse.gef.source_3.6.1.v20100913-2020/src/org.eclipse.gef_3.6.1.v20100913-2020/src/org/eclipse/gef/ui/console/icons/debugStates.GIF", "size_i": "874", "regex": "false"},
	{"name_s": "/usr/share/eclipse/dropins/gef-sdk/eclipse/plugins/org.eclipse.gef.source_3.6.1.v20100913-2020/src/org.eclipse.gef_3.6.1.v20100913-2020/src/org/eclipse/gef/ui/console/icons/debugTools.gif", "size_i": "855", "regex": "false"},
	{"name_s": "/usr/share/eclipse/dropins/gef-sdk/eclipse/plugins/org.eclipse.gef.source_3.6.1.v20100913-2020/src/org.eclipse.gef_3.6.1.v20100913-2020/src/org/eclipse/gef/ui/stackview", "size_i": "4096", "regex": "false"},
	{"name_s": "/usr/share/eclipse/dropins/gef-sdk/eclipse/plugins/org.eclipse.gef.source_3.6.1.v20100913-2020/src/org.eclipse.gef_3.6.1.v20100913-2020/src/org/eclipse/gef/ui/stackview/icons", "size_i": "4096", "regex": "false"},
	{"name_s": "/usr/share/eclipse/dropins/gef-sdk/eclipse/plugins/org.eclipse.gef.source_3.6.1.v20100913-2020/src/org.eclipse.gef_3.6.1.v20100913-2020/src/org/eclipse/gef/ui/stackview/icons/NORED.gif", "size_i": "860", "regex": "false"},
	{"name_s": "/usr/share/eclipse/dropins/gef-sdk/eclipse/plugins/org.eclipse.gef.source_3.6.1.v20100913-2020/src/org.eclipse.gef_3.6.1.v20100913-2020/src/org/eclipse/gef/ui/stackview/icons/REDOGRN.gif", "size_i": "859", "regex": "false"},
	{"name_s": "/usr/share/eclipse/dropins/gef-sdk/eclipse/plugins/org.eclipse.gef.source_3.6.1.v20100913-2020/src/org.eclipse.gef_3.6.1.v20100913-2020/src/org/eclipse/gef/ui/stackview/icons/UNDOGRN.gif", "size_i": "860", "regex": "false"},
	{"name_s": "/usr/share/eclipse/dropins/gef-sdk/eclipse/plugins/org.eclipse.gef.source_3.6.1.v20100913-2020/src/org.eclipse.gef_3.6.1.v20100913-2020/src/org/eclipse/gef/ui/stackview/icons/YESGRN.gif", "size_i": "855", "regex": "false"},
	{"name_s": "/usr/share/eclipse/dropins/gef-sdk/eclipse/plugins/org.eclipse.gef.source_3.6.1.v20100913-2020/src/org.eclipse.gef_3.6.1.v20100913-2020/src/org/eclipse/gef/ui/stackview/icons/stackDebug.gif", "size_i": "887", "regex": "false"},
	{"name_s": "/usr/share/eclipse/dropins/gef-sdk/eclipse/plugins/org.eclipse.zest.source_1.2.0.v20100913-2020", "size_i": "4096", "regex": "false"},
	{"name_s": "/usr/share/eclipse/dropins/gef-sdk/eclipse/plugins/org.eclipse.zest.source_1.2.0.v20100913-2020/META-INF", "size_i": "4096", "regex": "false"},
	{"name_s": "/usr/share/eclipse/dropins/gef-sdk/eclipse/plugins/org.eclipse.zest.source_1.2.0.v20100913-2020/META-INF/MANIFEST.MF", "size_i": "211", "regex": "false"},
	{"name_s": "/usr/share/eclipse/dropins/gef-sdk/eclipse/plugins/org.eclipse.zest.source_1.2.0.v20100913-2020/about.html", "size_i": "1434", "regex": "false"},
	{"name_s": "/usr/share/eclipse/dropins/gef-sdk/eclipse/plugins/org.eclipse.zest.source_1.2.0.v20100913-2020/about.ini", "size_i": "928", "regex": "false"},
	{"name_s": "/usr/share/eclipse/dropins/gef-sdk/eclipse/plugins/org.eclipse.zest.source_1.2.0.v20100913-2020/about.mappings", "size_i": "168", "regex": "false"},
	{"name_s": "/usr/share/eclipse/dropins/gef-sdk/eclipse/plugins/org.eclipse.zest.source_1.2.0.v20100913-2020/about.properties", "size_i": "962", "regex": "false"},
	{"name_s": "/usr/share/eclipse/dropins/gef-sdk/eclipse/plugins/org.eclipse.zest.source_1.2.0.v20100913-2020/modeling32.png", "size_i": "2414", "regex": "false"},
	{"name_s": "/usr/share/eclipse/dropins/gef-sdk/eclipse/plugins/org.eclipse.zest.source_1.2.0.v20100913-2020/plugin.properties", "size_i": "626", "regex": "false"},
	{"name_s": "/usr/share/eclipse/dropins/gef-sdk/eclipse/plugins/org.eclipse.zest.source_1.2.0.v20100913-2020/plugin.xml", "size_i": "186", "regex": "false"},
	{"name_s": "/usr/share/eclipse/dropins/gef-sdk/eclipse/plugins/org.eclipse.zest.source_1.2.0.v20100913-2020/src", "size_i": "4096", "regex": "false"},
	{"name_s": "/usr/share/eclipse/dropins/gef-sdk/eclipse/plugins/org.eclipse.zest.source_1.2.0.v20100913-2020/src/org.eclipse.zest.core_1.2.0.v20100913-2020", "size_i": "4096", "regex": "false"},
	{"name_s": "/usr/share/eclipse/dropins/gef-sdk/eclipse/plugins/org.eclipse.zest.source_1.2.0.v20100913-2020/src/org.eclipse.zest.core_1.2.0.v20100913-2020/src.zip", "size_i": "97915", "regex": "false"},
	{"name_s": "/usr/share/eclipse/dropins/gef-sdk/eclipse/plugins/org.eclipse.zest.source_1.2.0.v20100913-2020/src/org.eclipse.zest.layouts_1.1.0.v20100913-2020", "size_i": "4096", "regex": "false"},
	{"name_s": "/usr/share/eclipse/dropins/gef-sdk/eclipse/plugins/org.eclipse.zest.source_1.2.0.v20100913-2020/src/org.eclipse.zest.layouts_1.1.0.v20100913-2020/META-INF", "size_i": "4096", "regex": "false"},
	{"name_s": "/usr/share/eclipse/dropins/gef-sdk/eclipse/plugins/org.eclipse.zest.source_1.2.0.v20100913-2020/src/org.eclipse.zest.layouts_1.1.0.v20100913-2020/META-INF/MANIFEST.MF", "size_i": "726", "regex": "false"},
	{"name_s": "/usr/share/eclipse/dropins/gef-sdk/eclipse/plugins/org.eclipse.zest.source_1.2.0.v20100913-2020/src/org.eclipse.zest.layouts_1.1.0.v20100913-2020/about.html", "size_i": "1306", "regex": "false"},
	{"name_s": "/usr/share/eclipse/dropins/gef-sdk/eclipse/plugins/org.eclipse.zest.source_1.2.0.v20100913-2020/src/org.eclipse.zest.layouts_1.1.0.v20100913-2020/plugin.properties", "size_i": "630", "regex": "false"},
	{"name_s": "/usr/share/eclipse/dropins/gef-sdk/eclipse/plugins/org.eclipse.zest.source_1.2.0.v20100913-2020/src/org.eclipse.zest.layouts_1.1.0.v20100913-2020/plugin.xml", "size_i": "89", "regex": "false"},
	{"name_s": "/usr/share/eclipse/dropins/gef-sdk/eclipse/plugins/org.eclipse.zest.source_1.2.0.v20100913-2020/src/org.eclipse.zest.layouts_1.1.0.v20100913-2020/src.zip", "size_i": "78109", "regex": "false"}
]
