[
	{"name_s": "/usr/lib64/eclipse/dropins/mylyn-wikitext", "size_i": "4096", "regex": "false"},
	{"name_s": "/usr/lib64/eclipse/dropins/mylyn-wikitext/eclipse", "size_i": "4096", "regex": "false"},
	{"name_s": "/usr/lib64/eclipse/dropins/mylyn-wikitext/eclipse/features", "size_i": "4096", "regex": "false"},
	{"name_s": "/usr/lib64/eclipse/dropins/mylyn-wikitext/eclipse/features/org.eclipse.mylyn.wikitext.sdk_1.3.2.v20100916-0100-e3x", "size_i": "4096", "regex": "false"},
	{"name_s": "/usr/lib64/eclipse/dropins/mylyn-wikitext/eclipse/features/org.eclipse.mylyn.wikitext.sdk_1.3.2.v20100916-0100-e3x/about.html", "size_i": "1308", "regex": "false"},
	{"name_s": "/usr/lib64/eclipse/dropins/mylyn-wikitext/eclipse/features/org.eclipse.mylyn.wikitext.sdk_1.3.2.v20100916-0100-e3x/epl-v10.html", "size_i": "16536", "regex": "false"},
	{"name_s": "/usr/lib64/eclipse/dropins/mylyn-wikitext/eclipse/features/org.eclipse.mylyn.wikitext.sdk_1.3.2.v20100916-0100-e3x/feature.properties", "size_i": "8944", "regex": "false"},
	{"name_s": "/usr/lib64/eclipse/dropins/mylyn-wikitext/eclipse/features/org.eclipse.mylyn.wikitext.sdk_1.3.2.v20100916-0100-e3x/feature.xml", "size_i": "6439", "regex": "false"},
	{"name_s": "/usr/lib64/eclipse/dropins/mylyn-wikitext/eclipse/features/org.eclipse.mylyn.wikitext.sdk_1.3.2.v20100916-0100-e3x/license.html", "size_i": "9051", "regex": "false"},
	{"name_s": "/usr/lib64/eclipse/dropins/mylyn-wikitext/eclipse/plugins", "size_i": "4096", "regex": "false"},
	{"name_s": "/usr/lib64/eclipse/dropins/mylyn-wikitext/eclipse/plugins/org.eclipse.mylyn.wikitext.confluence.core.source_1.3.0.v20100916-0100-e3x.jar", "size_i": "32751", "regex": "false"},
	{"name_s": "/usr/lib64/eclipse/dropins/mylyn-wikitext/eclipse/plugins/org.eclipse.mylyn.wikitext.confluence.core_1.3.0.v20100916-0100-e3x.jar", "size_i": "51416", "regex": "false"},
	{"name_s": "/usr/lib64/eclipse/dropins/mylyn-wikitext/eclipse/plugins/org.eclipse.mylyn.wikitext.confluence.ui.source_1.3.0.v20100916-0100-e3x.jar", "size_i": "2848", "regex": "false"},
	{"name_s": "/usr/lib64/eclipse/dropins/mylyn-wikitext/eclipse/plugins/org.eclipse.mylyn.wikitext.confluence.ui_1.3.0.v20100916-0100-e3x.jar", "size_i": "5227", "regex": "false"},
	{"name_s": "/usr/lib64/eclipse/dropins/mylyn-wikitext/eclipse/plugins/org.eclipse.mylyn.wikitext.core.source_1.3.1.v20100916-0100-e3x.jar", "size_i": "196105", "regex": "false"},
	{"name_s": "/usr/lib64/eclipse/dropins/mylyn-wikitext/eclipse/plugins/org.eclipse.mylyn.wikitext.core_1.3.1.v20100916-0100-e3x.jar", "size_i": "288419", "regex": "false"},
	{"name_s": "/usr/lib64/eclipse/dropins/mylyn-wikitext/eclipse/plugins/org.eclipse.mylyn.wikitext.help.sdk_1.3.1.v20100916-0100-e3x.jar", "size_i": "986816", "regex": "false"},
	{"name_s": "/usr/lib64/eclipse/dropins/mylyn-wikitext/eclipse/plugins/org.eclipse.mylyn.wikitext.help.ui_1.3.0.v20100916-0100-e3x.jar", "size_i": "1236683", "regex": "false"},
	{"name_s": "/usr/lib64/eclipse/dropins/mylyn-wikitext/eclipse/plugins/org.eclipse.mylyn.wikitext.mediawiki.core.source_1.3.0.v20100916-0100-e3x.jar", "size_i": "70482", "regex": "false"},
	{"name_s": "/usr/lib64/eclipse/dropins/mylyn-wikitext/eclipse/plugins/org.eclipse.mylyn.wikitext.mediawiki.core_1.3.0.v20100916-0100-e3x.jar", "size_i": "126394", "regex": "false"},
	{"name_s": "/usr/lib64/eclipse/dropins/mylyn-wikitext/eclipse/plugins/org.eclipse.mylyn.wikitext.mediawiki.ui.source_1.3.0.v20100916-0100-e3x.jar", "size_i": "2836", "regex": "false"},
	{"name_s": "/usr/lib64/eclipse/dropins/mylyn-wikitext/eclipse/plugins/org.eclipse.mylyn.wikitext.mediawiki.ui_1.3.0.v20100916-0100-e3x.jar", "size_i": "4930", "regex": "false"},
	{"name_s": "/usr/lib64/eclipse/dropins/mylyn-wikitext/eclipse/plugins/org.eclipse.mylyn.wikitext.tasks.ui.source_1.3.1.v20100916-0100-e3x.jar", "size_i": "30944", "regex": "false"},
	{"name_s": "/usr/lib64/eclipse/dropins/mylyn-wikitext/eclipse/plugins/org.eclipse.mylyn.wikitext.tasks.ui_1.3.1.v20100916-0100-e3x.jar", "size_i": "56856", "regex": "false"},
	{"name_s": "/usr/lib64/eclipse/dropins/mylyn-wikitext/eclipse/plugins/org.eclipse.mylyn.wikitext.tests_1.3.0.v20100916-0100-e3x.jar", "size_i": "209662", "regex": "false"},
	{"name_s": "/usr/lib64/eclipse/dropins/mylyn-wikitext/eclipse/plugins/org.eclipse.mylyn.wikitext.textile.core.source_1.3.0.v20100916-0100-e3x.jar", "size_i": "33355", "regex": "false"},
	{"name_s": "/usr/lib64/eclipse/dropins/mylyn-wikitext/eclipse/plugins/org.eclipse.mylyn.wikitext.textile.core_1.3.0.v20100916-0100-e3x.jar", "size_i": "52224", "regex": "false"},
	{"name_s": "/usr/lib64/eclipse/dropins/mylyn-wikitext/eclipse/plugins/org.eclipse.mylyn.wikitext.textile.ui.source_1.3.0.v20100916-0100-e3x.jar", "size_i": "2818", "regex": "false"},
	{"name_s": "/usr/lib64/eclipse/dropins/mylyn-wikitext/eclipse/plugins/org.eclipse.mylyn.wikitext.textile.ui_1.3.0.v20100916-0100-e3x.jar", "size_i": "5626", "regex": "false"},
	{"name_s": "/usr/lib64/eclipse/dropins/mylyn-wikitext/eclipse/plugins/org.eclipse.mylyn.wikitext.tracwiki.core.source_1.3.0.v20100916-0100-e3x.jar", "size_i": "31163", "regex": "false"},
	{"name_s": "/usr/lib64/eclipse/dropins/mylyn-wikitext/eclipse/plugins/org.eclipse.mylyn.wikitext.tracwiki.core_1.3.0.v20100916-0100-e3x.jar", "size_i": "49441", "regex": "false"},
	{"name_s": "/usr/lib64/eclipse/dropins/mylyn-wikitext/eclipse/plugins/org.eclipse.mylyn.wikitext.tracwiki.ui.source_1.3.0.v20100916-0100-e3x.jar", "size_i": "2827", "regex": "false"},
	{"name_s": "/usr/lib64/eclipse/dropins/mylyn-wikitext/eclipse/plugins/org.eclipse.mylyn.wikitext.tracwiki.ui_1.3.0.v20100916-0100-e3x.jar", "size_i": "4077", "regex": "false"},
	{"name_s": "/usr/lib64/eclipse/dropins/mylyn-wikitext/eclipse/plugins/org.eclipse.mylyn.wikitext.twiki.core.source_1.3.0.v20100916-0100-e3x.jar", "size_i": "25244", "regex": "false"},
	{"name_s": "/usr/lib64/eclipse/dropins/mylyn-wikitext/eclipse/plugins/org.eclipse.mylyn.wikitext.twiki.core_1.3.0.v20100916-0100-e3x.jar", "size_i": "38061", "regex": "false"},
	{"name_s": "/usr/lib64/eclipse/dropins/mylyn-wikitext/eclipse/plugins/org.eclipse.mylyn.wikitext.twiki.ui.source_1.3.0.v20100916-0100-e3x.jar", "size_i": "2805", "regex": "false"},
	{"name_s": "/usr/lib64/eclipse/dropins/mylyn-wikitext/eclipse/plugins/org.eclipse.mylyn.wikitext.twiki.ui_1.3.0.v20100916-0100-e3x.jar", "size_i": "3955", "regex": "false"},
	{"name_s": "/usr/lib64/eclipse/dropins/mylyn-wikitext/eclipse/plugins/org.eclipse.mylyn.wikitext.ui.source_1.3.0.v20100916-0100-e3x.jar", "size_i": "206782", "regex": "false"},
	{"name_s": "/usr/lib64/eclipse/dropins/mylyn-wikitext/eclipse/plugins/org.eclipse.mylyn.wikitext.ui_1.3.0.v20100916-0100-e3x.jar", "size_i": "384617", "regex": "false"}
]
