[
	{"name_s": "/usr/share/doc/eclipse-emf-xsd-sdk-2.6.0", "size_i": "4096", "regex": "false"},
	{"name_s": "/usr/share/doc/eclipse-emf-xsd-sdk-2.6.0/epl-v10.html", "size_i": "15551", "regex": "false"},
	{"name_s": "/usr/share/doc/eclipse-emf-xsd-sdk-2.6.0/notice.html", "size_i": "9051", "regex": "false"},
	{"name_s": "/usr/share/eclipse/dropins/xsd-sdk", "size_i": "4096", "regex": "false"},
	{"name_s": "/usr/share/eclipse/dropins/xsd-sdk/eclipse", "size_i": "4096", "regex": "false"},
	{"name_s": "/usr/share/eclipse/dropins/xsd-sdk/eclipse/epl-v10.html", "size_i": "15551", "regex": "false"},
	{"name_s": "/usr/share/eclipse/dropins/xsd-sdk/eclipse/features", "size_i": "4096", "regex": "false"},
	{"name_s": "/usr/share/eclipse/dropins/xsd-sdk/eclipse/features/org.eclipse.xsd.doc.source_2.6.0.v200906151043", "size_i": "4096", "regex": "false"},
	{"name_s": "/usr/share/eclipse/dropins/xsd-sdk/eclipse/features/org.eclipse.xsd.doc.source_2.6.0.v200906151043/feature.xml", "size_i": "1064", "regex": "false"},
	{"name_s": "/usr/share/eclipse/dropins/xsd-sdk/eclipse/features/org.eclipse.xsd.doc_2.6.0.v200906151043", "size_i": "4096", "regex": "false"},
	{"name_s": "/usr/share/eclipse/dropins/xsd-sdk/eclipse/features/org.eclipse.xsd.doc_2.6.0.v200906151043/eclipse_update_120.jpg", "size_i": "21695", "regex": "false"},
	{"name_s": "/usr/share/eclipse/dropins/xsd-sdk/eclipse/features/org.eclipse.xsd.doc_2.6.0.v200906151043/epl-v10.html", "size_i": "15551", "regex": "false"},
	{"name_s": "/usr/share/eclipse/dropins/xsd-sdk/eclipse/features/org.eclipse.xsd.doc_2.6.0.v200906151043/feature.properties", "size_i": "9338", "regex": "false"},
	{"name_s": "/usr/share/eclipse/dropins/xsd-sdk/eclipse/features/org.eclipse.xsd.doc_2.6.0.v200906151043/feature.xml", "size_i": "1267", "regex": "false"},
	{"name_s": "/usr/share/eclipse/dropins/xsd-sdk/eclipse/features/org.eclipse.xsd.doc_2.6.0.v200906151043/license.html", "size_i": "9051", "regex": "false"},
	{"name_s": "/usr/share/eclipse/dropins/xsd-sdk/eclipse/features/org.eclipse.xsd.edit.source_2.6.0.v200906151043", "size_i": "4096", "regex": "false"},
	{"name_s": "/usr/share/eclipse/dropins/xsd-sdk/eclipse/features/org.eclipse.xsd.edit.source_2.6.0.v200906151043/feature.xml", "size_i": "936", "regex": "false"},
	{"name_s": "/usr/share/eclipse/dropins/xsd-sdk/eclipse/features/org.eclipse.xsd.editor.source_2.6.0.v200906151043", "size_i": "4096", "regex": "false"},
	{"name_s": "/usr/share/eclipse/dropins/xsd-sdk/eclipse/features/org.eclipse.xsd.editor.source_2.6.0.v200906151043/feature.xml", "size_i": "940", "regex": "false"},
	{"name_s": "/usr/share/eclipse/dropins/xsd-sdk/eclipse/features/org.eclipse.xsd.mapping.editor.source_2.6.0.v200906151043", "size_i": "4096", "regex": "false"},
	{"name_s": "/usr/share/eclipse/dropins/xsd-sdk/eclipse/features/org.eclipse.xsd.mapping.editor.source_2.6.0.v200906151043/feature.xml", "size_i": "1069", "regex": "false"},
	{"name_s": "/usr/share/eclipse/dropins/xsd-sdk/eclipse/features/org.eclipse.xsd.mapping.source_2.6.0.v200906151043", "size_i": "4096", "regex": "false"},
	{"name_s": "/usr/share/eclipse/dropins/xsd-sdk/eclipse/features/org.eclipse.xsd.mapping.source_2.6.0.v200906151043/feature.xml", "size_i": "1048", "regex": "false"},
	{"name_s": "/usr/share/eclipse/dropins/xsd-sdk/eclipse/features/org.eclipse.xsd.sdk_2.6.0.v200906151043", "size_i": "4096", "regex": "false"},
	{"name_s": "/usr/share/eclipse/dropins/xsd-sdk/eclipse/features/org.eclipse.xsd.sdk_2.6.0.v200906151043/eclipse_update_120.jpg", "size_i": "21695", "regex": "false"},
	{"name_s": "/usr/share/eclipse/dropins/xsd-sdk/eclipse/features/org.eclipse.xsd.sdk_2.6.0.v200906151043/epl-v10.html", "size_i": "15551", "regex": "false"},
	{"name_s": "/usr/share/eclipse/dropins/xsd-sdk/eclipse/features/org.eclipse.xsd.sdk_2.6.0.v200906151043/feature.properties", "size_i": "9373", "regex": "false"},
	{"name_s": "/usr/share/eclipse/dropins/xsd-sdk/eclipse/features/org.eclipse.xsd.sdk_2.6.0.v200906151043/feature.xml", "size_i": "3538", "regex": "false"},
	{"name_s": "/usr/share/eclipse/dropins/xsd-sdk/eclipse/features/org.eclipse.xsd.sdk_2.6.0.v200906151043/license.html", "size_i": "9051", "regex": "false"},
	{"name_s": "/usr/share/eclipse/dropins/xsd-sdk/eclipse/features/org.eclipse.xsd.source_2.6.0.v200906151043", "size_i": "4096", "regex": "false"},
	{"name_s": "/usr/share/eclipse/dropins/xsd-sdk/eclipse/features/org.eclipse.xsd.source_2.6.0.v200906151043/eclipse_update_120.jpg", "size_i": "21695", "regex": "false"},
	{"name_s": "/usr/share/eclipse/dropins/xsd-sdk/eclipse/features/org.eclipse.xsd.source_2.6.0.v200906151043/epl-v10.html", "size_i": "15551", "regex": "false"},
	{"name_s": "/usr/share/eclipse/dropins/xsd-sdk/eclipse/features/org.eclipse.xsd.source_2.6.0.v200906151043/feature.properties", "size_i": "9315", "regex": "false"},
	{"name_s": "/usr/share/eclipse/dropins/xsd-sdk/eclipse/features/org.eclipse.xsd.source_2.6.0.v200906151043/feature.xml", "size_i": "1569", "regex": "false"},
	{"name_s": "/usr/share/eclipse/dropins/xsd-sdk/eclipse/features/org.eclipse.xsd.source_2.6.0.v200906151043/license.html", "size_i": "9051", "regex": "false"},
	{"name_s": "/usr/share/eclipse/dropins/xsd-sdk/eclipse/notice.html", "size_i": "9051", "regex": "false"},
	{"name_s": "/usr/share/eclipse/dropins/xsd-sdk/eclipse/plugins", "size_i": "4096", "regex": "false"},
	{"name_s": "/usr/share/eclipse/dropins/xsd-sdk/eclipse/plugins/org.eclipse.emf.mapping.xsd2ecore.editor.source_2.6.0.v200906151043.jar", "size_i": "6352", "regex": "false"},
	{"name_s": "/usr/share/eclipse/dropins/xsd-sdk/eclipse/plugins/org.eclipse.emf.mapping.xsd2ecore.source_2.5.0.v200906151043.jar", "size_i": "19422", "regex": "false"},
	{"name_s": "/usr/share/eclipse/dropins/xsd-sdk/eclipse/plugins/org.eclipse.xsd.cheatsheets.source_2.6.0.v200906151043.jar", "size_i": "1436", "regex": "false"},
	{"name_s": "/usr/share/eclipse/dropins/xsd-sdk/eclipse/plugins/org.eclipse.xsd.cheatsheets_2.6.0.v200906151043.jar", "size_i": "3921", "regex": "false"},
	{"name_s": "/usr/share/eclipse/dropins/xsd-sdk/eclipse/plugins/org.eclipse.xsd.doc.source_2.6.0.v200906151043.jar", "size_i": "637", "regex": "false"},
	{"name_s": "/usr/share/eclipse/dropins/xsd-sdk/eclipse/plugins/org.eclipse.xsd.doc_2.6.0.v200906151043.jar", "size_i": "1759555", "regex": "false"},
	{"name_s": "/usr/share/eclipse/dropins/xsd-sdk/eclipse/plugins/org.eclipse.xsd.ecore.exporter.source_2.5.0.v200906151043.jar", "size_i": "7589", "regex": "false"},
	{"name_s": "/usr/share/eclipse/dropins/xsd-sdk/eclipse/plugins/org.eclipse.xsd.ecore.importer.source_2.6.0.v200906151043.jar", "size_i": "19260", "regex": "false"},
	{"name_s": "/usr/share/eclipse/dropins/xsd-sdk/eclipse/plugins/org.eclipse.xsd.edit.source_2.6.0.v200906151043.jar", "size_i": "102497", "regex": "false"},
	{"name_s": "/usr/share/eclipse/dropins/xsd-sdk/eclipse/plugins/org.eclipse.xsd.editor.source_2.6.0.v200906151043.jar", "size_i": "25406", "regex": "false"},
	{"name_s": "/usr/share/eclipse/dropins/xsd-sdk/eclipse/plugins/org.eclipse.xsd.example.installer_1.1.0.v200906151043.jar", "size_i": "59263", "regex": "false"},
	{"name_s": "/usr/share/eclipse/dropins/xsd-sdk/eclipse/plugins/org.eclipse.xsd.mapping.editor.source_2.6.0.v200906151043.jar", "size_i": "648", "regex": "false"},
	{"name_s": "/usr/share/eclipse/dropins/xsd-sdk/eclipse/plugins/org.eclipse.xsd.mapping.source_2.6.0.v200906151043.jar", "size_i": "640", "regex": "false"},
	{"name_s": "/usr/share/eclipse/dropins/xsd-sdk/eclipse/plugins/org.eclipse.xsd.source_2.6.0.v200906151043.jar", "size_i": "502895", "regex": "false"}
]
