[
	{"name_s": "/etc/gconf/schemas/ekiga.schemas", "size_i": "43073", "regex": "false"},
	{"name_s": "/usr/bin/ekiga", "size_i": "2525544", "regex": "false"},
	{"name_s": "/usr/bin/ekiga-config-tool", "size_i": "3399", "regex": "false"},
	{"name_s": "/usr/bin/ekiga-helper", "size_i": "9552", "regex": "false"},
	{"name_s": "/usr/share/applications/gnome-ekiga.desktop", "size_i": "12486", "regex": "false"},
	{"name_s": "/usr/share/dbus-1/services/org.ekiga.Ekiga.service", "size_i": "57", "regex": "false"},
	{"name_s": "/usr/share/dbus-1/services/org.ekiga.Helper.service", "size_i": "65", "regex": "false"},
	{"name_s": "/usr/share/doc/ekiga-3.2.6", "size_i": "4096", "regex": "false"},
	{"name_s": "/usr/share/doc/ekiga-3.2.6/AUTHORS", "size_i": "2760", "regex": "false"},
	{"name_s": "/usr/share/doc/ekiga-3.2.6/COPYING", "size_i": "17992", "regex": "false"},
	{"name_s": "/usr/share/doc/ekiga-3.2.6/FAQ", "size_i": "70", "regex": "false"},
	{"name_s": "/usr/share/doc/ekiga-3.2.6/NEWS", "size_i": "18818", "regex": "false"},
	{"name_s": "/usr/share/gnome/help/ekiga", "size_i": "4096", "regex": "false"},
	{"name_s": "/usr/share/gnome/help/ekiga/C", "size_i": "4096", "regex": "false"},
	{"name_s": "/usr/share/gnome/help/ekiga/C/ekiga.xml", "size_i": "46934", "regex": "false"},
	{"name_s": "/usr/share/gnome/help/ekiga/C/figures", "size_i": "4096", "regex": "false"},
	{"name_s": "/usr/share/gnome/help/ekiga/C/figures/accounts_d1.png", "size_i": "13662", "regex": "false"},
	{"name_s": "/usr/share/gnome/help/ekiga/C/figures/accounts_h323.png", "size_i": "17772", "regex": "false"},
	{"name_s": "/usr/share/gnome/help/ekiga/C/figures/accounts_sip.png", "size_i": "19391", "regex": "false"},
	{"name_s": "/usr/share/gnome/help/ekiga/C/figures/audio_codecs.png", "size_i": "42793", "regex": "false"},
	{"name_s": "/usr/share/gnome/help/ekiga/C/figures/call_d1.png", "size_i": "85704", "regex": "false"},
	{"name_s": "/usr/share/gnome/help/ekiga/C/figures/config_d1.png", "size_i": "26955", "regex": "false"},
	{"name_s": "/usr/share/gnome/help/ekiga/C/figures/config_d2.png", "size_i": "29206", "regex": "false"},
	{"name_s": "/usr/share/gnome/help/ekiga/C/figures/config_d3.png", "size_i": "44175", "regex": "false"},
	{"name_s": "/usr/share/gnome/help/ekiga/C/figures/config_d4.png", "size_i": "47213", "regex": "false"},
	{"name_s": "/usr/share/gnome/help/ekiga/C/figures/config_d5.png", "size_i": "32241", "regex": "false"},
	{"name_s": "/usr/share/gnome/help/ekiga/C/figures/config_d6.png", "size_i": "45145", "regex": "false"},
	{"name_s": "/usr/share/gnome/help/ekiga/C/figures/config_d7.png", "size_i": "27512", "regex": "false"},
	{"name_s": "/usr/share/gnome/help/ekiga/C/figures/config_d8.png", "size_i": "42438", "regex": "false"},
	{"name_s": "/usr/share/gnome/help/ekiga/C/figures/lumi.png", "size_i": "7369", "regex": "false"},
	{"name_s": "/usr/share/gnome/help/ekiga/bg", "size_i": "4096", "regex": "false"},
	{"name_s": "/usr/share/gnome/help/ekiga/bg/ekiga.xml", "size_i": "48575", "regex": "false"},
	{"name_s": "/usr/share/gnome/help/ekiga/bg/figures", "size_i": "4096", "regex": "false"},
	{"name_s": "/usr/share/gnome/help/ekiga/bg/figures/accounts_d1.png", "size_i": "22401", "regex": "false"},
	{"name_s": "/usr/share/gnome/help/ekiga/bg/figures/accounts_h323.png", "size_i": "29232", "regex": "false"},
	{"name_s": "/usr/share/gnome/help/ekiga/bg/figures/accounts_sip.png", "size_i": "28050", "regex": "false"},
	{"name_s": "/usr/share/gnome/help/ekiga/bg/figures/audio_codecs.png", "size_i": "80733", "regex": "false"},
	{"name_s": "/usr/share/gnome/help/ekiga/bg/figures/call_d1.png", "size_i": "39044", "regex": "false"},
	{"name_s": "/usr/share/gnome/help/ekiga/bg/figures/config_d1.png", "size_i": "44812", "regex": "false"},
	{"name_s": "/usr/share/gnome/help/ekiga/bg/figures/config_d2.png", "size_i": "38820", "regex": "false"},
	{"name_s": "/usr/share/gnome/help/ekiga/bg/figures/config_d3.png", "size_i": "67770", "regex": "false"},
	{"name_s": "/usr/share/gnome/help/ekiga/bg/figures/config_d4.png", "size_i": "47013", "regex": "false"},
	{"name_s": "/usr/share/gnome/help/ekiga/bg/figures/config_d5.png", "size_i": "41347", "regex": "false"},
	{"name_s": "/usr/share/gnome/help/ekiga/bg/figures/config_d6.png", "size_i": "42470", "regex": "false"},
	{"name_s": "/usr/share/gnome/help/ekiga/bg/figures/config_d7.png", "size_i": "65503", "regex": "false"},
	{"name_s": "/usr/share/gnome/help/ekiga/bg/figures/config_d8.png", "size_i": "44967", "regex": "false"},
	{"name_s": "/usr/share/gnome/help/ekiga/bg/figures/lumi.png", "size_i": "24", "regex": "false"},
	{"name_s": "/usr/share/gnome/help/ekiga/ca", "size_i": "4096", "regex": "false"},
	{"name_s": "/usr/share/gnome/help/ekiga/ca/ekiga.xml", "size_i": "52122", "regex": "false"},
	{"name_s": "/usr/share/gnome/help/ekiga/ca/figures", "size_i": "4096", "regex": "false"},
	{"name_s": "/usr/share/gnome/help/ekiga/ca/figures/accounts_d1.png", "size_i": "31", "regex": "false"},
	{"name_s": "/usr/share/gnome/help/ekiga/ca/figures/accounts_h323.png", "size_i": "33", "regex": "false"},
	{"name_s": "/usr/share/gnome/help/ekiga/ca/figures/accounts_sip.png", "size_i": "32", "regex": "false"},
	{"name_s": "/usr/share/gnome/help/ekiga/ca/figures/audio_codecs.png", "size_i": "32", "regex": "false"},
	{"name_s": "/usr/share/gnome/help/ekiga/ca/figures/call_d1.png", "size_i": "27", "regex": "false"},
	{"name_s": "/usr/share/gnome/help/ekiga/ca/figures/config_d1.png", "size_i": "29", "regex": "false"},
	{"name_s": "/usr/share/gnome/help/ekiga/ca/figures/config_d2.png", "size_i": "29", "regex": "false"},
	{"name_s": "/usr/share/gnome/help/ekiga/ca/figures/config_d3.png", "size_i": "29", "regex": "false"},
	{"name_s": "/usr/share/gnome/help/ekiga/ca/figures/config_d4.png", "size_i": "29", "regex": "false"},
	{"name_s": "/usr/share/gnome/help/ekiga/ca/figures/config_d5.png", "size_i": "29", "regex": "false"},
	{"name_s": "/usr/share/gnome/help/ekiga/ca/figures/config_d6.png", "size_i": "29", "regex": "false"},
	{"name_s": "/usr/share/gnome/help/ekiga/ca/figures/config_d7.png", "size_i": "29", "regex": "false"},
	{"name_s": "/usr/share/gnome/help/ekiga/ca/figures/config_d8.png", "size_i": "29", "regex": "false"},
	{"name_s": "/usr/share/gnome/help/ekiga/ca/figures/lumi.png", "size_i": "24", "regex": "false"},
	{"name_s": "/usr/share/gnome/help/ekiga/de", "size_i": "4096", "regex": "false"},
	{"name_s": "/usr/share/gnome/help/ekiga/de/ekiga.xml", "size_i": "56277", "regex": "false"},
	{"name_s": "/usr/share/gnome/help/ekiga/de/figures", "size_i": "4096", "regex": "false"},
	{"name_s": "/usr/share/gnome/help/ekiga/de/figures/accounts_d1.png", "size_i": "18056", "regex": "false"},
	{"name_s": "/usr/share/gnome/help/ekiga/de/figures/accounts_h323.png", "size_i": "27759", "regex": "false"},
	{"name_s": "/usr/share/gnome/help/ekiga/de/figures/accounts_sip.png", "size_i": "31077", "regex": "false"},
	{"name_s": "/usr/share/gnome/help/ekiga/de/figures/audio_codecs.png", "size_i": "56550", "regex": "false"},
	{"name_s": "/usr/share/gnome/help/ekiga/de/figures/call_d1.png", "size_i": "27", "regex": "false"},
	{"name_s": "/usr/share/gnome/help/ekiga/de/figures/config_d1.png", "size_i": "39842", "regex": "false"},
	{"name_s": "/usr/share/gnome/help/ekiga/de/figures/config_d2.png", "size_i": "37822", "regex": "false"},
	{"name_s": "/usr/share/gnome/help/ekiga/de/figures/config_d3.png", "size_i": "66282", "regex": "false"},
	{"name_s": "/usr/share/gnome/help/ekiga/de/figures/config_d4.png", "size_i": "73199", "regex": "false"},
	{"name_s": "/usr/share/gnome/help/ekiga/de/figures/config_d5.png", "size_i": "47178", "regex": "false"},
	{"name_s": "/usr/share/gnome/help/ekiga/de/figures/config_d6.png", "size_i": "71359", "regex": "false"},
	{"name_s": "/usr/share/gnome/help/ekiga/de/figures/config_d7.png", "size_i": "41304", "regex": "false"},
	{"name_s": "/usr/share/gnome/help/ekiga/de/figures/config_d8.png", "size_i": "63788", "regex": "false"},
	{"name_s": "/usr/share/gnome/help/ekiga/de/figures/lumi.png", "size_i": "24", "regex": "false"},
	{"name_s": "/usr/share/gnome/help/ekiga/el", "size_i": "4096", "regex": "false"},
	{"name_s": "/usr/share/gnome/help/ekiga/el/ekiga.xml", "size_i": "86173", "regex": "false"},
	{"name_s": "/usr/share/gnome/help/ekiga/el/figures", "size_i": "4096", "regex": "false"},
	{"name_s": "/usr/share/gnome/help/ekiga/el/figures/accounts_d1.png", "size_i": "31", "regex": "false"},
	{"name_s": "/usr/share/gnome/help/ekiga/el/figures/accounts_h323.png", "size_i": "33", "regex": "false"},
	{"name_s": "/usr/share/gnome/help/ekiga/el/figures/accounts_sip.png", "size_i": "32", "regex": "false"},
	{"name_s": "/usr/share/gnome/help/ekiga/el/figures/audio_codecs.png", "size_i": "32", "regex": "false"},
	{"name_s": "/usr/share/gnome/help/ekiga/el/figures/call_d1.png", "size_i": "27", "regex": "false"},
	{"name_s": "/usr/share/gnome/help/ekiga/el/figures/config_d1.png", "size_i": "29", "regex": "false"},
	{"name_s": "/usr/share/gnome/help/ekiga/el/figures/config_d2.png", "size_i": "29", "regex": "false"},
	{"name_s": "/usr/share/gnome/help/ekiga/el/figures/config_d3.png", "size_i": "29", "regex": "false"},
	{"name_s": "/usr/share/gnome/help/ekiga/el/figures/config_d4.png", "size_i": "29", "regex": "false"},
	{"name_s": "/usr/share/gnome/help/ekiga/el/figures/config_d5.png", "size_i": "29", "regex": "false"},
	{"name_s": "/usr/share/gnome/help/ekiga/el/figures/config_d6.png", "size_i": "29", "regex": "false"},
	{"name_s": "/usr/share/gnome/help/ekiga/el/figures/config_d7.png", "size_i": "29", "regex": "false"},
	{"name_s": "/usr/share/gnome/help/ekiga/el/figures/config_d8.png", "size_i": "29", "regex": "false"},
	{"name_s": "/usr/share/gnome/help/ekiga/el/figures/lumi.png", "size_i": "24", "regex": "false"},
	{"name_s": "/usr/share/gnome/help/ekiga/en_GB", "size_i": "4096", "regex": "false"},
	{"name_s": "/usr/share/gnome/help/ekiga/en_GB/ekiga.xml", "size_i": "49903", "regex": "false"},
	{"name_s": "/usr/share/gnome/help/ekiga/en_GB/figures", "size_i": "4096", "regex": "false"},
	{"name_s": "/usr/share/gnome/help/ekiga/en_GB/figures/accounts_d1.png", "size_i": "31", "regex": "false"},
	{"name_s": "/usr/share/gnome/help/ekiga/en_GB/figures/accounts_h323.png", "size_i": "33", "regex": "false"},
	{"name_s": "/usr/share/gnome/help/ekiga/en_GB/figures/accounts_sip.png", "size_i": "32", "regex": "false"},
	{"name_s": "/usr/share/gnome/help/ekiga/en_GB/figures/audio_codecs.png", "size_i": "32", "regex": "false"},
	{"name_s": "/usr/share/gnome/help/ekiga/en_GB/figures/call_d1.png", "size_i": "27", "regex": "false"},
	{"name_s": "/usr/share/gnome/help/ekiga/en_GB/figures/config_d1.png", "size_i": "29", "regex": "false"},
	{"name_s": "/usr/share/gnome/help/ekiga/en_GB/figures/config_d2.png", "size_i": "29", "regex": "false"},
	{"name_s": "/usr/share/gnome/help/ekiga/en_GB/figures/config_d3.png", "size_i": "29", "regex": "false"},
	{"name_s": "/usr/share/gnome/help/ekiga/en_GB/figures/config_d4.png", "size_i": "29", "regex": "false"},
	{"name_s": "/usr/share/gnome/help/ekiga/en_GB/figures/config_d5.png", "size_i": "29", "regex": "false"},
	{"name_s": "/usr/share/gnome/help/ekiga/en_GB/figures/config_d6.png", "size_i": "29", "regex": "false"},
	{"name_s": "/usr/share/gnome/help/ekiga/en_GB/figures/config_d7.png", "size_i": "29", "regex": "false"},
	{"name_s": "/usr/share/gnome/help/ekiga/en_GB/figures/config_d8.png", "size_i": "29", "regex": "false"},
	{"name_s": "/usr/share/gnome/help/ekiga/en_GB/figures/lumi.png", "size_i": "24", "regex": "false"},
	{"name_s": "/usr/share/gnome/help/ekiga/es", "size_i": "4096", "regex": "false"},
	{"name_s": "/usr/share/gnome/help/ekiga/es/ekiga.xml", "size_i": "51014", "regex": "false"},
	{"name_s": "/usr/share/gnome/help/ekiga/es/figures", "size_i": "4096", "regex": "false"},
	{"name_s": "/usr/share/gnome/help/ekiga/es/figures/accounts_d1.png", "size_i": "32655", "regex": "false"},
	{"name_s": "/usr/share/gnome/help/ekiga/es/figures/accounts_h323.png", "size_i": "25494", "regex": "false"},
	{"name_s": "/usr/share/gnome/help/ekiga/es/figures/accounts_sip.png", "size_i": "24566", "regex": "false"},
	{"name_s": "/usr/share/gnome/help/ekiga/es/figures/audio_codecs.png", "size_i": "80946", "regex": "false"},
	{"name_s": "/usr/share/gnome/help/ekiga/es/figures/call_d1.png", "size_i": "33450", "regex": "false"},
	{"name_s": "/usr/share/gnome/help/ekiga/es/figures/config_d1.png", "size_i": "32861", "regex": "false"},
	{"name_s": "/usr/share/gnome/help/ekiga/es/figures/config_d2.png", "size_i": "31945", "regex": "false"},
	{"name_s": "/usr/share/gnome/help/ekiga/es/figures/config_d3.png", "size_i": "49140", "regex": "false"},
	{"name_s": "/usr/share/gnome/help/ekiga/es/figures/config_d4.png", "size_i": "33108", "regex": "false"},
	{"name_s": "/usr/share/gnome/help/ekiga/es/figures/config_d5.png", "size_i": "32508", "regex": "false"},
	{"name_s": "/usr/share/gnome/help/ekiga/es/figures/config_d6.png", "size_i": "31397", "regex": "false"},
	{"name_s": "/usr/share/gnome/help/ekiga/es/figures/config_d7.png", "size_i": "43318", "regex": "false"},
	{"name_s": "/usr/share/gnome/help/ekiga/es/figures/config_d8.png", "size_i": "35142", "regex": "false"},
	{"name_s": "/usr/share/gnome/help/ekiga/es/figures/lumi.png", "size_i": "24", "regex": "false"},
	{"name_s": "/usr/share/gnome/help/ekiga/eu", "size_i": "4096", "regex": "false"},
	{"name_s": "/usr/share/gnome/help/ekiga/eu/ekiga.xml", "size_i": "47206", "regex": "false"},
	{"name_s": "/usr/share/gnome/help/ekiga/eu/figures", "size_i": "4096", "regex": "false"},
	{"name_s": "/usr/share/gnome/help/ekiga/eu/figures/accounts_d1.png", "size_i": "20473", "regex": "false"},
	{"name_s": "/usr/share/gnome/help/ekiga/eu/figures/accounts_h323.png", "size_i": "19987", "regex": "false"},
	{"name_s": "/usr/share/gnome/help/ekiga/eu/figures/accounts_sip.png", "size_i": "19077", "regex": "false"},
	{"name_s": "/usr/share/gnome/help/ekiga/eu/figures/audio_codecs.png", "size_i": "91898", "regex": "false"},
	{"name_s": "/usr/share/gnome/help/ekiga/eu/figures/call_d1.png", "size_i": "25270", "regex": "false"},
	{"name_s": "/usr/share/gnome/help/ekiga/eu/figures/config_d1.png", "size_i": "21436", "regex": "false"},
	{"name_s": "/usr/share/gnome/help/ekiga/eu/figures/config_d2.png", "size_i": "21955", "regex": "false"},
	{"name_s": "/usr/share/gnome/help/ekiga/eu/figures/config_d3.png", "size_i": "34809", "regex": "false"},
	{"name_s": "/usr/share/gnome/help/ekiga/eu/figures/config_d4.png", "size_i": "24127", "regex": "false"},
	{"name_s": "/usr/share/gnome/help/ekiga/eu/figures/config_d5.png", "size_i": "23266", "regex": "false"},
	{"name_s": "/usr/share/gnome/help/ekiga/eu/figures/config_d6.png", "size_i": "22288", "regex": "false"},
	{"name_s": "/usr/share/gnome/help/ekiga/eu/figures/config_d7.png", "size_i": "29933", "regex": "false"},
	{"name_s": "/usr/share/gnome/help/ekiga/eu/figures/config_d8.png", "size_i": "22854", "regex": "false"},
	{"name_s": "/usr/share/gnome/help/ekiga/eu/figures/lumi.png", "size_i": "24", "regex": "false"},
	{"name_s": "/usr/share/gnome/help/ekiga/fi", "size_i": "4096", "regex": "false"},
	{"name_s": "/usr/share/gnome/help/ekiga/fi/ekiga.xml", "size_i": "47149", "regex": "false"},
	{"name_s": "/usr/share/gnome/help/ekiga/fi/figures", "size_i": "4096", "regex": "false"},
	{"name_s": "/usr/share/gnome/help/ekiga/fi/figures/accounts_d1.png", "size_i": "23784", "regex": "false"},
	{"name_s": "/usr/share/gnome/help/ekiga/fi/figures/accounts_h323.png", "size_i": "13741", "regex": "false"},
	{"name_s": "/usr/share/gnome/help/ekiga/fi/figures/accounts_sip.png", "size_i": "12826", "regex": "false"},
	{"name_s": "/usr/share/gnome/help/ekiga/fi/figures/audio_codecs.png", "size_i": "44158", "regex": "false"},
	{"name_s": "/usr/share/gnome/help/ekiga/fi/figures/call_d1.png", "size_i": "20521", "regex": "false"},
	{"name_s": "/usr/share/gnome/help/ekiga/fi/figures/config_d1.png", "size_i": "18669", "regex": "false"},
	{"name_s": "/usr/share/gnome/help/ekiga/fi/figures/config_d2.png", "size_i": "18294", "regex": "false"},
	{"name_s": "/usr/share/gnome/help/ekiga/fi/figures/config_d3.png", "size_i": "28382", "regex": "false"},
	{"name_s": "/usr/share/gnome/help/ekiga/fi/figures/config_d4.png", "size_i": "20218", "regex": "false"},
	{"name_s": "/usr/share/gnome/help/ekiga/fi/figures/config_d5.png", "size_i": "18588", "regex": "false"},
	{"name_s": "/usr/share/gnome/help/ekiga/fi/figures/config_d6.png", "size_i": "18724", "regex": "false"},
	{"name_s": "/usr/share/gnome/help/ekiga/fi/figures/config_d7.png", "size_i": "25066", "regex": "false"},
	{"name_s": "/usr/share/gnome/help/ekiga/fi/figures/config_d8.png", "size_i": "19279", "regex": "false"},
	{"name_s": "/usr/share/gnome/help/ekiga/fi/figures/lumi.png", "size_i": "24", "regex": "false"},
	{"name_s": "/usr/share/gnome/help/ekiga/fr", "size_i": "4096", "regex": "false"},
	{"name_s": "/usr/share/gnome/help/ekiga/fr/ekiga.xml", "size_i": "51524", "regex": "false"},
	{"name_s": "/usr/share/gnome/help/ekiga/fr/figures", "size_i": "4096", "regex": "false"},
	{"name_s": "/usr/share/gnome/help/ekiga/fr/figures/accounts_d1.png", "size_i": "13670", "regex": "false"},
	{"name_s": "/usr/share/gnome/help/ekiga/fr/figures/accounts_h323.png", "size_i": "20089", "regex": "false"},
	{"name_s": "/usr/share/gnome/help/ekiga/fr/figures/accounts_sip.png", "size_i": "24370", "regex": "false"},
	{"name_s": "/usr/share/gnome/help/ekiga/fr/figures/audio_codecs.png", "size_i": "46461", "regex": "false"},
	{"name_s": "/usr/share/gnome/help/ekiga/fr/figures/call_d1.png", "size_i": "86330", "regex": "false"},
	{"name_s": "/usr/share/gnome/help/ekiga/fr/figures/config_d1.png", "size_i": "29111", "regex": "false"},
	{"name_s": "/usr/share/gnome/help/ekiga/fr/figures/config_d2.png", "size_i": "29024", "regex": "false"},
	{"name_s": "/usr/share/gnome/help/ekiga/fr/figures/config_d3.png", "size_i": "44127", "regex": "false"},
	{"name_s": "/usr/share/gnome/help/ekiga/fr/figures/config_d4.png", "size_i": "49011", "regex": "false"},
	{"name_s": "/usr/share/gnome/help/ekiga/fr/figures/config_d5.png", "size_i": "35525", "regex": "false"},
	{"name_s": "/usr/share/gnome/help/ekiga/fr/figures/config_d6.png", "size_i": "48079", "regex": "false"},
	{"name_s": "/usr/share/gnome/help/ekiga/fr/figures/config_d7.png", "size_i": "31705", "regex": "false"},
	{"name_s": "/usr/share/gnome/help/ekiga/fr/figures/config_d8.png", "size_i": "46569", "regex": "false"},
	{"name_s": "/usr/share/gnome/help/ekiga/fr/figures/lumi.png", "size_i": "24", "regex": "false"},
	{"name_s": "/usr/share/gnome/help/ekiga/oc", "size_i": "4096", "regex": "false"},
	{"name_s": "/usr/share/gnome/help/ekiga/oc/ekiga.xml", "size_i": "46868", "regex": "false"},
	{"name_s": "/usr/share/gnome/help/ekiga/oc/figures", "size_i": "4096", "regex": "false"},
	{"name_s": "/usr/share/gnome/help/ekiga/oc/figures/accounts_d1.png", "size_i": "31", "regex": "false"},
	{"name_s": "/usr/share/gnome/help/ekiga/oc/figures/accounts_h323.png", "size_i": "33", "regex": "false"},
	{"name_s": "/usr/share/gnome/help/ekiga/oc/figures/accounts_sip.png", "size_i": "32", "regex": "false"},
	{"name_s": "/usr/share/gnome/help/ekiga/oc/figures/audio_codecs.png", "size_i": "32", "regex": "false"},
	{"name_s": "/usr/share/gnome/help/ekiga/oc/figures/call_d1.png", "size_i": "27", "regex": "false"},
	{"name_s": "/usr/share/gnome/help/ekiga/oc/figures/config_d1.png", "size_i": "29", "regex": "false"},
	{"name_s": "/usr/share/gnome/help/ekiga/oc/figures/config_d2.png", "size_i": "29", "regex": "false"},
	{"name_s": "/usr/share/gnome/help/ekiga/oc/figures/config_d3.png", "size_i": "29", "regex": "false"},
	{"name_s": "/usr/share/gnome/help/ekiga/oc/figures/config_d4.png", "size_i": "29", "regex": "false"},
	{"name_s": "/usr/share/gnome/help/ekiga/oc/figures/config_d5.png", "size_i": "29", "regex": "false"},
	{"name_s": "/usr/share/gnome/help/ekiga/oc/figures/config_d6.png", "size_i": "29", "regex": "false"},
	{"name_s": "/usr/share/gnome/help/ekiga/oc/figures/config_d7.png", "size_i": "29", "regex": "false"},
	{"name_s": "/usr/share/gnome/help/ekiga/oc/figures/config_d8.png", "size_i": "29", "regex": "false"},
	{"name_s": "/usr/share/gnome/help/ekiga/oc/figures/lumi.png", "size_i": "24", "regex": "false"},
	{"name_s": "/usr/share/gnome/help/ekiga/pt_BR", "size_i": "4096", "regex": "false"},
	{"name_s": "/usr/share/gnome/help/ekiga/pt_BR/ekiga.xml", "size_i": "48386", "regex": "false"},
	{"name_s": "/usr/share/gnome/help/ekiga/pt_BR/figures", "size_i": "4096", "regex": "false"},
	{"name_s": "/usr/share/gnome/help/ekiga/pt_BR/figures/accounts_d1.png", "size_i": "25419", "regex": "false"},
	{"name_s": "/usr/share/gnome/help/ekiga/pt_BR/figures/accounts_h323.png", "size_i": "22451", "regex": "false"},
	{"name_s": "/usr/share/gnome/help/ekiga/pt_BR/figures/accounts_sip.png", "size_i": "22401", "regex": "false"},
	{"name_s": "/usr/share/gnome/help/ekiga/pt_BR/figures/audio_codecs.png", "size_i": "69135", "regex": "false"},
	{"name_s": "/usr/share/gnome/help/ekiga/pt_BR/figures/call_d1.png", "size_i": "30011", "regex": "false"},
	{"name_s": "/usr/share/gnome/help/ekiga/pt_BR/figures/config_d1.png", "size_i": "39664", "regex": "false"},
	{"name_s": "/usr/share/gnome/help/ekiga/pt_BR/figures/config_d2.png", "size_i": "32953", "regex": "false"},
	{"name_s": "/usr/share/gnome/help/ekiga/pt_BR/figures/config_d3.png", "size_i": "66464", "regex": "false"},
	{"name_s": "/usr/share/gnome/help/ekiga/pt_BR/figures/config_d4.png", "size_i": "40797", "regex": "false"},
	{"name_s": "/usr/share/gnome/help/ekiga/pt_BR/figures/config_d5.png", "size_i": "30707", "regex": "false"},
	{"name_s": "/usr/share/gnome/help/ekiga/pt_BR/figures/config_d6.png", "size_i": "34401", "regex": "false"},
	{"name_s": "/usr/share/gnome/help/ekiga/pt_BR/figures/config_d7.png", "size_i": "52590", "regex": "false"},
	{"name_s": "/usr/share/gnome/help/ekiga/pt_BR/figures/config_d8.png", "size_i": "35297", "regex": "false"},
	{"name_s": "/usr/share/gnome/help/ekiga/pt_BR/figures/lumi.png", "size_i": "24", "regex": "false"},
	{"name_s": "/usr/share/gnome/help/ekiga/ru", "size_i": "4096", "regex": "false"},
	{"name_s": "/usr/share/gnome/help/ekiga/ru/ekiga.xml", "size_i": "54043", "regex": "false"},
	{"name_s": "/usr/share/gnome/help/ekiga/ru/figures", "size_i": "4096", "regex": "false"},
	{"name_s": "/usr/share/gnome/help/ekiga/ru/figures/accounts_d1.png", "size_i": "31", "regex": "false"},
	{"name_s": "/usr/share/gnome/help/ekiga/ru/figures/accounts_h323.png", "size_i": "33", "regex": "false"},
	{"name_s": "/usr/share/gnome/help/ekiga/ru/figures/accounts_sip.png", "size_i": "32", "regex": "false"},
	{"name_s": "/usr/share/gnome/help/ekiga/ru/figures/audio_codecs.png", "size_i": "32", "regex": "false"},
	{"name_s": "/usr/share/gnome/help/ekiga/ru/figures/call_d1.png", "size_i": "27", "regex": "false"},
	{"name_s": "/usr/share/gnome/help/ekiga/ru/figures/config_d1.png", "size_i": "29", "regex": "false"},
	{"name_s": "/usr/share/gnome/help/ekiga/ru/figures/config_d2.png", "size_i": "29", "regex": "false"},
	{"name_s": "/usr/share/gnome/help/ekiga/ru/figures/config_d3.png", "size_i": "29", "regex": "false"},
	{"name_s": "/usr/share/gnome/help/ekiga/ru/figures/config_d4.png", "size_i": "29", "regex": "false"},
	{"name_s": "/usr/share/gnome/help/ekiga/ru/figures/config_d5.png", "size_i": "29", "regex": "false"},
	{"name_s": "/usr/share/gnome/help/ekiga/ru/figures/config_d6.png", "size_i": "29", "regex": "false"},
	{"name_s": "/usr/share/gnome/help/ekiga/ru/figures/config_d7.png", "size_i": "29", "regex": "false"},
	{"name_s": "/usr/share/gnome/help/ekiga/ru/figures/config_d8.png", "size_i": "29", "regex": "false"},
	{"name_s": "/usr/share/gnome/help/ekiga/ru/figures/lumi.png", "size_i": "24", "regex": "false"},
	{"name_s": "/usr/share/gnome/help/ekiga/sv", "size_i": "4096", "regex": "false"},
	{"name_s": "/usr/share/gnome/help/ekiga/sv/ekiga.xml", "size_i": "48398", "regex": "false"},
	{"name_s": "/usr/share/gnome/help/ekiga/sv/figures", "size_i": "4096", "regex": "false"},
	{"name_s": "/usr/share/gnome/help/ekiga/sv/figures/accounts_d1.png", "size_i": "20416", "regex": "false"},
	{"name_s": "/usr/share/gnome/help/ekiga/sv/figures/accounts_h323.png", "size_i": "29131", "regex": "false"},
	{"name_s": "/usr/share/gnome/help/ekiga/sv/figures/accounts_sip.png", "size_i": "33504", "regex": "false"},
	{"name_s": "/usr/share/gnome/help/ekiga/sv/figures/audio_codecs.png", "size_i": "64813", "regex": "false"},
	{"name_s": "/usr/share/gnome/help/ekiga/sv/figures/call_d1.png", "size_i": "50555", "regex": "false"},
	{"name_s": "/usr/share/gnome/help/ekiga/sv/figures/config_d1.png", "size_i": "38727", "regex": "false"},
	{"name_s": "/usr/share/gnome/help/ekiga/sv/figures/config_d2.png", "size_i": "38620", "regex": "false"},
	{"name_s": "/usr/share/gnome/help/ekiga/sv/figures/config_d3.png", "size_i": "69163", "regex": "false"},
	{"name_s": "/usr/share/gnome/help/ekiga/sv/figures/config_d4.png", "size_i": "71524", "regex": "false"},
	{"name_s": "/usr/share/gnome/help/ekiga/sv/figures/config_d5.png", "size_i": "49241", "regex": "false"},
	{"name_s": "/usr/share/gnome/help/ekiga/sv/figures/config_d6.png", "size_i": "67307", "regex": "false"},
	{"name_s": "/usr/share/gnome/help/ekiga/sv/figures/config_d7.png", "size_i": "39151", "regex": "false"},
	{"name_s": "/usr/share/gnome/help/ekiga/sv/figures/config_d8.png", "size_i": "63595", "regex": "false"},
	{"name_s": "/usr/share/gnome/help/ekiga/sv/figures/lumi.png", "size_i": "24", "regex": "false"},
	{"name_s": "/usr/share/gnome/help/ekiga/uk", "size_i": "4096", "regex": "false"},
	{"name_s": "/usr/share/gnome/help/ekiga/uk/ekiga.xml", "size_i": "53085", "regex": "false"},
	{"name_s": "/usr/share/gnome/help/ekiga/uk/figures", "size_i": "4096", "regex": "false"},
	{"name_s": "/usr/share/gnome/help/ekiga/uk/figures/accounts_d1.png", "size_i": "18726", "regex": "false"},
	{"name_s": "/usr/share/gnome/help/ekiga/uk/figures/accounts_h323.png", "size_i": "20550", "regex": "false"},
	{"name_s": "/usr/share/gnome/help/ekiga/uk/figures/accounts_sip.png", "size_i": "19595", "regex": "false"},
	{"name_s": "/usr/share/gnome/help/ekiga/uk/figures/audio_codecs.png", "size_i": "59595", "regex": "false"},
	{"name_s": "/usr/share/gnome/help/ekiga/uk/figures/call_d1.png", "size_i": "27072", "regex": "false"},
	{"name_s": "/usr/share/gnome/help/ekiga/uk/figures/config_d1.png", "size_i": "28068", "regex": "false"},
	{"name_s": "/usr/share/gnome/help/ekiga/uk/figures/config_d2.png", "size_i": "29649", "regex": "false"},
	{"name_s": "/usr/share/gnome/help/ekiga/uk/figures/config_d3.png", "size_i": "60747", "regex": "false"},
	{"name_s": "/usr/share/gnome/help/ekiga/uk/figures/config_d4.png", "size_i": "31096", "regex": "false"},
	{"name_s": "/usr/share/gnome/help/ekiga/uk/figures/config_d5.png", "size_i": "26821", "regex": "false"},
	{"name_s": "/usr/share/gnome/help/ekiga/uk/figures/config_d6.png", "size_i": "28191", "regex": "false"},
	{"name_s": "/usr/share/gnome/help/ekiga/uk/figures/config_d7.png", "size_i": "42401", "regex": "false"},
	{"name_s": "/usr/share/gnome/help/ekiga/uk/figures/config_d8.png", "size_i": "29230", "regex": "false"},
	{"name_s": "/usr/share/gnome/help/ekiga/uk/figures/lumi.png", "size_i": "24", "regex": "false"},
	{"name_s": "/usr/share/icons/hicolor/128x128/apps/ekiga.png", "size_i": "11034", "regex": "false"},
	{"name_s": "/usr/share/icons/hicolor/16x16/apps/ekiga.png", "size_i": "882", "regex": "false"},
	{"name_s": "/usr/share/icons/hicolor/22x22/apps/ekiga.png", "size_i": "1407", "regex": "false"},
	{"name_s": "/usr/share/icons/hicolor/32x32/apps/ekiga.png", "size_i": "2178", "regex": "false"},
	{"name_s": "/usr/share/icons/hicolor/48x48/apps/ekiga.png", "size_i": "3702", "regex": "false"},
	{"name_s": "/usr/share/icons/hicolor/64x64/apps/ekiga.png", "size_i": "4989", "regex": "false"},
	{"name_s": "/usr/share/icons/hicolor/72x72/apps/ekiga.png", "size_i": "4872", "regex": "false"},
	{"name_s": "/usr/share/locale/am/LC_MESSAGES/ekiga.mo", "size_i": "6658", "regex": "false"},
	{"name_s": "/usr/share/locale/ar/LC_MESSAGES/ekiga.mo", "size_i": "77396", "regex": "false"},
	{"name_s": "/usr/share/locale/as/LC_MESSAGES/ekiga.mo", "size_i": "97981", "regex": "false"},
	{"name_s": "/usr/share/locale/az/LC_MESSAGES/ekiga.mo", "size_i": "99476", "regex": "false"},
	{"name_s": "/usr/share/locale/be/LC_MESSAGES/ekiga.mo", "size_i": "94253", "regex": "false"},
	{"name_s": "/usr/share/locale/bg/LC_MESSAGES/ekiga.mo", "size_i": "89147", "regex": "false"},
	{"name_s": "/usr/share/locale/bn/LC_MESSAGES/ekiga.mo", "size_i": "107705", "regex": "false"},
	{"name_s": "/usr/share/locale/bn_IN/LC_MESSAGES/ekiga.mo", "size_i": "108960", "regex": "false"},
	{"name_s": "/usr/share/locale/bs/LC_MESSAGES/ekiga.mo", "size_i": "97938", "regex": "false"},
	{"name_s": "/usr/share/locale/ca/LC_MESSAGES/ekiga.mo", "size_i": "70007", "regex": "false"},
	{"name_s": "/usr/share/locale/ca@valencia/LC_MESSAGES/ekiga.mo", "size_i": "69773", "regex": "false"},
	{"name_s": "/usr/share/locale/crh/LC_MESSAGES/ekiga.mo", "size_i": "68798", "regex": "false"},
	{"name_s": "/usr/share/locale/cs/LC_MESSAGES/ekiga.mo", "size_i": "66866", "regex": "false"},
	{"name_s": "/usr/share/locale/cy/LC_MESSAGES/ekiga.mo", "size_i": "81995", "regex": "false"},
	{"name_s": "/usr/share/locale/da/LC_MESSAGES/ekiga.mo", "size_i": "65296", "regex": "false"},
	{"name_s": "/usr/share/locale/de/LC_MESSAGES/ekiga.mo", "size_i": "69549", "regex": "false"},
	{"name_s": "/usr/share/locale/dz/LC_MESSAGES/ekiga.mo", "size_i": "165916", "regex": "false"},
	{"name_s": "/usr/share/locale/el/LC_MESSAGES/ekiga.mo", "size_i": "91739", "regex": "false"},
	{"name_s": "/usr/share/locale/en_CA/LC_MESSAGES/ekiga.mo", "size_i": "78512", "regex": "false"},
	{"name_s": "/usr/share/locale/en_GB/LC_MESSAGES/ekiga.mo", "size_i": "63480", "regex": "false"},
	{"name_s": "/usr/share/locale/eo/LC_MESSAGES/ekiga.mo", "size_i": "77077", "regex": "false"},
	{"name_s": "/usr/share/locale/es/LC_MESSAGES/ekiga.mo", "size_i": "68419", "regex": "false"},
	{"name_s": "/usr/share/locale/et/LC_MESSAGES/ekiga.mo", "size_i": "45312", "regex": "false"},
	{"name_s": "/usr/share/locale/eu/LC_MESSAGES/ekiga.mo", "size_i": "66012", "regex": "false"},
	{"name_s": "/usr/share/locale/fa/LC_MESSAGES/ekiga.mo", "size_i": "98132", "regex": "false"},
	{"name_s": "/usr/share/locale/fi/LC_MESSAGES/ekiga.mo", "size_i": "65567", "regex": "false"},
	{"name_s": "/usr/share/locale/fr/LC_MESSAGES/ekiga.mo", "size_i": "70353", "regex": "false"},
	{"name_s": "/usr/share/locale/ga/LC_MESSAGES/ekiga.mo", "size_i": "13185", "regex": "false"},
	{"name_s": "/usr/share/locale/gl/LC_MESSAGES/ekiga.mo", "size_i": "68228", "regex": "false"},
	{"name_s": "/usr/share/locale/gu/LC_MESSAGES/ekiga.mo", "size_i": "99312", "regex": "false"},
	{"name_s": "/usr/share/locale/he/LC_MESSAGES/ekiga.mo", "size_i": "55150", "regex": "false"},
	{"name_s": "/usr/share/locale/hi/LC_MESSAGES/ekiga.mo", "size_i": "97576", "regex": "false"},
	{"name_s": "/usr/share/locale/hr/LC_MESSAGES/ekiga.mo", "size_i": "32758", "regex": "false"},
	{"name_s": "/usr/share/locale/hu/LC_MESSAGES/ekiga.mo", "size_i": "68436", "regex": "false"},
	{"name_s": "/usr/share/locale/id/LC_MESSAGES/ekiga.mo", "size_i": "96578", "regex": "false"},
	{"name_s": "/usr/share/locale/is/LC_MESSAGES/ekiga.mo", "size_i": "2634", "regex": "false"},
	{"name_s": "/usr/share/locale/it/LC_MESSAGES/ekiga.mo", "size_i": "68033", "regex": "false"},
	{"name_s": "/usr/share/locale/ja/LC_MESSAGES/ekiga.mo", "size_i": "75630", "regex": "false"},
	{"name_s": "/usr/share/locale/ka/LC_MESSAGES/ekiga.mo", "size_i": "51555", "regex": "false"},
	{"name_s": "/usr/share/locale/kn/LC_MESSAGES/ekiga.mo", "size_i": "110482", "regex": "false"},
	{"name_s": "/usr/share/locale/ko/LC_MESSAGES/ekiga.mo", "size_i": "69197", "regex": "false"},
	{"name_s": "/usr/share/locale/ku/LC_MESSAGES/ekiga.mo", "size_i": "1269", "regex": "false"},
	{"name_s": "/usr/share/locale/lt/LC_MESSAGES/ekiga.mo", "size_i": "65765", "regex": "false"},
	{"name_s": "/usr/share/locale/lv/LC_MESSAGES/ekiga.mo", "size_i": "80769", "regex": "false"},
	{"name_s": "/usr/share/locale/mai/LC_MESSAGES/ekiga.mo", "size_i": "33084", "regex": "false"},
	{"name_s": "/usr/share/locale/mk/LC_MESSAGES/ekiga.mo", "size_i": "108154", "regex": "false"},
	{"name_s": "/usr/share/locale/ml/LC_MESSAGES/ekiga.mo", "size_i": "109952", "regex": "false"},
	{"name_s": "/usr/share/locale/mn/LC_MESSAGES/ekiga.mo", "size_i": "124574", "regex": "false"},
	{"name_s": "/usr/share/locale/mr/LC_MESSAGES/ekiga.mo", "size_i": "97012", "regex": "false"},
	{"name_s": "/usr/share/locale/ms/LC_MESSAGES/ekiga.mo", "size_i": "45528", "regex": "false"},
	{"name_s": "/usr/share/locale/nb/LC_MESSAGES/ekiga.mo", "size_i": "60056", "regex": "false"},
	{"name_s": "/usr/share/locale/ne/LC_MESSAGES/ekiga.mo", "size_i": "129023", "regex": "false"},
	{"name_s": "/usr/share/locale/nl/LC_MESSAGES/ekiga.mo", "size_i": "68134", "regex": "false"},
	{"name_s": "/usr/share/locale/nn/LC_MESSAGES/ekiga.mo", "size_i": "62200", "regex": "false"},
	{"name_s": "/usr/share/locale/oc/LC_MESSAGES/ekiga.mo", "size_i": "4913", "regex": "false"},
	{"name_s": "/usr/share/locale/or/LC_MESSAGES/ekiga.mo", "size_i": "103465", "regex": "false"},
	{"name_s": "/usr/share/locale/pa/LC_MESSAGES/ekiga.mo", "size_i": "94745", "regex": "false"},
	{"name_s": "/usr/share/locale/pl/LC_MESSAGES/ekiga.mo", "size_i": "69145", "regex": "false"},
	{"name_s": "/usr/share/locale/pt/LC_MESSAGES/ekiga.mo", "size_i": "67869", "regex": "false"},
	{"name_s": "/usr/share/locale/pt_BR/LC_MESSAGES/ekiga.mo", "size_i": "68749", "regex": "false"},
	{"name_s": "/usr/share/locale/ro/LC_MESSAGES/ekiga.mo", "size_i": "67797", "regex": "false"},
	{"name_s": "/usr/share/locale/ru/LC_MESSAGES/ekiga.mo", "size_i": "86728", "regex": "false"},
	{"name_s": "/usr/share/locale/rw/LC_MESSAGES/ekiga.mo", "size_i": "2566", "regex": "false"},
	{"name_s": "/usr/share/locale/si/LC_MESSAGES/ekiga.mo", "size_i": "4087", "regex": "false"},
	{"name_s": "/usr/share/locale/sk/LC_MESSAGES/ekiga.mo", "size_i": "65168", "regex": "false"},
	{"name_s": "/usr/share/locale/sl/LC_MESSAGES/ekiga.mo", "size_i": "64897", "regex": "false"},
	{"name_s": "/usr/share/locale/sq/LC_MESSAGES/ekiga.mo", "size_i": "69835", "regex": "false"},
	{"name_s": "/usr/share/locale/sr/LC_MESSAGES/ekiga.mo", "size_i": "84626", "regex": "false"},
	{"name_s": "/usr/share/locale/sr@latin/LC_MESSAGES/ekiga.mo", "size_i": "65623", "regex": "false"},
	{"name_s": "/usr/share/locale/sv/LC_MESSAGES/ekiga.mo", "size_i": "66263", "regex": "false"},
	{"name_s": "/usr/share/locale/ta/LC_MESSAGES/ekiga.mo", "size_i": "109689", "regex": "false"},
	{"name_s": "/usr/share/locale/te/LC_MESSAGES/ekiga.mo", "size_i": "108530", "regex": "false"},
	{"name_s": "/usr/share/locale/th/LC_MESSAGES/ekiga.mo", "size_i": "100974", "regex": "false"},
	{"name_s": "/usr/share/locale/tr/LC_MESSAGES/ekiga.mo", "size_i": "63861", "regex": "false"},
	{"name_s": "/usr/share/locale/uk/LC_MESSAGES/ekiga.mo", "size_i": "85493", "regex": "false"},
	{"name_s": "/usr/share/locale/vi/LC_MESSAGES/ekiga.mo", "size_i": "72689", "regex": "false"},
	{"name_s": "/usr/share/locale/wa/LC_MESSAGES/ekiga.mo", "size_i": "30684", "regex": "false"},
	{"name_s": "/usr/share/locale/xh/LC_MESSAGES/ekiga.mo", "size_i": "100729", "regex": "false"},
	{"name_s": "/usr/share/locale/zh_CN/LC_MESSAGES/ekiga.mo", "size_i": "61397", "regex": "false"},
	{"name_s": "/usr/share/locale/zh_HK/LC_MESSAGES/ekiga.mo", "size_i": "61693", "regex": "false"},
	{"name_s": "/usr/share/locale/zh_TW/LC_MESSAGES/ekiga.mo", "size_i": "61690", "regex": "false"},
	{"name_s": "/usr/share/man/man1/ekiga.1.gz", "size_i": "1691", "regex": "false"},
	{"name_s": "/usr/share/omf/ekiga", "size_i": "4096", "regex": "false"},
	{"name_s": "/usr/share/omf/ekiga/ekiga-C.omf", "size_i": "940", "regex": "false"},
	{"name_s": "/usr/share/omf/ekiga/ekiga-bg.omf", "size_i": "975", "regex": "false"},
	{"name_s": "/usr/share/omf/ekiga/ekiga-ca.omf", "size_i": "986", "regex": "false"},
	{"name_s": "/usr/share/omf/ekiga/ekiga-de.omf", "size_i": "959", "regex": "false"},
	{"name_s": "/usr/share/omf/ekiga/ekiga-el.omf", "size_i": "1131", "regex": "false"},
	{"name_s": "/usr/share/omf/ekiga/ekiga-en_GB.omf", "size_i": "945", "regex": "false"},
	{"name_s": "/usr/share/omf/ekiga/ekiga-es.omf", "size_i": "951", "regex": "false"},
	{"name_s": "/usr/share/omf/ekiga/ekiga-eu.omf", "size_i": "959", "regex": "false"},
	{"name_s": "/usr/share/omf/ekiga/ekiga-fi.omf", "size_i": "961", "regex": "false"},
	{"name_s": "/usr/share/omf/ekiga/ekiga-fr.omf", "size_i": "960", "regex": "false"},
	{"name_s": "/usr/share/omf/ekiga/ekiga-oc.omf", "size_i": "942", "regex": "false"},
	{"name_s": "/usr/share/omf/ekiga/ekiga-pt_BR.omf", "size_i": "953", "regex": "false"},
	{"name_s": "/usr/share/omf/ekiga/ekiga-ru.omf", "size_i": "956", "regex": "false"},
	{"name_s": "/usr/share/omf/ekiga/ekiga-sv.omf", "size_i": "954", "regex": "false"},
	{"name_s": "/usr/share/omf/ekiga/ekiga-uk.omf", "size_i": "951", "regex": "false"},
	{"name_s": "/usr/share/pixmaps/ekiga", "size_i": "4096", "regex": "false"},
	{"name_s": "/usr/share/pixmaps/ekiga/ekiga-logo.png", "size_i": "67038", "regex": "false"},
	{"name_s": "/usr/share/sounds/ekiga", "size_i": "4096", "regex": "false"},
	{"name_s": "/usr/share/sounds/ekiga/busytone.wav", "size_i": "46200", "regex": "false"},
	{"name_s": "/usr/share/sounds/ekiga/dialtone.wav", "size_i": "19054", "regex": "false"},
	{"name_s": "/usr/share/sounds/ekiga/newmessage.wav", "size_i": "24002", "regex": "false"},
	{"name_s": "/usr/share/sounds/ekiga/ring.wav", "size_i": "258228", "regex": "false"},
	{"name_s": "/usr/share/sounds/ekiga/voicemail.wav", "size_i": "57536", "regex": "false"}
]
