[
	{"name_s": "/usr/include/exiv2", "size_i": "4096", "regex": "false"},
	{"name_s": "/usr/include/exiv2/basicio.hpp", "size_i": "27355", "regex": "false"},
	{"name_s": "/usr/include/exiv2/bmpimage.hpp", "size_i": "4834", "regex": "false"},
	{"name_s": "/usr/include/exiv2/canonmn.hpp", "size_i": "5654", "regex": "false"},
	{"name_s": "/usr/include/exiv2/convert.hpp", "size_i": "3455", "regex": "false"},
	{"name_s": "/usr/include/exiv2/cr2image.hpp", "size_i": "6275", "regex": "false"},
	{"name_s": "/usr/include/exiv2/crwimage.hpp", "size_i": "6701", "regex": "false"},
	{"name_s": "/usr/include/exiv2/datasets.hpp", "size_i": "15619", "regex": "false"},
	{"name_s": "/usr/include/exiv2/easyaccess.hpp", "size_i": "2500", "regex": "false"},
	{"name_s": "/usr/include/exiv2/error.hpp", "size_i": "5272", "regex": "false"},
	{"name_s": "/usr/include/exiv2/exif.hpp", "size_i": "25598", "regex": "false"},
	{"name_s": "/usr/include/exiv2/exv_conf.h", "size_i": "6957", "regex": "false"},
	{"name_s": "/usr/include/exiv2/fujimn.hpp", "size_i": "2498", "regex": "false"},
	{"name_s": "/usr/include/exiv2/futils.hpp", "size_i": "2451", "regex": "false"},
	{"name_s": "/usr/include/exiv2/gifimage.hpp", "size_i": "4905", "regex": "false"},
	{"name_s": "/usr/include/exiv2/image.hpp", "size_i": "25914", "regex": "false"},
	{"name_s": "/usr/include/exiv2/iptc.hpp", "size_i": "13865", "regex": "false"},
	{"name_s": "/usr/include/exiv2/jp2image.hpp", "size_i": "5028", "regex": "false"},
	{"name_s": "/usr/include/exiv2/jpgimage.hpp", "size_i": "16793", "regex": "false"},
	{"name_s": "/usr/include/exiv2/metadatum.hpp", "size_i": "13193", "regex": "false"},
	{"name_s": "/usr/include/exiv2/minoltamn.hpp", "size_i": "5951", "regex": "false"},
	{"name_s": "/usr/include/exiv2/mn.hpp", "size_i": "1653", "regex": "false"},
	{"name_s": "/usr/include/exiv2/mrwimage.hpp", "size_i": "5340", "regex": "false"},
	{"name_s": "/usr/include/exiv2/nikonmn.hpp", "size_i": "6567", "regex": "false"},
	{"name_s": "/usr/include/exiv2/olympusmn.hpp", "size_i": "4916", "regex": "false"},
	{"name_s": "/usr/include/exiv2/orfimage.hpp", "size_i": "6285", "regex": "false"},
	{"name_s": "/usr/include/exiv2/panasonicmn.hpp", "size_i": "3192", "regex": "false"},
	{"name_s": "/usr/include/exiv2/pentaxmn.hpp", "size_i": "5225", "regex": "false"},
	{"name_s": "/usr/include/exiv2/pngimage.hpp", "size_i": "5022", "regex": "false"},
	{"name_s": "/usr/include/exiv2/preview.hpp", "size_i": "5992", "regex": "false"},
	{"name_s": "/usr/include/exiv2/properties.hpp", "size_i": "11514", "regex": "false"},
	{"name_s": "/usr/include/exiv2/psdimage.hpp", "size_i": "5819", "regex": "false"},
	{"name_s": "/usr/include/exiv2/rafimage.hpp", "size_i": "5173", "regex": "false"},
	{"name_s": "/usr/include/exiv2/rcsid.hpp", "size_i": "2300", "regex": "false"},
	{"name_s": "/usr/include/exiv2/rw2image.hpp", "size_i": "5657", "regex": "false"},
	{"name_s": "/usr/include/exiv2/sigmamn.hpp", "size_i": "2787", "regex": "false"},
	{"name_s": "/usr/include/exiv2/sonymn.hpp", "size_i": "2045", "regex": "false"},
	{"name_s": "/usr/include/exiv2/tags.hpp", "size_i": "23970", "regex": "false"},
	{"name_s": "/usr/include/exiv2/tgaimage.hpp", "size_i": "5060", "regex": "false"},
	{"name_s": "/usr/include/exiv2/tiffimage.hpp", "size_i": "7769", "regex": "false"},
	{"name_s": "/usr/include/exiv2/types.hpp", "size_i": "21185", "regex": "false"},
	{"name_s": "/usr/include/exiv2/value.hpp", "size_i": "58160", "regex": "false"},
	{"name_s": "/usr/include/exiv2/version.hpp", "size_i": "6190", "regex": "false"},
	{"name_s": "/usr/include/exiv2/xmp.hpp", "size_i": "14103", "regex": "false"},
	{"name_s": "/usr/include/exiv2/xmpsidecar.hpp", "size_i": "4491", "regex": "false"},
	{"name_s": "/usr/lib64/libexiv2.so", "size_i": "17", "regex": "false"},
	{"name_s": "/usr/lib64/pkgconfig/exiv2.pc", "size_i": "232", "regex": "false"},
	{"name_s": "/usr/share/doc/exiv2-devel-0.18.2", "size_i": "4096", "regex": "false"},
	{"name_s": "/usr/share/doc/exiv2-devel-0.18.2/html", "size_i": "4096", "regex": "false"}
]
