[
	{"name_s": "/usr/bin/fetchmail", "size_i": "273448", "regex": "false"},
	{"name_s": "/usr/share/doc/fetchmail-6.3.17", "size_i": "4096", "regex": "false"},
	{"name_s": "/usr/share/doc/fetchmail-6.3.17/COPYING", "size_i": "17896", "regex": "false"},
	{"name_s": "/usr/share/doc/fetchmail-6.3.17/FAQ", "size_i": "136359", "regex": "false"},
	{"name_s": "/usr/share/doc/fetchmail-6.3.17/FEATURES", "size_i": "8301", "regex": "false"},
	{"name_s": "/usr/share/doc/fetchmail-6.3.17/NEWS", "size_i": "78120", "regex": "false"},
	{"name_s": "/usr/share/doc/fetchmail-6.3.17/NOTES", "size_i": "28069", "regex": "false"},
	{"name_s": "/usr/share/doc/fetchmail-6.3.17/README", "size_i": "2677", "regex": "false"},
	{"name_s": "/usr/share/doc/fetchmail-6.3.17/README.SSL", "size_i": "6520", "regex": "false"},
	{"name_s": "/usr/share/doc/fetchmail-6.3.17/TODO", "size_i": "4170", "regex": "false"},
	{"name_s": "/usr/share/locale/ca/LC_MESSAGES/fetchmail.mo", "size_i": "73280", "regex": "false"},
	{"name_s": "/usr/share/locale/cs/LC_MESSAGES/fetchmail.mo", "size_i": "78332", "regex": "false"},
	{"name_s": "/usr/share/locale/da/LC_MESSAGES/fetchmail.mo", "size_i": "48230", "regex": "false"},
	{"name_s": "/usr/share/locale/de/LC_MESSAGES/fetchmail.mo", "size_i": "78918", "regex": "false"},
	{"name_s": "/usr/share/locale/el/LC_MESSAGES/fetchmail.mo", "size_i": "50689", "regex": "false"},
	{"name_s": "/usr/share/locale/en_GB/LC_MESSAGES/fetchmail.mo", "size_i": "64175", "regex": "false"},
	{"name_s": "/usr/share/locale/es/LC_MESSAGES/fetchmail.mo", "size_i": "74407", "regex": "false"},
	{"name_s": "/usr/share/locale/fi/LC_MESSAGES/fetchmail.mo", "size_i": "11531", "regex": "false"},
	{"name_s": "/usr/share/locale/fr/LC_MESSAGES/fetchmail.mo", "size_i": "81415", "regex": "false"},
	{"name_s": "/usr/share/locale/gl/LC_MESSAGES/fetchmail.mo", "size_i": "34188", "regex": "false"},
	{"name_s": "/usr/share/locale/id/LC_MESSAGES/fetchmail.mo", "size_i": "75323", "regex": "false"},
	{"name_s": "/usr/share/locale/it/LC_MESSAGES/fetchmail.mo", "size_i": "81890", "regex": "false"},
	{"name_s": "/usr/share/locale/ja/LC_MESSAGES/fetchmail.mo", "size_i": "90360", "regex": "false"},
	{"name_s": "/usr/share/locale/nl/LC_MESSAGES/fetchmail.mo", "size_i": "77333", "regex": "false"},
	{"name_s": "/usr/share/locale/pl/LC_MESSAGES/fetchmail.mo", "size_i": "78593", "regex": "false"},
	{"name_s": "/usr/share/locale/pt_BR/LC_MESSAGES/fetchmail.mo", "size_i": "34230", "regex": "false"},
	{"name_s": "/usr/share/locale/ru/LC_MESSAGES/fetchmail.mo", "size_i": "91083", "regex": "false"},
	{"name_s": "/usr/share/locale/sk/LC_MESSAGES/fetchmail.mo", "size_i": "24432", "regex": "false"},
	{"name_s": "/usr/share/locale/sq/LC_MESSAGES/fetchmail.mo", "size_i": "62765", "regex": "false"},
	{"name_s": "/usr/share/locale/tr/LC_MESSAGES/fetchmail.mo", "size_i": "50271", "regex": "false"},
	{"name_s": "/usr/share/locale/vi/LC_MESSAGES/fetchmail.mo", "size_i": "85940", "regex": "false"},
	{"name_s": "/usr/share/locale/zh_CN/LC_MESSAGES/fetchmail.mo", "size_i": "71632", "regex": "false"},
	{"name_s": "/usr/share/man/man1/fetchmail.1.gz", "size_i": "44632", "regex": "false"}
]
