[
	{"name_s": "/usr/bin/firefox", "size_i": "6546", "regex": "false"},
	{"name_s": "/usr/lib64/firefox", "size_i": "4096", "regex": "false"},
	{"name_s": "/usr/lib64/firefox/LICENSE", "size_i": "389", "regex": "false"},
	{"name_s": "/usr/lib64/firefox/application.ini", "size_i": "378", "regex": "false"},
	{"name_s": "/usr/lib64/firefox/blocklist.xml", "size_i": "83491", "regex": "false"},
	{"name_s": "/usr/lib64/firefox/chrome", "size_i": "4096", "regex": "false"},
	{"name_s": "/usr/lib64/firefox/chrome.manifest", "size_i": "36", "regex": "false"},
	{"name_s": "/usr/lib64/firefox/chrome/icons", "size_i": "4096", "regex": "false"},
	{"name_s": "/usr/lib64/firefox/chrome/icons/default", "size_i": "4096", "regex": "false"},
	{"name_s": "/usr/lib64/firefox/chrome/icons/default/default16.png", "size_i": "972", "regex": "false"},
	{"name_s": "/usr/lib64/firefox/chrome/icons/default/default32.png", "size_i": "2912", "regex": "false"},
	{"name_s": "/usr/lib64/firefox/chrome/icons/default/default48.png", "size_i": "5640", "regex": "false"},
	{"name_s": "/usr/lib64/firefox/components", "size_i": "4096", "regex": "false"},
	{"name_s": "/usr/lib64/firefox/components/binary.manifest", "size_i": "36", "regex": "false"},
	{"name_s": "/usr/lib64/firefox/components/libbrowsercomps.so", "size_i": "43088", "regex": "false"},
	{"name_s": "/usr/lib64/firefox/defaults/preferences/channel-prefs.js", "size_i": "346", "regex": "false"},
	{"name_s": "/usr/lib64/firefox/extensions", "size_i": "4096", "regex": "false"},
	{"name_s": "/usr/lib64/firefox/extensions/{972ce4c6-7e08-4474-a285-3208198ce6fd}", "size_i": "4096", "regex": "false"},
	{"name_s": "/usr/lib64/firefox/extensions/{972ce4c6-7e08-4474-a285-3208198ce6fd}/icon.png", "size_i": "2185", "regex": "false"},
	{"name_s": "/usr/lib64/firefox/extensions/{972ce4c6-7e08-4474-a285-3208198ce6fd}/install.rdf", "size_i": "1328", "regex": "false"},
	{"name_s": "/usr/lib64/firefox/firefox", "size_i": "99280", "regex": "false"},
	{"name_s": "/usr/lib64/firefox/icons", "size_i": "4096", "regex": "false"},
	{"name_s": "/usr/lib64/firefox/icons/mozicon128.png", "size_i": "25121", "regex": "false"},
	{"name_s": "/usr/lib64/firefox/langpacks", "size_i": "4096", "regex": "false"},
	{"name_s": "/usr/lib64/firefox/langpacks/langpack-ach@firefox.mozilla.org.xpi", "size_i": "278296", "regex": "false"},
	{"name_s": "/usr/lib64/firefox/langpacks/langpack-af@firefox.mozilla.org.xpi", "size_i": "279314", "regex": "false"},
	{"name_s": "/usr/lib64/firefox/langpacks/langpack-ak@firefox.mozilla.org.xpi", "size_i": "281145", "regex": "false"},
	{"name_s": "/usr/lib64/firefox/langpacks/langpack-ar@firefox.mozilla.org.xpi", "size_i": "309675", "regex": "false"},
	{"name_s": "/usr/lib64/firefox/langpacks/langpack-as@firefox.mozilla.org.xpi", "size_i": "325450", "regex": "false"},
	{"name_s": "/usr/lib64/firefox/langpacks/langpack-ast@firefox.mozilla.org.xpi", "size_i": "262452", "regex": "false"},
	{"name_s": "/usr/lib64/firefox/langpacks/langpack-be@firefox.mozilla.org.xpi", "size_i": "271580", "regex": "false"},
	{"name_s": "/usr/lib64/firefox/langpacks/langpack-bg@firefox.mozilla.org.xpi", "size_i": "325430", "regex": "false"},
	{"name_s": "/usr/lib64/firefox/langpacks/langpack-bn-BD@firefox.mozilla.org.xpi", "size_i": "337952", "regex": "false"},
	{"name_s": "/usr/lib64/firefox/langpacks/langpack-bn-IN@firefox.mozilla.org.xpi", "size_i": "371670", "regex": "false"},
	{"name_s": "/usr/lib64/firefox/langpacks/langpack-br@firefox.mozilla.org.xpi", "size_i": "289752", "regex": "false"},
	{"name_s": "/usr/lib64/firefox/langpacks/langpack-bs@firefox.mozilla.org.xpi", "size_i": "290392", "regex": "false"},
	{"name_s": "/usr/lib64/firefox/langpacks/langpack-ca@firefox.mozilla.org.xpi", "size_i": "291701", "regex": "false"},
	{"name_s": "/usr/lib64/firefox/langpacks/langpack-cs@firefox.mozilla.org.xpi", "size_i": "292302", "regex": "false"},
	{"name_s": "/usr/lib64/firefox/langpacks/langpack-cy@firefox.mozilla.org.xpi", "size_i": "283037", "regex": "false"},
	{"name_s": "/usr/lib64/firefox/langpacks/langpack-da@firefox.mozilla.org.xpi", "size_i": "280837", "regex": "false"},
	{"name_s": "/usr/lib64/firefox/langpacks/langpack-de@firefox.mozilla.org.xpi", "size_i": "268553", "regex": "false"},
	{"name_s": "/usr/lib64/firefox/langpacks/langpack-el@firefox.mozilla.org.xpi", "size_i": "309821", "regex": "false"},
	{"name_s": "/usr/lib64/firefox/langpacks/langpack-en-GB@firefox.mozilla.org.xpi", "size_i": "270753", "regex": "false"},
	{"name_s": "/usr/lib64/firefox/langpacks/langpack-en-ZA@firefox.mozilla.org.xpi", "size_i": "271584", "regex": "false"},
	{"name_s": "/usr/lib64/firefox/langpacks/langpack-eo@firefox.mozilla.org.xpi", "size_i": "282969", "regex": "false"},
	{"name_s": "/usr/lib64/firefox/langpacks/langpack-es-AR@firefox.mozilla.org.xpi", "size_i": "287888", "regex": "false"},
	{"name_s": "/usr/lib64/firefox/langpacks/langpack-es-CL@firefox.mozilla.org.xpi", "size_i": "295527", "regex": "false"},
	{"name_s": "/usr/lib64/firefox/langpacks/langpack-es-ES@firefox.mozilla.org.xpi", "size_i": "240834", "regex": "false"},
	{"name_s": "/usr/lib64/firefox/langpacks/langpack-es-MX@firefox.mozilla.org.xpi", "size_i": "246621", "regex": "false"},
	{"name_s": "/usr/lib64/firefox/langpacks/langpack-et@firefox.mozilla.org.xpi", "size_i": "282862", "regex": "false"},
	{"name_s": "/usr/lib64/firefox/langpacks/langpack-eu@firefox.mozilla.org.xpi", "size_i": "282395", "regex": "false"},
	{"name_s": "/usr/lib64/firefox/langpacks/langpack-fa@firefox.mozilla.org.xpi", "size_i": "322166", "regex": "false"},
	{"name_s": "/usr/lib64/firefox/langpacks/langpack-ff@firefox.mozilla.org.xpi", "size_i": "280475", "regex": "false"},
	{"name_s": "/usr/lib64/firefox/langpacks/langpack-fi@firefox.mozilla.org.xpi", "size_i": "286824", "regex": "false"},
	{"name_s": "/usr/lib64/firefox/langpacks/langpack-fr@firefox.mozilla.org.xpi", "size_i": "291531", "regex": "false"},
	{"name_s": "/usr/lib64/firefox/langpacks/langpack-fy-NL@firefox.mozilla.org.xpi", "size_i": "288339", "regex": "false"},
	{"name_s": "/usr/lib64/firefox/langpacks/langpack-ga-IE@firefox.mozilla.org.xpi", "size_i": "295625", "regex": "false"},
	{"name_s": "/usr/lib64/firefox/langpacks/langpack-gd@firefox.mozilla.org.xpi", "size_i": "297463", "regex": "false"},
	{"name_s": "/usr/lib64/firefox/langpacks/langpack-gl@firefox.mozilla.org.xpi", "size_i": "285166", "regex": "false"},
	{"name_s": "/usr/lib64/firefox/langpacks/langpack-gu-IN@firefox.mozilla.org.xpi", "size_i": "318128", "regex": "false"},
	{"name_s": "/usr/lib64/firefox/langpacks/langpack-he@firefox.mozilla.org.xpi", "size_i": "299650", "regex": "false"},
	{"name_s": "/usr/lib64/firefox/langpacks/langpack-hi-IN@firefox.mozilla.org.xpi", "size_i": "329513", "regex": "false"},
	{"name_s": "/usr/lib64/firefox/langpacks/langpack-hr@firefox.mozilla.org.xpi", "size_i": "286109", "regex": "false"},
	{"name_s": "/usr/lib64/firefox/langpacks/langpack-hu@firefox.mozilla.org.xpi", "size_i": "301212", "regex": "false"},
	{"name_s": "/usr/lib64/firefox/langpacks/langpack-hy-AM@firefox.mozilla.org.xpi", "size_i": "326852", "regex": "false"},
	{"name_s": "/usr/lib64/firefox/langpacks/langpack-id@firefox.mozilla.org.xpi", "size_i": "281894", "regex": "false"},
	{"name_s": "/usr/lib64/firefox/langpacks/langpack-is@firefox.mozilla.org.xpi", "size_i": "283077", "regex": "false"},
	{"name_s": "/usr/lib64/firefox/langpacks/langpack-it@firefox.mozilla.org.xpi", "size_i": "236814", "regex": "false"},
	{"name_s": "/usr/lib64/firefox/langpacks/langpack-ja@firefox.mozilla.org.xpi", "size_i": "320659", "regex": "false"},
	{"name_s": "/usr/lib64/firefox/langpacks/langpack-kk@firefox.mozilla.org.xpi", "size_i": "328520", "regex": "false"},
	{"name_s": "/usr/lib64/firefox/langpacks/langpack-km@firefox.mozilla.org.xpi", "size_i": "345100", "regex": "false"},
	{"name_s": "/usr/lib64/firefox/langpacks/langpack-kn@firefox.mozilla.org.xpi", "size_i": "353069", "regex": "false"},
	{"name_s": "/usr/lib64/firefox/langpacks/langpack-ko@firefox.mozilla.org.xpi", "size_i": "294898", "regex": "false"},
	{"name_s": "/usr/lib64/firefox/langpacks/langpack-ku@firefox.mozilla.org.xpi", "size_i": "303066", "regex": "false"},
	{"name_s": "/usr/lib64/firefox/langpacks/langpack-lg@firefox.mozilla.org.xpi", "size_i": "288796", "regex": "false"},
	{"name_s": "/usr/lib64/firefox/langpacks/langpack-lij@firefox.mozilla.org.xpi", "size_i": "286555", "regex": "false"},
	{"name_s": "/usr/lib64/firefox/langpacks/langpack-lt@firefox.mozilla.org.xpi", "size_i": "347631", "regex": "false"},
	{"name_s": "/usr/lib64/firefox/langpacks/langpack-lv@firefox.mozilla.org.xpi", "size_i": "289573", "regex": "false"},
	{"name_s": "/usr/lib64/firefox/langpacks/langpack-mai@firefox.mozilla.org.xpi", "size_i": "326596", "regex": "false"},
	{"name_s": "/usr/lib64/firefox/langpacks/langpack-mk@firefox.mozilla.org.xpi", "size_i": "313747", "regex": "false"},
	{"name_s": "/usr/lib64/firefox/langpacks/langpack-ml@firefox.mozilla.org.xpi", "size_i": "359710", "regex": "false"},
	{"name_s": "/usr/lib64/firefox/langpacks/langpack-mr@firefox.mozilla.org.xpi", "size_i": "326029", "regex": "false"},
	{"name_s": "/usr/lib64/firefox/langpacks/langpack-nb-NO@firefox.mozilla.org.xpi", "size_i": "283538", "regex": "false"},
	{"name_s": "/usr/lib64/firefox/langpacks/langpack-nl@firefox.mozilla.org.xpi", "size_i": "284281", "regex": "false"},
	{"name_s": "/usr/lib64/firefox/langpacks/langpack-nn-NO@firefox.mozilla.org.xpi", "size_i": "286493", "regex": "false"},
	{"name_s": "/usr/lib64/firefox/langpacks/langpack-nso@firefox.mozilla.org.xpi", "size_i": "286479", "regex": "false"},
	{"name_s": "/usr/lib64/firefox/langpacks/langpack-or@firefox.mozilla.org.xpi", "size_i": "327852", "regex": "false"},
	{"name_s": "/usr/lib64/firefox/langpacks/langpack-pa-IN@firefox.mozilla.org.xpi", "size_i": "317152", "regex": "false"},
	{"name_s": "/usr/lib64/firefox/langpacks/langpack-pl@firefox.mozilla.org.xpi", "size_i": "299204", "regex": "false"},
	{"name_s": "/usr/lib64/firefox/langpacks/langpack-pt-BR@firefox.mozilla.org.xpi", "size_i": "287892", "regex": "false"},
	{"name_s": "/usr/lib64/firefox/langpacks/langpack-pt-PT@firefox.mozilla.org.xpi", "size_i": "290106", "regex": "false"},
	{"name_s": "/usr/lib64/firefox/langpacks/langpack-rm@firefox.mozilla.org.xpi", "size_i": "286635", "regex": "false"},
	{"name_s": "/usr/lib64/firefox/langpacks/langpack-ro@firefox.mozilla.org.xpi", "size_i": "308421", "regex": "false"},
	{"name_s": "/usr/lib64/firefox/langpacks/langpack-ru@firefox.mozilla.org.xpi", "size_i": "283084", "regex": "false"},
	{"name_s": "/usr/lib64/firefox/langpacks/langpack-si@firefox.mozilla.org.xpi", "size_i": "315533", "regex": "false"},
	{"name_s": "/usr/lib64/firefox/langpacks/langpack-sk@firefox.mozilla.org.xpi", "size_i": "299647", "regex": "false"},
	{"name_s": "/usr/lib64/firefox/langpacks/langpack-sl@firefox.mozilla.org.xpi", "size_i": "284806", "regex": "false"},
	{"name_s": "/usr/lib64/firefox/langpacks/langpack-son@firefox.mozilla.org.xpi", "size_i": "282013", "regex": "false"},
	{"name_s": "/usr/lib64/firefox/langpacks/langpack-sq@firefox.mozilla.org.xpi", "size_i": "289334", "regex": "false"},
	{"name_s": "/usr/lib64/firefox/langpacks/langpack-sr@firefox.mozilla.org.xpi", "size_i": "332184", "regex": "false"},
	{"name_s": "/usr/lib64/firefox/langpacks/langpack-sv-SE@firefox.mozilla.org.xpi", "size_i": "286733", "regex": "false"},
	{"name_s": "/usr/lib64/firefox/langpacks/langpack-ta-LK@firefox.mozilla.org.xpi", "size_i": "338581", "regex": "false"},
	{"name_s": "/usr/lib64/firefox/langpacks/langpack-ta@firefox.mozilla.org.xpi", "size_i": "323535", "regex": "false"},
	{"name_s": "/usr/lib64/firefox/langpacks/langpack-te@firefox.mozilla.org.xpi", "size_i": "340127", "regex": "false"},
	{"name_s": "/usr/lib64/firefox/langpacks/langpack-th@firefox.mozilla.org.xpi", "size_i": "321845", "regex": "false"},
	{"name_s": "/usr/lib64/firefox/langpacks/langpack-tr@firefox.mozilla.org.xpi", "size_i": "294011", "regex": "false"},
	{"name_s": "/usr/lib64/firefox/langpacks/langpack-uk@firefox.mozilla.org.xpi", "size_i": "322420", "regex": "false"},
	{"name_s": "/usr/lib64/firefox/langpacks/langpack-vi@firefox.mozilla.org.xpi", "size_i": "311717", "regex": "false"},
	{"name_s": "/usr/lib64/firefox/langpacks/langpack-zh-CN@firefox.mozilla.org.xpi", "size_i": "302899", "regex": "false"},
	{"name_s": "/usr/lib64/firefox/langpacks/langpack-zh-TW@firefox.mozilla.org.xpi", "size_i": "304086", "regex": "false"},
	{"name_s": "/usr/lib64/firefox/langpacks/langpack-zu@firefox.mozilla.org.xpi", "size_i": "294763", "regex": "false"},
	{"name_s": "/usr/lib64/firefox/modules/services-aitc", "size_i": "4096", "regex": "false"},
	{"name_s": "/usr/lib64/firefox/modules/services-common", "size_i": "4096", "regex": "false"},
	{"name_s": "/usr/lib64/firefox/modules/services-crypto", "size_i": "4096", "regex": "false"},
	{"name_s": "/usr/lib64/firefox/modules/services-notifications", "size_i": "4096", "regex": "false"},
	{"name_s": "/usr/lib64/firefox/modules/services-sync", "size_i": "4096", "regex": "false"},
	{"name_s": "/usr/lib64/firefox/modules/services-sync/engines", "size_i": "4096", "regex": "false"},
	{"name_s": "/usr/lib64/firefox/modules/sessionstore", "size_i": "4096", "regex": "false"},
	{"name_s": "/usr/lib64/firefox/omni.ja", "size_i": "3822667", "regex": "false"},
	{"name_s": "/usr/lib64/firefox/run-mozilla.sh", "size_i": "8915", "regex": "false"},
	{"name_s": "/usr/lib64/firefox/searchplugins", "size_i": "4096", "regex": "false"},
	{"name_s": "/usr/lib64/firefox/searchplugins/amazondotcom.xml", "size_i": "1607", "regex": "false"},
	{"name_s": "/usr/lib64/firefox/searchplugins/bing.xml", "size_i": "2465", "regex": "false"},
	{"name_s": "/usr/lib64/firefox/searchplugins/duckduckgo.xml", "size_i": "2112", "regex": "false"},
	{"name_s": "/usr/lib64/firefox/searchplugins/eBay.xml", "size_i": "1344", "regex": "false"},
	{"name_s": "/usr/lib64/firefox/searchplugins/google.xml", "size_i": "3581", "regex": "false"},
	{"name_s": "/usr/lib64/firefox/searchplugins/twitter.xml", "size_i": "2058", "regex": "false"},
	{"name_s": "/usr/lib64/firefox/searchplugins/wikipedia.xml", "size_i": "1391", "regex": "false"},
	{"name_s": "/usr/lib64/firefox/searchplugins/yahoo.xml", "size_i": "1309", "regex": "false"},
	{"name_s": "/usr/lib64/firefox/webapprt", "size_i": "4096", "regex": "false"},
	{"name_s": "/usr/lib64/firefox/webapprt-stub", "size_i": "102376", "regex": "false"},
	{"name_s": "/usr/lib64/firefox/webapprt/omni.ja", "size_i": "17544", "regex": "false"},
	{"name_s": "/usr/lib64/firefox/webapprt/webapprt.ini", "size_i": "499", "regex": "false"},
	{"name_s": "/usr/lib64/firefox/xulrunner", "size_i": "20", "regex": "false"},
	{"name_s": "/usr/lib64/mozilla/extensions/{ec8030f7-c20a-464f-9b0e-13a3a9e97384}", "size_i": "4096", "regex": "false"},
	{"name_s": "/usr/share/applications/mozilla-firefox.desktop", "size_i": "2342", "regex": "false"},
	{"name_s": "/usr/share/icons/hicolor/16x16/apps/firefox.png", "size_i": "972", "regex": "false"},
	{"name_s": "/usr/share/icons/hicolor/22x22/apps/firefox.png", "size_i": "1625", "regex": "false"},
	{"name_s": "/usr/share/icons/hicolor/24x24/apps/firefox.png", "size_i": "1849", "regex": "false"},
	{"name_s": "/usr/share/icons/hicolor/256x256/apps/firefox.png", "size_i": "76949", "regex": "false"},
	{"name_s": "/usr/share/icons/hicolor/32x32/apps/firefox.png", "size_i": "2912", "regex": "false"},
	{"name_s": "/usr/share/icons/hicolor/48x48/apps/firefox.png", "size_i": "5640", "regex": "false"},
	{"name_s": "/usr/share/man/man1/firefox.1.gz", "size_i": "1322", "regex": "false"},
	{"name_s": "/usr/share/mozilla/extensions/{ec8030f7-c20a-464f-9b0e-13a3a9e97384}", "size_i": "4096", "regex": "false"}
]
