[
	{"name_s": "/etc/fonts/conf.avail", "size_i": "4096", "regex": "false"},
	{"name_s": "/etc/fonts/conf.avail/10-autohint.conf", "size_i": "220", "regex": "false"},
	{"name_s": "/etc/fonts/conf.avail/10-no-sub-pixel.conf", "size_i": "226", "regex": "false"},
	{"name_s": "/etc/fonts/conf.avail/10-sub-pixel-bgr.conf", "size_i": "225", "regex": "false"},
	{"name_s": "/etc/fonts/conf.avail/10-sub-pixel-rgb.conf", "size_i": "225", "regex": "false"},
	{"name_s": "/etc/fonts/conf.avail/10-sub-pixel-vbgr.conf", "size_i": "226", "regex": "false"},
	{"name_s": "/etc/fonts/conf.avail/10-sub-pixel-vrgb.conf", "size_i": "226", "regex": "false"},
	{"name_s": "/etc/fonts/conf.avail/10-unhinted.conf", "size_i": "217", "regex": "false"},
	{"name_s": "/etc/fonts/conf.avail/20-fix-globaladvance.conf", "size_i": "912", "regex": "false"},
	{"name_s": "/etc/fonts/conf.avail/20-unhint-small-vera.conf", "size_i": "1157", "regex": "false"},
	{"name_s": "/etc/fonts/conf.avail/25-unhint-nonlatin.conf", "size_i": "2941", "regex": "false"},
	{"name_s": "/etc/fonts/conf.avail/30-metric-aliases.conf", "size_i": "3939", "regex": "false"},
	{"name_s": "/etc/fonts/conf.avail/30-urw-aliases.conf", "size_i": "1277", "regex": "false"},
	{"name_s": "/etc/fonts/conf.avail/40-nonlatin.conf", "size_i": "2069", "regex": "false"},
	{"name_s": "/etc/fonts/conf.avail/45-latin.conf", "size_i": "1837", "regex": "false"},
	{"name_s": "/etc/fonts/conf.avail/49-sansserif.conf", "size_i": "545", "regex": "false"},
	{"name_s": "/etc/fonts/conf.avail/50-user.conf", "size_i": "245", "regex": "false"},
	{"name_s": "/etc/fonts/conf.avail/51-local.conf", "size_i": "189", "regex": "false"},
	{"name_s": "/etc/fonts/conf.avail/60-latin.conf", "size_i": "1701", "regex": "false"},
	{"name_s": "/etc/fonts/conf.avail/65-fonts-persian.conf", "size_i": "9880", "regex": "false"},
	{"name_s": "/etc/fonts/conf.avail/65-khmer.conf", "size_i": "289", "regex": "false"},
	{"name_s": "/etc/fonts/conf.avail/65-nonlatin.conf", "size_i": "7706", "regex": "false"},
	{"name_s": "/etc/fonts/conf.avail/69-unifont.conf", "size_i": "672", "regex": "false"},
	{"name_s": "/etc/fonts/conf.avail/70-no-bitmaps.conf", "size_i": "263", "regex": "false"},
	{"name_s": "/etc/fonts/conf.avail/70-yes-bitmaps.conf", "size_i": "263", "regex": "false"},
	{"name_s": "/etc/fonts/conf.avail/80-delicious.conf", "size_i": "388", "regex": "false"},
	{"name_s": "/etc/fonts/conf.avail/90-synthetic.conf", "size_i": "1691", "regex": "false"},
	{"name_s": "/etc/fonts/conf.d/20-fix-globaladvance.conf", "size_i": "39", "regex": "false"},
	{"name_s": "/etc/fonts/conf.d/20-unhint-small-vera.conf", "size_i": "39", "regex": "false"},
	{"name_s": "/etc/fonts/conf.d/25-no-bitmap-fedora.conf", "size_i": "1160", "regex": "false"},
	{"name_s": "/etc/fonts/conf.d/25-unhint-nonlatin.conf", "size_i": "37", "regex": "false"},
	{"name_s": "/etc/fonts/conf.d/30-metric-aliases.conf", "size_i": "36", "regex": "false"},
	{"name_s": "/etc/fonts/conf.d/30-urw-aliases.conf", "size_i": "33", "regex": "false"},
	{"name_s": "/etc/fonts/conf.d/40-nonlatin.conf", "size_i": "30", "regex": "false"},
	{"name_s": "/etc/fonts/conf.d/45-latin.conf", "size_i": "27", "regex": "false"},
	{"name_s": "/etc/fonts/conf.d/49-sansserif.conf", "size_i": "31", "regex": "false"},
	{"name_s": "/etc/fonts/conf.d/50-user.conf", "size_i": "26", "regex": "false"},
	{"name_s": "/etc/fonts/conf.d/51-local.conf", "size_i": "27", "regex": "false"},
	{"name_s": "/etc/fonts/conf.d/60-latin.conf", "size_i": "27", "regex": "false"},
	{"name_s": "/etc/fonts/conf.d/65-fonts-persian.conf", "size_i": "35", "regex": "false"},
	{"name_s": "/etc/fonts/conf.d/65-nonlatin.conf", "size_i": "30", "regex": "false"},
	{"name_s": "/etc/fonts/conf.d/69-unifont.conf", "size_i": "29", "regex": "false"},
	{"name_s": "/etc/fonts/conf.d/80-delicious.conf", "size_i": "31", "regex": "false"},
	{"name_s": "/etc/fonts/conf.d/90-synthetic.conf", "size_i": "31", "regex": "false"},
	{"name_s": "/etc/fonts/conf.d/README", "size_i": "959", "regex": "false"},
	{"name_s": "/etc/fonts/fonts.conf", "size_i": "5325", "regex": "false"},
	{"name_s": "/etc/fonts/fonts.dtd", "size_i": "6961", "regex": "false"},
	{"name_s": "/usr/bin/fc-cache", "size_i": "10532", "regex": "false"},
	{"name_s": "/usr/bin/fc-cat", "size_i": "8944", "regex": "false"},
	{"name_s": "/usr/bin/fc-list", "size_i": "6824", "regex": "false"},
	{"name_s": "/usr/bin/fc-match", "size_i": "7704", "regex": "false"},
	{"name_s": "/usr/bin/fc-query", "size_i": "5820", "regex": "false"},
	{"name_s": "/usr/bin/fc-scan", "size_i": "6020", "regex": "false"},
	{"name_s": "/usr/lib/libfontconfig.so.1", "size_i": "22", "regex": "false"},
	{"name_s": "/usr/lib/libfontconfig.so.1.4.4", "size_i": "211956", "regex": "false"},
	{"name_s": "/usr/share/doc/fontconfig-2.8.0", "size_i": "4096", "regex": "false"},
	{"name_s": "/usr/share/doc/fontconfig-2.8.0/AUTHORS", "size_i": "62", "regex": "false"},
	{"name_s": "/usr/share/doc/fontconfig-2.8.0/COPYING", "size_i": "1124", "regex": "false"},
	{"name_s": "/usr/share/doc/fontconfig-2.8.0/README", "size_i": "40186", "regex": "false"},
	{"name_s": "/usr/share/doc/fontconfig-2.8.0/fontconfig-user.html", "size_i": "35227", "regex": "false"},
	{"name_s": "/usr/share/doc/fontconfig-2.8.0/fontconfig-user.txt", "size_i": "26663", "regex": "false"},
	{"name_s": "/usr/share/fonts", "size_i": "4096", "regex": "false"},
	{"name_s": "/usr/share/man/man1/fc-cache.1.gz", "size_i": "1059", "regex": "false"},
	{"name_s": "/usr/share/man/man1/fc-cat.1.gz", "size_i": "610", "regex": "false"},
	{"name_s": "/usr/share/man/man1/fc-list.1.gz", "size_i": "949", "regex": "false"},
	{"name_s": "/usr/share/man/man1/fc-match.1.gz", "size_i": "959", "regex": "false"},
	{"name_s": "/usr/share/man/man1/fc-query.1.gz", "size_i": "821", "regex": "false"},
	{"name_s": "/usr/share/man/man1/fc-scan.1.gz", "size_i": "705", "regex": "false"},
	{"name_s": "/usr/share/man/man5/fonts-conf.5.gz", "size_i": "9306", "regex": "false"},
	{"name_s": "/var/cache/fontconfig", "size_i": "4096", "regex": "false"}
]
