[
	{"name_s": "/etc/foomatic", "size_i": "4096", "regex": "false"},
	{"name_s": "/etc/foomatic/defaultspooler", "size_i": "5", "regex": "false"},
	{"name_s": "/etc/foomatic/filter.conf", "size_i": "1508", "regex": "false"},
	{"name_s": "/usr/bin/foomatic-combo-xml", "size_i": "42112", "regex": "false"},
	{"name_s": "/usr/bin/foomatic-compiledb", "size_i": "4629", "regex": "false"},
	{"name_s": "/usr/bin/foomatic-configure", "size_i": "136795", "regex": "false"},
	{"name_s": "/usr/bin/foomatic-datafile", "size_i": "16", "regex": "false"},
	{"name_s": "/usr/bin/foomatic-perl-data", "size_i": "79808", "regex": "false"},
	{"name_s": "/usr/bin/foomatic-ppd-options", "size_i": "4000", "regex": "false"},
	{"name_s": "/usr/bin/foomatic-ppd-to-xml", "size_i": "9003", "regex": "false"},
	{"name_s": "/usr/bin/foomatic-ppdfile", "size_i": "9676", "regex": "false"},
	{"name_s": "/usr/bin/foomatic-printjob", "size_i": "35088", "regex": "false"},
	{"name_s": "/usr/bin/foomatic-rip", "size_i": "107728", "regex": "false"},
	{"name_s": "/usr/bin/foomatic-searchprinter", "size_i": "2487", "regex": "false"},
	{"name_s": "/usr/lib/cups/backend/beh", "size_i": "7250", "regex": "false"},
	{"name_s": "/usr/lib/cups/driver/foomatic", "size_i": "29", "regex": "false"},
	{"name_s": "/usr/lib/cups/filter/foomatic-rip", "size_i": "25", "regex": "false"},
	{"name_s": "/usr/sbin/foomatic-addpjloptions", "size_i": "29858", "regex": "false"},
	{"name_s": "/usr/sbin/foomatic-cleanupdrivers", "size_i": "1371", "regex": "false"},
	{"name_s": "/usr/sbin/foomatic-extract-text", "size_i": "4570", "regex": "false"},
	{"name_s": "/usr/sbin/foomatic-fix-xml", "size_i": "1539", "regex": "false"},
	{"name_s": "/usr/sbin/foomatic-getpjloptions", "size_i": "2140", "regex": "false"},
	{"name_s": "/usr/sbin/foomatic-kitload", "size_i": "3247", "regex": "false"},
	{"name_s": "/usr/sbin/foomatic-nonumericalids", "size_i": "4497", "regex": "false"},
	{"name_s": "/usr/sbin/foomatic-preferred-driver", "size_i": "9322", "regex": "false"},
	{"name_s": "/usr/sbin/foomatic-printermap-to-gutenprint-xml", "size_i": "5105", "regex": "false"},
	{"name_s": "/usr/sbin/foomatic-replaceoldprinterids", "size_i": "2606", "regex": "false"},
	{"name_s": "/usr/share/doc/foomatic-4.0.4", "size_i": "4096", "regex": "false"},
	{"name_s": "/usr/share/doc/foomatic-4.0.4/foomatic-db-engine-4.0.4", "size_i": "4096", "regex": "false"},
	{"name_s": "/usr/share/doc/foomatic-4.0.4/foomatic-db-engine-4.0.4/COPYING", "size_i": "18009", "regex": "false"},
	{"name_s": "/usr/share/doc/foomatic-4.0.4/foomatic-filters-4.0.4", "size_i": "4096", "regex": "false"},
	{"name_s": "/usr/share/doc/foomatic-4.0.4/foomatic-filters-4.0.4/COPYING", "size_i": "18009", "regex": "false"},
	{"name_s": "/usr/share/man/man1/foomatic-combo-xml.1.gz", "size_i": "494", "regex": "false"},
	{"name_s": "/usr/share/man/man1/foomatic-compiledb.1.gz", "size_i": "923", "regex": "false"},
	{"name_s": "/usr/share/man/man1/foomatic-configure.1.gz", "size_i": "2150", "regex": "false"},
	{"name_s": "/usr/share/man/man1/foomatic-perl-data.1.gz", "size_i": "531", "regex": "false"},
	{"name_s": "/usr/share/man/man1/foomatic-ppd-options.1.gz", "size_i": "876", "regex": "false"},
	{"name_s": "/usr/share/man/man1/foomatic-ppdfile.1.gz", "size_i": "952", "regex": "false"},
	{"name_s": "/usr/share/man/man1/foomatic-printjob.1.gz", "size_i": "1192", "regex": "false"},
	{"name_s": "/usr/share/man/man1/foomatic-rip.1.gz", "size_i": "3664", "regex": "false"},
	{"name_s": "/usr/share/man/man8/foomatic-addpjloptions.8.gz", "size_i": "924", "regex": "false"},
	{"name_s": "/usr/share/man/man8/foomatic-getpjloptions.8.gz", "size_i": "938", "regex": "false"},
	{"name_s": "/usr/share/man/man8/foomatic-kitload.8.gz", "size_i": "920", "regex": "false"},
	{"name_s": "/usr/share/man/man8/foomatic-preferred-driver.8.gz", "size_i": "384", "regex": "false"},
	{"name_s": "/usr/share/perl5/vendor_perl/Foomatic", "size_i": "4096", "regex": "false"},
	{"name_s": "/usr/share/perl5/vendor_perl/Foomatic/DB.pm", "size_i": "193890", "regex": "false"},
	{"name_s": "/usr/share/perl5/vendor_perl/Foomatic/Defaults.pm", "size_i": "2897", "regex": "false"},
	{"name_s": "/usr/share/perl5/vendor_perl/Foomatic/PPD.pm", "size_i": "9810", "regex": "false"},
	{"name_s": "/usr/share/perl5/vendor_perl/Foomatic/UIElem.pm", "size_i": "674", "regex": "false"},
	{"name_s": "/var/cache/foomatic", "size_i": "4096", "regex": "false"}
]
