[
	{"name_s": "/etc/logrotate.d/nxserver", "size_i": "79", "regex": "false"},
	{"name_s": "/etc/nxserver", "size_i": "4096", "regex": "false"},
	{"name_s": "/etc/nxserver/node.conf", "size_i": "22554", "regex": "false"},
	{"name_s": "/etc/nxserver/node.conf.sample", "size_i": "22553", "regex": "false"},
	{"name_s": "/etc/rc.d/init.d/freenx-server", "size_i": "1716", "regex": "false"},
	{"name_s": "/usr/bin/nxcheckload", "size_i": "1737", "regex": "false"},
	{"name_s": "/usr/bin/nxcups-gethost", "size_i": "801", "regex": "false"},
	{"name_s": "/usr/bin/nxdesktop_helper", "size_i": "1317", "regex": "false"},
	{"name_s": "/usr/bin/nxdialog", "size_i": "12064", "regex": "false"},
	{"name_s": "/usr/bin/nxkeygen", "size_i": "1900", "regex": "false"},
	{"name_s": "/usr/bin/nxloadconfig", "size_i": "26250", "regex": "false"},
	{"name_s": "/usr/bin/nxnode", "size_i": "50046", "regex": "false"},
	{"name_s": "/usr/bin/nxnode-login", "size_i": "2593", "regex": "false"},
	{"name_s": "/usr/bin/nxpasswd", "size_i": "17280", "regex": "false"},
	{"name_s": "/usr/bin/nxprint", "size_i": "2317", "regex": "false"},
	{"name_s": "/usr/bin/nxredir", "size_i": "491", "regex": "false"},
	{"name_s": "/usr/bin/nxserver", "size_i": "54844", "regex": "false"},
	{"name_s": "/usr/bin/nxserver-helper", "size_i": "4776", "regex": "false"},
	{"name_s": "/usr/bin/nxsetup", "size_i": "19978", "regex": "false"},
	{"name_s": "/usr/bin/nxviewer_helper", "size_i": "1460", "regex": "false"},
	{"name_s": "/usr/lib64/libnxredir.so.0", "size_i": "10294", "regex": "false"},
	{"name_s": "/usr/share/doc/freenx-0.7.3", "size_i": "4096", "regex": "false"},
	{"name_s": "/usr/share/doc/freenx-0.7.3/AUTHORS", "size_i": "184", "regex": "false"},
	{"name_s": "/usr/share/doc/freenx-0.7.3/CONTRIB", "size_i": "3551", "regex": "false"},
	{"name_s": "/usr/share/doc/freenx-0.7.3/COPYING", "size_i": "18009", "regex": "false"},
	{"name_s": "/usr/share/doc/freenx-0.7.3/ChangeLog", "size_i": "31374", "regex": "false"},
	{"name_s": "/usr/share/doc/freenx-0.7.3/nxacl.sample", "size_i": "1106", "regex": "false"},
	{"name_s": "/usr/share/doc/freenx-0.7.3/nxcheckload.sample", "size_i": "1737", "regex": "false"},
	{"name_s": "/var/lib/nxserver", "size_i": "4096", "regex": "false"},
	{"name_s": "/var/lib/nxserver/db", "size_i": "4096", "regex": "false"},
	{"name_s": "/var/lib/nxserver/db/closed", "size_i": "4096", "regex": "false"},
	{"name_s": "/var/lib/nxserver/db/failed", "size_i": "4096", "regex": "false"},
	{"name_s": "/var/lib/nxserver/db/running", "size_i": "4096", "regex": "false"},
	{"name_s": "/var/log/nx", "size_i": "4096", "regex": "false"}
]
