[
	{"name_s": "/usr/lib64/python2.6/site-packages/_gamin.so", "size_i": "10048", "regex": "false"},
	{"name_s": "/usr/lib64/python2.6/site-packages/gamin.py", "size_i": "6950", "regex": "false"},
	{"name_s": "/usr/lib64/python2.6/site-packages/gamin.pyc", "size_i": "9410", "regex": "false"},
	{"name_s": "/usr/lib64/python2.6/site-packages/gamin.pyo", "size_i": "9410", "regex": "false"},
	{"name_s": "/usr/share/doc/gamin-python-0.1.10", "size_i": "4096", "regex": "false"},
	{"name_s": "/usr/share/doc/gamin-python-0.1.10/basic.py", "size_i": "448", "regex": "false"},
	{"name_s": "/usr/share/doc/gamin-python-0.1.10/basic2.py", "size_i": "308", "regex": "false"},
	{"name_s": "/usr/share/doc/gamin-python-0.1.10/basic3.py", "size_i": "629", "regex": "false"},
	{"name_s": "/usr/share/doc/gamin-python-0.1.10/basic4.py", "size_i": "882", "regex": "false"},
	{"name_s": "/usr/share/doc/gamin-python-0.1.10/basic5.py", "size_i": "850", "regex": "false"},
	{"name_s": "/usr/share/doc/gamin-python-0.1.10/basic6.py", "size_i": "788", "regex": "false"},
	{"name_s": "/usr/share/doc/gamin-python-0.1.10/bigfile.py", "size_i": "919", "regex": "false"},
	{"name_s": "/usr/share/doc/gamin-python-0.1.10/dnotify.py", "size_i": "1498", "regex": "false"},
	{"name_s": "/usr/share/doc/gamin-python-0.1.10/dnotify10.py", "size_i": "2135", "regex": "false"},
	{"name_s": "/usr/share/doc/gamin-python-0.1.10/dnotify11.py", "size_i": "2252", "regex": "false"},
	{"name_s": "/usr/share/doc/gamin-python-0.1.10/dnotify12.py", "size_i": "2172", "regex": "false"},
	{"name_s": "/usr/share/doc/gamin-python-0.1.10/dnotify13.py", "size_i": "2848", "regex": "false"},
	{"name_s": "/usr/share/doc/gamin-python-0.1.10/dnotify15.py", "size_i": "2498", "regex": "false"},
	{"name_s": "/usr/share/doc/gamin-python-0.1.10/dnotify2.py", "size_i": "1496", "regex": "false"},
	{"name_s": "/usr/share/doc/gamin-python-0.1.10/dnotify3.py", "size_i": "1571", "regex": "false"},
	{"name_s": "/usr/share/doc/gamin-python-0.1.10/dnotify4.py", "size_i": "1493", "regex": "false"},
	{"name_s": "/usr/share/doc/gamin-python-0.1.10/dnotify5.py", "size_i": "1687", "regex": "false"},
	{"name_s": "/usr/share/doc/gamin-python-0.1.10/dnotify6.py", "size_i": "1811", "regex": "false"},
	{"name_s": "/usr/share/doc/gamin-python-0.1.10/dnotify7.py", "size_i": "2769", "regex": "false"},
	{"name_s": "/usr/share/doc/gamin-python-0.1.10/dnotify8.py", "size_i": "2229", "regex": "false"},
	{"name_s": "/usr/share/doc/gamin-python-0.1.10/dnotify9.py", "size_i": "2172", "regex": "false"},
	{"name_s": "/usr/share/doc/gamin-python-0.1.10/flood.py", "size_i": "2808", "regex": "false"},
	{"name_s": "/usr/share/doc/gamin-python-0.1.10/flood2.py", "size_i": "4140", "regex": "false"},
	{"name_s": "/usr/share/doc/gamin-python-0.1.10/flood3.py", "size_i": "3978", "regex": "false"},
	{"name_s": "/usr/share/doc/gamin-python-0.1.10/flood4.py", "size_i": "3039", "regex": "false"},
	{"name_s": "/usr/share/doc/gamin-python-0.1.10/level.py", "size_i": "888", "regex": "false"},
	{"name_s": "/usr/share/doc/gamin-python-0.1.10/multiple.py", "size_i": "1071", "regex": "false"},
	{"name_s": "/usr/share/doc/gamin-python-0.1.10/multiple2.py", "size_i": "1558", "regex": "false"},
	{"name_s": "/usr/share/doc/gamin-python-0.1.10/multiple3.py", "size_i": "2128", "regex": "false"},
	{"name_s": "/usr/share/doc/gamin-python-0.1.10/noexists.py", "size_i": "1041", "regex": "false"},
	{"name_s": "/usr/share/doc/gamin-python-0.1.10/nokernel.py", "size_i": "1411", "regex": "false"},
	{"name_s": "/usr/share/doc/gamin-python-0.1.10/python.html", "size_i": "6292", "regex": "false"},
	{"name_s": "/usr/share/doc/gamin-python-0.1.10/readonly.py", "size_i": "822", "regex": "false"}
]
