[
	{"name_s": "/bin/awk", "size_i": "4", "regex": "false"},
	{"name_s": "/bin/gawk", "size_i": "375360", "regex": "false"},
	{"name_s": "/usr/bin/awk", "size_i": "14", "regex": "false"},
	{"name_s": "/usr/bin/gawk", "size_i": "14", "regex": "false"},
	{"name_s": "/usr/bin/igawk", "size_i": "3091", "regex": "false"},
	{"name_s": "/usr/bin/pgawk", "size_i": "375360", "regex": "false"},
	{"name_s": "/usr/libexec/awk", "size_i": "4096", "regex": "false"},
	{"name_s": "/usr/libexec/awk/grcat", "size_i": "5256", "regex": "false"},
	{"name_s": "/usr/libexec/awk/pwcat", "size_i": "5008", "regex": "false"},
	{"name_s": "/usr/share/awk", "size_i": "4096", "regex": "false"},
	{"name_s": "/usr/share/awk/assert.awk", "size_i": "382", "regex": "false"},
	{"name_s": "/usr/share/awk/bits2str.awk", "size_i": "327", "regex": "false"},
	{"name_s": "/usr/share/awk/cliff_rand.awk", "size_i": "307", "regex": "false"},
	{"name_s": "/usr/share/awk/ctime.awk", "size_i": "233", "regex": "false"},
	{"name_s": "/usr/share/awk/ftrans.awk", "size_i": "317", "regex": "false"},
	{"name_s": "/usr/share/awk/getopt.awk", "size_i": "2241", "regex": "false"},
	{"name_s": "/usr/share/awk/gettime.awk", "size_i": "2491", "regex": "false"},
	{"name_s": "/usr/share/awk/group.awk", "size_i": "1810", "regex": "false"},
	{"name_s": "/usr/share/awk/join.awk", "size_i": "378", "regex": "false"},
	{"name_s": "/usr/share/awk/libintl.awk", "size_i": "238", "regex": "false"},
	{"name_s": "/usr/share/awk/nextfile.awk", "size_i": "386", "regex": "false"},
	{"name_s": "/usr/share/awk/noassign.awk", "size_i": "422", "regex": "false"},
	{"name_s": "/usr/share/awk/ord.awk", "size_i": "937", "regex": "false"},
	{"name_s": "/usr/share/awk/passwd.awk", "size_i": "1164", "regex": "false"},
	{"name_s": "/usr/share/awk/readable.awk", "size_i": "446", "regex": "false"},
	{"name_s": "/usr/share/awk/rewind.awk", "size_i": "404", "regex": "false"},
	{"name_s": "/usr/share/awk/round.awk", "size_i": "661", "regex": "false"},
	{"name_s": "/usr/share/awk/strtonum.awk", "size_i": "1455", "regex": "false"},
	{"name_s": "/usr/share/awk/zerofile.awk", "size_i": "424", "regex": "false"},
	{"name_s": "/usr/share/doc/gawk-3.1.7", "size_i": "4096", "regex": "false"},
	{"name_s": "/usr/share/doc/gawk-3.1.7/COPYING", "size_i": "35147", "regex": "false"},
	{"name_s": "/usr/share/doc/gawk-3.1.7/FUTURES", "size_i": "2829", "regex": "false"},
	{"name_s": "/usr/share/doc/gawk-3.1.7/LIMITATIONS", "size_i": "891", "regex": "false"},
	{"name_s": "/usr/share/doc/gawk-3.1.7/NEWS", "size_i": "84407", "regex": "false"},
	{"name_s": "/usr/share/doc/gawk-3.1.7/POSIX.STD", "size_i": "6397", "regex": "false"},
	{"name_s": "/usr/share/doc/gawk-3.1.7/README", "size_i": "3736", "regex": "false"},
	{"name_s": "/usr/share/doc/gawk-3.1.7/README.multibyte", "size_i": "1137", "regex": "false"},
	{"name_s": "/usr/share/doc/gawk-3.1.7/README.tests", "size_i": "1325", "regex": "false"},
	{"name_s": "/usr/share/info/gawk.info.gz", "size_i": "309777", "regex": "false"},
	{"name_s": "/usr/share/info/gawkinet.info.gz", "size_i": "67107", "regex": "false"},
	{"name_s": "/usr/share/locale/ca/LC_MESSAGES/gawk.mo", "size_i": "32595", "regex": "false"},
	{"name_s": "/usr/share/locale/da/LC_MESSAGES/gawk.mo", "size_i": "31077", "regex": "false"},
	{"name_s": "/usr/share/locale/de/LC_MESSAGES/gawk.mo", "size_i": "31188", "regex": "false"},
	{"name_s": "/usr/share/locale/es/LC_MESSAGES/gawk.mo", "size_i": "45992", "regex": "false"},
	{"name_s": "/usr/share/locale/fr/LC_MESSAGES/gawk.mo", "size_i": "41564", "regex": "false"},
	{"name_s": "/usr/share/locale/ga/LC_MESSAGES/gawk.mo", "size_i": "41715", "regex": "false"},
	{"name_s": "/usr/share/locale/he/LC_MESSAGES/gawk.mo", "size_i": "31062", "regex": "false"},
	{"name_s": "/usr/share/locale/id/LC_MESSAGES/gawk.mo", "size_i": "44590", "regex": "false"},
	{"name_s": "/usr/share/locale/it/LC_MESSAGES/gawk.mo", "size_i": "44542", "regex": "false"},
	{"name_s": "/usr/share/locale/ja/LC_MESSAGES/gawk.mo", "size_i": "39587", "regex": "false"},
	{"name_s": "/usr/share/locale/nl/LC_MESSAGES/gawk.mo", "size_i": "43108", "regex": "false"},
	{"name_s": "/usr/share/locale/pl/LC_MESSAGES/gawk.mo", "size_i": "46656", "regex": "false"},
	{"name_s": "/usr/share/locale/pt_BR/LC_MESSAGES/gawk.mo", "size_i": "36258", "regex": "false"},
	{"name_s": "/usr/share/locale/ro/LC_MESSAGES/gawk.mo", "size_i": "32093", "regex": "false"},
	{"name_s": "/usr/share/locale/rw/LC_MESSAGES/gawk.mo", "size_i": "474", "regex": "false"},
	{"name_s": "/usr/share/locale/sv/LC_MESSAGES/gawk.mo", "size_i": "41413", "regex": "false"},
	{"name_s": "/usr/share/locale/tr/LC_MESSAGES/gawk.mo", "size_i": "41831", "regex": "false"},
	{"name_s": "/usr/share/locale/vi/LC_MESSAGES/gawk.mo", "size_i": "50164", "regex": "false"},
	{"name_s": "/usr/share/locale/zh_CN/LC_MESSAGES/gawk.mo", "size_i": "42007", "regex": "false"},
	{"name_s": "/usr/share/man/man1/awk.1.gz", "size_i": "9", "regex": "false"},
	{"name_s": "/usr/share/man/man1/gawk.1.gz", "size_i": "26016", "regex": "false"},
	{"name_s": "/usr/share/man/man1/igawk.1.gz", "size_i": "657", "regex": "false"},
	{"name_s": "/usr/share/man/man1/pgawk.1.gz", "size_i": "26016", "regex": "false"}
]
