[
	{"name_s": "/usr/bin/gegl", "size_i": "22256", "regex": "false"},
	{"name_s": "/usr/lib64/gegl-0.1", "size_i": "12288", "regex": "false"},
	{"name_s": "/usr/lib64/gegl-0.1/add.so", "size_i": "8384", "regex": "false"},
	{"name_s": "/usr/lib64/gegl-0.1/affine.so", "size_i": "29384", "regex": "false"},
	{"name_s": "/usr/lib64/gegl-0.1/average.so", "size_i": "7680", "regex": "false"},
	{"name_s": "/usr/lib64/gegl-0.1/bilateral-filter.so", "size_i": "11312", "regex": "false"},
	{"name_s": "/usr/lib64/gegl-0.1/blend-reflect.so", "size_i": "7824", "regex": "false"},
	{"name_s": "/usr/lib64/gegl-0.1/box-blur.so", "size_i": "10968", "regex": "false"},
	{"name_s": "/usr/lib64/gegl-0.1/box-max.so", "size_i": "10976", "regex": "false"},
	{"name_s": "/usr/lib64/gegl-0.1/box-min.so", "size_i": "10968", "regex": "false"},
	{"name_s": "/usr/lib64/gegl-0.1/box-percentile.so", "size_i": "11112", "regex": "false"},
	{"name_s": "/usr/lib64/gegl-0.1/brightness-contrast.so", "size_i": "8848", "regex": "false"},
	{"name_s": "/usr/lib64/gegl-0.1/buffer-sink.so", "size_i": "8752", "regex": "false"},
	{"name_s": "/usr/lib64/gegl-0.1/buffer-source.so", "size_i": "9304", "regex": "false"},
	{"name_s": "/usr/lib64/gegl-0.1/c2g.so", "size_i": "12496", "regex": "false"},
	{"name_s": "/usr/lib64/gegl-0.1/checkerboard.so", "size_i": "10952", "regex": "false"},
	{"name_s": "/usr/lib64/gegl-0.1/clear.so", "size_i": "7824", "regex": "false"},
	{"name_s": "/usr/lib64/gegl-0.1/clone.so", "size_i": "8904", "regex": "false"},
	{"name_s": "/usr/lib64/gegl-0.1/color-burn.so", "size_i": "8168", "regex": "false"},
	{"name_s": "/usr/lib64/gegl-0.1/color-dodge.so", "size_i": "8296", "regex": "false"},
	{"name_s": "/usr/lib64/gegl-0.1/color-reduction.so", "size_i": "15112", "regex": "false"},
	{"name_s": "/usr/lib64/gegl-0.1/color-temperature.so", "size_i": "9904", "regex": "false"},
	{"name_s": "/usr/lib64/gegl-0.1/color.so", "size_i": "8808", "regex": "false"},
	{"name_s": "/usr/lib64/gegl-0.1/contrast-curve.so", "size_i": "9744", "regex": "false"},
	{"name_s": "/usr/lib64/gegl-0.1/convert-format.so", "size_i": "8928", "regex": "false"},
	{"name_s": "/usr/lib64/gegl-0.1/crop.so", "size_i": "10984", "regex": "false"},
	{"name_s": "/usr/lib64/gegl-0.1/darken.so", "size_i": "7872", "regex": "false"},
	{"name_s": "/usr/lib64/gegl-0.1/demosaic-bimedian.so", "size_i": "10952", "regex": "false"},
	{"name_s": "/usr/lib64/gegl-0.1/demosaic-simple.so", "size_i": "10024", "regex": "false"},
	{"name_s": "/usr/lib64/gegl-0.1/difference-of-gaussians.so", "size_i": "9304", "regex": "false"},
	{"name_s": "/usr/lib64/gegl-0.1/difference.so", "size_i": "7872", "regex": "false"},
	{"name_s": "/usr/lib64/gegl-0.1/disc-percentile.so", "size_i": "11208", "regex": "false"},
	{"name_s": "/usr/lib64/gegl-0.1/display.so", "size_i": "12320", "regex": "false"},
	{"name_s": "/usr/lib64/gegl-0.1/divide.so", "size_i": "8480", "regex": "false"},
	{"name_s": "/usr/lib64/gegl-0.1/dropshadow.so", "size_i": "10952", "regex": "false"},
	{"name_s": "/usr/lib64/gegl-0.1/dst-atop.so", "size_i": "7976", "regex": "false"},
	{"name_s": "/usr/lib64/gegl-0.1/dst-in.so", "size_i": "7888", "regex": "false"},
	{"name_s": "/usr/lib64/gegl-0.1/dst-out.so", "size_i": "7920", "regex": "false"},
	{"name_s": "/usr/lib64/gegl-0.1/dst-over.so", "size_i": "7952", "regex": "false"},
	{"name_s": "/usr/lib64/gegl-0.1/dst.so", "size_i": "7792", "regex": "false"},
	{"name_s": "/usr/lib64/gegl-0.1/exclusion.so", "size_i": "7856", "regex": "false"},
	{"name_s": "/usr/lib64/gegl-0.1/exr-load.so", "size_i": "19624", "regex": "false"},
	{"name_s": "/usr/lib64/gegl-0.1/fractal-explorer.so", "size_i": "16080", "regex": "false"},
	{"name_s": "/usr/lib64/gegl-0.1/gamma.so", "size_i": "8640", "regex": "false"},
	{"name_s": "/usr/lib64/gegl-0.1/gaussian-blur.so", "size_i": "15144", "regex": "false"},
	{"name_s": "/usr/lib64/gegl-0.1/gluas.so", "size_i": "22312", "regex": "false"},
	{"name_s": "/usr/lib64/gegl-0.1/grey.so", "size_i": "7512", "regex": "false"},
	{"name_s": "/usr/lib64/gegl-0.1/gtk-display.so", "size_i": "11984", "regex": "false"},
	{"name_s": "/usr/lib64/gegl-0.1/hard-light.so", "size_i": "8016", "regex": "false"},
	{"name_s": "/usr/lib64/gegl-0.1/hstack.so", "size_i": "9432", "regex": "false"},
	{"name_s": "/usr/lib64/gegl-0.1/introspect.so", "size_i": "11008", "regex": "false"},
	{"name_s": "/usr/lib64/gegl-0.1/invert.so", "size_i": "7536", "regex": "false"},
	{"name_s": "/usr/lib64/gegl-0.1/jpg-load.so", "size_i": "11000", "regex": "false"},
	{"name_s": "/usr/lib64/gegl-0.1/kuwahara-max.so", "size_i": "11160", "regex": "false"},
	{"name_s": "/usr/lib64/gegl-0.1/kuwahara-min.so", "size_i": "11144", "regex": "false"},
	{"name_s": "/usr/lib64/gegl-0.1/kuwahara.so", "size_i": "11320", "regex": "false"},
	{"name_s": "/usr/lib64/gegl-0.1/layer.so", "size_i": "12544", "regex": "false"},
	{"name_s": "/usr/lib64/gegl-0.1/lens-correct.so", "size_i": "12576", "regex": "false"},
	{"name_s": "/usr/lib64/gegl-0.1/levels.so", "size_i": "8720", "regex": "false"},
	{"name_s": "/usr/lib64/gegl-0.1/lighten.so", "size_i": "7872", "regex": "false"},
	{"name_s": "/usr/lib64/gegl-0.1/line-profile.so", "size_i": "12744", "regex": "false"},
	{"name_s": "/usr/lib64/gegl-0.1/linear-gradient.so", "size_i": "10952", "regex": "false"},
	{"name_s": "/usr/lib64/gegl-0.1/load.so", "size_i": "10984", "regex": "false"},
	{"name_s": "/usr/lib64/gegl-0.1/magick-load.so", "size_i": "11024", "regex": "false"},
	{"name_s": "/usr/lib64/gegl-0.1/mandelbrot.so", "size_i": "9952", "regex": "false"},
	{"name_s": "/usr/lib64/gegl-0.1/mblur.so", "size_i": "9712", "regex": "false"},
	{"name_s": "/usr/lib64/gegl-0.1/mirrors.so", "size_i": "16792", "regex": "false"},
	{"name_s": "/usr/lib64/gegl-0.1/mono-mixer.so", "size_i": "9288", "regex": "false"},
	{"name_s": "/usr/lib64/gegl-0.1/multiply.so", "size_i": "8416", "regex": "false"},
	{"name_s": "/usr/lib64/gegl-0.1/negation.so", "size_i": "7776", "regex": "false"},
	{"name_s": "/usr/lib64/gegl-0.1/noise.so", "size_i": "15160", "regex": "false"},
	{"name_s": "/usr/lib64/gegl-0.1/nop.so", "size_i": "7904", "regex": "false"},
	{"name_s": "/usr/lib64/gegl-0.1/opacity.so", "size_i": "9992", "regex": "false"},
	{"name_s": "/usr/lib64/gegl-0.1/open-buffer.so", "size_i": "9624", "regex": "false"},
	{"name_s": "/usr/lib64/gegl-0.1/openraw.so", "size_i": "10984", "regex": "false"},
	{"name_s": "/usr/lib64/gegl-0.1/over.so", "size_i": "8872", "regex": "false"},
	{"name_s": "/usr/lib64/gegl-0.1/overlay.so", "size_i": "7992", "regex": "false"},
	{"name_s": "/usr/lib64/gegl-0.1/path.so", "size_i": "17392", "regex": "false"},
	{"name_s": "/usr/lib64/gegl-0.1/pixbuf.so", "size_i": "8840", "regex": "false"},
	{"name_s": "/usr/lib64/gegl-0.1/plus.so", "size_i": "7664", "regex": "false"},
	{"name_s": "/usr/lib64/gegl-0.1/png-load.so", "size_i": "13984", "regex": "false"},
	{"name_s": "/usr/lib64/gegl-0.1/png-save.so", "size_i": "12064", "regex": "false"},
	{"name_s": "/usr/lib64/gegl-0.1/posterize.so", "size_i": "7920", "regex": "false"},
	{"name_s": "/usr/lib64/gegl-0.1/ppm-load.so", "size_i": "11744", "regex": "false"},
	{"name_s": "/usr/lib64/gegl-0.1/ppm-save.so", "size_i": "9896", "regex": "false"},
	{"name_s": "/usr/lib64/gegl-0.1/radial-gradient.so", "size_i": "10952", "regex": "false"},
	{"name_s": "/usr/lib64/gegl-0.1/raw-load.so", "size_i": "11088", "regex": "false"},
	{"name_s": "/usr/lib64/gegl-0.1/rawbayer-load.so", "size_i": "11216", "regex": "false"},
	{"name_s": "/usr/lib64/gegl-0.1/rectangle.so", "size_i": "10968", "regex": "false"},
	{"name_s": "/usr/lib64/gegl-0.1/remap.so", "size_i": "9920", "regex": "false"},
	{"name_s": "/usr/lib64/gegl-0.1/save-pixbuf.so", "size_i": "9152", "regex": "false"},
	{"name_s": "/usr/lib64/gegl-0.1/screen.so", "size_i": "7696", "regex": "false"},
	{"name_s": "/usr/lib64/gegl-0.1/snn-mean.so", "size_i": "11320", "regex": "false"},
	{"name_s": "/usr/lib64/gegl-0.1/snn-percentile.so", "size_i": "12120", "regex": "false"},
	{"name_s": "/usr/lib64/gegl-0.1/soft-burn.so", "size_i": "7864", "regex": "false"},
	{"name_s": "/usr/lib64/gegl-0.1/soft-dodge.so", "size_i": "7880", "regex": "false"},
	{"name_s": "/usr/lib64/gegl-0.1/soft-light.so", "size_i": "10872", "regex": "false"},
	{"name_s": "/usr/lib64/gegl-0.1/src-atop.so", "size_i": "7976", "regex": "false"},
	{"name_s": "/usr/lib64/gegl-0.1/src-in.so", "size_i": "8088", "regex": "false"},
	{"name_s": "/usr/lib64/gegl-0.1/src-out.so", "size_i": "7920", "regex": "false"},
	{"name_s": "/usr/lib64/gegl-0.1/src-over.so", "size_i": "7952", "regex": "false"},
	{"name_s": "/usr/lib64/gegl-0.1/src.so", "size_i": "7792", "regex": "false"},
	{"name_s": "/usr/lib64/gegl-0.1/stress.so", "size_i": "12168", "regex": "false"},
	{"name_s": "/usr/lib64/gegl-0.1/stretch-contrast.so", "size_i": "9088", "regex": "false"},
	{"name_s": "/usr/lib64/gegl-0.1/subtract.so", "size_i": "8408", "regex": "false"},
	{"name_s": "/usr/lib64/gegl-0.1/subtractive.so", "size_i": "7736", "regex": "false"},
	{"name_s": "/usr/lib64/gegl-0.1/svg-huerotate.so", "size_i": "9608", "regex": "false"},
	{"name_s": "/usr/lib64/gegl-0.1/svg-load.so", "size_i": "11504", "regex": "false"},
	{"name_s": "/usr/lib64/gegl-0.1/svg-luminancetoalpha.so", "size_i": "8712", "regex": "false"},
	{"name_s": "/usr/lib64/gegl-0.1/svg-matrix.so", "size_i": "9808", "regex": "false"},
	{"name_s": "/usr/lib64/gegl-0.1/svg-multiply.so", "size_i": "7816", "regex": "false"},
	{"name_s": "/usr/lib64/gegl-0.1/svg-saturate.so", "size_i": "9896", "regex": "false"},
	{"name_s": "/usr/lib64/gegl-0.1/text.so", "size_i": "15736", "regex": "false"},
	{"name_s": "/usr/lib64/gegl-0.1/threshold.so", "size_i": "8528", "regex": "false"},
	{"name_s": "/usr/lib64/gegl-0.1/unpremul.so", "size_i": "7192", "regex": "false"},
	{"name_s": "/usr/lib64/gegl-0.1/unsharp-mask.so", "size_i": "9456", "regex": "false"},
	{"name_s": "/usr/lib64/gegl-0.1/v4l.so", "size_i": "21488", "regex": "false"},
	{"name_s": "/usr/lib64/gegl-0.1/value-invert.so", "size_i": "7512", "regex": "false"},
	{"name_s": "/usr/lib64/gegl-0.1/weighted-blend.so", "size_i": "8488", "regex": "false"},
	{"name_s": "/usr/lib64/gegl-0.1/whitebalance.so", "size_i": "9280", "regex": "false"},
	{"name_s": "/usr/lib64/gegl-0.1/write-buffer.so", "size_i": "8336", "regex": "false"},
	{"name_s": "/usr/lib64/gegl-0.1/xor.so", "size_i": "7936", "regex": "false"},
	{"name_s": "/usr/lib64/libgegl-0.1.so.0", "size_i": "22", "regex": "false"},
	{"name_s": "/usr/lib64/libgegl-0.1.so.0.101.1", "size_i": "420008", "regex": "false"},
	{"name_s": "/usr/share/doc/gegl-0.1.2", "size_i": "4096", "regex": "false"},
	{"name_s": "/usr/share/doc/gegl-0.1.2/AUTHORS", "size_i": "916", "regex": "false"},
	{"name_s": "/usr/share/doc/gegl-0.1.2/COPYING", "size_i": "35147", "regex": "false"},
	{"name_s": "/usr/share/doc/gegl-0.1.2/COPYING.LESSER", "size_i": "7639", "regex": "false"},
	{"name_s": "/usr/share/doc/gegl-0.1.2/ChangeLog", "size_i": "70757", "regex": "false"},
	{"name_s": "/usr/share/doc/gegl-0.1.2/NEWS", "size_i": "10573", "regex": "false"},
	{"name_s": "/usr/share/doc/gegl-0.1.2/README", "size_i": "22428", "regex": "false"}
]
