[
	{"name_s": "/bin/gettext", "size_i": "24112", "regex": "false"},
	{"name_s": "/usr/bin/autopoint", "size_i": "18760", "regex": "false"},
	{"name_s": "/usr/bin/envsubst", "size_i": "24620", "regex": "false"},
	{"name_s": "/usr/bin/gettext", "size_i": "17", "regex": "false"},
	{"name_s": "/usr/bin/gettext.sh", "size_i": "4653", "regex": "false"},
	{"name_s": "/usr/bin/gettextize", "size_i": "41907", "regex": "false"},
	{"name_s": "/usr/bin/msgattrib", "size_i": "15664", "regex": "false"},
	{"name_s": "/usr/bin/msgcat", "size_i": "15376", "regex": "false"},
	{"name_s": "/usr/bin/msgcmp", "size_i": "11540", "regex": "false"},
	{"name_s": "/usr/bin/msgcomm", "size_i": "14644", "regex": "false"},
	{"name_s": "/usr/bin/msgconv", "size_i": "12560", "regex": "false"},
	{"name_s": "/usr/bin/msgen", "size_i": "12376", "regex": "false"},
	{"name_s": "/usr/bin/msgexec", "size_i": "10104", "regex": "false"},
	{"name_s": "/usr/bin/msgfilter", "size_i": "18220", "regex": "false"},
	{"name_s": "/usr/bin/msgfmt", "size_i": "59568", "regex": "false"},
	{"name_s": "/usr/bin/msggrep", "size_i": "89036", "regex": "false"},
	{"name_s": "/usr/bin/msghack", "size_i": "12806", "regex": "false"},
	{"name_s": "/usr/bin/msginit", "size_i": "32840", "regex": "false"},
	{"name_s": "/usr/bin/msgmerge", "size_i": "33008", "regex": "false"},
	{"name_s": "/usr/bin/msgunfmt", "size_i": "23376", "regex": "false"},
	{"name_s": "/usr/bin/msguniq", "size_i": "14060", "regex": "false"},
	{"name_s": "/usr/bin/ngettext", "size_i": "23836", "regex": "false"},
	{"name_s": "/usr/bin/recode-sr-latin", "size_i": "9964", "regex": "false"},
	{"name_s": "/usr/bin/xgettext", "size_i": "195732", "regex": "false"},
	{"name_s": "/usr/lib/gettext", "size_i": "4096", "regex": "false"},
	{"name_s": "/usr/lib/gettext/hostname", "size_i": "7728", "regex": "false"},
	{"name_s": "/usr/lib/gettext/project-id", "size_i": "2731", "regex": "false"},
	{"name_s": "/usr/lib/gettext/urlget", "size_i": "8828", "regex": "false"},
	{"name_s": "/usr/lib/gettext/user-email", "size_i": "14453", "regex": "false"},
	{"name_s": "/usr/lib/libgettextlib-0.17.so", "size_i": "1174216", "regex": "false"},
	{"name_s": "/usr/lib/libgettextsrc-0.17.so", "size_i": "242004", "regex": "false"},
	{"name_s": "/usr/share/doc/gettext-0.17", "size_i": "4096", "regex": "false"},
	{"name_s": "/usr/share/doc/gettext-0.17/ABOUT-NLS", "size_i": "76502", "regex": "false"},
	{"name_s": "/usr/share/doc/gettext-0.17/AUTHORS", "size_i": "477", "regex": "false"},
	{"name_s": "/usr/share/doc/gettext-0.17/BUGS", "size_i": "146", "regex": "false"},
	{"name_s": "/usr/share/doc/gettext-0.17/COPYING", "size_i": "35147", "regex": "false"},
	{"name_s": "/usr/share/doc/gettext-0.17/COPYING.LIB-2.0", "size_i": "25291", "regex": "false"},
	{"name_s": "/usr/share/doc/gettext-0.17/COPYING.LIB-2.1", "size_i": "26545", "regex": "false"},
	{"name_s": "/usr/share/doc/gettext-0.17/DISCLAIM", "size_i": "2318", "regex": "false"},
	{"name_s": "/usr/share/doc/gettext-0.17/NEWS", "size_i": "27734", "regex": "false"},
	{"name_s": "/usr/share/doc/gettext-0.17/README", "size_i": "5338", "regex": "false"},
	{"name_s": "/usr/share/doc/gettext-0.17/THANKS", "size_i": "12218", "regex": "false"},
	{"name_s": "/usr/share/doc/gettext-0.17/envsubst.1.html", "size_i": "5942", "regex": "false"},
	{"name_s": "/usr/share/doc/gettext-0.17/gettext.1.html", "size_i": "7369", "regex": "false"},
	{"name_s": "/usr/share/doc/gettext-0.17/ngettext.1.html", "size_i": "7781", "regex": "false"},
	{"name_s": "/usr/share/gettext", "size_i": "4096", "regex": "false"},
	{"name_s": "/usr/share/gettext/archive.tar.gz", "size_i": "357910", "regex": "false"},
	{"name_s": "/usr/share/gettext/intl", "size_i": "4096", "regex": "false"},
	{"name_s": "/usr/share/gettext/intl/COPYING.LIB-2.0", "size_i": "25291", "regex": "false"},
	{"name_s": "/usr/share/gettext/intl/COPYING.LIB-2.1", "size_i": "26545", "regex": "false"},
	{"name_s": "/usr/share/gettext/intl/ChangeLog", "size_i": "71", "regex": "false"},
	{"name_s": "/usr/share/gettext/intl/Makefile.in", "size_i": "20747", "regex": "false"},
	{"name_s": "/usr/share/gettext/intl/VERSION", "size_i": "38", "regex": "false"},
	{"name_s": "/usr/share/gettext/intl/bindtextdom.c", "size_i": "8954", "regex": "false"},
	{"name_s": "/usr/share/gettext/intl/config.charset", "size_i": "19990", "regex": "false"},
	{"name_s": "/usr/share/gettext/intl/dcgettext.c", "size_i": "1809", "regex": "false"},
	{"name_s": "/usr/share/gettext/intl/dcigettext.c", "size_i": "46821", "regex": "false"},
	{"name_s": "/usr/share/gettext/intl/dcngettext.c", "size_i": "1852", "regex": "false"},
	{"name_s": "/usr/share/gettext/intl/dgettext.c", "size_i": "1785", "regex": "false"},
	{"name_s": "/usr/share/gettext/intl/dngettext.c", "size_i": "1894", "regex": "false"},
	{"name_s": "/usr/share/gettext/intl/eval-plural.h", "size_i": "2786", "regex": "false"},
	{"name_s": "/usr/share/gettext/intl/explodename.c", "size_i": "3430", "regex": "false"},
	{"name_s": "/usr/share/gettext/intl/export.h", "size_i": "157", "regex": "false"},
	{"name_s": "/usr/share/gettext/intl/finddomain.c", "size_i": "6075", "regex": "false"},
	{"name_s": "/usr/share/gettext/intl/gettext.c", "size_i": "1900", "regex": "false"},
	{"name_s": "/usr/share/gettext/intl/gettextP.h", "size_i": "9356", "regex": "false"},
	{"name_s": "/usr/share/gettext/intl/gmo.h", "size_i": "4938", "regex": "false"},
	{"name_s": "/usr/share/gettext/intl/hash-string.c", "size_i": "1641", "regex": "false"},
	{"name_s": "/usr/share/gettext/intl/hash-string.h", "size_i": "1398", "regex": "false"},
	{"name_s": "/usr/share/gettext/intl/intl-compat.c", "size_i": "3476", "regex": "false"},
	{"name_s": "/usr/share/gettext/intl/intl-exports.c", "size_i": "1499", "regex": "false"},
	{"name_s": "/usr/share/gettext/intl/l10nflist.c", "size_i": "11130", "regex": "false"},
	{"name_s": "/usr/share/gettext/intl/langprefs.c", "size_i": "3837", "regex": "false"},
	{"name_s": "/usr/share/gettext/intl/libgnuintl.h.in", "size_i": "14443", "regex": "false"},
	{"name_s": "/usr/share/gettext/intl/libintl.rc", "size_i": "1691", "regex": "false"},
	{"name_s": "/usr/share/gettext/intl/loadinfo.h", "size_i": "5195", "regex": "false"},
	{"name_s": "/usr/share/gettext/intl/loadmsgcat.c", "size_i": "34240", "regex": "false"},
	{"name_s": "/usr/share/gettext/intl/localcharset.c", "size_i": "12492", "regex": "false"},
	{"name_s": "/usr/share/gettext/intl/localcharset.h", "size_i": "1395", "regex": "false"},
	{"name_s": "/usr/share/gettext/intl/locale.alias", "size_i": "2630", "regex": "false"},
	{"name_s": "/usr/share/gettext/intl/localealias.c", "size_i": "10598", "regex": "false"},
	{"name_s": "/usr/share/gettext/intl/localename.c", "size_i": "43385", "regex": "false"},
	{"name_s": "/usr/share/gettext/intl/lock.c", "size_i": "22616", "regex": "false"},
	{"name_s": "/usr/share/gettext/intl/lock.h", "size_i": "44782", "regex": "false"},
	{"name_s": "/usr/share/gettext/intl/log.c", "size_i": "3225", "regex": "false"},
	{"name_s": "/usr/share/gettext/intl/ngettext.c", "size_i": "1980", "regex": "false"},
	{"name_s": "/usr/share/gettext/intl/os2compat.c", "size_i": "2887", "regex": "false"},
	{"name_s": "/usr/share/gettext/intl/os2compat.h", "size_i": "1558", "regex": "false"},
	{"name_s": "/usr/share/gettext/intl/osdep.c", "size_i": "993", "regex": "false"},
	{"name_s": "/usr/share/gettext/intl/plural-exp.c", "size_i": "4058", "regex": "false"},
	{"name_s": "/usr/share/gettext/intl/plural-exp.h", "size_i": "4185", "regex": "false"},
	{"name_s": "/usr/share/gettext/intl/plural.c", "size_i": "50256", "regex": "false"},
	{"name_s": "/usr/share/gettext/intl/plural.y", "size_i": "7550", "regex": "false"},
	{"name_s": "/usr/share/gettext/intl/printf-args.c", "size_i": "5875", "regex": "false"},
	{"name_s": "/usr/share/gettext/intl/printf-args.h", "size_i": "3473", "regex": "false"},
	{"name_s": "/usr/share/gettext/intl/printf-parse.c", "size_i": "13872", "regex": "false"},
	{"name_s": "/usr/share/gettext/intl/printf-parse.h", "size_i": "2187", "regex": "false"},
	{"name_s": "/usr/share/gettext/intl/printf.c", "size_i": "9339", "regex": "false"},
	{"name_s": "/usr/share/gettext/intl/ref-add.sin", "size_i": "1093", "regex": "false"},
	{"name_s": "/usr/share/gettext/intl/ref-del.sin", "size_i": "1048", "regex": "false"},
	{"name_s": "/usr/share/gettext/intl/relocatable.c", "size_i": "14172", "regex": "false"},
	{"name_s": "/usr/share/gettext/intl/relocatable.h", "size_i": "2842", "regex": "false"},
	{"name_s": "/usr/share/gettext/intl/textdomain.c", "size_i": "3894", "regex": "false"},
	{"name_s": "/usr/share/gettext/intl/tsearch.c", "size_i": "18832", "regex": "false"},
	{"name_s": "/usr/share/gettext/intl/tsearch.h", "size_i": "2806", "regex": "false"},
	{"name_s": "/usr/share/gettext/intl/vasnprintf.c", "size_i": "119235", "regex": "false"},
	{"name_s": "/usr/share/gettext/intl/vasnprintf.h", "size_i": "2851", "regex": "false"},
	{"name_s": "/usr/share/gettext/intl/vasnwprintf.h", "size_i": "1734", "regex": "false"},
	{"name_s": "/usr/share/gettext/intl/version.c", "size_i": "985", "regex": "false"},
	{"name_s": "/usr/share/gettext/intl/wprintf-parse.h", "size_i": "2227", "regex": "false"},
	{"name_s": "/usr/share/gettext/intl/xsize.h", "size_i": "3542", "regex": "false"},
	{"name_s": "/usr/share/gettext/libintl.jar", "size_i": "2677", "regex": "false"},
	{"name_s": "/usr/share/gettext/po", "size_i": "4096", "regex": "false"},
	{"name_s": "/usr/share/gettext/po/Makefile.in.in", "size_i": "15188", "regex": "false"},
	{"name_s": "/usr/share/gettext/po/Makevars.template", "size_i": "1806", "regex": "false"},
	{"name_s": "/usr/share/gettext/po/Rules-quot", "size_i": "1790", "regex": "false"},
	{"name_s": "/usr/share/gettext/po/boldquot.sed", "size_i": "217", "regex": "false"},
	{"name_s": "/usr/share/gettext/po/en@boldquot.header", "size_i": "1337", "regex": "false"},
	{"name_s": "/usr/share/gettext/po/en@quot.header", "size_i": "1203", "regex": "false"},
	{"name_s": "/usr/share/gettext/po/insert-header.sin", "size_i": "672", "regex": "false"},
	{"name_s": "/usr/share/gettext/po/quot.sed", "size_i": "153", "regex": "false"},
	{"name_s": "/usr/share/gettext/po/remove-potcdate.sin", "size_i": "432", "regex": "false"},
	{"name_s": "/usr/share/gettext/styles", "size_i": "4096", "regex": "false"},
	{"name_s": "/usr/share/gettext/styles/po-default.css", "size_i": "1310", "regex": "false"},
	{"name_s": "/usr/share/gettext/styles/po-emacs-x.css", "size_i": "1155", "regex": "false"},
	{"name_s": "/usr/share/gettext/styles/po-emacs-xterm.css", "size_i": "1119", "regex": "false"},
	{"name_s": "/usr/share/gettext/styles/po-emacs-xterm16.css", "size_i": "1155", "regex": "false"},
	{"name_s": "/usr/share/gettext/styles/po-emacs-xterm256.css", "size_i": "1157", "regex": "false"},
	{"name_s": "/usr/share/gettext/styles/po-vim.css", "size_i": "1160", "regex": "false"},
	{"name_s": "/usr/share/info/gettext.info.gz", "size_i": "184240", "regex": "false"},
	{"name_s": "/usr/share/locale/be/LC_MESSAGES/gettext-runtime.mo", "size_i": "6984", "regex": "false"},
	{"name_s": "/usr/share/locale/be/LC_MESSAGES/gettext-tools.mo", "size_i": "35504", "regex": "false"},
	{"name_s": "/usr/share/locale/ca/LC_MESSAGES/gettext-runtime.mo", "size_i": "9515", "regex": "false"},
	{"name_s": "/usr/share/locale/ca/LC_MESSAGES/gettext-tools.mo", "size_i": "108744", "regex": "false"},
	{"name_s": "/usr/share/locale/cs/LC_MESSAGES/gettext-runtime.mo", "size_i": "2089", "regex": "false"},
	{"name_s": "/usr/share/locale/cs/LC_MESSAGES/gettext-tools.mo", "size_i": "9087", "regex": "false"},
	{"name_s": "/usr/share/locale/da/LC_MESSAGES/gettext-runtime.mo", "size_i": "6446", "regex": "false"},
	{"name_s": "/usr/share/locale/da/LC_MESSAGES/gettext-tools.mo", "size_i": "35153", "regex": "false"},
	{"name_s": "/usr/share/locale/de/LC_MESSAGES/gettext-runtime.mo", "size_i": "9157", "regex": "false"},
	{"name_s": "/usr/share/locale/de/LC_MESSAGES/gettext-tools.mo", "size_i": "99831", "regex": "false"},
	{"name_s": "/usr/share/locale/el/LC_MESSAGES/gettext-runtime.mo", "size_i": "2013", "regex": "false"},
	{"name_s": "/usr/share/locale/el/LC_MESSAGES/gettext-tools.mo", "size_i": "6042", "regex": "false"},
	{"name_s": "/usr/share/locale/en@boldquot/LC_MESSAGES/gettext-runtime.mo", "size_i": "9190", "regex": "false"},
	{"name_s": "/usr/share/locale/en@boldquot/LC_MESSAGES/gettext-tools.mo", "size_i": "100698", "regex": "false"},
	{"name_s": "/usr/share/locale/en@quot/LC_MESSAGES/gettext-runtime.mo", "size_i": "9102", "regex": "false"},
	{"name_s": "/usr/share/locale/en@quot/LC_MESSAGES/gettext-tools.mo", "size_i": "99130", "regex": "false"},
	{"name_s": "/usr/share/locale/eo/LC_MESSAGES/gettext-runtime.mo", "size_i": "9011", "regex": "false"},
	{"name_s": "/usr/share/locale/es/LC_MESSAGES/gettext-runtime.mo", "size_i": "9042", "regex": "false"},
	{"name_s": "/usr/share/locale/es/LC_MESSAGES/gettext-tools.mo", "size_i": "87633", "regex": "false"},
	{"name_s": "/usr/share/locale/et/LC_MESSAGES/gettext-runtime.mo", "size_i": "1996", "regex": "false"},
	{"name_s": "/usr/share/locale/et/LC_MESSAGES/gettext-tools.mo", "size_i": "8973", "regex": "false"},
	{"name_s": "/usr/share/locale/eu/LC_MESSAGES/gettext-tools.mo", "size_i": "60579", "regex": "false"},
	{"name_s": "/usr/share/locale/fi/LC_MESSAGES/gettext-runtime.mo", "size_i": "9496", "regex": "false"},
	{"name_s": "/usr/share/locale/fi/LC_MESSAGES/gettext-tools.mo", "size_i": "5795", "regex": "false"},
	{"name_s": "/usr/share/locale/fr/LC_MESSAGES/gettext-runtime.mo", "size_i": "9370", "regex": "false"},
	{"name_s": "/usr/share/locale/fr/LC_MESSAGES/gettext-tools.mo", "size_i": "110725", "regex": "false"},
	{"name_s": "/usr/share/locale/ga/LC_MESSAGES/gettext-runtime.mo", "size_i": "9209", "regex": "false"},
	{"name_s": "/usr/share/locale/gl/LC_MESSAGES/gettext-runtime.mo", "size_i": "2020", "regex": "false"},
	{"name_s": "/usr/share/locale/gl/LC_MESSAGES/gettext-tools.mo", "size_i": "9241", "regex": "false"},
	{"name_s": "/usr/share/locale/id/LC_MESSAGES/gettext-runtime.mo", "size_i": "8648", "regex": "false"},
	{"name_s": "/usr/share/locale/id/LC_MESSAGES/gettext-tools.mo", "size_i": "5629", "regex": "false"},
	{"name_s": "/usr/share/locale/it/LC_MESSAGES/gettext-runtime.mo", "size_i": "9304", "regex": "false"},
	{"name_s": "/usr/share/locale/it/LC_MESSAGES/gettext-tools.mo", "size_i": "103178", "regex": "false"},
	{"name_s": "/usr/share/locale/ja/LC_MESSAGES/gettext-runtime.mo", "size_i": "8986", "regex": "false"},
	{"name_s": "/usr/share/locale/ja/LC_MESSAGES/gettext-tools.mo", "size_i": "94673", "regex": "false"},
	{"name_s": "/usr/share/locale/ko/LC_MESSAGES/gettext-runtime.mo", "size_i": "8192", "regex": "false"},
	{"name_s": "/usr/share/locale/ko/LC_MESSAGES/gettext-tools.mo", "size_i": "94529", "regex": "false"},
	{"name_s": "/usr/share/locale/nb/LC_MESSAGES/gettext-runtime.mo", "size_i": "1974", "regex": "false"},
	{"name_s": "/usr/share/locale/nb/LC_MESSAGES/gettext-tools.mo", "size_i": "8651", "regex": "false"},
	{"name_s": "/usr/share/locale/nl/LC_MESSAGES/gettext-runtime.mo", "size_i": "9286", "regex": "false"},
	{"name_s": "/usr/share/locale/nl/LC_MESSAGES/gettext-tools.mo", "size_i": "24769", "regex": "false"},
	{"name_s": "/usr/share/locale/nn/LC_MESSAGES/gettext-runtime.mo", "size_i": "1064", "regex": "false"},
	{"name_s": "/usr/share/locale/nn/LC_MESSAGES/gettext-tools.mo", "size_i": "2660", "regex": "false"},
	{"name_s": "/usr/share/locale/pl/LC_MESSAGES/gettext-runtime.mo", "size_i": "9241", "regex": "false"},
	{"name_s": "/usr/share/locale/pl/LC_MESSAGES/gettext-tools.mo", "size_i": "101515", "regex": "false"},
	{"name_s": "/usr/share/locale/pt/LC_MESSAGES/gettext-runtime.mo", "size_i": "9070", "regex": "false"},
	{"name_s": "/usr/share/locale/pt/LC_MESSAGES/gettext-tools.mo", "size_i": "4284", "regex": "false"},
	{"name_s": "/usr/share/locale/pt_BR/LC_MESSAGES/gettext-runtime.mo", "size_i": "2023", "regex": "false"},
	{"name_s": "/usr/share/locale/pt_BR/LC_MESSAGES/gettext-tools.mo", "size_i": "7807", "regex": "false"},
	{"name_s": "/usr/share/locale/ro/LC_MESSAGES/gettext-runtime.mo", "size_i": "8669", "regex": "false"},
	{"name_s": "/usr/share/locale/ro/LC_MESSAGES/gettext-tools.mo", "size_i": "77993", "regex": "false"},
	{"name_s": "/usr/share/locale/ru/LC_MESSAGES/gettext-runtime.mo", "size_i": "8776", "regex": "false"},
	{"name_s": "/usr/share/locale/ru/LC_MESSAGES/gettext-tools.mo", "size_i": "98429", "regex": "false"},
	{"name_s": "/usr/share/locale/sk/LC_MESSAGES/gettext-runtime.mo", "size_i": "9154", "regex": "false"},
	{"name_s": "/usr/share/locale/sk/LC_MESSAGES/gettext-tools.mo", "size_i": "85311", "regex": "false"},
	{"name_s": "/usr/share/locale/sl/LC_MESSAGES/gettext-runtime.mo", "size_i": "9012", "regex": "false"},
	{"name_s": "/usr/share/locale/sl/LC_MESSAGES/gettext-tools.mo", "size_i": "101386", "regex": "false"},
	{"name_s": "/usr/share/locale/sr/LC_MESSAGES/gettext-runtime.mo", "size_i": "10711", "regex": "false"},
	{"name_s": "/usr/share/locale/sr/LC_MESSAGES/gettext-tools.mo", "size_i": "97187", "regex": "false"},
	{"name_s": "/usr/share/locale/sv/LC_MESSAGES/gettext-runtime.mo", "size_i": "9079", "regex": "false"},
	{"name_s": "/usr/share/locale/sv/LC_MESSAGES/gettext-tools.mo", "size_i": "99496", "regex": "false"},
	{"name_s": "/usr/share/locale/tr/LC_MESSAGES/gettext-runtime.mo", "size_i": "8700", "regex": "false"},
	{"name_s": "/usr/share/locale/tr/LC_MESSAGES/gettext-tools.mo", "size_i": "99768", "regex": "false"},
	{"name_s": "/usr/share/locale/uk/LC_MESSAGES/gettext-runtime.mo", "size_i": "11334", "regex": "false"},
	{"name_s": "/usr/share/locale/uk/LC_MESSAGES/gettext-tools.mo", "size_i": "126733", "regex": "false"},
	{"name_s": "/usr/share/locale/vi/LC_MESSAGES/gettext-runtime.mo", "size_i": "10322", "regex": "false"},
	{"name_s": "/usr/share/locale/vi/LC_MESSAGES/gettext-tools.mo", "size_i": "115279", "regex": "false"},
	{"name_s": "/usr/share/locale/zh_CN/LC_MESSAGES/gettext-runtime.mo", "size_i": "446", "regex": "false"},
	{"name_s": "/usr/share/locale/zh_CN/LC_MESSAGES/gettext-tools.mo", "size_i": "91993", "regex": "false"},
	{"name_s": "/usr/share/locale/zh_HK/LC_MESSAGES/gettext-runtime.mo", "size_i": "8384", "regex": "false"},
	{"name_s": "/usr/share/locale/zh_TW/LC_MESSAGES/gettext-runtime.mo", "size_i": "8383", "regex": "false"},
	{"name_s": "/usr/share/locale/zh_TW/LC_MESSAGES/gettext-tools.mo", "size_i": "73678", "regex": "false"},
	{"name_s": "/usr/share/man/man1/autopoint.1.gz", "size_i": "749", "regex": "false"},
	{"name_s": "/usr/share/man/man1/envsubst.1.gz", "size_i": "959", "regex": "false"},
	{"name_s": "/usr/share/man/man1/gettext.1.gz", "size_i": "1143", "regex": "false"},
	{"name_s": "/usr/share/man/man1/gettextize.1.gz", "size_i": "888", "regex": "false"},
	{"name_s": "/usr/share/man/man1/msgattrib.1.gz", "size_i": "1560", "regex": "false"},
	{"name_s": "/usr/share/man/man1/msgcat.1.gz", "size_i": "1807", "regex": "false"},
	{"name_s": "/usr/share/man/man1/msgcmp.1.gz", "size_i": "1187", "regex": "false"},
	{"name_s": "/usr/share/man/man1/msgcomm.1.gz", "size_i": "1663", "regex": "false"},
	{"name_s": "/usr/share/man/man1/msgconv.1.gz", "size_i": "1341", "regex": "false"},
	{"name_s": "/usr/share/man/man1/msgen.1.gz", "size_i": "1344", "regex": "false"},
	{"name_s": "/usr/share/man/man1/msgexec.1.gz", "size_i": "1103", "regex": "false"},
	{"name_s": "/usr/share/man/man1/msgfilter.1.gz", "size_i": "1475", "regex": "false"},
	{"name_s": "/usr/share/man/man1/msgfmt.1.gz", "size_i": "1816", "regex": "false"},
	{"name_s": "/usr/share/man/man1/msggrep.1.gz", "size_i": "1959", "regex": "false"},
	{"name_s": "/usr/share/man/man1/msginit.1.gz", "size_i": "1176", "regex": "false"},
	{"name_s": "/usr/share/man/man1/msgmerge.1.gz", "size_i": "2064", "regex": "false"},
	{"name_s": "/usr/share/man/man1/msgunfmt.1.gz", "size_i": "1540", "regex": "false"},
	{"name_s": "/usr/share/man/man1/msguniq.1.gz", "size_i": "1607", "regex": "false"},
	{"name_s": "/usr/share/man/man1/ngettext.1.gz", "size_i": "1144", "regex": "false"},
	{"name_s": "/usr/share/man/man1/recode-sr-latin.1.gz", "size_i": "753", "regex": "false"},
	{"name_s": "/usr/share/man/man1/xgettext.1.gz", "size_i": "2229", "regex": "false"}
]
