[
	{"name_s": "/etc/bash_completion.d/gdbus-bash-completion.sh", "size_i": "935", "regex": "false"},
	{"name_s": "/etc/bash_completion.d/gsettings-bash-completion.sh", "size_i": "951", "regex": "false"},
	{"name_s": "/etc/profile.d/glib2.csh", "size_i": "192", "regex": "false"},
	{"name_s": "/etc/profile.d/glib2.sh", "size_i": "192", "regex": "false"},
	{"name_s": "/lib64/libgio-2.0.so.0", "size_i": "22", "regex": "false"},
	{"name_s": "/lib64/libgio-2.0.so.0.2600.1", "size_i": "1112392", "regex": "false"},
	{"name_s": "/lib64/libglib-2.0.so.0", "size_i": "23", "regex": "false"},
	{"name_s": "/lib64/libglib-2.0.so.0.2600.1", "size_i": "1066448", "regex": "false"},
	{"name_s": "/lib64/libgmodule-2.0.so.0", "size_i": "26", "regex": "false"},
	{"name_s": "/lib64/libgmodule-2.0.so.0.2600.1", "size_i": "11816", "regex": "false"},
	{"name_s": "/lib64/libgobject-2.0.so.0", "size_i": "26", "regex": "false"},
	{"name_s": "/lib64/libgobject-2.0.so.0.2600.1", "size_i": "307984", "regex": "false"},
	{"name_s": "/lib64/libgthread-2.0.so.0", "size_i": "26", "regex": "false"},
	{"name_s": "/lib64/libgthread-2.0.so.0.2600.1", "size_i": "17536", "regex": "false"},
	{"name_s": "/usr/bin/gdbus", "size_i": "30032", "regex": "false"},
	{"name_s": "/usr/bin/gio-querymodules-64", "size_i": "7536", "regex": "false"},
	{"name_s": "/usr/bin/glib-compile-schemas", "size_i": "38304", "regex": "false"},
	{"name_s": "/usr/bin/gsettings", "size_i": "15360", "regex": "false"},
	{"name_s": "/usr/bin/update-gio-modules", "size_i": "319", "regex": "false"},
	{"name_s": "/usr/lib64/gio", "size_i": "4096", "regex": "false"},
	{"name_s": "/usr/lib64/gio/modules", "size_i": "4096", "regex": "false"},
	{"name_s": "/usr/lib64/gio/modules/libgiofam.so", "size_i": "13232", "regex": "false"},
	{"name_s": "/usr/share/doc/glib2-2.26.1", "size_i": "4096", "regex": "false"},
	{"name_s": "/usr/share/doc/glib2-2.26.1/AUTHORS", "size_i": "1344", "regex": "false"},
	{"name_s": "/usr/share/doc/glib2-2.26.1/COPYING", "size_i": "25292", "regex": "false"},
	{"name_s": "/usr/share/doc/glib2-2.26.1/NEWS", "size_i": "852", "regex": "false"},
	{"name_s": "/usr/share/doc/glib2-2.26.1/README", "size_i": "9349", "regex": "false"},
	{"name_s": "/usr/share/glib-2.0", "size_i": "4096", "regex": "false"},
	{"name_s": "/usr/share/glib-2.0/schemas", "size_i": "4096", "regex": "false"},
	{"name_s": "/usr/share/locale/af/LC_MESSAGES/glib20.mo", "size_i": "4896", "regex": "false"},
	{"name_s": "/usr/share/locale/am/LC_MESSAGES/glib20.mo", "size_i": "653", "regex": "false"},
	{"name_s": "/usr/share/locale/ar/LC_MESSAGES/glib20.mo", "size_i": "45836", "regex": "false"},
	{"name_s": "/usr/share/locale/as/LC_MESSAGES/glib20.mo", "size_i": "62489", "regex": "false"},
	{"name_s": "/usr/share/locale/ast/LC_MESSAGES/glib20.mo", "size_i": "44970", "regex": "false"},
	{"name_s": "/usr/share/locale/az/LC_MESSAGES/glib20.mo", "size_i": "10930", "regex": "false"},
	{"name_s": "/usr/share/locale/be/LC_MESSAGES/glib20.mo", "size_i": "19914", "regex": "false"},
	{"name_s": "/usr/share/locale/be@latin/LC_MESSAGES/glib20.mo", "size_i": "35728", "regex": "false"},
	{"name_s": "/usr/share/locale/bg/LC_MESSAGES/glib20.mo", "size_i": "102154", "regex": "false"},
	{"name_s": "/usr/share/locale/bn/LC_MESSAGES/glib20.mo", "size_i": "70640", "regex": "false"},
	{"name_s": "/usr/share/locale/bn_IN/LC_MESSAGES/glib20.mo", "size_i": "67046", "regex": "false"},
	{"name_s": "/usr/share/locale/bs/LC_MESSAGES/glib20.mo", "size_i": "10596", "regex": "false"},
	{"name_s": "/usr/share/locale/ca/LC_MESSAGES/glib20.mo", "size_i": "47622", "regex": "false"},
	{"name_s": "/usr/share/locale/ca@valencia/LC_MESSAGES/glib20.mo", "size_i": "47625", "regex": "false"},
	{"name_s": "/usr/share/locale/cs/LC_MESSAGES/glib20.mo", "size_i": "76738", "regex": "false"},
	{"name_s": "/usr/share/locale/cy/LC_MESSAGES/glib20.mo", "size_i": "25655", "regex": "false"},
	{"name_s": "/usr/share/locale/da/LC_MESSAGES/glib20.mo", "size_i": "75010", "regex": "false"},
	{"name_s": "/usr/share/locale/de/LC_MESSAGES/glib20.mo", "size_i": "80921", "regex": "false"},
	{"name_s": "/usr/share/locale/dz/LC_MESSAGES/glib20.mo", "size_i": "32283", "regex": "false"},
	{"name_s": "/usr/share/locale/el/LC_MESSAGES/glib20.mo", "size_i": "104799", "regex": "false"},
	{"name_s": "/usr/share/locale/en@shaw/LC_MESSAGES/glib20.mo", "size_i": "72731", "regex": "false"},
	{"name_s": "/usr/share/locale/en_CA/LC_MESSAGES/glib20.mo", "size_i": "32443", "regex": "false"},
	{"name_s": "/usr/share/locale/en_GB/LC_MESSAGES/glib20.mo", "size_i": "72806", "regex": "false"},
	{"name_s": "/usr/share/locale/eo/LC_MESSAGES/glib20.mo", "size_i": "33479", "regex": "false"},
	{"name_s": "/usr/share/locale/es/LC_MESSAGES/glib20.mo", "size_i": "80578", "regex": "false"},
	{"name_s": "/usr/share/locale/et/LC_MESSAGES/glib20.mo", "size_i": "47230", "regex": "false"},
	{"name_s": "/usr/share/locale/eu/LC_MESSAGES/glib20.mo", "size_i": "75927", "regex": "false"},
	{"name_s": "/usr/share/locale/fa/LC_MESSAGES/glib20.mo", "size_i": "21650", "regex": "false"},
	{"name_s": "/usr/share/locale/fi/LC_MESSAGES/glib20.mo", "size_i": "47221", "regex": "false"},
	{"name_s": "/usr/share/locale/fr/LC_MESSAGES/glib20.mo", "size_i": "84448", "regex": "false"},
	{"name_s": "/usr/share/locale/ga/LC_MESSAGES/glib20.mo", "size_i": "10691", "regex": "false"},
	{"name_s": "/usr/share/locale/gl/LC_MESSAGES/glib20.mo", "size_i": "80977", "regex": "false"},
	{"name_s": "/usr/share/locale/gu/LC_MESSAGES/glib20.mo", "size_i": "64744", "regex": "false"},
	{"name_s": "/usr/share/locale/he/LC_MESSAGES/glib20.mo", "size_i": "72794", "regex": "false"},
	{"name_s": "/usr/share/locale/hi/LC_MESSAGES/glib20.mo", "size_i": "63720", "regex": "false"},
	{"name_s": "/usr/share/locale/hr/LC_MESSAGES/glib20.mo", "size_i": "15675", "regex": "false"},
	{"name_s": "/usr/share/locale/hu/LC_MESSAGES/glib20.mo", "size_i": "81216", "regex": "false"},
	{"name_s": "/usr/share/locale/hy/LC_MESSAGES/glib20.mo", "size_i": "95179", "regex": "false"},
	{"name_s": "/usr/share/locale/id/LC_MESSAGES/glib20.mo", "size_i": "75542", "regex": "false"},
	{"name_s": "/usr/share/locale/is/LC_MESSAGES/glib20.mo", "size_i": "10034", "regex": "false"},
	{"name_s": "/usr/share/locale/it/LC_MESSAGES/glib20.mo", "size_i": "63224", "regex": "false"},
	{"name_s": "/usr/share/locale/ja/LC_MESSAGES/glib20.mo", "size_i": "80413", "regex": "false"},
	{"name_s": "/usr/share/locale/ka/LC_MESSAGES/glib20.mo", "size_i": "32223", "regex": "false"},
	{"name_s": "/usr/share/locale/kk/LC_MESSAGES/glib20.mo", "size_i": "5390", "regex": "false"},
	{"name_s": "/usr/share/locale/kn/LC_MESSAGES/glib20.mo", "size_i": "71373", "regex": "false"},
	{"name_s": "/usr/share/locale/ko/LC_MESSAGES/glib20.mo", "size_i": "82681", "regex": "false"},
	{"name_s": "/usr/share/locale/ku/LC_MESSAGES/glib20.mo", "size_i": "1107", "regex": "false"},
	{"name_s": "/usr/share/locale/lt/LC_MESSAGES/glib20.mo", "size_i": "77067", "regex": "false"},
	{"name_s": "/usr/share/locale/lv/LC_MESSAGES/glib20.mo", "size_i": "10291", "regex": "false"},
	{"name_s": "/usr/share/locale/mai/LC_MESSAGES/glib20.mo", "size_i": "41277", "regex": "false"},
	{"name_s": "/usr/share/locale/mg/LC_MESSAGES/glib20.mo", "size_i": "17858", "regex": "false"},
	{"name_s": "/usr/share/locale/mk/LC_MESSAGES/glib20.mo", "size_i": "46623", "regex": "false"},
	{"name_s": "/usr/share/locale/ml/LC_MESSAGES/glib20.mo", "size_i": "75041", "regex": "false"},
	{"name_s": "/usr/share/locale/mn/LC_MESSAGES/glib20.mo", "size_i": "17308", "regex": "false"},
	{"name_s": "/usr/share/locale/mr/LC_MESSAGES/glib20.mo", "size_i": "65366", "regex": "false"},
	{"name_s": "/usr/share/locale/ms/LC_MESSAGES/glib20.mo", "size_i": "10220", "regex": "false"},
	{"name_s": "/usr/share/locale/nb/LC_MESSAGES/glib20.mo", "size_i": "59606", "regex": "false"},
	{"name_s": "/usr/share/locale/nds/LC_MESSAGES/glib20.mo", "size_i": "4710", "regex": "false"},
	{"name_s": "/usr/share/locale/ne/LC_MESSAGES/glib20.mo", "size_i": "23563", "regex": "false"},
	{"name_s": "/usr/share/locale/nl/LC_MESSAGES/glib20.mo", "size_i": "52140", "regex": "false"},
	{"name_s": "/usr/share/locale/nn/LC_MESSAGES/glib20.mo", "size_i": "33763", "regex": "false"},
	{"name_s": "/usr/share/locale/oc/LC_MESSAGES/glib20.mo", "size_i": "1249", "regex": "false"},
	{"name_s": "/usr/share/locale/or/LC_MESSAGES/glib20.mo", "size_i": "65787", "regex": "false"},
	{"name_s": "/usr/share/locale/pa/LC_MESSAGES/glib20.mo", "size_i": "105138", "regex": "false"},
	{"name_s": "/usr/share/locale/pl/LC_MESSAGES/glib20.mo", "size_i": "80152", "regex": "false"},
	{"name_s": "/usr/share/locale/ps/LC_MESSAGES/glib20.mo", "size_i": "9790", "regex": "false"},
	{"name_s": "/usr/share/locale/pt/LC_MESSAGES/glib20.mo", "size_i": "78118", "regex": "false"},
	{"name_s": "/usr/share/locale/pt_BR/LC_MESSAGES/glib20.mo", "size_i": "77919", "regex": "false"},
	{"name_s": "/usr/share/locale/ro/LC_MESSAGES/glib20.mo", "size_i": "79562", "regex": "false"},
	{"name_s": "/usr/share/locale/ru/LC_MESSAGES/glib20.mo", "size_i": "102379", "regex": "false"},
	{"name_s": "/usr/share/locale/rw/LC_MESSAGES/glib20.mo", "size_i": "443", "regex": "false"},
	{"name_s": "/usr/share/locale/si/LC_MESSAGES/glib20.mo", "size_i": "9251", "regex": "false"},
	{"name_s": "/usr/share/locale/sk/LC_MESSAGES/glib20.mo", "size_i": "21222", "regex": "false"},
	{"name_s": "/usr/share/locale/sl/LC_MESSAGES/glib20.mo", "size_i": "75927", "regex": "false"},
	{"name_s": "/usr/share/locale/sq/LC_MESSAGES/glib20.mo", "size_i": "36368", "regex": "false"},
	{"name_s": "/usr/share/locale/sr/LC_MESSAGES/glib20.mo", "size_i": "97304", "regex": "false"},
	{"name_s": "/usr/share/locale/sr@ije/LC_MESSAGES/glib20.mo", "size_i": "13747", "regex": "false"},
	{"name_s": "/usr/share/locale/sr@latin/LC_MESSAGES/glib20.mo", "size_i": "76670", "regex": "false"},
	{"name_s": "/usr/share/locale/sv/LC_MESSAGES/glib20.mo", "size_i": "57696", "regex": "false"},
	{"name_s": "/usr/share/locale/ta/LC_MESSAGES/glib20.mo", "size_i": "66878", "regex": "false"},
	{"name_s": "/usr/share/locale/te/LC_MESSAGES/glib20.mo", "size_i": "66976", "regex": "false"},
	{"name_s": "/usr/share/locale/th/LC_MESSAGES/glib20.mo", "size_i": "67852", "regex": "false"},
	{"name_s": "/usr/share/locale/tl/LC_MESSAGES/glib20.mo", "size_i": "16011", "regex": "false"},
	{"name_s": "/usr/share/locale/tr/LC_MESSAGES/glib20.mo", "size_i": "41560", "regex": "false"},
	{"name_s": "/usr/share/locale/tt/LC_MESSAGES/glib20.mo", "size_i": "5257", "regex": "false"},
	{"name_s": "/usr/share/locale/uk/LC_MESSAGES/glib20.mo", "size_i": "58382", "regex": "false"},
	{"name_s": "/usr/share/locale/vi/LC_MESSAGES/glib20.mo", "size_i": "48196", "regex": "false"},
	{"name_s": "/usr/share/locale/wa/LC_MESSAGES/glib20.mo", "size_i": "4486", "regex": "false"},
	{"name_s": "/usr/share/locale/xh/LC_MESSAGES/glib20.mo", "size_i": "14200", "regex": "false"},
	{"name_s": "/usr/share/locale/yi/LC_MESSAGES/glib20.mo", "size_i": "13844", "regex": "false"},
	{"name_s": "/usr/share/locale/zh_CN/LC_MESSAGES/glib20.mo", "size_i": "69921", "regex": "false"},
	{"name_s": "/usr/share/locale/zh_HK/LC_MESSAGES/glib20.mo", "size_i": "72582", "regex": "false"},
	{"name_s": "/usr/share/locale/zh_TW/LC_MESSAGES/glib20.mo", "size_i": "72537", "regex": "false"},
	{"name_s": "/usr/share/man/man1/gdbus.1.gz", "size_i": "2371", "regex": "false"},
	{"name_s": "/usr/share/man/man1/gio-querymodules.1.gz", "size_i": "732", "regex": "false"},
	{"name_s": "/usr/share/man/man1/glib-compile-schemas.1.gz", "size_i": "1194", "regex": "false"},
	{"name_s": "/usr/share/man/man1/gsettings.1.gz", "size_i": "1103", "regex": "false"}
]
