[
	{"name_s": "/usr/include/gnu/stubs-64.h", "size_i": "604", "regex": "false"},
	{"name_s": "/usr/lib64/Mcrt1.o", "size_i": "616", "regex": "false"},
	{"name_s": "/usr/lib64/Scrt1.o", "size_i": "1696", "regex": "false"},
	{"name_s": "/usr/lib64/crt1.o", "size_i": "1648", "regex": "false"},
	{"name_s": "/usr/lib64/crti.o", "size_i": "1504", "regex": "false"},
	{"name_s": "/usr/lib64/crtn.o", "size_i": "760", "regex": "false"},
	{"name_s": "/usr/lib64/gcrt1.o", "size_i": "2392", "regex": "false"},
	{"name_s": "/usr/lib64/libBrokenLocale.so", "size_i": "32", "regex": "false"},
	{"name_s": "/usr/lib64/libanl.so", "size_i": "23", "regex": "false"},
	{"name_s": "/usr/lib64/libbsd-compat.a", "size_i": "1338", "regex": "false"},
	{"name_s": "/usr/lib64/libbsd.a", "size_i": "15", "regex": "false"},
	{"name_s": "/usr/lib64/libc.so", "size_i": "253", "regex": "false"},
	{"name_s": "/usr/lib64/libc_nonshared.a", "size_i": "22854", "regex": "false"},
	{"name_s": "/usr/lib64/libcidn.so", "size_i": "24", "regex": "false"},
	{"name_s": "/usr/lib64/libcrypt.so", "size_i": "25", "regex": "false"},
	{"name_s": "/usr/lib64/libdl.so", "size_i": "22", "regex": "false"},
	{"name_s": "/usr/lib64/libg.a", "size_i": "1338", "regex": "false"},
	{"name_s": "/usr/lib64/libieee.a", "size_i": "2848", "regex": "false"},
	{"name_s": "/usr/lib64/libm.so", "size_i": "21", "regex": "false"},
	{"name_s": "/usr/lib64/libmcheck.a", "size_i": "11776", "regex": "false"},
	{"name_s": "/usr/lib64/libnsl.so", "size_i": "23", "regex": "false"},
	{"name_s": "/usr/lib64/libnss_compat.so", "size_i": "30", "regex": "false"},
	{"name_s": "/usr/lib64/libnss_dns.so", "size_i": "27", "regex": "false"},
	{"name_s": "/usr/lib64/libnss_files.so", "size_i": "29", "regex": "false"},
	{"name_s": "/usr/lib64/libnss_hesiod.so", "size_i": "30", "regex": "false"},
	{"name_s": "/usr/lib64/libnss_nis.so", "size_i": "27", "regex": "false"},
	{"name_s": "/usr/lib64/libnss_nisplus.so", "size_i": "31", "regex": "false"},
	{"name_s": "/usr/lib64/libpthread.so", "size_i": "222", "regex": "false"},
	{"name_s": "/usr/lib64/libpthread_nonshared.a", "size_i": "1780", "regex": "false"},
	{"name_s": "/usr/lib64/libresolv.so", "size_i": "26", "regex": "false"},
	{"name_s": "/usr/lib64/librpcsvc.a", "size_i": "54974", "regex": "false"},
	{"name_s": "/usr/lib64/librt.so", "size_i": "22", "regex": "false"},
	{"name_s": "/usr/lib64/libthread_db.so", "size_i": "29", "regex": "false"},
	{"name_s": "/usr/lib64/libutil.so", "size_i": "24", "regex": "false"},
	{"name_s": "/usr/share/info/libc.info-1.gz", "size_i": "93983", "regex": "false"},
	{"name_s": "/usr/share/info/libc.info-10.gz", "size_i": "48899", "regex": "false"},
	{"name_s": "/usr/share/info/libc.info-11.gz", "size_i": "27086", "regex": "false"},
	{"name_s": "/usr/share/info/libc.info-2.gz", "size_i": "92622", "regex": "false"},
	{"name_s": "/usr/share/info/libc.info-3.gz", "size_i": "92898", "regex": "false"},
	{"name_s": "/usr/share/info/libc.info-4.gz", "size_i": "89284", "regex": "false"},
	{"name_s": "/usr/share/info/libc.info-5.gz", "size_i": "80454", "regex": "false"},
	{"name_s": "/usr/share/info/libc.info-6.gz", "size_i": "93052", "regex": "false"},
	{"name_s": "/usr/share/info/libc.info-7.gz", "size_i": "94403", "regex": "false"},
	{"name_s": "/usr/share/info/libc.info-8.gz", "size_i": "80095", "regex": "false"},
	{"name_s": "/usr/share/info/libc.info-9.gz", "size_i": "70494", "regex": "false"},
	{"name_s": "/usr/share/info/libc.info.gz", "size_i": "18853", "regex": "false"}
]
