[
	{"name_s": "/etc/gconf/schemas/baobab.schemas", "size_i": "2392", "regex": "false"},
	{"name_s": "/etc/gconf/schemas/gnome-dictionary.schemas", "size_i": "8064", "regex": "false"},
	{"name_s": "/etc/gconf/schemas/gnome-screenshot.schemas", "size_i": "2940", "regex": "false"},
	{"name_s": "/etc/gconf/schemas/gnome-search-tool.schemas", "size_i": "14478", "regex": "false"},
	{"name_s": "/usr/bin/baobab", "size_i": "131320", "regex": "false"},
	{"name_s": "/usr/bin/gnome-dictionary", "size_i": "104256", "regex": "false"},
	{"name_s": "/usr/bin/gnome-panel-screenshot", "size_i": "16", "regex": "false"},
	{"name_s": "/usr/bin/gnome-screenshot", "size_i": "62736", "regex": "false"},
	{"name_s": "/usr/bin/gnome-search-tool", "size_i": "177432", "regex": "false"},
	{"name_s": "/usr/lib64/bonobo/servers/GNOME_DictionaryApplet.server", "size_i": "30529", "regex": "false"},
	{"name_s": "/usr/libexec/gnome-dictionary-applet", "size_i": "83616", "regex": "false"},
	{"name_s": "/usr/share/applications/gnome-baobab.desktop", "size_i": "13455", "regex": "false"},
	{"name_s": "/usr/share/applications/gnome-dictionary.desktop", "size_i": "9004", "regex": "false"},
	{"name_s": "/usr/share/applications/gnome-screenshot.desktop", "size_i": "9513", "regex": "false"},
	{"name_s": "/usr/share/applications/gnome-search-tool.desktop", "size_i": "11735", "regex": "false"},
	{"name_s": "/usr/share/baobab", "size_i": "4096", "regex": "false"},
	{"name_s": "/usr/share/baobab/baobab-dialog-scan-props.ui", "size_i": "8924", "regex": "false"},
	{"name_s": "/usr/share/baobab/baobab-main-window.ui", "size_i": "22539", "regex": "false"},
	{"name_s": "/usr/share/baobab/pixmaps", "size_i": "4096", "regex": "false"},
	{"name_s": "/usr/share/baobab/pixmaps/shot.png", "size_i": "1248", "regex": "false"},
	{"name_s": "/usr/share/doc/gnome-utils-2.28.1", "size_i": "4096", "regex": "false"},
	{"name_s": "/usr/share/doc/gnome-utils-2.28.1/AUTHORS", "size_i": "289", "regex": "false"},
	{"name_s": "/usr/share/doc/gnome-utils-2.28.1/COPYING", "size_i": "35147", "regex": "false"},
	{"name_s": "/usr/share/doc/gnome-utils-2.28.1/NEWS", "size_i": "109362", "regex": "false"},
	{"name_s": "/usr/share/doc/gnome-utils-2.28.1/README", "size_i": "1836", "regex": "false"},
	{"name_s": "/usr/share/gdict-1.0", "size_i": "4096", "regex": "false"},
	{"name_s": "/usr/share/gdict-1.0/sources", "size_i": "4096", "regex": "false"},
	{"name_s": "/usr/share/gdict-1.0/sources/default.desktop", "size_i": "4222", "regex": "false"},
	{"name_s": "/usr/share/gdict-1.0/sources/spanish.desktop", "size_i": "3328", "regex": "false"},
	{"name_s": "/usr/share/gdict-1.0/sources/thai.desktop", "size_i": "3937", "regex": "false"},
	{"name_s": "/usr/share/gnome-2.0/ui/GNOME_DictionaryApplet.xml", "size_i": "860", "regex": "false"},
	{"name_s": "/usr/share/gnome-dictionary", "size_i": "4096", "regex": "false"},
	{"name_s": "/usr/share/gnome-dictionary/gnome-dictionary-preferences.ui", "size_i": "11236", "regex": "false"},
	{"name_s": "/usr/share/gnome-dictionary/gnome-dictionary-source.ui", "size_i": "15597", "regex": "false"},
	{"name_s": "/usr/share/gnome-dictionary/gnome-dictionary-ui.xml", "size_i": "2006", "regex": "false"},
	{"name_s": "/usr/share/gnome-screenshot", "size_i": "4096", "regex": "false"},
	{"name_s": "/usr/share/gnome-screenshot/gnome-screenshot.ui", "size_i": "13187", "regex": "false"},
	{"name_s": "/usr/share/gnome/help/baobab", "size_i": "4096", "regex": "false"},
	{"name_s": "/usr/share/gnome/help/baobab/C", "size_i": "4096", "regex": "false"},
	{"name_s": "/usr/share/gnome/help/baobab/C/baobab.xml", "size_i": "17631", "regex": "false"},
	{"name_s": "/usr/share/gnome/help/baobab/C/figures", "size_i": "4096", "regex": "false"},
	{"name_s": "/usr/share/gnome/help/baobab/C/figures/baobab_fullscan.png", "size_i": "97248", "regex": "false"},
	{"name_s": "/usr/share/gnome/help/baobab/C/figures/baobab_prefs.png", "size_i": "18274", "regex": "false"},
	{"name_s": "/usr/share/gnome/help/baobab/C/figures/baobab_remote.png", "size_i": "12299", "regex": "false"},
	{"name_s": "/usr/share/gnome/help/baobab/C/figures/baobab_ringschart1.png", "size_i": "32914", "regex": "false"},
	{"name_s": "/usr/share/gnome/help/baobab/C/figures/baobab_ringschart2.png", "size_i": "40062", "regex": "false"},
	{"name_s": "/usr/share/gnome/help/baobab/C/figures/baobab_treemaps.png", "size_i": "7174", "regex": "false"},
	{"name_s": "/usr/share/gnome/help/baobab/C/figures/baobab_window.png", "size_i": "24797", "regex": "false"},
	{"name_s": "/usr/share/gnome/help/baobab/C/legal.xml", "size_i": "3672", "regex": "false"},
	{"name_s": "/usr/share/gnome/help/baobab/ca", "size_i": "4096", "regex": "false"},
	{"name_s": "/usr/share/gnome/help/baobab/ca/baobab.xml", "size_i": "22361", "regex": "false"},
	{"name_s": "/usr/share/gnome/help/baobab/ca/figures", "size_i": "4096", "regex": "false"},
	{"name_s": "/usr/share/gnome/help/baobab/ca/figures/baobab_fullscan.png", "size_i": "35", "regex": "false"},
	{"name_s": "/usr/share/gnome/help/baobab/ca/figures/baobab_prefs.png", "size_i": "32", "regex": "false"},
	{"name_s": "/usr/share/gnome/help/baobab/ca/figures/baobab_remote.png", "size_i": "33", "regex": "false"},
	{"name_s": "/usr/share/gnome/help/baobab/ca/figures/baobab_ringschart1.png", "size_i": "38", "regex": "false"},
	{"name_s": "/usr/share/gnome/help/baobab/ca/figures/baobab_ringschart2.png", "size_i": "38", "regex": "false"},
	{"name_s": "/usr/share/gnome/help/baobab/ca/figures/baobab_treemaps.png", "size_i": "35", "regex": "false"},
	{"name_s": "/usr/share/gnome/help/baobab/ca/figures/baobab_window.png", "size_i": "33", "regex": "false"},
	{"name_s": "/usr/share/gnome/help/baobab/cs", "size_i": "4096", "regex": "false"},
	{"name_s": "/usr/share/gnome/help/baobab/cs/baobab.xml", "size_i": "21775", "regex": "false"},
	{"name_s": "/usr/share/gnome/help/baobab/cs/figures", "size_i": "4096", "regex": "false"},
	{"name_s": "/usr/share/gnome/help/baobab/cs/figures/baobab_fullscan.png", "size_i": "35", "regex": "false"},
	{"name_s": "/usr/share/gnome/help/baobab/cs/figures/baobab_prefs.png", "size_i": "32", "regex": "false"},
	{"name_s": "/usr/share/gnome/help/baobab/cs/figures/baobab_remote.png", "size_i": "33", "regex": "false"},
	{"name_s": "/usr/share/gnome/help/baobab/cs/figures/baobab_ringschart1.png", "size_i": "38", "regex": "false"},
	{"name_s": "/usr/share/gnome/help/baobab/cs/figures/baobab_ringschart2.png", "size_i": "38", "regex": "false"},
	{"name_s": "/usr/share/gnome/help/baobab/cs/figures/baobab_treemaps.png", "size_i": "35", "regex": "false"},
	{"name_s": "/usr/share/gnome/help/baobab/cs/figures/baobab_window.png", "size_i": "33", "regex": "false"},
	{"name_s": "/usr/share/gnome/help/baobab/da", "size_i": "4096", "regex": "false"},
	{"name_s": "/usr/share/gnome/help/baobab/da/baobab.xml", "size_i": "20946", "regex": "false"},
	{"name_s": "/usr/share/gnome/help/baobab/da/figures", "size_i": "4096", "regex": "false"},
	{"name_s": "/usr/share/gnome/help/baobab/da/figures/baobab_fullscan.png", "size_i": "35", "regex": "false"},
	{"name_s": "/usr/share/gnome/help/baobab/da/figures/baobab_prefs.png", "size_i": "32", "regex": "false"},
	{"name_s": "/usr/share/gnome/help/baobab/da/figures/baobab_remote.png", "size_i": "33", "regex": "false"},
	{"name_s": "/usr/share/gnome/help/baobab/da/figures/baobab_ringschart1.png", "size_i": "38", "regex": "false"},
	{"name_s": "/usr/share/gnome/help/baobab/da/figures/baobab_ringschart2.png", "size_i": "38", "regex": "false"},
	{"name_s": "/usr/share/gnome/help/baobab/da/figures/baobab_treemaps.png", "size_i": "35", "regex": "false"},
	{"name_s": "/usr/share/gnome/help/baobab/da/figures/baobab_window.png", "size_i": "33", "regex": "false"},
	{"name_s": "/usr/share/gnome/help/baobab/de", "size_i": "4096", "regex": "false"},
	{"name_s": "/usr/share/gnome/help/baobab/de/baobab.xml", "size_i": "23274", "regex": "false"},
	{"name_s": "/usr/share/gnome/help/baobab/de/figures", "size_i": "4096", "regex": "false"},
	{"name_s": "/usr/share/gnome/help/baobab/de/figures/baobab_fullscan.png", "size_i": "119303", "regex": "false"},
	{"name_s": "/usr/share/gnome/help/baobab/de/figures/baobab_prefs.png", "size_i": "26847", "regex": "false"},
	{"name_s": "/usr/share/gnome/help/baobab/de/figures/baobab_remote.png", "size_i": "16584", "regex": "false"},
	{"name_s": "/usr/share/gnome/help/baobab/de/figures/baobab_ringschart1.png", "size_i": "38", "regex": "false"},
	{"name_s": "/usr/share/gnome/help/baobab/de/figures/baobab_ringschart2.png", "size_i": "38", "regex": "false"},
	{"name_s": "/usr/share/gnome/help/baobab/de/figures/baobab_treemaps.png", "size_i": "35", "regex": "false"},
	{"name_s": "/usr/share/gnome/help/baobab/de/figures/baobab_window.png", "size_i": "32487", "regex": "false"},
	{"name_s": "/usr/share/gnome/help/baobab/el", "size_i": "4096", "regex": "false"},
	{"name_s": "/usr/share/gnome/help/baobab/el/baobab.xml", "size_i": "33099", "regex": "false"},
	{"name_s": "/usr/share/gnome/help/baobab/el/figures", "size_i": "4096", "regex": "false"},
	{"name_s": "/usr/share/gnome/help/baobab/el/figures/baobab_fullscan.png", "size_i": "87254", "regex": "false"},
	{"name_s": "/usr/share/gnome/help/baobab/el/figures/baobab_prefs.png", "size_i": "30495", "regex": "false"},
	{"name_s": "/usr/share/gnome/help/baobab/el/figures/baobab_remote.png", "size_i": "20926", "regex": "false"},
	{"name_s": "/usr/share/gnome/help/baobab/el/figures/baobab_ringschart1.png", "size_i": "38", "regex": "false"},
	{"name_s": "/usr/share/gnome/help/baobab/el/figures/baobab_ringschart2.png", "size_i": "38", "regex": "false"},
	{"name_s": "/usr/share/gnome/help/baobab/el/figures/baobab_treemaps.png", "size_i": "35", "regex": "false"},
	{"name_s": "/usr/share/gnome/help/baobab/el/figures/baobab_window.png", "size_i": "31848", "regex": "false"},
	{"name_s": "/usr/share/gnome/help/baobab/en_GB", "size_i": "4096", "regex": "false"},
	{"name_s": "/usr/share/gnome/help/baobab/en_GB/baobab.xml", "size_i": "20362", "regex": "false"},
	{"name_s": "/usr/share/gnome/help/baobab/en_GB/figures", "size_i": "4096", "regex": "false"},
	{"name_s": "/usr/share/gnome/help/baobab/en_GB/figures/baobab_fullscan.png", "size_i": "35", "regex": "false"},
	{"name_s": "/usr/share/gnome/help/baobab/en_GB/figures/baobab_prefs.png", "size_i": "32", "regex": "false"},
	{"name_s": "/usr/share/gnome/help/baobab/en_GB/figures/baobab_remote.png", "size_i": "33", "regex": "false"},
	{"name_s": "/usr/share/gnome/help/baobab/en_GB/figures/baobab_ringschart1.png", "size_i": "38", "regex": "false"},
	{"name_s": "/usr/share/gnome/help/baobab/en_GB/figures/baobab_ringschart2.png", "size_i": "38", "regex": "false"},
	{"name_s": "/usr/share/gnome/help/baobab/en_GB/figures/baobab_treemaps.png", "size_i": "35", "regex": "false"},
	{"name_s": "/usr/share/gnome/help/baobab/en_GB/figures/baobab_window.png", "size_i": "33", "regex": "false"},
	{"name_s": "/usr/share/gnome/help/baobab/es", "size_i": "4096", "regex": "false"},
	{"name_s": "/usr/share/gnome/help/baobab/es/baobab.xml", "size_i": "22788", "regex": "false"},
	{"name_s": "/usr/share/gnome/help/baobab/es/figures", "size_i": "4096", "regex": "false"},
	{"name_s": "/usr/share/gnome/help/baobab/es/figures/baobab_fullscan.png", "size_i": "123172", "regex": "false"},
	{"name_s": "/usr/share/gnome/help/baobab/es/figures/baobab_prefs.png", "size_i": "50834", "regex": "false"},
	{"name_s": "/usr/share/gnome/help/baobab/es/figures/baobab_remote.png", "size_i": "21182", "regex": "false"},
	{"name_s": "/usr/share/gnome/help/baobab/es/figures/baobab_ringschart1.png", "size_i": "38", "regex": "false"},
	{"name_s": "/usr/share/gnome/help/baobab/es/figures/baobab_ringschart2.png", "size_i": "20761", "regex": "false"},
	{"name_s": "/usr/share/gnome/help/baobab/es/figures/baobab_treemaps.png", "size_i": "9344", "regex": "false"},
	{"name_s": "/usr/share/gnome/help/baobab/es/figures/baobab_window.png", "size_i": "75401", "regex": "false"},
	{"name_s": "/usr/share/gnome/help/baobab/eu", "size_i": "4096", "regex": "false"},
	{"name_s": "/usr/share/gnome/help/baobab/eu/baobab.xml", "size_i": "22294", "regex": "false"},
	{"name_s": "/usr/share/gnome/help/baobab/eu/figures", "size_i": "4096", "regex": "false"},
	{"name_s": "/usr/share/gnome/help/baobab/eu/figures/baobab_fullscan.png", "size_i": "132650", "regex": "false"},
	{"name_s": "/usr/share/gnome/help/baobab/eu/figures/baobab_prefs.png", "size_i": "26364", "regex": "false"},
	{"name_s": "/usr/share/gnome/help/baobab/eu/figures/baobab_remote.png", "size_i": "20167", "regex": "false"},
	{"name_s": "/usr/share/gnome/help/baobab/eu/figures/baobab_ringschart1.png", "size_i": "38", "regex": "false"},
	{"name_s": "/usr/share/gnome/help/baobab/eu/figures/baobab_ringschart2.png", "size_i": "38", "regex": "false"},
	{"name_s": "/usr/share/gnome/help/baobab/eu/figures/baobab_treemaps.png", "size_i": "8181", "regex": "false"},
	{"name_s": "/usr/share/gnome/help/baobab/eu/figures/baobab_window.png", "size_i": "32571", "regex": "false"},
	{"name_s": "/usr/share/gnome/help/baobab/fi", "size_i": "4096", "regex": "false"},
	{"name_s": "/usr/share/gnome/help/baobab/fi/baobab.xml", "size_i": "21037", "regex": "false"},
	{"name_s": "/usr/share/gnome/help/baobab/fi/figures", "size_i": "4096", "regex": "false"},
	{"name_s": "/usr/share/gnome/help/baobab/fi/figures/baobab_fullscan.png", "size_i": "104996", "regex": "false"},
	{"name_s": "/usr/share/gnome/help/baobab/fi/figures/baobab_prefs.png", "size_i": "23327", "regex": "false"},
	{"name_s": "/usr/share/gnome/help/baobab/fi/figures/baobab_remote.png", "size_i": "18608", "regex": "false"},
	{"name_s": "/usr/share/gnome/help/baobab/fi/figures/baobab_ringschart1.png", "size_i": "38", "regex": "false"},
	{"name_s": "/usr/share/gnome/help/baobab/fi/figures/baobab_ringschart2.png", "size_i": "38", "regex": "false"},
	{"name_s": "/usr/share/gnome/help/baobab/fi/figures/baobab_treemaps.png", "size_i": "8135", "regex": "false"},
	{"name_s": "/usr/share/gnome/help/baobab/fi/figures/baobab_window.png", "size_i": "33130", "regex": "false"},
	{"name_s": "/usr/share/gnome/help/baobab/fr", "size_i": "4096", "regex": "false"},
	{"name_s": "/usr/share/gnome/help/baobab/fr/baobab.xml", "size_i": "23116", "regex": "false"},
	{"name_s": "/usr/share/gnome/help/baobab/fr/figures", "size_i": "4096", "regex": "false"},
	{"name_s": "/usr/share/gnome/help/baobab/fr/figures/baobab_fullscan.png", "size_i": "120338", "regex": "false"},
	{"name_s": "/usr/share/gnome/help/baobab/fr/figures/baobab_prefs.png", "size_i": "28097", "regex": "false"},
	{"name_s": "/usr/share/gnome/help/baobab/fr/figures/baobab_remote.png", "size_i": "21827", "regex": "false"},
	{"name_s": "/usr/share/gnome/help/baobab/fr/figures/baobab_ringschart1.png", "size_i": "38", "regex": "false"},
	{"name_s": "/usr/share/gnome/help/baobab/fr/figures/baobab_ringschart2.png", "size_i": "40353", "regex": "false"},
	{"name_s": "/usr/share/gnome/help/baobab/fr/figures/baobab_treemaps.png", "size_i": "8214", "regex": "false"},
	{"name_s": "/usr/share/gnome/help/baobab/fr/figures/baobab_window.png", "size_i": "37767", "regex": "false"},
	{"name_s": "/usr/share/gnome/help/baobab/it", "size_i": "4096", "regex": "false"},
	{"name_s": "/usr/share/gnome/help/baobab/it/baobab.xml", "size_i": "22992", "regex": "false"},
	{"name_s": "/usr/share/gnome/help/baobab/it/figures", "size_i": "4096", "regex": "false"},
	{"name_s": "/usr/share/gnome/help/baobab/it/figures/baobab_fullscan.png", "size_i": "35", "regex": "false"},
	{"name_s": "/usr/share/gnome/help/baobab/it/figures/baobab_prefs.png", "size_i": "32", "regex": "false"},
	{"name_s": "/usr/share/gnome/help/baobab/it/figures/baobab_remote.png", "size_i": "33", "regex": "false"},
	{"name_s": "/usr/share/gnome/help/baobab/it/figures/baobab_ringschart1.png", "size_i": "38", "regex": "false"},
	{"name_s": "/usr/share/gnome/help/baobab/it/figures/baobab_ringschart2.png", "size_i": "38", "regex": "false"},
	{"name_s": "/usr/share/gnome/help/baobab/it/figures/baobab_treemaps.png", "size_i": "35", "regex": "false"},
	{"name_s": "/usr/share/gnome/help/baobab/it/figures/baobab_window.png", "size_i": "33", "regex": "false"},
	{"name_s": "/usr/share/gnome/help/baobab/oc", "size_i": "4096", "regex": "false"},
	{"name_s": "/usr/share/gnome/help/baobab/oc/baobab.xml", "size_i": "21708", "regex": "false"},
	{"name_s": "/usr/share/gnome/help/baobab/oc/figures", "size_i": "4096", "regex": "false"},
	{"name_s": "/usr/share/gnome/help/baobab/oc/figures/baobab_fullscan.png", "size_i": "35", "regex": "false"},
	{"name_s": "/usr/share/gnome/help/baobab/oc/figures/baobab_prefs.png", "size_i": "32", "regex": "false"},
	{"name_s": "/usr/share/gnome/help/baobab/oc/figures/baobab_remote.png", "size_i": "33", "regex": "false"},
	{"name_s": "/usr/share/gnome/help/baobab/oc/figures/baobab_ringschart1.png", "size_i": "38", "regex": "false"},
	{"name_s": "/usr/share/gnome/help/baobab/oc/figures/baobab_ringschart2.png", "size_i": "38", "regex": "false"},
	{"name_s": "/usr/share/gnome/help/baobab/oc/figures/baobab_treemaps.png", "size_i": "35", "regex": "false"},
	{"name_s": "/usr/share/gnome/help/baobab/oc/figures/baobab_window.png", "size_i": "33", "regex": "false"},
	{"name_s": "/usr/share/gnome/help/baobab/pl", "size_i": "4096", "regex": "false"},
	{"name_s": "/usr/share/gnome/help/baobab/pl/baobab.xml", "size_i": "21524", "regex": "false"},
	{"name_s": "/usr/share/gnome/help/baobab/pl/figures", "size_i": "4096", "regex": "false"},
	{"name_s": "/usr/share/gnome/help/baobab/pl/figures/baobab_fullscan.png", "size_i": "35", "regex": "false"},
	{"name_s": "/usr/share/gnome/help/baobab/pl/figures/baobab_prefs.png", "size_i": "32", "regex": "false"},
	{"name_s": "/usr/share/gnome/help/baobab/pl/figures/baobab_remote.png", "size_i": "33", "regex": "false"},
	{"name_s": "/usr/share/gnome/help/baobab/pl/figures/baobab_ringschart1.png", "size_i": "38", "regex": "false"},
	{"name_s": "/usr/share/gnome/help/baobab/pl/figures/baobab_ringschart2.png", "size_i": "38", "regex": "false"},
	{"name_s": "/usr/share/gnome/help/baobab/pl/figures/baobab_treemaps.png", "size_i": "35", "regex": "false"},
	{"name_s": "/usr/share/gnome/help/baobab/pl/figures/baobab_window.png", "size_i": "33", "regex": "false"},
	{"name_s": "/usr/share/gnome/help/baobab/ru", "size_i": "4096", "regex": "false"},
	{"name_s": "/usr/share/gnome/help/baobab/ru/baobab.xml", "size_i": "30683", "regex": "false"},
	{"name_s": "/usr/share/gnome/help/baobab/ru/figures", "size_i": "4096", "regex": "false"},
	{"name_s": "/usr/share/gnome/help/baobab/ru/figures/baobab_fullscan.png", "size_i": "106557", "regex": "false"},
	{"name_s": "/usr/share/gnome/help/baobab/ru/figures/baobab_prefs.png", "size_i": "30185", "regex": "false"},
	{"name_s": "/usr/share/gnome/help/baobab/ru/figures/baobab_remote.png", "size_i": "19732", "regex": "false"},
	{"name_s": "/usr/share/gnome/help/baobab/ru/figures/baobab_ringschart1.png", "size_i": "38", "regex": "false"},
	{"name_s": "/usr/share/gnome/help/baobab/ru/figures/baobab_ringschart2.png", "size_i": "38", "regex": "false"},
	{"name_s": "/usr/share/gnome/help/baobab/ru/figures/baobab_treemaps.png", "size_i": "35", "regex": "false"},
	{"name_s": "/usr/share/gnome/help/baobab/ru/figures/baobab_window.png", "size_i": "34045", "regex": "false"},
	{"name_s": "/usr/share/gnome/help/baobab/sv", "size_i": "4096", "regex": "false"},
	{"name_s": "/usr/share/gnome/help/baobab/sv/baobab.xml", "size_i": "21898", "regex": "false"},
	{"name_s": "/usr/share/gnome/help/baobab/sv/figures", "size_i": "4096", "regex": "false"},
	{"name_s": "/usr/share/gnome/help/baobab/sv/figures/baobab_fullscan.png", "size_i": "139412", "regex": "false"},
	{"name_s": "/usr/share/gnome/help/baobab/sv/figures/baobab_prefs.png", "size_i": "20155", "regex": "false"},
	{"name_s": "/usr/share/gnome/help/baobab/sv/figures/baobab_remote.png", "size_i": "18122", "regex": "false"},
	{"name_s": "/usr/share/gnome/help/baobab/sv/figures/baobab_ringschart1.png", "size_i": "38", "regex": "false"},
	{"name_s": "/usr/share/gnome/help/baobab/sv/figures/baobab_ringschart2.png", "size_i": "38", "regex": "false"},
	{"name_s": "/usr/share/gnome/help/baobab/sv/figures/baobab_treemaps.png", "size_i": "35", "regex": "false"},
	{"name_s": "/usr/share/gnome/help/baobab/sv/figures/baobab_window.png", "size_i": "33250", "regex": "false"},
	{"name_s": "/usr/share/gnome/help/baobab/uk", "size_i": "4096", "regex": "false"},
	{"name_s": "/usr/share/gnome/help/baobab/uk/baobab.xml", "size_i": "27943", "regex": "false"},
	{"name_s": "/usr/share/gnome/help/baobab/uk/figures", "size_i": "4096", "regex": "false"},
	{"name_s": "/usr/share/gnome/help/baobab/uk/figures/baobab_fullscan.png", "size_i": "35", "regex": "false"},
	{"name_s": "/usr/share/gnome/help/baobab/uk/figures/baobab_prefs.png", "size_i": "32", "regex": "false"},
	{"name_s": "/usr/share/gnome/help/baobab/uk/figures/baobab_remote.png", "size_i": "33", "regex": "false"},
	{"name_s": "/usr/share/gnome/help/baobab/uk/figures/baobab_ringschart1.png", "size_i": "38", "regex": "false"},
	{"name_s": "/usr/share/gnome/help/baobab/uk/figures/baobab_ringschart2.png", "size_i": "38", "regex": "false"},
	{"name_s": "/usr/share/gnome/help/baobab/uk/figures/baobab_treemaps.png", "size_i": "35", "regex": "false"},
	{"name_s": "/usr/share/gnome/help/baobab/uk/figures/baobab_window.png", "size_i": "33", "regex": "false"},
	{"name_s": "/usr/share/gnome/help/baobab/zh_CN", "size_i": "4096", "regex": "false"},
	{"name_s": "/usr/share/gnome/help/baobab/zh_CN/baobab.xml", "size_i": "19105", "regex": "false"},
	{"name_s": "/usr/share/gnome/help/baobab/zh_CN/figures", "size_i": "4096", "regex": "false"},
	{"name_s": "/usr/share/gnome/help/baobab/zh_CN/figures/baobab_fullscan.png", "size_i": "35", "regex": "false"},
	{"name_s": "/usr/share/gnome/help/baobab/zh_CN/figures/baobab_prefs.png", "size_i": "32", "regex": "false"},
	{"name_s": "/usr/share/gnome/help/baobab/zh_CN/figures/baobab_remote.png", "size_i": "33", "regex": "false"},
	{"name_s": "/usr/share/gnome/help/baobab/zh_CN/figures/baobab_ringschart1.png", "size_i": "38", "regex": "false"},
	{"name_s": "/usr/share/gnome/help/baobab/zh_CN/figures/baobab_ringschart2.png", "size_i": "38", "regex": "false"},
	{"name_s": "/usr/share/gnome/help/baobab/zh_CN/figures/baobab_treemaps.png", "size_i": "35", "regex": "false"},
	{"name_s": "/usr/share/gnome/help/baobab/zh_CN/figures/baobab_window.png", "size_i": "33", "regex": "false"},
	{"name_s": "/usr/share/gnome/help/baobab/zh_HK", "size_i": "4096", "regex": "false"},
	{"name_s": "/usr/share/gnome/help/baobab/zh_HK/baobab.xml", "size_i": "21816", "regex": "false"},
	{"name_s": "/usr/share/gnome/help/baobab/zh_HK/figures", "size_i": "4096", "regex": "false"},
	{"name_s": "/usr/share/gnome/help/baobab/zh_HK/figures/baobab_fullscan.png", "size_i": "35", "regex": "false"},
	{"name_s": "/usr/share/gnome/help/baobab/zh_HK/figures/baobab_prefs.png", "size_i": "32", "regex": "false"},
	{"name_s": "/usr/share/gnome/help/baobab/zh_HK/figures/baobab_remote.png", "size_i": "33", "regex": "false"},
	{"name_s": "/usr/share/gnome/help/baobab/zh_HK/figures/baobab_ringschart1.png", "size_i": "38", "regex": "false"},
	{"name_s": "/usr/share/gnome/help/baobab/zh_HK/figures/baobab_ringschart2.png", "size_i": "38", "regex": "false"},
	{"name_s": "/usr/share/gnome/help/baobab/zh_HK/figures/baobab_treemaps.png", "size_i": "35", "regex": "false"},
	{"name_s": "/usr/share/gnome/help/baobab/zh_HK/figures/baobab_window.png", "size_i": "33", "regex": "false"},
	{"name_s": "/usr/share/gnome/help/baobab/zh_TW", "size_i": "4096", "regex": "false"},
	{"name_s": "/usr/share/gnome/help/baobab/zh_TW/baobab.xml", "size_i": "21816", "regex": "false"},
	{"name_s": "/usr/share/gnome/help/baobab/zh_TW/figures", "size_i": "4096", "regex": "false"},
	{"name_s": "/usr/share/gnome/help/baobab/zh_TW/figures/baobab_fullscan.png", "size_i": "35", "regex": "false"},
	{"name_s": "/usr/share/gnome/help/baobab/zh_TW/figures/baobab_prefs.png", "size_i": "32", "regex": "false"},
	{"name_s": "/usr/share/gnome/help/baobab/zh_TW/figures/baobab_remote.png", "size_i": "33", "regex": "false"},
	{"name_s": "/usr/share/gnome/help/baobab/zh_TW/figures/baobab_ringschart1.png", "size_i": "38", "regex": "false"},
	{"name_s": "/usr/share/gnome/help/baobab/zh_TW/figures/baobab_ringschart2.png", "size_i": "38", "regex": "false"},
	{"name_s": "/usr/share/gnome/help/baobab/zh_TW/figures/baobab_treemaps.png", "size_i": "35", "regex": "false"},
	{"name_s": "/usr/share/gnome/help/baobab/zh_TW/figures/baobab_window.png", "size_i": "33", "regex": "false"},
	{"name_s": "/usr/share/gnome/help/gnome-dictionary", "size_i": "4096", "regex": "false"},
	{"name_s": "/usr/share/gnome/help/gnome-dictionary/C", "size_i": "4096", "regex": "false"},
	{"name_s": "/usr/share/gnome/help/gnome-dictionary/C/figures", "size_i": "4096", "regex": "false"},
	{"name_s": "/usr/share/gnome/help/gnome-dictionary/C/figures/gnome-dictionary-add-source.png", "size_i": "21202", "regex": "false"},
	{"name_s": "/usr/share/gnome/help/gnome-dictionary/C/figures/gnome-dictionary-applet-window.png", "size_i": "16287", "regex": "false"},
	{"name_s": "/usr/share/gnome/help/gnome-dictionary/C/figures/gnome-dictionary-applet.png", "size_i": "1294", "regex": "false"},
	{"name_s": "/usr/share/gnome/help/gnome-dictionary/C/figures/gnome-dictionary-application.png", "size_i": "7560", "regex": "false"},
	{"name_s": "/usr/share/gnome/help/gnome-dictionary/C/figures/gnome-dictionary-find.png", "size_i": "34985", "regex": "false"},
	{"name_s": "/usr/share/gnome/help/gnome-dictionary/C/figures/gnome-dictionary-lookup.png", "size_i": "30889", "regex": "false"},
	{"name_s": "/usr/share/gnome/help/gnome-dictionary/C/figures/gnome-dictionary-preferences-print.png", "size_i": "13078", "regex": "false"},
	{"name_s": "/usr/share/gnome/help/gnome-dictionary/C/figures/gnome-dictionary-preferences-source.png", "size_i": "18529", "regex": "false"},
	{"name_s": "/usr/share/gnome/help/gnome-dictionary/C/gnome-dictionary.xml", "size_i": "15886", "regex": "false"},
	{"name_s": "/usr/share/gnome/help/gnome-dictionary/C/legal.xml", "size_i": "3672", "regex": "false"},
	{"name_s": "/usr/share/gnome/help/gnome-dictionary/ca", "size_i": "4096", "regex": "false"},
	{"name_s": "/usr/share/gnome/help/gnome-dictionary/ca/figures", "size_i": "4096", "regex": "false"},
	{"name_s": "/usr/share/gnome/help/gnome-dictionary/ca/figures/gnome-dictionary-add-source.png", "size_i": "47", "regex": "false"},
	{"name_s": "/usr/share/gnome/help/gnome-dictionary/ca/figures/gnome-dictionary-applet-window.png", "size_i": "50", "regex": "false"},
	{"name_s": "/usr/share/gnome/help/gnome-dictionary/ca/figures/gnome-dictionary-applet.png", "size_i": "43", "regex": "false"},
	{"name_s": "/usr/share/gnome/help/gnome-dictionary/ca/figures/gnome-dictionary-application.png", "size_i": "48", "regex": "false"},
	{"name_s": "/usr/share/gnome/help/gnome-dictionary/ca/figures/gnome-dictionary-find.png", "size_i": "41", "regex": "false"},
	{"name_s": "/usr/share/gnome/help/gnome-dictionary/ca/figures/gnome-dictionary-lookup.png", "size_i": "43", "regex": "false"},
	{"name_s": "/usr/share/gnome/help/gnome-dictionary/ca/figures/gnome-dictionary-preferences-print.png", "size_i": "54", "regex": "false"},
	{"name_s": "/usr/share/gnome/help/gnome-dictionary/ca/figures/gnome-dictionary-preferences-source.png", "size_i": "55", "regex": "false"},
	{"name_s": "/usr/share/gnome/help/gnome-dictionary/ca/gnome-dictionary.xml", "size_i": "19860", "regex": "false"},
	{"name_s": "/usr/share/gnome/help/gnome-dictionary/cs", "size_i": "4096", "regex": "false"},
	{"name_s": "/usr/share/gnome/help/gnome-dictionary/cs/figures", "size_i": "4096", "regex": "false"},
	{"name_s": "/usr/share/gnome/help/gnome-dictionary/cs/figures/gnome-dictionary-add-source.png", "size_i": "20901", "regex": "false"},
	{"name_s": "/usr/share/gnome/help/gnome-dictionary/cs/figures/gnome-dictionary-applet-window.png", "size_i": "18769", "regex": "false"},
	{"name_s": "/usr/share/gnome/help/gnome-dictionary/cs/figures/gnome-dictionary-applet.png", "size_i": "1537", "regex": "false"},
	{"name_s": "/usr/share/gnome/help/gnome-dictionary/cs/figures/gnome-dictionary-application.png", "size_i": "10052", "regex": "false"},
	{"name_s": "/usr/share/gnome/help/gnome-dictionary/cs/figures/gnome-dictionary-find.png", "size_i": "49147", "regex": "false"},
	{"name_s": "/usr/share/gnome/help/gnome-dictionary/cs/figures/gnome-dictionary-lookup.png", "size_i": "38183", "regex": "false"},
	{"name_s": "/usr/share/gnome/help/gnome-dictionary/cs/figures/gnome-dictionary-preferences-print.png", "size_i": "17278", "regex": "false"},
	{"name_s": "/usr/share/gnome/help/gnome-dictionary/cs/figures/gnome-dictionary-preferences-source.png", "size_i": "25837", "regex": "false"},
	{"name_s": "/usr/share/gnome/help/gnome-dictionary/cs/gnome-dictionary.xml", "size_i": "19532", "regex": "false"},
	{"name_s": "/usr/share/gnome/help/gnome-dictionary/de", "size_i": "4096", "regex": "false"},
	{"name_s": "/usr/share/gnome/help/gnome-dictionary/de/figures", "size_i": "4096", "regex": "false"},
	{"name_s": "/usr/share/gnome/help/gnome-dictionary/de/figures/gnome-dictionary-add-source.png", "size_i": "21727", "regex": "false"},
	{"name_s": "/usr/share/gnome/help/gnome-dictionary/de/figures/gnome-dictionary-applet-window.png", "size_i": "17402", "regex": "false"},
	{"name_s": "/usr/share/gnome/help/gnome-dictionary/de/figures/gnome-dictionary-applet.png", "size_i": "43", "regex": "false"},
	{"name_s": "/usr/share/gnome/help/gnome-dictionary/de/figures/gnome-dictionary-application.png", "size_i": "13159", "regex": "false"},
	{"name_s": "/usr/share/gnome/help/gnome-dictionary/de/figures/gnome-dictionary-find.png", "size_i": "38669", "regex": "false"},
	{"name_s": "/usr/share/gnome/help/gnome-dictionary/de/figures/gnome-dictionary-lookup.png", "size_i": "39386", "regex": "false"},
	{"name_s": "/usr/share/gnome/help/gnome-dictionary/de/figures/gnome-dictionary-preferences-print.png", "size_i": "13715", "regex": "false"},
	{"name_s": "/usr/share/gnome/help/gnome-dictionary/de/figures/gnome-dictionary-preferences-source.png", "size_i": "20471", "regex": "false"},
	{"name_s": "/usr/share/gnome/help/gnome-dictionary/de/gnome-dictionary.xml", "size_i": "20661", "regex": "false"},
	{"name_s": "/usr/share/gnome/help/gnome-dictionary/el", "size_i": "4096", "regex": "false"},
	{"name_s": "/usr/share/gnome/help/gnome-dictionary/el/figures", "size_i": "4096", "regex": "false"},
	{"name_s": "/usr/share/gnome/help/gnome-dictionary/el/figures/gnome-dictionary-add-source.png", "size_i": "47", "regex": "false"},
	{"name_s": "/usr/share/gnome/help/gnome-dictionary/el/figures/gnome-dictionary-applet-window.png", "size_i": "50", "regex": "false"},
	{"name_s": "/usr/share/gnome/help/gnome-dictionary/el/figures/gnome-dictionary-applet.png", "size_i": "43", "regex": "false"},
	{"name_s": "/usr/share/gnome/help/gnome-dictionary/el/figures/gnome-dictionary-application.png", "size_i": "9973", "regex": "false"},
	{"name_s": "/usr/share/gnome/help/gnome-dictionary/el/figures/gnome-dictionary-find.png", "size_i": "33757", "regex": "false"},
	{"name_s": "/usr/share/gnome/help/gnome-dictionary/el/figures/gnome-dictionary-lookup.png", "size_i": "30493", "regex": "false"},
	{"name_s": "/usr/share/gnome/help/gnome-dictionary/el/figures/gnome-dictionary-preferences-print.png", "size_i": "15369", "regex": "false"},
	{"name_s": "/usr/share/gnome/help/gnome-dictionary/el/figures/gnome-dictionary-preferences-source.png", "size_i": "55", "regex": "false"},
	{"name_s": "/usr/share/gnome/help/gnome-dictionary/el/gnome-dictionary.xml", "size_i": "26209", "regex": "false"},
	{"name_s": "/usr/share/gnome/help/gnome-dictionary/en_GB", "size_i": "4096", "regex": "false"},
	{"name_s": "/usr/share/gnome/help/gnome-dictionary/en_GB/figures", "size_i": "4096", "regex": "false"},
	{"name_s": "/usr/share/gnome/help/gnome-dictionary/en_GB/figures/gnome-dictionary-add-source.png", "size_i": "47", "regex": "false"},
	{"name_s": "/usr/share/gnome/help/gnome-dictionary/en_GB/figures/gnome-dictionary-applet-window.png", "size_i": "50", "regex": "false"},
	{"name_s": "/usr/share/gnome/help/gnome-dictionary/en_GB/figures/gnome-dictionary-applet.png", "size_i": "43", "regex": "false"},
	{"name_s": "/usr/share/gnome/help/gnome-dictionary/en_GB/figures/gnome-dictionary-application.png", "size_i": "48", "regex": "false"},
	{"name_s": "/usr/share/gnome/help/gnome-dictionary/en_GB/figures/gnome-dictionary-find.png", "size_i": "41", "regex": "false"},
	{"name_s": "/usr/share/gnome/help/gnome-dictionary/en_GB/figures/gnome-dictionary-lookup.png", "size_i": "43", "regex": "false"},
	{"name_s": "/usr/share/gnome/help/gnome-dictionary/en_GB/figures/gnome-dictionary-preferences-print.png", "size_i": "54", "regex": "false"},
	{"name_s": "/usr/share/gnome/help/gnome-dictionary/en_GB/figures/gnome-dictionary-preferences-source.png", "size_i": "55", "regex": "false"},
	{"name_s": "/usr/share/gnome/help/gnome-dictionary/en_GB/gnome-dictionary.xml", "size_i": "18779", "regex": "false"},
	{"name_s": "/usr/share/gnome/help/gnome-dictionary/es", "size_i": "4096", "regex": "false"},
	{"name_s": "/usr/share/gnome/help/gnome-dictionary/es/figures", "size_i": "4096", "regex": "false"},
	{"name_s": "/usr/share/gnome/help/gnome-dictionary/es/figures/gnome-dictionary-add-source.png", "size_i": "25904", "regex": "false"},
	{"name_s": "/usr/share/gnome/help/gnome-dictionary/es/figures/gnome-dictionary-applet-window.png", "size_i": "26946", "regex": "false"},
	{"name_s": "/usr/share/gnome/help/gnome-dictionary/es/figures/gnome-dictionary-applet.png", "size_i": "43", "regex": "false"},
	{"name_s": "/usr/share/gnome/help/gnome-dictionary/es/figures/gnome-dictionary-application.png", "size_i": "8654", "regex": "false"},
	{"name_s": "/usr/share/gnome/help/gnome-dictionary/es/figures/gnome-dictionary-find.png", "size_i": "41948", "regex": "false"},
	{"name_s": "/usr/share/gnome/help/gnome-dictionary/es/figures/gnome-dictionary-lookup.png", "size_i": "43585", "regex": "false"},
	{"name_s": "/usr/share/gnome/help/gnome-dictionary/es/figures/gnome-dictionary-preferences-print.png", "size_i": "15875", "regex": "false"},
	{"name_s": "/usr/share/gnome/help/gnome-dictionary/es/figures/gnome-dictionary-preferences-source.png", "size_i": "26438", "regex": "false"},
	{"name_s": "/usr/share/gnome/help/gnome-dictionary/es/gnome-dictionary.xml", "size_i": "20214", "regex": "false"},
	{"name_s": "/usr/share/gnome/help/gnome-dictionary/eu", "size_i": "4096", "regex": "false"},
	{"name_s": "/usr/share/gnome/help/gnome-dictionary/eu/figures", "size_i": "4096", "regex": "false"},
	{"name_s": "/usr/share/gnome/help/gnome-dictionary/eu/figures/gnome-dictionary-add-source.png", "size_i": "21646", "regex": "false"},
	{"name_s": "/usr/share/gnome/help/gnome-dictionary/eu/figures/gnome-dictionary-applet-window.png", "size_i": "20340", "regex": "false"},
	{"name_s": "/usr/share/gnome/help/gnome-dictionary/eu/figures/gnome-dictionary-applet.png", "size_i": "1140", "regex": "false"},
	{"name_s": "/usr/share/gnome/help/gnome-dictionary/eu/figures/gnome-dictionary-application.png", "size_i": "7750", "regex": "false"},
	{"name_s": "/usr/share/gnome/help/gnome-dictionary/eu/figures/gnome-dictionary-find.png", "size_i": "27646", "regex": "false"},
	{"name_s": "/usr/share/gnome/help/gnome-dictionary/eu/figures/gnome-dictionary-lookup.png", "size_i": "26436", "regex": "false"},
	{"name_s": "/usr/share/gnome/help/gnome-dictionary/eu/figures/gnome-dictionary-preferences-print.png", "size_i": "14667", "regex": "false"},
	{"name_s": "/usr/share/gnome/help/gnome-dictionary/eu/figures/gnome-dictionary-preferences-source.png", "size_i": "21701", "regex": "false"},
	{"name_s": "/usr/share/gnome/help/gnome-dictionary/eu/gnome-dictionary.xml", "size_i": "19631", "regex": "false"},
	{"name_s": "/usr/share/gnome/help/gnome-dictionary/fi", "size_i": "4096", "regex": "false"},
	{"name_s": "/usr/share/gnome/help/gnome-dictionary/fi/figures", "size_i": "4096", "regex": "false"},
	{"name_s": "/usr/share/gnome/help/gnome-dictionary/fi/figures/gnome-dictionary-add-source.png", "size_i": "20407", "regex": "false"},
	{"name_s": "/usr/share/gnome/help/gnome-dictionary/fi/figures/gnome-dictionary-applet-window.png", "size_i": "19877", "regex": "false"},
	{"name_s": "/usr/share/gnome/help/gnome-dictionary/fi/figures/gnome-dictionary-applet.png", "size_i": "1041", "regex": "false"},
	{"name_s": "/usr/share/gnome/help/gnome-dictionary/fi/figures/gnome-dictionary-application.png", "size_i": "8976", "regex": "false"},
	{"name_s": "/usr/share/gnome/help/gnome-dictionary/fi/figures/gnome-dictionary-find.png", "size_i": "40335", "regex": "false"},
	{"name_s": "/usr/share/gnome/help/gnome-dictionary/fi/figures/gnome-dictionary-lookup.png", "size_i": "38755", "regex": "false"},
	{"name_s": "/usr/share/gnome/help/gnome-dictionary/fi/figures/gnome-dictionary-preferences-print.png", "size_i": "14169", "regex": "false"},
	{"name_s": "/usr/share/gnome/help/gnome-dictionary/fi/figures/gnome-dictionary-preferences-source.png", "size_i": "21788", "regex": "false"},
	{"name_s": "/usr/share/gnome/help/gnome-dictionary/fi/gnome-dictionary.xml", "size_i": "19107", "regex": "false"},
	{"name_s": "/usr/share/gnome/help/gnome-dictionary/fr", "size_i": "4096", "regex": "false"},
	{"name_s": "/usr/share/gnome/help/gnome-dictionary/fr/figures", "size_i": "4096", "regex": "false"},
	{"name_s": "/usr/share/gnome/help/gnome-dictionary/fr/figures/gnome-dictionary-add-source.png", "size_i": "20823", "regex": "false"},
	{"name_s": "/usr/share/gnome/help/gnome-dictionary/fr/figures/gnome-dictionary-applet-window.png", "size_i": "14783", "regex": "false"},
	{"name_s": "/usr/share/gnome/help/gnome-dictionary/fr/figures/gnome-dictionary-applet.png", "size_i": "1252", "regex": "false"},
	{"name_s": "/usr/share/gnome/help/gnome-dictionary/fr/figures/gnome-dictionary-application.png", "size_i": "8771", "regex": "false"},
	{"name_s": "/usr/share/gnome/help/gnome-dictionary/fr/figures/gnome-dictionary-find.png", "size_i": "39151", "regex": "false"},
	{"name_s": "/usr/share/gnome/help/gnome-dictionary/fr/figures/gnome-dictionary-lookup.png", "size_i": "32013", "regex": "false"},
	{"name_s": "/usr/share/gnome/help/gnome-dictionary/fr/figures/gnome-dictionary-preferences-print.png", "size_i": "14870", "regex": "false"},
	{"name_s": "/usr/share/gnome/help/gnome-dictionary/fr/figures/gnome-dictionary-preferences-source.png", "size_i": "23961", "regex": "false"},
	{"name_s": "/usr/share/gnome/help/gnome-dictionary/fr/gnome-dictionary.xml", "size_i": "20680", "regex": "false"},
	{"name_s": "/usr/share/gnome/help/gnome-dictionary/it", "size_i": "4096", "regex": "false"},
	{"name_s": "/usr/share/gnome/help/gnome-dictionary/it/figures", "size_i": "4096", "regex": "false"},
	{"name_s": "/usr/share/gnome/help/gnome-dictionary/it/figures/gnome-dictionary-add-source.png", "size_i": "22840", "regex": "false"},
	{"name_s": "/usr/share/gnome/help/gnome-dictionary/it/figures/gnome-dictionary-applet-window.png", "size_i": "50", "regex": "false"},
	{"name_s": "/usr/share/gnome/help/gnome-dictionary/it/figures/gnome-dictionary-applet.png", "size_i": "43", "regex": "false"},
	{"name_s": "/usr/share/gnome/help/gnome-dictionary/it/figures/gnome-dictionary-application.png", "size_i": "8132", "regex": "false"},
	{"name_s": "/usr/share/gnome/help/gnome-dictionary/it/figures/gnome-dictionary-find.png", "size_i": "37576", "regex": "false"},
	{"name_s": "/usr/share/gnome/help/gnome-dictionary/it/figures/gnome-dictionary-lookup.png", "size_i": "35456", "regex": "false"},
	{"name_s": "/usr/share/gnome/help/gnome-dictionary/it/figures/gnome-dictionary-preferences-print.png", "size_i": "14953", "regex": "false"},
	{"name_s": "/usr/share/gnome/help/gnome-dictionary/it/figures/gnome-dictionary-preferences-source.png", "size_i": "23054", "regex": "false"},
	{"name_s": "/usr/share/gnome/help/gnome-dictionary/it/gnome-dictionary.xml", "size_i": "20066", "regex": "false"},
	{"name_s": "/usr/share/gnome/help/gnome-dictionary/oc", "size_i": "4096", "regex": "false"},
	{"name_s": "/usr/share/gnome/help/gnome-dictionary/oc/figures", "size_i": "4096", "regex": "false"},
	{"name_s": "/usr/share/gnome/help/gnome-dictionary/oc/figures/gnome-dictionary-add-source.png", "size_i": "47", "regex": "false"},
	{"name_s": "/usr/share/gnome/help/gnome-dictionary/oc/figures/gnome-dictionary-applet-window.png", "size_i": "50", "regex": "false"},
	{"name_s": "/usr/share/gnome/help/gnome-dictionary/oc/figures/gnome-dictionary-applet.png", "size_i": "43", "regex": "false"},
	{"name_s": "/usr/share/gnome/help/gnome-dictionary/oc/figures/gnome-dictionary-application.png", "size_i": "48", "regex": "false"},
	{"name_s": "/usr/share/gnome/help/gnome-dictionary/oc/figures/gnome-dictionary-find.png", "size_i": "41", "regex": "false"},
	{"name_s": "/usr/share/gnome/help/gnome-dictionary/oc/figures/gnome-dictionary-lookup.png", "size_i": "43", "regex": "false"},
	{"name_s": "/usr/share/gnome/help/gnome-dictionary/oc/figures/gnome-dictionary-preferences-print.png", "size_i": "54", "regex": "false"},
	{"name_s": "/usr/share/gnome/help/gnome-dictionary/oc/figures/gnome-dictionary-preferences-source.png", "size_i": "55", "regex": "false"},
	{"name_s": "/usr/share/gnome/help/gnome-dictionary/oc/gnome-dictionary.xml", "size_i": "19869", "regex": "false"},
	{"name_s": "/usr/share/gnome/help/gnome-dictionary/ru", "size_i": "4096", "regex": "false"},
	{"name_s": "/usr/share/gnome/help/gnome-dictionary/ru/figures", "size_i": "4096", "regex": "false"},
	{"name_s": "/usr/share/gnome/help/gnome-dictionary/ru/figures/gnome-dictionary-add-source.png", "size_i": "47", "regex": "false"},
	{"name_s": "/usr/share/gnome/help/gnome-dictionary/ru/figures/gnome-dictionary-applet-window.png", "size_i": "50", "regex": "false"},
	{"name_s": "/usr/share/gnome/help/gnome-dictionary/ru/figures/gnome-dictionary-applet.png", "size_i": "43", "regex": "false"},
	{"name_s": "/usr/share/gnome/help/gnome-dictionary/ru/figures/gnome-dictionary-application.png", "size_i": "48", "regex": "false"},
	{"name_s": "/usr/share/gnome/help/gnome-dictionary/ru/figures/gnome-dictionary-find.png", "size_i": "41", "regex": "false"},
	{"name_s": "/usr/share/gnome/help/gnome-dictionary/ru/figures/gnome-dictionary-lookup.png", "size_i": "43", "regex": "false"},
	{"name_s": "/usr/share/gnome/help/gnome-dictionary/ru/figures/gnome-dictionary-preferences-print.png", "size_i": "54", "regex": "false"},
	{"name_s": "/usr/share/gnome/help/gnome-dictionary/ru/figures/gnome-dictionary-preferences-source.png", "size_i": "55", "regex": "false"},
	{"name_s": "/usr/share/gnome/help/gnome-dictionary/ru/gnome-dictionary.xml", "size_i": "23975", "regex": "false"},
	{"name_s": "/usr/share/gnome/help/gnome-dictionary/sv", "size_i": "4096", "regex": "false"},
	{"name_s": "/usr/share/gnome/help/gnome-dictionary/sv/figures", "size_i": "4096", "regex": "false"},
	{"name_s": "/usr/share/gnome/help/gnome-dictionary/sv/figures/gnome-dictionary-add-source.png", "size_i": "20649", "regex": "false"},
	{"name_s": "/usr/share/gnome/help/gnome-dictionary/sv/figures/gnome-dictionary-applet-window.png", "size_i": "50", "regex": "false"},
	{"name_s": "/usr/share/gnome/help/gnome-dictionary/sv/figures/gnome-dictionary-applet.png", "size_i": "43", "regex": "false"},
	{"name_s": "/usr/share/gnome/help/gnome-dictionary/sv/figures/gnome-dictionary-application.png", "size_i": "9349", "regex": "false"},
	{"name_s": "/usr/share/gnome/help/gnome-dictionary/sv/figures/gnome-dictionary-find.png", "size_i": "41", "regex": "false"},
	{"name_s": "/usr/share/gnome/help/gnome-dictionary/sv/figures/gnome-dictionary-lookup.png", "size_i": "43", "regex": "false"},
	{"name_s": "/usr/share/gnome/help/gnome-dictionary/sv/figures/gnome-dictionary-preferences-print.png", "size_i": "14843", "regex": "false"},
	{"name_s": "/usr/share/gnome/help/gnome-dictionary/sv/figures/gnome-dictionary-preferences-source.png", "size_i": "21033", "regex": "false"},
	{"name_s": "/usr/share/gnome/help/gnome-dictionary/sv/gnome-dictionary.xml", "size_i": "19536", "regex": "false"},
	{"name_s": "/usr/share/gnome/help/gnome-dictionary/uk", "size_i": "4096", "regex": "false"},
	{"name_s": "/usr/share/gnome/help/gnome-dictionary/uk/figures", "size_i": "4096", "regex": "false"},
	{"name_s": "/usr/share/gnome/help/gnome-dictionary/uk/figures/gnome-dictionary-add-source.png", "size_i": "19621", "regex": "false"},
	{"name_s": "/usr/share/gnome/help/gnome-dictionary/uk/figures/gnome-dictionary-applet-window.png", "size_i": "29424", "regex": "false"},
	{"name_s": "/usr/share/gnome/help/gnome-dictionary/uk/figures/gnome-dictionary-applet.png", "size_i": "1294", "regex": "false"},
	{"name_s": "/usr/share/gnome/help/gnome-dictionary/uk/figures/gnome-dictionary-application.png", "size_i": "7948", "regex": "false"},
	{"name_s": "/usr/share/gnome/help/gnome-dictionary/uk/figures/gnome-dictionary-find.png", "size_i": "29191", "regex": "false"},
	{"name_s": "/usr/share/gnome/help/gnome-dictionary/uk/figures/gnome-dictionary-lookup.png", "size_i": "28107", "regex": "false"},
	{"name_s": "/usr/share/gnome/help/gnome-dictionary/uk/figures/gnome-dictionary-preferences-print.png", "size_i": "13947", "regex": "false"},
	{"name_s": "/usr/share/gnome/help/gnome-dictionary/uk/figures/gnome-dictionary-preferences-source.png", "size_i": "21958", "regex": "false"},
	{"name_s": "/usr/share/gnome/help/gnome-dictionary/uk/gnome-dictionary.xml", "size_i": "24296", "regex": "false"},
	{"name_s": "/usr/share/gnome/help/gnome-search-tool", "size_i": "4096", "regex": "false"},
	{"name_s": "/usr/share/gnome/help/gnome-search-tool/C", "size_i": "4096", "regex": "false"},
	{"name_s": "/usr/share/gnome/help/gnome-search-tool/C/figures", "size_i": "4096", "regex": "false"},
	{"name_s": "/usr/share/gnome/help/gnome-search-tool/C/figures/gnome-search-tool_window.png", "size_i": "19067", "regex": "false"},
	{"name_s": "/usr/share/gnome/help/gnome-search-tool/C/gnome-search-tool.xml", "size_i": "22488", "regex": "false"},
	{"name_s": "/usr/share/gnome/help/gnome-search-tool/C/legal.xml", "size_i": "3672", "regex": "false"},
	{"name_s": "/usr/share/gnome/help/gnome-search-tool/ca", "size_i": "4096", "regex": "false"},
	{"name_s": "/usr/share/gnome/help/gnome-search-tool/ca/figures", "size_i": "4096", "regex": "false"},
	{"name_s": "/usr/share/gnome/help/gnome-search-tool/ca/figures/gnome-search-tool_window.png", "size_i": "44", "regex": "false"},
	{"name_s": "/usr/share/gnome/help/gnome-search-tool/ca/gnome-search-tool.xml", "size_i": "26944", "regex": "false"},
	{"name_s": "/usr/share/gnome/help/gnome-search-tool/cs", "size_i": "4096", "regex": "false"},
	{"name_s": "/usr/share/gnome/help/gnome-search-tool/cs/figures", "size_i": "4096", "regex": "false"},
	{"name_s": "/usr/share/gnome/help/gnome-search-tool/cs/figures/gnome-search-tool_window.png", "size_i": "23802", "regex": "false"},
	{"name_s": "/usr/share/gnome/help/gnome-search-tool/cs/gnome-search-tool.xml", "size_i": "27064", "regex": "false"},
	{"name_s": "/usr/share/gnome/help/gnome-search-tool/de", "size_i": "4096", "regex": "false"},
	{"name_s": "/usr/share/gnome/help/gnome-search-tool/de/figures", "size_i": "4096", "regex": "false"},
	{"name_s": "/usr/share/gnome/help/gnome-search-tool/de/figures/gnome-search-tool_window.png", "size_i": "23984", "regex": "false"},
	{"name_s": "/usr/share/gnome/help/gnome-search-tool/de/gnome-search-tool.xml", "size_i": "27576", "regex": "false"},
	{"name_s": "/usr/share/gnome/help/gnome-search-tool/el", "size_i": "4096", "regex": "false"},
	{"name_s": "/usr/share/gnome/help/gnome-search-tool/el/figures", "size_i": "4096", "regex": "false"},
	{"name_s": "/usr/share/gnome/help/gnome-search-tool/el/figures/gnome-search-tool_window.png", "size_i": "22819", "regex": "false"},
	{"name_s": "/usr/share/gnome/help/gnome-search-tool/el/gnome-search-tool.xml", "size_i": "37476", "regex": "false"},
	{"name_s": "/usr/share/gnome/help/gnome-search-tool/en_GB", "size_i": "4096", "regex": "false"},
	{"name_s": "/usr/share/gnome/help/gnome-search-tool/en_GB/figures", "size_i": "4096", "regex": "false"},
	{"name_s": "/usr/share/gnome/help/gnome-search-tool/en_GB/figures/gnome-search-tool_window.png", "size_i": "44", "regex": "false"},
	{"name_s": "/usr/share/gnome/help/gnome-search-tool/en_GB/gnome-search-tool.xml", "size_i": "25686", "regex": "false"},
	{"name_s": "/usr/share/gnome/help/gnome-search-tool/es", "size_i": "4096", "regex": "false"},
	{"name_s": "/usr/share/gnome/help/gnome-search-tool/es/figures", "size_i": "4096", "regex": "false"},
	{"name_s": "/usr/share/gnome/help/gnome-search-tool/es/figures/gnome-search-tool_window.png", "size_i": "24824", "regex": "false"},
	{"name_s": "/usr/share/gnome/help/gnome-search-tool/es/gnome-search-tool.xml", "size_i": "27578", "regex": "false"},
	{"name_s": "/usr/share/gnome/help/gnome-search-tool/eu", "size_i": "4096", "regex": "false"},
	{"name_s": "/usr/share/gnome/help/gnome-search-tool/eu/figures", "size_i": "4096", "regex": "false"},
	{"name_s": "/usr/share/gnome/help/gnome-search-tool/eu/figures/gnome-search-tool_window.png", "size_i": "22069", "regex": "false"},
	{"name_s": "/usr/share/gnome/help/gnome-search-tool/eu/gnome-search-tool.xml", "size_i": "27223", "regex": "false"},
	{"name_s": "/usr/share/gnome/help/gnome-search-tool/fi", "size_i": "4096", "regex": "false"},
	{"name_s": "/usr/share/gnome/help/gnome-search-tool/fi/figures", "size_i": "4096", "regex": "false"},
	{"name_s": "/usr/share/gnome/help/gnome-search-tool/fi/figures/gnome-search-tool_window.png", "size_i": "20993", "regex": "false"},
	{"name_s": "/usr/share/gnome/help/gnome-search-tool/fi/gnome-search-tool.xml", "size_i": "26919", "regex": "false"},
	{"name_s": "/usr/share/gnome/help/gnome-search-tool/fr", "size_i": "4096", "regex": "false"},
	{"name_s": "/usr/share/gnome/help/gnome-search-tool/fr/figures", "size_i": "4096", "regex": "false"},
	{"name_s": "/usr/share/gnome/help/gnome-search-tool/fr/figures/gnome-search-tool_window.png", "size_i": "22194", "regex": "false"},
	{"name_s": "/usr/share/gnome/help/gnome-search-tool/fr/gnome-search-tool.xml", "size_i": "28682", "regex": "false"},
	{"name_s": "/usr/share/gnome/help/gnome-search-tool/it", "size_i": "4096", "regex": "false"},
	{"name_s": "/usr/share/gnome/help/gnome-search-tool/it/figures", "size_i": "4096", "regex": "false"},
	{"name_s": "/usr/share/gnome/help/gnome-search-tool/it/figures/gnome-search-tool_window.png", "size_i": "14731", "regex": "false"},
	{"name_s": "/usr/share/gnome/help/gnome-search-tool/it/gnome-search-tool.xml", "size_i": "27166", "regex": "false"},
	{"name_s": "/usr/share/gnome/help/gnome-search-tool/ko", "size_i": "4096", "regex": "false"},
	{"name_s": "/usr/share/gnome/help/gnome-search-tool/ko/figures", "size_i": "4096", "regex": "false"},
	{"name_s": "/usr/share/gnome/help/gnome-search-tool/ko/figures/gnome-search-tool_window.png", "size_i": "14731", "regex": "false"},
	{"name_s": "/usr/share/gnome/help/gnome-search-tool/ko/gnome-search-tool.xml", "size_i": "25373", "regex": "false"},
	{"name_s": "/usr/share/gnome/help/gnome-search-tool/oc", "size_i": "4096", "regex": "false"},
	{"name_s": "/usr/share/gnome/help/gnome-search-tool/oc/figures", "size_i": "4096", "regex": "false"},
	{"name_s": "/usr/share/gnome/help/gnome-search-tool/oc/figures/gnome-search-tool_window.png", "size_i": "44", "regex": "false"},
	{"name_s": "/usr/share/gnome/help/gnome-search-tool/oc/gnome-search-tool.xml", "size_i": "26693", "regex": "false"},
	{"name_s": "/usr/share/gnome/help/gnome-search-tool/ru", "size_i": "4096", "regex": "false"},
	{"name_s": "/usr/share/gnome/help/gnome-search-tool/ru/figures", "size_i": "4096", "regex": "false"},
	{"name_s": "/usr/share/gnome/help/gnome-search-tool/ru/figures/gnome-search-tool_window.png", "size_i": "44", "regex": "false"},
	{"name_s": "/usr/share/gnome/help/gnome-search-tool/ru/gnome-search-tool.xml", "size_i": "34729", "regex": "false"},
	{"name_s": "/usr/share/gnome/help/gnome-search-tool/sv", "size_i": "4096", "regex": "false"},
	{"name_s": "/usr/share/gnome/help/gnome-search-tool/sv/figures", "size_i": "4096", "regex": "false"},
	{"name_s": "/usr/share/gnome/help/gnome-search-tool/sv/figures/gnome-search-tool_window.png", "size_i": "23663", "regex": "false"},
	{"name_s": "/usr/share/gnome/help/gnome-search-tool/sv/gnome-search-tool.xml", "size_i": "26635", "regex": "false"},
	{"name_s": "/usr/share/gnome/help/gnome-search-tool/uk", "size_i": "4096", "regex": "false"},
	{"name_s": "/usr/share/gnome/help/gnome-search-tool/uk/figures", "size_i": "4096", "regex": "false"},
	{"name_s": "/usr/share/gnome/help/gnome-search-tool/uk/figures/gnome-search-tool_window.png", "size_i": "23428", "regex": "false"},
	{"name_s": "/usr/share/gnome/help/gnome-search-tool/uk/gnome-search-tool.xml", "size_i": "34433", "regex": "false"},
	{"name_s": "/usr/share/icons/hicolor/24x24/apps/baobab.png", "size_i": "1146", "regex": "false"},
	{"name_s": "/usr/share/icons/hicolor/scalable/apps/baobab.svg", "size_i": "45087", "regex": "false"},
	{"name_s": "/usr/share/locale/am/LC_MESSAGES/gnome-utils-2.0.mo", "size_i": "3134", "regex": "false"},
	{"name_s": "/usr/share/locale/ar/LC_MESSAGES/gnome-utils-2.0.mo", "size_i": "82118", "regex": "false"},
	{"name_s": "/usr/share/locale/as/LC_MESSAGES/gnome-utils-2.0.mo", "size_i": "98286", "regex": "false"},
	{"name_s": "/usr/share/locale/ast/LC_MESSAGES/gnome-utils-2.0.mo", "size_i": "73506", "regex": "false"},
	{"name_s": "/usr/share/locale/az/LC_MESSAGES/gnome-utils-2.0.mo", "size_i": "26306", "regex": "false"},
	{"name_s": "/usr/share/locale/be/LC_MESSAGES/gnome-utils-2.0.mo", "size_i": "31934", "regex": "false"},
	{"name_s": "/usr/share/locale/be@latin/LC_MESSAGES/gnome-utils-2.0.mo", "size_i": "71926", "regex": "false"},
	{"name_s": "/usr/share/locale/bg/LC_MESSAGES/gnome-utils-2.0.mo", "size_i": "88398", "regex": "false"},
	{"name_s": "/usr/share/locale/bn/LC_MESSAGES/gnome-utils-2.0.mo", "size_i": "108192", "regex": "false"},
	{"name_s": "/usr/share/locale/bn_IN/LC_MESSAGES/gnome-utils-2.0.mo", "size_i": "109310", "regex": "false"},
	{"name_s": "/usr/share/locale/br/LC_MESSAGES/gnome-utils-2.0.mo", "size_i": "11135", "regex": "false"},
	{"name_s": "/usr/share/locale/bs/LC_MESSAGES/gnome-utils-2.0.mo", "size_i": "25807", "regex": "false"},
	{"name_s": "/usr/share/locale/ca/LC_MESSAGES/gnome-utils-2.0.mo", "size_i": "67832", "regex": "false"},
	{"name_s": "/usr/share/locale/ca@valencia/LC_MESSAGES/gnome-utils-2.0.mo", "size_i": "62275", "regex": "false"},
	{"name_s": "/usr/share/locale/cs/LC_MESSAGES/gnome-utils-2.0.mo", "size_i": "66156", "regex": "false"},
	{"name_s": "/usr/share/locale/cy/LC_MESSAGES/gnome-utils-2.0.mo", "size_i": "66870", "regex": "false"},
	{"name_s": "/usr/share/locale/da/LC_MESSAGES/gnome-utils-2.0.mo", "size_i": "63827", "regex": "false"},
	{"name_s": "/usr/share/locale/de/LC_MESSAGES/gnome-utils-2.0.mo", "size_i": "68820", "regex": "false"},
	{"name_s": "/usr/share/locale/dz/LC_MESSAGES/gnome-utils-2.0.mo", "size_i": "132227", "regex": "false"},
	{"name_s": "/usr/share/locale/el/LC_MESSAGES/gnome-utils-2.0.mo", "size_i": "92601", "regex": "false"},
	{"name_s": "/usr/share/locale/en_CA/LC_MESSAGES/gnome-utils-2.0.mo", "size_i": "55188", "regex": "false"},
	{"name_s": "/usr/share/locale/en_GB/LC_MESSAGES/gnome-utils-2.0.mo", "size_i": "62591", "regex": "false"},
	{"name_s": "/usr/share/locale/es/LC_MESSAGES/gnome-utils-2.0.mo", "size_i": "68604", "regex": "false"},
	{"name_s": "/usr/share/locale/et/LC_MESSAGES/gnome-utils-2.0.mo", "size_i": "64088", "regex": "false"},
	{"name_s": "/usr/share/locale/eu/LC_MESSAGES/gnome-utils-2.0.mo", "size_i": "65290", "regex": "false"},
	{"name_s": "/usr/share/locale/fa/LC_MESSAGES/gnome-utils-2.0.mo", "size_i": "85691", "regex": "false"},
	{"name_s": "/usr/share/locale/fi/LC_MESSAGES/gnome-utils-2.0.mo", "size_i": "64709", "regex": "false"},
	{"name_s": "/usr/share/locale/fr/LC_MESSAGES/gnome-utils-2.0.mo", "size_i": "70530", "regex": "false"},
	{"name_s": "/usr/share/locale/ga/LC_MESSAGES/gnome-utils-2.0.mo", "size_i": "18145", "regex": "false"},
	{"name_s": "/usr/share/locale/gl/LC_MESSAGES/gnome-utils-2.0.mo", "size_i": "67068", "regex": "false"},
	{"name_s": "/usr/share/locale/gu/LC_MESSAGES/gnome-utils-2.0.mo", "size_i": "96661", "regex": "false"},
	{"name_s": "/usr/share/locale/he/LC_MESSAGES/gnome-utils-2.0.mo", "size_i": "67375", "regex": "false"},
	{"name_s": "/usr/share/locale/hi/LC_MESSAGES/gnome-utils-2.0.mo", "size_i": "95123", "regex": "false"},
	{"name_s": "/usr/share/locale/hr/LC_MESSAGES/gnome-utils-2.0.mo", "size_i": "54298", "regex": "false"},
	{"name_s": "/usr/share/locale/hu/LC_MESSAGES/gnome-utils-2.0.mo", "size_i": "68617", "regex": "false"},
	{"name_s": "/usr/share/locale/id/LC_MESSAGES/gnome-utils-2.0.mo", "size_i": "45580", "regex": "false"},
	{"name_s": "/usr/share/locale/it/LC_MESSAGES/gnome-utils-2.0.mo", "size_i": "67742", "regex": "false"},
	{"name_s": "/usr/share/locale/ja/LC_MESSAGES/gnome-utils-2.0.mo", "size_i": "73880", "regex": "false"},
	{"name_s": "/usr/share/locale/kn/LC_MESSAGES/gnome-utils-2.0.mo", "size_i": "109688", "regex": "false"},
	{"name_s": "/usr/share/locale/ko/LC_MESSAGES/gnome-utils-2.0.mo", "size_i": "67376", "regex": "false"},
	{"name_s": "/usr/share/locale/ku/LC_MESSAGES/gnome-utils-2.0.mo", "size_i": "26212", "regex": "false"},
	{"name_s": "/usr/share/locale/lt/LC_MESSAGES/gnome-utils-2.0.mo", "size_i": "73004", "regex": "false"},
	{"name_s": "/usr/share/locale/lv/LC_MESSAGES/gnome-utils-2.0.mo", "size_i": "70595", "regex": "false"},
	{"name_s": "/usr/share/locale/mai/LC_MESSAGES/gnome-utils-2.0.mo", "size_i": "93857", "regex": "false"},
	{"name_s": "/usr/share/locale/mg/LC_MESSAGES/gnome-utils-2.0.mo", "size_i": "70062", "regex": "false"},
	{"name_s": "/usr/share/locale/mk/LC_MESSAGES/gnome-utils-2.0.mo", "size_i": "93863", "regex": "false"},
	{"name_s": "/usr/share/locale/ml/LC_MESSAGES/gnome-utils-2.0.mo", "size_i": "120048", "regex": "false"},
	{"name_s": "/usr/share/locale/mn/LC_MESSAGES/gnome-utils-2.0.mo", "size_i": "29632", "regex": "false"},
	{"name_s": "/usr/share/locale/mr/LC_MESSAGES/gnome-utils-2.0.mo", "size_i": "96599", "regex": "false"},
	{"name_s": "/usr/share/locale/ms/LC_MESSAGES/gnome-utils-2.0.mo", "size_i": "24596", "regex": "false"},
	{"name_s": "/usr/share/locale/nb/LC_MESSAGES/gnome-utils-2.0.mo", "size_i": "61289", "regex": "false"},
	{"name_s": "/usr/share/locale/ne/LC_MESSAGES/gnome-utils-2.0.mo", "size_i": "109911", "regex": "false"},
	{"name_s": "/usr/share/locale/nl/LC_MESSAGES/gnome-utils-2.0.mo", "size_i": "72408", "regex": "false"},
	{"name_s": "/usr/share/locale/nn/LC_MESSAGES/gnome-utils-2.0.mo", "size_i": "68537", "regex": "false"},
	{"name_s": "/usr/share/locale/oc/LC_MESSAGES/gnome-utils-2.0.mo", "size_i": "14328", "regex": "false"},
	{"name_s": "/usr/share/locale/or/LC_MESSAGES/gnome-utils-2.0.mo", "size_i": "110393", "regex": "false"},
	{"name_s": "/usr/share/locale/pa/LC_MESSAGES/gnome-utils-2.0.mo", "size_i": "91560", "regex": "false"},
	{"name_s": "/usr/share/locale/pl/LC_MESSAGES/gnome-utils-2.0.mo", "size_i": "66102", "regex": "false"},
	{"name_s": "/usr/share/locale/ps/LC_MESSAGES/gnome-utils-2.0.mo", "size_i": "39787", "regex": "false"},
	{"name_s": "/usr/share/locale/pt/LC_MESSAGES/gnome-utils-2.0.mo", "size_i": "67397", "regex": "false"},
	{"name_s": "/usr/share/locale/pt_BR/LC_MESSAGES/gnome-utils-2.0.mo", "size_i": "67386", "regex": "false"},
	{"name_s": "/usr/share/locale/ro/LC_MESSAGES/gnome-utils-2.0.mo", "size_i": "68314", "regex": "false"},
	{"name_s": "/usr/share/locale/ru/LC_MESSAGES/gnome-utils-2.0.mo", "size_i": "86304", "regex": "false"},
	{"name_s": "/usr/share/locale/rw/LC_MESSAGES/gnome-utils-2.0.mo", "size_i": "2170", "regex": "false"},
	{"name_s": "/usr/share/locale/sk/LC_MESSAGES/gnome-utils-2.0.mo", "size_i": "63459", "regex": "false"},
	{"name_s": "/usr/share/locale/sl/LC_MESSAGES/gnome-utils-2.0.mo", "size_i": "64956", "regex": "false"},
	{"name_s": "/usr/share/locale/sq/LC_MESSAGES/gnome-utils-2.0.mo", "size_i": "46134", "regex": "false"},
	{"name_s": "/usr/share/locale/sr/LC_MESSAGES/gnome-utils-2.0.mo", "size_i": "84576", "regex": "false"},
	{"name_s": "/usr/share/locale/sr@latin/LC_MESSAGES/gnome-utils-2.0.mo", "size_i": "65594", "regex": "false"},
	{"name_s": "/usr/share/locale/sv/LC_MESSAGES/gnome-utils-2.0.mo", "size_i": "64225", "regex": "false"},
	{"name_s": "/usr/share/locale/ta/LC_MESSAGES/gnome-utils-2.0.mo", "size_i": "107279", "regex": "false"},
	{"name_s": "/usr/share/locale/te/LC_MESSAGES/gnome-utils-2.0.mo", "size_i": "108460", "regex": "false"},
	{"name_s": "/usr/share/locale/th/LC_MESSAGES/gnome-utils-2.0.mo", "size_i": "104658", "regex": "false"},
	{"name_s": "/usr/share/locale/tr/LC_MESSAGES/gnome-utils-2.0.mo", "size_i": "64104", "regex": "false"},
	{"name_s": "/usr/share/locale/uk/LC_MESSAGES/gnome-utils-2.0.mo", "size_i": "83215", "regex": "false"},
	{"name_s": "/usr/share/locale/vi/LC_MESSAGES/gnome-utils-2.0.mo", "size_i": "78100", "regex": "false"},
	{"name_s": "/usr/share/locale/wa/LC_MESSAGES/gnome-utils-2.0.mo", "size_i": "9565", "regex": "false"},
	{"name_s": "/usr/share/locale/xh/LC_MESSAGES/gnome-utils-2.0.mo", "size_i": "43903", "regex": "false"},
	{"name_s": "/usr/share/locale/zh_CN/LC_MESSAGES/gnome-utils-2.0.mo", "size_i": "59830", "regex": "false"},
	{"name_s": "/usr/share/locale/zh_HK/LC_MESSAGES/gnome-utils-2.0.mo", "size_i": "62025", "regex": "false"},
	{"name_s": "/usr/share/locale/zh_TW/LC_MESSAGES/gnome-utils-2.0.mo", "size_i": "62021", "regex": "false"},
	{"name_s": "/usr/share/man/man1/baobab.1.gz", "size_i": "2011", "regex": "false"},
	{"name_s": "/usr/share/man/man1/gnome-dictionary.1.gz", "size_i": "825", "regex": "false"},
	{"name_s": "/usr/share/man/man1/gnome-screenshot.1.gz", "size_i": "972", "regex": "false"},
	{"name_s": "/usr/share/man/man1/gnome-search-tool.1.gz", "size_i": "1132", "regex": "false"},
	{"name_s": "/usr/share/omf/baobab", "size_i": "4096", "regex": "false"},
	{"name_s": "/usr/share/omf/baobab/baobab-C.omf", "size_i": "916", "regex": "false"},
	{"name_s": "/usr/share/omf/baobab/baobab-ca.omf", "size_i": "997", "regex": "false"},
	{"name_s": "/usr/share/omf/baobab/baobab-cs.omf", "size_i": "1000", "regex": "false"},
	{"name_s": "/usr/share/omf/baobab/baobab-da.omf", "size_i": "917", "regex": "false"},
	{"name_s": "/usr/share/omf/baobab/baobab-de.omf", "size_i": "991", "regex": "false"},
	{"name_s": "/usr/share/omf/baobab/baobab-el.omf", "size_i": "1223", "regex": "false"},
	{"name_s": "/usr/share/omf/baobab/baobab-en_GB.omf", "size_i": "918", "regex": "false"},
	{"name_s": "/usr/share/omf/baobab/baobab-es.omf", "size_i": "963", "regex": "false"},
	{"name_s": "/usr/share/omf/baobab/baobab-eu.omf", "size_i": "1010", "regex": "false"},
	{"name_s": "/usr/share/omf/baobab/baobab-fi.omf", "size_i": "1001", "regex": "false"},
	{"name_s": "/usr/share/omf/baobab/baobab-fr.omf", "size_i": "1000", "regex": "false"},
	{"name_s": "/usr/share/omf/baobab/baobab-it.omf", "size_i": "1027", "regex": "false"},
	{"name_s": "/usr/share/omf/baobab/baobab-oc.omf", "size_i": "924", "regex": "false"},
	{"name_s": "/usr/share/omf/baobab/baobab-pl.omf", "size_i": "997", "regex": "false"},
	{"name_s": "/usr/share/omf/baobab/baobab-ru.omf", "size_i": "1186", "regex": "false"},
	{"name_s": "/usr/share/omf/baobab/baobab-sv.omf", "size_i": "954", "regex": "false"},
	{"name_s": "/usr/share/omf/baobab/baobab-uk.omf", "size_i": "1108", "regex": "false"},
	{"name_s": "/usr/share/omf/baobab/baobab-zh_CN.omf", "size_i": "962", "regex": "false"},
	{"name_s": "/usr/share/omf/baobab/baobab-zh_HK.omf", "size_i": "953", "regex": "false"},
	{"name_s": "/usr/share/omf/baobab/baobab-zh_TW.omf", "size_i": "953", "regex": "false"},
	{"name_s": "/usr/share/omf/gnome-dictionary", "size_i": "4096", "regex": "false"},
	{"name_s": "/usr/share/omf/gnome-dictionary/gnome-dictionary-C.omf", "size_i": "871", "regex": "false"},
	{"name_s": "/usr/share/omf/gnome-dictionary/gnome-dictionary-ca.omf", "size_i": "875", "regex": "false"},
	{"name_s": "/usr/share/omf/gnome-dictionary/gnome-dictionary-cs.omf", "size_i": "857", "regex": "false"},
	{"name_s": "/usr/share/omf/gnome-dictionary/gnome-dictionary-de.omf", "size_i": "888", "regex": "false"},
	{"name_s": "/usr/share/omf/gnome-dictionary/gnome-dictionary-el.omf", "size_i": "976", "regex": "false"},
	{"name_s": "/usr/share/omf/gnome-dictionary/gnome-dictionary-en_GB.omf", "size_i": "855", "regex": "false"},
	{"name_s": "/usr/share/omf/gnome-dictionary/gnome-dictionary-es.omf", "size_i": "865", "regex": "false"},
	{"name_s": "/usr/share/omf/gnome-dictionary/gnome-dictionary-eu.omf", "size_i": "877", "regex": "false"},
	{"name_s": "/usr/share/omf/gnome-dictionary/gnome-dictionary-fi.omf", "size_i": "864", "regex": "false"},
	{"name_s": "/usr/share/omf/gnome-dictionary/gnome-dictionary-fr.omf", "size_i": "864", "regex": "false"},
	{"name_s": "/usr/share/omf/gnome-dictionary/gnome-dictionary-it.omf", "size_i": "865", "regex": "false"},
	{"name_s": "/usr/share/omf/gnome-dictionary/gnome-dictionary-oc.omf", "size_i": "883", "regex": "false"},
	{"name_s": "/usr/share/omf/gnome-dictionary/gnome-dictionary-ru.omf", "size_i": "977", "regex": "false"},
	{"name_s": "/usr/share/omf/gnome-dictionary/gnome-dictionary-sv.omf", "size_i": "861", "regex": "false"},
	{"name_s": "/usr/share/omf/gnome-dictionary/gnome-dictionary-uk.omf", "size_i": "985", "regex": "false"},
	{"name_s": "/usr/share/omf/gnome-search-tool", "size_i": "4096", "regex": "false"},
	{"name_s": "/usr/share/omf/gnome-search-tool/gnome-search-tool-C.omf", "size_i": "925", "regex": "false"},
	{"name_s": "/usr/share/omf/gnome-search-tool/gnome-search-tool-ca.omf", "size_i": "934", "regex": "false"},
	{"name_s": "/usr/share/omf/gnome-search-tool/gnome-search-tool-cs.omf", "size_i": "959", "regex": "false"},
	{"name_s": "/usr/share/omf/gnome-search-tool/gnome-search-tool-de.omf", "size_i": "947", "regex": "false"},
	{"name_s": "/usr/share/omf/gnome-search-tool/gnome-search-tool-el.omf", "size_i": "1109", "regex": "false"},
	{"name_s": "/usr/share/omf/gnome-search-tool/gnome-search-tool-en_GB.omf", "size_i": "920", "regex": "false"},
	{"name_s": "/usr/share/omf/gnome-search-tool/gnome-search-tool-es.omf", "size_i": "963", "regex": "false"},
	{"name_s": "/usr/share/omf/gnome-search-tool/gnome-search-tool-eu.omf", "size_i": "948", "regex": "false"},
	{"name_s": "/usr/share/omf/gnome-search-tool/gnome-search-tool-fi.omf", "size_i": "958", "regex": "false"},
	{"name_s": "/usr/share/omf/gnome-search-tool/gnome-search-tool-fr.omf", "size_i": "974", "regex": "false"},
	{"name_s": "/usr/share/omf/gnome-search-tool/gnome-search-tool-it.omf", "size_i": "937", "regex": "false"},
	{"name_s": "/usr/share/omf/gnome-search-tool/gnome-search-tool-ko.omf", "size_i": "920", "regex": "false"},
	{"name_s": "/usr/share/omf/gnome-search-tool/gnome-search-tool-oc.omf", "size_i": "934", "regex": "false"},
	{"name_s": "/usr/share/omf/gnome-search-tool/gnome-search-tool-ru.omf", "size_i": "1029", "regex": "false"},
	{"name_s": "/usr/share/omf/gnome-search-tool/gnome-search-tool-sv.omf", "size_i": "931", "regex": "false"},
	{"name_s": "/usr/share/omf/gnome-search-tool/gnome-search-tool-uk.omf", "size_i": "1068", "regex": "false"},
	{"name_s": "/usr/share/pixmaps/gsearchtool", "size_i": "4096", "regex": "false"},
	{"name_s": "/usr/share/pixmaps/gsearchtool/thumbnail_frame.png", "size_i": "908", "regex": "false"}
]
