[
	{"name_s": "/usr/lib64/python2.6/site-packages/gtk-2.0/gnomeprint", "size_i": "4096", "regex": "false"},
	{"name_s": "/usr/lib64/python2.6/site-packages/gtk-2.0/gnomeprint/__init__.py", "size_i": "378", "regex": "false"},
	{"name_s": "/usr/lib64/python2.6/site-packages/gtk-2.0/gnomeprint/__init__.pyc", "size_i": "189", "regex": "false"},
	{"name_s": "/usr/lib64/python2.6/site-packages/gtk-2.0/gnomeprint/__init__.pyo", "size_i": "189", "regex": "false"},
	{"name_s": "/usr/lib64/python2.6/site-packages/gtk-2.0/gnomeprint/_print.so", "size_i": "95144", "regex": "false"},
	{"name_s": "/usr/lib64/python2.6/site-packages/gtk-2.0/gnomeprint/ui.so", "size_i": "25216", "regex": "false"},
	{"name_s": "/usr/share/doc/gnome-python2-gnomeprint-2.28.0", "size_i": "4096", "regex": "false"},
	{"name_s": "/usr/share/doc/gnome-python2-gnomeprint-2.28.0/README", "size_i": "2280", "regex": "false"},
	{"name_s": "/usr/share/doc/gnome-python2-gnomeprint-2.28.0/example_01.py", "size_i": "1406", "regex": "false"},
	{"name_s": "/usr/share/doc/gnome-python2-gnomeprint-2.28.0/example_02.py", "size_i": "2964", "regex": "false"},
	{"name_s": "/usr/share/doc/gnome-python2-gnomeprint-2.28.0/example_03.py", "size_i": "1534", "regex": "false"},
	{"name_s": "/usr/share/doc/gnome-python2-gnomeprint-2.28.0/example_04.py", "size_i": "2504", "regex": "false"},
	{"name_s": "/usr/share/doc/gnome-python2-gnomeprint-2.28.0/example_05.py", "size_i": "1992", "regex": "false"},
	{"name_s": "/usr/share/doc/gnome-python2-gnomeprint-2.28.0/example_06.py", "size_i": "1714", "regex": "false"},
	{"name_s": "/usr/share/doc/gnome-python2-gnomeprint-2.28.0/example_08.py", "size_i": "1754", "regex": "false"},
	{"name_s": "/usr/share/doc/gnome-python2-gnomeprint-2.28.0/example_09.py", "size_i": "2064", "regex": "false"},
	{"name_s": "/usr/share/doc/gnome-python2-gnomeprint-2.28.0/example_10.glade", "size_i": "11675", "regex": "false"},
	{"name_s": "/usr/share/doc/gnome-python2-gnomeprint-2.28.0/example_10.py", "size_i": "6307", "regex": "false"},
	{"name_s": "/usr/share/doc/gnome-python2-gnomeprint-2.28.0/example_11.py", "size_i": "2228", "regex": "false"},
	{"name_s": "/usr/share/doc/gnome-python2-gnomeprint-2.28.0/sample-image.png", "size_i": "3723", "regex": "false"},
	{"name_s": "/usr/share/doc/gnome-python2-gnomeprint-2.28.0/test-print.py", "size_i": "5321", "regex": "false"},
	{"name_s": "/usr/share/gtk-doc/html/pygnomeprint", "size_i": "4096", "regex": "false"},
	{"name_s": "/usr/share/gtk-doc/html/pygnomeprint/class-gnomeprintconfig.html", "size_i": "24829", "regex": "false"},
	{"name_s": "/usr/share/gtk-doc/html/pygnomeprint/class-gnomeprintcontext.html", "size_i": "74066", "regex": "false"},
	{"name_s": "/usr/share/gtk-doc/html/pygnomeprint/class-gnomeprintfont.html", "size_i": "33549", "regex": "false"},
	{"name_s": "/usr/share/gtk-doc/html/pygnomeprint/class-gnomeprintfontface.html", "size_i": "38623", "regex": "false"},
	{"name_s": "/usr/share/gtk-doc/html/pygnomeprint/class-gnomeprintglyphlist.html", "size_i": "21977", "regex": "false"},
	{"name_s": "/usr/share/gtk-doc/html/pygnomeprint/class-gnomeprintjob.html", "size_i": "14286", "regex": "false"},
	{"name_s": "/usr/share/gtk-doc/html/pygnomeprint/gnomeprint-class-reference.html", "size_i": "2798", "regex": "false"},
	{"name_s": "/usr/share/gtk-doc/html/pygnomeprint/index.html", "size_i": "3124", "regex": "false"},
	{"name_s": "/usr/share/gtk-doc/html/pygnomeprint/index.sgml", "size_i": "512", "regex": "false"},
	{"name_s": "/usr/share/gtk-doc/html/pygnomeprint/pygnomeprint.devhelp", "size_i": "16997", "regex": "false"},
	{"name_s": "/usr/share/gtk-doc/html/pygnomeprintui", "size_i": "4096", "regex": "false"},
	{"name_s": "/usr/share/gtk-doc/html/pygnomeprintui/class-gnomeprintuidialog.html", "size_i": "20058", "regex": "false"},
	{"name_s": "/usr/share/gtk-doc/html/pygnomeprintui/class-gnomeprintuifontdialog.html", "size_i": "6064", "regex": "false"},
	{"name_s": "/usr/share/gtk-doc/html/pygnomeprintui/class-gnomeprintuifontpreview.html", "size_i": "7213", "regex": "false"},
	{"name_s": "/usr/share/gtk-doc/html/pygnomeprintui/class-gnomeprintuifontselection.html", "size_i": "9693", "regex": "false"},
	{"name_s": "/usr/share/gtk-doc/html/pygnomeprintui/class-gnomeprintuijobpreview.html", "size_i": "4995", "regex": "false"},
	{"name_s": "/usr/share/gtk-doc/html/pygnomeprintui/class-gnomeprintuipaperselector.html", "size_i": "4445", "regex": "false"},
	{"name_s": "/usr/share/gtk-doc/html/pygnomeprintui/class-gnomeprintuipreview.html", "size_i": "5650", "regex": "false"},
	{"name_s": "/usr/share/gtk-doc/html/pygnomeprintui/gnomeprintui-class-reference.html", "size_i": "3123", "regex": "false"},
	{"name_s": "/usr/share/gtk-doc/html/pygnomeprintui/index.html", "size_i": "3454", "regex": "false"},
	{"name_s": "/usr/share/gtk-doc/html/pygnomeprintui/index.sgml", "size_i": "693", "regex": "false"},
	{"name_s": "/usr/share/gtk-doc/html/pygnomeprintui/pygnomeprintui.devhelp", "size_i": "4434", "regex": "false"}
]
