[
	{"name_s": "/usr/include/gnome-desktop-2.0", "size_i": "4096", "regex": "false"},
	{"name_s": "/usr/include/gnome-desktop-2.0/libgnome", "size_i": "4096", "regex": "false"},
	{"name_s": "/usr/include/gnome-desktop-2.0/libgnome/gnome-desktop-item.h", "size_i": "13553", "regex": "false"},
	{"name_s": "/usr/include/gnome-desktop-2.0/libgnome/gnome-desktop-utils.h", "size_i": "1563", "regex": "false"},
	{"name_s": "/usr/include/gnome-desktop-2.0/libgnomeui", "size_i": "4096", "regex": "false"},
	{"name_s": "/usr/include/gnome-desktop-2.0/libgnomeui/gnome-bg-crossfade.h", "size_i": "3053", "regex": "false"},
	{"name_s": "/usr/include/gnome-desktop-2.0/libgnomeui/gnome-bg.h", "size_i": "5675", "regex": "false"},
	{"name_s": "/usr/include/gnome-desktop-2.0/libgnomeui/gnome-desktop-thumbnail.h", "size_i": "4804", "regex": "false"},
	{"name_s": "/usr/include/gnome-desktop-2.0/libgnomeui/gnome-rr-config.h", "size_i": "4346", "regex": "false"},
	{"name_s": "/usr/include/gnome-desktop-2.0/libgnomeui/gnome-rr-labeler.h", "size_i": "2310", "regex": "false"},
	{"name_s": "/usr/include/gnome-desktop-2.0/libgnomeui/gnome-rr.h", "size_i": "8163", "regex": "false"},
	{"name_s": "/usr/lib/libgnome-desktop-2.so", "size_i": "28", "regex": "false"},
	{"name_s": "/usr/lib/pkgconfig/gnome-desktop-2.0.pc", "size_i": "291", "regex": "false"},
	{"name_s": "/usr/share/gtk-doc/html/gnome-desktop", "size_i": "4096", "regex": "false"},
	{"name_s": "/usr/share/gtk-doc/html/gnome-desktop/GnomeBG.html", "size_i": "31275", "regex": "false"},
	{"name_s": "/usr/share/gtk-doc/html/gnome-desktop/GnomeDesktopThumbnailFactory.html", "size_i": "22344", "regex": "false"},
	{"name_s": "/usr/share/gtk-doc/html/gnome-desktop/GnomeRRLabeler.html", "size_i": "7786", "regex": "false"},
	{"name_s": "/usr/share/gtk-doc/html/gnome-desktop/background.html", "size_i": "2183", "regex": "false"},
	{"name_s": "/usr/share/gtk-doc/html/gnome-desktop/gnome-desktop-GnomeDesktopItem.html", "size_i": "100637", "regex": "false"},
	{"name_s": "/usr/share/gtk-doc/html/gnome-desktop/gnome-desktop-Miscellaneous-Functions.html", "size_i": "4987", "regex": "false"},
	{"name_s": "/usr/share/gtk-doc/html/gnome-desktop/gnome-desktop-Miscellaneous-Thumbnail-Functions.html", "size_i": "11680", "regex": "false"},
	{"name_s": "/usr/share/gtk-doc/html/gnome-desktop/gnome-desktop-gnome-rr-config.html", "size_i": "20375", "regex": "false"},
	{"name_s": "/usr/share/gtk-doc/html/gnome-desktop/gnome-desktop-gnome-rr-crtc.html", "size_i": "18332", "regex": "false"},
	{"name_s": "/usr/share/gtk-doc/html/gnome-desktop/gnome-desktop-gnome-rr-mode.html", "size_i": "7768", "regex": "false"},
	{"name_s": "/usr/share/gtk-doc/html/gnome-desktop/gnome-desktop-gnome-rr-output.html", "size_i": "23257", "regex": "false"},
	{"name_s": "/usr/share/gtk-doc/html/gnome-desktop/gnome-desktop-gnome-rr-screen.html", "size_i": "25264", "regex": "false"},
	{"name_s": "/usr/share/gtk-doc/html/gnome-desktop/gnome-desktop.devhelp", "size_i": "23319", "regex": "false"},
	{"name_s": "/usr/share/gtk-doc/html/gnome-desktop/gnome-desktop.devhelp2", "size_i": "26025", "regex": "false"},
	{"name_s": "/usr/share/gtk-doc/html/gnome-desktop/home.png", "size_i": "654", "regex": "false"},
	{"name_s": "/usr/share/gtk-doc/html/gnome-desktop/index.html", "size_i": "3546", "regex": "false"},
	{"name_s": "/usr/share/gtk-doc/html/gnome-desktop/index.sgml", "size_i": "28846", "regex": "false"},
	{"name_s": "/usr/share/gtk-doc/html/gnome-desktop/intro.html", "size_i": "2471", "regex": "false"},
	{"name_s": "/usr/share/gtk-doc/html/gnome-desktop/left.png", "size_i": "459", "regex": "false"},
	{"name_s": "/usr/share/gtk-doc/html/gnome-desktop/libgnome.html", "size_i": "2488", "regex": "false"},
	{"name_s": "/usr/share/gtk-doc/html/gnome-desktop/randr.html", "size_i": "2936", "regex": "false"},
	{"name_s": "/usr/share/gtk-doc/html/gnome-desktop/right.png", "size_i": "472", "regex": "false"},
	{"name_s": "/usr/share/gtk-doc/html/gnome-desktop/style.css", "size_i": "4882", "regex": "false"},
	{"name_s": "/usr/share/gtk-doc/html/gnome-desktop/thumbnail.html", "size_i": "2436", "regex": "false"},
	{"name_s": "/usr/share/gtk-doc/html/gnome-desktop/up.png", "size_i": "406", "regex": "false"}
]
