[
	{"name_s": "/etc/gconf/schemas/gnome-screensaver.schemas", "size_i": "8490", "regex": "false"},
	{"name_s": "/etc/pam.d/gnome-screensaver", "size_i": "485", "regex": "false"},
	{"name_s": "/etc/xdg/autostart/gnome-screensaver.desktop", "size_i": "7186", "regex": "false"},
	{"name_s": "/etc/xdg/menus/gnome-screensavers.menu", "size_i": "488", "regex": "false"},
	{"name_s": "/etc/xdg/menus/preferences-post-merged/gnome-screensaver-hide-xscreensaver.menu", "size_i": "270", "regex": "false"},
	{"name_s": "/usr/bin/gnome-screensaver", "size_i": "162096", "regex": "false"},
	{"name_s": "/usr/bin/gnome-screensaver-command", "size_i": "14024", "regex": "false"},
	{"name_s": "/usr/bin/gnome-screensaver-preferences", "size_i": "62568", "regex": "false"},
	{"name_s": "/usr/lib64/pkgconfig/gnome-screensaver.pc", "size_i": "346", "regex": "false"},
	{"name_s": "/usr/libexec/gnome-screensaver", "size_i": "4096", "regex": "false"},
	{"name_s": "/usr/libexec/gnome-screensaver-dialog", "size_i": "67000", "regex": "false"},
	{"name_s": "/usr/libexec/gnome-screensaver-gl-helper", "size_i": "7152", "regex": "false"},
	{"name_s": "/usr/libexec/gnome-screensaver/floaters", "size_i": "26528", "regex": "false"},
	{"name_s": "/usr/libexec/gnome-screensaver/popsquares", "size_i": "21952", "regex": "false"},
	{"name_s": "/usr/libexec/gnome-screensaver/slideshow", "size_i": "36880", "regex": "false"},
	{"name_s": "/usr/share/applications/gnome-screensaver-preferences.desktop", "size_i": "8923", "regex": "false"},
	{"name_s": "/usr/share/applications/screensavers", "size_i": "4096", "regex": "false"},
	{"name_s": "/usr/share/applications/screensavers/cosmos-slideshow.desktop", "size_i": "7844", "regex": "false"},
	{"name_s": "/usr/share/applications/screensavers/footlogo-floaters.desktop", "size_i": "8757", "regex": "false"},
	{"name_s": "/usr/share/applications/screensavers/personal-slideshow.desktop", "size_i": "9612", "regex": "false"},
	{"name_s": "/usr/share/applications/screensavers/popsquares.desktop", "size_i": "8488", "regex": "false"},
	{"name_s": "/usr/share/backgrounds/cosmos", "size_i": "4096", "regex": "false"},
	{"name_s": "/usr/share/backgrounds/cosmos/background-1.xml", "size_i": "2904", "regex": "false"},
	{"name_s": "/usr/share/backgrounds/cosmos/blue-marble-west.jpg", "size_i": "456110", "regex": "false"},
	{"name_s": "/usr/share/backgrounds/cosmos/cloud.jpg", "size_i": "1379759", "regex": "false"},
	{"name_s": "/usr/share/backgrounds/cosmos/comet.jpg", "size_i": "141297", "regex": "false"},
	{"name_s": "/usr/share/backgrounds/cosmos/earth-horizon.jpg", "size_i": "210180", "regex": "false"},
	{"name_s": "/usr/share/backgrounds/cosmos/galaxy-ngc3370.jpg", "size_i": "460107", "regex": "false"},
	{"name_s": "/usr/share/backgrounds/cosmos/helix-nebula.jpg", "size_i": "138039", "regex": "false"},
	{"name_s": "/usr/share/backgrounds/cosmos/jupiter.jpg", "size_i": "44528", "regex": "false"},
	{"name_s": "/usr/share/backgrounds/cosmos/sombrero.jpg", "size_i": "552723", "regex": "false"},
	{"name_s": "/usr/share/backgrounds/cosmos/whirlpool.jpg", "size_i": "659143", "regex": "false"},
	{"name_s": "/usr/share/dbus-1/services/org.gnome.ScreenSaver.service", "size_i": "87", "regex": "false"},
	{"name_s": "/usr/share/desktop-directories/gnome-screensaver.directory", "size_i": "6755", "regex": "false"},
	{"name_s": "/usr/share/doc/gnome-screensaver-2.28.3", "size_i": "4096", "regex": "false"},
	{"name_s": "/usr/share/doc/gnome-screensaver-2.28.3/AUTHORS", "size_i": "36", "regex": "false"},
	{"name_s": "/usr/share/doc/gnome-screensaver-2.28.3/COPYING", "size_i": "17992", "regex": "false"},
	{"name_s": "/usr/share/doc/gnome-screensaver-2.28.3/NEWS", "size_i": "40994", "regex": "false"},
	{"name_s": "/usr/share/doc/gnome-screensaver-2.28.3/README", "size_i": "1366", "regex": "false"},
	{"name_s": "/usr/share/gnome-background-properties", "size_i": "4096", "regex": "false"},
	{"name_s": "/usr/share/gnome-background-properties/cosmos.xml", "size_i": "3584", "regex": "false"},
	{"name_s": "/usr/share/gnome-screensaver", "size_i": "4096", "regex": "false"},
	{"name_s": "/usr/share/gnome-screensaver/gnome-screensaver-preferences.ui", "size_i": "34475", "regex": "false"},
	{"name_s": "/usr/share/locale/ar/LC_MESSAGES/gnome-screensaver.mo", "size_i": "18986", "regex": "false"},
	{"name_s": "/usr/share/locale/as/LC_MESSAGES/gnome-screensaver.mo", "size_i": "18589", "regex": "false"},
	{"name_s": "/usr/share/locale/ast/LC_MESSAGES/gnome-screensaver.mo", "size_i": "16613", "regex": "false"},
	{"name_s": "/usr/share/locale/be/LC_MESSAGES/gnome-screensaver.mo", "size_i": "20936", "regex": "false"},
	{"name_s": "/usr/share/locale/be@latin/LC_MESSAGES/gnome-screensaver.mo", "size_i": "17152", "regex": "false"},
	{"name_s": "/usr/share/locale/bg/LC_MESSAGES/gnome-screensaver.mo", "size_i": "23130", "regex": "false"},
	{"name_s": "/usr/share/locale/bn/LC_MESSAGES/gnome-screensaver.mo", "size_i": "27917", "regex": "false"},
	{"name_s": "/usr/share/locale/bn_IN/LC_MESSAGES/gnome-screensaver.mo", "size_i": "27711", "regex": "false"},
	{"name_s": "/usr/share/locale/br/LC_MESSAGES/gnome-screensaver.mo", "size_i": "7757", "regex": "false"},
	{"name_s": "/usr/share/locale/ca/LC_MESSAGES/gnome-screensaver.mo", "size_i": "17656", "regex": "false"},
	{"name_s": "/usr/share/locale/ca@valencia/LC_MESSAGES/gnome-screensaver.mo", "size_i": "17401", "regex": "false"},
	{"name_s": "/usr/share/locale/crh/LC_MESSAGES/gnome-screensaver.mo", "size_i": "17518", "regex": "false"},
	{"name_s": "/usr/share/locale/cs/LC_MESSAGES/gnome-screensaver.mo", "size_i": "17085", "regex": "false"},
	{"name_s": "/usr/share/locale/cy/LC_MESSAGES/gnome-screensaver.mo", "size_i": "18731", "regex": "false"},
	{"name_s": "/usr/share/locale/da/LC_MESSAGES/gnome-screensaver.mo", "size_i": "16731", "regex": "false"},
	{"name_s": "/usr/share/locale/de/LC_MESSAGES/gnome-screensaver.mo", "size_i": "17829", "regex": "false"},
	{"name_s": "/usr/share/locale/dz/LC_MESSAGES/gnome-screensaver.mo", "size_i": "32043", "regex": "false"},
	{"name_s": "/usr/share/locale/el/LC_MESSAGES/gnome-screensaver.mo", "size_i": "22546", "regex": "false"},
	{"name_s": "/usr/share/locale/en_CA/LC_MESSAGES/gnome-screensaver.mo", "size_i": "18130", "regex": "false"},
	{"name_s": "/usr/share/locale/en_GB/LC_MESSAGES/gnome-screensaver.mo", "size_i": "16278", "regex": "false"},
	{"name_s": "/usr/share/locale/es/LC_MESSAGES/gnome-screensaver.mo", "size_i": "17598", "regex": "false"},
	{"name_s": "/usr/share/locale/et/LC_MESSAGES/gnome-screensaver.mo", "size_i": "16799", "regex": "false"},
	{"name_s": "/usr/share/locale/eu/LC_MESSAGES/gnome-screensaver.mo", "size_i": "17024", "regex": "false"},
	{"name_s": "/usr/share/locale/fa/LC_MESSAGES/gnome-screensaver.mo", "size_i": "27921", "regex": "false"},
	{"name_s": "/usr/share/locale/fi/LC_MESSAGES/gnome-screensaver.mo", "size_i": "17243", "regex": "false"},
	{"name_s": "/usr/share/locale/fr/LC_MESSAGES/gnome-screensaver.mo", "size_i": "18256", "regex": "false"},
	{"name_s": "/usr/share/locale/ga/LC_MESSAGES/gnome-screensaver.mo", "size_i": "5554", "regex": "false"},
	{"name_s": "/usr/share/locale/gl/LC_MESSAGES/gnome-screensaver.mo", "size_i": "17790", "regex": "false"},
	{"name_s": "/usr/share/locale/gu/LC_MESSAGES/gnome-screensaver.mo", "size_i": "26608", "regex": "false"},
	{"name_s": "/usr/share/locale/he/LC_MESSAGES/gnome-screensaver.mo", "size_i": "17166", "regex": "false"},
	{"name_s": "/usr/share/locale/hi/LC_MESSAGES/gnome-screensaver.mo", "size_i": "25667", "regex": "false"},
	{"name_s": "/usr/share/locale/hr/LC_MESSAGES/gnome-screensaver.mo", "size_i": "15635", "regex": "false"},
	{"name_s": "/usr/share/locale/hu/LC_MESSAGES/gnome-screensaver.mo", "size_i": "17756", "regex": "false"},
	{"name_s": "/usr/share/locale/id/LC_MESSAGES/gnome-screensaver.mo", "size_i": "19938", "regex": "false"},
	{"name_s": "/usr/share/locale/is/LC_MESSAGES/gnome-screensaver.mo", "size_i": "16304", "regex": "false"},
	{"name_s": "/usr/share/locale/it/LC_MESSAGES/gnome-screensaver.mo", "size_i": "17410", "regex": "false"},
	{"name_s": "/usr/share/locale/ja/LC_MESSAGES/gnome-screensaver.mo", "size_i": "20065", "regex": "false"},
	{"name_s": "/usr/share/locale/ka/LC_MESSAGES/gnome-screensaver.mo", "size_i": "16986", "regex": "false"},
	{"name_s": "/usr/share/locale/kn/LC_MESSAGES/gnome-screensaver.mo", "size_i": "29092", "regex": "false"},
	{"name_s": "/usr/share/locale/ko/LC_MESSAGES/gnome-screensaver.mo", "size_i": "17454", "regex": "false"},
	{"name_s": "/usr/share/locale/ku/LC_MESSAGES/gnome-screensaver.mo", "size_i": "18608", "regex": "false"},
	{"name_s": "/usr/share/locale/lt/LC_MESSAGES/gnome-screensaver.mo", "size_i": "17158", "regex": "false"},
	{"name_s": "/usr/share/locale/lv/LC_MESSAGES/gnome-screensaver.mo", "size_i": "17262", "regex": "false"},
	{"name_s": "/usr/share/locale/mai/LC_MESSAGES/gnome-screensaver.mo", "size_i": "22223", "regex": "false"},
	{"name_s": "/usr/share/locale/mg/LC_MESSAGES/gnome-screensaver.mo", "size_i": "21268", "regex": "false"},
	{"name_s": "/usr/share/locale/mk/LC_MESSAGES/gnome-screensaver.mo", "size_i": "21678", "regex": "false"},
	{"name_s": "/usr/share/locale/ml/LC_MESSAGES/gnome-screensaver.mo", "size_i": "32754", "regex": "false"},
	{"name_s": "/usr/share/locale/mn/LC_MESSAGES/gnome-screensaver.mo", "size_i": "26910", "regex": "false"},
	{"name_s": "/usr/share/locale/mr/LC_MESSAGES/gnome-screensaver.mo", "size_i": "26899", "regex": "false"},
	{"name_s": "/usr/share/locale/nb/LC_MESSAGES/gnome-screensaver.mo", "size_i": "16422", "regex": "false"},
	{"name_s": "/usr/share/locale/nds/LC_MESSAGES/gnome-screensaver.mo", "size_i": "16949", "regex": "false"},
	{"name_s": "/usr/share/locale/ne/LC_MESSAGES/gnome-screensaver.mo", "size_i": "27801", "regex": "false"},
	{"name_s": "/usr/share/locale/nl/LC_MESSAGES/gnome-screensaver.mo", "size_i": "17051", "regex": "false"},
	{"name_s": "/usr/share/locale/nn/LC_MESSAGES/gnome-screensaver.mo", "size_i": "15995", "regex": "false"},
	{"name_s": "/usr/share/locale/oc/LC_MESSAGES/gnome-screensaver.mo", "size_i": "2696", "regex": "false"},
	{"name_s": "/usr/share/locale/or/LC_MESSAGES/gnome-screensaver.mo", "size_i": "28730", "regex": "false"},
	{"name_s": "/usr/share/locale/pa/LC_MESSAGES/gnome-screensaver.mo", "size_i": "25187", "regex": "false"},
	{"name_s": "/usr/share/locale/pl/LC_MESSAGES/gnome-screensaver.mo", "size_i": "17385", "regex": "false"},
	{"name_s": "/usr/share/locale/ps/LC_MESSAGES/gnome-screensaver.mo", "size_i": "9111", "regex": "false"},
	{"name_s": "/usr/share/locale/pt/LC_MESSAGES/gnome-screensaver.mo", "size_i": "17635", "regex": "false"},
	{"name_s": "/usr/share/locale/pt_BR/LC_MESSAGES/gnome-screensaver.mo", "size_i": "17249", "regex": "false"},
	{"name_s": "/usr/share/locale/ro/LC_MESSAGES/gnome-screensaver.mo", "size_i": "17594", "regex": "false"},
	{"name_s": "/usr/share/locale/ru/LC_MESSAGES/gnome-screensaver.mo", "size_i": "22473", "regex": "false"},
	{"name_s": "/usr/share/locale/si/LC_MESSAGES/gnome-screensaver.mo", "size_i": "16976", "regex": "false"},
	{"name_s": "/usr/share/locale/sk/LC_MESSAGES/gnome-screensaver.mo", "size_i": "16533", "regex": "false"},
	{"name_s": "/usr/share/locale/sl/LC_MESSAGES/gnome-screensaver.mo", "size_i": "16799", "regex": "false"},
	{"name_s": "/usr/share/locale/sq/LC_MESSAGES/gnome-screensaver.mo", "size_i": "19365", "regex": "false"},
	{"name_s": "/usr/share/locale/sr/LC_MESSAGES/gnome-screensaver.mo", "size_i": "21861", "regex": "false"},
	{"name_s": "/usr/share/locale/sr@latin/LC_MESSAGES/gnome-screensaver.mo", "size_i": "17035", "regex": "false"},
	{"name_s": "/usr/share/locale/sv/LC_MESSAGES/gnome-screensaver.mo", "size_i": "16941", "regex": "false"},
	{"name_s": "/usr/share/locale/ta/LC_MESSAGES/gnome-screensaver.mo", "size_i": "27090", "regex": "false"},
	{"name_s": "/usr/share/locale/te/LC_MESSAGES/gnome-screensaver.mo", "size_i": "27144", "regex": "false"},
	{"name_s": "/usr/share/locale/th/LC_MESSAGES/gnome-screensaver.mo", "size_i": "25907", "regex": "false"},
	{"name_s": "/usr/share/locale/tr/LC_MESSAGES/gnome-screensaver.mo", "size_i": "16995", "regex": "false"},
	{"name_s": "/usr/share/locale/uk/LC_MESSAGES/gnome-screensaver.mo", "size_i": "22278", "regex": "false"},
	{"name_s": "/usr/share/locale/vi/LC_MESSAGES/gnome-screensaver.mo", "size_i": "19004", "regex": "false"},
	{"name_s": "/usr/share/locale/zh_CN/LC_MESSAGES/gnome-screensaver.mo", "size_i": "15839", "regex": "false"},
	{"name_s": "/usr/share/locale/zh_HK/LC_MESSAGES/gnome-screensaver.mo", "size_i": "16038", "regex": "false"},
	{"name_s": "/usr/share/locale/zh_TW/LC_MESSAGES/gnome-screensaver.mo", "size_i": "16038", "regex": "false"},
	{"name_s": "/usr/share/man/man1/gnome-screensaver-command.1.gz", "size_i": "1025", "regex": "false"},
	{"name_s": "/usr/share/man/man1/gnome-screensaver-preferences.1.gz", "size_i": "759", "regex": "false"},
	{"name_s": "/usr/share/man/man1/gnome-screensaver.1.gz", "size_i": "788", "regex": "false"},
	{"name_s": "/usr/share/pixmaps/gnome-logo-white.svg", "size_i": "1155", "regex": "false"}
]
