[
	{"name_s": "/usr/include/gnome-vfs-2.0", "size_i": "4096", "regex": "false"},
	{"name_s": "/usr/include/gnome-vfs-2.0/libgnomevfs", "size_i": "4096", "regex": "false"},
	{"name_s": "/usr/include/gnome-vfs-2.0/libgnomevfs/gnome-vfs-ace.h", "size_i": "4298", "regex": "false"},
	{"name_s": "/usr/include/gnome-vfs-2.0/libgnomevfs/gnome-vfs-acl.h", "size_i": "3259", "regex": "false"},
	{"name_s": "/usr/include/gnome-vfs-2.0/libgnomevfs/gnome-vfs-address.h", "size_i": "2475", "regex": "false"},
	{"name_s": "/usr/include/gnome-vfs-2.0/libgnomevfs/gnome-vfs-application-registry.h", "size_i": "5312", "regex": "false"},
	{"name_s": "/usr/include/gnome-vfs-2.0/libgnomevfs/gnome-vfs-async-ops.h", "size_i": "23205", "regex": "false"},
	{"name_s": "/usr/include/gnome-vfs-2.0/libgnomevfs/gnome-vfs-cancellation.h", "size_i": "1774", "regex": "false"},
	{"name_s": "/usr/include/gnome-vfs-2.0/libgnomevfs/gnome-vfs-context.h", "size_i": "2077", "regex": "false"},
	{"name_s": "/usr/include/gnome-vfs-2.0/libgnomevfs/gnome-vfs-directory.h", "size_i": "6049", "regex": "false"},
	{"name_s": "/usr/include/gnome-vfs-2.0/libgnomevfs/gnome-vfs-dns-sd.h", "size_i": "5460", "regex": "false"},
	{"name_s": "/usr/include/gnome-vfs-2.0/libgnomevfs/gnome-vfs-drive.h", "size_i": "4127", "regex": "false"},
	{"name_s": "/usr/include/gnome-vfs-2.0/libgnomevfs/gnome-vfs-enum-types.h", "size_i": "4936", "regex": "false"},
	{"name_s": "/usr/include/gnome-vfs-2.0/libgnomevfs/gnome-vfs-file-info.h", "size_i": "21468", "regex": "false"},
	{"name_s": "/usr/include/gnome-vfs-2.0/libgnomevfs/gnome-vfs-file-size.h", "size_i": "2032", "regex": "false"},
	{"name_s": "/usr/include/gnome-vfs-2.0/libgnomevfs/gnome-vfs-find-directory.h", "size_i": "2034", "regex": "false"},
	{"name_s": "/usr/include/gnome-vfs-2.0/libgnomevfs/gnome-vfs-handle.h", "size_i": "4020", "regex": "false"},
	{"name_s": "/usr/include/gnome-vfs-2.0/libgnomevfs/gnome-vfs-init.h", "size_i": "1546", "regex": "false"},
	{"name_s": "/usr/include/gnome-vfs-2.0/libgnomevfs/gnome-vfs-job-limit.h", "size_i": "1321", "regex": "false"},
	{"name_s": "/usr/include/gnome-vfs-2.0/libgnomevfs/gnome-vfs-mime-deprecated.h", "size_i": "7424", "regex": "false"},
	{"name_s": "/usr/include/gnome-vfs-2.0/libgnomevfs/gnome-vfs-mime-handlers.h", "size_i": "5586", "regex": "false"},
	{"name_s": "/usr/include/gnome-vfs-2.0/libgnomevfs/gnome-vfs-mime-info-cache.h", "size_i": "1405", "regex": "false"},
	{"name_s": "/usr/include/gnome-vfs-2.0/libgnomevfs/gnome-vfs-mime-monitor.h", "size_i": "2278", "regex": "false"},
	{"name_s": "/usr/include/gnome-vfs-2.0/libgnomevfs/gnome-vfs-mime-utils.h", "size_i": "2833", "regex": "false"},
	{"name_s": "/usr/include/gnome-vfs-2.0/libgnomevfs/gnome-vfs-mime.h", "size_i": "2456", "regex": "false"},
	{"name_s": "/usr/include/gnome-vfs-2.0/libgnomevfs/gnome-vfs-module-callback.h", "size_i": "4396", "regex": "false"},
	{"name_s": "/usr/include/gnome-vfs-2.0/libgnomevfs/gnome-vfs-monitor.h", "size_i": "3426", "regex": "false"},
	{"name_s": "/usr/include/gnome-vfs-2.0/libgnomevfs/gnome-vfs-ops.h", "size_i": "5401", "regex": "false"},
	{"name_s": "/usr/include/gnome-vfs-2.0/libgnomevfs/gnome-vfs-resolve.h", "size_i": "1604", "regex": "false"},
	{"name_s": "/usr/include/gnome-vfs-2.0/libgnomevfs/gnome-vfs-result.h", "size_i": "6560", "regex": "false"},
	{"name_s": "/usr/include/gnome-vfs-2.0/libgnomevfs/gnome-vfs-standard-callbacks.h", "size_i": "33931", "regex": "false"},
	{"name_s": "/usr/include/gnome-vfs-2.0/libgnomevfs/gnome-vfs-types.h", "size_i": "4405", "regex": "false"},
	{"name_s": "/usr/include/gnome-vfs-2.0/libgnomevfs/gnome-vfs-uri.h", "size_i": "8373", "regex": "false"},
	{"name_s": "/usr/include/gnome-vfs-2.0/libgnomevfs/gnome-vfs-utils.h", "size_i": "7480", "regex": "false"},
	{"name_s": "/usr/include/gnome-vfs-2.0/libgnomevfs/gnome-vfs-version.h", "size_i": "1539", "regex": "false"},
	{"name_s": "/usr/include/gnome-vfs-2.0/libgnomevfs/gnome-vfs-volume-monitor.h", "size_i": "3718", "regex": "false"},
	{"name_s": "/usr/include/gnome-vfs-2.0/libgnomevfs/gnome-vfs-volume.h", "size_i": "8542", "regex": "false"},
	{"name_s": "/usr/include/gnome-vfs-2.0/libgnomevfs/gnome-vfs-xfer.h", "size_i": "22668", "regex": "false"},
	{"name_s": "/usr/include/gnome-vfs-2.0/libgnomevfs/gnome-vfs.h", "size_i": "2401", "regex": "false"},
	{"name_s": "/usr/include/gnome-vfs-module-2.0", "size_i": "4096", "regex": "false"},
	{"name_s": "/usr/include/gnome-vfs-module-2.0/libgnomevfs", "size_i": "4096", "regex": "false"},
	{"name_s": "/usr/include/gnome-vfs-module-2.0/libgnomevfs/gnome-vfs-cancellable-ops.h", "size_i": "5454", "regex": "false"},
	{"name_s": "/usr/include/gnome-vfs-module-2.0/libgnomevfs/gnome-vfs-inet-connection.h", "size_i": "2817", "regex": "false"},
	{"name_s": "/usr/include/gnome-vfs-module-2.0/libgnomevfs/gnome-vfs-method.h", "size_i": "9918", "regex": "false"},
	{"name_s": "/usr/include/gnome-vfs-module-2.0/libgnomevfs/gnome-vfs-mime-info.h", "size_i": "2935", "regex": "false"},
	{"name_s": "/usr/include/gnome-vfs-module-2.0/libgnomevfs/gnome-vfs-module-callback-module-api.h", "size_i": "1383", "regex": "false"},
	{"name_s": "/usr/include/gnome-vfs-module-2.0/libgnomevfs/gnome-vfs-module-shared.h", "size_i": "2384", "regex": "false"},
	{"name_s": "/usr/include/gnome-vfs-module-2.0/libgnomevfs/gnome-vfs-module.h", "size_i": "2797", "regex": "false"},
	{"name_s": "/usr/include/gnome-vfs-module-2.0/libgnomevfs/gnome-vfs-parse-ls.h", "size_i": "1417", "regex": "false"},
	{"name_s": "/usr/include/gnome-vfs-module-2.0/libgnomevfs/gnome-vfs-pty.h", "size_i": "1487", "regex": "false"},
	{"name_s": "/usr/include/gnome-vfs-module-2.0/libgnomevfs/gnome-vfs-socket-buffer.h", "size_i": "2956", "regex": "false"},
	{"name_s": "/usr/include/gnome-vfs-module-2.0/libgnomevfs/gnome-vfs-socket.h", "size_i": "6455", "regex": "false"},
	{"name_s": "/usr/include/gnome-vfs-module-2.0/libgnomevfs/gnome-vfs-ssl.h", "size_i": "2402", "regex": "false"},
	{"name_s": "/usr/include/gnome-vfs-module-2.0/libgnomevfs/gnome-vfs-transform.h", "size_i": "1707", "regex": "false"},
	{"name_s": "/usr/lib64/gnome-vfs-2.0/include", "size_i": "4096", "regex": "false"},
	{"name_s": "/usr/lib64/gnome-vfs-2.0/include/gnome-vfs-file-size.h", "size_i": "2032", "regex": "false"},
	{"name_s": "/usr/lib64/libgnomevfs-2.so", "size_i": "25", "regex": "false"},
	{"name_s": "/usr/lib64/pkgconfig/gnome-vfs-2.0.pc", "size_i": "389", "regex": "false"},
	{"name_s": "/usr/lib64/pkgconfig/gnome-vfs-module-2.0.pc", "size_i": "443", "regex": "false"},
	{"name_s": "/usr/share/gtk-doc/html/gnome-vfs-2.0", "size_i": "4096", "regex": "false"},
	{"name_s": "/usr/share/gtk-doc/html/gnome-vfs-2.0/about.html", "size_i": "5252", "regex": "false"},
	{"name_s": "/usr/share/gtk-doc/html/gnome-vfs-2.0/data-types.html", "size_i": "3473", "regex": "false"},
	{"name_s": "/usr/share/gtk-doc/html/gnome-vfs-2.0/gnome-vfs-2.0-gnome-vfs-application-registry.html", "size_i": "45890", "regex": "false"},
	{"name_s": "/usr/share/gtk-doc/html/gnome-vfs-2.0/gnome-vfs-2.0-gnome-vfs-async-ops.html", "size_i": "171379", "regex": "false"},
	{"name_s": "/usr/share/gtk-doc/html/gnome-vfs-2.0/gnome-vfs-2.0-gnome-vfs-cancellation.html", "size_i": "13091", "regex": "false"},
	{"name_s": "/usr/share/gtk-doc/html/gnome-vfs-2.0/gnome-vfs-2.0-gnome-vfs-context.html", "size_i": "10605", "regex": "false"},
	{"name_s": "/usr/share/gtk-doc/html/gnome-vfs-2.0/gnome-vfs-2.0-gnome-vfs-directory-basic-ops.html", "size_i": "10174", "regex": "false"},
	{"name_s": "/usr/share/gtk-doc/html/gnome-vfs-2.0/gnome-vfs-2.0-gnome-vfs-directory-find-ops.html", "size_i": "9932", "regex": "false"},
	{"name_s": "/usr/share/gtk-doc/html/gnome-vfs-2.0/gnome-vfs-2.0-gnome-vfs-directory-list-ops.html", "size_i": "49818", "regex": "false"},
	{"name_s": "/usr/share/gtk-doc/html/gnome-vfs-2.0/gnome-vfs-2.0-gnome-vfs-dns-sd.html", "size_i": "38129", "regex": "false"},
	{"name_s": "/usr/share/gtk-doc/html/gnome-vfs-2.0/gnome-vfs-2.0-gnome-vfs-drive.html", "size_i": "61278", "regex": "false"},
	{"name_s": "/usr/share/gtk-doc/html/gnome-vfs-2.0/gnome-vfs-2.0-gnome-vfs-file-advanced-ops.html", "size_i": "6237", "regex": "false"},
	{"name_s": "/usr/share/gtk-doc/html/gnome-vfs-2.0/gnome-vfs-2.0-gnome-vfs-file-basic-ops.html", "size_i": "35523", "regex": "false"},
	{"name_s": "/usr/share/gtk-doc/html/gnome-vfs-2.0/gnome-vfs-2.0-gnome-vfs-file-info-ops.html", "size_i": "20050", "regex": "false"},
	{"name_s": "/usr/share/gtk-doc/html/gnome-vfs-2.0/gnome-vfs-2.0-gnome-vfs-file-info.html", "size_i": "69768", "regex": "false"},
	{"name_s": "/usr/share/gtk-doc/html/gnome-vfs-2.0/gnome-vfs-2.0-gnome-vfs-file-rw-ops.html", "size_i": "17875", "regex": "false"},
	{"name_s": "/usr/share/gtk-doc/html/gnome-vfs-2.0/gnome-vfs-2.0-gnome-vfs-file-size.html", "size_i": "5376", "regex": "false"},
	{"name_s": "/usr/share/gtk-doc/html/gnome-vfs-2.0/gnome-vfs-2.0-gnome-vfs-file-trunc-ops.html", "size_i": "9607", "regex": "false"},
	{"name_s": "/usr/share/gtk-doc/html/gnome-vfs-2.0/gnome-vfs-2.0-gnome-vfs-inet-connection.html", "size_i": "24266", "regex": "false"},
	{"name_s": "/usr/share/gtk-doc/html/gnome-vfs-2.0/gnome-vfs-2.0-gnome-vfs-init.html", "size_i": "10312", "regex": "false"},
	{"name_s": "/usr/share/gtk-doc/html/gnome-vfs-2.0/gnome-vfs-2.0-gnome-vfs-method.html", "size_i": "14778", "regex": "false"},
	{"name_s": "/usr/share/gtk-doc/html/gnome-vfs-2.0/gnome-vfs-2.0-gnome-vfs-mime-database-deprecated.html", "size_i": "101552", "regex": "false"},
	{"name_s": "/usr/share/gtk-doc/html/gnome-vfs-2.0/gnome-vfs-2.0-gnome-vfs-mime-database.html", "size_i": "56856", "regex": "false"},
	{"name_s": "/usr/share/gtk-doc/html/gnome-vfs-2.0/gnome-vfs-2.0-gnome-vfs-mime-monitor.html", "size_i": "4506", "regex": "false"},
	{"name_s": "/usr/share/gtk-doc/html/gnome-vfs-2.0/gnome-vfs-2.0-gnome-vfs-mime-utils.html", "size_i": "19386", "regex": "false"},
	{"name_s": "/usr/share/gtk-doc/html/gnome-vfs-2.0/gnome-vfs-2.0-gnome-vfs-mime.html", "size_i": "19988", "regex": "false"},
	{"name_s": "/usr/share/gtk-doc/html/gnome-vfs-2.0/gnome-vfs-2.0-gnome-vfs-module-callback-module-api.html", "size_i": "7879", "regex": "false"},
	{"name_s": "/usr/share/gtk-doc/html/gnome-vfs-2.0/gnome-vfs-2.0-gnome-vfs-module-callback.html", "size_i": "30452", "regex": "false"},
	{"name_s": "/usr/share/gtk-doc/html/gnome-vfs-2.0/gnome-vfs-2.0-gnome-vfs-module-shared.html", "size_i": "14354", "regex": "false"},
	{"name_s": "/usr/share/gtk-doc/html/gnome-vfs-2.0/gnome-vfs-2.0-gnome-vfs-module.html", "size_i": "7454", "regex": "false"},
	{"name_s": "/usr/share/gtk-doc/html/gnome-vfs-2.0/gnome-vfs-2.0-gnome-vfs-monitor.html", "size_i": "18864", "regex": "false"},
	{"name_s": "/usr/share/gtk-doc/html/gnome-vfs-2.0/gnome-vfs-2.0-gnome-vfs-parse-ls.html", "size_i": "5607", "regex": "false"},
	{"name_s": "/usr/share/gtk-doc/html/gnome-vfs-2.0/gnome-vfs-2.0-gnome-vfs-resolve.html", "size_i": "23217", "regex": "false"},
	{"name_s": "/usr/share/gtk-doc/html/gnome-vfs-2.0/gnome-vfs-2.0-gnome-vfs-result.html", "size_i": "22875", "regex": "false"},
	{"name_s": "/usr/share/gtk-doc/html/gnome-vfs-2.0/gnome-vfs-2.0-gnome-vfs-socket-buffer.html", "size_i": "29069", "regex": "false"},
	{"name_s": "/usr/share/gtk-doc/html/gnome-vfs-2.0/gnome-vfs-2.0-gnome-vfs-socket.html", "size_i": "37433", "regex": "false"},
	{"name_s": "/usr/share/gtk-doc/html/gnome-vfs-2.0/gnome-vfs-2.0-gnome-vfs-ssl.html", "size_i": "24851", "regex": "false"},
	{"name_s": "/usr/share/gtk-doc/html/gnome-vfs-2.0/gnome-vfs-2.0-gnome-vfs-standard-callbacks.html", "size_i": "83647", "regex": "false"},
	{"name_s": "/usr/share/gtk-doc/html/gnome-vfs-2.0/gnome-vfs-2.0-gnome-vfs-transform.html", "size_i": "6970", "regex": "false"},
	{"name_s": "/usr/share/gtk-doc/html/gnome-vfs-2.0/gnome-vfs-2.0-gnome-vfs-uri.html", "size_i": "80562", "regex": "false"},
	{"name_s": "/usr/share/gtk-doc/html/gnome-vfs-2.0/gnome-vfs-2.0-gnome-vfs-utils.html", "size_i": "52422", "regex": "false"},
	{"name_s": "/usr/share/gtk-doc/html/gnome-vfs-2.0/gnome-vfs-2.0-gnome-vfs-volume-monitor.html", "size_i": "44845", "regex": "false"},
	{"name_s": "/usr/share/gtk-doc/html/gnome-vfs-2.0/gnome-vfs-2.0-gnome-vfs-volume.html", "size_i": "59413", "regex": "false"},
	{"name_s": "/usr/share/gtk-doc/html/gnome-vfs-2.0/gnome-vfs-2.0-gnome-vfs-xfer.html", "size_i": "64111", "regex": "false"},
	{"name_s": "/usr/share/gtk-doc/html/gnome-vfs-2.0/gnome-vfs-2.0.devhelp", "size_i": "85380", "regex": "false"},
	{"name_s": "/usr/share/gtk-doc/html/gnome-vfs-2.0/gnome-vfs-2.0.devhelp2", "size_i": "132988", "regex": "false"},
	{"name_s": "/usr/share/gtk-doc/html/gnome-vfs-2.0/gnome-vfs-basic-file-ops.html", "size_i": "3468", "regex": "false"},
	{"name_s": "/usr/share/gtk-doc/html/gnome-vfs-2.0/gnome-vfs-directory-ops.html", "size_i": "3256", "regex": "false"},
	{"name_s": "/usr/share/gtk-doc/html/gnome-vfs-2.0/gnome-vfs-file-and-dirs-ops.html", "size_i": "3165", "regex": "false"},
	{"name_s": "/usr/share/gtk-doc/html/gnome-vfs-2.0/gnome-vfs-file-async-ops.html", "size_i": "2966", "regex": "false"},
	{"name_s": "/usr/share/gtk-doc/html/gnome-vfs-2.0/gnome-vfs-first-steps.html", "size_i": "8483", "regex": "false"},
	{"name_s": "/usr/share/gtk-doc/html/gnome-vfs-2.0/gnome-vfs-writing-modules.html", "size_i": "28120", "regex": "false"},
	{"name_s": "/usr/share/gtk-doc/html/gnome-vfs-2.0/home.png", "size_i": "654", "regex": "false"},
	{"name_s": "/usr/share/gtk-doc/html/gnome-vfs-2.0/index.html", "size_i": "14239", "regex": "false"},
	{"name_s": "/usr/share/gtk-doc/html/gnome-vfs-2.0/index.sgml", "size_i": "108874", "regex": "false"},
	{"name_s": "/usr/share/gtk-doc/html/gnome-vfs-2.0/left.png", "size_i": "459", "regex": "false"},
	{"name_s": "/usr/share/gtk-doc/html/gnome-vfs-2.0/mime-registry.html", "size_i": "4272", "regex": "false"},
	{"name_s": "/usr/share/gtk-doc/html/gnome-vfs-2.0/modules.html", "size_i": "4947", "regex": "false"},
	{"name_s": "/usr/share/gtk-doc/html/gnome-vfs-2.0/networking.html", "size_i": "3798", "regex": "false"},
	{"name_s": "/usr/share/gtk-doc/html/gnome-vfs-2.0/right.png", "size_i": "472", "regex": "false"},
	{"name_s": "/usr/share/gtk-doc/html/gnome-vfs-2.0/style.css", "size_i": "4882", "regex": "false"},
	{"name_s": "/usr/share/gtk-doc/html/gnome-vfs-2.0/up.png", "size_i": "406", "regex": "false"},
	{"name_s": "/usr/share/gtk-doc/html/gnome-vfs-2.0/volumes.html", "size_i": "3120", "regex": "false"}
]
