[
	{"name_s": "/etc/gconf/schemas/bluetooth-manager.schemas", "size_i": "525", "regex": "false"},
	{"name_s": "/etc/xdg/autostart/bluetooth-applet.desktop", "size_i": "6012", "regex": "false"},
	{"name_s": "/lib/udev/rules.d/61-gnome-bluetooth-rfkill.rules", "size_i": "133", "regex": "false"},
	{"name_s": "/usr/bin/bluetooth-applet", "size_i": "97800", "regex": "false"},
	{"name_s": "/usr/bin/bluetooth-properties", "size_i": "88712", "regex": "false"},
	{"name_s": "/usr/bin/bluetooth-sendto", "size_i": "65296", "regex": "false"},
	{"name_s": "/usr/bin/bluetooth-wizard", "size_i": "85528", "regex": "false"},
	{"name_s": "/usr/lib64/gnome-bluetooth", "size_i": "4096", "regex": "false"},
	{"name_s": "/usr/lib64/gnome-bluetooth/plugins", "size_i": "4096", "regex": "false"},
	{"name_s": "/usr/lib64/gnome-bluetooth/plugins/libgbtgeoclue.so", "size_i": "9096", "regex": "false"},
	{"name_s": "/usr/share/applications/bluetooth-properties.desktop", "size_i": "5318", "regex": "false"},
	{"name_s": "/usr/share/doc/gnome-bluetooth-2.28.6", "size_i": "4096", "regex": "false"},
	{"name_s": "/usr/share/doc/gnome-bluetooth-2.28.6/COPYING", "size_i": "18011", "regex": "false"},
	{"name_s": "/usr/share/doc/gnome-bluetooth-2.28.6/NEWS", "size_i": "13085", "regex": "false"},
	{"name_s": "/usr/share/doc/gnome-bluetooth-2.28.6/README", "size_i": "1081", "regex": "false"},
	{"name_s": "/usr/share/gnome-bluetooth", "size_i": "4096", "regex": "false"},
	{"name_s": "/usr/share/gnome-bluetooth/authorisation-dialogue.ui", "size_i": "4059", "regex": "false"},
	{"name_s": "/usr/share/gnome-bluetooth/confirm-dialogue.ui", "size_i": "3535", "regex": "false"},
	{"name_s": "/usr/share/gnome-bluetooth/passkey-dialogue.ui", "size_i": "2685", "regex": "false"},
	{"name_s": "/usr/share/gnome-bluetooth/pin-code-database.xml", "size_i": "5757", "regex": "false"},
	{"name_s": "/usr/share/gnome-bluetooth/popup-menu.ui", "size_i": "3490", "regex": "false"},
	{"name_s": "/usr/share/gnome-bluetooth/properties-adapter-off.ui", "size_i": "11072", "regex": "false"},
	{"name_s": "/usr/share/gnome-bluetooth/properties-no-adapter.ui", "size_i": "12393", "regex": "false"},
	{"name_s": "/usr/share/gnome-bluetooth/wizard.ui", "size_i": "25020", "regex": "false"},
	{"name_s": "/usr/share/gnome/help/gnome-bluetooth", "size_i": "4096", "regex": "false"},
	{"name_s": "/usr/share/gnome/help/gnome-bluetooth/C", "size_i": "4096", "regex": "false"},
	{"name_s": "/usr/share/gnome/help/gnome-bluetooth/C/figures", "size_i": "4096", "regex": "false"},
	{"name_s": "/usr/share/gnome/help/gnome-bluetooth/C/figures/bluetooth-applet.png", "size_i": "16774", "regex": "false"},
	{"name_s": "/usr/share/gnome/help/gnome-bluetooth/C/figures/bluetooth-properties.png", "size_i": "26776", "regex": "false"},
	{"name_s": "/usr/share/gnome/help/gnome-bluetooth/C/figures/bluetooth-wizard.png", "size_i": "25383", "regex": "false"},
	{"name_s": "/usr/share/gnome/help/gnome-bluetooth/C/gnome-bluetooth.xml", "size_i": "17869", "regex": "false"},
	{"name_s": "/usr/share/gnome/help/gnome-bluetooth/C/legal.xml", "size_i": "3902", "regex": "false"},
	{"name_s": "/usr/share/gnome/help/gnome-bluetooth/de", "size_i": "4096", "regex": "false"},
	{"name_s": "/usr/share/gnome/help/gnome-bluetooth/de/figures", "size_i": "4096", "regex": "false"},
	{"name_s": "/usr/share/gnome/help/gnome-bluetooth/de/figures/bluetooth-applet.png", "size_i": "8956", "regex": "false"},
	{"name_s": "/usr/share/gnome/help/gnome-bluetooth/de/figures/bluetooth-properties.png", "size_i": "27801", "regex": "false"},
	{"name_s": "/usr/share/gnome/help/gnome-bluetooth/de/figures/bluetooth-wizard.png", "size_i": "34998", "regex": "false"},
	{"name_s": "/usr/share/gnome/help/gnome-bluetooth/de/gnome-bluetooth.xml", "size_i": "17885", "regex": "false"},
	{"name_s": "/usr/share/gnome/help/gnome-bluetooth/el", "size_i": "4096", "regex": "false"},
	{"name_s": "/usr/share/gnome/help/gnome-bluetooth/el/figures", "size_i": "4096", "regex": "false"},
	{"name_s": "/usr/share/gnome/help/gnome-bluetooth/el/figures/bluetooth-applet.png", "size_i": "36", "regex": "false"},
	{"name_s": "/usr/share/gnome/help/gnome-bluetooth/el/figures/bluetooth-properties.png", "size_i": "40", "regex": "false"},
	{"name_s": "/usr/share/gnome/help/gnome-bluetooth/el/figures/bluetooth-wizard.png", "size_i": "36", "regex": "false"},
	{"name_s": "/usr/share/gnome/help/gnome-bluetooth/el/gnome-bluetooth.xml", "size_i": "23270", "regex": "false"},
	{"name_s": "/usr/share/gnome/help/gnome-bluetooth/es", "size_i": "4096", "regex": "false"},
	{"name_s": "/usr/share/gnome/help/gnome-bluetooth/es/figures", "size_i": "4096", "regex": "false"},
	{"name_s": "/usr/share/gnome/help/gnome-bluetooth/es/figures/bluetooth-applet.png", "size_i": "36", "regex": "false"},
	{"name_s": "/usr/share/gnome/help/gnome-bluetooth/es/figures/bluetooth-properties.png", "size_i": "40", "regex": "false"},
	{"name_s": "/usr/share/gnome/help/gnome-bluetooth/es/figures/bluetooth-wizard.png", "size_i": "36", "regex": "false"},
	{"name_s": "/usr/share/gnome/help/gnome-bluetooth/es/gnome-bluetooth.xml", "size_i": "16965", "regex": "false"},
	{"name_s": "/usr/share/gnome/help/gnome-bluetooth/fr", "size_i": "4096", "regex": "false"},
	{"name_s": "/usr/share/gnome/help/gnome-bluetooth/fr/figures", "size_i": "4096", "regex": "false"},
	{"name_s": "/usr/share/gnome/help/gnome-bluetooth/fr/figures/bluetooth-applet.png", "size_i": "36", "regex": "false"},
	{"name_s": "/usr/share/gnome/help/gnome-bluetooth/fr/figures/bluetooth-properties.png", "size_i": "40", "regex": "false"},
	{"name_s": "/usr/share/gnome/help/gnome-bluetooth/fr/figures/bluetooth-wizard.png", "size_i": "36", "regex": "false"},
	{"name_s": "/usr/share/gnome/help/gnome-bluetooth/fr/gnome-bluetooth.xml", "size_i": "17275", "regex": "false"},
	{"name_s": "/usr/share/gnome/help/gnome-bluetooth/sv", "size_i": "4096", "regex": "false"},
	{"name_s": "/usr/share/gnome/help/gnome-bluetooth/sv/figures", "size_i": "4096", "regex": "false"},
	{"name_s": "/usr/share/gnome/help/gnome-bluetooth/sv/figures/bluetooth-applet.png", "size_i": "36", "regex": "false"},
	{"name_s": "/usr/share/gnome/help/gnome-bluetooth/sv/figures/bluetooth-properties.png", "size_i": "40", "regex": "false"},
	{"name_s": "/usr/share/gnome/help/gnome-bluetooth/sv/figures/bluetooth-wizard.png", "size_i": "36", "regex": "false"},
	{"name_s": "/usr/share/gnome/help/gnome-bluetooth/sv/gnome-bluetooth.xml", "size_i": "17070", "regex": "false"},
	{"name_s": "/usr/share/gnome/help/gnome-bluetooth/th", "size_i": "4096", "regex": "false"},
	{"name_s": "/usr/share/gnome/help/gnome-bluetooth/th/figures", "size_i": "4096", "regex": "false"},
	{"name_s": "/usr/share/gnome/help/gnome-bluetooth/th/figures/bluetooth-applet.png", "size_i": "36", "regex": "false"},
	{"name_s": "/usr/share/gnome/help/gnome-bluetooth/th/figures/bluetooth-properties.png", "size_i": "40", "regex": "false"},
	{"name_s": "/usr/share/gnome/help/gnome-bluetooth/th/figures/bluetooth-wizard.png", "size_i": "36", "regex": "false"},
	{"name_s": "/usr/share/gnome/help/gnome-bluetooth/th/gnome-bluetooth.xml", "size_i": "28521", "regex": "false"},
	{"name_s": "/usr/share/gnome/help/gnome-bluetooth/zh_CN", "size_i": "4096", "regex": "false"},
	{"name_s": "/usr/share/gnome/help/gnome-bluetooth/zh_CN/figures", "size_i": "4096", "regex": "false"},
	{"name_s": "/usr/share/gnome/help/gnome-bluetooth/zh_CN/figures/bluetooth-applet.png", "size_i": "36", "regex": "false"},
	{"name_s": "/usr/share/gnome/help/gnome-bluetooth/zh_CN/figures/bluetooth-properties.png", "size_i": "40", "regex": "false"},
	{"name_s": "/usr/share/gnome/help/gnome-bluetooth/zh_CN/figures/bluetooth-wizard.png", "size_i": "36", "regex": "false"},
	{"name_s": "/usr/share/gnome/help/gnome-bluetooth/zh_CN/gnome-bluetooth.xml", "size_i": "15096", "regex": "false"},
	{"name_s": "/usr/share/locale/af/LC_MESSAGES/gnome-bluetooth2.mo", "size_i": "11433", "regex": "false"},
	{"name_s": "/usr/share/locale/ar/LC_MESSAGES/gnome-bluetooth2.mo", "size_i": "13833", "regex": "false"},
	{"name_s": "/usr/share/locale/as/LC_MESSAGES/gnome-bluetooth2.mo", "size_i": "19347", "regex": "false"},
	{"name_s": "/usr/share/locale/be/LC_MESSAGES/gnome-bluetooth2.mo", "size_i": "14930", "regex": "false"},
	{"name_s": "/usr/share/locale/bg/LC_MESSAGES/gnome-bluetooth2.mo", "size_i": "16353", "regex": "false"},
	{"name_s": "/usr/share/locale/bn/LC_MESSAGES/gnome-bluetooth2.mo", "size_i": "18884", "regex": "false"},
	{"name_s": "/usr/share/locale/bn_IN/LC_MESSAGES/gnome-bluetooth2.mo", "size_i": "19865", "regex": "false"},
	{"name_s": "/usr/share/locale/ca/LC_MESSAGES/gnome-bluetooth2.mo", "size_i": "12990", "regex": "false"},
	{"name_s": "/usr/share/locale/cs/LC_MESSAGES/gnome-bluetooth2.mo", "size_i": "13154", "regex": "false"},
	{"name_s": "/usr/share/locale/da/LC_MESSAGES/gnome-bluetooth2.mo", "size_i": "12134", "regex": "false"},
	{"name_s": "/usr/share/locale/de/LC_MESSAGES/gnome-bluetooth2.mo", "size_i": "13123", "regex": "false"},
	{"name_s": "/usr/share/locale/el/LC_MESSAGES/gnome-bluetooth2.mo", "size_i": "16236", "regex": "false"},
	{"name_s": "/usr/share/locale/en_GB/LC_MESSAGES/gnome-bluetooth2.mo", "size_i": "11929", "regex": "false"},
	{"name_s": "/usr/share/locale/es/LC_MESSAGES/gnome-bluetooth2.mo", "size_i": "14084", "regex": "false"},
	{"name_s": "/usr/share/locale/et/LC_MESSAGES/gnome-bluetooth2.mo", "size_i": "12122", "regex": "false"},
	{"name_s": "/usr/share/locale/eu/LC_MESSAGES/gnome-bluetooth2.mo", "size_i": "12175", "regex": "false"},
	{"name_s": "/usr/share/locale/fi/LC_MESSAGES/gnome-bluetooth2.mo", "size_i": "12408", "regex": "false"},
	{"name_s": "/usr/share/locale/fr/LC_MESSAGES/gnome-bluetooth2.mo", "size_i": "13273", "regex": "false"},
	{"name_s": "/usr/share/locale/fy/LC_MESSAGES/gnome-bluetooth2.mo", "size_i": "1091", "regex": "false"},
	{"name_s": "/usr/share/locale/ga/LC_MESSAGES/gnome-bluetooth2.mo", "size_i": "3854", "regex": "false"},
	{"name_s": "/usr/share/locale/gl/LC_MESSAGES/gnome-bluetooth2.mo", "size_i": "12585", "regex": "false"},
	{"name_s": "/usr/share/locale/gu/LC_MESSAGES/gnome-bluetooth2.mo", "size_i": "18152", "regex": "false"},
	{"name_s": "/usr/share/locale/he/LC_MESSAGES/gnome-bluetooth2.mo", "size_i": "13219", "regex": "false"},
	{"name_s": "/usr/share/locale/hi/LC_MESSAGES/gnome-bluetooth2.mo", "size_i": "17391", "regex": "false"},
	{"name_s": "/usr/share/locale/hr/LC_MESSAGES/gnome-bluetooth2.mo", "size_i": "2031", "regex": "false"},
	{"name_s": "/usr/share/locale/hu/LC_MESSAGES/gnome-bluetooth2.mo", "size_i": "12952", "regex": "false"},
	{"name_s": "/usr/share/locale/id/LC_MESSAGES/gnome-bluetooth2.mo", "size_i": "11966", "regex": "false"},
	{"name_s": "/usr/share/locale/it/LC_MESSAGES/gnome-bluetooth2.mo", "size_i": "12358", "regex": "false"},
	{"name_s": "/usr/share/locale/ja/LC_MESSAGES/gnome-bluetooth2.mo", "size_i": "13875", "regex": "false"},
	{"name_s": "/usr/share/locale/ka/LC_MESSAGES/gnome-bluetooth2.mo", "size_i": "11776", "regex": "false"},
	{"name_s": "/usr/share/locale/kn/LC_MESSAGES/gnome-bluetooth2.mo", "size_i": "19608", "regex": "false"},
	{"name_s": "/usr/share/locale/ko/LC_MESSAGES/gnome-bluetooth2.mo", "size_i": "12415", "regex": "false"},
	{"name_s": "/usr/share/locale/lt/LC_MESSAGES/gnome-bluetooth2.mo", "size_i": "12462", "regex": "false"},
	{"name_s": "/usr/share/locale/lv/LC_MESSAGES/gnome-bluetooth2.mo", "size_i": "12546", "regex": "false"},
	{"name_s": "/usr/share/locale/mai/LC_MESSAGES/gnome-bluetooth2.mo", "size_i": "3007", "regex": "false"},
	{"name_s": "/usr/share/locale/ml/LC_MESSAGES/gnome-bluetooth2.mo", "size_i": "20784", "regex": "false"},
	{"name_s": "/usr/share/locale/mn/LC_MESSAGES/gnome-bluetooth2.mo", "size_i": "7198", "regex": "false"},
	{"name_s": "/usr/share/locale/mr/LC_MESSAGES/gnome-bluetooth2.mo", "size_i": "16703", "regex": "false"},
	{"name_s": "/usr/share/locale/ms/LC_MESSAGES/gnome-bluetooth2.mo", "size_i": "4320", "regex": "false"},
	{"name_s": "/usr/share/locale/nb/LC_MESSAGES/gnome-bluetooth2.mo", "size_i": "12119", "regex": "false"},
	{"name_s": "/usr/share/locale/nl/LC_MESSAGES/gnome-bluetooth2.mo", "size_i": "12559", "regex": "false"},
	{"name_s": "/usr/share/locale/oc/LC_MESSAGES/gnome-bluetooth2.mo", "size_i": "943", "regex": "false"},
	{"name_s": "/usr/share/locale/or/LC_MESSAGES/gnome-bluetooth2.mo", "size_i": "18711", "regex": "false"},
	{"name_s": "/usr/share/locale/pa/LC_MESSAGES/gnome-bluetooth2.mo", "size_i": "16975", "regex": "false"},
	{"name_s": "/usr/share/locale/pl/LC_MESSAGES/gnome-bluetooth2.mo", "size_i": "12728", "regex": "false"},
	{"name_s": "/usr/share/locale/pt/LC_MESSAGES/gnome-bluetooth2.mo", "size_i": "12552", "regex": "false"},
	{"name_s": "/usr/share/locale/pt_BR/LC_MESSAGES/gnome-bluetooth2.mo", "size_i": "12794", "regex": "false"},
	{"name_s": "/usr/share/locale/ro/LC_MESSAGES/gnome-bluetooth2.mo", "size_i": "13031", "regex": "false"},
	{"name_s": "/usr/share/locale/ru/LC_MESSAGES/gnome-bluetooth2.mo", "size_i": "16481", "regex": "false"},
	{"name_s": "/usr/share/locale/sk/LC_MESSAGES/gnome-bluetooth2.mo", "size_i": "5958", "regex": "false"},
	{"name_s": "/usr/share/locale/sl/LC_MESSAGES/gnome-bluetooth2.mo", "size_i": "12486", "regex": "false"},
	{"name_s": "/usr/share/locale/sr/LC_MESSAGES/gnome-bluetooth2.mo", "size_i": "14955", "regex": "false"},
	{"name_s": "/usr/share/locale/sr@latin/LC_MESSAGES/gnome-bluetooth2.mo", "size_i": "12071", "regex": "false"},
	{"name_s": "/usr/share/locale/sv/LC_MESSAGES/gnome-bluetooth2.mo", "size_i": "12092", "regex": "false"},
	{"name_s": "/usr/share/locale/ta/LC_MESSAGES/gnome-bluetooth2.mo", "size_i": "20085", "regex": "false"},
	{"name_s": "/usr/share/locale/te/LC_MESSAGES/gnome-bluetooth2.mo", "size_i": "19395", "regex": "false"},
	{"name_s": "/usr/share/locale/th/LC_MESSAGES/gnome-bluetooth2.mo", "size_i": "17512", "regex": "false"},
	{"name_s": "/usr/share/locale/tr/LC_MESSAGES/gnome-bluetooth2.mo", "size_i": "12173", "regex": "false"},
	{"name_s": "/usr/share/locale/uk/LC_MESSAGES/gnome-bluetooth2.mo", "size_i": "15393", "regex": "false"},
	{"name_s": "/usr/share/locale/vi/LC_MESSAGES/gnome-bluetooth2.mo", "size_i": "12551", "regex": "false"},
	{"name_s": "/usr/share/locale/zh_CN/LC_MESSAGES/gnome-bluetooth2.mo", "size_i": "11189", "regex": "false"},
	{"name_s": "/usr/share/locale/zh_HK/LC_MESSAGES/gnome-bluetooth2.mo", "size_i": "11584", "regex": "false"},
	{"name_s": "/usr/share/locale/zh_TW/LC_MESSAGES/gnome-bluetooth2.mo", "size_i": "11593", "regex": "false"},
	{"name_s": "/usr/share/man/man1/bluetooth-applet.1.gz", "size_i": "717", "regex": "false"},
	{"name_s": "/usr/share/man/man1/bluetooth-properties.1.gz", "size_i": "666", "regex": "false"},
	{"name_s": "/usr/share/man/man1/bluetooth-sendto.1.gz", "size_i": "721", "regex": "false"},
	{"name_s": "/usr/share/man/man1/bluetooth-wizard.1.gz", "size_i": "659", "regex": "false"},
	{"name_s": "/usr/share/omf/gnome-bluetooth", "size_i": "4096", "regex": "false"},
	{"name_s": "/usr/share/omf/gnome-bluetooth/gnome-bluetooth-C.omf", "size_i": "855", "regex": "false"},
	{"name_s": "/usr/share/omf/gnome-bluetooth/gnome-bluetooth-de.omf", "size_i": "870", "regex": "false"},
	{"name_s": "/usr/share/omf/gnome-bluetooth/gnome-bluetooth-el.omf", "size_i": "987", "regex": "false"},
	{"name_s": "/usr/share/omf/gnome-bluetooth/gnome-bluetooth-es.omf", "size_i": "879", "regex": "false"},
	{"name_s": "/usr/share/omf/gnome-bluetooth/gnome-bluetooth-fr.omf", "size_i": "874", "regex": "false"},
	{"name_s": "/usr/share/omf/gnome-bluetooth/gnome-bluetooth-sv.omf", "size_i": "863", "regex": "false"},
	{"name_s": "/usr/share/omf/gnome-bluetooth/gnome-bluetooth-th.omf", "size_i": "975", "regex": "false"},
	{"name_s": "/usr/share/omf/gnome-bluetooth/gnome-bluetooth-zh_CN.omf", "size_i": "852", "regex": "false"}
]
