[
	{"name_s": "/usr/bin/magnifier", "size_i": "143276", "regex": "false"},
	{"name_s": "/usr/lib/bonobo/servers/GNOME_Magnifier.server", "size_i": "16848", "regex": "false"},
	{"name_s": "/usr/lib/libgnome-mag.so.2", "size_i": "21", "regex": "false"},
	{"name_s": "/usr/lib/libgnome-mag.so.2.3.9", "size_i": "45832", "regex": "false"},
	{"name_s": "/usr/lib/orbit-2.0/GNOME_Magnifier_module.so", "size_i": "17024", "regex": "false"},
	{"name_s": "/usr/share/doc/gnome-mag-0.15.9", "size_i": "4096", "regex": "false"},
	{"name_s": "/usr/share/doc/gnome-mag-0.15.9/AUTHORS", "size_i": "110", "regex": "false"},
	{"name_s": "/usr/share/doc/gnome-mag-0.15.9/COPYING", "size_i": "25292", "regex": "false"},
	{"name_s": "/usr/share/doc/gnome-mag-0.15.9/NEWS", "size_i": "19210", "regex": "false"},
	{"name_s": "/usr/share/doc/gnome-mag-0.15.9/README", "size_i": "1751", "regex": "false"},
	{"name_s": "/usr/share/gnome-mag", "size_i": "4096", "regex": "false"},
	{"name_s": "/usr/share/gnome-mag/1_32", "size_i": "4096", "regex": "false"},
	{"name_s": "/usr/share/gnome-mag/1_32/appstart.xpm", "size_i": "1335", "regex": "false"},
	{"name_s": "/usr/share/gnome-mag/1_32/bottom_left_corner.xpm", "size_i": "1284", "regex": "false"},
	{"name_s": "/usr/share/gnome-mag/1_32/bottom_side.xpm", "size_i": "1282", "regex": "false"},
	{"name_s": "/usr/share/gnome-mag/1_32/busy.xpm", "size_i": "1333", "regex": "false"},
	{"name_s": "/usr/share/gnome-mag/1_32/crosshair.xpm", "size_i": "1285", "regex": "false"},
	{"name_s": "/usr/share/gnome-mag/1_32/default.xpm", "size_i": "1284", "regex": "false"},
	{"name_s": "/usr/share/gnome-mag/1_32/fleur.xpm", "size_i": "1284", "regex": "false"},
	{"name_s": "/usr/share/gnome-mag/1_32/hand.xpm", "size_i": "1282", "regex": "false"},
	{"name_s": "/usr/share/gnome-mag/1_32/left_ptr.xpm", "size_i": "1284", "regex": "false"},
	{"name_s": "/usr/share/gnome-mag/1_32/left_side.xpm", "size_i": "1282", "regex": "false"},
	{"name_s": "/usr/share/gnome-mag/1_32/no.xpm", "size_i": "1282", "regex": "false"},
	{"name_s": "/usr/share/gnome-mag/1_32/right_side.xpm", "size_i": "1282", "regex": "false"},
	{"name_s": "/usr/share/gnome-mag/1_32/sb_h_double_arrow.xpm", "size_i": "1282", "regex": "false"},
	{"name_s": "/usr/share/gnome-mag/1_32/sb_v_double_arrow.xpm", "size_i": "1282", "regex": "false"},
	{"name_s": "/usr/share/gnome-mag/1_32/top_left_corner.xpm", "size_i": "1284", "regex": "false"},
	{"name_s": "/usr/share/gnome-mag/1_32/top_right_corner.xpm", "size_i": "1284", "regex": "false"},
	{"name_s": "/usr/share/gnome-mag/1_32/top_side.xpm", "size_i": "1282", "regex": "false"},
	{"name_s": "/usr/share/gnome-mag/1_32/up.xpm", "size_i": "1281", "regex": "false"},
	{"name_s": "/usr/share/gnome-mag/1_32/xterm.xpm", "size_i": "1285", "regex": "false"},
	{"name_s": "/usr/share/gnome-mag/default-cursor.xpm", "size_i": "4517", "regex": "false"},
	{"name_s": "/usr/share/locale/ang/LC_MESSAGES/gnome-mag.mo", "size_i": "526", "regex": "false"},
	{"name_s": "/usr/share/locale/ar/LC_MESSAGES/gnome-mag.mo", "size_i": "6416", "regex": "false"},
	{"name_s": "/usr/share/locale/as/LC_MESSAGES/gnome-mag.mo", "size_i": "8311", "regex": "false"},
	{"name_s": "/usr/share/locale/ast/LC_MESSAGES/gnome-mag.mo", "size_i": "5502", "regex": "false"},
	{"name_s": "/usr/share/locale/az/LC_MESSAGES/gnome-mag.mo", "size_i": "542", "regex": "false"},
	{"name_s": "/usr/share/locale/be/LC_MESSAGES/gnome-mag.mo", "size_i": "721", "regex": "false"},
	{"name_s": "/usr/share/locale/be@latin/LC_MESSAGES/gnome-mag.mo", "size_i": "2360", "regex": "false"},
	{"name_s": "/usr/share/locale/bg/LC_MESSAGES/gnome-mag.mo", "size_i": "7597", "regex": "false"},
	{"name_s": "/usr/share/locale/bn/LC_MESSAGES/gnome-mag.mo", "size_i": "609", "regex": "false"},
	{"name_s": "/usr/share/locale/bn_IN/LC_MESSAGES/gnome-mag.mo", "size_i": "8492", "regex": "false"},
	{"name_s": "/usr/share/locale/br/LC_MESSAGES/gnome-mag.mo", "size_i": "1238", "regex": "false"},
	{"name_s": "/usr/share/locale/bs/LC_MESSAGES/gnome-mag.mo", "size_i": "521", "regex": "false"},
	{"name_s": "/usr/share/locale/ca/LC_MESSAGES/gnome-mag.mo", "size_i": "5508", "regex": "false"},
	{"name_s": "/usr/share/locale/ca@valencia/LC_MESSAGES/gnome-mag.mo", "size_i": "5454", "regex": "false"},
	{"name_s": "/usr/share/locale/cs/LC_MESSAGES/gnome-mag.mo", "size_i": "5457", "regex": "false"},
	{"name_s": "/usr/share/locale/cy/LC_MESSAGES/gnome-mag.mo", "size_i": "513", "regex": "false"},
	{"name_s": "/usr/share/locale/da/LC_MESSAGES/gnome-mag.mo", "size_i": "5322", "regex": "false"},
	{"name_s": "/usr/share/locale/de/LC_MESSAGES/gnome-mag.mo", "size_i": "5533", "regex": "false"},
	{"name_s": "/usr/share/locale/dz/LC_MESSAGES/gnome-mag.mo", "size_i": "10156", "regex": "false"},
	{"name_s": "/usr/share/locale/el/LC_MESSAGES/gnome-mag.mo", "size_i": "7873", "regex": "false"},
	{"name_s": "/usr/share/locale/en_CA/LC_MESSAGES/gnome-mag.mo", "size_i": "5223", "regex": "false"},
	{"name_s": "/usr/share/locale/en_GB/LC_MESSAGES/gnome-mag.mo", "size_i": "5212", "regex": "false"},
	{"name_s": "/usr/share/locale/eo/LC_MESSAGES/gnome-mag.mo", "size_i": "540", "regex": "false"},
	{"name_s": "/usr/share/locale/es/LC_MESSAGES/gnome-mag.mo", "size_i": "5522", "regex": "false"},
	{"name_s": "/usr/share/locale/et/LC_MESSAGES/gnome-mag.mo", "size_i": "5569", "regex": "false"},
	{"name_s": "/usr/share/locale/eu/LC_MESSAGES/gnome-mag.mo", "size_i": "5402", "regex": "false"},
	{"name_s": "/usr/share/locale/fa/LC_MESSAGES/gnome-mag.mo", "size_i": "526", "regex": "false"},
	{"name_s": "/usr/share/locale/fi/LC_MESSAGES/gnome-mag.mo", "size_i": "5441", "regex": "false"},
	{"name_s": "/usr/share/locale/fr/LC_MESSAGES/gnome-mag.mo", "size_i": "5617", "regex": "false"},
	{"name_s": "/usr/share/locale/ga/LC_MESSAGES/gnome-mag.mo", "size_i": "532", "regex": "false"},
	{"name_s": "/usr/share/locale/gl/LC_MESSAGES/gnome-mag.mo", "size_i": "5490", "regex": "false"},
	{"name_s": "/usr/share/locale/gu/LC_MESSAGES/gnome-mag.mo", "size_i": "7703", "regex": "false"},
	{"name_s": "/usr/share/locale/he/LC_MESSAGES/gnome-mag.mo", "size_i": "6386", "regex": "false"},
	{"name_s": "/usr/share/locale/hi/LC_MESSAGES/gnome-mag.mo", "size_i": "8004", "regex": "false"},
	{"name_s": "/usr/share/locale/hr/LC_MESSAGES/gnome-mag.mo", "size_i": "5697", "regex": "false"},
	{"name_s": "/usr/share/locale/hu/LC_MESSAGES/gnome-mag.mo", "size_i": "5558", "regex": "false"},
	{"name_s": "/usr/share/locale/id/LC_MESSAGES/gnome-mag.mo", "size_i": "549", "regex": "false"},
	{"name_s": "/usr/share/locale/is/LC_MESSAGES/gnome-mag.mo", "size_i": "508", "regex": "false"},
	{"name_s": "/usr/share/locale/it/LC_MESSAGES/gnome-mag.mo", "size_i": "5507", "regex": "false"},
	{"name_s": "/usr/share/locale/ja/LC_MESSAGES/gnome-mag.mo", "size_i": "5665", "regex": "false"},
	{"name_s": "/usr/share/locale/ka/LC_MESSAGES/gnome-mag.mo", "size_i": "570", "regex": "false"},
	{"name_s": "/usr/share/locale/kn/LC_MESSAGES/gnome-mag.mo", "size_i": "9445", "regex": "false"},
	{"name_s": "/usr/share/locale/ko/LC_MESSAGES/gnome-mag.mo", "size_i": "5418", "regex": "false"},
	{"name_s": "/usr/share/locale/ku/LC_MESSAGES/gnome-mag.mo", "size_i": "606", "regex": "false"},
	{"name_s": "/usr/share/locale/ky/LC_MESSAGES/gnome-mag.mo", "size_i": "551", "regex": "false"},
	{"name_s": "/usr/share/locale/lt/LC_MESSAGES/gnome-mag.mo", "size_i": "5476", "regex": "false"},
	{"name_s": "/usr/share/locale/lv/LC_MESSAGES/gnome-mag.mo", "size_i": "5689", "regex": "false"},
	{"name_s": "/usr/share/locale/mai/LC_MESSAGES/gnome-mag.mo", "size_i": "1262", "regex": "false"},
	{"name_s": "/usr/share/locale/mg/LC_MESSAGES/gnome-mag.mo", "size_i": "550", "regex": "false"},
	{"name_s": "/usr/share/locale/mi/LC_MESSAGES/gnome-mag.mo", "size_i": "518", "regex": "false"},
	{"name_s": "/usr/share/locale/mk/LC_MESSAGES/gnome-mag.mo", "size_i": "7092", "regex": "false"},
	{"name_s": "/usr/share/locale/ml/LC_MESSAGES/gnome-mag.mo", "size_i": "9167", "regex": "false"},
	{"name_s": "/usr/share/locale/mn/LC_MESSAGES/gnome-mag.mo", "size_i": "590", "regex": "false"},
	{"name_s": "/usr/share/locale/mr/LC_MESSAGES/gnome-mag.mo", "size_i": "7601", "regex": "false"},
	{"name_s": "/usr/share/locale/ms/LC_MESSAGES/gnome-mag.mo", "size_i": "508", "regex": "false"},
	{"name_s": "/usr/share/locale/nb/LC_MESSAGES/gnome-mag.mo", "size_i": "5226", "regex": "false"},
	{"name_s": "/usr/share/locale/ne/LC_MESSAGES/gnome-mag.mo", "size_i": "8348", "regex": "false"},
	{"name_s": "/usr/share/locale/nl/LC_MESSAGES/gnome-mag.mo", "size_i": "5302", "regex": "false"},
	{"name_s": "/usr/share/locale/nn/LC_MESSAGES/gnome-mag.mo", "size_i": "5241", "regex": "false"},
	{"name_s": "/usr/share/locale/oc/LC_MESSAGES/gnome-mag.mo", "size_i": "1052", "regex": "false"},
	{"name_s": "/usr/share/locale/or/LC_MESSAGES/gnome-mag.mo", "size_i": "8945", "regex": "false"},
	{"name_s": "/usr/share/locale/pa/LC_MESSAGES/gnome-mag.mo", "size_i": "7410", "regex": "false"},
	{"name_s": "/usr/share/locale/pl/LC_MESSAGES/gnome-mag.mo", "size_i": "5780", "regex": "false"},
	{"name_s": "/usr/share/locale/pt/LC_MESSAGES/gnome-mag.mo", "size_i": "5441", "regex": "false"},
	{"name_s": "/usr/share/locale/pt_BR/LC_MESSAGES/gnome-mag.mo", "size_i": "5585", "regex": "false"},
	{"name_s": "/usr/share/locale/ro/LC_MESSAGES/gnome-mag.mo", "size_i": "5574", "regex": "false"},
	{"name_s": "/usr/share/locale/ru/LC_MESSAGES/gnome-mag.mo", "size_i": "6905", "regex": "false"},
	{"name_s": "/usr/share/locale/rw/LC_MESSAGES/gnome-mag.mo", "size_i": "407", "regex": "false"},
	{"name_s": "/usr/share/locale/si/LC_MESSAGES/gnome-mag.mo", "size_i": "666", "regex": "false"},
	{"name_s": "/usr/share/locale/sk/LC_MESSAGES/gnome-mag.mo", "size_i": "493", "regex": "false"},
	{"name_s": "/usr/share/locale/sl/LC_MESSAGES/gnome-mag.mo", "size_i": "5257", "regex": "false"},
	{"name_s": "/usr/share/locale/sq/LC_MESSAGES/gnome-mag.mo", "size_i": "5711", "regex": "false"},
	{"name_s": "/usr/share/locale/sr/LC_MESSAGES/gnome-mag.mo", "size_i": "6599", "regex": "false"},
	{"name_s": "/usr/share/locale/sr@latin/LC_MESSAGES/gnome-mag.mo", "size_i": "5232", "regex": "false"},
	{"name_s": "/usr/share/locale/sv/LC_MESSAGES/gnome-mag.mo", "size_i": "5523", "regex": "false"},
	{"name_s": "/usr/share/locale/ta/LC_MESSAGES/gnome-mag.mo", "size_i": "9237", "regex": "false"},
	{"name_s": "/usr/share/locale/te/LC_MESSAGES/gnome-mag.mo", "size_i": "8757", "regex": "false"},
	{"name_s": "/usr/share/locale/th/LC_MESSAGES/gnome-mag.mo", "size_i": "7169", "regex": "false"},
	{"name_s": "/usr/share/locale/tk/LC_MESSAGES/gnome-mag.mo", "size_i": "539", "regex": "false"},
	{"name_s": "/usr/share/locale/tr/LC_MESSAGES/gnome-mag.mo", "size_i": "5408", "regex": "false"},
	{"name_s": "/usr/share/locale/ug/LC_MESSAGES/gnome-mag.mo", "size_i": "579", "regex": "false"},
	{"name_s": "/usr/share/locale/uk/LC_MESSAGES/gnome-mag.mo", "size_i": "6997", "regex": "false"},
	{"name_s": "/usr/share/locale/uz/LC_MESSAGES/gnome-mag.mo", "size_i": "1454", "regex": "false"},
	{"name_s": "/usr/share/locale/uz@cyrillic/LC_MESSAGES/gnome-mag.mo", "size_i": "1705", "regex": "false"},
	{"name_s": "/usr/share/locale/vi/LC_MESSAGES/gnome-mag.mo", "size_i": "5646", "regex": "false"},
	{"name_s": "/usr/share/locale/zh_CN/LC_MESSAGES/gnome-mag.mo", "size_i": "4898", "regex": "false"},
	{"name_s": "/usr/share/locale/zh_HK/LC_MESSAGES/gnome-mag.mo", "size_i": "5270", "regex": "false"},
	{"name_s": "/usr/share/locale/zh_TW/LC_MESSAGES/gnome-mag.mo", "size_i": "5273", "regex": "false"},
	{"name_s": "/usr/share/man/man1/magnifier.1.gz", "size_i": "1843", "regex": "false"}
]
