[
	{"name_s": "/usr/share/doc/gprolog-examples-1.3.1", "size_i": "4096", "regex": "false"},
	{"name_s": "/usr/share/doc/gprolog-examples-1.3.1/ExamplesC", "size_i": "4096", "regex": "false"},
	{"name_s": "/usr/share/doc/gprolog-examples-1.3.1/ExamplesC/Makefile", "size_i": "267", "regex": "false"},
	{"name_s": "/usr/share/doc/gprolog-examples-1.3.1/ExamplesC/README", "size_i": "1499", "regex": "false"},
	{"name_s": "/usr/share/doc/gprolog-examples-1.3.1/ExamplesC/examp.pl", "size_i": "2184", "regex": "false"},
	{"name_s": "/usr/share/doc/gprolog-examples-1.3.1/ExamplesC/examp_c.c", "size_i": "8230", "regex": "false"},
	{"name_s": "/usr/share/doc/gprolog-examples-1.3.1/ExamplesC/new_main.pl", "size_i": "1995", "regex": "false"},
	{"name_s": "/usr/share/doc/gprolog-examples-1.3.1/ExamplesC/new_main_c.c", "size_i": "3723", "regex": "false"},
	{"name_s": "/usr/share/doc/gprolog-examples-1.3.1/ExamplesFD", "size_i": "4096", "regex": "false"},
	{"name_s": "/usr/share/doc/gprolog-examples-1.3.1/ExamplesFD/Makefile", "size_i": "2158", "regex": "false"},
	{"name_s": "/usr/share/doc/gprolog-examples-1.3.1/ExamplesFD/alpha.pl", "size_i": "3103", "regex": "false"},
	{"name_s": "/usr/share/doc/gprolog-examples-1.3.1/ExamplesFD/array.pl", "size_i": "3603", "regex": "false"},
	{"name_s": "/usr/share/doc/gprolog-examples-1.3.1/ExamplesFD/bdiag.pl", "size_i": "4035", "regex": "false"},
	{"name_s": "/usr/share/doc/gprolog-examples-1.3.1/ExamplesFD/bdonald.pl", "size_i": "3829", "regex": "false"},
	{"name_s": "/usr/share/doc/gprolog-examples-1.3.1/ExamplesFD/bpigeon.pl", "size_i": "2172", "regex": "false"},
	{"name_s": "/usr/share/doc/gprolog-examples-1.3.1/ExamplesFD/bqueens.pl", "size_i": "2804", "regex": "false"},
	{"name_s": "/usr/share/doc/gprolog-examples-1.3.1/ExamplesFD/bramsey.pl", "size_i": "4413", "regex": "false"},
	{"name_s": "/usr/share/doc/gprolog-examples-1.3.1/ExamplesFD/bridge.pl", "size_i": "6326", "regex": "false"},
	{"name_s": "/usr/share/doc/gprolog-examples-1.3.1/ExamplesFD/bridge1.pl", "size_i": "6815", "regex": "false"},
	{"name_s": "/usr/share/doc/gprolog-examples-1.3.1/ExamplesFD/bschur.pl", "size_i": "2528", "regex": "false"},
	{"name_s": "/usr/share/doc/gprolog-examples-1.3.1/ExamplesFD/bsend.pl", "size_i": "3676", "regex": "false"},
	{"name_s": "/usr/share/doc/gprolog-examples-1.3.1/ExamplesFD/cars.pl", "size_i": "5055", "regex": "false"},
	{"name_s": "/usr/share/doc/gprolog-examples-1.3.1/ExamplesFD/crypta.pl", "size_i": "2625", "regex": "false"},
	{"name_s": "/usr/share/doc/gprolog-examples-1.3.1/ExamplesFD/digit8.pl", "size_i": "2222", "regex": "false"},
	{"name_s": "/usr/share/doc/gprolog-examples-1.3.1/ExamplesFD/donald.pl", "size_i": "2390", "regex": "false"},
	{"name_s": "/usr/share/doc/gprolog-examples-1.3.1/ExamplesFD/eq10.pl", "size_i": "2475", "regex": "false"},
	{"name_s": "/usr/share/doc/gprolog-examples-1.3.1/ExamplesFD/eq20.pl", "size_i": "3269", "regex": "false"},
	{"name_s": "/usr/share/doc/gprolog-examples-1.3.1/ExamplesFD/five.pl", "size_i": "2626", "regex": "false"},
	{"name_s": "/usr/share/doc/gprolog-examples-1.3.1/ExamplesFD/gardner.pl", "size_i": "4792", "regex": "false"},
	{"name_s": "/usr/share/doc/gprolog-examples-1.3.1/ExamplesFD/langford.pl", "size_i": "2266", "regex": "false"},
	{"name_s": "/usr/share/doc/gprolog-examples-1.3.1/ExamplesFD/magic.pl", "size_i": "3376", "regex": "false"},
	{"name_s": "/usr/share/doc/gprolog-examples-1.3.1/ExamplesFD/magsq.pl", "size_i": "2443", "regex": "false"},
	{"name_s": "/usr/share/doc/gprolog-examples-1.3.1/ExamplesFD/multipl.pl", "size_i": "3337", "regex": "false"},
	{"name_s": "/usr/share/doc/gprolog-examples-1.3.1/ExamplesFD/partit.pl", "size_i": "5420", "regex": "false"},
	{"name_s": "/usr/share/doc/gprolog-examples-1.3.1/ExamplesFD/qg5.pl", "size_i": "2647", "regex": "false"},
	{"name_s": "/usr/share/doc/gprolog-examples-1.3.1/ExamplesFD/queens.pl", "size_i": "2196", "regex": "false"},
	{"name_s": "/usr/share/doc/gprolog-examples-1.3.1/ExamplesFD/queens_fd.fd", "size_i": "109", "regex": "false"},
	{"name_s": "/usr/share/doc/gprolog-examples-1.3.1/ExamplesFD/send.pl", "size_i": "2306", "regex": "false"},
	{"name_s": "/usr/share/doc/gprolog-examples-1.3.1/ExamplesFD/square.pl", "size_i": "4527", "regex": "false"},
	{"name_s": "/usr/share/doc/gprolog-examples-1.3.1/ExamplesFD/srq.pl", "size_i": "6128", "regex": "false"},
	{"name_s": "/usr/share/doc/gprolog-examples-1.3.1/ExamplesPl", "size_i": "4096", "regex": "false"},
	{"name_s": "/usr/share/doc/gprolog-examples-1.3.1/ExamplesPl/Makefile", "size_i": "1880", "regex": "false"},
	{"name_s": "/usr/share/doc/gprolog-examples-1.3.1/ExamplesPl/PROGS", "size_i": "88", "regex": "false"},
	{"name_s": "/usr/share/doc/gprolog-examples-1.3.1/ExamplesPl/README", "size_i": "2040", "regex": "false"},
	{"name_s": "/usr/share/doc/gprolog-examples-1.3.1/ExamplesPl/boyer.pl", "size_i": "10889", "regex": "false"},
	{"name_s": "/usr/share/doc/gprolog-examples-1.3.1/ExamplesPl/browse.pl", "size_i": "2732", "regex": "false"},
	{"name_s": "/usr/share/doc/gprolog-examples-1.3.1/ExamplesPl/cal.pl", "size_i": "2985", "regex": "false"},
	{"name_s": "/usr/share/doc/gprolog-examples-1.3.1/ExamplesPl/chat_parser.pl", "size_i": "24653", "regex": "false"},
	{"name_s": "/usr/share/doc/gprolog-examples-1.3.1/ExamplesPl/common.pl", "size_i": "723", "regex": "false"},
	{"name_s": "/usr/share/doc/gprolog-examples-1.3.1/ExamplesPl/crypt.pl", "size_i": "2066", "regex": "false"},
	{"name_s": "/usr/share/doc/gprolog-examples-1.3.1/ExamplesPl/ham.pl", "size_i": "1014", "regex": "false"},
	{"name_s": "/usr/share/doc/gprolog-examples-1.3.1/ExamplesPl/hook.pl", "size_i": "237", "regex": "false"},
	{"name_s": "/usr/share/doc/gprolog-examples-1.3.1/ExamplesPl/meta_qsort.pl", "size_i": "2962", "regex": "false"},
	{"name_s": "/usr/share/doc/gprolog-examples-1.3.1/ExamplesPl/nand.pl", "size_i": "20475", "regex": "false"},
	{"name_s": "/usr/share/doc/gprolog-examples-1.3.1/ExamplesPl/nrev.pl", "size_i": "1243", "regex": "false"},
	{"name_s": "/usr/share/doc/gprolog-examples-1.3.1/ExamplesPl/poly_10.pl", "size_i": "3170", "regex": "false"},
	{"name_s": "/usr/share/doc/gprolog-examples-1.3.1/ExamplesPl/qsort.pl", "size_i": "662", "regex": "false"},
	{"name_s": "/usr/share/doc/gprolog-examples-1.3.1/ExamplesPl/queens.pl", "size_i": "1717", "regex": "false"},
	{"name_s": "/usr/share/doc/gprolog-examples-1.3.1/ExamplesPl/queensn.pl", "size_i": "729", "regex": "false"},
	{"name_s": "/usr/share/doc/gprolog-examples-1.3.1/ExamplesPl/query.pl", "size_i": "1807", "regex": "false"},
	{"name_s": "/usr/share/doc/gprolog-examples-1.3.1/ExamplesPl/reducer.pl", "size_i": "11717", "regex": "false"},
	{"name_s": "/usr/share/doc/gprolog-examples-1.3.1/ExamplesPl/sdda.pl", "size_i": "11679", "regex": "false"},
	{"name_s": "/usr/share/doc/gprolog-examples-1.3.1/ExamplesPl/sendmore.pl", "size_i": "1189", "regex": "false"},
	{"name_s": "/usr/share/doc/gprolog-examples-1.3.1/ExamplesPl/tak.pl", "size_i": "611", "regex": "false"},
	{"name_s": "/usr/share/doc/gprolog-examples-1.3.1/ExamplesPl/tak_gvar.pl", "size_i": "913", "regex": "false"},
	{"name_s": "/usr/share/doc/gprolog-examples-1.3.1/ExamplesPl/zebra.pl", "size_i": "1572", "regex": "false"}
]
