[
	{"name_s": "/usr/share/gtk-doc/html/gst-plugins-base-libs-0.10", "size_i": "4096", "regex": "false"},
	{"name_s": "/usr/share/gtk-doc/html/gst-plugins-base-libs-0.10/api-index-deprecated.html", "size_i": "3823", "regex": "false"},
	{"name_s": "/usr/share/gtk-doc/html/gst-plugins-base-libs-0.10/api-index-full.html", "size_i": "183960", "regex": "false"},
	{"name_s": "/usr/share/gtk-doc/html/gst-plugins-base-libs-0.10/compiling.html", "size_i": "4580", "regex": "false"},
	{"name_s": "/usr/share/gtk-doc/html/gst-plugins-base-libs-0.10/compiling.sgml", "size_i": "1757", "regex": "false"},
	{"name_s": "/usr/share/gtk-doc/html/gst-plugins-base-libs-0.10/gst-plugins-base-libs-0.10.devhelp", "size_i": "140299", "regex": "false"},
	{"name_s": "/usr/share/gtk-doc/html/gst-plugins-base-libs-0.10/gst-plugins-base-libs-0.10.devhelp2", "size_i": "201503", "regex": "false"},
	{"name_s": "/usr/share/gtk-doc/html/gst-plugins-base-libs-0.10/gst-plugins-base-libs-appsink.html", "size_i": "33436", "regex": "false"},
	{"name_s": "/usr/share/gtk-doc/html/gst-plugins-base-libs-0.10/gst-plugins-base-libs-appsrc.html", "size_i": "37793", "regex": "false"},
	{"name_s": "/usr/share/gtk-doc/html/gst-plugins-base-libs-0.10/gst-plugins-base-libs-gstaudio.html", "size_i": "20482", "regex": "false"},
	{"name_s": "/usr/share/gtk-doc/html/gst-plugins-base-libs-0.10/gst-plugins-base-libs-gstaudioclock.html", "size_i": "14813", "regex": "false"},
	{"name_s": "/usr/share/gtk-doc/html/gst-plugins-base-libs-0.10/gst-plugins-base-libs-gstaudiofilter.html", "size_i": "10086", "regex": "false"},
	{"name_s": "/usr/share/gtk-doc/html/gst-plugins-base-libs-0.10/gst-plugins-base-libs-gstaudiomixerutils.html", "size_i": "10027", "regex": "false"},
	{"name_s": "/usr/share/gtk-doc/html/gst-plugins-base-libs-0.10/gst-plugins-base-libs-gstaudiosink.html", "size_i": "10504", "regex": "false"},
	{"name_s": "/usr/share/gtk-doc/html/gst-plugins-base-libs-0.10/gst-plugins-base-libs-gstaudiosrc.html", "size_i": "10133", "regex": "false"},
	{"name_s": "/usr/share/gtk-doc/html/gst-plugins-base-libs-0.10/gst-plugins-base-libs-gstbaseaudiosink.html", "size_i": "25198", "regex": "false"},
	{"name_s": "/usr/share/gtk-doc/html/gst-plugins-base-libs-0.10/gst-plugins-base-libs-gstbaseaudiosrc.html", "size_i": "25167", "regex": "false"},
	{"name_s": "/usr/share/gtk-doc/html/gst-plugins-base-libs-0.10/gst-plugins-base-libs-gstbasertpaudiopayload.html", "size_i": "25045", "regex": "false"},
	{"name_s": "/usr/share/gtk-doc/html/gst-plugins-base-libs-0.10/gst-plugins-base-libs-gstbasertpdepayload.html", "size_i": "14472", "regex": "false"},
	{"name_s": "/usr/share/gtk-doc/html/gst-plugins-base-libs-0.10/gst-plugins-base-libs-gstbasertppayload.html", "size_i": "30294", "regex": "false"},
	{"name_s": "/usr/share/gtk-doc/html/gst-plugins-base-libs-0.10/gst-plugins-base-libs-gstcddabasesrc.html", "size_i": "16936", "regex": "false"},
	{"name_s": "/usr/share/gtk-doc/html/gst-plugins-base-libs-0.10/gst-plugins-base-libs-gstcolorbalance.html", "size_i": "21641", "regex": "false"},
	{"name_s": "/usr/share/gtk-doc/html/gst-plugins-base-libs-0.10/gst-plugins-base-libs-gstcolorbalancechannel.html", "size_i": "9510", "regex": "false"},
	{"name_s": "/usr/share/gtk-doc/html/gst-plugins-base-libs-0.10/gst-plugins-base-libs-gstfft.html", "size_i": "7041", "regex": "false"},
	{"name_s": "/usr/share/gtk-doc/html/gst-plugins-base-libs-0.10/gst-plugins-base-libs-gstfftf32.html", "size_i": "20044", "regex": "false"},
	{"name_s": "/usr/share/gtk-doc/html/gst-plugins-base-libs-0.10/gst-plugins-base-libs-gstfftf64.html", "size_i": "20046", "regex": "false"},
	{"name_s": "/usr/share/gtk-doc/html/gst-plugins-base-libs-0.10/gst-plugins-base-libs-gstffts16.html", "size_i": "20063", "regex": "false"},
	{"name_s": "/usr/share/gtk-doc/html/gst-plugins-base-libs-0.10/gst-plugins-base-libs-gstffts32.html", "size_i": "20072", "regex": "false"},
	{"name_s": "/usr/share/gtk-doc/html/gst-plugins-base-libs-0.10/gst-plugins-base-libs-gstfloatcast.html", "size_i": "6123", "regex": "false"},
	{"name_s": "/usr/share/gtk-doc/html/gst-plugins-base-libs-0.10/gst-plugins-base-libs-gstmixer.html", "size_i": "61348", "regex": "false"},
	{"name_s": "/usr/share/gtk-doc/html/gst-plugins-base-libs-0.10/gst-plugins-base-libs-gstmixeroptions.html", "size_i": "7198", "regex": "false"},
	{"name_s": "/usr/share/gtk-doc/html/gst-plugins-base-libs-0.10/gst-plugins-base-libs-gstmixertrack.html", "size_i": "15636", "regex": "false"},
	{"name_s": "/usr/share/gtk-doc/html/gst-plugins-base-libs-0.10/gst-plugins-base-libs-gstmultichannel.html", "size_i": "23786", "regex": "false"},
	{"name_s": "/usr/share/gtk-doc/html/gst-plugins-base-libs-0.10/gst-plugins-base-libs-gstnavigation.html", "size_i": "71450", "regex": "false"},
	{"name_s": "/usr/share/gtk-doc/html/gst-plugins-base-libs-0.10/gst-plugins-base-libs-gstnetbuffer.html", "size_i": "31722", "regex": "false"},
	{"name_s": "/usr/share/gtk-doc/html/gst-plugins-base-libs-0.10/gst-plugins-base-libs-gstpbutils.html", "size_i": "6487", "regex": "false"},
	{"name_s": "/usr/share/gtk-doc/html/gst-plugins-base-libs-0.10/gst-plugins-base-libs-gstpbutilsdescriptions.html", "size_i": "20377", "regex": "false"},
	{"name_s": "/usr/share/gtk-doc/html/gst-plugins-base-libs-0.10/gst-plugins-base-libs-gstpbutilsinstallplugins.html", "size_i": "47150", "regex": "false"},
	{"name_s": "/usr/share/gtk-doc/html/gst-plugins-base-libs-0.10/gst-plugins-base-libs-gstpbutilsmissingplugins.html", "size_i": "31557", "regex": "false"},
	{"name_s": "/usr/share/gtk-doc/html/gst-plugins-base-libs-0.10/gst-plugins-base-libs-gstpropertyprobe.html", "size_i": "30094", "regex": "false"},
	{"name_s": "/usr/share/gtk-doc/html/gst-plugins-base-libs-0.10/gst-plugins-base-libs-gstriff.html", "size_i": "113835", "regex": "false"},
	{"name_s": "/usr/share/gtk-doc/html/gst-plugins-base-libs-0.10/gst-plugins-base-libs-gstringbuffer.html", "size_i": "79804", "regex": "false"},
	{"name_s": "/usr/share/gtk-doc/html/gst-plugins-base-libs-0.10/gst-plugins-base-libs-gstrtcpbuffer.html", "size_i": "118328", "regex": "false"},
	{"name_s": "/usr/share/gtk-doc/html/gst-plugins-base-libs-0.10/gst-plugins-base-libs-gstrtpbuffer.html", "size_i": "85528", "regex": "false"},
	{"name_s": "/usr/share/gtk-doc/html/gst-plugins-base-libs-0.10/gst-plugins-base-libs-gstrtppayloads.html", "size_i": "18388", "regex": "false"},
	{"name_s": "/usr/share/gtk-doc/html/gst-plugins-base-libs-0.10/gst-plugins-base-libs-gstrtspbase64.html", "size_i": "7836", "regex": "false"},
	{"name_s": "/usr/share/gtk-doc/html/gst-plugins-base-libs-0.10/gst-plugins-base-libs-gstrtspconnection.html", "size_i": "78389", "regex": "false"},
	{"name_s": "/usr/share/gtk-doc/html/gst-plugins-base-libs-0.10/gst-plugins-base-libs-gstrtspdefs.html", "size_i": "41680", "regex": "false"},
	{"name_s": "/usr/share/gtk-doc/html/gst-plugins-base-libs-0.10/gst-plugins-base-libs-gstrtspextension.html", "size_i": "5878", "regex": "false"},
	{"name_s": "/usr/share/gtk-doc/html/gst-plugins-base-libs-0.10/gst-plugins-base-libs-gstrtspmessage.html", "size_i": "71430", "regex": "false"},
	{"name_s": "/usr/share/gtk-doc/html/gst-plugins-base-libs-0.10/gst-plugins-base-libs-gstrtsprange.html", "size_i": "14264", "regex": "false"},
	{"name_s": "/usr/share/gtk-doc/html/gst-plugins-base-libs-0.10/gst-plugins-base-libs-gstrtsptransport.html", "size_i": "26880", "regex": "false"},
	{"name_s": "/usr/share/gtk-doc/html/gst-plugins-base-libs-0.10/gst-plugins-base-libs-gstrtspurl.html", "size_i": "17554", "regex": "false"},
	{"name_s": "/usr/share/gtk-doc/html/gst-plugins-base-libs-0.10/gst-plugins-base-libs-gstsdpmessage.html", "size_i": "173815", "regex": "false"},
	{"name_s": "/usr/share/gtk-doc/html/gst-plugins-base-libs-0.10/gst-plugins-base-libs-gststreamvolume.html", "size_i": "21139", "regex": "false"},
	{"name_s": "/usr/share/gtk-doc/html/gst-plugins-base-libs-0.10/gst-plugins-base-libs-gsttag.html", "size_i": "28016", "regex": "false"},
	{"name_s": "/usr/share/gtk-doc/html/gst-plugins-base-libs-0.10/gst-plugins-base-libs-gsttagdemux.html", "size_i": "12456", "regex": "false"},
	{"name_s": "/usr/share/gtk-doc/html/gst-plugins-base-libs-0.10/gst-plugins-base-libs-gsttagid3.html", "size_i": "15057", "regex": "false"},
	{"name_s": "/usr/share/gtk-doc/html/gst-plugins-base-libs-0.10/gst-plugins-base-libs-gsttaglanguagecodes.html", "size_i": "14536", "regex": "false"},
	{"name_s": "/usr/share/gtk-doc/html/gst-plugins-base-libs-0.10/gst-plugins-base-libs-gsttagvorbis.html", "size_i": "16495", "regex": "false"},
	{"name_s": "/usr/share/gtk-doc/html/gst-plugins-base-libs-0.10/gst-plugins-base-libs-gsttagxmp.html", "size_i": "6955", "regex": "false"},
	{"name_s": "/usr/share/gtk-doc/html/gst-plugins-base-libs-0.10/gst-plugins-base-libs-gsttuner.html", "size_i": "47368", "regex": "false"},
	{"name_s": "/usr/share/gtk-doc/html/gst-plugins-base-libs-0.10/gst-plugins-base-libs-gsttunerchannel.html", "size_i": "14755", "regex": "false"},
	{"name_s": "/usr/share/gtk-doc/html/gst-plugins-base-libs-0.10/gst-plugins-base-libs-gsttunernorm.html", "size_i": "6396", "regex": "false"},
	{"name_s": "/usr/share/gtk-doc/html/gst-plugins-base-libs-0.10/gst-plugins-base-libs-gstvideo.html", "size_i": "87264", "regex": "false"},
	{"name_s": "/usr/share/gtk-doc/html/gst-plugins-base-libs-0.10/gst-plugins-base-libs-gstvideofilter.html", "size_i": "5728", "regex": "false"},
	{"name_s": "/usr/share/gtk-doc/html/gst-plugins-base-libs-0.10/gst-plugins-base-libs-gstvideoorientation.html", "size_i": "25291", "regex": "false"},
	{"name_s": "/usr/share/gtk-doc/html/gst-plugins-base-libs-0.10/gst-plugins-base-libs-gstvideosink.html", "size_i": "15355", "regex": "false"},
	{"name_s": "/usr/share/gtk-doc/html/gst-plugins-base-libs-0.10/gst-plugins-base-libs-gstxoverlay.html", "size_i": "29527", "regex": "false"},
	{"name_s": "/usr/share/gtk-doc/html/gst-plugins-base-libs-0.10/gstreamer-app.html", "size_i": "3953", "regex": "false"},
	{"name_s": "/usr/share/gtk-doc/html/gst-plugins-base-libs-0.10/gstreamer-audio.html", "size_i": "5393", "regex": "false"},
	{"name_s": "/usr/share/gtk-doc/html/gst-plugins-base-libs-0.10/gstreamer-base-utils.html", "size_i": "4442", "regex": "false"},
	{"name_s": "/usr/share/gtk-doc/html/gst-plugins-base-libs-0.10/gstreamer-cdda.html", "size_i": "3678", "regex": "false"},
	{"name_s": "/usr/share/gtk-doc/html/gst-plugins-base-libs-0.10/gstreamer-ffft.html", "size_i": "4557", "regex": "false"},
	{"name_s": "/usr/share/gtk-doc/html/gst-plugins-base-libs-0.10/gstreamer-floatcast.html", "size_i": "3678", "regex": "false"},
	{"name_s": "/usr/share/gtk-doc/html/gst-plugins-base-libs-0.10/gstreamer-interfaces.html", "size_i": "6546", "regex": "false"},
	{"name_s": "/usr/share/gtk-doc/html/gst-plugins-base-libs-0.10/gstreamer-libs-hierarchy.html", "size_i": "6409", "regex": "false"},
	{"name_s": "/usr/share/gtk-doc/html/gst-plugins-base-libs-0.10/gstreamer-netbuffer.html", "size_i": "3699", "regex": "false"},
	{"name_s": "/usr/share/gtk-doc/html/gst-plugins-base-libs-0.10/gstreamer-plugins-base.html", "size_i": "17670", "regex": "false"},
	{"name_s": "/usr/share/gtk-doc/html/gst-plugins-base-libs-0.10/gstreamer-riff.html", "size_i": "3647", "regex": "false"},
	{"name_s": "/usr/share/gtk-doc/html/gst-plugins-base-libs-0.10/gstreamer-rtp.html", "size_i": "4654", "regex": "false"},
	{"name_s": "/usr/share/gtk-doc/html/gst-plugins-base-libs-0.10/gstreamer-rtsp.html", "size_i": "4902", "regex": "false"},
	{"name_s": "/usr/share/gtk-doc/html/gst-plugins-base-libs-0.10/gstreamer-sdp.html", "size_i": "3657", "regex": "false"},
	{"name_s": "/usr/share/gtk-doc/html/gst-plugins-base-libs-0.10/gstreamer-tag.html", "size_i": "4865", "regex": "false"},
	{"name_s": "/usr/share/gtk-doc/html/gst-plugins-base-libs-0.10/gstreamer-video.html", "size_i": "4036", "regex": "false"},
	{"name_s": "/usr/share/gtk-doc/html/gst-plugins-base-libs-0.10/home.png", "size_i": "654", "regex": "false"},
	{"name_s": "/usr/share/gtk-doc/html/gst-plugins-base-libs-0.10/index.html", "size_i": "17630", "regex": "false"},
	{"name_s": "/usr/share/gtk-doc/html/gst-plugins-base-libs-0.10/index.sgml", "size_i": "209053", "regex": "false"},
	{"name_s": "/usr/share/gtk-doc/html/gst-plugins-base-libs-0.10/left.png", "size_i": "459", "regex": "false"},
	{"name_s": "/usr/share/gtk-doc/html/gst-plugins-base-libs-0.10/right.png", "size_i": "472", "regex": "false"},
	{"name_s": "/usr/share/gtk-doc/html/gst-plugins-base-libs-0.10/style.css", "size_i": "2433", "regex": "false"},
	{"name_s": "/usr/share/gtk-doc/html/gst-plugins-base-libs-0.10/up.png", "size_i": "406", "regex": "false"},
	{"name_s": "/usr/share/gtk-doc/html/gst-plugins-base-plugins-0.10", "size_i": "12288", "regex": "false"},
	{"name_s": "/usr/share/gtk-doc/html/gst-plugins-base-plugins-0.10/GstPlayBaseBin.html", "size_i": "2505", "regex": "false"},
	{"name_s": "/usr/share/gtk-doc/html/gst-plugins-base-plugins-0.10/ch01.html", "size_i": "11301", "regex": "false"},
	{"name_s": "/usr/share/gtk-doc/html/gst-plugins-base-plugins-0.10/ch02.html", "size_i": "7664", "regex": "false"},
	{"name_s": "/usr/share/gtk-doc/html/gst-plugins-base-plugins-0.10/ch03.html", "size_i": "2091", "regex": "false"},
	{"name_s": "/usr/share/gtk-doc/html/gst-plugins-base-plugins-0.10/gst-plugins-base-plugins-0.10.devhelp", "size_i": "59787", "regex": "false"},
	{"name_s": "/usr/share/gtk-doc/html/gst-plugins-base-plugins-0.10/gst-plugins-base-plugins-0.10.devhelp2", "size_i": "78017", "regex": "false"},
	{"name_s": "/usr/share/gtk-doc/html/gst-plugins-base-plugins-0.10/gst-plugins-base-plugins-adder.html", "size_i": "8423", "regex": "false"},
	{"name_s": "/usr/share/gtk-doc/html/gst-plugins-base-plugins-0.10/gst-plugins-base-plugins-alsamixer.html", "size_i": "7284", "regex": "false"},
	{"name_s": "/usr/share/gtk-doc/html/gst-plugins-base-plugins-0.10/gst-plugins-base-plugins-alsasink.html", "size_i": "8961", "regex": "false"},
	{"name_s": "/usr/share/gtk-doc/html/gst-plugins-base-plugins-0.10/gst-plugins-base-plugins-alsasrc.html", "size_i": "8978", "regex": "false"},
	{"name_s": "/usr/share/gtk-doc/html/gst-plugins-base-plugins-0.10/gst-plugins-base-plugins-appsink.html", "size_i": "22769", "regex": "false"},
	{"name_s": "/usr/share/gtk-doc/html/gst-plugins-base-plugins-0.10/gst-plugins-base-plugins-appsrc.html", "size_i": "21426", "regex": "false"},
	{"name_s": "/usr/share/gtk-doc/html/gst-plugins-base-plugins-0.10/gst-plugins-base-plugins-audioconvert.html", "size_i": "14186", "regex": "false"},
	{"name_s": "/usr/share/gtk-doc/html/gst-plugins-base-plugins-0.10/gst-plugins-base-plugins-audiorate.html", "size_i": "13594", "regex": "false"},
	{"name_s": "/usr/share/gtk-doc/html/gst-plugins-base-plugins-0.10/gst-plugins-base-plugins-audioresample.html", "size_i": "10282", "regex": "false"},
	{"name_s": "/usr/share/gtk-doc/html/gst-plugins-base-plugins-0.10/gst-plugins-base-plugins-audiotestsrc.html", "size_i": "15861", "regex": "false"},
	{"name_s": "/usr/share/gtk-doc/html/gst-plugins-base-plugins-0.10/gst-plugins-base-plugins-cdparanoiasrc.html", "size_i": "13482", "regex": "false"},
	{"name_s": "/usr/share/gtk-doc/html/gst-plugins-base-plugins-0.10/gst-plugins-base-plugins-clockoverlay.html", "size_i": "10159", "regex": "false"},
	{"name_s": "/usr/share/gtk-doc/html/gst-plugins-base-plugins-0.10/gst-plugins-base-plugins-decodebin.html", "size_i": "4879", "regex": "false"},
	{"name_s": "/usr/share/gtk-doc/html/gst-plugins-base-plugins-0.10/gst-plugins-base-plugins-decodebin2.html", "size_i": "5179", "regex": "false"},
	{"name_s": "/usr/share/gtk-doc/html/gst-plugins-base-plugins-0.10/gst-plugins-base-plugins-ffmpegcolorspace.html", "size_i": "21687", "regex": "false"},
	{"name_s": "/usr/share/gtk-doc/html/gst-plugins-base-plugins-0.10/gst-plugins-base-plugins-gdpdepay.html", "size_i": "5963", "regex": "false"},
	{"name_s": "/usr/share/gtk-doc/html/gst-plugins-base-plugins-0.10/gst-plugins-base-plugins-gdppay.html", "size_i": "8240", "regex": "false"},
	{"name_s": "/usr/share/gtk-doc/html/gst-plugins-base-plugins-0.10/gst-plugins-base-plugins-giosink.html", "size_i": "9915", "regex": "false"},
	{"name_s": "/usr/share/gtk-doc/html/gst-plugins-base-plugins-0.10/gst-plugins-base-plugins-giosrc.html", "size_i": "9839", "regex": "false"},
	{"name_s": "/usr/share/gtk-doc/html/gst-plugins-base-plugins-0.10/gst-plugins-base-plugins-giostreamsink.html", "size_i": "7474", "regex": "false"},
	{"name_s": "/usr/share/gtk-doc/html/gst-plugins-base-plugins-0.10/gst-plugins-base-plugins-giostreamsrc.html", "size_i": "7521", "regex": "false"},
	{"name_s": "/usr/share/gtk-doc/html/gst-plugins-base-plugins-0.10/gst-plugins-base-plugins-gnomevfssink.html", "size_i": "11470", "regex": "false"},
	{"name_s": "/usr/share/gtk-doc/html/gst-plugins-base-plugins-0.10/gst-plugins-base-plugins-gnomevfssrc.html", "size_i": "13635", "regex": "false"},
	{"name_s": "/usr/share/gtk-doc/html/gst-plugins-base-plugins-0.10/gst-plugins-base-plugins-multifdsink.html", "size_i": "57508", "regex": "false"},
	{"name_s": "/usr/share/gtk-doc/html/gst-plugins-base-plugins-0.10/gst-plugins-base-plugins-oggdemux.html", "size_i": "6176", "regex": "false"},
	{"name_s": "/usr/share/gtk-doc/html/gst-plugins-base-plugins-0.10/gst-plugins-base-plugins-oggmux.html", "size_i": "9209", "regex": "false"},
	{"name_s": "/usr/share/gtk-doc/html/gst-plugins-base-plugins-0.10/gst-plugins-base-plugins-playbin.html", "size_i": "14435", "regex": "false"},
	{"name_s": "/usr/share/gtk-doc/html/gst-plugins-base-plugins-0.10/gst-plugins-base-plugins-playbin2.html", "size_i": "16720", "regex": "false"},
	{"name_s": "/usr/share/gtk-doc/html/gst-plugins-base-plugins-0.10/gst-plugins-base-plugins-plugin-adder.html", "size_i": "3184", "regex": "false"},
	{"name_s": "/usr/share/gtk-doc/html/gst-plugins-base-plugins-0.10/gst-plugins-base-plugins-plugin-alsa.html", "size_i": "3621", "regex": "false"},
	{"name_s": "/usr/share/gtk-doc/html/gst-plugins-base-plugins-0.10/gst-plugins-base-plugins-plugin-app.html", "size_i": "3493", "regex": "false"},
	{"name_s": "/usr/share/gtk-doc/html/gst-plugins-base-plugins-0.10/gst-plugins-base-plugins-plugin-audioconvert.html", "size_i": "3321", "regex": "false"},
	{"name_s": "/usr/share/gtk-doc/html/gst-plugins-base-plugins-0.10/gst-plugins-base-plugins-plugin-audiorate.html", "size_i": "3362", "regex": "false"},
	{"name_s": "/usr/share/gtk-doc/html/gst-plugins-base-plugins-0.10/gst-plugins-base-plugins-plugin-audioresample.html", "size_i": "3319", "regex": "false"},
	{"name_s": "/usr/share/gtk-doc/html/gst-plugins-base-plugins-0.10/gst-plugins-base-plugins-plugin-audiotestsrc.html", "size_i": "3398", "regex": "false"},
	{"name_s": "/usr/share/gtk-doc/html/gst-plugins-base-plugins-0.10/gst-plugins-base-plugins-plugin-cdparanoia.html", "size_i": "3341", "regex": "false"},
	{"name_s": "/usr/share/gtk-doc/html/gst-plugins-base-plugins-0.10/gst-plugins-base-plugins-plugin-decodebin.html", "size_i": "3293", "regex": "false"},
	{"name_s": "/usr/share/gtk-doc/html/gst-plugins-base-plugins-0.10/gst-plugins-base-plugins-plugin-decodebin2.html", "size_i": "3331", "regex": "false"},
	{"name_s": "/usr/share/gtk-doc/html/gst-plugins-base-plugins-0.10/gst-plugins-base-plugins-plugin-ffmpegcolorspace.html", "size_i": "3364", "regex": "false"},
	{"name_s": "/usr/share/gtk-doc/html/gst-plugins-base-plugins-0.10/gst-plugins-base-plugins-plugin-gdp.html", "size_i": "3470", "regex": "false"},
	{"name_s": "/usr/share/gtk-doc/html/gst-plugins-base-plugins-0.10/gst-plugins-base-plugins-plugin-gio.html", "size_i": "3799", "regex": "false"},
	{"name_s": "/usr/share/gtk-doc/html/gst-plugins-base-plugins-0.10/gst-plugins-base-plugins-plugin-gnomevfs.html", "size_i": "3515", "regex": "false"},
	{"name_s": "/usr/share/gtk-doc/html/gst-plugins-base-plugins-0.10/gst-plugins-base-plugins-plugin-libvisual.html", "size_i": "3933", "regex": "false"},
	{"name_s": "/usr/share/gtk-doc/html/gst-plugins-base-plugins-0.10/gst-plugins-base-plugins-plugin-ogg.html", "size_i": "4115", "regex": "false"},
	{"name_s": "/usr/share/gtk-doc/html/gst-plugins-base-plugins-0.10/gst-plugins-base-plugins-plugin-pango.html", "size_i": "3913", "regex": "false"},
	{"name_s": "/usr/share/gtk-doc/html/gst-plugins-base-plugins-0.10/gst-plugins-base-plugins-plugin-playback.html", "size_i": "3791", "regex": "false"},
	{"name_s": "/usr/share/gtk-doc/html/gst-plugins-base-plugins-0.10/gst-plugins-base-plugins-plugin-subparse.html", "size_i": "3294", "regex": "false"},
	{"name_s": "/usr/share/gtk-doc/html/gst-plugins-base-plugins-0.10/gst-plugins-base-plugins-plugin-tcp.html", "size_i": "4143", "regex": "false"},
	{"name_s": "/usr/share/gtk-doc/html/gst-plugins-base-plugins-0.10/gst-plugins-base-plugins-plugin-theora.html", "size_i": "3682", "regex": "false"},
	{"name_s": "/usr/share/gtk-doc/html/gst-plugins-base-plugins-0.10/gst-plugins-base-plugins-plugin-typefindfunctions.html", "size_i": "3161", "regex": "false"},
	{"name_s": "/usr/share/gtk-doc/html/gst-plugins-base-plugins-0.10/gst-plugins-base-plugins-plugin-uridecodebin.html", "size_i": "3548", "regex": "false"},
	{"name_s": "/usr/share/gtk-doc/html/gst-plugins-base-plugins-0.10/gst-plugins-base-plugins-plugin-video4linux.html", "size_i": "3245", "regex": "false"},
	{"name_s": "/usr/share/gtk-doc/html/gst-plugins-base-plugins-0.10/gst-plugins-base-plugins-plugin-videorate.html", "size_i": "3349", "regex": "false"},
	{"name_s": "/usr/share/gtk-doc/html/gst-plugins-base-plugins-0.10/gst-plugins-base-plugins-plugin-videoscale.html", "size_i": "3288", "regex": "false"},
	{"name_s": "/usr/share/gtk-doc/html/gst-plugins-base-plugins-0.10/gst-plugins-base-plugins-plugin-videotestsrc.html", "size_i": "3319", "regex": "false"},
	{"name_s": "/usr/share/gtk-doc/html/gst-plugins-base-plugins-0.10/gst-plugins-base-plugins-plugin-volume.html", "size_i": "3283", "regex": "false"},
	{"name_s": "/usr/share/gtk-doc/html/gst-plugins-base-plugins-0.10/gst-plugins-base-plugins-plugin-vorbis.html", "size_i": "3838", "regex": "false"},
	{"name_s": "/usr/share/gtk-doc/html/gst-plugins-base-plugins-0.10/gst-plugins-base-plugins-plugin-ximagesink.html", "size_i": "3331", "regex": "false"},
	{"name_s": "/usr/share/gtk-doc/html/gst-plugins-base-plugins-0.10/gst-plugins-base-plugins-plugin-xvimagesink.html", "size_i": "3272", "regex": "false"},
	{"name_s": "/usr/share/gtk-doc/html/gst-plugins-base-plugins-0.10/gst-plugins-base-plugins-subtitleoverlay.html", "size_i": "9885", "regex": "false"},
	{"name_s": "/usr/share/gtk-doc/html/gst-plugins-base-plugins-0.10/gst-plugins-base-plugins-tcpclientsink.html", "size_i": "8184", "regex": "false"},
	{"name_s": "/usr/share/gtk-doc/html/gst-plugins-base-plugins-0.10/gst-plugins-base-plugins-tcpclientsrc.html", "size_i": "8218", "regex": "false"},
	{"name_s": "/usr/share/gtk-doc/html/gst-plugins-base-plugins-0.10/gst-plugins-base-plugins-tcpserversink.html", "size_i": "7562", "regex": "false"},
	{"name_s": "/usr/share/gtk-doc/html/gst-plugins-base-plugins-0.10/gst-plugins-base-plugins-tcpserversrc.html", "size_i": "8167", "regex": "false"},
	{"name_s": "/usr/share/gtk-doc/html/gst-plugins-base-plugins-0.10/gst-plugins-base-plugins-textoverlay.html", "size_i": "27101", "regex": "false"},
	{"name_s": "/usr/share/gtk-doc/html/gst-plugins-base-plugins-0.10/gst-plugins-base-plugins-textrender.html", "size_i": "11019", "regex": "false"},
	{"name_s": "/usr/share/gtk-doc/html/gst-plugins-base-plugins-0.10/gst-plugins-base-plugins-theoradec.html", "size_i": "7596", "regex": "false"},
	{"name_s": "/usr/share/gtk-doc/html/gst-plugins-base-plugins-0.10/gst-plugins-base-plugins-theoraenc.html", "size_i": "22340", "regex": "false"},
	{"name_s": "/usr/share/gtk-doc/html/gst-plugins-base-plugins-0.10/gst-plugins-base-plugins-theoraparse.html", "size_i": "8689", "regex": "false"},
	{"name_s": "/usr/share/gtk-doc/html/gst-plugins-base-plugins-0.10/gst-plugins-base-plugins-timeoverlay.html", "size_i": "8920", "regex": "false"},
	{"name_s": "/usr/share/gtk-doc/html/gst-plugins-base-plugins-0.10/gst-plugins-base-plugins-uridecodebin.html", "size_i": "5591", "regex": "false"},
	{"name_s": "/usr/share/gtk-doc/html/gst-plugins-base-plugins-0.10/gst-plugins-base-plugins-videorate.html", "size_i": "14257", "regex": "false"},
	{"name_s": "/usr/share/gtk-doc/html/gst-plugins-base-plugins-0.10/gst-plugins-base-plugins-videoscale.html", "size_i": "20398", "regex": "false"},
	{"name_s": "/usr/share/gtk-doc/html/gst-plugins-base-plugins-0.10/gst-plugins-base-plugins-videotestsrc.html", "size_i": "34041", "regex": "false"},
	{"name_s": "/usr/share/gtk-doc/html/gst-plugins-base-plugins-0.10/gst-plugins-base-plugins-volume.html", "size_i": "10016", "regex": "false"},
	{"name_s": "/usr/share/gtk-doc/html/gst-plugins-base-plugins-0.10/gst-plugins-base-plugins-vorbisdec.html", "size_i": "6395", "regex": "false"},
	{"name_s": "/usr/share/gtk-doc/html/gst-plugins-base-plugins-0.10/gst-plugins-base-plugins-vorbisenc.html", "size_i": "11949", "regex": "false"},
	{"name_s": "/usr/share/gtk-doc/html/gst-plugins-base-plugins-0.10/gst-plugins-base-plugins-vorbisparse.html", "size_i": "7186", "regex": "false"},
	{"name_s": "/usr/share/gtk-doc/html/gst-plugins-base-plugins-0.10/gst-plugins-base-plugins-vorbistag.html", "size_i": "7281", "regex": "false"},
	{"name_s": "/usr/share/gtk-doc/html/gst-plugins-base-plugins-0.10/gst-plugins-base-plugins-ximagesink.html", "size_i": "15635", "regex": "false"},
	{"name_s": "/usr/share/gtk-doc/html/gst-plugins-base-plugins-0.10/gst-plugins-base-plugins-xvimagesink.html", "size_i": "23466", "regex": "false"},
	{"name_s": "/usr/share/gtk-doc/html/gst-plugins-base-plugins-0.10/home.png", "size_i": "654", "regex": "false"},
	{"name_s": "/usr/share/gtk-doc/html/gst-plugins-base-plugins-0.10/index.html", "size_i": "17165", "regex": "false"},
	{"name_s": "/usr/share/gtk-doc/html/gst-plugins-base-plugins-0.10/index.sgml", "size_i": "123273", "regex": "false"},
	{"name_s": "/usr/share/gtk-doc/html/gst-plugins-base-plugins-0.10/left.png", "size_i": "459", "regex": "false"},
	{"name_s": "/usr/share/gtk-doc/html/gst-plugins-base-plugins-0.10/right.png", "size_i": "472", "regex": "false"},
	{"name_s": "/usr/share/gtk-doc/html/gst-plugins-base-plugins-0.10/style.css", "size_i": "2433", "regex": "false"},
	{"name_s": "/usr/share/gtk-doc/html/gst-plugins-base-plugins-0.10/up.png", "size_i": "406", "regex": "false"}
]
