[
	{"name_s": "/etc/gconf/schemas/gstreamer-0.10.schemas", "size_i": "8981", "regex": "false"},
	{"name_s": "/usr/lib64/gstreamer-0.10/libgst1394.so", "size_i": "45272", "regex": "false"},
	{"name_s": "/usr/lib64/gstreamer-0.10/libgstalaw.so", "size_i": "20016", "regex": "false"},
	{"name_s": "/usr/lib64/gstreamer-0.10/libgstalpha.so", "size_i": "57976", "regex": "false"},
	{"name_s": "/usr/lib64/gstreamer-0.10/libgstalphacolor.so", "size_i": "16896", "regex": "false"},
	{"name_s": "/usr/lib64/gstreamer-0.10/libgstannodex.so", "size_i": "54648", "regex": "false"},
	{"name_s": "/usr/lib64/gstreamer-0.10/libgstapetag.so", "size_i": "16472", "regex": "false"},
	{"name_s": "/usr/lib64/gstreamer-0.10/libgstaudiofx.so", "size_i": "116216", "regex": "false"},
	{"name_s": "/usr/lib64/gstreamer-0.10/libgstauparse.so", "size_i": "20600", "regex": "false"},
	{"name_s": "/usr/lib64/gstreamer-0.10/libgstautodetect.so", "size_i": "37040", "regex": "false"},
	{"name_s": "/usr/lib64/gstreamer-0.10/libgstavi.so", "size_i": "145016", "regex": "false"},
	{"name_s": "/usr/lib64/gstreamer-0.10/libgstcairo.so", "size_i": "41720", "regex": "false"},
	{"name_s": "/usr/lib64/gstreamer-0.10/libgstcutter.so", "size_i": "17464", "regex": "false"},
	{"name_s": "/usr/lib64/gstreamer-0.10/libgstdebug.so", "size_i": "59864", "regex": "false"},
	{"name_s": "/usr/lib64/gstreamer-0.10/libgstdeinterlace.so", "size_i": "258752", "regex": "false"},
	{"name_s": "/usr/lib64/gstreamer-0.10/libgstdv.so", "size_i": "45688", "regex": "false"},
	{"name_s": "/usr/lib64/gstreamer-0.10/libgstefence.so", "size_i": "16216", "regex": "false"},
	{"name_s": "/usr/lib64/gstreamer-0.10/libgsteffectv.so", "size_i": "68600", "regex": "false"},
	{"name_s": "/usr/lib64/gstreamer-0.10/libgstequalizer.so", "size_i": "32120", "regex": "false"},
	{"name_s": "/usr/lib64/gstreamer-0.10/libgstflac.so", "size_i": "87768", "regex": "false"},
	{"name_s": "/usr/lib64/gstreamer-0.10/libgstflv.so", "size_i": "91320", "regex": "false"},
	{"name_s": "/usr/lib64/gstreamer-0.10/libgstflxdec.so", "size_i": "17720", "regex": "false"},
	{"name_s": "/usr/lib64/gstreamer-0.10/libgstgconfelements.so", "size_i": "33408", "regex": "false"},
	{"name_s": "/usr/lib64/gstreamer-0.10/libgstgdkpixbuf.so", "size_i": "37344", "regex": "false"},
	{"name_s": "/usr/lib64/gstreamer-0.10/libgstgoom.so", "size_i": "100136", "regex": "false"},
	{"name_s": "/usr/lib64/gstreamer-0.10/libgstgoom2k1.so", "size_i": "28256", "regex": "false"},
	{"name_s": "/usr/lib64/gstreamer-0.10/libgsthalelements.so", "size_i": "23960", "regex": "false"},
	{"name_s": "/usr/lib64/gstreamer-0.10/libgsticydemux.so", "size_i": "18136", "regex": "false"},
	{"name_s": "/usr/lib64/gstreamer-0.10/libgstid3demux.so", "size_i": "42520", "regex": "false"},
	{"name_s": "/usr/lib64/gstreamer-0.10/libgstimagefreeze.so", "size_i": "25888", "regex": "false"},
	{"name_s": "/usr/lib64/gstreamer-0.10/libgstinterleave.so", "size_i": "45408", "regex": "false"},
	{"name_s": "/usr/lib64/gstreamer-0.10/libgstjpeg.so", "size_i": "75064", "regex": "false"},
	{"name_s": "/usr/lib64/gstreamer-0.10/libgstlevel.so", "size_i": "19864", "regex": "false"},
	{"name_s": "/usr/lib64/gstreamer-0.10/libgstmatroska.so", "size_i": "191512", "regex": "false"},
	{"name_s": "/usr/lib64/gstreamer-0.10/libgstmulaw.so", "size_i": "16240", "regex": "false"},
	{"name_s": "/usr/lib64/gstreamer-0.10/libgstmultifile.so", "size_i": "21432", "regex": "false"},
	{"name_s": "/usr/lib64/gstreamer-0.10/libgstmultipart.so", "size_i": "28928", "regex": "false"},
	{"name_s": "/usr/lib64/gstreamer-0.10/libgstnavigationtest.so", "size_i": "12928", "regex": "false"},
	{"name_s": "/usr/lib64/gstreamer-0.10/libgstoss4audio.so", "size_i": "103896", "regex": "false"},
	{"name_s": "/usr/lib64/gstreamer-0.10/libgstossaudio.so", "size_i": "49272", "regex": "false"},
	{"name_s": "/usr/lib64/gstreamer-0.10/libgstpng.so", "size_i": "34072", "regex": "false"},
	{"name_s": "/usr/lib64/gstreamer-0.10/libgstpulse.so", "size_i": "95224", "regex": "false"},
	{"name_s": "/usr/lib64/gstreamer-0.10/libgstqtdemux.so", "size_i": "183512", "regex": "false"},
	{"name_s": "/usr/lib64/gstreamer-0.10/libgstreplaygain.so", "size_i": "41976", "regex": "false"},
	{"name_s": "/usr/lib64/gstreamer-0.10/libgstrtp.so", "size_i": "317432", "regex": "false"},
	{"name_s": "/usr/lib64/gstreamer-0.10/libgstrtpmanager.so", "size_i": "204992", "regex": "false"},
	{"name_s": "/usr/lib64/gstreamer-0.10/libgstrtsp.so", "size_i": "115992", "regex": "false"},
	{"name_s": "/usr/lib64/gstreamer-0.10/libgstshapewipe.so", "size_i": "32480", "regex": "false"},
	{"name_s": "/usr/lib64/gstreamer-0.10/libgstshout2.so", "size_i": "25048", "regex": "false"},
	{"name_s": "/usr/lib64/gstreamer-0.10/libgstsmpte.so", "size_i": "75024", "regex": "false"},
	{"name_s": "/usr/lib64/gstreamer-0.10/libgstsouphttpsrc.so", "size_i": "37792", "regex": "false"},
	{"name_s": "/usr/lib64/gstreamer-0.10/libgstspectrum.so", "size_i": "19664", "regex": "false"},
	{"name_s": "/usr/lib64/gstreamer-0.10/libgstspeex.so", "size_i": "49848", "regex": "false"},
	{"name_s": "/usr/lib64/gstreamer-0.10/libgsttaglib.so", "size_i": "50384", "regex": "false"},
	{"name_s": "/usr/lib64/gstreamer-0.10/libgstudp.so", "size_i": "58520", "regex": "false"},
	{"name_s": "/usr/lib64/gstreamer-0.10/libgstvideo4linux2.so", "size_i": "111888", "regex": "false"},
	{"name_s": "/usr/lib64/gstreamer-0.10/libgstvideobox.so", "size_i": "77720", "regex": "false"},
	{"name_s": "/usr/lib64/gstreamer-0.10/libgstvideocrop.so", "size_i": "36736", "regex": "false"},
	{"name_s": "/usr/lib64/gstreamer-0.10/libgstvideofilter.so", "size_i": "53984", "regex": "false"},
	{"name_s": "/usr/lib64/gstreamer-0.10/libgstvideomixer.so", "size_i": "103808", "regex": "false"},
	{"name_s": "/usr/lib64/gstreamer-0.10/libgstwavenc.so", "size_i": "15640", "regex": "false"},
	{"name_s": "/usr/lib64/gstreamer-0.10/libgstwavpack.so", "size_i": "66968", "regex": "false"},
	{"name_s": "/usr/lib64/gstreamer-0.10/libgstwavparse.so", "size_i": "48984", "regex": "false"},
	{"name_s": "/usr/lib64/gstreamer-0.10/libgstximagesrc.so", "size_i": "33760", "regex": "false"},
	{"name_s": "/usr/lib64/gstreamer-0.10/libgsty4menc.so", "size_i": "13560", "regex": "false"},
	{"name_s": "/usr/share/doc/gstreamer-plugins-good-0.10.23", "size_i": "4096", "regex": "false"},
	{"name_s": "/usr/share/doc/gstreamer-plugins-good-0.10.23/AUTHORS", "size_i": "854", "regex": "false"},
	{"name_s": "/usr/share/doc/gstreamer-plugins-good-0.10.23/COPYING", "size_i": "26432", "regex": "false"},
	{"name_s": "/usr/share/doc/gstreamer-plugins-good-0.10.23/README", "size_i": "9501", "regex": "false"},
	{"name_s": "/usr/share/doc/gstreamer-plugins-good-0.10.23/REQUIREMENTS", "size_i": "3999", "regex": "false"},
	{"name_s": "/usr/share/gstreamer-0.10/presets", "size_i": "4096", "regex": "false"},
	{"name_s": "/usr/share/gstreamer-0.10/presets/GstIirEqualizer10Bands.prs", "size_i": "1457", "regex": "false"},
	{"name_s": "/usr/share/gstreamer-0.10/presets/GstIirEqualizer3Bands.prs", "size_i": "143", "regex": "false"},
	{"name_s": "/usr/share/locale/af/LC_MESSAGES/gst-plugins-good-0.10.mo", "size_i": "1489", "regex": "false"},
	{"name_s": "/usr/share/locale/az/LC_MESSAGES/gst-plugins-good-0.10.mo", "size_i": "1544", "regex": "false"},
	{"name_s": "/usr/share/locale/bg/LC_MESSAGES/gst-plugins-good-0.10.mo", "size_i": "18377", "regex": "false"},
	{"name_s": "/usr/share/locale/ca/LC_MESSAGES/gst-plugins-good-0.10.mo", "size_i": "667", "regex": "false"},
	{"name_s": "/usr/share/locale/cs/LC_MESSAGES/gst-plugins-good-0.10.mo", "size_i": "14775", "regex": "false"},
	{"name_s": "/usr/share/locale/da/LC_MESSAGES/gst-plugins-good-0.10.mo", "size_i": "13529", "regex": "false"},
	{"name_s": "/usr/share/locale/de/LC_MESSAGES/gst-plugins-good-0.10.mo", "size_i": "14677", "regex": "false"},
	{"name_s": "/usr/share/locale/el/LC_MESSAGES/gst-plugins-good-0.10.mo", "size_i": "9489", "regex": "false"},
	{"name_s": "/usr/share/locale/en_GB/LC_MESSAGES/gst-plugins-good-0.10.mo", "size_i": "1461", "regex": "false"},
	{"name_s": "/usr/share/locale/es/LC_MESSAGES/gst-plugins-good-0.10.mo", "size_i": "14575", "regex": "false"},
	{"name_s": "/usr/share/locale/eu/LC_MESSAGES/gst-plugins-good-0.10.mo", "size_i": "14506", "regex": "false"},
	{"name_s": "/usr/share/locale/fi/LC_MESSAGES/gst-plugins-good-0.10.mo", "size_i": "13865", "regex": "false"},
	{"name_s": "/usr/share/locale/fr/LC_MESSAGES/gst-plugins-good-0.10.mo", "size_i": "14580", "regex": "false"},
	{"name_s": "/usr/share/locale/hu/LC_MESSAGES/gst-plugins-good-0.10.mo", "size_i": "14316", "regex": "false"},
	{"name_s": "/usr/share/locale/id/LC_MESSAGES/gst-plugins-good-0.10.mo", "size_i": "13548", "regex": "false"},
	{"name_s": "/usr/share/locale/it/LC_MESSAGES/gst-plugins-good-0.10.mo", "size_i": "14466", "regex": "false"},
	{"name_s": "/usr/share/locale/ja/LC_MESSAGES/gst-plugins-good-0.10.mo", "size_i": "9815", "regex": "false"},
	{"name_s": "/usr/share/locale/lt/LC_MESSAGES/gst-plugins-good-0.10.mo", "size_i": "3144", "regex": "false"},
	{"name_s": "/usr/share/locale/lv/LC_MESSAGES/gst-plugins-good-0.10.mo", "size_i": "14317", "regex": "false"},
	{"name_s": "/usr/share/locale/mt/LC_MESSAGES/gst-plugins-good-0.10.mo", "size_i": "8330", "regex": "false"},
	{"name_s": "/usr/share/locale/nb/LC_MESSAGES/gst-plugins-good-0.10.mo", "size_i": "1899", "regex": "false"},
	{"name_s": "/usr/share/locale/nl/LC_MESSAGES/gst-plugins-good-0.10.mo", "size_i": "13972", "regex": "false"},
	{"name_s": "/usr/share/locale/or/LC_MESSAGES/gst-plugins-good-0.10.mo", "size_i": "2058", "regex": "false"},
	{"name_s": "/usr/share/locale/pl/LC_MESSAGES/gst-plugins-good-0.10.mo", "size_i": "14654", "regex": "false"},
	{"name_s": "/usr/share/locale/pt_BR/LC_MESSAGES/gst-plugins-good-0.10.mo", "size_i": "14614", "regex": "false"},
	{"name_s": "/usr/share/locale/ru/LC_MESSAGES/gst-plugins-good-0.10.mo", "size_i": "11906", "regex": "false"},
	{"name_s": "/usr/share/locale/sk/LC_MESSAGES/gst-plugins-good-0.10.mo", "size_i": "14259", "regex": "false"},
	{"name_s": "/usr/share/locale/sq/LC_MESSAGES/gst-plugins-good-0.10.mo", "size_i": "1521", "regex": "false"},
	{"name_s": "/usr/share/locale/sr/LC_MESSAGES/gst-plugins-good-0.10.mo", "size_i": "1739", "regex": "false"},
	{"name_s": "/usr/share/locale/sv/LC_MESSAGES/gst-plugins-good-0.10.mo", "size_i": "11233", "regex": "false"},
	{"name_s": "/usr/share/locale/tr/LC_MESSAGES/gst-plugins-good-0.10.mo", "size_i": "8282", "regex": "false"},
	{"name_s": "/usr/share/locale/uk/LC_MESSAGES/gst-plugins-good-0.10.mo", "size_i": "7620", "regex": "false"},
	{"name_s": "/usr/share/locale/vi/LC_MESSAGES/gst-plugins-good-0.10.mo", "size_i": "15186", "regex": "false"},
	{"name_s": "/usr/share/locale/zh_CN/LC_MESSAGES/gst-plugins-good-0.10.mo", "size_i": "7822", "regex": "false"},
	{"name_s": "/usr/share/locale/zh_HK/LC_MESSAGES/gst-plugins-good-0.10.mo", "size_i": "4704", "regex": "false"},
	{"name_s": "/usr/share/locale/zh_TW/LC_MESSAGES/gst-plugins-good-0.10.mo", "size_i": "4703", "regex": "false"}
]
