[
	{"name_s": "/usr/include/gtksourceview-2.0", "size_i": "4096", "regex": "false"},
	{"name_s": "/usr/include/gtksourceview-2.0/gtksourceview", "size_i": "4096", "regex": "false"},
	{"name_s": "/usr/include/gtksourceview-2.0/gtksourceview/gtksourcebuffer.h", "size_i": "6368", "regex": "false"},
	{"name_s": "/usr/include/gtksourceview-2.0/gtksourceview/gtksourcegutter.h", "size_i": "4058", "regex": "false"},
	{"name_s": "/usr/include/gtksourceview-2.0/gtksourceview/gtksourceiter.h", "size_i": "1821", "regex": "false"},
	{"name_s": "/usr/include/gtksourceview-2.0/gtksourceview/gtksourcelanguage.h", "size_i": "3085", "regex": "false"},
	{"name_s": "/usr/include/gtksourceview-2.0/gtksourceview/gtksourcelanguagemanager.h", "size_i": "3410", "regex": "false"},
	{"name_s": "/usr/include/gtksourceview-2.0/gtksourceview/gtksourcemark.h", "size_i": "2548", "regex": "false"},
	{"name_s": "/usr/include/gtksourceview-2.0/gtksourceview/gtksourceprintcompositor.h", "size_i": "7895", "regex": "false"},
	{"name_s": "/usr/include/gtksourceview-2.0/gtksourceview/gtksourcestyle.h", "size_i": "1523", "regex": "false"},
	{"name_s": "/usr/include/gtksourceview-2.0/gtksourceview/gtksourcestylescheme.h", "size_i": "4151", "regex": "false"},
	{"name_s": "/usr/include/gtksourceview-2.0/gtksourceview/gtksourcestyleschememanager.h", "size_i": "3765", "regex": "false"},
	{"name_s": "/usr/include/gtksourceview-2.0/gtksourceview/gtksourceview-typebuiltins.h", "size_i": "931", "regex": "false"},
	{"name_s": "/usr/include/gtksourceview-2.0/gtksourceview/gtksourceview.h", "size_i": "9399", "regex": "false"},
	{"name_s": "/usr/lib/libgtksourceview-2.0.so", "size_i": "29", "regex": "false"},
	{"name_s": "/usr/lib/pkgconfig/gtksourceview-2.0.pc", "size_i": "296", "regex": "false"},
	{"name_s": "/usr/share/gtk-doc/html/gtksourceview-2.0", "size_i": "4096", "regex": "false"},
	{"name_s": "/usr/share/gtk-doc/html/gtksourceview-2.0/GtkSourceBuffer.html", "size_i": "66670", "regex": "false"},
	{"name_s": "/usr/share/gtk-doc/html/gtksourceview-2.0/GtkSourceGutter.html", "size_i": "30925", "regex": "false"},
	{"name_s": "/usr/share/gtk-doc/html/gtksourceview-2.0/GtkSourceLanguage.html", "size_i": "24100", "regex": "false"},
	{"name_s": "/usr/share/gtk-doc/html/gtksourceview-2.0/GtkSourceLanguageManager.html", "size_i": "24834", "regex": "false"},
	{"name_s": "/usr/share/gtk-doc/html/gtksourceview-2.0/GtkSourceMark.html", "size_i": "15406", "regex": "false"},
	{"name_s": "/usr/share/gtk-doc/html/gtksourceview-2.0/GtkSourcePrintCompositor.html", "size_i": "108331", "regex": "false"},
	{"name_s": "/usr/share/gtk-doc/html/gtksourceview-2.0/GtkSourceStyle.html", "size_i": "15417", "regex": "false"},
	{"name_s": "/usr/share/gtk-doc/html/gtksourceview-2.0/GtkSourceStyleScheme.html", "size_i": "24414", "regex": "false"},
	{"name_s": "/usr/share/gtk-doc/html/gtksourceview-2.0/GtkSourceStyleSchemeManager.html", "size_i": "23764", "regex": "false"},
	{"name_s": "/usr/share/gtk-doc/html/gtksourceview-2.0/GtkSourceView.html", "size_i": "99995", "regex": "false"},
	{"name_s": "/usr/share/gtk-doc/html/gtksourceview-2.0/gtksourceview-2.0-Searching-in-a-GtkSourceBuffer.html", "size_i": "11950", "regex": "false"},
	{"name_s": "/usr/share/gtk-doc/html/gtksourceview-2.0/gtksourceview-2.0.devhelp", "size_i": "31660", "regex": "false"},
	{"name_s": "/usr/share/gtk-doc/html/gtksourceview-2.0/gtksourceview-2.0.devhelp2", "size_i": "37317", "regex": "false"},
	{"name_s": "/usr/share/gtk-doc/html/gtksourceview-2.0/home.png", "size_i": "654", "regex": "false"},
	{"name_s": "/usr/share/gtk-doc/html/gtksourceview-2.0/index.html", "size_i": "4463", "regex": "false"},
	{"name_s": "/usr/share/gtk-doc/html/gtksourceview-2.0/index.sgml", "size_i": "42206", "regex": "false"},
	{"name_s": "/usr/share/gtk-doc/html/gtksourceview-2.0/lang-reference.html", "size_i": "28508", "regex": "false"},
	{"name_s": "/usr/share/gtk-doc/html/gtksourceview-2.0/lang-tutorial.html", "size_i": "26819", "regex": "false"},
	{"name_s": "/usr/share/gtk-doc/html/gtksourceview-2.0/left.png", "size_i": "459", "regex": "false"},
	{"name_s": "/usr/share/gtk-doc/html/gtksourceview-2.0/right.png", "size_i": "472", "regex": "false"},
	{"name_s": "/usr/share/gtk-doc/html/gtksourceview-2.0/rn01.html", "size_i": "4382", "regex": "false"},
	{"name_s": "/usr/share/gtk-doc/html/gtksourceview-2.0/rn02.html", "size_i": "2317", "regex": "false"},
	{"name_s": "/usr/share/gtk-doc/html/gtksourceview-2.0/style.css", "size_i": "4882", "regex": "false"},
	{"name_s": "/usr/share/gtk-doc/html/gtksourceview-2.0/up.png", "size_i": "406", "regex": "false"}
]
