[
	{"name_s": "/usr/share/gtk-doc/html/gupnp", "size_i": "4096", "regex": "false"},
	{"name_s": "/usr/share/gtk-doc/html/gupnp/GUPnPContext.html", "size_i": "24098", "regex": "false"},
	{"name_s": "/usr/share/gtk-doc/html/gupnp/GUPnPContextManager.html", "size_i": "18784", "regex": "false"},
	{"name_s": "/usr/share/gtk-doc/html/gupnp/GUPnPControlPoint.html", "size_i": "26425", "regex": "false"},
	{"name_s": "/usr/share/gtk-doc/html/gupnp/GUPnPDevice.html", "size_i": "6069", "regex": "false"},
	{"name_s": "/usr/share/gtk-doc/html/gupnp/GUPnPDeviceInfo.html", "size_i": "57034", "regex": "false"},
	{"name_s": "/usr/share/gtk-doc/html/gupnp/GUPnPDeviceProxy.html", "size_i": "4957", "regex": "false"},
	{"name_s": "/usr/share/gtk-doc/html/gupnp/GUPnPResourceFactory.html", "size_i": "18085", "regex": "false"},
	{"name_s": "/usr/share/gtk-doc/html/gupnp/GUPnPRootDevice.html", "size_i": "21912", "regex": "false"},
	{"name_s": "/usr/share/gtk-doc/html/gupnp/GUPnPService.html", "size_i": "43340", "regex": "false"},
	{"name_s": "/usr/share/gtk-doc/html/gupnp/GUPnPServiceInfo.html", "size_i": "31061", "regex": "false"},
	{"name_s": "/usr/share/gtk-doc/html/gupnp/GUPnPServiceIntrospection.html", "size_i": "27637", "regex": "false"},
	{"name_s": "/usr/share/gtk-doc/html/gupnp/GUPnPServiceProxy.html", "size_i": "60238", "regex": "false"},
	{"name_s": "/usr/share/gtk-doc/html/gupnp/GUPnPXMLDoc.html", "size_i": "7462", "regex": "false"},
	{"name_s": "/usr/share/gtk-doc/html/gupnp/api-device-control.html", "size_i": "3262", "regex": "false"},
	{"name_s": "/usr/share/gtk-doc/html/gupnp/api-device-impl.html", "size_i": "3227", "regex": "false"},
	{"name_s": "/usr/share/gtk-doc/html/gupnp/api-device-info.html", "size_i": "3269", "regex": "false"},
	{"name_s": "/usr/share/gtk-doc/html/gupnp/api-tools.html", "size_i": "2902", "regex": "false"},
	{"name_s": "/usr/share/gtk-doc/html/gupnp/api-utility.html", "size_i": "3843", "regex": "false"},
	{"name_s": "/usr/share/gtk-doc/html/gupnp/api.html", "size_i": "6089", "regex": "false"},
	{"name_s": "/usr/share/gtk-doc/html/gupnp/client-tutorial.html", "size_i": "11982", "regex": "false"},
	{"name_s": "/usr/share/gtk-doc/html/gupnp/glossary.html", "size_i": "8502", "regex": "false"},
	{"name_s": "/usr/share/gtk-doc/html/gupnp/gupnp-Error-codes.html", "size_i": "14445", "regex": "false"},
	{"name_s": "/usr/share/gtk-doc/html/gupnp/gupnp-Special-UPnP-types.html", "size_i": "7772", "regex": "false"},
	{"name_s": "/usr/share/gtk-doc/html/gupnp/gupnp-binding-tool.html", "size_i": "9797", "regex": "false"},
	{"name_s": "/usr/share/gtk-doc/html/gupnp/gupnp.devhelp", "size_i": "24107", "regex": "false"},
	{"name_s": "/usr/share/gtk-doc/html/gupnp/gupnp.devhelp2", "size_i": "29479", "regex": "false"},
	{"name_s": "/usr/share/gtk-doc/html/gupnp/home.png", "size_i": "654", "regex": "false"},
	{"name_s": "/usr/share/gtk-doc/html/gupnp/index.html", "size_i": "7572", "regex": "false"},
	{"name_s": "/usr/share/gtk-doc/html/gupnp/index.sgml", "size_i": "31055", "regex": "false"},
	{"name_s": "/usr/share/gtk-doc/html/gupnp/ix01.html", "size_i": "31794", "regex": "false"},
	{"name_s": "/usr/share/gtk-doc/html/gupnp/left.png", "size_i": "459", "regex": "false"},
	{"name_s": "/usr/share/gtk-doc/html/gupnp/overview.html", "size_i": "4389", "regex": "false"},
	{"name_s": "/usr/share/gtk-doc/html/gupnp/right.png", "size_i": "472", "regex": "false"},
	{"name_s": "/usr/share/gtk-doc/html/gupnp/schemas-device.html", "size_i": "4316", "regex": "false"},
	{"name_s": "/usr/share/gtk-doc/html/gupnp/schemas-service.html", "size_i": "4426", "regex": "false"},
	{"name_s": "/usr/share/gtk-doc/html/gupnp/schemas.html", "size_i": "2871", "regex": "false"},
	{"name_s": "/usr/share/gtk-doc/html/gupnp/server-tutorial.html", "size_i": "25278", "regex": "false"},
	{"name_s": "/usr/share/gtk-doc/html/gupnp/style.css", "size_i": "2433", "regex": "false"},
	{"name_s": "/usr/share/gtk-doc/html/gupnp/tutorial.html", "size_i": "2895", "regex": "false"},
	{"name_s": "/usr/share/gtk-doc/html/gupnp/up.png", "size_i": "406", "regex": "false"}
]
