[
	{"name_s": "/usr/bin/hpcups-update-ppds", "size_i": "3408", "regex": "false"},
	{"name_s": "/usr/bin/hpijs", "size_i": "569608", "regex": "false"},
	{"name_s": "/usr/lib/cups/filter/hpcac", "size_i": "12777", "regex": "false"},
	{"name_s": "/usr/lib/cups/filter/hpcups", "size_i": "380448", "regex": "false"},
	{"name_s": "/usr/lib/cups/filter/hpcupsfax", "size_i": "23496", "regex": "false"},
	{"name_s": "/usr/lib/cups/filter/hplipjs", "size_i": "8064", "regex": "false"},
	{"name_s": "/usr/share/cups/drv/hp", "size_i": "4096", "regex": "false"},
	{"name_s": "/usr/share/cups/drv/hp/hpcups.drv", "size_i": "1062639", "regex": "false"},
	{"name_s": "/usr/share/ppd/HP", "size_i": "16384", "regex": "false"},
	{"name_s": "/usr/share/ppd/HP/HP-Fax-hpcups.ppd.gz", "size_i": "980", "regex": "false"},
	{"name_s": "/usr/share/ppd/HP/HP-Fax-hpijs.ppd.gz", "size_i": "1932", "regex": "false"},
	{"name_s": "/usr/share/ppd/HP/HP-Fax2-hpcups.ppd.gz", "size_i": "988", "regex": "false"},
	{"name_s": "/usr/share/ppd/HP/HP-Fax2-hpijs.ppd.gz", "size_i": "1935", "regex": "false"},
	{"name_s": "/usr/share/ppd/HP/HP-Fax3-hpcups.ppd.gz", "size_i": "933", "regex": "false"},
	{"name_s": "/usr/share/ppd/HP/HP-Fax3-hpijs.ppd.gz", "size_i": "1914", "regex": "false"},
	{"name_s": "/usr/share/ppd/HP/HP-Fax4-hpcups.ppd.gz", "size_i": "946", "regex": "false"},
	{"name_s": "/usr/share/ppd/HP/HP-Fax4-hpijs.ppd.gz", "size_i": "1897", "regex": "false"},
	{"name_s": "/usr/share/ppd/HP/hp-business_inkjet_2250-ps.ppd.gz", "size_i": "11124", "regex": "false"},
	{"name_s": "/usr/share/ppd/HP/hp-business_inkjet_2280-ps.ppd.gz", "size_i": "13392", "regex": "false"},
	{"name_s": "/usr/share/ppd/HP/hp-business_inkjet_2300-ps.ppd.gz", "size_i": "27751", "regex": "false"},
	{"name_s": "/usr/share/ppd/HP/hp-business_inkjet_2600-ps.ppd.gz", "size_i": "14950", "regex": "false"},
	{"name_s": "/usr/share/ppd/HP/hp-business_inkjet_2800-ps.ppd.gz", "size_i": "28845", "regex": "false"},
	{"name_s": "/usr/share/ppd/HP/hp-business_inkjet_3000-ps.ppd.gz", "size_i": "14409", "regex": "false"},
	{"name_s": "/usr/share/ppd/HP/hp-cm8050_mfp_with_edgeline-ps.ppd.gz", "size_i": "49905", "regex": "false"},
	{"name_s": "/usr/share/ppd/HP/hp-cm8060_mfp_with_edgeline-ps.ppd.gz", "size_i": "49905", "regex": "false"},
	{"name_s": "/usr/share/ppd/HP/hp-color_laserjet-ps.ppd.gz", "size_i": "13363", "regex": "false"},
	{"name_s": "/usr/share/ppd/HP/hp-color_laserjet_2500-ps.ppd.gz", "size_i": "24024", "regex": "false"},
	{"name_s": "/usr/share/ppd/HP/hp-color_laserjet_2500_series-ps.ppd.gz", "size_i": "24024", "regex": "false"},
	{"name_s": "/usr/share/ppd/HP/hp-color_laserjet_2550_series-ps.ppd.gz", "size_i": "26428", "regex": "false"},
	{"name_s": "/usr/share/ppd/HP/hp-color_laserjet_2605-ps.ppd.gz", "size_i": "36518", "regex": "false"},
	{"name_s": "/usr/share/ppd/HP/hp-color_laserjet_2605dn-ps.ppd.gz", "size_i": "36525", "regex": "false"},
	{"name_s": "/usr/share/ppd/HP/hp-color_laserjet_2605dtn-ps.ppd.gz", "size_i": "36521", "regex": "false"},
	{"name_s": "/usr/share/ppd/HP/hp-color_laserjet_2700-ps.ppd.gz", "size_i": "34313", "regex": "false"},
	{"name_s": "/usr/share/ppd/HP/hp-color_laserjet_2700n-ps.ppd.gz", "size_i": "34314", "regex": "false"},
	{"name_s": "/usr/share/ppd/HP/hp-color_laserjet_2800-ps.ppd.gz", "size_i": "16272", "regex": "false"},
	{"name_s": "/usr/share/ppd/HP/hp-color_laserjet_2820-ps.ppd.gz", "size_i": "16272", "regex": "false"},
	{"name_s": "/usr/share/ppd/HP/hp-color_laserjet_2830-ps.ppd.gz", "size_i": "16272", "regex": "false"},
	{"name_s": "/usr/share/ppd/HP/hp-color_laserjet_2840-ps.ppd.gz", "size_i": "16313", "regex": "false"},
	{"name_s": "/usr/share/ppd/HP/hp-color_laserjet_3000-ps.ppd.gz", "size_i": "40486", "regex": "false"},
	{"name_s": "/usr/share/ppd/HP/hp-color_laserjet_3700-ps.ppd.gz", "size_i": "31259", "regex": "false"},
	{"name_s": "/usr/share/ppd/HP/hp-color_laserjet_3700n-ps.ppd.gz", "size_i": "31259", "regex": "false"},
	{"name_s": "/usr/share/ppd/HP/hp-color_laserjet_3800-ps.ppd.gz", "size_i": "41688", "regex": "false"},
	{"name_s": "/usr/share/ppd/HP/hp-color_laserjet_4500-ps.ppd.gz", "size_i": "25320", "regex": "false"},
	{"name_s": "/usr/share/ppd/HP/hp-color_laserjet_4550-ps.ppd.gz", "size_i": "29926", "regex": "false"},
	{"name_s": "/usr/share/ppd/HP/hp-color_laserjet_4600-ps.ppd.gz", "size_i": "35664", "regex": "false"},
	{"name_s": "/usr/share/ppd/HP/hp-color_laserjet_4600_series-ps.ppd.gz", "size_i": "35664", "regex": "false"},
	{"name_s": "/usr/share/ppd/HP/hp-color_laserjet_4610-ps.ppd.gz", "size_i": "8688", "regex": "false"},
	{"name_s": "/usr/share/ppd/HP/hp-color_laserjet_4650-ps.ppd.gz", "size_i": "35634", "regex": "false"},
	{"name_s": "/usr/share/ppd/HP/hp-color_laserjet_4700-ps.ppd.gz", "size_i": "44175", "regex": "false"},
	{"name_s": "/usr/share/ppd/HP/hp-color_laserjet_4730mfp-ps.ppd.gz", "size_i": "41293", "regex": "false"},
	{"name_s": "/usr/share/ppd/HP/hp-color_laserjet_5500-ps.ppd.gz", "size_i": "35559", "regex": "false"},
	{"name_s": "/usr/share/ppd/HP/hp-color_laserjet_5550-ps.ppd.gz", "size_i": "40044", "regex": "false"},
	{"name_s": "/usr/share/ppd/HP/hp-color_laserjet_5m-ps.ppd.gz", "size_i": "13713", "regex": "false"},
	{"name_s": "/usr/share/ppd/HP/hp-color_laserjet_8500-ps.ppd.gz", "size_i": "21160", "regex": "false"},
	{"name_s": "/usr/share/ppd/HP/hp-color_laserjet_8550-ps.ppd.gz", "size_i": "31373", "regex": "false"},
	{"name_s": "/usr/share/ppd/HP/hp-color_laserjet_9500-ps.ppd.gz", "size_i": "41590", "regex": "false"},
	{"name_s": "/usr/share/ppd/HP/hp-color_laserjet_9500_mfp-ps.ppd.gz", "size_i": "46286", "regex": "false"},
	{"name_s": "/usr/share/ppd/HP/hp-color_laserjet_cm1015-ps.ppd.gz", "size_i": "33078", "regex": "false"},
	{"name_s": "/usr/share/ppd/HP/hp-color_laserjet_cm1017-ps.ppd.gz", "size_i": "33078", "regex": "false"},
	{"name_s": "/usr/share/ppd/HP/hp-color_laserjet_cm1312_mfp-ps.ppd.gz", "size_i": "41340", "regex": "false"},
	{"name_s": "/usr/share/ppd/HP/hp-color_laserjet_cm1312nfi_mfp-ps.ppd.gz", "size_i": "41343", "regex": "false"},
	{"name_s": "/usr/share/ppd/HP/hp-color_laserjet_cm2320_mfp-ps.ppd.gz", "size_i": "43378", "regex": "false"},
	{"name_s": "/usr/share/ppd/HP/hp-color_laserjet_cm2320fxi_mfp-ps.ppd.gz", "size_i": "43381", "regex": "false"},
	{"name_s": "/usr/share/ppd/HP/hp-color_laserjet_cm2320n_mfp-ps.ppd.gz", "size_i": "43379", "regex": "false"},
	{"name_s": "/usr/share/ppd/HP/hp-color_laserjet_cm2320nf_mfp-ps.ppd.gz", "size_i": "43380", "regex": "false"},
	{"name_s": "/usr/share/ppd/HP/hp-color_laserjet_cm3530_mfp-ps.ppd.gz", "size_i": "45101", "regex": "false"},
	{"name_s": "/usr/share/ppd/HP/hp-color_laserjet_cm4540_mfp-ps.ppd.gz", "size_i": "42125", "regex": "false"},
	{"name_s": "/usr/share/ppd/HP/hp-color_laserjet_cm4730_mfp-ps.ppd.gz", "size_i": "44202", "regex": "false"},
	{"name_s": "/usr/share/ppd/HP/hp-color_laserjet_cm6030_mfp-ps.ppd.gz", "size_i": "58246", "regex": "false"},
	{"name_s": "/usr/share/ppd/HP/hp-color_laserjet_cm6040_mfp-ps.ppd.gz", "size_i": "58205", "regex": "false"},
	{"name_s": "/usr/share/ppd/HP/hp-color_laserjet_cm6049_mfp-ps.ppd.gz", "size_i": "58226", "regex": "false"},
	{"name_s": "/usr/share/ppd/HP/hp-color_laserjet_cp1514n-ps.ppd.gz", "size_i": "39039", "regex": "false"},
	{"name_s": "/usr/share/ppd/HP/hp-color_laserjet_cp1515n-ps.ppd.gz", "size_i": "39039", "regex": "false"},
	{"name_s": "/usr/share/ppd/HP/hp-color_laserjet_cp1518ni-ps.ppd.gz", "size_i": "39040", "regex": "false"},
	{"name_s": "/usr/share/ppd/HP/hp-color_laserjet_cp2025-ps.ppd.gz", "size_i": "37929", "regex": "false"},
	{"name_s": "/usr/share/ppd/HP/hp-color_laserjet_cp2025dn-ps.ppd.gz", "size_i": "40127", "regex": "false"},
	{"name_s": "/usr/share/ppd/HP/hp-color_laserjet_cp2025n-ps.ppd.gz", "size_i": "37930", "regex": "false"},
	{"name_s": "/usr/share/ppd/HP/hp-color_laserjet_cp2025x-ps.ppd.gz", "size_i": "37930", "regex": "false"},
	{"name_s": "/usr/share/ppd/HP/hp-color_laserjet_cp3505-ps.ppd.gz", "size_i": "42905", "regex": "false"},
	{"name_s": "/usr/share/ppd/HP/hp-color_laserjet_cp3525-ps.ppd.gz", "size_i": "53164", "regex": "false"},
	{"name_s": "/usr/share/ppd/HP/hp-color_laserjet_cp4005-ps.ppd.gz", "size_i": "39461", "regex": "false"},
	{"name_s": "/usr/share/ppd/HP/hp-color_laserjet_cp4020_series-ps.ppd.gz", "size_i": "53308", "regex": "false"},
	{"name_s": "/usr/share/ppd/HP/hp-color_laserjet_cp4520_series-ps.ppd.gz", "size_i": "53308", "regex": "false"},
	{"name_s": "/usr/share/ppd/HP/hp-color_laserjet_cp5225-ps.ppd.gz", "size_i": "42145", "regex": "false"},
	{"name_s": "/usr/share/ppd/HP/hp-color_laserjet_cp5225dn-ps.ppd.gz", "size_i": "43926", "regex": "false"},
	{"name_s": "/usr/share/ppd/HP/hp-color_laserjet_cp5225n-ps.ppd.gz", "size_i": "42203", "regex": "false"},
	{"name_s": "/usr/share/ppd/HP/hp-color_laserjet_cp5520_series-ps.ppd.gz", "size_i": "39970", "regex": "false"},
	{"name_s": "/usr/share/ppd/HP/hp-color_laserjet_cp6015-ps.ppd.gz", "size_i": "63925", "regex": "false"},
	{"name_s": "/usr/share/ppd/HP/hp-designjet_4000ps.ppd.gz", "size_i": "12140", "regex": "false"},
	{"name_s": "/usr/share/ppd/HP/hp-designjet_4020ps-ps.ppd.gz", "size_i": "12149", "regex": "false"},
	{"name_s": "/usr/share/ppd/HP/hp-designjet_4500mfp.ppd.gz", "size_i": "11833", "regex": "false"},
	{"name_s": "/usr/share/ppd/HP/hp-designjet_4500ps.ppd.gz", "size_i": "11831", "regex": "false"},
	{"name_s": "/usr/share/ppd/HP/hp-designjet_4520mfp-ps.ppd.gz", "size_i": "11758", "regex": "false"},
	{"name_s": "/usr/share/ppd/HP/hp-designjet_4520ps-ps.ppd.gz", "size_i": "11757", "regex": "false"},
	{"name_s": "/usr/share/ppd/HP/hp-designjet_t1100ps_24in-ps.ppd.gz", "size_i": "11819", "regex": "false"},
	{"name_s": "/usr/share/ppd/HP/hp-designjet_t1100ps_44in-ps.ppd.gz", "size_i": "13268", "regex": "false"},
	{"name_s": "/usr/share/ppd/HP/hp-designjet_t1120ps_24in-ps.ppd.gz", "size_i": "11817", "regex": "false"},
	{"name_s": "/usr/share/ppd/HP/hp-designjet_t1120ps_44in-ps.ppd.gz", "size_i": "13267", "regex": "false"},
	{"name_s": "/usr/share/ppd/HP/hp-designjet_t1200_postscript-ps.ppd.gz", "size_i": "13317", "regex": "false"},
	{"name_s": "/usr/share/ppd/HP/hp-designjet_t1300_postscript-ps.ppd.gz", "size_i": "13500", "regex": "false"},
	{"name_s": "/usr/share/ppd/HP/hp-designjet_t2300_postscript-ps.ppd.gz", "size_i": "13455", "regex": "false"},
	{"name_s": "/usr/share/ppd/HP/hp-designjet_t7100ps-ps.ppd.gz", "size_i": "13226", "regex": "false"},
	{"name_s": "/usr/share/ppd/HP/hp-designjet_t7100ps_monochrome-ps.ppd.gz", "size_i": "11228", "regex": "false"},
	{"name_s": "/usr/share/ppd/HP/hp-designjet_t770_postscript-ps.ppd.gz", "size_i": "12420", "regex": "false"},
	{"name_s": "/usr/share/ppd/HP/hp-designjet_t770ps_24in-ps.ppd.gz", "size_i": "10975", "regex": "false"},
	{"name_s": "/usr/share/ppd/HP/hp-designjet_t790ps_24in-ps.ppd.gz", "size_i": "11204", "regex": "false"},
	{"name_s": "/usr/share/ppd/HP/hp-designjet_t790ps_44in-ps.ppd.gz", "size_i": "12642", "regex": "false"},
	{"name_s": "/usr/share/ppd/HP/hp-designjet_z6100ps_42in_photo-ps.ppd.gz", "size_i": "11872", "regex": "false"},
	{"name_s": "/usr/share/ppd/HP/hp-designjet_z6100ps_60in_photo-ps.ppd.gz", "size_i": "11852", "regex": "false"},
	{"name_s": "/usr/share/ppd/HP/hp-designjet_z6200_42in_photo-ps.ppd.gz", "size_i": "12177", "regex": "false"},
	{"name_s": "/usr/share/ppd/HP/hp-designjet_z6200_60in_photo-ps.ppd.gz", "size_i": "12176", "regex": "false"},
	{"name_s": "/usr/share/ppd/HP/hp-laserjet_100_color_mfp_m175-ps.ppd.gz", "size_i": "37182", "regex": "false"},
	{"name_s": "/usr/share/ppd/HP/hp-laserjet_1200-ps.ppd.gz", "size_i": "19306", "regex": "false"},
	{"name_s": "/usr/share/ppd/HP/hp-laserjet_1200n-ps.ppd.gz", "size_i": "19306", "regex": "false"},
	{"name_s": "/usr/share/ppd/HP/hp-laserjet_1220-ps.ppd.gz", "size_i": "15088", "regex": "false"},
	{"name_s": "/usr/share/ppd/HP/hp-laserjet_1220se-ps.ppd.gz", "size_i": "15090", "regex": "false"},
	{"name_s": "/usr/share/ppd/HP/hp-laserjet_1300-ps.ppd.gz", "size_i": "20412", "regex": "false"},
	{"name_s": "/usr/share/ppd/HP/hp-laserjet_1300n-ps.ppd.gz", "size_i": "20412", "regex": "false"},
	{"name_s": "/usr/share/ppd/HP/hp-laserjet_1300xi-ps.ppd.gz", "size_i": "20412", "regex": "false"},
	{"name_s": "/usr/share/ppd/HP/hp-laserjet_1320-ps.ppd.gz", "size_i": "27414", "regex": "false"},
	{"name_s": "/usr/share/ppd/HP/hp-laserjet_1320_series-ps.ppd.gz", "size_i": "27414", "regex": "false"},
	{"name_s": "/usr/share/ppd/HP/hp-laserjet_1320n-ps.ppd.gz", "size_i": "27414", "regex": "false"},
	{"name_s": "/usr/share/ppd/HP/hp-laserjet_1320nw-ps.ppd.gz", "size_i": "27414", "regex": "false"},
	{"name_s": "/usr/share/ppd/HP/hp-laserjet_1320tn-ps.ppd.gz", "size_i": "27414", "regex": "false"},
	{"name_s": "/usr/share/ppd/HP/hp-laserjet_200_colormfp_m275-ps.ppd.gz", "size_i": "35828", "regex": "false"},
	{"name_s": "/usr/share/ppd/HP/hp-laserjet_2100-ps.ppd.gz", "size_i": "19079", "regex": "false"},
	{"name_s": "/usr/share/ppd/HP/hp-laserjet_2100_series-ps.ppd.gz", "size_i": "19079", "regex": "false"},
	{"name_s": "/usr/share/ppd/HP/hp-laserjet_2200-ps.ppd.gz", "size_i": "25614", "regex": "false"},
	{"name_s": "/usr/share/ppd/HP/hp-laserjet_2200_series-ps.ppd.gz", "size_i": "25621", "regex": "false"},
	{"name_s": "/usr/share/ppd/HP/hp-laserjet_2300-ps.ppd.gz", "size_i": "28197", "regex": "false"},
	{"name_s": "/usr/share/ppd/HP/hp-laserjet_2300_series-ps.ppd.gz", "size_i": "28197", "regex": "false"},
	{"name_s": "/usr/share/ppd/HP/hp-laserjet_2410-ps.ppd.gz", "size_i": "29862", "regex": "false"},
	{"name_s": "/usr/share/ppd/HP/hp-laserjet_2420-ps.ppd.gz", "size_i": "31979", "regex": "false"},
	{"name_s": "/usr/share/ppd/HP/hp-laserjet_2430-ps.ppd.gz", "size_i": "32989", "regex": "false"},
	{"name_s": "/usr/share/ppd/HP/hp-laserjet_3015-ps.ppd.gz", "size_i": "11489", "regex": "false"},
	{"name_s": "/usr/share/ppd/HP/hp-laserjet_3020-ps.ppd.gz", "size_i": "14707", "regex": "false"},
	{"name_s": "/usr/share/ppd/HP/hp-laserjet_3030-ps.ppd.gz", "size_i": "14707", "regex": "false"},
	{"name_s": "/usr/share/ppd/HP/hp-laserjet_3050-ps.ppd.gz", "size_i": "28540", "regex": "false"},
	{"name_s": "/usr/share/ppd/HP/hp-laserjet_3052-ps.ppd.gz", "size_i": "28552", "regex": "false"},
	{"name_s": "/usr/share/ppd/HP/hp-laserjet_3200m-ps.ppd.gz", "size_i": "15048", "regex": "false"},
	{"name_s": "/usr/share/ppd/HP/hp-laserjet_3300_3310_3320-ps.ppd.gz", "size_i": "19360", "regex": "false"},
	{"name_s": "/usr/share/ppd/HP/hp-laserjet_3380-ps.ppd.gz", "size_i": "19600", "regex": "false"},
	{"name_s": "/usr/share/ppd/HP/hp-laserjet_3390-ps.ppd.gz", "size_i": "32629", "regex": "false"},
	{"name_s": "/usr/share/ppd/HP/hp-laserjet_4-ps.ppd.gz", "size_i": "3326", "regex": "false"},
	{"name_s": "/usr/share/ppd/HP/hp-laserjet_4000_series-ps.ppd.gz", "size_i": "28615", "regex": "false"},
	{"name_s": "/usr/share/ppd/HP/hp-laserjet_4050_series-ps.ppd.gz", "size_i": "30818", "regex": "false"},
	{"name_s": "/usr/share/ppd/HP/hp-laserjet_4100_mfp-ps.ppd.gz", "size_i": "32181", "regex": "false"},
	{"name_s": "/usr/share/ppd/HP/hp-laserjet_4100_series-ps.ppd.gz", "size_i": "32429", "regex": "false"},
	{"name_s": "/usr/share/ppd/HP/hp-laserjet_4200-ps.ppd.gz", "size_i": "37000", "regex": "false"},
	{"name_s": "/usr/share/ppd/HP/hp-laserjet_4240-ps.ppd.gz", "size_i": "40869", "regex": "false"},
	{"name_s": "/usr/share/ppd/HP/hp-laserjet_4250-ps.ppd.gz", "size_i": "40593", "regex": "false"},
	{"name_s": "/usr/share/ppd/HP/hp-laserjet_4300-ps.ppd.gz", "size_i": "36993", "regex": "false"},
	{"name_s": "/usr/share/ppd/HP/hp-laserjet_4345_mfp-ps.ppd.gz", "size_i": "38444", "regex": "false"},
	{"name_s": "/usr/share/ppd/HP/hp-laserjet_4350-ps.ppd.gz", "size_i": "40639", "regex": "false"},
	{"name_s": "/usr/share/ppd/HP/hp-laserjet_4_plus-ps.ppd.gz", "size_i": "7753", "regex": "false"},
	{"name_s": "/usr/share/ppd/HP/hp-laserjet_4ml-ps.ppd.gz", "size_i": "6339", "regex": "false"},
	{"name_s": "/usr/share/ppd/HP/hp-laserjet_4mp-ps.ppd.gz", "size_i": "6148", "regex": "false"},
	{"name_s": "/usr/share/ppd/HP/hp-laserjet_4si-ps.ppd.gz", "size_i": "12284", "regex": "false"},
	{"name_s": "/usr/share/ppd/HP/hp-laserjet_4v-ps.ppd.gz", "size_i": "16705", "regex": "false"},
	{"name_s": "/usr/share/ppd/HP/hp-laserjet_5000-ps.ppd.gz", "size_i": "33183", "regex": "false"},
	{"name_s": "/usr/share/ppd/HP/hp-laserjet_5000_series-ps.ppd.gz", "size_i": "33190", "regex": "false"},
	{"name_s": "/usr/share/ppd/HP/hp-laserjet_500_color_m551-ps.ppd.gz", "size_i": "34414", "regex": "false"},
	{"name_s": "/usr/share/ppd/HP/hp-laserjet_5100_series-ps.ppd.gz", "size_i": "37650", "regex": "false"},
	{"name_s": "/usr/share/ppd/HP/hp-laserjet_5200-ps.ppd.gz", "size_i": "43679", "regex": "false"},
	{"name_s": "/usr/share/ppd/HP/hp-laserjet_5200l-ps.ppd.gz", "size_i": "18828", "regex": "false"},
	{"name_s": "/usr/share/ppd/HP/hp-laserjet_5200lx-ps.ppd.gz", "size_i": "39816", "regex": "false"},
	{"name_s": "/usr/share/ppd/HP/hp-laserjet_5mp-ps.ppd.gz", "size_i": "12329", "regex": "false"},
	{"name_s": "/usr/share/ppd/HP/hp-laserjet_5p-ps.ppd.gz", "size_i": "12328", "regex": "false"},
	{"name_s": "/usr/share/ppd/HP/hp-laserjet_5si-ps.ppd.gz", "size_i": "25693", "regex": "false"},
	{"name_s": "/usr/share/ppd/HP/hp-laserjet_5si_mopier-ps.ppd.gz", "size_i": "25542", "regex": "false"},
	{"name_s": "/usr/share/ppd/HP/hp-laserjet_600_m601_m602_m603-ps.ppd.gz", "size_i": "36638", "regex": "false"},
	{"name_s": "/usr/share/ppd/HP/hp-laserjet_6mp-ps.ppd.gz", "size_i": "13726", "regex": "false"},
	{"name_s": "/usr/share/ppd/HP/hp-laserjet_6p-ps.ppd.gz", "size_i": "13725", "regex": "false"},
	{"name_s": "/usr/share/ppd/HP/hp-laserjet_8000-ps.ppd.gz", "size_i": "42228", "regex": "false"},
	{"name_s": "/usr/share/ppd/HP/hp-laserjet_8000_series-ps.ppd.gz", "size_i": "42228", "regex": "false"},
	{"name_s": "/usr/share/ppd/HP/hp-laserjet_8100_mfp-ps.ppd.gz", "size_i": "42231", "regex": "false"},
	{"name_s": "/usr/share/ppd/HP/hp-laserjet_8100_series-ps.ppd.gz", "size_i": "42234", "regex": "false"},
	{"name_s": "/usr/share/ppd/HP/hp-laserjet_8150_mfp-ps.ppd.gz", "size_i": "41901", "regex": "false"},
	{"name_s": "/usr/share/ppd/HP/hp-laserjet_9000_mfp-ps.ppd.gz", "size_i": "37215", "regex": "false"},
	{"name_s": "/usr/share/ppd/HP/hp-laserjet_9000_series-ps.ppd.gz", "size_i": "39575", "regex": "false"},
	{"name_s": "/usr/share/ppd/HP/hp-laserjet_9040-ps.ppd.gz", "size_i": "45357", "regex": "false"},
	{"name_s": "/usr/share/ppd/HP/hp-laserjet_9040_mfp-ps.ppd.gz", "size_i": "45116", "regex": "false"},
	{"name_s": "/usr/share/ppd/HP/hp-laserjet_9050-ps.ppd.gz", "size_i": "45360", "regex": "false"},
	{"name_s": "/usr/share/ppd/HP/hp-laserjet_9050_mfp-ps.ppd.gz", "size_i": "45116", "regex": "false"},
	{"name_s": "/usr/share/ppd/HP/hp-laserjet_9055mfp-ps.ppd.gz", "size_i": "48426", "regex": "false"},
	{"name_s": "/usr/share/ppd/HP/hp-laserjet_9065mfp-ps.ppd.gz", "size_i": "48426", "regex": "false"},
	{"name_s": "/usr/share/ppd/HP/hp-laserjet_cm1410_series-ps.ppd.gz", "size_i": "37738", "regex": "false"},
	{"name_s": "/usr/share/ppd/HP/hp-laserjet_cp1520_series-ps.ppd.gz", "size_i": "38796", "regex": "false"},
	{"name_s": "/usr/share/ppd/HP/hp-laserjet_m1522_mfp-ps.ppd.gz", "size_i": "25451", "regex": "false"},
	{"name_s": "/usr/share/ppd/HP/hp-laserjet_m1522n_mfp-ps.ppd.gz", "size_i": "25452", "regex": "false"},
	{"name_s": "/usr/share/ppd/HP/hp-laserjet_m1522nf_mfp-ps.ppd.gz", "size_i": "25453", "regex": "false"},
	{"name_s": "/usr/share/ppd/HP/hp-laserjet_m1530_mfp_series-ps.ppd.gz", "size_i": "27131", "regex": "false"},
	{"name_s": "/usr/share/ppd/HP/hp-laserjet_m2727_mfp_series-ps.ppd.gz", "size_i": "31195", "regex": "false"},
	{"name_s": "/usr/share/ppd/HP/hp-laserjet_m3027_mfp-ps.ppd.gz", "size_i": "35715", "regex": "false"},
	{"name_s": "/usr/share/ppd/HP/hp-laserjet_m3035_mfp-ps.ppd.gz", "size_i": "35716", "regex": "false"},
	{"name_s": "/usr/share/ppd/HP/hp-laserjet_m4345_mfp-ps.ppd.gz", "size_i": "41508", "regex": "false"},
	{"name_s": "/usr/share/ppd/HP/hp-laserjet_m4349_mfp-ps.ppd.gz", "size_i": "41512", "regex": "false"},
	{"name_s": "/usr/share/ppd/HP/hp-laserjet_m4555_mfp-ps.ppd.gz", "size_i": "43924", "regex": "false"},
	{"name_s": "/usr/share/ppd/HP/hp-laserjet_m5025_mfp-ps.ppd.gz", "size_i": "43695", "regex": "false"},
	{"name_s": "/usr/share/ppd/HP/hp-laserjet_m5035_mfp-ps.ppd.gz", "size_i": "43697", "regex": "false"},
	{"name_s": "/usr/share/ppd/HP/hp-laserjet_m9040_mfp-ps.ppd.gz", "size_i": "52869", "regex": "false"},
	{"name_s": "/usr/share/ppd/HP/hp-laserjet_m9050_mfp-ps.ppd.gz", "size_i": "52869", "regex": "false"},
	{"name_s": "/usr/share/ppd/HP/hp-laserjet_m9059_mfp-ps.ppd.gz", "size_i": "52362", "regex": "false"},
	{"name_s": "/usr/share/ppd/HP/hp-laserjet_p2015_series-ps.ppd.gz", "size_i": "35978", "regex": "false"},
	{"name_s": "/usr/share/ppd/HP/hp-laserjet_p2055_series-ps.ppd.gz", "size_i": "33797", "regex": "false"},
	{"name_s": "/usr/share/ppd/HP/hp-laserjet_p3004-ps.ppd.gz", "size_i": "35756", "regex": "false"},
	{"name_s": "/usr/share/ppd/HP/hp-laserjet_p3005-ps.ppd.gz", "size_i": "38582", "regex": "false"},
	{"name_s": "/usr/share/ppd/HP/hp-laserjet_p3010_series-ps.ppd.gz", "size_i": "40270", "regex": "false"},
	{"name_s": "/usr/share/ppd/HP/hp-laserjet_p4010_series-ps.ppd.gz", "size_i": "51838", "regex": "false"},
	{"name_s": "/usr/share/ppd/HP/hp-lj_300_400_color_m351_m451-ps.ppd.gz", "size_i": "38347", "regex": "false"},
	{"name_s": "/usr/share/ppd/HP/hp-lj_300_400_color_mfp_m375_m475-ps.ppd.gz", "size_i": "27863", "regex": "false"},
	{"name_s": "/usr/share/ppd/HP/hp-mopier_240-ps.ppd.gz", "size_i": "42196", "regex": "false"},
	{"name_s": "/usr/share/ppd/HP/hp-mopier_320-ps.ppd.gz", "size_i": "42195", "regex": "false"},
	{"name_s": "/usr/share/ppd/HP/hp-officejet_pro_8000_enterprise_a811a-ps.ppd.gz", "size_i": "34923", "regex": "false"}
]
