[
	{"name_s": "/usr/bin/affixcompress", "size_i": "5190", "regex": "false"},
	{"name_s": "/usr/bin/analyze", "size_i": "6100", "regex": "false"},
	{"name_s": "/usr/bin/chmorph", "size_i": "11132", "regex": "false"},
	{"name_s": "/usr/bin/hunzip", "size_i": "4512", "regex": "false"},
	{"name_s": "/usr/bin/hzip", "size_i": "8800", "regex": "false"},
	{"name_s": "/usr/bin/ispellaff2myspell", "size_i": "13211", "regex": "false"},
	{"name_s": "/usr/bin/makealias", "size_i": "2564", "regex": "false"},
	{"name_s": "/usr/bin/munch", "size_i": "13988", "regex": "false"},
	{"name_s": "/usr/bin/unmunch", "size_i": "9892", "regex": "false"},
	{"name_s": "/usr/bin/wordforms", "size_i": "1335", "regex": "false"},
	{"name_s": "/usr/bin/wordlist2hunspell", "size_i": "1701", "regex": "false"},
	{"name_s": "/usr/include/hunspell", "size_i": "4096", "regex": "false"},
	{"name_s": "/usr/include/hunspell/affentry.hxx", "size_i": "4415", "regex": "false"},
	{"name_s": "/usr/include/hunspell/affixmgr.hxx", "size_i": "9522", "regex": "false"},
	{"name_s": "/usr/include/hunspell/atypes.hxx", "size_i": "1840", "regex": "false"},
	{"name_s": "/usr/include/hunspell/baseaffix.hxx", "size_i": "535", "regex": "false"},
	{"name_s": "/usr/include/hunspell/csutil.hxx", "size_i": "6212", "regex": "false"},
	{"name_s": "/usr/include/hunspell/dictmgr.hxx", "size_i": "584", "regex": "false"},
	{"name_s": "/usr/include/hunspell/filemgr.hxx", "size_i": "453", "regex": "false"},
	{"name_s": "/usr/include/hunspell/hashmgr.hxx", "size_i": "2228", "regex": "false"},
	{"name_s": "/usr/include/hunspell/htypes.hxx", "size_i": "920", "regex": "false"},
	{"name_s": "/usr/include/hunspell/hunspell.h", "size_i": "2979", "regex": "false"},
	{"name_s": "/usr/include/hunspell/hunspell.hxx", "size_i": "5607", "regex": "false"},
	{"name_s": "/usr/include/hunspell/hunzip.hxx", "size_i": "1036", "regex": "false"},
	{"name_s": "/usr/include/hunspell/langnum.hxx", "size_i": "528", "regex": "false"},
	{"name_s": "/usr/include/hunspell/munch.h", "size_i": "2445", "regex": "false"},
	{"name_s": "/usr/include/hunspell/phonet.hxx", "size_i": "1542", "regex": "false"},
	{"name_s": "/usr/include/hunspell/replist.hxx", "size_i": "442", "regex": "false"},
	{"name_s": "/usr/include/hunspell/suggestmgr.hxx", "size_i": "3831", "regex": "false"},
	{"name_s": "/usr/include/hunspell/unmunch.h", "size_i": "1490", "regex": "false"},
	{"name_s": "/usr/include/hunspell/w_char.hxx", "size_i": "271", "regex": "false"},
	{"name_s": "/usr/lib/libhunspell-1.2.so", "size_i": "24", "regex": "false"},
	{"name_s": "/usr/lib/pkgconfig/hunspell.pc", "size_i": "214", "regex": "false"},
	{"name_s": "/usr/share/man/man1/hunzip.1.gz", "size_i": "414", "regex": "false"},
	{"name_s": "/usr/share/man/man1/hzip.1.gz", "size_i": "453", "regex": "false"},
	{"name_s": "/usr/share/man/man3/hunspell.3.gz", "size_i": "2397", "regex": "false"}
]
