[
	{"name_s": "/usr/share/doc/ibus-qt-docs-1.3.0", "size_i": "4096", "regex": "false"},
	{"name_s": "/usr/share/doc/ibus-qt-docs-1.3.0/html", "size_i": "12288", "regex": "false"},
	{"name_s": "/usr/share/doc/ibus-qt-docs-1.3.0/html/annotated.html", "size_i": "7191", "regex": "false"},
	{"name_s": "/usr/share/doc/ibus-qt-docs-1.3.0/html/class_app-members.html", "size_i": "4068", "regex": "false"},
	{"name_s": "/usr/share/doc/ibus-qt-docs-1.3.0/html/class_app.html", "size_i": "4429", "regex": "false"},
	{"name_s": "/usr/share/doc/ibus-qt-docs-1.3.0/html/class_i_bus_1_1_attr_list-members.html", "size_i": "8679", "regex": "false"},
	{"name_s": "/usr/share/doc/ibus-qt-docs-1.3.0/html/class_i_bus_1_1_attr_list.gif", "size_i": "922", "regex": "false"},
	{"name_s": "/usr/share/doc/ibus-qt-docs-1.3.0/html/class_i_bus_1_1_attr_list.html", "size_i": "7546", "regex": "false"},
	{"name_s": "/usr/share/doc/ibus-qt-docs-1.3.0/html/class_i_bus_1_1_attribute-members.html", "size_i": "11970", "regex": "false"},
	{"name_s": "/usr/share/doc/ibus-qt-docs-1.3.0/html/class_i_bus_1_1_attribute.gif", "size_i": "2379", "regex": "false"},
	{"name_s": "/usr/share/doc/ibus-qt-docs-1.3.0/html/class_i_bus_1_1_attribute.html", "size_i": "9950", "regex": "false"},
	{"name_s": "/usr/share/doc/ibus-qt-docs-1.3.0/html/class_i_bus_1_1_attribute_background-members.html", "size_i": "12344", "regex": "false"},
	{"name_s": "/usr/share/doc/ibus-qt-docs-1.3.0/html/class_i_bus_1_1_attribute_background.gif", "size_i": "1384", "regex": "false"},
	{"name_s": "/usr/share/doc/ibus-qt-docs-1.3.0/html/class_i_bus_1_1_attribute_background.html", "size_i": "5518", "regex": "false"},
	{"name_s": "/usr/share/doc/ibus-qt-docs-1.3.0/html/class_i_bus_1_1_attribute_foreground-members.html", "size_i": "12344", "regex": "false"},
	{"name_s": "/usr/share/doc/ibus-qt-docs-1.3.0/html/class_i_bus_1_1_attribute_foreground.gif", "size_i": "1381", "regex": "false"},
	{"name_s": "/usr/share/doc/ibus-qt-docs-1.3.0/html/class_i_bus_1_1_attribute_foreground.html", "size_i": "5518", "regex": "false"},
	{"name_s": "/usr/share/doc/ibus-qt-docs-1.3.0/html/class_i_bus_1_1_attribute_underline-members.html", "size_i": "12344", "regex": "false"},
	{"name_s": "/usr/share/doc/ibus-qt-docs-1.3.0/html/class_i_bus_1_1_attribute_underline.gif", "size_i": "1410", "regex": "false"},
	{"name_s": "/usr/share/doc/ibus-qt-docs-1.3.0/html/class_i_bus_1_1_attribute_underline.html", "size_i": "5520", "regex": "false"},
	{"name_s": "/usr/share/doc/ibus-qt-docs-1.3.0/html/class_i_bus_1_1_bus-members.html", "size_i": "9597", "regex": "false"},
	{"name_s": "/usr/share/doc/ibus-qt-docs-1.3.0/html/class_i_bus_1_1_bus.gif", "size_i": "541", "regex": "false"},
	{"name_s": "/usr/share/doc/ibus-qt-docs-1.3.0/html/class_i_bus_1_1_bus.html", "size_i": "32749", "regex": "false"},
	{"name_s": "/usr/share/doc/ibus-qt-docs-1.3.0/html/class_i_bus_1_1_component-members.html", "size_i": "9433", "regex": "false"},
	{"name_s": "/usr/share/doc/ibus-qt-docs-1.3.0/html/class_i_bus_1_1_component.gif", "size_i": "936", "regex": "false"},
	{"name_s": "/usr/share/doc/ibus-qt-docs-1.3.0/html/class_i_bus_1_1_component.html", "size_i": "8868", "regex": "false"},
	{"name_s": "/usr/share/doc/ibus-qt-docs-1.3.0/html/class_i_bus_1_1_config-members.html", "size_i": "5425", "regex": "false"},
	{"name_s": "/usr/share/doc/ibus-qt-docs-1.3.0/html/class_i_bus_1_1_config.html", "size_i": "6340", "regex": "false"},
	{"name_s": "/usr/share/doc/ibus-qt-docs-1.3.0/html/class_i_bus_1_1_config_service-members.html", "size_i": "5641", "regex": "false"},
	{"name_s": "/usr/share/doc/ibus-qt-docs-1.3.0/html/class_i_bus_1_1_config_service.html", "size_i": "6516", "regex": "false"},
	{"name_s": "/usr/share/doc/ibus-qt-docs-1.3.0/html/class_i_bus_1_1_engine-members.html", "size_i": "18702", "regex": "false"},
	{"name_s": "/usr/share/doc/ibus-qt-docs-1.3.0/html/class_i_bus_1_1_engine.gif", "size_i": "564", "regex": "false"},
	{"name_s": "/usr/share/doc/ibus-qt-docs-1.3.0/html/class_i_bus_1_1_engine.html", "size_i": "63410", "regex": "false"},
	{"name_s": "/usr/share/doc/ibus-qt-docs-1.3.0/html/class_i_bus_1_1_engine_desc-members.html", "size_i": "8645", "regex": "false"},
	{"name_s": "/usr/share/doc/ibus-qt-docs-1.3.0/html/class_i_bus_1_1_engine_desc.gif", "size_i": "952", "regex": "false"},
	{"name_s": "/usr/share/doc/ibus-qt-docs-1.3.0/html/class_i_bus_1_1_engine_desc.html", "size_i": "7355", "regex": "false"},
	{"name_s": "/usr/share/doc/ibus-qt-docs-1.3.0/html/class_i_bus_1_1_engine_factory-members.html", "size_i": "5545", "regex": "false"},
	{"name_s": "/usr/share/doc/ibus-qt-docs-1.3.0/html/class_i_bus_1_1_engine_factory.gif", "size_i": "683", "regex": "false"},
	{"name_s": "/usr/share/doc/ibus-qt-docs-1.3.0/html/class_i_bus_1_1_engine_factory.html", "size_i": "6317", "regex": "false"},
	{"name_s": "/usr/share/doc/ibus-qt-docs-1.3.0/html/class_i_bus_1_1_input_context-members.html", "size_i": "13856", "regex": "false"},
	{"name_s": "/usr/share/doc/ibus-qt-docs-1.3.0/html/class_i_bus_1_1_input_context.gif", "size_i": "654", "regex": "false"},
	{"name_s": "/usr/share/doc/ibus-qt-docs-1.3.0/html/class_i_bus_1_1_input_context.html", "size_i": "17993", "regex": "false"},
	{"name_s": "/usr/share/doc/ibus-qt-docs-1.3.0/html/class_i_bus_1_1_lookup_table-members.html", "size_i": "13045", "regex": "false"},
	{"name_s": "/usr/share/doc/ibus-qt-docs-1.3.0/html/class_i_bus_1_1_lookup_table.gif", "size_i": "972", "regex": "false"},
	{"name_s": "/usr/share/doc/ibus-qt-docs-1.3.0/html/class_i_bus_1_1_lookup_table.html", "size_i": "13624", "regex": "false"},
	{"name_s": "/usr/share/doc/ibus-qt-docs-1.3.0/html/class_i_bus_1_1_object-members.html", "size_i": "4835", "regex": "false"},
	{"name_s": "/usr/share/doc/ibus-qt-docs-1.3.0/html/class_i_bus_1_1_object.gif", "size_i": "5399", "regex": "false"},
	{"name_s": "/usr/share/doc/ibus-qt-docs-1.3.0/html/class_i_bus_1_1_object.html", "size_i": "8948", "regex": "false"},
	{"name_s": "/usr/share/doc/ibus-qt-docs-1.3.0/html/class_i_bus_1_1_observed_path-members.html", "size_i": "8604", "regex": "false"},
	{"name_s": "/usr/share/doc/ibus-qt-docs-1.3.0/html/class_i_bus_1_1_observed_path.gif", "size_i": "996", "regex": "false"},
	{"name_s": "/usr/share/doc/ibus-qt-docs-1.3.0/html/class_i_bus_1_1_observed_path.html", "size_i": "7115", "regex": "false"},
	{"name_s": "/usr/share/doc/ibus-qt-docs-1.3.0/html/class_i_bus_1_1_pointer-members.html", "size_i": "8088", "regex": "false"},
	{"name_s": "/usr/share/doc/ibus-qt-docs-1.3.0/html/class_i_bus_1_1_pointer.html", "size_i": "9744", "regex": "false"},
	{"name_s": "/usr/share/doc/ibus-qt-docs-1.3.0/html/class_i_bus_1_1_prop_list-members.html", "size_i": "7957", "regex": "false"},
	{"name_s": "/usr/share/doc/ibus-qt-docs-1.3.0/html/class_i_bus_1_1_prop_list.gif", "size_i": "930", "regex": "false"},
	{"name_s": "/usr/share/doc/ibus-qt-docs-1.3.0/html/class_i_bus_1_1_prop_list.html", "size_i": "6573", "regex": "false"},
	{"name_s": "/usr/share/doc/ibus-qt-docs-1.3.0/html/class_i_bus_1_1_property-members.html", "size_i": "8860", "regex": "false"},
	{"name_s": "/usr/share/doc/ibus-qt-docs-1.3.0/html/class_i_bus_1_1_property.gif", "size_i": "932", "regex": "false"},
	{"name_s": "/usr/share/doc/ibus-qt-docs-1.3.0/html/class_i_bus_1_1_property.html", "size_i": "8123", "regex": "false"},
	{"name_s": "/usr/share/doc/ibus-qt-docs-1.3.0/html/class_i_bus_1_1_serializable-members.html", "size_i": "7831", "regex": "false"},
	{"name_s": "/usr/share/doc/ibus-qt-docs-1.3.0/html/class_i_bus_1_1_serializable.gif", "size_i": "3876", "regex": "false"},
	{"name_s": "/usr/share/doc/ibus-qt-docs-1.3.0/html/class_i_bus_1_1_serializable.html", "size_i": "10984", "regex": "false"},
	{"name_s": "/usr/share/doc/ibus-qt-docs-1.3.0/html/class_i_bus_1_1_serializable_1_1_meta_type_info-members.html", "size_i": "5007", "regex": "false"},
	{"name_s": "/usr/share/doc/ibus-qt-docs-1.3.0/html/class_i_bus_1_1_serializable_1_1_meta_type_info.html", "size_i": "5316", "regex": "false"},
	{"name_s": "/usr/share/doc/ibus-qt-docs-1.3.0/html/class_i_bus_1_1_text-members.html", "size_i": "8595", "regex": "false"},
	{"name_s": "/usr/share/doc/ibus-qt-docs-1.3.0/html/class_i_bus_1_1_text.gif", "size_i": "890", "regex": "false"},
	{"name_s": "/usr/share/doc/ibus-qt-docs-1.3.0/html/class_i_bus_1_1_text.html", "size_i": "7768", "regex": "false"},
	{"name_s": "/usr/share/doc/ibus-qt-docs-1.3.0/html/classes.html", "size_i": "10553", "regex": "false"},
	{"name_s": "/usr/share/doc/ibus-qt-docs-1.3.0/html/doxygen.css", "size_i": "6619", "regex": "false"},
	{"name_s": "/usr/share/doc/ibus-qt-docs-1.3.0/html/doxygen.png", "size_i": "1281", "regex": "false"},
	{"name_s": "/usr/share/doc/ibus-qt-docs-1.3.0/html/files.html", "size_i": "7534", "regex": "false"},
	{"name_s": "/usr/share/doc/ibus-qt-docs-1.3.0/html/functions.html", "size_i": "13854", "regex": "false"},
	{"name_s": "/usr/share/doc/ibus-qt-docs-1.3.0/html/functions_func.html", "size_i": "13771", "regex": "false"},
	{"name_s": "/usr/share/doc/ibus-qt-docs-1.3.0/html/hierarchy.html", "size_i": "5886", "regex": "false"},
	{"name_s": "/usr/share/doc/ibus-qt-docs-1.3.0/html/index.html", "size_i": "3460", "regex": "false"},
	{"name_s": "/usr/share/doc/ibus-qt-docs-1.3.0/html/installdox", "size_i": "2581", "regex": "false"},
	{"name_s": "/usr/share/doc/ibus-qt-docs-1.3.0/html/namespace_i_bus.html", "size_i": "111327", "regex": "false"},
	{"name_s": "/usr/share/doc/ibus-qt-docs-1.3.0/html/namespacemembers.html", "size_i": "5591", "regex": "false"},
	{"name_s": "/usr/share/doc/ibus-qt-docs-1.3.0/html/namespacemembers_enum.html", "size_i": "4065", "regex": "false"},
	{"name_s": "/usr/share/doc/ibus-qt-docs-1.3.0/html/namespacemembers_eval.html", "size_i": "5398", "regex": "false"},
	{"name_s": "/usr/share/doc/ibus-qt-docs-1.3.0/html/namespaces.html", "size_i": "3875", "regex": "false"},
	{"name_s": "/usr/share/doc/ibus-qt-docs-1.3.0/html/qibus_8h_source.html", "size_i": "4876", "regex": "false"},
	{"name_s": "/usr/share/doc/ibus-qt-docs-1.3.0/html/qibusattribute_8h_source.html", "size_i": "10690", "regex": "false"},
	{"name_s": "/usr/share/doc/ibus-qt-docs-1.3.0/html/qibusattrlist_8h_source.html", "size_i": "7086", "regex": "false"},
	{"name_s": "/usr/share/doc/ibus-qt-docs-1.3.0/html/qibusbus_8h_source.html", "size_i": "13345", "regex": "false"},
	{"name_s": "/usr/share/doc/ibus-qt-docs-1.3.0/html/qibuscomponent_8h_source.html", "size_i": "11681", "regex": "false"},
	{"name_s": "/usr/share/doc/ibus-qt-docs-1.3.0/html/qibusconfig_8h_source.html", "size_i": "6511", "regex": "false"},
	{"name_s": "/usr/share/doc/ibus-qt-docs-1.3.0/html/qibusconfigservice_8h_source.html", "size_i": "8190", "regex": "false"},
	{"name_s": "/usr/share/doc/ibus-qt-docs-1.3.0/html/qibusengine_8h_source.html", "size_i": "26288", "regex": "false"},
	{"name_s": "/usr/share/doc/ibus-qt-docs-1.3.0/html/qibusenginedesc_8h_source.html", "size_i": "9652", "regex": "false"},
	{"name_s": "/usr/share/doc/ibus-qt-docs-1.3.0/html/qibusenginefactory_8h_source.html", "size_i": "7336", "regex": "false"},
	{"name_s": "/usr/share/doc/ibus-qt-docs-1.3.0/html/qibusinputcontext_8h_source.html", "size_i": "15086", "regex": "false"},
	{"name_s": "/usr/share/doc/ibus-qt-docs-1.3.0/html/qibuskeysyms_8h_source.html", "size_i": "123838", "regex": "false"},
	{"name_s": "/usr/share/doc/ibus-qt-docs-1.3.0/html/qibuslookuptable_8h_source.html", "size_i": "10585", "regex": "false"},
	{"name_s": "/usr/share/doc/ibus-qt-docs-1.3.0/html/qibusobject_8h_source.html", "size_i": "8308", "regex": "false"},
	{"name_s": "/usr/share/doc/ibus-qt-docs-1.3.0/html/qibusobservedpath_8h_source.html", "size_i": "8787", "regex": "false"},
	{"name_s": "/usr/share/doc/ibus-qt-docs-1.3.0/html/qibuspointer_8h_source.html", "size_i": "10021", "regex": "false"},
	{"name_s": "/usr/share/doc/ibus-qt-docs-1.3.0/html/qibusproperty_8h_source.html", "size_i": "10476", "regex": "false"},
	{"name_s": "/usr/share/doc/ibus-qt-docs-1.3.0/html/qibusproplist_8h_source.html", "size_i": "6795", "regex": "false"},
	{"name_s": "/usr/share/doc/ibus-qt-docs-1.3.0/html/qibusserializable_8h_source.html", "size_i": "18882", "regex": "false"},
	{"name_s": "/usr/share/doc/ibus-qt-docs-1.3.0/html/qibustext_8h_source.html", "size_i": "7422", "regex": "false"},
	{"name_s": "/usr/share/doc/ibus-qt-docs-1.3.0/html/qibustypes_8h_source.html", "size_i": "8025", "regex": "false"},
	{"name_s": "/usr/share/doc/ibus-qt-docs-1.3.0/html/search", "size_i": "4096", "regex": "false"},
	{"name_s": "/usr/share/doc/ibus-qt-docs-1.3.0/html/search/all_61.html", "size_i": "3368", "regex": "false"},
	{"name_s": "/usr/share/doc/ibus-qt-docs-1.3.0/html/search/all_62.html", "size_i": "1531", "regex": "false"},
	{"name_s": "/usr/share/doc/ibus-qt-docs-1.3.0/html/search/all_63.html", "size_i": "5743", "regex": "false"},
	{"name_s": "/usr/share/doc/ibus-qt-docs-1.3.0/html/search/all_64.html", "size_i": "2899", "regex": "false"},
	{"name_s": "/usr/share/doc/ibus-qt-docs-1.3.0/html/search/all_65.html", "size_i": "3451", "regex": "false"},
	{"name_s": "/usr/share/doc/ibus-qt-docs-1.3.0/html/search/all_66.html", "size_i": "2008", "regex": "false"},
	{"name_s": "/usr/share/doc/ibus-qt-docs-1.3.0/html/search/all_67.html", "size_i": "1990", "regex": "false"},
	{"name_s": "/usr/share/doc/ibus-qt-docs-1.3.0/html/search/all_68.html", "size_i": "2424", "regex": "false"},
	{"name_s": "/usr/share/doc/ibus-qt-docs-1.3.0/html/search/all_69.html", "size_i": "1876", "regex": "false"},
	{"name_s": "/usr/share/doc/ibus-qt-docs-1.3.0/html/search/all_6b.html", "size_i": "5433", "regex": "false"},
	{"name_s": "/usr/share/doc/ibus-qt-docs-1.3.0/html/search/all_6c.html", "size_i": "2368", "regex": "false"},
	{"name_s": "/usr/share/doc/ibus-qt-docs-1.3.0/html/search/all_6d.html", "size_i": "1213", "regex": "false"},
	{"name_s": "/usr/share/doc/ibus-qt-docs-1.3.0/html/search/all_6e.html", "size_i": "1210", "regex": "false"},
	{"name_s": "/usr/share/doc/ibus-qt-docs-1.3.0/html/search/all_6f.html", "size_i": "1529", "regex": "false"},
	{"name_s": "/usr/share/doc/ibus-qt-docs-1.3.0/html/search/all_70.html", "size_i": "7050", "regex": "false"},
	{"name_s": "/usr/share/doc/ibus-qt-docs-1.3.0/html/search/all_72.html", "size_i": "3962", "regex": "false"},
	{"name_s": "/usr/share/doc/ibus-qt-docs-1.3.0/html/search/all_73.html", "size_i": "3228", "regex": "false"},
	{"name_s": "/usr/share/doc/ibus-qt-docs-1.3.0/html/search/all_74.html", "size_i": "1156", "regex": "false"},
	{"name_s": "/usr/share/doc/ibus-qt-docs-1.3.0/html/search/all_75.html", "size_i": "2880", "regex": "false"},
	{"name_s": "/usr/share/doc/ibus-qt-docs-1.3.0/html/search/all_7e.html", "size_i": "1984", "regex": "false"},
	{"name_s": "/usr/share/doc/ibus-qt-docs-1.3.0/html/search/classes_61.html", "size_i": "2980", "regex": "false"},
	{"name_s": "/usr/share/doc/ibus-qt-docs-1.3.0/html/search/classes_62.html", "size_i": "1153", "regex": "false"},
	{"name_s": "/usr/share/doc/ibus-qt-docs-1.3.0/html/search/classes_63.html", "size_i": "1889", "regex": "false"},
	{"name_s": "/usr/share/doc/ibus-qt-docs-1.3.0/html/search/classes_65.html", "size_i": "1893", "regex": "false"},
	{"name_s": "/usr/share/doc/ibus-qt-docs-1.3.0/html/search/classes_69.html", "size_i": "1181", "regex": "false"},
	{"name_s": "/usr/share/doc/ibus-qt-docs-1.3.0/html/search/classes_6c.html", "size_i": "1178", "regex": "false"},
	{"name_s": "/usr/share/doc/ibus-qt-docs-1.3.0/html/search/classes_6d.html", "size_i": "1213", "regex": "false"},
	{"name_s": "/usr/share/doc/ibus-qt-docs-1.3.0/html/search/classes_6f.html", "size_i": "1529", "regex": "false"},
	{"name_s": "/usr/share/doc/ibus-qt-docs-1.3.0/html/search/classes_70.html", "size_i": "3412", "regex": "false"},
	{"name_s": "/usr/share/doc/ibus-qt-docs-1.3.0/html/search/classes_72.html", "size_i": "1172", "regex": "false"},
	{"name_s": "/usr/share/doc/ibus-qt-docs-1.3.0/html/search/classes_73.html", "size_i": "1180", "regex": "false"},
	{"name_s": "/usr/share/doc/ibus-qt-docs-1.3.0/html/search/classes_74.html", "size_i": "1156", "regex": "false"},
	{"name_s": "/usr/share/doc/ibus-qt-docs-1.3.0/html/search/close.png", "size_i": "273", "regex": "false"},
	{"name_s": "/usr/share/doc/ibus-qt-docs-1.3.0/html/search/enums_6b.html", "size_i": "1189", "regex": "false"},
	{"name_s": "/usr/share/doc/ibus-qt-docs-1.3.0/html/search/enumvalues_6b.html", "size_i": "5054", "regex": "false"},
	{"name_s": "/usr/share/doc/ibus-qt-docs-1.3.0/html/search/functions_61.html", "size_i": "1202", "regex": "false"},
	{"name_s": "/usr/share/doc/ibus-qt-docs-1.3.0/html/search/functions_62.html", "size_i": "1192", "regex": "false"},
	{"name_s": "/usr/share/doc/ibus-qt-docs-1.3.0/html/search/functions_63.html", "size_i": "4664", "regex": "false"},
	{"name_s": "/usr/share/doc/ibus-qt-docs-1.3.0/html/search/functions_64.html", "size_i": "2899", "regex": "false"},
	{"name_s": "/usr/share/doc/ibus-qt-docs-1.3.0/html/search/functions_65.html", "size_i": "2372", "regex": "false"},
	{"name_s": "/usr/share/doc/ibus-qt-docs-1.3.0/html/search/functions_66.html", "size_i": "2008", "regex": "false"},
	{"name_s": "/usr/share/doc/ibus-qt-docs-1.3.0/html/search/functions_67.html", "size_i": "1990", "regex": "false"},
	{"name_s": "/usr/share/doc/ibus-qt-docs-1.3.0/html/search/functions_68.html", "size_i": "2424", "regex": "false"},
	{"name_s": "/usr/share/doc/ibus-qt-docs-1.3.0/html/search/functions_69.html", "size_i": "1208", "regex": "false"},
	{"name_s": "/usr/share/doc/ibus-qt-docs-1.3.0/html/search/functions_6c.html", "size_i": "2004", "regex": "false"},
	{"name_s": "/usr/share/doc/ibus-qt-docs-1.3.0/html/search/functions_6e.html", "size_i": "1210", "regex": "false"},
	{"name_s": "/usr/share/doc/ibus-qt-docs-1.3.0/html/search/functions_70.html", "size_i": "4428", "regex": "false"},
	{"name_s": "/usr/share/doc/ibus-qt-docs-1.3.0/html/search/functions_72.html", "size_i": "3604", "regex": "false"},
	{"name_s": "/usr/share/doc/ibus-qt-docs-1.3.0/html/search/functions_73.html", "size_i": "2862", "regex": "false"},
	{"name_s": "/usr/share/doc/ibus-qt-docs-1.3.0/html/search/functions_75.html", "size_i": "2880", "regex": "false"},
	{"name_s": "/usr/share/doc/ibus-qt-docs-1.3.0/html/search/functions_7e.html", "size_i": "1984", "regex": "false"},
	{"name_s": "/usr/share/doc/ibus-qt-docs-1.3.0/html/search/namespaces_69.html", "size_i": "1115", "regex": "false"},
	{"name_s": "/usr/share/doc/ibus-qt-docs-1.3.0/html/search/nomatches.html", "size_i": "461", "regex": "false"},
	{"name_s": "/usr/share/doc/ibus-qt-docs-1.3.0/html/search/search.css", "size_i": "3811", "regex": "false"},
	{"name_s": "/usr/share/doc/ibus-qt-docs-1.3.0/html/search/search.js", "size_i": "20387", "regex": "false"},
	{"name_s": "/usr/share/doc/ibus-qt-docs-1.3.0/html/search/search.png", "size_i": "527", "regex": "false"},
	{"name_s": "/usr/share/doc/ibus-qt-docs-1.3.0/html/struct_i_bus_1_1_rectangle-members.html", "size_i": "4793", "regex": "false"},
	{"name_s": "/usr/share/doc/ibus-qt-docs-1.3.0/html/struct_i_bus_1_1_rectangle.html", "size_i": "5513", "regex": "false"},
	{"name_s": "/usr/share/doc/ibus-qt-docs-1.3.0/html/tab_b.gif", "size_i": "35", "regex": "false"},
	{"name_s": "/usr/share/doc/ibus-qt-docs-1.3.0/html/tab_l.gif", "size_i": "706", "regex": "false"},
	{"name_s": "/usr/share/doc/ibus-qt-docs-1.3.0/html/tab_r.gif", "size_i": "2585", "regex": "false"},
	{"name_s": "/usr/share/doc/ibus-qt-docs-1.3.0/html/tabs.css", "size_i": "1844", "regex": "false"}
]
