[
	{"name_s": "/usr/libexec/ibus-engine-hangul", "size_i": "23984", "regex": "false"},
	{"name_s": "/usr/libexec/ibus-setup-hangul", "size_i": "862", "regex": "false"},
	{"name_s": "/usr/share/doc/ibus-hangul-1.3.0.20100329", "size_i": "4096", "regex": "false"},
	{"name_s": "/usr/share/doc/ibus-hangul-1.3.0.20100329/AUTHORS", "size_i": "75", "regex": "false"},
	{"name_s": "/usr/share/doc/ibus-hangul-1.3.0.20100329/COPYING", "size_i": "17987", "regex": "false"},
	{"name_s": "/usr/share/doc/ibus-hangul-1.3.0.20100329/README", "size_i": "50", "regex": "false"},
	{"name_s": "/usr/share/ibus-hangul", "size_i": "4096", "regex": "false"},
	{"name_s": "/usr/share/ibus-hangul/data", "size_i": "4096", "regex": "false"},
	{"name_s": "/usr/share/ibus-hangul/data/symbol.txt", "size_i": "10225", "regex": "false"},
	{"name_s": "/usr/share/ibus-hangul/icons", "size_i": "4096", "regex": "false"},
	{"name_s": "/usr/share/ibus-hangul/icons/ibus-hangul.png", "size_i": "4044", "regex": "false"},
	{"name_s": "/usr/share/ibus-hangul/icons/ibus-hangul.svg", "size_i": "9984", "regex": "false"},
	{"name_s": "/usr/share/ibus-hangul/setup", "size_i": "4096", "regex": "false"},
	{"name_s": "/usr/share/ibus-hangul/setup/config.py", "size_i": "874", "regex": "false"},
	{"name_s": "/usr/share/ibus-hangul/setup/config.pyc", "size_i": "230", "regex": "false"},
	{"name_s": "/usr/share/ibus-hangul/setup/config.pyo", "size_i": "230", "regex": "false"},
	{"name_s": "/usr/share/ibus-hangul/setup/keycapturedialog.py", "size_i": "1222", "regex": "false"},
	{"name_s": "/usr/share/ibus-hangul/setup/keycapturedialog.pyc", "size_i": "2376", "regex": "false"},
	{"name_s": "/usr/share/ibus-hangul/setup/keycapturedialog.pyo", "size_i": "2376", "regex": "false"},
	{"name_s": "/usr/share/ibus-hangul/setup/main.py", "size_i": "5585", "regex": "false"},
	{"name_s": "/usr/share/ibus-hangul/setup/main.pyc", "size_i": "6385", "regex": "false"},
	{"name_s": "/usr/share/ibus-hangul/setup/main.pyo", "size_i": "6385", "regex": "false"},
	{"name_s": "/usr/share/ibus-hangul/setup/setup.ui", "size_i": "20535", "regex": "false"},
	{"name_s": "/usr/share/ibus/component/hangul.xml", "size_i": "815", "regex": "false"},
	{"name_s": "/usr/share/locale/ko/LC_MESSAGES/ibus-hangul.mo", "size_i": "1730", "regex": "false"},
	{"name_s": "/usr/share/locale/zh_CN/LC_MESSAGES/ibus-hangul.mo", "size_i": "367", "regex": "false"}
]
