[
	{"name_s": "/usr/bin/IBMgtSim", "size_i": "13919", "regex": "false"},
	{"name_s": "/usr/bin/RunSimTest", "size_i": "24241", "regex": "false"},
	{"name_s": "/usr/bin/dump2psl.pl", "size_i": "1057", "regex": "false"},
	{"name_s": "/usr/bin/dump2slvl.pl", "size_i": "479", "regex": "false"},
	{"name_s": "/usr/bin/ibdiagnet", "size_i": "165", "regex": "false"},
	{"name_s": "/usr/bin/ibdiagpath", "size_i": "167", "regex": "false"},
	{"name_s": "/usr/bin/ibdiagui", "size_i": "219", "regex": "false"},
	{"name_s": "/usr/bin/ibdmchk", "size_i": "40960", "regex": "false"},
	{"name_s": "/usr/bin/ibdmsh", "size_i": "611328", "regex": "false"},
	{"name_s": "/usr/bin/ibdmtr", "size_i": "17576", "regex": "false"},
	{"name_s": "/usr/bin/ibis", "size_i": "1086960", "regex": "false"},
	{"name_s": "/usr/bin/ibmsquit", "size_i": "95152", "regex": "false"},
	{"name_s": "/usr/bin/ibmssh", "size_i": "1573328", "regex": "false"},
	{"name_s": "/usr/bin/ibnlparse", "size_i": "12880", "regex": "false"},
	{"name_s": "/usr/bin/ibtopodiff", "size_i": "17976", "regex": "false"},
	{"name_s": "/usr/bin/mkSimNodeDir", "size_i": "4381", "regex": "false"},
	{"name_s": "/usr/share/doc/ibutils-1.5.7", "size_i": "4096", "regex": "false"},
	{"name_s": "/usr/share/doc/ibutils-1.5.7/COPYING", "size_i": "19816", "regex": "false"},
	{"name_s": "/usr/share/ibmgtsim", "size_i": "4096", "regex": "false"},
	{"name_s": "/usr/share/ibmgtsim/12-ary-2-tree.topo", "size_i": "7814", "regex": "false"},
	{"name_s": "/usr/share/ibmgtsim/12-node-spaced.topo", "size_i": "784", "regex": "false"},
	{"name_s": "/usr/share/ibmgtsim/2-ary-4-tree.topo", "size_i": "2343", "regex": "false"},
	{"name_s": "/usr/share/ibmgtsim/32nodes-3lvl-is1-cbb2-2st.topo", "size_i": "2207", "regex": "false"},
	{"name_s": "/usr/share/ibmgtsim/32nodes-3lvl-is1-cbb2.topo", "size_i": "1774", "regex": "false"},
	{"name_s": "/usr/share/ibmgtsim/32nodes-3lvl-is1.topo", "size_i": "2638", "regex": "false"},
	{"name_s": "/usr/share/ibmgtsim/4-ary-2-tree-diff-num-pgroups.topo", "size_i": "825", "regex": "false"},
	{"name_s": "/usr/share/ibmgtsim/4-ary-2-tree-links-at-same-rank-1.topo", "size_i": "944", "regex": "false"},
	{"name_s": "/usr/share/ibmgtsim/4-ary-2-tree-links-at-same-rank-2.topo", "size_i": "799", "regex": "false"},
	{"name_s": "/usr/share/ibmgtsim/4-ary-2-tree-missing-sw-link.topo", "size_i": "777", "regex": "false"},
	{"name_s": "/usr/share/ibmgtsim/4-ary-2-tree.topo", "size_i": "851", "regex": "false"},
	{"name_s": "/usr/share/ibmgtsim/4-ary-3-tree.topo", "size_i": "5655", "regex": "false"},
	{"name_s": "/usr/share/ibmgtsim/4-ary-4-tree.topo", "size_i": "32980", "regex": "false"},
	{"name_s": "/usr/share/ibmgtsim/FatTree.check.tcl", "size_i": "6177", "regex": "false"},
	{"name_s": "/usr/share/ibmgtsim/FatTree.sim.tcl", "size_i": "1414", "regex": "false"},
	{"name_s": "/usr/share/ibmgtsim/FatTreeFails.check.tcl", "size_i": "3740", "regex": "false"},
	{"name_s": "/usr/share/ibmgtsim/FullGnu.topo", "size_i": "426", "regex": "false"},
	{"name_s": "/usr/share/ibmgtsim/IS1-16.topo", "size_i": "426", "regex": "false"},
	{"name_s": "/usr/share/ibmgtsim/IS3-128.topo", "size_i": "10692", "regex": "false"},
	{"name_s": "/usr/share/ibmgtsim/IS3-loop.topo", "size_i": "1734", "regex": "false"},
	{"name_s": "/usr/share/ibmgtsim/OsmTest.check.tcl", "size_i": "2683", "regex": "false"},
	{"name_s": "/usr/share/ibmgtsim/OsmTest.sim.tcl", "size_i": "58", "regex": "false"},
	{"name_s": "/usr/share/ibmgtsim/RhinoBased10K.topo", "size_i": "640514", "regex": "false"},
	{"name_s": "/usr/share/ibmgtsim/RhinoBased512Nodes.topo", "size_i": "53393", "regex": "false"},
	{"name_s": "/usr/share/ibmgtsim/RhinoDDR.topo", "size_i": "3868", "regex": "false"},
	{"name_s": "/usr/share/ibmgtsim/RhinoReindeer1100.topo", "size_i": "52098", "regex": "false"},
	{"name_s": "/usr/share/ibmgtsim/blend-4-ary-2-tree.topo", "size_i": "851", "regex": "false"},
	{"name_s": "/usr/share/ibmgtsim/discover.check.tcl", "size_i": "2861", "regex": "false"},
	{"name_s": "/usr/share/ibmgtsim/discover.sim.tcl", "size_i": "3462", "regex": "false"},
	{"name_s": "/usr/share/ibmgtsim/duplicateGuid.sim.tcl", "size_i": "2666", "regex": "false"},
	{"name_s": "/usr/share/ibmgtsim/gnu-stallion-64.topo", "size_i": "3431", "regex": "false"},
	{"name_s": "/usr/share/ibmgtsim/half-4-ary-3-tree.topo", "size_i": "2823", "regex": "false"},
	{"name_s": "/usr/share/ibmgtsim/ibdiag-drops.sim.tcl", "size_i": "3721", "regex": "false"},
	{"name_s": "/usr/share/ibmgtsim/ibdiag-dup-both-guids.sim.tcl", "size_i": "5634", "regex": "false"},
	{"name_s": "/usr/share/ibmgtsim/ibdiag-dup-node-guid.sim.tcl", "size_i": "3051", "regex": "false"},
	{"name_s": "/usr/share/ibmgtsim/ibdiag-dup-port-guid.sim.tcl", "size_i": "5131", "regex": "false"},
	{"name_s": "/usr/share/ibmgtsim/ibdiag-lid.sim.tcl", "size_i": "3534", "regex": "false"},
	{"name_s": "/usr/share/ibmgtsim/ibdiag-mcast.sim.tcl", "size_i": "6139", "regex": "false"},
	{"name_s": "/usr/share/ibmgtsim/ibdiag-ucast.sim.tcl", "size_i": "3695", "regex": "false"},
	{"name_s": "/usr/share/ibmgtsim/ibdiagnet.check.tcl", "size_i": "3315", "regex": "false"},
	{"name_s": "/usr/share/ibmgtsim/merge-2-ary-4-tree.topo", "size_i": "2343", "regex": "false"},
	{"name_s": "/usr/share/ibmgtsim/merge-root-12-ary-2-tree.topo", "size_i": "7814", "regex": "false"},
	{"name_s": "/usr/share/ibmgtsim/merge-root-4-ary-3-tree.topo", "size_i": "5655", "regex": "false"},
	{"name_s": "/usr/share/ibmgtsim/merge-roots-4-ary-2-tree.topo", "size_i": "851", "regex": "false"},
	{"name_s": "/usr/share/ibmgtsim/merge-roots-reorder-4-ary-2-tree.topo", "size_i": "851", "regex": "false"},
	{"name_s": "/usr/share/ibmgtsim/osm-dup-local-port-guid.sim.tcl", "size_i": "5523", "regex": "false"},
	{"name_s": "/usr/share/ibmgtsim/osm-join-leave.check.tcl", "size_i": "3949", "regex": "false"},
	{"name_s": "/usr/share/ibmgtsim/osm-join-leave.sim.tcl", "size_i": "5302", "regex": "false"},
	{"name_s": "/usr/share/ibmgtsim/osmLidAssignment.check.tcl", "size_i": "5734", "regex": "false"},
	{"name_s": "/usr/share/ibmgtsim/osmLidAssignment.sim.tcl", "size_i": "23538", "regex": "false"},
	{"name_s": "/usr/share/ibmgtsim/osmMulticast.sim.tcl", "size_i": "2843", "regex": "false"},
	{"name_s": "/usr/share/ibmgtsim/osmMulticastRoutingTest.check.tcl", "size_i": "2283", "regex": "false"},
	{"name_s": "/usr/share/ibmgtsim/osmMulticastRoutingTest.sim.tcl", "size_i": "2645", "regex": "false"},
	{"name_s": "/usr/share/ibmgtsim/osmStability.check.tcl", "size_i": "1605", "regex": "false"},
	{"name_s": "/usr/share/ibmgtsim/osmStability.sim.tcl", "size_i": "2245", "regex": "false"},
	{"name_s": "/usr/share/ibmgtsim/osmStress.check.tcl", "size_i": "7631", "regex": "false"},
	{"name_s": "/usr/share/ibmgtsim/osmStress.sim.tcl", "size_i": "30431", "regex": "false"},
	{"name_s": "/usr/share/ibmgtsim/osm_no_quit.check.tcl", "size_i": "1327", "regex": "false"},
	{"name_s": "/usr/share/ibmgtsim/osm_no_quit.sim.tcl", "size_i": "54", "regex": "false"},
	{"name_s": "/usr/share/ibmgtsim/part-4-ary-3-tree.topo", "size_i": "4240", "regex": "false"},
	{"name_s": "/usr/share/ibmgtsim/pkey.check.tcl", "size_i": "12098", "regex": "false"},
	{"name_s": "/usr/share/ibmgtsim/pkey.sim.tcl", "size_i": "14258", "regex": "false"},
	{"name_s": "/usr/share/man/man1/IBMgtSim.1.gz", "size_i": "2706", "regex": "false"},
	{"name_s": "/usr/share/man/man1/RunSimTest.1.gz", "size_i": "2685", "regex": "false"},
	{"name_s": "/usr/share/man/man1/ibdiagnet.1.gz", "size_i": "4484", "regex": "false"},
	{"name_s": "/usr/share/man/man1/ibdiagpath.1.gz", "size_i": "3720", "regex": "false"},
	{"name_s": "/usr/share/man/man1/ibdiagui.1.gz", "size_i": "2254", "regex": "false"},
	{"name_s": "/usr/share/man/man1/ibdm-ibnl-file.1.gz", "size_i": "4619", "regex": "false"},
	{"name_s": "/usr/share/man/man1/ibdm-topo-file.1.gz", "size_i": "3028", "regex": "false"},
	{"name_s": "/usr/share/man/man1/ibdmchk.1.gz", "size_i": "3408", "regex": "false"},
	{"name_s": "/usr/share/man/man1/ibdmsh.1.gz", "size_i": "7343", "regex": "false"},
	{"name_s": "/usr/share/man/man1/ibdmtr.1.gz", "size_i": "2419", "regex": "false"},
	{"name_s": "/usr/share/man/man1/ibis.1.gz", "size_i": "13581", "regex": "false"},
	{"name_s": "/usr/share/man/man1/ibmsquit.1.gz", "size_i": "1953", "regex": "false"},
	{"name_s": "/usr/share/man/man1/ibmssh.1.gz", "size_i": "5464", "regex": "false"},
	{"name_s": "/usr/share/man/man1/ibtopodiff.1.gz", "size_i": "2274", "regex": "false"},
	{"name_s": "/usr/share/man/man1/mkSimNodeDir.1.gz", "size_i": "2044", "regex": "false"}
]
