[
	{"name_s": "/usr/share/javadoc/icu4j", "size_i": "11", "regex": "false"},
	{"name_s": "/usr/share/javadoc/icu4j-4.2.1", "size_i": "4096", "regex": "false"},
	{"name_s": "/usr/share/javadoc/icu4j-4.2.1/allclasses-frame.html", "size_i": "23360", "regex": "false"},
	{"name_s": "/usr/share/javadoc/icu4j-4.2.1/allclasses-noframe.html", "size_i": "19940", "regex": "false"},
	{"name_s": "/usr/share/javadoc/icu4j-4.2.1/com", "size_i": "4096", "regex": "false"},
	{"name_s": "/usr/share/javadoc/icu4j-4.2.1/com/ibm", "size_i": "4096", "regex": "false"},
	{"name_s": "/usr/share/javadoc/icu4j-4.2.1/com/ibm/icu", "size_i": "4096", "regex": "false"},
	{"name_s": "/usr/share/javadoc/icu4j-4.2.1/com/ibm/icu/charset", "size_i": "4096", "regex": "false"},
	{"name_s": "/usr/share/javadoc/icu4j-4.2.1/com/ibm/icu/charset/CharsetCallback.Decoder.html", "size_i": "11100", "regex": "false"},
	{"name_s": "/usr/share/javadoc/icu4j-4.2.1/com/ibm/icu/charset/CharsetCallback.Encoder.html", "size_i": "11188", "regex": "false"},
	{"name_s": "/usr/share/javadoc/icu4j-4.2.1/com/ibm/icu/charset/CharsetCallback.html", "size_i": "20119", "regex": "false"},
	{"name_s": "/usr/share/javadoc/icu4j-4.2.1/com/ibm/icu/charset/CharsetDecoderICU.html", "size_i": "25750", "regex": "false"},
	{"name_s": "/usr/share/javadoc/icu4j-4.2.1/com/ibm/icu/charset/CharsetEncoderICU.html", "size_i": "29155", "regex": "false"},
	{"name_s": "/usr/share/javadoc/icu4j-4.2.1/com/ibm/icu/charset/CharsetICU.html", "size_i": "26002", "regex": "false"},
	{"name_s": "/usr/share/javadoc/icu4j-4.2.1/com/ibm/icu/charset/CharsetProviderICU.html", "size_i": "25239", "regex": "false"},
	{"name_s": "/usr/share/javadoc/icu4j-4.2.1/com/ibm/icu/charset/CharsetSelector.html", "size_i": "14868", "regex": "false"},
	{"name_s": "/usr/share/javadoc/icu4j-4.2.1/com/ibm/icu/charset/class-use", "size_i": "4096", "regex": "false"},
	{"name_s": "/usr/share/javadoc/icu4j-4.2.1/com/ibm/icu/charset/class-use/CharsetCallback.Decoder.html", "size_i": "10818", "regex": "false"},
	{"name_s": "/usr/share/javadoc/icu4j-4.2.1/com/ibm/icu/charset/class-use/CharsetCallback.Encoder.html", "size_i": "10843", "regex": "false"},
	{"name_s": "/usr/share/javadoc/icu4j-4.2.1/com/ibm/icu/charset/class-use/CharsetCallback.html", "size_i": "5637", "regex": "false"},
	{"name_s": "/usr/share/javadoc/icu4j-4.2.1/com/ibm/icu/charset/class-use/CharsetDecoderICU.html", "size_i": "8794", "regex": "false"},
	{"name_s": "/usr/share/javadoc/icu4j-4.2.1/com/ibm/icu/charset/class-use/CharsetEncoderICU.html", "size_i": "8830", "regex": "false"},
	{"name_s": "/usr/share/javadoc/icu4j-4.2.1/com/ibm/icu/charset/class-use/CharsetICU.html", "size_i": "5587", "regex": "false"},
	{"name_s": "/usr/share/javadoc/icu4j-4.2.1/com/ibm/icu/charset/class-use/CharsetProviderICU.html", "size_i": "5667", "regex": "false"},
	{"name_s": "/usr/share/javadoc/icu4j-4.2.1/com/ibm/icu/charset/class-use/CharsetSelector.html", "size_i": "5637", "regex": "false"},
	{"name_s": "/usr/share/javadoc/icu4j-4.2.1/com/ibm/icu/charset/package-frame.html", "size_i": "1916", "regex": "false"},
	{"name_s": "/usr/share/javadoc/icu4j-4.2.1/com/ibm/icu/charset/package-summary.html", "size_i": "8746", "regex": "false"},
	{"name_s": "/usr/share/javadoc/icu4j-4.2.1/com/ibm/icu/charset/package-tree.html", "size_i": "7980", "regex": "false"},
	{"name_s": "/usr/share/javadoc/icu4j-4.2.1/com/ibm/icu/charset/package-use.html", "size_i": "7454", "regex": "false"},
	{"name_s": "/usr/share/javadoc/icu4j-4.2.1/com/ibm/icu/lang", "size_i": "4096", "regex": "false"},
	{"name_s": "/usr/share/javadoc/icu4j-4.2.1/com/ibm/icu/lang/UCharacter.DecompositionType.html", "size_i": "20118", "regex": "false"},
	{"name_s": "/usr/share/javadoc/icu4j-4.2.1/com/ibm/icu/lang/UCharacter.EastAsianWidth.html", "size_i": "12483", "regex": "false"},
	{"name_s": "/usr/share/javadoc/icu4j-4.2.1/com/ibm/icu/lang/UCharacter.GraphemeClusterBreak.html", "size_i": "16246", "regex": "false"},
	{"name_s": "/usr/share/javadoc/icu4j-4.2.1/com/ibm/icu/lang/UCharacter.HangulSyllableType.html", "size_i": "12604", "regex": "false"},
	{"name_s": "/usr/share/javadoc/icu4j-4.2.1/com/ibm/icu/lang/UCharacter.JoiningGroup.html", "size_i": "43536", "regex": "false"},
	{"name_s": "/usr/share/javadoc/icu4j-4.2.1/com/ibm/icu/lang/UCharacter.JoiningType.html", "size_i": "12384", "regex": "false"},
	{"name_s": "/usr/share/javadoc/icu4j-4.2.1/com/ibm/icu/lang/UCharacter.LineBreak.html", "size_i": "32876", "regex": "false"},
	{"name_s": "/usr/share/javadoc/icu4j-4.2.1/com/ibm/icu/lang/UCharacter.NumericType.html", "size_i": "10892", "regex": "false"},
	{"name_s": "/usr/share/javadoc/icu4j-4.2.1/com/ibm/icu/lang/UCharacter.SentenceBreak.html", "size_i": "17915", "regex": "false"},
	{"name_s": "/usr/share/javadoc/icu4j-4.2.1/com/ibm/icu/lang/UCharacter.UnicodeBlock.html", "size_i": "286873", "regex": "false"},
	{"name_s": "/usr/share/javadoc/icu4j-4.2.1/com/ibm/icu/lang/UCharacter.WordBreak.html", "size_i": "16593", "regex": "false"},
	{"name_s": "/usr/share/javadoc/icu4j-4.2.1/com/ibm/icu/lang/UCharacter.html", "size_i": "201727", "regex": "false"},
	{"name_s": "/usr/share/javadoc/icu4j-4.2.1/com/ibm/icu/lang/UCharacterCategory.html", "size_i": "16621", "regex": "false"},
	{"name_s": "/usr/share/javadoc/icu4j-4.2.1/com/ibm/icu/lang/UCharacterDirection.html", "size_i": "17768", "regex": "false"},
	{"name_s": "/usr/share/javadoc/icu4j-4.2.1/com/ibm/icu/lang/UCharacterEnums.ECharacterCategory.html", "size_i": "35106", "regex": "false"},
	{"name_s": "/usr/share/javadoc/icu4j-4.2.1/com/ibm/icu/lang/UCharacterEnums.ECharacterDirection.html", "size_i": "42686", "regex": "false"},
	{"name_s": "/usr/share/javadoc/icu4j-4.2.1/com/ibm/icu/lang/UCharacterEnums.html", "size_i": "10789", "regex": "false"},
	{"name_s": "/usr/share/javadoc/icu4j-4.2.1/com/ibm/icu/lang/UProperty.NameChoice.html", "size_i": "10581", "regex": "false"},
	{"name_s": "/usr/share/javadoc/icu4j-4.2.1/com/ibm/icu/lang/UProperty.html", "size_i": "88997", "regex": "false"},
	{"name_s": "/usr/share/javadoc/icu4j-4.2.1/com/ibm/icu/lang/UScript.html", "size_i": "107988", "regex": "false"},
	{"name_s": "/usr/share/javadoc/icu4j-4.2.1/com/ibm/icu/lang/UScriptRun.html", "size_i": "27812", "regex": "false"},
	{"name_s": "/usr/share/javadoc/icu4j-4.2.1/com/ibm/icu/lang/class-use", "size_i": "4096", "regex": "false"},
	{"name_s": "/usr/share/javadoc/icu4j-4.2.1/com/ibm/icu/lang/class-use/UCharacter.DecompositionType.html", "size_i": "5757", "regex": "false"},
	{"name_s": "/usr/share/javadoc/icu4j-4.2.1/com/ibm/icu/lang/class-use/UCharacter.EastAsianWidth.html", "size_i": "5727", "regex": "false"},
	{"name_s": "/usr/share/javadoc/icu4j-4.2.1/com/ibm/icu/lang/class-use/UCharacter.GraphemeClusterBreak.html", "size_i": "5787", "regex": "false"},
	{"name_s": "/usr/share/javadoc/icu4j-4.2.1/com/ibm/icu/lang/class-use/UCharacter.HangulSyllableType.html", "size_i": "5767", "regex": "false"},
	{"name_s": "/usr/share/javadoc/icu4j-4.2.1/com/ibm/icu/lang/class-use/UCharacter.JoiningGroup.html", "size_i": "5707", "regex": "false"},
	{"name_s": "/usr/share/javadoc/icu4j-4.2.1/com/ibm/icu/lang/class-use/UCharacter.JoiningType.html", "size_i": "5697", "regex": "false"},
	{"name_s": "/usr/share/javadoc/icu4j-4.2.1/com/ibm/icu/lang/class-use/UCharacter.LineBreak.html", "size_i": "5677", "regex": "false"},
	{"name_s": "/usr/share/javadoc/icu4j-4.2.1/com/ibm/icu/lang/class-use/UCharacter.NumericType.html", "size_i": "5697", "regex": "false"},
	{"name_s": "/usr/share/javadoc/icu4j-4.2.1/com/ibm/icu/lang/class-use/UCharacter.SentenceBreak.html", "size_i": "5717", "regex": "false"},
	{"name_s": "/usr/share/javadoc/icu4j-4.2.1/com/ibm/icu/lang/class-use/UCharacter.UnicodeBlock.html", "size_i": "100586", "regex": "false"},
	{"name_s": "/usr/share/javadoc/icu4j-4.2.1/com/ibm/icu/lang/class-use/UCharacter.WordBreak.html", "size_i": "5677", "regex": "false"},
	{"name_s": "/usr/share/javadoc/icu4j-4.2.1/com/ibm/icu/lang/class-use/UCharacter.html", "size_i": "5557", "regex": "false"},
	{"name_s": "/usr/share/javadoc/icu4j-4.2.1/com/ibm/icu/lang/class-use/UCharacterCategory.html", "size_i": "5637", "regex": "false"},
	{"name_s": "/usr/share/javadoc/icu4j-4.2.1/com/ibm/icu/lang/class-use/UCharacterDirection.html", "size_i": "5647", "regex": "false"},
	{"name_s": "/usr/share/javadoc/icu4j-4.2.1/com/ibm/icu/lang/class-use/UCharacterEnums.ECharacterCategory.html", "size_i": "8214", "regex": "false"},
	{"name_s": "/usr/share/javadoc/icu4j-4.2.1/com/ibm/icu/lang/class-use/UCharacterEnums.ECharacterDirection.html", "size_i": "8227", "regex": "false"},
	{"name_s": "/usr/share/javadoc/icu4j-4.2.1/com/ibm/icu/lang/class-use/UCharacterEnums.html", "size_i": "5607", "regex": "false"},
	{"name_s": "/usr/share/javadoc/icu4j-4.2.1/com/ibm/icu/lang/class-use/UProperty.NameChoice.html", "size_i": "5677", "regex": "false"},
	{"name_s": "/usr/share/javadoc/icu4j-4.2.1/com/ibm/icu/lang/class-use/UProperty.html", "size_i": "5567", "regex": "false"},
	{"name_s": "/usr/share/javadoc/icu4j-4.2.1/com/ibm/icu/lang/class-use/UScript.html", "size_i": "5527", "regex": "false"},
	{"name_s": "/usr/share/javadoc/icu4j-4.2.1/com/ibm/icu/lang/class-use/UScriptRun.html", "size_i": "5557", "regex": "false"},
	{"name_s": "/usr/share/javadoc/icu4j-4.2.1/com/ibm/icu/lang/package-frame.html", "size_i": "3667", "regex": "false"},
	{"name_s": "/usr/share/javadoc/icu4j-4.2.1/com/ibm/icu/lang/package-summary.html", "size_i": "12360", "regex": "false"},
	{"name_s": "/usr/share/javadoc/icu4j-4.2.1/com/ibm/icu/lang/package-tree.html", "size_i": "10268", "regex": "false"},
	{"name_s": "/usr/share/javadoc/icu4j-4.2.1/com/ibm/icu/lang/package-use.html", "size_i": "7189", "regex": "false"},
	{"name_s": "/usr/share/javadoc/icu4j-4.2.1/com/ibm/icu/math", "size_i": "4096", "regex": "false"},
	{"name_s": "/usr/share/javadoc/icu4j-4.2.1/com/ibm/icu/math/BigDecimal.html", "size_i": "161038", "regex": "false"},
	{"name_s": "/usr/share/javadoc/icu4j-4.2.1/com/ibm/icu/math/MathContext.html", "size_i": "39666", "regex": "false"},
	{"name_s": "/usr/share/javadoc/icu4j-4.2.1/com/ibm/icu/math/class-use", "size_i": "4096", "regex": "false"},
	{"name_s": "/usr/share/javadoc/icu4j-4.2.1/com/ibm/icu/math/class-use/BigDecimal.html", "size_i": "61613", "regex": "false"},
	{"name_s": "/usr/share/javadoc/icu4j-4.2.1/com/ibm/icu/math/class-use/MathContext.html", "size_i": "20663", "regex": "false"},
	{"name_s": "/usr/share/javadoc/icu4j-4.2.1/com/ibm/icu/math/package-frame.html", "size_i": "964", "regex": "false"},
	{"name_s": "/usr/share/javadoc/icu4j-4.2.1/com/ibm/icu/math/package-summary.html", "size_i": "6755", "regex": "false"},
	{"name_s": "/usr/share/javadoc/icu4j-4.2.1/com/ibm/icu/math/package-tree.html", "size_i": "6789", "regex": "false"},
	{"name_s": "/usr/share/javadoc/icu4j-4.2.1/com/ibm/icu/math/package-use.html", "size_i": "9531", "regex": "false"},
	{"name_s": "/usr/share/javadoc/icu4j-4.2.1/com/ibm/icu/text", "size_i": "4096", "regex": "false"},
	{"name_s": "/usr/share/javadoc/icu4j-4.2.1/com/ibm/icu/text/ArabicShaping.html", "size_i": "65128", "regex": "false"},
	{"name_s": "/usr/share/javadoc/icu4j-4.2.1/com/ibm/icu/text/ArabicShapingException.html", "size_i": "14056", "regex": "false"},
	{"name_s": "/usr/share/javadoc/icu4j-4.2.1/com/ibm/icu/text/Bidi.html", "size_i": "187454", "regex": "false"},
	{"name_s": "/usr/share/javadoc/icu4j-4.2.1/com/ibm/icu/text/BidiClassifier.html", "size_i": "17451", "regex": "false"},
	{"name_s": "/usr/share/javadoc/icu4j-4.2.1/com/ibm/icu/text/BidiRun.html", "size_i": "15572", "regex": "false"},
	{"name_s": "/usr/share/javadoc/icu4j-4.2.1/com/ibm/icu/text/BreakDictionary.html", "size_i": "20175", "regex": "false"},
	{"name_s": "/usr/share/javadoc/icu4j-4.2.1/com/ibm/icu/text/BreakIterator.html", "size_i": "72095", "regex": "false"},
	{"name_s": "/usr/share/javadoc/icu4j-4.2.1/com/ibm/icu/text/CanonicalIterator.html", "size_i": "17887", "regex": "false"},
	{"name_s": "/usr/share/javadoc/icu4j-4.2.1/com/ibm/icu/text/CharsetDetector.html", "size_i": "26330", "regex": "false"},
	{"name_s": "/usr/share/javadoc/icu4j-4.2.1/com/ibm/icu/text/CharsetMatch.html", "size_i": "25948", "regex": "false"},
	{"name_s": "/usr/share/javadoc/icu4j-4.2.1/com/ibm/icu/text/ChineseDateFormat.Field.html", "size_i": "23581", "regex": "false"},
	{"name_s": "/usr/share/javadoc/icu4j-4.2.1/com/ibm/icu/text/ChineseDateFormat.html", "size_i": "44721", "regex": "false"},
	{"name_s": "/usr/share/javadoc/icu4j-4.2.1/com/ibm/icu/text/ChineseDateFormatSymbols.html", "size_i": "25457", "regex": "false"},
	{"name_s": "/usr/share/javadoc/icu4j-4.2.1/com/ibm/icu/text/CollationElementIterator.html", "size_i": "32391", "regex": "false"},
	{"name_s": "/usr/share/javadoc/icu4j-4.2.1/com/ibm/icu/text/CollationKey.BoundMode.html", "size_i": "13395", "regex": "false"},
	{"name_s": "/usr/share/javadoc/icu4j-4.2.1/com/ibm/icu/text/CollationKey.html", "size_i": "36040", "regex": "false"},
	{"name_s": "/usr/share/javadoc/icu4j-4.2.1/com/ibm/icu/text/Collator.CollatorFactory.html", "size_i": "20508", "regex": "false"},
	{"name_s": "/usr/share/javadoc/icu4j-4.2.1/com/ibm/icu/text/Collator.html", "size_i": "88320", "regex": "false"},
	{"name_s": "/usr/share/javadoc/icu4j-4.2.1/com/ibm/icu/text/ComposedCharIter.html", "size_i": "19251", "regex": "false"},
	{"name_s": "/usr/share/javadoc/icu4j-4.2.1/com/ibm/icu/text/CurrencyPluralInfo.html", "size_i": "26767", "regex": "false"},
	{"name_s": "/usr/share/javadoc/icu4j-4.2.1/com/ibm/icu/text/DateFormat.Field.html", "size_i": "40275", "regex": "false"},
	{"name_s": "/usr/share/javadoc/icu4j-4.2.1/com/ibm/icu/text/DateFormat.html", "size_i": "183962", "regex": "false"},
	{"name_s": "/usr/share/javadoc/icu4j-4.2.1/com/ibm/icu/text/DateFormatSymbols.html", "size_i": "90143", "regex": "false"},
	{"name_s": "/usr/share/javadoc/icu4j-4.2.1/com/ibm/icu/text/DateIntervalFormat.html", "size_i": "51419", "regex": "false"},
	{"name_s": "/usr/share/javadoc/icu4j-4.2.1/com/ibm/icu/text/DateIntervalInfo.PatternInfo.html", "size_i": "17136", "regex": "false"},
	{"name_s": "/usr/share/javadoc/icu4j-4.2.1/com/ibm/icu/text/DateIntervalInfo.html", "size_i": "34227", "regex": "false"},
	{"name_s": "/usr/share/javadoc/icu4j-4.2.1/com/ibm/icu/text/DateTimePatternGenerator.FormatParser.html", "size_i": "22996", "regex": "false"},
	{"name_s": "/usr/share/javadoc/icu4j-4.2.1/com/ibm/icu/text/DateTimePatternGenerator.PatternInfo.html", "size_i": "15584", "regex": "false"},
	{"name_s": "/usr/share/javadoc/icu4j-4.2.1/com/ibm/icu/text/DateTimePatternGenerator.VariableField.html", "size_i": "16262", "regex": "false"},
	{"name_s": "/usr/share/javadoc/icu4j-4.2.1/com/ibm/icu/text/DateTimePatternGenerator.html", "size_i": "62114", "regex": "false"},
	{"name_s": "/usr/share/javadoc/icu4j-4.2.1/com/ibm/icu/text/DecimalFormat.html", "size_i": "166579", "regex": "false"},
	{"name_s": "/usr/share/javadoc/icu4j-4.2.1/com/ibm/icu/text/DecimalFormatSymbols.html", "size_i": "72706", "regex": "false"},
	{"name_s": "/usr/share/javadoc/icu4j-4.2.1/com/ibm/icu/text/DictionaryBasedBreakIterator.html", "size_i": "37300", "regex": "false"},
	{"name_s": "/usr/share/javadoc/icu4j-4.2.1/com/ibm/icu/text/DurationFormat.html", "size_i": "25976", "regex": "false"},
	{"name_s": "/usr/share/javadoc/icu4j-4.2.1/com/ibm/icu/text/IDNA.html", "size_i": "64388", "regex": "false"},
	{"name_s": "/usr/share/javadoc/icu4j-4.2.1/com/ibm/icu/text/IndexCharacters.html", "size_i": "19023", "regex": "false"},
	{"name_s": "/usr/share/javadoc/icu4j-4.2.1/com/ibm/icu/text/MeasureFormat.html", "size_i": "17773", "regex": "false"},
	{"name_s": "/usr/share/javadoc/icu4j-4.2.1/com/ibm/icu/text/MessageFormat.Field.html", "size_i": "18305", "regex": "false"},
	{"name_s": "/usr/share/javadoc/icu4j-4.2.1/com/ibm/icu/text/MessageFormat.html", "size_i": "102353", "regex": "false"},
	{"name_s": "/usr/share/javadoc/icu4j-4.2.1/com/ibm/icu/text/Normalizer.Mode.html", "size_i": "18519", "regex": "false"},
	{"name_s": "/usr/share/javadoc/icu4j-4.2.1/com/ibm/icu/text/Normalizer.QuickCheckResult.html", "size_i": "9735", "regex": "false"},
	{"name_s": "/usr/share/javadoc/icu4j-4.2.1/com/ibm/icu/text/Normalizer.html", "size_i": "145339", "regex": "false"},
	{"name_s": "/usr/share/javadoc/icu4j-4.2.1/com/ibm/icu/text/NumberFormat.Field.html", "size_i": "25475", "regex": "false"},
	{"name_s": "/usr/share/javadoc/icu4j-4.2.1/com/ibm/icu/text/NumberFormat.NumberFormatFactory.html", "size_i": "22530", "regex": "false"},
	{"name_s": "/usr/share/javadoc/icu4j-4.2.1/com/ibm/icu/text/NumberFormat.SimpleNumberFormatFactory.html", "size_i": "20536", "regex": "false"},
	{"name_s": "/usr/share/javadoc/icu4j-4.2.1/com/ibm/icu/text/NumberFormat.html", "size_i": "117231", "regex": "false"},
	{"name_s": "/usr/share/javadoc/icu4j-4.2.1/com/ibm/icu/text/PluralFormat.html", "size_i": "49511", "regex": "false"},
	{"name_s": "/usr/share/javadoc/icu4j-4.2.1/com/ibm/icu/text/PluralRules.html", "size_i": "34058", "regex": "false"},
	{"name_s": "/usr/share/javadoc/icu4j-4.2.1/com/ibm/icu/text/RawCollationKey.html", "size_i": "19257", "regex": "false"},
	{"name_s": "/usr/share/javadoc/icu4j-4.2.1/com/ibm/icu/text/Replaceable.html", "size_i": "19624", "regex": "false"},
	{"name_s": "/usr/share/javadoc/icu4j-4.2.1/com/ibm/icu/text/ReplaceableString.html", "size_i": "27670", "regex": "false"},
	{"name_s": "/usr/share/javadoc/icu4j-4.2.1/com/ibm/icu/text/RuleBasedBreakIterator.html", "size_i": "53745", "regex": "false"},
	{"name_s": "/usr/share/javadoc/icu4j-4.2.1/com/ibm/icu/text/RuleBasedCollator.html", "size_i": "88868", "regex": "false"},
	{"name_s": "/usr/share/javadoc/icu4j-4.2.1/com/ibm/icu/text/RuleBasedNumberFormat.html", "size_i": "102104", "regex": "false"},
	{"name_s": "/usr/share/javadoc/icu4j-4.2.1/com/ibm/icu/text/RuleBasedTransliterator.html", "size_i": "37737", "regex": "false"},
	{"name_s": "/usr/share/javadoc/icu4j-4.2.1/com/ibm/icu/text/SearchIterator.html", "size_i": "59514", "regex": "false"},
	{"name_s": "/usr/share/javadoc/icu4j-4.2.1/com/ibm/icu/text/SimpleDateFormat.html", "size_i": "91077", "regex": "false"},
	{"name_s": "/usr/share/javadoc/icu4j-4.2.1/com/ibm/icu/text/StringCharacterIterator.html", "size_i": "32877", "regex": "false"},
	{"name_s": "/usr/share/javadoc/icu4j-4.2.1/com/ibm/icu/text/StringPrep.html", "size_i": "33899", "regex": "false"},
	{"name_s": "/usr/share/javadoc/icu4j-4.2.1/com/ibm/icu/text/StringPrepParseException.html", "size_i": "32291", "regex": "false"},
	{"name_s": "/usr/share/javadoc/icu4j-4.2.1/com/ibm/icu/text/StringSearch.html", "size_i": "51773", "regex": "false"},
	{"name_s": "/usr/share/javadoc/icu4j-4.2.1/com/ibm/icu/text/StringTransform.html", "size_i": "9144", "regex": "false"},
	{"name_s": "/usr/share/javadoc/icu4j-4.2.1/com/ibm/icu/text/SymbolTable.html", "size_i": "15002", "regex": "false"},
	{"name_s": "/usr/share/javadoc/icu4j-4.2.1/com/ibm/icu/text/TimeUnitFormat.html", "size_i": "31761", "regex": "false"},
	{"name_s": "/usr/share/javadoc/icu4j-4.2.1/com/ibm/icu/text/Transliterator.Factory.html", "size_i": "9053", "regex": "false"},
	{"name_s": "/usr/share/javadoc/icu4j-4.2.1/com/ibm/icu/text/Transliterator.Position.html", "size_i": "23312", "regex": "false"},
	{"name_s": "/usr/share/javadoc/icu4j-4.2.1/com/ibm/icu/text/Transliterator.html", "size_i": "95307", "regex": "false"},
	{"name_s": "/usr/share/javadoc/icu4j-4.2.1/com/ibm/icu/text/UCharacterIterator.html", "size_i": "42921", "regex": "false"},
	{"name_s": "/usr/share/javadoc/icu4j-4.2.1/com/ibm/icu/text/UFormat.html", "size_i": "17628", "regex": "false"},
	{"name_s": "/usr/share/javadoc/icu4j-4.2.1/com/ibm/icu/text/UForwardCharacterIterator.html", "size_i": "12999", "regex": "false"},
	{"name_s": "/usr/share/javadoc/icu4j-4.2.1/com/ibm/icu/text/UTF16.StringComparator.html", "size_i": "25845", "regex": "false"},
	{"name_s": "/usr/share/javadoc/icu4j-4.2.1/com/ibm/icu/text/UTF16.html", "size_i": "124033", "regex": "false"},
	{"name_s": "/usr/share/javadoc/icu4j-4.2.1/com/ibm/icu/text/UnicodeCompressor.html", "size_i": "58940", "regex": "false"},
	{"name_s": "/usr/share/javadoc/icu4j-4.2.1/com/ibm/icu/text/UnicodeDecompressor.html", "size_i": "59009", "regex": "false"},
	{"name_s": "/usr/share/javadoc/icu4j-4.2.1/com/ibm/icu/text/UnicodeFilter.html", "size_i": "17682", "regex": "false"},
	{"name_s": "/usr/share/javadoc/icu4j-4.2.1/com/ibm/icu/text/UnicodeMatcher.html", "size_i": "19102", "regex": "false"},
	{"name_s": "/usr/share/javadoc/icu4j-4.2.1/com/ibm/icu/text/UnicodeSet.XSymbolTable.html", "size_i": "19833", "regex": "false"},
	{"name_s": "/usr/share/javadoc/icu4j-4.2.1/com/ibm/icu/text/UnicodeSet.html", "size_i": "136445", "regex": "false"},
	{"name_s": "/usr/share/javadoc/icu4j-4.2.1/com/ibm/icu/text/UnicodeSetIterator.html", "size_i": "25405", "regex": "false"},
	{"name_s": "/usr/share/javadoc/icu4j-4.2.1/com/ibm/icu/text/class-use", "size_i": "4096", "regex": "false"},
	{"name_s": "/usr/share/javadoc/icu4j-4.2.1/com/ibm/icu/text/class-use/ArabicShaping.html", "size_i": "5587", "regex": "false"},
	{"name_s": "/usr/share/javadoc/icu4j-4.2.1/com/ibm/icu/text/class-use/ArabicShapingException.html", "size_i": "9065", "regex": "false"},
	{"name_s": "/usr/share/javadoc/icu4j-4.2.1/com/ibm/icu/text/class-use/Bidi.html", "size_i": "8262", "regex": "false"},
	{"name_s": "/usr/share/javadoc/icu4j-4.2.1/com/ibm/icu/text/class-use/BidiClassifier.html", "size_i": "8726", "regex": "false"},
	{"name_s": "/usr/share/javadoc/icu4j-4.2.1/com/ibm/icu/text/class-use/BidiRun.html", "size_i": "9068", "regex": "false"},
	{"name_s": "/usr/share/javadoc/icu4j-4.2.1/com/ibm/icu/text/class-use/BreakDictionary.html", "size_i": "5607", "regex": "false"},
	{"name_s": "/usr/share/javadoc/icu4j-4.2.1/com/ibm/icu/text/class-use/BreakIterator.html", "size_i": "34023", "regex": "false"},
	{"name_s": "/usr/share/javadoc/icu4j-4.2.1/com/ibm/icu/text/class-use/CanonicalIterator.html", "size_i": "5627", "regex": "false"},
	{"name_s": "/usr/share/javadoc/icu4j-4.2.1/com/ibm/icu/text/class-use/CharsetDetector.html", "size_i": "9084", "regex": "false"},
	{"name_s": "/usr/share/javadoc/icu4j-4.2.1/com/ibm/icu/text/class-use/CharsetMatch.html", "size_i": "8193", "regex": "false"},
	{"name_s": "/usr/share/javadoc/icu4j-4.2.1/com/ibm/icu/text/class-use/ChineseDateFormat.Field.html", "size_i": "7841", "regex": "false"},
	{"name_s": "/usr/share/javadoc/icu4j-4.2.1/com/ibm/icu/text/class-use/ChineseDateFormat.html", "size_i": "5627", "regex": "false"},
	{"name_s": "/usr/share/javadoc/icu4j-4.2.1/com/ibm/icu/text/class-use/ChineseDateFormatSymbols.html", "size_i": "5697", "regex": "false"},
	{"name_s": "/usr/share/javadoc/icu4j-4.2.1/com/ibm/icu/text/class-use/CollationElementIterator.html", "size_i": "9570", "regex": "false"},
	{"name_s": "/usr/share/javadoc/icu4j-4.2.1/com/ibm/icu/text/class-use/CollationKey.BoundMode.html", "size_i": "5677", "regex": "false"},
	{"name_s": "/usr/share/javadoc/icu4j-4.2.1/com/ibm/icu/text/class-use/CollationKey.html", "size_i": "11957", "regex": "false"},
	{"name_s": "/usr/share/javadoc/icu4j-4.2.1/com/ibm/icu/text/class-use/Collator.CollatorFactory.html", "size_i": "8011", "regex": "false"},
	{"name_s": "/usr/share/javadoc/icu4j-4.2.1/com/ibm/icu/text/class-use/Collator.html", "size_i": "15467", "regex": "false"},
	{"name_s": "/usr/share/javadoc/icu4j-4.2.1/com/ibm/icu/text/class-use/ComposedCharIter.html", "size_i": "5617", "regex": "false"},
	{"name_s": "/usr/share/javadoc/icu4j-4.2.1/com/ibm/icu/text/class-use/CurrencyPluralInfo.html", "size_i": "12095", "regex": "false"},
	{"name_s": "/usr/share/javadoc/icu4j-4.2.1/com/ibm/icu/text/class-use/DateFormat.Field.html", "size_i": "23525", "regex": "false"},
	{"name_s": "/usr/share/javadoc/icu4j-4.2.1/com/ibm/icu/text/class-use/DateFormat.html", "size_i": "42390", "regex": "false"},
	{"name_s": "/usr/share/javadoc/icu4j-4.2.1/com/ibm/icu/text/class-use/DateFormatSymbols.html", "size_i": "16999", "regex": "false"},
	{"name_s": "/usr/share/javadoc/icu4j-4.2.1/com/ibm/icu/text/class-use/DateIntervalFormat.html", "size_i": "12698", "regex": "false"},
	{"name_s": "/usr/share/javadoc/icu4j-4.2.1/com/ibm/icu/text/class-use/DateIntervalInfo.PatternInfo.html", "size_i": "8139", "regex": "false"},
	{"name_s": "/usr/share/javadoc/icu4j-4.2.1/com/ibm/icu/text/class-use/DateIntervalInfo.html", "size_i": "11779", "regex": "false"},
	{"name_s": "/usr/share/javadoc/icu4j-4.2.1/com/ibm/icu/text/class-use/DateTimePatternGenerator.FormatParser.html", "size_i": "9043", "regex": "false"},
	{"name_s": "/usr/share/javadoc/icu4j-4.2.1/com/ibm/icu/text/class-use/DateTimePatternGenerator.PatternInfo.html", "size_i": "8471", "regex": "false"},
	{"name_s": "/usr/share/javadoc/icu4j-4.2.1/com/ibm/icu/text/class-use/DateTimePatternGenerator.VariableField.html", "size_i": "5837", "regex": "false"},
	{"name_s": "/usr/share/javadoc/icu4j-4.2.1/com/ibm/icu/text/class-use/DateTimePatternGenerator.html", "size_i": "10158", "regex": "false"},
	{"name_s": "/usr/share/javadoc/icu4j-4.2.1/com/ibm/icu/text/class-use/DecimalFormat.html", "size_i": "5587", "regex": "false"},
	{"name_s": "/usr/share/javadoc/icu4j-4.2.1/com/ibm/icu/text/class-use/DecimalFormatSymbols.html", "size_i": "12836", "regex": "false"},
	{"name_s": "/usr/share/javadoc/icu4j-4.2.1/com/ibm/icu/text/class-use/DictionaryBasedBreakIterator.html", "size_i": "5737", "regex": "false"},
	{"name_s": "/usr/share/javadoc/icu4j-4.2.1/com/ibm/icu/text/class-use/DurationFormat.html", "size_i": "7816", "regex": "false"},
	{"name_s": "/usr/share/javadoc/icu4j-4.2.1/com/ibm/icu/text/class-use/IDNA.html", "size_i": "5497", "regex": "false"},
	{"name_s": "/usr/share/javadoc/icu4j-4.2.1/com/ibm/icu/text/class-use/IndexCharacters.html", "size_i": "5607", "regex": "false"},
	{"name_s": "/usr/share/javadoc/icu4j-4.2.1/com/ibm/icu/text/class-use/MeasureFormat.html", "size_i": "9221", "regex": "false"},
	{"name_s": "/usr/share/javadoc/icu4j-4.2.1/com/ibm/icu/text/class-use/MessageFormat.Field.html", "size_i": "7844", "regex": "false"},
	{"name_s": "/usr/share/javadoc/icu4j-4.2.1/com/ibm/icu/text/class-use/MessageFormat.html", "size_i": "5587", "regex": "false"},
	{"name_s": "/usr/share/javadoc/icu4j-4.2.1/com/ibm/icu/text/class-use/Normalizer.Mode.html", "size_i": "31019", "regex": "false"},
	{"name_s": "/usr/share/javadoc/icu4j-4.2.1/com/ibm/icu/text/class-use/Normalizer.QuickCheckResult.html", "size_i": "13570", "regex": "false"},
	{"name_s": "/usr/share/javadoc/icu4j-4.2.1/com/ibm/icu/text/class-use/Normalizer.html", "size_i": "5557", "regex": "false"},
	{"name_s": "/usr/share/javadoc/icu4j-4.2.1/com/ibm/icu/text/class-use/NumberFormat.Field.html", "size_i": "12589", "regex": "false"},
	{"name_s": "/usr/share/javadoc/icu4j-4.2.1/com/ibm/icu/text/class-use/NumberFormat.NumberFormatFactory.html", "size_i": "9080", "regex": "false"},
	{"name_s": "/usr/share/javadoc/icu4j-4.2.1/com/ibm/icu/text/class-use/NumberFormat.SimpleNumberFormatFactory.html", "size_i": "5837", "regex": "false"},
	{"name_s": "/usr/share/javadoc/icu4j-4.2.1/com/ibm/icu/text/class-use/NumberFormat.html", "size_i": "32361", "regex": "false"},
	{"name_s": "/usr/share/javadoc/icu4j-4.2.1/com/ibm/icu/text/class-use/PluralFormat.html", "size_i": "7685", "regex": "false"},
	{"name_s": "/usr/share/javadoc/icu4j-4.2.1/com/ibm/icu/text/class-use/PluralRules.html", "size_i": "14584", "regex": "false"},
	{"name_s": "/usr/share/javadoc/icu4j-4.2.1/com/ibm/icu/text/class-use/RawCollationKey.html", "size_i": "12650", "regex": "false"},
	{"name_s": "/usr/share/javadoc/icu4j-4.2.1/com/ibm/icu/text/class-use/Replaceable.html", "size_i": "18803", "regex": "false"},
	{"name_s": "/usr/share/javadoc/icu4j-4.2.1/com/ibm/icu/text/class-use/ReplaceableString.html", "size_i": "5627", "regex": "false"},
	{"name_s": "/usr/share/javadoc/icu4j-4.2.1/com/ibm/icu/text/class-use/RuleBasedBreakIterator.html", "size_i": "9026", "regex": "false"},
	{"name_s": "/usr/share/javadoc/icu4j-4.2.1/com/ibm/icu/text/class-use/RuleBasedCollator.html", "size_i": "11233", "regex": "false"},
	{"name_s": "/usr/share/javadoc/icu4j-4.2.1/com/ibm/icu/text/class-use/RuleBasedNumberFormat.html", "size_i": "5667", "regex": "false"},
	{"name_s": "/usr/share/javadoc/icu4j-4.2.1/com/ibm/icu/text/class-use/RuleBasedTransliterator.html", "size_i": "5687", "regex": "false"},
	{"name_s": "/usr/share/javadoc/icu4j-4.2.1/com/ibm/icu/text/class-use/SearchIterator.html", "size_i": "7822", "regex": "false"},
	{"name_s": "/usr/share/javadoc/icu4j-4.2.1/com/ibm/icu/text/class-use/SimpleDateFormat.html", "size_i": "8974", "regex": "false"},
	{"name_s": "/usr/share/javadoc/icu4j-4.2.1/com/ibm/icu/text/class-use/StringCharacterIterator.html", "size_i": "5687", "regex": "false"},
	{"name_s": "/usr/share/javadoc/icu4j-4.2.1/com/ibm/icu/text/class-use/StringPrep.html", "size_i": "7623", "regex": "false"},
	{"name_s": "/usr/share/javadoc/icu4j-4.2.1/com/ibm/icu/text/class-use/StringPrepParseException.html", "size_i": "20161", "regex": "false"},
	{"name_s": "/usr/share/javadoc/icu4j-4.2.1/com/ibm/icu/text/class-use/StringSearch.html", "size_i": "5577", "regex": "false"},
	{"name_s": "/usr/share/javadoc/icu4j-4.2.1/com/ibm/icu/text/class-use/StringTransform.html", "size_i": "8099", "regex": "false"},
	{"name_s": "/usr/share/javadoc/icu4j-4.2.1/com/ibm/icu/text/class-use/SymbolTable.html", "size_i": "12161", "regex": "false"},
	{"name_s": "/usr/share/javadoc/icu4j-4.2.1/com/ibm/icu/text/class-use/TimeUnitFormat.html", "size_i": "9130", "regex": "false"},
	{"name_s": "/usr/share/javadoc/icu4j-4.2.1/com/ibm/icu/text/class-use/Transliterator.Factory.html", "size_i": "8087", "regex": "false"},
	{"name_s": "/usr/share/javadoc/icu4j-4.2.1/com/ibm/icu/text/class-use/Transliterator.Position.html", "size_i": "15076", "regex": "false"},
	{"name_s": "/usr/share/javadoc/icu4j-4.2.1/com/ibm/icu/text/class-use/Transliterator.html", "size_i": "13522", "regex": "false"},
	{"name_s": "/usr/share/javadoc/icu4j-4.2.1/com/ibm/icu/text/class-use/UCharacterIterator.html", "size_i": "19535", "regex": "false"},
	{"name_s": "/usr/share/javadoc/icu4j-4.2.1/com/ibm/icu/text/class-use/UFormat.html", "size_i": "12717", "regex": "false"},
	{"name_s": "/usr/share/javadoc/icu4j-4.2.1/com/ibm/icu/text/class-use/UForwardCharacterIterator.html", "size_i": "7882", "regex": "false"},
	{"name_s": "/usr/share/javadoc/icu4j-4.2.1/com/ibm/icu/text/class-use/UTF16.StringComparator.html", "size_i": "5677", "regex": "false"},
	{"name_s": "/usr/share/javadoc/icu4j-4.2.1/com/ibm/icu/text/class-use/UTF16.html", "size_i": "5507", "regex": "false"},
	{"name_s": "/usr/share/javadoc/icu4j-4.2.1/com/ibm/icu/text/class-use/UnicodeCompressor.html", "size_i": "5627", "regex": "false"},
	{"name_s": "/usr/share/javadoc/icu4j-4.2.1/com/ibm/icu/text/class-use/UnicodeDecompressor.html", "size_i": "5647", "regex": "false"},
	{"name_s": "/usr/share/javadoc/icu4j-4.2.1/com/ibm/icu/text/class-use/UnicodeFilter.html", "size_i": "10522", "regex": "false"},
	{"name_s": "/usr/share/javadoc/icu4j-4.2.1/com/ibm/icu/text/class-use/UnicodeMatcher.html", "size_i": "9631", "regex": "false"},
	{"name_s": "/usr/share/javadoc/icu4j-4.2.1/com/ibm/icu/text/class-use/UnicodeSet.XSymbolTable.html", "size_i": "5687", "regex": "false"},
	{"name_s": "/usr/share/javadoc/icu4j-4.2.1/com/ibm/icu/text/class-use/UnicodeSet.html", "size_i": "55005", "regex": "false"},
	{"name_s": "/usr/share/javadoc/icu4j-4.2.1/com/ibm/icu/text/class-use/UnicodeSetIterator.html", "size_i": "5637", "regex": "false"},
	{"name_s": "/usr/share/javadoc/icu4j-4.2.1/com/ibm/icu/text/package-frame.html", "size_i": "10292", "regex": "false"},
	{"name_s": "/usr/share/javadoc/icu4j-4.2.1/com/ibm/icu/text/package-summary.html", "size_i": "32788", "regex": "false"},
	{"name_s": "/usr/share/javadoc/icu4j-4.2.1/com/ibm/icu/text/package-tree.html", "size_i": "24938", "regex": "false"},
	{"name_s": "/usr/share/javadoc/icu4j-4.2.1/com/ibm/icu/text/package-use.html", "size_i": "29382", "regex": "false"},
	{"name_s": "/usr/share/javadoc/icu4j-4.2.1/com/ibm/icu/util", "size_i": "4096", "regex": "false"},
	{"name_s": "/usr/share/javadoc/icu4j-4.2.1/com/ibm/icu/util/AnnualTimeZoneRule.html", "size_i": "31642", "regex": "false"},
	{"name_s": "/usr/share/javadoc/icu4j-4.2.1/com/ibm/icu/util/BasicTimeZone.html", "size_i": "37099", "regex": "false"},
	{"name_s": "/usr/share/javadoc/icu4j-4.2.1/com/ibm/icu/util/BuddhistCalendar.html", "size_i": "52389", "regex": "false"},
	{"name_s": "/usr/share/javadoc/icu4j-4.2.1/com/ibm/icu/util/ByteArrayWrapper.html", "size_i": "25809", "regex": "false"},
	{"name_s": "/usr/share/javadoc/icu4j-4.2.1/com/ibm/icu/util/Calendar.FormatConfiguration.html", "size_i": "15168", "regex": "false"},
	{"name_s": "/usr/share/javadoc/icu4j-4.2.1/com/ibm/icu/util/Calendar.html", "size_i": "279914", "regex": "false"},
	{"name_s": "/usr/share/javadoc/icu4j-4.2.1/com/ibm/icu/util/CaseInsensitiveString.html", "size_i": "15488", "regex": "false"},
	{"name_s": "/usr/share/javadoc/icu4j-4.2.1/com/ibm/icu/util/ChineseCalendar.html", "size_i": "60699", "regex": "false"},
	{"name_s": "/usr/share/javadoc/icu4j-4.2.1/com/ibm/icu/util/CompactByteArray.html", "size_i": "28254", "regex": "false"},
	{"name_s": "/usr/share/javadoc/icu4j-4.2.1/com/ibm/icu/util/CompactCharArray.html", "size_i": "29097", "regex": "false"},
	{"name_s": "/usr/share/javadoc/icu4j-4.2.1/com/ibm/icu/util/CopticCalendar.html", "size_i": "64257", "regex": "false"},
	{"name_s": "/usr/share/javadoc/icu4j-4.2.1/com/ibm/icu/util/Currency.html", "size_i": "54125", "regex": "false"},
	{"name_s": "/usr/share/javadoc/icu4j-4.2.1/com/ibm/icu/util/CurrencyAmount.html", "size_i": "14540", "regex": "false"},
	{"name_s": "/usr/share/javadoc/icu4j-4.2.1/com/ibm/icu/util/DateInterval.html", "size_i": "15704", "regex": "false"},
	{"name_s": "/usr/share/javadoc/icu4j-4.2.1/com/ibm/icu/util/DateRule.html", "size_i": "14584", "regex": "false"},
	{"name_s": "/usr/share/javadoc/icu4j-4.2.1/com/ibm/icu/util/DateTimeRule.html", "size_i": "28274", "regex": "false"},
	{"name_s": "/usr/share/javadoc/icu4j-4.2.1/com/ibm/icu/util/EasterHoliday.html", "size_i": "26269", "regex": "false"},
	{"name_s": "/usr/share/javadoc/icu4j-4.2.1/com/ibm/icu/util/EthiopicCalendar.html", "size_i": "64445", "regex": "false"},
	{"name_s": "/usr/share/javadoc/icu4j-4.2.1/com/ibm/icu/util/Freezable.html", "size_i": "20708", "regex": "false"},
	{"name_s": "/usr/share/javadoc/icu4j-4.2.1/com/ibm/icu/util/GlobalizationPreferences.html", "size_i": "83169", "regex": "false"},
	{"name_s": "/usr/share/javadoc/icu4j-4.2.1/com/ibm/icu/util/GregorianCalendar.html", "size_i": "73620", "regex": "false"},
	{"name_s": "/usr/share/javadoc/icu4j-4.2.1/com/ibm/icu/util/HebrewCalendar.html", "size_i": "68971", "regex": "false"},
	{"name_s": "/usr/share/javadoc/icu4j-4.2.1/com/ibm/icu/util/HebrewHoliday.html", "size_i": "32199", "regex": "false"},
	{"name_s": "/usr/share/javadoc/icu4j-4.2.1/com/ibm/icu/util/Holiday.html", "size_i": "28802", "regex": "false"},
	{"name_s": "/usr/share/javadoc/icu4j-4.2.1/com/ibm/icu/util/IllformedLocaleException.html", "size_i": "16962", "regex": "false"},
	{"name_s": "/usr/share/javadoc/icu4j-4.2.1/com/ibm/icu/util/IndianCalendar.html", "size_i": "62941", "regex": "false"},
	{"name_s": "/usr/share/javadoc/icu4j-4.2.1/com/ibm/icu/util/InitialTimeZoneRule.html", "size_i": "24296", "regex": "false"},
	{"name_s": "/usr/share/javadoc/icu4j-4.2.1/com/ibm/icu/util/IslamicCalendar.html", "size_i": "65430", "regex": "false"},
	{"name_s": "/usr/share/javadoc/icu4j-4.2.1/com/ibm/icu/util/JapaneseCalendar.html", "size_i": "60303", "regex": "false"},
	{"name_s": "/usr/share/javadoc/icu4j-4.2.1/com/ibm/icu/util/LocaleData.MeasurementSystem.html", "size_i": "12342", "regex": "false"},
	{"name_s": "/usr/share/javadoc/icu4j-4.2.1/com/ibm/icu/util/LocaleData.PaperSize.html", "size_i": "11189", "regex": "false"},
	{"name_s": "/usr/share/javadoc/icu4j-4.2.1/com/ibm/icu/util/LocaleData.html", "size_i": "33191", "regex": "false"},
	{"name_s": "/usr/share/javadoc/icu4j-4.2.1/com/ibm/icu/util/Measure.html", "size_i": "17576", "regex": "false"},
	{"name_s": "/usr/share/javadoc/icu4j-4.2.1/com/ibm/icu/util/MeasureUnit.html", "size_i": "11335", "regex": "false"},
	{"name_s": "/usr/share/javadoc/icu4j-4.2.1/com/ibm/icu/util/OverlayBundle.html", "size_i": "24039", "regex": "false"},
	{"name_s": "/usr/share/javadoc/icu4j-4.2.1/com/ibm/icu/util/RangeDateRule.html", "size_i": "21027", "regex": "false"},
	{"name_s": "/usr/share/javadoc/icu4j-4.2.1/com/ibm/icu/util/RangeValueIterator.Element.html", "size_i": "13822", "regex": "false"},
	{"name_s": "/usr/share/javadoc/icu4j-4.2.1/com/ibm/icu/util/RangeValueIterator.html", "size_i": "11933", "regex": "false"},
	{"name_s": "/usr/share/javadoc/icu4j-4.2.1/com/ibm/icu/util/RuleBasedTimeZone.html", "size_i": "38042", "regex": "false"},
	{"name_s": "/usr/share/javadoc/icu4j-4.2.1/com/ibm/icu/util/SimpleDateRule.html", "size_i": "20359", "regex": "false"},
	{"name_s": "/usr/share/javadoc/icu4j-4.2.1/com/ibm/icu/util/SimpleHoliday.html", "size_i": "31728", "regex": "false"},
	{"name_s": "/usr/share/javadoc/icu4j-4.2.1/com/ibm/icu/util/SimpleTimeZone.html", "size_i": "70245", "regex": "false"},
	{"name_s": "/usr/share/javadoc/icu4j-4.2.1/com/ibm/icu/util/StringTokenizer.html", "size_i": "37472", "regex": "false"},
	{"name_s": "/usr/share/javadoc/icu4j-4.2.1/com/ibm/icu/util/TaiwanCalendar.html", "size_i": "50619", "regex": "false"},
	{"name_s": "/usr/share/javadoc/icu4j-4.2.1/com/ibm/icu/util/TimeArrayTimeZoneRule.html", "size_i": "27592", "regex": "false"},
	{"name_s": "/usr/share/javadoc/icu4j-4.2.1/com/ibm/icu/util/TimeUnit.html", "size_i": "17959", "regex": "false"},
	{"name_s": "/usr/share/javadoc/icu4j-4.2.1/com/ibm/icu/util/TimeUnitAmount.html", "size_i": "14159", "regex": "false"},
	{"name_s": "/usr/share/javadoc/icu4j-4.2.1/com/ibm/icu/util/TimeZone.html", "size_i": "66263", "regex": "false"},
	{"name_s": "/usr/share/javadoc/icu4j-4.2.1/com/ibm/icu/util/TimeZoneRule.html", "size_i": "25850", "regex": "false"},
	{"name_s": "/usr/share/javadoc/icu4j-4.2.1/com/ibm/icu/util/TimeZoneTransition.html", "size_i": "15988", "regex": "false"},
	{"name_s": "/usr/share/javadoc/icu4j-4.2.1/com/ibm/icu/util/ULocale.Builder.html", "size_i": "29809", "regex": "false"},
	{"name_s": "/usr/share/javadoc/icu4j-4.2.1/com/ibm/icu/util/ULocale.Type.html", "size_i": "9902", "regex": "false"},
	{"name_s": "/usr/share/javadoc/icu4j-4.2.1/com/ibm/icu/util/ULocale.html", "size_i": "165790", "regex": "false"},
	{"name_s": "/usr/share/javadoc/icu4j-4.2.1/com/ibm/icu/util/UResourceBundle.html", "size_i": "93224", "regex": "false"},
	{"name_s": "/usr/share/javadoc/icu4j-4.2.1/com/ibm/icu/util/UResourceBundleIterator.html", "size_i": "16665", "regex": "false"},
	{"name_s": "/usr/share/javadoc/icu4j-4.2.1/com/ibm/icu/util/UResourceTypeMismatchException.html", "size_i": "14555", "regex": "false"},
	{"name_s": "/usr/share/javadoc/icu4j-4.2.1/com/ibm/icu/util/UniversalTimeScale.html", "size_i": "47347", "regex": "false"},
	{"name_s": "/usr/share/javadoc/icu4j-4.2.1/com/ibm/icu/util/VTimeZone.html", "size_i": "49605", "regex": "false"},
	{"name_s": "/usr/share/javadoc/icu4j-4.2.1/com/ibm/icu/util/ValueIterator.Element.html", "size_i": "13192", "regex": "false"},
	{"name_s": "/usr/share/javadoc/icu4j-4.2.1/com/ibm/icu/util/ValueIterator.html", "size_i": "13049", "regex": "false"},
	{"name_s": "/usr/share/javadoc/icu4j-4.2.1/com/ibm/icu/util/VersionInfo.html", "size_i": "46696", "regex": "false"},
	{"name_s": "/usr/share/javadoc/icu4j-4.2.1/com/ibm/icu/util/class-use", "size_i": "4096", "regex": "false"},
	{"name_s": "/usr/share/javadoc/icu4j-4.2.1/com/ibm/icu/util/class-use/AnnualTimeZoneRule.html", "size_i": "5637", "regex": "false"},
	{"name_s": "/usr/share/javadoc/icu4j-4.2.1/com/ibm/icu/util/class-use/BasicTimeZone.html", "size_i": "8339", "regex": "false"},
	{"name_s": "/usr/share/javadoc/icu4j-4.2.1/com/ibm/icu/util/class-use/BuddhistCalendar.html", "size_i": "5617", "regex": "false"},
	{"name_s": "/usr/share/javadoc/icu4j-4.2.1/com/ibm/icu/util/class-use/ByteArrayWrapper.html", "size_i": "10541", "regex": "false"},
	{"name_s": "/usr/share/javadoc/icu4j-4.2.1/com/ibm/icu/util/class-use/Calendar.FormatConfiguration.html", "size_i": "8124", "regex": "false"},
	{"name_s": "/usr/share/javadoc/icu4j-4.2.1/com/ibm/icu/util/class-use/Calendar.html", "size_i": "56250", "regex": "false"},
	{"name_s": "/usr/share/javadoc/icu4j-4.2.1/com/ibm/icu/util/class-use/CaseInsensitiveString.html", "size_i": "5667", "regex": "false"},
	{"name_s": "/usr/share/javadoc/icu4j-4.2.1/com/ibm/icu/util/class-use/ChineseCalendar.html", "size_i": "5607", "regex": "false"},
	{"name_s": "/usr/share/javadoc/icu4j-4.2.1/com/ibm/icu/util/class-use/CompactByteArray.html", "size_i": "5617", "regex": "false"},
	{"name_s": "/usr/share/javadoc/icu4j-4.2.1/com/ibm/icu/util/class-use/CompactCharArray.html", "size_i": "5617", "regex": "false"},
	{"name_s": "/usr/share/javadoc/icu4j-4.2.1/com/ibm/icu/util/class-use/CopticCalendar.html", "size_i": "5597", "regex": "false"},
	{"name_s": "/usr/share/javadoc/icu4j-4.2.1/com/ibm/icu/util/class-use/Currency.html", "size_i": "19356", "regex": "false"},
	{"name_s": "/usr/share/javadoc/icu4j-4.2.1/com/ibm/icu/util/class-use/CurrencyAmount.html", "size_i": "8852", "regex": "false"},
	{"name_s": "/usr/share/javadoc/icu4j-4.2.1/com/ibm/icu/util/class-use/DateInterval.html", "size_i": "8192", "regex": "false"},
	{"name_s": "/usr/share/javadoc/icu4j-4.2.1/com/ibm/icu/util/class-use/DateRule.html", "size_i": "13204", "regex": "false"},
	{"name_s": "/usr/share/javadoc/icu4j-4.2.1/com/ibm/icu/util/class-use/DateTimeRule.html", "size_i": "8829", "regex": "false"},
	{"name_s": "/usr/share/javadoc/icu4j-4.2.1/com/ibm/icu/util/class-use/EasterHoliday.html", "size_i": "12973", "regex": "false"},
	{"name_s": "/usr/share/javadoc/icu4j-4.2.1/com/ibm/icu/util/class-use/EthiopicCalendar.html", "size_i": "5617", "regex": "false"},
	{"name_s": "/usr/share/javadoc/icu4j-4.2.1/com/ibm/icu/util/class-use/Freezable.html", "size_i": "9964", "regex": "false"},
	{"name_s": "/usr/share/javadoc/icu4j-4.2.1/com/ibm/icu/util/class-use/GlobalizationPreferences.html", "size_i": "16244", "regex": "false"},
	{"name_s": "/usr/share/javadoc/icu4j-4.2.1/com/ibm/icu/util/class-use/GregorianCalendar.html", "size_i": "8448", "regex": "false"},
	{"name_s": "/usr/share/javadoc/icu4j-4.2.1/com/ibm/icu/util/class-use/HebrewCalendar.html", "size_i": "5597", "regex": "false"},
	{"name_s": "/usr/share/javadoc/icu4j-4.2.1/com/ibm/icu/util/class-use/HebrewHoliday.html", "size_i": "18172", "regex": "false"},
	{"name_s": "/usr/share/javadoc/icu4j-4.2.1/com/ibm/icu/util/class-use/Holiday.html", "size_i": "10163", "regex": "false"},
	{"name_s": "/usr/share/javadoc/icu4j-4.2.1/com/ibm/icu/util/class-use/IllformedLocaleException.html", "size_i": "5697", "regex": "false"},
	{"name_s": "/usr/share/javadoc/icu4j-4.2.1/com/ibm/icu/util/class-use/IndianCalendar.html", "size_i": "5597", "regex": "false"},
	{"name_s": "/usr/share/javadoc/icu4j-4.2.1/com/ibm/icu/util/class-use/InitialTimeZoneRule.html", "size_i": "7742", "regex": "false"},
	{"name_s": "/usr/share/javadoc/icu4j-4.2.1/com/ibm/icu/util/class-use/IslamicCalendar.html", "size_i": "5607", "regex": "false"},
	{"name_s": "/usr/share/javadoc/icu4j-4.2.1/com/ibm/icu/util/class-use/JapaneseCalendar.html", "size_i": "5617", "regex": "false"},
	{"name_s": "/usr/share/javadoc/icu4j-4.2.1/com/ibm/icu/util/class-use/LocaleData.MeasurementSystem.html", "size_i": "9511", "regex": "false"},
	{"name_s": "/usr/share/javadoc/icu4j-4.2.1/com/ibm/icu/util/class-use/LocaleData.PaperSize.html", "size_i": "7695", "regex": "false"},
	{"name_s": "/usr/share/javadoc/icu4j-4.2.1/com/ibm/icu/util/class-use/LocaleData.html", "size_i": "8069", "regex": "false"},
	{"name_s": "/usr/share/javadoc/icu4j-4.2.1/com/ibm/icu/util/class-use/Measure.html", "size_i": "7653", "regex": "false"},
	{"name_s": "/usr/share/javadoc/icu4j-4.2.1/com/ibm/icu/util/class-use/MeasureUnit.html", "size_i": "9564", "regex": "false"},
	{"name_s": "/usr/share/javadoc/icu4j-4.2.1/com/ibm/icu/util/class-use/OverlayBundle.html", "size_i": "5587", "regex": "false"},
	{"name_s": "/usr/share/javadoc/icu4j-4.2.1/com/ibm/icu/util/class-use/RangeDateRule.html", "size_i": "5587", "regex": "false"},
	{"name_s": "/usr/share/javadoc/icu4j-4.2.1/com/ibm/icu/util/class-use/RangeValueIterator.Element.html", "size_i": "7818", "regex": "false"},
	{"name_s": "/usr/share/javadoc/icu4j-4.2.1/com/ibm/icu/util/class-use/RangeValueIterator.html", "size_i": "7586", "regex": "false"},
	{"name_s": "/usr/share/javadoc/icu4j-4.2.1/com/ibm/icu/util/class-use/RuleBasedTimeZone.html", "size_i": "5627", "regex": "false"},
	{"name_s": "/usr/share/javadoc/icu4j-4.2.1/com/ibm/icu/util/class-use/SimpleDateRule.html", "size_i": "5597", "regex": "false"},
	{"name_s": "/usr/share/javadoc/icu4j-4.2.1/com/ibm/icu/util/class-use/SimpleHoliday.html", "size_i": "12846", "regex": "false"},
	{"name_s": "/usr/share/javadoc/icu4j-4.2.1/com/ibm/icu/util/class-use/SimpleTimeZone.html", "size_i": "5597", "regex": "false"},
	{"name_s": "/usr/share/javadoc/icu4j-4.2.1/com/ibm/icu/util/class-use/StringTokenizer.html", "size_i": "5607", "regex": "false"},
	{"name_s": "/usr/share/javadoc/icu4j-4.2.1/com/ibm/icu/util/class-use/TaiwanCalendar.html", "size_i": "5597", "regex": "false"},
	{"name_s": "/usr/share/javadoc/icu4j-4.2.1/com/ibm/icu/util/class-use/TimeArrayTimeZoneRule.html", "size_i": "5667", "regex": "false"},
	{"name_s": "/usr/share/javadoc/icu4j-4.2.1/com/ibm/icu/util/class-use/TimeUnit.html", "size_i": "12951", "regex": "false"},
	{"name_s": "/usr/share/javadoc/icu4j-4.2.1/com/ibm/icu/util/class-use/TimeUnitAmount.html", "size_i": "5597", "regex": "false"},
	{"name_s": "/usr/share/javadoc/icu4j-4.2.1/com/ibm/icu/util/class-use/TimeZone.html", "size_i": "43766", "regex": "false"},
	{"name_s": "/usr/share/javadoc/icu4j-4.2.1/com/ibm/icu/util/class-use/TimeZoneRule.html", "size_i": "18510", "regex": "false"},
	{"name_s": "/usr/share/javadoc/icu4j-4.2.1/com/ibm/icu/util/class-use/TimeZoneTransition.html", "size_i": "11948", "regex": "false"},
	{"name_s": "/usr/share/javadoc/icu4j-4.2.1/com/ibm/icu/util/class-use/ULocale.Builder.html", "size_i": "13435", "regex": "false"},
	{"name_s": "/usr/share/javadoc/icu4j-4.2.1/com/ibm/icu/util/class-use/ULocale.Type.html", "size_i": "14280", "regex": "false"},
	{"name_s": "/usr/share/javadoc/icu4j-4.2.1/com/ibm/icu/util/class-use/ULocale.html", "size_i": "168226", "regex": "false"},
	{"name_s": "/usr/share/javadoc/icu4j-4.2.1/com/ibm/icu/util/class-use/UResourceBundle.html", "size_i": "26542", "regex": "false"},
	{"name_s": "/usr/share/javadoc/icu4j-4.2.1/com/ibm/icu/util/class-use/UResourceBundleIterator.html", "size_i": "7629", "regex": "false"},
	{"name_s": "/usr/share/javadoc/icu4j-4.2.1/com/ibm/icu/util/class-use/UResourceTypeMismatchException.html", "size_i": "7781", "regex": "false"},
	{"name_s": "/usr/share/javadoc/icu4j-4.2.1/com/ibm/icu/util/class-use/UniversalTimeScale.html", "size_i": "5637", "regex": "false"},
	{"name_s": "/usr/share/javadoc/icu4j-4.2.1/com/ibm/icu/util/class-use/VTimeZone.html", "size_i": "8177", "regex": "false"},
	{"name_s": "/usr/share/javadoc/icu4j-4.2.1/com/ibm/icu/util/class-use/ValueIterator.Element.html", "size_i": "7703", "regex": "false"},
	{"name_s": "/usr/share/javadoc/icu4j-4.2.1/com/ibm/icu/util/class-use/ValueIterator.html", "size_i": "8599", "regex": "false"},
	{"name_s": "/usr/share/javadoc/icu4j-4.2.1/com/ibm/icu/util/class-use/VersionInfo.html", "size_i": "29259", "regex": "false"},
	{"name_s": "/usr/share/javadoc/icu4j-4.2.1/com/ibm/icu/util/package-frame.html", "size_i": "7900", "regex": "false"},
	{"name_s": "/usr/share/javadoc/icu4j-4.2.1/com/ibm/icu/util/package-summary.html", "size_i": "24298", "regex": "false"},
	{"name_s": "/usr/share/javadoc/icu4j-4.2.1/com/ibm/icu/util/package-tree.html", "size_i": "19287", "regex": "false"},
	{"name_s": "/usr/share/javadoc/icu4j-4.2.1/com/ibm/icu/util/package-use.html", "size_i": "23695", "regex": "false"},
	{"name_s": "/usr/share/javadoc/icu4j-4.2.1/constant-values.html", "size_i": "539245", "regex": "false"},
	{"name_s": "/usr/share/javadoc/icu4j-4.2.1/help-doc.html", "size_i": "9165", "regex": "false"},
	{"name_s": "/usr/share/javadoc/icu4j-4.2.1/index-all.html", "size_i": "1327084", "regex": "false"},
	{"name_s": "/usr/share/javadoc/icu4j-4.2.1/index.html", "size_i": "1386", "regex": "false"},
	{"name_s": "/usr/share/javadoc/icu4j-4.2.1/overview-frame.html", "size_i": "1483", "regex": "false"},
	{"name_s": "/usr/share/javadoc/icu4j-4.2.1/overview-summary.html", "size_i": "6221", "regex": "false"},
	{"name_s": "/usr/share/javadoc/icu4j-4.2.1/overview-tree.html", "size_i": "43127", "regex": "false"},
	{"name_s": "/usr/share/javadoc/icu4j-4.2.1/package-list", "size_i": "88", "regex": "false"},
	{"name_s": "/usr/share/javadoc/icu4j-4.2.1/resources", "size_i": "4096", "regex": "false"},
	{"name_s": "/usr/share/javadoc/icu4j-4.2.1/resources/inherit.gif", "size_i": "57", "regex": "false"},
	{"name_s": "/usr/share/javadoc/icu4j-4.2.1/serialized-form.html", "size_i": "143051", "regex": "false"},
	{"name_s": "/usr/share/javadoc/icu4j-4.2.1/stylesheet.css", "size_i": "1391", "regex": "false"}
]
