[
	{"name_s": "/etc/ipa/ca.crt", "size_i": "0", "regex": "false"},
	{"name_s": "/etc/ipa/default.conf", "size_i": "0", "regex": "false"},
	{"name_s": "/usr/lib/python2.6/site-packages/freeipa-2.0.0.alpha.0-py2.6.egg-info", "size_i": "200", "regex": "false"},
	{"name_s": "/usr/lib/python2.6/site-packages/ipalib", "size_i": "4096", "regex": "false"},
	{"name_s": "/usr/lib/python2.6/site-packages/ipalib/__init__.py", "size_i": "32367", "regex": "false"},
	{"name_s": "/usr/lib/python2.6/site-packages/ipalib/__init__.pyc", "size_i": "32535", "regex": "false"},
	{"name_s": "/usr/lib/python2.6/site-packages/ipalib/__init__.pyo", "size_i": "32479", "regex": "false"},
	{"name_s": "/usr/lib/python2.6/site-packages/ipalib/aci.py", "size_i": "13404", "regex": "false"},
	{"name_s": "/usr/lib/python2.6/site-packages/ipalib/aci.pyc", "size_i": "11041", "regex": "false"},
	{"name_s": "/usr/lib/python2.6/site-packages/ipalib/aci.pyo", "size_i": "10939", "regex": "false"},
	{"name_s": "/usr/lib/python2.6/site-packages/ipalib/backend.py", "size_i": "4787", "regex": "false"},
	{"name_s": "/usr/lib/python2.6/site-packages/ipalib/backend.pyc", "size_i": "5429", "regex": "false"},
	{"name_s": "/usr/lib/python2.6/site-packages/ipalib/backend.pyo", "size_i": "5335", "regex": "false"},
	{"name_s": "/usr/lib/python2.6/site-packages/ipalib/base.py", "size_i": "15669", "regex": "false"},
	{"name_s": "/usr/lib/python2.6/site-packages/ipalib/base.pyc", "size_i": "16764", "regex": "false"},
	{"name_s": "/usr/lib/python2.6/site-packages/ipalib/base.pyo", "size_i": "16348", "regex": "false"},
	{"name_s": "/usr/lib/python2.6/site-packages/ipalib/cli.py", "size_i": "44468", "regex": "false"},
	{"name_s": "/usr/lib/python2.6/site-packages/ipalib/cli.pyc", "size_i": "43298", "regex": "false"},
	{"name_s": "/usr/lib/python2.6/site-packages/ipalib/cli.pyo", "size_i": "42750", "regex": "false"},
	{"name_s": "/usr/lib/python2.6/site-packages/ipalib/config.py", "size_i": "20223", "regex": "false"},
	{"name_s": "/usr/lib/python2.6/site-packages/ipalib/config.pyc", "size_i": "20216", "regex": "false"},
	{"name_s": "/usr/lib/python2.6/site-packages/ipalib/config.pyo", "size_i": "20078", "regex": "false"},
	{"name_s": "/usr/lib/python2.6/site-packages/ipalib/constants.py", "size_i": "8294", "regex": "false"},
	{"name_s": "/usr/lib/python2.6/site-packages/ipalib/constants.pyc", "size_i": "5882", "regex": "false"},
	{"name_s": "/usr/lib/python2.6/site-packages/ipalib/constants.pyo", "size_i": "5882", "regex": "false"},
	{"name_s": "/usr/lib/python2.6/site-packages/ipalib/crud.py", "size_i": "11964", "regex": "false"},
	{"name_s": "/usr/lib/python2.6/site-packages/ipalib/crud.pyc", "size_i": "12042", "regex": "false"},
	{"name_s": "/usr/lib/python2.6/site-packages/ipalib/crud.pyo", "size_i": "12042", "regex": "false"},
	{"name_s": "/usr/lib/python2.6/site-packages/ipalib/errors.py", "size_i": "44755", "regex": "false"},
	{"name_s": "/usr/lib/python2.6/site-packages/ipalib/errors.pyc", "size_i": "60278", "regex": "false"},
	{"name_s": "/usr/lib/python2.6/site-packages/ipalib/errors.pyo", "size_i": "60067", "regex": "false"},
	{"name_s": "/usr/lib/python2.6/site-packages/ipalib/frontend.py", "size_i": "51222", "regex": "false"},
	{"name_s": "/usr/lib/python2.6/site-packages/ipalib/frontend.pyc", "size_i": "52419", "regex": "false"},
	{"name_s": "/usr/lib/python2.6/site-packages/ipalib/frontend.pyo", "size_i": "52243", "regex": "false"},
	{"name_s": "/usr/lib/python2.6/site-packages/ipalib/krb_utils.py", "size_i": "13403", "regex": "false"},
	{"name_s": "/usr/lib/python2.6/site-packages/ipalib/krb_utils.pyc", "size_i": "11878", "regex": "false"},
	{"name_s": "/usr/lib/python2.6/site-packages/ipalib/krb_utils.pyo", "size_i": "11878", "regex": "false"},
	{"name_s": "/usr/lib/python2.6/site-packages/ipalib/output.py", "size_i": "4232", "regex": "false"},
	{"name_s": "/usr/lib/python2.6/site-packages/ipalib/output.pyc", "size_i": "4465", "regex": "false"},
	{"name_s": "/usr/lib/python2.6/site-packages/ipalib/output.pyo", "size_i": "4418", "regex": "false"},
	{"name_s": "/usr/lib/python2.6/site-packages/ipalib/parameters.py", "size_i": "67280", "regex": "false"},
	{"name_s": "/usr/lib/python2.6/site-packages/ipalib/parameters.pyc", "size_i": "68874", "regex": "false"},
	{"name_s": "/usr/lib/python2.6/site-packages/ipalib/parameters.pyo", "size_i": "68147", "regex": "false"},
	{"name_s": "/usr/lib/python2.6/site-packages/ipalib/pkcs10.py", "size_i": "2483", "regex": "false"},
	{"name_s": "/usr/lib/python2.6/site-packages/ipalib/pkcs10.pyc", "size_i": "2264", "regex": "false"},
	{"name_s": "/usr/lib/python2.6/site-packages/ipalib/pkcs10.pyo", "size_i": "2264", "regex": "false"},
	{"name_s": "/usr/lib/python2.6/site-packages/ipalib/plugable.py", "size_i": "25192", "regex": "false"},
	{"name_s": "/usr/lib/python2.6/site-packages/ipalib/plugable.pyc", "size_i": "26585", "regex": "false"},
	{"name_s": "/usr/lib/python2.6/site-packages/ipalib/plugable.pyo", "size_i": "25982", "regex": "false"},
	{"name_s": "/usr/lib/python2.6/site-packages/ipalib/plugins", "size_i": "4096", "regex": "false"},
	{"name_s": "/usr/lib/python2.6/site-packages/ipalib/plugins/__init__.py", "size_i": "828", "regex": "false"},
	{"name_s": "/usr/lib/python2.6/site-packages/ipalib/plugins/__init__.pyc", "size_i": "211", "regex": "false"},
	{"name_s": "/usr/lib/python2.6/site-packages/ipalib/plugins/__init__.pyo", "size_i": "211", "regex": "false"},
	{"name_s": "/usr/lib/python2.6/site-packages/ipalib/plugins/aci.py", "size_i": "34037", "regex": "false"},
	{"name_s": "/usr/lib/python2.6/site-packages/ipalib/plugins/aci.pyc", "size_i": "28240", "regex": "false"},
	{"name_s": "/usr/lib/python2.6/site-packages/ipalib/plugins/aci.pyo", "size_i": "28161", "regex": "false"},
	{"name_s": "/usr/lib/python2.6/site-packages/ipalib/plugins/automember.py", "size_i": "20040", "regex": "false"},
	{"name_s": "/usr/lib/python2.6/site-packages/ipalib/plugins/automember.pyc", "size_i": "19925", "regex": "false"},
	{"name_s": "/usr/lib/python2.6/site-packages/ipalib/plugins/automember.pyo", "size_i": "19681", "regex": "false"},
	{"name_s": "/usr/lib/python2.6/site-packages/ipalib/plugins/automount.py", "size_i": "34585", "regex": "false"},
	{"name_s": "/usr/lib/python2.6/site-packages/ipalib/plugins/automount.pyc", "size_i": "28231", "regex": "false"},
	{"name_s": "/usr/lib/python2.6/site-packages/ipalib/plugins/automount.pyo", "size_i": "28047", "regex": "false"},
	{"name_s": "/usr/lib/python2.6/site-packages/ipalib/plugins/baseldap.py", "size_i": "80460", "regex": "false"},
	{"name_s": "/usr/lib/python2.6/site-packages/ipalib/plugins/baseldap.pyc", "size_i": "71090", "regex": "false"},
	{"name_s": "/usr/lib/python2.6/site-packages/ipalib/plugins/baseldap.pyo", "size_i": "68943", "regex": "false"},
	{"name_s": "/usr/lib/python2.6/site-packages/ipalib/plugins/batch.py", "size_i": "4546", "regex": "false"},
	{"name_s": "/usr/lib/python2.6/site-packages/ipalib/plugins/batch.pyc", "size_i": "3913", "regex": "false"},
	{"name_s": "/usr/lib/python2.6/site-packages/ipalib/plugins/batch.pyo", "size_i": "3913", "regex": "false"},
	{"name_s": "/usr/lib/python2.6/site-packages/ipalib/plugins/cert.py", "size_i": "20146", "regex": "false"},
	{"name_s": "/usr/lib/python2.6/site-packages/ipalib/plugins/cert.pyc", "size_i": "16616", "regex": "false"},
	{"name_s": "/usr/lib/python2.6/site-packages/ipalib/plugins/cert.pyo", "size_i": "16616", "regex": "false"},
	{"name_s": "/usr/lib/python2.6/site-packages/ipalib/plugins/config.py", "size_i": "12734", "regex": "false"},
	{"name_s": "/usr/lib/python2.6/site-packages/ipalib/plugins/config.pyc", "size_i": "10009", "regex": "false"},
	{"name_s": "/usr/lib/python2.6/site-packages/ipalib/plugins/config.pyo", "size_i": "9945", "regex": "false"},
	{"name_s": "/usr/lib/python2.6/site-packages/ipalib/plugins/delegation.py", "size_i": "6585", "regex": "false"},
	{"name_s": "/usr/lib/python2.6/site-packages/ipalib/plugins/delegation.pyc", "size_i": "7643", "regex": "false"},
	{"name_s": "/usr/lib/python2.6/site-packages/ipalib/plugins/delegation.pyo", "size_i": "7643", "regex": "false"},
	{"name_s": "/usr/lib/python2.6/site-packages/ipalib/plugins/dns.py", "size_i": "102246", "regex": "false"},
	{"name_s": "/usr/lib/python2.6/site-packages/ipalib/plugins/dns.pyc", "size_i": "99508", "regex": "false"},
	{"name_s": "/usr/lib/python2.6/site-packages/ipalib/plugins/dns.pyo", "size_i": "98758", "regex": "false"},
	{"name_s": "/usr/lib/python2.6/site-packages/ipalib/plugins/group.py", "size_i": "19889", "regex": "false"},
	{"name_s": "/usr/lib/python2.6/site-packages/ipalib/plugins/group.pyc", "size_i": "18182", "regex": "false"},
	{"name_s": "/usr/lib/python2.6/site-packages/ipalib/plugins/group.pyo", "size_i": "17856", "regex": "false"},
	{"name_s": "/usr/lib/python2.6/site-packages/ipalib/plugins/hbacrule.py", "size_i": "16526", "regex": "false"},
	{"name_s": "/usr/lib/python2.6/site-packages/ipalib/plugins/hbacrule.pyc", "size_i": "18295", "regex": "false"},
	{"name_s": "/usr/lib/python2.6/site-packages/ipalib/plugins/hbacrule.pyo", "size_i": "18029", "regex": "false"},
	{"name_s": "/usr/lib/python2.6/site-packages/ipalib/plugins/hbacsvc.py", "size_i": "3286", "regex": "false"},
	{"name_s": "/usr/lib/python2.6/site-packages/ipalib/plugins/hbacsvc.pyc", "size_i": "3936", "regex": "false"},
	{"name_s": "/usr/lib/python2.6/site-packages/ipalib/plugins/hbacsvc.pyo", "size_i": "3936", "regex": "false"},
	{"name_s": "/usr/lib/python2.6/site-packages/ipalib/plugins/hbacsvcgroup.py", "size_i": "3732", "regex": "false"},
	{"name_s": "/usr/lib/python2.6/site-packages/ipalib/plugins/hbacsvcgroup.pyc", "size_i": "4748", "regex": "false"},
	{"name_s": "/usr/lib/python2.6/site-packages/ipalib/plugins/hbacsvcgroup.pyo", "size_i": "4748", "regex": "false"},
	{"name_s": "/usr/lib/python2.6/site-packages/ipalib/plugins/hbactest.py", "size_i": "15281", "regex": "false"},
	{"name_s": "/usr/lib/python2.6/site-packages/ipalib/plugins/hbactest.pyc", "size_i": "10984", "regex": "false"},
	{"name_s": "/usr/lib/python2.6/site-packages/ipalib/plugins/hbactest.pyo", "size_i": "10984", "regex": "false"},
	{"name_s": "/usr/lib/python2.6/site-packages/ipalib/plugins/host.py", "size_i": "37632", "regex": "false"},
	{"name_s": "/usr/lib/python2.6/site-packages/ipalib/plugins/host.pyc", "size_i": "29469", "regex": "false"},
	{"name_s": "/usr/lib/python2.6/site-packages/ipalib/plugins/host.pyo", "size_i": "29050", "regex": "false"},
	{"name_s": "/usr/lib/python2.6/site-packages/ipalib/plugins/hostgroup.py", "size_i": "7299", "regex": "false"},
	{"name_s": "/usr/lib/python2.6/site-packages/ipalib/plugins/hostgroup.pyc", "size_i": "8273", "regex": "false"},
	{"name_s": "/usr/lib/python2.6/site-packages/ipalib/plugins/hostgroup.pyo", "size_i": "8009", "regex": "false"},
	{"name_s": "/usr/lib/python2.6/site-packages/ipalib/plugins/idrange.py", "size_i": "16427", "regex": "false"},
	{"name_s": "/usr/lib/python2.6/site-packages/ipalib/plugins/idrange.pyc", "size_i": "15796", "regex": "false"},
	{"name_s": "/usr/lib/python2.6/site-packages/ipalib/plugins/idrange.pyo", "size_i": "15492", "regex": "false"},
	{"name_s": "/usr/lib/python2.6/site-packages/ipalib/plugins/internal.py", "size_i": "29349", "regex": "false"},
	{"name_s": "/usr/lib/python2.6/site-packages/ipalib/plugins/internal.pyc", "size_i": "26624", "regex": "false"},
	{"name_s": "/usr/lib/python2.6/site-packages/ipalib/plugins/internal.pyo", "size_i": "26624", "regex": "false"},
	{"name_s": "/usr/lib/python2.6/site-packages/ipalib/plugins/kerberos.py", "size_i": "3674", "regex": "false"},
	{"name_s": "/usr/lib/python2.6/site-packages/ipalib/plugins/kerberos.pyc", "size_i": "4364", "regex": "false"},
	{"name_s": "/usr/lib/python2.6/site-packages/ipalib/plugins/kerberos.pyo", "size_i": "4364", "regex": "false"},
	{"name_s": "/usr/lib/python2.6/site-packages/ipalib/plugins/krbtpolicy.py", "size_i": "5708", "regex": "false"},
	{"name_s": "/usr/lib/python2.6/site-packages/ipalib/plugins/krbtpolicy.pyc", "size_i": "5631", "regex": "false"},
	{"name_s": "/usr/lib/python2.6/site-packages/ipalib/plugins/krbtpolicy.pyo", "size_i": "5487", "regex": "false"},
	{"name_s": "/usr/lib/python2.6/site-packages/ipalib/plugins/migration.py", "size_i": "38063", "regex": "false"},
	{"name_s": "/usr/lib/python2.6/site-packages/ipalib/plugins/migration.pyc", "size_i": "27832", "regex": "false"},
	{"name_s": "/usr/lib/python2.6/site-packages/ipalib/plugins/migration.pyo", "size_i": "27484", "regex": "false"},
	{"name_s": "/usr/lib/python2.6/site-packages/ipalib/plugins/misc.py", "size_i": "4028", "regex": "false"},
	{"name_s": "/usr/lib/python2.6/site-packages/ipalib/plugins/misc.pyc", "size_i": "3949", "regex": "false"},
	{"name_s": "/usr/lib/python2.6/site-packages/ipalib/plugins/misc.pyo", "size_i": "3949", "regex": "false"},
	{"name_s": "/usr/lib/python2.6/site-packages/ipalib/plugins/netgroup.py", "size_i": "9830", "regex": "false"},
	{"name_s": "/usr/lib/python2.6/site-packages/ipalib/plugins/netgroup.pyc", "size_i": "9956", "regex": "false"},
	{"name_s": "/usr/lib/python2.6/site-packages/ipalib/plugins/netgroup.pyo", "size_i": "9690", "regex": "false"},
	{"name_s": "/usr/lib/python2.6/site-packages/ipalib/plugins/passwd.py", "size_i": "4219", "regex": "false"},
	{"name_s": "/usr/lib/python2.6/site-packages/ipalib/plugins/passwd.pyc", "size_i": "4152", "regex": "false"},
	{"name_s": "/usr/lib/python2.6/site-packages/ipalib/plugins/passwd.pyo", "size_i": "4152", "regex": "false"},
	{"name_s": "/usr/lib/python2.6/site-packages/ipalib/plugins/permission.py", "size_i": "18969", "regex": "false"},
	{"name_s": "/usr/lib/python2.6/site-packages/ipalib/plugins/permission.pyc", "size_i": "17042", "regex": "false"},
	{"name_s": "/usr/lib/python2.6/site-packages/ipalib/plugins/permission.pyo", "size_i": "16748", "regex": "false"},
	{"name_s": "/usr/lib/python2.6/site-packages/ipalib/plugins/ping.py", "size_i": "2290", "regex": "false"},
	{"name_s": "/usr/lib/python2.6/site-packages/ipalib/plugins/ping.pyc", "size_i": "2088", "regex": "false"},
	{"name_s": "/usr/lib/python2.6/site-packages/ipalib/plugins/ping.pyo", "size_i": "2088", "regex": "false"},
	{"name_s": "/usr/lib/python2.6/site-packages/ipalib/plugins/privilege.py", "size_i": "4849", "regex": "false"},
	{"name_s": "/usr/lib/python2.6/site-packages/ipalib/plugins/privilege.pyc", "size_i": "5870", "regex": "false"},
	{"name_s": "/usr/lib/python2.6/site-packages/ipalib/plugins/privilege.pyo", "size_i": "5870", "regex": "false"},
	{"name_s": "/usr/lib/python2.6/site-packages/ipalib/plugins/pwpolicy.py", "size_i": "18091", "regex": "false"},
	{"name_s": "/usr/lib/python2.6/site-packages/ipalib/plugins/pwpolicy.pyc", "size_i": "18152", "regex": "false"},
	{"name_s": "/usr/lib/python2.6/site-packages/ipalib/plugins/pwpolicy.pyo", "size_i": "17738", "regex": "false"},
	{"name_s": "/usr/lib/python2.6/site-packages/ipalib/plugins/role.py", "size_i": "5115", "regex": "false"},
	{"name_s": "/usr/lib/python2.6/site-packages/ipalib/plugins/role.pyc", "size_i": "6101", "regex": "false"},
	{"name_s": "/usr/lib/python2.6/site-packages/ipalib/plugins/role.pyo", "size_i": "6101", "regex": "false"},
	{"name_s": "/usr/lib/python2.6/site-packages/ipalib/plugins/selfservice.py", "size_i": "6570", "regex": "false"},
	{"name_s": "/usr/lib/python2.6/site-packages/ipalib/plugins/selfservice.pyc", "size_i": "7756", "regex": "false"},
	{"name_s": "/usr/lib/python2.6/site-packages/ipalib/plugins/selfservice.pyo", "size_i": "7756", "regex": "false"},
	{"name_s": "/usr/lib/python2.6/site-packages/ipalib/plugins/selinuxusermap.py", "size_i": "17428", "regex": "false"},
	{"name_s": "/usr/lib/python2.6/site-packages/ipalib/plugins/selinuxusermap.pyc", "size_i": "18488", "regex": "false"},
	{"name_s": "/usr/lib/python2.6/site-packages/ipalib/plugins/selinuxusermap.pyo", "size_i": "18184", "regex": "false"},
	{"name_s": "/usr/lib/python2.6/site-packages/ipalib/plugins/service.py", "size_i": "20522", "regex": "false"},
	{"name_s": "/usr/lib/python2.6/site-packages/ipalib/plugins/service.pyc", "size_i": "18380", "regex": "false"},
	{"name_s": "/usr/lib/python2.6/site-packages/ipalib/plugins/service.pyo", "size_i": "18124", "regex": "false"},
	{"name_s": "/usr/lib/python2.6/site-packages/ipalib/plugins/sudocmd.py", "size_i": "3534", "regex": "false"},
	{"name_s": "/usr/lib/python2.6/site-packages/ipalib/plugins/sudocmd.pyc", "size_i": "4054", "regex": "false"},
	{"name_s": "/usr/lib/python2.6/site-packages/ipalib/plugins/sudocmd.pyo", "size_i": "4054", "regex": "false"},
	{"name_s": "/usr/lib/python2.6/site-packages/ipalib/plugins/sudocmdgroup.py", "size_i": "3938", "regex": "false"},
	{"name_s": "/usr/lib/python2.6/site-packages/ipalib/plugins/sudocmdgroup.pyc", "size_i": "4816", "regex": "false"},
	{"name_s": "/usr/lib/python2.6/site-packages/ipalib/plugins/sudocmdgroup.pyo", "size_i": "4816", "regex": "false"},
	{"name_s": "/usr/lib/python2.6/site-packages/ipalib/plugins/sudorule.py", "size_i": "26138", "regex": "false"},
	{"name_s": "/usr/lib/python2.6/site-packages/ipalib/plugins/sudorule.pyc", "size_i": "27807", "regex": "false"},
	{"name_s": "/usr/lib/python2.6/site-packages/ipalib/plugins/sudorule.pyo", "size_i": "27141", "regex": "false"},
	{"name_s": "/usr/lib/python2.6/site-packages/ipalib/plugins/trust.py", "size_i": "19430", "regex": "false"},
	{"name_s": "/usr/lib/python2.6/site-packages/ipalib/plugins/trust.pyc", "size_i": "17327", "regex": "false"},
	{"name_s": "/usr/lib/python2.6/site-packages/ipalib/plugins/trust.pyo", "size_i": "17108", "regex": "false"},
	{"name_s": "/usr/lib/python2.6/site-packages/ipalib/plugins/user.py", "size_i": "33150", "regex": "false"},
	{"name_s": "/usr/lib/python2.6/site-packages/ipalib/plugins/user.pyc", "size_i": "28624", "regex": "false"},
	{"name_s": "/usr/lib/python2.6/site-packages/ipalib/plugins/user.pyo", "size_i": "28335", "regex": "false"},
	{"name_s": "/usr/lib/python2.6/site-packages/ipalib/plugins/virtual.py", "size_i": "2362", "regex": "false"},
	{"name_s": "/usr/lib/python2.6/site-packages/ipalib/plugins/virtual.pyc", "size_i": "2093", "regex": "false"},
	{"name_s": "/usr/lib/python2.6/site-packages/ipalib/plugins/virtual.pyo", "size_i": "2093", "regex": "false"},
	{"name_s": "/usr/lib/python2.6/site-packages/ipalib/plugins/xmlclient.py", "size_i": "999", "regex": "false"},
	{"name_s": "/usr/lib/python2.6/site-packages/ipalib/plugins/xmlclient.pyc", "size_i": "409", "regex": "false"},
	{"name_s": "/usr/lib/python2.6/site-packages/ipalib/plugins/xmlclient.pyo", "size_i": "409", "regex": "false"},
	{"name_s": "/usr/lib/python2.6/site-packages/ipalib/request.py", "size_i": "1762", "regex": "false"},
	{"name_s": "/usr/lib/python2.6/site-packages/ipalib/request.pyc", "size_i": "1411", "regex": "false"},
	{"name_s": "/usr/lib/python2.6/site-packages/ipalib/request.pyo", "size_i": "1411", "regex": "false"},
	{"name_s": "/usr/lib/python2.6/site-packages/ipalib/rpc.py", "size_i": "29350", "regex": "false"},
	{"name_s": "/usr/lib/python2.6/site-packages/ipalib/rpc.pyc", "size_i": "25800", "regex": "false"},
	{"name_s": "/usr/lib/python2.6/site-packages/ipalib/rpc.pyo", "size_i": "25532", "regex": "false"},
	{"name_s": "/usr/lib/python2.6/site-packages/ipalib/session.py", "size_i": "50451", "regex": "false"},
	{"name_s": "/usr/lib/python2.6/site-packages/ipalib/session.pyc", "size_i": "49584", "regex": "false"},
	{"name_s": "/usr/lib/python2.6/site-packages/ipalib/session.pyo", "size_i": "49584", "regex": "false"},
	{"name_s": "/usr/lib/python2.6/site-packages/ipalib/text.py", "size_i": "16959", "regex": "false"},
	{"name_s": "/usr/lib/python2.6/site-packages/ipalib/text.pyc", "size_i": "18834", "regex": "false"},
	{"name_s": "/usr/lib/python2.6/site-packages/ipalib/text.pyo", "size_i": "18790", "regex": "false"},
	{"name_s": "/usr/lib/python2.6/site-packages/ipalib/util.py", "size_i": "17185", "regex": "false"},
	{"name_s": "/usr/lib/python2.6/site-packages/ipalib/util.pyc", "size_i": "18902", "regex": "false"},
	{"name_s": "/usr/lib/python2.6/site-packages/ipalib/util.pyo", "size_i": "18902", "regex": "false"},
	{"name_s": "/usr/lib/python2.6/site-packages/ipalib/x509.py", "size_i": "7735", "regex": "false"},
	{"name_s": "/usr/lib/python2.6/site-packages/ipalib/x509.pyc", "size_i": "7456", "regex": "false"},
	{"name_s": "/usr/lib/python2.6/site-packages/ipalib/x509.pyo", "size_i": "7456", "regex": "false"},
	{"name_s": "/usr/lib/python2.6/site-packages/ipapython", "size_i": "4096", "regex": "false"},
	{"name_s": "/usr/lib/python2.6/site-packages/ipapython-3.0.0-py2.6.egg-info", "size_i": "628", "regex": "false"},
	{"name_s": "/usr/lib/python2.6/site-packages/ipapython/__init__.py", "size_i": "0", "regex": "false"},
	{"name_s": "/usr/lib/python2.6/site-packages/ipapython/__init__.pyc", "size_i": "141", "regex": "false"},
	{"name_s": "/usr/lib/python2.6/site-packages/ipapython/__init__.pyo", "size_i": "141", "regex": "false"},
	{"name_s": "/usr/lib/python2.6/site-packages/ipapython/admintool.py", "size_i": "8048", "regex": "false"},
	{"name_s": "/usr/lib/python2.6/site-packages/ipapython/admintool.pyc", "size_i": "8913", "regex": "false"},
	{"name_s": "/usr/lib/python2.6/site-packages/ipapython/admintool.pyo", "size_i": "8913", "regex": "false"},
	{"name_s": "/usr/lib/python2.6/site-packages/ipapython/certdb.py", "size_i": "4575", "regex": "false"},
	{"name_s": "/usr/lib/python2.6/site-packages/ipapython/certdb.pyc", "size_i": "4689", "regex": "false"},
	{"name_s": "/usr/lib/python2.6/site-packages/ipapython/certdb.pyo", "size_i": "4689", "regex": "false"},
	{"name_s": "/usr/lib/python2.6/site-packages/ipapython/certmonger.py", "size_i": "14755", "regex": "false"},
	{"name_s": "/usr/lib/python2.6/site-packages/ipapython/certmonger.pyc", "size_i": "13826", "regex": "false"},
	{"name_s": "/usr/lib/python2.6/site-packages/ipapython/certmonger.pyo", "size_i": "13760", "regex": "false"},
	{"name_s": "/usr/lib/python2.6/site-packages/ipapython/compat.py", "size_i": "2598", "regex": "false"},
	{"name_s": "/usr/lib/python2.6/site-packages/ipapython/compat.pyc", "size_i": "2068", "regex": "false"},
	{"name_s": "/usr/lib/python2.6/site-packages/ipapython/compat.pyo", "size_i": "2068", "regex": "false"},
	{"name_s": "/usr/lib/python2.6/site-packages/ipapython/config.py", "size_i": "8672", "regex": "false"},
	{"name_s": "/usr/lib/python2.6/site-packages/ipapython/config.pyc", "size_i": "9159", "regex": "false"},
	{"name_s": "/usr/lib/python2.6/site-packages/ipapython/config.pyo", "size_i": "9159", "regex": "false"},
	{"name_s": "/usr/lib/python2.6/site-packages/ipapython/cookie.py", "size_i": "25033", "regex": "false"},
	{"name_s": "/usr/lib/python2.6/site-packages/ipapython/cookie.pyc", "size_i": "19183", "regex": "false"},
	{"name_s": "/usr/lib/python2.6/site-packages/ipapython/cookie.pyo", "size_i": "19183", "regex": "false"},
	{"name_s": "/usr/lib/python2.6/site-packages/ipapython/dn.py", "size_i": "58683", "regex": "false"},
	{"name_s": "/usr/lib/python2.6/site-packages/ipapython/dn.pyc", "size_i": "57555", "regex": "false"},
	{"name_s": "/usr/lib/python2.6/site-packages/ipapython/dn.pyo", "size_i": "57555", "regex": "false"},
	{"name_s": "/usr/lib/python2.6/site-packages/ipapython/dnsclient.py", "size_i": "10433", "regex": "false"},
	{"name_s": "/usr/lib/python2.6/site-packages/ipapython/dnsclient.pyc", "size_i": "13777", "regex": "false"},
	{"name_s": "/usr/lib/python2.6/site-packages/ipapython/dnsclient.pyo", "size_i": "13777", "regex": "false"},
	{"name_s": "/usr/lib/python2.6/site-packages/ipapython/dogtag.py", "size_i": "8510", "regex": "false"},
	{"name_s": "/usr/lib/python2.6/site-packages/ipapython/dogtag.pyc", "size_i": "7743", "regex": "false"},
	{"name_s": "/usr/lib/python2.6/site-packages/ipapython/dogtag.pyo", "size_i": "7743", "regex": "false"},
	{"name_s": "/usr/lib/python2.6/site-packages/ipapython/entity.py", "size_i": "7155", "regex": "false"},
	{"name_s": "/usr/lib/python2.6/site-packages/ipapython/entity.pyc", "size_i": "6544", "regex": "false"},
	{"name_s": "/usr/lib/python2.6/site-packages/ipapython/entity.pyo", "size_i": "6411", "regex": "false"},
	{"name_s": "/usr/lib/python2.6/site-packages/ipapython/ipa_log_manager.py", "size_i": "8301", "regex": "false"},
	{"name_s": "/usr/lib/python2.6/site-packages/ipapython/ipa_log_manager.pyc", "size_i": "6083", "regex": "false"},
	{"name_s": "/usr/lib/python2.6/site-packages/ipapython/ipa_log_manager.pyo", "size_i": "6083", "regex": "false"},
	{"name_s": "/usr/lib/python2.6/site-packages/ipapython/ipautil.py", "size_i": "41018", "regex": "false"},
	{"name_s": "/usr/lib/python2.6/site-packages/ipapython/ipautil.pyc", "size_i": "38328", "regex": "false"},
	{"name_s": "/usr/lib/python2.6/site-packages/ipapython/ipautil.pyo", "size_i": "38236", "regex": "false"},
	{"name_s": "/usr/lib/python2.6/site-packages/ipapython/ipavalidate.py", "size_i": "3633", "regex": "false"},
	{"name_s": "/usr/lib/python2.6/site-packages/ipapython/ipavalidate.pyc", "size_i": "3215", "regex": "false"},
	{"name_s": "/usr/lib/python2.6/site-packages/ipapython/ipavalidate.pyo", "size_i": "3215", "regex": "false"},
	{"name_s": "/usr/lib/python2.6/site-packages/ipapython/kernel_keyring.py", "size_i": "3281", "regex": "false"},
	{"name_s": "/usr/lib/python2.6/site-packages/ipapython/kernel_keyring.pyc", "size_i": "3147", "regex": "false"},
	{"name_s": "/usr/lib/python2.6/site-packages/ipapython/kernel_keyring.pyo", "size_i": "3147", "regex": "false"},
	{"name_s": "/usr/lib/python2.6/site-packages/ipapython/log_manager.py", "size_i": "62297", "regex": "false"},
	{"name_s": "/usr/lib/python2.6/site-packages/ipapython/log_manager.pyc", "size_i": "58075", "regex": "false"},
	{"name_s": "/usr/lib/python2.6/site-packages/ipapython/log_manager.pyo", "size_i": "58075", "regex": "false"},
	{"name_s": "/usr/lib/python2.6/site-packages/ipapython/nsslib.py", "size_i": "12886", "regex": "false"},
	{"name_s": "/usr/lib/python2.6/site-packages/ipapython/nsslib.pyc", "size_i": "10255", "regex": "false"},
	{"name_s": "/usr/lib/python2.6/site-packages/ipapython/nsslib.pyo", "size_i": "10255", "regex": "false"},
	{"name_s": "/usr/lib/python2.6/site-packages/ipapython/platform", "size_i": "4096", "regex": "false"},
	{"name_s": "/usr/lib/python2.6/site-packages/ipapython/platform/__init__.py", "size_i": "895", "regex": "false"},
	{"name_s": "/usr/lib/python2.6/site-packages/ipapython/platform/__init__.pyc", "size_i": "283", "regex": "false"},
	{"name_s": "/usr/lib/python2.6/site-packages/ipapython/platform/__init__.pyo", "size_i": "283", "regex": "false"},
	{"name_s": "/usr/lib/python2.6/site-packages/ipapython/platform/base.py", "size_i": "5511", "regex": "false"},
	{"name_s": "/usr/lib/python2.6/site-packages/ipapython/platform/base.pyc", "size_i": "7182", "regex": "false"},
	{"name_s": "/usr/lib/python2.6/site-packages/ipapython/platform/base.pyo", "size_i": "7182", "regex": "false"},
	{"name_s": "/usr/lib/python2.6/site-packages/ipapython/platform/fedora16.py", "size_i": "7608", "regex": "false"},
	{"name_s": "/usr/lib/python2.6/site-packages/ipapython/platform/fedora16.pyc", "size_i": "5321", "regex": "false"},
	{"name_s": "/usr/lib/python2.6/site-packages/ipapython/platform/fedora16.pyo", "size_i": "5321", "regex": "false"},
	{"name_s": "/usr/lib/python2.6/site-packages/ipapython/platform/redhat.py", "size_i": "9963", "regex": "false"},
	{"name_s": "/usr/lib/python2.6/site-packages/ipapython/platform/redhat.pyc", "size_i": "10431", "regex": "false"},
	{"name_s": "/usr/lib/python2.6/site-packages/ipapython/platform/redhat.pyo", "size_i": "10431", "regex": "false"},
	{"name_s": "/usr/lib/python2.6/site-packages/ipapython/platform/systemd.py", "size_i": "9318", "regex": "false"},
	{"name_s": "/usr/lib/python2.6/site-packages/ipapython/platform/systemd.pyc", "size_i": "8121", "regex": "false"},
	{"name_s": "/usr/lib/python2.6/site-packages/ipapython/platform/systemd.pyo", "size_i": "8121", "regex": "false"},
	{"name_s": "/usr/lib/python2.6/site-packages/ipapython/services.py", "size_i": "2094", "regex": "false"},
	{"name_s": "/usr/lib/python2.6/site-packages/ipapython/services.pyc", "size_i": "902", "regex": "false"},
	{"name_s": "/usr/lib/python2.6/site-packages/ipapython/services.pyo", "size_i": "902", "regex": "false"},
	{"name_s": "/usr/lib/python2.6/site-packages/ipapython/ssh.py", "size_i": "5646", "regex": "false"},
	{"name_s": "/usr/lib/python2.6/site-packages/ipapython/ssh.pyc", "size_i": "5599", "regex": "false"},
	{"name_s": "/usr/lib/python2.6/site-packages/ipapython/ssh.pyo", "size_i": "5599", "regex": "false"},
	{"name_s": "/usr/lib/python2.6/site-packages/ipapython/sysrestore.py", "size_i": "13074", "regex": "false"},
	{"name_s": "/usr/lib/python2.6/site-packages/ipapython/sysrestore.pyc", "size_i": "13258", "regex": "false"},
	{"name_s": "/usr/lib/python2.6/site-packages/ipapython/sysrestore.pyo", "size_i": "13258", "regex": "false"},
	{"name_s": "/usr/lib/python2.6/site-packages/ipapython/version.py", "size_i": "1008", "regex": "false"},
	{"name_s": "/usr/lib/python2.6/site-packages/ipapython/version.pyc", "size_i": "230", "regex": "false"},
	{"name_s": "/usr/lib/python2.6/site-packages/ipapython/version.pyo", "size_i": "230", "regex": "false"},
	{"name_s": "/usr/lib64/python2.6/site-packages/default_encoding_utf8.so", "size_i": "5056", "regex": "false"},
	{"name_s": "/usr/lib64/python2.6/site-packages/python_default_encoding-0.1-py2.6.egg-info", "size_i": "291", "regex": "false"},
	{"name_s": "/usr/share/doc/ipa-python-3.0.0", "size_i": "4096", "regex": "false"},
	{"name_s": "/usr/share/doc/ipa-python-3.0.0/COPYING", "size_i": "35147", "regex": "false"},
	{"name_s": "/usr/share/doc/ipa-python-3.0.0/Contributors.txt", "size_i": "1271", "regex": "false"},
	{"name_s": "/usr/share/doc/ipa-python-3.0.0/README", "size_i": "2289", "regex": "false"},
	{"name_s": "/usr/share/locale/bn_IN/LC_MESSAGES/ipa.mo", "size_i": "1825", "regex": "false"},
	{"name_s": "/usr/share/locale/de/LC_MESSAGES/ipa.mo", "size_i": "2256", "regex": "false"},
	{"name_s": "/usr/share/locale/es/LC_MESSAGES/ipa.mo", "size_i": "102148", "regex": "false"},
	{"name_s": "/usr/share/locale/fr/LC_MESSAGES/ipa.mo", "size_i": "221585", "regex": "false"},
	{"name_s": "/usr/share/locale/id/LC_MESSAGES/ipa.mo", "size_i": "8411", "regex": "false"},
	{"name_s": "/usr/share/locale/ja/LC_MESSAGES/ipa.mo", "size_i": "10880", "regex": "false"},
	{"name_s": "/usr/share/locale/kn/LC_MESSAGES/ipa.mo", "size_i": "26316", "regex": "false"},
	{"name_s": "/usr/share/locale/nl/LC_MESSAGES/ipa.mo", "size_i": "607", "regex": "false"},
	{"name_s": "/usr/share/locale/pl/LC_MESSAGES/ipa.mo", "size_i": "39439", "regex": "false"},
	{"name_s": "/usr/share/locale/ru/LC_MESSAGES/ipa.mo", "size_i": "32492", "regex": "false"},
	{"name_s": "/usr/share/locale/tg/LC_MESSAGES/ipa.mo", "size_i": "5769", "regex": "false"},
	{"name_s": "/usr/share/locale/uk/LC_MESSAGES/ipa.mo", "size_i": "315459", "regex": "false"},
	{"name_s": "/usr/share/locale/zh_CN/LC_MESSAGES/ipa.mo", "size_i": "7919", "regex": "false"}
]
