[
	{"name_s": "/usr/share/doc/iproute-doc-2.6.32", "size_i": "4096", "regex": "false"},
	{"name_s": "/usr/share/doc/iproute-doc-2.6.32/RELNOTES", "size_i": "7032", "regex": "false"},
	{"name_s": "/usr/share/doc/iproute-doc-2.6.32/api-ip6-flowlabels.ps", "size_i": "170789", "regex": "false"},
	{"name_s": "/usr/share/doc/iproute-doc-2.6.32/arpd.ps", "size_i": "125954", "regex": "false"},
	{"name_s": "/usr/share/doc/iproute-doc-2.6.32/examples", "size_i": "4096", "regex": "false"},
	{"name_s": "/usr/share/doc/iproute-doc-2.6.32/examples/README.cbq", "size_i": "4752", "regex": "false"},
	{"name_s": "/usr/share/doc/iproute-doc-2.6.32/examples/SYN-DoS.rate.limit", "size_i": "1664", "regex": "false"},
	{"name_s": "/usr/share/doc/iproute-doc-2.6.32/examples/cbq.init-v0.7.3", "size_i": "33559", "regex": "false"},
	{"name_s": "/usr/share/doc/iproute-doc-2.6.32/examples/cbq.init-v0.7.3.fix_cbq", "size_i": "33558", "regex": "false"},
	{"name_s": "/usr/share/doc/iproute-doc-2.6.32/examples/cbqinit.eth1", "size_i": "2625", "regex": "false"},
	{"name_s": "/usr/share/doc/iproute-doc-2.6.32/examples/dhcp-client-script", "size_i": "10028", "regex": "false"},
	{"name_s": "/usr/share/doc/iproute-doc-2.6.32/examples/diffserv", "size_i": "4096", "regex": "false"},
	{"name_s": "/usr/share/doc/iproute-doc-2.6.32/examples/diffserv/Edge1", "size_i": "2028", "regex": "false"},
	{"name_s": "/usr/share/doc/iproute-doc-2.6.32/examples/diffserv/Edge2", "size_i": "2957", "regex": "false"},
	{"name_s": "/usr/share/doc/iproute-doc-2.6.32/examples/diffserv/Edge31-ca-u32", "size_i": "5014", "regex": "false"},
	{"name_s": "/usr/share/doc/iproute-doc-2.6.32/examples/diffserv/Edge31-cb-chains", "size_i": "3992", "regex": "false"},
	{"name_s": "/usr/share/doc/iproute-doc-2.6.32/examples/diffserv/Edge32-ca-u32", "size_i": "5892", "regex": "false"},
	{"name_s": "/usr/share/doc/iproute-doc-2.6.32/examples/diffserv/Edge32-cb-chains", "size_i": "4423", "regex": "false"},
	{"name_s": "/usr/share/doc/iproute-doc-2.6.32/examples/diffserv/Edge32-cb-u32", "size_i": "4337", "regex": "false"},
	{"name_s": "/usr/share/doc/iproute-doc-2.6.32/examples/diffserv/README", "size_i": "2305", "regex": "false"},
	{"name_s": "/usr/share/doc/iproute-doc-2.6.32/examples/diffserv/afcbq", "size_i": "3506", "regex": "false"},
	{"name_s": "/usr/share/doc/iproute-doc-2.6.32/examples/diffserv/ef-prio", "size_i": "906", "regex": "false"},
	{"name_s": "/usr/share/doc/iproute-doc-2.6.32/examples/diffserv/efcbq", "size_i": "1203", "regex": "false"},
	{"name_s": "/usr/share/doc/iproute-doc-2.6.32/examples/diffserv/regression-testing", "size_i": "3893", "regex": "false"},
	{"name_s": "/usr/share/doc/iproute-doc-2.6.32/ip-cref.ps", "size_i": "382305", "regex": "false"},
	{"name_s": "/usr/share/doc/iproute-doc-2.6.32/ip-tunnels.ps", "size_i": "160041", "regex": "false"},
	{"name_s": "/usr/share/doc/iproute-doc-2.6.32/nstat.ps", "size_i": "135089", "regex": "false"},
	{"name_s": "/usr/share/doc/iproute-doc-2.6.32/rtstat.ps", "size_i": "82389", "regex": "false"},
	{"name_s": "/usr/share/doc/iproute-doc-2.6.32/ss.ps", "size_i": "276842", "regex": "false"}
]
