[
	{"name_s": "/bin/iptables-xml-1.4.7", "size_i": "20", "regex": "false"},
	{"name_s": "/etc/rc.d/init.d/iptables", "size_i": "10688", "regex": "false"},
	{"name_s": "/etc/sysconfig/iptables-config", "size_i": "1974", "regex": "false"},
	{"name_s": "/lib/libip4tc.so.0-1.4.7", "size_i": "23", "regex": "false"},
	{"name_s": "/lib/libip4tc.so.0.0.0-1.4.7", "size_i": "24208", "regex": "false"},
	{"name_s": "/lib/libip6tc.so.0-1.4.7", "size_i": "23", "regex": "false"},
	{"name_s": "/lib/libip6tc.so.0.0.0-1.4.7", "size_i": "25124", "regex": "false"},
	{"name_s": "/lib/libipq.so.0-1.4.7", "size_i": "21", "regex": "false"},
	{"name_s": "/lib/libipq.so.0.0.0-1.4.7", "size_i": "7308", "regex": "false"},
	{"name_s": "/lib/libiptc.so.0-1.4.7", "size_i": "22", "regex": "false"},
	{"name_s": "/lib/libiptc.so.0.0.0-1.4.7", "size_i": "2572", "regex": "false"},
	{"name_s": "/lib/libxtables.so.4-1.4.7", "size_i": "25", "regex": "false"},
	{"name_s": "/lib/libxtables.so.4.0.0-1.4.7", "size_i": "27948", "regex": "false"},
	{"name_s": "/lib/xtables", "size_i": "4096", "regex": "false"},
	{"name_s": "/lib/xtables/libipt_CLUSTERIP.so", "size_i": "7372", "regex": "false"},
	{"name_s": "/lib/xtables/libipt_DNAT.so", "size_i": "6920", "regex": "false"},
	{"name_s": "/lib/xtables/libipt_ECN.so", "size_i": "5892", "regex": "false"},
	{"name_s": "/lib/xtables/libipt_LOG.so", "size_i": "7428", "regex": "false"},
	{"name_s": "/lib/xtables/libipt_MASQUERADE.so", "size_i": "5196", "regex": "false"},
	{"name_s": "/lib/xtables/libipt_MIRROR.so", "size_i": "3048", "regex": "false"},
	{"name_s": "/lib/xtables/libipt_NETMAP.so", "size_i": "5288", "regex": "false"},
	{"name_s": "/lib/xtables/libipt_REDIRECT.so", "size_i": "5868", "regex": "false"},
	{"name_s": "/lib/xtables/libipt_REJECT.so", "size_i": "6024", "regex": "false"},
	{"name_s": "/lib/xtables/libipt_SAME.so", "size_i": "5928", "regex": "false"},
	{"name_s": "/lib/xtables/libipt_SET.so", "size_i": "7780", "regex": "false"},
	{"name_s": "/lib/xtables/libipt_SNAT.so", "size_i": "6856", "regex": "false"},
	{"name_s": "/lib/xtables/libipt_TTL.so", "size_i": "5124", "regex": "false"},
	{"name_s": "/lib/xtables/libipt_ULOG.so", "size_i": "6728", "regex": "false"},
	{"name_s": "/lib/xtables/libipt_addrtype.so", "size_i": "8716", "regex": "false"},
	{"name_s": "/lib/xtables/libipt_ah.so", "size_i": "5856", "regex": "false"},
	{"name_s": "/lib/xtables/libipt_ecn.so", "size_i": "5888", "regex": "false"},
	{"name_s": "/lib/xtables/libipt_icmp.so", "size_i": "7620", "regex": "false"},
	{"name_s": "/lib/xtables/libipt_realm.so", "size_i": "6820", "regex": "false"},
	{"name_s": "/lib/xtables/libipt_set.so", "size_i": "7424", "regex": "false"},
	{"name_s": "/lib/xtables/libipt_ttl.so", "size_i": "5248", "regex": "false"},
	{"name_s": "/lib/xtables/libipt_unclean.so", "size_i": "3044", "regex": "false"},
	{"name_s": "/lib/xtables/libxt_AUDIT.so", "size_i": "4584", "regex": "false"},
	{"name_s": "/lib/xtables/libxt_CHECKSUM.so", "size_i": "4104", "regex": "false"},
	{"name_s": "/lib/xtables/libxt_CLASSIFY.so", "size_i": "4456", "regex": "false"},
	{"name_s": "/lib/xtables/libxt_CONNMARK.so", "size_i": "11120", "regex": "false"},
	{"name_s": "/lib/xtables/libxt_CONNSECMARK.so", "size_i": "4716", "regex": "false"},
	{"name_s": "/lib/xtables/libxt_DSCP.so", "size_i": "6052", "regex": "false"},
	{"name_s": "/lib/xtables/libxt_MARK.so", "size_i": "8500", "regex": "false"},
	{"name_s": "/lib/xtables/libxt_NFLOG.so", "size_i": "6216", "regex": "false"},
	{"name_s": "/lib/xtables/libxt_NFQUEUE.so", "size_i": "6520", "regex": "false"},
	{"name_s": "/lib/xtables/libxt_NOTRACK.so", "size_i": "3048", "regex": "false"},
	{"name_s": "/lib/xtables/libxt_RATEEST.so", "size_i": "6664", "regex": "false"},
	{"name_s": "/lib/xtables/libxt_SECMARK.so", "size_i": "4648", "regex": "false"},
	{"name_s": "/lib/xtables/libxt_TCPMSS.so", "size_i": "5320", "regex": "false"},
	{"name_s": "/lib/xtables/libxt_TCPOPTSTRIP.so", "size_i": "5932", "regex": "false"},
	{"name_s": "/lib/xtables/libxt_TOS.so", "size_i": "8236", "regex": "false"},
	{"name_s": "/lib/xtables/libxt_TPROXY.so", "size_i": "8088", "regex": "false"},
	{"name_s": "/lib/xtables/libxt_TRACE.so", "size_i": "3048", "regex": "false"},
	{"name_s": "/lib/xtables/libxt_cluster.so", "size_i": "6660", "regex": "false"},
	{"name_s": "/lib/xtables/libxt_comment.so", "size_i": "4644", "regex": "false"},
	{"name_s": "/lib/xtables/libxt_connbytes.so", "size_i": "6568", "regex": "false"},
	{"name_s": "/lib/xtables/libxt_connlimit.so", "size_i": "6348", "regex": "false"},
	{"name_s": "/lib/xtables/libxt_connmark.so", "size_i": "5928", "regex": "false"},
	{"name_s": "/lib/xtables/libxt_conntrack.so", "size_i": "21368", "regex": "false"},
	{"name_s": "/lib/xtables/libxt_dccp.so", "size_i": "8128", "regex": "false"},
	{"name_s": "/lib/xtables/libxt_dscp.so", "size_i": "6048", "regex": "false"},
	{"name_s": "/lib/xtables/libxt_esp.so", "size_i": "5856", "regex": "false"},
	{"name_s": "/lib/xtables/libxt_hashlimit.so", "size_i": "16368", "regex": "false"},
	{"name_s": "/lib/xtables/libxt_helper.so", "size_i": "4548", "regex": "false"},
	{"name_s": "/lib/xtables/libxt_iprange.so", "size_i": "9100", "regex": "false"},
	{"name_s": "/lib/xtables/libxt_length.so", "size_i": "5860", "regex": "false"},
	{"name_s": "/lib/xtables/libxt_limit.so", "size_i": "5892", "regex": "false"},
	{"name_s": "/lib/xtables/libxt_mac.so", "size_i": "4864", "regex": "false"},
	{"name_s": "/lib/xtables/libxt_mark.so", "size_i": "5924", "regex": "false"},
	{"name_s": "/lib/xtables/libxt_multiport.so", "size_i": "10772", "regex": "false"},
	{"name_s": "/lib/xtables/libxt_osf.so", "size_i": "5952", "regex": "false"},
	{"name_s": "/lib/xtables/libxt_owner.so", "size_i": "10828", "regex": "false"},
	{"name_s": "/lib/xtables/libxt_physdev.so", "size_i": "6020", "regex": "false"},
	{"name_s": "/lib/xtables/libxt_pkttype.so", "size_i": "5060", "regex": "false"},
	{"name_s": "/lib/xtables/libxt_policy.so", "size_i": "11976", "regex": "false"},
	{"name_s": "/lib/xtables/libxt_quota.so", "size_i": "4196", "regex": "false"},
	{"name_s": "/lib/xtables/libxt_rateest.so", "size_i": "10404", "regex": "false"},
	{"name_s": "/lib/xtables/libxt_recent.so", "size_i": "8388", "regex": "false"},
	{"name_s": "/lib/xtables/libxt_sctp.so", "size_i": "10688", "regex": "false"},
	{"name_s": "/lib/xtables/libxt_socket.so", "size_i": "3848", "regex": "false"},
	{"name_s": "/lib/xtables/libxt_standard.so", "size_i": "3304", "regex": "false"},
	{"name_s": "/lib/xtables/libxt_state.so", "size_i": "5860", "regex": "false"},
	{"name_s": "/lib/xtables/libxt_statistic.so", "size_i": "6472", "regex": "false"},
	{"name_s": "/lib/xtables/libxt_string.so", "size_i": "8776", "regex": "false"},
	{"name_s": "/lib/xtables/libxt_tcp.so", "size_i": "8832", "regex": "false"},
	{"name_s": "/lib/xtables/libxt_tcpmss.so", "size_i": "5252", "regex": "false"},
	{"name_s": "/lib/xtables/libxt_time.so", "size_i": "10816", "regex": "false"},
	{"name_s": "/lib/xtables/libxt_tos.so", "size_i": "6628", "regex": "false"},
	{"name_s": "/lib/xtables/libxt_u32.so", "size_i": "6976", "regex": "false"},
	{"name_s": "/lib/xtables/libxt_udp.so", "size_i": "6368", "regex": "false"},
	{"name_s": "/sbin/iptables-1.4.7", "size_i": "14", "regex": "false"},
	{"name_s": "/sbin/iptables-multi-1.4.7", "size_i": "51844", "regex": "false"},
	{"name_s": "/sbin/iptables-restore-1.4.7", "size_i": "14", "regex": "false"},
	{"name_s": "/sbin/iptables-save-1.4.7", "size_i": "14", "regex": "false"},
	{"name_s": "/usr/share/doc/iptables-1.4.7", "size_i": "4096", "regex": "false"},
	{"name_s": "/usr/share/doc/iptables-1.4.7/COPYING", "size_i": "17982", "regex": "false"},
	{"name_s": "/usr/share/doc/iptables-1.4.7/INCOMPATIBILITIES", "size_i": "619", "regex": "false"},
	{"name_s": "/usr/share/doc/iptables-1.4.7/INSTALL", "size_i": "2357", "regex": "false"},
	{"name_s": "/usr/share/man/man8/iptables-1.4.7.8.gz", "size_i": "27280", "regex": "false"},
	{"name_s": "/usr/share/man/man8/iptables-restore-1.4.7.8.gz", "size_i": "901", "regex": "false"},
	{"name_s": "/usr/share/man/man8/iptables-save-1.4.7.8.gz", "size_i": "1032", "regex": "false"},
	{"name_s": "/usr/share/man/man8/iptables-xml-1.4.7.8.gz", "size_i": "1471", "regex": "false"}
]
