[
	{"name_s": "/bin/iptables-xml-1.4.7", "size_i": "20", "regex": "false"},
	{"name_s": "/etc/rc.d/init.d/iptables", "size_i": "10688", "regex": "false"},
	{"name_s": "/etc/sysconfig/iptables-config", "size_i": "1974", "regex": "false"},
	{"name_s": "/lib64/libip4tc.so.0-1.4.7", "size_i": "23", "regex": "false"},
	{"name_s": "/lib64/libip4tc.so.0.0.0-1.4.7", "size_i": "26232", "regex": "false"},
	{"name_s": "/lib64/libip6tc.so.0-1.4.7", "size_i": "23", "regex": "false"},
	{"name_s": "/lib64/libip6tc.so.0.0.0-1.4.7", "size_i": "28064", "regex": "false"},
	{"name_s": "/lib64/libipq.so.0-1.4.7", "size_i": "21", "regex": "false"},
	{"name_s": "/lib64/libipq.so.0.0.0-1.4.7", "size_i": "9280", "regex": "false"},
	{"name_s": "/lib64/libiptc.so.0-1.4.7", "size_i": "22", "regex": "false"},
	{"name_s": "/lib64/libiptc.so.0.0.0-1.4.7", "size_i": "3680", "regex": "false"},
	{"name_s": "/lib64/libxtables.so.4-1.4.7", "size_i": "25", "regex": "false"},
	{"name_s": "/lib64/libxtables.so.4.0.0-1.4.7", "size_i": "32208", "regex": "false"},
	{"name_s": "/lib64/xtables", "size_i": "4096", "regex": "false"},
	{"name_s": "/lib64/xtables/libipt_CLUSTERIP.so", "size_i": "8792", "regex": "false"},
	{"name_s": "/lib64/xtables/libipt_DNAT.so", "size_i": "8304", "regex": "false"},
	{"name_s": "/lib64/xtables/libipt_ECN.so", "size_i": "6960", "regex": "false"},
	{"name_s": "/lib64/xtables/libipt_LOG.so", "size_i": "9168", "regex": "false"},
	{"name_s": "/lib64/xtables/libipt_MASQUERADE.so", "size_i": "6904", "regex": "false"},
	{"name_s": "/lib64/xtables/libipt_MIRROR.so", "size_i": "4336", "regex": "false"},
	{"name_s": "/lib64/xtables/libipt_NETMAP.so", "size_i": "6896", "regex": "false"},
	{"name_s": "/lib64/xtables/libipt_REDIRECT.so", "size_i": "6904", "regex": "false"},
	{"name_s": "/lib64/xtables/libipt_REJECT.so", "size_i": "7952", "regex": "false"},
	{"name_s": "/lib64/xtables/libipt_SAME.so", "size_i": "7472", "regex": "false"},
	{"name_s": "/lib64/xtables/libipt_SET.so", "size_i": "9296", "regex": "false"},
	{"name_s": "/lib64/xtables/libipt_SNAT.so", "size_i": "8272", "regex": "false"},
	{"name_s": "/lib64/xtables/libipt_TTL.so", "size_i": "6928", "regex": "false"},
	{"name_s": "/lib64/xtables/libipt_ULOG.so", "size_i": "8304", "regex": "false"},
	{"name_s": "/lib64/xtables/libipt_addrtype.so", "size_i": "11440", "regex": "false"},
	{"name_s": "/lib64/xtables/libipt_ah.so", "size_i": "7112", "regex": "false"},
	{"name_s": "/lib64/xtables/libipt_ecn.so", "size_i": "6952", "regex": "false"},
	{"name_s": "/lib64/xtables/libipt_icmp.so", "size_i": "9992", "regex": "false"},
	{"name_s": "/lib64/xtables/libipt_realm.so", "size_i": "8296", "regex": "false"},
	{"name_s": "/lib64/xtables/libipt_set.so", "size_i": "8968", "regex": "false"},
	{"name_s": "/lib64/xtables/libipt_ttl.so", "size_i": "6952", "regex": "false"},
	{"name_s": "/lib64/xtables/libipt_unclean.so", "size_i": "4328", "regex": "false"},
	{"name_s": "/lib64/xtables/libxt_AUDIT.so", "size_i": "5904", "regex": "false"},
	{"name_s": "/lib64/xtables/libxt_CHECKSUM.so", "size_i": "5424", "regex": "false"},
	{"name_s": "/lib64/xtables/libxt_CLASSIFY.so", "size_i": "5808", "regex": "false"},
	{"name_s": "/lib64/xtables/libxt_CONNMARK.so", "size_i": "12280", "regex": "false"},
	{"name_s": "/lib64/xtables/libxt_CONNSECMARK.so", "size_i": "6008", "regex": "false"},
	{"name_s": "/lib64/xtables/libxt_DSCP.so", "size_i": "7568", "regex": "false"},
	{"name_s": "/lib64/xtables/libxt_MARK.so", "size_i": "9856", "regex": "false"},
	{"name_s": "/lib64/xtables/libxt_NFLOG.so", "size_i": "7728", "regex": "false"},
	{"name_s": "/lib64/xtables/libxt_NFQUEUE.so", "size_i": "7744", "regex": "false"},
	{"name_s": "/lib64/xtables/libxt_NOTRACK.so", "size_i": "4336", "regex": "false"},
	{"name_s": "/lib64/xtables/libxt_RATEEST.so", "size_i": "7952", "regex": "false"},
	{"name_s": "/lib64/xtables/libxt_SECMARK.so", "size_i": "6000", "regex": "false"},
	{"name_s": "/lib64/xtables/libxt_TCPMSS.so", "size_i": "7056", "regex": "false"},
	{"name_s": "/lib64/xtables/libxt_TCPOPTSTRIP.so", "size_i": "7640", "regex": "false"},
	{"name_s": "/lib64/xtables/libxt_TOS.so", "size_i": "9592", "regex": "false"},
	{"name_s": "/lib64/xtables/libxt_TPROXY.so", "size_i": "9344", "regex": "false"},
	{"name_s": "/lib64/xtables/libxt_TRACE.so", "size_i": "4304", "regex": "false"},
	{"name_s": "/lib64/xtables/libxt_cluster.so", "size_i": "7944", "regex": "false"},
	{"name_s": "/lib64/xtables/libxt_comment.so", "size_i": "6888", "regex": "false"},
	{"name_s": "/lib64/xtables/libxt_connbytes.so", "size_i": "7568", "regex": "false"},
	{"name_s": "/lib64/xtables/libxt_connlimit.so", "size_i": "7632", "regex": "false"},
	{"name_s": "/lib64/xtables/libxt_connmark.so", "size_i": "7304", "regex": "false"},
	{"name_s": "/lib64/xtables/libxt_conntrack.so", "size_i": "24592", "regex": "false"},
	{"name_s": "/lib64/xtables/libxt_dccp.so", "size_i": "10120", "regex": "false"},
	{"name_s": "/lib64/xtables/libxt_dscp.so", "size_i": "7752", "regex": "false"},
	{"name_s": "/lib64/xtables/libxt_esp.so", "size_i": "6984", "regex": "false"},
	{"name_s": "/lib64/xtables/libxt_hashlimit.so", "size_i": "18032", "regex": "false"},
	{"name_s": "/lib64/xtables/libxt_helper.so", "size_i": "5928", "regex": "false"},
	{"name_s": "/lib64/xtables/libxt_iprange.so", "size_i": "11304", "regex": "false"},
	{"name_s": "/lib64/xtables/libxt_length.so", "size_i": "6888", "regex": "false"},
	{"name_s": "/lib64/xtables/libxt_limit.so", "size_i": "7368", "regex": "false"},
	{"name_s": "/lib64/xtables/libxt_mac.so", "size_i": "6856", "regex": "false"},
	{"name_s": "/lib64/xtables/libxt_mark.so", "size_i": "7304", "regex": "false"},
	{"name_s": "/lib64/xtables/libxt_multiport.so", "size_i": "12592", "regex": "false"},
	{"name_s": "/lib64/xtables/libxt_osf.so", "size_i": "7336", "regex": "false"},
	{"name_s": "/lib64/xtables/libxt_owner.so", "size_i": "12200", "regex": "false"},
	{"name_s": "/lib64/xtables/libxt_physdev.so", "size_i": "7336", "regex": "false"},
	{"name_s": "/lib64/xtables/libxt_pkttype.so", "size_i": "7016", "regex": "false"},
	{"name_s": "/lib64/xtables/libxt_policy.so", "size_i": "13896", "regex": "false"},
	{"name_s": "/lib64/xtables/libxt_quota.so", "size_i": "5544", "regex": "false"},
	{"name_s": "/lib64/xtables/libxt_rateest.so", "size_i": "11944", "regex": "false"},
	{"name_s": "/lib64/xtables/libxt_recent.so", "size_i": "10056", "regex": "false"},
	{"name_s": "/lib64/xtables/libxt_sctp.so", "size_i": "13288", "regex": "false"},
	{"name_s": "/lib64/xtables/libxt_socket.so", "size_i": "5288", "regex": "false"},
	{"name_s": "/lib64/xtables/libxt_standard.so", "size_i": "4624", "regex": "false"},
	{"name_s": "/lib64/xtables/libxt_state.so", "size_i": "6888", "regex": "false"},
	{"name_s": "/lib64/xtables/libxt_statistic.so", "size_i": "7696", "regex": "false"},
	{"name_s": "/lib64/xtables/libxt_string.so", "size_i": "11272", "regex": "false"},
	{"name_s": "/lib64/xtables/libxt_tcp.so", "size_i": "11336", "regex": "false"},
	{"name_s": "/lib64/xtables/libxt_tcpmss.so", "size_i": "6888", "regex": "false"},
	{"name_s": "/lib64/xtables/libxt_time.so", "size_i": "12808", "regex": "false"},
	{"name_s": "/lib64/xtables/libxt_tos.so", "size_i": "8200", "regex": "false"},
	{"name_s": "/lib64/xtables/libxt_u32.so", "size_i": "8360", "regex": "false"},
	{"name_s": "/lib64/xtables/libxt_udp.so", "size_i": "7880", "regex": "false"},
	{"name_s": "/sbin/iptables-1.4.7", "size_i": "14", "regex": "false"},
	{"name_s": "/sbin/iptables-multi-1.4.7", "size_i": "54200", "regex": "false"},
	{"name_s": "/sbin/iptables-restore-1.4.7", "size_i": "14", "regex": "false"},
	{"name_s": "/sbin/iptables-save-1.4.7", "size_i": "14", "regex": "false"},
	{"name_s": "/usr/share/doc/iptables-1.4.7", "size_i": "4096", "regex": "false"},
	{"name_s": "/usr/share/doc/iptables-1.4.7/COPYING", "size_i": "17982", "regex": "false"},
	{"name_s": "/usr/share/doc/iptables-1.4.7/INCOMPATIBILITIES", "size_i": "619", "regex": "false"},
	{"name_s": "/usr/share/doc/iptables-1.4.7/INSTALL", "size_i": "2357", "regex": "false"},
	{"name_s": "/usr/share/man/man8/iptables-1.4.7.8.gz", "size_i": "27280", "regex": "false"},
	{"name_s": "/usr/share/man/man8/iptables-restore-1.4.7.8.gz", "size_i": "901", "regex": "false"},
	{"name_s": "/usr/share/man/man8/iptables-save-1.4.7.8.gz", "size_i": "1032", "regex": "false"},
	{"name_s": "/usr/share/man/man8/iptables-xml-1.4.7.8.gz", "size_i": "1471", "regex": "false"}
]
