[
	{"name_s": "/usr/share/javadoc/jakarta-oro", "size_i": "17", "regex": "false"},
	{"name_s": "/usr/share/javadoc/jakarta-oro-2.0.8", "size_i": "4096", "regex": "false"},
	{"name_s": "/usr/share/javadoc/jakarta-oro-2.0.8/allclasses-frame.html", "size_i": "4474", "regex": "false"},
	{"name_s": "/usr/share/javadoc/jakarta-oro-2.0.8/allclasses-noframe.html", "size_i": "13914", "regex": "false"},
	{"name_s": "/usr/share/javadoc/jakarta-oro-2.0.8/constant-values.html", "size_i": "16177", "regex": "false"},
	{"name_s": "/usr/share/javadoc/jakarta-oro-2.0.8/deprecated-list.html", "size_i": "8044", "regex": "false"},
	{"name_s": "/usr/share/javadoc/jakarta-oro-2.0.8/help-doc.html", "size_i": "8571", "regex": "false"},
	{"name_s": "/usr/share/javadoc/jakarta-oro-2.0.8/index-all.html", "size_i": "129067", "regex": "false"},
	{"name_s": "/usr/share/javadoc/jakarta-oro-2.0.8/index.html", "size_i": "964", "regex": "false"},
	{"name_s": "/usr/share/javadoc/jakarta-oro-2.0.8/org", "size_i": "4096", "regex": "false"},
	{"name_s": "/usr/share/javadoc/jakarta-oro-2.0.8/org/apache", "size_i": "4096", "regex": "false"},
	{"name_s": "/usr/share/javadoc/jakarta-oro-2.0.8/org/apache/oro", "size_i": "4096", "regex": "false"},
	{"name_s": "/usr/share/javadoc/jakarta-oro-2.0.8/org/apache/oro/io", "size_i": "4096", "regex": "false"},
	{"name_s": "/usr/share/javadoc/jakarta-oro-2.0.8/org/apache/oro/io/AwkFilenameFilter.html", "size_i": "9702", "regex": "false"},
	{"name_s": "/usr/share/javadoc/jakarta-oro-2.0.8/org/apache/oro/io/GlobFilenameFilter.html", "size_i": "9723", "regex": "false"},
	{"name_s": "/usr/share/javadoc/jakarta-oro-2.0.8/org/apache/oro/io/Perl5FilenameFilter.html", "size_i": "9778", "regex": "false"},
	{"name_s": "/usr/share/javadoc/jakarta-oro-2.0.8/org/apache/oro/io/RegexFilenameFilter.html", "size_i": "11773", "regex": "false"},
	{"name_s": "/usr/share/javadoc/jakarta-oro-2.0.8/org/apache/oro/io/package-frame.html", "size_i": "1104", "regex": "false"},
	{"name_s": "/usr/share/javadoc/jakarta-oro-2.0.8/org/apache/oro/io/package-summary.html", "size_i": "5705", "regex": "false"},
	{"name_s": "/usr/share/javadoc/jakarta-oro-2.0.8/org/apache/oro/io/package-tree.html", "size_i": "6535", "regex": "false"},
	{"name_s": "/usr/share/javadoc/jakarta-oro-2.0.8/org/apache/oro/text", "size_i": "4096", "regex": "false"},
	{"name_s": "/usr/share/javadoc/jakarta-oro-2.0.8/org/apache/oro/text/GenericPatternCache.html", "size_i": "15917", "regex": "false"},
	{"name_s": "/usr/share/javadoc/jakarta-oro-2.0.8/org/apache/oro/text/GlobCompiler.html", "size_i": "23713", "regex": "false"},
	{"name_s": "/usr/share/javadoc/jakarta-oro-2.0.8/org/apache/oro/text/MalformedCachePatternException.html", "size_i": "9070", "regex": "false"},
	{"name_s": "/usr/share/javadoc/jakarta-oro-2.0.8/org/apache/oro/text/MatchAction.html", "size_i": "8427", "regex": "false"},
	{"name_s": "/usr/share/javadoc/jakarta-oro-2.0.8/org/apache/oro/text/MatchActionInfo.html", "size_i": "12299", "regex": "false"},
	{"name_s": "/usr/share/javadoc/jakarta-oro-2.0.8/org/apache/oro/text/MatchActionProcessor.html", "size_i": "26127", "regex": "false"},
	{"name_s": "/usr/share/javadoc/jakarta-oro-2.0.8/org/apache/oro/text/PatternCache.html", "size_i": "16523", "regex": "false"},
	{"name_s": "/usr/share/javadoc/jakarta-oro-2.0.8/org/apache/oro/text/PatternCacheFIFO.html", "size_i": "10422", "regex": "false"},
	{"name_s": "/usr/share/javadoc/jakarta-oro-2.0.8/org/apache/oro/text/PatternCacheFIFO2.html", "size_i": "10851", "regex": "false"},
	{"name_s": "/usr/share/javadoc/jakarta-oro-2.0.8/org/apache/oro/text/PatternCacheLRU.html", "size_i": "10454", "regex": "false"},
	{"name_s": "/usr/share/javadoc/jakarta-oro-2.0.8/org/apache/oro/text/PatternCacheRandom.html", "size_i": "10463", "regex": "false"},
	{"name_s": "/usr/share/javadoc/jakarta-oro-2.0.8/org/apache/oro/text/awk", "size_i": "4096", "regex": "false"},
	{"name_s": "/usr/share/javadoc/jakarta-oro-2.0.8/org/apache/oro/text/awk/AwkCompiler.html", "size_i": "18702", "regex": "false"},
	{"name_s": "/usr/share/javadoc/jakarta-oro-2.0.8/org/apache/oro/text/awk/AwkMatcher.html", "size_i": "33782", "regex": "false"},
	{"name_s": "/usr/share/javadoc/jakarta-oro-2.0.8/org/apache/oro/text/awk/AwkPattern.html", "size_i": "8979", "regex": "false"},
	{"name_s": "/usr/share/javadoc/jakarta-oro-2.0.8/org/apache/oro/text/awk/AwkStreamInput.html", "size_i": "10569", "regex": "false"},
	{"name_s": "/usr/share/javadoc/jakarta-oro-2.0.8/org/apache/oro/text/awk/package-frame.html", "size_i": "1069", "regex": "false"},
	{"name_s": "/usr/share/javadoc/jakarta-oro-2.0.8/org/apache/oro/text/awk/package-summary.html", "size_i": "5620", "regex": "false"},
	{"name_s": "/usr/share/javadoc/jakarta-oro-2.0.8/org/apache/oro/text/awk/package-tree.html", "size_i": "7272", "regex": "false"},
	{"name_s": "/usr/share/javadoc/jakarta-oro-2.0.8/org/apache/oro/text/package-frame.html", "size_i": "1669", "regex": "false"},
	{"name_s": "/usr/share/javadoc/jakarta-oro-2.0.8/org/apache/oro/text/package-summary.html", "size_i": "7292", "regex": "false"},
	{"name_s": "/usr/share/javadoc/jakarta-oro-2.0.8/org/apache/oro/text/package-tree.html", "size_i": "8448", "regex": "false"},
	{"name_s": "/usr/share/javadoc/jakarta-oro-2.0.8/org/apache/oro/text/perl", "size_i": "4096", "regex": "false"},
	{"name_s": "/usr/share/javadoc/jakarta-oro-2.0.8/org/apache/oro/text/perl/MalformedPerl5PatternException.html", "size_i": "9230", "regex": "false"},
	{"name_s": "/usr/share/javadoc/jakarta-oro-2.0.8/org/apache/oro/text/perl/Perl5Util.html", "size_i": "53953", "regex": "false"},
	{"name_s": "/usr/share/javadoc/jakarta-oro-2.0.8/org/apache/oro/text/perl/package-frame.html", "size_i": "978", "regex": "false"},
	{"name_s": "/usr/share/javadoc/jakarta-oro-2.0.8/org/apache/oro/text/perl/package-summary.html", "size_i": "5303", "regex": "false"},
	{"name_s": "/usr/share/javadoc/jakarta-oro-2.0.8/org/apache/oro/text/perl/package-tree.html", "size_i": "7017", "regex": "false"},
	{"name_s": "/usr/share/javadoc/jakarta-oro-2.0.8/org/apache/oro/text/regex", "size_i": "4096", "regex": "false"},
	{"name_s": "/usr/share/javadoc/jakarta-oro-2.0.8/org/apache/oro/text/regex/MalformedPatternException.html", "size_i": "8657", "regex": "false"},
	{"name_s": "/usr/share/javadoc/jakarta-oro-2.0.8/org/apache/oro/text/regex/MatchResult.html", "size_i": "17020", "regex": "false"},
	{"name_s": "/usr/share/javadoc/jakarta-oro-2.0.8/org/apache/oro/text/regex/Pattern.html", "size_i": "9055", "regex": "false"},
	{"name_s": "/usr/share/javadoc/jakarta-oro-2.0.8/org/apache/oro/text/regex/PatternCompiler.html", "size_i": "14580", "regex": "false"},
	{"name_s": "/usr/share/javadoc/jakarta-oro-2.0.8/org/apache/oro/text/regex/PatternMatcher.html", "size_i": "26426", "regex": "false"},
	{"name_s": "/usr/share/javadoc/jakarta-oro-2.0.8/org/apache/oro/text/regex/PatternMatcherInput.html", "size_i": "35764", "regex": "false"},
	{"name_s": "/usr/share/javadoc/jakarta-oro-2.0.8/org/apache/oro/text/regex/Perl5Compiler.html", "size_i": "25349", "regex": "false"},
	{"name_s": "/usr/share/javadoc/jakarta-oro-2.0.8/org/apache/oro/text/regex/Perl5Debug.html", "size_i": "8953", "regex": "false"},
	{"name_s": "/usr/share/javadoc/jakarta-oro-2.0.8/org/apache/oro/text/regex/Perl5Matcher.html", "size_i": "35895", "regex": "false"},
	{"name_s": "/usr/share/javadoc/jakarta-oro-2.0.8/org/apache/oro/text/regex/Perl5Pattern.html", "size_i": "9035", "regex": "false"},
	{"name_s": "/usr/share/javadoc/jakarta-oro-2.0.8/org/apache/oro/text/regex/Perl5Substitution.html", "size_i": "22709", "regex": "false"},
	{"name_s": "/usr/share/javadoc/jakarta-oro-2.0.8/org/apache/oro/text/regex/StringSubstitution.html", "size_i": "14325", "regex": "false"},
	{"name_s": "/usr/share/javadoc/jakarta-oro-2.0.8/org/apache/oro/text/regex/Substitution.html", "size_i": "11575", "regex": "false"},
	{"name_s": "/usr/share/javadoc/jakarta-oro-2.0.8/org/apache/oro/text/regex/Util.html", "size_i": "35170", "regex": "false"},
	{"name_s": "/usr/share/javadoc/jakarta-oro-2.0.8/org/apache/oro/text/regex/package-frame.html", "size_i": "1833", "regex": "false"},
	{"name_s": "/usr/share/javadoc/jakarta-oro-2.0.8/org/apache/oro/text/regex/package-summary.html", "size_i": "13380", "regex": "false"},
	{"name_s": "/usr/share/javadoc/jakarta-oro-2.0.8/org/apache/oro/text/regex/package-tree.html", "size_i": "9630", "regex": "false"},
	{"name_s": "/usr/share/javadoc/jakarta-oro-2.0.8/org/apache/oro/util", "size_i": "4096", "regex": "false"},
	{"name_s": "/usr/share/javadoc/jakarta-oro-2.0.8/org/apache/oro/util/Cache.html", "size_i": "8862", "regex": "false"},
	{"name_s": "/usr/share/javadoc/jakarta-oro-2.0.8/org/apache/oro/util/CacheFIFO.html", "size_i": "9436", "regex": "false"},
	{"name_s": "/usr/share/javadoc/jakarta-oro-2.0.8/org/apache/oro/util/CacheFIFO2.html", "size_i": "10249", "regex": "false"},
	{"name_s": "/usr/share/javadoc/jakarta-oro-2.0.8/org/apache/oro/util/CacheLRU.html", "size_i": "9851", "regex": "false"},
	{"name_s": "/usr/share/javadoc/jakarta-oro-2.0.8/org/apache/oro/util/CacheRandom.html", "size_i": "9435", "regex": "false"},
	{"name_s": "/usr/share/javadoc/jakarta-oro-2.0.8/org/apache/oro/util/GenericCache.html", "size_i": "11651", "regex": "false"},
	{"name_s": "/usr/share/javadoc/jakarta-oro-2.0.8/org/apache/oro/util/package-frame.html", "size_i": "1200", "regex": "false"},
	{"name_s": "/usr/share/javadoc/jakarta-oro-2.0.8/org/apache/oro/util/package-summary.html", "size_i": "5916", "regex": "false"},
	{"name_s": "/usr/share/javadoc/jakarta-oro-2.0.8/org/apache/oro/util/package-tree.html", "size_i": "6974", "regex": "false"},
	{"name_s": "/usr/share/javadoc/jakarta-oro-2.0.8/overview-frame.html", "size_i": "1364", "regex": "false"},
	{"name_s": "/usr/share/javadoc/jakarta-oro-2.0.8/overview-summary.html", "size_i": "6459", "regex": "false"},
	{"name_s": "/usr/share/javadoc/jakarta-oro-2.0.8/overview-tree.html", "size_i": "14641", "regex": "false"},
	{"name_s": "/usr/share/javadoc/jakarta-oro-2.0.8/package-list", "size_i": "133", "regex": "false"},
	{"name_s": "/usr/share/javadoc/jakarta-oro-2.0.8/packages.html", "size_i": "833", "regex": "false"},
	{"name_s": "/usr/share/javadoc/jakarta-oro-2.0.8/resources", "size_i": "4096", "regex": "false"},
	{"name_s": "/usr/share/javadoc/jakarta-oro-2.0.8/resources/inherit.gif", "size_i": "57", "regex": "false"},
	{"name_s": "/usr/share/javadoc/jakarta-oro-2.0.8/serialized-form.html", "size_i": "16690", "regex": "false"},
	{"name_s": "/usr/share/javadoc/jakarta-oro-2.0.8/stylesheet.css", "size_i": "4692", "regex": "false"}
]
