[
	{"name_s": "/usr/share/javadoc/java_cup", "size_i": "14", "regex": "false"},
	{"name_s": "/usr/share/javadoc/java_cup-0.10k", "size_i": "4096", "regex": "false"},
	{"name_s": "/usr/share/javadoc/java_cup-0.10k/allclasses-frame.html", "size_i": "3741", "regex": "false"},
	{"name_s": "/usr/share/javadoc/java_cup-0.10k/allclasses-noframe.html", "size_i": "10415", "regex": "false"},
	{"name_s": "/usr/share/javadoc/java_cup-0.10k/index.html", "size_i": "851", "regex": "false"},
	{"name_s": "/usr/share/javadoc/java_cup-0.10k/java_cup", "size_i": "4096", "regex": "false"},
	{"name_s": "/usr/share/javadoc/java_cup-0.10k/java_cup/AntTask.html", "size_i": "15297", "regex": "false"},
	{"name_s": "/usr/share/javadoc/java_cup-0.10k/java_cup/CUP$parser$actions.html", "size_i": "14436", "regex": "false"},
	{"name_s": "/usr/share/javadoc/java_cup-0.10k/java_cup/Main.html", "size_i": "34823", "regex": "false"},
	{"name_s": "/usr/share/javadoc/java_cup-0.10k/java_cup/action_part.html", "size_i": "11303", "regex": "false"},
	{"name_s": "/usr/share/javadoc/java_cup-0.10k/java_cup/action_production.html", "size_i": "9671", "regex": "false"},
	{"name_s": "/usr/share/javadoc/java_cup-0.10k/java_cup/assoc.html", "size_i": "6833", "regex": "false"},
	{"name_s": "/usr/share/javadoc/java_cup-0.10k/java_cup/emit.html", "size_i": "29127", "regex": "false"},
	{"name_s": "/usr/share/javadoc/java_cup-0.10k/java_cup/internal_error.html", "size_i": "7136", "regex": "false"},
	{"name_s": "/usr/share/javadoc/java_cup-0.10k/java_cup/lalr_item.html", "size_i": "19682", "regex": "false"},
	{"name_s": "/usr/share/javadoc/java_cup-0.10k/java_cup/lalr_item_set.html", "size_i": "20506", "regex": "false"},
	{"name_s": "/usr/share/javadoc/java_cup-0.10k/java_cup/lalr_state.html", "size_i": "34259", "regex": "false"},
	{"name_s": "/usr/share/javadoc/java_cup-0.10k/java_cup/lalr_transition.html", "size_i": "12768", "regex": "false"},
	{"name_s": "/usr/share/javadoc/java_cup-0.10k/java_cup/lexer.html", "size_i": "22298", "regex": "false"},
	{"name_s": "/usr/share/javadoc/java_cup-0.10k/java_cup/lr_item_core.html", "size_i": "18849", "regex": "false"},
	{"name_s": "/usr/share/javadoc/java_cup-0.10k/java_cup/non_terminal.html", "size_i": "19280", "regex": "false"},
	{"name_s": "/usr/share/javadoc/java_cup-0.10k/java_cup/nonassoc_action.html", "size_i": "9157", "regex": "false"},
	{"name_s": "/usr/share/javadoc/java_cup-0.10k/java_cup/package-summary.html", "size_i": "8590", "regex": "false"},
	{"name_s": "/usr/share/javadoc/java_cup-0.10k/java_cup/parse_action.html", "size_i": "11296", "regex": "false"},
	{"name_s": "/usr/share/javadoc/java_cup-0.10k/java_cup/parse_action_row.html", "size_i": "10212", "regex": "false"},
	{"name_s": "/usr/share/javadoc/java_cup-0.10k/java_cup/parse_action_table.html", "size_i": "10090", "regex": "false"},
	{"name_s": "/usr/share/javadoc/java_cup-0.10k/java_cup/parse_reduce_row.html", "size_i": "8359", "regex": "false"},
	{"name_s": "/usr/share/javadoc/java_cup-0.10k/java_cup/parse_reduce_table.html", "size_i": "9442", "regex": "false"},
	{"name_s": "/usr/share/javadoc/java_cup-0.10k/java_cup/parser.html", "size_i": "15370", "regex": "false"},
	{"name_s": "/usr/share/javadoc/java_cup-0.10k/java_cup/production.html", "size_i": "37302", "regex": "false"},
	{"name_s": "/usr/share/javadoc/java_cup-0.10k/java_cup/production_part.html", "size_i": "10790", "regex": "false"},
	{"name_s": "/usr/share/javadoc/java_cup-0.10k/java_cup/reduce_action.html", "size_i": "10692", "regex": "false"},
	{"name_s": "/usr/share/javadoc/java_cup-0.10k/java_cup/runtime", "size_i": "4096", "regex": "false"},
	{"name_s": "/usr/share/javadoc/java_cup-0.10k/java_cup/runtime/Scanner.html", "size_i": "6642", "regex": "false"},
	{"name_s": "/usr/share/javadoc/java_cup-0.10k/java_cup/runtime/Symbol.html", "size_i": "11022", "regex": "false"},
	{"name_s": "/usr/share/javadoc/java_cup-0.10k/java_cup/runtime/lr_parser.html", "size_i": "49443", "regex": "false"},
	{"name_s": "/usr/share/javadoc/java_cup-0.10k/java_cup/runtime/package-summary.html", "size_i": "4387", "regex": "false"},
	{"name_s": "/usr/share/javadoc/java_cup-0.10k/java_cup/runtime/virtual_parse_stack.html", "size_i": "12074", "regex": "false"},
	{"name_s": "/usr/share/javadoc/java_cup-0.10k/java_cup/shift_action.html", "size_i": "10603", "regex": "false"},
	{"name_s": "/usr/share/javadoc/java_cup-0.10k/java_cup/simple_calc", "size_i": "4096", "regex": "false"},
	{"name_s": "/usr/share/javadoc/java_cup-0.10k/java_cup/simple_calc/CUP$parser$actions.html", "size_i": "6876", "regex": "false"},
	{"name_s": "/usr/share/javadoc/java_cup-0.10k/java_cup/simple_calc/Main.html", "size_i": "6021", "regex": "false"},
	{"name_s": "/usr/share/javadoc/java_cup-0.10k/java_cup/simple_calc/package-summary.html", "size_i": "3728", "regex": "false"},
	{"name_s": "/usr/share/javadoc/java_cup-0.10k/java_cup/simple_calc/parser.html", "size_i": "13567", "regex": "false"},
	{"name_s": "/usr/share/javadoc/java_cup-0.10k/java_cup/simple_calc/scanner.html", "size_i": "8454", "regex": "false"},
	{"name_s": "/usr/share/javadoc/java_cup-0.10k/java_cup/simple_calc/sym.html", "size_i": "9410", "regex": "false"},
	{"name_s": "/usr/share/javadoc/java_cup-0.10k/java_cup/sym.html", "size_i": "15170", "regex": "false"},
	{"name_s": "/usr/share/javadoc/java_cup-0.10k/java_cup/symbol.html", "size_i": "13713", "regex": "false"},
	{"name_s": "/usr/share/javadoc/java_cup-0.10k/java_cup/symbol_part.html", "size_i": "11689", "regex": "false"},
	{"name_s": "/usr/share/javadoc/java_cup-0.10k/java_cup/symbol_set.html", "size_i": "16895", "regex": "false"},
	{"name_s": "/usr/share/javadoc/java_cup-0.10k/java_cup/terminal.html", "size_i": "15078", "regex": "false"},
	{"name_s": "/usr/share/javadoc/java_cup-0.10k/java_cup/terminal_set.html", "size_i": "17305", "regex": "false"},
	{"name_s": "/usr/share/javadoc/java_cup-0.10k/java_cup/version.html", "size_i": "9250", "regex": "false"},
	{"name_s": "/usr/share/javadoc/java_cup-0.10k/package-list", "size_i": "47", "regex": "false"},
	{"name_s": "/usr/share/javadoc/java_cup-0.10k/stylesheet.css", "size_i": "4692", "regex": "false"}
]
