[
	{"name_s": "/usr/share/javadoc/jsch", "size_i": "11", "regex": "false"},
	{"name_s": "/usr/share/javadoc/jsch-0.1.41", "size_i": "4096", "regex": "false"},
	{"name_s": "/usr/share/javadoc/jsch-0.1.41/allclasses-frame.html", "size_i": "7312", "regex": "false"},
	{"name_s": "/usr/share/javadoc/jsch-0.1.41/allclasses-noframe.html", "size_i": "12280", "regex": "false"},
	{"name_s": "/usr/share/javadoc/jsch-0.1.41/com", "size_i": "4096", "regex": "false"},
	{"name_s": "/usr/share/javadoc/jsch-0.1.41/com/jcraft", "size_i": "4096", "regex": "false"},
	{"name_s": "/usr/share/javadoc/jsch-0.1.41/com/jcraft/jsch", "size_i": "4096", "regex": "false"},
	{"name_s": "/usr/share/javadoc/jsch-0.1.41/com/jcraft/jsch/Buffer.html", "size_i": "14359", "regex": "false"},
	{"name_s": "/usr/share/javadoc/jsch-0.1.41/com/jcraft/jsch/Channel.html", "size_i": "15328", "regex": "false"},
	{"name_s": "/usr/share/javadoc/jsch-0.1.41/com/jcraft/jsch/ChannelDirectTCPIP.html", "size_i": "8876", "regex": "false"},
	{"name_s": "/usr/share/javadoc/jsch-0.1.41/com/jcraft/jsch/ChannelExec.html", "size_i": "8123", "regex": "false"},
	{"name_s": "/usr/share/javadoc/jsch-0.1.41/com/jcraft/jsch/ChannelForwardedTCPIP.html", "size_i": "6480", "regex": "false"},
	{"name_s": "/usr/share/javadoc/jsch-0.1.41/com/jcraft/jsch/ChannelSftp.LsEntry.html", "size_i": "7789", "regex": "false"},
	{"name_s": "/usr/share/javadoc/jsch-0.1.41/com/jcraft/jsch/ChannelSftp.html", "size_i": "36955", "regex": "false"},
	{"name_s": "/usr/share/javadoc/jsch-0.1.41/com/jcraft/jsch/ChannelShell.html", "size_i": "6019", "regex": "false"},
	{"name_s": "/usr/share/javadoc/jsch-0.1.41/com/jcraft/jsch/ChannelSubsystem.html", "size_i": "8440", "regex": "false"},
	{"name_s": "/usr/share/javadoc/jsch-0.1.41/com/jcraft/jsch/Cipher.html", "size_i": "8251", "regex": "false"},
	{"name_s": "/usr/share/javadoc/jsch-0.1.41/com/jcraft/jsch/CipherNone.html", "size_i": "7478", "regex": "false"},
	{"name_s": "/usr/share/javadoc/jsch-0.1.41/com/jcraft/jsch/Compression.html", "size_i": "7924", "regex": "false"},
	{"name_s": "/usr/share/javadoc/jsch-0.1.41/com/jcraft/jsch/DH.html", "size_i": "7529", "regex": "false"},
	{"name_s": "/usr/share/javadoc/jsch-0.1.41/com/jcraft/jsch/DHG1.html", "size_i": "7504", "regex": "false"},
	{"name_s": "/usr/share/javadoc/jsch-0.1.41/com/jcraft/jsch/DHGEX.html", "size_i": "7513", "regex": "false"},
	{"name_s": "/usr/share/javadoc/jsch-0.1.41/com/jcraft/jsch/ForwardedTCPIPDaemon.html", "size_i": "7128", "regex": "false"},
	{"name_s": "/usr/share/javadoc/jsch-0.1.41/com/jcraft/jsch/GSSContext.html", "size_i": "7637", "regex": "false"},
	{"name_s": "/usr/share/javadoc/jsch-0.1.41/com/jcraft/jsch/HASH.html", "size_i": "7007", "regex": "false"},
	{"name_s": "/usr/share/javadoc/jsch-0.1.41/com/jcraft/jsch/HostKey.html", "size_i": "10655", "regex": "false"},
	{"name_s": "/usr/share/javadoc/jsch-0.1.41/com/jcraft/jsch/HostKeyRepository.html", "size_i": "10536", "regex": "false"},
	{"name_s": "/usr/share/javadoc/jsch-0.1.41/com/jcraft/jsch/IO.html", "size_i": "6386", "regex": "false"},
	{"name_s": "/usr/share/javadoc/jsch-0.1.41/com/jcraft/jsch/Identity.html", "size_i": "8499", "regex": "false"},
	{"name_s": "/usr/share/javadoc/jsch-0.1.41/com/jcraft/jsch/JSch.html", "size_i": "16947", "regex": "false"},
	{"name_s": "/usr/share/javadoc/jsch-0.1.41/com/jcraft/jsch/JSchException.html", "size_i": "7723", "regex": "false"},
	{"name_s": "/usr/share/javadoc/jsch-0.1.41/com/jcraft/jsch/KeyExchange.html", "size_i": "10731", "regex": "false"},
	{"name_s": "/usr/share/javadoc/jsch-0.1.41/com/jcraft/jsch/KeyPair.html", "size_i": "17626", "regex": "false"},
	{"name_s": "/usr/share/javadoc/jsch-0.1.41/com/jcraft/jsch/KeyPairDSA.html", "size_i": "7999", "regex": "false"},
	{"name_s": "/usr/share/javadoc/jsch-0.1.41/com/jcraft/jsch/KeyPairGenDSA.html", "size_i": "7571", "regex": "false"},
	{"name_s": "/usr/share/javadoc/jsch-0.1.41/com/jcraft/jsch/KeyPairGenRSA.html", "size_i": "8504", "regex": "false"},
	{"name_s": "/usr/share/javadoc/jsch-0.1.41/com/jcraft/jsch/KeyPairRSA.html", "size_i": "7999", "regex": "false"},
	{"name_s": "/usr/share/javadoc/jsch-0.1.41/com/jcraft/jsch/KnownHosts.html", "size_i": "10158", "regex": "false"},
	{"name_s": "/usr/share/javadoc/jsch-0.1.41/com/jcraft/jsch/Logger.html", "size_i": "8234", "regex": "false"},
	{"name_s": "/usr/share/javadoc/jsch-0.1.41/com/jcraft/jsch/MAC.html", "size_i": "7775", "regex": "false"},
	{"name_s": "/usr/share/javadoc/jsch-0.1.41/com/jcraft/jsch/Packet.html", "size_i": "6847", "regex": "false"},
	{"name_s": "/usr/share/javadoc/jsch-0.1.41/com/jcraft/jsch/Proxy.html", "size_i": "7755", "regex": "false"},
	{"name_s": "/usr/share/javadoc/jsch-0.1.41/com/jcraft/jsch/ProxyHTTP.html", "size_i": "10162", "regex": "false"},
	{"name_s": "/usr/share/javadoc/jsch-0.1.41/com/jcraft/jsch/ProxySOCKS4.html", "size_i": "10204", "regex": "false"},
	{"name_s": "/usr/share/javadoc/jsch-0.1.41/com/jcraft/jsch/ProxySOCKS5.html", "size_i": "10204", "regex": "false"},
	{"name_s": "/usr/share/javadoc/jsch-0.1.41/com/jcraft/jsch/Random.html", "size_i": "6042", "regex": "false"},
	{"name_s": "/usr/share/javadoc/jsch-0.1.41/com/jcraft/jsch/RequestSftp.html", "size_i": "6396", "regex": "false"},
	{"name_s": "/usr/share/javadoc/jsch-0.1.41/com/jcraft/jsch/RequestSubsystem.html", "size_i": "7294", "regex": "false"},
	{"name_s": "/usr/share/javadoc/jsch-0.1.41/com/jcraft/jsch/ServerSocketFactory.html", "size_i": "6330", "regex": "false"},
	{"name_s": "/usr/share/javadoc/jsch-0.1.41/com/jcraft/jsch/Session.html", "size_i": "33346", "regex": "false"},
	{"name_s": "/usr/share/javadoc/jsch-0.1.41/com/jcraft/jsch/SftpATTRS.html", "size_i": "14485", "regex": "false"},
	{"name_s": "/usr/share/javadoc/jsch-0.1.41/com/jcraft/jsch/SftpException.html", "size_i": "8394", "regex": "false"},
	{"name_s": "/usr/share/javadoc/jsch-0.1.41/com/jcraft/jsch/SftpProgressMonitor.html", "size_i": "7847", "regex": "false"},
	{"name_s": "/usr/share/javadoc/jsch-0.1.41/com/jcraft/jsch/SignatureDSA.html", "size_i": "7989", "regex": "false"},
	{"name_s": "/usr/share/javadoc/jsch-0.1.41/com/jcraft/jsch/SignatureRSA.html", "size_i": "7825", "regex": "false"},
	{"name_s": "/usr/share/javadoc/jsch-0.1.41/com/jcraft/jsch/SocketFactory.html", "size_i": "7067", "regex": "false"},
	{"name_s": "/usr/share/javadoc/jsch-0.1.41/com/jcraft/jsch/UIKeyboardInteractive.html", "size_i": "6614", "regex": "false"},
	{"name_s": "/usr/share/javadoc/jsch-0.1.41/com/jcraft/jsch/UserAuth.html", "size_i": "11193", "regex": "false"},
	{"name_s": "/usr/share/javadoc/jsch-0.1.41/com/jcraft/jsch/UserAuthGSSAPIWithMIC.html", "size_i": "6332", "regex": "false"},
	{"name_s": "/usr/share/javadoc/jsch-0.1.41/com/jcraft/jsch/UserInfo.html", "size_i": "8115", "regex": "false"},
	{"name_s": "/usr/share/javadoc/jsch-0.1.41/com/jcraft/jsch/jce", "size_i": "4096", "regex": "false"},
	{"name_s": "/usr/share/javadoc/jsch-0.1.41/com/jcraft/jsch/jce/AES128CBC.html", "size_i": "7528", "regex": "false"},
	{"name_s": "/usr/share/javadoc/jsch-0.1.41/com/jcraft/jsch/jce/AES128CTR.html", "size_i": "7528", "regex": "false"},
	{"name_s": "/usr/share/javadoc/jsch-0.1.41/com/jcraft/jsch/jce/AES192CBC.html", "size_i": "7528", "regex": "false"},
	{"name_s": "/usr/share/javadoc/jsch-0.1.41/com/jcraft/jsch/jce/AES192CTR.html", "size_i": "7528", "regex": "false"},
	{"name_s": "/usr/share/javadoc/jsch-0.1.41/com/jcraft/jsch/jce/AES256CBC.html", "size_i": "7528", "regex": "false"},
	{"name_s": "/usr/share/javadoc/jsch-0.1.41/com/jcraft/jsch/jce/AES256CTR.html", "size_i": "7528", "regex": "false"},
	{"name_s": "/usr/share/javadoc/jsch-0.1.41/com/jcraft/jsch/jce/ARCFOUR.html", "size_i": "7510", "regex": "false"},
	{"name_s": "/usr/share/javadoc/jsch-0.1.41/com/jcraft/jsch/jce/ARCFOUR128.html", "size_i": "7537", "regex": "false"},
	{"name_s": "/usr/share/javadoc/jsch-0.1.41/com/jcraft/jsch/jce/ARCFOUR256.html", "size_i": "7537", "regex": "false"},
	{"name_s": "/usr/share/javadoc/jsch-0.1.41/com/jcraft/jsch/jce/BlowfishCBC.html", "size_i": "7546", "regex": "false"},
	{"name_s": "/usr/share/javadoc/jsch-0.1.41/com/jcraft/jsch/jce/DH.html", "size_i": "7805", "regex": "false"},
	{"name_s": "/usr/share/javadoc/jsch-0.1.41/com/jcraft/jsch/jce/HMACMD5.html", "size_i": "8073", "regex": "false"},
	{"name_s": "/usr/share/javadoc/jsch-0.1.41/com/jcraft/jsch/jce/HMACMD596.html", "size_i": "8091", "regex": "false"},
	{"name_s": "/usr/share/javadoc/jsch-0.1.41/com/jcraft/jsch/jce/HMACSHA1.html", "size_i": "8082", "regex": "false"},
	{"name_s": "/usr/share/javadoc/jsch-0.1.41/com/jcraft/jsch/jce/HMACSHA196.html", "size_i": "8100", "regex": "false"},
	{"name_s": "/usr/share/javadoc/jsch-0.1.41/com/jcraft/jsch/jce/KeyPairGenDSA.html", "size_i": "7869", "regex": "false"},
	{"name_s": "/usr/share/javadoc/jsch-0.1.41/com/jcraft/jsch/jce/KeyPairGenRSA.html", "size_i": "8802", "regex": "false"},
	{"name_s": "/usr/share/javadoc/jsch-0.1.41/com/jcraft/jsch/jce/MD5.html", "size_i": "7278", "regex": "false"},
	{"name_s": "/usr/share/javadoc/jsch-0.1.41/com/jcraft/jsch/jce/Random.html", "size_i": "7038", "regex": "false"},
	{"name_s": "/usr/share/javadoc/jsch-0.1.41/com/jcraft/jsch/jce/SHA1.html", "size_i": "7287", "regex": "false"},
	{"name_s": "/usr/share/javadoc/jsch-0.1.41/com/jcraft/jsch/jce/SignatureDSA.html", "size_i": "8289", "regex": "false"},
	{"name_s": "/usr/share/javadoc/jsch-0.1.41/com/jcraft/jsch/jce/SignatureRSA.html", "size_i": "8125", "regex": "false"},
	{"name_s": "/usr/share/javadoc/jsch-0.1.41/com/jcraft/jsch/jce/TripleDESCBC.html", "size_i": "7555", "regex": "false"},
	{"name_s": "/usr/share/javadoc/jsch-0.1.41/com/jcraft/jsch/jce/TripleDESCTR.html", "size_i": "7555", "regex": "false"},
	{"name_s": "/usr/share/javadoc/jsch-0.1.41/com/jcraft/jsch/jce/package-frame.html", "size_i": "2190", "regex": "false"},
	{"name_s": "/usr/share/javadoc/jsch-0.1.41/com/jcraft/jsch/jce/package-summary.html", "size_i": "5641", "regex": "false"},
	{"name_s": "/usr/share/javadoc/jsch-0.1.41/com/jcraft/jsch/jcraft", "size_i": "4096", "regex": "false"},
	{"name_s": "/usr/share/javadoc/jsch-0.1.41/com/jcraft/jsch/jcraft/Compression.html", "size_i": "7980", "regex": "false"},
	{"name_s": "/usr/share/javadoc/jsch-0.1.41/com/jcraft/jsch/jcraft/HMACMD5.html", "size_i": "6971", "regex": "false"},
	{"name_s": "/usr/share/javadoc/jsch-0.1.41/com/jcraft/jsch/jcraft/HMACMD596.html", "size_i": "6851", "regex": "false"},
	{"name_s": "/usr/share/javadoc/jsch-0.1.41/com/jcraft/jsch/jcraft/HMACSHA1.html", "size_i": "6986", "regex": "false"},
	{"name_s": "/usr/share/javadoc/jsch-0.1.41/com/jcraft/jsch/jcraft/HMACSHA196.html", "size_i": "6862", "regex": "false"},
	{"name_s": "/usr/share/javadoc/jsch-0.1.41/com/jcraft/jsch/jcraft/package-frame.html", "size_i": "1080", "regex": "false"},
	{"name_s": "/usr/share/javadoc/jsch-0.1.41/com/jcraft/jsch/jcraft/package-summary.html", "size_i": "3923", "regex": "false"},
	{"name_s": "/usr/share/javadoc/jsch-0.1.41/com/jcraft/jsch/jgss", "size_i": "4096", "regex": "false"},
	{"name_s": "/usr/share/javadoc/jsch-0.1.41/com/jcraft/jsch/jgss/GSSContextKrb5.html", "size_i": "7967", "regex": "false"},
	{"name_s": "/usr/share/javadoc/jsch-0.1.41/com/jcraft/jsch/jgss/package-frame.html", "size_i": "848", "regex": "false"},
	{"name_s": "/usr/share/javadoc/jsch-0.1.41/com/jcraft/jsch/jgss/package-summary.html", "size_i": "3563", "regex": "false"},
	{"name_s": "/usr/share/javadoc/jsch-0.1.41/com/jcraft/jsch/package-frame.html", "size_i": "4186", "regex": "false"},
	{"name_s": "/usr/share/javadoc/jsch-0.1.41/com/jcraft/jsch/package-summary.html", "size_i": "8598", "regex": "false"},
	{"name_s": "/usr/share/javadoc/jsch-0.1.41/index.html", "size_i": "943", "regex": "false"},
	{"name_s": "/usr/share/javadoc/jsch-0.1.41/overview-frame.html", "size_i": "1101", "regex": "false"},
	{"name_s": "/usr/share/javadoc/jsch-0.1.41/overview-summary.html", "size_i": "3472", "regex": "false"},
	{"name_s": "/usr/share/javadoc/jsch-0.1.41/package-list", "size_i": "80", "regex": "false"},
	{"name_s": "/usr/share/javadoc/jsch-0.1.41/stylesheet.css", "size_i": "4692", "regex": "false"}
]
