[
	{"name_s": "/usr/share/doc/junit-manual-3.8.2", "size_i": "4096", "regex": "false"},
	{"name_s": "/usr/share/doc/junit-manual-3.8.2/Changes34.html", "size_i": "6142", "regex": "false"},
	{"name_s": "/usr/share/doc/junit-manual-3.8.2/JUnitProperties.html", "size_i": "2702", "regex": "false"},
	{"name_s": "/usr/share/doc/junit-manual-3.8.2/changes21.html", "size_i": "3625", "regex": "false"},
	{"name_s": "/usr/share/doc/junit-manual-3.8.2/cookbook", "size_i": "4096", "regex": "false"},
	{"name_s": "/usr/share/doc/junit-manual-3.8.2/cookbook/IMG00001.GIF", "size_i": "13848", "regex": "false"},
	{"name_s": "/usr/share/doc/junit-manual-3.8.2/cookbook/cookbook.htm", "size_i": "11382", "regex": "false"},
	{"name_s": "/usr/share/doc/junit-manual-3.8.2/cookbook/logo.gif", "size_i": "964", "regex": "false"},
	{"name_s": "/usr/share/doc/junit-manual-3.8.2/cookstour", "size_i": "4096", "regex": "false"},
	{"name_s": "/usr/share/doc/junit-manual-3.8.2/cookstour/Image1.gif", "size_i": "1820", "regex": "false"},
	{"name_s": "/usr/share/doc/junit-manual-3.8.2/cookstour/Image2.gif", "size_i": "2490", "regex": "false"},
	{"name_s": "/usr/share/doc/junit-manual-3.8.2/cookstour/Image3.gif", "size_i": "2946", "regex": "false"},
	{"name_s": "/usr/share/doc/junit-manual-3.8.2/cookstour/Image4.gif", "size_i": "3694", "regex": "false"},
	{"name_s": "/usr/share/doc/junit-manual-3.8.2/cookstour/Image5.gif", "size_i": "4858", "regex": "false"},
	{"name_s": "/usr/share/doc/junit-manual-3.8.2/cookstour/Image6.gif", "size_i": "8950", "regex": "false"},
	{"name_s": "/usr/share/doc/junit-manual-3.8.2/cookstour/Image7.gif", "size_i": "5295", "regex": "false"},
	{"name_s": "/usr/share/doc/junit-manual-3.8.2/cookstour/cookstour.htm", "size_i": "38254", "regex": "false"},
	{"name_s": "/usr/share/doc/junit-manual-3.8.2/faq", "size_i": "4096", "regex": "false"},
	{"name_s": "/usr/share/doc/junit-manual-3.8.2/faq/faq.htm", "size_i": "83565", "regex": "false"},
	{"name_s": "/usr/share/doc/junit-manual-3.8.2/testinfected", "size_i": "4096", "regex": "false"},
	{"name_s": "/usr/share/doc/junit-manual-3.8.2/testinfected/IMG00001.GIF", "size_i": "6426", "regex": "false"},
	{"name_s": "/usr/share/doc/junit-manual-3.8.2/testinfected/IMG00002.GIF", "size_i": "6934", "regex": "false"},
	{"name_s": "/usr/share/doc/junit-manual-3.8.2/testinfected/IMG00003.GIF", "size_i": "5992", "regex": "false"},
	{"name_s": "/usr/share/doc/junit-manual-3.8.2/testinfected/logo.gif", "size_i": "964", "regex": "false"},
	{"name_s": "/usr/share/doc/junit-manual-3.8.2/testinfected/testing.htm", "size_i": "31432", "regex": "false"}
]
