[
	{"name_s": "/etc/jwhois.conf", "size_i": "36969", "regex": "false"},
	{"name_s": "/usr/bin/jwhois", "size_i": "69296", "regex": "false"},
	{"name_s": "/usr/bin/whois", "size_i": "6", "regex": "false"},
	{"name_s": "/usr/share/doc/jwhois-4.0", "size_i": "4096", "regex": "false"},
	{"name_s": "/usr/share/doc/jwhois-4.0/AUTHORS", "size_i": "124", "regex": "false"},
	{"name_s": "/usr/share/doc/jwhois-4.0/COPYING", "size_i": "35068", "regex": "false"},
	{"name_s": "/usr/share/doc/jwhois-4.0/ChangeLog", "size_i": "34558", "regex": "false"},
	{"name_s": "/usr/share/doc/jwhois-4.0/NEWS", "size_i": "2983", "regex": "false"},
	{"name_s": "/usr/share/doc/jwhois-4.0/README", "size_i": "4660", "regex": "false"},
	{"name_s": "/usr/share/doc/jwhois-4.0/TODO", "size_i": "529", "regex": "false"},
	{"name_s": "/usr/share/info/jwhois.info.gz", "size_i": "6309", "regex": "false"},
	{"name_s": "/usr/share/locale/es/LC_MESSAGES/jwhois.mo", "size_i": "8773", "regex": "false"},
	{"name_s": "/usr/share/locale/fr/LC_MESSAGES/jwhois.mo", "size_i": "8027", "regex": "false"},
	{"name_s": "/usr/share/locale/hu/LC_MESSAGES/jwhois.mo", "size_i": "8009", "regex": "false"},
	{"name_s": "/usr/share/locale/id/LC_MESSAGES/jwhois.mo", "size_i": "7760", "regex": "false"},
	{"name_s": "/usr/share/locale/it/LC_MESSAGES/jwhois.mo", "size_i": "8696", "regex": "false"},
	{"name_s": "/usr/share/locale/nl/LC_MESSAGES/jwhois.mo", "size_i": "7757", "regex": "false"},
	{"name_s": "/usr/share/locale/pl/LC_MESSAGES/jwhois.mo", "size_i": "8192", "regex": "false"},
	{"name_s": "/usr/share/locale/pt_BR/LC_MESSAGES/jwhois.mo", "size_i": "7795", "regex": "false"},
	{"name_s": "/usr/share/locale/ro/LC_MESSAGES/jwhois.mo", "size_i": "7850", "regex": "false"},
	{"name_s": "/usr/share/locale/ru/LC_MESSAGES/jwhois.mo", "size_i": "2011", "regex": "false"},
	{"name_s": "/usr/share/locale/rw/LC_MESSAGES/jwhois.mo", "size_i": "483", "regex": "false"},
	{"name_s": "/usr/share/locale/sv/LC_MESSAGES/jwhois.mo", "size_i": "8297", "regex": "false"},
	{"name_s": "/usr/share/locale/tr/LC_MESSAGES/jwhois.mo", "size_i": "7908", "regex": "false"},
	{"name_s": "/usr/share/locale/vi/LC_MESSAGES/jwhois.mo", "size_i": "9567", "regex": "false"},
	{"name_s": "/usr/share/locale/zh_TW/LC_MESSAGES/jwhois.mo", "size_i": "6736", "regex": "false"},
	{"name_s": "/usr/share/man/man1/jwhois.1.gz", "size_i": "1171", "regex": "false"},
	{"name_s": "/usr/share/man/man1/whois.1.gz", "size_i": "38", "regex": "false"},
	{"name_s": "/usr/share/man/sv/man1/jwhois.1.gz", "size_i": "1314", "regex": "false"}
]
