[
	{"name_s": "/usr/share/javadoc/jython-2.2.1", "size_i": "4096", "regex": "false"},
	{"name_s": "/usr/share/javadoc/jython-2.2.1/allclasses-frame.html", "size_i": "15177", "regex": "false"},
	{"name_s": "/usr/share/javadoc/jython-2.2.1/allclasses-noframe.html", "size_i": "28260", "regex": "false"},
	{"name_s": "/usr/share/javadoc/jython-2.2.1/com", "size_i": "4096", "regex": "false"},
	{"name_s": "/usr/share/javadoc/jython-2.2.1/com/ziclix", "size_i": "4096", "regex": "false"},
	{"name_s": "/usr/share/javadoc/jython-2.2.1/com/ziclix/python", "size_i": "4096", "regex": "false"},
	{"name_s": "/usr/share/javadoc/jython-2.2.1/com/ziclix/python/sql", "size_i": "4096", "regex": "false"},
	{"name_s": "/usr/share/javadoc/jython-2.2.1/com/ziclix/python/sql/DBApiType.html", "size_i": "8383", "regex": "false"},
	{"name_s": "/usr/share/javadoc/jython-2.2.1/com/ziclix/python/sql/DataHandler.html", "size_i": "23764", "regex": "false"},
	{"name_s": "/usr/share/javadoc/jython-2.2.1/com/ziclix/python/sql/DateFactory.html", "size_i": "13936", "regex": "false"},
	{"name_s": "/usr/share/javadoc/jython-2.2.1/com/ziclix/python/sql/Fetch.html", "size_i": "20130", "regex": "false"},
	{"name_s": "/usr/share/javadoc/jython-2.2.1/com/ziclix/python/sql/FilterDataHandler.html", "size_i": "14438", "regex": "false"},
	{"name_s": "/usr/share/javadoc/jython-2.2.1/com/ziclix/python/sql/JDBC20DataHandler.html", "size_i": "9787", "regex": "false"},
	{"name_s": "/usr/share/javadoc/jython-2.2.1/com/ziclix/python/sql/JDBC30DataHandler.html", "size_i": "8791", "regex": "false"},
	{"name_s": "/usr/share/javadoc/jython-2.2.1/com/ziclix/python/sql/JavaDateFactory.html", "size_i": "14189", "regex": "false"},
	{"name_s": "/usr/share/javadoc/jython-2.2.1/com/ziclix/python/sql/Procedure.html", "size_i": "13137", "regex": "false"},
	{"name_s": "/usr/share/javadoc/jython-2.2.1/com/ziclix/python/sql/PyConnection.html", "size_i": "18841", "regex": "false"},
	{"name_s": "/usr/share/javadoc/jython-2.2.1/com/ziclix/python/sql/PyCursor.html", "size_i": "32864", "regex": "false"},
	{"name_s": "/usr/share/javadoc/jython-2.2.1/com/ziclix/python/sql/PyExtendedCursor.html", "size_i": "9432", "regex": "false"},
	{"name_s": "/usr/share/javadoc/jython-2.2.1/com/ziclix/python/sql/PyStatement.html", "size_i": "15957", "regex": "false"},
	{"name_s": "/usr/share/javadoc/jython-2.2.1/com/ziclix/python/sql/WarningEvent.html", "size_i": "7276", "regex": "false"},
	{"name_s": "/usr/share/javadoc/jython-2.2.1/com/ziclix/python/sql/WarningListener.html", "size_i": "6752", "regex": "false"},
	{"name_s": "/usr/share/javadoc/jython-2.2.1/com/ziclix/python/sql/package-frame.html", "size_i": "1895", "regex": "false"},
	{"name_s": "/usr/share/javadoc/jython-2.2.1/com/ziclix/python/sql/package-summary.html", "size_i": "6430", "regex": "false"},
	{"name_s": "/usr/share/javadoc/jython-2.2.1/com/ziclix/python/sql/zxJDBC.html", "size_i": "23059", "regex": "false"},
	{"name_s": "/usr/share/javadoc/jython-2.2.1/index.html", "size_i": "967", "regex": "false"},
	{"name_s": "/usr/share/javadoc/jython-2.2.1/org", "size_i": "4096", "regex": "false"},
	{"name_s": "/usr/share/javadoc/jython-2.2.1/org/python", "size_i": "4096", "regex": "false"},
	{"name_s": "/usr/share/javadoc/jython-2.2.1/org/python/core", "size_i": "4096", "regex": "false"},
	{"name_s": "/usr/share/javadoc/jython-2.2.1/org/python/core/AbstractArray.html", "size_i": "22198", "regex": "false"},
	{"name_s": "/usr/share/javadoc/jython-2.2.1/org/python/core/ArgParser.html", "size_i": "18008", "regex": "false"},
	{"name_s": "/usr/share/javadoc/jython-2.2.1/org/python/core/AutoInternalTables.html", "size_i": "9127", "regex": "false"},
	{"name_s": "/usr/share/javadoc/jython-2.2.1/org/python/core/ByteSwapper.html", "size_i": "7110", "regex": "false"},
	{"name_s": "/usr/share/javadoc/jython-2.2.1/org/python/core/BytecodeLoader.html", "size_i": "7901", "regex": "false"},
	{"name_s": "/usr/share/javadoc/jython-2.2.1/org/python/core/CachedJarsPackageManager.JarXEntry.html", "size_i": "8017", "regex": "false"},
	{"name_s": "/usr/share/javadoc/jython-2.2.1/org/python/core/CachedJarsPackageManager.html", "size_i": "10229", "regex": "false"},
	{"name_s": "/usr/share/javadoc/jython-2.2.1/org/python/core/ClassDictInit.html", "size_i": "6016", "regex": "false"},
	{"name_s": "/usr/share/javadoc/jython-2.2.1/org/python/core/CompilerFlags.html", "size_i": "9019", "regex": "false"},
	{"name_s": "/usr/share/javadoc/jython-2.2.1/org/python/core/ExtraMath.html", "size_i": "9446", "regex": "false"},
	{"name_s": "/usr/share/javadoc/jython-2.2.1/org/python/core/FileUtil.html", "size_i": "6500", "regex": "false"},
	{"name_s": "/usr/share/javadoc/jython-2.2.1/org/python/core/FilelikeInputStream.html", "size_i": "7901", "regex": "false"},
	{"name_s": "/usr/share/javadoc/jython-2.2.1/org/python/core/IdImpl.html", "size_i": "7673", "regex": "false"},
	{"name_s": "/usr/share/javadoc/jython-2.2.1/org/python/core/IdImpl1.html", "size_i": "7355", "regex": "false"},
	{"name_s": "/usr/share/javadoc/jython-2.2.1/org/python/core/IdImpl2.WeakIdentityMap.html", "size_i": "7525", "regex": "false"},
	{"name_s": "/usr/share/javadoc/jython-2.2.1/org/python/core/IdImpl2.html", "size_i": "7668", "regex": "false"},
	{"name_s": "/usr/share/javadoc/jython-2.2.1/org/python/core/InitModule.html", "size_i": "6805", "regex": "false"},
	{"name_s": "/usr/share/javadoc/jython-2.2.1/org/python/core/InternalTables._LazyRep.html", "size_i": "6637", "regex": "false"},
	{"name_s": "/usr/share/javadoc/jython-2.2.1/org/python/core/InternalTables.html", "size_i": "9957", "regex": "false"},
	{"name_s": "/usr/share/javadoc/jython-2.2.1/org/python/core/InternalTables1.html", "size_i": "9594", "regex": "false"},
	{"name_s": "/usr/share/javadoc/jython-2.2.1/org/python/core/InternalTables2.html", "size_i": "8938", "regex": "false"},
	{"name_s": "/usr/share/javadoc/jython-2.2.1/org/python/core/JavaImportHelper.html", "size_i": "5594", "regex": "false"},
	{"name_s": "/usr/share/javadoc/jython-2.2.1/org/python/core/JavaImporter.html", "size_i": "10621", "regex": "false"},
	{"name_s": "/usr/share/javadoc/jython-2.2.1/org/python/core/Loader.html", "size_i": "7094", "regex": "false"},
	{"name_s": "/usr/share/javadoc/jython-2.2.1/org/python/core/Options.html", "size_i": "14256", "regex": "false"},
	{"name_s": "/usr/share/javadoc/jython-2.2.1/org/python/core/PackageManager.html", "size_i": "15698", "regex": "false"},
	{"name_s": "/usr/share/javadoc/jython-2.2.1/org/python/core/PathPackageManager.html", "size_i": "10333", "regex": "false"},
	{"name_s": "/usr/share/javadoc/jython-2.2.1/org/python/core/PrecompiledImporter.PrecompiledLoader.html", "size_i": "8104", "regex": "false"},
	{"name_s": "/usr/share/javadoc/jython-2.2.1/org/python/core/PrecompiledImporter.html", "size_i": "10001", "regex": "false"},
	{"name_s": "/usr/share/javadoc/jython-2.2.1/org/python/core/Py.html", "size_i": "121783", "regex": "false"},
	{"name_s": "/usr/share/javadoc/jython-2.2.1/org/python/core/PyArray.html", "size_i": "43237", "regex": "false"},
	{"name_s": "/usr/share/javadoc/jython-2.2.1/org/python/core/PyArrayDerived.html", "size_i": "56070", "regex": "false"},
	{"name_s": "/usr/share/javadoc/jython-2.2.1/org/python/core/PyBaseString.html", "size_i": "8614", "regex": "false"},
	{"name_s": "/usr/share/javadoc/jython-2.2.1/org/python/core/PyBeanEvent.html", "size_i": "9817", "regex": "false"},
	{"name_s": "/usr/share/javadoc/jython-2.2.1/org/python/core/PyBeanEventProperty.html", "size_i": "10416", "regex": "false"},
	{"name_s": "/usr/share/javadoc/jython-2.2.1/org/python/core/PyBeanProperty.html", "size_i": "10354", "regex": "false"},
	{"name_s": "/usr/share/javadoc/jython-2.2.1/org/python/core/PyBuiltinFunction.DefaultInfo.html", "size_i": "10350", "regex": "false"},
	{"name_s": "/usr/share/javadoc/jython-2.2.1/org/python/core/PyBuiltinFunction.Info.html", "size_i": "7480", "regex": "false"},
	{"name_s": "/usr/share/javadoc/jython-2.2.1/org/python/core/PyBuiltinFunction.html", "size_i": "11232", "regex": "false"},
	{"name_s": "/usr/share/javadoc/jython-2.2.1/org/python/core/PyBuiltinFunctionSet.html", "size_i": "17498", "regex": "false"},
	{"name_s": "/usr/share/javadoc/jython-2.2.1/org/python/core/PyBuiltinMethod.html", "size_i": "7045", "regex": "false"},
	{"name_s": "/usr/share/javadoc/jython-2.2.1/org/python/core/PyBuiltinMethodNarrow.html", "size_i": "12438", "regex": "false"},
	{"name_s": "/usr/share/javadoc/jython-2.2.1/org/python/core/PyBuiltinMethodSet.html", "size_i": "9427", "regex": "false"},
	{"name_s": "/usr/share/javadoc/jython-2.2.1/org/python/core/PyCallIter.html", "size_i": "7459", "regex": "false"},
	{"name_s": "/usr/share/javadoc/jython-2.2.1/org/python/core/PyCell.html", "size_i": "6224", "regex": "false"},
	{"name_s": "/usr/share/javadoc/jython-2.2.1/org/python/core/PyClass.html", "size_i": "17352", "regex": "false"},
	{"name_s": "/usr/share/javadoc/jython-2.2.1/org/python/core/PyClassMethod.html", "size_i": "10101", "regex": "false"},
	{"name_s": "/usr/share/javadoc/jython-2.2.1/org/python/core/PyClassMethodDerived.html", "size_i": "56172", "regex": "false"},
	{"name_s": "/usr/share/javadoc/jython-2.2.1/org/python/core/PyClassMethodDescr.html", "size_i": "8007", "regex": "false"},
	{"name_s": "/usr/share/javadoc/jython-2.2.1/org/python/core/PyCode.html", "size_i": "16051", "regex": "false"},
	{"name_s": "/usr/share/javadoc/jython-2.2.1/org/python/core/PyComplex.html", "size_i": "35244", "regex": "false"},
	{"name_s": "/usr/share/javadoc/jython-2.2.1/org/python/core/PyComplexDerived.html", "size_i": "56208", "regex": "false"},
	{"name_s": "/usr/share/javadoc/jython-2.2.1/org/python/core/PyCompoundCallable.html", "size_i": "8596", "regex": "false"},
	{"name_s": "/usr/share/javadoc/jython-2.2.1/org/python/core/PyDescriptor.html", "size_i": "5551", "regex": "false"},
	{"name_s": "/usr/share/javadoc/jython-2.2.1/org/python/core/PyDictionary.html", "size_i": "30796", "regex": "false"},
	{"name_s": "/usr/share/javadoc/jython-2.2.1/org/python/core/PyDictionaryDerived.html", "size_i": "56155", "regex": "false"},
	{"name_s": "/usr/share/javadoc/jython-2.2.1/org/python/core/PyEllipsis.html", "size_i": "5774", "regex": "false"},
	{"name_s": "/usr/share/javadoc/jython-2.2.1/org/python/core/PyEnumerate.html", "size_i": "11346", "regex": "false"},
	{"name_s": "/usr/share/javadoc/jython-2.2.1/org/python/core/PyException.html", "size_i": "13576", "regex": "false"},
	{"name_s": "/usr/share/javadoc/jython-2.2.1/org/python/core/PyFieldDescr.html", "size_i": "10746", "regex": "false"},
	{"name_s": "/usr/share/javadoc/jython-2.2.1/org/python/core/PyFile.html", "size_i": "28789", "regex": "false"},
	{"name_s": "/usr/share/javadoc/jython-2.2.1/org/python/core/PyFileDerived.html", "size_i": "56053", "regex": "false"},
	{"name_s": "/usr/share/javadoc/jython-2.2.1/org/python/core/PyFinalizableInstance.html", "size_i": "6774", "regex": "false"},
	{"name_s": "/usr/share/javadoc/jython-2.2.1/org/python/core/PyFloat.html", "size_i": "28883", "regex": "false"},
	{"name_s": "/usr/share/javadoc/jython-2.2.1/org/python/core/PyFloatDerived.html", "size_i": "56111", "regex": "false"},
	{"name_s": "/usr/share/javadoc/jython-2.2.1/org/python/core/PyFrame.html", "size_i": "23523", "regex": "false"},
	{"name_s": "/usr/share/javadoc/jython-2.2.1/org/python/core/PyFunction.html", "size_i": "23305", "regex": "false"},
	{"name_s": "/usr/share/javadoc/jython-2.2.1/org/python/core/PyFunctionTable.html", "size_i": "6842", "regex": "false"},
	{"name_s": "/usr/share/javadoc/jython-2.2.1/org/python/core/PyGenerator.html", "size_i": "8954", "regex": "false"},
	{"name_s": "/usr/share/javadoc/jython-2.2.1/org/python/core/PyGetSetDescr.html", "size_i": "13557", "regex": "false"},
	{"name_s": "/usr/share/javadoc/jython-2.2.1/org/python/core/PyIgnoreMethodTag.html", "size_i": "5677", "regex": "false"},
	{"name_s": "/usr/share/javadoc/jython-2.2.1/org/python/core/PyInstance.html", "size_i": "71003", "regex": "false"},
	{"name_s": "/usr/share/javadoc/jython-2.2.1/org/python/core/PyInteger.html", "size_i": "33298", "regex": "false"},
	{"name_s": "/usr/share/javadoc/jython-2.2.1/org/python/core/PyIntegerDerived.html", "size_i": "56130", "regex": "false"},
	{"name_s": "/usr/share/javadoc/jython-2.2.1/org/python/core/PyIterator.html", "size_i": "8382", "regex": "false"},
	{"name_s": "/usr/share/javadoc/jython-2.2.1/org/python/core/PyJavaClass.html", "size_i": "13132", "regex": "false"},
	{"name_s": "/usr/share/javadoc/jython-2.2.1/org/python/core/PyJavaInnerClass.html", "size_i": "7421", "regex": "false"},
	{"name_s": "/usr/share/javadoc/jython-2.2.1/org/python/core/PyJavaInstance.html", "size_i": "13390", "regex": "false"},
	{"name_s": "/usr/share/javadoc/jython-2.2.1/org/python/core/PyJavaPackage.html", "size_i": "17388", "regex": "false"},
	{"name_s": "/usr/share/javadoc/jython-2.2.1/org/python/core/PyList.html", "size_i": "26524", "regex": "false"},
	{"name_s": "/usr/share/javadoc/jython-2.2.1/org/python/core/PyListDerived.html", "size_i": "56053", "regex": "false"},
	{"name_s": "/usr/share/javadoc/jython-2.2.1/org/python/core/PyLong.html", "size_i": "40034", "regex": "false"},
	{"name_s": "/usr/share/javadoc/jython-2.2.1/org/python/core/PyLongDerived.html", "size_i": "56144", "regex": "false"},
	{"name_s": "/usr/share/javadoc/jython-2.2.1/org/python/core/PyMetaClass.html", "size_i": "5475", "regex": "false"},
	{"name_s": "/usr/share/javadoc/jython-2.2.1/org/python/core/PyMethod.html", "size_i": "16037", "regex": "false"},
	{"name_s": "/usr/share/javadoc/jython-2.2.1/org/python/core/PyMethodDescr.html", "size_i": "11457", "regex": "false"},
	{"name_s": "/usr/share/javadoc/jython-2.2.1/org/python/core/PyModule.html", "size_i": "15029", "regex": "false"},
	{"name_s": "/usr/share/javadoc/jython-2.2.1/org/python/core/PyModuleDerived.html", "size_i": "54389", "regex": "false"},
	{"name_s": "/usr/share/javadoc/jython-2.2.1/org/python/core/PyNewWrapper.html", "size_i": "9187", "regex": "false"},
	{"name_s": "/usr/share/javadoc/jython-2.2.1/org/python/core/PyNone.html", "size_i": "10197", "regex": "false"},
	{"name_s": "/usr/share/javadoc/jython-2.2.1/org/python/core/PyNotImplemented.html", "size_i": "7920", "regex": "false"},
	{"name_s": "/usr/share/javadoc/jython-2.2.1/org/python/core/PyObject.ConversionException.html", "size_i": "7096", "regex": "false"},
	{"name_s": "/usr/share/javadoc/jython-2.2.1/org/python/core/PyObject.html", "size_i": "175195", "regex": "false"},
	{"name_s": "/usr/share/javadoc/jython-2.2.1/org/python/core/PyObjectArray.html", "size_i": "16424", "regex": "false"},
	{"name_s": "/usr/share/javadoc/jython-2.2.1/org/python/core/PyObjectDerived.html", "size_i": "56087", "regex": "false"},
	{"name_s": "/usr/share/javadoc/jython-2.2.1/org/python/core/PyObjectList.html", "size_i": "14649", "regex": "false"},
	{"name_s": "/usr/share/javadoc/jython-2.2.1/org/python/core/PyProperty.html", "size_i": "16245", "regex": "false"},
	{"name_s": "/usr/share/javadoc/jython-2.2.1/org/python/core/PyPropertyDerived.html", "size_i": "56121", "regex": "false"},
	{"name_s": "/usr/share/javadoc/jython-2.2.1/org/python/core/PyProxy.html", "size_i": "9942", "regex": "false"},
	{"name_s": "/usr/share/javadoc/jython-2.2.1/org/python/core/PyReflectedConstructor.html", "size_i": "9836", "regex": "false"},
	{"name_s": "/usr/share/javadoc/jython-2.2.1/org/python/core/PyReflectedField.html", "size_i": "9430", "regex": "false"},
	{"name_s": "/usr/share/javadoc/jython-2.2.1/org/python/core/PyReflectedFunction.html", "size_i": "14522", "regex": "false"},
	{"name_s": "/usr/share/javadoc/jython-2.2.1/org/python/core/PyRunnable.html", "size_i": "6400", "regex": "false"},
	{"name_s": "/usr/share/javadoc/jython-2.2.1/org/python/core/PySequence.html", "size_i": "19285", "regex": "false"},
	{"name_s": "/usr/share/javadoc/jython-2.2.1/org/python/core/PySequenceIter.html", "size_i": "7306", "regex": "false"},
	{"name_s": "/usr/share/javadoc/jython-2.2.1/org/python/core/PySequenceList.html", "size_i": "21475", "regex": "false"},
	{"name_s": "/usr/share/javadoc/jython-2.2.1/org/python/core/PySingleton.html", "size_i": "7023", "regex": "false"},
	{"name_s": "/usr/share/javadoc/jython-2.2.1/org/python/core/PySlice.html", "size_i": "9885", "regex": "false"},
	{"name_s": "/usr/share/javadoc/jython-2.2.1/org/python/core/PySlot.html", "size_i": "9946", "regex": "false"},
	{"name_s": "/usr/share/javadoc/jython-2.2.1/org/python/core/PyStaticMethod.html", "size_i": "9511", "regex": "false"},
	{"name_s": "/usr/share/javadoc/jython-2.2.1/org/python/core/PyString.html", "size_i": "56480", "regex": "false"},
	{"name_s": "/usr/share/javadoc/jython-2.2.1/org/python/core/PyStringDerived.html", "size_i": "56158", "regex": "false"},
	{"name_s": "/usr/share/javadoc/jython-2.2.1/org/python/core/PyStringMap.html", "size_i": "23898", "regex": "false"},
	{"name_s": "/usr/share/javadoc/jython-2.2.1/org/python/core/PySuper.html", "size_i": "12158", "regex": "false"},
	{"name_s": "/usr/share/javadoc/jython-2.2.1/org/python/core/PySuperDerived.html", "size_i": "56070", "regex": "false"},
	{"name_s": "/usr/share/javadoc/jython-2.2.1/org/python/core/PySyntaxError.html", "size_i": "6818", "regex": "false"},
	{"name_s": "/usr/share/javadoc/jython-2.2.1/org/python/core/PySystemState.html", "size_i": "41859", "regex": "false"},
	{"name_s": "/usr/share/javadoc/jython-2.2.1/org/python/core/PyTableCode.html", "size_i": "27191", "regex": "false"},
	{"name_s": "/usr/share/javadoc/jython-2.2.1/org/python/core/PyTraceback.html", "size_i": "9949", "regex": "false"},
	{"name_s": "/usr/share/javadoc/jython-2.2.1/org/python/core/PyTuple.html", "size_i": "19049", "regex": "false"},
	{"name_s": "/usr/share/javadoc/jython-2.2.1/org/python/core/PyTupleDerived.html", "size_i": "56283", "regex": "false"},
	{"name_s": "/usr/share/javadoc/jython-2.2.1/org/python/core/PyType.Newstyle.html", "size_i": "5518", "regex": "false"},
	{"name_s": "/usr/share/javadoc/jython-2.2.1/org/python/core/PyType.html", "size_i": "25524", "regex": "false"},
	{"name_s": "/usr/share/javadoc/jython-2.2.1/org/python/core/PyTypeDerived.html", "size_i": "54355", "regex": "false"},
	{"name_s": "/usr/share/javadoc/jython-2.2.1/org/python/core/PyUnicode.html", "size_i": "14938", "regex": "false"},
	{"name_s": "/usr/share/javadoc/jython-2.2.1/org/python/core/PyUnicodeDerived.html", "size_i": "56185", "regex": "false"},
	{"name_s": "/usr/share/javadoc/jython-2.2.1/org/python/core/PyXRange.html", "size_i": "10766", "regex": "false"},
	{"name_s": "/usr/share/javadoc/jython-2.2.1/org/python/core/Slotted.html", "size_i": "6777", "regex": "false"},
	{"name_s": "/usr/share/javadoc/jython-2.2.1/org/python/core/SoftIInternalTables.html", "size_i": "5625", "regex": "false"},
	{"name_s": "/usr/share/javadoc/jython-2.2.1/org/python/core/StderrWrapper.html", "size_i": "6315", "regex": "false"},
	{"name_s": "/usr/share/javadoc/jython-2.2.1/org/python/core/StdoutWrapper.html", "size_i": "11590", "regex": "false"},
	{"name_s": "/usr/share/javadoc/jython-2.2.1/org/python/core/SysPackageManager.html", "size_i": "10706", "regex": "false"},
	{"name_s": "/usr/share/javadoc/jython-2.2.1/org/python/core/SyspathArchive.html", "size_i": "7304", "regex": "false"},
	{"name_s": "/usr/share/javadoc/jython-2.2.1/org/python/core/SyspathJavaLoader.html", "size_i": "6367", "regex": "false"},
	{"name_s": "/usr/share/javadoc/jython-2.2.1/org/python/core/ThreadState.html", "size_i": "13309", "regex": "false"},
	{"name_s": "/usr/share/javadoc/jython-2.2.1/org/python/core/TraceFunction.html", "size_i": "8945", "regex": "false"},
	{"name_s": "/usr/share/javadoc/jython-2.2.1/org/python/core/WeakInternalTables.html", "size_i": "5616", "regex": "false"},
	{"name_s": "/usr/share/javadoc/jython-2.2.1/org/python/core/ZipFileImporter.ZipFileLoader.html", "size_i": "8504", "regex": "false"},
	{"name_s": "/usr/share/javadoc/jython-2.2.1/org/python/core/ZipFileImporter.html", "size_i": "10524", "regex": "false"},
	{"name_s": "/usr/share/javadoc/jython-2.2.1/org/python/core/__builtin__.html", "size_i": "57439", "regex": "false"},
	{"name_s": "/usr/share/javadoc/jython-2.2.1/org/python/core/codecs.html", "size_i": "14344", "regex": "false"},
	{"name_s": "/usr/share/javadoc/jython-2.2.1/org/python/core/exceptions.html", "size_i": "17113", "regex": "false"},
	{"name_s": "/usr/share/javadoc/jython-2.2.1/org/python/core/imp.html", "size_i": "20493", "regex": "false"},
	{"name_s": "/usr/share/javadoc/jython-2.2.1/org/python/core/package-frame.html", "size_i": "10615", "regex": "false"},
	{"name_s": "/usr/share/javadoc/jython-2.2.1/org/python/core/package-summary.html", "size_i": "21608", "regex": "false"},
	{"name_s": "/usr/share/javadoc/jython-2.2.1/org/python/core/parser.html", "size_i": "8799", "regex": "false"},
	{"name_s": "/usr/share/javadoc/jython-2.2.1/org/python/core/ucnhashAPI.html", "size_i": "6597", "regex": "false"},
	{"name_s": "/usr/share/javadoc/jython-2.2.1/org/python/util", "size_i": "4096", "regex": "false"},
	{"name_s": "/usr/share/javadoc/jython-2.2.1/org/python/util/InteractiveConsole.html", "size_i": "13274", "regex": "false"},
	{"name_s": "/usr/share/javadoc/jython-2.2.1/org/python/util/InteractiveInterpreter.html", "size_i": "14650", "regex": "false"},
	{"name_s": "/usr/share/javadoc/jython-2.2.1/org/python/util/JLineConsole.html", "size_i": "8561", "regex": "false"},
	{"name_s": "/usr/share/javadoc/jython-2.2.1/org/python/util/JythoncAntTask.html", "size_i": "19509", "regex": "false"},
	{"name_s": "/usr/share/javadoc/jython-2.2.1/org/python/util/PyServlet.html", "size_i": "9159", "regex": "false"},
	{"name_s": "/usr/share/javadoc/jython-2.2.1/org/python/util/PythonInterpreter.html", "size_i": "22161", "regex": "false"},
	{"name_s": "/usr/share/javadoc/jython-2.2.1/org/python/util/PythonObjectInputStream.html", "size_i": "6514", "regex": "false"},
	{"name_s": "/usr/share/javadoc/jython-2.2.1/org/python/util/ReadlineConsole.html", "size_i": "9509", "regex": "false"},
	{"name_s": "/usr/share/javadoc/jython-2.2.1/org/python/util/TemplateAntTask.html", "size_i": "8381", "regex": "false"},
	{"name_s": "/usr/share/javadoc/jython-2.2.1/org/python/util/jython.html", "size_i": "6590", "regex": "false"},
	{"name_s": "/usr/share/javadoc/jython-2.2.1/org/python/util/package-frame.html", "size_i": "1500", "regex": "false"},
	{"name_s": "/usr/share/javadoc/jython-2.2.1/org/python/util/package-summary.html", "size_i": "5172", "regex": "false"},
	{"name_s": "/usr/share/javadoc/jython-2.2.1/overview-frame.html", "size_i": "1044", "regex": "false"},
	{"name_s": "/usr/share/javadoc/jython-2.2.1/overview-summary.html", "size_i": "3497", "regex": "false"},
	{"name_s": "/usr/share/javadoc/jython-2.2.1/package-list", "size_i": "54", "regex": "false"},
	{"name_s": "/usr/share/javadoc/jython-2.2.1/stylesheet.css", "size_i": "4692", "regex": "false"}
]
