[
	{"name_s": "/usr/share/doc/HTML/zh_TW", "size_i": "4096", "regex": "false"},
	{"name_s": "/usr/share/locale/zh_TW/LC_MESSAGES/alsaplayerui.mo", "size_i": "1378", "regex": "false"},
	{"name_s": "/usr/share/locale/zh_TW/LC_MESSAGES/appletproxy.mo", "size_i": "1852", "regex": "false"},
	{"name_s": "/usr/share/locale/zh_TW/LC_MESSAGES/ark_plugin.mo", "size_i": "942", "regex": "false"},
	{"name_s": "/usr/share/locale/zh_TW/LC_MESSAGES/artsbuilder.mo", "size_i": "7274", "regex": "false"},
	{"name_s": "/usr/share/locale/zh_TW/LC_MESSAGES/artscontrol.mo", "size_i": "5559", "regex": "false"},
	{"name_s": "/usr/share/locale/zh_TW/LC_MESSAGES/artsmodules.mo", "size_i": "2484", "regex": "false"},
	{"name_s": "/usr/share/locale/zh_TW/LC_MESSAGES/atlantik.mo", "size_i": "9807", "regex": "false"},
	{"name_s": "/usr/share/locale/zh_TW/LC_MESSAGES/atlantikdesigner.mo", "size_i": "5393", "regex": "false"},
	{"name_s": "/usr/share/locale/zh_TW/LC_MESSAGES/charlatanui.mo", "size_i": "739", "regex": "false"},
	{"name_s": "/usr/share/locale/zh_TW/LC_MESSAGES/clockapplet.mo", "size_i": "6014", "regex": "false"},
	{"name_s": "/usr/share/locale/zh_TW/LC_MESSAGES/cupsdconf.mo", "size_i": "55266", "regex": "false"},
	{"name_s": "/usr/share/locale/zh_TW/LC_MESSAGES/dcoprss.mo", "size_i": "1087", "regex": "false"},
	{"name_s": "/usr/share/locale/zh_TW/LC_MESSAGES/dockbarextension.mo", "size_i": "1010", "regex": "false"},
	{"name_s": "/usr/share/locale/zh_TW/LC_MESSAGES/dub.mo", "size_i": "2336", "regex": "false"},
	{"name_s": "/usr/share/locale/zh_TW/LC_MESSAGES/extensionproxy.mo", "size_i": "973", "regex": "false"},
	{"name_s": "/usr/share/locale/zh_TW/LC_MESSAGES/ffrs.mo", "size_i": "895", "regex": "false"},
	{"name_s": "/usr/share/locale/zh_TW/LC_MESSAGES/kabc2mutt.mo", "size_i": "1376", "regex": "false"},
	{"name_s": "/usr/share/locale/zh_TW/LC_MESSAGES/kabc_sql.mo", "size_i": "597", "regex": "false"},
	{"name_s": "/usr/share/locale/zh_TW/LC_MESSAGES/kaboodle.mo", "size_i": "1856", "regex": "false"},
	{"name_s": "/usr/share/locale/zh_TW/LC_MESSAGES/kandy.mo", "size_i": "8600", "regex": "false"},
	{"name_s": "/usr/share/locale/zh_TW/LC_MESSAGES/karm.mo", "size_i": "16718", "regex": "false"},
	{"name_s": "/usr/share/locale/zh_TW/LC_MESSAGES/kasbarextension.mo", "size_i": "12062", "regex": "false"},
	{"name_s": "/usr/share/locale/zh_TW/LC_MESSAGES/kasteroids.mo", "size_i": "2344", "regex": "false"},
	{"name_s": "/usr/share/locale/zh_TW/LC_MESSAGES/katecppsymbolviewer.mo", "size_i": "1459", "regex": "false"},
	{"name_s": "/usr/share/locale/zh_TW/LC_MESSAGES/katefll_initplugin.mo", "size_i": "1012", "regex": "false"},
	{"name_s": "/usr/share/locale/zh_TW/LC_MESSAGES/katefll_plugin.mo", "size_i": "1005", "regex": "false"},
	{"name_s": "/usr/share/locale/zh_TW/LC_MESSAGES/katemodeline.mo", "size_i": "419", "regex": "false"},
	{"name_s": "/usr/share/locale/zh_TW/LC_MESSAGES/katepart.mo", "size_i": "83641", "regex": "false"},
	{"name_s": "/usr/share/locale/zh_TW/LC_MESSAGES/kay.mo", "size_i": "1597", "regex": "false"},
	{"name_s": "/usr/share/locale/zh_TW/LC_MESSAGES/kbabel.mo", "size_i": "118493", "regex": "false"},
	{"name_s": "/usr/share/locale/zh_TW/LC_MESSAGES/kbackgammon.mo", "size_i": "32856", "regex": "false"},
	{"name_s": "/usr/share/locale/zh_TW/LC_MESSAGES/kbinaryclock.mo", "size_i": "1981", "regex": "false"},
	{"name_s": "/usr/share/locale/zh_TW/LC_MESSAGES/kcm_kviewcanvasconfig.mo", "size_i": "3200", "regex": "false"},
	{"name_s": "/usr/share/locale/zh_TW/LC_MESSAGES/kcm_kviewgeneralconfig.mo", "size_i": "1036", "regex": "false"},
	{"name_s": "/usr/share/locale/zh_TW/LC_MESSAGES/kcm_kviewpluginsconfig.mo", "size_i": "491", "regex": "false"},
	{"name_s": "/usr/share/locale/zh_TW/LC_MESSAGES/kcm_kviewviewerpluginsconfig.mo", "size_i": "489", "regex": "false"},
	{"name_s": "/usr/share/locale/zh_TW/LC_MESSAGES/kcmarts.mo", "size_i": "10425", "regex": "false"},
	{"name_s": "/usr/share/locale/zh_TW/LC_MESSAGES/kcmkicker.mo", "size_i": "29336", "regex": "false"},
	{"name_s": "/usr/share/locale/zh_TW/LC_MESSAGES/kcmkonsole.mo", "size_i": "9724", "regex": "false"},
	{"name_s": "/usr/share/locale/zh_TW/LC_MESSAGES/kcmktalkd.mo", "size_i": "4411", "regex": "false"},
	{"name_s": "/usr/share/locale/zh_TW/LC_MESSAGES/kcmkuick.mo", "size_i": "1452", "regex": "false"},
	{"name_s": "/usr/share/locale/zh_TW/LC_MESSAGES/kcmlanbrowser.mo", "size_i": "17050", "regex": "false"},
	{"name_s": "/usr/share/locale/zh_TW/LC_MESSAGES/kcmlaptop.mo", "size_i": "26941", "regex": "false"},
	{"name_s": "/usr/share/locale/zh_TW/LC_MESSAGES/kcmlayout.mo", "size_i": "27168", "regex": "false"},
	{"name_s": "/usr/share/locale/zh_TW/LC_MESSAGES/kcmlilo.mo", "size_i": "19283", "regex": "false"},
	{"name_s": "/usr/share/locale/zh_TW/LC_MESSAGES/kcmmedia.mo", "size_i": "3741", "regex": "false"},
	{"name_s": "/usr/share/locale/zh_TW/LC_MESSAGES/kcmprintmgr.mo", "size_i": "2423", "regex": "false"},
	{"name_s": "/usr/share/locale/zh_TW/LC_MESSAGES/kcmspellchecking.mo", "size_i": "1370", "regex": "false"},
	{"name_s": "/usr/share/locale/zh_TW/LC_MESSAGES/kcmwifi.mo", "size_i": "8586", "regex": "false"},
	{"name_s": "/usr/share/locale/zh_TW/LC_MESSAGES/kcontrol.mo", "size_i": "6429", "regex": "false"},
	{"name_s": "/usr/share/locale/zh_TW/LC_MESSAGES/kdcop.mo", "size_i": "2626", "regex": "false"},
	{"name_s": "/usr/share/locale/zh_TW/LC_MESSAGES/kdelibs.mo", "size_i": "173725", "regex": "false"},
	{"name_s": "/usr/share/locale/zh_TW/LC_MESSAGES/kdelibs_colors.mo", "size_i": "11821", "regex": "false"},
	{"name_s": "/usr/share/locale/zh_TW/LC_MESSAGES/kdeprint.mo", "size_i": "197722", "regex": "false"},
	{"name_s": "/usr/share/locale/zh_TW/LC_MESSAGES/kdeprint_part.mo", "size_i": "736", "regex": "false"},
	{"name_s": "/usr/share/locale/zh_TW/LC_MESSAGES/kdeprintfax.mo", "size_i": "5816", "regex": "false"},
	{"name_s": "/usr/share/locale/zh_TW/LC_MESSAGES/kdesktop.mo", "size_i": "23180", "regex": "false"},
	{"name_s": "/usr/share/locale/zh_TW/LC_MESSAGES/kdevdesigner.mo", "size_i": "997", "regex": "false"},
	{"name_s": "/usr/share/locale/zh_TW/LC_MESSAGES/kdevelop.mo", "size_i": "520626", "regex": "false"},
	{"name_s": "/usr/share/locale/zh_TW/LC_MESSAGES/kdevtipofday.mo", "size_i": "7822", "regex": "false"},
	{"name_s": "/usr/share/locale/zh_TW/LC_MESSAGES/kdict.mo", "size_i": "11236", "regex": "false"},
	{"name_s": "/usr/share/locale/zh_TW/LC_MESSAGES/kdictapplet.mo", "size_i": "834", "regex": "false"},
	{"name_s": "/usr/share/locale/zh_TW/LC_MESSAGES/kdjview.mo", "size_i": "8265", "regex": "false"},
	{"name_s": "/usr/share/locale/zh_TW/LC_MESSAGES/kdvi.mo", "size_i": "37190", "regex": "false"},
	{"name_s": "/usr/share/locale/zh_TW/LC_MESSAGES/kedit.mo", "size_i": "5758", "regex": "false"},
	{"name_s": "/usr/share/locale/zh_TW/LC_MESSAGES/keduca.mo", "size_i": "8891", "regex": "false"},
	{"name_s": "/usr/share/locale/zh_TW/LC_MESSAGES/kenolaba.mo", "size_i": "4924", "regex": "false"},
	{"name_s": "/usr/share/locale/zh_TW/LC_MESSAGES/kfax.mo", "size_i": "5987", "regex": "false"},
	{"name_s": "/usr/share/locale/zh_TW/LC_MESSAGES/kfaxview.mo", "size_i": "2494", "regex": "false"},
	{"name_s": "/usr/share/locale/zh_TW/LC_MESSAGES/kfile_au.mo", "size_i": "1150", "regex": "false"},
	{"name_s": "/usr/share/locale/zh_TW/LC_MESSAGES/kfile_bmp.mo", "size_i": "1097", "regex": "false"},
	{"name_s": "/usr/share/locale/zh_TW/LC_MESSAGES/kfile_cert.mo", "size_i": "999", "regex": "false"},
	{"name_s": "/usr/share/locale/zh_TW/LC_MESSAGES/kfile_cpp.mo", "size_i": "668", "regex": "false"},
	{"name_s": "/usr/share/locale/zh_TW/LC_MESSAGES/kfile_deb.mo", "size_i": "571", "regex": "false"},
	{"name_s": "/usr/share/locale/zh_TW/LC_MESSAGES/kfile_desktop.mo", "size_i": "873", "regex": "false"},
	{"name_s": "/usr/share/locale/zh_TW/LC_MESSAGES/kfile_diff.mo", "size_i": "1244", "regex": "false"},
	{"name_s": "/usr/share/locale/zh_TW/LC_MESSAGES/kfile_folder.mo", "size_i": "482", "regex": "false"},
	{"name_s": "/usr/share/locale/zh_TW/LC_MESSAGES/kfile_gif.mo", "size_i": "721", "regex": "false"},
	{"name_s": "/usr/share/locale/zh_TW/LC_MESSAGES/kfile_html.mo", "size_i": "641", "regex": "false"},
	{"name_s": "/usr/share/locale/zh_TW/LC_MESSAGES/kfile_ico.mo", "size_i": "678", "regex": "false"},
	{"name_s": "/usr/share/locale/zh_TW/LC_MESSAGES/kfile_ics.mo", "size_i": "756", "regex": "false"},
	{"name_s": "/usr/share/locale/zh_TW/LC_MESSAGES/kfile_jpeg.mo", "size_i": "3576", "regex": "false"},
	{"name_s": "/usr/share/locale/zh_TW/LC_MESSAGES/kfile_lnk.mo", "size_i": "1263", "regex": "false"},
	{"name_s": "/usr/share/locale/zh_TW/LC_MESSAGES/kfile_m3u.mo", "size_i": "443", "regex": "false"},
	{"name_s": "/usr/share/locale/zh_TW/LC_MESSAGES/kfile_mhtml.mo", "size_i": "700", "regex": "false"},
	{"name_s": "/usr/share/locale/zh_TW/LC_MESSAGES/kfile_palm.mo", "size_i": "1320", "regex": "false"},
	{"name_s": "/usr/share/locale/zh_TW/LC_MESSAGES/kfile_pcx.mo", "size_i": "698", "regex": "false"},
	{"name_s": "/usr/share/locale/zh_TW/LC_MESSAGES/kfile_pdf.mo", "size_i": "1114", "regex": "false"},
	{"name_s": "/usr/share/locale/zh_TW/LC_MESSAGES/kfile_png.mo", "size_i": "1398", "regex": "false"},
	{"name_s": "/usr/share/locale/zh_TW/LC_MESSAGES/kfile_po.mo", "size_i": "710", "regex": "false"},
	{"name_s": "/usr/share/locale/zh_TW/LC_MESSAGES/kfile_ps.mo", "size_i": "659", "regex": "false"},
	{"name_s": "/usr/share/locale/zh_TW/LC_MESSAGES/kfile_rfc822.mo", "size_i": "672", "regex": "false"},
	{"name_s": "/usr/share/locale/zh_TW/LC_MESSAGES/kfile_tga.mo", "size_i": "1066", "regex": "false"},
	{"name_s": "/usr/share/locale/zh_TW/LC_MESSAGES/kfile_ts.mo", "size_i": "634", "regex": "false"},
	{"name_s": "/usr/share/locale/zh_TW/LC_MESSAGES/kfile_txt.mo", "size_i": "662", "regex": "false"},
	{"name_s": "/usr/share/locale/zh_TW/LC_MESSAGES/kfile_xbm.mo", "size_i": "458", "regex": "false"},
	{"name_s": "/usr/share/locale/zh_TW/LC_MESSAGES/kfile_xpm.mo", "size_i": "573", "regex": "false"},
	{"name_s": "/usr/share/locale/zh_TW/LC_MESSAGES/kfileaudiopreview.mo", "size_i": "543", "regex": "false"},
	{"name_s": "/usr/share/locale/zh_TW/LC_MESSAGES/kfilereplace.mo", "size_i": "20410", "regex": "false"},
	{"name_s": "/usr/share/locale/zh_TW/LC_MESSAGES/kfouleggs.mo", "size_i": "2096", "regex": "false"},
	{"name_s": "/usr/share/locale/zh_TW/LC_MESSAGES/kgantt.mo", "size_i": "1660", "regex": "false"},
	{"name_s": "/usr/share/locale/zh_TW/LC_MESSAGES/kghostview.mo", "size_i": "13681", "regex": "false"},
	{"name_s": "/usr/share/locale/zh_TW/LC_MESSAGES/khexedit.mo", "size_i": "31903", "regex": "false"},
	{"name_s": "/usr/share/locale/zh_TW/LC_MESSAGES/khexedit2part.mo", "size_i": "1605", "regex": "false"},
	{"name_s": "/usr/share/locale/zh_TW/LC_MESSAGES/kicker.mo", "size_i": "11522", "regex": "false"},
	{"name_s": "/usr/share/locale/zh_TW/LC_MESSAGES/kickermenu_kate.mo", "size_i": "1392", "regex": "false"},
	{"name_s": "/usr/share/locale/zh_TW/LC_MESSAGES/kimagemapeditor.mo", "size_i": "13044", "regex": "false"},
	{"name_s": "/usr/share/locale/zh_TW/LC_MESSAGES/kio.mo", "size_i": "132511", "regex": "false"},
	{"name_s": "/usr/share/locale/zh_TW/LC_MESSAGES/kio_help.mo", "size_i": "2371", "regex": "false"},
	{"name_s": "/usr/share/locale/zh_TW/LC_MESSAGES/kio_home.mo", "size_i": "521", "regex": "false"},
	{"name_s": "/usr/share/locale/zh_TW/LC_MESSAGES/kio_lan.mo", "size_i": "883", "regex": "false"},
	{"name_s": "/usr/share/locale/zh_TW/LC_MESSAGES/kio_mac.mo", "size_i": "1928", "regex": "false"},
	{"name_s": "/usr/share/locale/zh_TW/LC_MESSAGES/kio_media.mo", "size_i": "10002", "regex": "false"},
	{"name_s": "/usr/share/locale/zh_TW/LC_MESSAGES/kio_mobile.mo", "size_i": "578", "regex": "false"},
	{"name_s": "/usr/share/locale/zh_TW/LC_MESSAGES/kio_print.mo", "size_i": "3210", "regex": "false"},
	{"name_s": "/usr/share/locale/zh_TW/LC_MESSAGES/kio_scalix.mo", "size_i": "779", "regex": "false"},
	{"name_s": "/usr/share/locale/zh_TW/LC_MESSAGES/kio_system.mo", "size_i": "523", "regex": "false"},
	{"name_s": "/usr/share/locale/zh_TW/LC_MESSAGES/kio_tar.mo", "size_i": "739", "regex": "false"},
	{"name_s": "/usr/share/locale/zh_TW/LC_MESSAGES/kjobviewer.mo", "size_i": "1252", "regex": "false"},
	{"name_s": "/usr/share/locale/zh_TW/LC_MESSAGES/klatin.mo", "size_i": "12132", "regex": "false"},
	{"name_s": "/usr/share/locale/zh_TW/LC_MESSAGES/klickety.mo", "size_i": "1206", "regex": "false"},
	{"name_s": "/usr/share/locale/zh_TW/LC_MESSAGES/klinkstatus.mo", "size_i": "9152", "regex": "false"},
	{"name_s": "/usr/share/locale/zh_TW/LC_MESSAGES/kmathapplet.mo", "size_i": "2088", "regex": "false"},
	{"name_s": "/usr/share/locale/zh_TW/LC_MESSAGES/kmcop.mo", "size_i": "744", "regex": "false"},
	{"name_s": "/usr/share/locale/zh_TW/LC_MESSAGES/kmenuapplet.mo", "size_i": "634", "regex": "false"},
	{"name_s": "/usr/share/locale/zh_TW/LC_MESSAGES/kminipagerapplet.mo", "size_i": "2240", "regex": "false"},
	{"name_s": "/usr/share/locale/zh_TW/LC_MESSAGES/kmobile.mo", "size_i": "4808", "regex": "false"},
	{"name_s": "/usr/share/locale/zh_TW/LC_MESSAGES/kmrml.mo", "size_i": "8300", "regex": "false"},
	{"name_s": "/usr/share/locale/zh_TW/LC_MESSAGES/knewsticker.mo", "size_i": "38903", "regex": "false"},
	{"name_s": "/usr/share/locale/zh_TW/LC_MESSAGES/knotify.mo", "size_i": "2302", "regex": "false"},
	{"name_s": "/usr/share/locale/zh_TW/LC_MESSAGES/kodo.mo", "size_i": "1373", "regex": "false"},
	{"name_s": "/usr/share/locale/zh_TW/LC_MESSAGES/kolourpicker.mo", "size_i": "929", "regex": "false"},
	{"name_s": "/usr/share/locale/zh_TW/LC_MESSAGES/kommander.mo", "size_i": "74201", "regex": "false"},
	{"name_s": "/usr/share/locale/zh_TW/LC_MESSAGES/konqsidebar_delicious.mo", "size_i": "1574", "regex": "false"},
	{"name_s": "/usr/share/locale/zh_TW/LC_MESSAGES/kooka.mo", "size_i": "23701", "regex": "false"},
	{"name_s": "/usr/share/locale/zh_TW/LC_MESSAGES/kpager.mo", "size_i": "1521", "regex": "false"},
	{"name_s": "/usr/share/locale/zh_TW/LC_MESSAGES/kpdf.mo", "size_i": "15974", "regex": "false"},
	{"name_s": "/usr/share/locale/zh_TW/LC_MESSAGES/kpersonalizer.mo", "size_i": "11717", "regex": "false"},
	{"name_s": "/usr/share/locale/zh_TW/LC_MESSAGES/kpf.mo", "size_i": "13710", "regex": "false"},
	{"name_s": "/usr/share/locale/zh_TW/LC_MESSAGES/kpoker.mo", "size_i": "4407", "regex": "false"},
	{"name_s": "/usr/share/locale/zh_TW/LC_MESSAGES/kprinter.mo", "size_i": "2689", "regex": "false"},
	{"name_s": "/usr/share/locale/zh_TW/LC_MESSAGES/krec.mo", "size_i": "12519", "regex": "false"},
	{"name_s": "/usr/share/locale/zh_TW/LC_MESSAGES/kregexpeditor.mo", "size_i": "20778", "regex": "false"},
	{"name_s": "/usr/share/locale/zh_TW/LC_MESSAGES/kres_blogging.mo", "size_i": "1833", "regex": "false"},
	{"name_s": "/usr/share/locale/zh_TW/LC_MESSAGES/kres_exchange.mo", "size_i": "1009", "regex": "false"},
	{"name_s": "/usr/share/locale/zh_TW/LC_MESSAGES/krunapplet.mo", "size_i": "1514", "regex": "false"},
	{"name_s": "/usr/share/locale/zh_TW/LC_MESSAGES/ksirc.mo", "size_i": "30683", "regex": "false"},
	{"name_s": "/usr/share/locale/zh_TW/LC_MESSAGES/ksirtet.mo", "size_i": "2223", "regex": "false"},
	{"name_s": "/usr/share/locale/zh_TW/LC_MESSAGES/ksmiletris.mo", "size_i": "1346", "regex": "false"},
	{"name_s": "/usr/share/locale/zh_TW/LC_MESSAGES/ksnake.mo", "size_i": "2927", "regex": "false"},
	{"name_s": "/usr/share/locale/zh_TW/LC_MESSAGES/ksokoban.mo", "size_i": "2684", "regex": "false"},
	{"name_s": "/usr/share/locale/zh_TW/LC_MESSAGES/ksplash.mo", "size_i": "1876", "regex": "false"},
	{"name_s": "/usr/share/locale/zh_TW/LC_MESSAGES/kstyle_highcontrast_config.mo", "size_i": "502", "regex": "false"},
	{"name_s": "/usr/share/locale/zh_TW/LC_MESSAGES/kstyle_plastik_config.mo", "size_i": "1066", "regex": "false"},
	{"name_s": "/usr/share/locale/zh_TW/LC_MESSAGES/ksvgplugin.mo", "size_i": "1164", "regex": "false"},
	{"name_s": "/usr/share/locale/zh_TW/LC_MESSAGES/ksystemtrayapplet.mo", "size_i": "596", "regex": "false"},
	{"name_s": "/usr/share/locale/zh_TW/LC_MESSAGES/ktexteditor_autobookmarker.mo", "size_i": "4585", "regex": "false"},
	{"name_s": "/usr/share/locale/zh_TW/LC_MESSAGES/ktexteditor_docwordcompletion.mo", "size_i": "2196", "regex": "false"},
	{"name_s": "/usr/share/locale/zh_TW/LC_MESSAGES/ktexteditor_insertfile.mo", "size_i": "1018", "regex": "false"},
	{"name_s": "/usr/share/locale/zh_TW/LC_MESSAGES/ktexteditor_isearch.mo", "size_i": "2321", "regex": "false"},
	{"name_s": "/usr/share/locale/zh_TW/LC_MESSAGES/ktexteditor_kdatatool.mo", "size_i": "967", "regex": "false"},
	{"name_s": "/usr/share/locale/zh_TW/LC_MESSAGES/ktimemon.mo", "size_i": "8318", "regex": "false"},
	{"name_s": "/usr/share/locale/zh_TW/LC_MESSAGES/kuick_plugin.mo", "size_i": "1143", "regex": "false"},
	{"name_s": "/usr/share/locale/zh_TW/LC_MESSAGES/kverbos.mo", "size_i": "8150", "regex": "false"},
	{"name_s": "/usr/share/locale/zh_TW/LC_MESSAGES/kview.mo", "size_i": "1202", "regex": "false"},
	{"name_s": "/usr/share/locale/zh_TW/LC_MESSAGES/kview_scale.mo", "size_i": "1191", "regex": "false"},
	{"name_s": "/usr/share/locale/zh_TW/LC_MESSAGES/kviewbrowserplugin.mo", "size_i": "429", "regex": "false"},
	{"name_s": "/usr/share/locale/zh_TW/LC_MESSAGES/kviewcanvas.mo", "size_i": "607", "regex": "false"},
	{"name_s": "/usr/share/locale/zh_TW/LC_MESSAGES/kvieweffectsplugin.mo", "size_i": "1034", "regex": "false"},
	{"name_s": "/usr/share/locale/zh_TW/LC_MESSAGES/kviewpresenterplugin.mo", "size_i": "1635", "regex": "false"},
	{"name_s": "/usr/share/locale/zh_TW/LC_MESSAGES/kviewscannerplugin.mo", "size_i": "885", "regex": "false"},
	{"name_s": "/usr/share/locale/zh_TW/LC_MESSAGES/kviewshell.mo", "size_i": "20400", "regex": "false"},
	{"name_s": "/usr/share/locale/zh_TW/LC_MESSAGES/kviewviewer.mo", "size_i": "3783", "regex": "false"},
	{"name_s": "/usr/share/locale/zh_TW/LC_MESSAGES/kvoctrain.mo", "size_i": "64172", "regex": "false"},
	{"name_s": "/usr/share/locale/zh_TW/LC_MESSAGES/kwifimanager.mo", "size_i": "4803", "regex": "false"},
	{"name_s": "/usr/share/locale/zh_TW/LC_MESSAGES/kwin4.mo", "size_i": "5362", "regex": "false"},
	{"name_s": "/usr/share/locale/zh_TW/LC_MESSAGES/kwireless.mo", "size_i": "1715", "regex": "false"},
	{"name_s": "/usr/share/locale/zh_TW/LC_MESSAGES/kxsldbg.mo", "size_i": "33745", "regex": "false"},
	{"name_s": "/usr/share/locale/zh_TW/LC_MESSAGES/libdmctl.mo", "size_i": "773", "regex": "false"},
	{"name_s": "/usr/share/locale/zh_TW/LC_MESSAGES/libkaddrbk_geo_xxport.mo", "size_i": "540", "regex": "false"},
	{"name_s": "/usr/share/locale/zh_TW/LC_MESSAGES/libkaddrbk_gmx_xxport.mo", "size_i": "1069", "regex": "false"},
	{"name_s": "/usr/share/locale/zh_TW/LC_MESSAGES/libkfaximgage.mo", "size_i": "1691", "regex": "false"},
	{"name_s": "/usr/share/locale/zh_TW/LC_MESSAGES/libkicker.mo", "size_i": "9361", "regex": "false"},
	{"name_s": "/usr/share/locale/zh_TW/LC_MESSAGES/libkickermenu_kdeprint.mo", "size_i": "713", "regex": "false"},
	{"name_s": "/usr/share/locale/zh_TW/LC_MESSAGES/libkickermenu_konsole.mo", "size_i": "783", "regex": "false"},
	{"name_s": "/usr/share/locale/zh_TW/LC_MESSAGES/libkickermenu_prefmenu.mo", "size_i": "526", "regex": "false"},
	{"name_s": "/usr/share/locale/zh_TW/LC_MESSAGES/libkickermenu_recentdocs.mo", "size_i": "475", "regex": "false"},
	{"name_s": "/usr/share/locale/zh_TW/LC_MESSAGES/libkickermenu_remotemenu.mo", "size_i": "578", "regex": "false"},
	{"name_s": "/usr/share/locale/zh_TW/LC_MESSAGES/libkickermenu_systemmenu.mo", "size_i": "447", "regex": "false"},
	{"name_s": "/usr/share/locale/zh_TW/LC_MESSAGES/libkickermenu_tom.mo", "size_i": "1970", "regex": "false"},
	{"name_s": "/usr/share/locale/zh_TW/LC_MESSAGES/libkpimexchange.mo", "size_i": "951", "regex": "false"},
	{"name_s": "/usr/share/locale/zh_TW/LC_MESSAGES/libkscan.mo", "size_i": "8570", "regex": "false"},
	{"name_s": "/usr/share/locale/zh_TW/LC_MESSAGES/libksirtet.mo", "size_i": "7170", "regex": "false"},
	{"name_s": "/usr/share/locale/zh_TW/LC_MESSAGES/libtaskbar.mo", "size_i": "8845", "regex": "false"},
	{"name_s": "/usr/share/locale/zh_TW/LC_MESSAGES/lockout.mo", "size_i": "790", "regex": "false"},
	{"name_s": "/usr/share/locale/zh_TW/LC_MESSAGES/lyrics.mo", "size_i": "5671", "regex": "false"},
	{"name_s": "/usr/share/locale/zh_TW/LC_MESSAGES/mediaapplet.mo", "size_i": "1454", "regex": "false"},
	{"name_s": "/usr/share/locale/zh_TW/LC_MESSAGES/mediacontrol.mo", "size_i": "3256", "regex": "false"},
	{"name_s": "/usr/share/locale/zh_TW/LC_MESSAGES/naughtyapplet.mo", "size_i": "1526", "regex": "false"},
	{"name_s": "/usr/share/locale/zh_TW/LC_MESSAGES/nexscope.mo", "size_i": "1253", "regex": "false"},
	{"name_s": "/usr/share/locale/zh_TW/LC_MESSAGES/noatun.mo", "size_i": "23158", "regex": "false"},
	{"name_s": "/usr/share/locale/zh_TW/LC_MESSAGES/pitchablespeed.mo", "size_i": "759", "regex": "false"},
	{"name_s": "/usr/share/locale/zh_TW/LC_MESSAGES/ppdtranslations.mo", "size_i": "149515", "regex": "false"},
	{"name_s": "/usr/share/locale/zh_TW/LC_MESSAGES/privacy.mo", "size_i": "6105", "regex": "false"},
	{"name_s": "/usr/share/locale/zh_TW/LC_MESSAGES/quanta.mo", "size_i": "166047", "regex": "false"},
	{"name_s": "/usr/share/locale/zh_TW/LC_MESSAGES/quicklauncher.mo", "size_i": "3114", "regex": "false"},
	{"name_s": "/usr/share/locale/zh_TW/LC_MESSAGES/scalixadmin.mo", "size_i": "2893", "regex": "false"},
	{"name_s": "/usr/share/locale/zh_TW/LC_MESSAGES/synaescope.mo", "size_i": "977", "regex": "false"},
	{"name_s": "/usr/share/locale/zh_TW/LC_MESSAGES/timezones.mo", "size_i": "23097", "regex": "false"},
	{"name_s": "/usr/share/locale/zh_TW/LC_MESSAGES/tippecanoe.mo", "size_i": "698", "regex": "false"},
	{"name_s": "/usr/share/locale/zh_TW/LC_MESSAGES/trashapplet.mo", "size_i": "856", "regex": "false"},
	{"name_s": "/usr/share/locale/zh_TW/LC_MESSAGES/tyler.mo", "size_i": "529", "regex": "false"},
	{"name_s": "/usr/share/locale/zh_TW/LC_MESSAGES/wakeup.mo", "size_i": "1053", "regex": "false"},
	{"name_s": "/usr/share/locale/zh_TW/LC_MESSAGES/wavecapture.mo", "size_i": "518", "regex": "false"},
	{"name_s": "/usr/share/locale/zh_TW/charset", "size_i": "6", "regex": "false"}
]
