[
	{"name_s": "/usr/share/doc/HTML/lt", "size_i": "4096", "regex": "false"},
	{"name_s": "/usr/share/doc/HTML/lt/common", "size_i": "4096", "regex": "false"},
	{"name_s": "/usr/share/doc/HTML/lt/common/fdl-translated.html", "size_i": "20428", "regex": "false"},
	{"name_s": "/usr/share/doc/HTML/lt/common/gpl-translated.html", "size_i": "20195", "regex": "false"},
	{"name_s": "/usr/share/doc/HTML/lt/common/kde-localised.css", "size_i": "1045", "regex": "false"},
	{"name_s": "/usr/share/doc/HTML/lt/common/lgpl-translated.html", "size_i": "28166", "regex": "false"},
	{"name_s": "/usr/share/doc/HTML/lt/khelpcenter", "size_i": "4096", "regex": "false"},
	{"name_s": "/usr/share/doc/HTML/lt/khelpcenter/visualdict", "size_i": "4096", "regex": "false"},
	{"name_s": "/usr/share/doc/HTML/lt/khelpcenter/visualdict/common", "size_i": "30", "regex": "false"},
	{"name_s": "/usr/share/doc/HTML/lt/khelpcenter/visualdict/index.cache.bz2", "size_i": "3358", "regex": "false"},
	{"name_s": "/usr/share/doc/HTML/lt/khelpcenter/visualdict/index.docbook", "size_i": "6738", "regex": "false"},
	{"name_s": "/usr/share/locale/lt/LC_MESSAGES/akonadi-kcal.mo", "size_i": "485", "regex": "false"},
	{"name_s": "/usr/share/locale/lt/LC_MESSAGES/akonadi_birthdays_resource.mo", "size_i": "464", "regex": "false"},
	{"name_s": "/usr/share/locale/lt/LC_MESSAGES/akonadi_distlist_resource.mo", "size_i": "464", "regex": "false"},
	{"name_s": "/usr/share/locale/lt/LC_MESSAGES/akonadi_ical_resource.mo", "size_i": "464", "regex": "false"},
	{"name_s": "/usr/share/locale/lt/LC_MESSAGES/akonadi_imap_resource.mo", "size_i": "464", "regex": "false"},
	{"name_s": "/usr/share/locale/lt/LC_MESSAGES/akonadi_kabc_resource.mo", "size_i": "464", "regex": "false"},
	{"name_s": "/usr/share/locale/lt/LC_MESSAGES/akonadi_kcal_resource.mo", "size_i": "464", "regex": "false"},
	{"name_s": "/usr/share/locale/lt/LC_MESSAGES/akonadi_knut_resource.mo", "size_i": "464", "regex": "false"},
	{"name_s": "/usr/share/locale/lt/LC_MESSAGES/akonadi_kolabproxy_resource.mo", "size_i": "464", "regex": "false"},
	{"name_s": "/usr/share/locale/lt/LC_MESSAGES/akonadi_kresourceassistant.mo", "size_i": "464", "regex": "false"},
	{"name_s": "/usr/share/locale/lt/LC_MESSAGES/akonadi_localbookmarks_resource.mo", "size_i": "464", "regex": "false"},
	{"name_s": "/usr/share/locale/lt/LC_MESSAGES/akonadi_maildir_resource.mo", "size_i": "464", "regex": "false"},
	{"name_s": "/usr/share/locale/lt/LC_MESSAGES/akonadi_microblog_resource.mo", "size_i": "464", "regex": "false"},
	{"name_s": "/usr/share/locale/lt/LC_MESSAGES/akonadi_nepomuktag_resource.mo", "size_i": "464", "regex": "false"},
	{"name_s": "/usr/share/locale/lt/LC_MESSAGES/akonadi_next.mo", "size_i": "464", "regex": "false"},
	{"name_s": "/usr/share/locale/lt/LC_MESSAGES/akonadi_nntp_resource.mo", "size_i": "464", "regex": "false"},
	{"name_s": "/usr/share/locale/lt/LC_MESSAGES/akonadi_openchange_resource.mo", "size_i": "464", "regex": "false"},
	{"name_s": "/usr/share/locale/lt/LC_MESSAGES/akonadi_singlefile_resource.mo", "size_i": "464", "regex": "false"},
	{"name_s": "/usr/share/locale/lt/LC_MESSAGES/akonadi_vcard_resource.mo", "size_i": "464", "regex": "false"},
	{"name_s": "/usr/share/locale/lt/LC_MESSAGES/akonadi_vcarddir_resource.mo", "size_i": "464", "regex": "false"},
	{"name_s": "/usr/share/locale/lt/LC_MESSAGES/akonaditray.mo", "size_i": "5718", "regex": "false"},
	{"name_s": "/usr/share/locale/lt/LC_MESSAGES/akregator.mo", "size_i": "9991", "regex": "false"},
	{"name_s": "/usr/share/locale/lt/LC_MESSAGES/amor.mo", "size_i": "3538", "regex": "false"},
	{"name_s": "/usr/share/locale/lt/LC_MESSAGES/ark.mo", "size_i": "12749", "regex": "false"},
	{"name_s": "/usr/share/locale/lt/LC_MESSAGES/audiocd_encoder_lame.mo", "size_i": "6182", "regex": "false"},
	{"name_s": "/usr/share/locale/lt/LC_MESSAGES/audiocd_encoder_vorbis.mo", "size_i": "3194", "regex": "false"},
	{"name_s": "/usr/share/locale/lt/LC_MESSAGES/audiorename_plugin.mo", "size_i": "1744", "regex": "false"},
	{"name_s": "/usr/share/locale/lt/LC_MESSAGES/blinken.mo", "size_i": "3861", "regex": "false"},
	{"name_s": "/usr/share/locale/lt/LC_MESSAGES/bomber.mo", "size_i": "2530", "regex": "false"},
	{"name_s": "/usr/share/locale/lt/LC_MESSAGES/bovo.mo", "size_i": "1280", "regex": "false"},
	{"name_s": "/usr/share/locale/lt/LC_MESSAGES/cervisia.mo", "size_i": "6531", "regex": "false"},
	{"name_s": "/usr/share/locale/lt/LC_MESSAGES/cvsservice.mo", "size_i": "1497", "regex": "false"},
	{"name_s": "/usr/share/locale/lt/LC_MESSAGES/display.mo", "size_i": "1017", "regex": "false"},
	{"name_s": "/usr/share/locale/lt/LC_MESSAGES/dolphin.mo", "size_i": "27341", "regex": "false"},
	{"name_s": "/usr/share/locale/lt/LC_MESSAGES/dragonplayer.mo", "size_i": "5639", "regex": "false"},
	{"name_s": "/usr/share/locale/lt/LC_MESSAGES/drkonqi.mo", "size_i": "3425", "regex": "false"},
	{"name_s": "/usr/share/locale/lt/LC_MESSAGES/filetypes.mo", "size_i": "9590", "regex": "false"},
	{"name_s": "/usr/share/locale/lt/LC_MESSAGES/gwenview.mo", "size_i": "19445", "regex": "false"},
	{"name_s": "/usr/share/locale/lt/LC_MESSAGES/htmlsearch.mo", "size_i": "5543", "regex": "false"},
	{"name_s": "/usr/share/locale/lt/LC_MESSAGES/imagerename_plugin.mo", "size_i": "921", "regex": "false"},
	{"name_s": "/usr/share/locale/lt/LC_MESSAGES/irkick.mo", "size_i": "620", "regex": "false"},
	{"name_s": "/usr/share/locale/lt/LC_MESSAGES/joystick.mo", "size_i": "8670", "regex": "false"},
	{"name_s": "/usr/share/locale/lt/LC_MESSAGES/juk.mo", "size_i": "11724", "regex": "false"},
	{"name_s": "/usr/share/locale/lt/LC_MESSAGES/kabc.mo", "size_i": "7362", "regex": "false"},
	{"name_s": "/usr/share/locale/lt/LC_MESSAGES/kabc_akonadi.mo", "size_i": "635", "regex": "false"},
	{"name_s": "/usr/share/locale/lt/LC_MESSAGES/kabc_dir.mo", "size_i": "989", "regex": "false"},
	{"name_s": "/usr/share/locale/lt/LC_MESSAGES/kabc_file.mo", "size_i": "877", "regex": "false"},
	{"name_s": "/usr/share/locale/lt/LC_MESSAGES/kabc_ldapkio.mo", "size_i": "1542", "regex": "false"},
	{"name_s": "/usr/share/locale/lt/LC_MESSAGES/kabc_net.mo", "size_i": "1033", "regex": "false"},
	{"name_s": "/usr/share/locale/lt/LC_MESSAGES/kabc_slox.mo", "size_i": "1830", "regex": "false"},
	{"name_s": "/usr/share/locale/lt/LC_MESSAGES/kabcakonadi.mo", "size_i": "2362", "regex": "false"},
	{"name_s": "/usr/share/locale/lt/LC_MESSAGES/kabcclient.mo", "size_i": "535", "regex": "false"},
	{"name_s": "/usr/share/locale/lt/LC_MESSAGES/kabcformat_binary.mo", "size_i": "770", "regex": "false"},
	{"name_s": "/usr/share/locale/lt/LC_MESSAGES/kaccess.mo", "size_i": "9318", "regex": "false"},
	{"name_s": "/usr/share/locale/lt/LC_MESSAGES/kaddressbook.mo", "size_i": "42383", "regex": "false"},
	{"name_s": "/usr/share/locale/lt/LC_MESSAGES/kalarm.mo", "size_i": "11405", "regex": "false"},
	{"name_s": "/usr/share/locale/lt/LC_MESSAGES/kalgebra.mo", "size_i": "14934", "regex": "false"},
	{"name_s": "/usr/share/locale/lt/LC_MESSAGES/kalzium.mo", "size_i": "128732", "regex": "false"},
	{"name_s": "/usr/share/locale/lt/LC_MESSAGES/kalzium_qt.mo", "size_i": "15435", "regex": "false"},
	{"name_s": "/usr/share/locale/lt/LC_MESSAGES/kanagram.mo", "size_i": "6900", "regex": "false"},
	{"name_s": "/usr/share/locale/lt/LC_MESSAGES/kapman.mo", "size_i": "2006", "regex": "false"},
	{"name_s": "/usr/share/locale/lt/LC_MESSAGES/kappfinder.mo", "size_i": "2344", "regex": "false"},
	{"name_s": "/usr/share/locale/lt/LC_MESSAGES/kapptemplate.mo", "size_i": "531", "regex": "false"},
	{"name_s": "/usr/share/locale/lt/LC_MESSAGES/kate-ctags-plugin.mo", "size_i": "664", "regex": "false"},
	{"name_s": "/usr/share/locale/lt/LC_MESSAGES/kate.mo", "size_i": "27247", "regex": "false"},
	{"name_s": "/usr/share/locale/lt/LC_MESSAGES/kate_kttsd.mo", "size_i": "464", "regex": "false"},
	{"name_s": "/usr/share/locale/lt/LC_MESSAGES/katebacktracebrowserplugin.mo", "size_i": "464", "regex": "false"},
	{"name_s": "/usr/share/locale/lt/LC_MESSAGES/katebuild-plugin.mo", "size_i": "719", "regex": "false"},
	{"name_s": "/usr/share/locale/lt/LC_MESSAGES/kateexternaltoolsplugin.mo", "size_i": "2847", "regex": "false"},
	{"name_s": "/usr/share/locale/lt/LC_MESSAGES/katefilebrowserplugin.mo", "size_i": "1604", "regex": "false"},
	{"name_s": "/usr/share/locale/lt/LC_MESSAGES/katefiletemplates.mo", "size_i": "5584", "regex": "false"},
	{"name_s": "/usr/share/locale/lt/LC_MESSAGES/katefindinfilesplugin.mo", "size_i": "2360", "regex": "false"},
	{"name_s": "/usr/share/locale/lt/LC_MESSAGES/katehelloworld.mo", "size_i": "638", "regex": "false"},
	{"name_s": "/usr/share/locale/lt/LC_MESSAGES/katehtmltools.mo", "size_i": "857", "regex": "false"},
	{"name_s": "/usr/share/locale/lt/LC_MESSAGES/kateinsertcommand.mo", "size_i": "4282", "regex": "false"},
	{"name_s": "/usr/share/locale/lt/LC_MESSAGES/katekjswrapper.mo", "size_i": "485", "regex": "false"},
	{"name_s": "/usr/share/locale/lt/LC_MESSAGES/katekonsoleplugin.mo", "size_i": "935", "regex": "false"},
	{"name_s": "/usr/share/locale/lt/LC_MESSAGES/katemailfilesplugin.mo", "size_i": "1538", "regex": "false"},
	{"name_s": "/usr/share/locale/lt/LC_MESSAGES/kateopenheader.mo", "size_i": "631", "regex": "false"},
	{"name_s": "/usr/share/locale/lt/LC_MESSAGES/katepart4.mo", "size_i": "58654", "regex": "false"},
	{"name_s": "/usr/share/locale/lt/LC_MESSAGES/katepybrowse.mo", "size_i": "937", "regex": "false"},
	{"name_s": "/usr/share/locale/lt/LC_MESSAGES/katequickdocumentswitcherplugin.mo", "size_i": "638", "regex": "false"},
	{"name_s": "/usr/share/locale/lt/LC_MESSAGES/katesnippets.mo", "size_i": "802", "regex": "false"},
	{"name_s": "/usr/share/locale/lt/LC_MESSAGES/katesymbolviewer.mo", "size_i": "872", "regex": "false"},
	{"name_s": "/usr/share/locale/lt/LC_MESSAGES/katetabbarextension.mo", "size_i": "1406", "regex": "false"},
	{"name_s": "/usr/share/locale/lt/LC_MESSAGES/katetextfilter.mo", "size_i": "1111", "regex": "false"},
	{"name_s": "/usr/share/locale/lt/LC_MESSAGES/katexmlcheck.mo", "size_i": "1205", "regex": "false"},
	{"name_s": "/usr/share/locale/lt/LC_MESSAGES/katexmltools.mo", "size_i": "2056", "regex": "false"},
	{"name_s": "/usr/share/locale/lt/LC_MESSAGES/katomic.mo", "size_i": "3146", "regex": "false"},
	{"name_s": "/usr/share/locale/lt/LC_MESSAGES/kbattleship.mo", "size_i": "5047", "regex": "false"},
	{"name_s": "/usr/share/locale/lt/LC_MESSAGES/kblackbox.mo", "size_i": "3148", "regex": "false"},
	{"name_s": "/usr/share/locale/lt/LC_MESSAGES/kblankscrn.mo", "size_i": "697", "regex": "false"},
	{"name_s": "/usr/share/locale/lt/LC_MESSAGES/kblocks.mo", "size_i": "899", "regex": "false"},
	{"name_s": "/usr/share/locale/lt/LC_MESSAGES/kbounce.mo", "size_i": "1716", "regex": "false"},
	{"name_s": "/usr/share/locale/lt/LC_MESSAGES/kbreakout.mo", "size_i": "1904", "regex": "false"},
	{"name_s": "/usr/share/locale/lt/LC_MESSAGES/kbruch.mo", "size_i": "20259", "regex": "false"},
	{"name_s": "/usr/share/locale/lt/LC_MESSAGES/kbugbuster.mo", "size_i": "4173", "regex": "false"},
	{"name_s": "/usr/share/locale/lt/LC_MESSAGES/kcachegrind.mo", "size_i": "2610", "regex": "false"},
	{"name_s": "/usr/share/locale/lt/LC_MESSAGES/kcachegrind_qt.mo", "size_i": "466", "regex": "false"},
	{"name_s": "/usr/share/locale/lt/LC_MESSAGES/kcalc.mo", "size_i": "4357", "regex": "false"},
	{"name_s": "/usr/share/locale/lt/LC_MESSAGES/kcertpart.mo", "size_i": "711", "regex": "false"},
	{"name_s": "/usr/share/locale/lt/LC_MESSAGES/kcharselect.mo", "size_i": "1409", "regex": "false"},
	{"name_s": "/usr/share/locale/lt/LC_MESSAGES/kcm_akonadi.mo", "size_i": "1696", "regex": "false"},
	{"name_s": "/usr/share/locale/lt/LC_MESSAGES/kcm_autostart.mo", "size_i": "2489", "regex": "false"},
	{"name_s": "/usr/share/locale/lt/LC_MESSAGES/kcm_desktopthemedetails.mo", "size_i": "3987", "regex": "false"},
	{"name_s": "/usr/share/locale/lt/LC_MESSAGES/kcm_emoticons.mo", "size_i": "4149", "regex": "false"},
	{"name_s": "/usr/share/locale/lt/LC_MESSAGES/kcm_krfb.mo", "size_i": "5872", "regex": "false"},
	{"name_s": "/usr/share/locale/lt/LC_MESSAGES/kcm_kwindesktop.mo", "size_i": "1572", "regex": "false"},
	{"name_s": "/usr/share/locale/lt/LC_MESSAGES/kcm_lirc.mo", "size_i": "752", "regex": "false"},
	{"name_s": "/usr/share/locale/lt/LC_MESSAGES/kcm_memory.mo", "size_i": "4188", "regex": "false"},
	{"name_s": "/usr/share/locale/lt/LC_MESSAGES/kcm_partition.mo", "size_i": "2481", "regex": "false"},
	{"name_s": "/usr/share/locale/lt/LC_MESSAGES/kcm_pci.mo", "size_i": "14257", "regex": "false"},
	{"name_s": "/usr/share/locale/lt/LC_MESSAGES/kcm_phonon.mo", "size_i": "3736", "regex": "false"},
	{"name_s": "/usr/share/locale/lt/LC_MESSAGES/kcm_phononxine.mo", "size_i": "791", "regex": "false"},
	{"name_s": "/usr/share/locale/lt/LC_MESSAGES/kcm_platform.mo", "size_i": "661", "regex": "false"},
	{"name_s": "/usr/share/locale/lt/LC_MESSAGES/kcm_solid.mo", "size_i": "1154", "regex": "false"},
	{"name_s": "/usr/share/locale/lt/LC_MESSAGES/kcm_solid_actions.mo", "size_i": "2514", "regex": "false"},
	{"name_s": "/usr/share/locale/lt/LC_MESSAGES/kcm_standard_actions.mo", "size_i": "590", "regex": "false"},
	{"name_s": "/usr/share/locale/lt/LC_MESSAGES/kcmaccess.mo", "size_i": "9861", "regex": "false"},
	{"name_s": "/usr/share/locale/lt/LC_MESSAGES/kcmaudiocd.mo", "size_i": "5259", "regex": "false"},
	{"name_s": "/usr/share/locale/lt/LC_MESSAGES/kcmbackground.mo", "size_i": "18869", "regex": "false"},
	{"name_s": "/usr/share/locale/lt/LC_MESSAGES/kcmbell.mo", "size_i": "3817", "regex": "false"},
	{"name_s": "/usr/share/locale/lt/LC_MESSAGES/kcmcddb.mo", "size_i": "2966", "regex": "false"},
	{"name_s": "/usr/share/locale/lt/LC_MESSAGES/kcmcgi.mo", "size_i": "1442", "regex": "false"},
	{"name_s": "/usr/share/locale/lt/LC_MESSAGES/kcmcolors.mo", "size_i": "7695", "regex": "false"},
	{"name_s": "/usr/share/locale/lt/LC_MESSAGES/kcmcomponentchooser.mo", "size_i": "10457", "regex": "false"},
	{"name_s": "/usr/share/locale/lt/LC_MESSAGES/kcmcrypto.mo", "size_i": "15967", "regex": "false"},
	{"name_s": "/usr/share/locale/lt/LC_MESSAGES/kcmenergy.mo", "size_i": "3646", "regex": "false"},
	{"name_s": "/usr/share/locale/lt/LC_MESSAGES/kcmfonts.mo", "size_i": "5197", "regex": "false"},
	{"name_s": "/usr/share/locale/lt/LC_MESSAGES/kcmhtmlsearch.mo", "size_i": "4203", "regex": "false"},
	{"name_s": "/usr/share/locale/lt/LC_MESSAGES/kcmicons.mo", "size_i": "6325", "regex": "false"},
	{"name_s": "/usr/share/locale/lt/LC_MESSAGES/kcminfo.mo", "size_i": "1536", "regex": "false"},
	{"name_s": "/usr/share/locale/lt/LC_MESSAGES/kcminit.mo", "size_i": "976", "regex": "false"},
	{"name_s": "/usr/share/locale/lt/LC_MESSAGES/kcminput.mo", "size_i": "15499", "regex": "false"},
	{"name_s": "/usr/share/locale/lt/LC_MESSAGES/kcmioslaveinfo.mo", "size_i": "1121", "regex": "false"},
	{"name_s": "/usr/share/locale/lt/LC_MESSAGES/kcmkabconfig.mo", "size_i": "1384", "regex": "false"},
	{"name_s": "/usr/share/locale/lt/LC_MESSAGES/kcmkamera.mo", "size_i": "3936", "regex": "false"},
	{"name_s": "/usr/share/locale/lt/LC_MESSAGES/kcmkclock.mo", "size_i": "3787", "regex": "false"},
	{"name_s": "/usr/share/locale/lt/LC_MESSAGES/kcmkded.mo", "size_i": "3976", "regex": "false"},
	{"name_s": "/usr/share/locale/lt/LC_MESSAGES/kcmkdnssd.mo", "size_i": "1232", "regex": "false"},
	{"name_s": "/usr/share/locale/lt/LC_MESSAGES/kcmkeyboard.mo", "size_i": "3539", "regex": "false"},
	{"name_s": "/usr/share/locale/lt/LC_MESSAGES/kcmkeys.mo", "size_i": "1824", "regex": "false"},
	{"name_s": "/usr/share/locale/lt/LC_MESSAGES/kcmkgamma.mo", "size_i": "2597", "regex": "false"},
	{"name_s": "/usr/share/locale/lt/LC_MESSAGES/kcmkio.mo", "size_i": "52875", "regex": "false"},
	{"name_s": "/usr/share/locale/lt/LC_MESSAGES/kcmkonq.mo", "size_i": "4161", "regex": "false"},
	{"name_s": "/usr/share/locale/lt/LC_MESSAGES/kcmkonqhtml.mo", "size_i": "52767", "regex": "false"},
	{"name_s": "/usr/share/locale/lt/LC_MESSAGES/kcmkurifilt.mo", "size_i": "2087", "regex": "false"},
	{"name_s": "/usr/share/locale/lt/LC_MESSAGES/kcmkwallet.mo", "size_i": "3559", "regex": "false"},
	{"name_s": "/usr/share/locale/lt/LC_MESSAGES/kcmkwincompositing.mo", "size_i": "6517", "regex": "false"},
	{"name_s": "/usr/share/locale/lt/LC_MESSAGES/kcmkwindecoration.mo", "size_i": "5596", "regex": "false"},
	{"name_s": "/usr/share/locale/lt/LC_MESSAGES/kcmkwinrules.mo", "size_i": "14762", "regex": "false"},
	{"name_s": "/usr/share/locale/lt/LC_MESSAGES/kcmkwinscreenedges.mo", "size_i": "2266", "regex": "false"},
	{"name_s": "/usr/share/locale/lt/LC_MESSAGES/kcmkwm.mo", "size_i": "24905", "regex": "false"},
	{"name_s": "/usr/share/locale/lt/LC_MESSAGES/kcmlaunch.mo", "size_i": "3041", "regex": "false"},
	{"name_s": "/usr/share/locale/lt/LC_MESSAGES/kcmlocale.mo", "size_i": "20079", "regex": "false"},
	{"name_s": "/usr/share/locale/lt/LC_MESSAGES/kcmnic.mo", "size_i": "1591", "regex": "false"},
	{"name_s": "/usr/share/locale/lt/LC_MESSAGES/kcmnotify.mo", "size_i": "2562", "regex": "false"},
	{"name_s": "/usr/share/locale/lt/LC_MESSAGES/kcmopengl.mo", "size_i": "4935", "regex": "false"},
	{"name_s": "/usr/share/locale/lt/LC_MESSAGES/kcmperformance.mo", "size_i": "4950", "regex": "false"},
	{"name_s": "/usr/share/locale/lt/LC_MESSAGES/kcmsamba.mo", "size_i": "9184", "regex": "false"},
	{"name_s": "/usr/share/locale/lt/LC_MESSAGES/kcmscreensaver.mo", "size_i": "7371", "regex": "false"},
	{"name_s": "/usr/share/locale/lt/LC_MESSAGES/kcmshell.mo", "size_i": "1718", "regex": "false"},
	{"name_s": "/usr/share/locale/lt/LC_MESSAGES/kcmsmartcard.mo", "size_i": "3798", "regex": "false"},
	{"name_s": "/usr/share/locale/lt/LC_MESSAGES/kcmsmserver.mo", "size_i": "4221", "regex": "false"},
	{"name_s": "/usr/share/locale/lt/LC_MESSAGES/kcmsolidproc.mo", "size_i": "1119", "regex": "false"},
	{"name_s": "/usr/share/locale/lt/LC_MESSAGES/kcmstyle.mo", "size_i": "5165", "regex": "false"},
	{"name_s": "/usr/share/locale/lt/LC_MESSAGES/kcmusb.mo", "size_i": "6054", "regex": "false"},
	{"name_s": "/usr/share/locale/lt/LC_MESSAGES/kcmview1394.mo", "size_i": "1186", "regex": "false"},
	{"name_s": "/usr/share/locale/lt/LC_MESSAGES/kcmxinerama.mo", "size_i": "3024", "regex": "false"},
	{"name_s": "/usr/share/locale/lt/LC_MESSAGES/kcolorchooser.mo", "size_i": "949", "regex": "false"},
	{"name_s": "/usr/share/locale/lt/LC_MESSAGES/kcron.mo", "size_i": "5332", "regex": "false"},
	{"name_s": "/usr/share/locale/lt/LC_MESSAGES/kdat.mo", "size_i": "18315", "regex": "false"},
	{"name_s": "/usr/share/locale/lt/LC_MESSAGES/kde-menu.mo", "size_i": "2713", "regex": "false"},
	{"name_s": "/usr/share/locale/lt/LC_MESSAGES/kdeasciiquarium.mo", "size_i": "485", "regex": "false"},
	{"name_s": "/usr/share/locale/lt/LC_MESSAGES/kdebugdialog.mo", "size_i": "2228", "regex": "false"},
	{"name_s": "/usr/share/locale/lt/LC_MESSAGES/kdelibs4.mo", "size_i": "204530", "regex": "false"},
	{"name_s": "/usr/share/locale/lt/LC_MESSAGES/kdelibs_colors4.mo", "size_i": "4049", "regex": "false"},
	{"name_s": "/usr/share/locale/lt/LC_MESSAGES/kdelirc.mo", "size_i": "1243", "regex": "false"},
	{"name_s": "/usr/share/locale/lt/LC_MESSAGES/kdepasswd.mo", "size_i": "3128", "regex": "false"},
	{"name_s": "/usr/share/locale/lt/LC_MESSAGES/kdepimresources.mo", "size_i": "3394", "regex": "false"},
	{"name_s": "/usr/share/locale/lt/LC_MESSAGES/kdepimwizards.mo", "size_i": "9007", "regex": "false"},
	{"name_s": "/usr/share/locale/lt/LC_MESSAGES/kdeqt.mo", "size_i": "35534", "regex": "false"},
	{"name_s": "/usr/share/locale/lt/LC_MESSAGES/kdessh.mo", "size_i": "2458", "regex": "false"},
	{"name_s": "/usr/share/locale/lt/LC_MESSAGES/kdesu.mo", "size_i": "4306", "regex": "false"},
	{"name_s": "/usr/share/locale/lt/LC_MESSAGES/kdesud.mo", "size_i": "981", "regex": "false"},
	{"name_s": "/usr/share/locale/lt/LC_MESSAGES/kdf.mo", "size_i": "2376", "regex": "false"},
	{"name_s": "/usr/share/locale/lt/LC_MESSAGES/kdgantt.mo", "size_i": "647", "regex": "false"},
	{"name_s": "/usr/share/locale/lt/LC_MESSAGES/kdgantt1.mo", "size_i": "1314", "regex": "false"},
	{"name_s": "/usr/share/locale/lt/LC_MESSAGES/kdialog.mo", "size_i": "4925", "regex": "false"},
	{"name_s": "/usr/share/locale/lt/LC_MESSAGES/kdiamond.mo", "size_i": "2754", "regex": "false"},
	{"name_s": "/usr/share/locale/lt/LC_MESSAGES/kdmconfig.mo", "size_i": "26440", "regex": "false"},
	{"name_s": "/usr/share/locale/lt/LC_MESSAGES/kdmgreet.mo", "size_i": "10927", "regex": "false"},
	{"name_s": "/usr/share/locale/lt/LC_MESSAGES/keditbookmarks.mo", "size_i": "9636", "regex": "false"},
	{"name_s": "/usr/share/locale/lt/LC_MESSAGES/kfile.mo", "size_i": "2687", "regex": "false"},
	{"name_s": "/usr/share/locale/lt/LC_MESSAGES/kfile_avi.mo", "size_i": "912", "regex": "false"},
	{"name_s": "/usr/share/locale/lt/LC_MESSAGES/kfile_dds.mo", "size_i": "1089", "regex": "false"},
	{"name_s": "/usr/share/locale/lt/LC_MESSAGES/kfile_drgeo.mo", "size_i": "883", "regex": "false"},
	{"name_s": "/usr/share/locale/lt/LC_MESSAGES/kfile_dvi.mo", "size_i": "736", "regex": "false"},
	{"name_s": "/usr/share/locale/lt/LC_MESSAGES/kfile_exr.mo", "size_i": "3068", "regex": "false"},
	{"name_s": "/usr/share/locale/lt/LC_MESSAGES/kfile_flac.mo", "size_i": "1380", "regex": "false"},
	{"name_s": "/usr/share/locale/lt/LC_MESSAGES/kfile_kig.mo", "size_i": "1042", "regex": "false"},
	{"name_s": "/usr/share/locale/lt/LC_MESSAGES/kfile_mp3.mo", "size_i": "1382", "regex": "false"},
	{"name_s": "/usr/share/locale/lt/LC_MESSAGES/kfile_mpc.mo", "size_i": "1335", "regex": "false"},
	{"name_s": "/usr/share/locale/lt/LC_MESSAGES/kfile_ogg.mo", "size_i": "1577", "regex": "false"},
	{"name_s": "/usr/share/locale/lt/LC_MESSAGES/kfile_pnm.mo", "size_i": "652", "regex": "false"},
	{"name_s": "/usr/share/locale/lt/LC_MESSAGES/kfile_raw.mo", "size_i": "622", "regex": "false"},
	{"name_s": "/usr/share/locale/lt/LC_MESSAGES/kfile_rgb.mo", "size_i": "1037", "regex": "false"},
	{"name_s": "/usr/share/locale/lt/LC_MESSAGES/kfile_rpm.mo", "size_i": "971", "regex": "false"},
	{"name_s": "/usr/share/locale/lt/LC_MESSAGES/kfile_sid.mo", "size_i": "928", "regex": "false"},
	{"name_s": "/usr/share/locale/lt/LC_MESSAGES/kfile_theora.mo", "size_i": "940", "regex": "false"},
	{"name_s": "/usr/share/locale/lt/LC_MESSAGES/kfile_tiff.mo", "size_i": "1017", "regex": "false"},
	{"name_s": "/usr/share/locale/lt/LC_MESSAGES/kfile_wav.mo", "size_i": "785", "regex": "false"},
	{"name_s": "/usr/share/locale/lt/LC_MESSAGES/kfile_xps.mo", "size_i": "828", "regex": "false"},
	{"name_s": "/usr/share/locale/lt/LC_MESSAGES/kfileaudiopreview4.mo", "size_i": "653", "regex": "false"},
	{"name_s": "/usr/share/locale/lt/LC_MESSAGES/kfileshare.mo", "size_i": "67913", "regex": "false"},
	{"name_s": "/usr/share/locale/lt/LC_MESSAGES/kfindpart.mo", "size_i": "7958", "regex": "false"},
	{"name_s": "/usr/share/locale/lt/LC_MESSAGES/kfloppy.mo", "size_i": "2385", "regex": "false"},
	{"name_s": "/usr/share/locale/lt/LC_MESSAGES/kfmclient.mo", "size_i": "3397", "regex": "false"},
	{"name_s": "/usr/share/locale/lt/LC_MESSAGES/kfontinst.mo", "size_i": "22259", "regex": "false"},
	{"name_s": "/usr/share/locale/lt/LC_MESSAGES/kfourinline.mo", "size_i": "1443", "regex": "false"},
	{"name_s": "/usr/share/locale/lt/LC_MESSAGES/kgeography.mo", "size_i": "245670", "regex": "false"},
	{"name_s": "/usr/share/locale/lt/LC_MESSAGES/kget.mo", "size_i": "29077", "regex": "false"},
	{"name_s": "/usr/share/locale/lt/LC_MESSAGES/kgoldrunner.mo", "size_i": "7827", "regex": "false"},
	{"name_s": "/usr/share/locale/lt/LC_MESSAGES/kgpg.mo", "size_i": "21928", "regex": "false"},
	{"name_s": "/usr/share/locale/lt/LC_MESSAGES/kgreet_classic.mo", "size_i": "1092", "regex": "false"},
	{"name_s": "/usr/share/locale/lt/LC_MESSAGES/kgreet_generic.mo", "size_i": "620", "regex": "false"},
	{"name_s": "/usr/share/locale/lt/LC_MESSAGES/kgreet_winbind.mo", "size_i": "1153", "regex": "false"},
	{"name_s": "/usr/share/locale/lt/LC_MESSAGES/khangman.mo", "size_i": "13534", "regex": "false"},
	{"name_s": "/usr/share/locale/lt/LC_MESSAGES/khelpcenter.mo", "size_i": "9846", "regex": "false"},
	{"name_s": "/usr/share/locale/lt/LC_MESSAGES/khotkeys.mo", "size_i": "4519", "regex": "false"},
	{"name_s": "/usr/share/locale/lt/LC_MESSAGES/khotnewstuff.mo", "size_i": "794", "regex": "false"},
	{"name_s": "/usr/share/locale/lt/LC_MESSAGES/khtmlkttsd.mo", "size_i": "904", "regex": "false"},
	{"name_s": "/usr/share/locale/lt/LC_MESSAGES/kiconfinder.mo", "size_i": "739", "regex": "false"},
	{"name_s": "/usr/share/locale/lt/LC_MESSAGES/kig.mo", "size_i": "112861", "regex": "false"},
	{"name_s": "/usr/share/locale/lt/LC_MESSAGES/killbots.mo", "size_i": "2364", "regex": "false"},
	{"name_s": "/usr/share/locale/lt/LC_MESSAGES/kinetd.mo", "size_i": "667", "regex": "false"},
	{"name_s": "/usr/share/locale/lt/LC_MESSAGES/kinfocenter.mo", "size_i": "10452", "regex": "false"},
	{"name_s": "/usr/share/locale/lt/LC_MESSAGES/kio4.mo", "size_i": "126831", "regex": "false"},
	{"name_s": "/usr/share/locale/lt/LC_MESSAGES/kio_akonadi.mo", "size_i": "485", "regex": "false"},
	{"name_s": "/usr/share/locale/lt/LC_MESSAGES/kio_applications.mo", "size_i": "697", "regex": "false"},
	{"name_s": "/usr/share/locale/lt/LC_MESSAGES/kio_archive.mo", "size_i": "901", "regex": "false"},
	{"name_s": "/usr/share/locale/lt/LC_MESSAGES/kio_audiocd.mo", "size_i": "3085", "regex": "false"},
	{"name_s": "/usr/share/locale/lt/LC_MESSAGES/kio_bookmarks.mo", "size_i": "1280", "regex": "false"},
	{"name_s": "/usr/share/locale/lt/LC_MESSAGES/kio_finger.mo", "size_i": "1122", "regex": "false"},
	{"name_s": "/usr/share/locale/lt/LC_MESSAGES/kio_fish.mo", "size_i": "983", "regex": "false"},
	{"name_s": "/usr/share/locale/lt/LC_MESSAGES/kio_floppy.mo", "size_i": "2795", "regex": "false"},
	{"name_s": "/usr/share/locale/lt/LC_MESSAGES/kio_groupwise.mo", "size_i": "734", "regex": "false"},
	{"name_s": "/usr/share/locale/lt/LC_MESSAGES/kio_help4.mo", "size_i": "2658", "regex": "false"},
	{"name_s": "/usr/share/locale/lt/LC_MESSAGES/kio_imap4.mo", "size_i": "3442", "regex": "false"},
	{"name_s": "/usr/share/locale/lt/LC_MESSAGES/kio_info.mo", "size_i": "746", "regex": "false"},
	{"name_s": "/usr/share/locale/lt/LC_MESSAGES/kio_jabberdisco.mo", "size_i": "914", "regex": "false"},
	{"name_s": "/usr/share/locale/lt/LC_MESSAGES/kio_ldap.mo", "size_i": "1041", "regex": "false"},
	{"name_s": "/usr/share/locale/lt/LC_MESSAGES/kio_man.mo", "size_i": "3538", "regex": "false"},
	{"name_s": "/usr/share/locale/lt/LC_MESSAGES/kio_mbox.mo", "size_i": "586", "regex": "false"},
	{"name_s": "/usr/share/locale/lt/LC_MESSAGES/kio_nepomuksearch.mo", "size_i": "771", "regex": "false"},
	{"name_s": "/usr/share/locale/lt/LC_MESSAGES/kio_nfs.mo", "size_i": "920", "regex": "false"},
	{"name_s": "/usr/share/locale/lt/LC_MESSAGES/kio_nntp.mo", "size_i": "1221", "regex": "false"},
	{"name_s": "/usr/share/locale/lt/LC_MESSAGES/kio_perldoc.mo", "size_i": "535", "regex": "false"},
	{"name_s": "/usr/share/locale/lt/LC_MESSAGES/kio_pop3.mo", "size_i": "3184", "regex": "false"},
	{"name_s": "/usr/share/locale/lt/LC_MESSAGES/kio_remote.mo", "size_i": "606", "regex": "false"},
	{"name_s": "/usr/share/locale/lt/LC_MESSAGES/kio_sftp.mo", "size_i": "6570", "regex": "false"},
	{"name_s": "/usr/share/locale/lt/LC_MESSAGES/kio_sieve.mo", "size_i": "3414", "regex": "false"},
	{"name_s": "/usr/share/locale/lt/LC_MESSAGES/kio_smb.mo", "size_i": "3885", "regex": "false"},
	{"name_s": "/usr/share/locale/lt/LC_MESSAGES/kio_smtp.mo", "size_i": "4334", "regex": "false"},
	{"name_s": "/usr/share/locale/lt/LC_MESSAGES/kio_svn.mo", "size_i": "1425", "regex": "false"},
	{"name_s": "/usr/share/locale/lt/LC_MESSAGES/kio_thumbnail.mo", "size_i": "1566", "regex": "false"},
	{"name_s": "/usr/share/locale/lt/LC_MESSAGES/kio_trash.mo", "size_i": "3100", "regex": "false"},
	{"name_s": "/usr/share/locale/lt/LC_MESSAGES/kio_zeroconf.mo", "size_i": "1045", "regex": "false"},
	{"name_s": "/usr/share/locale/lt/LC_MESSAGES/kioclient.mo", "size_i": "4519", "regex": "false"},
	{"name_s": "/usr/share/locale/lt/LC_MESSAGES/kioexec.mo", "size_i": "2564", "regex": "false"},
	{"name_s": "/usr/share/locale/lt/LC_MESSAGES/kiriki.mo", "size_i": "2018", "regex": "false"},
	{"name_s": "/usr/share/locale/lt/LC_MESSAGES/kitchensync.mo", "size_i": "3450", "regex": "false"},
	{"name_s": "/usr/share/locale/lt/LC_MESSAGES/kiten.mo", "size_i": "10699", "regex": "false"},
	{"name_s": "/usr/share/locale/lt/LC_MESSAGES/kjots.mo", "size_i": "9142", "regex": "false"},
	{"name_s": "/usr/share/locale/lt/LC_MESSAGES/kjumpingcube.mo", "size_i": "3434", "regex": "false"},
	{"name_s": "/usr/share/locale/lt/LC_MESSAGES/kleopatra.mo", "size_i": "13369", "regex": "false"},
	{"name_s": "/usr/share/locale/lt/LC_MESSAGES/klettres.mo", "size_i": "11622", "regex": "false"},
	{"name_s": "/usr/share/locale/lt/LC_MESSAGES/klines.mo", "size_i": "2254", "regex": "false"},
	{"name_s": "/usr/share/locale/lt/LC_MESSAGES/klipper.mo", "size_i": "8314", "regex": "false"},
	{"name_s": "/usr/share/locale/lt/LC_MESSAGES/klock.mo", "size_i": "10554", "regex": "false"},
	{"name_s": "/usr/share/locale/lt/LC_MESSAGES/kmag.mo", "size_i": "2052", "regex": "false"},
	{"name_s": "/usr/share/locale/lt/LC_MESSAGES/kmahjongg.mo", "size_i": "7309", "regex": "false"},
	{"name_s": "/usr/share/locale/lt/LC_MESSAGES/kmail.mo", "size_i": "254442", "regex": "false"},
	{"name_s": "/usr/share/locale/lt/LC_MESSAGES/kmail_text_calendar_plugin.mo", "size_i": "1259", "regex": "false"},
	{"name_s": "/usr/share/locale/lt/LC_MESSAGES/kmail_text_vcard_plugin.mo", "size_i": "793", "regex": "false"},
	{"name_s": "/usr/share/locale/lt/LC_MESSAGES/kmail_text_xdiff_plugin.mo", "size_i": "620", "regex": "false"},
	{"name_s": "/usr/share/locale/lt/LC_MESSAGES/kmailcvt.mo", "size_i": "15292", "regex": "false"},
	{"name_s": "/usr/share/locale/lt/LC_MESSAGES/kmenuedit.mo", "size_i": "5027", "regex": "false"},
	{"name_s": "/usr/share/locale/lt/LC_MESSAGES/kmimetypefinder.mo", "size_i": "691", "regex": "false"},
	{"name_s": "/usr/share/locale/lt/LC_MESSAGES/kmines.mo", "size_i": "3115", "regex": "false"},
	{"name_s": "/usr/share/locale/lt/LC_MESSAGES/kmix.mo", "size_i": "10979", "regex": "false"},
	{"name_s": "/usr/share/locale/lt/LC_MESSAGES/kmousetool.mo", "size_i": "1004", "regex": "false"},
	{"name_s": "/usr/share/locale/lt/LC_MESSAGES/kmouth.mo", "size_i": "3459", "regex": "false"},
	{"name_s": "/usr/share/locale/lt/LC_MESSAGES/kmplot.mo", "size_i": "41661", "regex": "false"},
	{"name_s": "/usr/share/locale/lt/LC_MESSAGES/knetattach.mo", "size_i": "4085", "regex": "false"},
	{"name_s": "/usr/share/locale/lt/LC_MESSAGES/knetwalk.mo", "size_i": "1908", "regex": "false"},
	{"name_s": "/usr/share/locale/lt/LC_MESSAGES/knetworkconfmodule.mo", "size_i": "13645", "regex": "false"},
	{"name_s": "/usr/share/locale/lt/LC_MESSAGES/knode.mo", "size_i": "41760", "regex": "false"},
	{"name_s": "/usr/share/locale/lt/LC_MESSAGES/knotes.mo", "size_i": "7803", "regex": "false"},
	{"name_s": "/usr/share/locale/lt/LC_MESSAGES/knotificationitem-1.mo", "size_i": "464", "regex": "false"},
	{"name_s": "/usr/share/locale/lt/LC_MESSAGES/knotify4.mo", "size_i": "1582", "regex": "false"},
	{"name_s": "/usr/share/locale/lt/LC_MESSAGES/kolf.mo", "size_i": "1624", "regex": "false"},
	{"name_s": "/usr/share/locale/lt/LC_MESSAGES/kollision.mo", "size_i": "2569", "regex": "false"},
	{"name_s": "/usr/share/locale/lt/LC_MESSAGES/kolourpaint.mo", "size_i": "11784", "regex": "false"},
	{"name_s": "/usr/share/locale/lt/LC_MESSAGES/kompare.mo", "size_i": "8092", "regex": "false"},
	{"name_s": "/usr/share/locale/lt/LC_MESSAGES/konqueror.mo", "size_i": "52501", "regex": "false"},
	{"name_s": "/usr/share/locale/lt/LC_MESSAGES/konquest.mo", "size_i": "3494", "regex": "false"},
	{"name_s": "/usr/share/locale/lt/LC_MESSAGES/konsole.mo", "size_i": "26233", "regex": "false"},
	{"name_s": "/usr/share/locale/lt/LC_MESSAGES/konsolekalendar.mo", "size_i": "1060", "regex": "false"},
	{"name_s": "/usr/share/locale/lt/LC_MESSAGES/kontact.mo", "size_i": "18418", "regex": "false"},
	{"name_s": "/usr/share/locale/lt/LC_MESSAGES/kontactinterfaces.mo", "size_i": "485", "regex": "false"},
	{"name_s": "/usr/share/locale/lt/LC_MESSAGES/kopete.mo", "size_i": "117415", "regex": "false"},
	{"name_s": "/usr/share/locale/lt/LC_MESSAGES/korganizer.mo", "size_i": "169697", "regex": "false"},
	{"name_s": "/usr/share/locale/lt/LC_MESSAGES/kpackage.mo", "size_i": "6626", "regex": "false"},
	{"name_s": "/usr/share/locale/lt/LC_MESSAGES/kpartloader.mo", "size_i": "523", "regex": "false"},
	{"name_s": "/usr/share/locale/lt/LC_MESSAGES/kpartsaver.mo", "size_i": "1472", "regex": "false"},
	{"name_s": "/usr/share/locale/lt/LC_MESSAGES/kpasswdserver.mo", "size_i": "761", "regex": "false"},
	{"name_s": "/usr/share/locale/lt/LC_MESSAGES/kpat.mo", "size_i": "3254", "regex": "false"},
	{"name_s": "/usr/share/locale/lt/LC_MESSAGES/kpilot.mo", "size_i": "2476", "regex": "false"},
	{"name_s": "/usr/share/locale/lt/LC_MESSAGES/kppp.mo", "size_i": "56273", "regex": "false"},
	{"name_s": "/usr/share/locale/lt/LC_MESSAGES/kppplogview.mo", "size_i": "4594", "regex": "false"},
	{"name_s": "/usr/share/locale/lt/LC_MESSAGES/kquitapp.mo", "size_i": "1437", "regex": "false"},
	{"name_s": "/usr/share/locale/lt/LC_MESSAGES/krandr.mo", "size_i": "8716", "regex": "false"},
	{"name_s": "/usr/share/locale/lt/LC_MESSAGES/krdb.mo", "size_i": "1044", "regex": "false"},
	{"name_s": "/usr/share/locale/lt/LC_MESSAGES/krdc.mo", "size_i": "15614", "regex": "false"},
	{"name_s": "/usr/share/locale/lt/LC_MESSAGES/kreadconfig.mo", "size_i": "1333", "regex": "false"},
	{"name_s": "/usr/share/locale/lt/LC_MESSAGES/kres-migrator.mo", "size_i": "485", "regex": "false"},
	{"name_s": "/usr/share/locale/lt/LC_MESSAGES/kres_birthday.mo", "size_i": "1066", "regex": "false"},
	{"name_s": "/usr/share/locale/lt/LC_MESSAGES/kres_blog.mo", "size_i": "565", "regex": "false"},
	{"name_s": "/usr/share/locale/lt/LC_MESSAGES/kres_bugzilla.mo", "size_i": "613", "regex": "false"},
	{"name_s": "/usr/share/locale/lt/LC_MESSAGES/kres_groupware.mo", "size_i": "1333", "regex": "false"},
	{"name_s": "/usr/share/locale/lt/LC_MESSAGES/kres_groupwise.mo", "size_i": "3374", "regex": "false"},
	{"name_s": "/usr/share/locale/lt/LC_MESSAGES/kres_kolab.mo", "size_i": "2042", "regex": "false"},
	{"name_s": "/usr/share/locale/lt/LC_MESSAGES/kres_remote.mo", "size_i": "894", "regex": "false"},
	{"name_s": "/usr/share/locale/lt/LC_MESSAGES/kres_scalix.mo", "size_i": "1975", "regex": "false"},
	{"name_s": "/usr/share/locale/lt/LC_MESSAGES/kres_tvanytime.mo", "size_i": "1016", "regex": "false"},
	{"name_s": "/usr/share/locale/lt/LC_MESSAGES/kres_xmlrpc.mo", "size_i": "903", "regex": "false"},
	{"name_s": "/usr/share/locale/lt/LC_MESSAGES/kreversi.mo", "size_i": "3000", "regex": "false"},
	{"name_s": "/usr/share/locale/lt/LC_MESSAGES/krfb.mo", "size_i": "18780", "regex": "false"},
	{"name_s": "/usr/share/locale/lt/LC_MESSAGES/kruler.mo", "size_i": "1984", "regex": "false"},
	{"name_s": "/usr/share/locale/lt/LC_MESSAGES/krunner.mo", "size_i": "5825", "regex": "false"},
	{"name_s": "/usr/share/locale/lt/LC_MESSAGES/ksame.mo", "size_i": "1314", "regex": "false"},
	{"name_s": "/usr/share/locale/lt/LC_MESSAGES/ksaneplugin.mo", "size_i": "485", "regex": "false"},
	{"name_s": "/usr/share/locale/lt/LC_MESSAGES/ksayit.mo", "size_i": "5597", "regex": "false"},
	{"name_s": "/usr/share/locale/lt/LC_MESSAGES/kscd.mo", "size_i": "3514", "regex": "false"},
	{"name_s": "/usr/share/locale/lt/LC_MESSAGES/kscreensaver.mo", "size_i": "1539", "regex": "false"},
	{"name_s": "/usr/share/locale/lt/LC_MESSAGES/ksendemail.mo", "size_i": "1170", "regex": "false"},
	{"name_s": "/usr/share/locale/lt/LC_MESSAGES/kshisen.mo", "size_i": "1802", "regex": "false"},
	{"name_s": "/usr/share/locale/lt/LC_MESSAGES/kshorturifilter.mo", "size_i": "868", "regex": "false"},
	{"name_s": "/usr/share/locale/lt/LC_MESSAGES/ksirk.mo", "size_i": "11007", "regex": "false"},
	{"name_s": "/usr/share/locale/lt/LC_MESSAGES/ksirkskineditor.mo", "size_i": "464", "regex": "false"},
	{"name_s": "/usr/share/locale/lt/LC_MESSAGES/ksmserver.mo", "size_i": "2889", "regex": "false"},
	{"name_s": "/usr/share/locale/lt/LC_MESSAGES/ksnapshot.mo", "size_i": "6178", "regex": "false"},
	{"name_s": "/usr/share/locale/lt/LC_MESSAGES/kspaceduel.mo", "size_i": "2906", "regex": "false"},
	{"name_s": "/usr/share/locale/lt/LC_MESSAGES/ksplashthemes.mo", "size_i": "4422", "regex": "false"},
	{"name_s": "/usr/share/locale/lt/LC_MESSAGES/ksquares.mo", "size_i": "967", "regex": "false"},
	{"name_s": "/usr/share/locale/lt/LC_MESSAGES/kstars.mo", "size_i": "414378", "regex": "false"},
	{"name_s": "/usr/share/locale/lt/LC_MESSAGES/kstart.mo", "size_i": "4158", "regex": "false"},
	{"name_s": "/usr/share/locale/lt/LC_MESSAGES/kstartperf.mo", "size_i": "664", "regex": "false"},
	{"name_s": "/usr/share/locale/lt/LC_MESSAGES/kstyle_config.mo", "size_i": "852", "regex": "false"},
	{"name_s": "/usr/share/locale/lt/LC_MESSAGES/kstyle_keramik_config.mo", "size_i": "741", "regex": "false"},
	{"name_s": "/usr/share/locale/lt/LC_MESSAGES/kstyle_phase_config.mo", "size_i": "485", "regex": "false"},
	{"name_s": "/usr/share/locale/lt/LC_MESSAGES/ksudoku.mo", "size_i": "5860", "regex": "false"},
	{"name_s": "/usr/share/locale/lt/LC_MESSAGES/ksysguard.mo", "size_i": "18426", "regex": "false"},
	{"name_s": "/usr/share/locale/lt/LC_MESSAGES/ksysguardlsofwidgets.mo", "size_i": "579", "regex": "false"},
	{"name_s": "/usr/share/locale/lt/LC_MESSAGES/ksystemlog.mo", "size_i": "3646", "regex": "false"},
	{"name_s": "/usr/share/locale/lt/LC_MESSAGES/ksystraycmd.mo", "size_i": "3610", "regex": "false"},
	{"name_s": "/usr/share/locale/lt/LC_MESSAGES/ksysv.mo", "size_i": "16881", "regex": "false"},
	{"name_s": "/usr/share/locale/lt/LC_MESSAGES/kteatime.mo", "size_i": "3466", "regex": "false"},
	{"name_s": "/usr/share/locale/lt/LC_MESSAGES/ktexteditor_plugins.mo", "size_i": "4373", "regex": "false"},
	{"name_s": "/usr/share/locale/lt/LC_MESSAGES/ktexteditorkabcbridge_plugin.mo", "size_i": "485", "regex": "false"},
	{"name_s": "/usr/share/locale/lt/LC_MESSAGES/kthememanager.mo", "size_i": "3253", "regex": "false"},
	{"name_s": "/usr/share/locale/lt/LC_MESSAGES/ktimer.mo", "size_i": "1677", "regex": "false"},
	{"name_s": "/usr/share/locale/lt/LC_MESSAGES/ktimetracker.mo", "size_i": "1964", "regex": "false"},
	{"name_s": "/usr/share/locale/lt/LC_MESSAGES/ktouch.mo", "size_i": "40571", "regex": "false"},
	{"name_s": "/usr/share/locale/lt/LC_MESSAGES/ktraderclient.mo", "size_i": "924", "regex": "false"},
	{"name_s": "/usr/share/locale/lt/LC_MESSAGES/ktron.mo", "size_i": "485", "regex": "false"},
	{"name_s": "/usr/share/locale/lt/LC_MESSAGES/kttsd.mo", "size_i": "2483", "regex": "false"},
	{"name_s": "/usr/share/locale/lt/LC_MESSAGES/ktuberling.mo", "size_i": "894", "regex": "false"},
	{"name_s": "/usr/share/locale/lt/LC_MESSAGES/kturtle.mo", "size_i": "40336", "regex": "false"},
	{"name_s": "/usr/share/locale/lt/LC_MESSAGES/ktux.mo", "size_i": "1039", "regex": "false"},
	{"name_s": "/usr/share/locale/lt/LC_MESSAGES/kubrick.mo", "size_i": "696", "regex": "false"},
	{"name_s": "/usr/share/locale/lt/LC_MESSAGES/kuiserver.mo", "size_i": "2683", "regex": "false"},
	{"name_s": "/usr/share/locale/lt/LC_MESSAGES/kuiviewer.mo", "size_i": "1404", "regex": "false"},
	{"name_s": "/usr/share/locale/lt/LC_MESSAGES/kurifilter.mo", "size_i": "5057", "regex": "false"},
	{"name_s": "/usr/share/locale/lt/LC_MESSAGES/kuser.mo", "size_i": "23907", "regex": "false"},
	{"name_s": "/usr/share/locale/lt/LC_MESSAGES/kwalletd.mo", "size_i": "10324", "regex": "false"},
	{"name_s": "/usr/share/locale/lt/LC_MESSAGES/kwalletmanager.mo", "size_i": "7991", "regex": "false"},
	{"name_s": "/usr/share/locale/lt/LC_MESSAGES/kwatchgnupg.mo", "size_i": "2590", "regex": "false"},
	{"name_s": "/usr/share/locale/lt/LC_MESSAGES/kweather.mo", "size_i": "7487", "regex": "false"},
	{"name_s": "/usr/share/locale/lt/LC_MESSAGES/kwin.mo", "size_i": "17464", "regex": "false"},
	{"name_s": "/usr/share/locale/lt/LC_MESSAGES/kwin_art_clients.mo", "size_i": "4027", "regex": "false"},
	{"name_s": "/usr/share/locale/lt/LC_MESSAGES/kwin_clients.mo", "size_i": "9681", "regex": "false"},
	{"name_s": "/usr/share/locale/lt/LC_MESSAGES/kwin_effects.mo", "size_i": "10323", "regex": "false"},
	{"name_s": "/usr/share/locale/lt/LC_MESSAGES/kwin_lib.mo", "size_i": "1674", "regex": "false"},
	{"name_s": "/usr/share/locale/lt/LC_MESSAGES/kwinstartmenu.mo", "size_i": "1324", "regex": "false"},
	{"name_s": "/usr/share/locale/lt/LC_MESSAGES/kwordquiz.mo", "size_i": "32776", "regex": "false"},
	{"name_s": "/usr/share/locale/lt/LC_MESSAGES/kwrite.mo", "size_i": "7268", "regex": "false"},
	{"name_s": "/usr/share/locale/lt/LC_MESSAGES/kwriteconfig.mo", "size_i": "1718", "regex": "false"},
	{"name_s": "/usr/share/locale/lt/LC_MESSAGES/kxkb.mo", "size_i": "7818", "regex": "false"},
	{"name_s": "/usr/share/locale/lt/LC_MESSAGES/kxsconfig.mo", "size_i": "5103", "regex": "false"},
	{"name_s": "/usr/share/locale/lt/LC_MESSAGES/lancelot.mo", "size_i": "2138", "regex": "false"},
	{"name_s": "/usr/share/locale/lt/LC_MESSAGES/libakonadi.mo", "size_i": "1007", "regex": "false"},
	{"name_s": "/usr/share/locale/lt/LC_MESSAGES/libconversion.mo", "size_i": "485", "regex": "false"},
	{"name_s": "/usr/share/locale/lt/LC_MESSAGES/libkblog.mo", "size_i": "556", "regex": "false"},
	{"name_s": "/usr/share/locale/lt/LC_MESSAGES/libkcal.mo", "size_i": "27689", "regex": "false"},
	{"name_s": "/usr/share/locale/lt/LC_MESSAGES/libkcddb.mo", "size_i": "8697", "regex": "false"},
	{"name_s": "/usr/share/locale/lt/LC_MESSAGES/libkcompactdisc.mo", "size_i": "979", "regex": "false"},
	{"name_s": "/usr/share/locale/lt/LC_MESSAGES/libkdcraw.mo", "size_i": "905", "regex": "false"},
	{"name_s": "/usr/share/locale/lt/LC_MESSAGES/libkdeedu.mo", "size_i": "28067", "regex": "false"},
	{"name_s": "/usr/share/locale/lt/LC_MESSAGES/libkdegames.mo", "size_i": "6660", "regex": "false"},
	{"name_s": "/usr/share/locale/lt/LC_MESSAGES/libkdepim.mo", "size_i": "24053", "regex": "false"},
	{"name_s": "/usr/share/locale/lt/LC_MESSAGES/libkholidays.mo", "size_i": "713", "regex": "false"},
	{"name_s": "/usr/share/locale/lt/LC_MESSAGES/libkimap.mo", "size_i": "464", "regex": "false"},
	{"name_s": "/usr/share/locale/lt/LC_MESSAGES/libkldap.mo", "size_i": "1802", "regex": "false"},
	{"name_s": "/usr/share/locale/lt/LC_MESSAGES/libkleopatra.mo", "size_i": "3231", "regex": "false"},
	{"name_s": "/usr/share/locale/lt/LC_MESSAGES/libkmahjongg.mo", "size_i": "822", "regex": "false"},
	{"name_s": "/usr/share/locale/lt/LC_MESSAGES/libkmime.mo", "size_i": "2736", "regex": "false"},
	{"name_s": "/usr/share/locale/lt/LC_MESSAGES/libkonq.mo", "size_i": "2671", "regex": "false"},
	{"name_s": "/usr/share/locale/lt/LC_MESSAGES/libkpgp.mo", "size_i": "14238", "regex": "false"},
	{"name_s": "/usr/share/locale/lt/LC_MESSAGES/libkpimidentities.mo", "size_i": "3310", "regex": "false"},
	{"name_s": "/usr/share/locale/lt/LC_MESSAGES/libkpimtextedit.mo", "size_i": "464", "regex": "false"},
	{"name_s": "/usr/share/locale/lt/LC_MESSAGES/libkpimutils.mo", "size_i": "4435", "regex": "false"},
	{"name_s": "/usr/share/locale/lt/LC_MESSAGES/libkresources.mo", "size_i": "3227", "regex": "false"},
	{"name_s": "/usr/share/locale/lt/LC_MESSAGES/libksane.mo", "size_i": "3450", "regex": "false"},
	{"name_s": "/usr/share/locale/lt/LC_MESSAGES/libkscreensaver.mo", "size_i": "1008", "regex": "false"},
	{"name_s": "/usr/share/locale/lt/LC_MESSAGES/libksieve.mo", "size_i": "677", "regex": "false"},
	{"name_s": "/usr/share/locale/lt/LC_MESSAGES/libktnef.mo", "size_i": "2185", "regex": "false"},
	{"name_s": "/usr/share/locale/lt/LC_MESSAGES/libkworkspace.mo", "size_i": "967", "regex": "false"},
	{"name_s": "/usr/share/locale/lt/LC_MESSAGES/libkxmlrpcclient.mo", "size_i": "640", "regex": "false"},
	{"name_s": "/usr/share/locale/lt/LC_MESSAGES/libmailtransport.mo", "size_i": "3852", "regex": "false"},
	{"name_s": "/usr/share/locale/lt/LC_MESSAGES/libocsclient.mo", "size_i": "464", "regex": "false"},
	{"name_s": "/usr/share/locale/lt/LC_MESSAGES/liboktetacore.mo", "size_i": "485", "regex": "false"},
	{"name_s": "/usr/share/locale/lt/LC_MESSAGES/libphonon.mo", "size_i": "1669", "regex": "false"},
	{"name_s": "/usr/share/locale/lt/LC_MESSAGES/libplasma.mo", "size_i": "7965", "regex": "false"},
	{"name_s": "/usr/share/locale/lt/LC_MESSAGES/libplasmaclock.mo", "size_i": "4644", "regex": "false"},
	{"name_s": "/usr/share/locale/lt/LC_MESSAGES/libplasmaweather.mo", "size_i": "464", "regex": "false"},
	{"name_s": "/usr/share/locale/lt/LC_MESSAGES/libtaskmanager.mo", "size_i": "1640", "regex": "false"},
	{"name_s": "/usr/share/locale/lt/LC_MESSAGES/lokalize.mo", "size_i": "5397", "regex": "false"},
	{"name_s": "/usr/share/locale/lt/LC_MESSAGES/lskat.mo", "size_i": "944", "regex": "false"},
	{"name_s": "/usr/share/locale/lt/LC_MESSAGES/marble.mo", "size_i": "56559", "regex": "false"},
	{"name_s": "/usr/share/locale/lt/LC_MESSAGES/marble_qt.mo", "size_i": "14764", "regex": "false"},
	{"name_s": "/usr/share/locale/lt/LC_MESSAGES/mplayerthumbs.mo", "size_i": "485", "regex": "false"},
	{"name_s": "/usr/share/locale/lt/LC_MESSAGES/mplayerthumbsconfig.mo", "size_i": "464", "regex": "false"},
	{"name_s": "/usr/share/locale/lt/LC_MESSAGES/nepomuk.mo", "size_i": "7711", "regex": "false"},
	{"name_s": "/usr/share/locale/lt/LC_MESSAGES/nepomuksearch.mo", "size_i": "1014", "regex": "false"},
	{"name_s": "/usr/share/locale/lt/LC_MESSAGES/nsplugin.mo", "size_i": "1811", "regex": "false"},
	{"name_s": "/usr/share/locale/lt/LC_MESSAGES/okteta.mo", "size_i": "704", "regex": "false"},
	{"name_s": "/usr/share/locale/lt/LC_MESSAGES/oktetapart.mo", "size_i": "638", "regex": "false"},
	{"name_s": "/usr/share/locale/lt/LC_MESSAGES/okular.mo", "size_i": "37749", "regex": "false"},
	{"name_s": "/usr/share/locale/lt/LC_MESSAGES/okular_chm.mo", "size_i": "1083", "regex": "false"},
	{"name_s": "/usr/share/locale/lt/LC_MESSAGES/okular_comicbook.mo", "size_i": "537", "regex": "false"},
	{"name_s": "/usr/share/locale/lt/LC_MESSAGES/okular_djvu.mo", "size_i": "1579", "regex": "false"},
	{"name_s": "/usr/share/locale/lt/LC_MESSAGES/okular_dvi.mo", "size_i": "3302", "regex": "false"},
	{"name_s": "/usr/share/locale/lt/LC_MESSAGES/okular_epub.mo", "size_i": "485", "regex": "false"},
	{"name_s": "/usr/share/locale/lt/LC_MESSAGES/okular_fax.mo", "size_i": "1009", "regex": "false"},
	{"name_s": "/usr/share/locale/lt/LC_MESSAGES/okular_fictionbook.mo", "size_i": "1391", "regex": "false"},
	{"name_s": "/usr/share/locale/lt/LC_MESSAGES/okular_ghostview.mo", "size_i": "1138", "regex": "false"},
	{"name_s": "/usr/share/locale/lt/LC_MESSAGES/okular_kimgio.mo", "size_i": "631", "regex": "false"},
	{"name_s": "/usr/share/locale/lt/LC_MESSAGES/okular_mobi.mo", "size_i": "485", "regex": "false"},
	{"name_s": "/usr/share/locale/lt/LC_MESSAGES/okular_ooo.mo", "size_i": "3689", "regex": "false"},
	{"name_s": "/usr/share/locale/lt/LC_MESSAGES/okular_plucker.mo", "size_i": "797", "regex": "false"},
	{"name_s": "/usr/share/locale/lt/LC_MESSAGES/okular_poppler.mo", "size_i": "1823", "regex": "false"},
	{"name_s": "/usr/share/locale/lt/LC_MESSAGES/okular_tiff.mo", "size_i": "1327", "regex": "false"},
	{"name_s": "/usr/share/locale/lt/LC_MESSAGES/okular_xps.mo", "size_i": "1114", "regex": "false"},
	{"name_s": "/usr/share/locale/lt/LC_MESSAGES/parley.mo", "size_i": "70315", "regex": "false"},
	{"name_s": "/usr/share/locale/lt/LC_MESSAGES/phonon-xine.mo", "size_i": "3074", "regex": "false"},
	{"name_s": "/usr/share/locale/lt/LC_MESSAGES/phonon_gstreamer.mo", "size_i": "630", "regex": "false"},
	{"name_s": "/usr/share/locale/lt/LC_MESSAGES/phonon_kde.mo", "size_i": "1200", "regex": "false"},
	{"name_s": "/usr/share/locale/lt/LC_MESSAGES/phononserver.mo", "size_i": "1849", "regex": "false"},
	{"name_s": "/usr/share/locale/lt/LC_MESSAGES/plasma-desktop.mo", "size_i": "4267", "regex": "false"},
	{"name_s": "/usr/share/locale/lt/LC_MESSAGES/plasma-overlay.mo", "size_i": "2229", "regex": "false"},
	{"name_s": "/usr/share/locale/lt/LC_MESSAGES/plasma-shells-common.mo", "size_i": "2496", "regex": "false"},
	{"name_s": "/usr/share/locale/lt/LC_MESSAGES/plasma_applet_BbalL.mo", "size_i": "593", "regex": "false"},
	{"name_s": "/usr/share/locale/lt/LC_MESSAGES/plasma_applet_CharSelectApplet.mo", "size_i": "549", "regex": "false"},
	{"name_s": "/usr/share/locale/lt/LC_MESSAGES/plasma_applet_battery.mo", "size_i": "2255", "regex": "false"},
	{"name_s": "/usr/share/locale/lt/LC_MESSAGES/plasma_applet_binaryclock.mo", "size_i": "598", "regex": "false"},
	{"name_s": "/usr/share/locale/lt/LC_MESSAGES/plasma_applet_bubblemon.mo", "size_i": "464", "regex": "false"},
	{"name_s": "/usr/share/locale/lt/LC_MESSAGES/plasma_applet_calculator.mo", "size_i": "1104", "regex": "false"},
	{"name_s": "/usr/share/locale/lt/LC_MESSAGES/plasma_applet_clock.mo", "size_i": "1099", "regex": "false"},
	{"name_s": "/usr/share/locale/lt/LC_MESSAGES/plasma_applet_comic.mo", "size_i": "485", "regex": "false"},
	{"name_s": "/usr/share/locale/lt/LC_MESSAGES/plasma_applet_desktop.mo", "size_i": "716", "regex": "false"},
	{"name_s": "/usr/share/locale/lt/LC_MESSAGES/plasma_applet_devicenotifier.mo", "size_i": "1422", "regex": "false"},
	{"name_s": "/usr/share/locale/lt/LC_MESSAGES/plasma_applet_dig_clock.mo", "size_i": "2071", "regex": "false"},
	{"name_s": "/usr/share/locale/lt/LC_MESSAGES/plasma_applet_fifteenPuzzle.mo", "size_i": "594", "regex": "false"},
	{"name_s": "/usr/share/locale/lt/LC_MESSAGES/plasma_applet_fileWatcher.mo", "size_i": "803", "regex": "false"},
	{"name_s": "/usr/share/locale/lt/LC_MESSAGES/plasma_applet_folderview.mo", "size_i": "5258", "regex": "false"},
	{"name_s": "/usr/share/locale/lt/LC_MESSAGES/plasma_applet_frame.mo", "size_i": "930", "regex": "false"},
	{"name_s": "/usr/share/locale/lt/LC_MESSAGES/plasma_applet_fuzzy_clock.mo", "size_i": "3636", "regex": "false"},
	{"name_s": "/usr/share/locale/lt/LC_MESSAGES/plasma_applet_icon.mo", "size_i": "931", "regex": "false"},
	{"name_s": "/usr/share/locale/lt/LC_MESSAGES/plasma_applet_incomingmsg.mo", "size_i": "551", "regex": "false"},
	{"name_s": "/usr/share/locale/lt/LC_MESSAGES/plasma_applet_kalzium.mo", "size_i": "1056", "regex": "false"},
	{"name_s": "/usr/share/locale/lt/LC_MESSAGES/plasma_applet_katesession.mo", "size_i": "1320", "regex": "false"},
	{"name_s": "/usr/share/locale/lt/LC_MESSAGES/plasma_applet_kget.mo", "size_i": "731", "regex": "false"},
	{"name_s": "/usr/share/locale/lt/LC_MESSAGES/plasma_applet_kolourpicker.mo", "size_i": "707", "regex": "false"},
	{"name_s": "/usr/share/locale/lt/LC_MESSAGES/plasma_applet_launcher.mo", "size_i": "5641", "regex": "false"},
	{"name_s": "/usr/share/locale/lt/LC_MESSAGES/plasma_applet_leavenote.mo", "size_i": "485", "regex": "false"},
	{"name_s": "/usr/share/locale/lt/LC_MESSAGES/plasma_applet_life.mo", "size_i": "485", "regex": "false"},
	{"name_s": "/usr/share/locale/lt/LC_MESSAGES/plasma_applet_lockout.mo", "size_i": "995", "regex": "false"},
	{"name_s": "/usr/share/locale/lt/LC_MESSAGES/plasma_applet_luna.mo", "size_i": "562", "regex": "false"},
	{"name_s": "/usr/share/locale/lt/LC_MESSAGES/plasma_applet_magnifique.mo", "size_i": "485", "regex": "false"},
	{"name_s": "/usr/share/locale/lt/LC_MESSAGES/plasma_applet_microblog.mo", "size_i": "608", "regex": "false"},
	{"name_s": "/usr/share/locale/lt/LC_MESSAGES/plasma_applet_news.mo", "size_i": "664", "regex": "false"},
	{"name_s": "/usr/share/locale/lt/LC_MESSAGES/plasma_applet_notes.mo", "size_i": "855", "regex": "false"},
	{"name_s": "/usr/share/locale/lt/LC_MESSAGES/plasma_applet_nowplaying.mo", "size_i": "732", "regex": "false"},
	{"name_s": "/usr/share/locale/lt/LC_MESSAGES/plasma_applet_opendesktop.mo", "size_i": "464", "regex": "false"},
	{"name_s": "/usr/share/locale/lt/LC_MESSAGES/plasma_applet_pager.mo", "size_i": "1677", "regex": "false"},
	{"name_s": "/usr/share/locale/lt/LC_MESSAGES/plasma_applet_panel.mo", "size_i": "651", "regex": "false"},
	{"name_s": "/usr/share/locale/lt/LC_MESSAGES/plasma_applet_panelspacer_internal.mo", "size_i": "464", "regex": "false"},
	{"name_s": "/usr/share/locale/lt/LC_MESSAGES/plasma_applet_paste.mo", "size_i": "786", "regex": "false"},
	{"name_s": "/usr/share/locale/lt/LC_MESSAGES/plasma_applet_pastebin.mo", "size_i": "485", "regex": "false"},
	{"name_s": "/usr/share/locale/lt/LC_MESSAGES/plasma_applet_previewer.mo", "size_i": "485", "regex": "false"},
	{"name_s": "/usr/share/locale/lt/LC_MESSAGES/plasma_applet_qstardict.mo", "size_i": "670", "regex": "false"},
	{"name_s": "/usr/share/locale/lt/LC_MESSAGES/plasma_applet_quicklaunch.mo", "size_i": "1052", "regex": "false"},
	{"name_s": "/usr/share/locale/lt/LC_MESSAGES/plasma_applet_rssnow.mo", "size_i": "1191", "regex": "false"},
	{"name_s": "/usr/share/locale/lt/LC_MESSAGES/plasma_applet_rtm.mo", "size_i": "485", "regex": "false"},
	{"name_s": "/usr/share/locale/lt/LC_MESSAGES/plasma_applet_saverdesktop.mo", "size_i": "529", "regex": "false"},
	{"name_s": "/usr/share/locale/lt/LC_MESSAGES/plasma_applet_showdashboard.mo", "size_i": "604", "regex": "false"},
	{"name_s": "/usr/share/locale/lt/LC_MESSAGES/plasma_applet_showdesktop.mo", "size_i": "665", "regex": "false"},
	{"name_s": "/usr/share/locale/lt/LC_MESSAGES/plasma_applet_skapplet.mo", "size_i": "485", "regex": "false"},
	{"name_s": "/usr/share/locale/lt/LC_MESSAGES/plasma_applet_system-monitor.mo", "size_i": "1996", "regex": "false"},
	{"name_s": "/usr/share/locale/lt/LC_MESSAGES/plasma_applet_systemloadviewer.mo", "size_i": "485", "regex": "false"},
	{"name_s": "/usr/share/locale/lt/LC_MESSAGES/plasma_applet_systemtray.mo", "size_i": "3887", "regex": "false"},
	{"name_s": "/usr/share/locale/lt/LC_MESSAGES/plasma_applet_tasks.mo", "size_i": "2092", "regex": "false"},
	{"name_s": "/usr/share/locale/lt/LC_MESSAGES/plasma_applet_timer.mo", "size_i": "485", "regex": "false"},
	{"name_s": "/usr/share/locale/lt/LC_MESSAGES/plasma_applet_trash.mo", "size_i": "1215", "regex": "false"},
	{"name_s": "/usr/share/locale/lt/LC_MESSAGES/plasma_applet_unitconverter.mo", "size_i": "485", "regex": "false"},
	{"name_s": "/usr/share/locale/lt/LC_MESSAGES/plasma_applet_weather.mo", "size_i": "485", "regex": "false"},
	{"name_s": "/usr/share/locale/lt/LC_MESSAGES/plasma_applet_weatherstation.mo", "size_i": "485", "regex": "false"},
	{"name_s": "/usr/share/locale/lt/LC_MESSAGES/plasma_applet_webbrowser.mo", "size_i": "915", "regex": "false"},
	{"name_s": "/usr/share/locale/lt/LC_MESSAGES/plasma_appletscriptengine_dashboard.mo", "size_i": "747", "regex": "false"},
	{"name_s": "/usr/share/locale/lt/LC_MESSAGES/plasma_appletscriptengine_googlegadget.mo", "size_i": "464", "regex": "false"},
	{"name_s": "/usr/share/locale/lt/LC_MESSAGES/plasma_appletscriptengine_qedjescripts.mo", "size_i": "528", "regex": "false"},
	{"name_s": "/usr/share/locale/lt/LC_MESSAGES/plasma_engine_kalzium.mo", "size_i": "763", "regex": "false"},
	{"name_s": "/usr/share/locale/lt/LC_MESSAGES/plasma_engine_kuiserver.mo", "size_i": "485", "regex": "false"},
	{"name_s": "/usr/share/locale/lt/LC_MESSAGES/plasma_engine_metadata.mo", "size_i": "464", "regex": "false"},
	{"name_s": "/usr/share/locale/lt/LC_MESSAGES/plasma_engine_network.mo", "size_i": "952", "regex": "false"},
	{"name_s": "/usr/share/locale/lt/LC_MESSAGES/plasma_engine_notifications.mo", "size_i": "542", "regex": "false"},
	{"name_s": "/usr/share/locale/lt/LC_MESSAGES/plasma_engine_nowplaying.mo", "size_i": "464", "regex": "false"},
	{"name_s": "/usr/share/locale/lt/LC_MESSAGES/plasma_engine_ocs.mo", "size_i": "485", "regex": "false"},
	{"name_s": "/usr/share/locale/lt/LC_MESSAGES/plasma_engine_rss.mo", "size_i": "485", "regex": "false"},
	{"name_s": "/usr/share/locale/lt/LC_MESSAGES/plasma_engine_weather.mo", "size_i": "464", "regex": "false"},
	{"name_s": "/usr/share/locale/lt/LC_MESSAGES/plasma_packagestructure_comic.mo", "size_i": "464", "regex": "false"},
	{"name_s": "/usr/share/locale/lt/LC_MESSAGES/plasma_runner_bookmarksrunner.mo", "size_i": "464", "regex": "false"},
	{"name_s": "/usr/share/locale/lt/LC_MESSAGES/plasma_runner_browserhistory.mo", "size_i": "464", "regex": "false"},
	{"name_s": "/usr/share/locale/lt/LC_MESSAGES/plasma_runner_calculatorrunner.mo", "size_i": "464", "regex": "false"},
	{"name_s": "/usr/share/locale/lt/LC_MESSAGES/plasma_runner_contacts.mo", "size_i": "485", "regex": "false"},
	{"name_s": "/usr/share/locale/lt/LC_MESSAGES/plasma_runner_converterrunner.mo", "size_i": "485", "regex": "false"},
	{"name_s": "/usr/share/locale/lt/LC_MESSAGES/plasma_runner_katesessions.mo", "size_i": "548", "regex": "false"},
	{"name_s": "/usr/share/locale/lt/LC_MESSAGES/plasma_runner_konquerorsessions.mo", "size_i": "464", "regex": "false"},
	{"name_s": "/usr/share/locale/lt/LC_MESSAGES/plasma_runner_konsolesessions.mo", "size_i": "464", "regex": "false"},
	{"name_s": "/usr/share/locale/lt/LC_MESSAGES/plasma_runner_locations.mo", "size_i": "683", "regex": "false"},
	{"name_s": "/usr/share/locale/lt/LC_MESSAGES/plasma_runner_nepomuksearchrunner.mo", "size_i": "618", "regex": "false"},
	{"name_s": "/usr/share/locale/lt/LC_MESSAGES/plasma_runner_placesrunner.mo", "size_i": "464", "regex": "false"},
	{"name_s": "/usr/share/locale/lt/LC_MESSAGES/plasma_runner_powerdevil.mo", "size_i": "1134", "regex": "false"},
	{"name_s": "/usr/share/locale/lt/LC_MESSAGES/plasma_runner_recentdocuments.mo", "size_i": "554", "regex": "false"},
	{"name_s": "/usr/share/locale/lt/LC_MESSAGES/plasma_runner_services.mo", "size_i": "464", "regex": "false"},
	{"name_s": "/usr/share/locale/lt/LC_MESSAGES/plasma_runner_sessions.mo", "size_i": "2369", "regex": "false"},
	{"name_s": "/usr/share/locale/lt/LC_MESSAGES/plasma_runner_shell.mo", "size_i": "1974", "regex": "false"},
	{"name_s": "/usr/share/locale/lt/LC_MESSAGES/plasma_runner_spellcheckrunner.mo", "size_i": "485", "regex": "false"},
	{"name_s": "/usr/share/locale/lt/LC_MESSAGES/plasma_runner_webshortcuts.mo", "size_i": "612", "regex": "false"},
	{"name_s": "/usr/share/locale/lt/LC_MESSAGES/plasma_scriptengine_qscript.mo", "size_i": "485", "regex": "false"},
	{"name_s": "/usr/share/locale/lt/LC_MESSAGES/plasma_wallpaper_color.mo", "size_i": "555", "regex": "false"},
	{"name_s": "/usr/share/locale/lt/LC_MESSAGES/plasma_wallpaper_image.mo", "size_i": "2125", "regex": "false"},
	{"name_s": "/usr/share/locale/lt/LC_MESSAGES/plasma_wallpaper_mandelbrot.mo", "size_i": "670", "regex": "false"},
	{"name_s": "/usr/share/locale/lt/LC_MESSAGES/plasma_wallpaper_marble.mo", "size_i": "1232", "regex": "false"},
	{"name_s": "/usr/share/locale/lt/LC_MESSAGES/plasma_wallpaper_pattern.mo", "size_i": "485", "regex": "false"},
	{"name_s": "/usr/share/locale/lt/LC_MESSAGES/plasma_wallpaper_virus.mo", "size_i": "1039", "regex": "false"},
	{"name_s": "/usr/share/locale/lt/LC_MESSAGES/plasma_wallpaper_weather.mo", "size_i": "1069", "regex": "false"},
	{"name_s": "/usr/share/locale/lt/LC_MESSAGES/plasmaengineexplorer.mo", "size_i": "2783", "regex": "false"},
	{"name_s": "/usr/share/locale/lt/LC_MESSAGES/plasmapkg.mo", "size_i": "2414", "regex": "false"},
	{"name_s": "/usr/share/locale/lt/LC_MESSAGES/plasmawallpaperviewer.mo", "size_i": "464", "regex": "false"},
	{"name_s": "/usr/share/locale/lt/LC_MESSAGES/plasmoidviewer.mo", "size_i": "1406", "regex": "false"},
	{"name_s": "/usr/share/locale/lt/LC_MESSAGES/policykit-kde.mo", "size_i": "2577", "regex": "false"},
	{"name_s": "/usr/share/locale/lt/LC_MESSAGES/polkit-kde-authorization.mo", "size_i": "1899", "regex": "false"},
	{"name_s": "/usr/share/locale/lt/LC_MESSAGES/powerdevil.mo", "size_i": "21985", "regex": "false"},
	{"name_s": "/usr/share/locale/lt/LC_MESSAGES/printer-applet.mo", "size_i": "821", "regex": "false"},
	{"name_s": "/usr/share/locale/lt/LC_MESSAGES/processcore.mo", "size_i": "1706", "regex": "false"},
	{"name_s": "/usr/share/locale/lt/LC_MESSAGES/processui.mo", "size_i": "12964", "regex": "false"},
	{"name_s": "/usr/share/locale/lt/LC_MESSAGES/solid-bluetooth.mo", "size_i": "2240", "regex": "false"},
	{"name_s": "/usr/share/locale/lt/LC_MESSAGES/solid-hardware.mo", "size_i": "4382", "regex": "false"},
	{"name_s": "/usr/share/locale/lt/LC_MESSAGES/solid-network.mo", "size_i": "5525", "regex": "false"},
	{"name_s": "/usr/share/locale/lt/LC_MESSAGES/solid-powermanagement.mo", "size_i": "3228", "regex": "false"},
	{"name_s": "/usr/share/locale/lt/LC_MESSAGES/solidcontrol.mo", "size_i": "832", "regex": "false"},
	{"name_s": "/usr/share/locale/lt/LC_MESSAGES/soliduiserver.mo", "size_i": "1020", "regex": "false"},
	{"name_s": "/usr/share/locale/lt/LC_MESSAGES/spy.mo", "size_i": "676", "regex": "false"},
	{"name_s": "/usr/share/locale/lt/LC_MESSAGES/step.mo", "size_i": "16194", "regex": "false"},
	{"name_s": "/usr/share/locale/lt/LC_MESSAGES/step_qt.mo", "size_i": "32596", "regex": "false"},
	{"name_s": "/usr/share/locale/lt/LC_MESSAGES/strigila_diff.mo", "size_i": "932", "regex": "false"},
	{"name_s": "/usr/share/locale/lt/LC_MESSAGES/superkaramba.mo", "size_i": "4046", "regex": "false"},
	{"name_s": "/usr/share/locale/lt/LC_MESSAGES/svgpart.mo", "size_i": "1033", "regex": "false"},
	{"name_s": "/usr/share/locale/lt/LC_MESSAGES/sweeper.mo", "size_i": "3073", "regex": "false"},
	{"name_s": "/usr/share/locale/lt/LC_MESSAGES/system-config-printer-kde.mo", "size_i": "15564", "regex": "false"},
	{"name_s": "/usr/share/locale/lt/LC_MESSAGES/systemsettings.mo", "size_i": "2223", "regex": "false"},
	{"name_s": "/usr/share/locale/lt/LC_MESSAGES/timezones4.mo", "size_i": "26355", "regex": "false"},
	{"name_s": "/usr/share/locale/lt/LC_MESSAGES/umbrello.mo", "size_i": "6385", "regex": "false"},
	{"name_s": "/usr/share/locale/lt/LC_MESSAGES/useraccount.mo", "size_i": "4706", "regex": "false"},
	{"name_s": "/usr/share/locale/lt/LC_MESSAGES/xml_mimetypes.mo", "size_i": "2385", "regex": "false"},
	{"name_s": "/usr/share/locale/lt/entry.desktop", "size_i": "2271", "regex": "false"}
]
