[
	{"name_s": "/usr/share/kde4/apps/khangman/fi.txt", "size_i": "5", "regex": "false"},
	{"name_s": "/usr/share/kde4/apps/ktuberling/sounds/fi", "size_i": "4096", "regex": "false"},
	{"name_s": "/usr/share/kde4/apps/ktuberling/sounds/fi.soundtheme", "size_i": "786", "regex": "false"},
	{"name_s": "/usr/share/kde4/apps/ktuberling/sounds/fi/aurinkolasit.wav", "size_i": "15506", "regex": "false"},
	{"name_s": "/usr/share/kde4/apps/ktuberling/sounds/fi/hattu.wav", "size_i": "14414", "regex": "false"},
	{"name_s": "/usr/share/kde4/apps/ktuberling/sounds/fi/kello.wav", "size_i": "13774", "regex": "false"},
	{"name_s": "/usr/share/kde4/apps/ktuberling/sounds/fi/korva.wav", "size_i": "13134", "regex": "false"},
	{"name_s": "/usr/share/kde4/apps/ktuberling/sounds/fi/korvakoru.wav", "size_i": "15692", "regex": "false"},
	{"name_s": "/usr/share/kde4/apps/ktuberling/sounds/fi/kulmakarva.wav", "size_i": "24508", "regex": "false"},
	{"name_s": "/usr/share/kde4/apps/ktuberling/sounds/fi/merkki.wav", "size_i": "11758", "regex": "false"},
	{"name_s": "/usr/share/kde4/apps/ktuberling/sounds/fi/nena.wav", "size_i": "13774", "regex": "false"},
	{"name_s": "/usr/share/kde4/apps/ktuberling/sounds/fi/perunamies.wav", "size_i": "22668", "regex": "false"},
	{"name_s": "/usr/share/kde4/apps/ktuberling/sounds/fi/rusetti.wav", "size_i": "19494", "regex": "false"},
	{"name_s": "/usr/share/kde4/apps/ktuberling/sounds/fi/sikari.wav", "size_i": "9934", "regex": "false"},
	{"name_s": "/usr/share/kde4/apps/ktuberling/sounds/fi/silma.wav", "size_i": "16322", "regex": "false"},
	{"name_s": "/usr/share/kde4/apps/ktuberling/sounds/fi/silmalasit.wav", "size_i": "14414", "regex": "false"},
	{"name_s": "/usr/share/kde4/apps/ktuberling/sounds/fi/suu.wav", "size_i": "9934", "regex": "false"},
	{"name_s": "/usr/share/kde4/apps/ktuberling/sounds/fi/viikset.wav", "size_i": "15054", "regex": "false"},
	{"name_s": "/usr/share/kde4/apps/kvtml/fi", "size_i": "4096", "regex": "false"},
	{"name_s": "/usr/share/kde4/apps/kvtml/fi/animals.kvtml", "size_i": "26283", "regex": "false"},
	{"name_s": "/usr/share/kde4/apps/kvtml/fi/easy.kvtml", "size_i": "27536", "regex": "false"},
	{"name_s": "/usr/share/kde4/apps/kvtml/fi/hard.kvtml", "size_i": "22318", "regex": "false"},
	{"name_s": "/usr/share/kde4/apps/kvtml/fi/medium.kvtml", "size_i": "22503", "regex": "false"},
	{"name_s": "/usr/share/locale/fi/LC_MESSAGES/akregator.mo", "size_i": "31233", "regex": "false"},
	{"name_s": "/usr/share/locale/fi/LC_MESSAGES/amor.mo", "size_i": "4072", "regex": "false"},
	{"name_s": "/usr/share/locale/fi/LC_MESSAGES/ark.mo", "size_i": "14928", "regex": "false"},
	{"name_s": "/usr/share/locale/fi/LC_MESSAGES/audiocd_encoder_lame.mo", "size_i": "5384", "regex": "false"},
	{"name_s": "/usr/share/locale/fi/LC_MESSAGES/audiocd_encoder_vorbis.mo", "size_i": "3011", "regex": "false"},
	{"name_s": "/usr/share/locale/fi/LC_MESSAGES/audiorename_plugin.mo", "size_i": "1702", "regex": "false"},
	{"name_s": "/usr/share/locale/fi/LC_MESSAGES/blinken.mo", "size_i": "3607", "regex": "false"},
	{"name_s": "/usr/share/locale/fi/LC_MESSAGES/bovo.mo", "size_i": "1702", "regex": "false"},
	{"name_s": "/usr/share/locale/fi/LC_MESSAGES/cervisia.mo", "size_i": "3406", "regex": "false"},
	{"name_s": "/usr/share/locale/fi/LC_MESSAGES/cvsservice.mo", "size_i": "1364", "regex": "false"},
	{"name_s": "/usr/share/locale/fi/LC_MESSAGES/display.mo", "size_i": "806", "regex": "false"},
	{"name_s": "/usr/share/locale/fi/LC_MESSAGES/dolphin.mo", "size_i": "29428", "regex": "false"},
	{"name_s": "/usr/share/locale/fi/LC_MESSAGES/drkonqi.mo", "size_i": "25709", "regex": "false"},
	{"name_s": "/usr/share/locale/fi/LC_MESSAGES/filetypes.mo", "size_i": "15311", "regex": "false"},
	{"name_s": "/usr/share/locale/fi/LC_MESSAGES/gwenview.mo", "size_i": "17579", "regex": "false"},
	{"name_s": "/usr/share/locale/fi/LC_MESSAGES/htmlsearch.mo", "size_i": "5526", "regex": "false"},
	{"name_s": "/usr/share/locale/fi/LC_MESSAGES/imagerename_plugin.mo", "size_i": "1013", "regex": "false"},
	{"name_s": "/usr/share/locale/fi/LC_MESSAGES/irkick.mo", "size_i": "2247", "regex": "false"},
	{"name_s": "/usr/share/locale/fi/LC_MESSAGES/joystick.mo", "size_i": "8109", "regex": "false"},
	{"name_s": "/usr/share/locale/fi/LC_MESSAGES/juk.mo", "size_i": "22785", "regex": "false"},
	{"name_s": "/usr/share/locale/fi/LC_MESSAGES/kabc.mo", "size_i": "8840", "regex": "false"},
	{"name_s": "/usr/share/locale/fi/LC_MESSAGES/kabc_dir.mo", "size_i": "899", "regex": "false"},
	{"name_s": "/usr/share/locale/fi/LC_MESSAGES/kabc_file.mo", "size_i": "776", "regex": "false"},
	{"name_s": "/usr/share/locale/fi/LC_MESSAGES/kabc_ldapkio.mo", "size_i": "2924", "regex": "false"},
	{"name_s": "/usr/share/locale/fi/LC_MESSAGES/kabc_net.mo", "size_i": "1085", "regex": "false"},
	{"name_s": "/usr/share/locale/fi/LC_MESSAGES/kabc_slox.mo", "size_i": "2312", "regex": "false"},
	{"name_s": "/usr/share/locale/fi/LC_MESSAGES/kabcformat_binary.mo", "size_i": "664", "regex": "false"},
	{"name_s": "/usr/share/locale/fi/LC_MESSAGES/kaccess.mo", "size_i": "10103", "regex": "false"},
	{"name_s": "/usr/share/locale/fi/LC_MESSAGES/kaddressbook.mo", "size_i": "60600", "regex": "false"},
	{"name_s": "/usr/share/locale/fi/LC_MESSAGES/kalarm.mo", "size_i": "94249", "regex": "false"},
	{"name_s": "/usr/share/locale/fi/LC_MESSAGES/kalzium.mo", "size_i": "31472", "regex": "false"},
	{"name_s": "/usr/share/locale/fi/LC_MESSAGES/kalzium_qt.mo", "size_i": "4433", "regex": "false"},
	{"name_s": "/usr/share/locale/fi/LC_MESSAGES/kanagram.mo", "size_i": "6515", "regex": "false"},
	{"name_s": "/usr/share/locale/fi/LC_MESSAGES/kappfinder.mo", "size_i": "2154", "regex": "false"},
	{"name_s": "/usr/share/locale/fi/LC_MESSAGES/kate.mo", "size_i": "27541", "regex": "false"},
	{"name_s": "/usr/share/locale/fi/LC_MESSAGES/kateexternaltoolsplugin.mo", "size_i": "505", "regex": "false"},
	{"name_s": "/usr/share/locale/fi/LC_MESSAGES/katefilebrowserplugin.mo", "size_i": "5258", "regex": "false"},
	{"name_s": "/usr/share/locale/fi/LC_MESSAGES/katefiletemplates.mo", "size_i": "7683", "regex": "false"},
	{"name_s": "/usr/share/locale/fi/LC_MESSAGES/katefindinfilesplugin.mo", "size_i": "5542", "regex": "false"},
	{"name_s": "/usr/share/locale/fi/LC_MESSAGES/katehelloworld.mo", "size_i": "553", "regex": "false"},
	{"name_s": "/usr/share/locale/fi/LC_MESSAGES/katehtmltools.mo", "size_i": "746", "regex": "false"},
	{"name_s": "/usr/share/locale/fi/LC_MESSAGES/kateinsertcommand.mo", "size_i": "3266", "regex": "false"},
	{"name_s": "/usr/share/locale/fi/LC_MESSAGES/katekjswrapper.mo", "size_i": "1264", "regex": "false"},
	{"name_s": "/usr/share/locale/fi/LC_MESSAGES/katekonsoleplugin.mo", "size_i": "1855", "regex": "false"},
	{"name_s": "/usr/share/locale/fi/LC_MESSAGES/katemailfilesplugin.mo", "size_i": "2568", "regex": "false"},
	{"name_s": "/usr/share/locale/fi/LC_MESSAGES/kateopenheader.mo", "size_i": "544", "regex": "false"},
	{"name_s": "/usr/share/locale/fi/LC_MESSAGES/katepart4.mo", "size_i": "88213", "regex": "false"},
	{"name_s": "/usr/share/locale/fi/LC_MESSAGES/katepybrowse.mo", "size_i": "882", "regex": "false"},
	{"name_s": "/usr/share/locale/fi/LC_MESSAGES/katequickdocumentswitcherplugin.mo", "size_i": "658", "regex": "false"},
	{"name_s": "/usr/share/locale/fi/LC_MESSAGES/katesnippets.mo", "size_i": "699", "regex": "false"},
	{"name_s": "/usr/share/locale/fi/LC_MESSAGES/katesymbolviewer.mo", "size_i": "1278", "regex": "false"},
	{"name_s": "/usr/share/locale/fi/LC_MESSAGES/katetabbarextension.mo", "size_i": "3222", "regex": "false"},
	{"name_s": "/usr/share/locale/fi/LC_MESSAGES/katetextfilter.mo", "size_i": "1550", "regex": "false"},
	{"name_s": "/usr/share/locale/fi/LC_MESSAGES/katexmlcheck.mo", "size_i": "1133", "regex": "false"},
	{"name_s": "/usr/share/locale/fi/LC_MESSAGES/katexmltools.mo", "size_i": "2239", "regex": "false"},
	{"name_s": "/usr/share/locale/fi/LC_MESSAGES/katomic.mo", "size_i": "7475", "regex": "false"},
	{"name_s": "/usr/share/locale/fi/LC_MESSAGES/kbattleship.mo", "size_i": "5635", "regex": "false"},
	{"name_s": "/usr/share/locale/fi/LC_MESSAGES/kblackbox.mo", "size_i": "990", "regex": "false"},
	{"name_s": "/usr/share/locale/fi/LC_MESSAGES/kblankscrn.mo", "size_i": "828", "regex": "false"},
	{"name_s": "/usr/share/locale/fi/LC_MESSAGES/kbounce.mo", "size_i": "2833", "regex": "false"},
	{"name_s": "/usr/share/locale/fi/LC_MESSAGES/kbruch.mo", "size_i": "5629", "regex": "false"},
	{"name_s": "/usr/share/locale/fi/LC_MESSAGES/kbugbuster.mo", "size_i": "13377", "regex": "false"},
	{"name_s": "/usr/share/locale/fi/LC_MESSAGES/kcachegrind.mo", "size_i": "3345", "regex": "false"},
	{"name_s": "/usr/share/locale/fi/LC_MESSAGES/kcalc.mo", "size_i": "10064", "regex": "false"},
	{"name_s": "/usr/share/locale/fi/LC_MESSAGES/kcertpart.mo", "size_i": "654", "regex": "false"},
	{"name_s": "/usr/share/locale/fi/LC_MESSAGES/kcharselect.mo", "size_i": "1516", "regex": "false"},
	{"name_s": "/usr/share/locale/fi/LC_MESSAGES/kcm_autostart.mo", "size_i": "2437", "regex": "false"},
	{"name_s": "/usr/share/locale/fi/LC_MESSAGES/kcm_desktopthemedetails.mo", "size_i": "1673", "regex": "false"},
	{"name_s": "/usr/share/locale/fi/LC_MESSAGES/kcm_emoticons.mo", "size_i": "4165", "regex": "false"},
	{"name_s": "/usr/share/locale/fi/LC_MESSAGES/kcm_krfb.mo", "size_i": "5400", "regex": "false"},
	{"name_s": "/usr/share/locale/fi/LC_MESSAGES/kcm_kwindesktop.mo", "size_i": "1425", "regex": "false"},
	{"name_s": "/usr/share/locale/fi/LC_MESSAGES/kcm_lirc.mo", "size_i": "9259", "regex": "false"},
	{"name_s": "/usr/share/locale/fi/LC_MESSAGES/kcm_memory.mo", "size_i": "4108", "regex": "false"},
	{"name_s": "/usr/share/locale/fi/LC_MESSAGES/kcm_partition.mo", "size_i": "2177", "regex": "false"},
	{"name_s": "/usr/share/locale/fi/LC_MESSAGES/kcm_phonon.mo", "size_i": "3586", "regex": "false"},
	{"name_s": "/usr/share/locale/fi/LC_MESSAGES/kcm_solid.mo", "size_i": "1002", "regex": "false"},
	{"name_s": "/usr/share/locale/fi/LC_MESSAGES/kcmaccess.mo", "size_i": "9643", "regex": "false"},
	{"name_s": "/usr/share/locale/fi/LC_MESSAGES/kcmaudiocd.mo", "size_i": "4733", "regex": "false"},
	{"name_s": "/usr/share/locale/fi/LC_MESSAGES/kcmbackground.mo", "size_i": "18408", "regex": "false"},
	{"name_s": "/usr/share/locale/fi/LC_MESSAGES/kcmbell.mo", "size_i": "3808", "regex": "false"},
	{"name_s": "/usr/share/locale/fi/LC_MESSAGES/kcmcddb.mo", "size_i": "2617", "regex": "false"},
	{"name_s": "/usr/share/locale/fi/LC_MESSAGES/kcmcgi.mo", "size_i": "1432", "regex": "false"},
	{"name_s": "/usr/share/locale/fi/LC_MESSAGES/kcmcolors.mo", "size_i": "7622", "regex": "false"},
	{"name_s": "/usr/share/locale/fi/LC_MESSAGES/kcmcomponentchooser.mo", "size_i": "10039", "regex": "false"},
	{"name_s": "/usr/share/locale/fi/LC_MESSAGES/kcmcrypto.mo", "size_i": "17521", "regex": "false"},
	{"name_s": "/usr/share/locale/fi/LC_MESSAGES/kcmenergy.mo", "size_i": "3494", "regex": "false"},
	{"name_s": "/usr/share/locale/fi/LC_MESSAGES/kcmfonts.mo", "size_i": "6282", "regex": "false"},
	{"name_s": "/usr/share/locale/fi/LC_MESSAGES/kcmhtmlsearch.mo", "size_i": "3891", "regex": "false"},
	{"name_s": "/usr/share/locale/fi/LC_MESSAGES/kcmicons.mo", "size_i": "6865", "regex": "false"},
	{"name_s": "/usr/share/locale/fi/LC_MESSAGES/kcminfo.mo", "size_i": "1900", "regex": "false"},
	{"name_s": "/usr/share/locale/fi/LC_MESSAGES/kcminit.mo", "size_i": "1026", "regex": "false"},
	{"name_s": "/usr/share/locale/fi/LC_MESSAGES/kcminput.mo", "size_i": "14840", "regex": "false"},
	{"name_s": "/usr/share/locale/fi/LC_MESSAGES/kcmioslaveinfo.mo", "size_i": "1492", "regex": "false"},
	{"name_s": "/usr/share/locale/fi/LC_MESSAGES/kcmkabconfig.mo", "size_i": "3622", "regex": "false"},
	{"name_s": "/usr/share/locale/fi/LC_MESSAGES/kcmkamera.mo", "size_i": "3017", "regex": "false"},
	{"name_s": "/usr/share/locale/fi/LC_MESSAGES/kcmkclock.mo", "size_i": "3590", "regex": "false"},
	{"name_s": "/usr/share/locale/fi/LC_MESSAGES/kcmkded.mo", "size_i": "3817", "regex": "false"},
	{"name_s": "/usr/share/locale/fi/LC_MESSAGES/kcmkdnssd.mo", "size_i": "1229", "regex": "false"},
	{"name_s": "/usr/share/locale/fi/LC_MESSAGES/kcmkeyboard.mo", "size_i": "3478", "regex": "false"},
	{"name_s": "/usr/share/locale/fi/LC_MESSAGES/kcmkeys.mo", "size_i": "1497", "regex": "false"},
	{"name_s": "/usr/share/locale/fi/LC_MESSAGES/kcmkgamma.mo", "size_i": "2465", "regex": "false"},
	{"name_s": "/usr/share/locale/fi/LC_MESSAGES/kcmkio.mo", "size_i": "54567", "regex": "false"},
	{"name_s": "/usr/share/locale/fi/LC_MESSAGES/kcmkonq.mo", "size_i": "5268", "regex": "false"},
	{"name_s": "/usr/share/locale/fi/LC_MESSAGES/kcmkonqhtml.mo", "size_i": "53020", "regex": "false"},
	{"name_s": "/usr/share/locale/fi/LC_MESSAGES/kcmkurifilt.mo", "size_i": "1827", "regex": "false"},
	{"name_s": "/usr/share/locale/fi/LC_MESSAGES/kcmkwallet.mo", "size_i": "3333", "regex": "false"},
	{"name_s": "/usr/share/locale/fi/LC_MESSAGES/kcmkwincompositing.mo", "size_i": "3809", "regex": "false"},
	{"name_s": "/usr/share/locale/fi/LC_MESSAGES/kcmkwindecoration.mo", "size_i": "5370", "regex": "false"},
	{"name_s": "/usr/share/locale/fi/LC_MESSAGES/kcmkwinrules.mo", "size_i": "14844", "regex": "false"},
	{"name_s": "/usr/share/locale/fi/LC_MESSAGES/kcmkwm.mo", "size_i": "26916", "regex": "false"},
	{"name_s": "/usr/share/locale/fi/LC_MESSAGES/kcmlaunch.mo", "size_i": "2931", "regex": "false"},
	{"name_s": "/usr/share/locale/fi/LC_MESSAGES/kcmlocale.mo", "size_i": "17755", "regex": "false"},
	{"name_s": "/usr/share/locale/fi/LC_MESSAGES/kcmnic.mo", "size_i": "2005", "regex": "false"},
	{"name_s": "/usr/share/locale/fi/LC_MESSAGES/kcmnotify.mo", "size_i": "2485", "regex": "false"},
	{"name_s": "/usr/share/locale/fi/LC_MESSAGES/kcmopengl.mo", "size_i": "2594", "regex": "false"},
	{"name_s": "/usr/share/locale/fi/LC_MESSAGES/kcmperformance.mo", "size_i": "8017", "regex": "false"},
	{"name_s": "/usr/share/locale/fi/LC_MESSAGES/kcmsamba.mo", "size_i": "8395", "regex": "false"},
	{"name_s": "/usr/share/locale/fi/LC_MESSAGES/kcmscreensaver.mo", "size_i": "7142", "regex": "false"},
	{"name_s": "/usr/share/locale/fi/LC_MESSAGES/kcmshell.mo", "size_i": "1699", "regex": "false"},
	{"name_s": "/usr/share/locale/fi/LC_MESSAGES/kcmsmartcard.mo", "size_i": "4247", "regex": "false"},
	{"name_s": "/usr/share/locale/fi/LC_MESSAGES/kcmsmserver.mo", "size_i": "3863", "regex": "false"},
	{"name_s": "/usr/share/locale/fi/LC_MESSAGES/kcmsolidproc.mo", "size_i": "1042", "regex": "false"},
	{"name_s": "/usr/share/locale/fi/LC_MESSAGES/kcmstyle.mo", "size_i": "5055", "regex": "false"},
	{"name_s": "/usr/share/locale/fi/LC_MESSAGES/kcmusb.mo", "size_i": "5930", "regex": "false"},
	{"name_s": "/usr/share/locale/fi/LC_MESSAGES/kcmview1394.mo", "size_i": "2738", "regex": "false"},
	{"name_s": "/usr/share/locale/fi/LC_MESSAGES/kcmxinerama.mo", "size_i": "2762", "regex": "false"},
	{"name_s": "/usr/share/locale/fi/LC_MESSAGES/kcolorchooser.mo", "size_i": "921", "regex": "false"},
	{"name_s": "/usr/share/locale/fi/LC_MESSAGES/kcron.mo", "size_i": "11667", "regex": "false"},
	{"name_s": "/usr/share/locale/fi/LC_MESSAGES/kdat.mo", "size_i": "21885", "regex": "false"},
	{"name_s": "/usr/share/locale/fi/LC_MESSAGES/kde-menu.mo", "size_i": "2538", "regex": "false"},
	{"name_s": "/usr/share/locale/fi/LC_MESSAGES/kdebugdialog.mo", "size_i": "2023", "regex": "false"},
	{"name_s": "/usr/share/locale/fi/LC_MESSAGES/kdelibs4.mo", "size_i": "195579", "regex": "false"},
	{"name_s": "/usr/share/locale/fi/LC_MESSAGES/kdelibs_colors4.mo", "size_i": "24526", "regex": "false"},
	{"name_s": "/usr/share/locale/fi/LC_MESSAGES/kdelirc.mo", "size_i": "1141", "regex": "false"},
	{"name_s": "/usr/share/locale/fi/LC_MESSAGES/kdepasswd.mo", "size_i": "2984", "regex": "false"},
	{"name_s": "/usr/share/locale/fi/LC_MESSAGES/kdepimresources.mo", "size_i": "3120", "regex": "false"},
	{"name_s": "/usr/share/locale/fi/LC_MESSAGES/kdepimwizards.mo", "size_i": "8468", "regex": "false"},
	{"name_s": "/usr/share/locale/fi/LC_MESSAGES/kdeqt.mo", "size_i": "10162", "regex": "false"},
	{"name_s": "/usr/share/locale/fi/LC_MESSAGES/kdessh.mo", "size_i": "2435", "regex": "false"},
	{"name_s": "/usr/share/locale/fi/LC_MESSAGES/kdesu.mo", "size_i": "4457", "regex": "false"},
	{"name_s": "/usr/share/locale/fi/LC_MESSAGES/kdesud.mo", "size_i": "888", "regex": "false"},
	{"name_s": "/usr/share/locale/fi/LC_MESSAGES/kdf.mo", "size_i": "5025", "regex": "false"},
	{"name_s": "/usr/share/locale/fi/LC_MESSAGES/kdgantt1.mo", "size_i": "1809", "regex": "false"},
	{"name_s": "/usr/share/locale/fi/LC_MESSAGES/kdialog.mo", "size_i": "4485", "regex": "false"},
	{"name_s": "/usr/share/locale/fi/LC_MESSAGES/kdiamond.mo", "size_i": "3479", "regex": "false"},
	{"name_s": "/usr/share/locale/fi/LC_MESSAGES/kdmconfig.mo", "size_i": "25525", "regex": "false"},
	{"name_s": "/usr/share/locale/fi/LC_MESSAGES/kdmgreet.mo", "size_i": "10437", "regex": "false"},
	{"name_s": "/usr/share/locale/fi/LC_MESSAGES/keditbookmarks.mo", "size_i": "9408", "regex": "false"},
	{"name_s": "/usr/share/locale/fi/LC_MESSAGES/kfile.mo", "size_i": "2579", "regex": "false"},
	{"name_s": "/usr/share/locale/fi/LC_MESSAGES/kfile_avi.mo", "size_i": "866", "regex": "false"},
	{"name_s": "/usr/share/locale/fi/LC_MESSAGES/kfile_dds.mo", "size_i": "1026", "regex": "false"},
	{"name_s": "/usr/share/locale/fi/LC_MESSAGES/kfile_drgeo.mo", "size_i": "823", "regex": "false"},
	{"name_s": "/usr/share/locale/fi/LC_MESSAGES/kfile_dvi.mo", "size_i": "640", "regex": "false"},
	{"name_s": "/usr/share/locale/fi/LC_MESSAGES/kfile_exr.mo", "size_i": "2952", "regex": "false"},
	{"name_s": "/usr/share/locale/fi/LC_MESSAGES/kfile_flac.mo", "size_i": "1349", "regex": "false"},
	{"name_s": "/usr/share/locale/fi/LC_MESSAGES/kfile_kig.mo", "size_i": "1008", "regex": "false"},
	{"name_s": "/usr/share/locale/fi/LC_MESSAGES/kfile_mp3.mo", "size_i": "1324", "regex": "false"},
	{"name_s": "/usr/share/locale/fi/LC_MESSAGES/kfile_mpc.mo", "size_i": "1291", "regex": "false"},
	{"name_s": "/usr/share/locale/fi/LC_MESSAGES/kfile_ogg.mo", "size_i": "1513", "regex": "false"},
	{"name_s": "/usr/share/locale/fi/LC_MESSAGES/kfile_pnm.mo", "size_i": "708", "regex": "false"},
	{"name_s": "/usr/share/locale/fi/LC_MESSAGES/kfile_raw.mo", "size_i": "640", "regex": "false"},
	{"name_s": "/usr/share/locale/fi/LC_MESSAGES/kfile_rgb.mo", "size_i": "1200", "regex": "false"},
	{"name_s": "/usr/share/locale/fi/LC_MESSAGES/kfile_rpm.mo", "size_i": "956", "regex": "false"},
	{"name_s": "/usr/share/locale/fi/LC_MESSAGES/kfile_sid.mo", "size_i": "873", "regex": "false"},
	{"name_s": "/usr/share/locale/fi/LC_MESSAGES/kfile_theora.mo", "size_i": "915", "regex": "false"},
	{"name_s": "/usr/share/locale/fi/LC_MESSAGES/kfile_tiff.mo", "size_i": "2577", "regex": "false"},
	{"name_s": "/usr/share/locale/fi/LC_MESSAGES/kfile_wav.mo", "size_i": "790", "regex": "false"},
	{"name_s": "/usr/share/locale/fi/LC_MESSAGES/kfile_xps.mo", "size_i": "823", "regex": "false"},
	{"name_s": "/usr/share/locale/fi/LC_MESSAGES/kfileaudiopreview4.mo", "size_i": "550", "regex": "false"},
	{"name_s": "/usr/share/locale/fi/LC_MESSAGES/kfileshare.mo", "size_i": "19588", "regex": "false"},
	{"name_s": "/usr/share/locale/fi/LC_MESSAGES/kfindpart.mo", "size_i": "11090", "regex": "false"},
	{"name_s": "/usr/share/locale/fi/LC_MESSAGES/kfloppy.mo", "size_i": "11176", "regex": "false"},
	{"name_s": "/usr/share/locale/fi/LC_MESSAGES/kfmclient.mo", "size_i": "3268", "regex": "false"},
	{"name_s": "/usr/share/locale/fi/LC_MESSAGES/kfontinst.mo", "size_i": "21979", "regex": "false"},
	{"name_s": "/usr/share/locale/fi/LC_MESSAGES/kfourinline.mo", "size_i": "5858", "regex": "false"},
	{"name_s": "/usr/share/locale/fi/LC_MESSAGES/kgeography.mo", "size_i": "57787", "regex": "false"},
	{"name_s": "/usr/share/locale/fi/LC_MESSAGES/kget.mo", "size_i": "29662", "regex": "false"},
	{"name_s": "/usr/share/locale/fi/LC_MESSAGES/kgoldrunner.mo", "size_i": "22133", "regex": "false"},
	{"name_s": "/usr/share/locale/fi/LC_MESSAGES/kgpg.mo", "size_i": "31275", "regex": "false"},
	{"name_s": "/usr/share/locale/fi/LC_MESSAGES/kgreet_classic.mo", "size_i": "976", "regex": "false"},
	{"name_s": "/usr/share/locale/fi/LC_MESSAGES/kgreet_generic.mo", "size_i": "534", "regex": "false"},
	{"name_s": "/usr/share/locale/fi/LC_MESSAGES/kgreet_winbind.mo", "size_i": "1023", "regex": "false"},
	{"name_s": "/usr/share/locale/fi/LC_MESSAGES/khangman.mo", "size_i": "13208", "regex": "false"},
	{"name_s": "/usr/share/locale/fi/LC_MESSAGES/khelpcenter.mo", "size_i": "10554", "regex": "false"},
	{"name_s": "/usr/share/locale/fi/LC_MESSAGES/khotkeys.mo", "size_i": "2985", "regex": "false"},
	{"name_s": "/usr/share/locale/fi/LC_MESSAGES/khotnewstuff.mo", "size_i": "758", "regex": "false"},
	{"name_s": "/usr/share/locale/fi/LC_MESSAGES/khtmlkttsd.mo", "size_i": "844", "regex": "false"},
	{"name_s": "/usr/share/locale/fi/LC_MESSAGES/kiconfinder.mo", "size_i": "660", "regex": "false"},
	{"name_s": "/usr/share/locale/fi/LC_MESSAGES/kig.mo", "size_i": "91876", "regex": "false"},
	{"name_s": "/usr/share/locale/fi/LC_MESSAGES/kinetd.mo", "size_i": "586", "regex": "false"},
	{"name_s": "/usr/share/locale/fi/LC_MESSAGES/kinfocenter.mo", "size_i": "10325", "regex": "false"},
	{"name_s": "/usr/share/locale/fi/LC_MESSAGES/kio4.mo", "size_i": "121864", "regex": "false"},
	{"name_s": "/usr/share/locale/fi/LC_MESSAGES/kio_applications.mo", "size_i": "633", "regex": "false"},
	{"name_s": "/usr/share/locale/fi/LC_MESSAGES/kio_archive.mo", "size_i": "827", "regex": "false"},
	{"name_s": "/usr/share/locale/fi/LC_MESSAGES/kio_audiocd.mo", "size_i": "3038", "regex": "false"},
	{"name_s": "/usr/share/locale/fi/LC_MESSAGES/kio_bookmarks.mo", "size_i": "1155", "regex": "false"},
	{"name_s": "/usr/share/locale/fi/LC_MESSAGES/kio_finger.mo", "size_i": "981", "regex": "false"},
	{"name_s": "/usr/share/locale/fi/LC_MESSAGES/kio_fish.mo", "size_i": "784", "regex": "false"},
	{"name_s": "/usr/share/locale/fi/LC_MESSAGES/kio_floppy.mo", "size_i": "2665", "regex": "false"},
	{"name_s": "/usr/share/locale/fi/LC_MESSAGES/kio_groupwise.mo", "size_i": "1360", "regex": "false"},
	{"name_s": "/usr/share/locale/fi/LC_MESSAGES/kio_help4.mo", "size_i": "2774", "regex": "false"},
	{"name_s": "/usr/share/locale/fi/LC_MESSAGES/kio_imap4.mo", "size_i": "3537", "regex": "false"},
	{"name_s": "/usr/share/locale/fi/LC_MESSAGES/kio_jabberdisco.mo", "size_i": "861", "regex": "false"},
	{"name_s": "/usr/share/locale/fi/LC_MESSAGES/kio_ldap.mo", "size_i": "1057", "regex": "false"},
	{"name_s": "/usr/share/locale/fi/LC_MESSAGES/kio_man.mo", "size_i": "3371", "regex": "false"},
	{"name_s": "/usr/share/locale/fi/LC_MESSAGES/kio_nepomuksearch.mo", "size_i": "754", "regex": "false"},
	{"name_s": "/usr/share/locale/fi/LC_MESSAGES/kio_nfs.mo", "size_i": "848", "regex": "false"},
	{"name_s": "/usr/share/locale/fi/LC_MESSAGES/kio_nntp.mo", "size_i": "1849", "regex": "false"},
	{"name_s": "/usr/share/locale/fi/LC_MESSAGES/kio_pop3.mo", "size_i": "2961", "regex": "false"},
	{"name_s": "/usr/share/locale/fi/LC_MESSAGES/kio_remote.mo", "size_i": "519", "regex": "false"},
	{"name_s": "/usr/share/locale/fi/LC_MESSAGES/kio_sftp.mo", "size_i": "6322", "regex": "false"},
	{"name_s": "/usr/share/locale/fi/LC_MESSAGES/kio_sieve.mo", "size_i": "3315", "regex": "false"},
	{"name_s": "/usr/share/locale/fi/LC_MESSAGES/kio_smb.mo", "size_i": "3629", "regex": "false"},
	{"name_s": "/usr/share/locale/fi/LC_MESSAGES/kio_smtp.mo", "size_i": "3702", "regex": "false"},
	{"name_s": "/usr/share/locale/fi/LC_MESSAGES/kio_svn.mo", "size_i": "2754", "regex": "false"},
	{"name_s": "/usr/share/locale/fi/LC_MESSAGES/kio_thumbnail.mo", "size_i": "1507", "regex": "false"},
	{"name_s": "/usr/share/locale/fi/LC_MESSAGES/kio_trash.mo", "size_i": "2315", "regex": "false"},
	{"name_s": "/usr/share/locale/fi/LC_MESSAGES/kio_zeroconf.mo", "size_i": "701", "regex": "false"},
	{"name_s": "/usr/share/locale/fi/LC_MESSAGES/kioexec.mo", "size_i": "2495", "regex": "false"},
	{"name_s": "/usr/share/locale/fi/LC_MESSAGES/kiriki.mo", "size_i": "2559", "regex": "false"},
	{"name_s": "/usr/share/locale/fi/LC_MESSAGES/kitchensync.mo", "size_i": "6854", "regex": "false"},
	{"name_s": "/usr/share/locale/fi/LC_MESSAGES/kiten.mo", "size_i": "4742", "regex": "false"},
	{"name_s": "/usr/share/locale/fi/LC_MESSAGES/kjots.mo", "size_i": "7718", "regex": "false"},
	{"name_s": "/usr/share/locale/fi/LC_MESSAGES/kjumpingcube.mo", "size_i": "3784", "regex": "false"},
	{"name_s": "/usr/share/locale/fi/LC_MESSAGES/kleopatra.mo", "size_i": "2842", "regex": "false"},
	{"name_s": "/usr/share/locale/fi/LC_MESSAGES/klettres.mo", "size_i": "11141", "regex": "false"},
	{"name_s": "/usr/share/locale/fi/LC_MESSAGES/klines.mo", "size_i": "2493", "regex": "false"},
	{"name_s": "/usr/share/locale/fi/LC_MESSAGES/klipper.mo", "size_i": "9991", "regex": "false"},
	{"name_s": "/usr/share/locale/fi/LC_MESSAGES/klock.mo", "size_i": "21101", "regex": "false"},
	{"name_s": "/usr/share/locale/fi/LC_MESSAGES/kmag.mo", "size_i": "7077", "regex": "false"},
	{"name_s": "/usr/share/locale/fi/LC_MESSAGES/kmahjongg.mo", "size_i": "7042", "regex": "false"},
	{"name_s": "/usr/share/locale/fi/LC_MESSAGES/kmail.mo", "size_i": "299849", "regex": "false"},
	{"name_s": "/usr/share/locale/fi/LC_MESSAGES/kmail_text_calendar_plugin.mo", "size_i": "1619", "regex": "false"},
	{"name_s": "/usr/share/locale/fi/LC_MESSAGES/kmail_text_vcard_plugin.mo", "size_i": "619", "regex": "false"},
	{"name_s": "/usr/share/locale/fi/LC_MESSAGES/kmailcvt.mo", "size_i": "18095", "regex": "false"},
	{"name_s": "/usr/share/locale/fi/LC_MESSAGES/kmenuedit.mo", "size_i": "4790", "regex": "false"},
	{"name_s": "/usr/share/locale/fi/LC_MESSAGES/kmimetypefinder.mo", "size_i": "610", "regex": "false"},
	{"name_s": "/usr/share/locale/fi/LC_MESSAGES/kmines.mo", "size_i": "2700", "regex": "false"},
	{"name_s": "/usr/share/locale/fi/LC_MESSAGES/kmix.mo", "size_i": "9805", "regex": "false"},
	{"name_s": "/usr/share/locale/fi/LC_MESSAGES/kmousetool.mo", "size_i": "3497", "regex": "false"},
	{"name_s": "/usr/share/locale/fi/LC_MESSAGES/kmouth.mo", "size_i": "24705", "regex": "false"},
	{"name_s": "/usr/share/locale/fi/LC_MESSAGES/kmplot.mo", "size_i": "37904", "regex": "false"},
	{"name_s": "/usr/share/locale/fi/LC_MESSAGES/knetattach.mo", "size_i": "3739", "regex": "false"},
	{"name_s": "/usr/share/locale/fi/LC_MESSAGES/knetwalk.mo", "size_i": "2587", "regex": "false"},
	{"name_s": "/usr/share/locale/fi/LC_MESSAGES/knetworkconfmodule.mo", "size_i": "18185", "regex": "false"},
	{"name_s": "/usr/share/locale/fi/LC_MESSAGES/knode.mo", "size_i": "62149", "regex": "false"},
	{"name_s": "/usr/share/locale/fi/LC_MESSAGES/knotes.mo", "size_i": "7178", "regex": "false"},
	{"name_s": "/usr/share/locale/fi/LC_MESSAGES/knotify4.mo", "size_i": "1459", "regex": "false"},
	{"name_s": "/usr/share/locale/fi/LC_MESSAGES/kolf.mo", "size_i": "8852", "regex": "false"},
	{"name_s": "/usr/share/locale/fi/LC_MESSAGES/kollision.mo", "size_i": "2237", "regex": "false"},
	{"name_s": "/usr/share/locale/fi/LC_MESSAGES/kolourpaint.mo", "size_i": "35745", "regex": "false"},
	{"name_s": "/usr/share/locale/fi/LC_MESSAGES/kompare.mo", "size_i": "23427", "regex": "false"},
	{"name_s": "/usr/share/locale/fi/LC_MESSAGES/konqueror.mo", "size_i": "46008", "regex": "false"},
	{"name_s": "/usr/share/locale/fi/LC_MESSAGES/konquest.mo", "size_i": "5317", "regex": "false"},
	{"name_s": "/usr/share/locale/fi/LC_MESSAGES/konsole.mo", "size_i": "26942", "regex": "false"},
	{"name_s": "/usr/share/locale/fi/LC_MESSAGES/konsolekalendar.mo", "size_i": "9840", "regex": "false"},
	{"name_s": "/usr/share/locale/fi/LC_MESSAGES/kontact.mo", "size_i": "18144", "regex": "false"},
	{"name_s": "/usr/share/locale/fi/LC_MESSAGES/kopete.mo", "size_i": "204352", "regex": "false"},
	{"name_s": "/usr/share/locale/fi/LC_MESSAGES/korganizer.mo", "size_i": "123980", "regex": "false"},
	{"name_s": "/usr/share/locale/fi/LC_MESSAGES/kpackage.mo", "size_i": "9241", "regex": "false"},
	{"name_s": "/usr/share/locale/fi/LC_MESSAGES/kpartsaver.mo", "size_i": "1632", "regex": "false"},
	{"name_s": "/usr/share/locale/fi/LC_MESSAGES/kpasswdserver.mo", "size_i": "671", "regex": "false"},
	{"name_s": "/usr/share/locale/fi/LC_MESSAGES/kpat.mo", "size_i": "3337", "regex": "false"},
	{"name_s": "/usr/share/locale/fi/LC_MESSAGES/kpilot.mo", "size_i": "39851", "regex": "false"},
	{"name_s": "/usr/share/locale/fi/LC_MESSAGES/kppp.mo", "size_i": "54901", "regex": "false"},
	{"name_s": "/usr/share/locale/fi/LC_MESSAGES/kppplogview.mo", "size_i": "4319", "regex": "false"},
	{"name_s": "/usr/share/locale/fi/LC_MESSAGES/kquitapp.mo", "size_i": "1606", "regex": "false"},
	{"name_s": "/usr/share/locale/fi/LC_MESSAGES/krandr.mo", "size_i": "8371", "regex": "false"},
	{"name_s": "/usr/share/locale/fi/LC_MESSAGES/krdb.mo", "size_i": "449", "regex": "false"},
	{"name_s": "/usr/share/locale/fi/LC_MESSAGES/krdc.mo", "size_i": "4422", "regex": "false"},
	{"name_s": "/usr/share/locale/fi/LC_MESSAGES/kreadconfig.mo", "size_i": "1198", "regex": "false"},
	{"name_s": "/usr/share/locale/fi/LC_MESSAGES/kres_birthday.mo", "size_i": "994", "regex": "false"},
	{"name_s": "/usr/share/locale/fi/LC_MESSAGES/kres_blog.mo", "size_i": "874", "regex": "false"},
	{"name_s": "/usr/share/locale/fi/LC_MESSAGES/kres_bugzilla.mo", "size_i": "683", "regex": "false"},
	{"name_s": "/usr/share/locale/fi/LC_MESSAGES/kres_groupware.mo", "size_i": "1454", "regex": "false"},
	{"name_s": "/usr/share/locale/fi/LC_MESSAGES/kres_groupwise.mo", "size_i": "4702", "regex": "false"},
	{"name_s": "/usr/share/locale/fi/LC_MESSAGES/kres_kolab.mo", "size_i": "2827", "regex": "false"},
	{"name_s": "/usr/share/locale/fi/LC_MESSAGES/kres_remote.mo", "size_i": "854", "regex": "false"},
	{"name_s": "/usr/share/locale/fi/LC_MESSAGES/kres_scalix.mo", "size_i": "5423", "regex": "false"},
	{"name_s": "/usr/share/locale/fi/LC_MESSAGES/kres_tvanytime.mo", "size_i": "928", "regex": "false"},
	{"name_s": "/usr/share/locale/fi/LC_MESSAGES/kres_xmlrpc.mo", "size_i": "1815", "regex": "false"},
	{"name_s": "/usr/share/locale/fi/LC_MESSAGES/kreversi.mo", "size_i": "3899", "regex": "false"},
	{"name_s": "/usr/share/locale/fi/LC_MESSAGES/krfb.mo", "size_i": "6148", "regex": "false"},
	{"name_s": "/usr/share/locale/fi/LC_MESSAGES/kruler.mo", "size_i": "2580", "regex": "false"},
	{"name_s": "/usr/share/locale/fi/LC_MESSAGES/krunner.mo", "size_i": "7927", "regex": "false"},
	{"name_s": "/usr/share/locale/fi/LC_MESSAGES/ksame.mo", "size_i": "2448", "regex": "false"},
	{"name_s": "/usr/share/locale/fi/LC_MESSAGES/ksayit.mo", "size_i": "6763", "regex": "false"},
	{"name_s": "/usr/share/locale/fi/LC_MESSAGES/kscd.mo", "size_i": "2541", "regex": "false"},
	{"name_s": "/usr/share/locale/fi/LC_MESSAGES/kscreensaver.mo", "size_i": "1436", "regex": "false"},
	{"name_s": "/usr/share/locale/fi/LC_MESSAGES/kshisen.mo", "size_i": "4600", "regex": "false"},
	{"name_s": "/usr/share/locale/fi/LC_MESSAGES/kshorturifilter.mo", "size_i": "824", "regex": "false"},
	{"name_s": "/usr/share/locale/fi/LC_MESSAGES/ksmserver.mo", "size_i": "2671", "regex": "false"},
	{"name_s": "/usr/share/locale/fi/LC_MESSAGES/ksnapshot.mo", "size_i": "5387", "regex": "false"},
	{"name_s": "/usr/share/locale/fi/LC_MESSAGES/kspaceduel.mo", "size_i": "4550", "regex": "false"},
	{"name_s": "/usr/share/locale/fi/LC_MESSAGES/ksplashthemes.mo", "size_i": "4088", "regex": "false"},
	{"name_s": "/usr/share/locale/fi/LC_MESSAGES/ksquares.mo", "size_i": "6077", "regex": "false"},
	{"name_s": "/usr/share/locale/fi/LC_MESSAGES/kstars.mo", "size_i": "440349", "regex": "false"},
	{"name_s": "/usr/share/locale/fi/LC_MESSAGES/kstart.mo", "size_i": "4044", "regex": "false"},
	{"name_s": "/usr/share/locale/fi/LC_MESSAGES/kstartperf.mo", "size_i": "920", "regex": "false"},
	{"name_s": "/usr/share/locale/fi/LC_MESSAGES/kstyle_config.mo", "size_i": "1032", "regex": "false"},
	{"name_s": "/usr/share/locale/fi/LC_MESSAGES/kstyle_keramik_config.mo", "size_i": "656", "regex": "false"},
	{"name_s": "/usr/share/locale/fi/LC_MESSAGES/kstyle_phase_config.mo", "size_i": "1065", "regex": "false"},
	{"name_s": "/usr/share/locale/fi/LC_MESSAGES/ksudoku.mo", "size_i": "6550", "regex": "false"},
	{"name_s": "/usr/share/locale/fi/LC_MESSAGES/ksysguard.mo", "size_i": "20512", "regex": "false"},
	{"name_s": "/usr/share/locale/fi/LC_MESSAGES/ksysguardlsofwidgets.mo", "size_i": "696", "regex": "false"},
	{"name_s": "/usr/share/locale/fi/LC_MESSAGES/ksystraycmd.mo", "size_i": "3571", "regex": "false"},
	{"name_s": "/usr/share/locale/fi/LC_MESSAGES/ksysv.mo", "size_i": "19538", "regex": "false"},
	{"name_s": "/usr/share/locale/fi/LC_MESSAGES/kteatime.mo", "size_i": "4037", "regex": "false"},
	{"name_s": "/usr/share/locale/fi/LC_MESSAGES/ktexteditor_plugins.mo", "size_i": "9090", "regex": "false"},
	{"name_s": "/usr/share/locale/fi/LC_MESSAGES/kthememanager.mo", "size_i": "3243", "regex": "false"},
	{"name_s": "/usr/share/locale/fi/LC_MESSAGES/ktimer.mo", "size_i": "1460", "regex": "false"},
	{"name_s": "/usr/share/locale/fi/LC_MESSAGES/ktimetracker.mo", "size_i": "17254", "regex": "false"},
	{"name_s": "/usr/share/locale/fi/LC_MESSAGES/ktouch.mo", "size_i": "21662", "regex": "false"},
	{"name_s": "/usr/share/locale/fi/LC_MESSAGES/ktraderclient.mo", "size_i": "943", "regex": "false"},
	{"name_s": "/usr/share/locale/fi/LC_MESSAGES/kttsd.mo", "size_i": "55030", "regex": "false"},
	{"name_s": "/usr/share/locale/fi/LC_MESSAGES/ktuberling.mo", "size_i": "3062", "regex": "false"},
	{"name_s": "/usr/share/locale/fi/LC_MESSAGES/kturtle.mo", "size_i": "2134", "regex": "false"},
	{"name_s": "/usr/share/locale/fi/LC_MESSAGES/ktux.mo", "size_i": "849", "regex": "false"},
	{"name_s": "/usr/share/locale/fi/LC_MESSAGES/kuiserver.mo", "size_i": "2578", "regex": "false"},
	{"name_s": "/usr/share/locale/fi/LC_MESSAGES/kuiviewer.mo", "size_i": "1379", "regex": "false"},
	{"name_s": "/usr/share/locale/fi/LC_MESSAGES/kurifilter.mo", "size_i": "4774", "regex": "false"},
	{"name_s": "/usr/share/locale/fi/LC_MESSAGES/kuser.mo", "size_i": "32336", "regex": "false"},
	{"name_s": "/usr/share/locale/fi/LC_MESSAGES/kwalletmanager.mo", "size_i": "7905", "regex": "false"},
	{"name_s": "/usr/share/locale/fi/LC_MESSAGES/kwatchgnupg.mo", "size_i": "2529", "regex": "false"},
	{"name_s": "/usr/share/locale/fi/LC_MESSAGES/kweather.mo", "size_i": "8841", "regex": "false"},
	{"name_s": "/usr/share/locale/fi/LC_MESSAGES/kwin.mo", "size_i": "16973", "regex": "false"},
	{"name_s": "/usr/share/locale/fi/LC_MESSAGES/kwin_art_clients.mo", "size_i": "5627", "regex": "false"},
	{"name_s": "/usr/share/locale/fi/LC_MESSAGES/kwin_clients.mo", "size_i": "9377", "regex": "false"},
	{"name_s": "/usr/share/locale/fi/LC_MESSAGES/kwin_effects.mo", "size_i": "9287", "regex": "false"},
	{"name_s": "/usr/share/locale/fi/LC_MESSAGES/kwin_lib.mo", "size_i": "1653", "regex": "false"},
	{"name_s": "/usr/share/locale/fi/LC_MESSAGES/kwinstartmenu.mo", "size_i": "1212", "regex": "false"},
	{"name_s": "/usr/share/locale/fi/LC_MESSAGES/kwordquiz.mo", "size_i": "27671", "regex": "false"},
	{"name_s": "/usr/share/locale/fi/LC_MESSAGES/kwrite.mo", "size_i": "7082", "regex": "false"},
	{"name_s": "/usr/share/locale/fi/LC_MESSAGES/kwriteconfig.mo", "size_i": "1698", "regex": "false"},
	{"name_s": "/usr/share/locale/fi/LC_MESSAGES/kxkb.mo", "size_i": "7822", "regex": "false"},
	{"name_s": "/usr/share/locale/fi/LC_MESSAGES/kxsconfig.mo", "size_i": "11934", "regex": "false"},
	{"name_s": "/usr/share/locale/fi/LC_MESSAGES/lancelot.mo", "size_i": "859", "regex": "false"},
	{"name_s": "/usr/share/locale/fi/LC_MESSAGES/libkcal.mo", "size_i": "22945", "regex": "false"},
	{"name_s": "/usr/share/locale/fi/LC_MESSAGES/libkcddb.mo", "size_i": "8217", "regex": "false"},
	{"name_s": "/usr/share/locale/fi/LC_MESSAGES/libkcompactdisc.mo", "size_i": "887", "regex": "false"},
	{"name_s": "/usr/share/locale/fi/LC_MESSAGES/libkdeedu.mo", "size_i": "15836", "regex": "false"},
	{"name_s": "/usr/share/locale/fi/LC_MESSAGES/libkdegames.mo", "size_i": "20205", "regex": "false"},
	{"name_s": "/usr/share/locale/fi/LC_MESSAGES/libkdepim.mo", "size_i": "18927", "regex": "false"},
	{"name_s": "/usr/share/locale/fi/LC_MESSAGES/libkholidays.mo", "size_i": "1483", "regex": "false"},
	{"name_s": "/usr/share/locale/fi/LC_MESSAGES/libkleopatra.mo", "size_i": "10391", "regex": "false"},
	{"name_s": "/usr/share/locale/fi/LC_MESSAGES/libkmahjongg.mo", "size_i": "796", "regex": "false"},
	{"name_s": "/usr/share/locale/fi/LC_MESSAGES/libkmime.mo", "size_i": "2565", "regex": "false"},
	{"name_s": "/usr/share/locale/fi/LC_MESSAGES/libkonq.mo", "size_i": "2437", "regex": "false"},
	{"name_s": "/usr/share/locale/fi/LC_MESSAGES/libkpgp.mo", "size_i": "15870", "regex": "false"},
	{"name_s": "/usr/share/locale/fi/LC_MESSAGES/libkpimidentities.mo", "size_i": "500", "regex": "false"},
	{"name_s": "/usr/share/locale/fi/LC_MESSAGES/libkpimutils.mo", "size_i": "4824", "regex": "false"},
	{"name_s": "/usr/share/locale/fi/LC_MESSAGES/libkscreensaver.mo", "size_i": "925", "regex": "false"},
	{"name_s": "/usr/share/locale/fi/LC_MESSAGES/libksieve.mo", "size_i": "5511", "regex": "false"},
	{"name_s": "/usr/share/locale/fi/LC_MESSAGES/libkworkspace.mo", "size_i": "1269", "regex": "false"},
	{"name_s": "/usr/share/locale/fi/LC_MESSAGES/libmailtransport.mo", "size_i": "6949", "regex": "false"},
	{"name_s": "/usr/share/locale/fi/LC_MESSAGES/libphonon.mo", "size_i": "1595", "regex": "false"},
	{"name_s": "/usr/share/locale/fi/LC_MESSAGES/libplasma.mo", "size_i": "7792", "regex": "false"},
	{"name_s": "/usr/share/locale/fi/LC_MESSAGES/libplasmaclock.mo", "size_i": "5727", "regex": "false"},
	{"name_s": "/usr/share/locale/fi/LC_MESSAGES/libtaskmanager.mo", "size_i": "1571", "regex": "false"},
	{"name_s": "/usr/share/locale/fi/LC_MESSAGES/lskat.mo", "size_i": "5781", "regex": "false"},
	{"name_s": "/usr/share/locale/fi/LC_MESSAGES/marble.mo", "size_i": "3957", "regex": "false"},
	{"name_s": "/usr/share/locale/fi/LC_MESSAGES/marble_qt.mo", "size_i": "3094", "regex": "false"},
	{"name_s": "/usr/share/locale/fi/LC_MESSAGES/nsplugin.mo", "size_i": "1594", "regex": "false"},
	{"name_s": "/usr/share/locale/fi/LC_MESSAGES/oktetapart.mo", "size_i": "793", "regex": "false"},
	{"name_s": "/usr/share/locale/fi/LC_MESSAGES/okular.mo", "size_i": "33015", "regex": "false"},
	{"name_s": "/usr/share/locale/fi/LC_MESSAGES/okular_chm.mo", "size_i": "993", "regex": "false"},
	{"name_s": "/usr/share/locale/fi/LC_MESSAGES/okular_comicbook.mo", "size_i": "1215", "regex": "false"},
	{"name_s": "/usr/share/locale/fi/LC_MESSAGES/okular_djvu.mo", "size_i": "1327", "regex": "false"},
	{"name_s": "/usr/share/locale/fi/LC_MESSAGES/okular_dvi.mo", "size_i": "21147", "regex": "false"},
	{"name_s": "/usr/share/locale/fi/LC_MESSAGES/okular_epub.mo", "size_i": "884", "regex": "false"},
	{"name_s": "/usr/share/locale/fi/LC_MESSAGES/okular_fictionbook.mo", "size_i": "1452", "regex": "false"},
	{"name_s": "/usr/share/locale/fi/LC_MESSAGES/okular_ghostview.mo", "size_i": "1316", "regex": "false"},
	{"name_s": "/usr/share/locale/fi/LC_MESSAGES/okular_kimgio.mo", "size_i": "1200", "regex": "false"},
	{"name_s": "/usr/share/locale/fi/LC_MESSAGES/okular_ooo.mo", "size_i": "3510", "regex": "false"},
	{"name_s": "/usr/share/locale/fi/LC_MESSAGES/okular_plucker.mo", "size_i": "904", "regex": "false"},
	{"name_s": "/usr/share/locale/fi/LC_MESSAGES/okular_poppler.mo", "size_i": "2244", "regex": "false"},
	{"name_s": "/usr/share/locale/fi/LC_MESSAGES/okular_tiff.mo", "size_i": "935", "regex": "false"},
	{"name_s": "/usr/share/locale/fi/LC_MESSAGES/okular_xps.mo", "size_i": "820", "regex": "false"},
	{"name_s": "/usr/share/locale/fi/LC_MESSAGES/parley.mo", "size_i": "11691", "regex": "false"},
	{"name_s": "/usr/share/locale/fi/LC_MESSAGES/phonon-xine.mo", "size_i": "1425", "regex": "false"},
	{"name_s": "/usr/share/locale/fi/LC_MESSAGES/phonon_kde.mo", "size_i": "1035", "regex": "false"},
	{"name_s": "/usr/share/locale/fi/LC_MESSAGES/plasma-desktop.mo", "size_i": "3380", "regex": "false"},
	{"name_s": "/usr/share/locale/fi/LC_MESSAGES/plasma-overlay.mo", "size_i": "2338", "regex": "false"},
	{"name_s": "/usr/share/locale/fi/LC_MESSAGES/plasma_applet_battery.mo", "size_i": "1987", "regex": "false"},
	{"name_s": "/usr/share/locale/fi/LC_MESSAGES/plasma_applet_binaryclock.mo", "size_i": "857", "regex": "false"},
	{"name_s": "/usr/share/locale/fi/LC_MESSAGES/plasma_applet_clock.mo", "size_i": "1037", "regex": "false"},
	{"name_s": "/usr/share/locale/fi/LC_MESSAGES/plasma_applet_comic.mo", "size_i": "728", "regex": "false"},
	{"name_s": "/usr/share/locale/fi/LC_MESSAGES/plasma_applet_desktop.mo", "size_i": "654", "regex": "false"},
	{"name_s": "/usr/share/locale/fi/LC_MESSAGES/plasma_applet_devicenotifier.mo", "size_i": "1317", "regex": "false"},
	{"name_s": "/usr/share/locale/fi/LC_MESSAGES/plasma_applet_dig_clock.mo", "size_i": "3666", "regex": "false"},
	{"name_s": "/usr/share/locale/fi/LC_MESSAGES/plasma_applet_fifteenPuzzle.mo", "size_i": "961", "regex": "false"},
	{"name_s": "/usr/share/locale/fi/LC_MESSAGES/plasma_applet_fileWatcher.mo", "size_i": "614", "regex": "false"},
	{"name_s": "/usr/share/locale/fi/LC_MESSAGES/plasma_applet_folderview.mo", "size_i": "10713", "regex": "false"},
	{"name_s": "/usr/share/locale/fi/LC_MESSAGES/plasma_applet_frame.mo", "size_i": "2007", "regex": "false"},
	{"name_s": "/usr/share/locale/fi/LC_MESSAGES/plasma_applet_incomingmsg.mo", "size_i": "1683", "regex": "false"},
	{"name_s": "/usr/share/locale/fi/LC_MESSAGES/plasma_applet_kalzium.mo", "size_i": "855", "regex": "false"},
	{"name_s": "/usr/share/locale/fi/LC_MESSAGES/plasma_applet_kget.mo", "size_i": "665", "regex": "false"},
	{"name_s": "/usr/share/locale/fi/LC_MESSAGES/plasma_applet_kolourpicker.mo", "size_i": "608", "regex": "false"},
	{"name_s": "/usr/share/locale/fi/LC_MESSAGES/plasma_applet_launcher.mo", "size_i": "5409", "regex": "false"},
	{"name_s": "/usr/share/locale/fi/LC_MESSAGES/plasma_applet_luna.mo", "size_i": "897", "regex": "false"},
	{"name_s": "/usr/share/locale/fi/LC_MESSAGES/plasma_applet_microblog.mo", "size_i": "1583", "regex": "false"},
	{"name_s": "/usr/share/locale/fi/LC_MESSAGES/plasma_applet_notes.mo", "size_i": "1329", "regex": "false"},
	{"name_s": "/usr/share/locale/fi/LC_MESSAGES/plasma_applet_pager.mo", "size_i": "1262", "regex": "false"},
	{"name_s": "/usr/share/locale/fi/LC_MESSAGES/plasma_applet_panel.mo", "size_i": "589", "regex": "false"},
	{"name_s": "/usr/share/locale/fi/LC_MESSAGES/plasma_applet_qstardict.mo", "size_i": "548", "regex": "false"},
	{"name_s": "/usr/share/locale/fi/LC_MESSAGES/plasma_applet_saverdesktop.mo", "size_i": "544", "regex": "false"},
	{"name_s": "/usr/share/locale/fi/LC_MESSAGES/plasma_applet_skapplet.mo", "size_i": "726", "regex": "false"},
	{"name_s": "/usr/share/locale/fi/LC_MESSAGES/plasma_applet_system-monitor.mo", "size_i": "1578", "regex": "false"},
	{"name_s": "/usr/share/locale/fi/LC_MESSAGES/plasma_applet_systemtray.mo", "size_i": "2940", "regex": "false"},
	{"name_s": "/usr/share/locale/fi/LC_MESSAGES/plasma_applet_tasks.mo", "size_i": "1917", "regex": "false"},
	{"name_s": "/usr/share/locale/fi/LC_MESSAGES/plasma_applet_trash.mo", "size_i": "1030", "regex": "false"},
	{"name_s": "/usr/share/locale/fi/LC_MESSAGES/plasma_applet_webbrowser.mo", "size_i": "813", "regex": "false"},
	{"name_s": "/usr/share/locale/fi/LC_MESSAGES/plasma_appletscriptengine_qedjescripts.mo", "size_i": "833", "regex": "false"},
	{"name_s": "/usr/share/locale/fi/LC_MESSAGES/plasma_engine_kalzium.mo", "size_i": "604", "regex": "false"},
	{"name_s": "/usr/share/locale/fi/LC_MESSAGES/plasma_engine_rss.mo", "size_i": "678", "regex": "false"},
	{"name_s": "/usr/share/locale/fi/LC_MESSAGES/plasma_runner_locations.mo", "size_i": "856", "regex": "false"},
	{"name_s": "/usr/share/locale/fi/LC_MESSAGES/plasma_runner_nepomuksearchrunner.mo", "size_i": "627", "regex": "false"},
	{"name_s": "/usr/share/locale/fi/LC_MESSAGES/plasma_runner_powerdevil.mo", "size_i": "1315", "regex": "false"},
	{"name_s": "/usr/share/locale/fi/LC_MESSAGES/plasma_runner_recentdocuments.mo", "size_i": "695", "regex": "false"},
	{"name_s": "/usr/share/locale/fi/LC_MESSAGES/plasma_runner_sessions.mo", "size_i": "2359", "regex": "false"},
	{"name_s": "/usr/share/locale/fi/LC_MESSAGES/plasma_runner_shell.mo", "size_i": "773", "regex": "false"},
	{"name_s": "/usr/share/locale/fi/LC_MESSAGES/plasma_runner_webshortcuts.mo", "size_i": "810", "regex": "false"},
	{"name_s": "/usr/share/locale/fi/LC_MESSAGES/plasma_wallpaper_color.mo", "size_i": "560", "regex": "false"},
	{"name_s": "/usr/share/locale/fi/LC_MESSAGES/plasma_wallpaper_image.mo", "size_i": "2297", "regex": "false"},
	{"name_s": "/usr/share/locale/fi/LC_MESSAGES/plasmaengineexplorer.mo", "size_i": "3999", "regex": "false"},
	{"name_s": "/usr/share/locale/fi/LC_MESSAGES/plasmapkg.mo", "size_i": "3491", "regex": "false"},
	{"name_s": "/usr/share/locale/fi/LC_MESSAGES/plasmoidviewer.mo", "size_i": "1336", "regex": "false"},
	{"name_s": "/usr/share/locale/fi/LC_MESSAGES/powerdevil.mo", "size_i": "6795", "regex": "false"},
	{"name_s": "/usr/share/locale/fi/LC_MESSAGES/printer-applet.mo", "size_i": "3107", "regex": "false"},
	{"name_s": "/usr/share/locale/fi/LC_MESSAGES/processcore.mo", "size_i": "1664", "regex": "false"},
	{"name_s": "/usr/share/locale/fi/LC_MESSAGES/processui.mo", "size_i": "7156", "regex": "false"},
	{"name_s": "/usr/share/locale/fi/LC_MESSAGES/solid-bluetooth.mo", "size_i": "1653", "regex": "false"},
	{"name_s": "/usr/share/locale/fi/LC_MESSAGES/solid-powermanagement.mo", "size_i": "2510", "regex": "false"},
	{"name_s": "/usr/share/locale/fi/LC_MESSAGES/solidcontrol.mo", "size_i": "743", "regex": "false"},
	{"name_s": "/usr/share/locale/fi/LC_MESSAGES/soliduiserver.mo", "size_i": "927", "regex": "false"},
	{"name_s": "/usr/share/locale/fi/LC_MESSAGES/spy.mo", "size_i": "1008", "regex": "false"},
	{"name_s": "/usr/share/locale/fi/LC_MESSAGES/strigila_diff.mo", "size_i": "993", "regex": "false"},
	{"name_s": "/usr/share/locale/fi/LC_MESSAGES/superkaramba.mo", "size_i": "5296", "regex": "false"},
	{"name_s": "/usr/share/locale/fi/LC_MESSAGES/svgpart.mo", "size_i": "949", "regex": "false"},
	{"name_s": "/usr/share/locale/fi/LC_MESSAGES/sweeper.mo", "size_i": "4510", "regex": "false"},
	{"name_s": "/usr/share/locale/fi/LC_MESSAGES/systemsettings.mo", "size_i": "3320", "regex": "false"},
	{"name_s": "/usr/share/locale/fi/LC_MESSAGES/timezones4.mo", "size_i": "23339", "regex": "false"},
	{"name_s": "/usr/share/locale/fi/LC_MESSAGES/umbrello.mo", "size_i": "46749", "regex": "false"},
	{"name_s": "/usr/share/locale/fi/LC_MESSAGES/useraccount.mo", "size_i": "4344", "regex": "false"},
	{"name_s": "/usr/share/locale/fi/entry.desktop", "size_i": "1899", "regex": "false"}
]
