[
	{"name_s": "/usr/share/kde4/apps/khangman/ga.txt", "size_i": "14", "regex": "false"},
	{"name_s": "/usr/share/kde4/apps/ktuberling/sounds/ga", "size_i": "4096", "regex": "false"},
	{"name_s": "/usr/share/kde4/apps/ktuberling/sounds/ga.soundtheme", "size_i": "1089", "regex": "false"},
	{"name_s": "/usr/share/kde4/apps/ktuberling/sounds/ga/adharc.wav", "size_i": "99372", "regex": "false"},
	{"name_s": "/usr/share/kde4/apps/ktuberling/sounds/ga/an-tuasal-prata.wav", "size_i": "138284", "regex": "false"},
	{"name_s": "/usr/share/kde4/apps/ktuberling/sounds/ga/beal.wav", "size_i": "89132", "regex": "false"},
	{"name_s": "/usr/share/kde4/apps/ktuberling/sounds/ga/carbhat.wav", "size_i": "97324", "regex": "false"},
	{"name_s": "/usr/share/kde4/apps/ktuberling/sounds/ga/cluas.wav", "size_i": "96300", "regex": "false"},
	{"name_s": "/usr/share/kde4/apps/ktuberling/sounds/ga/croimeal.wav", "size_i": "99372", "regex": "false"},
	{"name_s": "/usr/share/kde4/apps/ktuberling/sounds/ga/cuachog.wav", "size_i": "87084", "regex": "false"},
	{"name_s": "/usr/share/kde4/apps/ktuberling/sounds/ga/fainne-cluaise.wav", "size_i": "116780", "regex": "false"},
	{"name_s": "/usr/share/kde4/apps/ktuberling/sounds/ga/gruaig.wav", "size_i": "86060", "regex": "false"},
	{"name_s": "/usr/share/kde4/apps/ktuberling/sounds/ga/hata.wav", "size_i": "82988", "regex": "false"},
	{"name_s": "/usr/share/kde4/apps/ktuberling/sounds/ga/mala.wav", "size_i": "85036", "regex": "false"},
	{"name_s": "/usr/share/kde4/apps/ktuberling/sounds/ga/muince.wav", "size_i": "66604", "regex": "false"},
	{"name_s": "/usr/share/kde4/apps/ktuberling/sounds/ga/piongain.wav", "size_i": "63020", "regex": "false"},
	{"name_s": "/usr/share/kde4/apps/ktuberling/sounds/ga/scaif.wav", "size_i": "82988", "regex": "false"},
	{"name_s": "/usr/share/kde4/apps/ktuberling/sounds/ga/speaclai-greine.wav", "size_i": "135212", "regex": "false"},
	{"name_s": "/usr/share/kde4/apps/ktuberling/sounds/ga/speaclai.wav", "size_i": "101420", "regex": "false"},
	{"name_s": "/usr/share/kde4/apps/ktuberling/sounds/ga/sron.wav", "size_i": "96300", "regex": "false"},
	{"name_s": "/usr/share/kde4/apps/ktuberling/sounds/ga/suaitheantas.wav", "size_i": "113196", "regex": "false"},
	{"name_s": "/usr/share/kde4/apps/ktuberling/sounds/ga/suil.wav", "size_i": "91180", "regex": "false"},
	{"name_s": "/usr/share/kde4/apps/ktuberling/sounds/ga/todog.wav", "size_i": "101420", "regex": "false"},
	{"name_s": "/usr/share/kde4/apps/ktuberling/sounds/ga/uaireadoir.wav", "size_i": "98348", "regex": "false"},
	{"name_s": "/usr/share/kde4/apps/kvtml/ga", "size_i": "4096", "regex": "false"},
	{"name_s": "/usr/share/kde4/apps/kvtml/ga/animals.kvtml", "size_i": "19304", "regex": "false"},
	{"name_s": "/usr/share/kde4/apps/kvtml/ga/easy.kvtml", "size_i": "18668", "regex": "false"},
	{"name_s": "/usr/share/kde4/apps/kvtml/ga/hard.kvtml", "size_i": "169586", "regex": "false"},
	{"name_s": "/usr/share/kde4/apps/kvtml/ga/medium.kvtml", "size_i": "18523", "regex": "false"},
	{"name_s": "/usr/share/locale/ga/LC_MESSAGES/akonadi-kcal.mo", "size_i": "864", "regex": "false"},
	{"name_s": "/usr/share/locale/ga/LC_MESSAGES/akonadi_birthdays_resource.mo", "size_i": "962", "regex": "false"},
	{"name_s": "/usr/share/locale/ga/LC_MESSAGES/akonadi_distlist_resource.mo", "size_i": "606", "regex": "false"},
	{"name_s": "/usr/share/locale/ga/LC_MESSAGES/akonadi_ical_resource.mo", "size_i": "744", "regex": "false"},
	{"name_s": "/usr/share/locale/ga/LC_MESSAGES/akonadi_kabc_resource.mo", "size_i": "507", "regex": "false"},
	{"name_s": "/usr/share/locale/ga/LC_MESSAGES/akonadi_kcal_resource.mo", "size_i": "933", "regex": "false"},
	{"name_s": "/usr/share/locale/ga/LC_MESSAGES/akonadi_knut_resource.mo", "size_i": "1032", "regex": "false"},
	{"name_s": "/usr/share/locale/ga/LC_MESSAGES/akonadi_kresourceassistant.mo", "size_i": "802", "regex": "false"},
	{"name_s": "/usr/share/locale/ga/LC_MESSAGES/akonadi_localbookmarks_resource.mo", "size_i": "848", "regex": "false"},
	{"name_s": "/usr/share/locale/ga/LC_MESSAGES/akonadi_maildir_resource.mo", "size_i": "904", "regex": "false"},
	{"name_s": "/usr/share/locale/ga/LC_MESSAGES/akonadi_microblog_resource.mo", "size_i": "1487", "regex": "false"},
	{"name_s": "/usr/share/locale/ga/LC_MESSAGES/akonadi_nepomuktag_resource.mo", "size_i": "617", "regex": "false"},
	{"name_s": "/usr/share/locale/ga/LC_MESSAGES/akonadi_nntp_resource.mo", "size_i": "1548", "regex": "false"},
	{"name_s": "/usr/share/locale/ga/LC_MESSAGES/akonadi_openchange_resource.mo", "size_i": "996", "regex": "false"},
	{"name_s": "/usr/share/locale/ga/LC_MESSAGES/akonadi_singlefile_resource.mo", "size_i": "844", "regex": "false"},
	{"name_s": "/usr/share/locale/ga/LC_MESSAGES/akonadi_vcard_resource.mo", "size_i": "738", "regex": "false"},
	{"name_s": "/usr/share/locale/ga/LC_MESSAGES/akonadi_vcarddir_resource.mo", "size_i": "865", "regex": "false"},
	{"name_s": "/usr/share/locale/ga/LC_MESSAGES/akonaditray.mo", "size_i": "1183", "regex": "false"},
	{"name_s": "/usr/share/locale/ga/LC_MESSAGES/akregator.mo", "size_i": "19235", "regex": "false"},
	{"name_s": "/usr/share/locale/ga/LC_MESSAGES/amor.mo", "size_i": "5760", "regex": "false"},
	{"name_s": "/usr/share/locale/ga/LC_MESSAGES/ark.mo", "size_i": "14254", "regex": "false"},
	{"name_s": "/usr/share/locale/ga/LC_MESSAGES/audiocd_encoder_lame.mo", "size_i": "6158", "regex": "false"},
	{"name_s": "/usr/share/locale/ga/LC_MESSAGES/audiocd_encoder_vorbis.mo", "size_i": "3242", "regex": "false"},
	{"name_s": "/usr/share/locale/ga/LC_MESSAGES/audiorename_plugin.mo", "size_i": "1761", "regex": "false"},
	{"name_s": "/usr/share/locale/ga/LC_MESSAGES/blinken.mo", "size_i": "3896", "regex": "false"},
	{"name_s": "/usr/share/locale/ga/LC_MESSAGES/bomber.mo", "size_i": "2698", "regex": "false"},
	{"name_s": "/usr/share/locale/ga/LC_MESSAGES/bovo.mo", "size_i": "1895", "regex": "false"},
	{"name_s": "/usr/share/locale/ga/LC_MESSAGES/cervisia.mo", "size_i": "15543", "regex": "false"},
	{"name_s": "/usr/share/locale/ga/LC_MESSAGES/cvsservice.mo", "size_i": "1838", "regex": "false"},
	{"name_s": "/usr/share/locale/ga/LC_MESSAGES/display.mo", "size_i": "841", "regex": "false"},
	{"name_s": "/usr/share/locale/ga/LC_MESSAGES/dolphin.mo", "size_i": "27324", "regex": "false"},
	{"name_s": "/usr/share/locale/ga/LC_MESSAGES/dragonplayer.mo", "size_i": "5879", "regex": "false"},
	{"name_s": "/usr/share/locale/ga/LC_MESSAGES/drkonqi.mo", "size_i": "784", "regex": "false"},
	{"name_s": "/usr/share/locale/ga/LC_MESSAGES/filetypes.mo", "size_i": "16090", "regex": "false"},
	{"name_s": "/usr/share/locale/ga/LC_MESSAGES/gwenview.mo", "size_i": "14747", "regex": "false"},
	{"name_s": "/usr/share/locale/ga/LC_MESSAGES/htmlsearch.mo", "size_i": "5575", "regex": "false"},
	{"name_s": "/usr/share/locale/ga/LC_MESSAGES/imagerename_plugin.mo", "size_i": "1127", "regex": "false"},
	{"name_s": "/usr/share/locale/ga/LC_MESSAGES/irkick.mo", "size_i": "3050", "regex": "false"},
	{"name_s": "/usr/share/locale/ga/LC_MESSAGES/joystick.mo", "size_i": "8835", "regex": "false"},
	{"name_s": "/usr/share/locale/ga/LC_MESSAGES/juk.mo", "size_i": "27492", "regex": "false"},
	{"name_s": "/usr/share/locale/ga/LC_MESSAGES/kabc.mo", "size_i": "9095", "regex": "false"},
	{"name_s": "/usr/share/locale/ga/LC_MESSAGES/kabc_akonadi.mo", "size_i": "603", "regex": "false"},
	{"name_s": "/usr/share/locale/ga/LC_MESSAGES/kabc_dir.mo", "size_i": "998", "regex": "false"},
	{"name_s": "/usr/share/locale/ga/LC_MESSAGES/kabc_file.mo", "size_i": "880", "regex": "false"},
	{"name_s": "/usr/share/locale/ga/LC_MESSAGES/kabc_ldapkio.mo", "size_i": "3136", "regex": "false"},
	{"name_s": "/usr/share/locale/ga/LC_MESSAGES/kabc_net.mo", "size_i": "1196", "regex": "false"},
	{"name_s": "/usr/share/locale/ga/LC_MESSAGES/kabc_slox.mo", "size_i": "2560", "regex": "false"},
	{"name_s": "/usr/share/locale/ga/LC_MESSAGES/kabcakonadi.mo", "size_i": "2672", "regex": "false"},
	{"name_s": "/usr/share/locale/ga/LC_MESSAGES/kabcclient.mo", "size_i": "1088", "regex": "false"},
	{"name_s": "/usr/share/locale/ga/LC_MESSAGES/kabcformat_binary.mo", "size_i": "754", "regex": "false"},
	{"name_s": "/usr/share/locale/ga/LC_MESSAGES/kaccess.mo", "size_i": "11026", "regex": "false"},
	{"name_s": "/usr/share/locale/ga/LC_MESSAGES/kaddressbook.mo", "size_i": "32676", "regex": "false"},
	{"name_s": "/usr/share/locale/ga/LC_MESSAGES/kalarm.mo", "size_i": "41873", "regex": "false"},
	{"name_s": "/usr/share/locale/ga/LC_MESSAGES/kalgebra.mo", "size_i": "14831", "regex": "false"},
	{"name_s": "/usr/share/locale/ga/LC_MESSAGES/kalzium.mo", "size_i": "26528", "regex": "false"},
	{"name_s": "/usr/share/locale/ga/LC_MESSAGES/kalzium_qt.mo", "size_i": "13408", "regex": "false"},
	{"name_s": "/usr/share/locale/ga/LC_MESSAGES/kanagram.mo", "size_i": "6836", "regex": "false"},
	{"name_s": "/usr/share/locale/ga/LC_MESSAGES/kapman.mo", "size_i": "2758", "regex": "false"},
	{"name_s": "/usr/share/locale/ga/LC_MESSAGES/kappfinder.mo", "size_i": "2647", "regex": "false"},
	{"name_s": "/usr/share/locale/ga/LC_MESSAGES/kapptemplate.mo", "size_i": "4474", "regex": "false"},
	{"name_s": "/usr/share/locale/ga/LC_MESSAGES/kate-ctags-plugin.mo", "size_i": "3538", "regex": "false"},
	{"name_s": "/usr/share/locale/ga/LC_MESSAGES/kate.mo", "size_i": "15729", "regex": "false"},
	{"name_s": "/usr/share/locale/ga/LC_MESSAGES/katebuild-plugin.mo", "size_i": "1997", "regex": "false"},
	{"name_s": "/usr/share/locale/ga/LC_MESSAGES/kateexternaltoolsplugin.mo", "size_i": "2042", "regex": "false"},
	{"name_s": "/usr/share/locale/ga/LC_MESSAGES/katefilebrowserplugin.mo", "size_i": "6205", "regex": "false"},
	{"name_s": "/usr/share/locale/ga/LC_MESSAGES/katefiletemplates.mo", "size_i": "4181", "regex": "false"},
	{"name_s": "/usr/share/locale/ga/LC_MESSAGES/katefindinfilesplugin.mo", "size_i": "5728", "regex": "false"},
	{"name_s": "/usr/share/locale/ga/LC_MESSAGES/katehelloworld.mo", "size_i": "893", "regex": "false"},
	{"name_s": "/usr/share/locale/ga/LC_MESSAGES/katehtmltools.mo", "size_i": "1108", "regex": "false"},
	{"name_s": "/usr/share/locale/ga/LC_MESSAGES/kateinsertcommand.mo", "size_i": "4538", "regex": "false"},
	{"name_s": "/usr/share/locale/ga/LC_MESSAGES/katekjswrapper.mo", "size_i": "1361", "regex": "false"},
	{"name_s": "/usr/share/locale/ga/LC_MESSAGES/katekonsoleplugin.mo", "size_i": "2198", "regex": "false"},
	{"name_s": "/usr/share/locale/ga/LC_MESSAGES/katemailfilesplugin.mo", "size_i": "2956", "regex": "false"},
	{"name_s": "/usr/share/locale/ga/LC_MESSAGES/kateopenheader.mo", "size_i": "903", "regex": "false"},
	{"name_s": "/usr/share/locale/ga/LC_MESSAGES/katepart4.mo", "size_i": "47388", "regex": "false"},
	{"name_s": "/usr/share/locale/ga/LC_MESSAGES/katepybrowse.mo", "size_i": "939", "regex": "false"},
	{"name_s": "/usr/share/locale/ga/LC_MESSAGES/katequickdocumentswitcherplugin.mo", "size_i": "1025", "regex": "false"},
	{"name_s": "/usr/share/locale/ga/LC_MESSAGES/katesnippets.mo", "size_i": "1032", "regex": "false"},
	{"name_s": "/usr/share/locale/ga/LC_MESSAGES/katesymbolviewer.mo", "size_i": "2843", "regex": "false"},
	{"name_s": "/usr/share/locale/ga/LC_MESSAGES/katetabbarextension.mo", "size_i": "3446", "regex": "false"},
	{"name_s": "/usr/share/locale/ga/LC_MESSAGES/katetextfilter.mo", "size_i": "1581", "regex": "false"},
	{"name_s": "/usr/share/locale/ga/LC_MESSAGES/katexmlcheck.mo", "size_i": "1175", "regex": "false"},
	{"name_s": "/usr/share/locale/ga/LC_MESSAGES/katexmltools.mo", "size_i": "2442", "regex": "false"},
	{"name_s": "/usr/share/locale/ga/LC_MESSAGES/katomic.mo", "size_i": "7944", "regex": "false"},
	{"name_s": "/usr/share/locale/ga/LC_MESSAGES/kbattleship.mo", "size_i": "7064", "regex": "false"},
	{"name_s": "/usr/share/locale/ga/LC_MESSAGES/kblackbox.mo", "size_i": "11937", "regex": "false"},
	{"name_s": "/usr/share/locale/ga/LC_MESSAGES/kblankscrn.mo", "size_i": "896", "regex": "false"},
	{"name_s": "/usr/share/locale/ga/LC_MESSAGES/kblocks.mo", "size_i": "2305", "regex": "false"},
	{"name_s": "/usr/share/locale/ga/LC_MESSAGES/kbounce.mo", "size_i": "2905", "regex": "false"},
	{"name_s": "/usr/share/locale/ga/LC_MESSAGES/kbreakout.mo", "size_i": "3221", "regex": "false"},
	{"name_s": "/usr/share/locale/ga/LC_MESSAGES/kbruch.mo", "size_i": "12134", "regex": "false"},
	{"name_s": "/usr/share/locale/ga/LC_MESSAGES/kbugbuster.mo", "size_i": "11418", "regex": "false"},
	{"name_s": "/usr/share/locale/ga/LC_MESSAGES/kcachegrind.mo", "size_i": "4736", "regex": "false"},
	{"name_s": "/usr/share/locale/ga/LC_MESSAGES/kcachegrind_qt.mo", "size_i": "7178", "regex": "false"},
	{"name_s": "/usr/share/locale/ga/LC_MESSAGES/kcalc.mo", "size_i": "17322", "regex": "false"},
	{"name_s": "/usr/share/locale/ga/LC_MESSAGES/kcertpart.mo", "size_i": "688", "regex": "false"},
	{"name_s": "/usr/share/locale/ga/LC_MESSAGES/kcharselect.mo", "size_i": "2328", "regex": "false"},
	{"name_s": "/usr/share/locale/ga/LC_MESSAGES/kcm_akonadi.mo", "size_i": "957", "regex": "false"},
	{"name_s": "/usr/share/locale/ga/LC_MESSAGES/kcm_autostart.mo", "size_i": "2369", "regex": "false"},
	{"name_s": "/usr/share/locale/ga/LC_MESSAGES/kcm_desktopthemedetails.mo", "size_i": "4015", "regex": "false"},
	{"name_s": "/usr/share/locale/ga/LC_MESSAGES/kcm_emoticons.mo", "size_i": "4440", "regex": "false"},
	{"name_s": "/usr/share/locale/ga/LC_MESSAGES/kcm_krfb.mo", "size_i": "6026", "regex": "false"},
	{"name_s": "/usr/share/locale/ga/LC_MESSAGES/kcm_kwindesktop.mo", "size_i": "1503", "regex": "false"},
	{"name_s": "/usr/share/locale/ga/LC_MESSAGES/kcm_lirc.mo", "size_i": "3575", "regex": "false"},
	{"name_s": "/usr/share/locale/ga/LC_MESSAGES/kcm_memory.mo", "size_i": "4354", "regex": "false"},
	{"name_s": "/usr/share/locale/ga/LC_MESSAGES/kcm_partition.mo", "size_i": "2340", "regex": "false"},
	{"name_s": "/usr/share/locale/ga/LC_MESSAGES/kcm_pci.mo", "size_i": "10576", "regex": "false"},
	{"name_s": "/usr/share/locale/ga/LC_MESSAGES/kcm_phonon.mo", "size_i": "3747", "regex": "false"},
	{"name_s": "/usr/share/locale/ga/LC_MESSAGES/kcm_phononxine.mo", "size_i": "782", "regex": "false"},
	{"name_s": "/usr/share/locale/ga/LC_MESSAGES/kcm_platform.mo", "size_i": "2138", "regex": "false"},
	{"name_s": "/usr/share/locale/ga/LC_MESSAGES/kcm_solid.mo", "size_i": "1037", "regex": "false"},
	{"name_s": "/usr/share/locale/ga/LC_MESSAGES/kcm_solid_actions.mo", "size_i": "4446", "regex": "false"},
	{"name_s": "/usr/share/locale/ga/LC_MESSAGES/kcm_standard_actions.mo", "size_i": "1099", "regex": "false"},
	{"name_s": "/usr/share/locale/ga/LC_MESSAGES/kcmaccess.mo", "size_i": "9999", "regex": "false"},
	{"name_s": "/usr/share/locale/ga/LC_MESSAGES/kcmaudiocd.mo", "size_i": "5359", "regex": "false"},
	{"name_s": "/usr/share/locale/ga/LC_MESSAGES/kcmbackground.mo", "size_i": "19155", "regex": "false"},
	{"name_s": "/usr/share/locale/ga/LC_MESSAGES/kcmbell.mo", "size_i": "3945", "regex": "false"},
	{"name_s": "/usr/share/locale/ga/LC_MESSAGES/kcmcddb.mo", "size_i": "3053", "regex": "false"},
	{"name_s": "/usr/share/locale/ga/LC_MESSAGES/kcmcgi.mo", "size_i": "1581", "regex": "false"},
	{"name_s": "/usr/share/locale/ga/LC_MESSAGES/kcmcolors.mo", "size_i": "7900", "regex": "false"},
	{"name_s": "/usr/share/locale/ga/LC_MESSAGES/kcmcomponentchooser.mo", "size_i": "10606", "regex": "false"},
	{"name_s": "/usr/share/locale/ga/LC_MESSAGES/kcmcrypto.mo", "size_i": "18065", "regex": "false"},
	{"name_s": "/usr/share/locale/ga/LC_MESSAGES/kcmenergy.mo", "size_i": "3781", "regex": "false"},
	{"name_s": "/usr/share/locale/ga/LC_MESSAGES/kcmfonts.mo", "size_i": "6515", "regex": "false"},
	{"name_s": "/usr/share/locale/ga/LC_MESSAGES/kcmhtmlsearch.mo", "size_i": "4357", "regex": "false"},
	{"name_s": "/usr/share/locale/ga/LC_MESSAGES/kcmicons.mo", "size_i": "7246", "regex": "false"},
	{"name_s": "/usr/share/locale/ga/LC_MESSAGES/kcminfo.mo", "size_i": "1988", "regex": "false"},
	{"name_s": "/usr/share/locale/ga/LC_MESSAGES/kcminit.mo", "size_i": "1049", "regex": "false"},
	{"name_s": "/usr/share/locale/ga/LC_MESSAGES/kcminput.mo", "size_i": "15822", "regex": "false"},
	{"name_s": "/usr/share/locale/ga/LC_MESSAGES/kcmioslaveinfo.mo", "size_i": "1628", "regex": "false"},
	{"name_s": "/usr/share/locale/ga/LC_MESSAGES/kcmkabconfig.mo", "size_i": "3843", "regex": "false"},
	{"name_s": "/usr/share/locale/ga/LC_MESSAGES/kcmkamera.mo", "size_i": "2155", "regex": "false"},
	{"name_s": "/usr/share/locale/ga/LC_MESSAGES/kcmkclock.mo", "size_i": "3806", "regex": "false"},
	{"name_s": "/usr/share/locale/ga/LC_MESSAGES/kcmkded.mo", "size_i": "4050", "regex": "false"},
	{"name_s": "/usr/share/locale/ga/LC_MESSAGES/kcmkdnssd.mo", "size_i": "1282", "regex": "false"},
	{"name_s": "/usr/share/locale/ga/LC_MESSAGES/kcmkeyboard.mo", "size_i": "3587", "regex": "false"},
	{"name_s": "/usr/share/locale/ga/LC_MESSAGES/kcmkeys.mo", "size_i": "3326", "regex": "false"},
	{"name_s": "/usr/share/locale/ga/LC_MESSAGES/kcmkgamma.mo", "size_i": "2584", "regex": "false"},
	{"name_s": "/usr/share/locale/ga/LC_MESSAGES/kcmkio.mo", "size_i": "58387", "regex": "false"},
	{"name_s": "/usr/share/locale/ga/LC_MESSAGES/kcmkonq.mo", "size_i": "5566", "regex": "false"},
	{"name_s": "/usr/share/locale/ga/LC_MESSAGES/kcmkonqhtml.mo", "size_i": "56485", "regex": "false"},
	{"name_s": "/usr/share/locale/ga/LC_MESSAGES/kcmkurifilt.mo", "size_i": "2000", "regex": "false"},
	{"name_s": "/usr/share/locale/ga/LC_MESSAGES/kcmkwallet.mo", "size_i": "3912", "regex": "false"},
	{"name_s": "/usr/share/locale/ga/LC_MESSAGES/kcmkwincompositing.mo", "size_i": "6159", "regex": "false"},
	{"name_s": "/usr/share/locale/ga/LC_MESSAGES/kcmkwindecoration.mo", "size_i": "5782", "regex": "false"},
	{"name_s": "/usr/share/locale/ga/LC_MESSAGES/kcmkwinrules.mo", "size_i": "15912", "regex": "false"},
	{"name_s": "/usr/share/locale/ga/LC_MESSAGES/kcmkwinscreenedges.mo", "size_i": "1428", "regex": "false"},
	{"name_s": "/usr/share/locale/ga/LC_MESSAGES/kcmkwm.mo", "size_i": "29579", "regex": "false"},
	{"name_s": "/usr/share/locale/ga/LC_MESSAGES/kcmlaunch.mo", "size_i": "3012", "regex": "false"},
	{"name_s": "/usr/share/locale/ga/LC_MESSAGES/kcmlocale.mo", "size_i": "19173", "regex": "false"},
	{"name_s": "/usr/share/locale/ga/LC_MESSAGES/kcmnic.mo", "size_i": "2140", "regex": "false"},
	{"name_s": "/usr/share/locale/ga/LC_MESSAGES/kcmnotify.mo", "size_i": "2576", "regex": "false"},
	{"name_s": "/usr/share/locale/ga/LC_MESSAGES/kcmopengl.mo", "size_i": "4950", "regex": "false"},
	{"name_s": "/usr/share/locale/ga/LC_MESSAGES/kcmperformance.mo", "size_i": "8295", "regex": "false"},
	{"name_s": "/usr/share/locale/ga/LC_MESSAGES/kcmsamba.mo", "size_i": "9080", "regex": "false"},
	{"name_s": "/usr/share/locale/ga/LC_MESSAGES/kcmscreensaver.mo", "size_i": "7716", "regex": "false"},
	{"name_s": "/usr/share/locale/ga/LC_MESSAGES/kcmshell.mo", "size_i": "1856", "regex": "false"},
	{"name_s": "/usr/share/locale/ga/LC_MESSAGES/kcmsmartcard.mo", "size_i": "4721", "regex": "false"},
	{"name_s": "/usr/share/locale/ga/LC_MESSAGES/kcmsmserver.mo", "size_i": "4349", "regex": "false"},
	{"name_s": "/usr/share/locale/ga/LC_MESSAGES/kcmsolidproc.mo", "size_i": "1099", "regex": "false"},
	{"name_s": "/usr/share/locale/ga/LC_MESSAGES/kcmstyle.mo", "size_i": "5574", "regex": "false"},
	{"name_s": "/usr/share/locale/ga/LC_MESSAGES/kcmusb.mo", "size_i": "6086", "regex": "false"},
	{"name_s": "/usr/share/locale/ga/LC_MESSAGES/kcmview1394.mo", "size_i": "2830", "regex": "false"},
	{"name_s": "/usr/share/locale/ga/LC_MESSAGES/kcmxinerama.mo", "size_i": "3000", "regex": "false"},
	{"name_s": "/usr/share/locale/ga/LC_MESSAGES/kcolorchooser.mo", "size_i": "992", "regex": "false"},
	{"name_s": "/usr/share/locale/ga/LC_MESSAGES/kcron.mo", "size_i": "12586", "regex": "false"},
	{"name_s": "/usr/share/locale/ga/LC_MESSAGES/kdat.mo", "size_i": "25987", "regex": "false"},
	{"name_s": "/usr/share/locale/ga/LC_MESSAGES/kde-menu.mo", "size_i": "2766", "regex": "false"},
	{"name_s": "/usr/share/locale/ga/LC_MESSAGES/kdeasciiquarium.mo", "size_i": "1371", "regex": "false"},
	{"name_s": "/usr/share/locale/ga/LC_MESSAGES/kdebugdialog.mo", "size_i": "2158", "regex": "false"},
	{"name_s": "/usr/share/locale/ga/LC_MESSAGES/kdelibs4.mo", "size_i": "212812", "regex": "false"},
	{"name_s": "/usr/share/locale/ga/LC_MESSAGES/kdelibs_colors4.mo", "size_i": "23606", "regex": "false"},
	{"name_s": "/usr/share/locale/ga/LC_MESSAGES/kdelirc.mo", "size_i": "1207", "regex": "false"},
	{"name_s": "/usr/share/locale/ga/LC_MESSAGES/kdepasswd.mo", "size_i": "3158", "regex": "false"},
	{"name_s": "/usr/share/locale/ga/LC_MESSAGES/kdepimresources.mo", "size_i": "3585", "regex": "false"},
	{"name_s": "/usr/share/locale/ga/LC_MESSAGES/kdepimwizards.mo", "size_i": "6652", "regex": "false"},
	{"name_s": "/usr/share/locale/ga/LC_MESSAGES/kdeqt.mo", "size_i": "38965", "regex": "false"},
	{"name_s": "/usr/share/locale/ga/LC_MESSAGES/kdessh.mo", "size_i": "2639", "regex": "false"},
	{"name_s": "/usr/share/locale/ga/LC_MESSAGES/kdesu.mo", "size_i": "5178", "regex": "false"},
	{"name_s": "/usr/share/locale/ga/LC_MESSAGES/kdesud.mo", "size_i": "1008", "regex": "false"},
	{"name_s": "/usr/share/locale/ga/LC_MESSAGES/kdf.mo", "size_i": "5438", "regex": "false"},
	{"name_s": "/usr/share/locale/ga/LC_MESSAGES/kdgantt.mo", "size_i": "989", "regex": "false"},
	{"name_s": "/usr/share/locale/ga/LC_MESSAGES/kdgantt1.mo", "size_i": "1939", "regex": "false"},
	{"name_s": "/usr/share/locale/ga/LC_MESSAGES/kdialog.mo", "size_i": "5069", "regex": "false"},
	{"name_s": "/usr/share/locale/ga/LC_MESSAGES/kdiamond.mo", "size_i": "4635", "regex": "false"},
	{"name_s": "/usr/share/locale/ga/LC_MESSAGES/kdmconfig.mo", "size_i": "27891", "regex": "false"},
	{"name_s": "/usr/share/locale/ga/LC_MESSAGES/kdmgreet.mo", "size_i": "11213", "regex": "false"},
	{"name_s": "/usr/share/locale/ga/LC_MESSAGES/keditbookmarks.mo", "size_i": "10532", "regex": "false"},
	{"name_s": "/usr/share/locale/ga/LC_MESSAGES/kfile.mo", "size_i": "2819", "regex": "false"},
	{"name_s": "/usr/share/locale/ga/LC_MESSAGES/kfile_avi.mo", "size_i": "901", "regex": "false"},
	{"name_s": "/usr/share/locale/ga/LC_MESSAGES/kfile_dds.mo", "size_i": "1066", "regex": "false"},
	{"name_s": "/usr/share/locale/ga/LC_MESSAGES/kfile_drgeo.mo", "size_i": "847", "regex": "false"},
	{"name_s": "/usr/share/locale/ga/LC_MESSAGES/kfile_dvi.mo", "size_i": "705", "regex": "false"},
	{"name_s": "/usr/share/locale/ga/LC_MESSAGES/kfile_exr.mo", "size_i": "3078", "regex": "false"},
	{"name_s": "/usr/share/locale/ga/LC_MESSAGES/kfile_flac.mo", "size_i": "1337", "regex": "false"},
	{"name_s": "/usr/share/locale/ga/LC_MESSAGES/kfile_kig.mo", "size_i": "1022", "regex": "false"},
	{"name_s": "/usr/share/locale/ga/LC_MESSAGES/kfile_mp3.mo", "size_i": "1336", "regex": "false"},
	{"name_s": "/usr/share/locale/ga/LC_MESSAGES/kfile_mpc.mo", "size_i": "1287", "regex": "false"},
	{"name_s": "/usr/share/locale/ga/LC_MESSAGES/kfile_ogg.mo", "size_i": "1518", "regex": "false"},
	{"name_s": "/usr/share/locale/ga/LC_MESSAGES/kfile_pnm.mo", "size_i": "774", "regex": "false"},
	{"name_s": "/usr/share/locale/ga/LC_MESSAGES/kfile_raw.mo", "size_i": "704", "regex": "false"},
	{"name_s": "/usr/share/locale/ga/LC_MESSAGES/kfile_rgb.mo", "size_i": "1285", "regex": "false"},
	{"name_s": "/usr/share/locale/ga/LC_MESSAGES/kfile_rpm.mo", "size_i": "971", "regex": "false"},
	{"name_s": "/usr/share/locale/ga/LC_MESSAGES/kfile_sid.mo", "size_i": "909", "regex": "false"},
	{"name_s": "/usr/share/locale/ga/LC_MESSAGES/kfile_theora.mo", "size_i": "920", "regex": "false"},
	{"name_s": "/usr/share/locale/ga/LC_MESSAGES/kfile_tiff.mo", "size_i": "2709", "regex": "false"},
	{"name_s": "/usr/share/locale/ga/LC_MESSAGES/kfile_wav.mo", "size_i": "802", "regex": "false"},
	{"name_s": "/usr/share/locale/ga/LC_MESSAGES/kfile_xps.mo", "size_i": "991", "regex": "false"},
	{"name_s": "/usr/share/locale/ga/LC_MESSAGES/kfileaudiopreview4.mo", "size_i": "645", "regex": "false"},
	{"name_s": "/usr/share/locale/ga/LC_MESSAGES/kfileshare.mo", "size_i": "28396", "regex": "false"},
	{"name_s": "/usr/share/locale/ga/LC_MESSAGES/kfindpart.mo", "size_i": "11216", "regex": "false"},
	{"name_s": "/usr/share/locale/ga/LC_MESSAGES/kfloppy.mo", "size_i": "6770", "regex": "false"},
	{"name_s": "/usr/share/locale/ga/LC_MESSAGES/kfmclient.mo", "size_i": "3392", "regex": "false"},
	{"name_s": "/usr/share/locale/ga/LC_MESSAGES/kfontinst.mo", "size_i": "46299", "regex": "false"},
	{"name_s": "/usr/share/locale/ga/LC_MESSAGES/kfourinline.mo", "size_i": "6345", "regex": "false"},
	{"name_s": "/usr/share/locale/ga/LC_MESSAGES/kgeography.mo", "size_i": "377589", "regex": "false"},
	{"name_s": "/usr/share/locale/ga/LC_MESSAGES/kget.mo", "size_i": "32897", "regex": "false"},
	{"name_s": "/usr/share/locale/ga/LC_MESSAGES/kgoldrunner.mo", "size_i": "12452", "regex": "false"},
	{"name_s": "/usr/share/locale/ga/LC_MESSAGES/kgpg.mo", "size_i": "38865", "regex": "false"},
	{"name_s": "/usr/share/locale/ga/LC_MESSAGES/kgreet_classic.mo", "size_i": "1035", "regex": "false"},
	{"name_s": "/usr/share/locale/ga/LC_MESSAGES/kgreet_generic.mo", "size_i": "590", "regex": "false"},
	{"name_s": "/usr/share/locale/ga/LC_MESSAGES/kgreet_winbind.mo", "size_i": "1078", "regex": "false"},
	{"name_s": "/usr/share/locale/ga/LC_MESSAGES/khangman.mo", "size_i": "14228", "regex": "false"},
	{"name_s": "/usr/share/locale/ga/LC_MESSAGES/khelpcenter.mo", "size_i": "11138", "regex": "false"},
	{"name_s": "/usr/share/locale/ga/LC_MESSAGES/khotkeys.mo", "size_i": "6469", "regex": "false"},
	{"name_s": "/usr/share/locale/ga/LC_MESSAGES/khotnewstuff.mo", "size_i": "819", "regex": "false"},
	{"name_s": "/usr/share/locale/ga/LC_MESSAGES/khtmlkttsd.mo", "size_i": "855", "regex": "false"},
	{"name_s": "/usr/share/locale/ga/LC_MESSAGES/kiconfinder.mo", "size_i": "721", "regex": "false"},
	{"name_s": "/usr/share/locale/ga/LC_MESSAGES/kig.mo", "size_i": "31869", "regex": "false"},
	{"name_s": "/usr/share/locale/ga/LC_MESSAGES/killbots.mo", "size_i": "2352", "regex": "false"},
	{"name_s": "/usr/share/locale/ga/LC_MESSAGES/kinetd.mo", "size_i": "628", "regex": "false"},
	{"name_s": "/usr/share/locale/ga/LC_MESSAGES/kinfocenter.mo", "size_i": "14958", "regex": "false"},
	{"name_s": "/usr/share/locale/ga/LC_MESSAGES/kio4.mo", "size_i": "73061", "regex": "false"},
	{"name_s": "/usr/share/locale/ga/LC_MESSAGES/kio_akonadi.mo", "size_i": "748", "regex": "false"},
	{"name_s": "/usr/share/locale/ga/LC_MESSAGES/kio_applications.mo", "size_i": "669", "regex": "false"},
	{"name_s": "/usr/share/locale/ga/LC_MESSAGES/kio_archive.mo", "size_i": "915", "regex": "false"},
	{"name_s": "/usr/share/locale/ga/LC_MESSAGES/kio_audiocd.mo", "size_i": "3231", "regex": "false"},
	{"name_s": "/usr/share/locale/ga/LC_MESSAGES/kio_bookmarks.mo", "size_i": "1336", "regex": "false"},
	{"name_s": "/usr/share/locale/ga/LC_MESSAGES/kio_finger.mo", "size_i": "1102", "regex": "false"},
	{"name_s": "/usr/share/locale/ga/LC_MESSAGES/kio_fish.mo", "size_i": "925", "regex": "false"},
	{"name_s": "/usr/share/locale/ga/LC_MESSAGES/kio_floppy.mo", "size_i": "2885", "regex": "false"},
	{"name_s": "/usr/share/locale/ga/LC_MESSAGES/kio_groupwise.mo", "size_i": "1441", "regex": "false"},
	{"name_s": "/usr/share/locale/ga/LC_MESSAGES/kio_help4.mo", "size_i": "2965", "regex": "false"},
	{"name_s": "/usr/share/locale/ga/LC_MESSAGES/kio_imap4.mo", "size_i": "4794", "regex": "false"},
	{"name_s": "/usr/share/locale/ga/LC_MESSAGES/kio_info.mo", "size_i": "737", "regex": "false"},
	{"name_s": "/usr/share/locale/ga/LC_MESSAGES/kio_jabberdisco.mo", "size_i": "919", "regex": "false"},
	{"name_s": "/usr/share/locale/ga/LC_MESSAGES/kio_ldap.mo", "size_i": "1129", "regex": "false"},
	{"name_s": "/usr/share/locale/ga/LC_MESSAGES/kio_man.mo", "size_i": "3584", "regex": "false"},
	{"name_s": "/usr/share/locale/ga/LC_MESSAGES/kio_mbox.mo", "size_i": "557", "regex": "false"},
	{"name_s": "/usr/share/locale/ga/LC_MESSAGES/kio_nepomuksearch.mo", "size_i": "772", "regex": "false"},
	{"name_s": "/usr/share/locale/ga/LC_MESSAGES/kio_nfs.mo", "size_i": "881", "regex": "false"},
	{"name_s": "/usr/share/locale/ga/LC_MESSAGES/kio_nntp.mo", "size_i": "2031", "regex": "false"},
	{"name_s": "/usr/share/locale/ga/LC_MESSAGES/kio_perldoc.mo", "size_i": "2890", "regex": "false"},
	{"name_s": "/usr/share/locale/ga/LC_MESSAGES/kio_pop3.mo", "size_i": "3652", "regex": "false"},
	{"name_s": "/usr/share/locale/ga/LC_MESSAGES/kio_remote.mo", "size_i": "575", "regex": "false"},
	{"name_s": "/usr/share/locale/ga/LC_MESSAGES/kio_sftp.mo", "size_i": "6839", "regex": "false"},
	{"name_s": "/usr/share/locale/ga/LC_MESSAGES/kio_sieve.mo", "size_i": "5259", "regex": "false"},
	{"name_s": "/usr/share/locale/ga/LC_MESSAGES/kio_smb.mo", "size_i": "3898", "regex": "false"},
	{"name_s": "/usr/share/locale/ga/LC_MESSAGES/kio_smtp.mo", "size_i": "4651", "regex": "false"},
	{"name_s": "/usr/share/locale/ga/LC_MESSAGES/kio_svn.mo", "size_i": "5183", "regex": "false"},
	{"name_s": "/usr/share/locale/ga/LC_MESSAGES/kio_thumbnail.mo", "size_i": "1673", "regex": "false"},
	{"name_s": "/usr/share/locale/ga/LC_MESSAGES/kio_trash.mo", "size_i": "5008", "regex": "false"},
	{"name_s": "/usr/share/locale/ga/LC_MESSAGES/kio_zeroconf.mo", "size_i": "1028", "regex": "false"},
	{"name_s": "/usr/share/locale/ga/LC_MESSAGES/kioclient.mo", "size_i": "5678", "regex": "false"},
	{"name_s": "/usr/share/locale/ga/LC_MESSAGES/kioexec.mo", "size_i": "2602", "regex": "false"},
	{"name_s": "/usr/share/locale/ga/LC_MESSAGES/kiriki.mo", "size_i": "2542", "regex": "false"},
	{"name_s": "/usr/share/locale/ga/LC_MESSAGES/kitchensync.mo", "size_i": "8667", "regex": "false"},
	{"name_s": "/usr/share/locale/ga/LC_MESSAGES/kiten.mo", "size_i": "10866", "regex": "false"},
	{"name_s": "/usr/share/locale/ga/LC_MESSAGES/kjots.mo", "size_i": "7239", "regex": "false"},
	{"name_s": "/usr/share/locale/ga/LC_MESSAGES/kjumpingcube.mo", "size_i": "4130", "regex": "false"},
	{"name_s": "/usr/share/locale/ga/LC_MESSAGES/kleopatra.mo", "size_i": "25003", "regex": "false"},
	{"name_s": "/usr/share/locale/ga/LC_MESSAGES/klettres.mo", "size_i": "12028", "regex": "false"},
	{"name_s": "/usr/share/locale/ga/LC_MESSAGES/klines.mo", "size_i": "2733", "regex": "false"},
	{"name_s": "/usr/share/locale/ga/LC_MESSAGES/klipper.mo", "size_i": "10643", "regex": "false"},
	{"name_s": "/usr/share/locale/ga/LC_MESSAGES/klock.mo", "size_i": "22277", "regex": "false"},
	{"name_s": "/usr/share/locale/ga/LC_MESSAGES/kmag.mo", "size_i": "8850", "regex": "false"},
	{"name_s": "/usr/share/locale/ga/LC_MESSAGES/kmahjongg.mo", "size_i": "7457", "regex": "false"},
	{"name_s": "/usr/share/locale/ga/LC_MESSAGES/kmail.mo", "size_i": "93285", "regex": "false"},
	{"name_s": "/usr/share/locale/ga/LC_MESSAGES/kmail_text_calendar_plugin.mo", "size_i": "883", "regex": "false"},
	{"name_s": "/usr/share/locale/ga/LC_MESSAGES/kmail_text_vcard_plugin.mo", "size_i": "761", "regex": "false"},
	{"name_s": "/usr/share/locale/ga/LC_MESSAGES/kmail_text_xdiff_plugin.mo", "size_i": "585", "regex": "false"},
	{"name_s": "/usr/share/locale/ga/LC_MESSAGES/kmailcvt.mo", "size_i": "4748", "regex": "false"},
	{"name_s": "/usr/share/locale/ga/LC_MESSAGES/kmenuedit.mo", "size_i": "5249", "regex": "false"},
	{"name_s": "/usr/share/locale/ga/LC_MESSAGES/kmimetypefinder.mo", "size_i": "1253", "regex": "false"},
	{"name_s": "/usr/share/locale/ga/LC_MESSAGES/kmines.mo", "size_i": "3147", "regex": "false"},
	{"name_s": "/usr/share/locale/ga/LC_MESSAGES/kmix.mo", "size_i": "11715", "regex": "false"},
	{"name_s": "/usr/share/locale/ga/LC_MESSAGES/kmousetool.mo", "size_i": "3694", "regex": "false"},
	{"name_s": "/usr/share/locale/ga/LC_MESSAGES/kmouth.mo", "size_i": "26859", "regex": "false"},
	{"name_s": "/usr/share/locale/ga/LC_MESSAGES/kmplot.mo", "size_i": "11773", "regex": "false"},
	{"name_s": "/usr/share/locale/ga/LC_MESSAGES/knetattach.mo", "size_i": "4107", "regex": "false"},
	{"name_s": "/usr/share/locale/ga/LC_MESSAGES/knetwalk.mo", "size_i": "4553", "regex": "false"},
	{"name_s": "/usr/share/locale/ga/LC_MESSAGES/knetworkconfmodule.mo", "size_i": "18885", "regex": "false"},
	{"name_s": "/usr/share/locale/ga/LC_MESSAGES/knode.mo", "size_i": "24439", "regex": "false"},
	{"name_s": "/usr/share/locale/ga/LC_MESSAGES/knotes.mo", "size_i": "7912", "regex": "false"},
	{"name_s": "/usr/share/locale/ga/LC_MESSAGES/knotificationitem-1.mo", "size_i": "1004", "regex": "false"},
	{"name_s": "/usr/share/locale/ga/LC_MESSAGES/knotify4.mo", "size_i": "1470", "regex": "false"},
	{"name_s": "/usr/share/locale/ga/LC_MESSAGES/kolf.mo", "size_i": "9191", "regex": "false"},
	{"name_s": "/usr/share/locale/ga/LC_MESSAGES/kollision.mo", "size_i": "2763", "regex": "false"},
	{"name_s": "/usr/share/locale/ga/LC_MESSAGES/kolourpaint.mo", "size_i": "18631", "regex": "false"},
	{"name_s": "/usr/share/locale/ga/LC_MESSAGES/kompare.mo", "size_i": "11360", "regex": "false"},
	{"name_s": "/usr/share/locale/ga/LC_MESSAGES/konqueror.mo", "size_i": "48995", "regex": "false"},
	{"name_s": "/usr/share/locale/ga/LC_MESSAGES/konquest.mo", "size_i": "5735", "regex": "false"},
	{"name_s": "/usr/share/locale/ga/LC_MESSAGES/konsole.mo", "size_i": "27690", "regex": "false"},
	{"name_s": "/usr/share/locale/ga/LC_MESSAGES/konsolekalendar.mo", "size_i": "6711", "regex": "false"},
	{"name_s": "/usr/share/locale/ga/LC_MESSAGES/kontact.mo", "size_i": "14653", "regex": "false"},
	{"name_s": "/usr/share/locale/ga/LC_MESSAGES/kontactinterfaces.mo", "size_i": "650", "regex": "false"},
	{"name_s": "/usr/share/locale/ga/LC_MESSAGES/kopete.mo", "size_i": "117815", "regex": "false"},
	{"name_s": "/usr/share/locale/ga/LC_MESSAGES/korganizer.mo", "size_i": "55954", "regex": "false"},
	{"name_s": "/usr/share/locale/ga/LC_MESSAGES/kpackage.mo", "size_i": "10115", "regex": "false"},
	{"name_s": "/usr/share/locale/ga/LC_MESSAGES/kpartloader.mo", "size_i": "935", "regex": "false"},
	{"name_s": "/usr/share/locale/ga/LC_MESSAGES/kpartsaver.mo", "size_i": "1805", "regex": "false"},
	{"name_s": "/usr/share/locale/ga/LC_MESSAGES/kpasswdserver.mo", "size_i": "741", "regex": "false"},
	{"name_s": "/usr/share/locale/ga/LC_MESSAGES/kpat.mo", "size_i": "6089", "regex": "false"},
	{"name_s": "/usr/share/locale/ga/LC_MESSAGES/kpilot.mo", "size_i": "23583", "regex": "false"},
	{"name_s": "/usr/share/locale/ga/LC_MESSAGES/kppp.mo", "size_i": "13448", "regex": "false"},
	{"name_s": "/usr/share/locale/ga/LC_MESSAGES/kppplogview.mo", "size_i": "4794", "regex": "false"},
	{"name_s": "/usr/share/locale/ga/LC_MESSAGES/kquitapp.mo", "size_i": "1734", "regex": "false"},
	{"name_s": "/usr/share/locale/ga/LC_MESSAGES/krandr.mo", "size_i": "8660", "regex": "false"},
	{"name_s": "/usr/share/locale/ga/LC_MESSAGES/krdb.mo", "size_i": "959", "regex": "false"},
	{"name_s": "/usr/share/locale/ga/LC_MESSAGES/krdc.mo", "size_i": "20618", "regex": "false"},
	{"name_s": "/usr/share/locale/ga/LC_MESSAGES/kreadconfig.mo", "size_i": "1266", "regex": "false"},
	{"name_s": "/usr/share/locale/ga/LC_MESSAGES/kres-migrator.mo", "size_i": "2833", "regex": "false"},
	{"name_s": "/usr/share/locale/ga/LC_MESSAGES/kres_birthday.mo", "size_i": "1051", "regex": "false"},
	{"name_s": "/usr/share/locale/ga/LC_MESSAGES/kres_blog.mo", "size_i": "1150", "regex": "false"},
	{"name_s": "/usr/share/locale/ga/LC_MESSAGES/kres_bugzilla.mo", "size_i": "741", "regex": "false"},
	{"name_s": "/usr/share/locale/ga/LC_MESSAGES/kres_groupware.mo", "size_i": "1543", "regex": "false"},
	{"name_s": "/usr/share/locale/ga/LC_MESSAGES/kres_groupwise.mo", "size_i": "6321", "regex": "false"},
	{"name_s": "/usr/share/locale/ga/LC_MESSAGES/kres_kolab.mo", "size_i": "2875", "regex": "false"},
	{"name_s": "/usr/share/locale/ga/LC_MESSAGES/kres_remote.mo", "size_i": "883", "regex": "false"},
	{"name_s": "/usr/share/locale/ga/LC_MESSAGES/kres_scalix.mo", "size_i": "6115", "regex": "false"},
	{"name_s": "/usr/share/locale/ga/LC_MESSAGES/kres_tvanytime.mo", "size_i": "1003", "regex": "false"},
	{"name_s": "/usr/share/locale/ga/LC_MESSAGES/kres_xmlrpc.mo", "size_i": "1914", "regex": "false"},
	{"name_s": "/usr/share/locale/ga/LC_MESSAGES/kreversi.mo", "size_i": "4165", "regex": "false"},
	{"name_s": "/usr/share/locale/ga/LC_MESSAGES/krfb.mo", "size_i": "19673", "regex": "false"},
	{"name_s": "/usr/share/locale/ga/LC_MESSAGES/kruler.mo", "size_i": "2355", "regex": "false"},
	{"name_s": "/usr/share/locale/ga/LC_MESSAGES/krunner.mo", "size_i": "7434", "regex": "false"},
	{"name_s": "/usr/share/locale/ga/LC_MESSAGES/ksame.mo", "size_i": "2468", "regex": "false"},
	{"name_s": "/usr/share/locale/ga/LC_MESSAGES/ksaneplugin.mo", "size_i": "632", "regex": "false"},
	{"name_s": "/usr/share/locale/ga/LC_MESSAGES/ksayit.mo", "size_i": "7044", "regex": "false"},
	{"name_s": "/usr/share/locale/ga/LC_MESSAGES/kscd.mo", "size_i": "7246", "regex": "false"},
	{"name_s": "/usr/share/locale/ga/LC_MESSAGES/kscreensaver.mo", "size_i": "1513", "regex": "false"},
	{"name_s": "/usr/share/locale/ga/LC_MESSAGES/ksendemail.mo", "size_i": "1874", "regex": "false"},
	{"name_s": "/usr/share/locale/ga/LC_MESSAGES/kshisen.mo", "size_i": "8685", "regex": "false"},
	{"name_s": "/usr/share/locale/ga/LC_MESSAGES/kshorturifilter.mo", "size_i": "859", "regex": "false"},
	{"name_s": "/usr/share/locale/ga/LC_MESSAGES/ksirk.mo", "size_i": "14005", "regex": "false"},
	{"name_s": "/usr/share/locale/ga/LC_MESSAGES/ksmserver.mo", "size_i": "3160", "regex": "false"},
	{"name_s": "/usr/share/locale/ga/LC_MESSAGES/ksnapshot.mo", "size_i": "5132", "regex": "false"},
	{"name_s": "/usr/share/locale/ga/LC_MESSAGES/kspaceduel.mo", "size_i": "4828", "regex": "false"},
	{"name_s": "/usr/share/locale/ga/LC_MESSAGES/ksplashthemes.mo", "size_i": "4571", "regex": "false"},
	{"name_s": "/usr/share/locale/ga/LC_MESSAGES/ksquares.mo", "size_i": "6699", "regex": "false"},
	{"name_s": "/usr/share/locale/ga/LC_MESSAGES/kstars.mo", "size_i": "456030", "regex": "false"},
	{"name_s": "/usr/share/locale/ga/LC_MESSAGES/kstart.mo", "size_i": "4620", "regex": "false"},
	{"name_s": "/usr/share/locale/ga/LC_MESSAGES/kstartperf.mo", "size_i": "1223", "regex": "false"},
	{"name_s": "/usr/share/locale/ga/LC_MESSAGES/kstyle_config.mo", "size_i": "1076", "regex": "false"},
	{"name_s": "/usr/share/locale/ga/LC_MESSAGES/kstyle_keramik_config.mo", "size_i": "674", "regex": "false"},
	{"name_s": "/usr/share/locale/ga/LC_MESSAGES/kstyle_phase_config.mo", "size_i": "1149", "regex": "false"},
	{"name_s": "/usr/share/locale/ga/LC_MESSAGES/ksudoku.mo", "size_i": "9799", "regex": "false"},
	{"name_s": "/usr/share/locale/ga/LC_MESSAGES/ksysguard.mo", "size_i": "23897", "regex": "false"},
	{"name_s": "/usr/share/locale/ga/LC_MESSAGES/ksysguardlsofwidgets.mo", "size_i": "778", "regex": "false"},
	{"name_s": "/usr/share/locale/ga/LC_MESSAGES/ksystemlog.mo", "size_i": "62301", "regex": "false"},
	{"name_s": "/usr/share/locale/ga/LC_MESSAGES/ksystraycmd.mo", "size_i": "3704", "regex": "false"},
	{"name_s": "/usr/share/locale/ga/LC_MESSAGES/ksysv.mo", "size_i": "22202", "regex": "false"},
	{"name_s": "/usr/share/locale/ga/LC_MESSAGES/kteatime.mo", "size_i": "4616", "regex": "false"},
	{"name_s": "/usr/share/locale/ga/LC_MESSAGES/ktexteditor_plugins.mo", "size_i": "9349", "regex": "false"},
	{"name_s": "/usr/share/locale/ga/LC_MESSAGES/ktexteditorkabcbridge_plugin.mo", "size_i": "989", "regex": "false"},
	{"name_s": "/usr/share/locale/ga/LC_MESSAGES/kthememanager.mo", "size_i": "3608", "regex": "false"},
	{"name_s": "/usr/share/locale/ga/LC_MESSAGES/ktimer.mo", "size_i": "4476", "regex": "false"},
	{"name_s": "/usr/share/locale/ga/LC_MESSAGES/ktimetracker.mo", "size_i": "8030", "regex": "false"},
	{"name_s": "/usr/share/locale/ga/LC_MESSAGES/ktouch.mo", "size_i": "22836", "regex": "false"},
	{"name_s": "/usr/share/locale/ga/LC_MESSAGES/ktraderclient.mo", "size_i": "1034", "regex": "false"},
	{"name_s": "/usr/share/locale/ga/LC_MESSAGES/ktron.mo", "size_i": "4479", "regex": "false"},
	{"name_s": "/usr/share/locale/ga/LC_MESSAGES/kttsd.mo", "size_i": "64841", "regex": "false"},
	{"name_s": "/usr/share/locale/ga/LC_MESSAGES/ktuberling.mo", "size_i": "3618", "regex": "false"},
	{"name_s": "/usr/share/locale/ga/LC_MESSAGES/kturtle.mo", "size_i": "24623", "regex": "false"},
	{"name_s": "/usr/share/locale/ga/LC_MESSAGES/ktux.mo", "size_i": "1029", "regex": "false"},
	{"name_s": "/usr/share/locale/ga/LC_MESSAGES/kubrick.mo", "size_i": "1717", "regex": "false"},
	{"name_s": "/usr/share/locale/ga/LC_MESSAGES/kuiserver.mo", "size_i": "2780", "regex": "false"},
	{"name_s": "/usr/share/locale/ga/LC_MESSAGES/kuiviewer.mo", "size_i": "1734", "regex": "false"},
	{"name_s": "/usr/share/locale/ga/LC_MESSAGES/kurifilter.mo", "size_i": "6962", "regex": "false"},
	{"name_s": "/usr/share/locale/ga/LC_MESSAGES/kuser.mo", "size_i": "34363", "regex": "false"},
	{"name_s": "/usr/share/locale/ga/LC_MESSAGES/kwalletd.mo", "size_i": "10897", "regex": "false"},
	{"name_s": "/usr/share/locale/ga/LC_MESSAGES/kwalletmanager.mo", "size_i": "8618", "regex": "false"},
	{"name_s": "/usr/share/locale/ga/LC_MESSAGES/kwatchgnupg.mo", "size_i": "3700", "regex": "false"},
	{"name_s": "/usr/share/locale/ga/LC_MESSAGES/kweather.mo", "size_i": "11007", "regex": "false"},
	{"name_s": "/usr/share/locale/ga/LC_MESSAGES/kwin.mo", "size_i": "16389", "regex": "false"},
	{"name_s": "/usr/share/locale/ga/LC_MESSAGES/kwin_art_clients.mo", "size_i": "5923", "regex": "false"},
	{"name_s": "/usr/share/locale/ga/LC_MESSAGES/kwin_clients.mo", "size_i": "9634", "regex": "false"},
	{"name_s": "/usr/share/locale/ga/LC_MESSAGES/kwin_effects.mo", "size_i": "11250", "regex": "false"},
	{"name_s": "/usr/share/locale/ga/LC_MESSAGES/kwin_lib.mo", "size_i": "1708", "regex": "false"},
	{"name_s": "/usr/share/locale/ga/LC_MESSAGES/kwinstartmenu.mo", "size_i": "1302", "regex": "false"},
	{"name_s": "/usr/share/locale/ga/LC_MESSAGES/kwordquiz.mo", "size_i": "15402", "regex": "false"},
	{"name_s": "/usr/share/locale/ga/LC_MESSAGES/kwrite.mo", "size_i": "7237", "regex": "false"},
	{"name_s": "/usr/share/locale/ga/LC_MESSAGES/kwriteconfig.mo", "size_i": "1718", "regex": "false"},
	{"name_s": "/usr/share/locale/ga/LC_MESSAGES/kxkb.mo", "size_i": "8210", "regex": "false"},
	{"name_s": "/usr/share/locale/ga/LC_MESSAGES/kxsconfig.mo", "size_i": "13712", "regex": "false"},
	{"name_s": "/usr/share/locale/ga/LC_MESSAGES/lancelot.mo", "size_i": "10526", "regex": "false"},
	{"name_s": "/usr/share/locale/ga/LC_MESSAGES/libakonadi.mo", "size_i": "7007", "regex": "false"},
	{"name_s": "/usr/share/locale/ga/LC_MESSAGES/libconversion.mo", "size_i": "18194", "regex": "false"},
	{"name_s": "/usr/share/locale/ga/LC_MESSAGES/libkblog.mo", "size_i": "3780", "regex": "false"},
	{"name_s": "/usr/share/locale/ga/LC_MESSAGES/libkcal.mo", "size_i": "36124", "regex": "false"},
	{"name_s": "/usr/share/locale/ga/LC_MESSAGES/libkcddb.mo", "size_i": "9100", "regex": "false"},
	{"name_s": "/usr/share/locale/ga/LC_MESSAGES/libkcompactdisc.mo", "size_i": "951", "regex": "false"},
	{"name_s": "/usr/share/locale/ga/LC_MESSAGES/libkdcraw.mo", "size_i": "13531", "regex": "false"},
	{"name_s": "/usr/share/locale/ga/LC_MESSAGES/libkdeedu.mo", "size_i": "23206", "regex": "false"},
	{"name_s": "/usr/share/locale/ga/LC_MESSAGES/libkdegames.mo", "size_i": "21648", "regex": "false"},
	{"name_s": "/usr/share/locale/ga/LC_MESSAGES/libkdepim.mo", "size_i": "16352", "regex": "false"},
	{"name_s": "/usr/share/locale/ga/LC_MESSAGES/libkholidays.mo", "size_i": "2286", "regex": "false"},
	{"name_s": "/usr/share/locale/ga/LC_MESSAGES/libkldap.mo", "size_i": "3878", "regex": "false"},
	{"name_s": "/usr/share/locale/ga/LC_MESSAGES/libkleopatra.mo", "size_i": "9930", "regex": "false"},
	{"name_s": "/usr/share/locale/ga/LC_MESSAGES/libkmahjongg.mo", "size_i": "790", "regex": "false"},
	{"name_s": "/usr/share/locale/ga/LC_MESSAGES/libkmime.mo", "size_i": "2726", "regex": "false"},
	{"name_s": "/usr/share/locale/ga/LC_MESSAGES/libkonq.mo", "size_i": "3597", "regex": "false"},
	{"name_s": "/usr/share/locale/ga/LC_MESSAGES/libkpgp.mo", "size_i": "6032", "regex": "false"},
	{"name_s": "/usr/share/locale/ga/LC_MESSAGES/libkpimidentities.mo", "size_i": "3454", "regex": "false"},
	{"name_s": "/usr/share/locale/ga/LC_MESSAGES/libkpimutils.mo", "size_i": "6832", "regex": "false"},
	{"name_s": "/usr/share/locale/ga/LC_MESSAGES/libkresources.mo", "size_i": "3427", "regex": "false"},
	{"name_s": "/usr/share/locale/ga/LC_MESSAGES/libksane.mo", "size_i": "3525", "regex": "false"},
	{"name_s": "/usr/share/locale/ga/LC_MESSAGES/libkscreensaver.mo", "size_i": "1008", "regex": "false"},
	{"name_s": "/usr/share/locale/ga/LC_MESSAGES/libksieve.mo", "size_i": "3244", "regex": "false"},
	{"name_s": "/usr/share/locale/ga/LC_MESSAGES/libktnef.mo", "size_i": "9361", "regex": "false"},
	{"name_s": "/usr/share/locale/ga/LC_MESSAGES/libkworkspace.mo", "size_i": "1260", "regex": "false"},
	{"name_s": "/usr/share/locale/ga/LC_MESSAGES/libkxmlrpcclient.mo", "size_i": "721", "regex": "false"},
	{"name_s": "/usr/share/locale/ga/LC_MESSAGES/libmailtransport.mo", "size_i": "9594", "regex": "false"},
	{"name_s": "/usr/share/locale/ga/LC_MESSAGES/liboktetacore.mo", "size_i": "731", "regex": "false"},
	{"name_s": "/usr/share/locale/ga/LC_MESSAGES/libphonon.mo", "size_i": "1668", "regex": "false"},
	{"name_s": "/usr/share/locale/ga/LC_MESSAGES/libplasma.mo", "size_i": "6973", "regex": "false"},
	{"name_s": "/usr/share/locale/ga/LC_MESSAGES/libplasmaclock.mo", "size_i": "5408", "regex": "false"},
	{"name_s": "/usr/share/locale/ga/LC_MESSAGES/libtaskmanager.mo", "size_i": "1643", "regex": "false"},
	{"name_s": "/usr/share/locale/ga/LC_MESSAGES/lokalize.mo", "size_i": "19349", "regex": "false"},
	{"name_s": "/usr/share/locale/ga/LC_MESSAGES/lskat.mo", "size_i": "6340", "regex": "false"},
	{"name_s": "/usr/share/locale/ga/LC_MESSAGES/marble.mo", "size_i": "25955", "regex": "false"},
	{"name_s": "/usr/share/locale/ga/LC_MESSAGES/marble_qt.mo", "size_i": "13429", "regex": "false"},
	{"name_s": "/usr/share/locale/ga/LC_MESSAGES/mplayerthumbs.mo", "size_i": "1093", "regex": "false"},
	{"name_s": "/usr/share/locale/ga/LC_MESSAGES/nepomuk.mo", "size_i": "8428", "regex": "false"},
	{"name_s": "/usr/share/locale/ga/LC_MESSAGES/nepomuksearch.mo", "size_i": "1039", "regex": "false"},
	{"name_s": "/usr/share/locale/ga/LC_MESSAGES/nsplugin.mo", "size_i": "1761", "regex": "false"},
	{"name_s": "/usr/share/locale/ga/LC_MESSAGES/okteta.mo", "size_i": "29532", "regex": "false"},
	{"name_s": "/usr/share/locale/ga/LC_MESSAGES/oktetapart.mo", "size_i": "1628", "regex": "false"},
	{"name_s": "/usr/share/locale/ga/LC_MESSAGES/okular.mo", "size_i": "23208", "regex": "false"},
	{"name_s": "/usr/share/locale/ga/LC_MESSAGES/okular_chm.mo", "size_i": "1036", "regex": "false"},
	{"name_s": "/usr/share/locale/ga/LC_MESSAGES/okular_comicbook.mo", "size_i": "1349", "regex": "false"},
	{"name_s": "/usr/share/locale/ga/LC_MESSAGES/okular_djvu.mo", "size_i": "2040", "regex": "false"},
	{"name_s": "/usr/share/locale/ga/LC_MESSAGES/okular_dvi.mo", "size_i": "2833", "regex": "false"},
	{"name_s": "/usr/share/locale/ga/LC_MESSAGES/okular_epub.mo", "size_i": "950", "regex": "false"},
	{"name_s": "/usr/share/locale/ga/LC_MESSAGES/okular_fax.mo", "size_i": "976", "regex": "false"},
	{"name_s": "/usr/share/locale/ga/LC_MESSAGES/okular_fictionbook.mo", "size_i": "1518", "regex": "false"},
	{"name_s": "/usr/share/locale/ga/LC_MESSAGES/okular_ghostview.mo", "size_i": "1394", "regex": "false"},
	{"name_s": "/usr/share/locale/ga/LC_MESSAGES/okular_kimgio.mo", "size_i": "1263", "regex": "false"},
	{"name_s": "/usr/share/locale/ga/LC_MESSAGES/okular_mobi.mo", "size_i": "1234", "regex": "false"},
	{"name_s": "/usr/share/locale/ga/LC_MESSAGES/okular_ooo.mo", "size_i": "2338", "regex": "false"},
	{"name_s": "/usr/share/locale/ga/LC_MESSAGES/okular_plucker.mo", "size_i": "954", "regex": "false"},
	{"name_s": "/usr/share/locale/ga/LC_MESSAGES/okular_poppler.mo", "size_i": "2347", "regex": "false"},
	{"name_s": "/usr/share/locale/ga/LC_MESSAGES/okular_tiff.mo", "size_i": "1270", "regex": "false"},
	{"name_s": "/usr/share/locale/ga/LC_MESSAGES/okular_xps.mo", "size_i": "1056", "regex": "false"},
	{"name_s": "/usr/share/locale/ga/LC_MESSAGES/parley.mo", "size_i": "28985", "regex": "false"},
	{"name_s": "/usr/share/locale/ga/LC_MESSAGES/phonon-xine.mo", "size_i": "4518", "regex": "false"},
	{"name_s": "/usr/share/locale/ga/LC_MESSAGES/phonon_gstreamer.mo", "size_i": "2122", "regex": "false"},
	{"name_s": "/usr/share/locale/ga/LC_MESSAGES/phonon_kde.mo", "size_i": "1100", "regex": "false"},
	{"name_s": "/usr/share/locale/ga/LC_MESSAGES/phononserver.mo", "size_i": "2819", "regex": "false"},
	{"name_s": "/usr/share/locale/ga/LC_MESSAGES/plasma-desktop.mo", "size_i": "3998", "regex": "false"},
	{"name_s": "/usr/share/locale/ga/LC_MESSAGES/plasma-overlay.mo", "size_i": "2290", "regex": "false"},
	{"name_s": "/usr/share/locale/ga/LC_MESSAGES/plasma-shells-common.mo", "size_i": "3702", "regex": "false"},
	{"name_s": "/usr/share/locale/ga/LC_MESSAGES/plasma_applet_BbalL.mo", "size_i": "1639", "regex": "false"},
	{"name_s": "/usr/share/locale/ga/LC_MESSAGES/plasma_applet_CharSelectApplet.mo", "size_i": "578", "regex": "false"},
	{"name_s": "/usr/share/locale/ga/LC_MESSAGES/plasma_applet_battery.mo", "size_i": "2246", "regex": "false"},
	{"name_s": "/usr/share/locale/ga/LC_MESSAGES/plasma_applet_binaryclock.mo", "size_i": "1913", "regex": "false"},
	{"name_s": "/usr/share/locale/ga/LC_MESSAGES/plasma_applet_bubblemon.mo", "size_i": "1263", "regex": "false"},
	{"name_s": "/usr/share/locale/ga/LC_MESSAGES/plasma_applet_calculator.mo", "size_i": "1114", "regex": "false"},
	{"name_s": "/usr/share/locale/ga/LC_MESSAGES/plasma_applet_clock.mo", "size_i": "1098", "regex": "false"},
	{"name_s": "/usr/share/locale/ga/LC_MESSAGES/plasma_applet_comic.mo", "size_i": "2783", "regex": "false"},
	{"name_s": "/usr/share/locale/ga/LC_MESSAGES/plasma_applet_desktop.mo", "size_i": "720", "regex": "false"},
	{"name_s": "/usr/share/locale/ga/LC_MESSAGES/plasma_applet_devicenotifier.mo", "size_i": "1343", "regex": "false"},
	{"name_s": "/usr/share/locale/ga/LC_MESSAGES/plasma_applet_dig_clock.mo", "size_i": "3817", "regex": "false"},
	{"name_s": "/usr/share/locale/ga/LC_MESSAGES/plasma_applet_fifteenPuzzle.mo", "size_i": "1093", "regex": "false"},
	{"name_s": "/usr/share/locale/ga/LC_MESSAGES/plasma_applet_fileWatcher.mo", "size_i": "1482", "regex": "false"},
	{"name_s": "/usr/share/locale/ga/LC_MESSAGES/plasma_applet_folderview.mo", "size_i": "12244", "regex": "false"},
	{"name_s": "/usr/share/locale/ga/LC_MESSAGES/plasma_applet_frame.mo", "size_i": "2494", "regex": "false"},
	{"name_s": "/usr/share/locale/ga/LC_MESSAGES/plasma_applet_fuzzy_clock.mo", "size_i": "6234", "regex": "false"},
	{"name_s": "/usr/share/locale/ga/LC_MESSAGES/plasma_applet_icon.mo", "size_i": "955", "regex": "false"},
	{"name_s": "/usr/share/locale/ga/LC_MESSAGES/plasma_applet_incomingmsg.mo", "size_i": "1818", "regex": "false"},
	{"name_s": "/usr/share/locale/ga/LC_MESSAGES/plasma_applet_kalzium.mo", "size_i": "1057", "regex": "false"},
	{"name_s": "/usr/share/locale/ga/LC_MESSAGES/plasma_applet_katesession.mo", "size_i": "1412", "regex": "false"},
	{"name_s": "/usr/share/locale/ga/LC_MESSAGES/plasma_applet_kget.mo", "size_i": "708", "regex": "false"},
	{"name_s": "/usr/share/locale/ga/LC_MESSAGES/plasma_applet_kolourpicker.mo", "size_i": "662", "regex": "false"},
	{"name_s": "/usr/share/locale/ga/LC_MESSAGES/plasma_applet_launcher.mo", "size_i": "5541", "regex": "false"},
	{"name_s": "/usr/share/locale/ga/LC_MESSAGES/plasma_applet_leavenote.mo", "size_i": "1206", "regex": "false"},
	{"name_s": "/usr/share/locale/ga/LC_MESSAGES/plasma_applet_life.mo", "size_i": "890", "regex": "false"},
	{"name_s": "/usr/share/locale/ga/LC_MESSAGES/plasma_applet_lockout.mo", "size_i": "1020", "regex": "false"},
	{"name_s": "/usr/share/locale/ga/LC_MESSAGES/plasma_applet_luna.mo", "size_i": "2637", "regex": "false"},
	{"name_s": "/usr/share/locale/ga/LC_MESSAGES/plasma_applet_magnifique.mo", "size_i": "771", "regex": "false"},
	{"name_s": "/usr/share/locale/ga/LC_MESSAGES/plasma_applet_microblog.mo", "size_i": "2129", "regex": "false"},
	{"name_s": "/usr/share/locale/ga/LC_MESSAGES/plasma_applet_news.mo", "size_i": "1274", "regex": "false"},
	{"name_s": "/usr/share/locale/ga/LC_MESSAGES/plasma_applet_notes.mo", "size_i": "1679", "regex": "false"},
	{"name_s": "/usr/share/locale/ga/LC_MESSAGES/plasma_applet_nowplaying.mo", "size_i": "915", "regex": "false"},
	{"name_s": "/usr/share/locale/ga/LC_MESSAGES/plasma_applet_opendesktop.mo", "size_i": "563", "regex": "false"},
	{"name_s": "/usr/share/locale/ga/LC_MESSAGES/plasma_applet_pager.mo", "size_i": "1666", "regex": "false"},
	{"name_s": "/usr/share/locale/ga/LC_MESSAGES/plasma_applet_panel.mo", "size_i": "623", "regex": "false"},
	{"name_s": "/usr/share/locale/ga/LC_MESSAGES/plasma_applet_paste.mo", "size_i": "2674", "regex": "false"},
	{"name_s": "/usr/share/locale/ga/LC_MESSAGES/plasma_applet_pastebin.mo", "size_i": "2168", "regex": "false"},
	{"name_s": "/usr/share/locale/ga/LC_MESSAGES/plasma_applet_previewer.mo", "size_i": "1198", "regex": "false"},
	{"name_s": "/usr/share/locale/ga/LC_MESSAGES/plasma_applet_qstardict.mo", "size_i": "641", "regex": "false"},
	{"name_s": "/usr/share/locale/ga/LC_MESSAGES/plasma_applet_quicklaunch.mo", "size_i": "1083", "regex": "false"},
	{"name_s": "/usr/share/locale/ga/LC_MESSAGES/plasma_applet_rssnow.mo", "size_i": "1903", "regex": "false"},
	{"name_s": "/usr/share/locale/ga/LC_MESSAGES/plasma_applet_rtm.mo", "size_i": "728", "regex": "false"},
	{"name_s": "/usr/share/locale/ga/LC_MESSAGES/plasma_applet_saverdesktop.mo", "size_i": "571", "regex": "false"},
	{"name_s": "/usr/share/locale/ga/LC_MESSAGES/plasma_applet_showdashboard.mo", "size_i": "609", "regex": "false"},
	{"name_s": "/usr/share/locale/ga/LC_MESSAGES/plasma_applet_showdesktop.mo", "size_i": "700", "regex": "false"},
	{"name_s": "/usr/share/locale/ga/LC_MESSAGES/plasma_applet_skapplet.mo", "size_i": "781", "regex": "false"},
	{"name_s": "/usr/share/locale/ga/LC_MESSAGES/plasma_applet_system-monitor.mo", "size_i": "1876", "regex": "false"},
	{"name_s": "/usr/share/locale/ga/LC_MESSAGES/plasma_applet_systemloadviewer.mo", "size_i": "1868", "regex": "false"},
	{"name_s": "/usr/share/locale/ga/LC_MESSAGES/plasma_applet_systemtray.mo", "size_i": "1229", "regex": "false"},
	{"name_s": "/usr/share/locale/ga/LC_MESSAGES/plasma_applet_tasks.mo", "size_i": "1950", "regex": "false"},
	{"name_s": "/usr/share/locale/ga/LC_MESSAGES/plasma_applet_timer.mo", "size_i": "1062", "regex": "false"},
	{"name_s": "/usr/share/locale/ga/LC_MESSAGES/plasma_applet_trash.mo", "size_i": "1103", "regex": "false"},
	{"name_s": "/usr/share/locale/ga/LC_MESSAGES/plasma_applet_unitconverter.mo", "size_i": "607", "regex": "false"},
	{"name_s": "/usr/share/locale/ga/LC_MESSAGES/plasma_applet_weather.mo", "size_i": "1417", "regex": "false"},
	{"name_s": "/usr/share/locale/ga/LC_MESSAGES/plasma_applet_weatherstation.mo", "size_i": "666", "regex": "false"},
	{"name_s": "/usr/share/locale/ga/LC_MESSAGES/plasma_applet_webbrowser.mo", "size_i": "1001", "regex": "false"},
	{"name_s": "/usr/share/locale/ga/LC_MESSAGES/plasma_appletscriptengine_dashboard.mo", "size_i": "706", "regex": "false"},
	{"name_s": "/usr/share/locale/ga/LC_MESSAGES/plasma_appletscriptengine_qedjescripts.mo", "size_i": "874", "regex": "false"},
	{"name_s": "/usr/share/locale/ga/LC_MESSAGES/plasma_engine_kalzium.mo", "size_i": "815", "regex": "false"},
	{"name_s": "/usr/share/locale/ga/LC_MESSAGES/plasma_engine_kuiserver.mo", "size_i": "751", "regex": "false"},
	{"name_s": "/usr/share/locale/ga/LC_MESSAGES/plasma_engine_metadata.mo", "size_i": "1380", "regex": "false"},
	{"name_s": "/usr/share/locale/ga/LC_MESSAGES/plasma_engine_nowplaying.mo", "size_i": "2225", "regex": "false"},
	{"name_s": "/usr/share/locale/ga/LC_MESSAGES/plasma_engine_ocs.mo", "size_i": "573", "regex": "false"},
	{"name_s": "/usr/share/locale/ga/LC_MESSAGES/plasma_engine_rss.mo", "size_i": "843", "regex": "false"},
	{"name_s": "/usr/share/locale/ga/LC_MESSAGES/plasma_engine_weather.mo", "size_i": "2252", "regex": "false"},
	{"name_s": "/usr/share/locale/ga/LC_MESSAGES/plasma_runner_bookmarksrunner.mo", "size_i": "649", "regex": "false"},
	{"name_s": "/usr/share/locale/ga/LC_MESSAGES/plasma_runner_browserhistory.mo", "size_i": "678", "regex": "false"},
	{"name_s": "/usr/share/locale/ga/LC_MESSAGES/plasma_runner_calculatorrunner.mo", "size_i": "783", "regex": "false"},
	{"name_s": "/usr/share/locale/ga/LC_MESSAGES/plasma_runner_contacts.mo", "size_i": "755", "regex": "false"},
	{"name_s": "/usr/share/locale/ga/LC_MESSAGES/plasma_runner_converterrunner.mo", "size_i": "522", "regex": "false"},
	{"name_s": "/usr/share/locale/ga/LC_MESSAGES/plasma_runner_katesessions.mo", "size_i": "810", "regex": "false"},
	{"name_s": "/usr/share/locale/ga/LC_MESSAGES/plasma_runner_konquerorsessions.mo", "size_i": "766", "regex": "false"},
	{"name_s": "/usr/share/locale/ga/LC_MESSAGES/plasma_runner_konsolesessions.mo", "size_i": "753", "regex": "false"},
	{"name_s": "/usr/share/locale/ga/LC_MESSAGES/plasma_runner_locations.mo", "size_i": "880", "regex": "false"},
	{"name_s": "/usr/share/locale/ga/LC_MESSAGES/plasma_runner_nepomuksearchrunner.mo", "size_i": "876", "regex": "false"},
	{"name_s": "/usr/share/locale/ga/LC_MESSAGES/plasma_runner_placesrunner.mo", "size_i": "658", "regex": "false"},
	{"name_s": "/usr/share/locale/ga/LC_MESSAGES/plasma_runner_powerdevil.mo", "size_i": "2810", "regex": "false"},
	{"name_s": "/usr/share/locale/ga/LC_MESSAGES/plasma_runner_recentdocuments.mo", "size_i": "750", "regex": "false"},
	{"name_s": "/usr/share/locale/ga/LC_MESSAGES/plasma_runner_services.mo", "size_i": "680", "regex": "false"},
	{"name_s": "/usr/share/locale/ga/LC_MESSAGES/plasma_runner_sessions.mo", "size_i": "3255", "regex": "false"},
	{"name_s": "/usr/share/locale/ga/LC_MESSAGES/plasma_runner_shell.mo", "size_i": "2146", "regex": "false"},
	{"name_s": "/usr/share/locale/ga/LC_MESSAGES/plasma_runner_spellcheckrunner.mo", "size_i": "897", "regex": "false"},
	{"name_s": "/usr/share/locale/ga/LC_MESSAGES/plasma_runner_webshortcuts.mo", "size_i": "1016", "regex": "false"},
	{"name_s": "/usr/share/locale/ga/LC_MESSAGES/plasma_scriptengine_qscript.mo", "size_i": "1417", "regex": "false"},
	{"name_s": "/usr/share/locale/ga/LC_MESSAGES/plasma_wallpaper_color.mo", "size_i": "577", "regex": "false"},
	{"name_s": "/usr/share/locale/ga/LC_MESSAGES/plasma_wallpaper_image.mo", "size_i": "2359", "regex": "false"},
	{"name_s": "/usr/share/locale/ga/LC_MESSAGES/plasma_wallpaper_mandelbrot.mo", "size_i": "567", "regex": "false"},
	{"name_s": "/usr/share/locale/ga/LC_MESSAGES/plasma_wallpaper_marble.mo", "size_i": "935", "regex": "false"},
	{"name_s": "/usr/share/locale/ga/LC_MESSAGES/plasma_wallpaper_pattern.mo", "size_i": "744", "regex": "false"},
	{"name_s": "/usr/share/locale/ga/LC_MESSAGES/plasma_wallpaper_virus.mo", "size_i": "1664", "regex": "false"},
	{"name_s": "/usr/share/locale/ga/LC_MESSAGES/plasma_wallpaper_weather.mo", "size_i": "510", "regex": "false"},
	{"name_s": "/usr/share/locale/ga/LC_MESSAGES/plasmaengineexplorer.mo", "size_i": "5218", "regex": "false"},
	{"name_s": "/usr/share/locale/ga/LC_MESSAGES/plasmapkg.mo", "size_i": "3601", "regex": "false"},
	{"name_s": "/usr/share/locale/ga/LC_MESSAGES/plasmawallpaperviewer.mo", "size_i": "1827", "regex": "false"},
	{"name_s": "/usr/share/locale/ga/LC_MESSAGES/plasmoidviewer.mo", "size_i": "2113", "regex": "false"},
	{"name_s": "/usr/share/locale/ga/LC_MESSAGES/policykit-kde.mo", "size_i": "4827", "regex": "false"},
	{"name_s": "/usr/share/locale/ga/LC_MESSAGES/polkit-kde-authorization.mo", "size_i": "7084", "regex": "false"},
	{"name_s": "/usr/share/locale/ga/LC_MESSAGES/powerdevil.mo", "size_i": "25250", "regex": "false"},
	{"name_s": "/usr/share/locale/ga/LC_MESSAGES/printer-applet.mo", "size_i": "6825", "regex": "false"},
	{"name_s": "/usr/share/locale/ga/LC_MESSAGES/processcore.mo", "size_i": "1668", "regex": "false"},
	{"name_s": "/usr/share/locale/ga/LC_MESSAGES/processui.mo", "size_i": "34369", "regex": "false"},
	{"name_s": "/usr/share/locale/ga/LC_MESSAGES/solid-bluetooth.mo", "size_i": "2364", "regex": "false"},
	{"name_s": "/usr/share/locale/ga/LC_MESSAGES/solid-hardware.mo", "size_i": "4454", "regex": "false"},
	{"name_s": "/usr/share/locale/ga/LC_MESSAGES/solid-network.mo", "size_i": "5393", "regex": "false"},
	{"name_s": "/usr/share/locale/ga/LC_MESSAGES/solid-powermanagement.mo", "size_i": "4318", "regex": "false"},
	{"name_s": "/usr/share/locale/ga/LC_MESSAGES/solidcontrol.mo", "size_i": "841", "regex": "false"},
	{"name_s": "/usr/share/locale/ga/LC_MESSAGES/soliduiserver.mo", "size_i": "988", "regex": "false"},
	{"name_s": "/usr/share/locale/ga/LC_MESSAGES/spy.mo", "size_i": "1128", "regex": "false"},
	{"name_s": "/usr/share/locale/ga/LC_MESSAGES/step.mo", "size_i": "16101", "regex": "false"},
	{"name_s": "/usr/share/locale/ga/LC_MESSAGES/step_qt.mo", "size_i": "19768", "regex": "false"},
	{"name_s": "/usr/share/locale/ga/LC_MESSAGES/strigila_diff.mo", "size_i": "1028", "regex": "false"},
	{"name_s": "/usr/share/locale/ga/LC_MESSAGES/superkaramba.mo", "size_i": "5839", "regex": "false"},
	{"name_s": "/usr/share/locale/ga/LC_MESSAGES/svgpart.mo", "size_i": "1011", "regex": "false"},
	{"name_s": "/usr/share/locale/ga/LC_MESSAGES/sweeper.mo", "size_i": "4948", "regex": "false"},
	{"name_s": "/usr/share/locale/ga/LC_MESSAGES/system-config-printer-kde.mo", "size_i": "12350", "regex": "false"},
	{"name_s": "/usr/share/locale/ga/LC_MESSAGES/systemsettings.mo", "size_i": "1165", "regex": "false"},
	{"name_s": "/usr/share/locale/ga/LC_MESSAGES/timezones4.mo", "size_i": "44156", "regex": "false"},
	{"name_s": "/usr/share/locale/ga/LC_MESSAGES/umbrello.mo", "size_i": "46216", "regex": "false"},
	{"name_s": "/usr/share/locale/ga/LC_MESSAGES/useraccount.mo", "size_i": "5434", "regex": "false"},
	{"name_s": "/usr/share/locale/ga/LC_SCRIPTS", "size_i": "4096", "regex": "false"},
	{"name_s": "/usr/share/locale/ga/LC_SCRIPTS/kdelibs4", "size_i": "4096", "regex": "false"},
	{"name_s": "/usr/share/locale/ga/LC_SCRIPTS/kdelibs4/kdelibs4.js", "size_i": "3827", "regex": "false"},
	{"name_s": "/usr/share/locale/ga/entry.desktop", "size_i": "1916", "regex": "false"}
]
