[
	{"name_s": "/usr/share/kde4/apps/kvtml/el", "size_i": "4096", "regex": "false"},
	{"name_s": "/usr/share/kde4/apps/kvtml/el/animals.kvtml", "size_i": "12380", "regex": "false"},
	{"name_s": "/usr/share/kde4/apps/kvtml/el/easy.kvtml", "size_i": "15028", "regex": "false"},
	{"name_s": "/usr/share/kde4/apps/kvtml/el/hard.kvtml", "size_i": "13026", "regex": "false"},
	{"name_s": "/usr/share/kde4/apps/kvtml/el/medium.kvtml", "size_i": "15851", "regex": "false"},
	{"name_s": "/usr/share/locale/el/LC_MESSAGES/akonadi-kcal.mo", "size_i": "906", "regex": "false"},
	{"name_s": "/usr/share/locale/el/LC_MESSAGES/akonadi_birthdays_resource.mo", "size_i": "1429", "regex": "false"},
	{"name_s": "/usr/share/locale/el/LC_MESSAGES/akonadi_distlist_resource.mo", "size_i": "1862", "regex": "false"},
	{"name_s": "/usr/share/locale/el/LC_MESSAGES/akonadi_ical_resource.mo", "size_i": "1919", "regex": "false"},
	{"name_s": "/usr/share/locale/el/LC_MESSAGES/akonadi_imap_resource.mo", "size_i": "10200", "regex": "false"},
	{"name_s": "/usr/share/locale/el/LC_MESSAGES/akonadi_kabc_resource.mo", "size_i": "2625", "regex": "false"},
	{"name_s": "/usr/share/locale/el/LC_MESSAGES/akonadi_kcal_resource.mo", "size_i": "2037", "regex": "false"},
	{"name_s": "/usr/share/locale/el/LC_MESSAGES/akonadi_knut_resource.mo", "size_i": "1239", "regex": "false"},
	{"name_s": "/usr/share/locale/el/LC_MESSAGES/akonadi_kresourceassistant.mo", "size_i": "4342", "regex": "false"},
	{"name_s": "/usr/share/locale/el/LC_MESSAGES/akonadi_localbookmarks_resource.mo", "size_i": "986", "regex": "false"},
	{"name_s": "/usr/share/locale/el/LC_MESSAGES/akonadi_maildir_resource.mo", "size_i": "1823", "regex": "false"},
	{"name_s": "/usr/share/locale/el/LC_MESSAGES/akonadi_microblog_resource.mo", "size_i": "4230", "regex": "false"},
	{"name_s": "/usr/share/locale/el/LC_MESSAGES/akonadi_nepomuktag_resource.mo", "size_i": "628", "regex": "false"},
	{"name_s": "/usr/share/locale/el/LC_MESSAGES/akonadi_next.mo", "size_i": "873", "regex": "false"},
	{"name_s": "/usr/share/locale/el/LC_MESSAGES/akonadi_nntp_resource.mo", "size_i": "3485", "regex": "false"},
	{"name_s": "/usr/share/locale/el/LC_MESSAGES/akonadi_openchange_resource.mo", "size_i": "2091", "regex": "false"},
	{"name_s": "/usr/share/locale/el/LC_MESSAGES/akonadi_singlefile_resource.mo", "size_i": "5473", "regex": "false"},
	{"name_s": "/usr/share/locale/el/LC_MESSAGES/akonadi_vcard_resource.mo", "size_i": "1373", "regex": "false"},
	{"name_s": "/usr/share/locale/el/LC_MESSAGES/akonadi_vcarddir_resource.mo", "size_i": "3340", "regex": "false"},
	{"name_s": "/usr/share/locale/el/LC_MESSAGES/akonaditray.mo", "size_i": "8173", "regex": "false"},
	{"name_s": "/usr/share/locale/el/LC_MESSAGES/akregator.mo", "size_i": "46486", "regex": "false"},
	{"name_s": "/usr/share/locale/el/LC_MESSAGES/amor.mo", "size_i": "7286", "regex": "false"},
	{"name_s": "/usr/share/locale/el/LC_MESSAGES/ark.mo", "size_i": "21399", "regex": "false"},
	{"name_s": "/usr/share/locale/el/LC_MESSAGES/audiocd_encoder_lame.mo", "size_i": "7870", "regex": "false"},
	{"name_s": "/usr/share/locale/el/LC_MESSAGES/audiocd_encoder_vorbis.mo", "size_i": "3847", "regex": "false"},
	{"name_s": "/usr/share/locale/el/LC_MESSAGES/audiorename_plugin.mo", "size_i": "2063", "regex": "false"},
	{"name_s": "/usr/share/locale/el/LC_MESSAGES/blinken.mo", "size_i": "4681", "regex": "false"},
	{"name_s": "/usr/share/locale/el/LC_MESSAGES/bomber.mo", "size_i": "3359", "regex": "false"},
	{"name_s": "/usr/share/locale/el/LC_MESSAGES/bovo.mo", "size_i": "2707", "regex": "false"},
	{"name_s": "/usr/share/locale/el/LC_MESSAGES/cervisia.mo", "size_i": "42726", "regex": "false"},
	{"name_s": "/usr/share/locale/el/LC_MESSAGES/cvsservice.mo", "size_i": "2167", "regex": "false"},
	{"name_s": "/usr/share/locale/el/LC_MESSAGES/display.mo", "size_i": "896", "regex": "false"},
	{"name_s": "/usr/share/locale/el/LC_MESSAGES/dolphin.mo", "size_i": "37530", "regex": "false"},
	{"name_s": "/usr/share/locale/el/LC_MESSAGES/dragonplayer.mo", "size_i": "8128", "regex": "false"},
	{"name_s": "/usr/share/locale/el/LC_MESSAGES/drkonqi.mo", "size_i": "60299", "regex": "false"},
	{"name_s": "/usr/share/locale/el/LC_MESSAGES/filetypes.mo", "size_i": "21933", "regex": "false"},
	{"name_s": "/usr/share/locale/el/LC_MESSAGES/gwenview.mo", "size_i": "24050", "regex": "false"},
	{"name_s": "/usr/share/locale/el/LC_MESSAGES/htmlsearch.mo", "size_i": "7277", "regex": "false"},
	{"name_s": "/usr/share/locale/el/LC_MESSAGES/imagerename_plugin.mo", "size_i": "1266", "regex": "false"},
	{"name_s": "/usr/share/locale/el/LC_MESSAGES/irkick.mo", "size_i": "3927", "regex": "false"},
	{"name_s": "/usr/share/locale/el/LC_MESSAGES/joystick.mo", "size_i": "10713", "regex": "false"},
	{"name_s": "/usr/share/locale/el/LC_MESSAGES/juk.mo", "size_i": "36444", "regex": "false"},
	{"name_s": "/usr/share/locale/el/LC_MESSAGES/kabc.mo", "size_i": "11227", "regex": "false"},
	{"name_s": "/usr/share/locale/el/LC_MESSAGES/kabc_akonadi.mo", "size_i": "2474", "regex": "false"},
	{"name_s": "/usr/share/locale/el/LC_MESSAGES/kabc_dir.mo", "size_i": "1097", "regex": "false"},
	{"name_s": "/usr/share/locale/el/LC_MESSAGES/kabc_file.mo", "size_i": "924", "regex": "false"},
	{"name_s": "/usr/share/locale/el/LC_MESSAGES/kabc_ldapkio.mo", "size_i": "3793", "regex": "false"},
	{"name_s": "/usr/share/locale/el/LC_MESSAGES/kabc_net.mo", "size_i": "1306", "regex": "false"},
	{"name_s": "/usr/share/locale/el/LC_MESSAGES/kabc_slox.mo", "size_i": "3139", "regex": "false"},
	{"name_s": "/usr/share/locale/el/LC_MESSAGES/kabcakonadi.mo", "size_i": "3976", "regex": "false"},
	{"name_s": "/usr/share/locale/el/LC_MESSAGES/kabcclient.mo", "size_i": "15193", "regex": "false"},
	{"name_s": "/usr/share/locale/el/LC_MESSAGES/kabcformat_binary.mo", "size_i": "756", "regex": "false"},
	{"name_s": "/usr/share/locale/el/LC_MESSAGES/kaccess.mo", "size_i": "14070", "regex": "false"},
	{"name_s": "/usr/share/locale/el/LC_MESSAGES/kaddressbook.mo", "size_i": "85427", "regex": "false"},
	{"name_s": "/usr/share/locale/el/LC_MESSAGES/kalarm.mo", "size_i": "153029", "regex": "false"},
	{"name_s": "/usr/share/locale/el/LC_MESSAGES/kalgebra.mo", "size_i": "18230", "regex": "false"},
	{"name_s": "/usr/share/locale/el/LC_MESSAGES/kalzium.mo", "size_i": "168183", "regex": "false"},
	{"name_s": "/usr/share/locale/el/LC_MESSAGES/kalzium_qt.mo", "size_i": "19459", "regex": "false"},
	{"name_s": "/usr/share/locale/el/LC_MESSAGES/kanagram.mo", "size_i": "8593", "regex": "false"},
	{"name_s": "/usr/share/locale/el/LC_MESSAGES/kapman.mo", "size_i": "3490", "regex": "false"},
	{"name_s": "/usr/share/locale/el/LC_MESSAGES/kappfinder.mo", "size_i": "2719", "regex": "false"},
	{"name_s": "/usr/share/locale/el/LC_MESSAGES/kapptemplate.mo", "size_i": "5962", "regex": "false"},
	{"name_s": "/usr/share/locale/el/LC_MESSAGES/kate-ctags-plugin.mo", "size_i": "5115", "regex": "false"},
	{"name_s": "/usr/share/locale/el/LC_MESSAGES/kate.mo", "size_i": "42394", "regex": "false"},
	{"name_s": "/usr/share/locale/el/LC_MESSAGES/katebuild-plugin.mo", "size_i": "2759", "regex": "false"},
	{"name_s": "/usr/share/locale/el/LC_MESSAGES/kateexternaltoolsplugin.mo", "size_i": "7281", "regex": "false"},
	{"name_s": "/usr/share/locale/el/LC_MESSAGES/katefilebrowserplugin.mo", "size_i": "7817", "regex": "false"},
	{"name_s": "/usr/share/locale/el/LC_MESSAGES/katefiletemplates.mo", "size_i": "10993", "regex": "false"},
	{"name_s": "/usr/share/locale/el/LC_MESSAGES/katefindinfilesplugin.mo", "size_i": "7946", "regex": "false"},
	{"name_s": "/usr/share/locale/el/LC_MESSAGES/katehelloworld.mo", "size_i": "936", "regex": "false"},
	{"name_s": "/usr/share/locale/el/LC_MESSAGES/katehtmltools.mo", "size_i": "1255", "regex": "false"},
	{"name_s": "/usr/share/locale/el/LC_MESSAGES/kateinsertcommand.mo", "size_i": "5785", "regex": "false"},
	{"name_s": "/usr/share/locale/el/LC_MESSAGES/katekjswrapper.mo", "size_i": "1521", "regex": "false"},
	{"name_s": "/usr/share/locale/el/LC_MESSAGES/katekonsoleplugin.mo", "size_i": "2705", "regex": "false"},
	{"name_s": "/usr/share/locale/el/LC_MESSAGES/katemailfilesplugin.mo", "size_i": "3585", "regex": "false"},
	{"name_s": "/usr/share/locale/el/LC_MESSAGES/kateopenheader.mo", "size_i": "948", "regex": "false"},
	{"name_s": "/usr/share/locale/el/LC_MESSAGES/katepart4.mo", "size_i": "132002", "regex": "false"},
	{"name_s": "/usr/share/locale/el/LC_MESSAGES/katepybrowse.mo", "size_i": "947", "regex": "false"},
	{"name_s": "/usr/share/locale/el/LC_MESSAGES/katequickdocumentswitcherplugin.mo", "size_i": "1134", "regex": "false"},
	{"name_s": "/usr/share/locale/el/LC_MESSAGES/katesnippets.mo", "size_i": "1220", "regex": "false"},
	{"name_s": "/usr/share/locale/el/LC_MESSAGES/katesymbolviewer.mo", "size_i": "3524", "regex": "false"},
	{"name_s": "/usr/share/locale/el/LC_MESSAGES/katetabbarextension.mo", "size_i": "4298", "regex": "false"},
	{"name_s": "/usr/share/locale/el/LC_MESSAGES/katetextfilter.mo", "size_i": "1963", "regex": "false"},
	{"name_s": "/usr/share/locale/el/LC_MESSAGES/katexmlcheck.mo", "size_i": "1306", "regex": "false"},
	{"name_s": "/usr/share/locale/el/LC_MESSAGES/katexmltools.mo", "size_i": "3003", "regex": "false"},
	{"name_s": "/usr/share/locale/el/LC_MESSAGES/katomic.mo", "size_i": "9561", "regex": "false"},
	{"name_s": "/usr/share/locale/el/LC_MESSAGES/kbattleship.mo", "size_i": "8679", "regex": "false"},
	{"name_s": "/usr/share/locale/el/LC_MESSAGES/kblackbox.mo", "size_i": "28051", "regex": "false"},
	{"name_s": "/usr/share/locale/el/LC_MESSAGES/kblankscrn.mo", "size_i": "916", "regex": "false"},
	{"name_s": "/usr/share/locale/el/LC_MESSAGES/kblocks.mo", "size_i": "2820", "regex": "false"},
	{"name_s": "/usr/share/locale/el/LC_MESSAGES/kbounce.mo", "size_i": "3641", "regex": "false"},
	{"name_s": "/usr/share/locale/el/LC_MESSAGES/kbreakout.mo", "size_i": "3945", "regex": "false"},
	{"name_s": "/usr/share/locale/el/LC_MESSAGES/kbruch.mo", "size_i": "28482", "regex": "false"},
	{"name_s": "/usr/share/locale/el/LC_MESSAGES/kbugbuster.mo", "size_i": "18965", "regex": "false"},
	{"name_s": "/usr/share/locale/el/LC_MESSAGES/kcachegrind.mo", "size_i": "39546", "regex": "false"},
	{"name_s": "/usr/share/locale/el/LC_MESSAGES/kcachegrind_qt.mo", "size_i": "23240", "regex": "false"},
	{"name_s": "/usr/share/locale/el/LC_MESSAGES/kcalc.mo", "size_i": "21588", "regex": "false"},
	{"name_s": "/usr/share/locale/el/LC_MESSAGES/kcertpart.mo", "size_i": "672", "regex": "false"},
	{"name_s": "/usr/share/locale/el/LC_MESSAGES/kcharselect.mo", "size_i": "2562", "regex": "false"},
	{"name_s": "/usr/share/locale/el/LC_MESSAGES/kcm_akonadi.mo", "size_i": "4914", "regex": "false"},
	{"name_s": "/usr/share/locale/el/LC_MESSAGES/kcm_autostart.mo", "size_i": "2817", "regex": "false"},
	{"name_s": "/usr/share/locale/el/LC_MESSAGES/kcm_desktopthemedetails.mo", "size_i": "5088", "regex": "false"},
	{"name_s": "/usr/share/locale/el/LC_MESSAGES/kcm_emoticons.mo", "size_i": "6681", "regex": "false"},
	{"name_s": "/usr/share/locale/el/LC_MESSAGES/kcm_krfb.mo", "size_i": "8435", "regex": "false"},
	{"name_s": "/usr/share/locale/el/LC_MESSAGES/kcm_kwindesktop.mo", "size_i": "2000", "regex": "false"},
	{"name_s": "/usr/share/locale/el/LC_MESSAGES/kcm_lirc.mo", "size_i": "16105", "regex": "false"},
	{"name_s": "/usr/share/locale/el/LC_MESSAGES/kcm_memory.mo", "size_i": "5333", "regex": "false"},
	{"name_s": "/usr/share/locale/el/LC_MESSAGES/kcm_partition.mo", "size_i": "2658", "regex": "false"},
	{"name_s": "/usr/share/locale/el/LC_MESSAGES/kcm_pci.mo", "size_i": "27803", "regex": "false"},
	{"name_s": "/usr/share/locale/el/LC_MESSAGES/kcm_phonon.mo", "size_i": "4840", "regex": "false"},
	{"name_s": "/usr/share/locale/el/LC_MESSAGES/kcm_phononxine.mo", "size_i": "786", "regex": "false"},
	{"name_s": "/usr/share/locale/el/LC_MESSAGES/kcm_platform.mo", "size_i": "3216", "regex": "false"},
	{"name_s": "/usr/share/locale/el/LC_MESSAGES/kcm_solid.mo", "size_i": "1225", "regex": "false"},
	{"name_s": "/usr/share/locale/el/LC_MESSAGES/kcm_solid_actions.mo", "size_i": "6822", "regex": "false"},
	{"name_s": "/usr/share/locale/el/LC_MESSAGES/kcm_standard_actions.mo", "size_i": "1275", "regex": "false"},
	{"name_s": "/usr/share/locale/el/LC_MESSAGES/kcmaccess.mo", "size_i": "13655", "regex": "false"},
	{"name_s": "/usr/share/locale/el/LC_MESSAGES/kcmaudiocd.mo", "size_i": "6944", "regex": "false"},
	{"name_s": "/usr/share/locale/el/LC_MESSAGES/kcmbackground.mo", "size_i": "26382", "regex": "false"},
	{"name_s": "/usr/share/locale/el/LC_MESSAGES/kcmbell.mo", "size_i": "5029", "regex": "false"},
	{"name_s": "/usr/share/locale/el/LC_MESSAGES/kcmcddb.mo", "size_i": "3703", "regex": "false"},
	{"name_s": "/usr/share/locale/el/LC_MESSAGES/kcmcgi.mo", "size_i": "1781", "regex": "false"},
	{"name_s": "/usr/share/locale/el/LC_MESSAGES/kcmcolors.mo", "size_i": "9534", "regex": "false"},
	{"name_s": "/usr/share/locale/el/LC_MESSAGES/kcmcomponentchooser.mo", "size_i": "14015", "regex": "false"},
	{"name_s": "/usr/share/locale/el/LC_MESSAGES/kcmcrypto.mo", "size_i": "24087", "regex": "false"},
	{"name_s": "/usr/share/locale/el/LC_MESSAGES/kcmenergy.mo", "size_i": "5146", "regex": "false"},
	{"name_s": "/usr/share/locale/el/LC_MESSAGES/kcmfonts.mo", "size_i": "8973", "regex": "false"},
	{"name_s": "/usr/share/locale/el/LC_MESSAGES/kcmhtmlsearch.mo", "size_i": "5497", "regex": "false"},
	{"name_s": "/usr/share/locale/el/LC_MESSAGES/kcmicons.mo", "size_i": "9549", "regex": "false"},
	{"name_s": "/usr/share/locale/el/LC_MESSAGES/kcminfo.mo", "size_i": "2338", "regex": "false"},
	{"name_s": "/usr/share/locale/el/LC_MESSAGES/kcminit.mo", "size_i": "1157", "regex": "false"},
	{"name_s": "/usr/share/locale/el/LC_MESSAGES/kcminput.mo", "size_i": "21134", "regex": "false"},
	{"name_s": "/usr/share/locale/el/LC_MESSAGES/kcmioslaveinfo.mo", "size_i": "1773", "regex": "false"},
	{"name_s": "/usr/share/locale/el/LC_MESSAGES/kcmkabconfig.mo", "size_i": "4571", "regex": "false"},
	{"name_s": "/usr/share/locale/el/LC_MESSAGES/kcmkamera.mo", "size_i": "8697", "regex": "false"},
	{"name_s": "/usr/share/locale/el/LC_MESSAGES/kcmkclock.mo", "size_i": "5041", "regex": "false"},
	{"name_s": "/usr/share/locale/el/LC_MESSAGES/kcmkded.mo", "size_i": "5258", "regex": "false"},
	{"name_s": "/usr/share/locale/el/LC_MESSAGES/kcmkdnssd.mo", "size_i": "1421", "regex": "false"},
	{"name_s": "/usr/share/locale/el/LC_MESSAGES/kcmkeyboard.mo", "size_i": "5097", "regex": "false"},
	{"name_s": "/usr/share/locale/el/LC_MESSAGES/kcmkeys.mo", "size_i": "4218", "regex": "false"},
	{"name_s": "/usr/share/locale/el/LC_MESSAGES/kcmkgamma.mo", "size_i": "3217", "regex": "false"},
	{"name_s": "/usr/share/locale/el/LC_MESSAGES/kcmkio.mo", "size_i": "79851", "regex": "false"},
	{"name_s": "/usr/share/locale/el/LC_MESSAGES/kcmkonq.mo", "size_i": "7371", "regex": "false"},
	{"name_s": "/usr/share/locale/el/LC_MESSAGES/kcmkonqhtml.mo", "size_i": "77941", "regex": "false"},
	{"name_s": "/usr/share/locale/el/LC_MESSAGES/kcmkurifilt.mo", "size_i": "2667", "regex": "false"},
	{"name_s": "/usr/share/locale/el/LC_MESSAGES/kcmkwallet.mo", "size_i": "6486", "regex": "false"},
	{"name_s": "/usr/share/locale/el/LC_MESSAGES/kcmkwincompositing.mo", "size_i": "8658", "regex": "false"},
	{"name_s": "/usr/share/locale/el/LC_MESSAGES/kcmkwindecoration.mo", "size_i": "7981", "regex": "false"},
	{"name_s": "/usr/share/locale/el/LC_MESSAGES/kcmkwinrules.mo", "size_i": "20587", "regex": "false"},
	{"name_s": "/usr/share/locale/el/LC_MESSAGES/kcmkwinscreenedges.mo", "size_i": "2845", "regex": "false"},
	{"name_s": "/usr/share/locale/el/LC_MESSAGES/kcmkwm.mo", "size_i": "40943", "regex": "false"},
	{"name_s": "/usr/share/locale/el/LC_MESSAGES/kcmlaunch.mo", "size_i": "4155", "regex": "false"},
	{"name_s": "/usr/share/locale/el/LC_MESSAGES/kcmlocale.mo", "size_i": "26235", "regex": "false"},
	{"name_s": "/usr/share/locale/el/LC_MESSAGES/kcmnic.mo", "size_i": "2225", "regex": "false"},
	{"name_s": "/usr/share/locale/el/LC_MESSAGES/kcmnotify.mo", "size_i": "3145", "regex": "false"},
	{"name_s": "/usr/share/locale/el/LC_MESSAGES/kcmopengl.mo", "size_i": "5692", "regex": "false"},
	{"name_s": "/usr/share/locale/el/LC_MESSAGES/kcmperformance.mo", "size_i": "11135", "regex": "false"},
	{"name_s": "/usr/share/locale/el/LC_MESSAGES/kcmsamba.mo", "size_i": "12377", "regex": "false"},
	{"name_s": "/usr/share/locale/el/LC_MESSAGES/kcmscreensaver.mo", "size_i": "9969", "regex": "false"},
	{"name_s": "/usr/share/locale/el/LC_MESSAGES/kcmshell.mo", "size_i": "2063", "regex": "false"},
	{"name_s": "/usr/share/locale/el/LC_MESSAGES/kcmsmartcard.mo", "size_i": "6082", "regex": "false"},
	{"name_s": "/usr/share/locale/el/LC_MESSAGES/kcmsmserver.mo", "size_i": "5460", "regex": "false"},
	{"name_s": "/usr/share/locale/el/LC_MESSAGES/kcmsolidproc.mo", "size_i": "1244", "regex": "false"},
	{"name_s": "/usr/share/locale/el/LC_MESSAGES/kcmstyle.mo", "size_i": "7369", "regex": "false"},
	{"name_s": "/usr/share/locale/el/LC_MESSAGES/kcmusb.mo", "size_i": "7020", "regex": "false"},
	{"name_s": "/usr/share/locale/el/LC_MESSAGES/kcmview1394.mo", "size_i": "3337", "regex": "false"},
	{"name_s": "/usr/share/locale/el/LC_MESSAGES/kcmxinerama.mo", "size_i": "3750", "regex": "false"},
	{"name_s": "/usr/share/locale/el/LC_MESSAGES/kcolorchooser.mo", "size_i": "1068", "regex": "false"},
	{"name_s": "/usr/share/locale/el/LC_MESSAGES/kcron.mo", "size_i": "15518", "regex": "false"},
	{"name_s": "/usr/share/locale/el/LC_MESSAGES/kdat.mo", "size_i": "35716", "regex": "false"},
	{"name_s": "/usr/share/locale/el/LC_MESSAGES/kde-menu.mo", "size_i": "3506", "regex": "false"},
	{"name_s": "/usr/share/locale/el/LC_MESSAGES/kdeasciiquarium.mo", "size_i": "1687", "regex": "false"},
	{"name_s": "/usr/share/locale/el/LC_MESSAGES/kdebugdialog.mo", "size_i": "2621", "regex": "false"},
	{"name_s": "/usr/share/locale/el/LC_MESSAGES/kdelibs4.mo", "size_i": "273215", "regex": "false"},
	{"name_s": "/usr/share/locale/el/LC_MESSAGES/kdelibs_colors4.mo", "size_i": "29251", "regex": "false"},
	{"name_s": "/usr/share/locale/el/LC_MESSAGES/kdelirc.mo", "size_i": "1406", "regex": "false"},
	{"name_s": "/usr/share/locale/el/LC_MESSAGES/kdepasswd.mo", "size_i": "4053", "regex": "false"},
	{"name_s": "/usr/share/locale/el/LC_MESSAGES/kdepimresources.mo", "size_i": "4521", "regex": "false"},
	{"name_s": "/usr/share/locale/el/LC_MESSAGES/kdepimwizards.mo", "size_i": "12930", "regex": "false"},
	{"name_s": "/usr/share/locale/el/LC_MESSAGES/kdeqt.mo", "size_i": "129879", "regex": "false"},
	{"name_s": "/usr/share/locale/el/LC_MESSAGES/kdessh.mo", "size_i": "3349", "regex": "false"},
	{"name_s": "/usr/share/locale/el/LC_MESSAGES/kdesu.mo", "size_i": "6513", "regex": "false"},
	{"name_s": "/usr/share/locale/el/LC_MESSAGES/kdesud.mo", "size_i": "1026", "regex": "false"},
	{"name_s": "/usr/share/locale/el/LC_MESSAGES/kdf.mo", "size_i": "6879", "regex": "false"},
	{"name_s": "/usr/share/locale/el/LC_MESSAGES/kdgantt.mo", "size_i": "1017", "regex": "false"},
	{"name_s": "/usr/share/locale/el/LC_MESSAGES/kdgantt1.mo", "size_i": "3683", "regex": "false"},
	{"name_s": "/usr/share/locale/el/LC_MESSAGES/kdialog.mo", "size_i": "6704", "regex": "false"},
	{"name_s": "/usr/share/locale/el/LC_MESSAGES/kdiamond.mo", "size_i": "5545", "regex": "false"},
	{"name_s": "/usr/share/locale/el/LC_MESSAGES/kdmconfig.mo", "size_i": "36613", "regex": "false"},
	{"name_s": "/usr/share/locale/el/LC_MESSAGES/kdmgreet.mo", "size_i": "13652", "regex": "false"},
	{"name_s": "/usr/share/locale/el/LC_MESSAGES/keditbookmarks.mo", "size_i": "13185", "regex": "false"},
	{"name_s": "/usr/share/locale/el/LC_MESSAGES/kfile.mo", "size_i": "3504", "regex": "false"},
	{"name_s": "/usr/share/locale/el/LC_MESSAGES/kfile_avi.mo", "size_i": "1009", "regex": "false"},
	{"name_s": "/usr/share/locale/el/LC_MESSAGES/kfile_dds.mo", "size_i": "1147", "regex": "false"},
	{"name_s": "/usr/share/locale/el/LC_MESSAGES/kfile_drgeo.mo", "size_i": "876", "regex": "false"},
	{"name_s": "/usr/share/locale/el/LC_MESSAGES/kfile_dvi.mo", "size_i": "714", "regex": "false"},
	{"name_s": "/usr/share/locale/el/LC_MESSAGES/kfile_exr.mo", "size_i": "3608", "regex": "false"},
	{"name_s": "/usr/share/locale/el/LC_MESSAGES/kfile_flac.mo", "size_i": "1493", "regex": "false"},
	{"name_s": "/usr/share/locale/el/LC_MESSAGES/kfile_kig.mo", "size_i": "1080", "regex": "false"},
	{"name_s": "/usr/share/locale/el/LC_MESSAGES/kfile_mp3.mo", "size_i": "1468", "regex": "false"},
	{"name_s": "/usr/share/locale/el/LC_MESSAGES/kfile_mpc.mo", "size_i": "1446", "regex": "false"},
	{"name_s": "/usr/share/locale/el/LC_MESSAGES/kfile_ogg.mo", "size_i": "1742", "regex": "false"},
	{"name_s": "/usr/share/locale/el/LC_MESSAGES/kfile_pnm.mo", "size_i": "775", "regex": "false"},
	{"name_s": "/usr/share/locale/el/LC_MESSAGES/kfile_raw.mo", "size_i": "745", "regex": "false"},
	{"name_s": "/usr/share/locale/el/LC_MESSAGES/kfile_rgb.mo", "size_i": "1403", "regex": "false"},
	{"name_s": "/usr/share/locale/el/LC_MESSAGES/kfile_rpm.mo", "size_i": "1069", "regex": "false"},
	{"name_s": "/usr/share/locale/el/LC_MESSAGES/kfile_sid.mo", "size_i": "963", "regex": "false"},
	{"name_s": "/usr/share/locale/el/LC_MESSAGES/kfile_theora.mo", "size_i": "991", "regex": "false"},
	{"name_s": "/usr/share/locale/el/LC_MESSAGES/kfile_tiff.mo", "size_i": "2815", "regex": "false"},
	{"name_s": "/usr/share/locale/el/LC_MESSAGES/kfile_wav.mo", "size_i": "837", "regex": "false"},
	{"name_s": "/usr/share/locale/el/LC_MESSAGES/kfile_xps.mo", "size_i": "1136", "regex": "false"},
	{"name_s": "/usr/share/locale/el/LC_MESSAGES/kfileaudiopreview4.mo", "size_i": "1005", "regex": "false"},
	{"name_s": "/usr/share/locale/el/LC_MESSAGES/kfileshare.mo", "size_i": "91611", "regex": "false"},
	{"name_s": "/usr/share/locale/el/LC_MESSAGES/kfindpart.mo", "size_i": "14330", "regex": "false"},
	{"name_s": "/usr/share/locale/el/LC_MESSAGES/kfloppy.mo", "size_i": "15422", "regex": "false"},
	{"name_s": "/usr/share/locale/el/LC_MESSAGES/kfmclient.mo", "size_i": "4034", "regex": "false"},
	{"name_s": "/usr/share/locale/el/LC_MESSAGES/kfontinst.mo", "size_i": "59191", "regex": "false"},
	{"name_s": "/usr/share/locale/el/LC_MESSAGES/kfourinline.mo", "size_i": "7892", "regex": "false"},
	{"name_s": "/usr/share/locale/el/LC_MESSAGES/kgeography.mo", "size_i": "435995", "regex": "false"},
	{"name_s": "/usr/share/locale/el/LC_MESSAGES/kget.mo", "size_i": "58517", "regex": "false"},
	{"name_s": "/usr/share/locale/el/LC_MESSAGES/kgoldrunner.mo", "size_i": "231761", "regex": "false"},
	{"name_s": "/usr/share/locale/el/LC_MESSAGES/kgpg.mo", "size_i": "106847", "regex": "false"},
	{"name_s": "/usr/share/locale/el/LC_MESSAGES/kgreet_classic.mo", "size_i": "1195", "regex": "false"},
	{"name_s": "/usr/share/locale/el/LC_MESSAGES/kgreet_generic.mo", "size_i": "575", "regex": "false"},
	{"name_s": "/usr/share/locale/el/LC_MESSAGES/kgreet_winbind.mo", "size_i": "1216", "regex": "false"},
	{"name_s": "/usr/share/locale/el/LC_MESSAGES/khangman.mo", "size_i": "18290", "regex": "false"},
	{"name_s": "/usr/share/locale/el/LC_MESSAGES/khelpcenter.mo", "size_i": "14316", "regex": "false"},
	{"name_s": "/usr/share/locale/el/LC_MESSAGES/khotkeys.mo", "size_i": "9499", "regex": "false"},
	{"name_s": "/usr/share/locale/el/LC_MESSAGES/khotnewstuff.mo", "size_i": "907", "regex": "false"},
	{"name_s": "/usr/share/locale/el/LC_MESSAGES/khtmlkttsd.mo", "size_i": "945", "regex": "false"},
	{"name_s": "/usr/share/locale/el/LC_MESSAGES/kiconfinder.mo", "size_i": "778", "regex": "false"},
	{"name_s": "/usr/share/locale/el/LC_MESSAGES/kig.mo", "size_i": "154592", "regex": "false"},
	{"name_s": "/usr/share/locale/el/LC_MESSAGES/killbots.mo", "size_i": "17074", "regex": "false"},
	{"name_s": "/usr/share/locale/el/LC_MESSAGES/kinetd.mo", "size_i": "619", "regex": "false"},
	{"name_s": "/usr/share/locale/el/LC_MESSAGES/kinfocenter.mo", "size_i": "18264", "regex": "false"},
	{"name_s": "/usr/share/locale/el/LC_MESSAGES/kio4.mo", "size_i": "187616", "regex": "false"},
	{"name_s": "/usr/share/locale/el/LC_MESSAGES/kio_akonadi.mo", "size_i": "793", "regex": "false"},
	{"name_s": "/usr/share/locale/el/LC_MESSAGES/kio_applications.mo", "size_i": "680", "regex": "false"},
	{"name_s": "/usr/share/locale/el/LC_MESSAGES/kio_archive.mo", "size_i": "988", "regex": "false"},
	{"name_s": "/usr/share/locale/el/LC_MESSAGES/kio_audiocd.mo", "size_i": "3877", "regex": "false"},
	{"name_s": "/usr/share/locale/el/LC_MESSAGES/kio_bookmarks.mo", "size_i": "1527", "regex": "false"},
	{"name_s": "/usr/share/locale/el/LC_MESSAGES/kio_finger.mo", "size_i": "1250", "regex": "false"},
	{"name_s": "/usr/share/locale/el/LC_MESSAGES/kio_fish.mo", "size_i": "1029", "regex": "false"},
	{"name_s": "/usr/share/locale/el/LC_MESSAGES/kio_floppy.mo", "size_i": "3491", "regex": "false"},
	{"name_s": "/usr/share/locale/el/LC_MESSAGES/kio_groupwise.mo", "size_i": "1930", "regex": "false"},
	{"name_s": "/usr/share/locale/el/LC_MESSAGES/kio_help4.mo", "size_i": "3645", "regex": "false"},
	{"name_s": "/usr/share/locale/el/LC_MESSAGES/kio_imap4.mo", "size_i": "6018", "regex": "false"},
	{"name_s": "/usr/share/locale/el/LC_MESSAGES/kio_info.mo", "size_i": "860", "regex": "false"},
	{"name_s": "/usr/share/locale/el/LC_MESSAGES/kio_jabberdisco.mo", "size_i": "1016", "regex": "false"},
	{"name_s": "/usr/share/locale/el/LC_MESSAGES/kio_ldap.mo", "size_i": "1319", "regex": "false"},
	{"name_s": "/usr/share/locale/el/LC_MESSAGES/kio_man.mo", "size_i": "4354", "regex": "false"},
	{"name_s": "/usr/share/locale/el/LC_MESSAGES/kio_mbox.mo", "size_i": "522", "regex": "false"},
	{"name_s": "/usr/share/locale/el/LC_MESSAGES/kio_nepomuksearch.mo", "size_i": "791", "regex": "false"},
	{"name_s": "/usr/share/locale/el/LC_MESSAGES/kio_nfs.mo", "size_i": "986", "regex": "false"},
	{"name_s": "/usr/share/locale/el/LC_MESSAGES/kio_nntp.mo", "size_i": "2368", "regex": "false"},
	{"name_s": "/usr/share/locale/el/LC_MESSAGES/kio_perldoc.mo", "size_i": "3209", "regex": "false"},
	{"name_s": "/usr/share/locale/el/LC_MESSAGES/kio_pop3.mo", "size_i": "4519", "regex": "false"},
	{"name_s": "/usr/share/locale/el/LC_MESSAGES/kio_remote.mo", "size_i": "575", "regex": "false"},
	{"name_s": "/usr/share/locale/el/LC_MESSAGES/kio_sftp.mo", "size_i": "9349", "regex": "false"},
	{"name_s": "/usr/share/locale/el/LC_MESSAGES/kio_sieve.mo", "size_i": "6859", "regex": "false"},
	{"name_s": "/usr/share/locale/el/LC_MESSAGES/kio_smb.mo", "size_i": "5298", "regex": "false"},
	{"name_s": "/usr/share/locale/el/LC_MESSAGES/kio_smtp.mo", "size_i": "6118", "regex": "false"},
	{"name_s": "/usr/share/locale/el/LC_MESSAGES/kio_svn.mo", "size_i": "6530", "regex": "false"},
	{"name_s": "/usr/share/locale/el/LC_MESSAGES/kio_thumbnail.mo", "size_i": "1974", "regex": "false"},
	{"name_s": "/usr/share/locale/el/LC_MESSAGES/kio_trash.mo", "size_i": "6957", "regex": "false"},
	{"name_s": "/usr/share/locale/el/LC_MESSAGES/kio_zeroconf.mo", "size_i": "1201", "regex": "false"},
	{"name_s": "/usr/share/locale/el/LC_MESSAGES/kioclient.mo", "size_i": "6582", "regex": "false"},
	{"name_s": "/usr/share/locale/el/LC_MESSAGES/kioexec.mo", "size_i": "3104", "regex": "false"},
	{"name_s": "/usr/share/locale/el/LC_MESSAGES/kiriki.mo", "size_i": "2924", "regex": "false"},
	{"name_s": "/usr/share/locale/el/LC_MESSAGES/kitchensync.mo", "size_i": "10988", "regex": "false"},
	{"name_s": "/usr/share/locale/el/LC_MESSAGES/kiten.mo", "size_i": "13129", "regex": "false"},
	{"name_s": "/usr/share/locale/el/LC_MESSAGES/kjots.mo", "size_i": "12176", "regex": "false"},
	{"name_s": "/usr/share/locale/el/LC_MESSAGES/kjumpingcube.mo", "size_i": "4938", "regex": "false"},
	{"name_s": "/usr/share/locale/el/LC_MESSAGES/kleopatra.mo", "size_i": "161470", "regex": "false"},
	{"name_s": "/usr/share/locale/el/LC_MESSAGES/klettres.mo", "size_i": "14610", "regex": "false"},
	{"name_s": "/usr/share/locale/el/LC_MESSAGES/klines.mo", "size_i": "3219", "regex": "false"},
	{"name_s": "/usr/share/locale/el/LC_MESSAGES/klipper.mo", "size_i": "13915", "regex": "false"},
	{"name_s": "/usr/share/locale/el/LC_MESSAGES/klock.mo", "size_i": "27433", "regex": "false"},
	{"name_s": "/usr/share/locale/el/LC_MESSAGES/kmag.mo", "size_i": "11418", "regex": "false"},
	{"name_s": "/usr/share/locale/el/LC_MESSAGES/kmahjongg.mo", "size_i": "9298", "regex": "false"},
	{"name_s": "/usr/share/locale/el/LC_MESSAGES/kmail.mo", "size_i": "500759", "regex": "false"},
	{"name_s": "/usr/share/locale/el/LC_MESSAGES/kmail_text_calendar_plugin.mo", "size_i": "2691", "regex": "false"},
	{"name_s": "/usr/share/locale/el/LC_MESSAGES/kmail_text_vcard_plugin.mo", "size_i": "999", "regex": "false"},
	{"name_s": "/usr/share/locale/el/LC_MESSAGES/kmail_text_xdiff_plugin.mo", "size_i": "564", "regex": "false"},
	{"name_s": "/usr/share/locale/el/LC_MESSAGES/kmailcvt.mo", "size_i": "24555", "regex": "false"},
	{"name_s": "/usr/share/locale/el/LC_MESSAGES/kmenuedit.mo", "size_i": "6612", "regex": "false"},
	{"name_s": "/usr/share/locale/el/LC_MESSAGES/kmimetypefinder.mo", "size_i": "1446", "regex": "false"},
	{"name_s": "/usr/share/locale/el/LC_MESSAGES/kmines.mo", "size_i": "3685", "regex": "false"},
	{"name_s": "/usr/share/locale/el/LC_MESSAGES/kmix.mo", "size_i": "14835", "regex": "false"},
	{"name_s": "/usr/share/locale/el/LC_MESSAGES/kmousetool.mo", "size_i": "4407", "regex": "false"},
	{"name_s": "/usr/share/locale/el/LC_MESSAGES/kmouth.mo", "size_i": "36272", "regex": "false"},
	{"name_s": "/usr/share/locale/el/LC_MESSAGES/kmplot.mo", "size_i": "56308", "regex": "false"},
	{"name_s": "/usr/share/locale/el/LC_MESSAGES/knetattach.mo", "size_i": "5480", "regex": "false"},
	{"name_s": "/usr/share/locale/el/LC_MESSAGES/knetwalk.mo", "size_i": "5834", "regex": "false"},
	{"name_s": "/usr/share/locale/el/LC_MESSAGES/knetworkconfmodule.mo", "size_i": "25173", "regex": "false"},
	{"name_s": "/usr/share/locale/el/LC_MESSAGES/knode.mo", "size_i": "90208", "regex": "false"},
	{"name_s": "/usr/share/locale/el/LC_MESSAGES/knotes.mo", "size_i": "9980", "regex": "false"},
	{"name_s": "/usr/share/locale/el/LC_MESSAGES/knotify4.mo", "size_i": "1603", "regex": "false"},
	{"name_s": "/usr/share/locale/el/LC_MESSAGES/kolf.mo", "size_i": "11557", "regex": "false"},
	{"name_s": "/usr/share/locale/el/LC_MESSAGES/kollision.mo", "size_i": "2816", "regex": "false"},
	{"name_s": "/usr/share/locale/el/LC_MESSAGES/kolourpaint.mo", "size_i": "77116", "regex": "false"},
	{"name_s": "/usr/share/locale/el/LC_MESSAGES/kompare.mo", "size_i": "32833", "regex": "false"},
	{"name_s": "/usr/share/locale/el/LC_MESSAGES/konqueror.mo", "size_i": "70452", "regex": "false"},
	{"name_s": "/usr/share/locale/el/LC_MESSAGES/konquest.mo", "size_i": "6907", "regex": "false"},
	{"name_s": "/usr/share/locale/el/LC_MESSAGES/konsole.mo", "size_i": "36590", "regex": "false"},
	{"name_s": "/usr/share/locale/el/LC_MESSAGES/konsolekalendar.mo", "size_i": "14450", "regex": "false"},
	{"name_s": "/usr/share/locale/el/LC_MESSAGES/kontact.mo", "size_i": "26511", "regex": "false"},
	{"name_s": "/usr/share/locale/el/LC_MESSAGES/kontactinterfaces.mo", "size_i": "694", "regex": "false"},
	{"name_s": "/usr/share/locale/el/LC_MESSAGES/kopete.mo", "size_i": "467608", "regex": "false"},
	{"name_s": "/usr/share/locale/el/LC_MESSAGES/korganizer.mo", "size_i": "276900", "regex": "false"},
	{"name_s": "/usr/share/locale/el/LC_MESSAGES/kpackage.mo", "size_i": "12482", "regex": "false"},
	{"name_s": "/usr/share/locale/el/LC_MESSAGES/kpartloader.mo", "size_i": "974", "regex": "false"},
	{"name_s": "/usr/share/locale/el/LC_MESSAGES/kpartsaver.mo", "size_i": "1967", "regex": "false"},
	{"name_s": "/usr/share/locale/el/LC_MESSAGES/kpasswdserver.mo", "size_i": "772", "regex": "false"},
	{"name_s": "/usr/share/locale/el/LC_MESSAGES/kpat.mo", "size_i": "9266", "regex": "false"},
	{"name_s": "/usr/share/locale/el/LC_MESSAGES/kpilot.mo", "size_i": "119350", "regex": "false"},
	{"name_s": "/usr/share/locale/el/LC_MESSAGES/kppp.mo", "size_i": "79947", "regex": "false"},
	{"name_s": "/usr/share/locale/el/LC_MESSAGES/kppplogview.mo", "size_i": "5845", "regex": "false"},
	{"name_s": "/usr/share/locale/el/LC_MESSAGES/kquitapp.mo", "size_i": "2088", "regex": "false"},
	{"name_s": "/usr/share/locale/el/LC_MESSAGES/krandr.mo", "size_i": "10999", "regex": "false"},
	{"name_s": "/usr/share/locale/el/LC_MESSAGES/krdb.mo", "size_i": "1111", "regex": "false"},
	{"name_s": "/usr/share/locale/el/LC_MESSAGES/krdc.mo", "size_i": "28107", "regex": "false"},
	{"name_s": "/usr/share/locale/el/LC_MESSAGES/kreadconfig.mo", "size_i": "1349", "regex": "false"},
	{"name_s": "/usr/share/locale/el/LC_MESSAGES/kres-migrator.mo", "size_i": "5686", "regex": "false"},
	{"name_s": "/usr/share/locale/el/LC_MESSAGES/kres_birthday.mo", "size_i": "1135", "regex": "false"},
	{"name_s": "/usr/share/locale/el/LC_MESSAGES/kres_blog.mo", "size_i": "1201", "regex": "false"},
	{"name_s": "/usr/share/locale/el/LC_MESSAGES/kres_bugzilla.mo", "size_i": "761", "regex": "false"},
	{"name_s": "/usr/share/locale/el/LC_MESSAGES/kres_groupware.mo", "size_i": "1802", "regex": "false"},
	{"name_s": "/usr/share/locale/el/LC_MESSAGES/kres_groupwise.mo", "size_i": "8326", "regex": "false"},
	{"name_s": "/usr/share/locale/el/LC_MESSAGES/kres_kolab.mo", "size_i": "3508", "regex": "false"},
	{"name_s": "/usr/share/locale/el/LC_MESSAGES/kres_remote.mo", "size_i": "926", "regex": "false"},
	{"name_s": "/usr/share/locale/el/LC_MESSAGES/kres_scalix.mo", "size_i": "7766", "regex": "false"},
	{"name_s": "/usr/share/locale/el/LC_MESSAGES/kres_tvanytime.mo", "size_i": "1110", "regex": "false"},
	{"name_s": "/usr/share/locale/el/LC_MESSAGES/kres_xmlrpc.mo", "size_i": "2278", "regex": "false"},
	{"name_s": "/usr/share/locale/el/LC_MESSAGES/kreversi.mo", "size_i": "5177", "regex": "false"},
	{"name_s": "/usr/share/locale/el/LC_MESSAGES/krfb.mo", "size_i": "26197", "regex": "false"},
	{"name_s": "/usr/share/locale/el/LC_MESSAGES/kruler.mo", "size_i": "6911", "regex": "false"},
	{"name_s": "/usr/share/locale/el/LC_MESSAGES/krunner.mo", "size_i": "11178", "regex": "false"},
	{"name_s": "/usr/share/locale/el/LC_MESSAGES/ksame.mo", "size_i": "2897", "regex": "false"},
	{"name_s": "/usr/share/locale/el/LC_MESSAGES/ksaneplugin.mo", "size_i": "624", "regex": "false"},
	{"name_s": "/usr/share/locale/el/LC_MESSAGES/ksayit.mo", "size_i": "8733", "regex": "false"},
	{"name_s": "/usr/share/locale/el/LC_MESSAGES/kscd.mo", "size_i": "9283", "regex": "false"},
	{"name_s": "/usr/share/locale/el/LC_MESSAGES/kscreensaver.mo", "size_i": "1792", "regex": "false"},
	{"name_s": "/usr/share/locale/el/LC_MESSAGES/ksendemail.mo", "size_i": "2219", "regex": "false"},
	{"name_s": "/usr/share/locale/el/LC_MESSAGES/kshisen.mo", "size_i": "11519", "regex": "false"},
	{"name_s": "/usr/share/locale/el/LC_MESSAGES/kshorturifilter.mo", "size_i": "913", "regex": "false"},
	{"name_s": "/usr/share/locale/el/LC_MESSAGES/ksirk.mo", "size_i": "62922", "regex": "false"},
	{"name_s": "/usr/share/locale/el/LC_MESSAGES/ksmserver.mo", "size_i": "3326", "regex": "false"},
	{"name_s": "/usr/share/locale/el/LC_MESSAGES/ksnapshot.mo", "size_i": "12201", "regex": "false"},
	{"name_s": "/usr/share/locale/el/LC_MESSAGES/kspaceduel.mo", "size_i": "5699", "regex": "false"},
	{"name_s": "/usr/share/locale/el/LC_MESSAGES/ksplashthemes.mo", "size_i": "5778", "regex": "false"},
	{"name_s": "/usr/share/locale/el/LC_MESSAGES/ksquares.mo", "size_i": "8336", "regex": "false"},
	{"name_s": "/usr/share/locale/el/LC_MESSAGES/kstars.mo", "size_i": "832462", "regex": "false"},
	{"name_s": "/usr/share/locale/el/LC_MESSAGES/kstart.mo", "size_i": "6153", "regex": "false"},
	{"name_s": "/usr/share/locale/el/LC_MESSAGES/kstartperf.mo", "size_i": "1371", "regex": "false"},
	{"name_s": "/usr/share/locale/el/LC_MESSAGES/kstyle_config.mo", "size_i": "1225", "regex": "false"},
	{"name_s": "/usr/share/locale/el/LC_MESSAGES/kstyle_keramik_config.mo", "size_i": "701", "regex": "false"},
	{"name_s": "/usr/share/locale/el/LC_MESSAGES/kstyle_phase_config.mo", "size_i": "1387", "regex": "false"},
	{"name_s": "/usr/share/locale/el/LC_MESSAGES/ksudoku.mo", "size_i": "11267", "regex": "false"},
	{"name_s": "/usr/share/locale/el/LC_MESSAGES/ksysguard.mo", "size_i": "30819", "regex": "false"},
	{"name_s": "/usr/share/locale/el/LC_MESSAGES/ksysguardlsofwidgets.mo", "size_i": "788", "regex": "false"},
	{"name_s": "/usr/share/locale/el/LC_MESSAGES/ksystemlog.mo", "size_i": "79344", "regex": "false"},
	{"name_s": "/usr/share/locale/el/LC_MESSAGES/ksystraycmd.mo", "size_i": "4760", "regex": "false"},
	{"name_s": "/usr/share/locale/el/LC_MESSAGES/ksysv.mo", "size_i": "28597", "regex": "false"},
	{"name_s": "/usr/share/locale/el/LC_MESSAGES/kteatime.mo", "size_i": "5448", "regex": "false"},
	{"name_s": "/usr/share/locale/el/LC_MESSAGES/ktexteditor_plugins.mo", "size_i": "12409", "regex": "false"},
	{"name_s": "/usr/share/locale/el/LC_MESSAGES/ktexteditorkabcbridge_plugin.mo", "size_i": "1162", "regex": "false"},
	{"name_s": "/usr/share/locale/el/LC_MESSAGES/kthememanager.mo", "size_i": "4487", "regex": "false"},
	{"name_s": "/usr/share/locale/el/LC_MESSAGES/ktimer.mo", "size_i": "5917", "regex": "false"},
	{"name_s": "/usr/share/locale/el/LC_MESSAGES/ktimetracker.mo", "size_i": "29124", "regex": "false"},
	{"name_s": "/usr/share/locale/el/LC_MESSAGES/ktouch.mo", "size_i": "54592", "regex": "false"},
	{"name_s": "/usr/share/locale/el/LC_MESSAGES/ktraderclient.mo", "size_i": "1175", "regex": "false"},
	{"name_s": "/usr/share/locale/el/LC_MESSAGES/ktron.mo", "size_i": "6268", "regex": "false"},
	{"name_s": "/usr/share/locale/el/LC_MESSAGES/kttsd.mo", "size_i": "86090", "regex": "false"},
	{"name_s": "/usr/share/locale/el/LC_MESSAGES/ktuberling.mo", "size_i": "4426", "regex": "false"},
	{"name_s": "/usr/share/locale/el/LC_MESSAGES/kturtle.mo", "size_i": "47848", "regex": "false"},
	{"name_s": "/usr/share/locale/el/LC_MESSAGES/ktux.mo", "size_i": "1064", "regex": "false"},
	{"name_s": "/usr/share/locale/el/LC_MESSAGES/kubrick.mo", "size_i": "25232", "regex": "false"},
	{"name_s": "/usr/share/locale/el/LC_MESSAGES/kuiserver.mo", "size_i": "3368", "regex": "false"},
	{"name_s": "/usr/share/locale/el/LC_MESSAGES/kuiviewer.mo", "size_i": "1909", "regex": "false"},
	{"name_s": "/usr/share/locale/el/LC_MESSAGES/kurifilter.mo", "size_i": "9474", "regex": "false"},
	{"name_s": "/usr/share/locale/el/LC_MESSAGES/kuser.mo", "size_i": "45583", "regex": "false"},
	{"name_s": "/usr/share/locale/el/LC_MESSAGES/kwalletd.mo", "size_i": "15086", "regex": "false"},
	{"name_s": "/usr/share/locale/el/LC_MESSAGES/kwalletmanager.mo", "size_i": "11830", "regex": "false"},
	{"name_s": "/usr/share/locale/el/LC_MESSAGES/kwatchgnupg.mo", "size_i": "4712", "regex": "false"},
	{"name_s": "/usr/share/locale/el/LC_MESSAGES/kweather.mo", "size_i": "13455", "regex": "false"},
	{"name_s": "/usr/share/locale/el/LC_MESSAGES/kwin.mo", "size_i": "24033", "regex": "false"},
	{"name_s": "/usr/share/locale/el/LC_MESSAGES/kwin_art_clients.mo", "size_i": "7972", "regex": "false"},
	{"name_s": "/usr/share/locale/el/LC_MESSAGES/kwin_clients.mo", "size_i": "13794", "regex": "false"},
	{"name_s": "/usr/share/locale/el/LC_MESSAGES/kwin_effects.mo", "size_i": "14601", "regex": "false"},
	{"name_s": "/usr/share/locale/el/LC_MESSAGES/kwin_lib.mo", "size_i": "2158", "regex": "false"},
	{"name_s": "/usr/share/locale/el/LC_MESSAGES/kwinstartmenu.mo", "size_i": "1554", "regex": "false"},
	{"name_s": "/usr/share/locale/el/LC_MESSAGES/kwordquiz.mo", "size_i": "42718", "regex": "false"},
	{"name_s": "/usr/share/locale/el/LC_MESSAGES/kwrite.mo", "size_i": "9311", "regex": "false"},
	{"name_s": "/usr/share/locale/el/LC_MESSAGES/kwriteconfig.mo", "size_i": "1929", "regex": "false"},
	{"name_s": "/usr/share/locale/el/LC_MESSAGES/kxkb.mo", "size_i": "10830", "regex": "false"},
	{"name_s": "/usr/share/locale/el/LC_MESSAGES/kxsconfig.mo", "size_i": "16543", "regex": "false"},
	{"name_s": "/usr/share/locale/el/LC_MESSAGES/lancelot.mo", "size_i": "18028", "regex": "false"},
	{"name_s": "/usr/share/locale/el/LC_MESSAGES/libakonadi.mo", "size_i": "29634", "regex": "false"},
	{"name_s": "/usr/share/locale/el/LC_MESSAGES/libconversion.mo", "size_i": "20697", "regex": "false"},
	{"name_s": "/usr/share/locale/el/LC_MESSAGES/libkblog.mo", "size_i": "4795", "regex": "false"},
	{"name_s": "/usr/share/locale/el/LC_MESSAGES/libkcal.mo", "size_i": "41576", "regex": "false"},
	{"name_s": "/usr/share/locale/el/LC_MESSAGES/libkcddb.mo", "size_i": "9540", "regex": "false"},
	{"name_s": "/usr/share/locale/el/LC_MESSAGES/libkcompactdisc.mo", "size_i": "1015", "regex": "false"},
	{"name_s": "/usr/share/locale/el/LC_MESSAGES/libkdcraw.mo", "size_i": "22692", "regex": "false"},
	{"name_s": "/usr/share/locale/el/LC_MESSAGES/libkdeedu.mo", "size_i": "34819", "regex": "false"},
	{"name_s": "/usr/share/locale/el/LC_MESSAGES/libkdegames.mo", "size_i": "28410", "regex": "false"},
	{"name_s": "/usr/share/locale/el/LC_MESSAGES/libkdepim.mo", "size_i": "35814", "regex": "false"},
	{"name_s": "/usr/share/locale/el/LC_MESSAGES/libkholidays.mo", "size_i": "2537", "regex": "false"},
	{"name_s": "/usr/share/locale/el/LC_MESSAGES/libkimap.mo", "size_i": "3635", "regex": "false"},
	{"name_s": "/usr/share/locale/el/LC_MESSAGES/libkldap.mo", "size_i": "4565", "regex": "false"},
	{"name_s": "/usr/share/locale/el/LC_MESSAGES/libkleopatra.mo", "size_i": "27019", "regex": "false"},
	{"name_s": "/usr/share/locale/el/LC_MESSAGES/libkmahjongg.mo", "size_i": "802", "regex": "false"},
	{"name_s": "/usr/share/locale/el/LC_MESSAGES/libkmime.mo", "size_i": "3296", "regex": "false"},
	{"name_s": "/usr/share/locale/el/LC_MESSAGES/libkonq.mo", "size_i": "4369", "regex": "false"},
	{"name_s": "/usr/share/locale/el/LC_MESSAGES/libkpgp.mo", "size_i": "23900", "regex": "false"},
	{"name_s": "/usr/share/locale/el/LC_MESSAGES/libkpimidentities.mo", "size_i": "4228", "regex": "false"},
	{"name_s": "/usr/share/locale/el/LC_MESSAGES/libkpimtextedit.mo", "size_i": "1109", "regex": "false"},
	{"name_s": "/usr/share/locale/el/LC_MESSAGES/libkpimutils.mo", "size_i": "8541", "regex": "false"},
	{"name_s": "/usr/share/locale/el/LC_MESSAGES/libkresources.mo", "size_i": "3992", "regex": "false"},
	{"name_s": "/usr/share/locale/el/LC_MESSAGES/libksane.mo", "size_i": "6386", "regex": "false"},
	{"name_s": "/usr/share/locale/el/LC_MESSAGES/libkscreensaver.mo", "size_i": "1131", "regex": "false"},
	{"name_s": "/usr/share/locale/el/LC_MESSAGES/libksieve.mo", "size_i": "7068", "regex": "false"},
	{"name_s": "/usr/share/locale/el/LC_MESSAGES/libktnef.mo", "size_i": "11855", "regex": "false"},
	{"name_s": "/usr/share/locale/el/LC_MESSAGES/libkworkspace.mo", "size_i": "1408", "regex": "false"},
	{"name_s": "/usr/share/locale/el/LC_MESSAGES/libkxmlrpcclient.mo", "size_i": "721", "regex": "false"},
	{"name_s": "/usr/share/locale/el/LC_MESSAGES/libmailtransport.mo", "size_i": "13891", "regex": "false"},
	{"name_s": "/usr/share/locale/el/LC_MESSAGES/liboktetacore.mo", "size_i": "765", "regex": "false"},
	{"name_s": "/usr/share/locale/el/LC_MESSAGES/libphonon.mo", "size_i": "1924", "regex": "false"},
	{"name_s": "/usr/share/locale/el/LC_MESSAGES/libplasma.mo", "size_i": "10408", "regex": "false"},
	{"name_s": "/usr/share/locale/el/LC_MESSAGES/libplasmaclock.mo", "size_i": "7010", "regex": "false"},
	{"name_s": "/usr/share/locale/el/LC_MESSAGES/libplasmaweather.mo", "size_i": "2945", "regex": "false"},
	{"name_s": "/usr/share/locale/el/LC_MESSAGES/libtaskmanager.mo", "size_i": "2015", "regex": "false"},
	{"name_s": "/usr/share/locale/el/LC_MESSAGES/lokalize.mo", "size_i": "57812", "regex": "false"},
	{"name_s": "/usr/share/locale/el/LC_MESSAGES/lskat.mo", "size_i": "7502", "regex": "false"},
	{"name_s": "/usr/share/locale/el/LC_MESSAGES/marble.mo", "size_i": "72813", "regex": "false"},
	{"name_s": "/usr/share/locale/el/LC_MESSAGES/marble_qt.mo", "size_i": "31599", "regex": "false"},
	{"name_s": "/usr/share/locale/el/LC_MESSAGES/mplayerthumbs.mo", "size_i": "1276", "regex": "false"},
	{"name_s": "/usr/share/locale/el/LC_MESSAGES/nepomuk.mo", "size_i": "12445", "regex": "false"},
	{"name_s": "/usr/share/locale/el/LC_MESSAGES/nepomuksearch.mo", "size_i": "1014", "regex": "false"},
	{"name_s": "/usr/share/locale/el/LC_MESSAGES/nsplugin.mo", "size_i": "2006", "regex": "false"},
	{"name_s": "/usr/share/locale/el/LC_MESSAGES/okteta.mo", "size_i": "40414", "regex": "false"},
	{"name_s": "/usr/share/locale/el/LC_MESSAGES/oktetapart.mo", "size_i": "2635", "regex": "false"},
	{"name_s": "/usr/share/locale/el/LC_MESSAGES/okular.mo", "size_i": "48830", "regex": "false"},
	{"name_s": "/usr/share/locale/el/LC_MESSAGES/okular_chm.mo", "size_i": "1109", "regex": "false"},
	{"name_s": "/usr/share/locale/el/LC_MESSAGES/okular_comicbook.mo", "size_i": "1536", "regex": "false"},
	{"name_s": "/usr/share/locale/el/LC_MESSAGES/okular_djvu.mo", "size_i": "2291", "regex": "false"},
	{"name_s": "/usr/share/locale/el/LC_MESSAGES/okular_dvi.mo", "size_i": "32149", "regex": "false"},
	{"name_s": "/usr/share/locale/el/LC_MESSAGES/okular_epub.mo", "size_i": "1098", "regex": "false"},
	{"name_s": "/usr/share/locale/el/LC_MESSAGES/okular_fax.mo", "size_i": "1064", "regex": "false"},
	{"name_s": "/usr/share/locale/el/LC_MESSAGES/okular_fictionbook.mo", "size_i": "1739", "regex": "false"},
	{"name_s": "/usr/share/locale/el/LC_MESSAGES/okular_ghostview.mo", "size_i": "2227", "regex": "false"},
	{"name_s": "/usr/share/locale/el/LC_MESSAGES/okular_kimgio.mo", "size_i": "1377", "regex": "false"},
	{"name_s": "/usr/share/locale/el/LC_MESSAGES/okular_mobi.mo", "size_i": "1392", "regex": "false"},
	{"name_s": "/usr/share/locale/el/LC_MESSAGES/okular_ooo.mo", "size_i": "4729", "regex": "false"},
	{"name_s": "/usr/share/locale/el/LC_MESSAGES/okular_plucker.mo", "size_i": "1060", "regex": "false"},
	{"name_s": "/usr/share/locale/el/LC_MESSAGES/okular_poppler.mo", "size_i": "2893", "regex": "false"},
	{"name_s": "/usr/share/locale/el/LC_MESSAGES/okular_tiff.mo", "size_i": "1415", "regex": "false"},
	{"name_s": "/usr/share/locale/el/LC_MESSAGES/okular_xps.mo", "size_i": "1191", "regex": "false"},
	{"name_s": "/usr/share/locale/el/LC_MESSAGES/parley.mo", "size_i": "89795", "regex": "false"},
	{"name_s": "/usr/share/locale/el/LC_MESSAGES/phonon-xine.mo", "size_i": "6688", "regex": "false"},
	{"name_s": "/usr/share/locale/el/LC_MESSAGES/phonon_gstreamer.mo", "size_i": "2654", "regex": "false"},
	{"name_s": "/usr/share/locale/el/LC_MESSAGES/phonon_kde.mo", "size_i": "1239", "regex": "false"},
	{"name_s": "/usr/share/locale/el/LC_MESSAGES/phononserver.mo", "size_i": "3325", "regex": "false"},
	{"name_s": "/usr/share/locale/el/LC_MESSAGES/plasma-desktop.mo", "size_i": "5526", "regex": "false"},
	{"name_s": "/usr/share/locale/el/LC_MESSAGES/plasma-overlay.mo", "size_i": "3319", "regex": "false"},
	{"name_s": "/usr/share/locale/el/LC_MESSAGES/plasma-shells-common.mo", "size_i": "4669", "regex": "false"},
	{"name_s": "/usr/share/locale/el/LC_MESSAGES/plasma_applet_BbalL.mo", "size_i": "2028", "regex": "false"},
	{"name_s": "/usr/share/locale/el/LC_MESSAGES/plasma_applet_CharSelectApplet.mo", "size_i": "564", "regex": "false"},
	{"name_s": "/usr/share/locale/el/LC_MESSAGES/plasma_applet_battery.mo", "size_i": "2557", "regex": "false"},
	{"name_s": "/usr/share/locale/el/LC_MESSAGES/plasma_applet_binaryclock.mo", "size_i": "2272", "regex": "false"},
	{"name_s": "/usr/share/locale/el/LC_MESSAGES/plasma_applet_bubblemon.mo", "size_i": "1358", "regex": "false"},
	{"name_s": "/usr/share/locale/el/LC_MESSAGES/plasma_applet_calculator.mo", "size_i": "1112", "regex": "false"},
	{"name_s": "/usr/share/locale/el/LC_MESSAGES/plasma_applet_clock.mo", "size_i": "1344", "regex": "false"},
	{"name_s": "/usr/share/locale/el/LC_MESSAGES/plasma_applet_comic.mo", "size_i": "3715", "regex": "false"},
	{"name_s": "/usr/share/locale/el/LC_MESSAGES/plasma_applet_desktop.mo", "size_i": "728", "regex": "false"},
	{"name_s": "/usr/share/locale/el/LC_MESSAGES/plasma_applet_devicenotifier.mo", "size_i": "1640", "regex": "false"},
	{"name_s": "/usr/share/locale/el/LC_MESSAGES/plasma_applet_dig_clock.mo", "size_i": "5366", "regex": "false"},
	{"name_s": "/usr/share/locale/el/LC_MESSAGES/plasma_applet_fifteenPuzzle.mo", "size_i": "1269", "regex": "false"},
	{"name_s": "/usr/share/locale/el/LC_MESSAGES/plasma_applet_fileWatcher.mo", "size_i": "1652", "regex": "false"},
	{"name_s": "/usr/share/locale/el/LC_MESSAGES/plasma_applet_folderview.mo", "size_i": "15723", "regex": "false"},
	{"name_s": "/usr/share/locale/el/LC_MESSAGES/plasma_applet_frame.mo", "size_i": "2951", "regex": "false"},
	{"name_s": "/usr/share/locale/el/LC_MESSAGES/plasma_applet_fuzzy_clock.mo", "size_i": "7873", "regex": "false"},
	{"name_s": "/usr/share/locale/el/LC_MESSAGES/plasma_applet_icon.mo", "size_i": "996", "regex": "false"},
	{"name_s": "/usr/share/locale/el/LC_MESSAGES/plasma_applet_incomingmsg.mo", "size_i": "2022", "regex": "false"},
	{"name_s": "/usr/share/locale/el/LC_MESSAGES/plasma_applet_kalzium.mo", "size_i": "1124", "regex": "false"},
	{"name_s": "/usr/share/locale/el/LC_MESSAGES/plasma_applet_katesession.mo", "size_i": "1614", "regex": "false"},
	{"name_s": "/usr/share/locale/el/LC_MESSAGES/plasma_applet_kget.mo", "size_i": "728", "regex": "false"},
	{"name_s": "/usr/share/locale/el/LC_MESSAGES/plasma_applet_kolourpicker.mo", "size_i": "681", "regex": "false"},
	{"name_s": "/usr/share/locale/el/LC_MESSAGES/plasma_applet_launcher.mo", "size_i": "6828", "regex": "false"},
	{"name_s": "/usr/share/locale/el/LC_MESSAGES/plasma_applet_leavenote.mo", "size_i": "1273", "regex": "false"},
	{"name_s": "/usr/share/locale/el/LC_MESSAGES/plasma_applet_life.mo", "size_i": "1016", "regex": "false"},
	{"name_s": "/usr/share/locale/el/LC_MESSAGES/plasma_applet_lockout.mo", "size_i": "1155", "regex": "false"},
	{"name_s": "/usr/share/locale/el/LC_MESSAGES/plasma_applet_luna.mo", "size_i": "2153", "regex": "false"},
	{"name_s": "/usr/share/locale/el/LC_MESSAGES/plasma_applet_magnifique.mo", "size_i": "833", "regex": "false"},
	{"name_s": "/usr/share/locale/el/LC_MESSAGES/plasma_applet_microblog.mo", "size_i": "2317", "regex": "false"},
	{"name_s": "/usr/share/locale/el/LC_MESSAGES/plasma_applet_news.mo", "size_i": "1545", "regex": "false"},
	{"name_s": "/usr/share/locale/el/LC_MESSAGES/plasma_applet_notes.mo", "size_i": "2781", "regex": "false"},
	{"name_s": "/usr/share/locale/el/LC_MESSAGES/plasma_applet_nowplaying.mo", "size_i": "930", "regex": "false"},
	{"name_s": "/usr/share/locale/el/LC_MESSAGES/plasma_applet_pager.mo", "size_i": "2001", "regex": "false"},
	{"name_s": "/usr/share/locale/el/LC_MESSAGES/plasma_applet_panel.mo", "size_i": "610", "regex": "false"},
	{"name_s": "/usr/share/locale/el/LC_MESSAGES/plasma_applet_paste.mo", "size_i": "3155", "regex": "false"},
	{"name_s": "/usr/share/locale/el/LC_MESSAGES/plasma_applet_pastebin.mo", "size_i": "2307", "regex": "false"},
	{"name_s": "/usr/share/locale/el/LC_MESSAGES/plasma_applet_previewer.mo", "size_i": "1353", "regex": "false"},
	{"name_s": "/usr/share/locale/el/LC_MESSAGES/plasma_applet_qstardict.mo", "size_i": "633", "regex": "false"},
	{"name_s": "/usr/share/locale/el/LC_MESSAGES/plasma_applet_quicklaunch.mo", "size_i": "1206", "regex": "false"},
	{"name_s": "/usr/share/locale/el/LC_MESSAGES/plasma_applet_rssnow.mo", "size_i": "2440", "regex": "false"},
	{"name_s": "/usr/share/locale/el/LC_MESSAGES/plasma_applet_rtm.mo", "size_i": "4933", "regex": "false"},
	{"name_s": "/usr/share/locale/el/LC_MESSAGES/plasma_applet_saverdesktop.mo", "size_i": "553", "regex": "false"},
	{"name_s": "/usr/share/locale/el/LC_MESSAGES/plasma_applet_showdashboard.mo", "size_i": "591", "regex": "false"},
	{"name_s": "/usr/share/locale/el/LC_MESSAGES/plasma_applet_showdesktop.mo", "size_i": "794", "regex": "false"},
	{"name_s": "/usr/share/locale/el/LC_MESSAGES/plasma_applet_skapplet.mo", "size_i": "825", "regex": "false"},
	{"name_s": "/usr/share/locale/el/LC_MESSAGES/plasma_applet_system-monitor.mo", "size_i": "3166", "regex": "false"},
	{"name_s": "/usr/share/locale/el/LC_MESSAGES/plasma_applet_systemloadviewer.mo", "size_i": "2373", "regex": "false"},
	{"name_s": "/usr/share/locale/el/LC_MESSAGES/plasma_applet_systemtray.mo", "size_i": "4654", "regex": "false"},
	{"name_s": "/usr/share/locale/el/LC_MESSAGES/plasma_applet_tasks.mo", "size_i": "2492", "regex": "false"},
	{"name_s": "/usr/share/locale/el/LC_MESSAGES/plasma_applet_timer.mo", "size_i": "1483", "regex": "false"},
	{"name_s": "/usr/share/locale/el/LC_MESSAGES/plasma_applet_trash.mo", "size_i": "1360", "regex": "false"},
	{"name_s": "/usr/share/locale/el/LC_MESSAGES/plasma_applet_unitconverter.mo", "size_i": "606", "regex": "false"},
	{"name_s": "/usr/share/locale/el/LC_MESSAGES/plasma_applet_weather.mo", "size_i": "2545", "regex": "false"},
	{"name_s": "/usr/share/locale/el/LC_MESSAGES/plasma_applet_weatherstation.mo", "size_i": "1156", "regex": "false"},
	{"name_s": "/usr/share/locale/el/LC_MESSAGES/plasma_applet_webbrowser.mo", "size_i": "1186", "regex": "false"},
	{"name_s": "/usr/share/locale/el/LC_MESSAGES/plasma_appletscriptengine_dashboard.mo", "size_i": "718", "regex": "false"},
	{"name_s": "/usr/share/locale/el/LC_MESSAGES/plasma_appletscriptengine_googlegadget.mo", "size_i": "624", "regex": "false"},
	{"name_s": "/usr/share/locale/el/LC_MESSAGES/plasma_appletscriptengine_qedjescripts.mo", "size_i": "957", "regex": "false"},
	{"name_s": "/usr/share/locale/el/LC_MESSAGES/plasma_engine_kalzium.mo", "size_i": "844", "regex": "false"},
	{"name_s": "/usr/share/locale/el/LC_MESSAGES/plasma_engine_kuiserver.mo", "size_i": "837", "regex": "false"},
	{"name_s": "/usr/share/locale/el/LC_MESSAGES/plasma_engine_nowplaying.mo", "size_i": "2686", "regex": "false"},
	{"name_s": "/usr/share/locale/el/LC_MESSAGES/plasma_engine_ocs.mo", "size_i": "550", "regex": "false"},
	{"name_s": "/usr/share/locale/el/LC_MESSAGES/plasma_engine_rss.mo", "size_i": "799", "regex": "false"},
	{"name_s": "/usr/share/locale/el/LC_MESSAGES/plasma_engine_weather.mo", "size_i": "6186", "regex": "false"},
	{"name_s": "/usr/share/locale/el/LC_MESSAGES/plasma_runner_bookmarksrunner.mo", "size_i": "678", "regex": "false"},
	{"name_s": "/usr/share/locale/el/LC_MESSAGES/plasma_runner_browserhistory.mo", "size_i": "687", "regex": "false"},
	{"name_s": "/usr/share/locale/el/LC_MESSAGES/plasma_runner_calculatorrunner.mo", "size_i": "810", "regex": "false"},
	{"name_s": "/usr/share/locale/el/LC_MESSAGES/plasma_runner_contacts.mo", "size_i": "762", "regex": "false"},
	{"name_s": "/usr/share/locale/el/LC_MESSAGES/plasma_runner_converterrunner.mo", "size_i": "609", "regex": "false"},
	{"name_s": "/usr/share/locale/el/LC_MESSAGES/plasma_runner_katesessions.mo", "size_i": "864", "regex": "false"},
	{"name_s": "/usr/share/locale/el/LC_MESSAGES/plasma_runner_konquerorsessions.mo", "size_i": "817", "regex": "false"},
	{"name_s": "/usr/share/locale/el/LC_MESSAGES/plasma_runner_konsolesessions.mo", "size_i": "805", "regex": "false"},
	{"name_s": "/usr/share/locale/el/LC_MESSAGES/plasma_runner_locations.mo", "size_i": "977", "regex": "false"},
	{"name_s": "/usr/share/locale/el/LC_MESSAGES/plasma_runner_nepomuksearchrunner.mo", "size_i": "983", "regex": "false"},
	{"name_s": "/usr/share/locale/el/LC_MESSAGES/plasma_runner_placesrunner.mo", "size_i": "685", "regex": "false"},
	{"name_s": "/usr/share/locale/el/LC_MESSAGES/plasma_runner_powerdevil.mo", "size_i": "3371", "regex": "false"},
	{"name_s": "/usr/share/locale/el/LC_MESSAGES/plasma_runner_recentdocuments.mo", "size_i": "776", "regex": "false"},
	{"name_s": "/usr/share/locale/el/LC_MESSAGES/plasma_runner_services.mo", "size_i": "687", "regex": "false"},
	{"name_s": "/usr/share/locale/el/LC_MESSAGES/plasma_runner_sessions.mo", "size_i": "4139", "regex": "false"},
	{"name_s": "/usr/share/locale/el/LC_MESSAGES/plasma_runner_shell.mo", "size_i": "2782", "regex": "false"},
	{"name_s": "/usr/share/locale/el/LC_MESSAGES/plasma_runner_spellcheckrunner.mo", "size_i": "1150", "regex": "false"},
	{"name_s": "/usr/share/locale/el/LC_MESSAGES/plasma_runner_webshortcuts.mo", "size_i": "1119", "regex": "false"},
	{"name_s": "/usr/share/locale/el/LC_MESSAGES/plasma_scriptengine_qscript.mo", "size_i": "2565", "regex": "false"},
	{"name_s": "/usr/share/locale/el/LC_MESSAGES/plasma_wallpaper_color.mo", "size_i": "570", "regex": "false"},
	{"name_s": "/usr/share/locale/el/LC_MESSAGES/plasma_wallpaper_image.mo", "size_i": "2704", "regex": "false"},
	{"name_s": "/usr/share/locale/el/LC_MESSAGES/plasma_wallpaper_mandelbrot.mo", "size_i": "1163", "regex": "false"},
	{"name_s": "/usr/share/locale/el/LC_MESSAGES/plasma_wallpaper_marble.mo", "size_i": "2515", "regex": "false"},
	{"name_s": "/usr/share/locale/el/LC_MESSAGES/plasma_wallpaper_pattern.mo", "size_i": "731", "regex": "false"},
	{"name_s": "/usr/share/locale/el/LC_MESSAGES/plasma_wallpaper_virus.mo", "size_i": "2583", "regex": "false"},
	{"name_s": "/usr/share/locale/el/LC_MESSAGES/plasma_wallpaper_weather.mo", "size_i": "3417", "regex": "false"},
	{"name_s": "/usr/share/locale/el/LC_MESSAGES/plasmaengineexplorer.mo", "size_i": "6167", "regex": "false"},
	{"name_s": "/usr/share/locale/el/LC_MESSAGES/plasmapkg.mo", "size_i": "4304", "regex": "false"},
	{"name_s": "/usr/share/locale/el/LC_MESSAGES/plasmawallpaperviewer.mo", "size_i": "2238", "regex": "false"},
	{"name_s": "/usr/share/locale/el/LC_MESSAGES/plasmoidviewer.mo", "size_i": "3244", "regex": "false"},
	{"name_s": "/usr/share/locale/el/LC_MESSAGES/policykit-kde.mo", "size_i": "6178", "regex": "false"},
	{"name_s": "/usr/share/locale/el/LC_MESSAGES/polkit-kde-authorization.mo", "size_i": "10938", "regex": "false"},
	{"name_s": "/usr/share/locale/el/LC_MESSAGES/powerdevil.mo", "size_i": "35157", "regex": "false"},
	{"name_s": "/usr/share/locale/el/LC_MESSAGES/printer-applet.mo", "size_i": "8053", "regex": "false"},
	{"name_s": "/usr/share/locale/el/LC_MESSAGES/processcore.mo", "size_i": "1837", "regex": "false"},
	{"name_s": "/usr/share/locale/el/LC_MESSAGES/processui.mo", "size_i": "48570", "regex": "false"},
	{"name_s": "/usr/share/locale/el/LC_MESSAGES/solid-bluetooth.mo", "size_i": "2798", "regex": "false"},
	{"name_s": "/usr/share/locale/el/LC_MESSAGES/solid-hardware.mo", "size_i": "5616", "regex": "false"},
	{"name_s": "/usr/share/locale/el/LC_MESSAGES/solid-network.mo", "size_i": "6709", "regex": "false"},
	{"name_s": "/usr/share/locale/el/LC_MESSAGES/solid-powermanagement.mo", "size_i": "5481", "regex": "false"},
	{"name_s": "/usr/share/locale/el/LC_MESSAGES/solidcontrol.mo", "size_i": "931", "regex": "false"},
	{"name_s": "/usr/share/locale/el/LC_MESSAGES/soliduiserver.mo", "size_i": "1110", "regex": "false"},
	{"name_s": "/usr/share/locale/el/LC_MESSAGES/spy.mo", "size_i": "1263", "regex": "false"},
	{"name_s": "/usr/share/locale/el/LC_MESSAGES/step.mo", "size_i": "20821", "regex": "false"},
	{"name_s": "/usr/share/locale/el/LC_MESSAGES/step_qt.mo", "size_i": "40593", "regex": "false"},
	{"name_s": "/usr/share/locale/el/LC_MESSAGES/strigila_diff.mo", "size_i": "1052", "regex": "false"},
	{"name_s": "/usr/share/locale/el/LC_MESSAGES/superkaramba.mo", "size_i": "7492", "regex": "false"},
	{"name_s": "/usr/share/locale/el/LC_MESSAGES/svgpart.mo", "size_i": "1064", "regex": "false"},
	{"name_s": "/usr/share/locale/el/LC_MESSAGES/sweeper.mo", "size_i": "6412", "regex": "false"},
	{"name_s": "/usr/share/locale/el/LC_MESSAGES/system-config-printer-kde.mo", "size_i": "27489", "regex": "false"},
	{"name_s": "/usr/share/locale/el/LC_MESSAGES/systemsettings.mo", "size_i": "5027", "regex": "false"},
	{"name_s": "/usr/share/locale/el/LC_MESSAGES/timezones4.mo", "size_i": "53576", "regex": "false"},
	{"name_s": "/usr/share/locale/el/LC_MESSAGES/umbrello.mo", "size_i": "114973", "regex": "false"},
	{"name_s": "/usr/share/locale/el/LC_MESSAGES/useraccount.mo", "size_i": "6891", "regex": "false"},
	{"name_s": "/usr/share/locale/el/entry.desktop", "size_i": "1825", "regex": "false"}
]
