[
	{"name_s": "/usr/share/locale/hi/LC_MESSAGES/alsaplayerui.mo", "size_i": "1895", "regex": "false"},
	{"name_s": "/usr/share/locale/hi/LC_MESSAGES/appletproxy.mo", "size_i": "2879", "regex": "false"},
	{"name_s": "/usr/share/locale/hi/LC_MESSAGES/ark_plugin.mo", "size_i": "1243", "regex": "false"},
	{"name_s": "/usr/share/locale/hi/LC_MESSAGES/artsbuilder.mo", "size_i": "9106", "regex": "false"},
	{"name_s": "/usr/share/locale/hi/LC_MESSAGES/artscontrol.mo", "size_i": "7071", "regex": "false"},
	{"name_s": "/usr/share/locale/hi/LC_MESSAGES/artsmodules.mo", "size_i": "2494", "regex": "false"},
	{"name_s": "/usr/share/locale/hi/LC_MESSAGES/atlantik.mo", "size_i": "12262", "regex": "false"},
	{"name_s": "/usr/share/locale/hi/LC_MESSAGES/atlantikdesigner.mo", "size_i": "7507", "regex": "false"},
	{"name_s": "/usr/share/locale/hi/LC_MESSAGES/charlatanui.mo", "size_i": "904", "regex": "false"},
	{"name_s": "/usr/share/locale/hi/LC_MESSAGES/clockapplet.mo", "size_i": "8681", "regex": "false"},
	{"name_s": "/usr/share/locale/hi/LC_MESSAGES/cupsdconf.mo", "size_i": "20962", "regex": "false"},
	{"name_s": "/usr/share/locale/hi/LC_MESSAGES/dcoprss.mo", "size_i": "1363", "regex": "false"},
	{"name_s": "/usr/share/locale/hi/LC_MESSAGES/dockbarextension.mo", "size_i": "1531", "regex": "false"},
	{"name_s": "/usr/share/locale/hi/LC_MESSAGES/dub.mo", "size_i": "3279", "regex": "false"},
	{"name_s": "/usr/share/locale/hi/LC_MESSAGES/extensionproxy.mo", "size_i": "1375", "regex": "false"},
	{"name_s": "/usr/share/locale/hi/LC_MESSAGES/ffrs.mo", "size_i": "1127", "regex": "false"},
	{"name_s": "/usr/share/locale/hi/LC_MESSAGES/kabc2mutt.mo", "size_i": "1054", "regex": "false"},
	{"name_s": "/usr/share/locale/hi/LC_MESSAGES/kabc_sql.mo", "size_i": "692", "regex": "false"},
	{"name_s": "/usr/share/locale/hi/LC_MESSAGES/kaboodle.mo", "size_i": "2286", "regex": "false"},
	{"name_s": "/usr/share/locale/hi/LC_MESSAGES/kandy.mo", "size_i": "7391", "regex": "false"},
	{"name_s": "/usr/share/locale/hi/LC_MESSAGES/karm.mo", "size_i": "8134", "regex": "false"},
	{"name_s": "/usr/share/locale/hi/LC_MESSAGES/kasbarextension.mo", "size_i": "12900", "regex": "false"},
	{"name_s": "/usr/share/locale/hi/LC_MESSAGES/kasteroids.mo", "size_i": "3324", "regex": "false"},
	{"name_s": "/usr/share/locale/hi/LC_MESSAGES/katecppsymbolviewer.mo", "size_i": "1449", "regex": "false"},
	{"name_s": "/usr/share/locale/hi/LC_MESSAGES/katefll_initplugin.mo", "size_i": "1187", "regex": "false"},
	{"name_s": "/usr/share/locale/hi/LC_MESSAGES/katefll_plugin.mo", "size_i": "1183", "regex": "false"},
	{"name_s": "/usr/share/locale/hi/LC_MESSAGES/katemodeline.mo", "size_i": "500", "regex": "false"},
	{"name_s": "/usr/share/locale/hi/LC_MESSAGES/katepart.mo", "size_i": "85027", "regex": "false"},
	{"name_s": "/usr/share/locale/hi/LC_MESSAGES/kbackgammon.mo", "size_i": "24642", "regex": "false"},
	{"name_s": "/usr/share/locale/hi/LC_MESSAGES/kbinaryclock.mo", "size_i": "2721", "regex": "false"},
	{"name_s": "/usr/share/locale/hi/LC_MESSAGES/kcm_kviewcanvasconfig.mo", "size_i": "1391", "regex": "false"},
	{"name_s": "/usr/share/locale/hi/LC_MESSAGES/kcm_kviewgeneralconfig.mo", "size_i": "848", "regex": "false"},
	{"name_s": "/usr/share/locale/hi/LC_MESSAGES/kcm_kviewpluginsconfig.mo", "size_i": "489", "regex": "false"},
	{"name_s": "/usr/share/locale/hi/LC_MESSAGES/kcm_kviewviewerpluginsconfig.mo", "size_i": "472", "regex": "false"},
	{"name_s": "/usr/share/locale/hi/LC_MESSAGES/kcmarts.mo", "size_i": "11597", "regex": "false"},
	{"name_s": "/usr/share/locale/hi/LC_MESSAGES/kcmkicker.mo", "size_i": "20936", "regex": "false"},
	{"name_s": "/usr/share/locale/hi/LC_MESSAGES/kcmkonsole.mo", "size_i": "10911", "regex": "false"},
	{"name_s": "/usr/share/locale/hi/LC_MESSAGES/kcmktalkd.mo", "size_i": "5271", "regex": "false"},
	{"name_s": "/usr/share/locale/hi/LC_MESSAGES/kcmkuick.mo", "size_i": "2041", "regex": "false"},
	{"name_s": "/usr/share/locale/hi/LC_MESSAGES/kcmlanbrowser.mo", "size_i": "12082", "regex": "false"},
	{"name_s": "/usr/share/locale/hi/LC_MESSAGES/kcmlaptop.mo", "size_i": "6934", "regex": "false"},
	{"name_s": "/usr/share/locale/hi/LC_MESSAGES/kcmlayout.mo", "size_i": "20501", "regex": "false"},
	{"name_s": "/usr/share/locale/hi/LC_MESSAGES/kcmlilo.mo", "size_i": "14600", "regex": "false"},
	{"name_s": "/usr/share/locale/hi/LC_MESSAGES/kcmprintmgr.mo", "size_i": "1815", "regex": "false"},
	{"name_s": "/usr/share/locale/hi/LC_MESSAGES/kcmspellchecking.mo", "size_i": "2218", "regex": "false"},
	{"name_s": "/usr/share/locale/hi/LC_MESSAGES/kcmwifi.mo", "size_i": "1472", "regex": "false"},
	{"name_s": "/usr/share/locale/hi/LC_MESSAGES/kcontrol.mo", "size_i": "9365", "regex": "false"},
	{"name_s": "/usr/share/locale/hi/LC_MESSAGES/kdcop.mo", "size_i": "3554", "regex": "false"},
	{"name_s": "/usr/share/locale/hi/LC_MESSAGES/kdelibs.mo", "size_i": "182513", "regex": "false"},
	{"name_s": "/usr/share/locale/hi/LC_MESSAGES/kdelibs_colors.mo", "size_i": "16111", "regex": "false"},
	{"name_s": "/usr/share/locale/hi/LC_MESSAGES/kdeprint.mo", "size_i": "97114", "regex": "false"},
	{"name_s": "/usr/share/locale/hi/LC_MESSAGES/kdeprint_part.mo", "size_i": "1016", "regex": "false"},
	{"name_s": "/usr/share/locale/hi/LC_MESSAGES/kdeprintfax.mo", "size_i": "8552", "regex": "false"},
	{"name_s": "/usr/share/locale/hi/LC_MESSAGES/kdesktop.mo", "size_i": "20771", "regex": "false"},
	{"name_s": "/usr/share/locale/hi/LC_MESSAGES/kdevelop.mo", "size_i": "208047", "regex": "false"},
	{"name_s": "/usr/share/locale/hi/LC_MESSAGES/kdevtipofday.mo", "size_i": "640", "regex": "false"},
	{"name_s": "/usr/share/locale/hi/LC_MESSAGES/kdict.mo", "size_i": "12556", "regex": "false"},
	{"name_s": "/usr/share/locale/hi/LC_MESSAGES/kdictapplet.mo", "size_i": "1056", "regex": "false"},
	{"name_s": "/usr/share/locale/hi/LC_MESSAGES/kdvi.mo", "size_i": "8914", "regex": "false"},
	{"name_s": "/usr/share/locale/hi/LC_MESSAGES/kedit.mo", "size_i": "7813", "regex": "false"},
	{"name_s": "/usr/share/locale/hi/LC_MESSAGES/keduca.mo", "size_i": "12229", "regex": "false"},
	{"name_s": "/usr/share/locale/hi/LC_MESSAGES/kenolaba.mo", "size_i": "7029", "regex": "false"},
	{"name_s": "/usr/share/locale/hi/LC_MESSAGES/kfax.mo", "size_i": "4033", "regex": "false"},
	{"name_s": "/usr/share/locale/hi/LC_MESSAGES/kfile_au.mo", "size_i": "1539", "regex": "false"},
	{"name_s": "/usr/share/locale/hi/LC_MESSAGES/kfile_bmp.mo", "size_i": "1375", "regex": "false"},
	{"name_s": "/usr/share/locale/hi/LC_MESSAGES/kfile_cert.mo", "size_i": "1183", "regex": "false"},
	{"name_s": "/usr/share/locale/hi/LC_MESSAGES/kfile_cpp.mo", "size_i": "707", "regex": "false"},
	{"name_s": "/usr/share/locale/hi/LC_MESSAGES/kfile_deb.mo", "size_i": "644", "regex": "false"},
	{"name_s": "/usr/share/locale/hi/LC_MESSAGES/kfile_desktop.mo", "size_i": "1138", "regex": "false"},
	{"name_s": "/usr/share/locale/hi/LC_MESSAGES/kfile_diff.mo", "size_i": "1300", "regex": "false"},
	{"name_s": "/usr/share/locale/hi/LC_MESSAGES/kfile_folder.mo", "size_i": "580", "regex": "false"},
	{"name_s": "/usr/share/locale/hi/LC_MESSAGES/kfile_gif.mo", "size_i": "503", "regex": "false"},
	{"name_s": "/usr/share/locale/hi/LC_MESSAGES/kfile_html.mo", "size_i": "720", "regex": "false"},
	{"name_s": "/usr/share/locale/hi/LC_MESSAGES/kfile_ico.mo", "size_i": "817", "regex": "false"},
	{"name_s": "/usr/share/locale/hi/LC_MESSAGES/kfile_jpeg.mo", "size_i": "2492", "regex": "false"},
	{"name_s": "/usr/share/locale/hi/LC_MESSAGES/kfile_lnk.mo", "size_i": "1801", "regex": "false"},
	{"name_s": "/usr/share/locale/hi/LC_MESSAGES/kfile_m3u.mo", "size_i": "494", "regex": "false"},
	{"name_s": "/usr/share/locale/hi/LC_MESSAGES/kfile_pcx.mo", "size_i": "706", "regex": "false"},
	{"name_s": "/usr/share/locale/hi/LC_MESSAGES/kfile_pdf.mo", "size_i": "861", "regex": "false"},
	{"name_s": "/usr/share/locale/hi/LC_MESSAGES/kfile_png.mo", "size_i": "1536", "regex": "false"},
	{"name_s": "/usr/share/locale/hi/LC_MESSAGES/kfile_po.mo", "size_i": "894", "regex": "false"},
	{"name_s": "/usr/share/locale/hi/LC_MESSAGES/kfile_ps.mo", "size_i": "651", "regex": "false"},
	{"name_s": "/usr/share/locale/hi/LC_MESSAGES/kfile_rfc822.mo", "size_i": "723", "regex": "false"},
	{"name_s": "/usr/share/locale/hi/LC_MESSAGES/kfile_tga.mo", "size_i": "1019", "regex": "false"},
	{"name_s": "/usr/share/locale/hi/LC_MESSAGES/kfile_ts.mo", "size_i": "693", "regex": "false"},
	{"name_s": "/usr/share/locale/hi/LC_MESSAGES/kfile_txt.mo", "size_i": "820", "regex": "false"},
	{"name_s": "/usr/share/locale/hi/LC_MESSAGES/kfile_xbm.mo", "size_i": "514", "regex": "false"},
	{"name_s": "/usr/share/locale/hi/LC_MESSAGES/kfileaudiopreview.mo", "size_i": "580", "regex": "false"},
	{"name_s": "/usr/share/locale/hi/LC_MESSAGES/kfouleggs.mo", "size_i": "2394", "regex": "false"},
	{"name_s": "/usr/share/locale/hi/LC_MESSAGES/kgantt.mo", "size_i": "2037", "regex": "false"},
	{"name_s": "/usr/share/locale/hi/LC_MESSAGES/kghostview.mo", "size_i": "7599", "regex": "false"},
	{"name_s": "/usr/share/locale/hi/LC_MESSAGES/khexedit.mo", "size_i": "28647", "regex": "false"},
	{"name_s": "/usr/share/locale/hi/LC_MESSAGES/kicker.mo", "size_i": "10796", "regex": "false"},
	{"name_s": "/usr/share/locale/hi/LC_MESSAGES/kio.mo", "size_i": "142032", "regex": "false"},
	{"name_s": "/usr/share/locale/hi/LC_MESSAGES/kio_help.mo", "size_i": "3390", "regex": "false"},
	{"name_s": "/usr/share/locale/hi/LC_MESSAGES/kio_lan.mo", "size_i": "707", "regex": "false"},
	{"name_s": "/usr/share/locale/hi/LC_MESSAGES/kio_mac.mo", "size_i": "1876", "regex": "false"},
	{"name_s": "/usr/share/locale/hi/LC_MESSAGES/kio_media.mo", "size_i": "2348", "regex": "false"},
	{"name_s": "/usr/share/locale/hi/LC_MESSAGES/kio_mobile.mo", "size_i": "621", "regex": "false"},
	{"name_s": "/usr/share/locale/hi/LC_MESSAGES/kio_print.mo", "size_i": "4459", "regex": "false"},
	{"name_s": "/usr/share/locale/hi/LC_MESSAGES/kio_system.mo", "size_i": "549", "regex": "false"},
	{"name_s": "/usr/share/locale/hi/LC_MESSAGES/kjobviewer.mo", "size_i": "1741", "regex": "false"},
	{"name_s": "/usr/share/locale/hi/LC_MESSAGES/klatin.mo", "size_i": "16170", "regex": "false"},
	{"name_s": "/usr/share/locale/hi/LC_MESSAGES/klickety.mo", "size_i": "1290", "regex": "false"},
	{"name_s": "/usr/share/locale/hi/LC_MESSAGES/kmathapplet.mo", "size_i": "3113", "regex": "false"},
	{"name_s": "/usr/share/locale/hi/LC_MESSAGES/kmcop.mo", "size_i": "806", "regex": "false"},
	{"name_s": "/usr/share/locale/hi/LC_MESSAGES/kmenuapplet.mo", "size_i": "887", "regex": "false"},
	{"name_s": "/usr/share/locale/hi/LC_MESSAGES/kminipagerapplet.mo", "size_i": "1127", "regex": "false"},
	{"name_s": "/usr/share/locale/hi/LC_MESSAGES/kmobile.mo", "size_i": "3959", "regex": "false"},
	{"name_s": "/usr/share/locale/hi/LC_MESSAGES/kmrml.mo", "size_i": "6184", "regex": "false"},
	{"name_s": "/usr/share/locale/hi/LC_MESSAGES/knewsticker.mo", "size_i": "18831", "regex": "false"},
	{"name_s": "/usr/share/locale/hi/LC_MESSAGES/knotify.mo", "size_i": "1496", "regex": "false"},
	{"name_s": "/usr/share/locale/hi/LC_MESSAGES/kodo.mo", "size_i": "1913", "regex": "false"},
	{"name_s": "/usr/share/locale/hi/LC_MESSAGES/kolourpicker.mo", "size_i": "1227", "regex": "false"},
	{"name_s": "/usr/share/locale/hi/LC_MESSAGES/kooka.mo", "size_i": "14500", "regex": "false"},
	{"name_s": "/usr/share/locale/hi/LC_MESSAGES/kpager.mo", "size_i": "2063", "regex": "false"},
	{"name_s": "/usr/share/locale/hi/LC_MESSAGES/kpdf.mo", "size_i": "1712", "regex": "false"},
	{"name_s": "/usr/share/locale/hi/LC_MESSAGES/kpersonalizer.mo", "size_i": "12755", "regex": "false"},
	{"name_s": "/usr/share/locale/hi/LC_MESSAGES/kpf.mo", "size_i": "6148", "regex": "false"},
	{"name_s": "/usr/share/locale/hi/LC_MESSAGES/kpoker.mo", "size_i": "6132", "regex": "false"},
	{"name_s": "/usr/share/locale/hi/LC_MESSAGES/kprinter.mo", "size_i": "3802", "regex": "false"},
	{"name_s": "/usr/share/locale/hi/LC_MESSAGES/krec.mo", "size_i": "9837", "regex": "false"},
	{"name_s": "/usr/share/locale/hi/LC_MESSAGES/kregexpeditor.mo", "size_i": "11506", "regex": "false"},
	{"name_s": "/usr/share/locale/hi/LC_MESSAGES/krunapplet.mo", "size_i": "2350", "regex": "false"},
	{"name_s": "/usr/share/locale/hi/LC_MESSAGES/ksirc.mo", "size_i": "27535", "regex": "false"},
	{"name_s": "/usr/share/locale/hi/LC_MESSAGES/ksirtet.mo", "size_i": "2501", "regex": "false"},
	{"name_s": "/usr/share/locale/hi/LC_MESSAGES/ksmiletris.mo", "size_i": "1601", "regex": "false"},
	{"name_s": "/usr/share/locale/hi/LC_MESSAGES/ksnake.mo", "size_i": "1758", "regex": "false"},
	{"name_s": "/usr/share/locale/hi/LC_MESSAGES/ksokoban.mo", "size_i": "3613", "regex": "false"},
	{"name_s": "/usr/share/locale/hi/LC_MESSAGES/ksplash.mo", "size_i": "2975", "regex": "false"},
	{"name_s": "/usr/share/locale/hi/LC_MESSAGES/kstyle_plastik_config.mo", "size_i": "1065", "regex": "false"},
	{"name_s": "/usr/share/locale/hi/LC_MESSAGES/ksvgplugin.mo", "size_i": "1415", "regex": "false"},
	{"name_s": "/usr/share/locale/hi/LC_MESSAGES/ksystemtrayapplet.mo", "size_i": "701", "regex": "false"},
	{"name_s": "/usr/share/locale/hi/LC_MESSAGES/ktexteditor_autobookmarker.mo", "size_i": "3186", "regex": "false"},
	{"name_s": "/usr/share/locale/hi/LC_MESSAGES/ktexteditor_docwordcompletion.mo", "size_i": "994", "regex": "false"},
	{"name_s": "/usr/share/locale/hi/LC_MESSAGES/ktexteditor_insertfile.mo", "size_i": "1471", "regex": "false"},
	{"name_s": "/usr/share/locale/hi/LC_MESSAGES/ktexteditor_isearch.mo", "size_i": "3038", "regex": "false"},
	{"name_s": "/usr/share/locale/hi/LC_MESSAGES/ktexteditor_kdatatool.mo", "size_i": "1336", "regex": "false"},
	{"name_s": "/usr/share/locale/hi/LC_MESSAGES/ktimemon.mo", "size_i": "6427", "regex": "false"},
	{"name_s": "/usr/share/locale/hi/LC_MESSAGES/kuick_plugin.mo", "size_i": "1402", "regex": "false"},
	{"name_s": "/usr/share/locale/hi/LC_MESSAGES/kverbos.mo", "size_i": "11500", "regex": "false"},
	{"name_s": "/usr/share/locale/hi/LC_MESSAGES/kview.mo", "size_i": "1530", "regex": "false"},
	{"name_s": "/usr/share/locale/hi/LC_MESSAGES/kview_scale.mo", "size_i": "1540", "regex": "false"},
	{"name_s": "/usr/share/locale/hi/LC_MESSAGES/kviewbrowserplugin.mo", "size_i": "514", "regex": "false"},
	{"name_s": "/usr/share/locale/hi/LC_MESSAGES/kviewcanvas.mo", "size_i": "399", "regex": "false"},
	{"name_s": "/usr/share/locale/hi/LC_MESSAGES/kvieweffectsplugin.mo", "size_i": "1203", "regex": "false"},
	{"name_s": "/usr/share/locale/hi/LC_MESSAGES/kviewpresenterplugin.mo", "size_i": "1794", "regex": "false"},
	{"name_s": "/usr/share/locale/hi/LC_MESSAGES/kviewscannerplugin.mo", "size_i": "710", "regex": "false"},
	{"name_s": "/usr/share/locale/hi/LC_MESSAGES/kviewshell.mo", "size_i": "5734", "regex": "false"},
	{"name_s": "/usr/share/locale/hi/LC_MESSAGES/kviewviewer.mo", "size_i": "2971", "regex": "false"},
	{"name_s": "/usr/share/locale/hi/LC_MESSAGES/kvoctrain.mo", "size_i": "64290", "regex": "false"},
	{"name_s": "/usr/share/locale/hi/LC_MESSAGES/kwifimanager.mo", "size_i": "3301", "regex": "false"},
	{"name_s": "/usr/share/locale/hi/LC_MESSAGES/kwin4.mo", "size_i": "5643", "regex": "false"},
	{"name_s": "/usr/share/locale/hi/LC_MESSAGES/kwireless.mo", "size_i": "1556", "regex": "false"},
	{"name_s": "/usr/share/locale/hi/LC_MESSAGES/libkaddrbk_geo_xxport.mo", "size_i": "567", "regex": "false"},
	{"name_s": "/usr/share/locale/hi/LC_MESSAGES/libkaddrbk_gmx_xxport.mo", "size_i": "1467", "regex": "false"},
	{"name_s": "/usr/share/locale/hi/LC_MESSAGES/libkicker.mo", "size_i": "726", "regex": "false"},
	{"name_s": "/usr/share/locale/hi/LC_MESSAGES/libkickermenu_kdeprint.mo", "size_i": "942", "regex": "false"},
	{"name_s": "/usr/share/locale/hi/LC_MESSAGES/libkickermenu_konsole.mo", "size_i": "686", "regex": "false"},
	{"name_s": "/usr/share/locale/hi/LC_MESSAGES/libkickermenu_prefmenu.mo", "size_i": "476", "regex": "false"},
	{"name_s": "/usr/share/locale/hi/LC_MESSAGES/libkickermenu_recentdocs.mo", "size_i": "542", "regex": "false"},
	{"name_s": "/usr/share/locale/hi/LC_MESSAGES/libkickermenu_remotemenu.mo", "size_i": "648", "regex": "false"},
	{"name_s": "/usr/share/locale/hi/LC_MESSAGES/libkickermenu_systemmenu.mo", "size_i": "479", "regex": "false"},
	{"name_s": "/usr/share/locale/hi/LC_MESSAGES/libkickermenu_tom.mo", "size_i": "2329", "regex": "false"},
	{"name_s": "/usr/share/locale/hi/LC_MESSAGES/libkpimexchange.mo", "size_i": "850", "regex": "false"},
	{"name_s": "/usr/share/locale/hi/LC_MESSAGES/libkscan.mo", "size_i": "6383", "regex": "false"},
	{"name_s": "/usr/share/locale/hi/LC_MESSAGES/libksirtet.mo", "size_i": "9816", "regex": "false"},
	{"name_s": "/usr/share/locale/hi/LC_MESSAGES/libksync.mo", "size_i": "643", "regex": "false"},
	{"name_s": "/usr/share/locale/hi/LC_MESSAGES/libtaskbar.mo", "size_i": "866", "regex": "false"},
	{"name_s": "/usr/share/locale/hi/LC_MESSAGES/lockout.mo", "size_i": "994", "regex": "false"},
	{"name_s": "/usr/share/locale/hi/LC_MESSAGES/lyrics.mo", "size_i": "3930", "regex": "false"},
	{"name_s": "/usr/share/locale/hi/LC_MESSAGES/mediaapplet.mo", "size_i": "2156", "regex": "false"},
	{"name_s": "/usr/share/locale/hi/LC_MESSAGES/mediacontrol.mo", "size_i": "3969", "regex": "false"},
	{"name_s": "/usr/share/locale/hi/LC_MESSAGES/naughtyapplet.mo", "size_i": "2093", "regex": "false"},
	{"name_s": "/usr/share/locale/hi/LC_MESSAGES/nexscope.mo", "size_i": "1593", "regex": "false"},
	{"name_s": "/usr/share/locale/hi/LC_MESSAGES/noatun.mo", "size_i": "24219", "regex": "false"},
	{"name_s": "/usr/share/locale/hi/LC_MESSAGES/pitchablespeed.mo", "size_i": "900", "regex": "false"},
	{"name_s": "/usr/share/locale/hi/LC_MESSAGES/ppdtranslations.mo", "size_i": "209146", "regex": "false"},
	{"name_s": "/usr/share/locale/hi/LC_MESSAGES/privacy.mo", "size_i": "9967", "regex": "false"},
	{"name_s": "/usr/share/locale/hi/LC_MESSAGES/quicklauncher.mo", "size_i": "1028", "regex": "false"},
	{"name_s": "/usr/share/locale/hi/LC_MESSAGES/synaescope.mo", "size_i": "1142", "regex": "false"},
	{"name_s": "/usr/share/locale/hi/LC_MESSAGES/timezones.mo", "size_i": "31160", "regex": "false"},
	{"name_s": "/usr/share/locale/hi/LC_MESSAGES/tippecanoe.mo", "size_i": "801", "regex": "false"},
	{"name_s": "/usr/share/locale/hi/LC_MESSAGES/trashapplet.mo", "size_i": "937", "regex": "false"},
	{"name_s": "/usr/share/locale/hi/LC_MESSAGES/tyler.mo", "size_i": "622", "regex": "false"},
	{"name_s": "/usr/share/locale/hi/LC_MESSAGES/wakeup.mo", "size_i": "1572", "regex": "false"},
	{"name_s": "/usr/share/locale/hi/LC_MESSAGES/wavecapture.mo", "size_i": "588", "regex": "false"},
	{"name_s": "/usr/share/locale/hi/charset", "size_i": "6", "regex": "false"}
]
