[
	{"name_s": "/usr/share/doc/HTML/ca", "size_i": "4096", "regex": "false"},
	{"name_s": "/usr/share/doc/HTML/ca/kappfinder", "size_i": "4096", "regex": "false"},
	{"name_s": "/usr/share/doc/HTML/ca/kappfinder/man-kappfinder.1.docbook", "size_i": "2405", "regex": "false"},
	{"name_s": "/usr/share/doc/HTML/ca/kbabel", "size_i": "4096", "regex": "false"},
	{"name_s": "/usr/share/doc/HTML/ca/kbabel/man-catalogmanager.1.docbook", "size_i": "2376", "regex": "false"},
	{"name_s": "/usr/share/doc/HTML/ca/kdcop", "size_i": "4096", "regex": "false"},
	{"name_s": "/usr/share/doc/HTML/ca/kdcop/common", "size_i": "14", "regex": "false"},
	{"name_s": "/usr/share/doc/HTML/ca/kdcop/index.cache.bz2", "size_i": "2411", "regex": "false"},
	{"name_s": "/usr/share/doc/HTML/ca/kdcop/index.docbook", "size_i": "1928", "regex": "false"},
	{"name_s": "/usr/share/doc/HTML/ca/kdelibs", "size_i": "4096", "regex": "false"},
	{"name_s": "/usr/share/doc/HTML/ca/kdelibs/man-artsmessage.1.docbook", "size_i": "2843", "regex": "false"},
	{"name_s": "/usr/share/doc/HTML/ca/kdelibs/man-checkXML.1.docbook", "size_i": "1275", "regex": "false"},
	{"name_s": "/usr/share/doc/HTML/ca/kdelibs/man-dcop.1.docbook", "size_i": "5000", "regex": "false"},
	{"name_s": "/usr/share/doc/HTML/ca/kdelibs/man-kbuildsycoca.8.docbook", "size_i": "4413", "regex": "false"},
	{"name_s": "/usr/share/doc/HTML/ca/kdelibs/man-kdeoptions.7.docbook", "size_i": "2927", "regex": "false"},
	{"name_s": "/usr/share/doc/HTML/ca/kdelibs/man-qtoptions.7.docbook", "size_i": "5001", "regex": "false"},
	{"name_s": "/usr/share/doc/HTML/ca/kdeprint", "size_i": "4096", "regex": "false"},
	{"name_s": "/usr/share/doc/HTML/ca/kdeprint/add-printer-wiz.docbook", "size_i": "10565", "regex": "false"},
	{"name_s": "/usr/share/doc/HTML/ca/kdeprint/common", "size_i": "14", "regex": "false"},
	{"name_s": "/usr/share/doc/HTML/ca/kdeprint/cups-config.docbook", "size_i": "77113", "regex": "false"},
	{"name_s": "/usr/share/doc/HTML/ca/kdeprint/cupsoptions.docbook", "size_i": "26396", "regex": "false"},
	{"name_s": "/usr/share/doc/HTML/ca/kdeprint/extensions.docbook", "size_i": "1037", "regex": "false"},
	{"name_s": "/usr/share/doc/HTML/ca/kdeprint/external-command.docbook", "size_i": "820", "regex": "false"},
	{"name_s": "/usr/share/doc/HTML/ca/kdeprint/final-word.docbook", "size_i": "4807", "regex": "false"},
	{"name_s": "/usr/share/doc/HTML/ca/kdeprint/getting-started.docbook", "size_i": "5907", "regex": "false"},
	{"name_s": "/usr/share/doc/HTML/ca/kdeprint/highlights.docbook", "size_i": "21863", "regex": "false"},
	{"name_s": "/usr/share/doc/HTML/ca/kdeprint/index.cache.bz2", "size_i": "46353", "regex": "false"},
	{"name_s": "/usr/share/doc/HTML/ca/kdeprint/index.docbook", "size_i": "5933", "regex": "false"},
	{"name_s": "/usr/share/doc/HTML/ca/kdeprint/lpd.docbook", "size_i": "712", "regex": "false"},
	{"name_s": "/usr/share/doc/HTML/ca/kdeprint/lpr-bsd.docbook", "size_i": "814", "regex": "false"},
	{"name_s": "/usr/share/doc/HTML/ca/kdeprint/lprng.docbook", "size_i": "245", "regex": "false"},
	{"name_s": "/usr/share/doc/HTML/ca/kdeprint/rlpr.docbook", "size_i": "665", "regex": "false"},
	{"name_s": "/usr/share/doc/HTML/ca/kdeprint/tech-overview.docbook", "size_i": "12280", "regex": "false"},
	{"name_s": "/usr/share/doc/HTML/ca/kdeprint/theory.docbook", "size_i": "34189", "regex": "false"},
	{"name_s": "/usr/share/doc/HTML/ca/keduca", "size_i": "4096", "regex": "false"},
	{"name_s": "/usr/share/doc/HTML/ca/keduca/common", "size_i": "14", "regex": "false"},
	{"name_s": "/usr/share/doc/HTML/ca/keduca/index.cache.bz2", "size_i": "4260", "regex": "false"},
	{"name_s": "/usr/share/doc/HTML/ca/keduca/index.docbook", "size_i": "7781", "regex": "false"},
	{"name_s": "/usr/share/doc/HTML/ca/kicker", "size_i": "4096", "regex": "false"},
	{"name_s": "/usr/share/doc/HTML/ca/kicker-applets", "size_i": "4096", "regex": "false"},
	{"name_s": "/usr/share/doc/HTML/ca/kicker-applets/common", "size_i": "14", "regex": "false"},
	{"name_s": "/usr/share/doc/HTML/ca/kicker-applets/index.cache.bz2", "size_i": "9583", "regex": "false"},
	{"name_s": "/usr/share/doc/HTML/ca/kicker-applets/index.docbook", "size_i": "2587", "regex": "false"},
	{"name_s": "/usr/share/doc/HTML/ca/kicker-applets/kolourpicker.docbook", "size_i": "1125", "regex": "false"},
	{"name_s": "/usr/share/doc/HTML/ca/kicker-applets/ktimemon.docbook", "size_i": "16561", "regex": "false"},
	{"name_s": "/usr/share/doc/HTML/ca/kicker/common", "size_i": "14", "regex": "false"},
	{"name_s": "/usr/share/doc/HTML/ca/kicker/index.cache.bz2", "size_i": "19901", "regex": "false"},
	{"name_s": "/usr/share/doc/HTML/ca/kicker/index.docbook", "size_i": "78236", "regex": "false"},
	{"name_s": "/usr/share/doc/HTML/ca/kicker/man-appletproxy.1.docbook", "size_i": "2810", "regex": "false"},
	{"name_s": "/usr/share/doc/HTML/ca/kicker/man-kicker.1.docbook", "size_i": "2690", "regex": "false"},
	{"name_s": "/usr/share/doc/HTML/ca/klickety", "size_i": "4096", "regex": "false"},
	{"name_s": "/usr/share/doc/HTML/ca/klickety/common", "size_i": "14", "regex": "false"},
	{"name_s": "/usr/share/doc/HTML/ca/klickety/index.cache.bz2", "size_i": "2391", "regex": "false"},
	{"name_s": "/usr/share/doc/HTML/ca/klickety/index.docbook", "size_i": "1857", "regex": "false"},
	{"name_s": "/usr/share/doc/HTML/ca/kmessedwords", "size_i": "4096", "regex": "false"},
	{"name_s": "/usr/share/doc/HTML/ca/kmessedwords/common", "size_i": "14", "regex": "false"},
	{"name_s": "/usr/share/doc/HTML/ca/kmessedwords/index.cache.bz2", "size_i": "8155", "regex": "false"},
	{"name_s": "/usr/share/doc/HTML/ca/kmessedwords/index.docbook", "size_i": "15290", "regex": "false"},
	{"name_s": "/usr/share/doc/HTML/ca/kodo", "size_i": "4096", "regex": "false"},
	{"name_s": "/usr/share/doc/HTML/ca/kodo/common", "size_i": "14", "regex": "false"},
	{"name_s": "/usr/share/doc/HTML/ca/kodo/index.cache.bz2", "size_i": "4582", "regex": "false"},
	{"name_s": "/usr/share/doc/HTML/ca/kodo/index.docbook", "size_i": "6116", "regex": "false"},
	{"name_s": "/usr/share/doc/HTML/ca/kompmgr", "size_i": "4096", "regex": "false"},
	{"name_s": "/usr/share/doc/HTML/ca/kompmgr/common", "size_i": "14", "regex": "false"},
	{"name_s": "/usr/share/doc/HTML/ca/kompmgr/index.cache.bz2", "size_i": "8061", "regex": "false"},
	{"name_s": "/usr/share/doc/HTML/ca/kompmgr/index.docbook", "size_i": "16158", "regex": "false"},
	{"name_s": "/usr/share/doc/HTML/ca/kpager", "size_i": "4096", "regex": "false"},
	{"name_s": "/usr/share/doc/HTML/ca/kpager/common", "size_i": "14", "regex": "false"},
	{"name_s": "/usr/share/doc/HTML/ca/kpager/index.cache.bz2", "size_i": "6537", "regex": "false"},
	{"name_s": "/usr/share/doc/HTML/ca/kpager/index.docbook", "size_i": "11672", "regex": "false"},
	{"name_s": "/usr/share/doc/HTML/ca/kpager/screenshot.png", "size_i": "10253", "regex": "false"},
	{"name_s": "/usr/share/doc/HTML/ca/kpager/settings.png", "size_i": "12613", "regex": "false"},
	{"name_s": "/usr/share/doc/HTML/ca/kpf", "size_i": "4096", "regex": "false"},
	{"name_s": "/usr/share/doc/HTML/ca/kpf/common", "size_i": "14", "regex": "false"},
	{"name_s": "/usr/share/doc/HTML/ca/kpf/index.cache.bz2", "size_i": "7492", "regex": "false"},
	{"name_s": "/usr/share/doc/HTML/ca/kpf/index.docbook", "size_i": "13271", "regex": "false"},
	{"name_s": "/usr/share/doc/HTML/ca/kspell", "size_i": "4096", "regex": "false"},
	{"name_s": "/usr/share/doc/HTML/ca/kspell/common", "size_i": "14", "regex": "false"},
	{"name_s": "/usr/share/doc/HTML/ca/kspell/index.cache.bz2", "size_i": "4618", "regex": "false"},
	{"name_s": "/usr/share/doc/HTML/ca/kspell/index.docbook", "size_i": "6459", "regex": "false"},
	{"name_s": "/usr/share/doc/HTML/ca/ksplashml", "size_i": "4096", "regex": "false"},
	{"name_s": "/usr/share/doc/HTML/ca/ksplashml/common", "size_i": "14", "regex": "false"},
	{"name_s": "/usr/share/doc/HTML/ca/ksplashml/index.cache.bz2", "size_i": "15860", "regex": "false"},
	{"name_s": "/usr/share/doc/HTML/ca/ksplashml/index.docbook", "size_i": "42519", "regex": "false"},
	{"name_s": "/usr/share/doc/HTML/ca/kwifimanager", "size_i": "4096", "regex": "false"},
	{"name_s": "/usr/share/doc/HTML/ca/kwifimanager/common", "size_i": "14", "regex": "false"},
	{"name_s": "/usr/share/doc/HTML/ca/kwifimanager/index.cache.bz2", "size_i": "12786", "regex": "false"},
	{"name_s": "/usr/share/doc/HTML/ca/kwifimanager/index.docbook", "size_i": "34867", "regex": "false"},
	{"name_s": "/usr/share/doc/HTML/ca/lilo-config", "size_i": "4096", "regex": "false"},
	{"name_s": "/usr/share/doc/HTML/ca/lilo-config/common", "size_i": "14", "regex": "false"},
	{"name_s": "/usr/share/doc/HTML/ca/lilo-config/index.cache.bz2", "size_i": "5482", "regex": "false"},
	{"name_s": "/usr/share/doc/HTML/ca/lilo-config/index.docbook", "size_i": "10752", "regex": "false"},
	{"name_s": "/usr/share/doc/HTML/ca/quanta", "size_i": "4096", "regex": "false"},
	{"name_s": "/usr/share/doc/HTML/ca/quanta/adv-quanta.docbook", "size_i": "23228", "regex": "false"},
	{"name_s": "/usr/share/doc/HTML/ca/quanta/common", "size_i": "14", "regex": "false"},
	{"name_s": "/usr/share/doc/HTML/ca/quanta/config-quanta.docbook", "size_i": "10799", "regex": "false"},
	{"name_s": "/usr/share/doc/HTML/ca/quanta/credits-license.docbook", "size_i": "4645", "regex": "false"},
	{"name_s": "/usr/share/doc/HTML/ca/quanta/debugging-quanta.docbook", "size_i": "9926", "regex": "false"},
	{"name_s": "/usr/share/doc/HTML/ca/quanta/extending-quanta.docbook", "size_i": "61789", "regex": "false"},
	{"name_s": "/usr/share/doc/HTML/ca/quanta/fundamentals.docbook", "size_i": "15074", "regex": "false"},
	{"name_s": "/usr/share/doc/HTML/ca/quanta/glossary.docbook", "size_i": "1483", "regex": "false"},
	{"name_s": "/usr/share/doc/HTML/ca/quanta/index.cache.bz2", "size_i": "43885", "regex": "false"},
	{"name_s": "/usr/share/doc/HTML/ca/quanta/index.docbook", "size_i": "5313", "regex": "false"},
	{"name_s": "/usr/share/doc/HTML/ca/quanta/installation.docbook", "size_i": "1300", "regex": "false"},
	{"name_s": "/usr/share/doc/HTML/ca/quanta/introduction.docbook", "size_i": "4899", "regex": "false"},
	{"name_s": "/usr/share/doc/HTML/ca/quanta/man-quanta.1.docbook", "size_i": "3172", "regex": "false"},
	{"name_s": "/usr/share/doc/HTML/ca/quanta/q-and-a.docbook", "size_i": "2530", "regex": "false"},
	{"name_s": "/usr/share/doc/HTML/ca/quanta/quanta-menus.docbook", "size_i": "50113", "regex": "false"},
	{"name_s": "/usr/share/doc/HTML/ca/quanta/quanta-projects.docbook", "size_i": "23379", "regex": "false"},
	{"name_s": "/usr/share/doc/HTML/ca/quanta/working-with-quanta.docbook", "size_i": "25736", "regex": "false"},
	{"name_s": "/usr/share/doc/HTML/ca/scripts", "size_i": "4096", "regex": "false"},
	{"name_s": "/usr/share/doc/HTML/ca/scripts/man-adddebug.1.docbook", "size_i": "2090", "regex": "false"},
	{"name_s": "/usr/share/doc/HTML/ca/scripts/man-cheatmake.1.docbook", "size_i": "3814", "regex": "false"},
	{"name_s": "/usr/share/doc/HTML/ca/scripts/man-create_cvsignore.1.docbook", "size_i": "1608", "regex": "false"},
	{"name_s": "/usr/share/doc/HTML/ca/scripts/man-create_makefile.1.docbook", "size_i": "3927", "regex": "false"},
	{"name_s": "/usr/share/doc/HTML/ca/scripts/man-create_makefiles.1.docbook", "size_i": "3500", "regex": "false"},
	{"name_s": "/usr/share/doc/HTML/ca/scripts/man-cvscheck.1.docbook", "size_i": "3788", "regex": "false"},
	{"name_s": "/usr/share/doc/HTML/ca/scripts/man-cvslastchange.1.docbook", "size_i": "1385", "regex": "false"},
	{"name_s": "/usr/share/doc/HTML/ca/scripts/man-cvslastlog.1.docbook", "size_i": "1187", "regex": "false"},
	{"name_s": "/usr/share/doc/HTML/ca/scripts/man-cvsrevertlast.1.docbook", "size_i": "1222", "regex": "false"},
	{"name_s": "/usr/share/doc/HTML/ca/scripts/man-cxxmetric.1.docbook", "size_i": "1198", "regex": "false"},
	{"name_s": "/usr/share/doc/HTML/ca/scripts/man-demangle.1.docbook", "size_i": "1792", "regex": "false"},
	{"name_s": "/usr/share/doc/HTML/ca/scripts/man-extend_dmalloc.1.docbook", "size_i": "1816", "regex": "false"},
	{"name_s": "/usr/share/doc/HTML/ca/scripts/man-extractrc.1.docbook", "size_i": "1330", "regex": "false"},
	{"name_s": "/usr/share/doc/HTML/ca/scripts/man-fixincludes.1.docbook", "size_i": "3507", "regex": "false"},
	{"name_s": "/usr/share/doc/HTML/ca/scripts/man-po2xml.1.docbook", "size_i": "1737", "regex": "false"},
	{"name_s": "/usr/share/doc/HTML/ca/scripts/man-pruneemptydirs.1.docbook", "size_i": "2317", "regex": "false"},
	{"name_s": "/usr/share/doc/HTML/ca/scripts/man-qtdoc.1.docbook", "size_i": "2240", "regex": "false"},
	{"name_s": "/usr/share/doc/HTML/ca/scripts/man-reportview.1.docbook", "size_i": "2680", "regex": "false"},
	{"name_s": "/usr/share/doc/HTML/ca/scripts/man-split2po.1.docbook", "size_i": "1984", "regex": "false"},
	{"name_s": "/usr/share/doc/HTML/ca/scripts/man-swappo.1.docbook", "size_i": "1833", "regex": "false"},
	{"name_s": "/usr/share/doc/HTML/ca/scripts/man-transxx.1.docbook", "size_i": "1845", "regex": "false"},
	{"name_s": "/usr/share/doc/HTML/ca/scripts/man-xml2pot.1.docbook", "size_i": "1899", "regex": "false"},
	{"name_s": "/usr/share/doc/HTML/ca/scripts/man-zonetab2pot.1.docbook", "size_i": "1992", "regex": "false"},
	{"name_s": "/usr/share/locale/ca/LC_MESSAGES/alsaplayerui.mo", "size_i": "1487", "regex": "false"},
	{"name_s": "/usr/share/locale/ca/LC_MESSAGES/appletproxy.mo", "size_i": "2084", "regex": "false"},
	{"name_s": "/usr/share/locale/ca/LC_MESSAGES/ark_plugin.mo", "size_i": "940", "regex": "false"},
	{"name_s": "/usr/share/locale/ca/LC_MESSAGES/artsbuilder.mo", "size_i": "7537", "regex": "false"},
	{"name_s": "/usr/share/locale/ca/LC_MESSAGES/artscontrol.mo", "size_i": "5657", "regex": "false"},
	{"name_s": "/usr/share/locale/ca/LC_MESSAGES/artsmodules.mo", "size_i": "2460", "regex": "false"},
	{"name_s": "/usr/share/locale/ca/LC_MESSAGES/atlantik.mo", "size_i": "10573", "regex": "false"},
	{"name_s": "/usr/share/locale/ca/LC_MESSAGES/atlantikdesigner.mo", "size_i": "5463", "regex": "false"},
	{"name_s": "/usr/share/locale/ca/LC_MESSAGES/charlatanui.mo", "size_i": "734", "regex": "false"},
	{"name_s": "/usr/share/locale/ca/LC_MESSAGES/clockapplet.mo", "size_i": "6348", "regex": "false"},
	{"name_s": "/usr/share/locale/ca/LC_MESSAGES/cupsdconf.mo", "size_i": "58826", "regex": "false"},
	{"name_s": "/usr/share/locale/ca/LC_MESSAGES/dcoprss.mo", "size_i": "1069", "regex": "false"},
	{"name_s": "/usr/share/locale/ca/LC_MESSAGES/dockbarextension.mo", "size_i": "1136", "regex": "false"},
	{"name_s": "/usr/share/locale/ca/LC_MESSAGES/dub.mo", "size_i": "2482", "regex": "false"},
	{"name_s": "/usr/share/locale/ca/LC_MESSAGES/extensionproxy.mo", "size_i": "1081", "regex": "false"},
	{"name_s": "/usr/share/locale/ca/LC_MESSAGES/ffrs.mo", "size_i": "888", "regex": "false"},
	{"name_s": "/usr/share/locale/ca/LC_MESSAGES/kabc2mutt.mo", "size_i": "1414", "regex": "false"},
	{"name_s": "/usr/share/locale/ca/LC_MESSAGES/kabc_sql.mo", "size_i": "603", "regex": "false"},
	{"name_s": "/usr/share/locale/ca/LC_MESSAGES/kaboodle.mo", "size_i": "1835", "regex": "false"},
	{"name_s": "/usr/share/locale/ca/LC_MESSAGES/kandy.mo", "size_i": "9315", "regex": "false"},
	{"name_s": "/usr/share/locale/ca/LC_MESSAGES/karm.mo", "size_i": "17762", "regex": "false"},
	{"name_s": "/usr/share/locale/ca/LC_MESSAGES/kasbarextension.mo", "size_i": "12438", "regex": "false"},
	{"name_s": "/usr/share/locale/ca/LC_MESSAGES/kasteroids.mo", "size_i": "2438", "regex": "false"},
	{"name_s": "/usr/share/locale/ca/LC_MESSAGES/katecppsymbolviewer.mo", "size_i": "1551", "regex": "false"},
	{"name_s": "/usr/share/locale/ca/LC_MESSAGES/katefll_initplugin.mo", "size_i": "1020", "regex": "false"},
	{"name_s": "/usr/share/locale/ca/LC_MESSAGES/katefll_plugin.mo", "size_i": "1016", "regex": "false"},
	{"name_s": "/usr/share/locale/ca/LC_MESSAGES/katemodeline.mo", "size_i": "451", "regex": "false"},
	{"name_s": "/usr/share/locale/ca/LC_MESSAGES/katepart.mo", "size_i": "90999", "regex": "false"},
	{"name_s": "/usr/share/locale/ca/LC_MESSAGES/kay.mo", "size_i": "1663", "regex": "false"},
	{"name_s": "/usr/share/locale/ca/LC_MESSAGES/kbabel.mo", "size_i": "129310", "regex": "false"},
	{"name_s": "/usr/share/locale/ca/LC_MESSAGES/kbackgammon.mo", "size_i": "35253", "regex": "false"},
	{"name_s": "/usr/share/locale/ca/LC_MESSAGES/kbinaryclock.mo", "size_i": "1958", "regex": "false"},
	{"name_s": "/usr/share/locale/ca/LC_MESSAGES/kcm_kviewcanvasconfig.mo", "size_i": "3494", "regex": "false"},
	{"name_s": "/usr/share/locale/ca/LC_MESSAGES/kcm_kviewgeneralconfig.mo", "size_i": "1070", "regex": "false"},
	{"name_s": "/usr/share/locale/ca/LC_MESSAGES/kcm_kviewpluginsconfig.mo", "size_i": "450", "regex": "false"},
	{"name_s": "/usr/share/locale/ca/LC_MESSAGES/kcm_kviewviewerpluginsconfig.mo", "size_i": "454", "regex": "false"},
	{"name_s": "/usr/share/locale/ca/LC_MESSAGES/kcmarts.mo", "size_i": "11024", "regex": "false"},
	{"name_s": "/usr/share/locale/ca/LC_MESSAGES/kcmkicker.mo", "size_i": "31528", "regex": "false"},
	{"name_s": "/usr/share/locale/ca/LC_MESSAGES/kcmkonsole.mo", "size_i": "9942", "regex": "false"},
	{"name_s": "/usr/share/locale/ca/LC_MESSAGES/kcmktalkd.mo", "size_i": "4641", "regex": "false"},
	{"name_s": "/usr/share/locale/ca/LC_MESSAGES/kcmkuick.mo", "size_i": "1379", "regex": "false"},
	{"name_s": "/usr/share/locale/ca/LC_MESSAGES/kcmlanbrowser.mo", "size_i": "18285", "regex": "false"},
	{"name_s": "/usr/share/locale/ca/LC_MESSAGES/kcmlaptop.mo", "size_i": "30295", "regex": "false"},
	{"name_s": "/usr/share/locale/ca/LC_MESSAGES/kcmlayout.mo", "size_i": "28225", "regex": "false"},
	{"name_s": "/usr/share/locale/ca/LC_MESSAGES/kcmlilo.mo", "size_i": "20879", "regex": "false"},
	{"name_s": "/usr/share/locale/ca/LC_MESSAGES/kcmmedia.mo", "size_i": "4103", "regex": "false"},
	{"name_s": "/usr/share/locale/ca/LC_MESSAGES/kcmprintmgr.mo", "size_i": "2652", "regex": "false"},
	{"name_s": "/usr/share/locale/ca/LC_MESSAGES/kcmspellchecking.mo", "size_i": "1512", "regex": "false"},
	{"name_s": "/usr/share/locale/ca/LC_MESSAGES/kcmwifi.mo", "size_i": "9300", "regex": "false"},
	{"name_s": "/usr/share/locale/ca/LC_MESSAGES/kcontrol.mo", "size_i": "6722", "regex": "false"},
	{"name_s": "/usr/share/locale/ca/LC_MESSAGES/kdcop.mo", "size_i": "2591", "regex": "false"},
	{"name_s": "/usr/share/locale/ca/LC_MESSAGES/kdelibs.mo", "size_i": "183196", "regex": "false"},
	{"name_s": "/usr/share/locale/ca/LC_MESSAGES/kdelibs_colors.mo", "size_i": "12178", "regex": "false"},
	{"name_s": "/usr/share/locale/ca/LC_MESSAGES/kdeprint.mo", "size_i": "224531", "regex": "false"},
	{"name_s": "/usr/share/locale/ca/LC_MESSAGES/kdeprint_part.mo", "size_i": "841", "regex": "false"},
	{"name_s": "/usr/share/locale/ca/LC_MESSAGES/kdeprintfax.mo", "size_i": "6095", "regex": "false"},
	{"name_s": "/usr/share/locale/ca/LC_MESSAGES/kdesktop.mo", "size_i": "25124", "regex": "false"},
	{"name_s": "/usr/share/locale/ca/LC_MESSAGES/kdevdesigner.mo", "size_i": "919", "regex": "false"},
	{"name_s": "/usr/share/locale/ca/LC_MESSAGES/kdevelop.mo", "size_i": "445781", "regex": "false"},
	{"name_s": "/usr/share/locale/ca/LC_MESSAGES/kdevtipofday.mo", "size_i": "8424", "regex": "false"},
	{"name_s": "/usr/share/locale/ca/LC_MESSAGES/kdict.mo", "size_i": "12112", "regex": "false"},
	{"name_s": "/usr/share/locale/ca/LC_MESSAGES/kdictapplet.mo", "size_i": "832", "regex": "false"},
	{"name_s": "/usr/share/locale/ca/LC_MESSAGES/kdjview.mo", "size_i": "9367", "regex": "false"},
	{"name_s": "/usr/share/locale/ca/LC_MESSAGES/kdvi.mo", "size_i": "42859", "regex": "false"},
	{"name_s": "/usr/share/locale/ca/LC_MESSAGES/kedit.mo", "size_i": "6206", "regex": "false"},
	{"name_s": "/usr/share/locale/ca/LC_MESSAGES/keduca.mo", "size_i": "9319", "regex": "false"},
	{"name_s": "/usr/share/locale/ca/LC_MESSAGES/kenolaba.mo", "size_i": "5052", "regex": "false"},
	{"name_s": "/usr/share/locale/ca/LC_MESSAGES/kfax.mo", "size_i": "6453", "regex": "false"},
	{"name_s": "/usr/share/locale/ca/LC_MESSAGES/kfaxview.mo", "size_i": "2528", "regex": "false"},
	{"name_s": "/usr/share/locale/ca/LC_MESSAGES/kfile_au.mo", "size_i": "1190", "regex": "false"},
	{"name_s": "/usr/share/locale/ca/LC_MESSAGES/kfile_bmp.mo", "size_i": "1170", "regex": "false"},
	{"name_s": "/usr/share/locale/ca/LC_MESSAGES/kfile_cert.mo", "size_i": "981", "regex": "false"},
	{"name_s": "/usr/share/locale/ca/LC_MESSAGES/kfile_cpp.mo", "size_i": "698", "regex": "false"},
	{"name_s": "/usr/share/locale/ca/LC_MESSAGES/kfile_deb.mo", "size_i": "570", "regex": "false"},
	{"name_s": "/usr/share/locale/ca/LC_MESSAGES/kfile_desktop.mo", "size_i": "933", "regex": "false"},
	{"name_s": "/usr/share/locale/ca/LC_MESSAGES/kfile_diff.mo", "size_i": "1279", "regex": "false"},
	{"name_s": "/usr/share/locale/ca/LC_MESSAGES/kfile_folder.mo", "size_i": "511", "regex": "false"},
	{"name_s": "/usr/share/locale/ca/LC_MESSAGES/kfile_gif.mo", "size_i": "704", "regex": "false"},
	{"name_s": "/usr/share/locale/ca/LC_MESSAGES/kfile_html.mo", "size_i": "605", "regex": "false"},
	{"name_s": "/usr/share/locale/ca/LC_MESSAGES/kfile_ico.mo", "size_i": "696", "regex": "false"},
	{"name_s": "/usr/share/locale/ca/LC_MESSAGES/kfile_ics.mo", "size_i": "728", "regex": "false"},
	{"name_s": "/usr/share/locale/ca/LC_MESSAGES/kfile_jpeg.mo", "size_i": "3765", "regex": "false"},
	{"name_s": "/usr/share/locale/ca/LC_MESSAGES/kfile_lnk.mo", "size_i": "1293", "regex": "false"},
	{"name_s": "/usr/share/locale/ca/LC_MESSAGES/kfile_m3u.mo", "size_i": "460", "regex": "false"},
	{"name_s": "/usr/share/locale/ca/LC_MESSAGES/kfile_mhtml.mo", "size_i": "656", "regex": "false"},
	{"name_s": "/usr/share/locale/ca/LC_MESSAGES/kfile_palm.mo", "size_i": "1394", "regex": "false"},
	{"name_s": "/usr/share/locale/ca/LC_MESSAGES/kfile_pcx.mo", "size_i": "670", "regex": "false"},
	{"name_s": "/usr/share/locale/ca/LC_MESSAGES/kfile_pdf.mo", "size_i": "1062", "regex": "false"},
	{"name_s": "/usr/share/locale/ca/LC_MESSAGES/kfile_png.mo", "size_i": "1404", "regex": "false"},
	{"name_s": "/usr/share/locale/ca/LC_MESSAGES/kfile_po.mo", "size_i": "771", "regex": "false"},
	{"name_s": "/usr/share/locale/ca/LC_MESSAGES/kfile_ps.mo", "size_i": "609", "regex": "false"},
	{"name_s": "/usr/share/locale/ca/LC_MESSAGES/kfile_rfc822.mo", "size_i": "632", "regex": "false"},
	{"name_s": "/usr/share/locale/ca/LC_MESSAGES/kfile_tga.mo", "size_i": "1088", "regex": "false"},
	{"name_s": "/usr/share/locale/ca/LC_MESSAGES/kfile_ts.mo", "size_i": "599", "regex": "false"},
	{"name_s": "/usr/share/locale/ca/LC_MESSAGES/kfile_txt.mo", "size_i": "706", "regex": "false"},
	{"name_s": "/usr/share/locale/ca/LC_MESSAGES/kfile_xbm.mo", "size_i": "486", "regex": "false"},
	{"name_s": "/usr/share/locale/ca/LC_MESSAGES/kfile_xpm.mo", "size_i": "547", "regex": "false"},
	{"name_s": "/usr/share/locale/ca/LC_MESSAGES/kfileaudiopreview.mo", "size_i": "522", "regex": "false"},
	{"name_s": "/usr/share/locale/ca/LC_MESSAGES/kfilereplace.mo", "size_i": "16022", "regex": "false"},
	{"name_s": "/usr/share/locale/ca/LC_MESSAGES/kfouleggs.mo", "size_i": "2251", "regex": "false"},
	{"name_s": "/usr/share/locale/ca/LC_MESSAGES/kgantt.mo", "size_i": "1662", "regex": "false"},
	{"name_s": "/usr/share/locale/ca/LC_MESSAGES/kghostview.mo", "size_i": "14928", "regex": "false"},
	{"name_s": "/usr/share/locale/ca/LC_MESSAGES/khexedit.mo", "size_i": "34263", "regex": "false"},
	{"name_s": "/usr/share/locale/ca/LC_MESSAGES/khexedit2part.mo", "size_i": "1558", "regex": "false"},
	{"name_s": "/usr/share/locale/ca/LC_MESSAGES/kicker.mo", "size_i": "12118", "regex": "false"},
	{"name_s": "/usr/share/locale/ca/LC_MESSAGES/kickermenu_kate.mo", "size_i": "1283", "regex": "false"},
	{"name_s": "/usr/share/locale/ca/LC_MESSAGES/kimagemapeditor.mo", "size_i": "13968", "regex": "false"},
	{"name_s": "/usr/share/locale/ca/LC_MESSAGES/kio.mo", "size_i": "142638", "regex": "false"},
	{"name_s": "/usr/share/locale/ca/LC_MESSAGES/kio_help.mo", "size_i": "2541", "regex": "false"},
	{"name_s": "/usr/share/locale/ca/LC_MESSAGES/kio_home.mo", "size_i": "483", "regex": "false"},
	{"name_s": "/usr/share/locale/ca/LC_MESSAGES/kio_lan.mo", "size_i": "934", "regex": "false"},
	{"name_s": "/usr/share/locale/ca/LC_MESSAGES/kio_mac.mo", "size_i": "2114", "regex": "false"},
	{"name_s": "/usr/share/locale/ca/LC_MESSAGES/kio_media.mo", "size_i": "10850", "regex": "false"},
	{"name_s": "/usr/share/locale/ca/LC_MESSAGES/kio_mobile.mo", "size_i": "544", "regex": "false"},
	{"name_s": "/usr/share/locale/ca/LC_MESSAGES/kio_print.mo", "size_i": "3387", "regex": "false"},
	{"name_s": "/usr/share/locale/ca/LC_MESSAGES/kio_scalix.mo", "size_i": "779", "regex": "false"},
	{"name_s": "/usr/share/locale/ca/LC_MESSAGES/kio_system.mo", "size_i": "484", "regex": "false"},
	{"name_s": "/usr/share/locale/ca/LC_MESSAGES/kio_tar.mo", "size_i": "749", "regex": "false"},
	{"name_s": "/usr/share/locale/ca/LC_MESSAGES/kjobviewer.mo", "size_i": "1348", "regex": "false"},
	{"name_s": "/usr/share/locale/ca/LC_MESSAGES/klatin.mo", "size_i": "13332", "regex": "false"},
	{"name_s": "/usr/share/locale/ca/LC_MESSAGES/klickety.mo", "size_i": "1169", "regex": "false"},
	{"name_s": "/usr/share/locale/ca/LC_MESSAGES/klinkstatus.mo", "size_i": "9731", "regex": "false"},
	{"name_s": "/usr/share/locale/ca/LC_MESSAGES/kmathapplet.mo", "size_i": "2237", "regex": "false"},
	{"name_s": "/usr/share/locale/ca/LC_MESSAGES/kmcop.mo", "size_i": "677", "regex": "false"},
	{"name_s": "/usr/share/locale/ca/LC_MESSAGES/kmenuapplet.mo", "size_i": "660", "regex": "false"},
	{"name_s": "/usr/share/locale/ca/LC_MESSAGES/kminipagerapplet.mo", "size_i": "2374", "regex": "false"},
	{"name_s": "/usr/share/locale/ca/LC_MESSAGES/kmobile.mo", "size_i": "5180", "regex": "false"},
	{"name_s": "/usr/share/locale/ca/LC_MESSAGES/kmrml.mo", "size_i": "8957", "regex": "false"},
	{"name_s": "/usr/share/locale/ca/LC_MESSAGES/knewsticker.mo", "size_i": "45813", "regex": "false"},
	{"name_s": "/usr/share/locale/ca/LC_MESSAGES/knotify.mo", "size_i": "2399", "regex": "false"},
	{"name_s": "/usr/share/locale/ca/LC_MESSAGES/kodo.mo", "size_i": "1454", "regex": "false"},
	{"name_s": "/usr/share/locale/ca/LC_MESSAGES/kolourpicker.mo", "size_i": "1008", "regex": "false"},
	{"name_s": "/usr/share/locale/ca/LC_MESSAGES/kommander.mo", "size_i": "89266", "regex": "false"},
	{"name_s": "/usr/share/locale/ca/LC_MESSAGES/konqsidebar_delicious.mo", "size_i": "1588", "regex": "false"},
	{"name_s": "/usr/share/locale/ca/LC_MESSAGES/kooka.mo", "size_i": "25923", "regex": "false"},
	{"name_s": "/usr/share/locale/ca/LC_MESSAGES/kpager.mo", "size_i": "1600", "regex": "false"},
	{"name_s": "/usr/share/locale/ca/LC_MESSAGES/kpdf.mo", "size_i": "17403", "regex": "false"},
	{"name_s": "/usr/share/locale/ca/LC_MESSAGES/kpersonalizer.mo", "size_i": "12646", "regex": "false"},
	{"name_s": "/usr/share/locale/ca/LC_MESSAGES/kpf.mo", "size_i": "14934", "regex": "false"},
	{"name_s": "/usr/share/locale/ca/LC_MESSAGES/kpoker.mo", "size_i": "4682", "regex": "false"},
	{"name_s": "/usr/share/locale/ca/LC_MESSAGES/kprinter.mo", "size_i": "2941", "regex": "false"},
	{"name_s": "/usr/share/locale/ca/LC_MESSAGES/krec.mo", "size_i": "13548", "regex": "false"},
	{"name_s": "/usr/share/locale/ca/LC_MESSAGES/kregexpeditor.mo", "size_i": "23129", "regex": "false"},
	{"name_s": "/usr/share/locale/ca/LC_MESSAGES/kres_blogging.mo", "size_i": "1849", "regex": "false"},
	{"name_s": "/usr/share/locale/ca/LC_MESSAGES/kres_exchange.mo", "size_i": "1019", "regex": "false"},
	{"name_s": "/usr/share/locale/ca/LC_MESSAGES/krunapplet.mo", "size_i": "1619", "regex": "false"},
	{"name_s": "/usr/share/locale/ca/LC_MESSAGES/ksirc.mo", "size_i": "32721", "regex": "false"},
	{"name_s": "/usr/share/locale/ca/LC_MESSAGES/ksirtet.mo", "size_i": "2366", "regex": "false"},
	{"name_s": "/usr/share/locale/ca/LC_MESSAGES/ksmiletris.mo", "size_i": "1354", "regex": "false"},
	{"name_s": "/usr/share/locale/ca/LC_MESSAGES/ksnake.mo", "size_i": "3038", "regex": "false"},
	{"name_s": "/usr/share/locale/ca/LC_MESSAGES/ksokoban.mo", "size_i": "2766", "regex": "false"},
	{"name_s": "/usr/share/locale/ca/LC_MESSAGES/ksplash.mo", "size_i": "2010", "regex": "false"},
	{"name_s": "/usr/share/locale/ca/LC_MESSAGES/kstyle_highcontrast_config.mo", "size_i": "472", "regex": "false"},
	{"name_s": "/usr/share/locale/ca/LC_MESSAGES/kstyle_plastik_config.mo", "size_i": "1116", "regex": "false"},
	{"name_s": "/usr/share/locale/ca/LC_MESSAGES/ksvgplugin.mo", "size_i": "1157", "regex": "false"},
	{"name_s": "/usr/share/locale/ca/LC_MESSAGES/ksystemtrayapplet.mo", "size_i": "647", "regex": "false"},
	{"name_s": "/usr/share/locale/ca/LC_MESSAGES/ktexteditor_autobookmarker.mo", "size_i": "5087", "regex": "false"},
	{"name_s": "/usr/share/locale/ca/LC_MESSAGES/ktexteditor_docwordcompletion.mo", "size_i": "2326", "regex": "false"},
	{"name_s": "/usr/share/locale/ca/LC_MESSAGES/ktexteditor_insertfile.mo", "size_i": "1096", "regex": "false"},
	{"name_s": "/usr/share/locale/ca/LC_MESSAGES/ktexteditor_isearch.mo", "size_i": "2462", "regex": "false"},
	{"name_s": "/usr/share/locale/ca/LC_MESSAGES/ktexteditor_kdatatool.mo", "size_i": "1001", "regex": "false"},
	{"name_s": "/usr/share/locale/ca/LC_MESSAGES/ktimemon.mo", "size_i": "9060", "regex": "false"},
	{"name_s": "/usr/share/locale/ca/LC_MESSAGES/kuick_plugin.mo", "size_i": "1094", "regex": "false"},
	{"name_s": "/usr/share/locale/ca/LC_MESSAGES/kverbos.mo", "size_i": "8371", "regex": "false"},
	{"name_s": "/usr/share/locale/ca/LC_MESSAGES/kview.mo", "size_i": "1208", "regex": "false"},
	{"name_s": "/usr/share/locale/ca/LC_MESSAGES/kview_scale.mo", "size_i": "1214", "regex": "false"},
	{"name_s": "/usr/share/locale/ca/LC_MESSAGES/kviewbrowserplugin.mo", "size_i": "456", "regex": "false"},
	{"name_s": "/usr/share/locale/ca/LC_MESSAGES/kviewcanvas.mo", "size_i": "538", "regex": "false"},
	{"name_s": "/usr/share/locale/ca/LC_MESSAGES/kvieweffectsplugin.mo", "size_i": "1002", "regex": "false"},
	{"name_s": "/usr/share/locale/ca/LC_MESSAGES/kviewpresenterplugin.mo", "size_i": "1655", "regex": "false"},
	{"name_s": "/usr/share/locale/ca/LC_MESSAGES/kviewscannerplugin.mo", "size_i": "906", "regex": "false"},
	{"name_s": "/usr/share/locale/ca/LC_MESSAGES/kviewshell.mo", "size_i": "23247", "regex": "false"},
	{"name_s": "/usr/share/locale/ca/LC_MESSAGES/kviewviewer.mo", "size_i": "3844", "regex": "false"},
	{"name_s": "/usr/share/locale/ca/LC_MESSAGES/kvoctrain.mo", "size_i": "68637", "regex": "false"},
	{"name_s": "/usr/share/locale/ca/LC_MESSAGES/kwifimanager.mo", "size_i": "5179", "regex": "false"},
	{"name_s": "/usr/share/locale/ca/LC_MESSAGES/kwin4.mo", "size_i": "5546", "regex": "false"},
	{"name_s": "/usr/share/locale/ca/LC_MESSAGES/kwireless.mo", "size_i": "1782", "regex": "false"},
	{"name_s": "/usr/share/locale/ca/LC_MESSAGES/kxsldbg.mo", "size_i": "37650", "regex": "false"},
	{"name_s": "/usr/share/locale/ca/LC_MESSAGES/libdmctl.mo", "size_i": "752", "regex": "false"},
	{"name_s": "/usr/share/locale/ca/LC_MESSAGES/libkaddrbk_geo_xxport.mo", "size_i": "503", "regex": "false"},
	{"name_s": "/usr/share/locale/ca/LC_MESSAGES/libkaddrbk_gmx_xxport.mo", "size_i": "1085", "regex": "false"},
	{"name_s": "/usr/share/locale/ca/LC_MESSAGES/libkfaximgage.mo", "size_i": "1742", "regex": "false"},
	{"name_s": "/usr/share/locale/ca/LC_MESSAGES/libkicker.mo", "size_i": "10289", "regex": "false"},
	{"name_s": "/usr/share/locale/ca/LC_MESSAGES/libkickermenu_kdeprint.mo", "size_i": "792", "regex": "false"},
	{"name_s": "/usr/share/locale/ca/LC_MESSAGES/libkickermenu_konsole.mo", "size_i": "760", "regex": "false"},
	{"name_s": "/usr/share/locale/ca/LC_MESSAGES/libkickermenu_prefmenu.mo", "size_i": "539", "regex": "false"},
	{"name_s": "/usr/share/locale/ca/LC_MESSAGES/libkickermenu_recentdocs.mo", "size_i": "505", "regex": "false"},
	{"name_s": "/usr/share/locale/ca/LC_MESSAGES/libkickermenu_remotemenu.mo", "size_i": "597", "regex": "false"},
	{"name_s": "/usr/share/locale/ca/LC_MESSAGES/libkickermenu_systemmenu.mo", "size_i": "446", "regex": "false"},
	{"name_s": "/usr/share/locale/ca/LC_MESSAGES/libkickermenu_tom.mo", "size_i": "2069", "regex": "false"},
	{"name_s": "/usr/share/locale/ca/LC_MESSAGES/libkpimexchange.mo", "size_i": "931", "regex": "false"},
	{"name_s": "/usr/share/locale/ca/LC_MESSAGES/libkscan.mo", "size_i": "9209", "regex": "false"},
	{"name_s": "/usr/share/locale/ca/LC_MESSAGES/libksirtet.mo", "size_i": "7517", "regex": "false"},
	{"name_s": "/usr/share/locale/ca/LC_MESSAGES/libtaskbar.mo", "size_i": "9980", "regex": "false"},
	{"name_s": "/usr/share/locale/ca/LC_MESSAGES/lockout.mo", "size_i": "779", "regex": "false"},
	{"name_s": "/usr/share/locale/ca/LC_MESSAGES/lyrics.mo", "size_i": "6020", "regex": "false"},
	{"name_s": "/usr/share/locale/ca/LC_MESSAGES/mediaapplet.mo", "size_i": "1474", "regex": "false"},
	{"name_s": "/usr/share/locale/ca/LC_MESSAGES/mediacontrol.mo", "size_i": "3443", "regex": "false"},
	{"name_s": "/usr/share/locale/ca/LC_MESSAGES/naughtyapplet.mo", "size_i": "1587", "regex": "false"},
	{"name_s": "/usr/share/locale/ca/LC_MESSAGES/nexscope.mo", "size_i": "1212", "regex": "false"},
	{"name_s": "/usr/share/locale/ca/LC_MESSAGES/noatun.mo", "size_i": "25024", "regex": "false"},
	{"name_s": "/usr/share/locale/ca/LC_MESSAGES/pitchablespeed.mo", "size_i": "753", "regex": "false"},
	{"name_s": "/usr/share/locale/ca/LC_MESSAGES/ppdtranslations.mo", "size_i": "156928", "regex": "false"},
	{"name_s": "/usr/share/locale/ca/LC_MESSAGES/privacy.mo", "size_i": "6659", "regex": "false"},
	{"name_s": "/usr/share/locale/ca/LC_MESSAGES/quanta.mo", "size_i": "267139", "regex": "false"},
	{"name_s": "/usr/share/locale/ca/LC_MESSAGES/quicklauncher.mo", "size_i": "3410", "regex": "false"},
	{"name_s": "/usr/share/locale/ca/LC_MESSAGES/scalixadmin.mo", "size_i": "3100", "regex": "false"},
	{"name_s": "/usr/share/locale/ca/LC_MESSAGES/synaescope.mo", "size_i": "951", "regex": "false"},
	{"name_s": "/usr/share/locale/ca/LC_MESSAGES/timezones.mo", "size_i": "22090", "regex": "false"},
	{"name_s": "/usr/share/locale/ca/LC_MESSAGES/tippecanoe.mo", "size_i": "663", "regex": "false"},
	{"name_s": "/usr/share/locale/ca/LC_MESSAGES/trashapplet.mo", "size_i": "883", "regex": "false"},
	{"name_s": "/usr/share/locale/ca/LC_MESSAGES/tyler.mo", "size_i": "536", "regex": "false"},
	{"name_s": "/usr/share/locale/ca/LC_MESSAGES/wakeup.mo", "size_i": "1155", "regex": "false"},
	{"name_s": "/usr/share/locale/ca/LC_MESSAGES/wavecapture.mo", "size_i": "505", "regex": "false"},
	{"name_s": "/usr/share/locale/ca/charset", "size_i": "6", "regex": "false"}
]
