[
	{"name_s": "/usr/share/locale/gu/LC_MESSAGES/audiorename_plugin.mo", "size_i": "2183", "regex": "false"},
	{"name_s": "/usr/share/locale/gu/LC_MESSAGES/display.mo", "size_i": "869", "regex": "false"},
	{"name_s": "/usr/share/locale/gu/LC_MESSAGES/dolphin.mo", "size_i": "35382", "regex": "false"},
	{"name_s": "/usr/share/locale/gu/LC_MESSAGES/drkonqi.mo", "size_i": "9043", "regex": "false"},
	{"name_s": "/usr/share/locale/gu/LC_MESSAGES/filetypes.mo", "size_i": "5845", "regex": "false"},
	{"name_s": "/usr/share/locale/gu/LC_MESSAGES/htmlsearch.mo", "size_i": "5677", "regex": "false"},
	{"name_s": "/usr/share/locale/gu/LC_MESSAGES/imagerename_plugin.mo", "size_i": "1288", "regex": "false"},
	{"name_s": "/usr/share/locale/gu/LC_MESSAGES/joystick.mo", "size_i": "12171", "regex": "false"},
	{"name_s": "/usr/share/locale/gu/LC_MESSAGES/kaccess.mo", "size_i": "14672", "regex": "false"},
	{"name_s": "/usr/share/locale/gu/LC_MESSAGES/kalzium.mo", "size_i": "33638", "regex": "false"},
	{"name_s": "/usr/share/locale/gu/LC_MESSAGES/kalzium_qt.mo", "size_i": "9440", "regex": "false"},
	{"name_s": "/usr/share/locale/gu/LC_MESSAGES/kanagram.mo", "size_i": "9484", "regex": "false"},
	{"name_s": "/usr/share/locale/gu/LC_MESSAGES/kapman.mo", "size_i": "3713", "regex": "false"},
	{"name_s": "/usr/share/locale/gu/LC_MESSAGES/kappfinder.mo", "size_i": "3014", "regex": "false"},
	{"name_s": "/usr/share/locale/gu/LC_MESSAGES/katepart4.mo", "size_i": "55658", "regex": "false"},
	{"name_s": "/usr/share/locale/gu/LC_MESSAGES/kblankscrn.mo", "size_i": "916", "regex": "false"},
	{"name_s": "/usr/share/locale/gu/LC_MESSAGES/kcertpart.mo", "size_i": "686", "regex": "false"},
	{"name_s": "/usr/share/locale/gu/LC_MESSAGES/kcm_autostart.mo", "size_i": "2977", "regex": "false"},
	{"name_s": "/usr/share/locale/gu/LC_MESSAGES/kcm_desktopthemedetails.mo", "size_i": "5568", "regex": "false"},
	{"name_s": "/usr/share/locale/gu/LC_MESSAGES/kcm_emoticons.mo", "size_i": "6786", "regex": "false"},
	{"name_s": "/usr/share/locale/gu/LC_MESSAGES/kcm_kwindesktop.mo", "size_i": "2204", "regex": "false"},
	{"name_s": "/usr/share/locale/gu/LC_MESSAGES/kcm_memory.mo", "size_i": "5731", "regex": "false"},
	{"name_s": "/usr/share/locale/gu/LC_MESSAGES/kcm_partition.mo", "size_i": "2898", "regex": "false"},
	{"name_s": "/usr/share/locale/gu/LC_MESSAGES/kcm_pci.mo", "size_i": "24410", "regex": "false"},
	{"name_s": "/usr/share/locale/gu/LC_MESSAGES/kcm_phonon.mo", "size_i": "5187", "regex": "false"},
	{"name_s": "/usr/share/locale/gu/LC_MESSAGES/kcm_phononxine.mo", "size_i": "541", "regex": "false"},
	{"name_s": "/usr/share/locale/gu/LC_MESSAGES/kcm_solid.mo", "size_i": "1149", "regex": "false"},
	{"name_s": "/usr/share/locale/gu/LC_MESSAGES/kcm_standard_actions.mo", "size_i": "657", "regex": "false"},
	{"name_s": "/usr/share/locale/gu/LC_MESSAGES/kcmaccess.mo", "size_i": "14923", "regex": "false"},
	{"name_s": "/usr/share/locale/gu/LC_MESSAGES/kcmbackground.mo", "size_i": "7739", "regex": "false"},
	{"name_s": "/usr/share/locale/gu/LC_MESSAGES/kcmbell.mo", "size_i": "5307", "regex": "false"},
	{"name_s": "/usr/share/locale/gu/LC_MESSAGES/kcmcgi.mo", "size_i": "1825", "regex": "false"},
	{"name_s": "/usr/share/locale/gu/LC_MESSAGES/kcmcolors.mo", "size_i": "10079", "regex": "false"},
	{"name_s": "/usr/share/locale/gu/LC_MESSAGES/kcmcomponentchooser.mo", "size_i": "8384", "regex": "false"},
	{"name_s": "/usr/share/locale/gu/LC_MESSAGES/kcmcrypto.mo", "size_i": "15399", "regex": "false"},
	{"name_s": "/usr/share/locale/gu/LC_MESSAGES/kcmenergy.mo", "size_i": "5160", "regex": "false"},
	{"name_s": "/usr/share/locale/gu/LC_MESSAGES/kcmfonts.mo", "size_i": "9466", "regex": "false"},
	{"name_s": "/usr/share/locale/gu/LC_MESSAGES/kcmhtmlsearch.mo", "size_i": "6006", "regex": "false"},
	{"name_s": "/usr/share/locale/gu/LC_MESSAGES/kcmicons.mo", "size_i": "9869", "regex": "false"},
	{"name_s": "/usr/share/locale/gu/LC_MESSAGES/kcminfo.mo", "size_i": "2647", "regex": "false"},
	{"name_s": "/usr/share/locale/gu/LC_MESSAGES/kcminit.mo", "size_i": "1268", "regex": "false"},
	{"name_s": "/usr/share/locale/gu/LC_MESSAGES/kcminput.mo", "size_i": "9084", "regex": "false"},
	{"name_s": "/usr/share/locale/gu/LC_MESSAGES/kcmioslaveinfo.mo", "size_i": "1942", "regex": "false"},
	{"name_s": "/usr/share/locale/gu/LC_MESSAGES/kcmkclock.mo", "size_i": "5396", "regex": "false"},
	{"name_s": "/usr/share/locale/gu/LC_MESSAGES/kcmkded.mo", "size_i": "5691", "regex": "false"},
	{"name_s": "/usr/share/locale/gu/LC_MESSAGES/kcmkdnssd.mo", "size_i": "1535", "regex": "false"},
	{"name_s": "/usr/share/locale/gu/LC_MESSAGES/kcmkeyboard.mo", "size_i": "5398", "regex": "false"},
	{"name_s": "/usr/share/locale/gu/LC_MESSAGES/kcmkeys.mo", "size_i": "2978", "regex": "false"},
	{"name_s": "/usr/share/locale/gu/LC_MESSAGES/kcmkio.mo", "size_i": "17284", "regex": "false"},
	{"name_s": "/usr/share/locale/gu/LC_MESSAGES/kcmkonq.mo", "size_i": "3727", "regex": "false"},
	{"name_s": "/usr/share/locale/gu/LC_MESSAGES/kcmkonqhtml.mo", "size_i": "40004", "regex": "false"},
	{"name_s": "/usr/share/locale/gu/LC_MESSAGES/kcmkurifilt.mo", "size_i": "2695", "regex": "false"},
	{"name_s": "/usr/share/locale/gu/LC_MESSAGES/kcmkwincompositing.mo", "size_i": "3506", "regex": "false"},
	{"name_s": "/usr/share/locale/gu/LC_MESSAGES/kcmkwindecoration.mo", "size_i": "8174", "regex": "false"},
	{"name_s": "/usr/share/locale/gu/LC_MESSAGES/kcmkwinrules.mo", "size_i": "7867", "regex": "false"},
	{"name_s": "/usr/share/locale/gu/LC_MESSAGES/kcmkwm.mo", "size_i": "4088", "regex": "false"},
	{"name_s": "/usr/share/locale/gu/LC_MESSAGES/kcmlaunch.mo", "size_i": "4357", "regex": "false"},
	{"name_s": "/usr/share/locale/gu/LC_MESSAGES/kcmlocale.mo", "size_i": "23058", "regex": "false"},
	{"name_s": "/usr/share/locale/gu/LC_MESSAGES/kcmnic.mo", "size_i": "2472", "regex": "false"},
	{"name_s": "/usr/share/locale/gu/LC_MESSAGES/kcmnotify.mo", "size_i": "3416", "regex": "false"},
	{"name_s": "/usr/share/locale/gu/LC_MESSAGES/kcmopengl.mo", "size_i": "6467", "regex": "false"},
	{"name_s": "/usr/share/locale/gu/LC_MESSAGES/kcmperformance.mo", "size_i": "12580", "regex": "false"},
	{"name_s": "/usr/share/locale/gu/LC_MESSAGES/kcmsamba.mo", "size_i": "13385", "regex": "false"},
	{"name_s": "/usr/share/locale/gu/LC_MESSAGES/kcmscreensaver.mo", "size_i": "6147", "regex": "false"},
	{"name_s": "/usr/share/locale/gu/LC_MESSAGES/kcmshell.mo", "size_i": "2325", "regex": "false"},
	{"name_s": "/usr/share/locale/gu/LC_MESSAGES/kcmsmartcard.mo", "size_i": "6572", "regex": "false"},
	{"name_s": "/usr/share/locale/gu/LC_MESSAGES/kcmsmserver.mo", "size_i": "5889", "regex": "false"},
	{"name_s": "/usr/share/locale/gu/LC_MESSAGES/kcmsolidproc.mo", "size_i": "1201", "regex": "false"},
	{"name_s": "/usr/share/locale/gu/LC_MESSAGES/kcmstyle.mo", "size_i": "2734", "regex": "false"},
	{"name_s": "/usr/share/locale/gu/LC_MESSAGES/kcmusb.mo", "size_i": "7420", "regex": "false"},
	{"name_s": "/usr/share/locale/gu/LC_MESSAGES/kcmview1394.mo", "size_i": "1028", "regex": "false"},
	{"name_s": "/usr/share/locale/gu/LC_MESSAGES/kcmxinerama.mo", "size_i": "3998", "regex": "false"},
	{"name_s": "/usr/share/locale/gu/LC_MESSAGES/kde-menu.mo", "size_i": "3655", "regex": "false"},
	{"name_s": "/usr/share/locale/gu/LC_MESSAGES/kdebugdialog.mo", "size_i": "2643", "regex": "false"},
	{"name_s": "/usr/share/locale/gu/LC_MESSAGES/kdelibs4.mo", "size_i": "290894", "regex": "false"},
	{"name_s": "/usr/share/locale/gu/LC_MESSAGES/kdelibs_colors4.mo", "size_i": "30663", "regex": "false"},
	{"name_s": "/usr/share/locale/gu/LC_MESSAGES/kdepasswd.mo", "size_i": "4290", "regex": "false"},
	{"name_s": "/usr/share/locale/gu/LC_MESSAGES/kdesu.mo", "size_i": "6426", "regex": "false"},
	{"name_s": "/usr/share/locale/gu/LC_MESSAGES/kdesud.mo", "size_i": "1016", "regex": "false"},
	{"name_s": "/usr/share/locale/gu/LC_MESSAGES/kdialog.mo", "size_i": "6721", "regex": "false"},
	{"name_s": "/usr/share/locale/gu/LC_MESSAGES/kdmconfig.mo", "size_i": "12668", "regex": "false"},
	{"name_s": "/usr/share/locale/gu/LC_MESSAGES/kdmgreet.mo", "size_i": "14575", "regex": "false"},
	{"name_s": "/usr/share/locale/gu/LC_MESSAGES/keditbookmarks.mo", "size_i": "13591", "regex": "false"},
	{"name_s": "/usr/share/locale/gu/LC_MESSAGES/kfile.mo", "size_i": "3628", "regex": "false"},
	{"name_s": "/usr/share/locale/gu/LC_MESSAGES/kfileaudiopreview4.mo", "size_i": "603", "regex": "false"},
	{"name_s": "/usr/share/locale/gu/LC_MESSAGES/kfindpart.mo", "size_i": "10204", "regex": "false"},
	{"name_s": "/usr/share/locale/gu/LC_MESSAGES/kfmclient.mo", "size_i": "1722", "regex": "false"},
	{"name_s": "/usr/share/locale/gu/LC_MESSAGES/kfontinst.mo", "size_i": "44249", "regex": "false"},
	{"name_s": "/usr/share/locale/gu/LC_MESSAGES/kgeography.mo", "size_i": "295543", "regex": "false"},
	{"name_s": "/usr/share/locale/gu/LC_MESSAGES/kgreet_classic.mo", "size_i": "1183", "regex": "false"},
	{"name_s": "/usr/share/locale/gu/LC_MESSAGES/kgreet_generic.mo", "size_i": "540", "regex": "false"},
	{"name_s": "/usr/share/locale/gu/LC_MESSAGES/kgreet_winbind.mo", "size_i": "1255", "regex": "false"},
	{"name_s": "/usr/share/locale/gu/LC_MESSAGES/khangman.mo", "size_i": "14949", "regex": "false"},
	{"name_s": "/usr/share/locale/gu/LC_MESSAGES/khelpcenter.mo", "size_i": "15101", "regex": "false"},
	{"name_s": "/usr/share/locale/gu/LC_MESSAGES/khotkeys.mo", "size_i": "7102", "regex": "false"},
	{"name_s": "/usr/share/locale/gu/LC_MESSAGES/khotnewstuff.mo", "size_i": "845", "regex": "false"},
	{"name_s": "/usr/share/locale/gu/LC_MESSAGES/khtmlkttsd.mo", "size_i": "958", "regex": "false"},
	{"name_s": "/usr/share/locale/gu/LC_MESSAGES/kiconfinder.mo", "size_i": "748", "regex": "false"},
	{"name_s": "/usr/share/locale/gu/LC_MESSAGES/kinfocenter.mo", "size_i": "17844", "regex": "false"},
	{"name_s": "/usr/share/locale/gu/LC_MESSAGES/kio4.mo", "size_i": "92648", "regex": "false"},
	{"name_s": "/usr/share/locale/gu/LC_MESSAGES/kio_applications.mo", "size_i": "692", "regex": "false"},
	{"name_s": "/usr/share/locale/gu/LC_MESSAGES/kio_archive.mo", "size_i": "960", "regex": "false"},
	{"name_s": "/usr/share/locale/gu/LC_MESSAGES/kio_bookmarks.mo", "size_i": "1494", "regex": "false"},
	{"name_s": "/usr/share/locale/gu/LC_MESSAGES/kio_finger.mo", "size_i": "1357", "regex": "false"},
	{"name_s": "/usr/share/locale/gu/LC_MESSAGES/kio_fish.mo", "size_i": "889", "regex": "false"},
	{"name_s": "/usr/share/locale/gu/LC_MESSAGES/kio_floppy.mo", "size_i": "3760", "regex": "false"},
	{"name_s": "/usr/share/locale/gu/LC_MESSAGES/kio_help4.mo", "size_i": "3693", "regex": "false"},
	{"name_s": "/usr/share/locale/gu/LC_MESSAGES/kio_man.mo", "size_i": "5027", "regex": "false"},
	{"name_s": "/usr/share/locale/gu/LC_MESSAGES/kio_nepomuksearch.mo", "size_i": "774", "regex": "false"},
	{"name_s": "/usr/share/locale/gu/LC_MESSAGES/kio_nfs.mo", "size_i": "952", "regex": "false"},
	{"name_s": "/usr/share/locale/gu/LC_MESSAGES/kio_remote.mo", "size_i": "553", "regex": "false"},
	{"name_s": "/usr/share/locale/gu/LC_MESSAGES/kio_sftp.mo", "size_i": "6699", "regex": "false"},
	{"name_s": "/usr/share/locale/gu/LC_MESSAGES/kio_smb.mo", "size_i": "5810", "regex": "false"},
	{"name_s": "/usr/share/locale/gu/LC_MESSAGES/kio_thumbnail.mo", "size_i": "1861", "regex": "false"},
	{"name_s": "/usr/share/locale/gu/LC_MESSAGES/kioclient.mo", "size_i": "5588", "regex": "false"},
	{"name_s": "/usr/share/locale/gu/LC_MESSAGES/kioexec.mo", "size_i": "3383", "regex": "false"},
	{"name_s": "/usr/share/locale/gu/LC_MESSAGES/klettres.mo", "size_i": "15484", "regex": "false"},
	{"name_s": "/usr/share/locale/gu/LC_MESSAGES/klipper.mo", "size_i": "7963", "regex": "false"},
	{"name_s": "/usr/share/locale/gu/LC_MESSAGES/kmenuedit.mo", "size_i": "6768", "regex": "false"},
	{"name_s": "/usr/share/locale/gu/LC_MESSAGES/kmimetypefinder.mo", "size_i": "1435", "regex": "false"},
	{"name_s": "/usr/share/locale/gu/LC_MESSAGES/knetattach.mo", "size_i": "2410", "regex": "false"},
	{"name_s": "/usr/share/locale/gu/LC_MESSAGES/knotify4.mo", "size_i": "1486", "regex": "false"},
	{"name_s": "/usr/share/locale/gu/LC_MESSAGES/konqueror.mo", "size_i": "43217", "regex": "false"},
	{"name_s": "/usr/share/locale/gu/LC_MESSAGES/konsole.mo", "size_i": "31500", "regex": "false"},
	{"name_s": "/usr/share/locale/gu/LC_MESSAGES/kpasswdserver.mo", "size_i": "793", "regex": "false"},
	{"name_s": "/usr/share/locale/gu/LC_MESSAGES/kquitapp.mo", "size_i": "2229", "regex": "false"},
	{"name_s": "/usr/share/locale/gu/LC_MESSAGES/krandr.mo", "size_i": "6282", "regex": "false"},
	{"name_s": "/usr/share/locale/gu/LC_MESSAGES/krdb.mo", "size_i": "1171", "regex": "false"},
	{"name_s": "/usr/share/locale/gu/LC_MESSAGES/kreadconfig.mo", "size_i": "1353", "regex": "false"},
	{"name_s": "/usr/share/locale/gu/LC_MESSAGES/krunner.mo", "size_i": "11698", "regex": "false"},
	{"name_s": "/usr/share/locale/gu/LC_MESSAGES/kshorturifilter.mo", "size_i": "961", "regex": "false"},
	{"name_s": "/usr/share/locale/gu/LC_MESSAGES/ksmserver.mo", "size_i": "3569", "regex": "false"},
	{"name_s": "/usr/share/locale/gu/LC_MESSAGES/kstars.mo", "size_i": "96960", "regex": "false"},
	{"name_s": "/usr/share/locale/gu/LC_MESSAGES/kstart.mo", "size_i": "1948", "regex": "false"},
	{"name_s": "/usr/share/locale/gu/LC_MESSAGES/kstyle_config.mo", "size_i": "980", "regex": "false"},
	{"name_s": "/usr/share/locale/gu/LC_MESSAGES/kstyle_keramik_config.mo", "size_i": "737", "regex": "false"},
	{"name_s": "/usr/share/locale/gu/LC_MESSAGES/ksysguard.mo", "size_i": "22646", "regex": "false"},
	{"name_s": "/usr/share/locale/gu/LC_MESSAGES/ksysguardlsofwidgets.mo", "size_i": "813", "regex": "false"},
	{"name_s": "/usr/share/locale/gu/LC_MESSAGES/ktexteditor_plugins.mo", "size_i": "4796", "regex": "false"},
	{"name_s": "/usr/share/locale/gu/LC_MESSAGES/kthememanager.mo", "size_i": "4640", "regex": "false"},
	{"name_s": "/usr/share/locale/gu/LC_MESSAGES/ktouch.mo", "size_i": "19563", "regex": "false"},
	{"name_s": "/usr/share/locale/gu/LC_MESSAGES/ktraderclient.mo", "size_i": "1157", "regex": "false"},
	{"name_s": "/usr/share/locale/gu/LC_MESSAGES/kwalletd.mo", "size_i": "10268", "regex": "false"},
	{"name_s": "/usr/share/locale/gu/LC_MESSAGES/kwin.mo", "size_i": "18693", "regex": "false"},
	{"name_s": "/usr/share/locale/gu/LC_MESSAGES/kwin_clients.mo", "size_i": "4347", "regex": "false"},
	{"name_s": "/usr/share/locale/gu/LC_MESSAGES/kwin_effects.mo", "size_i": "14304", "regex": "false"},
	{"name_s": "/usr/share/locale/gu/LC_MESSAGES/kwin_lib.mo", "size_i": "2059", "regex": "false"},
	{"name_s": "/usr/share/locale/gu/LC_MESSAGES/kwinstartmenu.mo", "size_i": "1467", "regex": "false"},
	{"name_s": "/usr/share/locale/gu/LC_MESSAGES/kwrite.mo", "size_i": "9966", "regex": "false"},
	{"name_s": "/usr/share/locale/gu/LC_MESSAGES/kwriteconfig.mo", "size_i": "2140", "regex": "false"},
	{"name_s": "/usr/share/locale/gu/LC_MESSAGES/kxkb.mo", "size_i": "3770", "regex": "false"},
	{"name_s": "/usr/share/locale/gu/LC_MESSAGES/libkonq.mo", "size_i": "3215", "regex": "false"},
	{"name_s": "/usr/share/locale/gu/LC_MESSAGES/libkscreensaver.mo", "size_i": "1094", "regex": "false"},
	{"name_s": "/usr/share/locale/gu/LC_MESSAGES/libkworkspace.mo", "size_i": "1419", "regex": "false"},
	{"name_s": "/usr/share/locale/gu/LC_MESSAGES/libphonon.mo", "size_i": "1965", "regex": "false"},
	{"name_s": "/usr/share/locale/gu/LC_MESSAGES/libplasma.mo", "size_i": "10886", "regex": "false"},
	{"name_s": "/usr/share/locale/gu/LC_MESSAGES/libplasmaclock.mo", "size_i": "1504", "regex": "false"},
	{"name_s": "/usr/share/locale/gu/LC_MESSAGES/libtaskmanager.mo", "size_i": "2071", "regex": "false"},
	{"name_s": "/usr/share/locale/gu/LC_MESSAGES/marble.mo", "size_i": "25591", "regex": "false"},
	{"name_s": "/usr/share/locale/gu/LC_MESSAGES/marble_qt.mo", "size_i": "12232", "regex": "false"},
	{"name_s": "/usr/share/locale/gu/LC_MESSAGES/nepomuk.mo", "size_i": "12001", "regex": "false"},
	{"name_s": "/usr/share/locale/gu/LC_MESSAGES/nepomuksearch.mo", "size_i": "1011", "regex": "false"},
	{"name_s": "/usr/share/locale/gu/LC_MESSAGES/nsplugin.mo", "size_i": "1908", "regex": "false"},
	{"name_s": "/usr/share/locale/gu/LC_MESSAGES/phonon_kde.mo", "size_i": "1318", "regex": "false"},
	{"name_s": "/usr/share/locale/gu/LC_MESSAGES/phononserver.mo", "size_i": "3709", "regex": "false"},
	{"name_s": "/usr/share/locale/gu/LC_MESSAGES/plasma-desktop.mo", "size_i": "5082", "regex": "false"},
	{"name_s": "/usr/share/locale/gu/LC_MESSAGES/plasma-overlay.mo", "size_i": "3656", "regex": "false"},
	{"name_s": "/usr/share/locale/gu/LC_MESSAGES/plasma_applet_battery.mo", "size_i": "2606", "regex": "false"},
	{"name_s": "/usr/share/locale/gu/LC_MESSAGES/plasma_applet_clock.mo", "size_i": "1330", "regex": "false"},
	{"name_s": "/usr/share/locale/gu/LC_MESSAGES/plasma_applet_desktop.mo", "size_i": "718", "regex": "false"},
	{"name_s": "/usr/share/locale/gu/LC_MESSAGES/plasma_applet_devicenotifier.mo", "size_i": "1338", "regex": "false"},
	{"name_s": "/usr/share/locale/gu/LC_MESSAGES/plasma_applet_dig_clock.mo", "size_i": "5236", "regex": "false"},
	{"name_s": "/usr/share/locale/gu/LC_MESSAGES/plasma_applet_folderview.mo", "size_i": "7840", "regex": "false"},
	{"name_s": "/usr/share/locale/gu/LC_MESSAGES/plasma_applet_launcher.mo", "size_i": "7069", "regex": "false"},
	{"name_s": "/usr/share/locale/gu/LC_MESSAGES/plasma_applet_pager.mo", "size_i": "1546", "regex": "false"},
	{"name_s": "/usr/share/locale/gu/LC_MESSAGES/plasma_applet_panel.mo", "size_i": "585", "regex": "false"},
	{"name_s": "/usr/share/locale/gu/LC_MESSAGES/plasma_applet_quicklaunch.mo", "size_i": "1075", "regex": "false"},
	{"name_s": "/usr/share/locale/gu/LC_MESSAGES/plasma_applet_saverdesktop.mo", "size_i": "556", "regex": "false"},
	{"name_s": "/usr/share/locale/gu/LC_MESSAGES/plasma_applet_system-monitor.mo", "size_i": "3150", "regex": "false"},
	{"name_s": "/usr/share/locale/gu/LC_MESSAGES/plasma_applet_systemtray.mo", "size_i": "4651", "regex": "false"},
	{"name_s": "/usr/share/locale/gu/LC_MESSAGES/plasma_applet_tasks.mo", "size_i": "2421", "regex": "false"},
	{"name_s": "/usr/share/locale/gu/LC_MESSAGES/plasma_applet_trash.mo", "size_i": "1214", "regex": "false"},
	{"name_s": "/usr/share/locale/gu/LC_MESSAGES/plasma_applet_webbrowser.mo", "size_i": "977", "regex": "false"},
	{"name_s": "/usr/share/locale/gu/LC_MESSAGES/plasma_appletscriptengine_dashboard.mo", "size_i": "723", "regex": "false"},
	{"name_s": "/usr/share/locale/gu/LC_MESSAGES/plasma_appletscriptengine_qedjescripts.mo", "size_i": "867", "regex": "false"},
	{"name_s": "/usr/share/locale/gu/LC_MESSAGES/plasma_engine_kuiserver.mo", "size_i": "498", "regex": "false"},
	{"name_s": "/usr/share/locale/gu/LC_MESSAGES/plasma_engine_rss.mo", "size_i": "859", "regex": "false"},
	{"name_s": "/usr/share/locale/gu/LC_MESSAGES/plasma_runner_locations.mo", "size_i": "620", "regex": "false"},
	{"name_s": "/usr/share/locale/gu/LC_MESSAGES/plasma_runner_recentdocuments.mo", "size_i": "574", "regex": "false"},
	{"name_s": "/usr/share/locale/gu/LC_MESSAGES/plasma_runner_sessions.mo", "size_i": "4425", "regex": "false"},
	{"name_s": "/usr/share/locale/gu/LC_MESSAGES/plasma_runner_webshortcuts.mo", "size_i": "1091", "regex": "false"},
	{"name_s": "/usr/share/locale/gu/LC_MESSAGES/plasma_scriptengine_qscript.mo", "size_i": "2539", "regex": "false"},
	{"name_s": "/usr/share/locale/gu/LC_MESSAGES/plasma_wallpaper_color.mo", "size_i": "539", "regex": "false"},
	{"name_s": "/usr/share/locale/gu/LC_MESSAGES/plasma_wallpaper_image.mo", "size_i": "2520", "regex": "false"},
	{"name_s": "/usr/share/locale/gu/LC_MESSAGES/plasmaengineexplorer.mo", "size_i": "5861", "regex": "false"},
	{"name_s": "/usr/share/locale/gu/LC_MESSAGES/plasmapkg.mo", "size_i": "4667", "regex": "false"},
	{"name_s": "/usr/share/locale/gu/LC_MESSAGES/plasmoidviewer.mo", "size_i": "2856", "regex": "false"},
	{"name_s": "/usr/share/locale/gu/LC_MESSAGES/powerdevil.mo", "size_i": "15153", "regex": "false"},
	{"name_s": "/usr/share/locale/gu/LC_MESSAGES/processcore.mo", "size_i": "1952", "regex": "false"},
	{"name_s": "/usr/share/locale/gu/LC_MESSAGES/processui.mo", "size_i": "12744", "regex": "false"},
	{"name_s": "/usr/share/locale/gu/LC_MESSAGES/solid-bluetooth.mo", "size_i": "2968", "regex": "false"},
	{"name_s": "/usr/share/locale/gu/LC_MESSAGES/solid-hardware.mo", "size_i": "5863", "regex": "false"},
	{"name_s": "/usr/share/locale/gu/LC_MESSAGES/solid-network.mo", "size_i": "7425", "regex": "false"},
	{"name_s": "/usr/share/locale/gu/LC_MESSAGES/solid-powermanagement.mo", "size_i": "6034", "regex": "false"},
	{"name_s": "/usr/share/locale/gu/LC_MESSAGES/solidcontrol.mo", "size_i": "963", "regex": "false"},
	{"name_s": "/usr/share/locale/gu/LC_MESSAGES/soliduiserver.mo", "size_i": "1140", "regex": "false"},
	{"name_s": "/usr/share/locale/gu/LC_MESSAGES/step.mo", "size_i": "20162", "regex": "false"},
	{"name_s": "/usr/share/locale/gu/LC_MESSAGES/step_qt.mo", "size_i": "15307", "regex": "false"},
	{"name_s": "/usr/share/locale/gu/LC_MESSAGES/systemsettings.mo", "size_i": "3168", "regex": "false"},
	{"name_s": "/usr/share/locale/gu/LC_MESSAGES/timezones4.mo", "size_i": "43836", "regex": "false"},
	{"name_s": "/usr/share/locale/gu/LC_MESSAGES/useraccount.mo", "size_i": "7416", "regex": "false"},
	{"name_s": "/usr/share/locale/gu/entry.desktop", "size_i": "1861", "regex": "false"}
]
