[
	{"name_s": "/usr/share/doc/HTML/zh_CN", "size_i": "4096", "regex": "false"},
	{"name_s": "/usr/share/doc/HTML/zh_CN/common", "size_i": "4096", "regex": "false"},
	{"name_s": "/usr/share/doc/HTML/zh_CN/common/fdl-translated.html", "size_i": "20428", "regex": "false"},
	{"name_s": "/usr/share/doc/HTML/zh_CN/common/gpl-translated.html", "size_i": "20195", "regex": "false"},
	{"name_s": "/usr/share/doc/HTML/zh_CN/common/kde-localised.css", "size_i": "1048", "regex": "false"},
	{"name_s": "/usr/share/doc/HTML/zh_CN/common/lgpl-translated.html", "size_i": "28166", "regex": "false"},
	{"name_s": "/usr/share/doc/HTML/zh_CN/gwenview", "size_i": "4096", "regex": "false"},
	{"name_s": "/usr/share/doc/HTML/zh_CN/gwenview/browse_mode.png", "size_i": "222919", "regex": "false"},
	{"name_s": "/usr/share/doc/HTML/zh_CN/gwenview/common", "size_i": "33", "regex": "false"},
	{"name_s": "/usr/share/doc/HTML/zh_CN/gwenview/fullscreen_mode.png", "size_i": "302808", "regex": "false"},
	{"name_s": "/usr/share/doc/HTML/zh_CN/gwenview/index.cache.bz2", "size_i": "5877", "regex": "false"},
	{"name_s": "/usr/share/doc/HTML/zh_CN/gwenview/index.docbook", "size_i": "1993", "regex": "false"},
	{"name_s": "/usr/share/doc/HTML/zh_CN/gwenview/interface.docbook", "size_i": "6630", "regex": "false"},
	{"name_s": "/usr/share/doc/HTML/zh_CN/gwenview/introduction.docbook", "size_i": "878", "regex": "false"},
	{"name_s": "/usr/share/doc/HTML/zh_CN/gwenview/keybindings.docbook", "size_i": "2652", "regex": "false"},
	{"name_s": "/usr/share/doc/HTML/zh_CN/gwenview/mouse.docbook", "size_i": "1416", "regex": "false"},
	{"name_s": "/usr/share/doc/HTML/zh_CN/gwenview/view_mode.png", "size_i": "224039", "regex": "false"},
	{"name_s": "/usr/share/kde4/apps/kvtml/zh_CN", "size_i": "4096", "regex": "false"},
	{"name_s": "/usr/share/kde4/apps/kvtml/zh_CN/TangPoem.kvtml", "size_i": "24824", "regex": "false"},
	{"name_s": "/usr/share/kde4/apps/kvtml/zh_CN/idiom0.kvtml", "size_i": "223445", "regex": "false"},
	{"name_s": "/usr/share/kde4/apps/kvtml/zh_CN/idiom1.kvtml", "size_i": "223683", "regex": "false"},
	{"name_s": "/usr/share/kde4/apps/kvtml/zh_CN/idiom10.kvtml", "size_i": "226622", "regex": "false"},
	{"name_s": "/usr/share/kde4/apps/kvtml/zh_CN/idiom11.kvtml", "size_i": "220223", "regex": "false"},
	{"name_s": "/usr/share/kde4/apps/kvtml/zh_CN/idiom12.kvtml", "size_i": "221796", "regex": "false"},
	{"name_s": "/usr/share/kde4/apps/kvtml/zh_CN/idiom2.kvtml", "size_i": "224540", "regex": "false"},
	{"name_s": "/usr/share/kde4/apps/kvtml/zh_CN/idiom3.kvtml", "size_i": "226333", "regex": "false"},
	{"name_s": "/usr/share/kde4/apps/kvtml/zh_CN/idiom4.kvtml", "size_i": "225385", "regex": "false"},
	{"name_s": "/usr/share/kde4/apps/kvtml/zh_CN/idiom5.kvtml", "size_i": "218377", "regex": "false"},
	{"name_s": "/usr/share/kde4/apps/kvtml/zh_CN/idiom6.kvtml", "size_i": "217096", "regex": "false"},
	{"name_s": "/usr/share/kde4/apps/kvtml/zh_CN/idiom7.kvtml", "size_i": "218164", "regex": "false"},
	{"name_s": "/usr/share/kde4/apps/kvtml/zh_CN/idiom8.kvtml", "size_i": "225355", "regex": "false"},
	{"name_s": "/usr/share/kde4/apps/kvtml/zh_CN/idiom9.kvtml", "size_i": "227251", "regex": "false"},
	{"name_s": "/usr/share/kde4/apps/step/objinfo/l10n/zh_CN", "size_i": "4096", "regex": "false"},
	{"name_s": "/usr/share/kde4/apps/step/objinfo/l10n/zh_CN/Box.html", "size_i": "1196", "regex": "false"},
	{"name_s": "/usr/share/kde4/apps/step/objinfo/l10n/zh_CN/ChargedParticle.html", "size_i": "760", "regex": "false"},
	{"name_s": "/usr/share/kde4/apps/step/objinfo/l10n/zh_CN/Disk.html", "size_i": "1187", "regex": "false"},
	{"name_s": "/usr/share/kde4/apps/step/objinfo/l10n/zh_CN/Gas.html", "size_i": "635", "regex": "false"},
	{"name_s": "/usr/share/kde4/apps/step/objinfo/l10n/zh_CN/GasParticle.html", "size_i": "747", "regex": "false"},
	{"name_s": "/usr/share/kde4/apps/step/objinfo/l10n/zh_CN/Meter.html", "size_i": "357", "regex": "false"},
	{"name_s": "/usr/share/kde4/apps/step/objinfo/l10n/zh_CN/Note.html", "size_i": "315", "regex": "false"},
	{"name_s": "/usr/share/kde4/apps/step/objinfo/l10n/zh_CN/Particle.html", "size_i": "661", "regex": "false"},
	{"name_s": "/usr/share/kde4/apps/step/objinfo/l10n/zh_CN/Polygon.html", "size_i": "1297", "regex": "false"},
	{"name_s": "/usr/share/kde4/apps/step/objinfo/l10n/zh_CN/Spring.html", "size_i": "598", "regex": "false"},
	{"name_s": "/usr/share/kde4/apps/step/objinfo/l10n/zh_CN/World.html", "size_i": "476", "regex": "false"},
	{"name_s": "/usr/share/locale/zh_CN/LC_MESSAGES/akonadi-kcal.mo", "size_i": "824", "regex": "false"},
	{"name_s": "/usr/share/locale/zh_CN/LC_MESSAGES/akonadi_birthdays_resource.mo", "size_i": "1191", "regex": "false"},
	{"name_s": "/usr/share/locale/zh_CN/LC_MESSAGES/akonadi_distlist_resource.mo", "size_i": "1316", "regex": "false"},
	{"name_s": "/usr/share/locale/zh_CN/LC_MESSAGES/akonadi_ical_resource.mo", "size_i": "1350", "regex": "false"},
	{"name_s": "/usr/share/locale/zh_CN/LC_MESSAGES/akonadi_imap_resource.mo", "size_i": "7544", "regex": "false"},
	{"name_s": "/usr/share/locale/zh_CN/LC_MESSAGES/akonadi_kabc_resource.mo", "size_i": "1755", "regex": "false"},
	{"name_s": "/usr/share/locale/zh_CN/LC_MESSAGES/akonadi_kcal_resource.mo", "size_i": "1460", "regex": "false"},
	{"name_s": "/usr/share/locale/zh_CN/LC_MESSAGES/akonadi_knut_resource.mo", "size_i": "963", "regex": "false"},
	{"name_s": "/usr/share/locale/zh_CN/LC_MESSAGES/akonadi_kolabproxy_resource.mo", "size_i": "616", "regex": "false"},
	{"name_s": "/usr/share/locale/zh_CN/LC_MESSAGES/akonadi_kresourceassistant.mo", "size_i": "3101", "regex": "false"},
	{"name_s": "/usr/share/locale/zh_CN/LC_MESSAGES/akonadi_localbookmarks_resource.mo", "size_i": "780", "regex": "false"},
	{"name_s": "/usr/share/locale/zh_CN/LC_MESSAGES/akonadi_maildir_resource.mo", "size_i": "1363", "regex": "false"},
	{"name_s": "/usr/share/locale/zh_CN/LC_MESSAGES/akonadi_microblog_resource.mo", "size_i": "3762", "regex": "false"},
	{"name_s": "/usr/share/locale/zh_CN/LC_MESSAGES/akonadi_nepomuktag_resource.mo", "size_i": "577", "regex": "false"},
	{"name_s": "/usr/share/locale/zh_CN/LC_MESSAGES/akonadi_next.mo", "size_i": "805", "regex": "false"},
	{"name_s": "/usr/share/locale/zh_CN/LC_MESSAGES/akonadi_nntp_resource.mo", "size_i": "2545", "regex": "false"},
	{"name_s": "/usr/share/locale/zh_CN/LC_MESSAGES/akonadi_openchange_resource.mo", "size_i": "1562", "regex": "false"},
	{"name_s": "/usr/share/locale/zh_CN/LC_MESSAGES/akonadi_singlefile_resource.mo", "size_i": "3691", "regex": "false"},
	{"name_s": "/usr/share/locale/zh_CN/LC_MESSAGES/akonadi_vcard_resource.mo", "size_i": "1033", "regex": "false"},
	{"name_s": "/usr/share/locale/zh_CN/LC_MESSAGES/akonadi_vcarddir_resource.mo", "size_i": "2205", "regex": "false"},
	{"name_s": "/usr/share/locale/zh_CN/LC_MESSAGES/akonaditray.mo", "size_i": "5392", "regex": "false"},
	{"name_s": "/usr/share/locale/zh_CN/LC_MESSAGES/akregator.mo", "size_i": "32786", "regex": "false"},
	{"name_s": "/usr/share/locale/zh_CN/LC_MESSAGES/amor.mo", "size_i": "5123", "regex": "false"},
	{"name_s": "/usr/share/locale/zh_CN/LC_MESSAGES/ark.mo", "size_i": "14949", "regex": "false"},
	{"name_s": "/usr/share/locale/zh_CN/LC_MESSAGES/audiocd_encoder_lame.mo", "size_i": "5603", "regex": "false"},
	{"name_s": "/usr/share/locale/zh_CN/LC_MESSAGES/audiocd_encoder_vorbis.mo", "size_i": "2877", "regex": "false"},
	{"name_s": "/usr/share/locale/zh_CN/LC_MESSAGES/audiorename_plugin.mo", "size_i": "1618", "regex": "false"},
	{"name_s": "/usr/share/locale/zh_CN/LC_MESSAGES/blinken.mo", "size_i": "3539", "regex": "false"},
	{"name_s": "/usr/share/locale/zh_CN/LC_MESSAGES/bomber.mo", "size_i": "2695", "regex": "false"},
	{"name_s": "/usr/share/locale/zh_CN/LC_MESSAGES/bovo.mo", "size_i": "2071", "regex": "false"},
	{"name_s": "/usr/share/locale/zh_CN/LC_MESSAGES/cervisia.mo", "size_i": "28983", "regex": "false"},
	{"name_s": "/usr/share/locale/zh_CN/LC_MESSAGES/cvsservice.mo", "size_i": "1659", "regex": "false"},
	{"name_s": "/usr/share/locale/zh_CN/LC_MESSAGES/display.mo", "size_i": "778", "regex": "false"},
	{"name_s": "/usr/share/locale/zh_CN/LC_MESSAGES/dolphin.mo", "size_i": "28174", "regex": "false"},
	{"name_s": "/usr/share/locale/zh_CN/LC_MESSAGES/dragonplayer.mo", "size_i": "6011", "regex": "false"},
	{"name_s": "/usr/share/locale/zh_CN/LC_MESSAGES/drkonqi.mo", "size_i": "38829", "regex": "false"},
	{"name_s": "/usr/share/locale/zh_CN/LC_MESSAGES/filetypes.mo", "size_i": "14318", "regex": "false"},
	{"name_s": "/usr/share/locale/zh_CN/LC_MESSAGES/gwenview.mo", "size_i": "17602", "regex": "false"},
	{"name_s": "/usr/share/locale/zh_CN/LC_MESSAGES/htmlsearch.mo", "size_i": "5488", "regex": "false"},
	{"name_s": "/usr/share/locale/zh_CN/LC_MESSAGES/imagerename_plugin.mo", "size_i": "976", "regex": "false"},
	{"name_s": "/usr/share/locale/zh_CN/LC_MESSAGES/irkick.mo", "size_i": "2922", "regex": "false"},
	{"name_s": "/usr/share/locale/zh_CN/LC_MESSAGES/joystick.mo", "size_i": "7802", "regex": "false"},
	{"name_s": "/usr/share/locale/zh_CN/LC_MESSAGES/juk.mo", "size_i": "25655", "regex": "false"},
	{"name_s": "/usr/share/locale/zh_CN/LC_MESSAGES/kabc.mo", "size_i": "8677", "regex": "false"},
	{"name_s": "/usr/share/locale/zh_CN/LC_MESSAGES/kabc_akonadi.mo", "size_i": "1886", "regex": "false"},
	{"name_s": "/usr/share/locale/zh_CN/LC_MESSAGES/kabc_dir.mo", "size_i": "849", "regex": "false"},
	{"name_s": "/usr/share/locale/zh_CN/LC_MESSAGES/kabc_file.mo", "size_i": "786", "regex": "false"},
	{"name_s": "/usr/share/locale/zh_CN/LC_MESSAGES/kabc_ldapkio.mo", "size_i": "2799", "regex": "false"},
	{"name_s": "/usr/share/locale/zh_CN/LC_MESSAGES/kabc_net.mo", "size_i": "1024", "regex": "false"},
	{"name_s": "/usr/share/locale/zh_CN/LC_MESSAGES/kabc_slox.mo", "size_i": "2316", "regex": "false"},
	{"name_s": "/usr/share/locale/zh_CN/LC_MESSAGES/kabcakonadi.mo", "size_i": "3284", "regex": "false"},
	{"name_s": "/usr/share/locale/zh_CN/LC_MESSAGES/kabcclient.mo", "size_i": "10330", "regex": "false"},
	{"name_s": "/usr/share/locale/zh_CN/LC_MESSAGES/kabcformat_binary.mo", "size_i": "649", "regex": "false"},
	{"name_s": "/usr/share/locale/zh_CN/LC_MESSAGES/kaccess.mo", "size_i": "9432", "regex": "false"},
	{"name_s": "/usr/share/locale/zh_CN/LC_MESSAGES/kaddressbook.mo", "size_i": "59487", "regex": "false"},
	{"name_s": "/usr/share/locale/zh_CN/LC_MESSAGES/kalarm.mo", "size_i": "113926", "regex": "false"},
	{"name_s": "/usr/share/locale/zh_CN/LC_MESSAGES/kalgebra.mo", "size_i": "13815", "regex": "false"},
	{"name_s": "/usr/share/locale/zh_CN/LC_MESSAGES/kalzium.mo", "size_i": "120112", "regex": "false"},
	{"name_s": "/usr/share/locale/zh_CN/LC_MESSAGES/kalzium_qt.mo", "size_i": "13760", "regex": "false"},
	{"name_s": "/usr/share/locale/zh_CN/LC_MESSAGES/kanagram.mo", "size_i": "6290", "regex": "false"},
	{"name_s": "/usr/share/locale/zh_CN/LC_MESSAGES/kapman.mo", "size_i": "2745", "regex": "false"},
	{"name_s": "/usr/share/locale/zh_CN/LC_MESSAGES/kappfinder.mo", "size_i": "2046", "regex": "false"},
	{"name_s": "/usr/share/locale/zh_CN/LC_MESSAGES/kapptemplate.mo", "size_i": "4360", "regex": "false"},
	{"name_s": "/usr/share/locale/zh_CN/LC_MESSAGES/kate-ctags-plugin.mo", "size_i": "4013", "regex": "false"},
	{"name_s": "/usr/share/locale/zh_CN/LC_MESSAGES/kate.mo", "size_i": "30326", "regex": "false"},
	{"name_s": "/usr/share/locale/zh_CN/LC_MESSAGES/kate_kttsd.mo", "size_i": "927", "regex": "false"},
	{"name_s": "/usr/share/locale/zh_CN/LC_MESSAGES/katebacktracebrowserplugin.mo", "size_i": "3870", "regex": "false"},
	{"name_s": "/usr/share/locale/zh_CN/LC_MESSAGES/katebuild-plugin.mo", "size_i": "2143", "regex": "false"},
	{"name_s": "/usr/share/locale/zh_CN/LC_MESSAGES/kateexternaltoolsplugin.mo", "size_i": "5448", "regex": "false"},
	{"name_s": "/usr/share/locale/zh_CN/LC_MESSAGES/katefilebrowserplugin.mo", "size_i": "5382", "regex": "false"},
	{"name_s": "/usr/share/locale/zh_CN/LC_MESSAGES/katefiletemplates.mo", "size_i": "7771", "regex": "false"},
	{"name_s": "/usr/share/locale/zh_CN/LC_MESSAGES/katefindinfilesplugin.mo", "size_i": "5452", "regex": "false"},
	{"name_s": "/usr/share/locale/zh_CN/LC_MESSAGES/katehelloworld.mo", "size_i": "768", "regex": "false"},
	{"name_s": "/usr/share/locale/zh_CN/LC_MESSAGES/katehtmltools.mo", "size_i": "980", "regex": "false"},
	{"name_s": "/usr/share/locale/zh_CN/LC_MESSAGES/kateinsertcommand.mo", "size_i": "4158", "regex": "false"},
	{"name_s": "/usr/share/locale/zh_CN/LC_MESSAGES/katekjswrapper.mo", "size_i": "1158", "regex": "false"},
	{"name_s": "/usr/share/locale/zh_CN/LC_MESSAGES/katekonsoleplugin.mo", "size_i": "1931", "regex": "false"},
	{"name_s": "/usr/share/locale/zh_CN/LC_MESSAGES/katemailfilesplugin.mo", "size_i": "2580", "regex": "false"},
	{"name_s": "/usr/share/locale/zh_CN/LC_MESSAGES/kateopenheader.mo", "size_i": "793", "regex": "false"},
	{"name_s": "/usr/share/locale/zh_CN/LC_MESSAGES/katepart4.mo", "size_i": "91815", "regex": "false"},
	{"name_s": "/usr/share/locale/zh_CN/LC_MESSAGES/katepybrowse.mo", "size_i": "857", "regex": "false"},
	{"name_s": "/usr/share/locale/zh_CN/LC_MESSAGES/katequickdocumentswitcherplugin.mo", "size_i": "903", "regex": "false"},
	{"name_s": "/usr/share/locale/zh_CN/LC_MESSAGES/katesnippets.mo", "size_i": "998", "regex": "false"},
	{"name_s": "/usr/share/locale/zh_CN/LC_MESSAGES/katesymbolviewer.mo", "size_i": "2607", "regex": "false"},
	{"name_s": "/usr/share/locale/zh_CN/LC_MESSAGES/katetabbarextension.mo", "size_i": "3192", "regex": "false"},
	{"name_s": "/usr/share/locale/zh_CN/LC_MESSAGES/katetextfilter.mo", "size_i": "1513", "regex": "false"},
	{"name_s": "/usr/share/locale/zh_CN/LC_MESSAGES/katexmlcheck.mo", "size_i": "1086", "regex": "false"},
	{"name_s": "/usr/share/locale/zh_CN/LC_MESSAGES/katexmltools.mo", "size_i": "2250", "regex": "false"},
	{"name_s": "/usr/share/locale/zh_CN/LC_MESSAGES/katomic.mo", "size_i": "7218", "regex": "false"},
	{"name_s": "/usr/share/locale/zh_CN/LC_MESSAGES/kbattleship.mo", "size_i": "6398", "regex": "false"},
	{"name_s": "/usr/share/locale/zh_CN/LC_MESSAGES/kblackbox.mo", "size_i": "18924", "regex": "false"},
	{"name_s": "/usr/share/locale/zh_CN/LC_MESSAGES/kblankscrn.mo", "size_i": "805", "regex": "false"},
	{"name_s": "/usr/share/locale/zh_CN/LC_MESSAGES/kblocks.mo", "size_i": "2140", "regex": "false"},
	{"name_s": "/usr/share/locale/zh_CN/LC_MESSAGES/kbounce.mo", "size_i": "2751", "regex": "false"},
	{"name_s": "/usr/share/locale/zh_CN/LC_MESSAGES/kbreakout.mo", "size_i": "2909", "regex": "false"},
	{"name_s": "/usr/share/locale/zh_CN/LC_MESSAGES/kbruch.mo", "size_i": "19156", "regex": "false"},
	{"name_s": "/usr/share/locale/zh_CN/LC_MESSAGES/kbugbuster.mo", "size_i": "13918", "regex": "false"},
	{"name_s": "/usr/share/locale/zh_CN/LC_MESSAGES/kcachegrind.mo", "size_i": "18608", "regex": "false"},
	{"name_s": "/usr/share/locale/zh_CN/LC_MESSAGES/kcachegrind_qt.mo", "size_i": "22626", "regex": "false"},
	{"name_s": "/usr/share/locale/zh_CN/LC_MESSAGES/kcal_akonadi.mo", "size_i": "2158", "regex": "false"},
	{"name_s": "/usr/share/locale/zh_CN/LC_MESSAGES/kcalc.mo", "size_i": "15525", "regex": "false"},
	{"name_s": "/usr/share/locale/zh_CN/LC_MESSAGES/kcertpart.mo", "size_i": "602", "regex": "false"},
	{"name_s": "/usr/share/locale/zh_CN/LC_MESSAGES/kcharselect.mo", "size_i": "2119", "regex": "false"},
	{"name_s": "/usr/share/locale/zh_CN/LC_MESSAGES/kcm_akonadi.mo", "size_i": "3447", "regex": "false"},
	{"name_s": "/usr/share/locale/zh_CN/LC_MESSAGES/kcm_autostart.mo", "size_i": "2240", "regex": "false"},
	{"name_s": "/usr/share/locale/zh_CN/LC_MESSAGES/kcm_desktopthemedetails.mo", "size_i": "3656", "regex": "false"},
	{"name_s": "/usr/share/locale/zh_CN/LC_MESSAGES/kcm_emoticons.mo", "size_i": "4092", "regex": "false"},
	{"name_s": "/usr/share/locale/zh_CN/LC_MESSAGES/kcm_krfb.mo", "size_i": "5380", "regex": "false"},
	{"name_s": "/usr/share/locale/zh_CN/LC_MESSAGES/kcm_kwindesktop.mo", "size_i": "1408", "regex": "false"},
	{"name_s": "/usr/share/locale/zh_CN/LC_MESSAGES/kcm_lirc.mo", "size_i": "10974", "regex": "false"},
	{"name_s": "/usr/share/locale/zh_CN/LC_MESSAGES/kcm_memory.mo", "size_i": "3903", "regex": "false"},
	{"name_s": "/usr/share/locale/zh_CN/LC_MESSAGES/kcm_partition.mo", "size_i": "2139", "regex": "false"},
	{"name_s": "/usr/share/locale/zh_CN/LC_MESSAGES/kcm_pci.mo", "size_i": "21294", "regex": "false"},
	{"name_s": "/usr/share/locale/zh_CN/LC_MESSAGES/kcm_phonon.mo", "size_i": "3299", "regex": "false"},
	{"name_s": "/usr/share/locale/zh_CN/LC_MESSAGES/kcm_phononxine.mo", "size_i": "735", "regex": "false"},
	{"name_s": "/usr/share/locale/zh_CN/LC_MESSAGES/kcm_platform.mo", "size_i": "2234", "regex": "false"},
	{"name_s": "/usr/share/locale/zh_CN/LC_MESSAGES/kcm_solid.mo", "size_i": "943", "regex": "false"},
	{"name_s": "/usr/share/locale/zh_CN/LC_MESSAGES/kcm_solid_actions.mo", "size_i": "4689", "regex": "false"},
	{"name_s": "/usr/share/locale/zh_CN/LC_MESSAGES/kcm_standard_actions.mo", "size_i": "939", "regex": "false"},
	{"name_s": "/usr/share/locale/zh_CN/LC_MESSAGES/kcmaccess.mo", "size_i": "8485", "regex": "false"},
	{"name_s": "/usr/share/locale/zh_CN/LC_MESSAGES/kcmaudiocd.mo", "size_i": "4841", "regex": "false"},
	{"name_s": "/usr/share/locale/zh_CN/LC_MESSAGES/kcmbackground.mo", "size_i": "16961", "regex": "false"},
	{"name_s": "/usr/share/locale/zh_CN/LC_MESSAGES/kcmbell.mo", "size_i": "3488", "regex": "false"},
	{"name_s": "/usr/share/locale/zh_CN/LC_MESSAGES/kcmcddb.mo", "size_i": "2743", "regex": "false"},
	{"name_s": "/usr/share/locale/zh_CN/LC_MESSAGES/kcmcgi.mo", "size_i": "1382", "regex": "false"},
	{"name_s": "/usr/share/locale/zh_CN/LC_MESSAGES/kcmcolors.mo", "size_i": "7180", "regex": "false"},
	{"name_s": "/usr/share/locale/zh_CN/LC_MESSAGES/kcmcomponentchooser.mo", "size_i": "9598", "regex": "false"},
	{"name_s": "/usr/share/locale/zh_CN/LC_MESSAGES/kcmcrypto.mo", "size_i": "16074", "regex": "false"},
	{"name_s": "/usr/share/locale/zh_CN/LC_MESSAGES/kcmenergy.mo", "size_i": "3243", "regex": "false"},
	{"name_s": "/usr/share/locale/zh_CN/LC_MESSAGES/kcmfonts.mo", "size_i": "5904", "regex": "false"},
	{"name_s": "/usr/share/locale/zh_CN/LC_MESSAGES/kcmhtmlsearch.mo", "size_i": "3858", "regex": "false"},
	{"name_s": "/usr/share/locale/zh_CN/LC_MESSAGES/kcmicons.mo", "size_i": "6481", "regex": "false"},
	{"name_s": "/usr/share/locale/zh_CN/LC_MESSAGES/kcminfo.mo", "size_i": "1760", "regex": "false"},
	{"name_s": "/usr/share/locale/zh_CN/LC_MESSAGES/kcminit.mo", "size_i": "969", "regex": "false"},
	{"name_s": "/usr/share/locale/zh_CN/LC_MESSAGES/kcminput.mo", "size_i": "14007", "regex": "false"},
	{"name_s": "/usr/share/locale/zh_CN/LC_MESSAGES/kcmioslaveinfo.mo", "size_i": "1386", "regex": "false"},
	{"name_s": "/usr/share/locale/zh_CN/LC_MESSAGES/kcmkabconfig.mo", "size_i": "3553", "regex": "false"},
	{"name_s": "/usr/share/locale/zh_CN/LC_MESSAGES/kcmkamera.mo", "size_i": "5316", "regex": "false"},
	{"name_s": "/usr/share/locale/zh_CN/LC_MESSAGES/kcmkclock.mo", "size_i": "3366", "regex": "false"},
	{"name_s": "/usr/share/locale/zh_CN/LC_MESSAGES/kcmkded.mo", "size_i": "3527", "regex": "false"},
	{"name_s": "/usr/share/locale/zh_CN/LC_MESSAGES/kcmkdnssd.mo", "size_i": "1085", "regex": "false"},
	{"name_s": "/usr/share/locale/zh_CN/LC_MESSAGES/kcmkeyboard.mo", "size_i": "3179", "regex": "false"},
	{"name_s": "/usr/share/locale/zh_CN/LC_MESSAGES/kcmkeys.mo", "size_i": "2977", "regex": "false"},
	{"name_s": "/usr/share/locale/zh_CN/LC_MESSAGES/kcmkgamma.mo", "size_i": "2331", "regex": "false"},
	{"name_s": "/usr/share/locale/zh_CN/LC_MESSAGES/kcmkio.mo", "size_i": "51554", "regex": "false"},
	{"name_s": "/usr/share/locale/zh_CN/LC_MESSAGES/kcmkonq.mo", "size_i": "4855", "regex": "false"},
	{"name_s": "/usr/share/locale/zh_CN/LC_MESSAGES/kcmkonqhtml.mo", "size_i": "49637", "regex": "false"},
	{"name_s": "/usr/share/locale/zh_CN/LC_MESSAGES/kcmkurifilt.mo", "size_i": "1879", "regex": "false"},
	{"name_s": "/usr/share/locale/zh_CN/LC_MESSAGES/kcmkwallet.mo", "size_i": "4160", "regex": "false"},
	{"name_s": "/usr/share/locale/zh_CN/LC_MESSAGES/kcmkwincompositing.mo", "size_i": "5803", "regex": "false"},
	{"name_s": "/usr/share/locale/zh_CN/LC_MESSAGES/kcmkwindecoration.mo", "size_i": "4965", "regex": "false"},
	{"name_s": "/usr/share/locale/zh_CN/LC_MESSAGES/kcmkwinrules.mo", "size_i": "13960", "regex": "false"},
	{"name_s": "/usr/share/locale/zh_CN/LC_MESSAGES/kcmkwinscreenedges.mo", "size_i": "1999", "regex": "false"},
	{"name_s": "/usr/share/locale/zh_CN/LC_MESSAGES/kcmkwm.mo", "size_i": "25922", "regex": "false"},
	{"name_s": "/usr/share/locale/zh_CN/LC_MESSAGES/kcmlaunch.mo", "size_i": "2623", "regex": "false"},
	{"name_s": "/usr/share/locale/zh_CN/LC_MESSAGES/kcmlocale.mo", "size_i": "18549", "regex": "false"},
	{"name_s": "/usr/share/locale/zh_CN/LC_MESSAGES/kcmnic.mo", "size_i": "1897", "regex": "false"},
	{"name_s": "/usr/share/locale/zh_CN/LC_MESSAGES/kcmnotify.mo", "size_i": "2322", "regex": "false"},
	{"name_s": "/usr/share/locale/zh_CN/LC_MESSAGES/kcmopengl.mo", "size_i": "4392", "regex": "false"},
	{"name_s": "/usr/share/locale/zh_CN/LC_MESSAGES/kcmperformance.mo", "size_i": "7328", "regex": "false"},
	{"name_s": "/usr/share/locale/zh_CN/LC_MESSAGES/kcmsamba.mo", "size_i": "8161", "regex": "false"},
	{"name_s": "/usr/share/locale/zh_CN/LC_MESSAGES/kcmscreensaver.mo", "size_i": "6670", "regex": "false"},
	{"name_s": "/usr/share/locale/zh_CN/LC_MESSAGES/kcmshell.mo", "size_i": "1720", "regex": "false"},
	{"name_s": "/usr/share/locale/zh_CN/LC_MESSAGES/kcmsmartcard.mo", "size_i": "4011", "regex": "false"},
	{"name_s": "/usr/share/locale/zh_CN/LC_MESSAGES/kcmsmserver.mo", "size_i": "3586", "regex": "false"},
	{"name_s": "/usr/share/locale/zh_CN/LC_MESSAGES/kcmsolidproc.mo", "size_i": "970", "regex": "false"},
	{"name_s": "/usr/share/locale/zh_CN/LC_MESSAGES/kcmstyle.mo", "size_i": "5001", "regex": "false"},
	{"name_s": "/usr/share/locale/zh_CN/LC_MESSAGES/kcmusb.mo", "size_i": "5638", "regex": "false"},
	{"name_s": "/usr/share/locale/zh_CN/LC_MESSAGES/kcmview1394.mo", "size_i": "2547", "regex": "false"},
	{"name_s": "/usr/share/locale/zh_CN/LC_MESSAGES/kcmxinerama.mo", "size_i": "2610", "regex": "false"},
	{"name_s": "/usr/share/locale/zh_CN/LC_MESSAGES/kcolorchooser.mo", "size_i": "901", "regex": "false"},
	{"name_s": "/usr/share/locale/zh_CN/LC_MESSAGES/kcron.mo", "size_i": "11888", "regex": "false"},
	{"name_s": "/usr/share/locale/zh_CN/LC_MESSAGES/kdat.mo", "size_i": "23326", "regex": "false"},
	{"name_s": "/usr/share/locale/zh_CN/LC_MESSAGES/kde-menu.mo", "size_i": "2547", "regex": "false"},
	{"name_s": "/usr/share/locale/zh_CN/LC_MESSAGES/kdeasciiquarium.mo", "size_i": "1303", "regex": "false"},
	{"name_s": "/usr/share/locale/zh_CN/LC_MESSAGES/kdebugdialog.mo", "size_i": "1898", "regex": "false"},
	{"name_s": "/usr/share/locale/zh_CN/LC_MESSAGES/kdelibs4.mo", "size_i": "199863", "regex": "false"},
	{"name_s": "/usr/share/locale/zh_CN/LC_MESSAGES/kdelibs_colors4.mo", "size_i": "22802", "regex": "false"},
	{"name_s": "/usr/share/locale/zh_CN/LC_MESSAGES/kdelirc.mo", "size_i": "1130", "regex": "false"},
	{"name_s": "/usr/share/locale/zh_CN/LC_MESSAGES/kdepasswd.mo", "size_i": "2793", "regex": "false"},
	{"name_s": "/usr/share/locale/zh_CN/LC_MESSAGES/kdepimresources.mo", "size_i": "3204", "regex": "false"},
	{"name_s": "/usr/share/locale/zh_CN/LC_MESSAGES/kdepimwizards.mo", "size_i": "9283", "regex": "false"},
	{"name_s": "/usr/share/locale/zh_CN/LC_MESSAGES/kdeqt.mo", "size_i": "50510", "regex": "false"},
	{"name_s": "/usr/share/locale/zh_CN/LC_MESSAGES/kdessh.mo", "size_i": "2299", "regex": "false"},
	{"name_s": "/usr/share/locale/zh_CN/LC_MESSAGES/kdesu.mo", "size_i": "4471", "regex": "false"},
	{"name_s": "/usr/share/locale/zh_CN/LC_MESSAGES/kdesud.mo", "size_i": "929", "regex": "false"},
	{"name_s": "/usr/share/locale/zh_CN/LC_MESSAGES/kdf.mo", "size_i": "5149", "regex": "false"},
	{"name_s": "/usr/share/locale/zh_CN/LC_MESSAGES/kdgantt.mo", "size_i": "895", "regex": "false"},
	{"name_s": "/usr/share/locale/zh_CN/LC_MESSAGES/kdgantt1.mo", "size_i": "2870", "regex": "false"},
	{"name_s": "/usr/share/locale/zh_CN/LC_MESSAGES/kdialog.mo", "size_i": "4586", "regex": "false"},
	{"name_s": "/usr/share/locale/zh_CN/LC_MESSAGES/kdiamond.mo", "size_i": "4116", "regex": "false"},
	{"name_s": "/usr/share/locale/zh_CN/LC_MESSAGES/kdmconfig.mo", "size_i": "23973", "regex": "false"},
	{"name_s": "/usr/share/locale/zh_CN/LC_MESSAGES/kdmgreet.mo", "size_i": "9618", "regex": "false"},
	{"name_s": "/usr/share/locale/zh_CN/LC_MESSAGES/keditbookmarks.mo", "size_i": "9581", "regex": "false"},
	{"name_s": "/usr/share/locale/zh_CN/LC_MESSAGES/kfile.mo", "size_i": "2382", "regex": "false"},
	{"name_s": "/usr/share/locale/zh_CN/LC_MESSAGES/kfile_avi.mo", "size_i": "816", "regex": "false"},
	{"name_s": "/usr/share/locale/zh_CN/LC_MESSAGES/kfile_dds.mo", "size_i": "939", "regex": "false"},
	{"name_s": "/usr/share/locale/zh_CN/LC_MESSAGES/kfile_drgeo.mo", "size_i": "742", "regex": "false"},
	{"name_s": "/usr/share/locale/zh_CN/LC_MESSAGES/kfile_dvi.mo", "size_i": "651", "regex": "false"},
	{"name_s": "/usr/share/locale/zh_CN/LC_MESSAGES/kfile_exr.mo", "size_i": "2816", "regex": "false"},
	{"name_s": "/usr/share/locale/zh_CN/LC_MESSAGES/kfile_flac.mo", "size_i": "1230", "regex": "false"},
	{"name_s": "/usr/share/locale/zh_CN/LC_MESSAGES/kfile_kig.mo", "size_i": "910", "regex": "false"},
	{"name_s": "/usr/share/locale/zh_CN/LC_MESSAGES/kfile_mp3.mo", "size_i": "1238", "regex": "false"},
	{"name_s": "/usr/share/locale/zh_CN/LC_MESSAGES/kfile_mpc.mo", "size_i": "1198", "regex": "false"},
	{"name_s": "/usr/share/locale/zh_CN/LC_MESSAGES/kfile_ogg.mo", "size_i": "1406", "regex": "false"},
	{"name_s": "/usr/share/locale/zh_CN/LC_MESSAGES/kfile_pnm.mo", "size_i": "683", "regex": "false"},
	{"name_s": "/usr/share/locale/zh_CN/LC_MESSAGES/kfile_raw.mo", "size_i": "605", "regex": "false"},
	{"name_s": "/usr/share/locale/zh_CN/LC_MESSAGES/kfile_rgb.mo", "size_i": "1136", "regex": "false"},
	{"name_s": "/usr/share/locale/zh_CN/LC_MESSAGES/kfile_rpm.mo", "size_i": "902", "regex": "false"},
	{"name_s": "/usr/share/locale/zh_CN/LC_MESSAGES/kfile_sid.mo", "size_i": "805", "regex": "false"},
	{"name_s": "/usr/share/locale/zh_CN/LC_MESSAGES/kfile_theora.mo", "size_i": "835", "regex": "false"},
	{"name_s": "/usr/share/locale/zh_CN/LC_MESSAGES/kfile_tiff.mo", "size_i": "2545", "regex": "false"},
	{"name_s": "/usr/share/locale/zh_CN/LC_MESSAGES/kfile_wav.mo", "size_i": "747", "regex": "false"},
	{"name_s": "/usr/share/locale/zh_CN/LC_MESSAGES/kfile_xps.mo", "size_i": "924", "regex": "false"},
	{"name_s": "/usr/share/locale/zh_CN/LC_MESSAGES/kfileaudiopreview4.mo", "size_i": "763", "regex": "false"},
	{"name_s": "/usr/share/locale/zh_CN/LC_MESSAGES/kfileshare.mo", "size_i": "63740", "regex": "false"},
	{"name_s": "/usr/share/locale/zh_CN/LC_MESSAGES/kfindpart.mo", "size_i": "10255", "regex": "false"},
	{"name_s": "/usr/share/locale/zh_CN/LC_MESSAGES/kfloppy.mo", "size_i": "10959", "regex": "false"},
	{"name_s": "/usr/share/locale/zh_CN/LC_MESSAGES/kfmclient.mo", "size_i": "3166", "regex": "false"},
	{"name_s": "/usr/share/locale/zh_CN/LC_MESSAGES/kfontinst.mo", "size_i": "40021", "regex": "false"},
	{"name_s": "/usr/share/locale/zh_CN/LC_MESSAGES/kfourinline.mo", "size_i": "5863", "regex": "false"},
	{"name_s": "/usr/share/locale/zh_CN/LC_MESSAGES/kgeography.mo", "size_i": "191388", "regex": "false"},
	{"name_s": "/usr/share/locale/zh_CN/LC_MESSAGES/kget.mo", "size_i": "42768", "regex": "false"},
	{"name_s": "/usr/share/locale/zh_CN/LC_MESSAGES/kgoldrunner.mo", "size_i": "71254", "regex": "false"},
	{"name_s": "/usr/share/locale/zh_CN/LC_MESSAGES/kgpg.mo", "size_i": "71943", "regex": "false"},
	{"name_s": "/usr/share/locale/zh_CN/LC_MESSAGES/kgreet_classic.mo", "size_i": "955", "regex": "false"},
	{"name_s": "/usr/share/locale/zh_CN/LC_MESSAGES/kgreet_generic.mo", "size_i": "540", "regex": "false"},
	{"name_s": "/usr/share/locale/zh_CN/LC_MESSAGES/kgreet_winbind.mo", "size_i": "1008", "regex": "false"},
	{"name_s": "/usr/share/locale/zh_CN/LC_MESSAGES/khangman.mo", "size_i": "12833", "regex": "false"},
	{"name_s": "/usr/share/locale/zh_CN/LC_MESSAGES/khelpcenter.mo", "size_i": "10091", "regex": "false"},
	{"name_s": "/usr/share/locale/zh_CN/LC_MESSAGES/khotkeys.mo", "size_i": "6818", "regex": "false"},
	{"name_s": "/usr/share/locale/zh_CN/LC_MESSAGES/khotnewstuff.mo", "size_i": "707", "regex": "false"},
	{"name_s": "/usr/share/locale/zh_CN/LC_MESSAGES/khtmlkttsd.mo", "size_i": "768", "regex": "false"},
	{"name_s": "/usr/share/locale/zh_CN/LC_MESSAGES/kiconfinder.mo", "size_i": "646", "regex": "false"},
	{"name_s": "/usr/share/locale/zh_CN/LC_MESSAGES/kig.mo", "size_i": "99692", "regex": "false"},
	{"name_s": "/usr/share/locale/zh_CN/LC_MESSAGES/killbots.mo", "size_i": "12064", "regex": "false"},
	{"name_s": "/usr/share/locale/zh_CN/LC_MESSAGES/kinetd.mo", "size_i": "570", "regex": "false"},
	{"name_s": "/usr/share/locale/zh_CN/LC_MESSAGES/kinfocenter.mo", "size_i": "13465", "regex": "false"},
	{"name_s": "/usr/share/locale/zh_CN/LC_MESSAGES/kio4.mo", "size_i": "123499", "regex": "false"},
	{"name_s": "/usr/share/locale/zh_CN/LC_MESSAGES/kio_akonadi.mo", "size_i": "658", "regex": "false"},
	{"name_s": "/usr/share/locale/zh_CN/LC_MESSAGES/kio_applications.mo", "size_i": "621", "regex": "false"},
	{"name_s": "/usr/share/locale/zh_CN/LC_MESSAGES/kio_archive.mo", "size_i": "771", "regex": "false"},
	{"name_s": "/usr/share/locale/zh_CN/LC_MESSAGES/kio_audiocd.mo", "size_i": "2860", "regex": "false"},
	{"name_s": "/usr/share/locale/zh_CN/LC_MESSAGES/kio_bookmarks.mo", "size_i": "1198", "regex": "false"},
	{"name_s": "/usr/share/locale/zh_CN/LC_MESSAGES/kio_finger.mo", "size_i": "972", "regex": "false"},
	{"name_s": "/usr/share/locale/zh_CN/LC_MESSAGES/kio_fish.mo", "size_i": "862", "regex": "false"},
	{"name_s": "/usr/share/locale/zh_CN/LC_MESSAGES/kio_floppy.mo", "size_i": "2484", "regex": "false"},
	{"name_s": "/usr/share/locale/zh_CN/LC_MESSAGES/kio_groupwise.mo", "size_i": "1393", "regex": "false"},
	{"name_s": "/usr/share/locale/zh_CN/LC_MESSAGES/kio_help4.mo", "size_i": "2564", "regex": "false"},
	{"name_s": "/usr/share/locale/zh_CN/LC_MESSAGES/kio_imap4.mo", "size_i": "4181", "regex": "false"},
	{"name_s": "/usr/share/locale/zh_CN/LC_MESSAGES/kio_info.mo", "size_i": "671", "regex": "false"},
	{"name_s": "/usr/share/locale/zh_CN/LC_MESSAGES/kio_jabberdisco.mo", "size_i": "800", "regex": "false"},
	{"name_s": "/usr/share/locale/zh_CN/LC_MESSAGES/kio_ldap.mo", "size_i": "1050", "regex": "false"},
	{"name_s": "/usr/share/locale/zh_CN/LC_MESSAGES/kio_man.mo", "size_i": "3174", "regex": "false"},
	{"name_s": "/usr/share/locale/zh_CN/LC_MESSAGES/kio_mbox.mo", "size_i": "479", "regex": "false"},
	{"name_s": "/usr/share/locale/zh_CN/LC_MESSAGES/kio_nepomuksearch.mo", "size_i": "707", "regex": "false"},
	{"name_s": "/usr/share/locale/zh_CN/LC_MESSAGES/kio_nfs.mo", "size_i": "796", "regex": "false"},
	{"name_s": "/usr/share/locale/zh_CN/LC_MESSAGES/kio_nntp.mo", "size_i": "1727", "regex": "false"},
	{"name_s": "/usr/share/locale/zh_CN/LC_MESSAGES/kio_perldoc.mo", "size_i": "2698", "regex": "false"},
	{"name_s": "/usr/share/locale/zh_CN/LC_MESSAGES/kio_pop3.mo", "size_i": "3154", "regex": "false"},
	{"name_s": "/usr/share/locale/zh_CN/LC_MESSAGES/kio_remote.mo", "size_i": "489", "regex": "false"},
	{"name_s": "/usr/share/locale/zh_CN/LC_MESSAGES/kio_sftp.mo", "size_i": "6014", "regex": "false"},
	{"name_s": "/usr/share/locale/zh_CN/LC_MESSAGES/kio_sieve.mo", "size_i": "4734", "regex": "false"},
	{"name_s": "/usr/share/locale/zh_CN/LC_MESSAGES/kio_smb.mo", "size_i": "3511", "regex": "false"},
	{"name_s": "/usr/share/locale/zh_CN/LC_MESSAGES/kio_smtp.mo", "size_i": "4077", "regex": "false"},
	{"name_s": "/usr/share/locale/zh_CN/LC_MESSAGES/kio_svn.mo", "size_i": "4672", "regex": "false"},
	{"name_s": "/usr/share/locale/zh_CN/LC_MESSAGES/kio_thumbnail.mo", "size_i": "1487", "regex": "false"},
	{"name_s": "/usr/share/locale/zh_CN/LC_MESSAGES/kio_trash.mo", "size_i": "4558", "regex": "false"},
	{"name_s": "/usr/share/locale/zh_CN/LC_MESSAGES/kio_zeroconf.mo", "size_i": "927", "regex": "false"},
	{"name_s": "/usr/share/locale/zh_CN/LC_MESSAGES/kioclient.mo", "size_i": "5371", "regex": "false"},
	{"name_s": "/usr/share/locale/zh_CN/LC_MESSAGES/kioexec.mo", "size_i": "2290", "regex": "false"},
	{"name_s": "/usr/share/locale/zh_CN/LC_MESSAGES/kiriki.mo", "size_i": "2486", "regex": "false"},
	{"name_s": "/usr/share/locale/zh_CN/LC_MESSAGES/kitchensync.mo", "size_i": "8000", "regex": "false"},
	{"name_s": "/usr/share/locale/zh_CN/LC_MESSAGES/kiten.mo", "size_i": "9730", "regex": "false"},
	{"name_s": "/usr/share/locale/zh_CN/LC_MESSAGES/kjots.mo", "size_i": "8350", "regex": "false"},
	{"name_s": "/usr/share/locale/zh_CN/LC_MESSAGES/kjumpingcube.mo", "size_i": "3684", "regex": "false"},
	{"name_s": "/usr/share/locale/zh_CN/LC_MESSAGES/kleopatra.mo", "size_i": "87477", "regex": "false"},
	{"name_s": "/usr/share/locale/zh_CN/LC_MESSAGES/klettres.mo", "size_i": "10935", "regex": "false"},
	{"name_s": "/usr/share/locale/zh_CN/LC_MESSAGES/klines.mo", "size_i": "2376", "regex": "false"},
	{"name_s": "/usr/share/locale/zh_CN/LC_MESSAGES/klipper.mo", "size_i": "9684", "regex": "false"},
	{"name_s": "/usr/share/locale/zh_CN/LC_MESSAGES/klock.mo", "size_i": "20683", "regex": "false"},
	{"name_s": "/usr/share/locale/zh_CN/LC_MESSAGES/kmag.mo", "size_i": "7764", "regex": "false"},
	{"name_s": "/usr/share/locale/zh_CN/LC_MESSAGES/kmahjongg.mo", "size_i": "6680", "regex": "false"},
	{"name_s": "/usr/share/locale/zh_CN/LC_MESSAGES/kmail.mo", "size_i": "343663", "regex": "false"},
	{"name_s": "/usr/share/locale/zh_CN/LC_MESSAGES/kmail_text_calendar_plugin.mo", "size_i": "1998", "regex": "false"},
	{"name_s": "/usr/share/locale/zh_CN/LC_MESSAGES/kmail_text_vcard_plugin.mo", "size_i": "765", "regex": "false"},
	{"name_s": "/usr/share/locale/zh_CN/LC_MESSAGES/kmail_text_xdiff_plugin.mo", "size_i": "512", "regex": "false"},
	{"name_s": "/usr/share/locale/zh_CN/LC_MESSAGES/kmailcvt.mo", "size_i": "17514", "regex": "false"},
	{"name_s": "/usr/share/locale/zh_CN/LC_MESSAGES/kmenuedit.mo", "size_i": "4779", "regex": "false"},
	{"name_s": "/usr/share/locale/zh_CN/LC_MESSAGES/kmimetypefinder.mo", "size_i": "1030", "regex": "false"},
	{"name_s": "/usr/share/locale/zh_CN/LC_MESSAGES/kmines.mo", "size_i": "2878", "regex": "false"},
	{"name_s": "/usr/share/locale/zh_CN/LC_MESSAGES/kmix.mo", "size_i": "10976", "regex": "false"},
	{"name_s": "/usr/share/locale/zh_CN/LC_MESSAGES/kmousetool.mo", "size_i": "3354", "regex": "false"},
	{"name_s": "/usr/share/locale/zh_CN/LC_MESSAGES/kmouth.mo", "size_i": "24328", "regex": "false"},
	{"name_s": "/usr/share/locale/zh_CN/LC_MESSAGES/kmplot.mo", "size_i": "37921", "regex": "false"},
	{"name_s": "/usr/share/locale/zh_CN/LC_MESSAGES/knetattach.mo", "size_i": "3787", "regex": "false"},
	{"name_s": "/usr/share/locale/zh_CN/LC_MESSAGES/knetwalk.mo", "size_i": "3948", "regex": "false"},
	{"name_s": "/usr/share/locale/zh_CN/LC_MESSAGES/knetworkconfmodule.mo", "size_i": "17120", "regex": "false"},
	{"name_s": "/usr/share/locale/zh_CN/LC_MESSAGES/knode.mo", "size_i": "63180", "regex": "false"},
	{"name_s": "/usr/share/locale/zh_CN/LC_MESSAGES/knotes.mo", "size_i": "7324", "regex": "false"},
	{"name_s": "/usr/share/locale/zh_CN/LC_MESSAGES/knotificationitem-1.mo", "size_i": "924", "regex": "false"},
	{"name_s": "/usr/share/locale/zh_CN/LC_MESSAGES/knotify4.mo", "size_i": "1362", "regex": "false"},
	{"name_s": "/usr/share/locale/zh_CN/LC_MESSAGES/kolf.mo", "size_i": "8647", "regex": "false"},
	{"name_s": "/usr/share/locale/zh_CN/LC_MESSAGES/kollision.mo", "size_i": "2115", "regex": "false"},
	{"name_s": "/usr/share/locale/zh_CN/LC_MESSAGES/kolourpaint.mo", "size_i": "52819", "regex": "false"},
	{"name_s": "/usr/share/locale/zh_CN/LC_MESSAGES/kompare.mo", "size_i": "22496", "regex": "false"},
	{"name_s": "/usr/share/locale/zh_CN/LC_MESSAGES/konqueror.mo", "size_i": "48140", "regex": "false"},
	{"name_s": "/usr/share/locale/zh_CN/LC_MESSAGES/konquest.mo", "size_i": "5154", "regex": "false"},
	{"name_s": "/usr/share/locale/zh_CN/LC_MESSAGES/konsole.mo", "size_i": "25474", "regex": "false"},
	{"name_s": "/usr/share/locale/zh_CN/LC_MESSAGES/konsolekalendar.mo", "size_i": "10001", "regex": "false"},
	{"name_s": "/usr/share/locale/zh_CN/LC_MESSAGES/kontact.mo", "size_i": "19595", "regex": "false"},
	{"name_s": "/usr/share/locale/zh_CN/LC_MESSAGES/kontactinterfaces.mo", "size_i": "602", "regex": "false"},
	{"name_s": "/usr/share/locale/zh_CN/LC_MESSAGES/kopete.mo", "size_i": "320783", "regex": "false"},
	{"name_s": "/usr/share/locale/zh_CN/LC_MESSAGES/korganizer.mo", "size_i": "172161", "regex": "false"},
	{"name_s": "/usr/share/locale/zh_CN/LC_MESSAGES/kpackage.mo", "size_i": "9139", "regex": "false"},
	{"name_s": "/usr/share/locale/zh_CN/LC_MESSAGES/kpartloader.mo", "size_i": "872", "regex": "false"},
	{"name_s": "/usr/share/locale/zh_CN/LC_MESSAGES/kpartsaver.mo", "size_i": "1602", "regex": "false"},
	{"name_s": "/usr/share/locale/zh_CN/LC_MESSAGES/kpasswdserver.mo", "size_i": "661", "regex": "false"},
	{"name_s": "/usr/share/locale/zh_CN/LC_MESSAGES/kpat.mo", "size_i": "6986", "regex": "false"},
	{"name_s": "/usr/share/locale/zh_CN/LC_MESSAGES/kpilot.mo", "size_i": "68772", "regex": "false"},
	{"name_s": "/usr/share/locale/zh_CN/LC_MESSAGES/kppp.mo", "size_i": "54111", "regex": "false"},
	{"name_s": "/usr/share/locale/zh_CN/LC_MESSAGES/kppplogview.mo", "size_i": "4240", "regex": "false"},
	{"name_s": "/usr/share/locale/zh_CN/LC_MESSAGES/kquitapp.mo", "size_i": "1563", "regex": "false"},
	{"name_s": "/usr/share/locale/zh_CN/LC_MESSAGES/krandr.mo", "size_i": "7603", "regex": "false"},
	{"name_s": "/usr/share/locale/zh_CN/LC_MESSAGES/krdb.mo", "size_i": "873", "regex": "false"},
	{"name_s": "/usr/share/locale/zh_CN/LC_MESSAGES/krdc.mo", "size_i": "19524", "regex": "false"},
	{"name_s": "/usr/share/locale/zh_CN/LC_MESSAGES/kreadconfig.mo", "size_i": "1083", "regex": "false"},
	{"name_s": "/usr/share/locale/zh_CN/LC_MESSAGES/kres-migrator.mo", "size_i": "3949", "regex": "false"},
	{"name_s": "/usr/share/locale/zh_CN/LC_MESSAGES/kres_birthday.mo", "size_i": "942", "regex": "false"},
	{"name_s": "/usr/share/locale/zh_CN/LC_MESSAGES/kres_blog.mo", "size_i": "1020", "regex": "false"},
	{"name_s": "/usr/share/locale/zh_CN/LC_MESSAGES/kres_bugzilla.mo", "size_i": "691", "regex": "false"},
	{"name_s": "/usr/share/locale/zh_CN/LC_MESSAGES/kres_groupware.mo", "size_i": "1363", "regex": "false"},
	{"name_s": "/usr/share/locale/zh_CN/LC_MESSAGES/kres_groupwise.mo", "size_i": "5609", "regex": "false"},
	{"name_s": "/usr/share/locale/zh_CN/LC_MESSAGES/kres_kolab.mo", "size_i": "2613", "regex": "false"},
	{"name_s": "/usr/share/locale/zh_CN/LC_MESSAGES/kres_remote.mo", "size_i": "779", "regex": "false"},
	{"name_s": "/usr/share/locale/zh_CN/LC_MESSAGES/kres_scalix.mo", "size_i": "5629", "regex": "false"},
	{"name_s": "/usr/share/locale/zh_CN/LC_MESSAGES/kres_tvanytime.mo", "size_i": "869", "regex": "false"},
	{"name_s": "/usr/share/locale/zh_CN/LC_MESSAGES/kres_xmlrpc.mo", "size_i": "1714", "regex": "false"},
	{"name_s": "/usr/share/locale/zh_CN/LC_MESSAGES/kresources_shared_akonadi.mo", "size_i": "1041", "regex": "false"},
	{"name_s": "/usr/share/locale/zh_CN/LC_MESSAGES/kreversi.mo", "size_i": "3912", "regex": "false"},
	{"name_s": "/usr/share/locale/zh_CN/LC_MESSAGES/krfb.mo", "size_i": "17856", "regex": "false"},
	{"name_s": "/usr/share/locale/zh_CN/LC_MESSAGES/kruler.mo", "size_i": "5171", "regex": "false"},
	{"name_s": "/usr/share/locale/zh_CN/LC_MESSAGES/krunner.mo", "size_i": "7608", "regex": "false"},
	{"name_s": "/usr/share/locale/zh_CN/LC_MESSAGES/ksame.mo", "size_i": "2268", "regex": "false"},
	{"name_s": "/usr/share/locale/zh_CN/LC_MESSAGES/ksaneplugin.mo", "size_i": "558", "regex": "false"},
	{"name_s": "/usr/share/locale/zh_CN/LC_MESSAGES/ksayit.mo", "size_i": "6487", "regex": "false"},
	{"name_s": "/usr/share/locale/zh_CN/LC_MESSAGES/kscd.mo", "size_i": "7346", "regex": "false"},
	{"name_s": "/usr/share/locale/zh_CN/LC_MESSAGES/kscreensaver.mo", "size_i": "1386", "regex": "false"},
	{"name_s": "/usr/share/locale/zh_CN/LC_MESSAGES/ksendemail.mo", "size_i": "1661", "regex": "false"},
	{"name_s": "/usr/share/locale/zh_CN/LC_MESSAGES/kshisen.mo", "size_i": "7618", "regex": "false"},
	{"name_s": "/usr/share/locale/zh_CN/LC_MESSAGES/kshorturifilter.mo", "size_i": "786", "regex": "false"},
	{"name_s": "/usr/share/locale/zh_CN/LC_MESSAGES/ksirk.mo", "size_i": "44547", "regex": "false"},
	{"name_s": "/usr/share/locale/zh_CN/LC_MESSAGES/ksirkskineditor.mo", "size_i": "7765", "regex": "false"},
	{"name_s": "/usr/share/locale/zh_CN/LC_MESSAGES/ksmserver.mo", "size_i": "2266", "regex": "false"},
	{"name_s": "/usr/share/locale/zh_CN/LC_MESSAGES/ksnapshot.mo", "size_i": "7798", "regex": "false"},
	{"name_s": "/usr/share/locale/zh_CN/LC_MESSAGES/kspaceduel.mo", "size_i": "4462", "regex": "false"},
	{"name_s": "/usr/share/locale/zh_CN/LC_MESSAGES/ksplashthemes.mo", "size_i": "4093", "regex": "false"},
	{"name_s": "/usr/share/locale/zh_CN/LC_MESSAGES/ksquares.mo", "size_i": "6158", "regex": "false"},
	{"name_s": "/usr/share/locale/zh_CN/LC_MESSAGES/kstars.mo", "size_i": "478256", "regex": "false"},
	{"name_s": "/usr/share/locale/zh_CN/LC_MESSAGES/kstart.mo", "size_i": "4072", "regex": "false"},
	{"name_s": "/usr/share/locale/zh_CN/LC_MESSAGES/kstartperf.mo", "size_i": "1093", "regex": "false"},
	{"name_s": "/usr/share/locale/zh_CN/LC_MESSAGES/kstyle_config.mo", "size_i": "941", "regex": "false"},
	{"name_s": "/usr/share/locale/zh_CN/LC_MESSAGES/kstyle_keramik_config.mo", "size_i": "598", "regex": "false"},
	{"name_s": "/usr/share/locale/zh_CN/LC_MESSAGES/kstyle_phase_config.mo", "size_i": "1006", "regex": "false"},
	{"name_s": "/usr/share/locale/zh_CN/LC_MESSAGES/ksudoku.mo", "size_i": "8355", "regex": "false"},
	{"name_s": "/usr/share/locale/zh_CN/LC_MESSAGES/ksysguard.mo", "size_i": "21831", "regex": "false"},
	{"name_s": "/usr/share/locale/zh_CN/LC_MESSAGES/ksysguardlsofwidgets.mo", "size_i": "738", "regex": "false"},
	{"name_s": "/usr/share/locale/zh_CN/LC_MESSAGES/ksystemlog.mo", "size_i": "57046", "regex": "false"},
	{"name_s": "/usr/share/locale/zh_CN/LC_MESSAGES/ksystraycmd.mo", "size_i": "3231", "regex": "false"},
	{"name_s": "/usr/share/locale/zh_CN/LC_MESSAGES/ksysv.mo", "size_i": "20191", "regex": "false"},
	{"name_s": "/usr/share/locale/zh_CN/LC_MESSAGES/kteatime.mo", "size_i": "4139", "regex": "false"},
	{"name_s": "/usr/share/locale/zh_CN/LC_MESSAGES/ktexteditor_plugins.mo", "size_i": "8564", "regex": "false"},
	{"name_s": "/usr/share/locale/zh_CN/LC_MESSAGES/ktexteditorkabcbridge_plugin.mo", "size_i": "817", "regex": "false"},
	{"name_s": "/usr/share/locale/zh_CN/LC_MESSAGES/kthememanager.mo", "size_i": "3356", "regex": "false"},
	{"name_s": "/usr/share/locale/zh_CN/LC_MESSAGES/ktimer.mo", "size_i": "3933", "regex": "false"},
	{"name_s": "/usr/share/locale/zh_CN/LC_MESSAGES/ktimetracker.mo", "size_i": "19729", "regex": "false"},
	{"name_s": "/usr/share/locale/zh_CN/LC_MESSAGES/ktouch.mo", "size_i": "36580", "regex": "false"},
	{"name_s": "/usr/share/locale/zh_CN/LC_MESSAGES/ktraderclient.mo", "size_i": "887", "regex": "false"},
	{"name_s": "/usr/share/locale/zh_CN/LC_MESSAGES/ktron.mo", "size_i": "4554", "regex": "false"},
	{"name_s": "/usr/share/locale/zh_CN/LC_MESSAGES/kttsd.mo", "size_i": "41494", "regex": "false"},
	{"name_s": "/usr/share/locale/zh_CN/LC_MESSAGES/ktuberling.mo", "size_i": "2930", "regex": "false"},
	{"name_s": "/usr/share/locale/zh_CN/LC_MESSAGES/kturtle.mo", "size_i": "22006", "regex": "false"},
	{"name_s": "/usr/share/locale/zh_CN/LC_MESSAGES/ktux.mo", "size_i": "973", "regex": "false"},
	{"name_s": "/usr/share/locale/zh_CN/LC_MESSAGES/kubrick.mo", "size_i": "17619", "regex": "false"},
	{"name_s": "/usr/share/locale/zh_CN/LC_MESSAGES/kuiserver.mo", "size_i": "2617", "regex": "false"},
	{"name_s": "/usr/share/locale/zh_CN/LC_MESSAGES/kuiviewer.mo", "size_i": "1611", "regex": "false"},
	{"name_s": "/usr/share/locale/zh_CN/LC_MESSAGES/kurifilter.mo", "size_i": "6395", "regex": "false"},
	{"name_s": "/usr/share/locale/zh_CN/LC_MESSAGES/kuser.mo", "size_i": "30788", "regex": "false"},
	{"name_s": "/usr/share/locale/zh_CN/LC_MESSAGES/kwalletd.mo", "size_i": "9761", "regex": "false"},
	{"name_s": "/usr/share/locale/zh_CN/LC_MESSAGES/kwalletmanager.mo", "size_i": "7890", "regex": "false"},
	{"name_s": "/usr/share/locale/zh_CN/LC_MESSAGES/kwatchgnupg.mo", "size_i": "3489", "regex": "false"},
	{"name_s": "/usr/share/locale/zh_CN/LC_MESSAGES/kweather.mo", "size_i": "10049", "regex": "false"},
	{"name_s": "/usr/share/locale/zh_CN/LC_MESSAGES/kwin.mo", "size_i": "15452", "regex": "false"},
	{"name_s": "/usr/share/locale/zh_CN/LC_MESSAGES/kwin_art_clients.mo", "size_i": "5410", "regex": "false"},
	{"name_s": "/usr/share/locale/zh_CN/LC_MESSAGES/kwin_clients.mo", "size_i": "8700", "regex": "false"},
	{"name_s": "/usr/share/locale/zh_CN/LC_MESSAGES/kwin_effects.mo", "size_i": "10487", "regex": "false"},
	{"name_s": "/usr/share/locale/zh_CN/LC_MESSAGES/kwin_lib.mo", "size_i": "1513", "regex": "false"},
	{"name_s": "/usr/share/locale/zh_CN/LC_MESSAGES/kwinstartmenu.mo", "size_i": "1238", "regex": "false"},
	{"name_s": "/usr/share/locale/zh_CN/LC_MESSAGES/kwordquiz.mo", "size_i": "28275", "regex": "false"},
	{"name_s": "/usr/share/locale/zh_CN/LC_MESSAGES/kwrite.mo", "size_i": "7085", "regex": "false"},
	{"name_s": "/usr/share/locale/zh_CN/LC_MESSAGES/kwriteconfig.mo", "size_i": "1533", "regex": "false"},
	{"name_s": "/usr/share/locale/zh_CN/LC_MESSAGES/kxkb.mo", "size_i": "6951", "regex": "false"},
	{"name_s": "/usr/share/locale/zh_CN/LC_MESSAGES/kxsconfig.mo", "size_i": "13466", "regex": "false"},
	{"name_s": "/usr/share/locale/zh_CN/LC_MESSAGES/lancelot.mo", "size_i": "9521", "regex": "false"},
	{"name_s": "/usr/share/locale/zh_CN/LC_MESSAGES/libakonadi.mo", "size_i": "20696", "regex": "false"},
	{"name_s": "/usr/share/locale/zh_CN/LC_MESSAGES/libconversion.mo", "size_i": "17243", "regex": "false"},
	{"name_s": "/usr/share/locale/zh_CN/LC_MESSAGES/libkblog.mo", "size_i": "3367", "regex": "false"},
	{"name_s": "/usr/share/locale/zh_CN/LC_MESSAGES/libkcal.mo", "size_i": "31194", "regex": "false"},
	{"name_s": "/usr/share/locale/zh_CN/LC_MESSAGES/libkcddb.mo", "size_i": "8802", "regex": "false"},
	{"name_s": "/usr/share/locale/zh_CN/LC_MESSAGES/libkcompactdisc.mo", "size_i": "837", "regex": "false"},
	{"name_s": "/usr/share/locale/zh_CN/LC_MESSAGES/libkdcraw.mo", "size_i": "14459", "regex": "false"},
	{"name_s": "/usr/share/locale/zh_CN/LC_MESSAGES/libkdeedu.mo", "size_i": "27131", "regex": "false"},
	{"name_s": "/usr/share/locale/zh_CN/LC_MESSAGES/libkdegames.mo", "size_i": "20136", "regex": "false"},
	{"name_s": "/usr/share/locale/zh_CN/LC_MESSAGES/libkdepim.mo", "size_i": "24589", "regex": "false"},
	{"name_s": "/usr/share/locale/zh_CN/LC_MESSAGES/libkholidays.mo", "size_i": "2128", "regex": "false"},
	{"name_s": "/usr/share/locale/zh_CN/LC_MESSAGES/libkimap.mo", "size_i": "2825", "regex": "false"},
	{"name_s": "/usr/share/locale/zh_CN/LC_MESSAGES/libkldap.mo", "size_i": "3451", "regex": "false"},
	{"name_s": "/usr/share/locale/zh_CN/LC_MESSAGES/libkleopatra.mo", "size_i": "18260", "regex": "false"},
	{"name_s": "/usr/share/locale/zh_CN/LC_MESSAGES/libkmahjongg.mo", "size_i": "715", "regex": "false"},
	{"name_s": "/usr/share/locale/zh_CN/LC_MESSAGES/libkmime.mo", "size_i": "2481", "regex": "false"},
	{"name_s": "/usr/share/locale/zh_CN/LC_MESSAGES/libkonq.mo", "size_i": "3206", "regex": "false"},
	{"name_s": "/usr/share/locale/zh_CN/LC_MESSAGES/libkpgp.mo", "size_i": "15745", "regex": "false"},
	{"name_s": "/usr/share/locale/zh_CN/LC_MESSAGES/libkpimidentities.mo", "size_i": "3104", "regex": "false"},
	{"name_s": "/usr/share/locale/zh_CN/LC_MESSAGES/libkpimtextedit.mo", "size_i": "1005", "regex": "false"},
	{"name_s": "/usr/share/locale/zh_CN/LC_MESSAGES/libkpimutils.mo", "size_i": "5752", "regex": "false"},
	{"name_s": "/usr/share/locale/zh_CN/LC_MESSAGES/libkresources.mo", "size_i": "3050", "regex": "false"},
	{"name_s": "/usr/share/locale/zh_CN/LC_MESSAGES/libksane.mo", "size_i": "4788", "regex": "false"},
	{"name_s": "/usr/share/locale/zh_CN/LC_MESSAGES/libkscreensaver.mo", "size_i": "898", "regex": "false"},
	{"name_s": "/usr/share/locale/zh_CN/LC_MESSAGES/libksieve.mo", "size_i": "5033", "regex": "false"},
	{"name_s": "/usr/share/locale/zh_CN/LC_MESSAGES/libktnef.mo", "size_i": "8306", "regex": "false"},
	{"name_s": "/usr/share/locale/zh_CN/LC_MESSAGES/libkworkspace.mo", "size_i": "1189", "regex": "false"},
	{"name_s": "/usr/share/locale/zh_CN/LC_MESSAGES/libkxmlrpcclient.mo", "size_i": "616", "regex": "false"},
	{"name_s": "/usr/share/locale/zh_CN/LC_MESSAGES/libmailtransport.mo", "size_i": "9500", "regex": "false"},
	{"name_s": "/usr/share/locale/zh_CN/LC_MESSAGES/libocsclient.mo", "size_i": "551", "regex": "false"},
	{"name_s": "/usr/share/locale/zh_CN/LC_MESSAGES/liboktetacore.mo", "size_i": "689", "regex": "false"},
	{"name_s": "/usr/share/locale/zh_CN/LC_MESSAGES/libphonon.mo", "size_i": "1516", "regex": "false"},
	{"name_s": "/usr/share/locale/zh_CN/LC_MESSAGES/libplasma.mo", "size_i": "7174", "regex": "false"},
	{"name_s": "/usr/share/locale/zh_CN/LC_MESSAGES/libplasmaclock.mo", "size_i": "5649", "regex": "false"},
	{"name_s": "/usr/share/locale/zh_CN/LC_MESSAGES/libplasmaweather.mo", "size_i": "2320", "regex": "false"},
	{"name_s": "/usr/share/locale/zh_CN/LC_MESSAGES/libtaskmanager.mo", "size_i": "1495", "regex": "false"},
	{"name_s": "/usr/share/locale/zh_CN/LC_MESSAGES/lokalize.mo", "size_i": "46204", "regex": "false"},
	{"name_s": "/usr/share/locale/zh_CN/LC_MESSAGES/lskat.mo", "size_i": "5793", "regex": "false"},
	{"name_s": "/usr/share/locale/zh_CN/LC_MESSAGES/marble.mo", "size_i": "59098", "regex": "false"},
	{"name_s": "/usr/share/locale/zh_CN/LC_MESSAGES/marble_qt.mo", "size_i": "21858", "regex": "false"},
	{"name_s": "/usr/share/locale/zh_CN/LC_MESSAGES/mplayerthumbs.mo", "size_i": "1033", "regex": "false"},
	{"name_s": "/usr/share/locale/zh_CN/LC_MESSAGES/mplayerthumbsconfig.mo", "size_i": "1908", "regex": "false"},
	{"name_s": "/usr/share/locale/zh_CN/LC_MESSAGES/nepomuk.mo", "size_i": "8623", "regex": "false"},
	{"name_s": "/usr/share/locale/zh_CN/LC_MESSAGES/nepomuksearch.mo", "size_i": "994", "regex": "false"},
	{"name_s": "/usr/share/locale/zh_CN/LC_MESSAGES/nsplugin.mo", "size_i": "1640", "regex": "false"},
	{"name_s": "/usr/share/locale/zh_CN/LC_MESSAGES/okteta.mo", "size_i": "31478", "regex": "false"},
	{"name_s": "/usr/share/locale/zh_CN/LC_MESSAGES/oktetapart.mo", "size_i": "2227", "regex": "false"},
	{"name_s": "/usr/share/locale/zh_CN/LC_MESSAGES/okular.mo", "size_i": "34657", "regex": "false"},
	{"name_s": "/usr/share/locale/zh_CN/LC_MESSAGES/okular_chm.mo", "size_i": "968", "regex": "false"},
	{"name_s": "/usr/share/locale/zh_CN/LC_MESSAGES/okular_comicbook.mo", "size_i": "1247", "regex": "false"},
	{"name_s": "/usr/share/locale/zh_CN/LC_MESSAGES/okular_djvu.mo", "size_i": "1921", "regex": "false"},
	{"name_s": "/usr/share/locale/zh_CN/LC_MESSAGES/okular_dvi.mo", "size_i": "21240", "regex": "false"},
	{"name_s": "/usr/share/locale/zh_CN/LC_MESSAGES/okular_epub.mo", "size_i": "905", "regex": "false"},
	{"name_s": "/usr/share/locale/zh_CN/LC_MESSAGES/okular_fax.mo", "size_i": "892", "regex": "false"},
	{"name_s": "/usr/share/locale/zh_CN/LC_MESSAGES/okular_fictionbook.mo", "size_i": "1374", "regex": "false"},
	{"name_s": "/usr/share/locale/zh_CN/LC_MESSAGES/okular_ghostview.mo", "size_i": "1628", "regex": "false"},
	{"name_s": "/usr/share/locale/zh_CN/LC_MESSAGES/okular_kimgio.mo", "size_i": "1151", "regex": "false"},
	{"name_s": "/usr/share/locale/zh_CN/LC_MESSAGES/okular_mobi.mo", "size_i": "1108", "regex": "false"},
	{"name_s": "/usr/share/locale/zh_CN/LC_MESSAGES/okular_ooo.mo", "size_i": "3234", "regex": "false"},
	{"name_s": "/usr/share/locale/zh_CN/LC_MESSAGES/okular_plucker.mo", "size_i": "881", "regex": "false"},
	{"name_s": "/usr/share/locale/zh_CN/LC_MESSAGES/okular_poppler.mo", "size_i": "2131", "regex": "false"},
	{"name_s": "/usr/share/locale/zh_CN/LC_MESSAGES/okular_tiff.mo", "size_i": "1208", "regex": "false"},
	{"name_s": "/usr/share/locale/zh_CN/LC_MESSAGES/okular_xps.mo", "size_i": "1013", "regex": "false"},
	{"name_s": "/usr/share/locale/zh_CN/LC_MESSAGES/parley.mo", "size_i": "57661", "regex": "false"},
	{"name_s": "/usr/share/locale/zh_CN/LC_MESSAGES/phonon-xine.mo", "size_i": "4077", "regex": "false"},
	{"name_s": "/usr/share/locale/zh_CN/LC_MESSAGES/phonon_gstreamer.mo", "size_i": "1865", "regex": "false"},
	{"name_s": "/usr/share/locale/zh_CN/LC_MESSAGES/phonon_kde.mo", "size_i": "961", "regex": "false"},
	{"name_s": "/usr/share/locale/zh_CN/LC_MESSAGES/phononserver.mo", "size_i": "2559", "regex": "false"},
	{"name_s": "/usr/share/locale/zh_CN/LC_MESSAGES/plasma-desktop.mo", "size_i": "3851", "regex": "false"},
	{"name_s": "/usr/share/locale/zh_CN/LC_MESSAGES/plasma-overlay.mo", "size_i": "2421", "regex": "false"},
	{"name_s": "/usr/share/locale/zh_CN/LC_MESSAGES/plasma-shells-common.mo", "size_i": "3294", "regex": "false"},
	{"name_s": "/usr/share/locale/zh_CN/LC_MESSAGES/plasma_applet_BbalL.mo", "size_i": "1662", "regex": "false"},
	{"name_s": "/usr/share/locale/zh_CN/LC_MESSAGES/plasma_applet_CharSelectApplet.mo", "size_i": "541", "regex": "false"},
	{"name_s": "/usr/share/locale/zh_CN/LC_MESSAGES/plasma_applet_battery.mo", "size_i": "2065", "regex": "false"},
	{"name_s": "/usr/share/locale/zh_CN/LC_MESSAGES/plasma_applet_binaryclock.mo", "size_i": "1741", "regex": "false"},
	{"name_s": "/usr/share/locale/zh_CN/LC_MESSAGES/plasma_applet_bubblemon.mo", "size_i": "1199", "regex": "false"},
	{"name_s": "/usr/share/locale/zh_CN/LC_MESSAGES/plasma_applet_calculator.mo", "size_i": "1046", "regex": "false"},
	{"name_s": "/usr/share/locale/zh_CN/LC_MESSAGES/plasma_applet_clock.mo", "size_i": "995", "regex": "false"},
	{"name_s": "/usr/share/locale/zh_CN/LC_MESSAGES/plasma_applet_comic.mo", "size_i": "2880", "regex": "false"},
	{"name_s": "/usr/share/locale/zh_CN/LC_MESSAGES/plasma_applet_desktop.mo", "size_i": "600", "regex": "false"},
	{"name_s": "/usr/share/locale/zh_CN/LC_MESSAGES/plasma_applet_devicenotifier.mo", "size_i": "1233", "regex": "false"},
	{"name_s": "/usr/share/locale/zh_CN/LC_MESSAGES/plasma_applet_dig_clock.mo", "size_i": "3615", "regex": "false"},
	{"name_s": "/usr/share/locale/zh_CN/LC_MESSAGES/plasma_applet_fifteenPuzzle.mo", "size_i": "1060", "regex": "false"},
	{"name_s": "/usr/share/locale/zh_CN/LC_MESSAGES/plasma_applet_fileWatcher.mo", "size_i": "1328", "regex": "false"},
	{"name_s": "/usr/share/locale/zh_CN/LC_MESSAGES/plasma_applet_folderview.mo", "size_i": "11115", "regex": "false"},
	{"name_s": "/usr/share/locale/zh_CN/LC_MESSAGES/plasma_applet_frame.mo", "size_i": "2308", "regex": "false"},
	{"name_s": "/usr/share/locale/zh_CN/LC_MESSAGES/plasma_applet_fuzzy_clock.mo", "size_i": "5808", "regex": "false"},
	{"name_s": "/usr/share/locale/zh_CN/LC_MESSAGES/plasma_applet_icon.mo", "size_i": "926", "regex": "false"},
	{"name_s": "/usr/share/locale/zh_CN/LC_MESSAGES/plasma_applet_incomingmsg.mo", "size_i": "1624", "regex": "false"},
	{"name_s": "/usr/share/locale/zh_CN/LC_MESSAGES/plasma_applet_kalzium.mo", "size_i": "997", "regex": "false"},
	{"name_s": "/usr/share/locale/zh_CN/LC_MESSAGES/plasma_applet_katesession.mo", "size_i": "1268", "regex": "false"},
	{"name_s": "/usr/share/locale/zh_CN/LC_MESSAGES/plasma_applet_kget.mo", "size_i": "662", "regex": "false"},
	{"name_s": "/usr/share/locale/zh_CN/LC_MESSAGES/plasma_applet_kolourpicker.mo", "size_i": "577", "regex": "false"},
	{"name_s": "/usr/share/locale/zh_CN/LC_MESSAGES/plasma_applet_launcher.mo", "size_i": "5160", "regex": "false"},
	{"name_s": "/usr/share/locale/zh_CN/LC_MESSAGES/plasma_applet_leavenote.mo", "size_i": "991", "regex": "false"},
	{"name_s": "/usr/share/locale/zh_CN/LC_MESSAGES/plasma_applet_life.mo", "size_i": "875", "regex": "false"},
	{"name_s": "/usr/share/locale/zh_CN/LC_MESSAGES/plasma_applet_lockout.mo", "size_i": "907", "regex": "false"},
	{"name_s": "/usr/share/locale/zh_CN/LC_MESSAGES/plasma_applet_luna.mo", "size_i": "1461", "regex": "false"},
	{"name_s": "/usr/share/locale/zh_CN/LC_MESSAGES/plasma_applet_magnifique.mo", "size_i": "683", "regex": "false"},
	{"name_s": "/usr/share/locale/zh_CN/LC_MESSAGES/plasma_applet_microblog.mo", "size_i": "1760", "regex": "false"},
	{"name_s": "/usr/share/locale/zh_CN/LC_MESSAGES/plasma_applet_news.mo", "size_i": "1204", "regex": "false"},
	{"name_s": "/usr/share/locale/zh_CN/LC_MESSAGES/plasma_applet_notes.mo", "size_i": "2159", "regex": "false"},
	{"name_s": "/usr/share/locale/zh_CN/LC_MESSAGES/plasma_applet_nowplaying.mo", "size_i": "872", "regex": "false"},
	{"name_s": "/usr/share/locale/zh_CN/LC_MESSAGES/plasma_applet_opendesktop.mo", "size_i": "2082", "regex": "false"},
	{"name_s": "/usr/share/locale/zh_CN/LC_MESSAGES/plasma_applet_pager.mo", "size_i": "1442", "regex": "false"},
	{"name_s": "/usr/share/locale/zh_CN/LC_MESSAGES/plasma_applet_panel.mo", "size_i": "562", "regex": "false"},
	{"name_s": "/usr/share/locale/zh_CN/LC_MESSAGES/plasma_applet_panelspacer_internal.mo", "size_i": "547", "regex": "false"},
	{"name_s": "/usr/share/locale/zh_CN/LC_MESSAGES/plasma_applet_paste.mo", "size_i": "2446", "regex": "false"},
	{"name_s": "/usr/share/locale/zh_CN/LC_MESSAGES/plasma_applet_pastebin.mo", "size_i": "2029", "regex": "false"},
	{"name_s": "/usr/share/locale/zh_CN/LC_MESSAGES/plasma_applet_previewer.mo", "size_i": "1060", "regex": "false"},
	{"name_s": "/usr/share/locale/zh_CN/LC_MESSAGES/plasma_applet_qstardict.mo", "size_i": "579", "regex": "false"},
	{"name_s": "/usr/share/locale/zh_CN/LC_MESSAGES/plasma_applet_quicklaunch.mo", "size_i": "1001", "regex": "false"},
	{"name_s": "/usr/share/locale/zh_CN/LC_MESSAGES/plasma_applet_rssnow.mo", "size_i": "1828", "regex": "false"},
	{"name_s": "/usr/share/locale/zh_CN/LC_MESSAGES/plasma_applet_rtm.mo", "size_i": "2727", "regex": "false"},
	{"name_s": "/usr/share/locale/zh_CN/LC_MESSAGES/plasma_applet_saverdesktop.mo", "size_i": "523", "regex": "false"},
	{"name_s": "/usr/share/locale/zh_CN/LC_MESSAGES/plasma_applet_showdashboard.mo", "size_i": "553", "regex": "false"},
	{"name_s": "/usr/share/locale/zh_CN/LC_MESSAGES/plasma_applet_showdesktop.mo", "size_i": "643", "regex": "false"},
	{"name_s": "/usr/share/locale/zh_CN/LC_MESSAGES/plasma_applet_skapplet.mo", "size_i": "666", "regex": "false"},
	{"name_s": "/usr/share/locale/zh_CN/LC_MESSAGES/plasma_applet_system-monitor.mo", "size_i": "2499", "regex": "false"},
	{"name_s": "/usr/share/locale/zh_CN/LC_MESSAGES/plasma_applet_systemloadviewer.mo", "size_i": "2080", "regex": "false"},
	{"name_s": "/usr/share/locale/zh_CN/LC_MESSAGES/plasma_applet_systemtray.mo", "size_i": "3307", "regex": "false"},
	{"name_s": "/usr/share/locale/zh_CN/LC_MESSAGES/plasma_applet_tasks.mo", "size_i": "1820", "regex": "false"},
	{"name_s": "/usr/share/locale/zh_CN/LC_MESSAGES/plasma_applet_timer.mo", "size_i": "1186", "regex": "false"},
	{"name_s": "/usr/share/locale/zh_CN/LC_MESSAGES/plasma_applet_trash.mo", "size_i": "1027", "regex": "false"},
	{"name_s": "/usr/share/locale/zh_CN/LC_MESSAGES/plasma_applet_unitconverter.mo", "size_i": "569", "regex": "false"},
	{"name_s": "/usr/share/locale/zh_CN/LC_MESSAGES/plasma_applet_weather.mo", "size_i": "2249", "regex": "false"},
	{"name_s": "/usr/share/locale/zh_CN/LC_MESSAGES/plasma_applet_weatherstation.mo", "size_i": "946", "regex": "false"},
	{"name_s": "/usr/share/locale/zh_CN/LC_MESSAGES/plasma_applet_webbrowser.mo", "size_i": "938", "regex": "false"},
	{"name_s": "/usr/share/locale/zh_CN/LC_MESSAGES/plasma_appletscriptengine_dashboard.mo", "size_i": "635", "regex": "false"},
	{"name_s": "/usr/share/locale/zh_CN/LC_MESSAGES/plasma_appletscriptengine_googlegadget.mo", "size_i": "564", "regex": "false"},
	{"name_s": "/usr/share/locale/zh_CN/LC_MESSAGES/plasma_appletscriptengine_qedjescripts.mo", "size_i": "818", "regex": "false"},
	{"name_s": "/usr/share/locale/zh_CN/LC_MESSAGES/plasma_engine_kalzium.mo", "size_i": "749", "regex": "false"},
	{"name_s": "/usr/share/locale/zh_CN/LC_MESSAGES/plasma_engine_keystate.mo", "size_i": "1215", "regex": "false"},
	{"name_s": "/usr/share/locale/zh_CN/LC_MESSAGES/plasma_engine_kuiserver.mo", "size_i": "747", "regex": "false"},
	{"name_s": "/usr/share/locale/zh_CN/LC_MESSAGES/plasma_engine_metadata.mo", "size_i": "1313", "regex": "false"},
	{"name_s": "/usr/share/locale/zh_CN/LC_MESSAGES/plasma_engine_network.mo", "size_i": "1182", "regex": "false"},
	{"name_s": "/usr/share/locale/zh_CN/LC_MESSAGES/plasma_engine_notifications.mo", "size_i": "690", "regex": "false"},
	{"name_s": "/usr/share/locale/zh_CN/LC_MESSAGES/plasma_engine_nowplaying.mo", "size_i": "2004", "regex": "false"},
	{"name_s": "/usr/share/locale/zh_CN/LC_MESSAGES/plasma_engine_ocs.mo", "size_i": "509", "regex": "false"},
	{"name_s": "/usr/share/locale/zh_CN/LC_MESSAGES/plasma_engine_rss.mo", "size_i": "685", "regex": "false"},
	{"name_s": "/usr/share/locale/zh_CN/LC_MESSAGES/plasma_engine_weather.mo", "size_i": "6334", "regex": "false"},
	{"name_s": "/usr/share/locale/zh_CN/LC_MESSAGES/plasma_packagestructure_comic.mo", "size_i": "619", "regex": "false"},
	{"name_s": "/usr/share/locale/zh_CN/LC_MESSAGES/plasma_runner_bookmarksrunner.mo", "size_i": "592", "regex": "false"},
	{"name_s": "/usr/share/locale/zh_CN/LC_MESSAGES/plasma_runner_browserhistory.mo", "size_i": "605", "regex": "false"},
	{"name_s": "/usr/share/locale/zh_CN/LC_MESSAGES/plasma_runner_calculatorrunner.mo", "size_i": "710", "regex": "false"},
	{"name_s": "/usr/share/locale/zh_CN/LC_MESSAGES/plasma_runner_contacts.mo", "size_i": "686", "regex": "false"},
	{"name_s": "/usr/share/locale/zh_CN/LC_MESSAGES/plasma_runner_converterrunner.mo", "size_i": "599", "regex": "false"},
	{"name_s": "/usr/share/locale/zh_CN/LC_MESSAGES/plasma_runner_katesessions.mo", "size_i": "742", "regex": "false"},
	{"name_s": "/usr/share/locale/zh_CN/LC_MESSAGES/plasma_runner_konquerorsessions.mo", "size_i": "713", "regex": "false"},
	{"name_s": "/usr/share/locale/zh_CN/LC_MESSAGES/plasma_runner_konsolesessions.mo", "size_i": "691", "regex": "false"},
	{"name_s": "/usr/share/locale/zh_CN/LC_MESSAGES/plasma_runner_locations.mo", "size_i": "802", "regex": "false"},
	{"name_s": "/usr/share/locale/zh_CN/LC_MESSAGES/plasma_runner_nepomuksearchrunner.mo", "size_i": "802", "regex": "false"},
	{"name_s": "/usr/share/locale/zh_CN/LC_MESSAGES/plasma_runner_placesrunner.mo", "size_i": "588", "regex": "false"},
	{"name_s": "/usr/share/locale/zh_CN/LC_MESSAGES/plasma_runner_powerdevil.mo", "size_i": "2337", "regex": "false"},
	{"name_s": "/usr/share/locale/zh_CN/LC_MESSAGES/plasma_runner_recentdocuments.mo", "size_i": "663", "regex": "false"},
	{"name_s": "/usr/share/locale/zh_CN/LC_MESSAGES/plasma_runner_services.mo", "size_i": "601", "regex": "false"},
	{"name_s": "/usr/share/locale/zh_CN/LC_MESSAGES/plasma_runner_sessions.mo", "size_i": "2929", "regex": "false"},
	{"name_s": "/usr/share/locale/zh_CN/LC_MESSAGES/plasma_runner_shell.mo", "size_i": "1908", "regex": "false"},
	{"name_s": "/usr/share/locale/zh_CN/LC_MESSAGES/plasma_runner_spellcheckrunner.mo", "size_i": "976", "regex": "false"},
	{"name_s": "/usr/share/locale/zh_CN/LC_MESSAGES/plasma_runner_webshortcuts.mo", "size_i": "943", "regex": "false"},
	{"name_s": "/usr/share/locale/zh_CN/LC_MESSAGES/plasma_scriptengine_qscript.mo", "size_i": "1938", "regex": "false"},
	{"name_s": "/usr/share/locale/zh_CN/LC_MESSAGES/plasma_wallpaper_color.mo", "size_i": "549", "regex": "false"},
	{"name_s": "/usr/share/locale/zh_CN/LC_MESSAGES/plasma_wallpaper_image.mo", "size_i": "2227", "regex": "false"},
	{"name_s": "/usr/share/locale/zh_CN/LC_MESSAGES/plasma_wallpaper_mandelbrot.mo", "size_i": "1004", "regex": "false"},
	{"name_s": "/usr/share/locale/zh_CN/LC_MESSAGES/plasma_wallpaper_marble.mo", "size_i": "1913", "regex": "false"},
	{"name_s": "/usr/share/locale/zh_CN/LC_MESSAGES/plasma_wallpaper_pattern.mo", "size_i": "706", "regex": "false"},
	{"name_s": "/usr/share/locale/zh_CN/LC_MESSAGES/plasma_wallpaper_virus.mo", "size_i": "2065", "regex": "false"},
	{"name_s": "/usr/share/locale/zh_CN/LC_MESSAGES/plasma_wallpaper_weather.mo", "size_i": "2629", "regex": "false"},
	{"name_s": "/usr/share/locale/zh_CN/LC_MESSAGES/plasmaengineexplorer.mo", "size_i": "4615", "regex": "false"},
	{"name_s": "/usr/share/locale/zh_CN/LC_MESSAGES/plasmapkg.mo", "size_i": "3298", "regex": "false"},
	{"name_s": "/usr/share/locale/zh_CN/LC_MESSAGES/plasmawallpaperviewer.mo", "size_i": "1679", "regex": "false"},
	{"name_s": "/usr/share/locale/zh_CN/LC_MESSAGES/plasmoidviewer.mo", "size_i": "2408", "regex": "false"},
	{"name_s": "/usr/share/locale/zh_CN/LC_MESSAGES/policykit-kde.mo", "size_i": "4220", "regex": "false"},
	{"name_s": "/usr/share/locale/zh_CN/LC_MESSAGES/polkit-kde-authorization.mo", "size_i": "8236", "regex": "false"},
	{"name_s": "/usr/share/locale/zh_CN/LC_MESSAGES/powerdevil.mo", "size_i": "22080", "regex": "false"},
	{"name_s": "/usr/share/locale/zh_CN/LC_MESSAGES/printer-applet.mo", "size_i": "6145", "regex": "false"},
	{"name_s": "/usr/share/locale/zh_CN/LC_MESSAGES/processcore.mo", "size_i": "1564", "regex": "false"},
	{"name_s": "/usr/share/locale/zh_CN/LC_MESSAGES/processui.mo", "size_i": "38015", "regex": "false"},
	{"name_s": "/usr/share/locale/zh_CN/LC_MESSAGES/solid-bluetooth.mo", "size_i": "2075", "regex": "false"},
	{"name_s": "/usr/share/locale/zh_CN/LC_MESSAGES/solid-hardware.mo", "size_i": "4008", "regex": "false"},
	{"name_s": "/usr/share/locale/zh_CN/LC_MESSAGES/solid-network.mo", "size_i": "4965", "regex": "false"},
	{"name_s": "/usr/share/locale/zh_CN/LC_MESSAGES/solid-powermanagement.mo", "size_i": "3861", "regex": "false"},
	{"name_s": "/usr/share/locale/zh_CN/LC_MESSAGES/solidcontrol.mo", "size_i": "722", "regex": "false"},
	{"name_s": "/usr/share/locale/zh_CN/LC_MESSAGES/soliduiserver.mo", "size_i": "868", "regex": "false"},
	{"name_s": "/usr/share/locale/zh_CN/LC_MESSAGES/spy.mo", "size_i": "1000", "regex": "false"},
	{"name_s": "/usr/share/locale/zh_CN/LC_MESSAGES/step.mo", "size_i": "14703", "regex": "false"},
	{"name_s": "/usr/share/locale/zh_CN/LC_MESSAGES/step_qt.mo", "size_i": "30093", "regex": "false"},
	{"name_s": "/usr/share/locale/zh_CN/LC_MESSAGES/strigila_diff.mo", "size_i": "960", "regex": "false"},
	{"name_s": "/usr/share/locale/zh_CN/LC_MESSAGES/superkaramba.mo", "size_i": "5307", "regex": "false"},
	{"name_s": "/usr/share/locale/zh_CN/LC_MESSAGES/svgpart.mo", "size_i": "945", "regex": "false"},
	{"name_s": "/usr/share/locale/zh_CN/LC_MESSAGES/sweeper.mo", "size_i": "4300", "regex": "false"},
	{"name_s": "/usr/share/locale/zh_CN/LC_MESSAGES/system-config-printer-kde.mo", "size_i": "19670", "regex": "false"},
	{"name_s": "/usr/share/locale/zh_CN/LC_MESSAGES/systemsettings.mo", "size_i": "3342", "regex": "false"},
	{"name_s": "/usr/share/locale/zh_CN/LC_MESSAGES/timezones4.mo", "size_i": "43396", "regex": "false"},
	{"name_s": "/usr/share/locale/zh_CN/LC_MESSAGES/umbrello.mo", "size_i": "78622", "regex": "false"},
	{"name_s": "/usr/share/locale/zh_CN/LC_MESSAGES/useraccount.mo", "size_i": "4778", "regex": "false"},
	{"name_s": "/usr/share/locale/zh_CN/LC_MESSAGES/xml_mimetypes.mo", "size_i": "4904", "regex": "false"},
	{"name_s": "/usr/share/locale/zh_CN/LC_SCRIPTS", "size_i": "4096", "regex": "false"},
	{"name_s": "/usr/share/locale/zh_CN/LC_SCRIPTS/kdelibs4", "size_i": "4096", "regex": "false"},
	{"name_s": "/usr/share/locale/zh_CN/LC_SCRIPTS/kdelibs4/kdelibs4.js", "size_i": "5333", "regex": "false"},
	{"name_s": "/usr/share/locale/zh_CN/charset", "size_i": "6", "regex": "false"},
	{"name_s": "/usr/share/locale/zh_CN/entry.desktop", "size_i": "3133", "regex": "false"}
]
