[
	{"name_s": "/usr/share/doc/HTML/eu", "size_i": "4096", "regex": "false"},
	{"name_s": "/usr/share/doc/HTML/eu/common", "size_i": "4096", "regex": "false"},
	{"name_s": "/usr/share/doc/HTML/eu/common/fdl-translated.html", "size_i": "21404", "regex": "false"},
	{"name_s": "/usr/share/doc/HTML/eu/common/gpl-translated.html", "size_i": "18026", "regex": "false"},
	{"name_s": "/usr/share/doc/HTML/eu/common/kde-localised.css", "size_i": "1042", "regex": "false"},
	{"name_s": "/usr/share/doc/HTML/eu/common/lgpl-translated.html", "size_i": "28166", "regex": "false"},
	{"name_s": "/usr/share/locale/eu/LC_MESSAGES/akregator.mo", "size_i": "21826", "regex": "false"},
	{"name_s": "/usr/share/locale/eu/LC_MESSAGES/amor.mo", "size_i": "5359", "regex": "false"},
	{"name_s": "/usr/share/locale/eu/LC_MESSAGES/ark.mo", "size_i": "12443", "regex": "false"},
	{"name_s": "/usr/share/locale/eu/LC_MESSAGES/audiocd_encoder_lame.mo", "size_i": "6030", "regex": "false"},
	{"name_s": "/usr/share/locale/eu/LC_MESSAGES/audiocd_encoder_vorbis.mo", "size_i": "3064", "regex": "false"},
	{"name_s": "/usr/share/locale/eu/LC_MESSAGES/audiorename_plugin.mo", "size_i": "1670", "regex": "false"},
	{"name_s": "/usr/share/locale/eu/LC_MESSAGES/blinken.mo", "size_i": "3748", "regex": "false"},
	{"name_s": "/usr/share/locale/eu/LC_MESSAGES/cervisia.mo", "size_i": "29489", "regex": "false"},
	{"name_s": "/usr/share/locale/eu/LC_MESSAGES/cvsservice.mo", "size_i": "1331", "regex": "false"},
	{"name_s": "/usr/share/locale/eu/LC_MESSAGES/display.mo", "size_i": "800", "regex": "false"},
	{"name_s": "/usr/share/locale/eu/LC_MESSAGES/dolphin.mo", "size_i": "21588", "regex": "false"},
	{"name_s": "/usr/share/locale/eu/LC_MESSAGES/dragonplayer.mo", "size_i": "5593", "regex": "false"},
	{"name_s": "/usr/share/locale/eu/LC_MESSAGES/drkonqi.mo", "size_i": "666", "regex": "false"},
	{"name_s": "/usr/share/locale/eu/LC_MESSAGES/filetypes.mo", "size_i": "13223", "regex": "false"},
	{"name_s": "/usr/share/locale/eu/LC_MESSAGES/gwenview.mo", "size_i": "16370", "regex": "false"},
	{"name_s": "/usr/share/locale/eu/LC_MESSAGES/htmlsearch.mo", "size_i": "3599", "regex": "false"},
	{"name_s": "/usr/share/locale/eu/LC_MESSAGES/imagerename_plugin.mo", "size_i": "1025", "regex": "false"},
	{"name_s": "/usr/share/locale/eu/LC_MESSAGES/irkick.mo", "size_i": "2023", "regex": "false"},
	{"name_s": "/usr/share/locale/eu/LC_MESSAGES/joystick.mo", "size_i": "8251", "regex": "false"},
	{"name_s": "/usr/share/locale/eu/LC_MESSAGES/juk.mo", "size_i": "26875", "regex": "false"},
	{"name_s": "/usr/share/locale/eu/LC_MESSAGES/kabc_dir.mo", "size_i": "878", "regex": "false"},
	{"name_s": "/usr/share/locale/eu/LC_MESSAGES/kabc_file.mo", "size_i": "753", "regex": "false"},
	{"name_s": "/usr/share/locale/eu/LC_MESSAGES/kabc_ldapkio.mo", "size_i": "2568", "regex": "false"},
	{"name_s": "/usr/share/locale/eu/LC_MESSAGES/kabc_net.mo", "size_i": "905", "regex": "false"},
	{"name_s": "/usr/share/locale/eu/LC_MESSAGES/kabc_slox.mo", "size_i": "2357", "regex": "false"},
	{"name_s": "/usr/share/locale/eu/LC_MESSAGES/kabcformat_binary.mo", "size_i": "662", "regex": "false"},
	{"name_s": "/usr/share/locale/eu/LC_MESSAGES/kaccess.mo", "size_i": "9820", "regex": "false"},
	{"name_s": "/usr/share/locale/eu/LC_MESSAGES/kaddressbook.mo", "size_i": "34453", "regex": "false"},
	{"name_s": "/usr/share/locale/eu/LC_MESSAGES/kalarm.mo", "size_i": "4245", "regex": "false"},
	{"name_s": "/usr/share/locale/eu/LC_MESSAGES/kalzium.mo", "size_i": "122631", "regex": "false"},
	{"name_s": "/usr/share/locale/eu/LC_MESSAGES/kalzium_qt.mo", "size_i": "13167", "regex": "false"},
	{"name_s": "/usr/share/locale/eu/LC_MESSAGES/kanagram.mo", "size_i": "6802", "regex": "false"},
	{"name_s": "/usr/share/locale/eu/LC_MESSAGES/kappfinder.mo", "size_i": "2185", "regex": "false"},
	{"name_s": "/usr/share/locale/eu/LC_MESSAGES/kate.mo", "size_i": "23765", "regex": "false"},
	{"name_s": "/usr/share/locale/eu/LC_MESSAGES/katefiletemplates.mo", "size_i": "5074", "regex": "false"},
	{"name_s": "/usr/share/locale/eu/LC_MESSAGES/katehelloworld.mo", "size_i": "773", "regex": "false"},
	{"name_s": "/usr/share/locale/eu/LC_MESSAGES/katehtmltools.mo", "size_i": "735", "regex": "false"},
	{"name_s": "/usr/share/locale/eu/LC_MESSAGES/katekjswrapper.mo", "size_i": "1188", "regex": "false"},
	{"name_s": "/usr/share/locale/eu/LC_MESSAGES/kateopenheader.mo", "size_i": "535", "regex": "false"},
	{"name_s": "/usr/share/locale/eu/LC_MESSAGES/katepart4.mo", "size_i": "92893", "regex": "false"},
	{"name_s": "/usr/share/locale/eu/LC_MESSAGES/katepybrowse.mo", "size_i": "883", "regex": "false"},
	{"name_s": "/usr/share/locale/eu/LC_MESSAGES/katesnippets.mo", "size_i": "702", "regex": "false"},
	{"name_s": "/usr/share/locale/eu/LC_MESSAGES/katesymbolviewer.mo", "size_i": "1276", "regex": "false"},
	{"name_s": "/usr/share/locale/eu/LC_MESSAGES/katetabbarextension.mo", "size_i": "676", "regex": "false"},
	{"name_s": "/usr/share/locale/eu/LC_MESSAGES/katetextfilter.mo", "size_i": "1482", "regex": "false"},
	{"name_s": "/usr/share/locale/eu/LC_MESSAGES/katexmlcheck.mo", "size_i": "1132", "regex": "false"},
	{"name_s": "/usr/share/locale/eu/LC_MESSAGES/katexmltools.mo", "size_i": "2362", "regex": "false"},
	{"name_s": "/usr/share/locale/eu/LC_MESSAGES/katomic.mo", "size_i": "7714", "regex": "false"},
	{"name_s": "/usr/share/locale/eu/LC_MESSAGES/kbattleship.mo", "size_i": "6919", "regex": "false"},
	{"name_s": "/usr/share/locale/eu/LC_MESSAGES/kblackbox.mo", "size_i": "20361", "regex": "false"},
	{"name_s": "/usr/share/locale/eu/LC_MESSAGES/kblankscrn.mo", "size_i": "833", "regex": "false"},
	{"name_s": "/usr/share/locale/eu/LC_MESSAGES/kbounce.mo", "size_i": "2824", "regex": "false"},
	{"name_s": "/usr/share/locale/eu/LC_MESSAGES/kbruch.mo", "size_i": "19154", "regex": "false"},
	{"name_s": "/usr/share/locale/eu/LC_MESSAGES/kbugbuster.mo", "size_i": "13803", "regex": "false"},
	{"name_s": "/usr/share/locale/eu/LC_MESSAGES/kcachegrind.mo", "size_i": "18152", "regex": "false"},
	{"name_s": "/usr/share/locale/eu/LC_MESSAGES/kcalc.mo", "size_i": "16240", "regex": "false"},
	{"name_s": "/usr/share/locale/eu/LC_MESSAGES/kcertpart.mo", "size_i": "644", "regex": "false"},
	{"name_s": "/usr/share/locale/eu/LC_MESSAGES/kcharselect.mo", "size_i": "2184", "regex": "false"},
	{"name_s": "/usr/share/locale/eu/LC_MESSAGES/kcm_autostart.mo", "size_i": "2313", "regex": "false"},
	{"name_s": "/usr/share/locale/eu/LC_MESSAGES/kcm_desktopthemedetails.mo", "size_i": "3493", "regex": "false"},
	{"name_s": "/usr/share/locale/eu/LC_MESSAGES/kcm_emoticons.mo", "size_i": "4261", "regex": "false"},
	{"name_s": "/usr/share/locale/eu/LC_MESSAGES/kcm_krfb.mo", "size_i": "5866", "regex": "false"},
	{"name_s": "/usr/share/locale/eu/LC_MESSAGES/kcm_kwindesktop.mo", "size_i": "1419", "regex": "false"},
	{"name_s": "/usr/share/locale/eu/LC_MESSAGES/kcm_lirc.mo", "size_i": "9221", "regex": "false"},
	{"name_s": "/usr/share/locale/eu/LC_MESSAGES/kcm_memory.mo", "size_i": "4176", "regex": "false"},
	{"name_s": "/usr/share/locale/eu/LC_MESSAGES/kcm_partition.mo", "size_i": "2284", "regex": "false"},
	{"name_s": "/usr/share/locale/eu/LC_MESSAGES/kcm_pci.mo", "size_i": "4984", "regex": "false"},
	{"name_s": "/usr/share/locale/eu/LC_MESSAGES/kcm_phonon.mo", "size_i": "3481", "regex": "false"},
	{"name_s": "/usr/share/locale/eu/LC_MESSAGES/kcm_phononxine.mo", "size_i": "780", "regex": "false"},
	{"name_s": "/usr/share/locale/eu/LC_MESSAGES/kcm_solid.mo", "size_i": "1057", "regex": "false"},
	{"name_s": "/usr/share/locale/eu/LC_MESSAGES/kcm_standard_actions.mo", "size_i": "581", "regex": "false"},
	{"name_s": "/usr/share/locale/eu/LC_MESSAGES/kcmaccess.mo", "size_i": "9435", "regex": "false"},
	{"name_s": "/usr/share/locale/eu/LC_MESSAGES/kcmaudiocd.mo", "size_i": "5040", "regex": "false"},
	{"name_s": "/usr/share/locale/eu/LC_MESSAGES/kcmbackground.mo", "size_i": "18795", "regex": "false"},
	{"name_s": "/usr/share/locale/eu/LC_MESSAGES/kcmbell.mo", "size_i": "3747", "regex": "false"},
	{"name_s": "/usr/share/locale/eu/LC_MESSAGES/kcmcddb.mo", "size_i": "2879", "regex": "false"},
	{"name_s": "/usr/share/locale/eu/LC_MESSAGES/kcmcgi.mo", "size_i": "1424", "regex": "false"},
	{"name_s": "/usr/share/locale/eu/LC_MESSAGES/kcmcolors.mo", "size_i": "7406", "regex": "false"},
	{"name_s": "/usr/share/locale/eu/LC_MESSAGES/kcmcomponentchooser.mo", "size_i": "10230", "regex": "false"},
	{"name_s": "/usr/share/locale/eu/LC_MESSAGES/kcmcrypto.mo", "size_i": "17372", "regex": "false"},
	{"name_s": "/usr/share/locale/eu/LC_MESSAGES/kcmenergy.mo", "size_i": "3485", "regex": "false"},
	{"name_s": "/usr/share/locale/eu/LC_MESSAGES/kcmfonts.mo", "size_i": "6000", "regex": "false"},
	{"name_s": "/usr/share/locale/eu/LC_MESSAGES/kcmhtmlsearch.mo", "size_i": "4103", "regex": "false"},
	{"name_s": "/usr/share/locale/eu/LC_MESSAGES/kcmicons.mo", "size_i": "6839", "regex": "false"},
	{"name_s": "/usr/share/locale/eu/LC_MESSAGES/kcminfo.mo", "size_i": "1941", "regex": "false"},
	{"name_s": "/usr/share/locale/eu/LC_MESSAGES/kcminit.mo", "size_i": "1041", "regex": "false"},
	{"name_s": "/usr/share/locale/eu/LC_MESSAGES/kcminput.mo", "size_i": "15379", "regex": "false"},
	{"name_s": "/usr/share/locale/eu/LC_MESSAGES/kcmioslaveinfo.mo", "size_i": "1524", "regex": "false"},
	{"name_s": "/usr/share/locale/eu/LC_MESSAGES/kcmkabconfig.mo", "size_i": "3596", "regex": "false"},
	{"name_s": "/usr/share/locale/eu/LC_MESSAGES/kcmkamera.mo", "size_i": "3706", "regex": "false"},
	{"name_s": "/usr/share/locale/eu/LC_MESSAGES/kcmkclock.mo", "size_i": "3553", "regex": "false"},
	{"name_s": "/usr/share/locale/eu/LC_MESSAGES/kcmkded.mo", "size_i": "3842", "regex": "false"},
	{"name_s": "/usr/share/locale/eu/LC_MESSAGES/kcmkdnssd.mo", "size_i": "1200", "regex": "false"},
	{"name_s": "/usr/share/locale/eu/LC_MESSAGES/kcmkeyboard.mo", "size_i": "3504", "regex": "false"},
	{"name_s": "/usr/share/locale/eu/LC_MESSAGES/kcmkeys.mo", "size_i": "1468", "regex": "false"},
	{"name_s": "/usr/share/locale/eu/LC_MESSAGES/kcmkgamma.mo", "size_i": "2401", "regex": "false"},
	{"name_s": "/usr/share/locale/eu/LC_MESSAGES/kcmkio.mo", "size_i": "50328", "regex": "false"},
	{"name_s": "/usr/share/locale/eu/LC_MESSAGES/kcmkonq.mo", "size_i": "3917", "regex": "false"},
	{"name_s": "/usr/share/locale/eu/LC_MESSAGES/kcmkonqhtml.mo", "size_i": "54120", "regex": "false"},
	{"name_s": "/usr/share/locale/eu/LC_MESSAGES/kcmkurifilt.mo", "size_i": "1879", "regex": "false"},
	{"name_s": "/usr/share/locale/eu/LC_MESSAGES/kcmkwallet.mo", "size_i": "3666", "regex": "false"},
	{"name_s": "/usr/share/locale/eu/LC_MESSAGES/kcmkwincompositing.mo", "size_i": "5643", "regex": "false"},
	{"name_s": "/usr/share/locale/eu/LC_MESSAGES/kcmkwindecoration.mo", "size_i": "5514", "regex": "false"},
	{"name_s": "/usr/share/locale/eu/LC_MESSAGES/kcmkwinrules.mo", "size_i": "14745", "regex": "false"},
	{"name_s": "/usr/share/locale/eu/LC_MESSAGES/kcmkwm.mo", "size_i": "27550", "regex": "false"},
	{"name_s": "/usr/share/locale/eu/LC_MESSAGES/kcmlaunch.mo", "size_i": "2784", "regex": "false"},
	{"name_s": "/usr/share/locale/eu/LC_MESSAGES/kcmlocale.mo", "size_i": "18180", "regex": "false"},
	{"name_s": "/usr/share/locale/eu/LC_MESSAGES/kcmnic.mo", "size_i": "2037", "regex": "false"},
	{"name_s": "/usr/share/locale/eu/LC_MESSAGES/kcmnotify.mo", "size_i": "2359", "regex": "false"},
	{"name_s": "/usr/share/locale/eu/LC_MESSAGES/kcmopengl.mo", "size_i": "4839", "regex": "false"},
	{"name_s": "/usr/share/locale/eu/LC_MESSAGES/kcmperformance.mo", "size_i": "7894", "regex": "false"},
	{"name_s": "/usr/share/locale/eu/LC_MESSAGES/kcmsamba.mo", "size_i": "8938", "regex": "false"},
	{"name_s": "/usr/share/locale/eu/LC_MESSAGES/kcmscreensaver.mo", "size_i": "7050", "regex": "false"},
	{"name_s": "/usr/share/locale/eu/LC_MESSAGES/kcmshell.mo", "size_i": "1740", "regex": "false"},
	{"name_s": "/usr/share/locale/eu/LC_MESSAGES/kcmsmartcard.mo", "size_i": "4449", "regex": "false"},
	{"name_s": "/usr/share/locale/eu/LC_MESSAGES/kcmsmserver.mo", "size_i": "3838", "regex": "false"},
	{"name_s": "/usr/share/locale/eu/LC_MESSAGES/kcmsolidproc.mo", "size_i": "1071", "regex": "false"},
	{"name_s": "/usr/share/locale/eu/LC_MESSAGES/kcmstyle.mo", "size_i": "5153", "regex": "false"},
	{"name_s": "/usr/share/locale/eu/LC_MESSAGES/kcmusb.mo", "size_i": "5823", "regex": "false"},
	{"name_s": "/usr/share/locale/eu/LC_MESSAGES/kcmview1394.mo", "size_i": "2663", "regex": "false"},
	{"name_s": "/usr/share/locale/eu/LC_MESSAGES/kcmxinerama.mo", "size_i": "2980", "regex": "false"},
	{"name_s": "/usr/share/locale/eu/LC_MESSAGES/kcolorchooser.mo", "size_i": "969", "regex": "false"},
	{"name_s": "/usr/share/locale/eu/LC_MESSAGES/kcron.mo", "size_i": "12169", "regex": "false"},
	{"name_s": "/usr/share/locale/eu/LC_MESSAGES/kdat.mo", "size_i": "24988", "regex": "false"},
	{"name_s": "/usr/share/locale/eu/LC_MESSAGES/kde-menu.mo", "size_i": "2525", "regex": "false"},
	{"name_s": "/usr/share/locale/eu/LC_MESSAGES/kdebugdialog.mo", "size_i": "2039", "regex": "false"},
	{"name_s": "/usr/share/locale/eu/LC_MESSAGES/kdelibs4.mo", "size_i": "202571", "regex": "false"},
	{"name_s": "/usr/share/locale/eu/LC_MESSAGES/kdelibs_colors4.mo", "size_i": "23717", "regex": "false"},
	{"name_s": "/usr/share/locale/eu/LC_MESSAGES/kdelirc.mo", "size_i": "1164", "regex": "false"},
	{"name_s": "/usr/share/locale/eu/LC_MESSAGES/kdepasswd.mo", "size_i": "2994", "regex": "false"},
	{"name_s": "/usr/share/locale/eu/LC_MESSAGES/kdepimresources.mo", "size_i": "3160", "regex": "false"},
	{"name_s": "/usr/share/locale/eu/LC_MESSAGES/kdepimwizards.mo", "size_i": "6272", "regex": "false"},
	{"name_s": "/usr/share/locale/eu/LC_MESSAGES/kdeqt.mo", "size_i": "17471", "regex": "false"},
	{"name_s": "/usr/share/locale/eu/LC_MESSAGES/kdessh.mo", "size_i": "2520", "regex": "false"},
	{"name_s": "/usr/share/locale/eu/LC_MESSAGES/kdesu.mo", "size_i": "4458", "regex": "false"},
	{"name_s": "/usr/share/locale/eu/LC_MESSAGES/kdesud.mo", "size_i": "941", "regex": "false"},
	{"name_s": "/usr/share/locale/eu/LC_MESSAGES/kdf.mo", "size_i": "5368", "regex": "false"},
	{"name_s": "/usr/share/locale/eu/LC_MESSAGES/kdgantt1.mo", "size_i": "1749", "regex": "false"},
	{"name_s": "/usr/share/locale/eu/LC_MESSAGES/kdialog.mo", "size_i": "4867", "regex": "false"},
	{"name_s": "/usr/share/locale/eu/LC_MESSAGES/kdmconfig.mo", "size_i": "25736", "regex": "false"},
	{"name_s": "/usr/share/locale/eu/LC_MESSAGES/kdmgreet.mo", "size_i": "10364", "regex": "false"},
	{"name_s": "/usr/share/locale/eu/LC_MESSAGES/keditbookmarks.mo", "size_i": "9657", "regex": "false"},
	{"name_s": "/usr/share/locale/eu/LC_MESSAGES/kfile.mo", "size_i": "2600", "regex": "false"},
	{"name_s": "/usr/share/locale/eu/LC_MESSAGES/kfile_avi.mo", "size_i": "879", "regex": "false"},
	{"name_s": "/usr/share/locale/eu/LC_MESSAGES/kfile_dds.mo", "size_i": "1032", "regex": "false"},
	{"name_s": "/usr/share/locale/eu/LC_MESSAGES/kfile_drgeo.mo", "size_i": "818", "regex": "false"},
	{"name_s": "/usr/share/locale/eu/LC_MESSAGES/kfile_dvi.mo", "size_i": "684", "regex": "false"},
	{"name_s": "/usr/share/locale/eu/LC_MESSAGES/kfile_exr.mo", "size_i": "3060", "regex": "false"},
	{"name_s": "/usr/share/locale/eu/LC_MESSAGES/kfile_flac.mo", "size_i": "1310", "regex": "false"},
	{"name_s": "/usr/share/locale/eu/LC_MESSAGES/kfile_kig.mo", "size_i": "998", "regex": "false"},
	{"name_s": "/usr/share/locale/eu/LC_MESSAGES/kfile_mp3.mo", "size_i": "1310", "regex": "false"},
	{"name_s": "/usr/share/locale/eu/LC_MESSAGES/kfile_mpc.mo", "size_i": "1269", "regex": "false"},
	{"name_s": "/usr/share/locale/eu/LC_MESSAGES/kfile_ogg.mo", "size_i": "1505", "regex": "false"},
	{"name_s": "/usr/share/locale/eu/LC_MESSAGES/kfile_pnm.mo", "size_i": "747", "regex": "false"},
	{"name_s": "/usr/share/locale/eu/LC_MESSAGES/kfile_raw.mo", "size_i": "697", "regex": "false"},
	{"name_s": "/usr/share/locale/eu/LC_MESSAGES/kfile_rgb.mo", "size_i": "1266", "regex": "false"},
	{"name_s": "/usr/share/locale/eu/LC_MESSAGES/kfile_rpm.mo", "size_i": "969", "regex": "false"},
	{"name_s": "/usr/share/locale/eu/LC_MESSAGES/kfile_sid.mo", "size_i": "859", "regex": "false"},
	{"name_s": "/usr/share/locale/eu/LC_MESSAGES/kfile_theora.mo", "size_i": "910", "regex": "false"},
	{"name_s": "/usr/share/locale/eu/LC_MESSAGES/kfile_tiff.mo", "size_i": "2621", "regex": "false"},
	{"name_s": "/usr/share/locale/eu/LC_MESSAGES/kfile_wav.mo", "size_i": "780", "regex": "false"},
	{"name_s": "/usr/share/locale/eu/LC_MESSAGES/kfile_xps.mo", "size_i": "974", "regex": "false"},
	{"name_s": "/usr/share/locale/eu/LC_MESSAGES/kfileaudiopreview4.mo", "size_i": "627", "regex": "false"},
	{"name_s": "/usr/share/locale/eu/LC_MESSAGES/kfileshare.mo", "size_i": "67742", "regex": "false"},
	{"name_s": "/usr/share/locale/eu/LC_MESSAGES/kfindpart.mo", "size_i": "9765", "regex": "false"},
	{"name_s": "/usr/share/locale/eu/LC_MESSAGES/kfloppy.mo", "size_i": "11381", "regex": "false"},
	{"name_s": "/usr/share/locale/eu/LC_MESSAGES/kfmclient.mo", "size_i": "3244", "regex": "false"},
	{"name_s": "/usr/share/locale/eu/LC_MESSAGES/kfontinst.mo", "size_i": "33560", "regex": "false"},
	{"name_s": "/usr/share/locale/eu/LC_MESSAGES/kfourinline.mo", "size_i": "6314", "regex": "false"},
	{"name_s": "/usr/share/locale/eu/LC_MESSAGES/kgeography.mo", "size_i": "372334", "regex": "false"},
	{"name_s": "/usr/share/locale/eu/LC_MESSAGES/kget.mo", "size_i": "38690", "regex": "false"},
	{"name_s": "/usr/share/locale/eu/LC_MESSAGES/kgoldrunner.mo", "size_i": "158740", "regex": "false"},
	{"name_s": "/usr/share/locale/eu/LC_MESSAGES/kgpg.mo", "size_i": "63262", "regex": "false"},
	{"name_s": "/usr/share/locale/eu/LC_MESSAGES/kgreet_classic.mo", "size_i": "980", "regex": "false"},
	{"name_s": "/usr/share/locale/eu/LC_MESSAGES/kgreet_generic.mo", "size_i": "558", "regex": "false"},
	{"name_s": "/usr/share/locale/eu/LC_MESSAGES/kgreet_winbind.mo", "size_i": "1027", "regex": "false"},
	{"name_s": "/usr/share/locale/eu/LC_MESSAGES/khangman.mo", "size_i": "13651", "regex": "false"},
	{"name_s": "/usr/share/locale/eu/LC_MESSAGES/khelpcenter.mo", "size_i": "10778", "regex": "false"},
	{"name_s": "/usr/share/locale/eu/LC_MESSAGES/khotkeys.mo", "size_i": "4127", "regex": "false"},
	{"name_s": "/usr/share/locale/eu/LC_MESSAGES/khotnewstuff.mo", "size_i": "776", "regex": "false"},
	{"name_s": "/usr/share/locale/eu/LC_MESSAGES/khtmlkttsd.mo", "size_i": "836", "regex": "false"},
	{"name_s": "/usr/share/locale/eu/LC_MESSAGES/kiconfinder.mo", "size_i": "690", "regex": "false"},
	{"name_s": "/usr/share/locale/eu/LC_MESSAGES/kig.mo", "size_i": "108103", "regex": "false"},
	{"name_s": "/usr/share/locale/eu/LC_MESSAGES/kinetd.mo", "size_i": "602", "regex": "false"},
	{"name_s": "/usr/share/locale/eu/LC_MESSAGES/kinfocenter.mo", "size_i": "11076", "regex": "false"},
	{"name_s": "/usr/share/locale/eu/LC_MESSAGES/kio4.mo", "size_i": "131996", "regex": "false"},
	{"name_s": "/usr/share/locale/eu/LC_MESSAGES/kio_applications.mo", "size_i": "623", "regex": "false"},
	{"name_s": "/usr/share/locale/eu/LC_MESSAGES/kio_archive.mo", "size_i": "794", "regex": "false"},
	{"name_s": "/usr/share/locale/eu/LC_MESSAGES/kio_audiocd.mo", "size_i": "3029", "regex": "false"},
	{"name_s": "/usr/share/locale/eu/LC_MESSAGES/kio_bookmarks.mo", "size_i": "1272", "regex": "false"},
	{"name_s": "/usr/share/locale/eu/LC_MESSAGES/kio_finger.mo", "size_i": "998", "regex": "false"},
	{"name_s": "/usr/share/locale/eu/LC_MESSAGES/kio_fish.mo", "size_i": "746", "regex": "false"},
	{"name_s": "/usr/share/locale/eu/LC_MESSAGES/kio_floppy.mo", "size_i": "2550", "regex": "false"},
	{"name_s": "/usr/share/locale/eu/LC_MESSAGES/kio_groupwise.mo", "size_i": "1382", "regex": "false"},
	{"name_s": "/usr/share/locale/eu/LC_MESSAGES/kio_help4.mo", "size_i": "2808", "regex": "false"},
	{"name_s": "/usr/share/locale/eu/LC_MESSAGES/kio_imap4.mo", "size_i": "3756", "regex": "false"},
	{"name_s": "/usr/share/locale/eu/LC_MESSAGES/kio_jabberdisco.mo", "size_i": "864", "regex": "false"},
	{"name_s": "/usr/share/locale/eu/LC_MESSAGES/kio_ldap.mo", "size_i": "856", "regex": "false"},
	{"name_s": "/usr/share/locale/eu/LC_MESSAGES/kio_man.mo", "size_i": "3260", "regex": "false"},
	{"name_s": "/usr/share/locale/eu/LC_MESSAGES/kio_nepomuksearch.mo", "size_i": "744", "regex": "false"},
	{"name_s": "/usr/share/locale/eu/LC_MESSAGES/kio_nfs.mo", "size_i": "823", "regex": "false"},
	{"name_s": "/usr/share/locale/eu/LC_MESSAGES/kio_nntp.mo", "size_i": "1101", "regex": "false"},
	{"name_s": "/usr/share/locale/eu/LC_MESSAGES/kio_pop3.mo", "size_i": "2967", "regex": "false"},
	{"name_s": "/usr/share/locale/eu/LC_MESSAGES/kio_remote.mo", "size_i": "531", "regex": "false"},
	{"name_s": "/usr/share/locale/eu/LC_MESSAGES/kio_sftp.mo", "size_i": "6496", "regex": "false"},
	{"name_s": "/usr/share/locale/eu/LC_MESSAGES/kio_sieve.mo", "size_i": "3374", "regex": "false"},
	{"name_s": "/usr/share/locale/eu/LC_MESSAGES/kio_smb.mo", "size_i": "3871", "regex": "false"},
	{"name_s": "/usr/share/locale/eu/LC_MESSAGES/kio_smtp.mo", "size_i": "3753", "regex": "false"},
	{"name_s": "/usr/share/locale/eu/LC_MESSAGES/kio_svn.mo", "size_i": "2929", "regex": "false"},
	{"name_s": "/usr/share/locale/eu/LC_MESSAGES/kio_thumbnail.mo", "size_i": "1451", "regex": "false"},
	{"name_s": "/usr/share/locale/eu/LC_MESSAGES/kio_trash.mo", "size_i": "2599", "regex": "false"},
	{"name_s": "/usr/share/locale/eu/LC_MESSAGES/kio_zeroconf.mo", "size_i": "1020", "regex": "false"},
	{"name_s": "/usr/share/locale/eu/LC_MESSAGES/kioclient.mo", "size_i": "4536", "regex": "false"},
	{"name_s": "/usr/share/locale/eu/LC_MESSAGES/kioexec.mo", "size_i": "2436", "regex": "false"},
	{"name_s": "/usr/share/locale/eu/LC_MESSAGES/kiten.mo", "size_i": "10091", "regex": "false"},
	{"name_s": "/usr/share/locale/eu/LC_MESSAGES/kjots.mo", "size_i": "8266", "regex": "false"},
	{"name_s": "/usr/share/locale/eu/LC_MESSAGES/kjumpingcube.mo", "size_i": "4038", "regex": "false"},
	{"name_s": "/usr/share/locale/eu/LC_MESSAGES/kleopatra.mo", "size_i": "5488", "regex": "false"},
	{"name_s": "/usr/share/locale/eu/LC_MESSAGES/klettres.mo", "size_i": "11416", "regex": "false"},
	{"name_s": "/usr/share/locale/eu/LC_MESSAGES/klines.mo", "size_i": "2622", "regex": "false"},
	{"name_s": "/usr/share/locale/eu/LC_MESSAGES/klipper.mo", "size_i": "6956", "regex": "false"},
	{"name_s": "/usr/share/locale/eu/LC_MESSAGES/klock.mo", "size_i": "21854", "regex": "false"},
	{"name_s": "/usr/share/locale/eu/LC_MESSAGES/kmag.mo", "size_i": "8354", "regex": "false"},
	{"name_s": "/usr/share/locale/eu/LC_MESSAGES/kmahjongg.mo", "size_i": "7114", "regex": "false"},
	{"name_s": "/usr/share/locale/eu/LC_MESSAGES/kmail.mo", "size_i": "205018", "regex": "false"},
	{"name_s": "/usr/share/locale/eu/LC_MESSAGES/kmail_text_calendar_plugin.mo", "size_i": "1217", "regex": "false"},
	{"name_s": "/usr/share/locale/eu/LC_MESSAGES/kmail_text_vcard_plugin.mo", "size_i": "735", "regex": "false"},
	{"name_s": "/usr/share/locale/eu/LC_MESSAGES/kmailcvt.mo", "size_i": "14332", "regex": "false"},
	{"name_s": "/usr/share/locale/eu/LC_MESSAGES/kmenuedit.mo", "size_i": "4813", "regex": "false"},
	{"name_s": "/usr/share/locale/eu/LC_MESSAGES/kmimetypefinder.mo", "size_i": "627", "regex": "false"},
	{"name_s": "/usr/share/locale/eu/LC_MESSAGES/kmines.mo", "size_i": "3028", "regex": "false"},
	{"name_s": "/usr/share/locale/eu/LC_MESSAGES/kmix.mo", "size_i": "11492", "regex": "false"},
	{"name_s": "/usr/share/locale/eu/LC_MESSAGES/kmousetool.mo", "size_i": "3478", "regex": "false"},
	{"name_s": "/usr/share/locale/eu/LC_MESSAGES/kmouth.mo", "size_i": "25687", "regex": "false"},
	{"name_s": "/usr/share/locale/eu/LC_MESSAGES/kmplot.mo", "size_i": "40928", "regex": "false"},
	{"name_s": "/usr/share/locale/eu/LC_MESSAGES/knetattach.mo", "size_i": "3892", "regex": "false"},
	{"name_s": "/usr/share/locale/eu/LC_MESSAGES/knetwalk.mo", "size_i": "4342", "regex": "false"},
	{"name_s": "/usr/share/locale/eu/LC_MESSAGES/knetworkconfmodule.mo", "size_i": "18434", "regex": "false"},
	{"name_s": "/usr/share/locale/eu/LC_MESSAGES/knode.mo", "size_i": "53398", "regex": "false"},
	{"name_s": "/usr/share/locale/eu/LC_MESSAGES/knotes.mo", "size_i": "5253", "regex": "false"},
	{"name_s": "/usr/share/locale/eu/LC_MESSAGES/knotify4.mo", "size_i": "1389", "regex": "false"},
	{"name_s": "/usr/share/locale/eu/LC_MESSAGES/kolf.mo", "size_i": "8916", "regex": "false"},
	{"name_s": "/usr/share/locale/eu/LC_MESSAGES/kolourpaint.mo", "size_i": "55655", "regex": "false"},
	{"name_s": "/usr/share/locale/eu/LC_MESSAGES/kompare.mo", "size_i": "20714", "regex": "false"},
	{"name_s": "/usr/share/locale/eu/LC_MESSAGES/konqueror.mo", "size_i": "45565", "regex": "false"},
	{"name_s": "/usr/share/locale/eu/LC_MESSAGES/konquest.mo", "size_i": "5400", "regex": "false"},
	{"name_s": "/usr/share/locale/eu/LC_MESSAGES/konsole.mo", "size_i": "26781", "regex": "false"},
	{"name_s": "/usr/share/locale/eu/LC_MESSAGES/konsolekalendar.mo", "size_i": "8846", "regex": "false"},
	{"name_s": "/usr/share/locale/eu/LC_MESSAGES/kontact.mo", "size_i": "6886", "regex": "false"},
	{"name_s": "/usr/share/locale/eu/LC_MESSAGES/kopete.mo", "size_i": "317024", "regex": "false"},
	{"name_s": "/usr/share/locale/eu/LC_MESSAGES/korganizer.mo", "size_i": "74550", "regex": "false"},
	{"name_s": "/usr/share/locale/eu/LC_MESSAGES/kpackage.mo", "size_i": "9842", "regex": "false"},
	{"name_s": "/usr/share/locale/eu/LC_MESSAGES/kpartsaver.mo", "size_i": "1700", "regex": "false"},
	{"name_s": "/usr/share/locale/eu/LC_MESSAGES/kpasswdserver.mo", "size_i": "674", "regex": "false"},
	{"name_s": "/usr/share/locale/eu/LC_MESSAGES/kpat.mo", "size_i": "5592", "regex": "false"},
	{"name_s": "/usr/share/locale/eu/LC_MESSAGES/kpilot.mo", "size_i": "81248", "regex": "false"},
	{"name_s": "/usr/share/locale/eu/LC_MESSAGES/kppp.mo", "size_i": "56305", "regex": "false"},
	{"name_s": "/usr/share/locale/eu/LC_MESSAGES/kppplogview.mo", "size_i": "4487", "regex": "false"},
	{"name_s": "/usr/share/locale/eu/LC_MESSAGES/kquitapp.mo", "size_i": "1716", "regex": "false"},
	{"name_s": "/usr/share/locale/eu/LC_MESSAGES/krandr.mo", "size_i": "5553", "regex": "false"},
	{"name_s": "/usr/share/locale/eu/LC_MESSAGES/krdb.mo", "size_i": "893", "regex": "false"},
	{"name_s": "/usr/share/locale/eu/LC_MESSAGES/krdc.mo", "size_i": "19372", "regex": "false"},
	{"name_s": "/usr/share/locale/eu/LC_MESSAGES/kreadconfig.mo", "size_i": "1216", "regex": "false"},
	{"name_s": "/usr/share/locale/eu/LC_MESSAGES/kres_birthday.mo", "size_i": "1037", "regex": "false"},
	{"name_s": "/usr/share/locale/eu/LC_MESSAGES/kres_bugzilla.mo", "size_i": "707", "regex": "false"},
	{"name_s": "/usr/share/locale/eu/LC_MESSAGES/kres_groupware.mo", "size_i": "1482", "regex": "false"},
	{"name_s": "/usr/share/locale/eu/LC_MESSAGES/kres_groupwise.mo", "size_i": "4764", "regex": "false"},
	{"name_s": "/usr/share/locale/eu/LC_MESSAGES/kres_kolab.mo", "size_i": "1756", "regex": "false"},
	{"name_s": "/usr/share/locale/eu/LC_MESSAGES/kres_remote.mo", "size_i": "853", "regex": "false"},
	{"name_s": "/usr/share/locale/eu/LC_MESSAGES/kres_tvanytime.mo", "size_i": "823", "regex": "false"},
	{"name_s": "/usr/share/locale/eu/LC_MESSAGES/kres_xmlrpc.mo", "size_i": "1768", "regex": "false"},
	{"name_s": "/usr/share/locale/eu/LC_MESSAGES/kreversi.mo", "size_i": "4118", "regex": "false"},
	{"name_s": "/usr/share/locale/eu/LC_MESSAGES/krfb.mo", "size_i": "19349", "regex": "false"},
	{"name_s": "/usr/share/locale/eu/LC_MESSAGES/kruler.mo", "size_i": "5178", "regex": "false"},
	{"name_s": "/usr/share/locale/eu/LC_MESSAGES/krunner.mo", "size_i": "6126", "regex": "false"},
	{"name_s": "/usr/share/locale/eu/LC_MESSAGES/ksame.mo", "size_i": "2387", "regex": "false"},
	{"name_s": "/usr/share/locale/eu/LC_MESSAGES/ksaneplugin.mo", "size_i": "598", "regex": "false"},
	{"name_s": "/usr/share/locale/eu/LC_MESSAGES/ksayit.mo", "size_i": "6863", "regex": "false"},
	{"name_s": "/usr/share/locale/eu/LC_MESSAGES/kscd.mo", "size_i": "7168", "regex": "false"},
	{"name_s": "/usr/share/locale/eu/LC_MESSAGES/kscreensaver.mo", "size_i": "1414", "regex": "false"},
	{"name_s": "/usr/share/locale/eu/LC_MESSAGES/kshisen.mo", "size_i": "8259", "regex": "false"},
	{"name_s": "/usr/share/locale/eu/LC_MESSAGES/kshorturifilter.mo", "size_i": "826", "regex": "false"},
	{"name_s": "/usr/share/locale/eu/LC_MESSAGES/ksmserver.mo", "size_i": "2438", "regex": "false"},
	{"name_s": "/usr/share/locale/eu/LC_MESSAGES/ksnapshot.mo", "size_i": "8537", "regex": "false"},
	{"name_s": "/usr/share/locale/eu/LC_MESSAGES/kspaceduel.mo", "size_i": "4742", "regex": "false"},
	{"name_s": "/usr/share/locale/eu/LC_MESSAGES/ksplashthemes.mo", "size_i": "4416", "regex": "false"},
	{"name_s": "/usr/share/locale/eu/LC_MESSAGES/kstars.mo", "size_i": "679756", "regex": "false"},
	{"name_s": "/usr/share/locale/eu/LC_MESSAGES/kstart.mo", "size_i": "3910", "regex": "false"},
	{"name_s": "/usr/share/locale/eu/LC_MESSAGES/kstartperf.mo", "size_i": "891", "regex": "false"},
	{"name_s": "/usr/share/locale/eu/LC_MESSAGES/kstyle_config.mo", "size_i": "803", "regex": "false"},
	{"name_s": "/usr/share/locale/eu/LC_MESSAGES/kstyle_keramik_config.mo", "size_i": "632", "regex": "false"},
	{"name_s": "/usr/share/locale/eu/LC_MESSAGES/kstyle_phase_config.mo", "size_i": "1139", "regex": "false"},
	{"name_s": "/usr/share/locale/eu/LC_MESSAGES/ksysguard.mo", "size_i": "18070", "regex": "false"},
	{"name_s": "/usr/share/locale/eu/LC_MESSAGES/ksysguardlsofwidgets.mo", "size_i": "755", "regex": "false"},
	{"name_s": "/usr/share/locale/eu/LC_MESSAGES/ksystraycmd.mo", "size_i": "2914", "regex": "false"},
	{"name_s": "/usr/share/locale/eu/LC_MESSAGES/ksysv.mo", "size_i": "21083", "regex": "false"},
	{"name_s": "/usr/share/locale/eu/LC_MESSAGES/kteatime.mo", "size_i": "4258", "regex": "false"},
	{"name_s": "/usr/share/locale/eu/LC_MESSAGES/ktexteditor_plugins.mo", "size_i": "9139", "regex": "false"},
	{"name_s": "/usr/share/locale/eu/LC_MESSAGES/kthememanager.mo", "size_i": "3530", "regex": "false"},
	{"name_s": "/usr/share/locale/eu/LC_MESSAGES/ktimer.mo", "size_i": "2253", "regex": "false"},
	{"name_s": "/usr/share/locale/eu/LC_MESSAGES/ktimetracker.mo", "size_i": "7298", "regex": "false"},
	{"name_s": "/usr/share/locale/eu/LC_MESSAGES/ktouch.mo", "size_i": "34461", "regex": "false"},
	{"name_s": "/usr/share/locale/eu/LC_MESSAGES/ktraderclient.mo", "size_i": "651", "regex": "false"},
	{"name_s": "/usr/share/locale/eu/LC_MESSAGES/kttsd.mo", "size_i": "62251", "regex": "false"},
	{"name_s": "/usr/share/locale/eu/LC_MESSAGES/ktuberling.mo", "size_i": "3113", "regex": "false"},
	{"name_s": "/usr/share/locale/eu/LC_MESSAGES/kturtle.mo", "size_i": "39013", "regex": "false"},
	{"name_s": "/usr/share/locale/eu/LC_MESSAGES/ktux.mo", "size_i": "1010", "regex": "false"},
	{"name_s": "/usr/share/locale/eu/LC_MESSAGES/kuiserver.mo", "size_i": "2266", "regex": "false"},
	{"name_s": "/usr/share/locale/eu/LC_MESSAGES/kuiviewer.mo", "size_i": "1394", "regex": "false"},
	{"name_s": "/usr/share/locale/eu/LC_MESSAGES/kurifilter.mo", "size_i": "2427", "regex": "false"},
	{"name_s": "/usr/share/locale/eu/LC_MESSAGES/kuser.mo", "size_i": "32637", "regex": "false"},
	{"name_s": "/usr/share/locale/eu/LC_MESSAGES/kwalletd.mo", "size_i": "9833", "regex": "false"},
	{"name_s": "/usr/share/locale/eu/LC_MESSAGES/kwalletmanager.mo", "size_i": "8173", "regex": "false"},
	{"name_s": "/usr/share/locale/eu/LC_MESSAGES/kwatchgnupg.mo", "size_i": "2491", "regex": "false"},
	{"name_s": "/usr/share/locale/eu/LC_MESSAGES/kweather.mo", "size_i": "10439", "regex": "false"},
	{"name_s": "/usr/share/locale/eu/LC_MESSAGES/kwin.mo", "size_i": "15772", "regex": "false"},
	{"name_s": "/usr/share/locale/eu/LC_MESSAGES/kwin_art_clients.mo", "size_i": "5727", "regex": "false"},
	{"name_s": "/usr/share/locale/eu/LC_MESSAGES/kwin_clients.mo", "size_i": "9491", "regex": "false"},
	{"name_s": "/usr/share/locale/eu/LC_MESSAGES/kwin_effects.mo", "size_i": "8789", "regex": "false"},
	{"name_s": "/usr/share/locale/eu/LC_MESSAGES/kwin_lib.mo", "size_i": "1625", "regex": "false"},
	{"name_s": "/usr/share/locale/eu/LC_MESSAGES/kwinstartmenu.mo", "size_i": "1201", "regex": "false"},
	{"name_s": "/usr/share/locale/eu/LC_MESSAGES/kwordquiz.mo", "size_i": "31023", "regex": "false"},
	{"name_s": "/usr/share/locale/eu/LC_MESSAGES/kwrite.mo", "size_i": "7148", "regex": "false"},
	{"name_s": "/usr/share/locale/eu/LC_MESSAGES/kwriteconfig.mo", "size_i": "1646", "regex": "false"},
	{"name_s": "/usr/share/locale/eu/LC_MESSAGES/kxkb.mo", "size_i": "7737", "regex": "false"},
	{"name_s": "/usr/share/locale/eu/LC_MESSAGES/kxsconfig.mo", "size_i": "13620", "regex": "false"},
	{"name_s": "/usr/share/locale/eu/LC_MESSAGES/lancelot.mo", "size_i": "4941", "regex": "false"},
	{"name_s": "/usr/share/locale/eu/LC_MESSAGES/libkcal.mo", "size_i": "11791", "regex": "false"},
	{"name_s": "/usr/share/locale/eu/LC_MESSAGES/libkcddb.mo", "size_i": "8918", "regex": "false"},
	{"name_s": "/usr/share/locale/eu/LC_MESSAGES/libkdeedu.mo", "size_i": "26849", "regex": "false"},
	{"name_s": "/usr/share/locale/eu/LC_MESSAGES/libkdegames.mo", "size_i": "21023", "regex": "false"},
	{"name_s": "/usr/share/locale/eu/LC_MESSAGES/libkdepim.mo", "size_i": "16201", "regex": "false"},
	{"name_s": "/usr/share/locale/eu/LC_MESSAGES/libkholidays.mo", "size_i": "644", "regex": "false"},
	{"name_s": "/usr/share/locale/eu/LC_MESSAGES/libkleopatra.mo", "size_i": "10211", "regex": "false"},
	{"name_s": "/usr/share/locale/eu/LC_MESSAGES/libkmime.mo", "size_i": "2487", "regex": "false"},
	{"name_s": "/usr/share/locale/eu/LC_MESSAGES/libkonq.mo", "size_i": "2426", "regex": "false"},
	{"name_s": "/usr/share/locale/eu/LC_MESSAGES/libkpgp.mo", "size_i": "16148", "regex": "false"},
	{"name_s": "/usr/share/locale/eu/LC_MESSAGES/libksane.mo", "size_i": "2635", "regex": "false"},
	{"name_s": "/usr/share/locale/eu/LC_MESSAGES/libkscreensaver.mo", "size_i": "965", "regex": "false"},
	{"name_s": "/usr/share/locale/eu/LC_MESSAGES/libksieve.mo", "size_i": "5588", "regex": "false"},
	{"name_s": "/usr/share/locale/eu/LC_MESSAGES/libkworkspace.mo", "size_i": "1216", "regex": "false"},
	{"name_s": "/usr/share/locale/eu/LC_MESSAGES/liboktetacore.mo", "size_i": "707", "regex": "false"},
	{"name_s": "/usr/share/locale/eu/LC_MESSAGES/libphonon.mo", "size_i": "1613", "regex": "false"},
	{"name_s": "/usr/share/locale/eu/LC_MESSAGES/libplasma.mo", "size_i": "6509", "regex": "false"},
	{"name_s": "/usr/share/locale/eu/LC_MESSAGES/libplasmaclock.mo", "size_i": "4435", "regex": "false"},
	{"name_s": "/usr/share/locale/eu/LC_MESSAGES/libtaskmanager.mo", "size_i": "1554", "regex": "false"},
	{"name_s": "/usr/share/locale/eu/LC_MESSAGES/lokalize.mo", "size_i": "13352", "regex": "false"},
	{"name_s": "/usr/share/locale/eu/LC_MESSAGES/lskat.mo", "size_i": "6186", "regex": "false"},
	{"name_s": "/usr/share/locale/eu/LC_MESSAGES/nepomuk.mo", "size_i": "8150", "regex": "false"},
	{"name_s": "/usr/share/locale/eu/LC_MESSAGES/nepomuksearch.mo", "size_i": "1004", "regex": "false"},
	{"name_s": "/usr/share/locale/eu/LC_MESSAGES/nsplugin.mo", "size_i": "1525", "regex": "false"},
	{"name_s": "/usr/share/locale/eu/LC_MESSAGES/okteta.mo", "size_i": "13408", "regex": "false"},
	{"name_s": "/usr/share/locale/eu/LC_MESSAGES/oktetapart.mo", "size_i": "1608", "regex": "false"},
	{"name_s": "/usr/share/locale/eu/LC_MESSAGES/okular.mo", "size_i": "37271", "regex": "false"},
	{"name_s": "/usr/share/locale/eu/LC_MESSAGES/okular_chm.mo", "size_i": "1037", "regex": "false"},
	{"name_s": "/usr/share/locale/eu/LC_MESSAGES/okular_comicbook.mo", "size_i": "1271", "regex": "false"},
	{"name_s": "/usr/share/locale/eu/LC_MESSAGES/okular_djvu.mo", "size_i": "2020", "regex": "false"},
	{"name_s": "/usr/share/locale/eu/LC_MESSAGES/okular_fax.mo", "size_i": "940", "regex": "false"},
	{"name_s": "/usr/share/locale/eu/LC_MESSAGES/okular_fictionbook.mo", "size_i": "1493", "regex": "false"},
	{"name_s": "/usr/share/locale/eu/LC_MESSAGES/okular_ghostview.mo", "size_i": "1378", "regex": "false"},
	{"name_s": "/usr/share/locale/eu/LC_MESSAGES/okular_kimgio.mo", "size_i": "1223", "regex": "false"},
	{"name_s": "/usr/share/locale/eu/LC_MESSAGES/okular_ooo.mo", "size_i": "3665", "regex": "false"},
	{"name_s": "/usr/share/locale/eu/LC_MESSAGES/okular_plucker.mo", "size_i": "948", "regex": "false"},
	{"name_s": "/usr/share/locale/eu/LC_MESSAGES/okular_poppler.mo", "size_i": "2317", "regex": "false"},
	{"name_s": "/usr/share/locale/eu/LC_MESSAGES/okular_tiff.mo", "size_i": "1260", "regex": "false"},
	{"name_s": "/usr/share/locale/eu/LC_MESSAGES/okular_xps.mo", "size_i": "1053", "regex": "false"},
	{"name_s": "/usr/share/locale/eu/LC_MESSAGES/parley.mo", "size_i": "65506", "regex": "false"},
	{"name_s": "/usr/share/locale/eu/LC_MESSAGES/phonon-xine.mo", "size_i": "2717", "regex": "false"},
	{"name_s": "/usr/share/locale/eu/LC_MESSAGES/phonon_gstreamer.mo", "size_i": "1796", "regex": "false"},
	{"name_s": "/usr/share/locale/eu/LC_MESSAGES/phonon_kde.mo", "size_i": "1046", "regex": "false"},
	{"name_s": "/usr/share/locale/eu/LC_MESSAGES/phononserver.mo", "size_i": "2700", "regex": "false"},
	{"name_s": "/usr/share/locale/eu/LC_MESSAGES/plasma-desktop.mo", "size_i": "3181", "regex": "false"},
	{"name_s": "/usr/share/locale/eu/LC_MESSAGES/plasma-overlay.mo", "size_i": "2194", "regex": "false"},
	{"name_s": "/usr/share/locale/eu/LC_MESSAGES/plasma-shells-common.mo", "size_i": "3609", "regex": "false"},
	{"name_s": "/usr/share/locale/eu/LC_MESSAGES/plasma_applet_BbalL.mo", "size_i": "1332", "regex": "false"},
	{"name_s": "/usr/share/locale/eu/LC_MESSAGES/plasma_applet_battery.mo", "size_i": "2072", "regex": "false"},
	{"name_s": "/usr/share/locale/eu/LC_MESSAGES/plasma_applet_calculator.mo", "size_i": "1060", "regex": "false"},
	{"name_s": "/usr/share/locale/eu/LC_MESSAGES/plasma_applet_clock.mo", "size_i": "981", "regex": "false"},
	{"name_s": "/usr/share/locale/eu/LC_MESSAGES/plasma_applet_comic.mo", "size_i": "851", "regex": "false"},
	{"name_s": "/usr/share/locale/eu/LC_MESSAGES/plasma_applet_desktop.mo", "size_i": "664", "regex": "false"},
	{"name_s": "/usr/share/locale/eu/LC_MESSAGES/plasma_applet_devicenotifier.mo", "size_i": "1108", "regex": "false"},
	{"name_s": "/usr/share/locale/eu/LC_MESSAGES/plasma_applet_dig_clock.mo", "size_i": "3825", "regex": "false"},
	{"name_s": "/usr/share/locale/eu/LC_MESSAGES/plasma_applet_fifteenPuzzle.mo", "size_i": "1052", "regex": "false"},
	{"name_s": "/usr/share/locale/eu/LC_MESSAGES/plasma_applet_folderview.mo", "size_i": "7677", "regex": "false"},
	{"name_s": "/usr/share/locale/eu/LC_MESSAGES/plasma_applet_icon.mo", "size_i": "944", "regex": "false"},
	{"name_s": "/usr/share/locale/eu/LC_MESSAGES/plasma_applet_kget.mo", "size_i": "698", "regex": "false"},
	{"name_s": "/usr/share/locale/eu/LC_MESSAGES/plasma_applet_launcher.mo", "size_i": "4154", "regex": "false"},
	{"name_s": "/usr/share/locale/eu/LC_MESSAGES/plasma_applet_luna.mo", "size_i": "1605", "regex": "false"},
	{"name_s": "/usr/share/locale/eu/LC_MESSAGES/plasma_applet_pager.mo", "size_i": "1227", "regex": "false"},
	{"name_s": "/usr/share/locale/eu/LC_MESSAGES/plasma_applet_panel.mo", "size_i": "581", "regex": "false"},
	{"name_s": "/usr/share/locale/eu/LC_MESSAGES/plasma_applet_qstardict.mo", "size_i": "601", "regex": "false"},
	{"name_s": "/usr/share/locale/eu/LC_MESSAGES/plasma_applet_quicklaunch.mo", "size_i": "886", "regex": "false"},
	{"name_s": "/usr/share/locale/eu/LC_MESSAGES/plasma_applet_saverdesktop.mo", "size_i": "536", "regex": "false"},
	{"name_s": "/usr/share/locale/eu/LC_MESSAGES/plasma_applet_skapplet.mo", "size_i": "750", "regex": "false"},
	{"name_s": "/usr/share/locale/eu/LC_MESSAGES/plasma_applet_system-monitor.mo", "size_i": "1614", "regex": "false"},
	{"name_s": "/usr/share/locale/eu/LC_MESSAGES/plasma_applet_systemloadviewer.mo", "size_i": "1175", "regex": "false"},
	{"name_s": "/usr/share/locale/eu/LC_MESSAGES/plasma_applet_systemtray.mo", "size_i": "910", "regex": "false"},
	{"name_s": "/usr/share/locale/eu/LC_MESSAGES/plasma_applet_tasks.mo", "size_i": "1882", "regex": "false"},
	{"name_s": "/usr/share/locale/eu/LC_MESSAGES/plasma_applet_trash.mo", "size_i": "1035", "regex": "false"},
	{"name_s": "/usr/share/locale/eu/LC_MESSAGES/plasma_applet_weather.mo", "size_i": "707", "regex": "false"},
	{"name_s": "/usr/share/locale/eu/LC_MESSAGES/plasma_applet_weatherstation.mo", "size_i": "490", "regex": "false"},
	{"name_s": "/usr/share/locale/eu/LC_MESSAGES/plasma_applet_webbrowser.mo", "size_i": "851", "regex": "false"},
	{"name_s": "/usr/share/locale/eu/LC_MESSAGES/plasma_appletscriptengine_dashboard.mo", "size_i": "663", "regex": "false"},
	{"name_s": "/usr/share/locale/eu/LC_MESSAGES/plasma_appletscriptengine_qedjescripts.mo", "size_i": "856", "regex": "false"},
	{"name_s": "/usr/share/locale/eu/LC_MESSAGES/plasma_engine_kuiserver.mo", "size_i": "580", "regex": "false"},
	{"name_s": "/usr/share/locale/eu/LC_MESSAGES/plasma_engine_rss.mo", "size_i": "742", "regex": "false"},
	{"name_s": "/usr/share/locale/eu/LC_MESSAGES/plasma_runner_contacts.mo", "size_i": "571", "regex": "false"},
	{"name_s": "/usr/share/locale/eu/LC_MESSAGES/plasma_runner_locations.mo", "size_i": "617", "regex": "false"},
	{"name_s": "/usr/share/locale/eu/LC_MESSAGES/plasma_runner_nepomuksearchrunner.mo", "size_i": "614", "regex": "false"},
	{"name_s": "/usr/share/locale/eu/LC_MESSAGES/plasma_runner_powerdevil.mo", "size_i": "1289", "regex": "false"},
	{"name_s": "/usr/share/locale/eu/LC_MESSAGES/plasma_runner_recentdocuments.mo", "size_i": "553", "regex": "false"},
	{"name_s": "/usr/share/locale/eu/LC_MESSAGES/plasma_runner_sessions.mo", "size_i": "2308", "regex": "false"},
	{"name_s": "/usr/share/locale/eu/LC_MESSAGES/plasma_runner_shell.mo", "size_i": "1870", "regex": "false"},
	{"name_s": "/usr/share/locale/eu/LC_MESSAGES/plasma_runner_webshortcuts.mo", "size_i": "550", "regex": "false"},
	{"name_s": "/usr/share/locale/eu/LC_MESSAGES/plasma_scriptengine_qscript.mo", "size_i": "1024", "regex": "false"},
	{"name_s": "/usr/share/locale/eu/LC_MESSAGES/plasma_wallpaper_color.mo", "size_i": "554", "regex": "false"},
	{"name_s": "/usr/share/locale/eu/LC_MESSAGES/plasma_wallpaper_image.mo", "size_i": "2055", "regex": "false"},
	{"name_s": "/usr/share/locale/eu/LC_MESSAGES/plasmaengineexplorer.mo", "size_i": "4057", "regex": "false"},
	{"name_s": "/usr/share/locale/eu/LC_MESSAGES/plasmapkg.mo", "size_i": "3432", "regex": "false"},
	{"name_s": "/usr/share/locale/eu/LC_MESSAGES/plasmoidviewer.mo", "size_i": "2089", "regex": "false"},
	{"name_s": "/usr/share/locale/eu/LC_MESSAGES/policykit-kde.mo", "size_i": "4500", "regex": "false"},
	{"name_s": "/usr/share/locale/eu/LC_MESSAGES/polkit-kde-authorization.mo", "size_i": "1039", "regex": "false"},
	{"name_s": "/usr/share/locale/eu/LC_MESSAGES/powerdevil.mo", "size_i": "15937", "regex": "false"},
	{"name_s": "/usr/share/locale/eu/LC_MESSAGES/printer-applet.mo", "size_i": "5962", "regex": "false"},
	{"name_s": "/usr/share/locale/eu/LC_MESSAGES/processcore.mo", "size_i": "1605", "regex": "false"},
	{"name_s": "/usr/share/locale/eu/LC_MESSAGES/processui.mo", "size_i": "33140", "regex": "false"},
	{"name_s": "/usr/share/locale/eu/LC_MESSAGES/solid-bluetooth.mo", "size_i": "2163", "regex": "false"},
	{"name_s": "/usr/share/locale/eu/LC_MESSAGES/solid-hardware.mo", "size_i": "4252", "regex": "false"},
	{"name_s": "/usr/share/locale/eu/LC_MESSAGES/solid-network.mo", "size_i": "5242", "regex": "false"},
	{"name_s": "/usr/share/locale/eu/LC_MESSAGES/solid-powermanagement.mo", "size_i": "3086", "regex": "false"},
	{"name_s": "/usr/share/locale/eu/LC_MESSAGES/solidcontrol.mo", "size_i": "758", "regex": "false"},
	{"name_s": "/usr/share/locale/eu/LC_MESSAGES/soliduiserver.mo", "size_i": "933", "regex": "false"},
	{"name_s": "/usr/share/locale/eu/LC_MESSAGES/spy.mo", "size_i": "1000", "regex": "false"},
	{"name_s": "/usr/share/locale/eu/LC_MESSAGES/strigila_diff.mo", "size_i": "893", "regex": "false"},
	{"name_s": "/usr/share/locale/eu/LC_MESSAGES/superkaramba.mo", "size_i": "5565", "regex": "false"},
	{"name_s": "/usr/share/locale/eu/LC_MESSAGES/svgpart.mo", "size_i": "990", "regex": "false"},
	{"name_s": "/usr/share/locale/eu/LC_MESSAGES/sweeper.mo", "size_i": "4533", "regex": "false"},
	{"name_s": "/usr/share/locale/eu/LC_MESSAGES/systemsettings.mo", "size_i": "3661", "regex": "false"},
	{"name_s": "/usr/share/locale/eu/LC_MESSAGES/timezones4.mo", "size_i": "41964", "regex": "false"},
	{"name_s": "/usr/share/locale/eu/LC_MESSAGES/umbrello.mo", "size_i": "50939", "regex": "false"},
	{"name_s": "/usr/share/locale/eu/LC_MESSAGES/useraccount.mo", "size_i": "5180", "regex": "false"},
	{"name_s": "/usr/share/locale/eu/entry.desktop", "size_i": "1856", "regex": "false"}
]
