[
	{"name_s": "/usr/share/locale/th/LC_MESSAGES/akregator.mo", "size_i": "27828", "regex": "false"},
	{"name_s": "/usr/share/locale/th/LC_MESSAGES/amor.mo", "size_i": "6239", "regex": "false"},
	{"name_s": "/usr/share/locale/th/LC_MESSAGES/ark.mo", "size_i": "19290", "regex": "false"},
	{"name_s": "/usr/share/locale/th/LC_MESSAGES/audiocd_encoder_lame.mo", "size_i": "9915", "regex": "false"},
	{"name_s": "/usr/share/locale/th/LC_MESSAGES/audiocd_encoder_vorbis.mo", "size_i": "5299", "regex": "false"},
	{"name_s": "/usr/share/locale/th/LC_MESSAGES/audiorename_plugin.mo", "size_i": "2194", "regex": "false"},
	{"name_s": "/usr/share/locale/th/LC_MESSAGES/display.mo", "size_i": "983", "regex": "false"},
	{"name_s": "/usr/share/locale/th/LC_MESSAGES/dolphin.mo", "size_i": "30658", "regex": "false"},
	{"name_s": "/usr/share/locale/th/LC_MESSAGES/dragonplayer.mo", "size_i": "7204", "regex": "false"},
	{"name_s": "/usr/share/locale/th/LC_MESSAGES/drkonqi.mo", "size_i": "817", "regex": "false"},
	{"name_s": "/usr/share/locale/th/LC_MESSAGES/filetypes.mo", "size_i": "20786", "regex": "false"},
	{"name_s": "/usr/share/locale/th/LC_MESSAGES/gwenview.mo", "size_i": "22175", "regex": "false"},
	{"name_s": "/usr/share/locale/th/LC_MESSAGES/htmlsearch.mo", "size_i": "5782", "regex": "false"},
	{"name_s": "/usr/share/locale/th/LC_MESSAGES/imagerename_plugin.mo", "size_i": "1302", "regex": "false"},
	{"name_s": "/usr/share/locale/th/LC_MESSAGES/joystick.mo", "size_i": "12484", "regex": "false"},
	{"name_s": "/usr/share/locale/th/LC_MESSAGES/juk.mo", "size_i": "38624", "regex": "false"},
	{"name_s": "/usr/share/locale/th/LC_MESSAGES/kabc.mo", "size_i": "8418", "regex": "false"},
	{"name_s": "/usr/share/locale/th/LC_MESSAGES/kabc_dir.mo", "size_i": "1171", "regex": "false"},
	{"name_s": "/usr/share/locale/th/LC_MESSAGES/kabc_file.mo", "size_i": "969", "regex": "false"},
	{"name_s": "/usr/share/locale/th/LC_MESSAGES/kabc_ldapkio.mo", "size_i": "4315", "regex": "false"},
	{"name_s": "/usr/share/locale/th/LC_MESSAGES/kabc_net.mo", "size_i": "1454", "regex": "false"},
	{"name_s": "/usr/share/locale/th/LC_MESSAGES/kabcclient.mo", "size_i": "649", "regex": "false"},
	{"name_s": "/usr/share/locale/th/LC_MESSAGES/kabcformat_binary.mo", "size_i": "831", "regex": "false"},
	{"name_s": "/usr/share/locale/th/LC_MESSAGES/kaccess.mo", "size_i": "16442", "regex": "false"},
	{"name_s": "/usr/share/locale/th/LC_MESSAGES/kaddressbook.mo", "size_i": "53268", "regex": "false"},
	{"name_s": "/usr/share/locale/th/LC_MESSAGES/kalzium.mo", "size_i": "17235", "regex": "false"},
	{"name_s": "/usr/share/locale/th/LC_MESSAGES/kalzium_qt.mo", "size_i": "3205", "regex": "false"},
	{"name_s": "/usr/share/locale/th/LC_MESSAGES/kappfinder.mo", "size_i": "2830", "regex": "false"},
	{"name_s": "/usr/share/locale/th/LC_MESSAGES/kate.mo", "size_i": "30123", "regex": "false"},
	{"name_s": "/usr/share/locale/th/LC_MESSAGES/kateexternaltoolsplugin.mo", "size_i": "530", "regex": "false"},
	{"name_s": "/usr/share/locale/th/LC_MESSAGES/katefilebrowserplugin.mo", "size_i": "2202", "regex": "false"},
	{"name_s": "/usr/share/locale/th/LC_MESSAGES/katefindinfilesplugin.mo", "size_i": "2654", "regex": "false"},
	{"name_s": "/usr/share/locale/th/LC_MESSAGES/katehelloworld.mo", "size_i": "600", "regex": "false"},
	{"name_s": "/usr/share/locale/th/LC_MESSAGES/katehtmltools.mo", "size_i": "926", "regex": "false"},
	{"name_s": "/usr/share/locale/th/LC_MESSAGES/katekonsoleplugin.mo", "size_i": "2089", "regex": "false"},
	{"name_s": "/usr/share/locale/th/LC_MESSAGES/katemailfilesplugin.mo", "size_i": "3854", "regex": "false"},
	{"name_s": "/usr/share/locale/th/LC_MESSAGES/kateopenheader.mo", "size_i": "577", "regex": "false"},
	{"name_s": "/usr/share/locale/th/LC_MESSAGES/katepart4.mo", "size_i": "134993", "regex": "false"},
	{"name_s": "/usr/share/locale/th/LC_MESSAGES/katepybrowse.mo", "size_i": "1037", "regex": "false"},
	{"name_s": "/usr/share/locale/th/LC_MESSAGES/kblackbox.mo", "size_i": "1117", "regex": "false"},
	{"name_s": "/usr/share/locale/th/LC_MESSAGES/kblankscrn.mo", "size_i": "995", "regex": "false"},
	{"name_s": "/usr/share/locale/th/LC_MESSAGES/kbounce.mo", "size_i": "1791", "regex": "false"},
	{"name_s": "/usr/share/locale/th/LC_MESSAGES/kbruch.mo", "size_i": "5504", "regex": "false"},
	{"name_s": "/usr/share/locale/th/LC_MESSAGES/kcalc.mo", "size_i": "18505", "regex": "false"},
	{"name_s": "/usr/share/locale/th/LC_MESSAGES/kcertpart.mo", "size_i": "696", "regex": "false"},
	{"name_s": "/usr/share/locale/th/LC_MESSAGES/kcharselect.mo", "size_i": "2864", "regex": "false"},
	{"name_s": "/usr/share/locale/th/LC_MESSAGES/kcm_autostart.mo", "size_i": "3108", "regex": "false"},
	{"name_s": "/usr/share/locale/th/LC_MESSAGES/kcm_desktopthemedetails.mo", "size_i": "4961", "regex": "false"},
	{"name_s": "/usr/share/locale/th/LC_MESSAGES/kcm_emoticons.mo", "size_i": "7541", "regex": "false"},
	{"name_s": "/usr/share/locale/th/LC_MESSAGES/kcm_krfb.mo", "size_i": "9824", "regex": "false"},
	{"name_s": "/usr/share/locale/th/LC_MESSAGES/kcm_kwindesktop.mo", "size_i": "2280", "regex": "false"},
	{"name_s": "/usr/share/locale/th/LC_MESSAGES/kcm_memory.mo", "size_i": "6860", "regex": "false"},
	{"name_s": "/usr/share/locale/th/LC_MESSAGES/kcm_partition.mo", "size_i": "3128", "regex": "false"},
	{"name_s": "/usr/share/locale/th/LC_MESSAGES/kcm_pci.mo", "size_i": "572", "regex": "false"},
	{"name_s": "/usr/share/locale/th/LC_MESSAGES/kcm_phonon.mo", "size_i": "5694", "regex": "false"},
	{"name_s": "/usr/share/locale/th/LC_MESSAGES/kcm_phononxine.mo", "size_i": "944", "regex": "false"},
	{"name_s": "/usr/share/locale/th/LC_MESSAGES/kcm_solid.mo", "size_i": "1315", "regex": "false"},
	{"name_s": "/usr/share/locale/th/LC_MESSAGES/kcm_standard_actions.mo", "size_i": "658", "regex": "false"},
	{"name_s": "/usr/share/locale/th/LC_MESSAGES/kcmaccess.mo", "size_i": "15330", "regex": "false"},
	{"name_s": "/usr/share/locale/th/LC_MESSAGES/kcmaudiocd.mo", "size_i": "8208", "regex": "false"},
	{"name_s": "/usr/share/locale/th/LC_MESSAGES/kcmbackground.mo", "size_i": "29871", "regex": "false"},
	{"name_s": "/usr/share/locale/th/LC_MESSAGES/kcmbell.mo", "size_i": "5610", "regex": "false"},
	{"name_s": "/usr/share/locale/th/LC_MESSAGES/kcmcddb.mo", "size_i": "4160", "regex": "false"},
	{"name_s": "/usr/share/locale/th/LC_MESSAGES/kcmcgi.mo", "size_i": "1885", "regex": "false"},
	{"name_s": "/usr/share/locale/th/LC_MESSAGES/kcmcolors.mo", "size_i": "11856", "regex": "false"},
	{"name_s": "/usr/share/locale/th/LC_MESSAGES/kcmcomponentchooser.mo", "size_i": "16030", "regex": "false"},
	{"name_s": "/usr/share/locale/th/LC_MESSAGES/kcmcrypto.mo", "size_i": "26034", "regex": "false"},
	{"name_s": "/usr/share/locale/th/LC_MESSAGES/kcmenergy.mo", "size_i": "5624", "regex": "false"},
	{"name_s": "/usr/share/locale/th/LC_MESSAGES/kcmfonts.mo", "size_i": "10171", "regex": "false"},
	{"name_s": "/usr/share/locale/th/LC_MESSAGES/kcmhtmlsearch.mo", "size_i": "5714", "regex": "false"},
	{"name_s": "/usr/share/locale/th/LC_MESSAGES/kcmicons.mo", "size_i": "11310", "regex": "false"},
	{"name_s": "/usr/share/locale/th/LC_MESSAGES/kcminfo.mo", "size_i": "2624", "regex": "false"},
	{"name_s": "/usr/share/locale/th/LC_MESSAGES/kcminit.mo", "size_i": "1336", "regex": "false"},
	{"name_s": "/usr/share/locale/th/LC_MESSAGES/kcminput.mo", "size_i": "24487", "regex": "false"},
	{"name_s": "/usr/share/locale/th/LC_MESSAGES/kcmioslaveinfo.mo", "size_i": "1783", "regex": "false"},
	{"name_s": "/usr/share/locale/th/LC_MESSAGES/kcmkabconfig.mo", "size_i": "5242", "regex": "false"},
	{"name_s": "/usr/share/locale/th/LC_MESSAGES/kcmkamera.mo", "size_i": "5531", "regex": "false"},
	{"name_s": "/usr/share/locale/th/LC_MESSAGES/kcmkclock.mo", "size_i": "5597", "regex": "false"},
	{"name_s": "/usr/share/locale/th/LC_MESSAGES/kcmkded.mo", "size_i": "6177", "regex": "false"},
	{"name_s": "/usr/share/locale/th/LC_MESSAGES/kcmkdnssd.mo", "size_i": "1643", "regex": "false"},
	{"name_s": "/usr/share/locale/th/LC_MESSAGES/kcmkeyboard.mo", "size_i": "5561", "regex": "false"},
	{"name_s": "/usr/share/locale/th/LC_MESSAGES/kcmkeys.mo", "size_i": "2189", "regex": "false"},
	{"name_s": "/usr/share/locale/th/LC_MESSAGES/kcmkgamma.mo", "size_i": "4277", "regex": "false"},
	{"name_s": "/usr/share/locale/th/LC_MESSAGES/kcmkio.mo", "size_i": "85177", "regex": "false"},
	{"name_s": "/usr/share/locale/th/LC_MESSAGES/kcmkonq.mo", "size_i": "6091", "regex": "false"},
	{"name_s": "/usr/share/locale/th/LC_MESSAGES/kcmkonqhtml.mo", "size_i": "88419", "regex": "false"},
	{"name_s": "/usr/share/locale/th/LC_MESSAGES/kcmkurifilt.mo", "size_i": "2960", "regex": "false"},
	{"name_s": "/usr/share/locale/th/LC_MESSAGES/kcmkwallet.mo", "size_i": "6034", "regex": "false"},
	{"name_s": "/usr/share/locale/th/LC_MESSAGES/kcmkwincompositing.mo", "size_i": "4599", "regex": "false"},
	{"name_s": "/usr/share/locale/th/LC_MESSAGES/kcmkwindecoration.mo", "size_i": "8266", "regex": "false"},
	{"name_s": "/usr/share/locale/th/LC_MESSAGES/kcmkwinrules.mo", "size_i": "24140", "regex": "false"},
	{"name_s": "/usr/share/locale/th/LC_MESSAGES/kcmkwm.mo", "size_i": "46607", "regex": "false"},
	{"name_s": "/usr/share/locale/th/LC_MESSAGES/kcmlaunch.mo", "size_i": "4905", "regex": "false"},
	{"name_s": "/usr/share/locale/th/LC_MESSAGES/kcmlocale.mo", "size_i": "27872", "regex": "false"},
	{"name_s": "/usr/share/locale/th/LC_MESSAGES/kcmnic.mo", "size_i": "2469", "regex": "false"},
	{"name_s": "/usr/share/locale/th/LC_MESSAGES/kcmnotify.mo", "size_i": "3435", "regex": "false"},
	{"name_s": "/usr/share/locale/th/LC_MESSAGES/kcmopengl.mo", "size_i": "3889", "regex": "false"},
	{"name_s": "/usr/share/locale/th/LC_MESSAGES/kcmperformance.mo", "size_i": "14266", "regex": "false"},
	{"name_s": "/usr/share/locale/th/LC_MESSAGES/kcmsamba.mo", "size_i": "13280", "regex": "false"},
	{"name_s": "/usr/share/locale/th/LC_MESSAGES/kcmscreensaver.mo", "size_i": "11602", "regex": "false"},
	{"name_s": "/usr/share/locale/th/LC_MESSAGES/kcmshell.mo", "size_i": "2210", "regex": "false"},
	{"name_s": "/usr/share/locale/th/LC_MESSAGES/kcmsmartcard.mo", "size_i": "6724", "regex": "false"},
	{"name_s": "/usr/share/locale/th/LC_MESSAGES/kcmsmserver.mo", "size_i": "7086", "regex": "false"},
	{"name_s": "/usr/share/locale/th/LC_MESSAGES/kcmsolidproc.mo", "size_i": "1268", "regex": "false"},
	{"name_s": "/usr/share/locale/th/LC_MESSAGES/kcmstyle.mo", "size_i": "7809", "regex": "false"},
	{"name_s": "/usr/share/locale/th/LC_MESSAGES/kcmusb.mo", "size_i": "7991", "regex": "false"},
	{"name_s": "/usr/share/locale/th/LC_MESSAGES/kcmview1394.mo", "size_i": "4654", "regex": "false"},
	{"name_s": "/usr/share/locale/th/LC_MESSAGES/kcmxinerama.mo", "size_i": "4318", "regex": "false"},
	{"name_s": "/usr/share/locale/th/LC_MESSAGES/kcolorchooser.mo", "size_i": "1141", "regex": "false"},
	{"name_s": "/usr/share/locale/th/LC_MESSAGES/kcron.mo", "size_i": "16365", "regex": "false"},
	{"name_s": "/usr/share/locale/th/LC_MESSAGES/kdat.mo", "size_i": "37149", "regex": "false"},
	{"name_s": "/usr/share/locale/th/LC_MESSAGES/kde-menu.mo", "size_i": "3743", "regex": "false"},
	{"name_s": "/usr/share/locale/th/LC_MESSAGES/kdebugdialog.mo", "size_i": "2695", "regex": "false"},
	{"name_s": "/usr/share/locale/th/LC_MESSAGES/kdelibs4.mo", "size_i": "300619", "regex": "false"},
	{"name_s": "/usr/share/locale/th/LC_MESSAGES/kdelibs_colors4.mo", "size_i": "5539", "regex": "false"},
	{"name_s": "/usr/share/locale/th/LC_MESSAGES/kdepasswd.mo", "size_i": "4436", "regex": "false"},
	{"name_s": "/usr/share/locale/th/LC_MESSAGES/kdepimresources.mo", "size_i": "4847", "regex": "false"},
	{"name_s": "/usr/share/locale/th/LC_MESSAGES/kdeqt.mo", "size_i": "31862", "regex": "false"},
	{"name_s": "/usr/share/locale/th/LC_MESSAGES/kdessh.mo", "size_i": "3572", "regex": "false"},
	{"name_s": "/usr/share/locale/th/LC_MESSAGES/kdesu.mo", "size_i": "6925", "regex": "false"},
	{"name_s": "/usr/share/locale/th/LC_MESSAGES/kdesud.mo", "size_i": "1038", "regex": "false"},
	{"name_s": "/usr/share/locale/th/LC_MESSAGES/kdf.mo", "size_i": "7168", "regex": "false"},
	{"name_s": "/usr/share/locale/th/LC_MESSAGES/kdialog.mo", "size_i": "7027", "regex": "false"},
	{"name_s": "/usr/share/locale/th/LC_MESSAGES/kdmconfig.mo", "size_i": "41628", "regex": "false"},
	{"name_s": "/usr/share/locale/th/LC_MESSAGES/kdmgreet.mo", "size_i": "15093", "regex": "false"},
	{"name_s": "/usr/share/locale/th/LC_MESSAGES/keditbookmarks.mo", "size_i": "14736", "regex": "false"},
	{"name_s": "/usr/share/locale/th/LC_MESSAGES/kfile.mo", "size_i": "3706", "regex": "false"},
	{"name_s": "/usr/share/locale/th/LC_MESSAGES/kfile_avi.mo", "size_i": "1115", "regex": "false"},
	{"name_s": "/usr/share/locale/th/LC_MESSAGES/kfile_dds.mo", "size_i": "1383", "regex": "false"},
	{"name_s": "/usr/share/locale/th/LC_MESSAGES/kfile_drgeo.mo", "size_i": "885", "regex": "false"},
	{"name_s": "/usr/share/locale/th/LC_MESSAGES/kfile_dvi.mo", "size_i": "751", "regex": "false"},
	{"name_s": "/usr/share/locale/th/LC_MESSAGES/kfile_exr.mo", "size_i": "3042", "regex": "false"},
	{"name_s": "/usr/share/locale/th/LC_MESSAGES/kfile_flac.mo", "size_i": "1706", "regex": "false"},
	{"name_s": "/usr/share/locale/th/LC_MESSAGES/kfile_kig.mo", "size_i": "1101", "regex": "false"},
	{"name_s": "/usr/share/locale/th/LC_MESSAGES/kfile_mp3.mo", "size_i": "1666", "regex": "false"},
	{"name_s": "/usr/share/locale/th/LC_MESSAGES/kfile_mpc.mo", "size_i": "1619", "regex": "false"},
	{"name_s": "/usr/share/locale/th/LC_MESSAGES/kfile_ogg.mo", "size_i": "2039", "regex": "false"},
	{"name_s": "/usr/share/locale/th/LC_MESSAGES/kfile_pnm.mo", "size_i": "826", "regex": "false"},
	{"name_s": "/usr/share/locale/th/LC_MESSAGES/kfile_raw.mo", "size_i": "743", "regex": "false"},
	{"name_s": "/usr/share/locale/th/LC_MESSAGES/kfile_rgb.mo", "size_i": "1556", "regex": "false"},
	{"name_s": "/usr/share/locale/th/LC_MESSAGES/kfile_rpm.mo", "size_i": "1153", "regex": "false"},
	{"name_s": "/usr/share/locale/th/LC_MESSAGES/kfile_sid.mo", "size_i": "1009", "regex": "false"},
	{"name_s": "/usr/share/locale/th/LC_MESSAGES/kfile_theora.mo", "size_i": "1107", "regex": "false"},
	{"name_s": "/usr/share/locale/th/LC_MESSAGES/kfile_tiff.mo", "size_i": "2818", "regex": "false"},
	{"name_s": "/usr/share/locale/th/LC_MESSAGES/kfile_wav.mo", "size_i": "878", "regex": "false"},
	{"name_s": "/usr/share/locale/th/LC_MESSAGES/kfile_xps.mo", "size_i": "1178", "regex": "false"},
	{"name_s": "/usr/share/locale/th/LC_MESSAGES/kfileaudiopreview4.mo", "size_i": "631", "regex": "false"},
	{"name_s": "/usr/share/locale/th/LC_MESSAGES/kfileshare.mo", "size_i": "11852", "regex": "false"},
	{"name_s": "/usr/share/locale/th/LC_MESSAGES/kfindpart.mo", "size_i": "14498", "regex": "false"},
	{"name_s": "/usr/share/locale/th/LC_MESSAGES/kfloppy.mo", "size_i": "18297", "regex": "false"},
	{"name_s": "/usr/share/locale/th/LC_MESSAGES/kfmclient.mo", "size_i": "4494", "regex": "false"},
	{"name_s": "/usr/share/locale/th/LC_MESSAGES/kfontinst.mo", "size_i": "41610", "regex": "false"},
	{"name_s": "/usr/share/locale/th/LC_MESSAGES/kfourinline.mo", "size_i": "3022", "regex": "false"},
	{"name_s": "/usr/share/locale/th/LC_MESSAGES/kgeography.mo", "size_i": "14647", "regex": "false"},
	{"name_s": "/usr/share/locale/th/LC_MESSAGES/kget.mo", "size_i": "45288", "regex": "false"},
	{"name_s": "/usr/share/locale/th/LC_MESSAGES/kgreet_classic.mo", "size_i": "1268", "regex": "false"},
	{"name_s": "/usr/share/locale/th/LC_MESSAGES/kgreet_generic.mo", "size_i": "563", "regex": "false"},
	{"name_s": "/usr/share/locale/th/LC_MESSAGES/kgreet_winbind.mo", "size_i": "1254", "regex": "false"},
	{"name_s": "/usr/share/locale/th/LC_MESSAGES/khelpcenter.mo", "size_i": "15456", "regex": "false"},
	{"name_s": "/usr/share/locale/th/LC_MESSAGES/khotkeys.mo", "size_i": "5946", "regex": "false"},
	{"name_s": "/usr/share/locale/th/LC_MESSAGES/khotnewstuff.mo", "size_i": "959", "regex": "false"},
	{"name_s": "/usr/share/locale/th/LC_MESSAGES/khtmlkttsd.mo", "size_i": "1055", "regex": "false"},
	{"name_s": "/usr/share/locale/th/LC_MESSAGES/kiconfinder.mo", "size_i": "786", "regex": "false"},
	{"name_s": "/usr/share/locale/th/LC_MESSAGES/kinetd.mo", "size_i": "644", "regex": "false"},
	{"name_s": "/usr/share/locale/th/LC_MESSAGES/kinfocenter.mo", "size_i": "17075", "regex": "false"},
	{"name_s": "/usr/share/locale/th/LC_MESSAGES/kio4.mo", "size_i": "211425", "regex": "false"},
	{"name_s": "/usr/share/locale/th/LC_MESSAGES/kio_applications.mo", "size_i": "706", "regex": "false"},
	{"name_s": "/usr/share/locale/th/LC_MESSAGES/kio_archive.mo", "size_i": "1068", "regex": "false"},
	{"name_s": "/usr/share/locale/th/LC_MESSAGES/kio_audiocd.mo", "size_i": "4828", "regex": "false"},
	{"name_s": "/usr/share/locale/th/LC_MESSAGES/kio_bookmarks.mo", "size_i": "1608", "regex": "false"},
	{"name_s": "/usr/share/locale/th/LC_MESSAGES/kio_finger.mo", "size_i": "1285", "regex": "false"},
	{"name_s": "/usr/share/locale/th/LC_MESSAGES/kio_fish.mo", "size_i": "958", "regex": "false"},
	{"name_s": "/usr/share/locale/th/LC_MESSAGES/kio_floppy.mo", "size_i": "4164", "regex": "false"},
	{"name_s": "/usr/share/locale/th/LC_MESSAGES/kio_help4.mo", "size_i": "3910", "regex": "false"},
	{"name_s": "/usr/share/locale/th/LC_MESSAGES/kio_imap4.mo", "size_i": "7276", "regex": "false"},
	{"name_s": "/usr/share/locale/th/LC_MESSAGES/kio_jabberdisco.mo", "size_i": "1117", "regex": "false"},
	{"name_s": "/usr/share/locale/th/LC_MESSAGES/kio_ldap.mo", "size_i": "1411", "regex": "false"},
	{"name_s": "/usr/share/locale/th/LC_MESSAGES/kio_man.mo", "size_i": "5083", "regex": "false"},
	{"name_s": "/usr/share/locale/th/LC_MESSAGES/kio_mbox.mo", "size_i": "565", "regex": "false"},
	{"name_s": "/usr/share/locale/th/LC_MESSAGES/kio_nepomuksearch.mo", "size_i": "838", "regex": "false"},
	{"name_s": "/usr/share/locale/th/LC_MESSAGES/kio_nfs.mo", "size_i": "1070", "regex": "false"},
	{"name_s": "/usr/share/locale/th/LC_MESSAGES/kio_nntp.mo", "size_i": "2806", "regex": "false"},
	{"name_s": "/usr/share/locale/th/LC_MESSAGES/kio_pop3.mo", "size_i": "4907", "regex": "false"},
	{"name_s": "/usr/share/locale/th/LC_MESSAGES/kio_remote.mo", "size_i": "583", "regex": "false"},
	{"name_s": "/usr/share/locale/th/LC_MESSAGES/kio_sftp.mo", "size_i": "10043", "regex": "false"},
	{"name_s": "/usr/share/locale/th/LC_MESSAGES/kio_sieve.mo", "size_i": "6069", "regex": "false"},
	{"name_s": "/usr/share/locale/th/LC_MESSAGES/kio_smb.mo", "size_i": "6149", "regex": "false"},
	{"name_s": "/usr/share/locale/th/LC_MESSAGES/kio_smtp.mo", "size_i": "6953", "regex": "false"},
	{"name_s": "/usr/share/locale/th/LC_MESSAGES/kio_thumbnail.mo", "size_i": "2222", "regex": "false"},
	{"name_s": "/usr/share/locale/th/LC_MESSAGES/kio_trash.mo", "size_i": "4197", "regex": "false"},
	{"name_s": "/usr/share/locale/th/LC_MESSAGES/kio_zeroconf.mo", "size_i": "1289", "regex": "false"},
	{"name_s": "/usr/share/locale/th/LC_MESSAGES/kioclient.mo", "size_i": "518", "regex": "false"},
	{"name_s": "/usr/share/locale/th/LC_MESSAGES/kioexec.mo", "size_i": "3466", "regex": "false"},
	{"name_s": "/usr/share/locale/th/LC_MESSAGES/kjots.mo", "size_i": "1286", "regex": "false"},
	{"name_s": "/usr/share/locale/th/LC_MESSAGES/klines.mo", "size_i": "2728", "regex": "false"},
	{"name_s": "/usr/share/locale/th/LC_MESSAGES/klipper.mo", "size_i": "10946", "regex": "false"},
	{"name_s": "/usr/share/locale/th/LC_MESSAGES/klock.mo", "size_i": "22092", "regex": "false"},
	{"name_s": "/usr/share/locale/th/LC_MESSAGES/kmag.mo", "size_i": "11838", "regex": "false"},
	{"name_s": "/usr/share/locale/th/LC_MESSAGES/kmahjongg.mo", "size_i": "4362", "regex": "false"},
	{"name_s": "/usr/share/locale/th/LC_MESSAGES/kmail.mo", "size_i": "255529", "regex": "false"},
	{"name_s": "/usr/share/locale/th/LC_MESSAGES/kmail_text_calendar_plugin.mo", "size_i": "2432", "regex": "false"},
	{"name_s": "/usr/share/locale/th/LC_MESSAGES/kmail_text_vcard_plugin.mo", "size_i": "844", "regex": "false"},
	{"name_s": "/usr/share/locale/th/LC_MESSAGES/kmail_text_xdiff_plugin.mo", "size_i": "561", "regex": "false"},
	{"name_s": "/usr/share/locale/th/LC_MESSAGES/kmailcvt.mo", "size_i": "29044", "regex": "false"},
	{"name_s": "/usr/share/locale/th/LC_MESSAGES/kmenuedit.mo", "size_i": "7393", "regex": "false"},
	{"name_s": "/usr/share/locale/th/LC_MESSAGES/kmimetypefinder.mo", "size_i": "735", "regex": "false"},
	{"name_s": "/usr/share/locale/th/LC_MESSAGES/kmines.mo", "size_i": "1309", "regex": "false"},
	{"name_s": "/usr/share/locale/th/LC_MESSAGES/kmix.mo", "size_i": "16536", "regex": "false"},
	{"name_s": "/usr/share/locale/th/LC_MESSAGES/kmousetool.mo", "size_i": "5145", "regex": "false"},
	{"name_s": "/usr/share/locale/th/LC_MESSAGES/kmouth.mo", "size_i": "7842", "regex": "false"},
	{"name_s": "/usr/share/locale/th/LC_MESSAGES/knetattach.mo", "size_i": "6062", "regex": "false"},
	{"name_s": "/usr/share/locale/th/LC_MESSAGES/knetworkconfmodule.mo", "size_i": "28701", "regex": "false"},
	{"name_s": "/usr/share/locale/th/LC_MESSAGES/knode.mo", "size_i": "101427", "regex": "false"},
	{"name_s": "/usr/share/locale/th/LC_MESSAGES/knotes.mo", "size_i": "10855", "regex": "false"},
	{"name_s": "/usr/share/locale/th/LC_MESSAGES/knotificationitem-1.mo", "size_i": "1137", "regex": "false"},
	{"name_s": "/usr/share/locale/th/LC_MESSAGES/knotify4.mo", "size_i": "1764", "regex": "false"},
	{"name_s": "/usr/share/locale/th/LC_MESSAGES/konqueror.mo", "size_i": "73286", "regex": "false"},
	{"name_s": "/usr/share/locale/th/LC_MESSAGES/konsole.mo", "size_i": "39955", "regex": "false"},
	{"name_s": "/usr/share/locale/th/LC_MESSAGES/kontact.mo", "size_i": "21019", "regex": "false"},
	{"name_s": "/usr/share/locale/th/LC_MESSAGES/kopete.mo", "size_i": "301658", "regex": "false"},
	{"name_s": "/usr/share/locale/th/LC_MESSAGES/korganizer.mo", "size_i": "174887", "regex": "false"},
	{"name_s": "/usr/share/locale/th/LC_MESSAGES/kpackage.mo", "size_i": "14179", "regex": "false"},
	{"name_s": "/usr/share/locale/th/LC_MESSAGES/kpartsaver.mo", "size_i": "2169", "regex": "false"},
	{"name_s": "/usr/share/locale/th/LC_MESSAGES/kpasswdserver.mo", "size_i": "854", "regex": "false"},
	{"name_s": "/usr/share/locale/th/LC_MESSAGES/kpat.mo", "size_i": "626", "regex": "false"},
	{"name_s": "/usr/share/locale/th/LC_MESSAGES/kppp.mo", "size_i": "90936", "regex": "false"},
	{"name_s": "/usr/share/locale/th/LC_MESSAGES/kppplogview.mo", "size_i": "6529", "regex": "false"},
	{"name_s": "/usr/share/locale/th/LC_MESSAGES/kquitapp.mo", "size_i": "2231", "regex": "false"},
	{"name_s": "/usr/share/locale/th/LC_MESSAGES/krandr.mo", "size_i": "14120", "regex": "false"},
	{"name_s": "/usr/share/locale/th/LC_MESSAGES/krdb.mo", "size_i": "467", "regex": "false"},
	{"name_s": "/usr/share/locale/th/LC_MESSAGES/krdc.mo", "size_i": "27908", "regex": "false"},
	{"name_s": "/usr/share/locale/th/LC_MESSAGES/kreadconfig.mo", "size_i": "1458", "regex": "false"},
	{"name_s": "/usr/share/locale/th/LC_MESSAGES/kres_birthday.mo", "size_i": "1207", "regex": "false"},
	{"name_s": "/usr/share/locale/th/LC_MESSAGES/kres_blog.mo", "size_i": "1347", "regex": "false"},
	{"name_s": "/usr/share/locale/th/LC_MESSAGES/krfb.mo", "size_i": "29847", "regex": "false"},
	{"name_s": "/usr/share/locale/th/LC_MESSAGES/kruler.mo", "size_i": "3474", "regex": "false"},
	{"name_s": "/usr/share/locale/th/LC_MESSAGES/krunner.mo", "size_i": "12463", "regex": "false"},
	{"name_s": "/usr/share/locale/th/LC_MESSAGES/ksame.mo", "size_i": "1418", "regex": "false"},
	{"name_s": "/usr/share/locale/th/LC_MESSAGES/kscd.mo", "size_i": "8195", "regex": "false"},
	{"name_s": "/usr/share/locale/th/LC_MESSAGES/kscreensaver.mo", "size_i": "2004", "regex": "false"},
	{"name_s": "/usr/share/locale/th/LC_MESSAGES/kshorturifilter.mo", "size_i": "930", "regex": "false"},
	{"name_s": "/usr/share/locale/th/LC_MESSAGES/ksmserver.mo", "size_i": "3544", "regex": "false"},
	{"name_s": "/usr/share/locale/th/LC_MESSAGES/ksnapshot.mo", "size_i": "9250", "regex": "false"},
	{"name_s": "/usr/share/locale/th/LC_MESSAGES/ksplashthemes.mo", "size_i": "7024", "regex": "false"},
	{"name_s": "/usr/share/locale/th/LC_MESSAGES/kstart.mo", "size_i": "6239", "regex": "false"},
	{"name_s": "/usr/share/locale/th/LC_MESSAGES/kstartperf.mo", "size_i": "1407", "regex": "false"},
	{"name_s": "/usr/share/locale/th/LC_MESSAGES/kstyle_config.mo", "size_i": "1004", "regex": "false"},
	{"name_s": "/usr/share/locale/th/LC_MESSAGES/kstyle_keramik_config.mo", "size_i": "699", "regex": "false"},
	{"name_s": "/usr/share/locale/th/LC_MESSAGES/ksysguard.mo", "size_i": "32124", "regex": "false"},
	{"name_s": "/usr/share/locale/th/LC_MESSAGES/ksysguardlsofwidgets.mo", "size_i": "854", "regex": "false"},
	{"name_s": "/usr/share/locale/th/LC_MESSAGES/ksystemlog.mo", "size_i": "59022", "regex": "false"},
	{"name_s": "/usr/share/locale/th/LC_MESSAGES/ksystraycmd.mo", "size_i": "4984", "regex": "false"},
	{"name_s": "/usr/share/locale/th/LC_MESSAGES/ksysv.mo", "size_i": "31210", "regex": "false"},
	{"name_s": "/usr/share/locale/th/LC_MESSAGES/kteatime.mo", "size_i": "1334", "regex": "false"},
	{"name_s": "/usr/share/locale/th/LC_MESSAGES/ktexteditor_plugins.mo", "size_i": "14710", "regex": "false"},
	{"name_s": "/usr/share/locale/th/LC_MESSAGES/kthememanager.mo", "size_i": "5125", "regex": "false"},
	{"name_s": "/usr/share/locale/th/LC_MESSAGES/ktimer.mo", "size_i": "2954", "regex": "false"},
	{"name_s": "/usr/share/locale/th/LC_MESSAGES/ktimetracker.mo", "size_i": "2565", "regex": "false"},
	{"name_s": "/usr/share/locale/th/LC_MESSAGES/ktraderclient.mo", "size_i": "1227", "regex": "false"},
	{"name_s": "/usr/share/locale/th/LC_MESSAGES/ktux.mo", "size_i": "893", "regex": "false"},
	{"name_s": "/usr/share/locale/th/LC_MESSAGES/kuiserver.mo", "size_i": "3547", "regex": "false"},
	{"name_s": "/usr/share/locale/th/LC_MESSAGES/kuiviewer.mo", "size_i": "2170", "regex": "false"},
	{"name_s": "/usr/share/locale/th/LC_MESSAGES/kurifilter.mo", "size_i": "10348", "regex": "false"},
	{"name_s": "/usr/share/locale/th/LC_MESSAGES/kuser.mo", "size_i": "52782", "regex": "false"},
	{"name_s": "/usr/share/locale/th/LC_MESSAGES/kwalletd.mo", "size_i": "16991", "regex": "false"},
	{"name_s": "/usr/share/locale/th/LC_MESSAGES/kwalletmanager.mo", "size_i": "13108", "regex": "false"},
	{"name_s": "/usr/share/locale/th/LC_MESSAGES/kwin.mo", "size_i": "27110", "regex": "false"},
	{"name_s": "/usr/share/locale/th/LC_MESSAGES/kwin_clients.mo", "size_i": "15327", "regex": "false"},
	{"name_s": "/usr/share/locale/th/LC_MESSAGES/kwin_effects.mo", "size_i": "16131", "regex": "false"},
	{"name_s": "/usr/share/locale/th/LC_MESSAGES/kwin_lib.mo", "size_i": "2395", "regex": "false"},
	{"name_s": "/usr/share/locale/th/LC_MESSAGES/kwinstartmenu.mo", "size_i": "1559", "regex": "false"},
	{"name_s": "/usr/share/locale/th/LC_MESSAGES/kwrite.mo", "size_i": "10095", "regex": "false"},
	{"name_s": "/usr/share/locale/th/LC_MESSAGES/kwriteconfig.mo", "size_i": "2120", "regex": "false"},
	{"name_s": "/usr/share/locale/th/LC_MESSAGES/kxkb.mo", "size_i": "13289", "regex": "false"},
	{"name_s": "/usr/share/locale/th/LC_MESSAGES/kxsconfig.mo", "size_i": "9624", "regex": "false"},
	{"name_s": "/usr/share/locale/th/LC_MESSAGES/lancelot.mo", "size_i": "7560", "regex": "false"},
	{"name_s": "/usr/share/locale/th/LC_MESSAGES/libkcal.mo", "size_i": "38129", "regex": "false"},
	{"name_s": "/usr/share/locale/th/LC_MESSAGES/libkcddb.mo", "size_i": "12375", "regex": "false"},
	{"name_s": "/usr/share/locale/th/LC_MESSAGES/libkcompactdisc.mo", "size_i": "1100", "regex": "false"},
	{"name_s": "/usr/share/locale/th/LC_MESSAGES/libkdcraw.mo", "size_i": "19968", "regex": "false"},
	{"name_s": "/usr/share/locale/th/LC_MESSAGES/libkdeedu.mo", "size_i": "3670", "regex": "false"},
	{"name_s": "/usr/share/locale/th/LC_MESSAGES/libkdegames.mo", "size_i": "11430", "regex": "false"},
	{"name_s": "/usr/share/locale/th/LC_MESSAGES/libkdepim.mo", "size_i": "33194", "regex": "false"},
	{"name_s": "/usr/share/locale/th/LC_MESSAGES/libkholidays.mo", "size_i": "717", "regex": "false"},
	{"name_s": "/usr/share/locale/th/LC_MESSAGES/libkldap.mo", "size_i": "4523", "regex": "false"},
	{"name_s": "/usr/share/locale/th/LC_MESSAGES/libkmime.mo", "size_i": "3870", "regex": "false"},
	{"name_s": "/usr/share/locale/th/LC_MESSAGES/libkonq.mo", "size_i": "3267", "regex": "false"},
	{"name_s": "/usr/share/locale/th/LC_MESSAGES/libkpimidentities.mo", "size_i": "854", "regex": "false"},
	{"name_s": "/usr/share/locale/th/LC_MESSAGES/libkpimutils.mo", "size_i": "8268", "regex": "false"},
	{"name_s": "/usr/share/locale/th/LC_MESSAGES/libkresources.mo", "size_i": "4555", "regex": "false"},
	{"name_s": "/usr/share/locale/th/LC_MESSAGES/libksane.mo", "size_i": "3306", "regex": "false"},
	{"name_s": "/usr/share/locale/th/LC_MESSAGES/libkscreensaver.mo", "size_i": "1192", "regex": "false"},
	{"name_s": "/usr/share/locale/th/LC_MESSAGES/libkworkspace.mo", "size_i": "1596", "regex": "false"},
	{"name_s": "/usr/share/locale/th/LC_MESSAGES/libmailtransport.mo", "size_i": "5210", "regex": "false"},
	{"name_s": "/usr/share/locale/th/LC_MESSAGES/libphonon.mo", "size_i": "2076", "regex": "false"},
	{"name_s": "/usr/share/locale/th/LC_MESSAGES/libplasma.mo", "size_i": "11379", "regex": "false"},
	{"name_s": "/usr/share/locale/th/LC_MESSAGES/libplasmaclock.mo", "size_i": "6057", "regex": "false"},
	{"name_s": "/usr/share/locale/th/LC_MESSAGES/libtaskmanager.mo", "size_i": "2146", "regex": "false"},
	{"name_s": "/usr/share/locale/th/LC_MESSAGES/nepomuk.mo", "size_i": "11425", "regex": "false"},
	{"name_s": "/usr/share/locale/th/LC_MESSAGES/nepomuksearch.mo", "size_i": "1020", "regex": "false"},
	{"name_s": "/usr/share/locale/th/LC_MESSAGES/nsplugin.mo", "size_i": "2222", "regex": "false"},
	{"name_s": "/usr/share/locale/th/LC_MESSAGES/okular.mo", "size_i": "54516", "regex": "false"},
	{"name_s": "/usr/share/locale/th/LC_MESSAGES/okular_chm.mo", "size_i": "1188", "regex": "false"},
	{"name_s": "/usr/share/locale/th/LC_MESSAGES/okular_comicbook.mo", "size_i": "1725", "regex": "false"},
	{"name_s": "/usr/share/locale/th/LC_MESSAGES/okular_djvu.mo", "size_i": "2463", "regex": "false"},
	{"name_s": "/usr/share/locale/th/LC_MESSAGES/okular_epub.mo", "size_i": "1136", "regex": "false"},
	{"name_s": "/usr/share/locale/th/LC_MESSAGES/okular_fax.mo", "size_i": "1179", "regex": "false"},
	{"name_s": "/usr/share/locale/th/LC_MESSAGES/okular_fictionbook.mo", "size_i": "2004", "regex": "false"},
	{"name_s": "/usr/share/locale/th/LC_MESSAGES/okular_ghostview.mo", "size_i": "1646", "regex": "false"},
	{"name_s": "/usr/share/locale/th/LC_MESSAGES/okular_kimgio.mo", "size_i": "1418", "regex": "false"},
	{"name_s": "/usr/share/locale/th/LC_MESSAGES/okular_ooo.mo", "size_i": "5372", "regex": "false"},
	{"name_s": "/usr/share/locale/th/LC_MESSAGES/okular_plucker.mo", "size_i": "1099", "regex": "false"},
	{"name_s": "/usr/share/locale/th/LC_MESSAGES/okular_poppler.mo", "size_i": "3230", "regex": "false"},
	{"name_s": "/usr/share/locale/th/LC_MESSAGES/okular_tiff.mo", "size_i": "1469", "regex": "false"},
	{"name_s": "/usr/share/locale/th/LC_MESSAGES/okular_xps.mo", "size_i": "1172", "regex": "false"},
	{"name_s": "/usr/share/locale/th/LC_MESSAGES/phonon-xine.mo", "size_i": "5287", "regex": "false"},
	{"name_s": "/usr/share/locale/th/LC_MESSAGES/phonon_kde.mo", "size_i": "1458", "regex": "false"},
	{"name_s": "/usr/share/locale/th/LC_MESSAGES/phononserver.mo", "size_i": "3841", "regex": "false"},
	{"name_s": "/usr/share/locale/th/LC_MESSAGES/plasma-desktop.mo", "size_i": "4731", "regex": "false"},
	{"name_s": "/usr/share/locale/th/LC_MESSAGES/plasma-overlay.mo", "size_i": "3095", "regex": "false"},
	{"name_s": "/usr/share/locale/th/LC_MESSAGES/plasma-shells-common.mo", "size_i": "4836", "regex": "false"},
	{"name_s": "/usr/share/locale/th/LC_MESSAGES/plasma_applet_BbalL.mo", "size_i": "1700", "regex": "false"},
	{"name_s": "/usr/share/locale/th/LC_MESSAGES/plasma_applet_CharSelectApplet.mo", "size_i": "588", "regex": "false"},
	{"name_s": "/usr/share/locale/th/LC_MESSAGES/plasma_applet_battery.mo", "size_i": "2854", "regex": "false"},
	{"name_s": "/usr/share/locale/th/LC_MESSAGES/plasma_applet_binaryclock.mo", "size_i": "1456", "regex": "false"},
	{"name_s": "/usr/share/locale/th/LC_MESSAGES/plasma_applet_calculator.mo", "size_i": "611", "regex": "false"},
	{"name_s": "/usr/share/locale/th/LC_MESSAGES/plasma_applet_clock.mo", "size_i": "1407", "regex": "false"},
	{"name_s": "/usr/share/locale/th/LC_MESSAGES/plasma_applet_comic.mo", "size_i": "754", "regex": "false"},
	{"name_s": "/usr/share/locale/th/LC_MESSAGES/plasma_applet_desktop.mo", "size_i": "731", "regex": "false"},
	{"name_s": "/usr/share/locale/th/LC_MESSAGES/plasma_applet_devicenotifier.mo", "size_i": "1423", "regex": "false"},
	{"name_s": "/usr/share/locale/th/LC_MESSAGES/plasma_applet_dig_clock.mo", "size_i": "5265", "regex": "false"},
	{"name_s": "/usr/share/locale/th/LC_MESSAGES/plasma_applet_fifteenPuzzle.mo", "size_i": "1348", "regex": "false"},
	{"name_s": "/usr/share/locale/th/LC_MESSAGES/plasma_applet_fileWatcher.mo", "size_i": "1296", "regex": "false"},
	{"name_s": "/usr/share/locale/th/LC_MESSAGES/plasma_applet_folderview.mo", "size_i": "12062", "regex": "false"},
	{"name_s": "/usr/share/locale/th/LC_MESSAGES/plasma_applet_frame.mo", "size_i": "2792", "regex": "false"},
	{"name_s": "/usr/share/locale/th/LC_MESSAGES/plasma_applet_fuzzy_clock.mo", "size_i": "8364", "regex": "false"},
	{"name_s": "/usr/share/locale/th/LC_MESSAGES/plasma_applet_katesession.mo", "size_i": "1962", "regex": "false"},
	{"name_s": "/usr/share/locale/th/LC_MESSAGES/plasma_applet_kget.mo", "size_i": "822", "regex": "false"},
	{"name_s": "/usr/share/locale/th/LC_MESSAGES/plasma_applet_kolourpicker.mo", "size_i": "674", "regex": "false"},
	{"name_s": "/usr/share/locale/th/LC_MESSAGES/plasma_applet_launcher.mo", "size_i": "6214", "regex": "false"},
	{"name_s": "/usr/share/locale/th/LC_MESSAGES/plasma_applet_leavenote.mo", "size_i": "1099", "regex": "false"},
	{"name_s": "/usr/share/locale/th/LC_MESSAGES/plasma_applet_life.mo", "size_i": "566", "regex": "false"},
	{"name_s": "/usr/share/locale/th/LC_MESSAGES/plasma_applet_luna.mo", "size_i": "775", "regex": "false"},
	{"name_s": "/usr/share/locale/th/LC_MESSAGES/plasma_applet_microblog.mo", "size_i": "2158", "regex": "false"},
	{"name_s": "/usr/share/locale/th/LC_MESSAGES/plasma_applet_news.mo", "size_i": "1608", "regex": "false"},
	{"name_s": "/usr/share/locale/th/LC_MESSAGES/plasma_applet_notes.mo", "size_i": "1941", "regex": "false"},
	{"name_s": "/usr/share/locale/th/LC_MESSAGES/plasma_applet_nowplaying.mo", "size_i": "775", "regex": "false"},
	{"name_s": "/usr/share/locale/th/LC_MESSAGES/plasma_applet_pager.mo", "size_i": "1576", "regex": "false"},
	{"name_s": "/usr/share/locale/th/LC_MESSAGES/plasma_applet_panel.mo", "size_i": "615", "regex": "false"},
	{"name_s": "/usr/share/locale/th/LC_MESSAGES/plasma_applet_paste.mo", "size_i": "3527", "regex": "false"},
	{"name_s": "/usr/share/locale/th/LC_MESSAGES/plasma_applet_pastebin.mo", "size_i": "978", "regex": "false"},
	{"name_s": "/usr/share/locale/th/LC_MESSAGES/plasma_applet_previewer.mo", "size_i": "1482", "regex": "false"},
	{"name_s": "/usr/share/locale/th/LC_MESSAGES/plasma_applet_qstardict.mo", "size_i": "683", "regex": "false"},
	{"name_s": "/usr/share/locale/th/LC_MESSAGES/plasma_applet_quicklaunch.mo", "size_i": "1086", "regex": "false"},
	{"name_s": "/usr/share/locale/th/LC_MESSAGES/plasma_applet_rssnow.mo", "size_i": "1890", "regex": "false"},
	{"name_s": "/usr/share/locale/th/LC_MESSAGES/plasma_applet_saverdesktop.mo", "size_i": "549", "regex": "false"},
	{"name_s": "/usr/share/locale/th/LC_MESSAGES/plasma_applet_showdashboard.mo", "size_i": "604", "regex": "false"},
	{"name_s": "/usr/share/locale/th/LC_MESSAGES/plasma_applet_showdesktop.mo", "size_i": "787", "regex": "false"},
	{"name_s": "/usr/share/locale/th/LC_MESSAGES/plasma_applet_skapplet.mo", "size_i": "875", "regex": "false"},
	{"name_s": "/usr/share/locale/th/LC_MESSAGES/plasma_applet_system-monitor.mo", "size_i": "2286", "regex": "false"},
	{"name_s": "/usr/share/locale/th/LC_MESSAGES/plasma_applet_systemtray.mo", "size_i": "1192", "regex": "false"},
	{"name_s": "/usr/share/locale/th/LC_MESSAGES/plasma_applet_tasks.mo", "size_i": "2656", "regex": "false"},
	{"name_s": "/usr/share/locale/th/LC_MESSAGES/plasma_applet_timer.mo", "size_i": "1081", "regex": "false"},
	{"name_s": "/usr/share/locale/th/LC_MESSAGES/plasma_applet_trash.mo", "size_i": "1229", "regex": "false"},
	{"name_s": "/usr/share/locale/th/LC_MESSAGES/plasma_applet_weatherstation.mo", "size_i": "491", "regex": "false"},
	{"name_s": "/usr/share/locale/th/LC_MESSAGES/plasma_applet_webbrowser.mo", "size_i": "1048", "regex": "false"},
	{"name_s": "/usr/share/locale/th/LC_MESSAGES/plasma_appletscriptengine_dashboard.mo", "size_i": "738", "regex": "false"},
	{"name_s": "/usr/share/locale/th/LC_MESSAGES/plasma_appletscriptengine_qedjescripts.mo", "size_i": "979", "regex": "false"},
	{"name_s": "/usr/share/locale/th/LC_MESSAGES/plasma_engine_kuiserver.mo", "size_i": "487", "regex": "false"},
	{"name_s": "/usr/share/locale/th/LC_MESSAGES/plasma_engine_rss.mo", "size_i": "831", "regex": "false"},
	{"name_s": "/usr/share/locale/th/LC_MESSAGES/plasma_runner_contacts.mo", "size_i": "594", "regex": "false"},
	{"name_s": "/usr/share/locale/th/LC_MESSAGES/plasma_runner_katesessions.mo", "size_i": "576", "regex": "false"},
	{"name_s": "/usr/share/locale/th/LC_MESSAGES/plasma_runner_locations.mo", "size_i": "649", "regex": "false"},
	{"name_s": "/usr/share/locale/th/LC_MESSAGES/plasma_runner_nepomuksearchrunner.mo", "size_i": "628", "regex": "false"},
	{"name_s": "/usr/share/locale/th/LC_MESSAGES/plasma_runner_powerdevil.mo", "size_i": "1671", "regex": "false"},
	{"name_s": "/usr/share/locale/th/LC_MESSAGES/plasma_runner_recentdocuments.mo", "size_i": "596", "regex": "false"},
	{"name_s": "/usr/share/locale/th/LC_MESSAGES/plasma_runner_sessions.mo", "size_i": "3728", "regex": "false"},
	{"name_s": "/usr/share/locale/th/LC_MESSAGES/plasma_runner_shell.mo", "size_i": "3020", "regex": "false"},
	{"name_s": "/usr/share/locale/th/LC_MESSAGES/plasma_runner_spellcheckrunner.mo", "size_i": "951", "regex": "false"},
	{"name_s": "/usr/share/locale/th/LC_MESSAGES/plasma_runner_webshortcuts.mo", "size_i": "571", "regex": "false"},
	{"name_s": "/usr/share/locale/th/LC_MESSAGES/plasma_scriptengine_qscript.mo", "size_i": "1090", "regex": "false"},
	{"name_s": "/usr/share/locale/th/LC_MESSAGES/plasma_wallpaper_color.mo", "size_i": "555", "regex": "false"},
	{"name_s": "/usr/share/locale/th/LC_MESSAGES/plasma_wallpaper_image.mo", "size_i": "2700", "regex": "false"},
	{"name_s": "/usr/share/locale/th/LC_MESSAGES/plasmaengineexplorer.mo", "size_i": "5612", "regex": "false"},
	{"name_s": "/usr/share/locale/th/LC_MESSAGES/plasmapkg.mo", "size_i": "4895", "regex": "false"},
	{"name_s": "/usr/share/locale/th/LC_MESSAGES/plasmoidviewer.mo", "size_i": "2721", "regex": "false"},
	{"name_s": "/usr/share/locale/th/LC_MESSAGES/policykit-kde.mo", "size_i": "7170", "regex": "false"},
	{"name_s": "/usr/share/locale/th/LC_MESSAGES/polkit-kde-authorization.mo", "size_i": "5518", "regex": "false"},
	{"name_s": "/usr/share/locale/th/LC_MESSAGES/powerdevil.mo", "size_i": "7994", "regex": "false"},
	{"name_s": "/usr/share/locale/th/LC_MESSAGES/printer-applet.mo", "size_i": "6898", "regex": "false"},
	{"name_s": "/usr/share/locale/th/LC_MESSAGES/processcore.mo", "size_i": "2007", "regex": "false"},
	{"name_s": "/usr/share/locale/th/LC_MESSAGES/processui.mo", "size_i": "41978", "regex": "false"},
	{"name_s": "/usr/share/locale/th/LC_MESSAGES/solid-bluetooth.mo", "size_i": "3118", "regex": "false"},
	{"name_s": "/usr/share/locale/th/LC_MESSAGES/solid-hardware.mo", "size_i": "6297", "regex": "false"},
	{"name_s": "/usr/share/locale/th/LC_MESSAGES/solid-network.mo", "size_i": "8147", "regex": "false"},
	{"name_s": "/usr/share/locale/th/LC_MESSAGES/solid-powermanagement.mo", "size_i": "4888", "regex": "false"},
	{"name_s": "/usr/share/locale/th/LC_MESSAGES/solidcontrol.mo", "size_i": "1005", "regex": "false"},
	{"name_s": "/usr/share/locale/th/LC_MESSAGES/soliduiserver.mo", "size_i": "1106", "regex": "false"},
	{"name_s": "/usr/share/locale/th/LC_MESSAGES/spy.mo", "size_i": "1219", "regex": "false"},
	{"name_s": "/usr/share/locale/th/LC_MESSAGES/superkaramba.mo", "size_i": "8771", "regex": "false"},
	{"name_s": "/usr/share/locale/th/LC_MESSAGES/svgpart.mo", "size_i": "1164", "regex": "false"},
	{"name_s": "/usr/share/locale/th/LC_MESSAGES/sweeper.mo", "size_i": "7073", "regex": "false"},
	{"name_s": "/usr/share/locale/th/LC_MESSAGES/systemsettings.mo", "size_i": "918", "regex": "false"},
	{"name_s": "/usr/share/locale/th/LC_MESSAGES/timezones4.mo", "size_i": "48986", "regex": "false"},
	{"name_s": "/usr/share/locale/th/LC_MESSAGES/useraccount.mo", "size_i": "6422", "regex": "false"},
	{"name_s": "/usr/share/locale/th/charset", "size_i": "6", "regex": "false"},
	{"name_s": "/usr/share/locale/th/entry.desktop", "size_i": "1752", "regex": "false"}
]
