[
	{"name_s": "/usr/share/doc/HTML/sk", "size_i": "4096", "regex": "false"},
	{"name_s": "/usr/share/doc/HTML/sk/atlantik", "size_i": "4096", "regex": "false"},
	{"name_s": "/usr/share/doc/HTML/sk/atlantik/common", "size_i": "14", "regex": "false"},
	{"name_s": "/usr/share/doc/HTML/sk/atlantik/index.cache.bz2", "size_i": "4539", "regex": "false"},
	{"name_s": "/usr/share/doc/HTML/sk/atlantik/index.docbook", "size_i": "5793", "regex": "false"},
	{"name_s": "/usr/share/doc/HTML/sk/kaboodle", "size_i": "4096", "regex": "false"},
	{"name_s": "/usr/share/doc/HTML/sk/kaboodle/common", "size_i": "14", "regex": "false"},
	{"name_s": "/usr/share/doc/HTML/sk/kaboodle/index.cache.bz2", "size_i": "2425", "regex": "false"},
	{"name_s": "/usr/share/doc/HTML/sk/kaboodle/index.docbook", "size_i": "2139", "regex": "false"},
	{"name_s": "/usr/share/doc/HTML/sk/kasteroids", "size_i": "4096", "regex": "false"},
	{"name_s": "/usr/share/doc/HTML/sk/kasteroids/common", "size_i": "14", "regex": "false"},
	{"name_s": "/usr/share/doc/HTML/sk/kasteroids/index.cache.bz2", "size_i": "6794", "regex": "false"},
	{"name_s": "/usr/share/doc/HTML/sk/kasteroids/index.docbook", "size_i": "9845", "regex": "false"},
	{"name_s": "/usr/share/doc/HTML/sk/kbackgammon", "size_i": "4096", "regex": "false"},
	{"name_s": "/usr/share/doc/HTML/sk/kbackgammon/common", "size_i": "14", "regex": "false"},
	{"name_s": "/usr/share/doc/HTML/sk/kbackgammon/index.cache.bz2", "size_i": "8140", "regex": "false"},
	{"name_s": "/usr/share/doc/HTML/sk/kbackgammon/index.docbook", "size_i": "16230", "regex": "false"},
	{"name_s": "/usr/share/doc/HTML/sk/kdeprint", "size_i": "4096", "regex": "false"},
	{"name_s": "/usr/share/doc/HTML/sk/kdeprint/add-printer-wiz.docbook", "size_i": "9920", "regex": "false"},
	{"name_s": "/usr/share/doc/HTML/sk/kdeprint/common", "size_i": "14", "regex": "false"},
	{"name_s": "/usr/share/doc/HTML/sk/kdeprint/cups-config.docbook", "size_i": "72380", "regex": "false"},
	{"name_s": "/usr/share/doc/HTML/sk/kdeprint/cupsoptions.docbook", "size_i": "24621", "regex": "false"},
	{"name_s": "/usr/share/doc/HTML/sk/kdeprint/extensions.docbook", "size_i": "920", "regex": "false"},
	{"name_s": "/usr/share/doc/HTML/sk/kdeprint/external-command.docbook", "size_i": "757", "regex": "false"},
	{"name_s": "/usr/share/doc/HTML/sk/kdeprint/final-word.docbook", "size_i": "4128", "regex": "false"},
	{"name_s": "/usr/share/doc/HTML/sk/kdeprint/getting-started.docbook", "size_i": "5437", "regex": "false"},
	{"name_s": "/usr/share/doc/HTML/sk/kdeprint/highlights.docbook", "size_i": "19956", "regex": "false"},
	{"name_s": "/usr/share/doc/HTML/sk/kdeprint/index.cache.bz2", "size_i": "44383", "regex": "false"},
	{"name_s": "/usr/share/doc/HTML/sk/kdeprint/index.docbook", "size_i": "5796", "regex": "false"},
	{"name_s": "/usr/share/doc/HTML/sk/kdeprint/lpd.docbook", "size_i": "647", "regex": "false"},
	{"name_s": "/usr/share/doc/HTML/sk/kdeprint/lpr-bsd.docbook", "size_i": "745", "regex": "false"},
	{"name_s": "/usr/share/doc/HTML/sk/kdeprint/lprng.docbook", "size_i": "213", "regex": "false"},
	{"name_s": "/usr/share/doc/HTML/sk/kdeprint/rlpr.docbook", "size_i": "621", "regex": "false"},
	{"name_s": "/usr/share/doc/HTML/sk/kdeprint/tech-overview.docbook", "size_i": "10457", "regex": "false"},
	{"name_s": "/usr/share/doc/HTML/sk/kdeprint/theory.docbook", "size_i": "28691", "regex": "false"},
	{"name_s": "/usr/share/doc/HTML/sk/kdvi", "size_i": "4096", "regex": "false"},
	{"name_s": "/usr/share/doc/HTML/sk/kdvi/common", "size_i": "14", "regex": "false"},
	{"name_s": "/usr/share/doc/HTML/sk/kdvi/index.cache.bz2", "size_i": "12438", "regex": "false"},
	{"name_s": "/usr/share/doc/HTML/sk/kdvi/index.docbook", "size_i": "35832", "regex": "false"},
	{"name_s": "/usr/share/doc/HTML/sk/kfouleggs", "size_i": "4096", "regex": "false"},
	{"name_s": "/usr/share/doc/HTML/sk/kfouleggs/common", "size_i": "14", "regex": "false"},
	{"name_s": "/usr/share/doc/HTML/sk/kfouleggs/index.cache.bz2", "size_i": "8191", "regex": "false"},
	{"name_s": "/usr/share/doc/HTML/sk/kfouleggs/index.docbook", "size_i": "18065", "regex": "false"},
	{"name_s": "/usr/share/doc/HTML/sk/kicker", "size_i": "4096", "regex": "false"},
	{"name_s": "/usr/share/doc/HTML/sk/kicker-applets", "size_i": "4096", "regex": "false"},
	{"name_s": "/usr/share/doc/HTML/sk/kicker-applets/common", "size_i": "14", "regex": "false"},
	{"name_s": "/usr/share/doc/HTML/sk/kicker-applets/index.cache.bz2", "size_i": "9211", "regex": "false"},
	{"name_s": "/usr/share/doc/HTML/sk/kicker-applets/index.docbook", "size_i": "2547", "regex": "false"},
	{"name_s": "/usr/share/doc/HTML/sk/kicker-applets/kolourpicker.docbook", "size_i": "1107", "regex": "false"},
	{"name_s": "/usr/share/doc/HTML/sk/kicker-applets/ktimemon.docbook", "size_i": "14584", "regex": "false"},
	{"name_s": "/usr/share/doc/HTML/sk/kicker/common", "size_i": "14", "regex": "false"},
	{"name_s": "/usr/share/doc/HTML/sk/kicker/index.cache.bz2", "size_i": "19562", "regex": "false"},
	{"name_s": "/usr/share/doc/HTML/sk/kicker/index.docbook", "size_i": "69443", "regex": "false"},
	{"name_s": "/usr/share/doc/HTML/sk/kicker/screenshot_left.png", "size_i": "12485", "regex": "false"},
	{"name_s": "/usr/share/doc/HTML/sk/kicker/screenshot_right.png", "size_i": "5981", "regex": "false"},
	{"name_s": "/usr/share/doc/HTML/sk/klickety", "size_i": "4096", "regex": "false"},
	{"name_s": "/usr/share/doc/HTML/sk/klickety/common", "size_i": "14", "regex": "false"},
	{"name_s": "/usr/share/doc/HTML/sk/klickety/index.cache.bz2", "size_i": "2385", "regex": "false"},
	{"name_s": "/usr/share/doc/HTML/sk/klickety/index.docbook", "size_i": "1794", "regex": "false"},
	{"name_s": "/usr/share/doc/HTML/sk/kmathtool", "size_i": "4096", "regex": "false"},
	{"name_s": "/usr/share/doc/HTML/sk/kmathtool/common", "size_i": "14", "regex": "false"},
	{"name_s": "/usr/share/doc/HTML/sk/kmathtool/index.cache.bz2", "size_i": "2357", "regex": "false"},
	{"name_s": "/usr/share/doc/HTML/sk/kmathtool/index.docbook", "size_i": "1727", "regex": "false"},
	{"name_s": "/usr/share/doc/HTML/sk/kodo", "size_i": "4096", "regex": "false"},
	{"name_s": "/usr/share/doc/HTML/sk/kodo/common", "size_i": "14", "regex": "false"},
	{"name_s": "/usr/share/doc/HTML/sk/kodo/index.cache.bz2", "size_i": "5219", "regex": "false"},
	{"name_s": "/usr/share/doc/HTML/sk/kodo/index.docbook", "size_i": "6109", "regex": "false"},
	{"name_s": "/usr/share/doc/HTML/sk/kpager", "size_i": "4096", "regex": "false"},
	{"name_s": "/usr/share/doc/HTML/sk/kpager/common", "size_i": "14", "regex": "false"},
	{"name_s": "/usr/share/doc/HTML/sk/kpager/index.cache.bz2", "size_i": "6494", "regex": "false"},
	{"name_s": "/usr/share/doc/HTML/sk/kpager/index.docbook", "size_i": "11480", "regex": "false"},
	{"name_s": "/usr/share/doc/HTML/sk/kpager/screenshot.png", "size_i": "19787", "regex": "false"},
	{"name_s": "/usr/share/doc/HTML/sk/kpager/settings.png", "size_i": "3322", "regex": "false"},
	{"name_s": "/usr/share/doc/HTML/sk/ksirtet", "size_i": "4096", "regex": "false"},
	{"name_s": "/usr/share/doc/HTML/sk/ksirtet/common", "size_i": "14", "regex": "false"},
	{"name_s": "/usr/share/doc/HTML/sk/ksirtet/index.cache.bz2", "size_i": "4625", "regex": "false"},
	{"name_s": "/usr/share/doc/HTML/sk/ksirtet/index.docbook", "size_i": "5271", "regex": "false"},
	{"name_s": "/usr/share/doc/HTML/sk/ksnake", "size_i": "4096", "regex": "false"},
	{"name_s": "/usr/share/doc/HTML/sk/ksnake/common", "size_i": "14", "regex": "false"},
	{"name_s": "/usr/share/doc/HTML/sk/ksnake/index.cache.bz2", "size_i": "5209", "regex": "false"},
	{"name_s": "/usr/share/doc/HTML/sk/ksnake/index.docbook", "size_i": "9734", "regex": "false"},
	{"name_s": "/usr/share/doc/HTML/sk/ksokoban", "size_i": "4096", "regex": "false"},
	{"name_s": "/usr/share/doc/HTML/sk/ksokoban/common", "size_i": "14", "regex": "false"},
	{"name_s": "/usr/share/doc/HTML/sk/ksokoban/index.cache.bz2", "size_i": "6901", "regex": "false"},
	{"name_s": "/usr/share/doc/HTML/sk/ksokoban/index.docbook", "size_i": "13541", "regex": "false"},
	{"name_s": "/usr/share/doc/HTML/sk/kspell", "size_i": "4096", "regex": "false"},
	{"name_s": "/usr/share/doc/HTML/sk/kspell/common", "size_i": "14", "regex": "false"},
	{"name_s": "/usr/share/doc/HTML/sk/kspell/index.cache.bz2", "size_i": "4505", "regex": "false"},
	{"name_s": "/usr/share/doc/HTML/sk/kspell/index.docbook", "size_i": "6100", "regex": "false"},
	{"name_s": "/usr/share/doc/HTML/sk/kwin4", "size_i": "4096", "regex": "false"},
	{"name_s": "/usr/share/doc/HTML/sk/kwin4/common", "size_i": "14", "regex": "false"},
	{"name_s": "/usr/share/doc/HTML/sk/kwin4/index.cache.bz2", "size_i": "6463", "regex": "false"},
	{"name_s": "/usr/share/doc/HTML/sk/kwin4/index.docbook", "size_i": "10990", "regex": "false"},
	{"name_s": "/usr/share/locale/sk/LC_MESSAGES/alsaplayerui.mo", "size_i": "1452", "regex": "false"},
	{"name_s": "/usr/share/locale/sk/LC_MESSAGES/appletproxy.mo", "size_i": "2071", "regex": "false"},
	{"name_s": "/usr/share/locale/sk/LC_MESSAGES/ark_plugin.mo", "size_i": "1034", "regex": "false"},
	{"name_s": "/usr/share/locale/sk/LC_MESSAGES/artsbuilder.mo", "size_i": "7849", "regex": "false"},
	{"name_s": "/usr/share/locale/sk/LC_MESSAGES/artscontrol.mo", "size_i": "5639", "regex": "false"},
	{"name_s": "/usr/share/locale/sk/LC_MESSAGES/artsmodules.mo", "size_i": "2507", "regex": "false"},
	{"name_s": "/usr/share/locale/sk/LC_MESSAGES/atlantik.mo", "size_i": "10215", "regex": "false"},
	{"name_s": "/usr/share/locale/sk/LC_MESSAGES/atlantikdesigner.mo", "size_i": "5466", "regex": "false"},
	{"name_s": "/usr/share/locale/sk/LC_MESSAGES/charlatanui.mo", "size_i": "737", "regex": "false"},
	{"name_s": "/usr/share/locale/sk/LC_MESSAGES/clockapplet.mo", "size_i": "6459", "regex": "false"},
	{"name_s": "/usr/share/locale/sk/LC_MESSAGES/cupsdconf.mo", "size_i": "58044", "regex": "false"},
	{"name_s": "/usr/share/locale/sk/LC_MESSAGES/dcoprss.mo", "size_i": "1078", "regex": "false"},
	{"name_s": "/usr/share/locale/sk/LC_MESSAGES/dockbarextension.mo", "size_i": "1171", "regex": "false"},
	{"name_s": "/usr/share/locale/sk/LC_MESSAGES/dub.mo", "size_i": "2470", "regex": "false"},
	{"name_s": "/usr/share/locale/sk/LC_MESSAGES/extensionproxy.mo", "size_i": "1113", "regex": "false"},
	{"name_s": "/usr/share/locale/sk/LC_MESSAGES/ffrs.mo", "size_i": "875", "regex": "false"},
	{"name_s": "/usr/share/locale/sk/LC_MESSAGES/kabc2mutt.mo", "size_i": "1445", "regex": "false"},
	{"name_s": "/usr/share/locale/sk/LC_MESSAGES/kabc_sql.mo", "size_i": "658", "regex": "false"},
	{"name_s": "/usr/share/locale/sk/LC_MESSAGES/kaboodle.mo", "size_i": "1900", "regex": "false"},
	{"name_s": "/usr/share/locale/sk/LC_MESSAGES/kandy.mo", "size_i": "9173", "regex": "false"},
	{"name_s": "/usr/share/locale/sk/LC_MESSAGES/karm.mo", "size_i": "17064", "regex": "false"},
	{"name_s": "/usr/share/locale/sk/LC_MESSAGES/kasbarextension.mo", "size_i": "12248", "regex": "false"},
	{"name_s": "/usr/share/locale/sk/LC_MESSAGES/kasteroids.mo", "size_i": "2412", "regex": "false"},
	{"name_s": "/usr/share/locale/sk/LC_MESSAGES/katecppsymbolviewer.mo", "size_i": "1587", "regex": "false"},
	{"name_s": "/usr/share/locale/sk/LC_MESSAGES/katefll_initplugin.mo", "size_i": "1083", "regex": "false"},
	{"name_s": "/usr/share/locale/sk/LC_MESSAGES/katefll_plugin.mo", "size_i": "1078", "regex": "false"},
	{"name_s": "/usr/share/locale/sk/LC_MESSAGES/katemodeline.mo", "size_i": "465", "regex": "false"},
	{"name_s": "/usr/share/locale/sk/LC_MESSAGES/katepart.mo", "size_i": "88074", "regex": "false"},
	{"name_s": "/usr/share/locale/sk/LC_MESSAGES/kay.mo", "size_i": "1590", "regex": "false"},
	{"name_s": "/usr/share/locale/sk/LC_MESSAGES/kbabel.mo", "size_i": "125225", "regex": "false"},
	{"name_s": "/usr/share/locale/sk/LC_MESSAGES/kbackgammon.mo", "size_i": "34388", "regex": "false"},
	{"name_s": "/usr/share/locale/sk/LC_MESSAGES/kbinaryclock.mo", "size_i": "2030", "regex": "false"},
	{"name_s": "/usr/share/locale/sk/LC_MESSAGES/kcm_kviewcanvasconfig.mo", "size_i": "3449", "regex": "false"},
	{"name_s": "/usr/share/locale/sk/LC_MESSAGES/kcm_kviewgeneralconfig.mo", "size_i": "1129", "regex": "false"},
	{"name_s": "/usr/share/locale/sk/LC_MESSAGES/kcm_kviewpluginsconfig.mo", "size_i": "512", "regex": "false"},
	{"name_s": "/usr/share/locale/sk/LC_MESSAGES/kcm_kviewviewerpluginsconfig.mo", "size_i": "514", "regex": "false"},
	{"name_s": "/usr/share/locale/sk/LC_MESSAGES/kcmarts.mo", "size_i": "10900", "regex": "false"},
	{"name_s": "/usr/share/locale/sk/LC_MESSAGES/kcmkicker.mo", "size_i": "30207", "regex": "false"},
	{"name_s": "/usr/share/locale/sk/LC_MESSAGES/kcmkonsole.mo", "size_i": "9895", "regex": "false"},
	{"name_s": "/usr/share/locale/sk/LC_MESSAGES/kcmktalkd.mo", "size_i": "4678", "regex": "false"},
	{"name_s": "/usr/share/locale/sk/LC_MESSAGES/kcmkuick.mo", "size_i": "1506", "regex": "false"},
	{"name_s": "/usr/share/locale/sk/LC_MESSAGES/kcmlanbrowser.mo", "size_i": "17897", "regex": "false"},
	{"name_s": "/usr/share/locale/sk/LC_MESSAGES/kcmlaptop.mo", "size_i": "29517", "regex": "false"},
	{"name_s": "/usr/share/locale/sk/LC_MESSAGES/kcmlayout.mo", "size_i": "27524", "regex": "false"},
	{"name_s": "/usr/share/locale/sk/LC_MESSAGES/kcmlilo.mo", "size_i": "20392", "regex": "false"},
	{"name_s": "/usr/share/locale/sk/LC_MESSAGES/kcmmedia.mo", "size_i": "3873", "regex": "false"},
	{"name_s": "/usr/share/locale/sk/LC_MESSAGES/kcmprintmgr.mo", "size_i": "2450", "regex": "false"},
	{"name_s": "/usr/share/locale/sk/LC_MESSAGES/kcmspellchecking.mo", "size_i": "1408", "regex": "false"},
	{"name_s": "/usr/share/locale/sk/LC_MESSAGES/kcmwifi.mo", "size_i": "9185", "regex": "false"},
	{"name_s": "/usr/share/locale/sk/LC_MESSAGES/kcontrol.mo", "size_i": "6810", "regex": "false"},
	{"name_s": "/usr/share/locale/sk/LC_MESSAGES/kdcop.mo", "size_i": "2673", "regex": "false"},
	{"name_s": "/usr/share/locale/sk/LC_MESSAGES/kdelibs.mo", "size_i": "182187", "regex": "false"},
	{"name_s": "/usr/share/locale/sk/LC_MESSAGES/kdelibs_colors.mo", "size_i": "13009", "regex": "false"},
	{"name_s": "/usr/share/locale/sk/LC_MESSAGES/kdeprint.mo", "size_i": "219841", "regex": "false"},
	{"name_s": "/usr/share/locale/sk/LC_MESSAGES/kdeprint_part.mo", "size_i": "809", "regex": "false"},
	{"name_s": "/usr/share/locale/sk/LC_MESSAGES/kdeprintfax.mo", "size_i": "5911", "regex": "false"},
	{"name_s": "/usr/share/locale/sk/LC_MESSAGES/kdesktop.mo", "size_i": "24845", "regex": "false"},
	{"name_s": "/usr/share/locale/sk/LC_MESSAGES/kdevdesigner.mo", "size_i": "999", "regex": "false"},
	{"name_s": "/usr/share/locale/sk/LC_MESSAGES/kdevelop.mo", "size_i": "95381", "regex": "false"},
	{"name_s": "/usr/share/locale/sk/LC_MESSAGES/kdevtipofday.mo", "size_i": "8113", "regex": "false"},
	{"name_s": "/usr/share/locale/sk/LC_MESSAGES/kdict.mo", "size_i": "11613", "regex": "false"},
	{"name_s": "/usr/share/locale/sk/LC_MESSAGES/kdictapplet.mo", "size_i": "881", "regex": "false"},
	{"name_s": "/usr/share/locale/sk/LC_MESSAGES/kdjview.mo", "size_i": "8980", "regex": "false"},
	{"name_s": "/usr/share/locale/sk/LC_MESSAGES/kdvi.mo", "size_i": "40970", "regex": "false"},
	{"name_s": "/usr/share/locale/sk/LC_MESSAGES/kedit.mo", "size_i": "6096", "regex": "false"},
	{"name_s": "/usr/share/locale/sk/LC_MESSAGES/keduca.mo", "size_i": "9217", "regex": "false"},
	{"name_s": "/usr/share/locale/sk/LC_MESSAGES/kenolaba.mo", "size_i": "5151", "regex": "false"},
	{"name_s": "/usr/share/locale/sk/LC_MESSAGES/kfax.mo", "size_i": "6313", "regex": "false"},
	{"name_s": "/usr/share/locale/sk/LC_MESSAGES/kfaxview.mo", "size_i": "2537", "regex": "false"},
	{"name_s": "/usr/share/locale/sk/LC_MESSAGES/kfile_au.mo", "size_i": "1276", "regex": "false"},
	{"name_s": "/usr/share/locale/sk/LC_MESSAGES/kfile_bmp.mo", "size_i": "1160", "regex": "false"},
	{"name_s": "/usr/share/locale/sk/LC_MESSAGES/kfile_cert.mo", "size_i": "1052", "regex": "false"},
	{"name_s": "/usr/share/locale/sk/LC_MESSAGES/kfile_cpp.mo", "size_i": "783", "regex": "false"},
	{"name_s": "/usr/share/locale/sk/LC_MESSAGES/kfile_deb.mo", "size_i": "592", "regex": "false"},
	{"name_s": "/usr/share/locale/sk/LC_MESSAGES/kfile_desktop.mo", "size_i": "950", "regex": "false"},
	{"name_s": "/usr/share/locale/sk/LC_MESSAGES/kfile_diff.mo", "size_i": "1347", "regex": "false"},
	{"name_s": "/usr/share/locale/sk/LC_MESSAGES/kfile_folder.mo", "size_i": "533", "regex": "false"},
	{"name_s": "/usr/share/locale/sk/LC_MESSAGES/kfile_gif.mo", "size_i": "759", "regex": "false"},
	{"name_s": "/usr/share/locale/sk/LC_MESSAGES/kfile_html.mo", "size_i": "671", "regex": "false"},
	{"name_s": "/usr/share/locale/sk/LC_MESSAGES/kfile_ico.mo", "size_i": "703", "regex": "false"},
	{"name_s": "/usr/share/locale/sk/LC_MESSAGES/kfile_ics.mo", "size_i": "798", "regex": "false"},
	{"name_s": "/usr/share/locale/sk/LC_MESSAGES/kfile_jpeg.mo", "size_i": "3834", "regex": "false"},
	{"name_s": "/usr/share/locale/sk/LC_MESSAGES/kfile_lnk.mo", "size_i": "1335", "regex": "false"},
	{"name_s": "/usr/share/locale/sk/LC_MESSAGES/kfile_m3u.mo", "size_i": "471", "regex": "false"},
	{"name_s": "/usr/share/locale/sk/LC_MESSAGES/kfile_mhtml.mo", "size_i": "750", "regex": "false"},
	{"name_s": "/usr/share/locale/sk/LC_MESSAGES/kfile_palm.mo", "size_i": "1438", "regex": "false"},
	{"name_s": "/usr/share/locale/sk/LC_MESSAGES/kfile_pcx.mo", "size_i": "740", "regex": "false"},
	{"name_s": "/usr/share/locale/sk/LC_MESSAGES/kfile_pdf.mo", "size_i": "1176", "regex": "false"},
	{"name_s": "/usr/share/locale/sk/LC_MESSAGES/kfile_png.mo", "size_i": "1460", "regex": "false"},
	{"name_s": "/usr/share/locale/sk/LC_MESSAGES/kfile_po.mo", "size_i": "777", "regex": "false"},
	{"name_s": "/usr/share/locale/sk/LC_MESSAGES/kfile_ps.mo", "size_i": "678", "regex": "false"},
	{"name_s": "/usr/share/locale/sk/LC_MESSAGES/kfile_rfc822.mo", "size_i": "651", "regex": "false"},
	{"name_s": "/usr/share/locale/sk/LC_MESSAGES/kfile_tga.mo", "size_i": "1123", "regex": "false"},
	{"name_s": "/usr/share/locale/sk/LC_MESSAGES/kfile_ts.mo", "size_i": "675", "regex": "false"},
	{"name_s": "/usr/share/locale/sk/LC_MESSAGES/kfile_txt.mo", "size_i": "717", "regex": "false"},
	{"name_s": "/usr/share/locale/sk/LC_MESSAGES/kfile_xbm.mo", "size_i": "498", "regex": "false"},
	{"name_s": "/usr/share/locale/sk/LC_MESSAGES/kfile_xpm.mo", "size_i": "614", "regex": "false"},
	{"name_s": "/usr/share/locale/sk/LC_MESSAGES/kfileaudiopreview.mo", "size_i": "473", "regex": "false"},
	{"name_s": "/usr/share/locale/sk/LC_MESSAGES/kfilereplace.mo", "size_i": "21963", "regex": "false"},
	{"name_s": "/usr/share/locale/sk/LC_MESSAGES/kfouleggs.mo", "size_i": "2272", "regex": "false"},
	{"name_s": "/usr/share/locale/sk/LC_MESSAGES/kgantt.mo", "size_i": "1683", "regex": "false"},
	{"name_s": "/usr/share/locale/sk/LC_MESSAGES/kghostview.mo", "size_i": "14707", "regex": "false"},
	{"name_s": "/usr/share/locale/sk/LC_MESSAGES/khexedit.mo", "size_i": "34169", "regex": "false"},
	{"name_s": "/usr/share/locale/sk/LC_MESSAGES/khexedit2part.mo", "size_i": "1609", "regex": "false"},
	{"name_s": "/usr/share/locale/sk/LC_MESSAGES/kicker.mo", "size_i": "12019", "regex": "false"},
	{"name_s": "/usr/share/locale/sk/LC_MESSAGES/kickermenu_kate.mo", "size_i": "1355", "regex": "false"},
	{"name_s": "/usr/share/locale/sk/LC_MESSAGES/kimagemapeditor.mo", "size_i": "13721", "regex": "false"},
	{"name_s": "/usr/share/locale/sk/LC_MESSAGES/kio.mo", "size_i": "139392", "regex": "false"},
	{"name_s": "/usr/share/locale/sk/LC_MESSAGES/kio_help.mo", "size_i": "2523", "regex": "false"},
	{"name_s": "/usr/share/locale/sk/LC_MESSAGES/kio_home.mo", "size_i": "551", "regex": "false"},
	{"name_s": "/usr/share/locale/sk/LC_MESSAGES/kio_lan.mo", "size_i": "982", "regex": "false"},
	{"name_s": "/usr/share/locale/sk/LC_MESSAGES/kio_mac.mo", "size_i": "2098", "regex": "false"},
	{"name_s": "/usr/share/locale/sk/LC_MESSAGES/kio_media.mo", "size_i": "10873", "regex": "false"},
	{"name_s": "/usr/share/locale/sk/LC_MESSAGES/kio_mobile.mo", "size_i": "604", "regex": "false"},
	{"name_s": "/usr/share/locale/sk/LC_MESSAGES/kio_print.mo", "size_i": "3381", "regex": "false"},
	{"name_s": "/usr/share/locale/sk/LC_MESSAGES/kio_scalix.mo", "size_i": "828", "regex": "false"},
	{"name_s": "/usr/share/locale/sk/LC_MESSAGES/kio_system.mo", "size_i": "547", "regex": "false"},
	{"name_s": "/usr/share/locale/sk/LC_MESSAGES/kio_tar.mo", "size_i": "804", "regex": "false"},
	{"name_s": "/usr/share/locale/sk/LC_MESSAGES/kjobviewer.mo", "size_i": "1376", "regex": "false"},
	{"name_s": "/usr/share/locale/sk/LC_MESSAGES/klatin.mo", "size_i": "13442", "regex": "false"},
	{"name_s": "/usr/share/locale/sk/LC_MESSAGES/klickety.mo", "size_i": "1253", "regex": "false"},
	{"name_s": "/usr/share/locale/sk/LC_MESSAGES/klinkstatus.mo", "size_i": "9800", "regex": "false"},
	{"name_s": "/usr/share/locale/sk/LC_MESSAGES/kmathapplet.mo", "size_i": "2177", "regex": "false"},
	{"name_s": "/usr/share/locale/sk/LC_MESSAGES/kmcop.mo", "size_i": "709", "regex": "false"},
	{"name_s": "/usr/share/locale/sk/LC_MESSAGES/kmenuapplet.mo", "size_i": "693", "regex": "false"},
	{"name_s": "/usr/share/locale/sk/LC_MESSAGES/kminipagerapplet.mo", "size_i": "2454", "regex": "false"},
	{"name_s": "/usr/share/locale/sk/LC_MESSAGES/kmobile.mo", "size_i": "5115", "regex": "false"},
	{"name_s": "/usr/share/locale/sk/LC_MESSAGES/kmrml.mo", "size_i": "8809", "regex": "false"},
	{"name_s": "/usr/share/locale/sk/LC_MESSAGES/knewsticker.mo", "size_i": "43044", "regex": "false"},
	{"name_s": "/usr/share/locale/sk/LC_MESSAGES/knotify.mo", "size_i": "2436", "regex": "false"},
	{"name_s": "/usr/share/locale/sk/LC_MESSAGES/kodo.mo", "size_i": "1402", "regex": "false"},
	{"name_s": "/usr/share/locale/sk/LC_MESSAGES/kolourpicker.mo", "size_i": "1050", "regex": "false"},
	{"name_s": "/usr/share/locale/sk/LC_MESSAGES/kommander.mo", "size_i": "55804", "regex": "false"},
	{"name_s": "/usr/share/locale/sk/LC_MESSAGES/konqsidebar_delicious.mo", "size_i": "1688", "regex": "false"},
	{"name_s": "/usr/share/locale/sk/LC_MESSAGES/kooka.mo", "size_i": "25407", "regex": "false"},
	{"name_s": "/usr/share/locale/sk/LC_MESSAGES/kpager.mo", "size_i": "1584", "regex": "false"},
	{"name_s": "/usr/share/locale/sk/LC_MESSAGES/kpdf.mo", "size_i": "17365", "regex": "false"},
	{"name_s": "/usr/share/locale/sk/LC_MESSAGES/kpersonalizer.mo", "size_i": "12244", "regex": "false"},
	{"name_s": "/usr/share/locale/sk/LC_MESSAGES/kpf.mo", "size_i": "14271", "regex": "false"},
	{"name_s": "/usr/share/locale/sk/LC_MESSAGES/kpoker.mo", "size_i": "4828", "regex": "false"},
	{"name_s": "/usr/share/locale/sk/LC_MESSAGES/kprinter.mo", "size_i": "2903", "regex": "false"},
	{"name_s": "/usr/share/locale/sk/LC_MESSAGES/krec.mo", "size_i": "13263", "regex": "false"},
	{"name_s": "/usr/share/locale/sk/LC_MESSAGES/kregexpeditor.mo", "size_i": "21710", "regex": "false"},
	{"name_s": "/usr/share/locale/sk/LC_MESSAGES/kres_blogging.mo", "size_i": "1885", "regex": "false"},
	{"name_s": "/usr/share/locale/sk/LC_MESSAGES/kres_exchange.mo", "size_i": "1121", "regex": "false"},
	{"name_s": "/usr/share/locale/sk/LC_MESSAGES/krunapplet.mo", "size_i": "1684", "regex": "false"},
	{"name_s": "/usr/share/locale/sk/LC_MESSAGES/ksirc.mo", "size_i": "32196", "regex": "false"},
	{"name_s": "/usr/share/locale/sk/LC_MESSAGES/ksirtet.mo", "size_i": "2359", "regex": "false"},
	{"name_s": "/usr/share/locale/sk/LC_MESSAGES/ksmiletris.mo", "size_i": "1391", "regex": "false"},
	{"name_s": "/usr/share/locale/sk/LC_MESSAGES/ksnake.mo", "size_i": "2948", "regex": "false"},
	{"name_s": "/usr/share/locale/sk/LC_MESSAGES/ksokoban.mo", "size_i": "2721", "regex": "false"},
	{"name_s": "/usr/share/locale/sk/LC_MESSAGES/ksplash.mo", "size_i": "2011", "regex": "false"},
	{"name_s": "/usr/share/locale/sk/LC_MESSAGES/kstyle_highcontrast_config.mo", "size_i": "459", "regex": "false"},
	{"name_s": "/usr/share/locale/sk/LC_MESSAGES/kstyle_plastik_config.mo", "size_i": "1191", "regex": "false"},
	{"name_s": "/usr/share/locale/sk/LC_MESSAGES/ksvgplugin.mo", "size_i": "1219", "regex": "false"},
	{"name_s": "/usr/share/locale/sk/LC_MESSAGES/ksystemtrayapplet.mo", "size_i": "720", "regex": "false"},
	{"name_s": "/usr/share/locale/sk/LC_MESSAGES/ktexteditor_autobookmarker.mo", "size_i": "4956", "regex": "false"},
	{"name_s": "/usr/share/locale/sk/LC_MESSAGES/ktexteditor_docwordcompletion.mo", "size_i": "2280", "regex": "false"},
	{"name_s": "/usr/share/locale/sk/LC_MESSAGES/ktexteditor_insertfile.mo", "size_i": "1114", "regex": "false"},
	{"name_s": "/usr/share/locale/sk/LC_MESSAGES/ktexteditor_isearch.mo", "size_i": "2383", "regex": "false"},
	{"name_s": "/usr/share/locale/sk/LC_MESSAGES/ktexteditor_kdatatool.mo", "size_i": "1040", "regex": "false"},
	{"name_s": "/usr/share/locale/sk/LC_MESSAGES/ktimemon.mo", "size_i": "8581", "regex": "false"},
	{"name_s": "/usr/share/locale/sk/LC_MESSAGES/kuick_plugin.mo", "size_i": "1173", "regex": "false"},
	{"name_s": "/usr/share/locale/sk/LC_MESSAGES/kverbos.mo", "size_i": "8245", "regex": "false"},
	{"name_s": "/usr/share/locale/sk/LC_MESSAGES/kview.mo", "size_i": "1260", "regex": "false"},
	{"name_s": "/usr/share/locale/sk/LC_MESSAGES/kview_scale.mo", "size_i": "1254", "regex": "false"},
	{"name_s": "/usr/share/locale/sk/LC_MESSAGES/kviewbrowserplugin.mo", "size_i": "399", "regex": "false"},
	{"name_s": "/usr/share/locale/sk/LC_MESSAGES/kviewcanvas.mo", "size_i": "605", "regex": "false"},
	{"name_s": "/usr/share/locale/sk/LC_MESSAGES/kvieweffectsplugin.mo", "size_i": "1051", "regex": "false"},
	{"name_s": "/usr/share/locale/sk/LC_MESSAGES/kviewpresenterplugin.mo", "size_i": "1734", "regex": "false"},
	{"name_s": "/usr/share/locale/sk/LC_MESSAGES/kviewscannerplugin.mo", "size_i": "953", "regex": "false"},
	{"name_s": "/usr/share/locale/sk/LC_MESSAGES/kviewshell.mo", "size_i": "22733", "regex": "false"},
	{"name_s": "/usr/share/locale/sk/LC_MESSAGES/kviewviewer.mo", "size_i": "3931", "regex": "false"},
	{"name_s": "/usr/share/locale/sk/LC_MESSAGES/kvoctrain.mo", "size_i": "67174", "regex": "false"},
	{"name_s": "/usr/share/locale/sk/LC_MESSAGES/kwifimanager.mo", "size_i": "5271", "regex": "false"},
	{"name_s": "/usr/share/locale/sk/LC_MESSAGES/kwin4.mo", "size_i": "5568", "regex": "false"},
	{"name_s": "/usr/share/locale/sk/LC_MESSAGES/kwireless.mo", "size_i": "1830", "regex": "false"},
	{"name_s": "/usr/share/locale/sk/LC_MESSAGES/kxsldbg.mo", "size_i": "36970", "regex": "false"},
	{"name_s": "/usr/share/locale/sk/LC_MESSAGES/libdmctl.mo", "size_i": "837", "regex": "false"},
	{"name_s": "/usr/share/locale/sk/LC_MESSAGES/libkaddrbk_geo_xxport.mo", "size_i": "512", "regex": "false"},
	{"name_s": "/usr/share/locale/sk/LC_MESSAGES/libkaddrbk_gmx_xxport.mo", "size_i": "1132", "regex": "false"},
	{"name_s": "/usr/share/locale/sk/LC_MESSAGES/libkfaximgage.mo", "size_i": "1813", "regex": "false"},
	{"name_s": "/usr/share/locale/sk/LC_MESSAGES/libkicker.mo", "size_i": "10198", "regex": "false"},
	{"name_s": "/usr/share/locale/sk/LC_MESSAGES/libkickermenu_kdeprint.mo", "size_i": "773", "regex": "false"},
	{"name_s": "/usr/share/locale/sk/LC_MESSAGES/libkickermenu_konsole.mo", "size_i": "851", "regex": "false"},
	{"name_s": "/usr/share/locale/sk/LC_MESSAGES/libkickermenu_prefmenu.mo", "size_i": "610", "regex": "false"},
	{"name_s": "/usr/share/locale/sk/LC_MESSAGES/libkickermenu_recentdocs.mo", "size_i": "526", "regex": "false"},
	{"name_s": "/usr/share/locale/sk/LC_MESSAGES/libkickermenu_remotemenu.mo", "size_i": "664", "regex": "false"},
	{"name_s": "/usr/share/locale/sk/LC_MESSAGES/libkickermenu_systemmenu.mo", "size_i": "513", "regex": "false"},
	{"name_s": "/usr/share/locale/sk/LC_MESSAGES/libkickermenu_tom.mo", "size_i": "2070", "regex": "false"},
	{"name_s": "/usr/share/locale/sk/LC_MESSAGES/libkpimexchange.mo", "size_i": "993", "regex": "false"},
	{"name_s": "/usr/share/locale/sk/LC_MESSAGES/libkscan.mo", "size_i": "9187", "regex": "false"},
	{"name_s": "/usr/share/locale/sk/LC_MESSAGES/libksirtet.mo", "size_i": "7532", "regex": "false"},
	{"name_s": "/usr/share/locale/sk/LC_MESSAGES/libtaskbar.mo", "size_i": "9725", "regex": "false"},
	{"name_s": "/usr/share/locale/sk/LC_MESSAGES/lockout.mo", "size_i": "861", "regex": "false"},
	{"name_s": "/usr/share/locale/sk/LC_MESSAGES/lyrics.mo", "size_i": "5946", "regex": "false"},
	{"name_s": "/usr/share/locale/sk/LC_MESSAGES/mediaapplet.mo", "size_i": "1584", "regex": "false"},
	{"name_s": "/usr/share/locale/sk/LC_MESSAGES/mediacontrol.mo", "size_i": "3427", "regex": "false"},
	{"name_s": "/usr/share/locale/sk/LC_MESSAGES/naughtyapplet.mo", "size_i": "1643", "regex": "false"},
	{"name_s": "/usr/share/locale/sk/LC_MESSAGES/nexscope.mo", "size_i": "1150", "regex": "false"},
	{"name_s": "/usr/share/locale/sk/LC_MESSAGES/noatun.mo", "size_i": "24128", "regex": "false"},
	{"name_s": "/usr/share/locale/sk/LC_MESSAGES/pitchablespeed.mo", "size_i": "752", "regex": "false"},
	{"name_s": "/usr/share/locale/sk/LC_MESSAGES/ppdtranslations.mo", "size_i": "158853", "regex": "false"},
	{"name_s": "/usr/share/locale/sk/LC_MESSAGES/privacy.mo", "size_i": "6717", "regex": "false"},
	{"name_s": "/usr/share/locale/sk/LC_MESSAGES/quanta.mo", "size_i": "216821", "regex": "false"},
	{"name_s": "/usr/share/locale/sk/LC_MESSAGES/quicklauncher.mo", "size_i": "3498", "regex": "false"},
	{"name_s": "/usr/share/locale/sk/LC_MESSAGES/scalixadmin.mo", "size_i": "3111", "regex": "false"},
	{"name_s": "/usr/share/locale/sk/LC_MESSAGES/synaescope.mo", "size_i": "980", "regex": "false"},
	{"name_s": "/usr/share/locale/sk/LC_MESSAGES/timezones.mo", "size_i": "22151", "regex": "false"},
	{"name_s": "/usr/share/locale/sk/LC_MESSAGES/tippecanoe.mo", "size_i": "665", "regex": "false"},
	{"name_s": "/usr/share/locale/sk/LC_MESSAGES/trashapplet.mo", "size_i": "942", "regex": "false"},
	{"name_s": "/usr/share/locale/sk/LC_MESSAGES/tyler.mo", "size_i": "543", "regex": "false"},
	{"name_s": "/usr/share/locale/sk/LC_MESSAGES/wakeup.mo", "size_i": "1152", "regex": "false"},
	{"name_s": "/usr/share/locale/sk/LC_MESSAGES/wavecapture.mo", "size_i": "534", "regex": "false"},
	{"name_s": "/usr/share/locale/sk/charset", "size_i": "6", "regex": "false"}
]
