[
	{"name_s": "/usr/bin/ksystemlog", "size_i": "699448", "regex": "false"},
	{"name_s": "/usr/bin/kuser", "size_i": "454936", "regex": "false"},
	{"name_s": "/usr/lib64/kde4/kcm_cron.so", "size_i": "287488", "regex": "false"},
	{"name_s": "/usr/lib64/kde4/kcm_knetworkconfmodule.so", "size_i": "263792", "regex": "false"},
	{"name_s": "/usr/share/applications/kde4/ksystemlog.desktop", "size_i": "6108", "regex": "false"},
	{"name_s": "/usr/share/applications/kde4/kuser.desktop", "size_i": "4629", "regex": "false"},
	{"name_s": "/usr/share/config.kcfg/kuser.kcfg", "size_i": "13691", "regex": "false"},
	{"name_s": "/usr/share/doc/HTML/en/kcontrol", "size_i": "4096", "regex": "false"},
	{"name_s": "/usr/share/doc/HTML/en/kcontrol/knetworkconf", "size_i": "4096", "regex": "false"},
	{"name_s": "/usr/share/doc/HTML/en/kcontrol/knetworkconf/01.png", "size_i": "16083", "regex": "false"},
	{"name_s": "/usr/share/doc/HTML/en/kcontrol/knetworkconf/02.png", "size_i": "9435", "regex": "false"},
	{"name_s": "/usr/share/doc/HTML/en/kcontrol/knetworkconf/03.png", "size_i": "26635", "regex": "false"},
	{"name_s": "/usr/share/doc/HTML/en/kcontrol/knetworkconf/04.png", "size_i": "13137", "regex": "false"},
	{"name_s": "/usr/share/doc/HTML/en/kcontrol/knetworkconf/05.png", "size_i": "17224", "regex": "false"},
	{"name_s": "/usr/share/doc/HTML/en/kcontrol/knetworkconf/06.png", "size_i": "15526", "regex": "false"},
	{"name_s": "/usr/share/doc/HTML/en/kcontrol/knetworkconf/07.png", "size_i": "29461", "regex": "false"},
	{"name_s": "/usr/share/doc/HTML/en/kcontrol/knetworkconf/08.png", "size_i": "29635", "regex": "false"},
	{"name_s": "/usr/share/doc/HTML/en/kcontrol/knetworkconf/09.png", "size_i": "11391", "regex": "false"},
	{"name_s": "/usr/share/doc/HTML/en/kcontrol/knetworkconf/11.png", "size_i": "75508", "regex": "false"},
	{"name_s": "/usr/share/doc/HTML/en/kcontrol/knetworkconf/about1.png", "size_i": "19441", "regex": "false"},
	{"name_s": "/usr/share/doc/HTML/en/kcontrol/knetworkconf/common", "size_i": "29", "regex": "false"},
	{"name_s": "/usr/share/doc/HTML/en/kcontrol/knetworkconf/index.cache.bz2", "size_i": "10554", "regex": "false"},
	{"name_s": "/usr/share/doc/HTML/en/kcontrol/knetworkconf/index.docbook", "size_i": "31318", "regex": "false"},
	{"name_s": "/usr/share/doc/HTML/en/kcron", "size_i": "4096", "regex": "false"},
	{"name_s": "/usr/share/doc/HTML/en/kcron/common", "size_i": "29", "regex": "false"},
	{"name_s": "/usr/share/doc/HTML/en/kcron/index.cache.bz2", "size_i": "8077", "regex": "false"},
	{"name_s": "/usr/share/doc/HTML/en/kcron/index.docbook", "size_i": "25745", "regex": "false"},
	{"name_s": "/usr/share/doc/HTML/en/kcron/kcron.png", "size_i": "11864", "regex": "false"},
	{"name_s": "/usr/share/doc/HTML/en/kcron/kcronstart.png", "size_i": "10226", "regex": "false"},
	{"name_s": "/usr/share/doc/HTML/en/kcron/newtask.png", "size_i": "26501", "regex": "false"},
	{"name_s": "/usr/share/doc/HTML/en/kcron/newvariable.png", "size_i": "7760", "regex": "false"},
	{"name_s": "/usr/share/doc/HTML/en/kcron/print.png", "size_i": "19134", "regex": "false"},
	{"name_s": "/usr/share/doc/HTML/en/ksystemlog", "size_i": "4096", "regex": "false"},
	{"name_s": "/usr/share/doc/HTML/en/ksystemlog/common", "size_i": "29", "regex": "false"},
	{"name_s": "/usr/share/doc/HTML/en/ksystemlog/filter-process.png", "size_i": "131025", "regex": "false"},
	{"name_s": "/usr/share/doc/HTML/en/ksystemlog/first-opening.png", "size_i": "131025", "regex": "false"},
	{"name_s": "/usr/share/doc/HTML/en/ksystemlog/groupby-hour.png", "size_i": "101306", "regex": "false"},
	{"name_s": "/usr/share/doc/HTML/en/ksystemlog/index.cache.bz2", "size_i": "5670", "regex": "false"},
	{"name_s": "/usr/share/doc/HTML/en/ksystemlog/index.docbook", "size_i": "11187", "regex": "false"},
	{"name_s": "/usr/share/doc/HTML/en/ksystemlog/main-screen.png", "size_i": "101640", "regex": "false"},
	{"name_s": "/usr/share/doc/HTML/en/kuser", "size_i": "4096", "regex": "false"},
	{"name_s": "/usr/share/doc/HTML/en/kuser/common", "size_i": "29", "regex": "false"},
	{"name_s": "/usr/share/doc/HTML/en/kuser/index.cache.bz2", "size_i": "5017", "regex": "false"},
	{"name_s": "/usr/share/doc/HTML/en/kuser/index.docbook", "size_i": "8380", "regex": "false"},
	{"name_s": "/usr/share/doc/HTML/en/kuser/kuser.png", "size_i": "13673", "regex": "false"},
	{"name_s": "/usr/share/doc/kdeadmin-4.3.4", "size_i": "4096", "regex": "false"},
	{"name_s": "/usr/share/doc/kdeadmin-4.3.4/AUTHORS", "size_i": "122", "regex": "false"},
	{"name_s": "/usr/share/doc/kdeadmin-4.3.4/COPYING", "size_i": "18273", "regex": "false"},
	{"name_s": "/usr/share/doc/kdeadmin-4.3.4/README", "size_i": "1564", "regex": "false"},
	{"name_s": "/usr/share/icons/hicolor/128x128/apps/kuser.png", "size_i": "14657", "regex": "false"},
	{"name_s": "/usr/share/icons/hicolor/128x128/apps/utilities-log-viewer.png", "size_i": "8772", "regex": "false"},
	{"name_s": "/usr/share/icons/hicolor/16x16/apps/knetworkconf.png", "size_i": "876", "regex": "false"},
	{"name_s": "/usr/share/icons/hicolor/16x16/apps/kuser.png", "size_i": "859", "regex": "false"},
	{"name_s": "/usr/share/icons/hicolor/16x16/apps/utilities-log-viewer.png", "size_i": "564", "regex": "false"},
	{"name_s": "/usr/share/icons/hicolor/22x22/actions/network_connected_lan_knc.png", "size_i": "839", "regex": "false"},
	{"name_s": "/usr/share/icons/hicolor/22x22/actions/network_disconnected_lan.png", "size_i": "444", "regex": "false"},
	{"name_s": "/usr/share/icons/hicolor/22x22/actions/network_disconnected_wlan.png", "size_i": "247", "regex": "false"},
	{"name_s": "/usr/share/icons/hicolor/22x22/actions/network_traffic_wlan.png", "size_i": "1096", "regex": "false"},
	{"name_s": "/usr/share/icons/hicolor/22x22/apps/knetworkconf.png", "size_i": "1033", "regex": "false"},
	{"name_s": "/usr/share/icons/hicolor/22x22/apps/kuser.png", "size_i": "1410", "regex": "false"},
	{"name_s": "/usr/share/icons/hicolor/22x22/apps/utilities-log-viewer.png", "size_i": "874", "regex": "false"},
	{"name_s": "/usr/share/icons/hicolor/32x32/apps/knetworkconf.png", "size_i": "2535", "regex": "false"},
	{"name_s": "/usr/share/icons/hicolor/32x32/apps/kuser.png", "size_i": "2257", "regex": "false"},
	{"name_s": "/usr/share/icons/hicolor/32x32/apps/utilities-log-viewer.png", "size_i": "1279", "regex": "false"},
	{"name_s": "/usr/share/icons/hicolor/48x48/apps/kuser.png", "size_i": "4081", "regex": "false"},
	{"name_s": "/usr/share/icons/hicolor/48x48/apps/utilities-log-viewer.png", "size_i": "2216", "regex": "false"},
	{"name_s": "/usr/share/icons/hicolor/64x64/apps/kuser.png", "size_i": "5968", "regex": "false"},
	{"name_s": "/usr/share/icons/hicolor/64x64/apps/utilities-log-viewer.png", "size_i": "3192", "regex": "false"},
	{"name_s": "/usr/share/kde4/apps/knetworkconf", "size_i": "4096", "regex": "false"},
	{"name_s": "/usr/share/kde4/apps/knetworkconf/backends", "size_i": "4096", "regex": "false"},
	{"name_s": "/usr/share/kde4/apps/knetworkconf/backends/debug.pl", "size_i": "4459", "regex": "false"},
	{"name_s": "/usr/share/kde4/apps/knetworkconf/backends/file.pl", "size_i": "19493", "regex": "false"},
	{"name_s": "/usr/share/kde4/apps/knetworkconf/backends/general.pl", "size_i": "17842", "regex": "false"},
	{"name_s": "/usr/share/kde4/apps/knetworkconf/backends/network-conf", "size_i": "17070", "regex": "false"},
	{"name_s": "/usr/share/kde4/apps/knetworkconf/backends/network.pl", "size_i": "279607", "regex": "false"},
	{"name_s": "/usr/share/kde4/apps/knetworkconf/backends/parse.pl", "size_i": "37035", "regex": "false"},
	{"name_s": "/usr/share/kde4/apps/knetworkconf/backends/platform.pl", "size_i": "15083", "regex": "false"},
	{"name_s": "/usr/share/kde4/apps/knetworkconf/backends/process.pl", "size_i": "1554", "regex": "false"},
	{"name_s": "/usr/share/kde4/apps/knetworkconf/backends/replace.pl", "size_i": "41507", "regex": "false"},
	{"name_s": "/usr/share/kde4/apps/knetworkconf/backends/report.pl", "size_i": "13748", "regex": "false"},
	{"name_s": "/usr/share/kde4/apps/knetworkconf/backends/service-list.pl", "size_i": "8444", "regex": "false"},
	{"name_s": "/usr/share/kde4/apps/knetworkconf/backends/service.pl", "size_i": "50030", "regex": "false"},
	{"name_s": "/usr/share/kde4/apps/knetworkconf/backends/util.pl", "size_i": "10223", "regex": "false"},
	{"name_s": "/usr/share/kde4/apps/knetworkconf/backends/xml.pl", "size_i": "19140", "regex": "false"},
	{"name_s": "/usr/share/kde4/apps/knetworkconf/pixmaps", "size_i": "4096", "regex": "false"},
	{"name_s": "/usr/share/kde4/apps/knetworkconf/pixmaps/ark.png", "size_i": "788", "regex": "false"},
	{"name_s": "/usr/share/kde4/apps/knetworkconf/pixmaps/blackpanther.png", "size_i": "916", "regex": "false"},
	{"name_s": "/usr/share/kde4/apps/knetworkconf/pixmaps/conectiva.png", "size_i": "1161", "regex": "false"},
	{"name_s": "/usr/share/kde4/apps/knetworkconf/pixmaps/debian.png", "size_i": "578", "regex": "false"},
	{"name_s": "/usr/share/kde4/apps/knetworkconf/pixmaps/fedora.png", "size_i": "691", "regex": "false"},
	{"name_s": "/usr/share/kde4/apps/knetworkconf/pixmaps/freebsd.png", "size_i": "1100", "regex": "false"},
	{"name_s": "/usr/share/kde4/apps/knetworkconf/pixmaps/gentoo.png", "size_i": "1109", "regex": "false"},
	{"name_s": "/usr/share/kde4/apps/knetworkconf/pixmaps/kubuntu.png", "size_i": "760", "regex": "false"},
	{"name_s": "/usr/share/kde4/apps/knetworkconf/pixmaps/mandriva.png", "size_i": "848", "regex": "false"},
	{"name_s": "/usr/share/kde4/apps/knetworkconf/pixmaps/openna.png", "size_i": "687", "regex": "false"},
	{"name_s": "/usr/share/kde4/apps/knetworkconf/pixmaps/pld.png", "size_i": "661", "regex": "false"},
	{"name_s": "/usr/share/kde4/apps/knetworkconf/pixmaps/redhat.png", "size_i": "430", "regex": "false"},
	{"name_s": "/usr/share/kde4/apps/knetworkconf/pixmaps/slackware.png", "size_i": "1062", "regex": "false"},
	{"name_s": "/usr/share/kde4/apps/knetworkconf/pixmaps/specifix.png", "size_i": "1143", "regex": "false"},
	{"name_s": "/usr/share/kde4/apps/knetworkconf/pixmaps/suse.png", "size_i": "790", "regex": "false"},
	{"name_s": "/usr/share/kde4/apps/knetworkconf/pixmaps/turbolinux.png", "size_i": "737", "regex": "false"},
	{"name_s": "/usr/share/kde4/apps/knetworkconf/pixmaps/vine.png", "size_i": "930", "regex": "false"},
	{"name_s": "/usr/share/kde4/apps/knetworkconf/pixmaps/yoper.png", "size_i": "1159", "regex": "false"},
	{"name_s": "/usr/share/kde4/apps/ksystemlog", "size_i": "4096", "regex": "false"},
	{"name_s": "/usr/share/kde4/apps/ksystemlog/ksystemlogui.rc", "size_i": "1531", "regex": "false"},
	{"name_s": "/usr/share/kde4/apps/kuser", "size_i": "4096", "regex": "false"},
	{"name_s": "/usr/share/kde4/apps/kuser/icons", "size_i": "4096", "regex": "false"},
	{"name_s": "/usr/share/kde4/apps/kuser/icons/oxygen", "size_i": "4096", "regex": "false"},
	{"name_s": "/usr/share/kde4/apps/kuser/icons/oxygen/22x22", "size_i": "4096", "regex": "false"},
	{"name_s": "/usr/share/kde4/apps/kuser/icons/oxygen/22x22/actions", "size_i": "4096", "regex": "false"},
	{"name_s": "/usr/share/kde4/apps/kuser/icons/oxygen/22x22/actions/user-group-delete.png", "size_i": "408", "regex": "false"},
	{"name_s": "/usr/share/kde4/apps/kuser/icons/oxygen/22x22/actions/user-group-properties.png", "size_i": "390", "regex": "false"},
	{"name_s": "/usr/share/kde4/apps/kuser/kuserui.rc", "size_i": "966", "regex": "false"},
	{"name_s": "/usr/share/kde4/apps/kuser/pics", "size_i": "4096", "regex": "false"},
	{"name_s": "/usr/share/kde4/apps/kuser/pics/group.png", "size_i": "354", "regex": "false"},
	{"name_s": "/usr/share/kde4/apps/kuser/pics/user.png", "size_i": "323", "regex": "false"},
	{"name_s": "/usr/share/kde4/services/kcm_cron.desktop", "size_i": "4276", "regex": "false"},
	{"name_s": "/usr/share/kde4/services/kcm_knetworkconfmodule.desktop", "size_i": "8465", "regex": "false"}
]
