[
	{"name_s": "/usr/bin/kaccess", "size_i": "5312", "regex": "false"},
	{"name_s": "/usr/bin/kapplymousetheme", "size_i": "6944", "regex": "false"},
	{"name_s": "/usr/bin/kblankscrn.kss", "size_i": "28368", "regex": "false"},
	{"name_s": "/usr/bin/kcheckrunning", "size_i": "5240", "regex": "false"},
	{"name_s": "/usr/bin/kcminit", "size_i": "5312", "regex": "false"},
	{"name_s": "/usr/bin/kcminit_startup", "size_i": "5336", "regex": "false"},
	{"name_s": "/usr/bin/kdostartupconfig4", "size_i": "18352", "regex": "false"},
	{"name_s": "/usr/bin/kfontinst", "size_i": "66824", "regex": "false"},
	{"name_s": "/usr/bin/kfontview", "size_i": "37696", "regex": "false"},
	{"name_s": "/usr/bin/klipper", "size_i": "5344", "regex": "false"},
	{"name_s": "/usr/bin/kmenuedit", "size_i": "5232", "regex": "false"},
	{"name_s": "/usr/bin/krandom.kss", "size_i": "36792", "regex": "false"},
	{"name_s": "/usr/bin/krandrtray", "size_i": "240608", "regex": "false"},
	{"name_s": "/usr/bin/krdb", "size_i": "27", "regex": "false"},
	{"name_s": "/usr/bin/krunner", "size_i": "5616", "regex": "false"},
	{"name_s": "/usr/bin/ksmserver", "size_i": "5584", "regex": "false"},
	{"name_s": "/usr/bin/ksplashsimple", "size_i": "11200", "regex": "false"},
	{"name_s": "/usr/bin/ksplashx", "size_i": "116376", "regex": "false"},
	{"name_s": "/usr/bin/ksplashx_scale", "size_i": "9336", "regex": "false"},
	{"name_s": "/usr/bin/kstartupconfig4", "size_i": "6872", "regex": "false"},
	{"name_s": "/usr/bin/ksysguard", "size_i": "5328", "regex": "false"},
	{"name_s": "/usr/bin/ksystraycmd", "size_i": "33520", "regex": "false"},
	{"name_s": "/usr/bin/kwin", "size_i": "5672", "regex": "false"},
	{"name_s": "/usr/bin/kwin_killer_helper", "size_i": "15328", "regex": "false"},
	{"name_s": "/usr/bin/kwin_rules_dialog", "size_i": "5304", "regex": "false"},
	{"name_s": "/usr/bin/kxkb", "size_i": "5336", "regex": "false"},
	{"name_s": "/usr/bin/plasma-desktop", "size_i": "5592", "regex": "false"},
	{"name_s": "/usr/bin/plasma-overlay", "size_i": "271608", "regex": "false"},
	{"name_s": "/usr/bin/plasmaengineexplorer", "size_i": "121264", "regex": "false"},
	{"name_s": "/usr/bin/plasmawallpaperviewer", "size_i": "49248", "regex": "false"},
	{"name_s": "/usr/bin/plasmoidviewer", "size_i": "49224", "regex": "false"},
	{"name_s": "/usr/bin/safestartkde", "size_i": "569", "regex": "false"},
	{"name_s": "/usr/bin/setscheduler", "size_i": "6032", "regex": "false"},
	{"name_s": "/usr/bin/solid-action-desktop-gen", "size_i": "32048", "regex": "false"},
	{"name_s": "/usr/bin/solid-bluetooth", "size_i": "32136", "regex": "false"},
	{"name_s": "/usr/bin/solid-network", "size_i": "44944", "regex": "false"},
	{"name_s": "/usr/bin/solid-powermanagement", "size_i": "40456", "regex": "false"},
	{"name_s": "/usr/bin/startkde", "size_i": "13765", "regex": "false"},
	{"name_s": "/usr/bin/systemsettings", "size_i": "66456", "regex": "false"},
	{"name_s": "/usr/lib64/kconf_update_bin/krdb_clearlibrarypath", "size_i": "11552", "regex": "false"},
	{"name_s": "/usr/lib64/kconf_update_bin/kwin_update_default_rules", "size_i": "13200", "regex": "false"},
	{"name_s": "/usr/lib64/kconf_update_bin/kwin_update_window_settings", "size_i": "23696", "regex": "false"},
	{"name_s": "/usr/lib64/kconf_update_bin/plasma-add-shortcut-to-menu", "size_i": "9728", "regex": "false"},
	{"name_s": "/usr/lib64/kconf_update_bin/plasma-to-plasma-desktop", "size_i": "11176", "regex": "false"},
	{"name_s": "/usr/lib64/kde4/classic_mode.so", "size_i": "50056", "regex": "false"},
	{"name_s": "/usr/lib64/kde4/fontthumbnail.so", "size_i": "15544", "regex": "false"},
	{"name_s": "/usr/lib64/kde4/icon_mode.so", "size_i": "29456", "regex": "false"},
	{"name_s": "/usr/lib64/kde4/ion_bbcukmet.so", "size_i": "111432", "regex": "false"},
	{"name_s": "/usr/lib64/kde4/ion_envcan.so", "size_i": "197552", "regex": "false"},
	{"name_s": "/usr/lib64/kde4/ion_noaa.so", "size_i": "78344", "regex": "false"},
	{"name_s": "/usr/lib64/kde4/kcm_access.so", "size_i": "66952", "regex": "false"},
	{"name_s": "/usr/lib64/kde4/kcm_autostart.so", "size_i": "70624", "regex": "false"},
	{"name_s": "/usr/lib64/kde4/kcm_bell.so", "size_i": "33704", "regex": "false"},
	{"name_s": "/usr/lib64/kde4/kcm_clock.so", "size_i": "73232", "regex": "false"},
	{"name_s": "/usr/lib64/kde4/kcm_colors.so", "size_i": "217376", "regex": "false"},
	{"name_s": "/usr/lib64/kde4/kcm_desktopthemedetails.so", "size_i": "103920", "regex": "false"},
	{"name_s": "/usr/lib64/kde4/kcm_display.so", "size_i": "24400", "regex": "false"},
	{"name_s": "/usr/lib64/kde4/kcm_energy.so", "size_i": "37392", "regex": "false"},
	{"name_s": "/usr/lib64/kde4/kcm_fontinst.so", "size_i": "476440", "regex": "false"},
	{"name_s": "/usr/lib64/kde4/kcm_fonts.so", "size_i": "156512", "regex": "false"},
	{"name_s": "/usr/lib64/kde4/kcm_hotkeys.so", "size_i": "288288", "regex": "false"},
	{"name_s": "/usr/lib64/kde4/kcm_input.so", "size_i": "226872", "regex": "false"},
	{"name_s": "/usr/lib64/kde4/kcm_joystick.so", "size_i": "83040", "regex": "false"},
	{"name_s": "/usr/lib64/kde4/kcm_keyboard.so", "size_i": "45624", "regex": "false"},
	{"name_s": "/usr/lib64/kde4/kcm_keyboard_layout.so", "size_i": "173480", "regex": "false"},
	{"name_s": "/usr/lib64/kde4/kcm_keys.so", "size_i": "111928", "regex": "false"},
	{"name_s": "/usr/lib64/kde4/kcm_ksplashthemes.so", "size_i": "82272", "regex": "false"},
	{"name_s": "/usr/lib64/kde4/kcm_kwin4_effect_builtins.so", "size_i": "324312", "regex": "false"},
	{"name_s": "/usr/lib64/kde4/kcm_kwincompositing.so", "size_i": "144504", "regex": "false"},
	{"name_s": "/usr/lib64/kde4/kcm_kwindecoration.so", "size_i": "130680", "regex": "false"},
	{"name_s": "/usr/lib64/kde4/kcm_kwindesktop.so", "size_i": "29344", "regex": "false"},
	{"name_s": "/usr/lib64/kde4/kcm_kwinoptions.so", "size_i": "151192", "regex": "false"},
	{"name_s": "/usr/lib64/kde4/kcm_kwinrules.so", "size_i": "240376", "regex": "false"},
	{"name_s": "/usr/lib64/kde4/kcm_kwinscreenedges.so", "size_i": "111016", "regex": "false"},
	{"name_s": "/usr/lib64/kde4/kcm_launch.so", "size_i": "41336", "regex": "false"},
	{"name_s": "/usr/lib64/kde4/kcm_powerdevilconfig.so", "size_i": "194008", "regex": "false"},
	{"name_s": "/usr/lib64/kde4/kcm_randr.so", "size_i": "238040", "regex": "false"},
	{"name_s": "/usr/lib64/kde4/kcm_screensaver.so", "size_i": "128504", "regex": "false"},
	{"name_s": "/usr/lib64/kde4/kcm_smserver.so", "size_i": "42328", "regex": "false"},
	{"name_s": "/usr/lib64/kde4/kcm_solid.so", "size_i": "55048", "regex": "false"},
	{"name_s": "/usr/lib64/kde4/kcm_solid_actions.so", "size_i": "113488", "regex": "false"},
	{"name_s": "/usr/lib64/kde4/kcm_standard_actions.so", "size_i": "25952", "regex": "false"},
	{"name_s": "/usr/lib64/kde4/kcm_style.so", "size_i": "119976", "regex": "false"},
	{"name_s": "/usr/lib64/kde4/kcm_xinerama.so", "size_i": "62944", "regex": "false"},
	{"name_s": "/usr/lib64/kde4/kded_kephal.so", "size_i": "445376", "regex": "false"},
	{"name_s": "/usr/lib64/kde4/kded_khotkeys.so", "size_i": "25992", "regex": "false"},
	{"name_s": "/usr/lib64/kde4/kded_kwrited.so", "size_i": "20144", "regex": "false"},
	{"name_s": "/usr/lib64/kde4/kded_networkstatus.so", "size_i": "36840", "regex": "false"},
	{"name_s": "/usr/lib64/kde4/kded_notificationitemwatcher.so", "size_i": "41160", "regex": "false"},
	{"name_s": "/usr/lib64/kde4/kded_powerdevil.so", "size_i": "188808", "regex": "false"},
	{"name_s": "/usr/lib64/kde4/kfontviewpart.so", "size_i": "144080", "regex": "false"},
	{"name_s": "/usr/lib64/kde4/kio_fonts.so", "size_i": "216472", "regex": "false"},
	{"name_s": "/usr/lib64/kde4/krunner_bookmarksrunner.so", "size_i": "28600", "regex": "false"},
	{"name_s": "/usr/lib64/kde4/krunner_calculatorrunner.so", "size_i": "28408", "regex": "false"},
	{"name_s": "/usr/lib64/kde4/krunner_locations.so", "size_i": "24328", "regex": "false"},
	{"name_s": "/usr/lib64/kde4/krunner_nepomuksearchrunner.so", "size_i": "33168", "regex": "false"},
	{"name_s": "/usr/lib64/kde4/krunner_placesrunner.so", "size_i": "24336", "regex": "false"},
	{"name_s": "/usr/lib64/kde4/krunner_powerdevil.so", "size_i": "55016", "regex": "false"},
	{"name_s": "/usr/lib64/kde4/krunner_recentdocuments.so", "size_i": "24304", "regex": "false"},
	{"name_s": "/usr/lib64/kde4/krunner_services.so", "size_i": "28968", "regex": "false"},
	{"name_s": "/usr/lib64/kde4/krunner_sessions.so", "size_i": "38600", "regex": "false"},
	{"name_s": "/usr/lib64/kde4/krunner_shell.so", "size_i": "37376", "regex": "false"},
	{"name_s": "/usr/lib64/kde4/krunner_webshortcuts.so", "size_i": "28472", "regex": "false"},
	{"name_s": "/usr/lib64/kde4/kstyle_keramik_config.so", "size_i": "16040", "regex": "false"},
	{"name_s": "/usr/lib64/kde4/kwin3_b2.so", "size_i": "70608", "regex": "false"},
	{"name_s": "/usr/lib64/kde4/kwin3_kde2.so", "size_i": "49872", "regex": "false"},
	{"name_s": "/usr/lib64/kde4/kwin3_keramik.so", "size_i": "95168", "regex": "false"},
	{"name_s": "/usr/lib64/kde4/kwin3_laptop.so", "size_i": "45824", "regex": "false"},
	{"name_s": "/usr/lib64/kde4/kwin3_modernsys.so", "size_i": "54344", "regex": "false"},
	{"name_s": "/usr/lib64/kde4/kwin3_oxygen.so", "size_i": "91688", "regex": "false"},
	{"name_s": "/usr/lib64/kde4/kwin3_ozone.so", "size_i": "91712", "regex": "false"},
	{"name_s": "/usr/lib64/kde4/kwin3_plastik.so", "size_i": "62624", "regex": "false"},
	{"name_s": "/usr/lib64/kde4/kwin3_quartz.so", "size_i": "45896", "regex": "false"},
	{"name_s": "/usr/lib64/kde4/kwin3_redmond.so", "size_i": "42128", "regex": "false"},
	{"name_s": "/usr/lib64/kde4/kwin3_web.so", "size_i": "37816", "regex": "false"},
	{"name_s": "/usr/lib64/kde4/kwin4_effect_builtins.so", "size_i": "623712", "regex": "false"},
	{"name_s": "/usr/lib64/kde4/kwin_b2_config.so", "size_i": "16784", "regex": "false"},
	{"name_s": "/usr/lib64/kde4/kwin_kde2_config.so", "size_i": "13032", "regex": "false"},
	{"name_s": "/usr/lib64/kde4/kwin_keramik_config.so", "size_i": "22200", "regex": "false"},
	{"name_s": "/usr/lib64/kde4/kwin_modernsys_config.so", "size_i": "16688", "regex": "false"},
	{"name_s": "/usr/lib64/kde4/kwin_oxygen_config.so", "size_i": "24360", "regex": "false"},
	{"name_s": "/usr/lib64/kde4/kwin_ozone_config.so", "size_i": "24360", "regex": "false"},
	{"name_s": "/usr/lib64/kde4/kwin_plastik_config.so", "size_i": "25824", "regex": "false"},
	{"name_s": "/usr/lib64/kde4/kwin_quartz_config.so", "size_i": "11944", "regex": "false"},
	{"name_s": "/usr/lib64/kde4/plasma-geolocation-ip.so", "size_i": "28480", "regex": "false"},
	{"name_s": "/usr/lib64/kde4/plasma_animator_default.so", "size_i": "16752", "regex": "false"},
	{"name_s": "/usr/lib64/kde4/plasma_applet_activitybar.so", "size_i": "37272", "regex": "false"},
	{"name_s": "/usr/lib64/kde4/plasma_applet_battery.so", "size_i": "96040", "regex": "false"},
	{"name_s": "/usr/lib64/kde4/plasma_applet_calendar.so", "size_i": "33232", "regex": "false"},
	{"name_s": "/usr/lib64/kde4/plasma_applet_clock.so", "size_i": "50360", "regex": "false"},
	{"name_s": "/usr/lib64/kde4/plasma_applet_devicenotifier.so", "size_i": "97664", "regex": "false"},
	{"name_s": "/usr/lib64/kde4/plasma_applet_dig_clock.so", "size_i": "66864", "regex": "false"},
	{"name_s": "/usr/lib64/kde4/plasma_applet_icon.so", "size_i": "54328", "regex": "false"},
	{"name_s": "/usr/lib64/kde4/plasma_applet_launcher.so", "size_i": "206496", "regex": "false"},
	{"name_s": "/usr/lib64/kde4/plasma_applet_lockout.so", "size_i": "50272", "regex": "false"},
	{"name_s": "/usr/lib64/kde4/plasma_applet_pager.so", "size_i": "100216", "regex": "false"},
	{"name_s": "/usr/lib64/kde4/plasma_applet_panelspacer_internal.so", "size_i": "34128", "regex": "false"},
	{"name_s": "/usr/lib64/kde4/plasma_applet_quicklaunch.so", "size_i": "77544", "regex": "false"},
	{"name_s": "/usr/lib64/kde4/plasma_applet_simplelauncher.so", "size_i": "135336", "regex": "false"},
	{"name_s": "/usr/lib64/kde4/plasma_applet_sm_cpu.so", "size_i": "58520", "regex": "false"},
	{"name_s": "/usr/lib64/kde4/plasma_applet_sm_hdd.so", "size_i": "66760", "regex": "false"},
	{"name_s": "/usr/lib64/kde4/plasma_applet_sm_net.so", "size_i": "66800", "regex": "false"},
	{"name_s": "/usr/lib64/kde4/plasma_applet_sm_ram.so", "size_i": "62648", "regex": "false"},
	{"name_s": "/usr/lib64/kde4/plasma_applet_sm_temperature.so", "size_i": "66816", "regex": "false"},
	{"name_s": "/usr/lib64/kde4/plasma_applet_system-monitor.so", "size_i": "63344", "regex": "false"},
	{"name_s": "/usr/lib64/kde4/plasma_applet_systemtray.so", "size_i": "385616", "regex": "false"},
	{"name_s": "/usr/lib64/kde4/plasma_applet_tasks.so", "size_i": "178656", "regex": "false"},
	{"name_s": "/usr/lib64/kde4/plasma_applet_trash.so", "size_i": "50168", "regex": "false"},
	{"name_s": "/usr/lib64/kde4/plasma_containment_desktop.so", "size_i": "104168", "regex": "false"},
	{"name_s": "/usr/lib64/kde4/plasma_containment_panel.so", "size_i": "65800", "regex": "false"},
	{"name_s": "/usr/lib64/kde4/plasma_containment_saverdesktop.so", "size_i": "28912", "regex": "false"},
	{"name_s": "/usr/lib64/kde4/plasma_engine_applicationjobs.so", "size_i": "50144", "regex": "false"},
	{"name_s": "/usr/lib64/kde4/plasma_engine_calendar.so", "size_i": "24416", "regex": "false"},
	{"name_s": "/usr/lib64/kde4/plasma_engine_dict.so", "size_i": "26424", "regex": "false"},
	{"name_s": "/usr/lib64/kde4/plasma_engine_executable.so", "size_i": "21128", "regex": "false"},
	{"name_s": "/usr/lib64/kde4/plasma_engine_favicons.so", "size_i": "24408", "regex": "false"},
	{"name_s": "/usr/lib64/kde4/plasma_engine_filebrowser.so", "size_i": "28280", "regex": "false"},
	{"name_s": "/usr/lib64/kde4/plasma_engine_geolocation.so", "size_i": "28448", "regex": "false"},
	{"name_s": "/usr/lib64/kde4/plasma_engine_hotplug.so", "size_i": "28352", "regex": "false"},
	{"name_s": "/usr/lib64/kde4/plasma_engine_keystate.so", "size_i": "41256", "regex": "false"},
	{"name_s": "/usr/lib64/kde4/plasma_engine_metadata.so", "size_i": "24392", "regex": "false"},
	{"name_s": "/usr/lib64/kde4/plasma_engine_mouse.so", "size_i": "28920", "regex": "false"},
	{"name_s": "/usr/lib64/kde4/plasma_engine_network.so", "size_i": "29464", "regex": "false"},
	{"name_s": "/usr/lib64/kde4/plasma_engine_notifications.so", "size_i": "41440", "regex": "false"},
	{"name_s": "/usr/lib64/kde4/plasma_engine_nowplaying.so", "size_i": "148168", "regex": "false"},
	{"name_s": "/usr/lib64/kde4/plasma_engine_places.so", "size_i": "46440", "regex": "false"},
	{"name_s": "/usr/lib64/kde4/plasma_engine_powermanagement.so", "size_i": "41872", "regex": "false"},
	{"name_s": "/usr/lib64/kde4/plasma_engine_rss.so", "size_i": "54680", "regex": "false"},
	{"name_s": "/usr/lib64/kde4/plasma_engine_soliddevice.so", "size_i": "96120", "regex": "false"},
	{"name_s": "/usr/lib64/kde4/plasma_engine_systemmonitor.so", "size_i": "28464", "regex": "false"},
	{"name_s": "/usr/lib64/kde4/plasma_engine_tasks.so", "size_i": "45720", "regex": "false"},
	{"name_s": "/usr/lib64/kde4/plasma_engine_time.so", "size_i": "45208", "regex": "false"},
	{"name_s": "/usr/lib64/kde4/plasma_engine_weather.so", "size_i": "32536", "regex": "false"},
	{"name_s": "/usr/lib64/kde4/plasma_wallpaper_color.so", "size_i": "21920", "regex": "false"},
	{"name_s": "/usr/lib64/kde4/plasma_wallpaper_image.so", "size_i": "115768", "regex": "false"},
	{"name_s": "/usr/lib64/kde4/solid_bluez.so", "size_i": "147016", "regex": "false"},
	{"name_s": "/usr/lib64/kde4/solid_fakenet.so", "size_i": "90208", "regex": "false"},
	{"name_s": "/usr/lib64/kde4/solid_hal_power.so", "size_i": "75576", "regex": "false"},
	{"name_s": "/usr/lib64/kde4/solid_networkmanager07.so", "size_i": "201088", "regex": "false"},
	{"name_s": "/usr/lib64/kde4/solid_wicd.so", "size_i": "127552", "regex": "false"},
	{"name_s": "/usr/lib64/libkdeinit4_kaccess.so", "size_i": "71104", "regex": "false"},
	{"name_s": "/usr/lib64/libkdeinit4_kcminit.so", "size_i": "29344", "regex": "false"},
	{"name_s": "/usr/lib64/libkdeinit4_kcminit_startup.so", "size_i": "29352", "regex": "false"},
	{"name_s": "/usr/lib64/libkdeinit4_klipper.so", "size_i": "245048", "regex": "false"},
	{"name_s": "/usr/lib64/libkdeinit4_kmenuedit.so", "size_i": "229920", "regex": "false"},
	{"name_s": "/usr/lib64/libkdeinit4_krunner.so", "size_i": "325208", "regex": "false"},
	{"name_s": "/usr/lib64/libkdeinit4_ksmserver.so", "size_i": "210048", "regex": "false"},
	{"name_s": "/usr/lib64/libkdeinit4_ksysguard.so", "size_i": "524704", "regex": "false"},
	{"name_s": "/usr/lib64/libkdeinit4_kwin.so", "size_i": "855120", "regex": "false"},
	{"name_s": "/usr/lib64/libkdeinit4_kwin_rules_dialog.so", "size_i": "239408", "regex": "false"},
	{"name_s": "/usr/lib64/libkdeinit4_kxkb.so", "size_i": "147976", "regex": "false"},
	{"name_s": "/usr/lib64/libkdeinit4_plasma-desktop.so", "size_i": "521320", "regex": "false"},
	{"name_s": "/usr/lib64/libkickoff.so", "size_i": "259264", "regex": "false"},
	{"name_s": "/usr/lib64/libsystemsettingsview.so", "size_i": "127608", "regex": "false"},
	{"name_s": "/usr/lib64/strigi", "size_i": "4096", "regex": "false"},
	{"name_s": "/usr/lib64/strigi/strigita_font.so", "size_i": "37104", "regex": "false"},
	{"name_s": "/usr/libexec/kde4/kcheckpass", "size_i": "15280", "regex": "false"},
	{"name_s": "/usr/libexec/kde4/kcmdatetimehelper", "size_i": "20424", "regex": "false"},
	{"name_s": "/usr/libexec/kde4/kfontprint", "size_i": "21368", "regex": "false"},
	{"name_s": "/usr/libexec/kde4/kio_fonts_helper", "size_i": "82976", "regex": "false"},
	{"name_s": "/usr/libexec/kde4/krootimage", "size_i": "99016", "regex": "false"},
	{"name_s": "/usr/libexec/kde4/kscreenlocker", "size_i": "172472", "regex": "false"},
	{"name_s": "/usr/libexec/kde4/test_kcm_xinerama", "size_i": "17360", "regex": "false"},
	{"name_s": "/usr/share/applications/kde4/kfontview.desktop", "size_i": "5962", "regex": "false"},
	{"name_s": "/usr/share/applications/kde4/klipper.desktop", "size_i": "10674", "regex": "false"},
	{"name_s": "/usr/share/applications/kde4/kmenuedit.desktop", "size_i": "3010", "regex": "false"},
	{"name_s": "/usr/share/applications/kde4/krandrtray.desktop", "size_i": "14822", "regex": "false"},
	{"name_s": "/usr/share/applications/kde4/ksysguard.desktop", "size_i": "3036", "regex": "false"},
	{"name_s": "/usr/share/applications/kde4/systemsettings.desktop", "size_i": "6465", "regex": "false"},
	{"name_s": "/usr/share/autostart/klipper.desktop", "size_i": "10674", "regex": "false"},
	{"name_s": "/usr/share/autostart/krunner.desktop", "size_i": "2680", "regex": "false"},
	{"name_s": "/usr/share/autostart/plasma-desktop.desktop", "size_i": "3469", "regex": "false"},
	{"name_s": "/usr/share/autostart/plasma.desktop", "size_i": "28", "regex": "false"},
	{"name_s": "/usr/share/config.kcfg/klaunch.kcfg", "size_i": "1348", "regex": "false"},
	{"name_s": "/usr/share/config.kcfg/kscreensaversettings.kcfg", "size_i": "3063", "regex": "false"},
	{"name_s": "/usr/share/config.kcfg/kwin.kcfg", "size_i": "3495", "regex": "false"},
	{"name_s": "/usr/share/config.kcfg/plasma-shell-desktop.kcfg", "size_i": "781", "regex": "false"},
	{"name_s": "/usr/share/config/background.knsrc", "size_i": "127", "regex": "false"},
	{"name_s": "/usr/share/config/colorschemes.knsrc", "size_i": "118", "regex": "false"},
	{"name_s": "/usr/share/config/ksplash.knsrc", "size_i": "158", "regex": "false"},
	{"name_s": "/usr/share/config/ksysguard.knsrc", "size_i": "821", "regex": "false"},
	{"name_s": "/usr/share/config/plasma-overlayrc", "size_i": "185", "regex": "false"},
	{"name_s": "/usr/share/config/plasma-themes.knsrc", "size_i": "198", "regex": "false"},
	{"name_s": "/usr/share/config/wallpaper.knsrc", "size_i": "135", "regex": "false"},
	{"name_s": "/usr/share/dbus-1/interfaces/org.freedesktop.ScreenSaver.xml", "size_i": "1431", "regex": "false"},
	{"name_s": "/usr/share/dbus-1/interfaces/org.kde.KSMServerInterface.xml", "size_i": "976", "regex": "false"},
	{"name_s": "/usr/share/dbus-1/interfaces/org.kde.KWin.xml", "size_i": "2606", "regex": "false"},
	{"name_s": "/usr/share/dbus-1/interfaces/org.kde.PowerDevil.xml", "size_i": "2450", "regex": "false"},
	{"name_s": "/usr/share/dbus-1/interfaces/org.kde.khotkeys.xml", "size_i": "813", "regex": "false"},
	{"name_s": "/usr/share/dbus-1/interfaces/org.kde.krunner.App.xml", "size_i": "729", "regex": "false"},
	{"name_s": "/usr/share/dbus-1/interfaces/org.kde.screensaver.xml", "size_i": "429", "regex": "false"},
	{"name_s": "/usr/share/dbus-1/services/org.kde.krunner.service", "size_i": "60", "regex": "false"},
	{"name_s": "/usr/share/doc/HTML/en/kcontrol", "size_i": "4096", "regex": "false"},
	{"name_s": "/usr/share/doc/HTML/en/kcontrol/autostart", "size_i": "4096", "regex": "false"},
	{"name_s": "/usr/share/doc/HTML/en/kcontrol/autostart/common", "size_i": "29", "regex": "false"},
	{"name_s": "/usr/share/doc/HTML/en/kcontrol/autostart/index.cache.bz2", "size_i": "3181", "regex": "false"},
	{"name_s": "/usr/share/doc/HTML/en/kcontrol/autostart/index.docbook", "size_i": "7283", "regex": "false"},
	{"name_s": "/usr/share/doc/HTML/en/kcontrol/bell", "size_i": "4096", "regex": "false"},
	{"name_s": "/usr/share/doc/HTML/en/kcontrol/bell/common", "size_i": "29", "regex": "false"},
	{"name_s": "/usr/share/doc/HTML/en/kcontrol/bell/index.cache.bz2", "size_i": "2170", "regex": "false"},
	{"name_s": "/usr/share/doc/HTML/en/kcontrol/bell/index.docbook", "size_i": "2318", "regex": "false"},
	{"name_s": "/usr/share/doc/HTML/en/kcontrol/clock", "size_i": "4096", "regex": "false"},
	{"name_s": "/usr/share/doc/HTML/en/kcontrol/clock/common", "size_i": "29", "regex": "false"},
	{"name_s": "/usr/share/doc/HTML/en/kcontrol/clock/index.cache.bz2", "size_i": "2128", "regex": "false"},
	{"name_s": "/usr/share/doc/HTML/en/kcontrol/clock/index.docbook", "size_i": "2339", "regex": "false"},
	{"name_s": "/usr/share/doc/HTML/en/kcontrol/colors", "size_i": "4096", "regex": "false"},
	{"name_s": "/usr/share/doc/HTML/en/kcontrol/colors/common", "size_i": "29", "regex": "false"},
	{"name_s": "/usr/share/doc/HTML/en/kcontrol/colors/index.cache.bz2", "size_i": "6178", "regex": "false"},
	{"name_s": "/usr/share/doc/HTML/en/kcontrol/colors/index.docbook", "size_i": "17752", "regex": "false"},
	{"name_s": "/usr/share/doc/HTML/en/kcontrol/desktopthemedetails", "size_i": "4096", "regex": "false"},
	{"name_s": "/usr/share/doc/HTML/en/kcontrol/desktopthemedetails/common", "size_i": "29", "regex": "false"},
	{"name_s": "/usr/share/doc/HTML/en/kcontrol/desktopthemedetails/desktop-settings.png", "size_i": "100507", "regex": "false"},
	{"name_s": "/usr/share/doc/HTML/en/kcontrol/desktopthemedetails/index.cache.bz2", "size_i": "2740", "regex": "false"},
	{"name_s": "/usr/share/doc/HTML/en/kcontrol/desktopthemedetails/index.docbook", "size_i": "5110", "regex": "false"},
	{"name_s": "/usr/share/doc/HTML/en/kcontrol/desktopthemedetails/message.png", "size_i": "46016", "regex": "false"},
	{"name_s": "/usr/share/doc/HTML/en/kcontrol/energy", "size_i": "4096", "regex": "false"},
	{"name_s": "/usr/share/doc/HTML/en/kcontrol/energy/common", "size_i": "29", "regex": "false"},
	{"name_s": "/usr/share/doc/HTML/en/kcontrol/energy/index.cache.bz2", "size_i": "2783", "regex": "false"},
	{"name_s": "/usr/share/doc/HTML/en/kcontrol/energy/index.docbook", "size_i": "3842", "regex": "false"},
	{"name_s": "/usr/share/doc/HTML/en/kcontrol/fontinst", "size_i": "4096", "regex": "false"},
	{"name_s": "/usr/share/doc/HTML/en/kcontrol/fontinst/common", "size_i": "29", "regex": "false"},
	{"name_s": "/usr/share/doc/HTML/en/kcontrol/fontinst/index.cache.bz2", "size_i": "3107", "regex": "false"},
	{"name_s": "/usr/share/doc/HTML/en/kcontrol/fontinst/index.docbook", "size_i": "6604", "regex": "false"},
	{"name_s": "/usr/share/doc/HTML/en/kcontrol/fonts", "size_i": "4096", "regex": "false"},
	{"name_s": "/usr/share/doc/HTML/en/kcontrol/fonts/adjust-all.png", "size_i": "32155", "regex": "false"},
	{"name_s": "/usr/share/doc/HTML/en/kcontrol/fonts/anti-aliasing.png", "size_i": "21340", "regex": "false"},
	{"name_s": "/usr/share/doc/HTML/en/kcontrol/fonts/common", "size_i": "29", "regex": "false"},
	{"name_s": "/usr/share/doc/HTML/en/kcontrol/fonts/index.cache.bz2", "size_i": "3244", "regex": "false"},
	{"name_s": "/usr/share/doc/HTML/en/kcontrol/fonts/index.docbook", "size_i": "6165", "regex": "false"},
	{"name_s": "/usr/share/doc/HTML/en/kcontrol/fonts/main.png", "size_i": "33765", "regex": "false"},
	{"name_s": "/usr/share/doc/HTML/en/kcontrol/joystick", "size_i": "4096", "regex": "false"},
	{"name_s": "/usr/share/doc/HTML/en/kcontrol/joystick/common", "size_i": "29", "regex": "false"},
	{"name_s": "/usr/share/doc/HTML/en/kcontrol/joystick/index.cache.bz2", "size_i": "2233", "regex": "false"},
	{"name_s": "/usr/share/doc/HTML/en/kcontrol/joystick/index.docbook", "size_i": "3654", "regex": "false"},
	{"name_s": "/usr/share/doc/HTML/en/kcontrol/joystick/joystick-calibration.png", "size_i": "25142", "regex": "false"},
	{"name_s": "/usr/share/doc/HTML/en/kcontrol/joystick/joystick-main.png", "size_i": "45306", "regex": "false"},
	{"name_s": "/usr/share/doc/HTML/en/kcontrol/kcmaccess", "size_i": "4096", "regex": "false"},
	{"name_s": "/usr/share/doc/HTML/en/kcontrol/kcmaccess/common", "size_i": "29", "regex": "false"},
	{"name_s": "/usr/share/doc/HTML/en/kcontrol/kcmaccess/index.cache.bz2", "size_i": "2905", "regex": "false"},
	{"name_s": "/usr/share/doc/HTML/en/kcontrol/kcmaccess/index.docbook", "size_i": "5220", "regex": "false"},
	{"name_s": "/usr/share/doc/HTML/en/kcontrol/kcmdisplay", "size_i": "4096", "regex": "false"},
	{"name_s": "/usr/share/doc/HTML/en/kcontrol/kcmdisplay/common", "size_i": "29", "regex": "false"},
	{"name_s": "/usr/share/doc/HTML/en/kcontrol/kcmdisplay/index.cache.bz2", "size_i": "3611", "regex": "false"},
	{"name_s": "/usr/share/doc/HTML/en/kcontrol/kcmdisplay/index.docbook", "size_i": "8620", "regex": "false"},
	{"name_s": "/usr/share/doc/HTML/en/kcontrol/kcmsmserver", "size_i": "4096", "regex": "false"},
	{"name_s": "/usr/share/doc/HTML/en/kcontrol/kcmsmserver/common", "size_i": "29", "regex": "false"},
	{"name_s": "/usr/share/doc/HTML/en/kcontrol/kcmsmserver/index.cache.bz2", "size_i": "2452", "regex": "false"},
	{"name_s": "/usr/share/doc/HTML/en/kcontrol/kcmsmserver/index.docbook", "size_i": "3612", "regex": "false"},
	{"name_s": "/usr/share/doc/HTML/en/kcontrol/kcmstyle", "size_i": "4096", "regex": "false"},
	{"name_s": "/usr/share/doc/HTML/en/kcontrol/kcmstyle/common", "size_i": "29", "regex": "false"},
	{"name_s": "/usr/share/doc/HTML/en/kcontrol/kcmstyle/index.cache.bz2", "size_i": "2465", "regex": "false"},
	{"name_s": "/usr/share/doc/HTML/en/kcontrol/kcmstyle/index.docbook", "size_i": "8055", "regex": "false"},
	{"name_s": "/usr/share/doc/HTML/en/kcontrol/keyboard", "size_i": "4096", "regex": "false"},
	{"name_s": "/usr/share/doc/HTML/en/kcontrol/keyboard/common", "size_i": "29", "regex": "false"},
	{"name_s": "/usr/share/doc/HTML/en/kcontrol/keyboard/index.cache.bz2", "size_i": "2372", "regex": "false"},
	{"name_s": "/usr/share/doc/HTML/en/kcontrol/keyboard/index.docbook", "size_i": "2789", "regex": "false"},
	{"name_s": "/usr/share/doc/HTML/en/kcontrol/keys", "size_i": "4096", "regex": "false"},
	{"name_s": "/usr/share/doc/HTML/en/kcontrol/keys/common", "size_i": "29", "regex": "false"},
	{"name_s": "/usr/share/doc/HTML/en/kcontrol/keys/index.cache.bz2", "size_i": "3910", "regex": "false"},
	{"name_s": "/usr/share/doc/HTML/en/kcontrol/keys/index.docbook", "size_i": "7689", "regex": "false"},
	{"name_s": "/usr/share/doc/HTML/en/kcontrol/kwincompositing", "size_i": "4096", "regex": "false"},
	{"name_s": "/usr/share/doc/HTML/en/kcontrol/kwincompositing/common", "size_i": "29", "regex": "false"},
	{"name_s": "/usr/share/doc/HTML/en/kcontrol/kwincompositing/index.cache.bz2", "size_i": "2523", "regex": "false"},
	{"name_s": "/usr/share/doc/HTML/en/kcontrol/kwincompositing/index.docbook", "size_i": "8057", "regex": "false"},
	{"name_s": "/usr/share/doc/HTML/en/kcontrol/kwindecoration", "size_i": "4096", "regex": "false"},
	{"name_s": "/usr/share/doc/HTML/en/kcontrol/kwindecoration/buttons.png", "size_i": "35745", "regex": "false"},
	{"name_s": "/usr/share/doc/HTML/en/kcontrol/kwindecoration/common", "size_i": "29", "regex": "false"},
	{"name_s": "/usr/share/doc/HTML/en/kcontrol/kwindecoration/index.cache.bz2", "size_i": "2660", "regex": "false"},
	{"name_s": "/usr/share/doc/HTML/en/kcontrol/kwindecoration/index.docbook", "size_i": "4332", "regex": "false"},
	{"name_s": "/usr/share/doc/HTML/en/kcontrol/kwindecoration/main.png", "size_i": "27566", "regex": "false"},
	{"name_s": "/usr/share/doc/HTML/en/kcontrol/mouse", "size_i": "4096", "regex": "false"},
	{"name_s": "/usr/share/doc/HTML/en/kcontrol/mouse/common", "size_i": "29", "regex": "false"},
	{"name_s": "/usr/share/doc/HTML/en/kcontrol/mouse/index.cache.bz2", "size_i": "6590", "regex": "false"},
	{"name_s": "/usr/share/doc/HTML/en/kcontrol/mouse/index.docbook", "size_i": "20357", "regex": "false"},
	{"name_s": "/usr/share/doc/HTML/en/kcontrol/powerdevil", "size_i": "4096", "regex": "false"},
	{"name_s": "/usr/share/doc/HTML/en/kcontrol/powerdevil/common", "size_i": "29", "regex": "false"},
	{"name_s": "/usr/share/doc/HTML/en/kcontrol/powerdevil/index.cache.bz2", "size_i": "4783", "regex": "false"},
	{"name_s": "/usr/share/doc/HTML/en/kcontrol/powerdevil/index.docbook", "size_i": "12194", "regex": "false"},
	{"name_s": "/usr/share/doc/HTML/en/kcontrol/screensaver", "size_i": "4096", "regex": "false"},
	{"name_s": "/usr/share/doc/HTML/en/kcontrol/screensaver/common", "size_i": "29", "regex": "false"},
	{"name_s": "/usr/share/doc/HTML/en/kcontrol/screensaver/index.cache.bz2", "size_i": "3743", "regex": "false"},
	{"name_s": "/usr/share/doc/HTML/en/kcontrol/screensaver/index.docbook", "size_i": "7211", "regex": "false"},
	{"name_s": "/usr/share/doc/HTML/en/kcontrol/solid-actions", "size_i": "4096", "regex": "false"},
	{"name_s": "/usr/share/doc/HTML/en/kcontrol/solid-actions/add-action.png", "size_i": "17122", "regex": "false"},
	{"name_s": "/usr/share/doc/HTML/en/kcontrol/solid-actions/common", "size_i": "29", "regex": "false"},
	{"name_s": "/usr/share/doc/HTML/en/kcontrol/solid-actions/edit-action.png", "size_i": "60491", "regex": "false"},
	{"name_s": "/usr/share/doc/HTML/en/kcontrol/solid-actions/index.cache.bz2", "size_i": "3159", "regex": "false"},
	{"name_s": "/usr/share/doc/HTML/en/kcontrol/solid-actions/index.docbook", "size_i": "7155", "regex": "false"},
	{"name_s": "/usr/share/doc/HTML/en/kcontrol/solid-actions/main.png", "size_i": "41326", "regex": "false"},
	{"name_s": "/usr/share/doc/HTML/en/kcontrol/splashscreen", "size_i": "4096", "regex": "false"},
	{"name_s": "/usr/share/doc/HTML/en/kcontrol/splashscreen/common", "size_i": "29", "regex": "false"},
	{"name_s": "/usr/share/doc/HTML/en/kcontrol/splashscreen/get-new-theme.png", "size_i": "67741", "regex": "false"},
	{"name_s": "/usr/share/doc/HTML/en/kcontrol/splashscreen/index.cache.bz2", "size_i": "2307", "regex": "false"},
	{"name_s": "/usr/share/doc/HTML/en/kcontrol/splashscreen/index.docbook", "size_i": "4006", "regex": "false"},
	{"name_s": "/usr/share/doc/HTML/en/kcontrol/splashscreen/splash-main.png", "size_i": "66684", "regex": "false"},
	{"name_s": "/usr/share/doc/HTML/en/kcontrol/windowbehaviour", "size_i": "4096", "regex": "false"},
	{"name_s": "/usr/share/doc/HTML/en/kcontrol/windowbehaviour/common", "size_i": "29", "regex": "false"},
	{"name_s": "/usr/share/doc/HTML/en/kcontrol/windowbehaviour/index.cache.bz2", "size_i": "5844", "regex": "false"},
	{"name_s": "/usr/share/doc/HTML/en/kcontrol/windowbehaviour/index.docbook", "size_i": "18470", "regex": "false"},
	{"name_s": "/usr/share/doc/HTML/en/kcontrol/windowspecific", "size_i": "4096", "regex": "false"},
	{"name_s": "/usr/share/doc/HTML/en/kcontrol/windowspecific/common", "size_i": "29", "regex": "false"},
	{"name_s": "/usr/share/doc/HTML/en/kcontrol/windowspecific/index.cache.bz2", "size_i": "2085", "regex": "false"},
	{"name_s": "/usr/share/doc/HTML/en/kcontrol/windowspecific/index.docbook", "size_i": "2230", "regex": "false"},
	{"name_s": "/usr/share/doc/HTML/en/klipper", "size_i": "4096", "regex": "false"},
	{"name_s": "/usr/share/doc/HTML/en/klipper/common", "size_i": "29", "regex": "false"},
	{"name_s": "/usr/share/doc/HTML/en/klipper/index.cache.bz2", "size_i": "7428", "regex": "false"},
	{"name_s": "/usr/share/doc/HTML/en/klipper/index.docbook", "size_i": "17212", "regex": "false"},
	{"name_s": "/usr/share/doc/HTML/en/klipper/screenshot.png", "size_i": "804", "regex": "false"},
	{"name_s": "/usr/share/doc/HTML/en/kmenuedit", "size_i": "4096", "regex": "false"},
	{"name_s": "/usr/share/doc/HTML/en/kmenuedit/common", "size_i": "29", "regex": "false"},
	{"name_s": "/usr/share/doc/HTML/en/kmenuedit/done.png", "size_i": "57450", "regex": "false"},
	{"name_s": "/usr/share/doc/HTML/en/kmenuedit/index.cache.bz2", "size_i": "7682", "regex": "false"},
	{"name_s": "/usr/share/doc/HTML/en/kmenuedit/index.docbook", "size_i": "19836", "regex": "false"},
	{"name_s": "/usr/share/doc/HTML/en/kmenuedit/itemname.png", "size_i": "9885", "regex": "false"},
	{"name_s": "/usr/share/doc/HTML/en/kmenuedit/kmenueditmain.png", "size_i": "31942", "regex": "false"},
	{"name_s": "/usr/share/doc/HTML/en/kmenuedit/new.png", "size_i": "14077", "regex": "false"},
	{"name_s": "/usr/share/doc/HTML/en/kmenuedit/reset.png", "size_i": "627", "regex": "false"},
	{"name_s": "/usr/share/doc/HTML/en/kmenuedit/selecticon.png", "size_i": "45579", "regex": "false"},
	{"name_s": "/usr/share/doc/HTML/en/kmenuedit/selectinternet.png", "size_i": "28925", "regex": "false"},
	{"name_s": "/usr/share/doc/HTML/en/ksysguard", "size_i": "4096", "regex": "false"},
	{"name_s": "/usr/share/doc/HTML/en/ksysguard/common", "size_i": "29", "regex": "false"},
	{"name_s": "/usr/share/doc/HTML/en/ksysguard/index.cache.bz2", "size_i": "8195", "regex": "false"},
	{"name_s": "/usr/share/doc/HTML/en/ksysguard/index.docbook", "size_i": "18604", "regex": "false"},
	{"name_s": "/usr/share/doc/HTML/en/kxkb", "size_i": "4096", "regex": "false"},
	{"name_s": "/usr/share/doc/HTML/en/kxkb/common", "size_i": "29", "regex": "false"},
	{"name_s": "/usr/share/doc/HTML/en/kxkb/index.cache.bz2", "size_i": "6292", "regex": "false"},
	{"name_s": "/usr/share/doc/HTML/en/kxkb/index.docbook", "size_i": "9886", "regex": "false"},
	{"name_s": "/usr/share/doc/HTML/en/plasma", "size_i": "4096", "regex": "false"},
	{"name_s": "/usr/share/doc/HTML/en/plasma-desktop", "size_i": "6", "regex": "false"},
	{"name_s": "/usr/share/doc/HTML/en/plasma/common", "size_i": "29", "regex": "false"},
	{"name_s": "/usr/share/doc/HTML/en/plasma/favorite-widgets.png", "size_i": "35663", "regex": "false"},
	{"name_s": "/usr/share/doc/HTML/en/plasma/index.cache.bz2", "size_i": "7064", "regex": "false"},
	{"name_s": "/usr/share/doc/HTML/en/plasma/index.docbook", "size_i": "14494", "regex": "false"},
	{"name_s": "/usr/share/doc/HTML/en/plasma/taskbar-settings.png", "size_i": "48173", "regex": "false"},
	{"name_s": "/usr/share/doc/HTML/en/systemsettings", "size_i": "4096", "regex": "false"},
	{"name_s": "/usr/share/doc/HTML/en/systemsettings/common", "size_i": "29", "regex": "false"},
	{"name_s": "/usr/share/doc/HTML/en/systemsettings/index.cache.bz2", "size_i": "5818", "regex": "false"},
	{"name_s": "/usr/share/doc/HTML/en/systemsettings/index.docbook", "size_i": "10598", "regex": "false"},
	{"name_s": "/usr/share/doc/kdebase-workspace-4.3.4", "size_i": "4096", "regex": "false"},
	{"name_s": "/usr/share/doc/kdebase-workspace-4.3.4/COPYING", "size_i": "18273", "regex": "false"},
	{"name_s": "/usr/share/doc/kdebase-workspace-4.3.4/README", "size_i": "410", "regex": "false"},
	{"name_s": "/usr/share/icons/hicolor/128x128/apps/kde-utilities-system-monitor.png", "size_i": "57", "regex": "false"},
	{"name_s": "/usr/share/icons/hicolor/128x128/apps/ksplash.png", "size_i": "13862", "regex": "false"},
	{"name_s": "/usr/share/icons/hicolor/16x16/apps/kde-utilities-system-monitor.png", "size_i": "55", "regex": "false"},
	{"name_s": "/usr/share/icons/hicolor/16x16/apps/kmenuedit.png", "size_i": "649", "regex": "false"},
	{"name_s": "/usr/share/icons/hicolor/16x16/apps/ksplash.png", "size_i": "1021", "regex": "false"},
	{"name_s": "/usr/share/icons/hicolor/16x16/apps/kxkb.png", "size_i": "243", "regex": "false"},
	{"name_s": "/usr/share/icons/hicolor/22x22/apps/kde-utilities-system-monitor.png", "size_i": "55", "regex": "false"},
	{"name_s": "/usr/share/icons/hicolor/22x22/apps/kmenuedit.png", "size_i": "1450", "regex": "false"},
	{"name_s": "/usr/share/icons/hicolor/22x22/apps/ksplash.png", "size_i": "1346", "regex": "false"},
	{"name_s": "/usr/share/icons/hicolor/32x32/apps/kde-utilities-system-monitor.png", "size_i": "55", "regex": "false"},
	{"name_s": "/usr/share/icons/hicolor/32x32/apps/kmenuedit.png", "size_i": "2054", "regex": "false"},
	{"name_s": "/usr/share/icons/hicolor/32x32/apps/ksplash.png", "size_i": "2204", "regex": "false"},
	{"name_s": "/usr/share/icons/hicolor/32x32/apps/kxkb.png", "size_i": "836", "regex": "false"},
	{"name_s": "/usr/share/icons/hicolor/48x48/apps/kde-utilities-system-monitor.png", "size_i": "55", "regex": "false"},
	{"name_s": "/usr/share/icons/hicolor/48x48/apps/kmenuedit.png", "size_i": "1518", "regex": "false"},
	{"name_s": "/usr/share/icons/hicolor/48x48/apps/ksplash.png", "size_i": "3894", "regex": "false"},
	{"name_s": "/usr/share/icons/hicolor/48x48/apps/kxkb.png", "size_i": "1210", "regex": "false"},
	{"name_s": "/usr/share/icons/hicolor/64x64/apps/kde-utilities-system-monitor.png", "size_i": "55", "regex": "false"},
	{"name_s": "/usr/share/icons/hicolor/64x64/apps/ksplash.png", "size_i": "5890", "regex": "false"},
	{"name_s": "/usr/share/icons/oxygen/128x128/apps/kcmkwm.png", "size_i": "1335", "regex": "false"},
	{"name_s": "/usr/share/icons/oxygen/128x128/mimetypes/fonts-package.png", "size_i": "5266", "regex": "false"},
	{"name_s": "/usr/share/icons/oxygen/16x16/apps/computer.png", "size_i": "894", "regex": "false"},
	{"name_s": "/usr/share/icons/oxygen/16x16/apps/daemon.png", "size_i": "226", "regex": "false"},
	{"name_s": "/usr/share/icons/oxygen/16x16/apps/kcmkwm.png", "size_i": "317", "regex": "false"},
	{"name_s": "/usr/share/icons/oxygen/16x16/apps/kdeapp.png", "size_i": "1027", "regex": "false"},
	{"name_s": "/usr/share/icons/oxygen/16x16/apps/kernel.png", "size_i": "291", "regex": "false"},
	{"name_s": "/usr/share/icons/oxygen/16x16/apps/kfontview.png", "size_i": "719", "regex": "false"},
	{"name_s": "/usr/share/icons/oxygen/16x16/apps/ksysguardd.png", "size_i": "906", "regex": "false"},
	{"name_s": "/usr/share/icons/oxygen/16x16/apps/kwin.png", "size_i": "380", "regex": "false"},
	{"name_s": "/usr/share/icons/oxygen/16x16/apps/running.png", "size_i": "554", "regex": "false"},
	{"name_s": "/usr/share/icons/oxygen/16x16/apps/shell.png", "size_i": "890", "regex": "false"},
	{"name_s": "/usr/share/icons/oxygen/16x16/apps/unknownapp.png", "size_i": "986", "regex": "false"},
	{"name_s": "/usr/share/icons/oxygen/16x16/apps/waiting.png", "size_i": "784", "regex": "false"},
	{"name_s": "/usr/share/icons/oxygen/16x16/mimetypes/fonts-package.png", "size_i": "638", "regex": "false"},
	{"name_s": "/usr/share/icons/oxygen/22x22/apps/kcmkwm.png", "size_i": "364", "regex": "false"},
	{"name_s": "/usr/share/icons/oxygen/22x22/apps/kfontview.png", "size_i": "1047", "regex": "false"},
	{"name_s": "/usr/share/icons/oxygen/22x22/apps/networkmanager.png", "size_i": "1309", "regex": "false"},
	{"name_s": "/usr/share/icons/oxygen/22x22/mimetypes/fonts-package.png", "size_i": "873", "regex": "false"},
	{"name_s": "/usr/share/icons/oxygen/32x32/apps/kcmkwm.png", "size_i": "452", "regex": "false"},
	{"name_s": "/usr/share/icons/oxygen/32x32/apps/kfontview.png", "size_i": "1545", "regex": "false"},
	{"name_s": "/usr/share/icons/oxygen/32x32/apps/kwin.png", "size_i": "611", "regex": "false"},
	{"name_s": "/usr/share/icons/oxygen/32x32/apps/networkmanager.png", "size_i": "1802", "regex": "false"},
	{"name_s": "/usr/share/icons/oxygen/32x32/mimetypes/fonts-package.png", "size_i": "1273", "regex": "false"},
	{"name_s": "/usr/share/icons/oxygen/48x48/apps/kcmkwm.png", "size_i": "620", "regex": "false"},
	{"name_s": "/usr/share/icons/oxygen/48x48/apps/kfontview.png", "size_i": "2701", "regex": "false"},
	{"name_s": "/usr/share/icons/oxygen/48x48/apps/kwin.png", "size_i": "877", "regex": "false"},
	{"name_s": "/usr/share/icons/oxygen/48x48/mimetypes/fonts-package.png", "size_i": "1896", "regex": "false"},
	{"name_s": "/usr/share/icons/oxygen/64x64/apps/kcmkwm.png", "size_i": "747", "regex": "false"},
	{"name_s": "/usr/share/icons/oxygen/64x64/apps/kfontview.png", "size_i": "4025", "regex": "false"},
	{"name_s": "/usr/share/icons/oxygen/64x64/apps/networkmanager.png", "size_i": "4028", "regex": "false"},
	{"name_s": "/usr/share/icons/oxygen/64x64/mimetypes/fonts-package.png", "size_i": "2613", "regex": "false"},
	{"name_s": "/usr/share/icons/oxygen/scalable/apps/kcmkwm.svgz", "size_i": "2352", "regex": "false"},
	{"name_s": "/usr/share/icons/oxygen/scalable/apps/kfontview.svgz", "size_i": "9292", "regex": "false"},
	{"name_s": "/usr/share/icons/oxygen/scalable/apps/kwin.svgz", "size_i": "3106", "regex": "false"},
	{"name_s": "/usr/share/icons/oxygen/scalable/apps/preferences-desktop-font-installer.svgz", "size_i": "54135", "regex": "false"},
	{"name_s": "/usr/share/icons/oxygen/scalable/mimetypes/fonts-package.svgz", "size_i": "3498", "regex": "false"},
	{"name_s": "/usr/share/kde4/apps/color-schemes", "size_i": "4096", "regex": "false"},
	{"name_s": "/usr/share/kde4/apps/color-schemes/Honeycomb.colors", "size_i": "2178", "regex": "false"},
	{"name_s": "/usr/share/kde4/apps/color-schemes/Norway.colors", "size_i": "2216", "regex": "false"},
	{"name_s": "/usr/share/kde4/apps/color-schemes/ObsidianCoast.colors", "size_i": "2216", "regex": "false"},
	{"name_s": "/usr/share/kde4/apps/color-schemes/Oxygen.colors", "size_i": "2200", "regex": "false"},
	{"name_s": "/usr/share/kde4/apps/color-schemes/Steel.colors", "size_i": "2214", "regex": "false"},
	{"name_s": "/usr/share/kde4/apps/color-schemes/WontonSoup.colors", "size_i": "2234", "regex": "false"},
	{"name_s": "/usr/share/kde4/apps/desktoptheme", "size_i": "4096", "regex": "false"},
	{"name_s": "/usr/share/kde4/apps/desktoptheme/default", "size_i": "4096", "regex": "false"},
	{"name_s": "/usr/share/kde4/apps/desktoptheme/default/calendar", "size_i": "4096", "regex": "false"},
	{"name_s": "/usr/share/kde4/apps/desktoptheme/default/calendar/mini-calendar.svgz", "size_i": "3859", "regex": "false"},
	{"name_s": "/usr/share/kde4/apps/desktoptheme/default/system-monitor", "size_i": "4096", "regex": "false"},
	{"name_s": "/usr/share/kde4/apps/desktoptheme/default/system-monitor/hdd_panel.svgz", "size_i": "1364", "regex": "false"},
	{"name_s": "/usr/share/kde4/apps/desktoptheme/default/widgets", "size_i": "4096", "regex": "false"},
	{"name_s": "/usr/share/kde4/apps/desktoptheme/default/widgets/battery-oxygen.svgz", "size_i": "6806", "regex": "false"},
	{"name_s": "/usr/share/kde4/apps/kaccess", "size_i": "4096", "regex": "false"},
	{"name_s": "/usr/share/kde4/apps/kaccess/kaccess.notifyrc", "size_i": "116188", "regex": "false"},
	{"name_s": "/usr/share/kde4/apps/kcminput", "size_i": "4096", "regex": "false"},
	{"name_s": "/usr/share/kde4/apps/kcminput/cursor_large_black.pcf.gz", "size_i": "3339", "regex": "false"},
	{"name_s": "/usr/share/kde4/apps/kcminput/cursor_large_white.pcf.gz", "size_i": "3521", "regex": "false"},
	{"name_s": "/usr/share/kde4/apps/kcminput/cursor_small_white.pcf.gz", "size_i": "3524", "regex": "false"},
	{"name_s": "/usr/share/kde4/apps/kcminput/pics", "size_i": "4096", "regex": "false"},
	{"name_s": "/usr/share/kde4/apps/kcminput/pics/mouse_lh.png", "size_i": "10704", "regex": "false"},
	{"name_s": "/usr/share/kde4/apps/kcminput/pics/mouse_rh.png", "size_i": "10793", "regex": "false"},
	{"name_s": "/usr/share/kde4/apps/kcmkeys", "size_i": "4096", "regex": "false"},
	{"name_s": "/usr/share/kde4/apps/kcmkeys/kde3.kksrc", "size_i": "7231", "regex": "false"},
	{"name_s": "/usr/share/kde4/apps/kcmkeys/kde4.kksrc", "size_i": "7331", "regex": "false"},
	{"name_s": "/usr/share/kde4/apps/kcmkeys/mac4.kksrc", "size_i": "4437", "regex": "false"},
	{"name_s": "/usr/share/kde4/apps/kcmkeys/unix3.kksrc", "size_i": "4537", "regex": "false"},
	{"name_s": "/usr/share/kde4/apps/kcmkeys/win3.kksrc", "size_i": "6756", "regex": "false"},
	{"name_s": "/usr/share/kde4/apps/kcmkeys/win4.kksrc", "size_i": "6580", "regex": "false"},
	{"name_s": "/usr/share/kde4/apps/kcmkeys/wm3.kksrc", "size_i": "6682", "regex": "false"},
	{"name_s": "/usr/share/kde4/apps/kcmsolidactions", "size_i": "4096", "regex": "false"},
	{"name_s": "/usr/share/kde4/apps/kcmsolidactions/solid-action-template.desktop", "size_i": "188", "regex": "false"},
	{"name_s": "/usr/share/kde4/apps/kconf_update", "size_i": "4096", "regex": "false"},
	{"name_s": "/usr/share/kde4/apps/kconf_update/convertShortcuts.pl", "size_i": "2773", "regex": "false"},
	{"name_s": "/usr/share/kde4/apps/kconf_update/kaccel.upd", "size_i": "61", "regex": "false"},
	{"name_s": "/usr/share/kde4/apps/kconf_update/kcmdisplayrc.upd", "size_i": "144", "regex": "false"},
	{"name_s": "/usr/share/kde4/apps/kconf_update/klipper-kconfigxt.upd", "size_i": "272", "regex": "false"},
	{"name_s": "/usr/share/kde4/apps/kconf_update/krdb.upd", "size_i": "58", "regex": "false"},
	{"name_s": "/usr/share/kde4/apps/kconf_update/ksmserver.upd", "size_i": "178", "regex": "false"},
	{"name_s": "/usr/share/kde4/apps/kconf_update/kwin.upd", "size_i": "250", "regex": "false"},
	{"name_s": "/usr/share/kde4/apps/kconf_update/kwin3_plugin.pl", "size_i": "140", "regex": "false"},
	{"name_s": "/usr/share/kde4/apps/kconf_update/kwin3_plugin.upd", "size_i": "68", "regex": "false"},
	{"name_s": "/usr/share/kde4/apps/kconf_update/kwin_focus1.sh", "size_i": "341", "regex": "false"},
	{"name_s": "/usr/share/kde4/apps/kconf_update/kwin_focus1.upd", "size_i": "84", "regex": "false"},
	{"name_s": "/usr/share/kde4/apps/kconf_update/kwin_focus2.sh", "size_i": "253", "regex": "false"},
	{"name_s": "/usr/share/kde4/apps/kconf_update/kwin_focus2.upd", "size_i": "84", "regex": "false"},
	{"name_s": "/usr/share/kde4/apps/kconf_update/kwin_fsp_workarounds_1.upd", "size_i": "87", "regex": "false"},
	{"name_s": "/usr/share/kde4/apps/kconf_update/kwin_on_off.upd", "size_i": "93", "regex": "false"},
	{"name_s": "/usr/share/kde4/apps/kconf_update/kwin_window_shortcuts.sh", "size_i": "329", "regex": "false"},
	{"name_s": "/usr/share/kde4/apps/kconf_update/kwin_window_shortcuts.upd", "size_i": "98", "regex": "false"},
	{"name_s": "/usr/share/kde4/apps/kconf_update/kwiniconify.upd", "size_i": "144", "regex": "false"},
	{"name_s": "/usr/share/kde4/apps/kconf_update/kwinsticky.upd", "size_i": "155", "regex": "false"},
	{"name_s": "/usr/share/kde4/apps/kconf_update/kwinupdatewindowsettings.upd", "size_i": "46", "regex": "false"},
	{"name_s": "/usr/share/kde4/apps/kconf_update/mouse_cursor_theme.upd", "size_i": "90", "regex": "false"},
	{"name_s": "/usr/share/kde4/apps/kconf_update/move_session_config.sh", "size_i": "840", "regex": "false"},
	{"name_s": "/usr/share/kde4/apps/kconf_update/on-off_to_true-false.sh", "size_i": "110", "regex": "false"},
	{"name_s": "/usr/share/kde4/apps/kconf_update/plasma-add-shortcut-to-menu.upd", "size_i": "65", "regex": "false"},
	{"name_s": "/usr/share/kde4/apps/kconf_update/plasma-to-plasmadesktop-shortcuts.upd", "size_i": "91", "regex": "false"},
	{"name_s": "/usr/share/kde4/apps/kconf_update/plasmarc-to-plasmadesktoprc.upd", "size_i": "54", "regex": "false"},
	{"name_s": "/usr/share/kde4/apps/kconf_update/pluginlibFix.pl", "size_i": "141", "regex": "false"},
	{"name_s": "/usr/share/kde4/apps/kcontrol", "size_i": "4096", "regex": "false"},
	{"name_s": "/usr/share/kde4/apps/kcontrol/pics", "size_i": "4096", "regex": "false"},
	{"name_s": "/usr/share/kde4/apps/kcontrol/pics/anchor.png", "size_i": "482", "regex": "false"},
	{"name_s": "/usr/share/kde4/apps/kcontrol/pics/logo.png", "size_i": "785", "regex": "false"},
	{"name_s": "/usr/share/kde4/apps/kcontrol/pics/mini-world.png", "size_i": "983", "regex": "false"},
	{"name_s": "/usr/share/kde4/apps/kcontrol/pics/monitor.png", "size_i": "6650", "regex": "false"},
	{"name_s": "/usr/share/kde4/apps/kdisplay", "size_i": "4096", "regex": "false"},
	{"name_s": "/usr/share/kde4/apps/kdisplay/app-defaults", "size_i": "4096", "regex": "false"},
	{"name_s": "/usr/share/kde4/apps/kdisplay/app-defaults/AAAAAAGeneral.ad", "size_i": "48", "regex": "false"},
	{"name_s": "/usr/share/kde4/apps/kdisplay/app-defaults/AAAMotif.ad", "size_i": "2102", "regex": "false"},
	{"name_s": "/usr/share/kde4/apps/kdisplay/app-defaults/AAATk.ad", "size_i": "3627", "regex": "false"},
	{"name_s": "/usr/share/kde4/apps/kdisplay/app-defaults/AAAXaw.ad", "size_i": "998", "regex": "false"},
	{"name_s": "/usr/share/kde4/apps/kdisplay/app-defaults/AcroRead.ad", "size_i": "334", "regex": "false"},
	{"name_s": "/usr/share/kde4/apps/kdisplay/app-defaults/Editres.ad", "size_i": "210", "regex": "false"},
	{"name_s": "/usr/share/kde4/apps/kdisplay/app-defaults/Emacs.ad", "size_i": "640", "regex": "false"},
	{"name_s": "/usr/share/kde4/apps/kdisplay/app-defaults/GV.ad", "size_i": "27", "regex": "false"},
	{"name_s": "/usr/share/kde4/apps/kdisplay/app-defaults/ML.ad", "size_i": "1185", "regex": "false"},
	{"name_s": "/usr/share/kde4/apps/kdisplay/app-defaults/Nedit.ad", "size_i": "58", "regex": "false"},
	{"name_s": "/usr/share/kde4/apps/kdisplay/app-defaults/Netscape.ad", "size_i": "1094", "regex": "false"},
	{"name_s": "/usr/share/kde4/apps/kdisplay/app-defaults/RVPlayer.ad", "size_i": "2013", "regex": "false"},
	{"name_s": "/usr/share/kde4/apps/kdisplay/app-defaults/WPerfect.ad", "size_i": "3281", "regex": "false"},
	{"name_s": "/usr/share/kde4/apps/kdisplay/app-defaults/XCalc.ad", "size_i": "298", "regex": "false"},
	{"name_s": "/usr/share/kde4/apps/kdisplay/app-defaults/XOsview.ad", "size_i": "157", "regex": "false"},
	{"name_s": "/usr/share/kde4/apps/kdisplay/app-defaults/XTerm.ad", "size_i": "152", "regex": "false"},
	{"name_s": "/usr/share/kde4/apps/kdisplay/app-defaults/XV.ad", "size_i": "48", "regex": "false"},
	{"name_s": "/usr/share/kde4/apps/kdisplay/app-defaults/Xawtv.ad", "size_i": "362", "regex": "false"},
	{"name_s": "/usr/share/kde4/apps/kdisplay/app-defaults/Xdvi.ad", "size_i": "23", "regex": "false"},
	{"name_s": "/usr/share/kde4/apps/kdisplay/app-defaults/Xpdf.ad", "size_i": "91", "regex": "false"},
	{"name_s": "/usr/share/kde4/apps/kfontinst", "size_i": "4096", "regex": "false"},
	{"name_s": "/usr/share/kde4/apps/kfontinst/icons", "size_i": "4096", "regex": "false"},
	{"name_s": "/usr/share/kde4/apps/kfontinst/icons/oxygen", "size_i": "4096", "regex": "false"},
	{"name_s": "/usr/share/kde4/apps/kfontinst/icons/oxygen/16x16", "size_i": "4096", "regex": "false"},
	{"name_s": "/usr/share/kde4/apps/kfontinst/icons/oxygen/16x16/actions", "size_i": "4096", "regex": "false"},
	{"name_s": "/usr/share/kde4/apps/kfontinst/icons/oxygen/16x16/actions/addfont.png", "size_i": "704", "regex": "false"},
	{"name_s": "/usr/share/kde4/apps/kfontinst/icons/oxygen/16x16/actions/disablefont.png", "size_i": "731", "regex": "false"},
	{"name_s": "/usr/share/kde4/apps/kfontinst/icons/oxygen/16x16/actions/enablefont.png", "size_i": "736", "regex": "false"},
	{"name_s": "/usr/share/kde4/apps/kfontinst/icons/oxygen/16x16/actions/fontstatus.png", "size_i": "744", "regex": "false"},
	{"name_s": "/usr/share/kde4/apps/kfontinst/icons/oxygen/22x22", "size_i": "4096", "regex": "false"},
	{"name_s": "/usr/share/kde4/apps/kfontinst/icons/oxygen/22x22/actions", "size_i": "4096", "regex": "false"},
	{"name_s": "/usr/share/kde4/apps/kfontinst/icons/oxygen/22x22/actions/addfont.png", "size_i": "1003", "regex": "false"},
	{"name_s": "/usr/share/kde4/apps/kfontinst/icons/oxygen/22x22/actions/disablefont.png", "size_i": "1050", "regex": "false"},
	{"name_s": "/usr/share/kde4/apps/kfontinst/icons/oxygen/22x22/actions/enablefont.png", "size_i": "1042", "regex": "false"},
	{"name_s": "/usr/share/kde4/apps/kfontinst/icons/oxygen/22x22/actions/fontstatus.png", "size_i": "1096", "regex": "false"},
	{"name_s": "/usr/share/kde4/apps/kfontinst/icons/oxygen/scalable", "size_i": "4096", "regex": "false"},
	{"name_s": "/usr/share/kde4/apps/kfontinst/icons/oxygen/scalable/actions", "size_i": "4096", "regex": "false"},
	{"name_s": "/usr/share/kde4/apps/kfontinst/icons/oxygen/scalable/actions/addfont.svgz", "size_i": "55400", "regex": "false"},
	{"name_s": "/usr/share/kde4/apps/kfontinst/icons/oxygen/scalable/actions/disablefont.svgz", "size_i": "55550", "regex": "false"},
	{"name_s": "/usr/share/kde4/apps/kfontinst/icons/oxygen/scalable/actions/enablefont.svgz", "size_i": "55250", "regex": "false"},
	{"name_s": "/usr/share/kde4/apps/kfontinst/icons/oxygen/scalable/actions/fontstatus.svgz", "size_i": "55218", "regex": "false"},
	{"name_s": "/usr/share/kde4/apps/kfontinst/kfontviewpart.rc", "size_i": "298", "regex": "false"},
	{"name_s": "/usr/share/kde4/apps/kfontview", "size_i": "4096", "regex": "false"},
	{"name_s": "/usr/share/kde4/apps/kfontview/kfontviewui.rc", "size_i": "97", "regex": "false"},
	{"name_s": "/usr/share/kde4/apps/khotkeys", "size_i": "4096", "regex": "false"},
	{"name_s": "/usr/share/kde4/apps/khotkeys/defaults.khotkeys", "size_i": "8269", "regex": "false"},
	{"name_s": "/usr/share/kde4/apps/khotkeys/kde32b1.khotkeys", "size_i": "292440", "regex": "false"},
	{"name_s": "/usr/share/kde4/apps/khotkeys/konqueror_gestures_kde321.khotkeys", "size_i": "187438", "regex": "false"},
	{"name_s": "/usr/share/kde4/apps/khotkeys/printscreen.khotkeys", "size_i": "20200", "regex": "false"},
	{"name_s": "/usr/share/kde4/apps/kmenuedit", "size_i": "4096", "regex": "false"},
	{"name_s": "/usr/share/kde4/apps/kmenuedit/icons", "size_i": "4096", "regex": "false"},
	{"name_s": "/usr/share/kde4/apps/kmenuedit/icons/oxygen", "size_i": "4096", "regex": "false"},
	{"name_s": "/usr/share/kde4/apps/kmenuedit/icons/oxygen/22x22", "size_i": "4096", "regex": "false"},
	{"name_s": "/usr/share/kde4/apps/kmenuedit/icons/oxygen/22x22/actions", "size_i": "4096", "regex": "false"},
	{"name_s": "/usr/share/kde4/apps/kmenuedit/icons/oxygen/22x22/actions/menu_new.png", "size_i": "1247", "regex": "false"},
	{"name_s": "/usr/share/kde4/apps/kmenuedit/icons/oxygen/22x22/actions/menu_new_sep.png", "size_i": "138", "regex": "false"},
	{"name_s": "/usr/share/kde4/apps/kmenuedit/icons/oxygen/32x32", "size_i": "4096", "regex": "false"},
	{"name_s": "/usr/share/kde4/apps/kmenuedit/icons/oxygen/32x32/actions", "size_i": "4096", "regex": "false"},
	{"name_s": "/usr/share/kde4/apps/kmenuedit/icons/oxygen/32x32/actions/menu_new.png", "size_i": "2054", "regex": "false"},
	{"name_s": "/usr/share/kde4/apps/kmenuedit/icons/oxygen/32x32/actions/menu_new_sep.png", "size_i": "562", "regex": "false"},
	{"name_s": "/usr/share/kde4/apps/kmenuedit/kmenueditui.rc", "size_i": "939", "regex": "false"},
	{"name_s": "/usr/share/kde4/apps/konqsidebartng", "size_i": "4096", "regex": "false"},
	{"name_s": "/usr/share/kde4/apps/konqsidebartng/virtual_folders", "size_i": "4096", "regex": "false"},
	{"name_s": "/usr/share/kde4/apps/konqsidebartng/virtual_folders/services", "size_i": "4096", "regex": "false"},
	{"name_s": "/usr/share/kde4/apps/konqsidebartng/virtual_folders/services/fonts.desktop", "size_i": "2122", "regex": "false"},
	{"name_s": "/usr/share/kde4/apps/ksplash", "size_i": "4096", "regex": "false"},
	{"name_s": "/usr/share/kde4/apps/ksplash/Themes", "size_i": "4096", "regex": "false"},
	{"name_s": "/usr/share/kde4/apps/ksplash/Themes/Default", "size_i": "4096", "regex": "false"},
	{"name_s": "/usr/share/kde4/apps/ksplash/Themes/Default/1024x768", "size_i": "4096", "regex": "false"},
	{"name_s": "/usr/share/kde4/apps/ksplash/Themes/Default/1024x768/background.png", "size_i": "340320", "regex": "false"},
	{"name_s": "/usr/share/kde4/apps/ksplash/Themes/Default/1280x1024", "size_i": "4096", "regex": "false"},
	{"name_s": "/usr/share/kde4/apps/ksplash/Themes/Default/1280x1024/background.png", "size_i": "493790", "regex": "false"},
	{"name_s": "/usr/share/kde4/apps/ksplash/Themes/Default/1600x1200", "size_i": "4096", "regex": "false"},
	{"name_s": "/usr/share/kde4/apps/ksplash/Themes/Default/1600x1200/background.png", "size_i": "685431", "regex": "false"},
	{"name_s": "/usr/share/kde4/apps/ksplash/Themes/Default/1600x1200/description.txt", "size_i": "965", "regex": "false"},
	{"name_s": "/usr/share/kde4/apps/ksplash/Themes/Default/1600x1200/icon1.png", "size_i": "4748", "regex": "false"},
	{"name_s": "/usr/share/kde4/apps/ksplash/Themes/Default/1600x1200/icon1_anim.png", "size_i": "172105", "regex": "false"},
	{"name_s": "/usr/share/kde4/apps/ksplash/Themes/Default/1600x1200/icon2.png", "size_i": "8531", "regex": "false"},
	{"name_s": "/usr/share/kde4/apps/ksplash/Themes/Default/1600x1200/icon2_anim.png", "size_i": "246882", "regex": "false"},
	{"name_s": "/usr/share/kde4/apps/ksplash/Themes/Default/1600x1200/icon3.png", "size_i": "9428", "regex": "false"},
	{"name_s": "/usr/share/kde4/apps/ksplash/Themes/Default/1600x1200/icon3_anim.png", "size_i": "279063", "regex": "false"},
	{"name_s": "/usr/share/kde4/apps/ksplash/Themes/Default/1600x1200/icon4.png", "size_i": "5468", "regex": "false"},
	{"name_s": "/usr/share/kde4/apps/ksplash/Themes/Default/1600x1200/icon4_anim.png", "size_i": "232671", "regex": "false"},
	{"name_s": "/usr/share/kde4/apps/ksplash/Themes/Default/1600x1200/icon5.png", "size_i": "20953", "regex": "false"},
	{"name_s": "/usr/share/kde4/apps/ksplash/Themes/Default/1600x1200/icon5_anim.png", "size_i": "589217", "regex": "false"},
	{"name_s": "/usr/share/kde4/apps/ksplash/Themes/Default/1600x1200/rectangle.png", "size_i": "27979", "regex": "false"},
	{"name_s": "/usr/share/kde4/apps/ksplash/Themes/Default/1920x1200", "size_i": "4096", "regex": "false"},
	{"name_s": "/usr/share/kde4/apps/ksplash/Themes/Default/1920x1200/background.png", "size_i": "789811", "regex": "false"},
	{"name_s": "/usr/share/kde4/apps/ksplash/Themes/Default/600x400", "size_i": "4096", "regex": "false"},
	{"name_s": "/usr/share/kde4/apps/ksplash/Themes/Default/600x400/background.png", "size_i": "172924", "regex": "false"},
	{"name_s": "/usr/share/kde4/apps/ksplash/Themes/Default/800x600", "size_i": "4096", "regex": "false"},
	{"name_s": "/usr/share/kde4/apps/ksplash/Themes/Default/800x600/background.png", "size_i": "292076", "regex": "false"},
	{"name_s": "/usr/share/kde4/apps/ksplash/Themes/Default/Preview.png", "size_i": "114415", "regex": "false"},
	{"name_s": "/usr/share/kde4/apps/ksplash/Themes/Default/Theme.rc", "size_i": "300", "regex": "false"},
	{"name_s": "/usr/share/kde4/apps/ksplash/Themes/None", "size_i": "4096", "regex": "false"},
	{"name_s": "/usr/share/kde4/apps/ksplash/Themes/None/Theme.rc", "size_i": "113", "regex": "false"},
	{"name_s": "/usr/share/kde4/apps/ksplash/Themes/Simple", "size_i": "4096", "regex": "false"},
	{"name_s": "/usr/share/kde4/apps/ksplash/Themes/Simple/Preview.png", "size_i": "198", "regex": "false"},
	{"name_s": "/usr/share/kde4/apps/ksplash/Themes/Simple/Theme.rc", "size_i": "171", "regex": "false"},
	{"name_s": "/usr/share/kde4/apps/ksplash/Themes/SimpleSmall", "size_i": "4096", "regex": "false"},
	{"name_s": "/usr/share/kde4/apps/ksplash/Themes/SimpleSmall/Preview.png", "size_i": "51211", "regex": "false"},
	{"name_s": "/usr/share/kde4/apps/ksplash/Themes/SimpleSmall/Theme.rc", "size_i": "188", "regex": "false"},
	{"name_s": "/usr/share/kde4/apps/ksysguard", "size_i": "4096", "regex": "false"},
	{"name_s": "/usr/share/kde4/apps/ksysguard/ProcessTable.sgrd", "size_i": "438", "regex": "false"},
	{"name_s": "/usr/share/kde4/apps/ksysguard/SystemLoad2.sgrd", "size_i": "1365", "regex": "false"},
	{"name_s": "/usr/share/kde4/apps/ksysguard/ksysguard.notifyrc", "size_i": "16971", "regex": "false"},
	{"name_s": "/usr/share/kde4/apps/ksysguard/ksysguardui.rc", "size_i": "995", "regex": "false"},
	{"name_s": "/usr/share/kde4/apps/kthememanager", "size_i": "4096", "regex": "false"},
	{"name_s": "/usr/share/kde4/apps/kthememanager/themes", "size_i": "4096", "regex": "false"},
	{"name_s": "/usr/share/kde4/apps/kthememanager/themes/HighContrastDark", "size_i": "4096", "regex": "false"},
	{"name_s": "/usr/share/kde4/apps/kthememanager/themes/HighContrastDark-big", "size_i": "4096", "regex": "false"},
	{"name_s": "/usr/share/kde4/apps/kthememanager/themes/HighContrastDark-big/HighContrastDark-big.preview.png", "size_i": "6976", "regex": "false"},
	{"name_s": "/usr/share/kde4/apps/kthememanager/themes/HighContrastDark-big/HighContrastDark-big.xml", "size_i": "7439", "regex": "false"},
	{"name_s": "/usr/share/kde4/apps/kthememanager/themes/HighContrastDark/HighContrastDark.preview.png", "size_i": "5385", "regex": "false"},
	{"name_s": "/usr/share/kde4/apps/kthememanager/themes/HighContrastDark/HighContrastDark.xml", "size_i": "7399", "regex": "false"},
	{"name_s": "/usr/share/kde4/apps/kthememanager/themes/HighContrastLight", "size_i": "4096", "regex": "false"},
	{"name_s": "/usr/share/kde4/apps/kthememanager/themes/HighContrastLight-big", "size_i": "4096", "regex": "false"},
	{"name_s": "/usr/share/kde4/apps/kthememanager/themes/HighContrastLight-big/HighContrastLight-big.preview.png", "size_i": "42834", "regex": "false"},
	{"name_s": "/usr/share/kde4/apps/kthememanager/themes/HighContrastLight-big/HighContrastLight-big.xml", "size_i": "7433", "regex": "false"},
	{"name_s": "/usr/share/kde4/apps/kthememanager/themes/HighContrastLight/HighContrastLight.preview.png", "size_i": "40603", "regex": "false"},
	{"name_s": "/usr/share/kde4/apps/kthememanager/themes/HighContrastLight/HighContrastLight.xml", "size_i": "7393", "regex": "false"},
	{"name_s": "/usr/share/kde4/apps/kthememanager/themes/KDE_Classic", "size_i": "4096", "regex": "false"},
	{"name_s": "/usr/share/kde4/apps/kthememanager/themes/KDE_Classic/KDE_Classic.preview.png", "size_i": "36961", "regex": "false"},
	{"name_s": "/usr/share/kde4/apps/kthememanager/themes/KDE_Classic/KDE_Classic.xml", "size_i": "5378", "regex": "false"},
	{"name_s": "/usr/share/kde4/apps/kthememanager/themes/Keramik", "size_i": "4096", "regex": "false"},
	{"name_s": "/usr/share/kde4/apps/kthememanager/themes/Keramik/Keramik.preview.png", "size_i": "41073", "regex": "false"},
	{"name_s": "/usr/share/kde4/apps/kthememanager/themes/Keramik/Keramik.xml", "size_i": "5376", "regex": "false"},
	{"name_s": "/usr/share/kde4/apps/kthememanager/themes/Plastik", "size_i": "4096", "regex": "false"},
	{"name_s": "/usr/share/kde4/apps/kthememanager/themes/Plastik/Plastik.preview.png", "size_i": "37186", "regex": "false"},
	{"name_s": "/usr/share/kde4/apps/kthememanager/themes/Plastik/Plastik.xml", "size_i": "5364", "regex": "false"},
	{"name_s": "/usr/share/kde4/apps/kthememanager/themes/Platinum", "size_i": "4096", "regex": "false"},
	{"name_s": "/usr/share/kde4/apps/kthememanager/themes/Platinum/Platinum.preview.png", "size_i": "31282", "regex": "false"},
	{"name_s": "/usr/share/kde4/apps/kthememanager/themes/Platinum/Platinum.xml", "size_i": "5375", "regex": "false"},
	{"name_s": "/usr/share/kde4/apps/kthememanager/themes/Redmond", "size_i": "4096", "regex": "false"},
	{"name_s": "/usr/share/kde4/apps/kthememanager/themes/Redmond/Redmond.preview.png", "size_i": "30318", "regex": "false"},
	{"name_s": "/usr/share/kde4/apps/kthememanager/themes/Redmond/Redmond.xml", "size_i": "5369", "regex": "false"},
	{"name_s": "/usr/share/kde4/apps/kthememanager/themes/Sunshine", "size_i": "4096", "regex": "false"},
	{"name_s": "/usr/share/kde4/apps/kthememanager/themes/Sunshine/Sunshine.preview.png", "size_i": "28343", "regex": "false"},
	{"name_s": "/usr/share/kde4/apps/kthememanager/themes/Sunshine/Sunshine.xml", "size_i": "5354", "regex": "false"},
	{"name_s": "/usr/share/kde4/apps/kthememanager/themes/YellowOnBlue", "size_i": "4096", "regex": "false"},
	{"name_s": "/usr/share/kde4/apps/kthememanager/themes/YellowOnBlue-big", "size_i": "4096", "regex": "false"},
	{"name_s": "/usr/share/kde4/apps/kthememanager/themes/YellowOnBlue-big/YellowOnBlue-big.preview.png", "size_i": "55401", "regex": "false"},
	{"name_s": "/usr/share/kde4/apps/kthememanager/themes/YellowOnBlue-big/YellowOnBlue-big.xml", "size_i": "7443", "regex": "false"},
	{"name_s": "/usr/share/kde4/apps/kthememanager/themes/YellowOnBlue/YellowOnBlue.preview.png", "size_i": "53362", "regex": "false"},
	{"name_s": "/usr/share/kde4/apps/kthememanager/themes/YellowOnBlue/YellowOnBlue.xml", "size_i": "7407", "regex": "false"},
	{"name_s": "/usr/share/kde4/apps/kwin", "size_i": "4096", "regex": "false"},
	{"name_s": "/usr/share/kde4/apps/kwin/b2.desktop", "size_i": "1283", "regex": "false"},
	{"name_s": "/usr/share/kde4/apps/kwin/circle-edgy.png", "size_i": "2653", "regex": "false"},
	{"name_s": "/usr/share/kde4/apps/kwin/circle.png", "size_i": "2654", "regex": "false"},
	{"name_s": "/usr/share/kde4/apps/kwin/cubecap.png", "size_i": "305666", "regex": "false"},
	{"name_s": "/usr/share/kde4/apps/kwin/cylinder.frag", "size_i": "1217", "regex": "false"},
	{"name_s": "/usr/share/kde4/apps/kwin/cylinder.vert", "size_i": "1584", "regex": "false"},
	{"name_s": "/usr/share/kde4/apps/kwin/default_rules", "size_i": "4096", "regex": "false"},
	{"name_s": "/usr/share/kde4/apps/kwin/default_rules/fsp_workarounds_1.kwinrules", "size_i": "6489", "regex": "false"},
	{"name_s": "/usr/share/kde4/apps/kwin/default_rules/plasma_desktop_containment.kwinrules", "size_i": "214", "regex": "false"},
	{"name_s": "/usr/share/kde4/apps/kwin/explosion-end.png", "size_i": "19436", "regex": "false"},
	{"name_s": "/usr/share/kde4/apps/kwin/explosion-start.png", "size_i": "19712", "regex": "false"},
	{"name_s": "/usr/share/kde4/apps/kwin/explosion.frag", "size_i": "1475", "regex": "false"},
	{"name_s": "/usr/share/kde4/apps/kwin/explosion.vert", "size_i": "88", "regex": "false"},
	{"name_s": "/usr/share/kde4/apps/kwin/invert.frag", "size_i": "824", "regex": "false"},
	{"name_s": "/usr/share/kde4/apps/kwin/invert.vert", "size_i": "89", "regex": "false"},
	{"name_s": "/usr/share/kde4/apps/kwin/kde2.desktop", "size_i": "1495", "regex": "false"},
	{"name_s": "/usr/share/kde4/apps/kwin/keramik.desktop", "size_i": "1827", "regex": "false"},
	{"name_s": "/usr/share/kde4/apps/kwin/kwin.notifyrc", "size_i": "346948", "regex": "false"},
	{"name_s": "/usr/share/kde4/apps/kwin/laptop.desktop", "size_i": "2082", "regex": "false"},
	{"name_s": "/usr/share/kde4/apps/kwin/lookingglass.frag", "size_i": "754", "regex": "false"},
	{"name_s": "/usr/share/kde4/apps/kwin/lookingglass.vert", "size_i": "87", "regex": "false"},
	{"name_s": "/usr/share/kde4/apps/kwin/modernsystem.desktop", "size_i": "2733", "regex": "false"},
	{"name_s": "/usr/share/kde4/apps/kwin/oxygenclient.desktop", "size_i": "1664", "regex": "false"},
	{"name_s": "/usr/share/kde4/apps/kwin/ozoneclient.desktop", "size_i": "1305", "regex": "false"},
	{"name_s": "/usr/share/kde4/apps/kwin/plastik.desktop", "size_i": "1894", "regex": "false"},
	{"name_s": "/usr/share/kde4/apps/kwin/quartz.desktop", "size_i": "1796", "regex": "false"},
	{"name_s": "/usr/share/kde4/apps/kwin/redmond.desktop", "size_i": "1843", "regex": "false"},
	{"name_s": "/usr/share/kde4/apps/kwin/shadow-texture.png", "size_i": "628", "regex": "false"},
	{"name_s": "/usr/share/kde4/apps/kwin/sharpen.frag", "size_i": "767", "regex": "false"},
	{"name_s": "/usr/share/kde4/apps/kwin/sharpen.vert", "size_i": "87", "regex": "false"},
	{"name_s": "/usr/share/kde4/apps/kwin/snow.frag", "size_i": "1271", "regex": "false"},
	{"name_s": "/usr/share/kde4/apps/kwin/snow.vert", "size_i": "1740", "regex": "false"},
	{"name_s": "/usr/share/kde4/apps/kwin/snowflake.png", "size_i": "3645", "regex": "false"},
	{"name_s": "/usr/share/kde4/apps/kwin/sphere.vert", "size_i": "1800", "regex": "false"},
	{"name_s": "/usr/share/kde4/apps/kwin/trackmouse.png", "size_i": "1817", "regex": "false"},
	{"name_s": "/usr/share/kde4/apps/kwin/web.desktop", "size_i": "1438", "regex": "false"},
	{"name_s": "/usr/share/kde4/apps/kwrited", "size_i": "4096", "regex": "false"},
	{"name_s": "/usr/share/kde4/apps/kwrited/kwrited.notifyrc", "size_i": "12035", "regex": "false"},
	{"name_s": "/usr/share/kde4/apps/plasma", "size_i": "4096", "regex": "false"},
	{"name_s": "/usr/share/kde4/apps/plasma/services", "size_i": "4096", "regex": "false"},
	{"name_s": "/usr/share/kde4/apps/plasma/services/applicationjobs.operations", "size_i": "204", "regex": "false"},
	{"name_s": "/usr/share/kde4/apps/plasma/services/modifierkeystate.operations", "size_i": "403", "regex": "false"},
	{"name_s": "/usr/share/kde4/apps/plasma/services/notifications.operations", "size_i": "322", "regex": "false"},
	{"name_s": "/usr/share/kde4/apps/plasma/services/nowplaying.operations", "size_i": "602", "regex": "false"},
	{"name_s": "/usr/share/kde4/apps/plasma/services/tasks.operations", "size_i": "1227", "regex": "false"},
	{"name_s": "/usr/share/kde4/apps/powerdevil", "size_i": "4096", "regex": "false"},
	{"name_s": "/usr/share/kde4/apps/powerdevil/default.powerdevilprofiles", "size_i": "2214", "regex": "false"},
	{"name_s": "/usr/share/kde4/apps/powerdevil/powerdevil.notifyrc", "size_i": "110317", "regex": "false"},
	{"name_s": "/usr/share/kde4/apps/solid", "size_i": "4096", "regex": "false"},
	{"name_s": "/usr/share/kde4/apps/solid/actions", "size_i": "4096", "regex": "false"},
	{"name_s": "/usr/share/kde4/apps/solid/actions/test-predicate-openinwindow.desktop", "size_i": "2977", "regex": "false"},
	{"name_s": "/usr/share/kde4/apps/solid/devices", "size_i": "4096", "regex": "false"},
	{"name_s": "/usr/share/kde4/apps/solid/devices/solid-device-AcAdapter.desktop", "size_i": "4400", "regex": "false"},
	{"name_s": "/usr/share/kde4/apps/solid/devices/solid-device-AudioInterface.desktop", "size_i": "11106", "regex": "false"},
	{"name_s": "/usr/share/kde4/apps/solid/devices/solid-device-Battery.desktop", "size_i": "10223", "regex": "false"},
	{"name_s": "/usr/share/kde4/apps/solid/devices/solid-device-Block.desktop", "size_i": "5852", "regex": "false"},
	{"name_s": "/usr/share/kde4/apps/solid/devices/solid-device-Button.desktop", "size_i": "6405", "regex": "false"},
	{"name_s": "/usr/share/kde4/apps/solid/devices/solid-device-Camera.desktop", "size_i": "7250", "regex": "false"},
	{"name_s": "/usr/share/kde4/apps/solid/devices/solid-device-DvbInterface.desktop", "size_i": "9830", "regex": "false"},
	{"name_s": "/usr/share/kde4/apps/solid/devices/solid-device-GenericInterface.desktop", "size_i": "3551", "regex": "false"},
	{"name_s": "/usr/share/kde4/apps/solid/devices/solid-device-NetworkInterface.desktop", "size_i": "9353", "regex": "false"},
	{"name_s": "/usr/share/kde4/apps/solid/devices/solid-device-OpticalDisc.desktop", "size_i": "19568", "regex": "false"},
	{"name_s": "/usr/share/kde4/apps/solid/devices/solid-device-OpticalDrive.desktop", "size_i": "16210", "regex": "false"},
	{"name_s": "/usr/share/kde4/apps/solid/devices/solid-device-PortableMediaPlayer.desktop", "size_i": "8624", "regex": "false"},
	{"name_s": "/usr/share/kde4/apps/solid/devices/solid-device-Processor.desktop", "size_i": "10480", "regex": "false"},
	{"name_s": "/usr/share/kde4/apps/solid/devices/solid-device-SerialInterface.desktop", "size_i": "7935", "regex": "false"},
	{"name_s": "/usr/share/kde4/apps/solid/devices/solid-device-StorageAccess.desktop", "size_i": "6506", "regex": "false"},
	{"name_s": "/usr/share/kde4/apps/solid/devices/solid-device-StorageDrive.desktop", "size_i": "9341", "regex": "false"},
	{"name_s": "/usr/share/kde4/apps/solid/devices/solid-device-StorageVolume.desktop", "size_i": "10596", "regex": "false"},
	{"name_s": "/usr/share/kde4/apps/solid/devices/solid-device-Video.desktop", "size_i": "4732", "regex": "false"},
	{"name_s": "/usr/share/kde4/apps/solidfakenetbackend", "size_i": "4096", "regex": "false"},
	{"name_s": "/usr/share/kde4/apps/solidfakenetbackend/fakenetworking.xml", "size_i": "4841", "regex": "false"},
	{"name_s": "/usr/share/kde4/apps/systemsettings", "size_i": "4096", "regex": "false"},
	{"name_s": "/usr/share/kde4/apps/systemsettings/classic", "size_i": "4096", "regex": "false"},
	{"name_s": "/usr/share/kde4/apps/systemsettings/classic/main.html", "size_i": "1421", "regex": "false"},
	{"name_s": "/usr/share/kde4/apps/systemsettings/classic/systemsettings-classic.css", "size_i": "429", "regex": "false"},
	{"name_s": "/usr/share/kde4/apps/systemsettings/systemsettingsui.rc", "size_i": "798", "regex": "false"},
	{"name_s": "/usr/share/kde4/services/ScreenSavers", "size_i": "4096", "regex": "false"},
	{"name_s": "/usr/share/kde4/services/ScreenSavers/kblank.desktop", "size_i": "13252", "regex": "false"},
	{"name_s": "/usr/share/kde4/services/ScreenSavers/krandom.desktop", "size_i": "12815", "regex": "false"},
	{"name_s": "/usr/share/kde4/services/ServiceMenus", "size_i": "4096", "regex": "false"},
	{"name_s": "/usr/share/kde4/services/ServiceMenus/installfont.desktop", "size_i": "2669", "regex": "false"},
	{"name_s": "/usr/share/kde4/services/autostart.desktop", "size_i": "10688", "regex": "false"},
	{"name_s": "/usr/share/kde4/services/bell.desktop", "size_i": "12727", "regex": "false"},
	{"name_s": "/usr/share/kde4/services/clock.desktop", "size_i": "11311", "regex": "false"},
	{"name_s": "/usr/share/kde4/services/colors.desktop", "size_i": "11051", "regex": "false"},
	{"name_s": "/usr/share/kde4/services/desktop.desktop", "size_i": "16415", "regex": "false"},
	{"name_s": "/usr/share/kde4/services/desktopthemedetails.desktop", "size_i": "8496", "regex": "false"},
	{"name_s": "/usr/share/kde4/services/display.desktop", "size_i": "5688", "regex": "false"},
	{"name_s": "/usr/share/kde4/services/energy.desktop", "size_i": "16992", "regex": "false"},
	{"name_s": "/usr/share/kde4/services/fontinst.desktop", "size_i": "13048", "regex": "false"},
	{"name_s": "/usr/share/kde4/services/fonts.desktop", "size_i": "20237", "regex": "false"},
	{"name_s": "/usr/share/kde4/services/fonts.protocol", "size_i": "357", "regex": "false"},
	{"name_s": "/usr/share/kde4/services/fontthumbnail.desktop", "size_i": "3111", "regex": "false"},
	{"name_s": "/usr/share/kde4/services/ion-bbcukmet.desktop", "size_i": "8432", "regex": "false"},
	{"name_s": "/usr/share/kde4/services/ion-envcan.desktop", "size_i": "6613", "regex": "false"},
	{"name_s": "/usr/share/kde4/services/ion-noaa.desktop", "size_i": "8559", "regex": "false"},
	{"name_s": "/usr/share/kde4/services/joystick.desktop", "size_i": "8065", "regex": "false"},
	{"name_s": "/usr/share/kde4/services/kaccess.desktop", "size_i": "4173", "regex": "false"},
	{"name_s": "/usr/share/kde4/services/kcm_keyboard.desktop", "size_i": "13884", "regex": "false"},
	{"name_s": "/usr/share/kde4/services/kcm_solid.desktop", "size_i": "9653", "regex": "false"},
	{"name_s": "/usr/share/kde4/services/kcmaccess.desktop", "size_i": "24044", "regex": "false"},
	{"name_s": "/usr/share/kde4/services/kcmlaunch.desktop", "size_i": "20034", "regex": "false"},
	{"name_s": "/usr/share/kde4/services/kcmsmserver.desktop", "size_i": "16450", "regex": "false"},
	{"name_s": "/usr/share/kde4/services/kded", "size_i": "4096", "regex": "false"},
	{"name_s": "/usr/share/kde4/services/kded/kephal.desktop", "size_i": "3756", "regex": "false"},
	{"name_s": "/usr/share/kde4/services/kded/khotkeys.desktop", "size_i": "7359", "regex": "false"},
	{"name_s": "/usr/share/kde4/services/kded/kwrited.desktop", "size_i": "12812", "regex": "false"},
	{"name_s": "/usr/share/kde4/services/kded/networkstatus.desktop", "size_i": "12486", "regex": "false"},
	{"name_s": "/usr/share/kde4/services/kded/notificationitemwatcher.desktop", "size_i": "6899", "regex": "false"},
	{"name_s": "/usr/share/kde4/services/kded/powerdevil.desktop", "size_i": "6170", "regex": "false"},
	{"name_s": "/usr/share/kde4/services/keyboard.desktop", "size_i": "14038", "regex": "false"},
	{"name_s": "/usr/share/kde4/services/keyboard_layout.desktop", "size_i": "11415", "regex": "false"},
	{"name_s": "/usr/share/kde4/services/keys.desktop", "size_i": "17393", "regex": "false"},
	{"name_s": "/usr/share/kde4/services/kfontviewpart.desktop", "size_i": "3368", "regex": "false"},
	{"name_s": "/usr/share/kde4/services/khotkeys.desktop", "size_i": "6435", "regex": "false"},
	{"name_s": "/usr/share/kde4/services/ksplashthememgr.desktop", "size_i": "12591", "regex": "false"},
	{"name_s": "/usr/share/kde4/services/kwin", "size_i": "4096", "regex": "false"},
	{"name_s": "/usr/share/kde4/services/kwin/boxswitch.desktop", "size_i": "8307", "regex": "false"},
	{"name_s": "/usr/share/kde4/services/kwin/boxswitch_config.desktop", "size_i": "2437", "regex": "false"},
	{"name_s": "/usr/share/kde4/services/kwin/coverswitch.desktop", "size_i": "7545", "regex": "false"},
	{"name_s": "/usr/share/kde4/services/kwin/coverswitch_config.desktop", "size_i": "2145", "regex": "false"},
	{"name_s": "/usr/share/kde4/services/kwin/cube.desktop", "size_i": "8599", "regex": "false"},
	{"name_s": "/usr/share/kde4/services/kwin/cube_config.desktop", "size_i": "2437", "regex": "false"},
	{"name_s": "/usr/share/kde4/services/kwin/cubeslide.desktop", "size_i": "6138", "regex": "false"},
	{"name_s": "/usr/share/kde4/services/kwin/cubeslide_config.desktop", "size_i": "2756", "regex": "false"},
	{"name_s": "/usr/share/kde4/services/kwin/desktopgrid.desktop", "size_i": "8659", "regex": "false"},
	{"name_s": "/usr/share/kde4/services/kwin/desktopgrid_config.desktop", "size_i": "2769", "regex": "false"},
	{"name_s": "/usr/share/kde4/services/kwin/dialogparent.desktop", "size_i": "7955", "regex": "false"},
	{"name_s": "/usr/share/kde4/services/kwin/diminactive.desktop", "size_i": "6774", "regex": "false"},
	{"name_s": "/usr/share/kde4/services/kwin/diminactive_config.desktop", "size_i": "2807", "regex": "false"},
	{"name_s": "/usr/share/kde4/services/kwin/dimscreen.desktop", "size_i": "11062", "regex": "false"},
	{"name_s": "/usr/share/kde4/services/kwin/explosion.desktop", "size_i": "6522", "regex": "false"},
	{"name_s": "/usr/share/kde4/services/kwin/fade.desktop", "size_i": "9164", "regex": "false"},
	{"name_s": "/usr/share/kde4/services/kwin/fadedesktop.desktop", "size_i": "6522", "regex": "false"},
	{"name_s": "/usr/share/kde4/services/kwin/fallapart.desktop", "size_i": "6541", "regex": "false"},
	{"name_s": "/usr/share/kde4/services/kwin/flipswitch.desktop", "size_i": "7680", "regex": "false"},
	{"name_s": "/usr/share/kde4/services/kwin/flipswitch_config.desktop", "size_i": "2173", "regex": "false"},
	{"name_s": "/usr/share/kde4/services/kwin/highlightwindow.desktop", "size_i": "7670", "regex": "false"},
	{"name_s": "/usr/share/kde4/services/kwin/invert.desktop", "size_i": "6945", "regex": "false"},
	{"name_s": "/usr/share/kde4/services/kwin/invert_config.desktop", "size_i": "2007", "regex": "false"},
	{"name_s": "/usr/share/kde4/services/kwin/login.desktop", "size_i": "6862", "regex": "false"},
	{"name_s": "/usr/share/kde4/services/kwin/logout.desktop", "size_i": "7863", "regex": "false"},
	{"name_s": "/usr/share/kde4/services/kwin/lookingglass.desktop", "size_i": "7331", "regex": "false"},
	{"name_s": "/usr/share/kde4/services/kwin/lookingglass_config.desktop", "size_i": "2017", "regex": "false"},
	{"name_s": "/usr/share/kde4/services/kwin/magiclamp.desktop", "size_i": "7912", "regex": "false"},
	{"name_s": "/usr/share/kde4/services/kwin/magiclamp_config.desktop", "size_i": "2012", "regex": "false"},
	{"name_s": "/usr/share/kde4/services/kwin/magnifier.desktop", "size_i": "7883", "regex": "false"},
	{"name_s": "/usr/share/kde4/services/kwin/magnifier_config.desktop", "size_i": "2105", "regex": "false"},
	{"name_s": "/usr/share/kde4/services/kwin/minimizeanimation.desktop", "size_i": "7523", "regex": "false"},
	{"name_s": "/usr/share/kde4/services/kwin/mousemark.desktop", "size_i": "7180", "regex": "false"},
	{"name_s": "/usr/share/kde4/services/kwin/mousemark_config.desktop", "size_i": "2329", "regex": "false"},
	{"name_s": "/usr/share/kde4/services/kwin/presentwindows.desktop", "size_i": "9032", "regex": "false"},
	{"name_s": "/usr/share/kde4/services/kwin/presentwindows_config.desktop", "size_i": "2634", "regex": "false"},
	{"name_s": "/usr/share/kde4/services/kwin/scalein.desktop", "size_i": "6205", "regex": "false"},
	{"name_s": "/usr/share/kde4/services/kwin/shadow.desktop", "size_i": "5390", "regex": "false"},
	{"name_s": "/usr/share/kde4/services/kwin/shadow_config.desktop", "size_i": "1653", "regex": "false"},
	{"name_s": "/usr/share/kde4/services/kwin/sharpen.desktop", "size_i": "6437", "regex": "false"},
	{"name_s": "/usr/share/kde4/services/kwin/sharpen_config.desktop", "size_i": "2021", "regex": "false"},
	{"name_s": "/usr/share/kde4/services/kwin/sheet.desktop", "size_i": "6438", "regex": "false"},
	{"name_s": "/usr/share/kde4/services/kwin/showfps.desktop", "size_i": "7566", "regex": "false"},
	{"name_s": "/usr/share/kde4/services/kwin/showfps_config.desktop", "size_i": "2476", "regex": "false"},
	{"name_s": "/usr/share/kde4/services/kwin/showpaint.desktop", "size_i": "8305", "regex": "false"},
	{"name_s": "/usr/share/kde4/services/kwin/slide.desktop", "size_i": "8220", "regex": "false"},
	{"name_s": "/usr/share/kde4/services/kwin/slideback.desktop", "size_i": "5021", "regex": "false"},
	{"name_s": "/usr/share/kde4/services/kwin/snaphelper.desktop", "size_i": "6476", "regex": "false"},
	{"name_s": "/usr/share/kde4/services/kwin/snow.desktop", "size_i": "6322", "regex": "false"},
	{"name_s": "/usr/share/kde4/services/kwin/snow_config.desktop", "size_i": "1539", "regex": "false"},
	{"name_s": "/usr/share/kde4/services/kwin/taskbarthumbnail.desktop", "size_i": "10498", "regex": "false"},
	{"name_s": "/usr/share/kde4/services/kwin/thumbnailaside.desktop", "size_i": "7841", "regex": "false"},
	{"name_s": "/usr/share/kde4/services/kwin/thumbnailaside_config.desktop", "size_i": "2790", "regex": "false"},
	{"name_s": "/usr/share/kde4/services/kwin/trackmouse.desktop", "size_i": "8181", "regex": "false"},
	{"name_s": "/usr/share/kde4/services/kwin/trackmouse_config.desktop", "size_i": "2526", "regex": "false"},
	{"name_s": "/usr/share/kde4/services/kwin/translucency.desktop", "size_i": "7866", "regex": "false"},
	{"name_s": "/usr/share/kde4/services/kwin/translucency_config.desktop", "size_i": "2384", "regex": "false"},
	{"name_s": "/usr/share/kde4/services/kwin/wobblywindows.desktop", "size_i": "7055", "regex": "false"},
	{"name_s": "/usr/share/kde4/services/kwin/wobblywindows_config.desktop", "size_i": "2396", "regex": "false"},
	{"name_s": "/usr/share/kde4/services/kwin/zoom.desktop", "size_i": "5639", "regex": "false"},
	{"name_s": "/usr/share/kde4/services/kwin/zoom_config.desktop", "size_i": "2001", "regex": "false"},
	{"name_s": "/usr/share/kde4/services/kwinactions.desktop", "size_i": "16020", "regex": "false"},
	{"name_s": "/usr/share/kde4/services/kwinadvanced.desktop", "size_i": "13526", "regex": "false"},
	{"name_s": "/usr/share/kde4/services/kwincompositing.desktop", "size_i": "9755", "regex": "false"},
	{"name_s": "/usr/share/kde4/services/kwindecoration.desktop", "size_i": "17376", "regex": "false"},
	{"name_s": "/usr/share/kde4/services/kwinfocus.desktop", "size_i": "15235", "regex": "false"},
	{"name_s": "/usr/share/kde4/services/kwinmoving.desktop", "size_i": "14103", "regex": "false"},
	{"name_s": "/usr/share/kde4/services/kwinoptions.desktop", "size_i": "17547", "regex": "false"},
	{"name_s": "/usr/share/kde4/services/kwinrules.desktop", "size_i": "16618", "regex": "false"},
	{"name_s": "/usr/share/kde4/services/kwinscreenedges.desktop", "size_i": "5400", "regex": "false"},
	{"name_s": "/usr/share/kde4/services/mouse.desktop", "size_i": "21690", "regex": "false"},
	{"name_s": "/usr/share/kde4/services/plasma-animator-default.desktop", "size_i": "3986", "regex": "false"},
	{"name_s": "/usr/share/kde4/services/plasma-applet-activitybar.desktop", "size_i": "5970", "regex": "false"},
	{"name_s": "/usr/share/kde4/services/plasma-applet-analogclock.desktop", "size_i": "6751", "regex": "false"},
	{"name_s": "/usr/share/kde4/services/plasma-applet-calendar.desktop", "size_i": "6370", "regex": "false"},
	{"name_s": "/usr/share/kde4/services/plasma-applet-devicenotifier.desktop", "size_i": "7934", "regex": "false"},
	{"name_s": "/usr/share/kde4/services/plasma-applet-digitalclock.desktop", "size_i": "7129", "regex": "false"},
	{"name_s": "/usr/share/kde4/services/plasma-applet-icon.desktop", "size_i": "4614", "regex": "false"},
	{"name_s": "/usr/share/kde4/services/plasma-applet-launcher.desktop", "size_i": "7973", "regex": "false"},
	{"name_s": "/usr/share/kde4/services/plasma-applet-lockout.desktop", "size_i": "7609", "regex": "false"},
	{"name_s": "/usr/share/kde4/services/plasma-applet-panelspacer-internal.desktop", "size_i": "4575", "regex": "false"},
	{"name_s": "/usr/share/kde4/services/plasma-applet-quicklaunch.desktop", "size_i": "6642", "regex": "false"},
	{"name_s": "/usr/share/kde4/services/plasma-applet-simplelauncher.desktop", "size_i": "9259", "regex": "false"},
	{"name_s": "/usr/share/kde4/services/plasma-applet-sm_cpu.desktop", "size_i": "7267", "regex": "false"},
	{"name_s": "/usr/share/kde4/services/plasma-applet-sm_hdd.desktop", "size_i": "8389", "regex": "false"},
	{"name_s": "/usr/share/kde4/services/plasma-applet-sm_net.desktop", "size_i": "7682", "regex": "false"},
	{"name_s": "/usr/share/kde4/services/plasma-applet-sm_ram.desktop", "size_i": "5963", "regex": "false"},
	{"name_s": "/usr/share/kde4/services/plasma-applet-sm_temperature.desktop", "size_i": "8125", "regex": "false"},
	{"name_s": "/usr/share/kde4/services/plasma-applet-system-monitor.desktop", "size_i": "7124", "regex": "false"},
	{"name_s": "/usr/share/kde4/services/plasma-applet-systemtray.desktop", "size_i": "9474", "regex": "false"},
	{"name_s": "/usr/share/kde4/services/plasma-applet-trash.desktop", "size_i": "6077", "regex": "false"},
	{"name_s": "/usr/share/kde4/services/plasma-battery-default.desktop", "size_i": "7338", "regex": "false"},
	{"name_s": "/usr/share/kde4/services/plasma-containment-desktop.desktop", "size_i": "5279", "regex": "false"},
	{"name_s": "/usr/share/kde4/services/plasma-containment-panel.desktop", "size_i": "5214", "regex": "false"},
	{"name_s": "/usr/share/kde4/services/plasma-containment-saverdesktop.desktop", "size_i": "2681", "regex": "false"},
	{"name_s": "/usr/share/kde4/services/plasma-dataengine-applicationjobs.desktop", "size_i": "6525", "regex": "false"},
	{"name_s": "/usr/share/kde4/services/plasma-dataengine-calendar.desktop", "size_i": "4478", "regex": "false"},
	{"name_s": "/usr/share/kde4/services/plasma-dataengine-dict.desktop", "size_i": "5328", "regex": "false"},
	{"name_s": "/usr/share/kde4/services/plasma-dataengine-executable.desktop", "size_i": "6581", "regex": "false"},
	{"name_s": "/usr/share/kde4/services/plasma-dataengine-favicons.desktop", "size_i": "7516", "regex": "false"},
	{"name_s": "/usr/share/kde4/services/plasma-dataengine-filebrowser.desktop", "size_i": "6411", "regex": "false"},
	{"name_s": "/usr/share/kde4/services/plasma-dataengine-geolocation.desktop", "size_i": "4541", "regex": "false"},
	{"name_s": "/usr/share/kde4/services/plasma-dataengine-hotplug.desktop", "size_i": "6685", "regex": "false"},
	{"name_s": "/usr/share/kde4/services/plasma-dataengine-keystate.desktop", "size_i": "6016", "regex": "false"},
	{"name_s": "/usr/share/kde4/services/plasma-dataengine-mouse.desktop", "size_i": "4941", "regex": "false"},
	{"name_s": "/usr/share/kde4/services/plasma-dataengine-network.desktop", "size_i": "6980", "regex": "false"},
	{"name_s": "/usr/share/kde4/services/plasma-dataengine-notifications.desktop", "size_i": "6050", "regex": "false"},
	{"name_s": "/usr/share/kde4/services/plasma-dataengine-nowplaying.desktop", "size_i": "6812", "regex": "false"},
	{"name_s": "/usr/share/kde4/services/plasma-dataengine-places.desktop", "size_i": "6108", "regex": "false"},
	{"name_s": "/usr/share/kde4/services/plasma-dataengine-powermanagement.desktop", "size_i": "5760", "regex": "false"},
	{"name_s": "/usr/share/kde4/services/plasma-dataengine-rss.desktop", "size_i": "4495", "regex": "false"},
	{"name_s": "/usr/share/kde4/services/plasma-dataengine-soliddevice.desktop", "size_i": "5580", "regex": "false"},
	{"name_s": "/usr/share/kde4/services/plasma-dataengine-systemmonitor.desktop", "size_i": "5884", "regex": "false"},
	{"name_s": "/usr/share/kde4/services/plasma-dataengine-tasks.desktop", "size_i": "7179", "regex": "false"},
	{"name_s": "/usr/share/kde4/services/plasma-dataengine-time.desktop", "size_i": "5654", "regex": "false"},
	{"name_s": "/usr/share/kde4/services/plasma-dataengine-weather.desktop", "size_i": "5133", "regex": "false"},
	{"name_s": "/usr/share/kde4/services/plasma-engine-metadata.desktop", "size_i": "1704", "regex": "false"},
	{"name_s": "/usr/share/kde4/services/plasma-geolocation-ip.desktop", "size_i": "4526", "regex": "false"},
	{"name_s": "/usr/share/kde4/services/plasma-pager-default.desktop", "size_i": "6638", "regex": "false"},
	{"name_s": "/usr/share/kde4/services/plasma-runner-bookmarks.desktop", "size_i": "5221", "regex": "false"},
	{"name_s": "/usr/share/kde4/services/plasma-runner-calculator.desktop", "size_i": "5354", "regex": "false"},
	{"name_s": "/usr/share/kde4/services/plasma-runner-locations.desktop", "size_i": "5285", "regex": "false"},
	{"name_s": "/usr/share/kde4/services/plasma-runner-nepomuksearch.desktop", "size_i": "9093", "regex": "false"},
	{"name_s": "/usr/share/kde4/services/plasma-runner-places.desktop", "size_i": "6274", "regex": "false"},
	{"name_s": "/usr/share/kde4/services/plasma-runner-powerdevil.desktop", "size_i": "6208", "regex": "false"},
	{"name_s": "/usr/share/kde4/services/plasma-runner-services.desktop", "size_i": "7955", "regex": "false"},
	{"name_s": "/usr/share/kde4/services/plasma-runner-sessions.desktop", "size_i": "6325", "regex": "false"},
	{"name_s": "/usr/share/kde4/services/plasma-runner-shell.desktop", "size_i": "5893", "regex": "false"},
	{"name_s": "/usr/share/kde4/services/plasma-runner-webshortcuts.desktop", "size_i": "8039", "regex": "false"},
	{"name_s": "/usr/share/kde4/services/plasma-tasks-default.desktop", "size_i": "7853", "regex": "false"},
	{"name_s": "/usr/share/kde4/services/plasma-wallpaper-color.desktop", "size_i": "1607", "regex": "false"},
	{"name_s": "/usr/share/kde4/services/plasma-wallpaper-image.desktop", "size_i": "5183", "regex": "false"},
	{"name_s": "/usr/share/kde4/services/powerdevilconfig.desktop", "size_i": "8890", "regex": "false"},
	{"name_s": "/usr/share/kde4/services/randr.desktop", "size_i": "16585", "regex": "false"},
	{"name_s": "/usr/share/kde4/services/recentdocuments.desktop", "size_i": "3429", "regex": "false"},
	{"name_s": "/usr/share/kde4/services/screensaver.desktop", "size_i": "11135", "regex": "false"},
	{"name_s": "/usr/share/kde4/services/settings-about-me.desktop", "size_i": "2175", "regex": "false"},
	{"name_s": "/usr/share/kde4/services/settings-accessibility.desktop", "size_i": "2829", "regex": "false"},
	{"name_s": "/usr/share/kde4/services/settings-advanced-user-settings.desktop", "size_i": "4118", "regex": "false"},
	{"name_s": "/usr/share/kde4/services/settings-advanced.desktop", "size_i": "2132", "regex": "false"},
	{"name_s": "/usr/share/kde4/services/settings-appearance.desktop", "size_i": "2120", "regex": "false"},
	{"name_s": "/usr/share/kde4/services/settings-bluetooth.desktop", "size_i": "1921", "regex": "false"},
	{"name_s": "/usr/share/kde4/services/settings-classic-view.desktop", "size_i": "6322", "regex": "false"},
	{"name_s": "/usr/share/kde4/services/settings-computer-administration.desktop", "size_i": "3398", "regex": "false"},
	{"name_s": "/usr/share/kde4/services/settings-desktop.desktop", "size_i": "2357", "regex": "false"},
	{"name_s": "/usr/share/kde4/services/settings-display.desktop", "size_i": "5645", "regex": "false"},
	{"name_s": "/usr/share/kde4/services/settings-general.desktop", "size_i": "1368", "regex": "false"},
	{"name_s": "/usr/share/kde4/services/settings-icon-view.desktop", "size_i": "4500", "regex": "false"},
	{"name_s": "/usr/share/kde4/services/settings-input-actions.desktop", "size_i": "2866", "regex": "false"},
	{"name_s": "/usr/share/kde4/services/settings-keyboard-and-mouse.desktop", "size_i": "3044", "regex": "false"},
	{"name_s": "/usr/share/kde4/services/settings-look-and-feel.desktop", "size_i": "2627", "regex": "false"},
	{"name_s": "/usr/share/kde4/services/settings-network-and-connectivity.desktop", "size_i": "3100", "regex": "false"},
	{"name_s": "/usr/share/kde4/services/settings-network-settings.desktop", "size_i": "3092", "regex": "false"},
	{"name_s": "/usr/share/kde4/services/settings-notifications.desktop", "size_i": "2356", "regex": "false"},
	{"name_s": "/usr/share/kde4/services/settings-personal.desktop", "size_i": "2050", "regex": "false"},
	{"name_s": "/usr/share/kde4/services/settings-regional-and-language.desktop", "size_i": "2999", "regex": "false"},
	{"name_s": "/usr/share/kde4/services/settings-sharing.desktop", "size_i": "2090", "regex": "false"},
	{"name_s": "/usr/share/kde4/services/settings-system.desktop", "size_i": "2045", "regex": "false"},
	{"name_s": "/usr/share/kde4/services/settings-window-behaviour.desktop", "size_i": "3044", "regex": "false"},
	{"name_s": "/usr/share/kde4/services/solid-actions.desktop", "size_i": "8852", "regex": "false"},
	{"name_s": "/usr/share/kde4/services/solidbackends", "size_i": "4096", "regex": "false"},
	{"name_s": "/usr/share/kde4/services/solidbackends/solid_bluez.desktop", "size_i": "6428", "regex": "false"},
	{"name_s": "/usr/share/kde4/services/solidbackends/solid_fakenet.desktop", "size_i": "5671", "regex": "false"},
	{"name_s": "/usr/share/kde4/services/solidbackends/solid_hal_power.desktop", "size_i": "8801", "regex": "false"},
	{"name_s": "/usr/share/kde4/services/solidbackends/solid_networkmanager07.desktop", "size_i": "9166", "regex": "false"},
	{"name_s": "/usr/share/kde4/services/solidbackends/solid_wicd.desktop", "size_i": "4686", "regex": "false"},
	{"name_s": "/usr/share/kde4/services/standard_actions.desktop", "size_i": "9120", "regex": "false"},
	{"name_s": "/usr/share/kde4/services/style.desktop", "size_i": "19745", "regex": "false"},
	{"name_s": "/usr/share/kde4/services/xinerama.desktop", "size_i": "13337", "regex": "false"},
	{"name_s": "/usr/share/kde4/servicetypes/kwineffect.desktop", "size_i": "2474", "regex": "false"},
	{"name_s": "/usr/share/kde4/servicetypes/plasma-geolocationprovider.desktop", "size_i": "2884", "regex": "false"},
	{"name_s": "/usr/share/kde4/servicetypes/screensaver.desktop", "size_i": "2958", "regex": "false"},
	{"name_s": "/usr/share/kde4/servicetypes/solidbluetoothmanager.desktop", "size_i": "4183", "regex": "false"},
	{"name_s": "/usr/share/kde4/servicetypes/solidnetworkmanager.desktop", "size_i": "4023", "regex": "false"},
	{"name_s": "/usr/share/kde4/servicetypes/solidpowermanager.desktop", "size_i": "4067", "regex": "false"},
	{"name_s": "/usr/share/kde4/servicetypes/systemsettingscategory.desktop", "size_i": "3951", "regex": "false"},
	{"name_s": "/usr/share/kde4/servicetypes/systemsettingsview.desktop", "size_i": "2721", "regex": "false"},
	{"name_s": "/usr/share/man/man1/plasmaengineexplorer.1.gz", "size_i": "1221", "regex": "false"},
	{"name_s": "/usr/share/sounds/pop.wav", "size_i": "4068", "regex": "false"},
	{"name_s": "/usr/share/xsessions/kde.desktop", "size_i": "3892", "regex": "false"}
]
