[
	{"name_s": "/usr/lib/kde4/plugins/designer/ksysguardlsofwidgets.so", "size_i": "13064", "regex": "false"},
	{"name_s": "/usr/lib/kde4/plugins/designer/ksysguardwidgets.so", "size_i": "20900", "regex": "false"},
	{"name_s": "/usr/lib/libkdecorations.so.4", "size_i": "24", "regex": "false"},
	{"name_s": "/usr/lib/libkdecorations.so.4.3.0", "size_i": "103404", "regex": "false"},
	{"name_s": "/usr/lib/libkephal.so.4", "size_i": "18", "regex": "false"},
	{"name_s": "/usr/lib/libkephal.so.4.3.0", "size_i": "176808", "regex": "false"},
	{"name_s": "/usr/lib/libkfontinst.so.4", "size_i": "21", "regex": "false"},
	{"name_s": "/usr/lib/libkfontinst.so.4.3.0", "size_i": "62164", "regex": "false"},
	{"name_s": "/usr/lib/libkfontinstui.so.4", "size_i": "23", "regex": "false"},
	{"name_s": "/usr/lib/libkfontinstui.so.4.3.0", "size_i": "47548", "regex": "false"},
	{"name_s": "/usr/lib/libkhotkeysprivate.so.4", "size_i": "27", "regex": "false"},
	{"name_s": "/usr/lib/libkhotkeysprivate.so.4.3.0", "size_i": "274032", "regex": "false"},
	{"name_s": "/usr/lib/libkscreensaver.so.5", "size_i": "24", "regex": "false"},
	{"name_s": "/usr/lib/libkscreensaver.so.5.0.0", "size_i": "25352", "regex": "false"},
	{"name_s": "/usr/lib/libksgrd.so.4", "size_i": "17", "regex": "false"},
	{"name_s": "/usr/lib/libksgrd.so.4.3.0", "size_i": "76324", "regex": "false"},
	{"name_s": "/usr/lib/libkwineffects.so.1", "size_i": "23", "regex": "false"},
	{"name_s": "/usr/lib/libkwineffects.so.1.0.0", "size_i": "161948", "regex": "false"},
	{"name_s": "/usr/lib/libkwinnvidiahack.so.4", "size_i": "26", "regex": "false"},
	{"name_s": "/usr/lib/libkwinnvidiahack.so.4.3.0", "size_i": "3176", "regex": "false"},
	{"name_s": "/usr/lib/libkworkspace.so.4", "size_i": "22", "regex": "false"},
	{"name_s": "/usr/lib/libkworkspace.so.4.3.0", "size_i": "86568", "regex": "false"},
	{"name_s": "/usr/lib/liblsofui.so.4", "size_i": "18", "regex": "false"},
	{"name_s": "/usr/lib/liblsofui.so.4.3.0", "size_i": "19700", "regex": "false"},
	{"name_s": "/usr/lib/libnepomukquery.so.4", "size_i": "24", "regex": "false"},
	{"name_s": "/usr/lib/libnepomukquery.so.4.3.0", "size_i": "74928", "regex": "false"},
	{"name_s": "/usr/lib/libnepomukqueryclient.so.4", "size_i": "30", "regex": "false"},
	{"name_s": "/usr/lib/libnepomukqueryclient.so.4.3.0", "size_i": "29884", "regex": "false"},
	{"name_s": "/usr/lib/libplasma-geolocation-interface.so.4", "size_i": "40", "regex": "false"},
	{"name_s": "/usr/lib/libplasma-geolocation-interface.so.4.3.0", "size_i": "14228", "regex": "false"},
	{"name_s": "/usr/lib/libplasma_applet-system-monitor.so", "size_i": "36", "regex": "false"},
	{"name_s": "/usr/lib/libplasma_applet-system-monitor.so.4", "size_i": "40", "regex": "false"},
	{"name_s": "/usr/lib/libplasma_applet-system-monitor.so.4.3.0", "size_i": "35720", "regex": "false"},
	{"name_s": "/usr/lib/libplasmaclock.so.4", "size_i": "23", "regex": "false"},
	{"name_s": "/usr/lib/libplasmaclock.so.4.3.0", "size_i": "136036", "regex": "false"},
	{"name_s": "/usr/lib/libprocesscore.so.4", "size_i": "23", "regex": "false"},
	{"name_s": "/usr/lib/libprocesscore.so.4.3.0", "size_i": "60140", "regex": "false"},
	{"name_s": "/usr/lib/libprocessui.so.4", "size_i": "21", "regex": "false"},
	{"name_s": "/usr/lib/libprocessui.so.4.3.0", "size_i": "235512", "regex": "false"},
	{"name_s": "/usr/lib/libsolidcontrol.so.4", "size_i": "24", "regex": "false"},
	{"name_s": "/usr/lib/libsolidcontrol.so.4.3.0", "size_i": "196224", "regex": "false"},
	{"name_s": "/usr/lib/libsolidcontrolifaces.so.4", "size_i": "30", "regex": "false"},
	{"name_s": "/usr/lib/libsolidcontrolifaces.so.4.3.0", "size_i": "45264", "regex": "false"},
	{"name_s": "/usr/lib/libtaskmanager.so.4", "size_i": "23", "regex": "false"},
	{"name_s": "/usr/lib/libtaskmanager.so.4.3.0", "size_i": "241896", "regex": "false"},
	{"name_s": "/usr/lib/libtime_solar.so.4", "size_i": "22", "regex": "false"},
	{"name_s": "/usr/lib/libtime_solar.so.4.3.0", "size_i": "13180", "regex": "false"},
	{"name_s": "/usr/lib/libweather_ion.so.4", "size_i": "23", "regex": "false"},
	{"name_s": "/usr/lib/libweather_ion.so.4.3.0", "size_i": "28508", "regex": "false"}
]
