[
	{"name_s": "/usr/bin/akonadi2xml", "size_i": "15712", "regex": "false"},
	{"name_s": "/usr/bin/akonadi_birthdays_resource", "size_i": "80152", "regex": "false"},
	{"name_s": "/usr/bin/akonadi_distlist_resource", "size_i": "116776", "regex": "false"},
	{"name_s": "/usr/bin/akonadi_ical_resource", "size_i": "107240", "regex": "false"},
	{"name_s": "/usr/bin/akonadi_imap_resource", "size_i": "253920", "regex": "false"},
	{"name_s": "/usr/bin/akonadi_kabc_resource", "size_i": "123584", "regex": "false"},
	{"name_s": "/usr/bin/akonadi_kcal_resource", "size_i": "112864", "regex": "false"},
	{"name_s": "/usr/bin/akonadi_knut_resource", "size_i": "46368", "regex": "false"},
	{"name_s": "/usr/bin/akonadi_kolabproxy_resource", "size_i": "409504", "regex": "false"},
	{"name_s": "/usr/bin/akonadi_localbookmarks_resource", "size_i": "45816", "regex": "false"},
	{"name_s": "/usr/bin/akonadi_maildir_resource", "size_i": "78656", "regex": "false"},
	{"name_s": "/usr/bin/akonadi_microblog_resource", "size_i": "100384", "regex": "false"},
	{"name_s": "/usr/bin/akonadi_nepomuktag_resource", "size_i": "38136", "regex": "false"},
	{"name_s": "/usr/bin/akonadi_nntp_resource", "size_i": "106496", "regex": "false"},
	{"name_s": "/usr/bin/akonadi_strigi_feeder", "size_i": "15576", "regex": "false"},
	{"name_s": "/usr/bin/akonadi_vcard_resource", "size_i": "103912", "regex": "false"},
	{"name_s": "/usr/bin/akonadi_vcarddir_resource", "size_i": "76688", "regex": "false"},
	{"name_s": "/usr/bin/akonadiconsole", "size_i": "299376", "regex": "false"},
	{"name_s": "/usr/bin/akonaditray", "size_i": "115584", "regex": "false"},
	{"name_s": "/usr/bin/kres-migrator", "size_i": "127528", "regex": "false"},
	{"name_s": "/usr/lib64/kde4/akonadi_serializer_addressee.so", "size_i": "24584", "regex": "false"},
	{"name_s": "/usr/lib64/kde4/akonadi_serializer_bookmark.so", "size_i": "20264", "regex": "false"},
	{"name_s": "/usr/lib64/kde4/akonadi_serializer_contactgroup.so", "size_i": "16184", "regex": "false"},
	{"name_s": "/usr/lib64/kde4/akonadi_serializer_kcal.so", "size_i": "21792", "regex": "false"},
	{"name_s": "/usr/lib64/kde4/akonadi_serializer_mail.so", "size_i": "62744", "regex": "false"},
	{"name_s": "/usr/lib64/kde4/akonadi_serializer_microblog.so", "size_i": "17096", "regex": "false"},
	{"name_s": "/usr/lib64/kde4/kabc_akonadi.so", "size_i": "286736", "regex": "false"},
	{"name_s": "/usr/lib64/kde4/kcal_akonadi.so", "size_i": "286288", "regex": "false"},
	{"name_s": "/usr/lib64/kde4/kcm_akonadi.so", "size_i": "20192", "regex": "false"},
	{"name_s": "/usr/lib64/kde4/kcm_akonadi_resources.so", "size_i": "37680", "regex": "false"},
	{"name_s": "/usr/lib64/kde4/kcm_akonadi_server.so", "size_i": "45424", "regex": "false"},
	{"name_s": "/usr/lib64/kde4/kio_akonadi.so", "size_i": "34184", "regex": "false"},
	{"name_s": "/usr/share/akonadi/agents/birthdaysresource.desktop", "size_i": "6322", "regex": "false"},
	{"name_s": "/usr/share/akonadi/agents/distlistresource.desktop", "size_i": "3963", "regex": "false"},
	{"name_s": "/usr/share/akonadi/agents/icalresource.desktop", "size_i": "3715", "regex": "false"},
	{"name_s": "/usr/share/akonadi/agents/imapresource.desktop", "size_i": "3763", "regex": "false"},
	{"name_s": "/usr/share/akonadi/agents/kabcresource.desktop", "size_i": "4616", "regex": "false"},
	{"name_s": "/usr/share/akonadi/agents/kcalresource.desktop", "size_i": "4668", "regex": "false"},
	{"name_s": "/usr/share/akonadi/agents/knutresource.desktop", "size_i": "2628", "regex": "false"},
	{"name_s": "/usr/share/akonadi/agents/kolabproxyresource.desktop", "size_i": "3912", "regex": "false"},
	{"name_s": "/usr/share/akonadi/agents/localbookmarksresource.desktop", "size_i": "3878", "regex": "false"},
	{"name_s": "/usr/share/akonadi/agents/maildirresource.desktop", "size_i": "3324", "regex": "false"},
	{"name_s": "/usr/share/akonadi/agents/microblog.desktop", "size_i": "4129", "regex": "false"},
	{"name_s": "/usr/share/akonadi/agents/nepomuktagresource.desktop", "size_i": "5151", "regex": "false"},
	{"name_s": "/usr/share/akonadi/agents/nntpresource.desktop", "size_i": "4339", "regex": "false"},
	{"name_s": "/usr/share/akonadi/agents/notesresource.desktop", "size_i": "3464", "regex": "false"},
	{"name_s": "/usr/share/akonadi/agents/strigifeeder.desktop", "size_i": "3417", "regex": "false"},
	{"name_s": "/usr/share/akonadi/agents/vcarddirresource.desktop", "size_i": "3663", "regex": "false"},
	{"name_s": "/usr/share/akonadi/agents/vcardresource.desktop", "size_i": "3144", "regex": "false"},
	{"name_s": "/usr/share/applications/kde4/akonadiconsole.desktop", "size_i": "3578", "regex": "false"},
	{"name_s": "/usr/share/applications/kde4/akonaditray.desktop", "size_i": "2929", "regex": "false"},
	{"name_s": "/usr/share/config/kres-migratorrc", "size_i": "65", "regex": "false"},
	{"name_s": "/usr/share/dbus-1/interfaces/org.kde.Akonadi.Maildir.Settings.xml", "size_i": "486", "regex": "false"},
	{"name_s": "/usr/share/icons/hicolor/64x64/apps/kolab.png", "size_i": "5596", "regex": "false"},
	{"name_s": "/usr/share/kde4/apps/akonadi", "size_i": "4096", "regex": "false"},
	{"name_s": "/usr/share/kde4/apps/akonadi/akonadi-xml.xsd", "size_i": "2959", "regex": "false"},
	{"name_s": "/usr/share/kde4/apps/akonadi/firstrun", "size_i": "4096", "regex": "false"},
	{"name_s": "/usr/share/kde4/apps/akonadi/firstrun/defaultaddressbook", "size_i": "151", "regex": "false"},
	{"name_s": "/usr/share/kde4/apps/akonadi/firstrun/defaultcalendar", "size_i": "149", "regex": "false"},
	{"name_s": "/usr/share/kde4/apps/akonadi/plugins", "size_i": "4096", "regex": "false"},
	{"name_s": "/usr/share/kde4/apps/akonadi/plugins/serializer", "size_i": "4096", "regex": "false"},
	{"name_s": "/usr/share/kde4/apps/akonadi/plugins/serializer/akonadi_serializer_addressee.desktop", "size_i": "4405", "regex": "false"},
	{"name_s": "/usr/share/kde4/apps/akonadi/plugins/serializer/akonadi_serializer_bookmark.desktop", "size_i": "4205", "regex": "false"},
	{"name_s": "/usr/share/kde4/apps/akonadi/plugins/serializer/akonadi_serializer_contactgroup.desktop", "size_i": "4721", "regex": "false"},
	{"name_s": "/usr/share/kde4/apps/akonadi/plugins/serializer/akonadi_serializer_kcal.desktop", "size_i": "5262", "regex": "false"},
	{"name_s": "/usr/share/kde4/apps/akonadi/plugins/serializer/akonadi_serializer_mail.desktop", "size_i": "4135", "regex": "false"},
	{"name_s": "/usr/share/kde4/apps/akonadi/plugins/serializer/akonadi_serializer_microblog.desktop", "size_i": "3780", "regex": "false"},
	{"name_s": "/usr/share/kde4/apps/akonadi_knut_resource", "size_i": "4096", "regex": "false"},
	{"name_s": "/usr/share/kde4/apps/akonadi_knut_resource/knut-template.xml", "size_i": "89", "regex": "false"},
	{"name_s": "/usr/share/kde4/apps/akonadiconsole", "size_i": "4096", "regex": "false"},
	{"name_s": "/usr/share/kde4/apps/akonadiconsole/akonadiconsoleui.rc", "size_i": "1668", "regex": "false"},
	{"name_s": "/usr/share/kde4/services/akonadi.protocol", "size_i": "161", "regex": "false"},
	{"name_s": "/usr/share/kde4/services/kcm_akonadi.desktop", "size_i": "4722", "regex": "false"},
	{"name_s": "/usr/share/kde4/services/kcm_akonadi_resources.desktop", "size_i": "1933", "regex": "false"},
	{"name_s": "/usr/share/kde4/services/kcm_akonadi_server.desktop", "size_i": "1938", "regex": "false"},
	{"name_s": "/usr/share/kde4/services/kresources", "size_i": "4096", "regex": "false"},
	{"name_s": "/usr/share/kde4/services/kresources/kabc", "size_i": "4096", "regex": "false"},
	{"name_s": "/usr/share/kde4/services/kresources/kabc/akonadi.desktop", "size_i": "5107", "regex": "false"},
	{"name_s": "/usr/share/kde4/services/kresources/kcal", "size_i": "4096", "regex": "false"},
	{"name_s": "/usr/share/kde4/services/kresources/kcal/akonadi.desktop", "size_i": "4290", "regex": "false"},
	{"name_s": "/usr/share/mime/packages/kdepim-mime.xml", "size_i": "737", "regex": "false"}
]
