[
	{"name_s": "/usr/include/kde4/KDE", "size_i": "4096", "regex": "false"},
	{"name_s": "/usr/include/kde4/KDE/Akonadi", "size_i": "4096", "regex": "false"},
	{"name_s": "/usr/include/kde4/KDE/Akonadi/AgentBase", "size_i": "37", "regex": "false"},
	{"name_s": "/usr/include/kde4/KDE/Akonadi/AgentFilterProxyModel", "size_i": "49", "regex": "false"},
	{"name_s": "/usr/include/kde4/KDE/Akonadi/AgentInstance", "size_i": "41", "regex": "false"},
	{"name_s": "/usr/include/kde4/KDE/Akonadi/AgentInstanceCreateJob", "size_i": "50", "regex": "false"},
	{"name_s": "/usr/include/kde4/KDE/Akonadi/AgentInstanceModel", "size_i": "46", "regex": "false"},
	{"name_s": "/usr/include/kde4/KDE/Akonadi/AgentInstanceWidget", "size_i": "47", "regex": "false"},
	{"name_s": "/usr/include/kde4/KDE/Akonadi/AgentManager", "size_i": "40", "regex": "false"},
	{"name_s": "/usr/include/kde4/KDE/Akonadi/AgentType", "size_i": "37", "regex": "false"},
	{"name_s": "/usr/include/kde4/KDE/Akonadi/AgentTypeDialog", "size_i": "43", "regex": "false"},
	{"name_s": "/usr/include/kde4/KDE/Akonadi/AgentTypeModel", "size_i": "42", "regex": "false"},
	{"name_s": "/usr/include/kde4/KDE/Akonadi/AgentTypeWidget", "size_i": "43", "regex": "false"},
	{"name_s": "/usr/include/kde4/KDE/Akonadi/Attribute", "size_i": "37", "regex": "false"},
	{"name_s": "/usr/include/kde4/KDE/Akonadi/AttributeFactory", "size_i": "44", "regex": "false"},
	{"name_s": "/usr/include/kde4/KDE/Akonadi/CachePolicy", "size_i": "39", "regex": "false"},
	{"name_s": "/usr/include/kde4/KDE/Akonadi/ChangeRecorder", "size_i": "42", "regex": "false"},
	{"name_s": "/usr/include/kde4/KDE/Akonadi/Collection", "size_i": "38", "regex": "false"},
	{"name_s": "/usr/include/kde4/KDE/Akonadi/CollectionCopyJob", "size_i": "45", "regex": "false"},
	{"name_s": "/usr/include/kde4/KDE/Akonadi/CollectionCreateJob", "size_i": "47", "regex": "false"},
	{"name_s": "/usr/include/kde4/KDE/Akonadi/CollectionDeleteJob", "size_i": "47", "regex": "false"},
	{"name_s": "/usr/include/kde4/KDE/Akonadi/CollectionDialog", "size_i": "44", "regex": "false"},
	{"name_s": "/usr/include/kde4/KDE/Akonadi/CollectionFetchJob", "size_i": "46", "regex": "false"},
	{"name_s": "/usr/include/kde4/KDE/Akonadi/CollectionFilterProxyModel", "size_i": "54", "regex": "false"},
	{"name_s": "/usr/include/kde4/KDE/Akonadi/CollectionModel", "size_i": "43", "regex": "false"},
	{"name_s": "/usr/include/kde4/KDE/Akonadi/CollectionModifyJob", "size_i": "47", "regex": "false"},
	{"name_s": "/usr/include/kde4/KDE/Akonadi/CollectionPropertiesDialog", "size_i": "54", "regex": "false"},
	{"name_s": "/usr/include/kde4/KDE/Akonadi/CollectionPropertiesPage", "size_i": "52", "regex": "false"},
	{"name_s": "/usr/include/kde4/KDE/Akonadi/CollectionRequester", "size_i": "47", "regex": "false"},
	{"name_s": "/usr/include/kde4/KDE/Akonadi/CollectionStatistics", "size_i": "48", "regex": "false"},
	{"name_s": "/usr/include/kde4/KDE/Akonadi/CollectionStatisticsDelegate", "size_i": "56", "regex": "false"},
	{"name_s": "/usr/include/kde4/KDE/Akonadi/CollectionStatisticsJob", "size_i": "51", "regex": "false"},
	{"name_s": "/usr/include/kde4/KDE/Akonadi/CollectionStatisticsModel", "size_i": "53", "regex": "false"},
	{"name_s": "/usr/include/kde4/KDE/Akonadi/CollectionView", "size_i": "42", "regex": "false"},
	{"name_s": "/usr/include/kde4/KDE/Akonadi/Control", "size_i": "35", "regex": "false"},
	{"name_s": "/usr/include/kde4/KDE/Akonadi/Entity", "size_i": "34", "regex": "false"},
	{"name_s": "/usr/include/kde4/KDE/Akonadi/EntityDisplayAttribute", "size_i": "50", "regex": "false"},
	{"name_s": "/usr/include/kde4/KDE/Akonadi/Exception", "size_i": "37", "regex": "false"},
	{"name_s": "/usr/include/kde4/KDE/Akonadi/Item", "size_i": "32", "regex": "false"},
	{"name_s": "/usr/include/kde4/KDE/Akonadi/ItemCopyJob", "size_i": "39", "regex": "false"},
	{"name_s": "/usr/include/kde4/KDE/Akonadi/ItemCreateJob", "size_i": "41", "regex": "false"},
	{"name_s": "/usr/include/kde4/KDE/Akonadi/ItemDeleteJob", "size_i": "41", "regex": "false"},
	{"name_s": "/usr/include/kde4/KDE/Akonadi/ItemFetchJob", "size_i": "40", "regex": "false"},
	{"name_s": "/usr/include/kde4/KDE/Akonadi/ItemFetchScope", "size_i": "42", "regex": "false"},
	{"name_s": "/usr/include/kde4/KDE/Akonadi/ItemModel", "size_i": "37", "regex": "false"},
	{"name_s": "/usr/include/kde4/KDE/Akonadi/ItemModifyJob", "size_i": "41", "regex": "false"},
	{"name_s": "/usr/include/kde4/KDE/Akonadi/ItemMonitor", "size_i": "39", "regex": "false"},
	{"name_s": "/usr/include/kde4/KDE/Akonadi/ItemMoveJob", "size_i": "39", "regex": "false"},
	{"name_s": "/usr/include/kde4/KDE/Akonadi/ItemSerializerPlugin", "size_i": "48", "regex": "false"},
	{"name_s": "/usr/include/kde4/KDE/Akonadi/ItemSync", "size_i": "36", "regex": "false"},
	{"name_s": "/usr/include/kde4/KDE/Akonadi/ItemView", "size_i": "36", "regex": "false"},
	{"name_s": "/usr/include/kde4/KDE/Akonadi/Job", "size_i": "31", "regex": "false"},
	{"name_s": "/usr/include/kde4/KDE/Akonadi/LinkJob", "size_i": "35", "regex": "false"},
	{"name_s": "/usr/include/kde4/KDE/Akonadi/Monitor", "size_i": "35", "regex": "false"},
	{"name_s": "/usr/include/kde4/KDE/Akonadi/ResourceBase", "size_i": "40", "regex": "false"},
	{"name_s": "/usr/include/kde4/KDE/Akonadi/SearchCreateJob", "size_i": "43", "regex": "false"},
	{"name_s": "/usr/include/kde4/KDE/Akonadi/ServerManager", "size_i": "41", "regex": "false"},
	{"name_s": "/usr/include/kde4/KDE/Akonadi/Session", "size_i": "35", "regex": "false"},
	{"name_s": "/usr/include/kde4/KDE/Akonadi/StandardActionManager", "size_i": "49", "regex": "false"},
	{"name_s": "/usr/include/kde4/KDE/Akonadi/TransactionJobs", "size_i": "43", "regex": "false"},
	{"name_s": "/usr/include/kde4/KDE/Akonadi/TransactionSequence", "size_i": "47", "regex": "false"},
	{"name_s": "/usr/include/kde4/KDE/Akonadi/UnlinkJob", "size_i": "37", "regex": "false"},
	{"name_s": "/usr/include/kde4/KDE/KABC", "size_i": "4096", "regex": "false"},
	{"name_s": "/usr/include/kde4/KDE/KABC/Address", "size_i": "32", "regex": "false"},
	{"name_s": "/usr/include/kde4/KDE/KABC/AddressBook", "size_i": "36", "regex": "false"},
	{"name_s": "/usr/include/kde4/KDE/KABC/AddressLineEdit", "size_i": "40", "regex": "false"},
	{"name_s": "/usr/include/kde4/KDE/KABC/Addressee", "size_i": "34", "regex": "false"},
	{"name_s": "/usr/include/kde4/KDE/KABC/AddresseeDialog", "size_i": "40", "regex": "false"},
	{"name_s": "/usr/include/kde4/KDE/KABC/AddresseeList", "size_i": "38", "regex": "false"},
	{"name_s": "/usr/include/kde4/KDE/KABC/ContactGroup", "size_i": "37", "regex": "false"},
	{"name_s": "/usr/include/kde4/KDE/KABC/ContactGroupTool", "size_i": "41", "regex": "false"},
	{"name_s": "/usr/include/kde4/KDE/KABC/DistributionList", "size_i": "41", "regex": "false"},
	{"name_s": "/usr/include/kde4/KDE/KABC/DistributionListDialog", "size_i": "47", "regex": "false"},
	{"name_s": "/usr/include/kde4/KDE/KABC/EmailSelectDialog", "size_i": "42", "regex": "false"},
	{"name_s": "/usr/include/kde4/KDE/KABC/ErrorHandler", "size_i": "37", "regex": "false"},
	{"name_s": "/usr/include/kde4/KDE/KABC/Field", "size_i": "30", "regex": "false"},
	{"name_s": "/usr/include/kde4/KDE/KABC/Format", "size_i": "31", "regex": "false"},
	{"name_s": "/usr/include/kde4/KDE/KABC/FormatFactory", "size_i": "38", "regex": "false"},
	{"name_s": "/usr/include/kde4/KDE/KABC/Geo", "size_i": "28", "regex": "false"},
	{"name_s": "/usr/include/kde4/KDE/KABC/Key", "size_i": "28", "regex": "false"},
	{"name_s": "/usr/include/kde4/KDE/KABC/LDIFConverter", "size_i": "38", "regex": "false"},
	{"name_s": "/usr/include/kde4/KDE/KABC/Lock", "size_i": "29", "regex": "false"},
	{"name_s": "/usr/include/kde4/KDE/KABC/LockNull", "size_i": "33", "regex": "false"},
	{"name_s": "/usr/include/kde4/KDE/KABC/PhoneNumber", "size_i": "36", "regex": "false"},
	{"name_s": "/usr/include/kde4/KDE/KABC/Picture", "size_i": "32", "regex": "false"},
	{"name_s": "/usr/include/kde4/KDE/KABC/Plugin", "size_i": "31", "regex": "false"},
	{"name_s": "/usr/include/kde4/KDE/KABC/Resource", "size_i": "33", "regex": "false"},
	{"name_s": "/usr/include/kde4/KDE/KABC/ResourceABC", "size_i": "36", "regex": "false"},
	{"name_s": "/usr/include/kde4/KDE/KABC/ResourceCached", "size_i": "39", "regex": "false"},
	{"name_s": "/usr/include/kde4/KDE/KABC/Secrecy", "size_i": "32", "regex": "false"},
	{"name_s": "/usr/include/kde4/KDE/KABC/SortMode", "size_i": "33", "regex": "false"},
	{"name_s": "/usr/include/kde4/KDE/KABC/Sound", "size_i": "30", "regex": "false"},
	{"name_s": "/usr/include/kde4/KDE/KABC/StdAddressBook", "size_i": "39", "regex": "false"},
	{"name_s": "/usr/include/kde4/KDE/KABC/TimeZone", "size_i": "33", "regex": "false"},
	{"name_s": "/usr/include/kde4/KDE/KABC/VCardConverter", "size_i": "39", "regex": "false"},
	{"name_s": "/usr/include/kde4/KDE/KABC/VCardFormat", "size_i": "36", "regex": "false"},
	{"name_s": "/usr/include/kde4/KDE/KBlog", "size_i": "4096", "regex": "false"},
	{"name_s": "/usr/include/kde4/KDE/KBlog/Blog", "size_i": "30", "regex": "false"},
	{"name_s": "/usr/include/kde4/KDE/KBlog/BlogComment", "size_i": "38", "regex": "false"},
	{"name_s": "/usr/include/kde4/KDE/KBlog/BlogMedia", "size_i": "35", "regex": "false"},
	{"name_s": "/usr/include/kde4/KDE/KBlog/BlogPost", "size_i": "35", "regex": "false"},
	{"name_s": "/usr/include/kde4/KDE/KBlog/Blogger1", "size_i": "35", "regex": "false"},
	{"name_s": "/usr/include/kde4/KDE/KBlog/GData", "size_i": "31", "regex": "false"},
	{"name_s": "/usr/include/kde4/KDE/KBlog/MetaWeblog", "size_i": "36", "regex": "false"},
	{"name_s": "/usr/include/kde4/KDE/KBlog/MovableType", "size_i": "38", "regex": "false"},
	{"name_s": "/usr/include/kde4/KDE/KBlog/WordpressBuggy", "size_i": "40", "regex": "false"},
	{"name_s": "/usr/include/kde4/KDE/KCal", "size_i": "4096", "regex": "false"},
	{"name_s": "/usr/include/kde4/KDE/KCal/Alarm", "size_i": "30", "regex": "false"},
	{"name_s": "/usr/include/kde4/KDE/KCal/AssignmentVisitor", "size_i": "42", "regex": "false"},
	{"name_s": "/usr/include/kde4/KDE/KCal/Attachment", "size_i": "35", "regex": "false"},
	{"name_s": "/usr/include/kde4/KDE/KCal/Attendee", "size_i": "33", "regex": "false"},
	{"name_s": "/usr/include/kde4/KDE/KCal/CalFilter", "size_i": "34", "regex": "false"},
	{"name_s": "/usr/include/kde4/KDE/KCal/CalFormat", "size_i": "34", "regex": "false"},
	{"name_s": "/usr/include/kde4/KDE/KCal/CalStorage", "size_i": "35", "regex": "false"},
	{"name_s": "/usr/include/kde4/KDE/KCal/Calendar", "size_i": "33", "regex": "false"},
	{"name_s": "/usr/include/kde4/KDE/KCal/CalendarLocal", "size_i": "38", "regex": "false"},
	{"name_s": "/usr/include/kde4/KDE/KCal/CalendarNull", "size_i": "37", "regex": "false"},
	{"name_s": "/usr/include/kde4/KDE/KCal/CalendarResources", "size_i": "42", "regex": "false"},
	{"name_s": "/usr/include/kde4/KDE/KCal/ConfirmSaveDialog", "size_i": "42", "regex": "false"},
	{"name_s": "/usr/include/kde4/KDE/KCal/CustomProperties", "size_i": "41", "regex": "false"},
	{"name_s": "/usr/include/kde4/KDE/KCal/DndFactory", "size_i": "35", "regex": "false"},
	{"name_s": "/usr/include/kde4/KDE/KCal/Duration", "size_i": "33", "regex": "false"},
	{"name_s": "/usr/include/kde4/KDE/KCal/Event", "size_i": "30", "regex": "false"},
	{"name_s": "/usr/include/kde4/KDE/KCal/Exceptions", "size_i": "35", "regex": "false"},
	{"name_s": "/usr/include/kde4/KDE/KCal/FileStorage", "size_i": "36", "regex": "false"},
	{"name_s": "/usr/include/kde4/KDE/KCal/FreeBusy", "size_i": "33", "regex": "false"},
	{"name_s": "/usr/include/kde4/KDE/KCal/FreeBusyCache", "size_i": "38", "regex": "false"},
	{"name_s": "/usr/include/kde4/KDE/KCal/FreeBusyPeriod", "size_i": "39", "regex": "false"},
	{"name_s": "/usr/include/kde4/KDE/KCal/FreeBusyUrlStore", "size_i": "41", "regex": "false"},
	{"name_s": "/usr/include/kde4/KDE/KCal/HtmlExport", "size_i": "35", "regex": "false"},
	{"name_s": "/usr/include/kde4/KDE/KCal/HtmlExportSettings", "size_i": "43", "regex": "false"},
	{"name_s": "/usr/include/kde4/KDE/KCal/ICalDrag", "size_i": "33", "regex": "false"},
	{"name_s": "/usr/include/kde4/KDE/KCal/ICalFormat", "size_i": "35", "regex": "false"},
	{"name_s": "/usr/include/kde4/KDE/KCal/ICalTimeZones", "size_i": "38", "regex": "false"},
	{"name_s": "/usr/include/kde4/KDE/KCal/IMIPScheduler", "size_i": "38", "regex": "false"},
	{"name_s": "/usr/include/kde4/KDE/KCal/Incidence", "size_i": "34", "regex": "false"},
	{"name_s": "/usr/include/kde4/KDE/KCal/IncidenceBase", "size_i": "38", "regex": "false"},
	{"name_s": "/usr/include/kde4/KDE/KCal/IncidenceFormatter", "size_i": "43", "regex": "false"},
	{"name_s": "/usr/include/kde4/KDE/KCal/Journal", "size_i": "32", "regex": "false"},
	{"name_s": "/usr/include/kde4/KDE/KCal/KCalVersion", "size_i": "36", "regex": "false"},
	{"name_s": "/usr/include/kde4/KDE/KCal/KResult", "size_i": "32", "regex": "false"},
	{"name_s": "/usr/include/kde4/KDE/KCal/ListBase", "size_i": "33", "regex": "false"},
	{"name_s": "/usr/include/kde4/KDE/KCal/Period", "size_i": "31", "regex": "false"},
	{"name_s": "/usr/include/kde4/KDE/KCal/Person", "size_i": "31", "regex": "false"},
	{"name_s": "/usr/include/kde4/KDE/KCal/QtopiaFormat", "size_i": "37", "regex": "false"},
	{"name_s": "/usr/include/kde4/KDE/KCal/Recurrence", "size_i": "35", "regex": "false"},
	{"name_s": "/usr/include/kde4/KDE/KCal/RecurrenceRule", "size_i": "39", "regex": "false"},
	{"name_s": "/usr/include/kde4/KDE/KCal/ResourceCached", "size_i": "39", "regex": "false"},
	{"name_s": "/usr/include/kde4/KDE/KCal/ResourceCachedConfig", "size_i": "45", "regex": "false"},
	{"name_s": "/usr/include/kde4/KDE/KCal/ResourceCalendar", "size_i": "41", "regex": "false"},
	{"name_s": "/usr/include/kde4/KDE/KCal/ResourceLocal", "size_i": "38", "regex": "false"},
	{"name_s": "/usr/include/kde4/KDE/KCal/ResourceLocalConfig", "size_i": "44", "regex": "false"},
	{"name_s": "/usr/include/kde4/KDE/KCal/ResourceLocalDir", "size_i": "41", "regex": "false"},
	{"name_s": "/usr/include/kde4/KDE/KCal/ResourceLocalDirConfig", "size_i": "47", "regex": "false"},
	{"name_s": "/usr/include/kde4/KDE/KCal/Scheduler", "size_i": "34", "regex": "false"},
	{"name_s": "/usr/include/kde4/KDE/KCal/SortableList", "size_i": "37", "regex": "false"},
	{"name_s": "/usr/include/kde4/KDE/KCal/Todo", "size_i": "29", "regex": "false"},
	{"name_s": "/usr/include/kde4/KDE/KCal/VCalDrag", "size_i": "33", "regex": "false"},
	{"name_s": "/usr/include/kde4/KDE/KCal/VCalFormat", "size_i": "35", "regex": "false"},
	{"name_s": "/usr/include/kde4/KDE/KHolidays", "size_i": "4096", "regex": "false"},
	{"name_s": "/usr/include/kde4/KDE/KHolidays/AstroSeasons", "size_i": "42", "regex": "false"},
	{"name_s": "/usr/include/kde4/KDE/KHolidays/Holidays", "size_i": "38", "regex": "false"},
	{"name_s": "/usr/include/kde4/KDE/KHolidays/LunarPhase", "size_i": "40", "regex": "false"},
	{"name_s": "/usr/include/kde4/KDE/KHolidays/Zodiac", "size_i": "36", "regex": "false"},
	{"name_s": "/usr/include/kde4/KDE/KLDAP", "size_i": "4096", "regex": "false"},
	{"name_s": "/usr/include/kde4/KDE/KLDAP/Ber", "size_i": "29", "regex": "false"},
	{"name_s": "/usr/include/kde4/KDE/KLDAP/LdapAttributeProxyModel", "size_i": "49", "regex": "false"},
	{"name_s": "/usr/include/kde4/KDE/KLDAP/LdapConfigWidget", "size_i": "42", "regex": "false"},
	{"name_s": "/usr/include/kde4/KDE/KLDAP/LdapConnection", "size_i": "40", "regex": "false"},
	{"name_s": "/usr/include/kde4/KDE/KLDAP/LdapControl", "size_i": "37", "regex": "false"},
	{"name_s": "/usr/include/kde4/KDE/KLDAP/LdapDN", "size_i": "32", "regex": "false"},
	{"name_s": "/usr/include/kde4/KDE/KLDAP/LdapDefs", "size_i": "34", "regex": "false"},
	{"name_s": "/usr/include/kde4/KDE/KLDAP/LdapModel", "size_i": "35", "regex": "false"},
	{"name_s": "/usr/include/kde4/KDE/KLDAP/LdapObject", "size_i": "36", "regex": "false"},
	{"name_s": "/usr/include/kde4/KDE/KLDAP/LdapOperation", "size_i": "39", "regex": "false"},
	{"name_s": "/usr/include/kde4/KDE/KLDAP/LdapSearch", "size_i": "36", "regex": "false"},
	{"name_s": "/usr/include/kde4/KDE/KLDAP/LdapServer", "size_i": "36", "regex": "false"},
	{"name_s": "/usr/include/kde4/KDE/KLDAP/LdapStructureProxyModel", "size_i": "49", "regex": "false"},
	{"name_s": "/usr/include/kde4/KDE/KLDAP/LdapUrl", "size_i": "33", "regex": "false"},
	{"name_s": "/usr/include/kde4/KDE/KLDAP/Ldif", "size_i": "30", "regex": "false"},
	{"name_s": "/usr/include/kde4/KDE/KPIMIdentities", "size_i": "4096", "regex": "false"},
	{"name_s": "/usr/include/kde4/KDE/KPIMIdentities/Identity", "size_i": "43", "regex": "false"},
	{"name_s": "/usr/include/kde4/KDE/KPIMIdentities/IdentityCombo", "size_i": "48", "regex": "false"},
	{"name_s": "/usr/include/kde4/KDE/KPIMIdentities/IdentityManager", "size_i": "50", "regex": "false"},
	{"name_s": "/usr/include/kde4/KDE/KPIMIdentities/Signature", "size_i": "44", "regex": "false"},
	{"name_s": "/usr/include/kde4/KDE/KPIMIdentities/SignatureConfigurator", "size_i": "56", "regex": "false"},
	{"name_s": "/usr/include/kde4/KDE/KPIMTextEdit", "size_i": "4096", "regex": "false"},
	{"name_s": "/usr/include/kde4/KDE/KPIMTextEdit/EMailQuoteHighlighter", "size_i": "54", "regex": "false"},
	{"name_s": "/usr/include/kde4/KDE/KPIMTextEdit/TextEdit", "size_i": "41", "regex": "false"},
	{"name_s": "/usr/include/kde4/KDE/KPIMUtils", "size_i": "4096", "regex": "false"},
	{"name_s": "/usr/include/kde4/KDE/KPIMUtils/Email", "size_i": "35", "regex": "false"},
	{"name_s": "/usr/include/kde4/KDE/KPIMUtils/KFileIO", "size_i": "37", "regex": "false"},
	{"name_s": "/usr/include/kde4/KDE/KPIMUtils/LinkLocator", "size_i": "41", "regex": "false"},
	{"name_s": "/usr/include/kde4/KDE/KPIMUtils/SpellingFilter", "size_i": "44", "regex": "false"},
	{"name_s": "/usr/include/kde4/KDE/KPIMUtils/SuperTrait", "size_i": "40", "regex": "false"},
	{"name_s": "/usr/include/kde4/KDE/KResources", "size_i": "4096", "regex": "false"},
	{"name_s": "/usr/include/kde4/KDE/KResources/ConfigDialog", "size_i": "45", "regex": "false"},
	{"name_s": "/usr/include/kde4/KDE/KResources/ConfigPage", "size_i": "41", "regex": "false"},
	{"name_s": "/usr/include/kde4/KDE/KResources/ConfigWidget", "size_i": "43", "regex": "false"},
	{"name_s": "/usr/include/kde4/KDE/KResources/Factory", "size_i": "38", "regex": "false"},
	{"name_s": "/usr/include/kde4/KDE/KResources/IdMapper", "size_i": "39", "regex": "false"},
	{"name_s": "/usr/include/kde4/KDE/KResources/Manager", "size_i": "38", "regex": "false"},
	{"name_s": "/usr/include/kde4/KDE/KResources/ManagerImpl", "size_i": "42", "regex": "false"},
	{"name_s": "/usr/include/kde4/KDE/KResources/Resource", "size_i": "39", "regex": "false"},
	{"name_s": "/usr/include/kde4/KDE/KResources/SelectDialog", "size_i": "43", "regex": "false"},
	{"name_s": "/usr/include/kde4/KDE/Syndication", "size_i": "4096", "regex": "false"},
	{"name_s": "/usr/include/kde4/KDE/Syndication/AbstractParser", "size_i": "46", "regex": "false"},
	{"name_s": "/usr/include/kde4/KDE/Syndication/Category", "size_i": "40", "regex": "false"},
	{"name_s": "/usr/include/kde4/KDE/Syndication/Constants", "size_i": "41", "regex": "false"},
	{"name_s": "/usr/include/kde4/KDE/Syndication/DataRetriever", "size_i": "45", "regex": "false"},
	{"name_s": "/usr/include/kde4/KDE/Syndication/DocumentSource", "size_i": "46", "regex": "false"},
	{"name_s": "/usr/include/kde4/KDE/Syndication/DocumentVisitor", "size_i": "47", "regex": "false"},
	{"name_s": "/usr/include/kde4/KDE/Syndication/ElementWrapper", "size_i": "46", "regex": "false"},
	{"name_s": "/usr/include/kde4/KDE/Syndication/Enclosure", "size_i": "41", "regex": "false"},
	{"name_s": "/usr/include/kde4/KDE/Syndication/Feed", "size_i": "36", "regex": "false"},
	{"name_s": "/usr/include/kde4/KDE/Syndication/Global", "size_i": "38", "regex": "false"},
	{"name_s": "/usr/include/kde4/KDE/Syndication/Image", "size_i": "37", "regex": "false"},
	{"name_s": "/usr/include/kde4/KDE/Syndication/Item", "size_i": "36", "regex": "false"},
	{"name_s": "/usr/include/kde4/KDE/Syndication/Loader", "size_i": "38", "regex": "false"},
	{"name_s": "/usr/include/kde4/KDE/Syndication/Mapper", "size_i": "38", "regex": "false"},
	{"name_s": "/usr/include/kde4/KDE/Syndication/ParserCollection", "size_i": "48", "regex": "false"},
	{"name_s": "/usr/include/kde4/KDE/Syndication/Person", "size_i": "38", "regex": "false"},
	{"name_s": "/usr/include/kde4/KDE/Syndication/SpecificDocument", "size_i": "48", "regex": "false"},
	{"name_s": "/usr/include/kde4/KDE/Syndication/SpecificItem", "size_i": "44", "regex": "false"},
	{"name_s": "/usr/include/kde4/KDE/Syndication/SpecificItemVisitor", "size_i": "51", "regex": "false"},
	{"name_s": "/usr/include/kde4/KDE/Syndication/Syndication", "size_i": "43", "regex": "false"},
	{"name_s": "/usr/include/kde4/KDE/Syndication/Tools", "size_i": "37", "regex": "false"},
	{"name_s": "/usr/include/kde4/akonadi", "size_i": "4096", "regex": "false"},
	{"name_s": "/usr/include/kde4/akonadi/agentbase.h", "size_i": "14757", "regex": "false"},
	{"name_s": "/usr/include/kde4/akonadi/agentfilterproxymodel.h", "size_i": "2638", "regex": "false"},
	{"name_s": "/usr/include/kde4/akonadi/agentinstance.h", "size_i": "4653", "regex": "false"},
	{"name_s": "/usr/include/kde4/akonadi/agentinstancecreatejob.h", "size_i": "3239", "regex": "false"},
	{"name_s": "/usr/include/kde4/akonadi/agentinstancemodel.h", "size_i": "4119", "regex": "false"},
	{"name_s": "/usr/include/kde4/akonadi/agentinstancewidget.h", "size_i": "3469", "regex": "false"},
	{"name_s": "/usr/include/kde4/akonadi/agentmanager.h", "size_i": "6509", "regex": "false"},
	{"name_s": "/usr/include/kde4/akonadi/agenttype.h", "size_i": "3252", "regex": "false"},
	{"name_s": "/usr/include/kde4/akonadi/agenttypedialog.h", "size_i": "2427", "regex": "false"},
	{"name_s": "/usr/include/kde4/akonadi/agenttypemodel.h", "size_i": "3162", "regex": "false"},
	{"name_s": "/usr/include/kde4/akonadi/agenttypewidget.h", "size_i": "2979", "regex": "false"},
	{"name_s": "/usr/include/kde4/akonadi/akonadi_export.h", "size_i": "1235", "regex": "false"},
	{"name_s": "/usr/include/kde4/akonadi/attribute.h", "size_i": "4603", "regex": "false"},
	{"name_s": "/usr/include/kde4/akonadi/attributefactory.h", "size_i": "2424", "regex": "false"},
	{"name_s": "/usr/include/kde4/akonadi/cachepolicy.h", "size_i": "4361", "regex": "false"},
	{"name_s": "/usr/include/kde4/akonadi/changerecorder.h", "size_i": "2942", "regex": "false"},
	{"name_s": "/usr/include/kde4/akonadi/collection.h", "size_i": "6418", "regex": "false"},
	{"name_s": "/usr/include/kde4/akonadi/collectioncopyjob.h", "size_i": "2142", "regex": "false"},
	{"name_s": "/usr/include/kde4/akonadi/collectioncreatejob.h", "size_i": "2761", "regex": "false"},
	{"name_s": "/usr/include/kde4/akonadi/collectiondeletejob.h", "size_i": "2280", "regex": "false"},
	{"name_s": "/usr/include/kde4/akonadi/collectiondialog.h", "size_i": "3107", "regex": "false"},
	{"name_s": "/usr/include/kde4/akonadi/collectionfetchjob.h", "size_i": "4455", "regex": "false"},
	{"name_s": "/usr/include/kde4/akonadi/collectionfilterproxymodel.h", "size_i": "2990", "regex": "false"},
	{"name_s": "/usr/include/kde4/akonadi/collectionmodel.h", "size_i": "5090", "regex": "false"},
	{"name_s": "/usr/include/kde4/akonadi/collectionmodifyjob.h", "size_i": "2378", "regex": "false"},
	{"name_s": "/usr/include/kde4/akonadi/collectionpropertiesdialog.h", "size_i": "2671", "regex": "false"},
	{"name_s": "/usr/include/kde4/akonadi/collectionpropertiespage.h", "size_i": "6361", "regex": "false"},
	{"name_s": "/usr/include/kde4/akonadi/collectionrequester.h", "size_i": "3261", "regex": "false"},
	{"name_s": "/usr/include/kde4/akonadi/collectionstatistics.h", "size_i": "3949", "regex": "false"},
	{"name_s": "/usr/include/kde4/akonadi/collectionstatisticsdelegate.h", "size_i": "3458", "regex": "false"},
	{"name_s": "/usr/include/kde4/akonadi/collectionstatisticsjob.h", "size_i": "2595", "regex": "false"},
	{"name_s": "/usr/include/kde4/akonadi/collectionstatisticsmodel.h", "size_i": "3284", "regex": "false"},
	{"name_s": "/usr/include/kde4/akonadi/collectionview.h", "size_i": "4591", "regex": "false"},
	{"name_s": "/usr/include/kde4/akonadi/control.h", "size_i": "3875", "regex": "false"},
	{"name_s": "/usr/include/kde4/akonadi/entity.h", "size_i": "5927", "regex": "false"},
	{"name_s": "/usr/include/kde4/akonadi/entitydisplayattribute.h", "size_i": "2493", "regex": "false"},
	{"name_s": "/usr/include/kde4/akonadi/exception.h", "size_i": "2530", "regex": "false"},
	{"name_s": "/usr/include/kde4/akonadi/item.h", "size_i": "12720", "regex": "false"},
	{"name_s": "/usr/include/kde4/akonadi/itemcopyjob.h", "size_i": "2347", "regex": "false"},
	{"name_s": "/usr/include/kde4/akonadi/itemcreatejob.h", "size_i": "2636", "regex": "false"},
	{"name_s": "/usr/include/kde4/akonadi/itemdeletejob.h", "size_i": "3430", "regex": "false"},
	{"name_s": "/usr/include/kde4/akonadi/itemfetchjob.h", "size_i": "4804", "regex": "false"},
	{"name_s": "/usr/include/kde4/akonadi/itemfetchscope.h", "size_i": "5643", "regex": "false"},
	{"name_s": "/usr/include/kde4/akonadi/itemmodel.h", "size_i": "5750", "regex": "false"},
	{"name_s": "/usr/include/kde4/akonadi/itemmodifyjob.h", "size_i": "3365", "regex": "false"},
	{"name_s": "/usr/include/kde4/akonadi/itemmonitor.h", "size_i": "3874", "regex": "false"},
	{"name_s": "/usr/include/kde4/akonadi/itemmovejob.h", "size_i": "2296", "regex": "false"},
	{"name_s": "/usr/include/kde4/akonadi/itempayloadinternals_p.h", "size_i": "7021", "regex": "false"},
	{"name_s": "/usr/include/kde4/akonadi/itemserializerplugin.h", "size_i": "6379", "regex": "false"},
	{"name_s": "/usr/include/kde4/akonadi/itemsync.h", "size_i": "5579", "regex": "false"},
	{"name_s": "/usr/include/kde4/akonadi/itemview.h", "size_i": "4748", "regex": "false"},
	{"name_s": "/usr/include/kde4/akonadi/job.h", "size_i": "7050", "regex": "false"},
	{"name_s": "/usr/include/kde4/akonadi/kabc", "size_i": "4096", "regex": "false"},
	{"name_s": "/usr/include/kde4/akonadi/kabc/akonadi-kabc_export.h", "size_i": "1261", "regex": "false"},
	{"name_s": "/usr/include/kde4/akonadi/kabc/contactparts.h", "size_i": "1687", "regex": "false"},
	{"name_s": "/usr/include/kde4/akonadi/kmime", "size_i": "4096", "regex": "false"},
	{"name_s": "/usr/include/kde4/akonadi/kmime/akonadi-kmime_export.h", "size_i": "1267", "regex": "false"},
	{"name_s": "/usr/include/kde4/akonadi/kmime/messagemodel.h", "size_i": "2395", "regex": "false"},
	{"name_s": "/usr/include/kde4/akonadi/kmime/messageparts.h", "size_i": "1594", "regex": "false"},
	{"name_s": "/usr/include/kde4/akonadi/kmime/messagethreaderproxymodel.h", "size_i": "3034", "regex": "false"},
	{"name_s": "/usr/include/kde4/akonadi/kmime/messagethreadingattribute.h", "size_i": "2527", "regex": "false"},
	{"name_s": "/usr/include/kde4/akonadi/linkjob.h", "size_i": "2301", "regex": "false"},
	{"name_s": "/usr/include/kde4/akonadi/mimetypechecker.h", "size_i": "7552", "regex": "false"},
	{"name_s": "/usr/include/kde4/akonadi/monitor.h", "size_i": "11093", "regex": "false"},
	{"name_s": "/usr/include/kde4/akonadi/private", "size_i": "4096", "regex": "false"},
	{"name_s": "/usr/include/kde4/akonadi/private/collectionpathresolver_p.h", "size_i": "2678", "regex": "false"},
	{"name_s": "/usr/include/kde4/akonadi/qtest_akonadi.h", "size_i": "2377", "regex": "false"},
	{"name_s": "/usr/include/kde4/akonadi/resourcebase.h", "size_i": "17614", "regex": "false"},
	{"name_s": "/usr/include/kde4/akonadi/searchcreatejob.h", "size_i": "2208", "regex": "false"},
	{"name_s": "/usr/include/kde4/akonadi/servermanager.h", "size_i": "3112", "regex": "false"},
	{"name_s": "/usr/include/kde4/akonadi/session.h", "size_i": "3195", "regex": "false"},
	{"name_s": "/usr/include/kde4/akonadi/standardactionmanager.h", "size_i": "7584", "regex": "false"},
	{"name_s": "/usr/include/kde4/akonadi/transactionjobs.h", "size_i": "3612", "regex": "false"},
	{"name_s": "/usr/include/kde4/akonadi/transactionsequence.h", "size_i": "2693", "regex": "false"},
	{"name_s": "/usr/include/kde4/akonadi/unlinkjob.h", "size_i": "2326", "regex": "false"},
	{"name_s": "/usr/include/kde4/gpgme++", "size_i": "4096", "regex": "false"},
	{"name_s": "/usr/include/kde4/gpgme++/context.h", "size_i": "9366", "regex": "false"},
	{"name_s": "/usr/include/kde4/gpgme++/data.h", "size_i": "2623", "regex": "false"},
	{"name_s": "/usr/include/kde4/gpgme++/decryptionresult.h", "size_i": "3199", "regex": "false"},
	{"name_s": "/usr/include/kde4/gpgme++/editinteractor.h", "size_i": "1984", "regex": "false"},
	{"name_s": "/usr/include/kde4/gpgme++/encryptionresult.h", "size_i": "2945", "regex": "false"},
	{"name_s": "/usr/include/kde4/gpgme++/engineinfo.h", "size_i": "1690", "regex": "false"},
	{"name_s": "/usr/include/kde4/gpgme++/error.h", "size_i": "1848", "regex": "false"},
	{"name_s": "/usr/include/kde4/gpgme++/eventloopinteractor.h", "size_i": "5559", "regex": "false"},
	{"name_s": "/usr/include/kde4/gpgme++/exception.h", "size_i": "1732", "regex": "false"},
	{"name_s": "/usr/include/kde4/gpgme++/global.h", "size_i": "4787", "regex": "false"},
	{"name_s": "/usr/include/kde4/gpgme++/gpgadduserideditinteractor.h", "size_i": "1968", "regex": "false"},
	{"name_s": "/usr/include/kde4/gpgme++/gpgme++_export.h", "size_i": "1700", "regex": "false"},
	{"name_s": "/usr/include/kde4/gpgme++/gpgmefw.h", "size_i": "1835", "regex": "false"},
	{"name_s": "/usr/include/kde4/gpgme++/gpgsetexpirytimeeditinteractor.h", "size_i": "1658", "regex": "false"},
	{"name_s": "/usr/include/kde4/gpgme++/gpgsetownertrusteditinteractor.h", "size_i": "1681", "regex": "false"},
	{"name_s": "/usr/include/kde4/gpgme++/gpgsignkeyeditinteractor.h", "size_i": "1938", "regex": "false"},
	{"name_s": "/usr/include/kde4/gpgme++/importresult.h", "size_i": "3158", "regex": "false"},
	{"name_s": "/usr/include/kde4/gpgme++/interfaces", "size_i": "4096", "regex": "false"},
	{"name_s": "/usr/include/kde4/gpgme++/interfaces/dataprovider.h", "size_i": "1559", "regex": "false"},
	{"name_s": "/usr/include/kde4/gpgme++/interfaces/passphraseprovider.h", "size_i": "1326", "regex": "false"},
	{"name_s": "/usr/include/kde4/gpgme++/interfaces/progressprovider.h", "size_i": "1270", "regex": "false"},
	{"name_s": "/usr/include/kde4/gpgme++/key.h", "size_i": "7724", "regex": "false"},
	{"name_s": "/usr/include/kde4/gpgme++/keygenerationresult.h", "size_i": "2171", "regex": "false"},
	{"name_s": "/usr/include/kde4/gpgme++/keylistresult.h", "size_i": "2105", "regex": "false"},
	{"name_s": "/usr/include/kde4/gpgme++/notation.h", "size_i": "2155", "regex": "false"},
	{"name_s": "/usr/include/kde4/gpgme++/result.h", "size_i": "1444", "regex": "false"},
	{"name_s": "/usr/include/kde4/gpgme++/signingresult.h", "size_i": "4078", "regex": "false"},
	{"name_s": "/usr/include/kde4/gpgme++/trustitem.h", "size_i": "1960", "regex": "false"},
	{"name_s": "/usr/include/kde4/gpgme++/verificationresult.h", "size_i": "4547", "regex": "false"},
	{"name_s": "/usr/include/kde4/kabc", "size_i": "4096", "regex": "false"},
	{"name_s": "/usr/include/kde4/kabc/address.h", "size_i": "8109", "regex": "false"},
	{"name_s": "/usr/include/kde4/kabc/addressbook.h", "size_i": "21324", "regex": "false"},
	{"name_s": "/usr/include/kde4/kabc/addressee.h", "size_i": "22585", "regex": "false"},
	{"name_s": "/usr/include/kde4/kabc/addresseedialog.h", "size_i": "4220", "regex": "false"},
	{"name_s": "/usr/include/kde4/kabc/addresseelist.h", "size_i": "11413", "regex": "false"},
	{"name_s": "/usr/include/kde4/kabc/addresslineedit.h", "size_i": "4791", "regex": "false"},
	{"name_s": "/usr/include/kde4/kabc/contactgroup.h", "size_i": "11622", "regex": "false"},
	{"name_s": "/usr/include/kde4/kabc/contactgrouptool.h", "size_i": "2567", "regex": "false"},
	{"name_s": "/usr/include/kde4/kabc/distributionlist.h", "size_i": "5557", "regex": "false"},
	{"name_s": "/usr/include/kde4/kabc/distributionlistdialog.h", "size_i": "4430", "regex": "false"},
	{"name_s": "/usr/include/kde4/kabc/emailselectdialog.h", "size_i": "1421", "regex": "false"},
	{"name_s": "/usr/include/kde4/kabc/errorhandler.h", "size_i": "2767", "regex": "false"},
	{"name_s": "/usr/include/kde4/kabc/field.h", "size_i": "6702", "regex": "false"},
	{"name_s": "/usr/include/kde4/kabc/format.h", "size_i": "1887", "regex": "false"},
	{"name_s": "/usr/include/kde4/kabc/formatfactory.h", "size_i": "3242", "regex": "false"},
	{"name_s": "/usr/include/kde4/kabc/geo.h", "size_i": "3208", "regex": "false"},
	{"name_s": "/usr/include/kde4/kabc/kabc_export.h", "size_i": "2694", "regex": "false"},
	{"name_s": "/usr/include/kde4/kabc/key.h", "size_i": "3864", "regex": "false"},
	{"name_s": "/usr/include/kde4/kabc/ldifconverter.h", "size_i": "2790", "regex": "false"},
	{"name_s": "/usr/include/kde4/kabc/lock.h", "size_i": "3126", "regex": "false"},
	{"name_s": "/usr/include/kde4/kabc/locknull.h", "size_i": "1599", "regex": "false"},
	{"name_s": "/usr/include/kde4/kabc/phonenumber.h", "size_i": "5573", "regex": "false"},
	{"name_s": "/usr/include/kde4/kabc/picture.h", "size_i": "4248", "regex": "false"},
	{"name_s": "/usr/include/kde4/kabc/plugin.h", "size_i": "2172", "regex": "false"},
	{"name_s": "/usr/include/kde4/kabc/resource.h", "size_i": "15676", "regex": "false"},
	{"name_s": "/usr/include/kde4/kabc/resourceabc.h", "size_i": "3571", "regex": "false"},
	{"name_s": "/usr/include/kde4/kabc/resourcecached.h", "size_i": "4991", "regex": "false"},
	{"name_s": "/usr/include/kde4/kabc/secrecy.h", "size_i": "3009", "regex": "false"},
	{"name_s": "/usr/include/kde4/kabc/sortmode.h", "size_i": "3638", "regex": "false"},
	{"name_s": "/usr/include/kde4/kabc/sound.h", "size_i": "4854", "regex": "false"},
	{"name_s": "/usr/include/kde4/kabc/stdaddressbook.h", "size_i": "4187", "regex": "false"},
	{"name_s": "/usr/include/kde4/kabc/timezone.h", "size_i": "2639", "regex": "false"},
	{"name_s": "/usr/include/kde4/kabc/vcard.h", "size_i": "2151", "regex": "false"},
	{"name_s": "/usr/include/kde4/kabc/vcardconverter.h", "size_i": "3954", "regex": "false"},
	{"name_s": "/usr/include/kde4/kabc/vcardformat.h", "size_i": "1606", "regex": "false"},
	{"name_s": "/usr/include/kde4/kabc/vcardline.h", "size_i": "3151", "regex": "false"},
	{"name_s": "/usr/include/kde4/kabc/vcardparser.h", "size_i": "1265", "regex": "false"},
	{"name_s": "/usr/include/kde4/kblog", "size_i": "4096", "regex": "false"},
	{"name_s": "/usr/include/kde4/kblog/blog.h", "size_i": "11233", "regex": "false"},
	{"name_s": "/usr/include/kde4/kblog/blogcomment.h", "size_i": "5846", "regex": "false"},
	{"name_s": "/usr/include/kde4/kblog/blogger1.h", "size_i": "6439", "regex": "false"},
	{"name_s": "/usr/include/kde4/kblog/blogmedia.h", "size_i": "4696", "regex": "false"},
	{"name_s": "/usr/include/kde4/kblog/blogpost.h", "size_i": "9443", "regex": "false"},
	{"name_s": "/usr/include/kde4/kblog/gdata.h", "size_i": "11060", "regex": "false"},
	{"name_s": "/usr/include/kde4/kblog/kblog_export.h", "size_i": "1168", "regex": "false"},
	{"name_s": "/usr/include/kde4/kblog/metaweblog.h", "size_i": "4134", "regex": "false"},
	{"name_s": "/usr/include/kde4/kblog/movabletype.h", "size_i": "3856", "regex": "false"},
	{"name_s": "/usr/include/kde4/kblog/wordpressbuggy.h", "size_i": "3763", "regex": "false"},
	{"name_s": "/usr/include/kde4/kcal", "size_i": "4096", "regex": "false"},
	{"name_s": "/usr/include/kde4/kcal/alarm.h", "size_i": "18135", "regex": "false"},
	{"name_s": "/usr/include/kde4/kcal/assignmentvisitor.h", "size_i": "3650", "regex": "false"},
	{"name_s": "/usr/include/kde4/kcal/attachment.h", "size_i": "6360", "regex": "false"},
	{"name_s": "/usr/include/kde4/kcal/attendee.h", "size_i": "7286", "regex": "false"},
	{"name_s": "/usr/include/kde4/kcal/calendar.h", "size_i": "33989", "regex": "false"},
	{"name_s": "/usr/include/kde4/kcal/calendarlocal.h", "size_i": "7769", "regex": "false"},
	{"name_s": "/usr/include/kde4/kcal/calendarnull.h", "size_i": "6757", "regex": "false"},
	{"name_s": "/usr/include/kde4/kcal/calendarresources.h", "size_i": "21402", "regex": "false"},
	{"name_s": "/usr/include/kde4/kcal/calfilter.h", "size_i": "6321", "regex": "false"},
	{"name_s": "/usr/include/kde4/kcal/calformat.h", "size_i": "5253", "regex": "false"},
	{"name_s": "/usr/include/kde4/kcal/calstorage.h", "size_i": "2477", "regex": "false"},
	{"name_s": "/usr/include/kde4/kcal/comparisonvisitor.h", "size_i": "3820", "regex": "false"},
	{"name_s": "/usr/include/kde4/kcal/confirmsavedialog.h", "size_i": "1412", "regex": "false"},
	{"name_s": "/usr/include/kde4/kcal/customproperties.h", "size_i": "5394", "regex": "false"},
	{"name_s": "/usr/include/kde4/kcal/dndfactory.h", "size_i": "3494", "regex": "false"},
	{"name_s": "/usr/include/kde4/kcal/duration.h", "size_i": "8395", "regex": "false"},
	{"name_s": "/usr/include/kde4/kcal/event.h", "size_i": "6166", "regex": "false"},
	{"name_s": "/usr/include/kde4/kcal/exceptions.h", "size_i": "3514", "regex": "false"},
	{"name_s": "/usr/include/kde4/kcal/filestorage.h", "size_i": "3344", "regex": "false"},
	{"name_s": "/usr/include/kde4/kcal/freebusy.h", "size_i": "5969", "regex": "false"},
	{"name_s": "/usr/include/kde4/kcal/freebusycache.h", "size_i": "1960", "regex": "false"},
	{"name_s": "/usr/include/kde4/kcal/freebusyperiod.h", "size_i": "2916", "regex": "false"},
	{"name_s": "/usr/include/kde4/kcal/freebusyurlstore.h", "size_i": "1577", "regex": "false"},
	{"name_s": "/usr/include/kde4/kcal/htmlexport.h", "size_i": "2794", "regex": "false"},
	{"name_s": "/usr/include/kde4/kcal/htmlexportsettings.h", "size_i": "15036", "regex": "false"},
	{"name_s": "/usr/include/kde4/kcal/icaldrag.h", "size_i": "1631", "regex": "false"},
	{"name_s": "/usr/include/kde4/kcal/icalformat.h", "size_i": "5730", "regex": "false"},
	{"name_s": "/usr/include/kde4/kcal/icaltimezones.h", "size_i": "16977", "regex": "false"},
	{"name_s": "/usr/include/kde4/kcal/imipscheduler.h", "size_i": "1647", "regex": "false"},
	{"name_s": "/usr/include/kde4/kcal/incidence.h", "size_i": "24462", "regex": "false"},
	{"name_s": "/usr/include/kde4/kcal/incidencebase.h", "size_i": "16930", "regex": "false"},
	{"name_s": "/usr/include/kde4/kcal/incidenceformatter.h", "size_i": "7822", "regex": "false"},
	{"name_s": "/usr/include/kde4/kcal/journal.h", "size_i": "2614", "regex": "false"},
	{"name_s": "/usr/include/kde4/kcal/kcal_export.h", "size_i": "1562", "regex": "false"},
	{"name_s": "/usr/include/kde4/kcal/kcalversion.h", "size_i": "1125", "regex": "false"},
	{"name_s": "/usr/include/kde4/kcal/kresult.h", "size_i": "8885", "regex": "false"},
	{"name_s": "/usr/include/kde4/kcal/listbase.h", "size_i": "3852", "regex": "false"},
	{"name_s": "/usr/include/kde4/kcal/period.h", "size_i": "5662", "regex": "false"},
	{"name_s": "/usr/include/kde4/kcal/person.h", "size_i": "3665", "regex": "false"},
	{"name_s": "/usr/include/kde4/kcal/qtopiaformat.h", "size_i": "1653", "regex": "false"},
	{"name_s": "/usr/include/kde4/kcal/recurrence.h", "size_i": "26078", "regex": "false"},
	{"name_s": "/usr/include/kde4/kcal/recurrencerule.h", "size_i": "11887", "regex": "false"},
	{"name_s": "/usr/include/kde4/kcal/resourcecached.h", "size_i": "15202", "regex": "false"},
	{"name_s": "/usr/include/kde4/kcal/resourcecachedconfig.h", "size_i": "2188", "regex": "false"},
	{"name_s": "/usr/include/kde4/kcal/resourcecalendar.h", "size_i": "17590", "regex": "false"},
	{"name_s": "/usr/include/kde4/kcal/resourcelocal.h", "size_i": "4512", "regex": "false"},
	{"name_s": "/usr/include/kde4/kcal/resourcelocalconfig.h", "size_i": "1697", "regex": "false"},
	{"name_s": "/usr/include/kde4/kcal/resourcelocaldir.h", "size_i": "2698", "regex": "false"},
	{"name_s": "/usr/include/kde4/kcal/resourcelocaldirconfig.h", "size_i": "1669", "regex": "false"},
	{"name_s": "/usr/include/kde4/kcal/scheduler.h", "size_i": "6886", "regex": "false"},
	{"name_s": "/usr/include/kde4/kcal/sortablelist.h", "size_i": "9085", "regex": "false"},
	{"name_s": "/usr/include/kde4/kcal/todo.h", "size_i": "11717", "regex": "false"},
	{"name_s": "/usr/include/kde4/kcal/vcaldrag.h", "size_i": "1690", "regex": "false"},
	{"name_s": "/usr/include/kde4/kcal/vcalformat.h", "size_i": "4367", "regex": "false"},
	{"name_s": "/usr/include/kde4/kholidays", "size_i": "4096", "regex": "false"},
	{"name_s": "/usr/include/kde4/kholidays/astroseasons.h", "size_i": "2618", "regex": "false"},
	{"name_s": "/usr/include/kde4/kholidays/holidays.h", "size_i": "3626", "regex": "false"},
	{"name_s": "/usr/include/kde4/kholidays/kholidays_export.h", "size_i": "1342", "regex": "false"},
	{"name_s": "/usr/include/kde4/kholidays/lunarphase.h", "size_i": "3274", "regex": "false"},
	{"name_s": "/usr/include/kde4/kholidays/zodiac.h", "size_i": "3812", "regex": "false"},
	{"name_s": "/usr/include/kde4/kimap", "size_i": "4096", "regex": "false"},
	{"name_s": "/usr/include/kde4/kimap/acl.h", "size_i": "1884", "regex": "false"},
	{"name_s": "/usr/include/kde4/kimap/acljobbase.h", "size_i": "1594", "regex": "false"},
	{"name_s": "/usr/include/kde4/kimap/appendjob.h", "size_i": "1592", "regex": "false"},
	{"name_s": "/usr/include/kde4/kimap/capabilitiesjob.h", "size_i": "1480", "regex": "false"},
	{"name_s": "/usr/include/kde4/kimap/closejob.h", "size_i": "1264", "regex": "false"},
	{"name_s": "/usr/include/kde4/kimap/copyjob.h", "size_i": "1436", "regex": "false"},
	{"name_s": "/usr/include/kde4/kimap/createjob.h", "size_i": "1348", "regex": "false"},
	{"name_s": "/usr/include/kde4/kimap/deleteacljob.h", "size_i": "1394", "regex": "false"},
	{"name_s": "/usr/include/kde4/kimap/deletejob.h", "size_i": "1332", "regex": "false"},
	{"name_s": "/usr/include/kde4/kimap/expungejob.h", "size_i": "1336", "regex": "false"},
	{"name_s": "/usr/include/kde4/kimap/fetchjob.h", "size_i": "3021", "regex": "false"},
	{"name_s": "/usr/include/kde4/kimap/getacljob.h", "size_i": "1583", "regex": "false"},
	{"name_s": "/usr/include/kde4/kimap/getmetadatajob.h", "size_i": "2788", "regex": "false"},
	{"name_s": "/usr/include/kde4/kimap/getquotajob.h", "size_i": "1407", "regex": "false"},
	{"name_s": "/usr/include/kde4/kimap/getquotarootjob.h", "size_i": "1768", "regex": "false"},
	{"name_s": "/usr/include/kde4/kimap/imapset.h", "size_i": "4981", "regex": "false"},
	{"name_s": "/usr/include/kde4/kimap/job.h", "size_i": "1591", "regex": "false"},
	{"name_s": "/usr/include/kde4/kimap/kimap_export.h", "size_i": "1142", "regex": "false"},
	{"name_s": "/usr/include/kde4/kimap/listjob.h", "size_i": "2104", "regex": "false"},
	{"name_s": "/usr/include/kde4/kimap/listrightsjob.h", "size_i": "1532", "regex": "false"},
	{"name_s": "/usr/include/kde4/kimap/loginjob.h", "size_i": "2521", "regex": "false"},
	{"name_s": "/usr/include/kde4/kimap/logoutjob.h", "size_i": "1287", "regex": "false"},
	{"name_s": "/usr/include/kde4/kimap/metadatajobbase.h", "size_i": "2174", "regex": "false"},
	{"name_s": "/usr/include/kde4/kimap/myrightsjob.h", "size_i": "1430", "regex": "false"},
	{"name_s": "/usr/include/kde4/kimap/quotajobbase.h", "size_i": "1538", "regex": "false"},
	{"name_s": "/usr/include/kde4/kimap/renamejob.h", "size_i": "1682", "regex": "false"},
	{"name_s": "/usr/include/kde4/kimap/rfccodecs.h", "size_i": "4396", "regex": "false"},
	{"name_s": "/usr/include/kde4/kimap/searchjob.h", "size_i": "4008", "regex": "false"},
	{"name_s": "/usr/include/kde4/kimap/selectjob.h", "size_i": "1721", "regex": "false"},
	{"name_s": "/usr/include/kde4/kimap/session.h", "size_i": "2149", "regex": "false"},
	{"name_s": "/usr/include/kde4/kimap/sessionuiproxy.h", "size_i": "2012", "regex": "false"},
	{"name_s": "/usr/include/kde4/kimap/setacljob.h", "size_i": "1435", "regex": "false"},
	{"name_s": "/usr/include/kde4/kimap/setmetadatajob.h", "size_i": "2749", "regex": "false"},
	{"name_s": "/usr/include/kde4/kimap/setquotajob.h", "size_i": "1651", "regex": "false"},
	{"name_s": "/usr/include/kde4/kimap/storejob.h", "size_i": "1816", "regex": "false"},
	{"name_s": "/usr/include/kde4/kimap/subscribejob.h", "size_i": "1353", "regex": "false"},
	{"name_s": "/usr/include/kde4/kimap/unsubscribejob.h", "size_i": "1367", "regex": "false"},
	{"name_s": "/usr/include/kde4/kldap", "size_i": "4096", "regex": "false"},
	{"name_s": "/usr/include/kde4/kldap/ber.h", "size_i": "4093", "regex": "false"},
	{"name_s": "/usr/include/kde4/kldap/kldap_export.h", "size_i": "1159", "regex": "false"},
	{"name_s": "/usr/include/kde4/kldap/ldapattributeproxymodel.h", "size_i": "3915", "regex": "false"},
	{"name_s": "/usr/include/kde4/kldap/ldapconfigwidget.h", "size_i": "8014", "regex": "false"},
	{"name_s": "/usr/include/kde4/kldap/ldapconnection.h", "size_i": "4305", "regex": "false"},
	{"name_s": "/usr/include/kde4/kldap/ldapcontrol.h", "size_i": "2870", "regex": "false"},
	{"name_s": "/usr/include/kde4/kldap/ldapdefs.h", "size_i": "5987", "regex": "false"},
	{"name_s": "/usr/include/kde4/kldap/ldapdn.h", "size_i": "2259", "regex": "false"},
	{"name_s": "/usr/include/kde4/kldap/ldapmodel.h", "size_i": "7590", "regex": "false"},
	{"name_s": "/usr/include/kde4/kldap/ldapobject.h", "size_i": "3266", "regex": "false"},
	{"name_s": "/usr/include/kde4/kldap/ldapoperation.h", "size_i": "9744", "regex": "false"},
	{"name_s": "/usr/include/kde4/kldap/ldapsearch.h", "size_i": "4233", "regex": "false"},
	{"name_s": "/usr/include/kde4/kldap/ldapserver.h", "size_i": "3215", "regex": "false"},
	{"name_s": "/usr/include/kde4/kldap/ldapstructureproxymodel.h", "size_i": "3915", "regex": "false"},
	{"name_s": "/usr/include/kde4/kldap/ldapurl.h", "size_i": "3914", "regex": "false"},
	{"name_s": "/usr/include/kde4/kldap/ldif.h", "size_i": "5624", "regex": "false"},
	{"name_s": "/usr/include/kde4/kmime", "size_i": "4096", "regex": "false"},
	{"name_s": "/usr/include/kde4/kmime/boolflags.h", "size_i": "2514", "regex": "false"},
	{"name_s": "/usr/include/kde4/kmime/kmime_charfreq.h", "size_i": "5684", "regex": "false"},
	{"name_s": "/usr/include/kde4/kmime/kmime_codecs.h", "size_i": "17859", "regex": "false"},
	{"name_s": "/usr/include/kde4/kmime/kmime_content.h", "size_i": "13403", "regex": "false"},
	{"name_s": "/usr/include/kde4/kmime/kmime_contentindex.h", "size_i": "3432", "regex": "false"},
	{"name_s": "/usr/include/kde4/kmime/kmime_dateformatter.h", "size_i": "9929", "regex": "false"},
	{"name_s": "/usr/include/kde4/kmime/kmime_export.h", "size_i": "1356", "regex": "false"},
	{"name_s": "/usr/include/kde4/kmime/kmime_header_parsing.h", "size_i": "11841", "regex": "false"},
	{"name_s": "/usr/include/kde4/kmime/kmime_headers.h", "size_i": "33818", "regex": "false"},
	{"name_s": "/usr/include/kde4/kmime/kmime_mdn.h", "size_i": "6597", "regex": "false"},
	{"name_s": "/usr/include/kde4/kmime/kmime_message.h", "size_i": "3800", "regex": "false"},
	{"name_s": "/usr/include/kde4/kmime/kmime_newsarticle.h", "size_i": "2552", "regex": "false"},
	{"name_s": "/usr/include/kde4/kmime/kmime_util.h", "size_i": "7670", "regex": "false"},
	{"name_s": "/usr/include/kde4/kpimidentities", "size_i": "4096", "regex": "false"},
	{"name_s": "/usr/include/kde4/kpimidentities/identity.h", "size_i": "10258", "regex": "false"},
	{"name_s": "/usr/include/kde4/kpimidentities/identitycombo.h", "size_i": "2624", "regex": "false"},
	{"name_s": "/usr/include/kde4/kpimidentities/identitymanager.h", "size_i": "8148", "regex": "false"},
	{"name_s": "/usr/include/kde4/kpimidentities/kpimidentities_export.h", "size_i": "1273", "regex": "false"},
	{"name_s": "/usr/include/kde4/kpimidentities/signature.h", "size_i": "6631", "regex": "false"},
	{"name_s": "/usr/include/kde4/kpimidentities/signatureconfigurator.h", "size_i": "4382", "regex": "false"},
	{"name_s": "/usr/include/kde4/kpimtextedit", "size_i": "4096", "regex": "false"},
	{"name_s": "/usr/include/kde4/kpimtextedit/emailquotehighlighter.h", "size_i": "3843", "regex": "false"},
	{"name_s": "/usr/include/kde4/kpimtextedit/kpimtextedit_export.h", "size_i": "1204", "regex": "false"},
	{"name_s": "/usr/include/kde4/kpimtextedit/textedit.h", "size_i": "8497", "regex": "false"},
	{"name_s": "/usr/include/kde4/kpimutils", "size_i": "4096", "regex": "false"},
	{"name_s": "/usr/include/kde4/kpimutils/email.h", "size_i": "13763", "regex": "false"},
	{"name_s": "/usr/include/kde4/kpimutils/kfileio.h", "size_i": "6533", "regex": "false"},
	{"name_s": "/usr/include/kde4/kpimutils/kpimutils_export.h", "size_i": "1177", "regex": "false"},
	{"name_s": "/usr/include/kde4/kpimutils/linklocator.h", "size_i": "6479", "regex": "false"},
	{"name_s": "/usr/include/kde4/kpimutils/spellingfilter.h", "size_i": "2577", "regex": "false"},
	{"name_s": "/usr/include/kde4/kpimutils/supertrait.h", "size_i": "1518", "regex": "false"},
	{"name_s": "/usr/include/kde4/kresources", "size_i": "4096", "regex": "false"},
	{"name_s": "/usr/include/kde4/kresources/configdialog.h", "size_i": "1860", "regex": "false"},
	{"name_s": "/usr/include/kde4/kresources/configpage.h", "size_i": "2722", "regex": "false"},
	{"name_s": "/usr/include/kde4/kresources/configwidget.h", "size_i": "2067", "regex": "false"},
	{"name_s": "/usr/include/kde4/kresources/factory.h", "size_i": "3916", "regex": "false"},
	{"name_s": "/usr/include/kde4/kresources/idmapper.h", "size_i": "5424", "regex": "false"},
	{"name_s": "/usr/include/kde4/kresources/kresources_export.h", "size_i": "1683", "regex": "false"},
	{"name_s": "/usr/include/kde4/kresources/manager.h", "size_i": "11970", "regex": "false"},
	{"name_s": "/usr/include/kde4/kresources/managerimpl.h", "size_i": "3084", "regex": "false"},
	{"name_s": "/usr/include/kde4/kresources/resource.h", "size_i": "8104", "regex": "false"},
	{"name_s": "/usr/include/kde4/kresources/selectdialog.h", "size_i": "2325", "regex": "false"},
	{"name_s": "/usr/include/kde4/ktnef", "size_i": "4096", "regex": "false"},
	{"name_s": "/usr/include/kde4/ktnef/formatter.h", "size_i": "2159", "regex": "false"},
	{"name_s": "/usr/include/kde4/ktnef/ktnef_export.h", "size_i": "1362", "regex": "false"},
	{"name_s": "/usr/include/kde4/ktnef/ktnefattach.h", "size_i": "5525", "regex": "false"},
	{"name_s": "/usr/include/kde4/ktnef/ktnefdefs.h", "size_i": "14850", "regex": "false"},
	{"name_s": "/usr/include/kde4/ktnef/ktnefmessage.h", "size_i": "2650", "regex": "false"},
	{"name_s": "/usr/include/kde4/ktnef/ktnefparser.h", "size_i": "3526", "regex": "false"},
	{"name_s": "/usr/include/kde4/ktnef/ktnefproperty.h", "size_i": "4118", "regex": "false"},
	{"name_s": "/usr/include/kde4/ktnef/ktnefpropertyset.h", "size_i": "4654", "regex": "false"},
	{"name_s": "/usr/include/kde4/ktnef/ktnefwriter.h", "size_i": "8411", "regex": "false"},
	{"name_s": "/usr/include/kde4/kxmlrpcclient", "size_i": "4096", "regex": "false"},
	{"name_s": "/usr/include/kde4/kxmlrpcclient/client.h", "size_i": "11201", "regex": "false"},
	{"name_s": "/usr/include/kde4/kxmlrpcclient/kxmlrpcclient_export.h", "size_i": "982", "regex": "false"},
	{"name_s": "/usr/include/kde4/mailtransport", "size_i": "4096", "regex": "false"},
	{"name_s": "/usr/include/kde4/mailtransport/mailtransport_export.h", "size_i": "1211", "regex": "false"},
	{"name_s": "/usr/include/kde4/mailtransport/sendmailjob.h", "size_i": "1830", "regex": "false"},
	{"name_s": "/usr/include/kde4/mailtransport/servertest.h", "size_i": "6550", "regex": "false"},
	{"name_s": "/usr/include/kde4/mailtransport/smtpjob.h", "size_i": "2306", "regex": "false"},
	{"name_s": "/usr/include/kde4/mailtransport/transport.h", "size_i": "3511", "regex": "false"},
	{"name_s": "/usr/include/kde4/mailtransport/transportbase.h", "size_i": "7419", "regex": "false"},
	{"name_s": "/usr/include/kde4/mailtransport/transportcombobox.h", "size_i": "1934", "regex": "false"},
	{"name_s": "/usr/include/kde4/mailtransport/transportconfigdialog.h", "size_i": "2222", "regex": "false"},
	{"name_s": "/usr/include/kde4/mailtransport/transportjob.h", "size_i": "3699", "regex": "false"},
	{"name_s": "/usr/include/kde4/mailtransport/transportmanagementwidget.h", "size_i": "1786", "regex": "false"},
	{"name_s": "/usr/include/kde4/mailtransport/transportmanager.h", "size_i": "7704", "regex": "false"},
	{"name_s": "/usr/include/kde4/microblog", "size_i": "4096", "regex": "false"},
	{"name_s": "/usr/include/kde4/microblog/microblog_export.h", "size_i": "1278", "regex": "false"},
	{"name_s": "/usr/include/kde4/microblog/statusitem.h", "size_i": "2938", "regex": "false"},
	{"name_s": "/usr/include/kde4/qgpgme", "size_i": "4096", "regex": "false"},
	{"name_s": "/usr/include/kde4/qgpgme/dataprovider.h", "size_i": "2730", "regex": "false"},
	{"name_s": "/usr/include/kde4/qgpgme/eventloopinteractor.h", "size_i": "2715", "regex": "false"},
	{"name_s": "/usr/include/kde4/qgpgme/qgpgme_export.h", "size_i": "1334", "regex": "false"},
	{"name_s": "/usr/include/kde4/syndication", "size_i": "4096", "regex": "false"},
	{"name_s": "/usr/include/kde4/syndication/abstractparser.h", "size_i": "2850", "regex": "false"},
	{"name_s": "/usr/include/kde4/syndication/atom", "size_i": "4096", "regex": "false"},
	{"name_s": "/usr/include/kde4/syndication/atom/atom.h", "size_i": "1548", "regex": "false"},
	{"name_s": "/usr/include/kde4/syndication/atom/category.h", "size_i": "3276", "regex": "false"},
	{"name_s": "/usr/include/kde4/syndication/atom/constants.h", "size_i": "1348", "regex": "false"},
	{"name_s": "/usr/include/kde4/syndication/atom/content.h", "size_i": "6223", "regex": "false"},
	{"name_s": "/usr/include/kde4/syndication/atom/document.h", "size_i": "7243", "regex": "false"},
	{"name_s": "/usr/include/kde4/syndication/atom/entry.h", "size_i": "5368", "regex": "false"},
	{"name_s": "/usr/include/kde4/syndication/atom/generator.h", "size_i": "2336", "regex": "false"},
	{"name_s": "/usr/include/kde4/syndication/atom/link.h", "size_i": "4179", "regex": "false"},
	{"name_s": "/usr/include/kde4/syndication/atom/parser.h", "size_i": "2539", "regex": "false"},
	{"name_s": "/usr/include/kde4/syndication/atom/person.h", "size_i": "2680", "regex": "false"},
	{"name_s": "/usr/include/kde4/syndication/atom/source.h", "size_i": "4238", "regex": "false"},
	{"name_s": "/usr/include/kde4/syndication/category.h", "size_i": "3510", "regex": "false"},
	{"name_s": "/usr/include/kde4/syndication/constants.h", "size_i": "1614", "regex": "false"},
	{"name_s": "/usr/include/kde4/syndication/dataretriever.h", "size_i": "6912", "regex": "false"},
	{"name_s": "/usr/include/kde4/syndication/documentsource.h", "size_i": "4378", "regex": "false"},
	{"name_s": "/usr/include/kde4/syndication/documentvisitor.h", "size_i": "3630", "regex": "false"},
	{"name_s": "/usr/include/kde4/syndication/elementwrapper.h", "size_i": "10797", "regex": "false"},
	{"name_s": "/usr/include/kde4/syndication/enclosure.h", "size_i": "3230", "regex": "false"},
	{"name_s": "/usr/include/kde4/syndication/feed.h", "size_i": "6310", "regex": "false"},
	{"name_s": "/usr/include/kde4/syndication/global.h", "size_i": "3956", "regex": "false"},
	{"name_s": "/usr/include/kde4/syndication/image.h", "size_i": "3181", "regex": "false"},
	{"name_s": "/usr/include/kde4/syndication/item.h", "size_i": "8021", "regex": "false"},
	{"name_s": "/usr/include/kde4/syndication/ksyndication_export.h", "size_i": "1279", "regex": "false"},
	{"name_s": "/usr/include/kde4/syndication/loader.h", "size_i": "6354", "regex": "false"},
	{"name_s": "/usr/include/kde4/syndication/mapper.h", "size_i": "4361", "regex": "false"},
	{"name_s": "/usr/include/kde4/syndication/parsercollection.h", "size_i": "4717", "regex": "false"},
	{"name_s": "/usr/include/kde4/syndication/person.h", "size_i": "3181", "regex": "false"},
	{"name_s": "/usr/include/kde4/syndication/rdf", "size_i": "4096", "regex": "false"},
	{"name_s": "/usr/include/kde4/syndication/rdf/contentvocab.h", "size_i": "2156", "regex": "false"},
	{"name_s": "/usr/include/kde4/syndication/rdf/document.h", "size_i": "5198", "regex": "false"},
	{"name_s": "/usr/include/kde4/syndication/rdf/dublincore.h", "size_i": "9086", "regex": "false"},
	{"name_s": "/usr/include/kde4/syndication/rdf/dublincorevocab.h", "size_i": "4300", "regex": "false"},
	{"name_s": "/usr/include/kde4/syndication/rdf/image.h", "size_i": "2438", "regex": "false"},
	{"name_s": "/usr/include/kde4/syndication/rdf/item.h", "size_i": "4670", "regex": "false"},
	{"name_s": "/usr/include/kde4/syndication/rdf/literal.h", "size_i": "4340", "regex": "false"},
	{"name_s": "/usr/include/kde4/syndication/rdf/model.h", "size_i": "8823", "regex": "false"},
	{"name_s": "/usr/include/kde4/syndication/rdf/modelmaker.h", "size_i": "1941", "regex": "false"},
	{"name_s": "/usr/include/kde4/syndication/rdf/node.h", "size_i": "3830", "regex": "false"},
	{"name_s": "/usr/include/kde4/syndication/rdf/nodevisitor.h", "size_i": "3864", "regex": "false"},
	{"name_s": "/usr/include/kde4/syndication/rdf/parser.h", "size_i": "2526", "regex": "false"},
	{"name_s": "/usr/include/kde4/syndication/rdf/property.h", "size_i": "2432", "regex": "false"},
	{"name_s": "/usr/include/kde4/syndication/rdf/rdf.h", "size_i": "1968", "regex": "false"},
	{"name_s": "/usr/include/kde4/syndication/rdf/rdfvocab.h", "size_i": "2284", "regex": "false"},
	{"name_s": "/usr/include/kde4/syndication/rdf/resource.h", "size_i": "5807", "regex": "false"},
	{"name_s": "/usr/include/kde4/syndication/rdf/resourcewrapper.h", "size_i": "3414", "regex": "false"},
	{"name_s": "/usr/include/kde4/syndication/rdf/rssvocab.h", "size_i": "5878", "regex": "false"},
	{"name_s": "/usr/include/kde4/syndication/rdf/sequence.h", "size_i": "3208", "regex": "false"},
	{"name_s": "/usr/include/kde4/syndication/rdf/statement.h", "size_i": "3840", "regex": "false"},
	{"name_s": "/usr/include/kde4/syndication/rdf/syndicationinfo.h", "size_i": "4329", "regex": "false"},
	{"name_s": "/usr/include/kde4/syndication/rdf/syndicationvocab.h", "size_i": "2640", "regex": "false"},
	{"name_s": "/usr/include/kde4/syndication/rdf/textinput.h", "size_i": "3164", "regex": "false"},
	{"name_s": "/usr/include/kde4/syndication/rss2", "size_i": "4096", "regex": "false"},
	{"name_s": "/usr/include/kde4/syndication/rss2/category.h", "size_i": "2810", "regex": "false"},
	{"name_s": "/usr/include/kde4/syndication/rss2/cloud.h", "size_i": "3293", "regex": "false"},
	{"name_s": "/usr/include/kde4/syndication/rss2/document.h", "size_i": "9706", "regex": "false"},
	{"name_s": "/usr/include/kde4/syndication/rss2/enclosure.h", "size_i": "2405", "regex": "false"},
	{"name_s": "/usr/include/kde4/syndication/rss2/image.h", "size_i": "3087", "regex": "false"},
	{"name_s": "/usr/include/kde4/syndication/rss2/item.h", "size_i": "9328", "regex": "false"},
	{"name_s": "/usr/include/kde4/syndication/rss2/parser.h", "size_i": "2718", "regex": "false"},
	{"name_s": "/usr/include/kde4/syndication/rss2/rss2.h", "size_i": "1521", "regex": "false"},
	{"name_s": "/usr/include/kde4/syndication/rss2/source.h", "size_i": "2739", "regex": "false"},
	{"name_s": "/usr/include/kde4/syndication/rss2/textinput.h", "size_i": "2652", "regex": "false"},
	{"name_s": "/usr/include/kde4/syndication/specificdocument.h", "size_i": "2769", "regex": "false"},
	{"name_s": "/usr/include/kde4/syndication/specificitem.h", "size_i": "2044", "regex": "false"},
	{"name_s": "/usr/include/kde4/syndication/specificitemvisitor.h", "size_i": "3008", "regex": "false"},
	{"name_s": "/usr/include/kde4/syndication/syndication.h", "size_i": "1765", "regex": "false"},
	{"name_s": "/usr/include/kde4/syndication/tools.h", "size_i": "7035", "regex": "false"},
	{"name_s": "/usr/lib/cmake/KdepimLibs", "size_i": "4096", "regex": "false"},
	{"name_s": "/usr/lib/cmake/KdepimLibs/KDEPimLibsLibraryTargetsWithPrefix-release.cmake", "size_i": "10191", "regex": "false"},
	{"name_s": "/usr/lib/cmake/KdepimLibs/KDEPimLibsLibraryTargetsWithPrefix.cmake", "size_i": "3261", "regex": "false"},
	{"name_s": "/usr/lib/cmake/KdepimLibs/KdepimLibsConfig.cmake", "size_i": "4175", "regex": "false"},
	{"name_s": "/usr/lib/cmake/KdepimLibs/KdepimLibsConfigVersion.cmake", "size_i": "1414", "regex": "false"},
	{"name_s": "/usr/lib/gpgmepp", "size_i": "4096", "regex": "false"},
	{"name_s": "/usr/lib/gpgmepp/GpgmeppConfig.cmake", "size_i": "969", "regex": "false"},
	{"name_s": "/usr/lib/gpgmepp/GpgmeppLibraryDepends.cmake", "size_i": "7117", "regex": "false"},
	{"name_s": "/usr/lib/kde4/devel/libkabc.so", "size_i": "18", "regex": "false"},
	{"name_s": "/usr/lib/kde4/devel/libkcal.so", "size_i": "18", "regex": "false"},
	{"name_s": "/usr/lib/kde4/devel/libkresources.so", "size_i": "24", "regex": "false"},
	{"name_s": "/usr/lib/libakonadi-kabc.so", "size_i": "20", "regex": "false"},
	{"name_s": "/usr/lib/libakonadi-kde.so", "size_i": "19", "regex": "false"},
	{"name_s": "/usr/lib/libakonadi-kmime.so", "size_i": "21", "regex": "false"},
	{"name_s": "/usr/lib/libgpgme++-pth.so", "size_i": "19", "regex": "false"},
	{"name_s": "/usr/lib/libgpgme++-pthread.so", "size_i": "23", "regex": "false"},
	{"name_s": "/usr/lib/libgpgme++.so", "size_i": "15", "regex": "false"},
	{"name_s": "/usr/lib/libkabc_file_core.so", "size_i": "22", "regex": "false"},
	{"name_s": "/usr/lib/libkblog.so", "size_i": "13", "regex": "false"},
	{"name_s": "/usr/lib/libkholidays.so", "size_i": "17", "regex": "false"},
	{"name_s": "/usr/lib/libkimap.so", "size_i": "13", "regex": "false"},
	{"name_s": "/usr/lib/libkldap.so", "size_i": "13", "regex": "false"},
	{"name_s": "/usr/lib/libkmime.so", "size_i": "13", "regex": "false"},
	{"name_s": "/usr/lib/libkpimidentities.so", "size_i": "22", "regex": "false"},
	{"name_s": "/usr/lib/libkpimtextedit.so", "size_i": "20", "regex": "false"},
	{"name_s": "/usr/lib/libkpimutils.so", "size_i": "17", "regex": "false"},
	{"name_s": "/usr/lib/libktnef.so", "size_i": "13", "regex": "false"},
	{"name_s": "/usr/lib/libkxmlrpcclient.so", "size_i": "21", "regex": "false"},
	{"name_s": "/usr/lib/libmailtransport.so", "size_i": "21", "regex": "false"},
	{"name_s": "/usr/lib/libmicroblog.so", "size_i": "17", "regex": "false"},
	{"name_s": "/usr/lib/libqgpgme.so", "size_i": "14", "regex": "false"},
	{"name_s": "/usr/lib/libsyndication.so", "size_i": "19", "regex": "false"},
	{"name_s": "/usr/share/kde4/apps/cmake/modules/CheckTimezone.cmake", "size_i": "758", "regex": "false"},
	{"name_s": "/usr/share/kde4/apps/cmake/modules/FindAkonadi.cmake", "size_i": "1444", "regex": "false"},
	{"name_s": "/usr/share/kde4/apps/cmake/modules/FindGpgme.cmake", "size_i": "13800", "regex": "false"},
	{"name_s": "/usr/share/kde4/apps/cmake/modules/FindLdap.cmake", "size_i": "1231", "regex": "false"},
	{"name_s": "/usr/share/kde4/apps/cmake/modules/FindLibical.cmake", "size_i": "3122", "regex": "false"},
	{"name_s": "/usr/share/kde4/apps/cmake/modules/FindQGpgme.cmake", "size_i": "1476", "regex": "false"},
	{"name_s": "/usr/share/kde4/apps/cmake/modules/KDEPimLibsDependencies.cmake", "size_i": "122", "regex": "false"}
]
