[
	{"name_s": "/lib/firmware/3com", "size_i": "4096", "regex": "false"},
	{"name_s": "/lib/firmware/3com/typhoon.bin", "size_i": "44548", "regex": "false"},
	{"name_s": "/lib/firmware/acenic", "size_i": "4096", "regex": "false"},
	{"name_s": "/lib/firmware/acenic/tg1.bin", "size_i": "73116", "regex": "false"},
	{"name_s": "/lib/firmware/acenic/tg2.bin", "size_i": "77452", "regex": "false"},
	{"name_s": "/lib/firmware/adaptec", "size_i": "4096", "regex": "false"},
	{"name_s": "/lib/firmware/adaptec/starfire_rx.bin", "size_i": "832", "regex": "false"},
	{"name_s": "/lib/firmware/adaptec/starfire_tx.bin", "size_i": "832", "regex": "false"},
	{"name_s": "/lib/firmware/advansys", "size_i": "4096", "regex": "false"},
	{"name_s": "/lib/firmware/advansys/3550.bin", "size_i": "5026", "regex": "false"},
	{"name_s": "/lib/firmware/advansys/38C0800.bin", "size_i": "5340", "regex": "false"},
	{"name_s": "/lib/firmware/advansys/38C1600.bin", "size_i": "6334", "regex": "false"},
	{"name_s": "/lib/firmware/advansys/mcode.bin", "size_i": "2308", "regex": "false"},
	{"name_s": "/lib/firmware/atmsar11.fw", "size_i": "9726", "regex": "false"},
	{"name_s": "/lib/firmware/av7110", "size_i": "4096", "regex": "false"},
	{"name_s": "/lib/firmware/av7110/bootcode.bin", "size_i": "212", "regex": "false"},
	{"name_s": "/lib/firmware/bnx2", "size_i": "4096", "regex": "false"},
	{"name_s": "/lib/firmware/bnx2/bnx2-mips-06-4.6.16.fw", "size_i": "92628", "regex": "false"},
	{"name_s": "/lib/firmware/bnx2/bnx2-mips-06-5.0.0.j3.fw", "size_i": "93172", "regex": "false"},
	{"name_s": "/lib/firmware/bnx2/bnx2-mips-06-5.0.0.j6.fw", "size_i": "94252", "regex": "false"},
	{"name_s": "/lib/firmware/bnx2/bnx2-mips-06-6.0.15.fw", "size_i": "92780", "regex": "false"},
	{"name_s": "/lib/firmware/bnx2/bnx2-mips-06-6.2.1.fw", "size_i": "92792", "regex": "false"},
	{"name_s": "/lib/firmware/bnx2/bnx2-mips-06-6.2.3.fw", "size_i": "92824", "regex": "false"},
	{"name_s": "/lib/firmware/bnx2/bnx2-mips-09-4.6.17.fw", "size_i": "92760", "regex": "false"},
	{"name_s": "/lib/firmware/bnx2/bnx2-mips-09-5.0.0.j15.fw", "size_i": "96996", "regex": "false"},
	{"name_s": "/lib/firmware/bnx2/bnx2-mips-09-5.0.0.j3.fw", "size_i": "96504", "regex": "false"},
	{"name_s": "/lib/firmware/bnx2/bnx2-mips-09-5.0.0.j9.fw", "size_i": "96616", "regex": "false"},
	{"name_s": "/lib/firmware/bnx2/bnx2-mips-09-6.0.17.fw", "size_i": "103488", "regex": "false"},
	{"name_s": "/lib/firmware/bnx2/bnx2-mips-09-6.2.1.fw", "size_i": "104104", "regex": "false"},
	{"name_s": "/lib/firmware/bnx2/bnx2-mips-09-6.2.1a.fw", "size_i": "103868", "regex": "false"},
	{"name_s": "/lib/firmware/bnx2/bnx2-mips-09-6.2.1b.fw", "size_i": "103904", "regex": "false"},
	{"name_s": "/lib/firmware/bnx2/bnx2-rv2p-06-4.6.16.fw", "size_i": "6872", "regex": "false"},
	{"name_s": "/lib/firmware/bnx2/bnx2-rv2p-06-5.0.0.j3.fw", "size_i": "6600", "regex": "false"},
	{"name_s": "/lib/firmware/bnx2/bnx2-rv2p-06-6.0.15.fw", "size_i": "5696", "regex": "false"},
	{"name_s": "/lib/firmware/bnx2/bnx2-rv2p-09-4.6.15.fw", "size_i": "7672", "regex": "false"},
	{"name_s": "/lib/firmware/bnx2/bnx2-rv2p-09-5.0.0.j10.fw", "size_i": "7224", "regex": "false"},
	{"name_s": "/lib/firmware/bnx2/bnx2-rv2p-09-5.0.0.j3.fw", "size_i": "7216", "regex": "false"},
	{"name_s": "/lib/firmware/bnx2/bnx2-rv2p-09-6.0.17.fw", "size_i": "6104", "regex": "false"},
	{"name_s": "/lib/firmware/bnx2/bnx2-rv2p-09ax-5.0.0.j10.fw", "size_i": "7808", "regex": "false"},
	{"name_s": "/lib/firmware/bnx2/bnx2-rv2p-09ax-5.0.0.j3.fw", "size_i": "7800", "regex": "false"},
	{"name_s": "/lib/firmware/bnx2/bnx2-rv2p-09ax-6.0.17.fw", "size_i": "6616", "regex": "false"},
	{"name_s": "/lib/firmware/bnx2x", "size_i": "4096", "regex": "false"},
	{"name_s": "/lib/firmware/bnx2x/bnx2x-e1-6.0.34.0.fw", "size_i": "151568", "regex": "false"},
	{"name_s": "/lib/firmware/bnx2x/bnx2x-e1-6.2.5.0.fw", "size_i": "151680", "regex": "false"},
	{"name_s": "/lib/firmware/bnx2x/bnx2x-e1-6.2.9.0.fw", "size_i": "151688", "regex": "false"},
	{"name_s": "/lib/firmware/bnx2x/bnx2x-e1-7.0.20.0.fw", "size_i": "161144", "regex": "false"},
	{"name_s": "/lib/firmware/bnx2x/bnx2x-e1-7.0.23.0.fw", "size_i": "161248", "regex": "false"},
	{"name_s": "/lib/firmware/bnx2x/bnx2x-e1-7.0.29.0.fw", "size_i": "161368", "regex": "false"},
	{"name_s": "/lib/firmware/bnx2x/bnx2x-e1-7.2.16.0.fw", "size_i": "162128", "regex": "false"},
	{"name_s": "/lib/firmware/bnx2x/bnx2x-e1-7.2.51.0.fw", "size_i": "162152", "regex": "false"},
	{"name_s": "/lib/firmware/bnx2x/bnx2x-e1-7.8.17.0.fw", "size_i": "163576", "regex": "false"},
	{"name_s": "/lib/firmware/bnx2x/bnx2x-e1-7.8.2.0.fw", "size_i": "163352", "regex": "false"},
	{"name_s": "/lib/firmware/bnx2x/bnx2x-e1h-6.0.34.0.fw", "size_i": "210776", "regex": "false"},
	{"name_s": "/lib/firmware/bnx2x/bnx2x-e1h-6.2.5.0.fw", "size_i": "210824", "regex": "false"},
	{"name_s": "/lib/firmware/bnx2x/bnx2x-e1h-6.2.9.0.fw", "size_i": "211000", "regex": "false"},
	{"name_s": "/lib/firmware/bnx2x/bnx2x-e1h-7.0.20.0.fw", "size_i": "168552", "regex": "false"},
	{"name_s": "/lib/firmware/bnx2x/bnx2x-e1h-7.0.23.0.fw", "size_i": "168544", "regex": "false"},
	{"name_s": "/lib/firmware/bnx2x/bnx2x-e1h-7.0.29.0.fw", "size_i": "168680", "regex": "false"},
	{"name_s": "/lib/firmware/bnx2x/bnx2x-e1h-7.2.16.0.fw", "size_i": "169896", "regex": "false"},
	{"name_s": "/lib/firmware/bnx2x/bnx2x-e1h-7.2.51.0.fw", "size_i": "169960", "regex": "false"},
	{"name_s": "/lib/firmware/bnx2x/bnx2x-e1h-7.8.17.0.fw", "size_i": "171920", "regex": "false"},
	{"name_s": "/lib/firmware/bnx2x/bnx2x-e1h-7.8.2.0.fw", "size_i": "171368", "regex": "false"},
	{"name_s": "/lib/firmware/bnx2x/bnx2x-e2-6.0.34.0.fw", "size_i": "247008", "regex": "false"},
	{"name_s": "/lib/firmware/bnx2x/bnx2x-e2-6.2.5.0.fw", "size_i": "247232", "regex": "false"},
	{"name_s": "/lib/firmware/bnx2x/bnx2x-e2-6.2.9.0.fw", "size_i": "247504", "regex": "false"},
	{"name_s": "/lib/firmware/bnx2x/bnx2x-e2-7.0.20.0.fw", "size_i": "290952", "regex": "false"},
	{"name_s": "/lib/firmware/bnx2x/bnx2x-e2-7.0.23.0.fw", "size_i": "289448", "regex": "false"},
	{"name_s": "/lib/firmware/bnx2x/bnx2x-e2-7.0.29.0.fw", "size_i": "289848", "regex": "false"},
	{"name_s": "/lib/firmware/bnx2x/bnx2x-e2-7.2.16.0.fw", "size_i": "295072", "regex": "false"},
	{"name_s": "/lib/firmware/bnx2x/bnx2x-e2-7.2.51.0.fw", "size_i": "295264", "regex": "false"},
	{"name_s": "/lib/firmware/bnx2x/bnx2x-e2-7.8.17.0.fw", "size_i": "310032", "regex": "false"},
	{"name_s": "/lib/firmware/bnx2x/bnx2x-e2-7.8.2.0.fw", "size_i": "304664", "regex": "false"},
	{"name_s": "/lib/firmware/cis", "size_i": "4096", "regex": "false"},
	{"name_s": "/lib/firmware/cis/3CCFEM556.cis", "size_i": "137", "regex": "false"},
	{"name_s": "/lib/firmware/cis/3CXEM556.cis", "size_i": "134", "regex": "false"},
	{"name_s": "/lib/firmware/cis/COMpad2.cis", "size_i": "109", "regex": "false"},
	{"name_s": "/lib/firmware/cis/COMpad4.cis", "size_i": "76", "regex": "false"},
	{"name_s": "/lib/firmware/cis/DP83903.cis", "size_i": "136", "regex": "false"},
	{"name_s": "/lib/firmware/cis/LA-PCM.cis", "size_i": "253", "regex": "false"},
	{"name_s": "/lib/firmware/cis/MT5634ZLX.cis", "size_i": "107", "regex": "false"},
	{"name_s": "/lib/firmware/cis/NE2K.cis", "size_i": "54", "regex": "false"},
	{"name_s": "/lib/firmware/cis/PCMLM28.cis", "size_i": "210", "regex": "false"},
	{"name_s": "/lib/firmware/cis/PE-200.cis", "size_i": "68", "regex": "false"},
	{"name_s": "/lib/firmware/cis/PE520.cis", "size_i": "74", "regex": "false"},
	{"name_s": "/lib/firmware/cis/RS-COM-2P.cis", "size_i": "86", "regex": "false"},
	{"name_s": "/lib/firmware/cis/SW_555_SER.cis", "size_i": "122", "regex": "false"},
	{"name_s": "/lib/firmware/cis/SW_7xx_SER.cis", "size_i": "140", "regex": "false"},
	{"name_s": "/lib/firmware/cis/SW_8xx_SER.cis", "size_i": "132", "regex": "false"},
	{"name_s": "/lib/firmware/cis/tamarack.cis", "size_i": "85", "regex": "false"},
	{"name_s": "/lib/firmware/cpia2", "size_i": "4096", "regex": "false"},
	{"name_s": "/lib/firmware/cpia2/stv0672_vp4.bin", "size_i": "824", "regex": "false"},
	{"name_s": "/lib/firmware/cxgb3", "size_i": "4096", "regex": "false"},
	{"name_s": "/lib/firmware/cxgb3/ael2005_opt_edc.bin", "size_i": "1088", "regex": "false"},
	{"name_s": "/lib/firmware/cxgb3/ael2005_twx_edc.bin", "size_i": "1468", "regex": "false"},
	{"name_s": "/lib/firmware/cxgb3/ael2020_twx_edc.bin", "size_i": "1584", "regex": "false"},
	{"name_s": "/lib/firmware/cxgb3/t3b_psram-1.1.0.bin", "size_i": "2564", "regex": "false"},
	{"name_s": "/lib/firmware/cxgb3/t3c_psram-1.1.0.bin", "size_i": "2564", "regex": "false"},
	{"name_s": "/lib/firmware/dsp56k", "size_i": "4096", "regex": "false"},
	{"name_s": "/lib/firmware/dsp56k/bootstrap.bin", "size_i": "375", "regex": "false"},
	{"name_s": "/lib/firmware/e100", "size_i": "4096", "regex": "false"},
	{"name_s": "/lib/firmware/e100/d101m_ucode.bin", "size_i": "539", "regex": "false"},
	{"name_s": "/lib/firmware/e100/d101s_ucode.bin", "size_i": "539", "regex": "false"},
	{"name_s": "/lib/firmware/e100/d102e_ucode.bin", "size_i": "539", "regex": "false"},
	{"name_s": "/lib/firmware/edgeport", "size_i": "4096", "regex": "false"},
	{"name_s": "/lib/firmware/edgeport/boot.fw", "size_i": "7250", "regex": "false"},
	{"name_s": "/lib/firmware/edgeport/boot2.fw", "size_i": "7042", "regex": "false"},
	{"name_s": "/lib/firmware/edgeport/down.fw", "size_i": "18098", "regex": "false"},
	{"name_s": "/lib/firmware/edgeport/down2.fw", "size_i": "16566", "regex": "false"},
	{"name_s": "/lib/firmware/edgeport/down3.bin", "size_i": "12942", "regex": "false"},
	{"name_s": "/lib/firmware/emi26", "size_i": "4096", "regex": "false"},
	{"name_s": "/lib/firmware/emi26/bitstream.fw", "size_i": "104858", "regex": "false"},
	{"name_s": "/lib/firmware/emi26/firmware.fw", "size_i": "28070", "regex": "false"},
	{"name_s": "/lib/firmware/emi26/loader.fw", "size_i": "1942", "regex": "false"},
	{"name_s": "/lib/firmware/emi62", "size_i": "4096", "regex": "false"},
	{"name_s": "/lib/firmware/emi62/bitstream.fw", "size_i": "104858", "regex": "false"},
	{"name_s": "/lib/firmware/emi62/loader.fw", "size_i": "1910", "regex": "false"},
	{"name_s": "/lib/firmware/emi62/midi.fw", "size_i": "28798", "regex": "false"},
	{"name_s": "/lib/firmware/emi62/spdif.fw", "size_i": "28606", "regex": "false"},
	{"name_s": "/lib/firmware/ess", "size_i": "4096", "regex": "false"},
	{"name_s": "/lib/firmware/ess/maestro3_assp_kernel.fw", "size_i": "1898", "regex": "false"},
	{"name_s": "/lib/firmware/ess/maestro3_assp_minisrc.fw", "size_i": "786", "regex": "false"},
	{"name_s": "/lib/firmware/kaweth", "size_i": "4096", "regex": "false"},
	{"name_s": "/lib/firmware/kaweth/new_code.bin", "size_i": "3276", "regex": "false"},
	{"name_s": "/lib/firmware/kaweth/new_code_fix.bin", "size_i": "622", "regex": "false"},
	{"name_s": "/lib/firmware/kaweth/trigger_code.bin", "size_i": "182", "regex": "false"},
	{"name_s": "/lib/firmware/kaweth/trigger_code_fix.bin", "size_i": "22", "regex": "false"},
	{"name_s": "/lib/firmware/keyspan", "size_i": "4096", "regex": "false"},
	{"name_s": "/lib/firmware/keyspan/mpr.fw", "size_i": "4658", "regex": "false"},
	{"name_s": "/lib/firmware/keyspan/usa18x.fw", "size_i": "7650", "regex": "false"},
	{"name_s": "/lib/firmware/keyspan/usa19.fw", "size_i": "4690", "regex": "false"},
	{"name_s": "/lib/firmware/keyspan/usa19qi.fw", "size_i": "4678", "regex": "false"},
	{"name_s": "/lib/firmware/keyspan/usa19qw.fw", "size_i": "7638", "regex": "false"},
	{"name_s": "/lib/firmware/keyspan/usa19w.fw", "size_i": "7634", "regex": "false"},
	{"name_s": "/lib/firmware/keyspan/usa28.fw", "size_i": "7938", "regex": "false"},
	{"name_s": "/lib/firmware/keyspan/usa28x.fw", "size_i": "7634", "regex": "false"},
	{"name_s": "/lib/firmware/keyspan/usa28xa.fw", "size_i": "7634", "regex": "false"},
	{"name_s": "/lib/firmware/keyspan/usa28xb.fw", "size_i": "7638", "regex": "false"},
	{"name_s": "/lib/firmware/keyspan/usa49w.fw", "size_i": "7938", "regex": "false"},
	{"name_s": "/lib/firmware/keyspan/usa49wlc.fw", "size_i": "7946", "regex": "false"},
	{"name_s": "/lib/firmware/keyspan_pda", "size_i": "4096", "regex": "false"},
	{"name_s": "/lib/firmware/keyspan_pda/keyspan_pda.fw", "size_i": "1914", "regex": "false"},
	{"name_s": "/lib/firmware/keyspan_pda/xircom_pgs.fw", "size_i": "2018", "regex": "false"},
	{"name_s": "/lib/firmware/korg", "size_i": "4096", "regex": "false"},
	{"name_s": "/lib/firmware/korg/k1212.dsp", "size_i": "15764", "regex": "false"},
	{"name_s": "/lib/firmware/matrox", "size_i": "4096", "regex": "false"},
	{"name_s": "/lib/firmware/matrox/g200_warp.fw", "size_i": "11214", "regex": "false"},
	{"name_s": "/lib/firmware/matrox/g400_warp.fw", "size_i": "16790", "regex": "false"},
	{"name_s": "/lib/firmware/mts_cdma.fw", "size_i": "13847", "regex": "false"},
	{"name_s": "/lib/firmware/mts_edge.fw", "size_i": "14067", "regex": "false"},
	{"name_s": "/lib/firmware/mts_gsm.fw", "size_i": "13847", "regex": "false"},
	{"name_s": "/lib/firmware/myricom", "size_i": "4096", "regex": "false"},
	{"name_s": "/lib/firmware/myricom/lanai.bin", "size_i": "76258", "regex": "false"},
	{"name_s": "/lib/firmware/ositech", "size_i": "4096", "regex": "false"},
	{"name_s": "/lib/firmware/ositech/Xilinx7OD.bin", "size_i": "2778", "regex": "false"},
	{"name_s": "/lib/firmware/qlogic", "size_i": "4096", "regex": "false"},
	{"name_s": "/lib/firmware/qlogic/1040.bin", "size_i": "33462", "regex": "false"},
	{"name_s": "/lib/firmware/qlogic/12160.bin", "size_i": "28056", "regex": "false"},
	{"name_s": "/lib/firmware/qlogic/1280.bin", "size_i": "31842", "regex": "false"},
	{"name_s": "/lib/firmware/qlogic/isp1000.bin", "size_i": "18482", "regex": "false"},
	{"name_s": "/lib/firmware/qlogic/sd7220.fw", "size_i": "8192", "regex": "false"},
	{"name_s": "/lib/firmware/r128", "size_i": "4096", "regex": "false"},
	{"name_s": "/lib/firmware/r128/r128_cce.bin", "size_i": "2048", "regex": "false"},
	{"name_s": "/lib/firmware/radeon", "size_i": "4096", "regex": "false"},
	{"name_s": "/lib/firmware/radeon/R100_cp.bin", "size_i": "2048", "regex": "false"},
	{"name_s": "/lib/firmware/radeon/R200_cp.bin", "size_i": "2048", "regex": "false"},
	{"name_s": "/lib/firmware/radeon/R300_cp.bin", "size_i": "2048", "regex": "false"},
	{"name_s": "/lib/firmware/radeon/R420_cp.bin", "size_i": "2048", "regex": "false"},
	{"name_s": "/lib/firmware/radeon/R520_cp.bin", "size_i": "2048", "regex": "false"},
	{"name_s": "/lib/firmware/radeon/R600_me.bin", "size_i": "21504", "regex": "false"},
	{"name_s": "/lib/firmware/radeon/R600_pfp.bin", "size_i": "2304", "regex": "false"},
	{"name_s": "/lib/firmware/radeon/RS600_cp.bin", "size_i": "2048", "regex": "false"},
	{"name_s": "/lib/firmware/radeon/RS690_cp.bin", "size_i": "2048", "regex": "false"},
	{"name_s": "/lib/firmware/radeon/RS780_me.bin", "size_i": "21504", "regex": "false"},
	{"name_s": "/lib/firmware/radeon/RS780_pfp.bin", "size_i": "2304", "regex": "false"},
	{"name_s": "/lib/firmware/radeon/RV610_me.bin", "size_i": "21504", "regex": "false"},
	{"name_s": "/lib/firmware/radeon/RV610_pfp.bin", "size_i": "2304", "regex": "false"},
	{"name_s": "/lib/firmware/radeon/RV620_me.bin", "size_i": "21504", "regex": "false"},
	{"name_s": "/lib/firmware/radeon/RV620_pfp.bin", "size_i": "2304", "regex": "false"},
	{"name_s": "/lib/firmware/radeon/RV630_me.bin", "size_i": "21504", "regex": "false"},
	{"name_s": "/lib/firmware/radeon/RV630_pfp.bin", "size_i": "2304", "regex": "false"},
	{"name_s": "/lib/firmware/radeon/RV635_me.bin", "size_i": "21504", "regex": "false"},
	{"name_s": "/lib/firmware/radeon/RV635_pfp.bin", "size_i": "2304", "regex": "false"},
	{"name_s": "/lib/firmware/radeon/RV670_me.bin", "size_i": "21504", "regex": "false"},
	{"name_s": "/lib/firmware/radeon/RV670_pfp.bin", "size_i": "2304", "regex": "false"},
	{"name_s": "/lib/firmware/radeon/RV710_me.bin", "size_i": "5440", "regex": "false"},
	{"name_s": "/lib/firmware/radeon/RV710_pfp.bin", "size_i": "3392", "regex": "false"},
	{"name_s": "/lib/firmware/radeon/RV730_me.bin", "size_i": "5440", "regex": "false"},
	{"name_s": "/lib/firmware/radeon/RV730_pfp.bin", "size_i": "3392", "regex": "false"},
	{"name_s": "/lib/firmware/radeon/RV770_me.bin", "size_i": "5440", "regex": "false"},
	{"name_s": "/lib/firmware/radeon/RV770_pfp.bin", "size_i": "3392", "regex": "false"},
	{"name_s": "/lib/firmware/sb16", "size_i": "4096", "regex": "false"},
	{"name_s": "/lib/firmware/sb16/alaw_main.csp", "size_i": "1304", "regex": "false"},
	{"name_s": "/lib/firmware/sb16/ima_adpcm_capture.csp", "size_i": "1844", "regex": "false"},
	{"name_s": "/lib/firmware/sb16/ima_adpcm_init.csp", "size_i": "1032", "regex": "false"},
	{"name_s": "/lib/firmware/sb16/ima_adpcm_playback.csp", "size_i": "1872", "regex": "false"},
	{"name_s": "/lib/firmware/sb16/mulaw_main.csp", "size_i": "1256", "regex": "false"},
	{"name_s": "/lib/firmware/sun", "size_i": "4096", "regex": "false"},
	{"name_s": "/lib/firmware/sun/cassini.bin", "size_i": "2253", "regex": "false"},
	{"name_s": "/lib/firmware/tehuti", "size_i": "4096", "regex": "false"},
	{"name_s": "/lib/firmware/tehuti/bdx.bin", "size_i": "42768", "regex": "false"},
	{"name_s": "/lib/firmware/ti_3410.fw", "size_i": "13765", "regex": "false"},
	{"name_s": "/lib/firmware/ti_5052.fw", "size_i": "13764", "regex": "false"},
	{"name_s": "/lib/firmware/tigon", "size_i": "4096", "regex": "false"},
	{"name_s": "/lib/firmware/tigon/tg3.bin", "size_i": "2668", "regex": "false"},
	{"name_s": "/lib/firmware/tigon/tg3_tso.bin", "size_i": "7004", "regex": "false"},
	{"name_s": "/lib/firmware/tigon/tg3_tso5.bin", "size_i": "3884", "regex": "false"},
	{"name_s": "/lib/firmware/ttusb-budget", "size_i": "4096", "regex": "false"},
	{"name_s": "/lib/firmware/ttusb-budget/dspbootcode.bin", "size_i": "13104", "regex": "false"},
	{"name_s": "/lib/firmware/vicam", "size_i": "4096", "regex": "false"},
	{"name_s": "/lib/firmware/vicam/firmware.fw", "size_i": "2106", "regex": "false"},
	{"name_s": "/lib/firmware/whiteheat.fw", "size_i": "23554", "regex": "false"},
	{"name_s": "/lib/firmware/whiteheat_loader.fw", "size_i": "5626", "regex": "false"},
	{"name_s": "/lib/firmware/yam", "size_i": "4096", "regex": "false"},
	{"name_s": "/lib/firmware/yam/1200.bin", "size_i": "5302", "regex": "false"},
	{"name_s": "/lib/firmware/yam/9600.bin", "size_i": "5302", "regex": "false"},
	{"name_s": "/lib/firmware/yamaha", "size_i": "4096", "regex": "false"},
	{"name_s": "/lib/firmware/yamaha/ds1_ctrl.fw", "size_i": "12288", "regex": "false"},
	{"name_s": "/lib/firmware/yamaha/ds1_dsp.fw", "size_i": "128", "regex": "false"},
	{"name_s": "/lib/firmware/yamaha/ds1e_ctrl.fw", "size_i": "12288", "regex": "false"},
	{"name_s": "/lib/firmware/yamaha/yss225_registers.bin", "size_i": "15946", "regex": "false"},
	{"name_s": "/usr/share/doc/kernel-firmware-3.10.27", "size_i": "4096", "regex": "false"},
	{"name_s": "/usr/share/doc/kernel-firmware-3.10.27/WHENCE", "size_i": "27122", "regex": "false"}
]
