[
	{"name_s": "/usr/share/doc/HTML/ca/konq-plugins", "size_i": "4096", "regex": "false"},
	{"name_s": "/usr/share/doc/HTML/ca/konq-plugins/babel", "size_i": "4096", "regex": "false"},
	{"name_s": "/usr/share/doc/HTML/ca/konq-plugins/babel/common", "size_i": "43", "regex": "false"},
	{"name_s": "/usr/share/doc/HTML/ca/konq-plugins/babel/index.cache.bz2", "size_i": "2314", "regex": "false"},
	{"name_s": "/usr/share/doc/HTML/ca/konq-plugins/babel/index.docbook", "size_i": "2659", "regex": "false"},
	{"name_s": "/usr/share/doc/HTML/ca/konq-plugins/common", "size_i": "30", "regex": "false"},
	{"name_s": "/usr/share/doc/HTML/ca/konq-plugins/crashes", "size_i": "4096", "regex": "false"},
	{"name_s": "/usr/share/doc/HTML/ca/konq-plugins/crashes/common", "size_i": "43", "regex": "false"},
	{"name_s": "/usr/share/doc/HTML/ca/konq-plugins/crashes/index.cache.bz2", "size_i": "1805", "regex": "false"},
	{"name_s": "/usr/share/doc/HTML/ca/konq-plugins/crashes/index.docbook", "size_i": "1457", "regex": "false"},
	{"name_s": "/usr/share/doc/HTML/ca/konq-plugins/dirfilter", "size_i": "4096", "regex": "false"},
	{"name_s": "/usr/share/doc/HTML/ca/konq-plugins/dirfilter/common", "size_i": "43", "regex": "false"},
	{"name_s": "/usr/share/doc/HTML/ca/konq-plugins/dirfilter/index.cache.bz2", "size_i": "1866", "regex": "false"},
	{"name_s": "/usr/share/doc/HTML/ca/konq-plugins/dirfilter/index.docbook", "size_i": "1570", "regex": "false"},
	{"name_s": "/usr/share/doc/HTML/ca/konq-plugins/domtreeviewer", "size_i": "4096", "regex": "false"},
	{"name_s": "/usr/share/doc/HTML/ca/konq-plugins/domtreeviewer/common", "size_i": "43", "regex": "false"},
	{"name_s": "/usr/share/doc/HTML/ca/konq-plugins/domtreeviewer/index.cache.bz2", "size_i": "2032", "regex": "false"},
	{"name_s": "/usr/share/doc/HTML/ca/konq-plugins/domtreeviewer/index.docbook", "size_i": "1967", "regex": "false"},
	{"name_s": "/usr/share/doc/HTML/ca/konq-plugins/fsview", "size_i": "4096", "regex": "false"},
	{"name_s": "/usr/share/doc/HTML/ca/konq-plugins/fsview/common", "size_i": "43", "regex": "false"},
	{"name_s": "/usr/share/doc/HTML/ca/konq-plugins/fsview/index.cache.bz2", "size_i": "4311", "regex": "false"},
	{"name_s": "/usr/share/doc/HTML/ca/konq-plugins/fsview/index.docbook", "size_i": "8165", "regex": "false"},
	{"name_s": "/usr/share/doc/HTML/ca/konq-plugins/imgallery", "size_i": "4096", "regex": "false"},
	{"name_s": "/usr/share/doc/HTML/ca/konq-plugins/imgallery/common", "size_i": "43", "regex": "false"},
	{"name_s": "/usr/share/doc/HTML/ca/konq-plugins/imgallery/index.cache.bz2", "size_i": "3703", "regex": "false"},
	{"name_s": "/usr/share/doc/HTML/ca/konq-plugins/imgallery/index.docbook", "size_i": "7813", "regex": "false"},
	{"name_s": "/usr/share/doc/HTML/ca/konq-plugins/index.cache.bz2", "size_i": "3804", "regex": "false"},
	{"name_s": "/usr/share/doc/HTML/ca/konq-plugins/index.docbook", "size_i": "4298", "regex": "false"},
	{"name_s": "/usr/share/doc/HTML/ca/konq-plugins/khtmlsettings", "size_i": "4096", "regex": "false"},
	{"name_s": "/usr/share/doc/HTML/ca/konq-plugins/khtmlsettings/common", "size_i": "43", "regex": "false"},
	{"name_s": "/usr/share/doc/HTML/ca/konq-plugins/khtmlsettings/index.cache.bz2", "size_i": "2370", "regex": "false"},
	{"name_s": "/usr/share/doc/HTML/ca/konq-plugins/khtmlsettings/index.docbook", "size_i": "3645", "regex": "false"},
	{"name_s": "/usr/share/doc/HTML/ca/konq-plugins/mediaplayer", "size_i": "4096", "regex": "false"},
	{"name_s": "/usr/share/doc/HTML/ca/konq-plugins/mediaplayer/common", "size_i": "43", "regex": "false"},
	{"name_s": "/usr/share/doc/HTML/ca/konq-plugins/mediaplayer/index.cache.bz2", "size_i": "1951", "regex": "false"},
	{"name_s": "/usr/share/doc/HTML/ca/konq-plugins/mediaplayer/index.docbook", "size_i": "1947", "regex": "false"},
	{"name_s": "/usr/share/doc/HTML/ca/konq-plugins/uachanger", "size_i": "4096", "regex": "false"},
	{"name_s": "/usr/share/doc/HTML/ca/konq-plugins/uachanger/common", "size_i": "43", "regex": "false"},
	{"name_s": "/usr/share/doc/HTML/ca/konq-plugins/uachanger/index.cache.bz2", "size_i": "2521", "regex": "false"},
	{"name_s": "/usr/share/doc/HTML/ca/konq-plugins/uachanger/index.docbook", "size_i": "4071", "regex": "false"},
	{"name_s": "/usr/share/doc/HTML/ca/konq-plugins/validators", "size_i": "4096", "regex": "false"},
	{"name_s": "/usr/share/doc/HTML/ca/konq-plugins/validators/common", "size_i": "43", "regex": "false"},
	{"name_s": "/usr/share/doc/HTML/ca/konq-plugins/validators/index.cache.bz2", "size_i": "2326", "regex": "false"},
	{"name_s": "/usr/share/doc/HTML/ca/konq-plugins/validators/index.docbook", "size_i": "2903", "regex": "false"},
	{"name_s": "/usr/share/doc/HTML/ca/konq-plugins/webarchiver", "size_i": "4096", "regex": "false"},
	{"name_s": "/usr/share/doc/HTML/ca/konq-plugins/webarchiver/common", "size_i": "43", "regex": "false"},
	{"name_s": "/usr/share/doc/HTML/ca/konq-plugins/webarchiver/index.cache.bz2", "size_i": "1875", "regex": "false"},
	{"name_s": "/usr/share/doc/HTML/ca/konq-plugins/webarchiver/index.docbook", "size_i": "1617", "regex": "false"},
	{"name_s": "/usr/share/doc/HTML/de/konq-plugins", "size_i": "4096", "regex": "false"},
	{"name_s": "/usr/share/doc/HTML/de/konq-plugins/babel", "size_i": "4096", "regex": "false"},
	{"name_s": "/usr/share/doc/HTML/de/konq-plugins/babel/common", "size_i": "43", "regex": "false"},
	{"name_s": "/usr/share/doc/HTML/de/konq-plugins/babel/index.cache.bz2", "size_i": "2407", "regex": "false"},
	{"name_s": "/usr/share/doc/HTML/de/konq-plugins/babel/index.docbook", "size_i": "3175", "regex": "false"},
	{"name_s": "/usr/share/doc/HTML/de/konq-plugins/common", "size_i": "30", "regex": "false"},
	{"name_s": "/usr/share/doc/HTML/de/konq-plugins/crashes", "size_i": "4096", "regex": "false"},
	{"name_s": "/usr/share/doc/HTML/de/konq-plugins/crashes/common", "size_i": "43", "regex": "false"},
	{"name_s": "/usr/share/doc/HTML/de/konq-plugins/crashes/index.cache.bz2", "size_i": "1859", "regex": "false"},
	{"name_s": "/usr/share/doc/HTML/de/konq-plugins/crashes/index.docbook", "size_i": "1684", "regex": "false"},
	{"name_s": "/usr/share/doc/HTML/de/konq-plugins/dirfilter", "size_i": "4096", "regex": "false"},
	{"name_s": "/usr/share/doc/HTML/de/konq-plugins/dirfilter/common", "size_i": "43", "regex": "false"},
	{"name_s": "/usr/share/doc/HTML/de/konq-plugins/dirfilter/index.cache.bz2", "size_i": "1904", "regex": "false"},
	{"name_s": "/usr/share/doc/HTML/de/konq-plugins/dirfilter/index.docbook", "size_i": "1979", "regex": "false"},
	{"name_s": "/usr/share/doc/HTML/de/konq-plugins/domtreeviewer", "size_i": "4096", "regex": "false"},
	{"name_s": "/usr/share/doc/HTML/de/konq-plugins/domtreeviewer/common", "size_i": "43", "regex": "false"},
	{"name_s": "/usr/share/doc/HTML/de/konq-plugins/domtreeviewer/index.cache.bz2", "size_i": "2057", "regex": "false"},
	{"name_s": "/usr/share/doc/HTML/de/konq-plugins/domtreeviewer/index.docbook", "size_i": "2355", "regex": "false"},
	{"name_s": "/usr/share/doc/HTML/de/konq-plugins/fsview", "size_i": "4096", "regex": "false"},
	{"name_s": "/usr/share/doc/HTML/de/konq-plugins/fsview/common", "size_i": "43", "regex": "false"},
	{"name_s": "/usr/share/doc/HTML/de/konq-plugins/fsview/index.cache.bz2", "size_i": "4405", "regex": "false"},
	{"name_s": "/usr/share/doc/HTML/de/konq-plugins/fsview/index.docbook", "size_i": "8659", "regex": "false"},
	{"name_s": "/usr/share/doc/HTML/de/konq-plugins/imgallery", "size_i": "4096", "regex": "false"},
	{"name_s": "/usr/share/doc/HTML/de/konq-plugins/imgallery/common", "size_i": "43", "regex": "false"},
	{"name_s": "/usr/share/doc/HTML/de/konq-plugins/imgallery/index.cache.bz2", "size_i": "3553", "regex": "false"},
	{"name_s": "/usr/share/doc/HTML/de/konq-plugins/imgallery/index.docbook", "size_i": "7669", "regex": "false"},
	{"name_s": "/usr/share/doc/HTML/de/konq-plugins/index.cache.bz2", "size_i": "3779", "regex": "false"},
	{"name_s": "/usr/share/doc/HTML/de/konq-plugins/index.docbook", "size_i": "4720", "regex": "false"},
	{"name_s": "/usr/share/doc/HTML/de/konq-plugins/khtmlsettings", "size_i": "4096", "regex": "false"},
	{"name_s": "/usr/share/doc/HTML/de/konq-plugins/khtmlsettings/common", "size_i": "43", "regex": "false"},
	{"name_s": "/usr/share/doc/HTML/de/konq-plugins/khtmlsettings/index.cache.bz2", "size_i": "2266", "regex": "false"},
	{"name_s": "/usr/share/doc/HTML/de/konq-plugins/khtmlsettings/index.docbook", "size_i": "3669", "regex": "false"},
	{"name_s": "/usr/share/doc/HTML/de/konq-plugins/mediaplayer", "size_i": "4096", "regex": "false"},
	{"name_s": "/usr/share/doc/HTML/de/konq-plugins/mediaplayer/common", "size_i": "43", "regex": "false"},
	{"name_s": "/usr/share/doc/HTML/de/konq-plugins/mediaplayer/index.cache.bz2", "size_i": "1952", "regex": "false"},
	{"name_s": "/usr/share/doc/HTML/de/konq-plugins/mediaplayer/index.docbook", "size_i": "2104", "regex": "false"},
	{"name_s": "/usr/share/doc/HTML/de/konq-plugins/uachanger", "size_i": "4096", "regex": "false"},
	{"name_s": "/usr/share/doc/HTML/de/konq-plugins/uachanger/common", "size_i": "43", "regex": "false"},
	{"name_s": "/usr/share/doc/HTML/de/konq-plugins/uachanger/index.cache.bz2", "size_i": "2454", "regex": "false"},
	{"name_s": "/usr/share/doc/HTML/de/konq-plugins/uachanger/index.docbook", "size_i": "4068", "regex": "false"},
	{"name_s": "/usr/share/doc/HTML/de/konq-plugins/validators", "size_i": "4096", "regex": "false"},
	{"name_s": "/usr/share/doc/HTML/de/konq-plugins/validators/common", "size_i": "43", "regex": "false"},
	{"name_s": "/usr/share/doc/HTML/de/konq-plugins/validators/index.cache.bz2", "size_i": "2314", "regex": "false"},
	{"name_s": "/usr/share/doc/HTML/de/konq-plugins/validators/index.docbook", "size_i": "3300", "regex": "false"},
	{"name_s": "/usr/share/doc/HTML/de/konq-plugins/webarchiver", "size_i": "4096", "regex": "false"},
	{"name_s": "/usr/share/doc/HTML/de/konq-plugins/webarchiver/common", "size_i": "43", "regex": "false"},
	{"name_s": "/usr/share/doc/HTML/de/konq-plugins/webarchiver/index.cache.bz2", "size_i": "1876", "regex": "false"},
	{"name_s": "/usr/share/doc/HTML/de/konq-plugins/webarchiver/index.docbook", "size_i": "1774", "regex": "false"},
	{"name_s": "/usr/share/doc/HTML/en/konq-plugins", "size_i": "4096", "regex": "false"},
	{"name_s": "/usr/share/doc/HTML/en/konq-plugins/babel", "size_i": "4096", "regex": "false"},
	{"name_s": "/usr/share/doc/HTML/en/konq-plugins/babel/common", "size_i": "29", "regex": "false"},
	{"name_s": "/usr/share/doc/HTML/en/konq-plugins/babel/index.cache.bz2", "size_i": "2195", "regex": "false"},
	{"name_s": "/usr/share/doc/HTML/en/konq-plugins/babel/index.docbook", "size_i": "2570", "regex": "false"},
	{"name_s": "/usr/share/doc/HTML/en/konq-plugins/common", "size_i": "29", "regex": "false"},
	{"name_s": "/usr/share/doc/HTML/en/konq-plugins/crashes", "size_i": "4096", "regex": "false"},
	{"name_s": "/usr/share/doc/HTML/en/konq-plugins/crashes/common", "size_i": "29", "regex": "false"},
	{"name_s": "/usr/share/doc/HTML/en/konq-plugins/crashes/index.cache.bz2", "size_i": "1709", "regex": "false"},
	{"name_s": "/usr/share/doc/HTML/en/konq-plugins/crashes/index.docbook", "size_i": "1379", "regex": "false"},
	{"name_s": "/usr/share/doc/HTML/en/konq-plugins/dirfilter", "size_i": "4096", "regex": "false"},
	{"name_s": "/usr/share/doc/HTML/en/konq-plugins/dirfilter/common", "size_i": "29", "regex": "false"},
	{"name_s": "/usr/share/doc/HTML/en/konq-plugins/dirfilter/index.cache.bz2", "size_i": "1764", "regex": "false"},
	{"name_s": "/usr/share/doc/HTML/en/konq-plugins/dirfilter/index.docbook", "size_i": "1443", "regex": "false"},
	{"name_s": "/usr/share/doc/HTML/en/konq-plugins/domtreeviewer", "size_i": "4096", "regex": "false"},
	{"name_s": "/usr/share/doc/HTML/en/konq-plugins/domtreeviewer/common", "size_i": "29", "regex": "false"},
	{"name_s": "/usr/share/doc/HTML/en/konq-plugins/domtreeviewer/index.cache.bz2", "size_i": "1936", "regex": "false"},
	{"name_s": "/usr/share/doc/HTML/en/konq-plugins/domtreeviewer/index.docbook", "size_i": "1888", "regex": "false"},
	{"name_s": "/usr/share/doc/HTML/en/konq-plugins/fsview", "size_i": "4096", "regex": "false"},
	{"name_s": "/usr/share/doc/HTML/en/konq-plugins/fsview/common", "size_i": "29", "regex": "false"},
	{"name_s": "/usr/share/doc/HTML/en/konq-plugins/fsview/index.cache.bz2", "size_i": "4018", "regex": "false"},
	{"name_s": "/usr/share/doc/HTML/en/konq-plugins/fsview/index.docbook", "size_i": "7037", "regex": "false"},
	{"name_s": "/usr/share/doc/HTML/en/konq-plugins/imgallery", "size_i": "4096", "regex": "false"},
	{"name_s": "/usr/share/doc/HTML/en/konq-plugins/imgallery/common", "size_i": "29", "regex": "false"},
	{"name_s": "/usr/share/doc/HTML/en/konq-plugins/imgallery/folders.png", "size_i": "19783", "regex": "false"},
	{"name_s": "/usr/share/doc/HTML/en/konq-plugins/imgallery/index.cache.bz2", "size_i": "3337", "regex": "false"},
	{"name_s": "/usr/share/doc/HTML/en/konq-plugins/imgallery/index.docbook", "size_i": "6840", "regex": "false"},
	{"name_s": "/usr/share/doc/HTML/en/konq-plugins/imgallery/look.png", "size_i": "20476", "regex": "false"},
	{"name_s": "/usr/share/doc/HTML/en/konq-plugins/imgallery/thumbnails.png", "size_i": "15511", "regex": "false"},
	{"name_s": "/usr/share/doc/HTML/en/konq-plugins/index.cache.bz2", "size_i": "3440", "regex": "false"},
	{"name_s": "/usr/share/doc/HTML/en/konq-plugins/index.docbook", "size_i": "3992", "regex": "false"},
	{"name_s": "/usr/share/doc/HTML/en/konq-plugins/khtmlsettings", "size_i": "4096", "regex": "false"},
	{"name_s": "/usr/share/doc/HTML/en/konq-plugins/khtmlsettings/common", "size_i": "29", "regex": "false"},
	{"name_s": "/usr/share/doc/HTML/en/konq-plugins/khtmlsettings/index.cache.bz2", "size_i": "2208", "regex": "false"},
	{"name_s": "/usr/share/doc/HTML/en/konq-plugins/khtmlsettings/index.docbook", "size_i": "3348", "regex": "false"},
	{"name_s": "/usr/share/doc/HTML/en/konq-plugins/uachanger", "size_i": "4096", "regex": "false"},
	{"name_s": "/usr/share/doc/HTML/en/konq-plugins/uachanger/common", "size_i": "29", "regex": "false"},
	{"name_s": "/usr/share/doc/HTML/en/konq-plugins/uachanger/index.cache.bz2", "size_i": "2384", "regex": "false"},
	{"name_s": "/usr/share/doc/HTML/en/konq-plugins/uachanger/index.docbook", "size_i": "3754", "regex": "false"},
	{"name_s": "/usr/share/doc/HTML/en/konq-plugins/validators", "size_i": "4096", "regex": "false"},
	{"name_s": "/usr/share/doc/HTML/en/konq-plugins/validators/common", "size_i": "29", "regex": "false"},
	{"name_s": "/usr/share/doc/HTML/en/konq-plugins/validators/index.cache.bz2", "size_i": "2166", "regex": "false"},
	{"name_s": "/usr/share/doc/HTML/en/konq-plugins/validators/index.docbook", "size_i": "2691", "regex": "false"},
	{"name_s": "/usr/share/doc/HTML/en/konq-plugins/webarchiver", "size_i": "4096", "regex": "false"},
	{"name_s": "/usr/share/doc/HTML/en/konq-plugins/webarchiver/common", "size_i": "29", "regex": "false"},
	{"name_s": "/usr/share/doc/HTML/en/konq-plugins/webarchiver/index.cache.bz2", "size_i": "1781", "regex": "false"},
	{"name_s": "/usr/share/doc/HTML/en/konq-plugins/webarchiver/index.docbook", "size_i": "1535", "regex": "false"},
	{"name_s": "/usr/share/doc/HTML/et/konq-plugins", "size_i": "4096", "regex": "false"},
	{"name_s": "/usr/share/doc/HTML/et/konq-plugins/babel", "size_i": "4096", "regex": "false"},
	{"name_s": "/usr/share/doc/HTML/et/konq-plugins/babel/common", "size_i": "43", "regex": "false"},
	{"name_s": "/usr/share/doc/HTML/et/konq-plugins/babel/index.cache.bz2", "size_i": "2303", "regex": "false"},
	{"name_s": "/usr/share/doc/HTML/et/konq-plugins/babel/index.docbook", "size_i": "2760", "regex": "false"},
	{"name_s": "/usr/share/doc/HTML/et/konq-plugins/common", "size_i": "30", "regex": "false"},
	{"name_s": "/usr/share/doc/HTML/et/konq-plugins/crashes", "size_i": "4096", "regex": "false"},
	{"name_s": "/usr/share/doc/HTML/et/konq-plugins/crashes/common", "size_i": "43", "regex": "false"},
	{"name_s": "/usr/share/doc/HTML/et/konq-plugins/crashes/index.cache.bz2", "size_i": "1812", "regex": "false"},
	{"name_s": "/usr/share/doc/HTML/et/konq-plugins/crashes/index.docbook", "size_i": "1663", "regex": "false"},
	{"name_s": "/usr/share/doc/HTML/et/konq-plugins/dirfilter", "size_i": "4096", "regex": "false"},
	{"name_s": "/usr/share/doc/HTML/et/konq-plugins/dirfilter/common", "size_i": "43", "regex": "false"},
	{"name_s": "/usr/share/doc/HTML/et/konq-plugins/dirfilter/index.cache.bz2", "size_i": "1819", "regex": "false"},
	{"name_s": "/usr/share/doc/HTML/et/konq-plugins/dirfilter/index.docbook", "size_i": "1656", "regex": "false"},
	{"name_s": "/usr/share/doc/HTML/et/konq-plugins/domtreeviewer", "size_i": "4096", "regex": "false"},
	{"name_s": "/usr/share/doc/HTML/et/konq-plugins/domtreeviewer/common", "size_i": "43", "regex": "false"},
	{"name_s": "/usr/share/doc/HTML/et/konq-plugins/domtreeviewer/index.cache.bz2", "size_i": "1981", "regex": "false"},
	{"name_s": "/usr/share/doc/HTML/et/konq-plugins/domtreeviewer/index.docbook", "size_i": "2042", "regex": "false"},
	{"name_s": "/usr/share/doc/HTML/et/konq-plugins/fsview", "size_i": "4096", "regex": "false"},
	{"name_s": "/usr/share/doc/HTML/et/konq-plugins/fsview/common", "size_i": "43", "regex": "false"},
	{"name_s": "/usr/share/doc/HTML/et/konq-plugins/fsview/index.cache.bz2", "size_i": "4143", "regex": "false"},
	{"name_s": "/usr/share/doc/HTML/et/konq-plugins/fsview/index.docbook", "size_i": "7415", "regex": "false"},
	{"name_s": "/usr/share/doc/HTML/et/konq-plugins/imgallery", "size_i": "4096", "regex": "false"},
	{"name_s": "/usr/share/doc/HTML/et/konq-plugins/imgallery/common", "size_i": "43", "regex": "false"},
	{"name_s": "/usr/share/doc/HTML/et/konq-plugins/imgallery/index.cache.bz2", "size_i": "3457", "regex": "false"},
	{"name_s": "/usr/share/doc/HTML/et/konq-plugins/imgallery/index.docbook", "size_i": "6760", "regex": "false"},
	{"name_s": "/usr/share/doc/HTML/et/konq-plugins/index.cache.bz2", "size_i": "3765", "regex": "false"},
	{"name_s": "/usr/share/doc/HTML/et/konq-plugins/index.docbook", "size_i": "4327", "regex": "false"},
	{"name_s": "/usr/share/doc/HTML/et/konq-plugins/khtmlsettings", "size_i": "4096", "regex": "false"},
	{"name_s": "/usr/share/doc/HTML/et/konq-plugins/khtmlsettings/common", "size_i": "43", "regex": "false"},
	{"name_s": "/usr/share/doc/HTML/et/konq-plugins/khtmlsettings/index.cache.bz2", "size_i": "2284", "regex": "false"},
	{"name_s": "/usr/share/doc/HTML/et/konq-plugins/khtmlsettings/index.docbook", "size_i": "3729", "regex": "false"},
	{"name_s": "/usr/share/doc/HTML/et/konq-plugins/mediaplayer", "size_i": "4096", "regex": "false"},
	{"name_s": "/usr/share/doc/HTML/et/konq-plugins/mediaplayer/common", "size_i": "43", "regex": "false"},
	{"name_s": "/usr/share/doc/HTML/et/konq-plugins/mediaplayer/index.cache.bz2", "size_i": "1896", "regex": "false"},
	{"name_s": "/usr/share/doc/HTML/et/konq-plugins/mediaplayer/index.docbook", "size_i": "1926", "regex": "false"},
	{"name_s": "/usr/share/doc/HTML/et/konq-plugins/uachanger", "size_i": "4096", "regex": "false"},
	{"name_s": "/usr/share/doc/HTML/et/konq-plugins/uachanger/common", "size_i": "43", "regex": "false"},
	{"name_s": "/usr/share/doc/HTML/et/konq-plugins/uachanger/index.cache.bz2", "size_i": "2510", "regex": "false"},
	{"name_s": "/usr/share/doc/HTML/et/konq-plugins/uachanger/index.docbook", "size_i": "4158", "regex": "false"},
	{"name_s": "/usr/share/doc/HTML/et/konq-plugins/validators", "size_i": "4096", "regex": "false"},
	{"name_s": "/usr/share/doc/HTML/et/konq-plugins/validators/common", "size_i": "43", "regex": "false"},
	{"name_s": "/usr/share/doc/HTML/et/konq-plugins/validators/index.cache.bz2", "size_i": "2285", "regex": "false"},
	{"name_s": "/usr/share/doc/HTML/et/konq-plugins/validators/index.docbook", "size_i": "3163", "regex": "false"},
	{"name_s": "/usr/share/doc/HTML/et/konq-plugins/webarchiver", "size_i": "4096", "regex": "false"},
	{"name_s": "/usr/share/doc/HTML/et/konq-plugins/webarchiver/common", "size_i": "43", "regex": "false"},
	{"name_s": "/usr/share/doc/HTML/et/konq-plugins/webarchiver/index.cache.bz2", "size_i": "1858", "regex": "false"},
	{"name_s": "/usr/share/doc/HTML/et/konq-plugins/webarchiver/index.docbook", "size_i": "1786", "regex": "false"},
	{"name_s": "/usr/share/doc/HTML/fr/konq-plugins", "size_i": "4096", "regex": "false"},
	{"name_s": "/usr/share/doc/HTML/fr/konq-plugins/babel", "size_i": "4096", "regex": "false"},
	{"name_s": "/usr/share/doc/HTML/fr/konq-plugins/babel/common", "size_i": "43", "regex": "false"},
	{"name_s": "/usr/share/doc/HTML/fr/konq-plugins/babel/index.cache.bz2", "size_i": "2386", "regex": "false"},
	{"name_s": "/usr/share/doc/HTML/fr/konq-plugins/babel/index.docbook", "size_i": "2847", "regex": "false"},
	{"name_s": "/usr/share/doc/HTML/fr/konq-plugins/common", "size_i": "30", "regex": "false"},
	{"name_s": "/usr/share/doc/HTML/fr/konq-plugins/crashes", "size_i": "4096", "regex": "false"},
	{"name_s": "/usr/share/doc/HTML/fr/konq-plugins/crashes/common", "size_i": "43", "regex": "false"},
	{"name_s": "/usr/share/doc/HTML/fr/konq-plugins/crashes/index.cache.bz2", "size_i": "1831", "regex": "false"},
	{"name_s": "/usr/share/doc/HTML/fr/konq-plugins/crashes/index.docbook", "size_i": "1486", "regex": "false"},
	{"name_s": "/usr/share/doc/HTML/fr/konq-plugins/dirfilter", "size_i": "4096", "regex": "false"},
	{"name_s": "/usr/share/doc/HTML/fr/konq-plugins/dirfilter/common", "size_i": "43", "regex": "false"},
	{"name_s": "/usr/share/doc/HTML/fr/konq-plugins/dirfilter/index.cache.bz2", "size_i": "1861", "regex": "false"},
	{"name_s": "/usr/share/doc/HTML/fr/konq-plugins/dirfilter/index.docbook", "size_i": "1564", "regex": "false"},
	{"name_s": "/usr/share/doc/HTML/fr/konq-plugins/domtreeviewer", "size_i": "4096", "regex": "false"},
	{"name_s": "/usr/share/doc/HTML/fr/konq-plugins/domtreeviewer/common", "size_i": "43", "regex": "false"},
	{"name_s": "/usr/share/doc/HTML/fr/konq-plugins/domtreeviewer/index.cache.bz2", "size_i": "2083", "regex": "false"},
	{"name_s": "/usr/share/doc/HTML/fr/konq-plugins/domtreeviewer/index.docbook", "size_i": "2101", "regex": "false"},
	{"name_s": "/usr/share/doc/HTML/fr/konq-plugins/fsview", "size_i": "4096", "regex": "false"},
	{"name_s": "/usr/share/doc/HTML/fr/konq-plugins/fsview/common", "size_i": "43", "regex": "false"},
	{"name_s": "/usr/share/doc/HTML/fr/konq-plugins/fsview/index.cache.bz2", "size_i": "4322", "regex": "false"},
	{"name_s": "/usr/share/doc/HTML/fr/konq-plugins/fsview/index.docbook", "size_i": "8342", "regex": "false"},
	{"name_s": "/usr/share/doc/HTML/fr/konq-plugins/imgallery", "size_i": "4096", "regex": "false"},
	{"name_s": "/usr/share/doc/HTML/fr/konq-plugins/imgallery/common", "size_i": "43", "regex": "false"},
	{"name_s": "/usr/share/doc/HTML/fr/konq-plugins/imgallery/index.cache.bz2", "size_i": "3484", "regex": "false"},
	{"name_s": "/usr/share/doc/HTML/fr/konq-plugins/imgallery/index.docbook", "size_i": "7127", "regex": "false"},
	{"name_s": "/usr/share/doc/HTML/fr/konq-plugins/index.cache.bz2", "size_i": "3865", "regex": "false"},
	{"name_s": "/usr/share/doc/HTML/fr/konq-plugins/index.docbook", "size_i": "4359", "regex": "false"},
	{"name_s": "/usr/share/doc/HTML/fr/konq-plugins/khtmlsettings", "size_i": "4096", "regex": "false"},
	{"name_s": "/usr/share/doc/HTML/fr/konq-plugins/khtmlsettings/common", "size_i": "43", "regex": "false"},
	{"name_s": "/usr/share/doc/HTML/fr/konq-plugins/khtmlsettings/index.cache.bz2", "size_i": "2396", "regex": "false"},
	{"name_s": "/usr/share/doc/HTML/fr/konq-plugins/khtmlsettings/index.docbook", "size_i": "3726", "regex": "false"},
	{"name_s": "/usr/share/doc/HTML/fr/konq-plugins/mediaplayer", "size_i": "4096", "regex": "false"},
	{"name_s": "/usr/share/doc/HTML/fr/konq-plugins/mediaplayer/common", "size_i": "43", "regex": "false"},
	{"name_s": "/usr/share/doc/HTML/fr/konq-plugins/mediaplayer/index.cache.bz2", "size_i": "1968", "regex": "false"},
	{"name_s": "/usr/share/doc/HTML/fr/konq-plugins/mediaplayer/index.docbook", "size_i": "1951", "regex": "false"},
	{"name_s": "/usr/share/doc/HTML/fr/konq-plugins/uachanger", "size_i": "4096", "regex": "false"},
	{"name_s": "/usr/share/doc/HTML/fr/konq-plugins/uachanger/common", "size_i": "43", "regex": "false"},
	{"name_s": "/usr/share/doc/HTML/fr/konq-plugins/uachanger/index.cache.bz2", "size_i": "2593", "regex": "false"},
	{"name_s": "/usr/share/doc/HTML/fr/konq-plugins/uachanger/index.docbook", "size_i": "4225", "regex": "false"},
	{"name_s": "/usr/share/doc/HTML/fr/konq-plugins/validators", "size_i": "4096", "regex": "false"},
	{"name_s": "/usr/share/doc/HTML/fr/konq-plugins/validators/common", "size_i": "43", "regex": "false"},
	{"name_s": "/usr/share/doc/HTML/fr/konq-plugins/validators/index.cache.bz2", "size_i": "2373", "regex": "false"},
	{"name_s": "/usr/share/doc/HTML/fr/konq-plugins/validators/index.docbook", "size_i": "3049", "regex": "false"},
	{"name_s": "/usr/share/doc/HTML/fr/konq-plugins/webarchiver", "size_i": "4096", "regex": "false"},
	{"name_s": "/usr/share/doc/HTML/fr/konq-plugins/webarchiver/common", "size_i": "43", "regex": "false"},
	{"name_s": "/usr/share/doc/HTML/fr/konq-plugins/webarchiver/index.cache.bz2", "size_i": "1909", "regex": "false"},
	{"name_s": "/usr/share/doc/HTML/fr/konq-plugins/webarchiver/index.docbook", "size_i": "1651", "regex": "false"},
	{"name_s": "/usr/share/doc/HTML/it/konq-plugins", "size_i": "4096", "regex": "false"},
	{"name_s": "/usr/share/doc/HTML/it/konq-plugins/babel", "size_i": "4096", "regex": "false"},
	{"name_s": "/usr/share/doc/HTML/it/konq-plugins/babel/common", "size_i": "43", "regex": "false"},
	{"name_s": "/usr/share/doc/HTML/it/konq-plugins/babel/index.cache.bz2", "size_i": "2369", "regex": "false"},
	{"name_s": "/usr/share/doc/HTML/it/konq-plugins/babel/index.docbook", "size_i": "3153", "regex": "false"},
	{"name_s": "/usr/share/doc/HTML/it/konq-plugins/common", "size_i": "30", "regex": "false"},
	{"name_s": "/usr/share/doc/HTML/it/konq-plugins/crashes", "size_i": "4096", "regex": "false"},
	{"name_s": "/usr/share/doc/HTML/it/konq-plugins/crashes/common", "size_i": "43", "regex": "false"},
	{"name_s": "/usr/share/doc/HTML/it/konq-plugins/crashes/index.cache.bz2", "size_i": "1834", "regex": "false"},
	{"name_s": "/usr/share/doc/HTML/it/konq-plugins/crashes/index.docbook", "size_i": "1956", "regex": "false"},
	{"name_s": "/usr/share/doc/HTML/it/konq-plugins/dirfilter", "size_i": "4096", "regex": "false"},
	{"name_s": "/usr/share/doc/HTML/it/konq-plugins/dirfilter/common", "size_i": "43", "regex": "false"},
	{"name_s": "/usr/share/doc/HTML/it/konq-plugins/dirfilter/index.cache.bz2", "size_i": "1876", "regex": "false"},
	{"name_s": "/usr/share/doc/HTML/it/konq-plugins/dirfilter/index.docbook", "size_i": "1982", "regex": "false"},
	{"name_s": "/usr/share/doc/HTML/it/konq-plugins/domtreeviewer", "size_i": "4096", "regex": "false"},
	{"name_s": "/usr/share/doc/HTML/it/konq-plugins/domtreeviewer/common", "size_i": "43", "regex": "false"},
	{"name_s": "/usr/share/doc/HTML/it/konq-plugins/domtreeviewer/index.cache.bz2", "size_i": "2066", "regex": "false"},
	{"name_s": "/usr/share/doc/HTML/it/konq-plugins/domtreeviewer/index.docbook", "size_i": "2533", "regex": "false"},
	{"name_s": "/usr/share/doc/HTML/it/konq-plugins/fsview", "size_i": "4096", "regex": "false"},
	{"name_s": "/usr/share/doc/HTML/it/konq-plugins/fsview/common", "size_i": "43", "regex": "false"},
	{"name_s": "/usr/share/doc/HTML/it/konq-plugins/fsview/index.cache.bz2", "size_i": "4187", "regex": "false"},
	{"name_s": "/usr/share/doc/HTML/it/konq-plugins/fsview/index.docbook", "size_i": "8181", "regex": "false"},
	{"name_s": "/usr/share/doc/HTML/it/konq-plugins/imgallery", "size_i": "4096", "regex": "false"},
	{"name_s": "/usr/share/doc/HTML/it/konq-plugins/imgallery/common", "size_i": "43", "regex": "false"},
	{"name_s": "/usr/share/doc/HTML/it/konq-plugins/imgallery/index.cache.bz2", "size_i": "3610", "regex": "false"},
	{"name_s": "/usr/share/doc/HTML/it/konq-plugins/imgallery/index.docbook", "size_i": "8209", "regex": "false"},
	{"name_s": "/usr/share/doc/HTML/it/konq-plugins/index.cache.bz2", "size_i": "3724", "regex": "false"},
	{"name_s": "/usr/share/doc/HTML/it/konq-plugins/index.docbook", "size_i": "4822", "regex": "false"},
	{"name_s": "/usr/share/doc/HTML/it/konq-plugins/khtmlsettings", "size_i": "4096", "regex": "false"},
	{"name_s": "/usr/share/doc/HTML/it/konq-plugins/khtmlsettings/common", "size_i": "43", "regex": "false"},
	{"name_s": "/usr/share/doc/HTML/it/konq-plugins/khtmlsettings/index.cache.bz2", "size_i": "2321", "regex": "false"},
	{"name_s": "/usr/share/doc/HTML/it/konq-plugins/khtmlsettings/index.docbook", "size_i": "4101", "regex": "false"},
	{"name_s": "/usr/share/doc/HTML/it/konq-plugins/mediaplayer", "size_i": "4096", "regex": "false"},
	{"name_s": "/usr/share/doc/HTML/it/konq-plugins/mediaplayer/common", "size_i": "43", "regex": "false"},
	{"name_s": "/usr/share/doc/HTML/it/konq-plugins/mediaplayer/index.cache.bz2", "size_i": "1961", "regex": "false"},
	{"name_s": "/usr/share/doc/HTML/it/konq-plugins/mediaplayer/index.docbook", "size_i": "2263", "regex": "false"},
	{"name_s": "/usr/share/doc/HTML/it/konq-plugins/uachanger", "size_i": "4096", "regex": "false"},
	{"name_s": "/usr/share/doc/HTML/it/konq-plugins/uachanger/common", "size_i": "43", "regex": "false"},
	{"name_s": "/usr/share/doc/HTML/it/konq-plugins/uachanger/index.cache.bz2", "size_i": "2506", "regex": "false"},
	{"name_s": "/usr/share/doc/HTML/it/konq-plugins/uachanger/index.docbook", "size_i": "4419", "regex": "false"},
	{"name_s": "/usr/share/doc/HTML/it/konq-plugins/validators", "size_i": "4096", "regex": "false"},
	{"name_s": "/usr/share/doc/HTML/it/konq-plugins/validators/common", "size_i": "43", "regex": "false"},
	{"name_s": "/usr/share/doc/HTML/it/konq-plugins/validators/index.cache.bz2", "size_i": "2295", "regex": "false"},
	{"name_s": "/usr/share/doc/HTML/it/konq-plugins/validators/index.docbook", "size_i": "3408", "regex": "false"},
	{"name_s": "/usr/share/doc/HTML/it/konq-plugins/webarchiver", "size_i": "4096", "regex": "false"},
	{"name_s": "/usr/share/doc/HTML/it/konq-plugins/webarchiver/common", "size_i": "43", "regex": "false"},
	{"name_s": "/usr/share/doc/HTML/it/konq-plugins/webarchiver/index.cache.bz2", "size_i": "1893", "regex": "false"},
	{"name_s": "/usr/share/doc/HTML/it/konq-plugins/webarchiver/index.docbook", "size_i": "2072", "regex": "false"},
	{"name_s": "/usr/share/doc/HTML/nl/konq-plugins", "size_i": "4096", "regex": "false"},
	{"name_s": "/usr/share/doc/HTML/nl/konq-plugins/babel", "size_i": "4096", "regex": "false"},
	{"name_s": "/usr/share/doc/HTML/nl/konq-plugins/babel/common", "size_i": "43", "regex": "false"},
	{"name_s": "/usr/share/doc/HTML/nl/konq-plugins/babel/index.cache.bz2", "size_i": "2485", "regex": "false"},
	{"name_s": "/usr/share/doc/HTML/nl/konq-plugins/babel/index.docbook", "size_i": "2679", "regex": "false"},
	{"name_s": "/usr/share/doc/HTML/nl/konq-plugins/common", "size_i": "30", "regex": "false"},
	{"name_s": "/usr/share/doc/HTML/nl/konq-plugins/crashes", "size_i": "4096", "regex": "false"},
	{"name_s": "/usr/share/doc/HTML/nl/konq-plugins/crashes/common", "size_i": "43", "regex": "false"},
	{"name_s": "/usr/share/doc/HTML/nl/konq-plugins/crashes/index.cache.bz2", "size_i": "1858", "regex": "false"},
	{"name_s": "/usr/share/doc/HTML/nl/konq-plugins/crashes/index.docbook", "size_i": "1478", "regex": "false"},
	{"name_s": "/usr/share/doc/HTML/nl/konq-plugins/dirfilter", "size_i": "4096", "regex": "false"},
	{"name_s": "/usr/share/doc/HTML/nl/konq-plugins/dirfilter/common", "size_i": "43", "regex": "false"},
	{"name_s": "/usr/share/doc/HTML/nl/konq-plugins/dirfilter/index.cache.bz2", "size_i": "1903", "regex": "false"},
	{"name_s": "/usr/share/doc/HTML/nl/konq-plugins/dirfilter/index.docbook", "size_i": "1538", "regex": "false"},
	{"name_s": "/usr/share/doc/HTML/nl/konq-plugins/domtreeviewer", "size_i": "4096", "regex": "false"},
	{"name_s": "/usr/share/doc/HTML/nl/konq-plugins/domtreeviewer/common", "size_i": "43", "regex": "false"},
	{"name_s": "/usr/share/doc/HTML/nl/konq-plugins/domtreeviewer/index.cache.bz2", "size_i": "2084", "regex": "false"},
	{"name_s": "/usr/share/doc/HTML/nl/konq-plugins/domtreeviewer/index.docbook", "size_i": "1985", "regex": "false"},
	{"name_s": "/usr/share/doc/HTML/nl/konq-plugins/fsview", "size_i": "4096", "regex": "false"},
	{"name_s": "/usr/share/doc/HTML/nl/konq-plugins/fsview/common", "size_i": "43", "regex": "false"},
	{"name_s": "/usr/share/doc/HTML/nl/konq-plugins/fsview/index.cache.bz2", "size_i": "4028", "regex": "false"},
	{"name_s": "/usr/share/doc/HTML/nl/konq-plugins/fsview/index.docbook", "size_i": "7313", "regex": "false"},
	{"name_s": "/usr/share/doc/HTML/nl/konq-plugins/imgallery", "size_i": "4096", "regex": "false"},
	{"name_s": "/usr/share/doc/HTML/nl/konq-plugins/imgallery/common", "size_i": "43", "regex": "false"},
	{"name_s": "/usr/share/doc/HTML/nl/konq-plugins/imgallery/index.cache.bz2", "size_i": "3705", "regex": "false"},
	{"name_s": "/usr/share/doc/HTML/nl/konq-plugins/imgallery/index.docbook", "size_i": "7398", "regex": "false"},
	{"name_s": "/usr/share/doc/HTML/nl/konq-plugins/index.cache.bz2", "size_i": "3906", "regex": "false"},
	{"name_s": "/usr/share/doc/HTML/nl/konq-plugins/index.docbook", "size_i": "4188", "regex": "false"},
	{"name_s": "/usr/share/doc/HTML/nl/konq-plugins/khtmlsettings", "size_i": "4096", "regex": "false"},
	{"name_s": "/usr/share/doc/HTML/nl/konq-plugins/khtmlsettings/common", "size_i": "43", "regex": "false"},
	{"name_s": "/usr/share/doc/HTML/nl/konq-plugins/khtmlsettings/index.cache.bz2", "size_i": "2334", "regex": "false"},
	{"name_s": "/usr/share/doc/HTML/nl/konq-plugins/khtmlsettings/index.docbook", "size_i": "3534", "regex": "false"},
	{"name_s": "/usr/share/doc/HTML/nl/konq-plugins/mediaplayer", "size_i": "4096", "regex": "false"},
	{"name_s": "/usr/share/doc/HTML/nl/konq-plugins/mediaplayer/common", "size_i": "43", "regex": "false"},
	{"name_s": "/usr/share/doc/HTML/nl/konq-plugins/mediaplayer/index.cache.bz2", "size_i": "1976", "regex": "false"},
	{"name_s": "/usr/share/doc/HTML/nl/konq-plugins/mediaplayer/index.docbook", "size_i": "1854", "regex": "false"},
	{"name_s": "/usr/share/doc/HTML/nl/konq-plugins/uachanger", "size_i": "4096", "regex": "false"},
	{"name_s": "/usr/share/doc/HTML/nl/konq-plugins/uachanger/common", "size_i": "43", "regex": "false"},
	{"name_s": "/usr/share/doc/HTML/nl/konq-plugins/uachanger/index.cache.bz2", "size_i": "2531", "regex": "false"},
	{"name_s": "/usr/share/doc/HTML/nl/konq-plugins/uachanger/index.docbook", "size_i": "3817", "regex": "false"},
	{"name_s": "/usr/share/doc/HTML/nl/konq-plugins/validators", "size_i": "4096", "regex": "false"},
	{"name_s": "/usr/share/doc/HTML/nl/konq-plugins/validators/common", "size_i": "43", "regex": "false"},
	{"name_s": "/usr/share/doc/HTML/nl/konq-plugins/validators/index.cache.bz2", "size_i": "2319", "regex": "false"},
	{"name_s": "/usr/share/doc/HTML/nl/konq-plugins/validators/index.docbook", "size_i": "2795", "regex": "false"},
	{"name_s": "/usr/share/doc/HTML/nl/konq-plugins/webarchiver", "size_i": "4096", "regex": "false"},
	{"name_s": "/usr/share/doc/HTML/nl/konq-plugins/webarchiver/common", "size_i": "43", "regex": "false"},
	{"name_s": "/usr/share/doc/HTML/nl/konq-plugins/webarchiver/index.cache.bz2", "size_i": "1949", "regex": "false"},
	{"name_s": "/usr/share/doc/HTML/nl/konq-plugins/webarchiver/index.docbook", "size_i": "1657", "regex": "false"},
	{"name_s": "/usr/share/doc/HTML/pt/konq-plugins", "size_i": "4096", "regex": "false"},
	{"name_s": "/usr/share/doc/HTML/pt/konq-plugins/babel", "size_i": "4096", "regex": "false"},
	{"name_s": "/usr/share/doc/HTML/pt/konq-plugins/babel/common", "size_i": "43", "regex": "false"},
	{"name_s": "/usr/share/doc/HTML/pt/konq-plugins/babel/index.cache.bz2", "size_i": "2356", "regex": "false"},
	{"name_s": "/usr/share/doc/HTML/pt/konq-plugins/babel/index.docbook", "size_i": "2909", "regex": "false"},
	{"name_s": "/usr/share/doc/HTML/pt/konq-plugins/common", "size_i": "30", "regex": "false"},
	{"name_s": "/usr/share/doc/HTML/pt/konq-plugins/crashes", "size_i": "4096", "regex": "false"},
	{"name_s": "/usr/share/doc/HTML/pt/konq-plugins/crashes/common", "size_i": "43", "regex": "false"},
	{"name_s": "/usr/share/doc/HTML/pt/konq-plugins/crashes/index.cache.bz2", "size_i": "1794", "regex": "false"},
	{"name_s": "/usr/share/doc/HTML/pt/konq-plugins/crashes/index.docbook", "size_i": "1631", "regex": "false"},
	{"name_s": "/usr/share/doc/HTML/pt/konq-plugins/dirfilter", "size_i": "4096", "regex": "false"},
	{"name_s": "/usr/share/doc/HTML/pt/konq-plugins/dirfilter/common", "size_i": "43", "regex": "false"},
	{"name_s": "/usr/share/doc/HTML/pt/konq-plugins/dirfilter/index.cache.bz2", "size_i": "1870", "regex": "false"},
	{"name_s": "/usr/share/doc/HTML/pt/konq-plugins/dirfilter/index.docbook", "size_i": "1741", "regex": "false"},
	{"name_s": "/usr/share/doc/HTML/pt/konq-plugins/domtreeviewer", "size_i": "4096", "regex": "false"},
	{"name_s": "/usr/share/doc/HTML/pt/konq-plugins/domtreeviewer/common", "size_i": "43", "regex": "false"},
	{"name_s": "/usr/share/doc/HTML/pt/konq-plugins/domtreeviewer/index.cache.bz2", "size_i": "2086", "regex": "false"},
	{"name_s": "/usr/share/doc/HTML/pt/konq-plugins/domtreeviewer/index.docbook", "size_i": "2230", "regex": "false"},
	{"name_s": "/usr/share/doc/HTML/pt/konq-plugins/fsview", "size_i": "4096", "regex": "false"},
	{"name_s": "/usr/share/doc/HTML/pt/konq-plugins/fsview/common", "size_i": "43", "regex": "false"},
	{"name_s": "/usr/share/doc/HTML/pt/konq-plugins/fsview/index.cache.bz2", "size_i": "4255", "regex": "false"},
	{"name_s": "/usr/share/doc/HTML/pt/konq-plugins/fsview/index.docbook", "size_i": "8151", "regex": "false"},
	{"name_s": "/usr/share/doc/HTML/pt/konq-plugins/imgallery", "size_i": "4096", "regex": "false"},
	{"name_s": "/usr/share/doc/HTML/pt/konq-plugins/imgallery/common", "size_i": "43", "regex": "false"},
	{"name_s": "/usr/share/doc/HTML/pt/konq-plugins/imgallery/index.cache.bz2", "size_i": "3682", "regex": "false"},
	{"name_s": "/usr/share/doc/HTML/pt/konq-plugins/imgallery/index.docbook", "size_i": "7769", "regex": "false"},
	{"name_s": "/usr/share/doc/HTML/pt/konq-plugins/index.cache.bz2", "size_i": "3771", "regex": "false"},
	{"name_s": "/usr/share/doc/HTML/pt/konq-plugins/index.docbook", "size_i": "4460", "regex": "false"},
	{"name_s": "/usr/share/doc/HTML/pt/konq-plugins/khtmlsettings", "size_i": "4096", "regex": "false"},
	{"name_s": "/usr/share/doc/HTML/pt/konq-plugins/khtmlsettings/common", "size_i": "43", "regex": "false"},
	{"name_s": "/usr/share/doc/HTML/pt/konq-plugins/khtmlsettings/index.cache.bz2", "size_i": "2322", "regex": "false"},
	{"name_s": "/usr/share/doc/HTML/pt/konq-plugins/khtmlsettings/index.docbook", "size_i": "3827", "regex": "false"},
	{"name_s": "/usr/share/doc/HTML/pt/konq-plugins/mediaplayer", "size_i": "4096", "regex": "false"},
	{"name_s": "/usr/share/doc/HTML/pt/konq-plugins/mediaplayer/common", "size_i": "43", "regex": "false"},
	{"name_s": "/usr/share/doc/HTML/pt/konq-plugins/mediaplayer/index.cache.bz2", "size_i": "1958", "regex": "false"},
	{"name_s": "/usr/share/doc/HTML/pt/konq-plugins/mediaplayer/index.docbook", "size_i": "2029", "regex": "false"},
	{"name_s": "/usr/share/doc/HTML/pt/konq-plugins/uachanger", "size_i": "4096", "regex": "false"},
	{"name_s": "/usr/share/doc/HTML/pt/konq-plugins/uachanger/common", "size_i": "43", "regex": "false"},
	{"name_s": "/usr/share/doc/HTML/pt/konq-plugins/uachanger/index.cache.bz2", "size_i": "2579", "regex": "false"},
	{"name_s": "/usr/share/doc/HTML/pt/konq-plugins/uachanger/index.docbook", "size_i": "4297", "regex": "false"},
	{"name_s": "/usr/share/doc/HTML/pt/konq-plugins/validators", "size_i": "4096", "regex": "false"},
	{"name_s": "/usr/share/doc/HTML/pt/konq-plugins/validators/common", "size_i": "43", "regex": "false"},
	{"name_s": "/usr/share/doc/HTML/pt/konq-plugins/validators/index.cache.bz2", "size_i": "2330", "regex": "false"},
	{"name_s": "/usr/share/doc/HTML/pt/konq-plugins/validators/index.docbook", "size_i": "3217", "regex": "false"},
	{"name_s": "/usr/share/doc/HTML/pt/konq-plugins/webarchiver", "size_i": "4096", "regex": "false"},
	{"name_s": "/usr/share/doc/HTML/pt/konq-plugins/webarchiver/common", "size_i": "43", "regex": "false"},
	{"name_s": "/usr/share/doc/HTML/pt/konq-plugins/webarchiver/index.cache.bz2", "size_i": "1879", "regex": "false"},
	{"name_s": "/usr/share/doc/HTML/pt/konq-plugins/webarchiver/index.docbook", "size_i": "1828", "regex": "false"},
	{"name_s": "/usr/share/doc/HTML/pt_BR/konq-plugins", "size_i": "4096", "regex": "false"},
	{"name_s": "/usr/share/doc/HTML/pt_BR/konq-plugins/babel", "size_i": "4096", "regex": "false"},
	{"name_s": "/usr/share/doc/HTML/pt_BR/konq-plugins/babel/common", "size_i": "46", "regex": "false"},
	{"name_s": "/usr/share/doc/HTML/pt_BR/konq-plugins/babel/index.cache.bz2", "size_i": "2318", "regex": "false"},
	{"name_s": "/usr/share/doc/HTML/pt_BR/konq-plugins/babel/index.docbook", "size_i": "2907", "regex": "false"},
	{"name_s": "/usr/share/doc/HTML/pt_BR/konq-plugins/common", "size_i": "33", "regex": "false"},
	{"name_s": "/usr/share/doc/HTML/pt_BR/konq-plugins/crashes", "size_i": "4096", "regex": "false"},
	{"name_s": "/usr/share/doc/HTML/pt_BR/konq-plugins/crashes/common", "size_i": "46", "regex": "false"},
	{"name_s": "/usr/share/doc/HTML/pt_BR/konq-plugins/crashes/index.cache.bz2", "size_i": "1867", "regex": "false"},
	{"name_s": "/usr/share/doc/HTML/pt_BR/konq-plugins/crashes/index.docbook", "size_i": "1966", "regex": "false"},
	{"name_s": "/usr/share/doc/HTML/pt_BR/konq-plugins/dirfilter", "size_i": "4096", "regex": "false"},
	{"name_s": "/usr/share/doc/HTML/pt_BR/konq-plugins/dirfilter/common", "size_i": "46", "regex": "false"},
	{"name_s": "/usr/share/doc/HTML/pt_BR/konq-plugins/dirfilter/index.cache.bz2", "size_i": "1859", "regex": "false"},
	{"name_s": "/usr/share/doc/HTML/pt_BR/konq-plugins/dirfilter/index.docbook", "size_i": "1790", "regex": "false"},
	{"name_s": "/usr/share/doc/HTML/pt_BR/konq-plugins/domtreeviewer", "size_i": "4096", "regex": "false"},
	{"name_s": "/usr/share/doc/HTML/pt_BR/konq-plugins/domtreeviewer/common", "size_i": "46", "regex": "false"},
	{"name_s": "/usr/share/doc/HTML/pt_BR/konq-plugins/domtreeviewer/index.cache.bz2", "size_i": "2095", "regex": "false"},
	{"name_s": "/usr/share/doc/HTML/pt_BR/konq-plugins/domtreeviewer/index.docbook", "size_i": "2478", "regex": "false"},
	{"name_s": "/usr/share/doc/HTML/pt_BR/konq-plugins/fsview", "size_i": "4096", "regex": "false"},
	{"name_s": "/usr/share/doc/HTML/pt_BR/konq-plugins/fsview/common", "size_i": "46", "regex": "false"},
	{"name_s": "/usr/share/doc/HTML/pt_BR/konq-plugins/fsview/index.cache.bz2", "size_i": "4261", "regex": "false"},
	{"name_s": "/usr/share/doc/HTML/pt_BR/konq-plugins/fsview/index.docbook", "size_i": "8133", "regex": "false"},
	{"name_s": "/usr/share/doc/HTML/pt_BR/konq-plugins/imgallery", "size_i": "4096", "regex": "false"},
	{"name_s": "/usr/share/doc/HTML/pt_BR/konq-plugins/imgallery/common", "size_i": "46", "regex": "false"},
	{"name_s": "/usr/share/doc/HTML/pt_BR/konq-plugins/imgallery/folders.png", "size_i": "47504", "regex": "false"},
	{"name_s": "/usr/share/doc/HTML/pt_BR/konq-plugins/imgallery/index.cache.bz2", "size_i": "3659", "regex": "false"},
	{"name_s": "/usr/share/doc/HTML/pt_BR/konq-plugins/imgallery/index.docbook", "size_i": "8204", "regex": "false"},
	{"name_s": "/usr/share/doc/HTML/pt_BR/konq-plugins/imgallery/look.png", "size_i": "50424", "regex": "false"},
	{"name_s": "/usr/share/doc/HTML/pt_BR/konq-plugins/imgallery/thumbnails.png", "size_i": "40101", "regex": "false"},
	{"name_s": "/usr/share/doc/HTML/pt_BR/konq-plugins/index.cache.bz2", "size_i": "3689", "regex": "false"},
	{"name_s": "/usr/share/doc/HTML/pt_BR/konq-plugins/index.docbook", "size_i": "4449", "regex": "false"},
	{"name_s": "/usr/share/doc/HTML/pt_BR/konq-plugins/khtmlsettings", "size_i": "4096", "regex": "false"},
	{"name_s": "/usr/share/doc/HTML/pt_BR/konq-plugins/khtmlsettings/common", "size_i": "46", "regex": "false"},
	{"name_s": "/usr/share/doc/HTML/pt_BR/konq-plugins/khtmlsettings/index.cache.bz2", "size_i": "2349", "regex": "false"},
	{"name_s": "/usr/share/doc/HTML/pt_BR/konq-plugins/khtmlsettings/index.docbook", "size_i": "4014", "regex": "false"},
	{"name_s": "/usr/share/doc/HTML/pt_BR/konq-plugins/mediaplayer", "size_i": "4096", "regex": "false"},
	{"name_s": "/usr/share/doc/HTML/pt_BR/konq-plugins/mediaplayer/common", "size_i": "46", "regex": "false"},
	{"name_s": "/usr/share/doc/HTML/pt_BR/konq-plugins/mediaplayer/index.cache.bz2", "size_i": "1946", "regex": "false"},
	{"name_s": "/usr/share/doc/HTML/pt_BR/konq-plugins/mediaplayer/index.docbook", "size_i": "2085", "regex": "false"},
	{"name_s": "/usr/share/doc/HTML/pt_BR/konq-plugins/uachanger", "size_i": "4096", "regex": "false"},
	{"name_s": "/usr/share/doc/HTML/pt_BR/konq-plugins/uachanger/common", "size_i": "46", "regex": "false"},
	{"name_s": "/usr/share/doc/HTML/pt_BR/konq-plugins/uachanger/index.cache.bz2", "size_i": "2528", "regex": "false"},
	{"name_s": "/usr/share/doc/HTML/pt_BR/konq-plugins/uachanger/index.docbook", "size_i": "4321", "regex": "false"},
	{"name_s": "/usr/share/doc/HTML/pt_BR/konq-plugins/validators", "size_i": "4096", "regex": "false"},
	{"name_s": "/usr/share/doc/HTML/pt_BR/konq-plugins/validators/common", "size_i": "46", "regex": "false"},
	{"name_s": "/usr/share/doc/HTML/pt_BR/konq-plugins/validators/index.cache.bz2", "size_i": "2297", "regex": "false"},
	{"name_s": "/usr/share/doc/HTML/pt_BR/konq-plugins/validators/index.docbook", "size_i": "3088", "regex": "false"},
	{"name_s": "/usr/share/doc/HTML/pt_BR/konq-plugins/webarchiver", "size_i": "4096", "regex": "false"},
	{"name_s": "/usr/share/doc/HTML/pt_BR/konq-plugins/webarchiver/common", "size_i": "46", "regex": "false"},
	{"name_s": "/usr/share/doc/HTML/pt_BR/konq-plugins/webarchiver/index.cache.bz2", "size_i": "1929", "regex": "false"},
	{"name_s": "/usr/share/doc/HTML/pt_BR/konq-plugins/webarchiver/index.docbook", "size_i": "2128", "regex": "false"},
	{"name_s": "/usr/share/doc/HTML/sv/konq-plugins", "size_i": "4096", "regex": "false"},
	{"name_s": "/usr/share/doc/HTML/sv/konq-plugins/babel", "size_i": "4096", "regex": "false"},
	{"name_s": "/usr/share/doc/HTML/sv/konq-plugins/babel/common", "size_i": "43", "regex": "false"},
	{"name_s": "/usr/share/doc/HTML/sv/konq-plugins/babel/index.cache.bz2", "size_i": "2287", "regex": "false"},
	{"name_s": "/usr/share/doc/HTML/sv/konq-plugins/babel/index.docbook", "size_i": "2880", "regex": "false"},
	{"name_s": "/usr/share/doc/HTML/sv/konq-plugins/common", "size_i": "30", "regex": "false"},
	{"name_s": "/usr/share/doc/HTML/sv/konq-plugins/crashes", "size_i": "4096", "regex": "false"},
	{"name_s": "/usr/share/doc/HTML/sv/konq-plugins/crashes/common", "size_i": "43", "regex": "false"},
	{"name_s": "/usr/share/doc/HTML/sv/konq-plugins/crashes/index.cache.bz2", "size_i": "1843", "regex": "false"},
	{"name_s": "/usr/share/doc/HTML/sv/konq-plugins/crashes/index.docbook", "size_i": "1710", "regex": "false"},
	{"name_s": "/usr/share/doc/HTML/sv/konq-plugins/dirfilter", "size_i": "4096", "regex": "false"},
	{"name_s": "/usr/share/doc/HTML/sv/konq-plugins/dirfilter/common", "size_i": "43", "regex": "false"},
	{"name_s": "/usr/share/doc/HTML/sv/konq-plugins/dirfilter/index.cache.bz2", "size_i": "1851", "regex": "false"},
	{"name_s": "/usr/share/doc/HTML/sv/konq-plugins/dirfilter/index.docbook", "size_i": "1716", "regex": "false"},
	{"name_s": "/usr/share/doc/HTML/sv/konq-plugins/domtreeviewer", "size_i": "4096", "regex": "false"},
	{"name_s": "/usr/share/doc/HTML/sv/konq-plugins/domtreeviewer/common", "size_i": "43", "regex": "false"},
	{"name_s": "/usr/share/doc/HTML/sv/konq-plugins/domtreeviewer/index.cache.bz2", "size_i": "2044", "regex": "false"},
	{"name_s": "/usr/share/doc/HTML/sv/konq-plugins/domtreeviewer/index.docbook", "size_i": "2163", "regex": "false"},
	{"name_s": "/usr/share/doc/HTML/sv/konq-plugins/fsview", "size_i": "4096", "regex": "false"},
	{"name_s": "/usr/share/doc/HTML/sv/konq-plugins/fsview/common", "size_i": "43", "regex": "false"},
	{"name_s": "/usr/share/doc/HTML/sv/konq-plugins/fsview/index.cache.bz2", "size_i": "4083", "regex": "false"},
	{"name_s": "/usr/share/doc/HTML/sv/konq-plugins/fsview/index.docbook", "size_i": "7688", "regex": "false"},
	{"name_s": "/usr/share/doc/HTML/sv/konq-plugins/imgallery", "size_i": "4096", "regex": "false"},
	{"name_s": "/usr/share/doc/HTML/sv/konq-plugins/imgallery/common", "size_i": "43", "regex": "false"},
	{"name_s": "/usr/share/doc/HTML/sv/konq-plugins/imgallery/index.cache.bz2", "size_i": "3579", "regex": "false"},
	{"name_s": "/usr/share/doc/HTML/sv/konq-plugins/imgallery/index.docbook", "size_i": "7510", "regex": "false"},
	{"name_s": "/usr/share/doc/HTML/sv/konq-plugins/index.cache.bz2", "size_i": "3652", "regex": "false"},
	{"name_s": "/usr/share/doc/HTML/sv/konq-plugins/index.docbook", "size_i": "4415", "regex": "false"},
	{"name_s": "/usr/share/doc/HTML/sv/konq-plugins/khtmlsettings", "size_i": "4096", "regex": "false"},
	{"name_s": "/usr/share/doc/HTML/sv/konq-plugins/khtmlsettings/common", "size_i": "43", "regex": "false"},
	{"name_s": "/usr/share/doc/HTML/sv/konq-plugins/khtmlsettings/index.cache.bz2", "size_i": "2332", "regex": "false"},
	{"name_s": "/usr/share/doc/HTML/sv/konq-plugins/khtmlsettings/index.docbook", "size_i": "3871", "regex": "false"},
	{"name_s": "/usr/share/doc/HTML/sv/konq-plugins/mediaplayer", "size_i": "4096", "regex": "false"},
	{"name_s": "/usr/share/doc/HTML/sv/konq-plugins/mediaplayer/common", "size_i": "43", "regex": "false"},
	{"name_s": "/usr/share/doc/HTML/sv/konq-plugins/mediaplayer/index.cache.bz2", "size_i": "1917", "regex": "false"},
	{"name_s": "/usr/share/doc/HTML/sv/konq-plugins/mediaplayer/index.docbook", "size_i": "1969", "regex": "false"},
	{"name_s": "/usr/share/doc/HTML/sv/konq-plugins/uachanger", "size_i": "4096", "regex": "false"},
	{"name_s": "/usr/share/doc/HTML/sv/konq-plugins/uachanger/common", "size_i": "43", "regex": "false"},
	{"name_s": "/usr/share/doc/HTML/sv/konq-plugins/uachanger/index.cache.bz2", "size_i": "2461", "regex": "false"},
	{"name_s": "/usr/share/doc/HTML/sv/konq-plugins/uachanger/index.docbook", "size_i": "4192", "regex": "false"},
	{"name_s": "/usr/share/doc/HTML/sv/konq-plugins/validators", "size_i": "4096", "regex": "false"},
	{"name_s": "/usr/share/doc/HTML/sv/konq-plugins/validators/common", "size_i": "43", "regex": "false"},
	{"name_s": "/usr/share/doc/HTML/sv/konq-plugins/validators/index.cache.bz2", "size_i": "2220", "regex": "false"},
	{"name_s": "/usr/share/doc/HTML/sv/konq-plugins/validators/index.docbook", "size_i": "2926", "regex": "false"},
	{"name_s": "/usr/share/doc/HTML/sv/konq-plugins/webarchiver", "size_i": "4096", "regex": "false"},
	{"name_s": "/usr/share/doc/HTML/sv/konq-plugins/webarchiver/common", "size_i": "43", "regex": "false"},
	{"name_s": "/usr/share/doc/HTML/sv/konq-plugins/webarchiver/index.cache.bz2", "size_i": "1885", "regex": "false"},
	{"name_s": "/usr/share/doc/HTML/sv/konq-plugins/webarchiver/index.docbook", "size_i": "1844", "regex": "false"},
	{"name_s": "/usr/share/doc/HTML/uk/konq-plugins", "size_i": "4096", "regex": "false"},
	{"name_s": "/usr/share/doc/HTML/uk/konq-plugins/babel", "size_i": "4096", "regex": "false"},
	{"name_s": "/usr/share/doc/HTML/uk/konq-plugins/babel/common", "size_i": "43", "regex": "false"},
	{"name_s": "/usr/share/doc/HTML/uk/konq-plugins/babel/index.cache.bz2", "size_i": "2465", "regex": "false"},
	{"name_s": "/usr/share/doc/HTML/uk/konq-plugins/babel/index.docbook", "size_i": "4093", "regex": "false"},
	{"name_s": "/usr/share/doc/HTML/uk/konq-plugins/common", "size_i": "30", "regex": "false"},
	{"name_s": "/usr/share/doc/HTML/uk/konq-plugins/crashes", "size_i": "4096", "regex": "false"},
	{"name_s": "/usr/share/doc/HTML/uk/konq-plugins/crashes/common", "size_i": "43", "regex": "false"},
	{"name_s": "/usr/share/doc/HTML/uk/konq-plugins/crashes/index.cache.bz2", "size_i": "1943", "regex": "false"},
	{"name_s": "/usr/share/doc/HTML/uk/konq-plugins/crashes/index.docbook", "size_i": "2366", "regex": "false"},
	{"name_s": "/usr/share/doc/HTML/uk/konq-plugins/dirfilter", "size_i": "4096", "regex": "false"},
	{"name_s": "/usr/share/doc/HTML/uk/konq-plugins/dirfilter/common", "size_i": "43", "regex": "false"},
	{"name_s": "/usr/share/doc/HTML/uk/konq-plugins/dirfilter/index.cache.bz2", "size_i": "1930", "regex": "false"},
	{"name_s": "/usr/share/doc/HTML/uk/konq-plugins/dirfilter/index.docbook", "size_i": "2187", "regex": "false"},
	{"name_s": "/usr/share/doc/HTML/uk/konq-plugins/domtreeviewer", "size_i": "4096", "regex": "false"},
	{"name_s": "/usr/share/doc/HTML/uk/konq-plugins/domtreeviewer/common", "size_i": "43", "regex": "false"},
	{"name_s": "/usr/share/doc/HTML/uk/konq-plugins/domtreeviewer/index.cache.bz2", "size_i": "2142", "regex": "false"},
	{"name_s": "/usr/share/doc/HTML/uk/konq-plugins/domtreeviewer/index.docbook", "size_i": "2887", "regex": "false"},
	{"name_s": "/usr/share/doc/HTML/uk/konq-plugins/fsview", "size_i": "4096", "regex": "false"},
	{"name_s": "/usr/share/doc/HTML/uk/konq-plugins/fsview/common", "size_i": "43", "regex": "false"},
	{"name_s": "/usr/share/doc/HTML/uk/konq-plugins/fsview/index.cache.bz2", "size_i": "4442", "regex": "false"},
	{"name_s": "/usr/share/doc/HTML/uk/konq-plugins/fsview/index.docbook", "size_i": "12854", "regex": "false"},
	{"name_s": "/usr/share/doc/HTML/uk/konq-plugins/imgallery", "size_i": "4096", "regex": "false"},
	{"name_s": "/usr/share/doc/HTML/uk/konq-plugins/imgallery/common", "size_i": "43", "regex": "false"},
	{"name_s": "/usr/share/doc/HTML/uk/konq-plugins/imgallery/index.cache.bz2", "size_i": "3873", "regex": "false"},
	{"name_s": "/usr/share/doc/HTML/uk/konq-plugins/imgallery/index.docbook", "size_i": "11538", "regex": "false"},
	{"name_s": "/usr/share/doc/HTML/uk/konq-plugins/index.cache.bz2", "size_i": "3807", "regex": "false"},
	{"name_s": "/usr/share/doc/HTML/uk/konq-plugins/index.docbook", "size_i": "5479", "regex": "false"},
	{"name_s": "/usr/share/doc/HTML/uk/konq-plugins/khtmlsettings", "size_i": "4096", "regex": "false"},
	{"name_s": "/usr/share/doc/HTML/uk/konq-plugins/khtmlsettings/common", "size_i": "43", "regex": "false"},
	{"name_s": "/usr/share/doc/HTML/uk/konq-plugins/khtmlsettings/index.cache.bz2", "size_i": "2439", "regex": "false"},
	{"name_s": "/usr/share/doc/HTML/uk/konq-plugins/khtmlsettings/index.docbook", "size_i": "4861", "regex": "false"},
	{"name_s": "/usr/share/doc/HTML/uk/konq-plugins/mediaplayer", "size_i": "4096", "regex": "false"},
	{"name_s": "/usr/share/doc/HTML/uk/konq-plugins/mediaplayer/common", "size_i": "43", "regex": "false"},
	{"name_s": "/usr/share/doc/HTML/uk/konq-plugins/mediaplayer/index.cache.bz2", "size_i": "2051", "regex": "false"},
	{"name_s": "/usr/share/doc/HTML/uk/konq-plugins/mediaplayer/index.docbook", "size_i": "2728", "regex": "false"},
	{"name_s": "/usr/share/doc/HTML/uk/konq-plugins/uachanger", "size_i": "4096", "regex": "false"},
	{"name_s": "/usr/share/doc/HTML/uk/konq-plugins/uachanger/common", "size_i": "43", "regex": "false"},
	{"name_s": "/usr/share/doc/HTML/uk/konq-plugins/uachanger/index.cache.bz2", "size_i": "2772", "regex": "false"},
	{"name_s": "/usr/share/doc/HTML/uk/konq-plugins/uachanger/index.docbook", "size_i": "6004", "regex": "false"},
	{"name_s": "/usr/share/doc/HTML/uk/konq-plugins/validators", "size_i": "4096", "regex": "false"},
	{"name_s": "/usr/share/doc/HTML/uk/konq-plugins/validators/common", "size_i": "43", "regex": "false"},
	{"name_s": "/usr/share/doc/HTML/uk/konq-plugins/validators/index.cache.bz2", "size_i": "2427", "regex": "false"},
	{"name_s": "/usr/share/doc/HTML/uk/konq-plugins/validators/index.docbook", "size_i": "4493", "regex": "false"},
	{"name_s": "/usr/share/doc/HTML/uk/konq-plugins/webarchiver", "size_i": "4096", "regex": "false"},
	{"name_s": "/usr/share/doc/HTML/uk/konq-plugins/webarchiver/common", "size_i": "43", "regex": "false"},
	{"name_s": "/usr/share/doc/HTML/uk/konq-plugins/webarchiver/index.cache.bz2", "size_i": "1958", "regex": "false"},
	{"name_s": "/usr/share/doc/HTML/uk/konq-plugins/webarchiver/index.docbook", "size_i": "2250", "regex": "false"}
]
