[
	{"name_s": "/etc/logrotate.d/kadmind", "size_i": "185", "regex": "false"},
	{"name_s": "/etc/logrotate.d/krb5kdc", "size_i": "185", "regex": "false"},
	{"name_s": "/etc/portreserve/kerberos-adm", "size_i": "17", "regex": "false"},
	{"name_s": "/etc/portreserve/kerberos-iv", "size_i": "12", "regex": "false"},
	{"name_s": "/etc/portreserve/krb5_prop", "size_i": "14", "regex": "false"},
	{"name_s": "/etc/rc.d/init.d/kadmin", "size_i": "2399", "regex": "false"},
	{"name_s": "/etc/rc.d/init.d/kprop", "size_i": "2055", "regex": "false"},
	{"name_s": "/etc/rc.d/init.d/krb5kdc", "size_i": "2786", "regex": "false"},
	{"name_s": "/etc/sysconfig/kadmin", "size_i": "25", "regex": "false"},
	{"name_s": "/etc/sysconfig/krb5kdc", "size_i": "25", "regex": "false"},
	{"name_s": "/usr/bin/sclient", "size_i": "14352", "regex": "false"},
	{"name_s": "/usr/lib64/krb5", "size_i": "4096", "regex": "false"},
	{"name_s": "/usr/lib64/krb5/kdb_check_weak", "size_i": "8720", "regex": "false"},
	{"name_s": "/usr/lib64/krb5/plugins", "size_i": "4096", "regex": "false"},
	{"name_s": "/usr/lib64/krb5/plugins/authdata", "size_i": "4096", "regex": "false"},
	{"name_s": "/usr/lib64/krb5/plugins/kdb", "size_i": "4096", "regex": "false"},
	{"name_s": "/usr/lib64/krb5/plugins/preauth", "size_i": "4096", "regex": "false"},
	{"name_s": "/usr/sbin/kadmin.local", "size_i": "75872", "regex": "false"},
	{"name_s": "/usr/sbin/kadmind", "size_i": "100376", "regex": "false"},
	{"name_s": "/usr/sbin/kdb5_util", "size_i": "101568", "regex": "false"},
	{"name_s": "/usr/sbin/kprop", "size_i": "22576", "regex": "false"},
	{"name_s": "/usr/sbin/kpropd", "size_i": "38968", "regex": "false"},
	{"name_s": "/usr/sbin/kproplog", "size_i": "18448", "regex": "false"},
	{"name_s": "/usr/sbin/krb5-send-pr", "size_i": "14495", "regex": "false"},
	{"name_s": "/usr/sbin/krb5kdc", "size_i": "137776", "regex": "false"},
	{"name_s": "/usr/sbin/sserver", "size_i": "10256", "regex": "false"},
	{"name_s": "/usr/share/doc/krb5-server-1.10.3", "size_i": "4096", "regex": "false"},
	{"name_s": "/usr/share/doc/krb5-server-1.10.3/admin-guide.pdf", "size_i": "597544", "regex": "false"},
	{"name_s": "/usr/share/doc/krb5-server-1.10.3/admin-guide.ps.gz", "size_i": "390520", "regex": "false"},
	{"name_s": "/usr/share/doc/krb5-server-1.10.3/install-guide.pdf", "size_i": "373607", "regex": "false"},
	{"name_s": "/usr/share/doc/krb5-server-1.10.3/install-guide.ps.gz", "size_i": "316914", "regex": "false"},
	{"name_s": "/usr/share/doc/krb5-server-1.10.3/krb5-admin.html", "size_i": "347789", "regex": "false"},
	{"name_s": "/usr/share/doc/krb5-server-1.10.3/krb5-install.html", "size_i": "214613", "regex": "false"},
	{"name_s": "/usr/share/gnats", "size_i": "4096", "regex": "false"},
	{"name_s": "/usr/share/gnats/mit", "size_i": "99", "regex": "false"},
	{"name_s": "/usr/share/info/krb5-admin.info.gz", "size_i": "68348", "regex": "false"},
	{"name_s": "/usr/share/info/krb5-install.info.gz", "size_i": "43980", "regex": "false"},
	{"name_s": "/usr/share/man/man1/krb5-send-pr.1.gz", "size_i": "3386", "regex": "false"},
	{"name_s": "/usr/share/man/man1/sclient.1.gz", "size_i": "811", "regex": "false"},
	{"name_s": "/usr/share/man/man5/kdc.conf.5.gz", "size_i": "3022", "regex": "false"},
	{"name_s": "/usr/share/man/man8/kadmin.local.8.gz", "size_i": "38", "regex": "false"},
	{"name_s": "/usr/share/man/man8/kadmind.8.gz", "size_i": "3352", "regex": "false"},
	{"name_s": "/usr/share/man/man8/kdb5_util.8.gz", "size_i": "3130", "regex": "false"},
	{"name_s": "/usr/share/man/man8/kprop.8.gz", "size_i": "1156", "regex": "false"},
	{"name_s": "/usr/share/man/man8/kpropd.8.gz", "size_i": "2099", "regex": "false"},
	{"name_s": "/usr/share/man/man8/kproplog.8.gz", "size_i": "1566", "regex": "false"},
	{"name_s": "/usr/share/man/man8/krb5kdc.8.gz", "size_i": "2418", "regex": "false"},
	{"name_s": "/usr/share/man/man8/sserver.8.gz", "size_i": "1876", "regex": "false"},
	{"name_s": "/var/kerberos", "size_i": "4096", "regex": "false"},
	{"name_s": "/var/kerberos/krb5kdc", "size_i": "4096", "regex": "false"},
	{"name_s": "/var/kerberos/krb5kdc/kadm5.acl", "size_i": "22", "regex": "false"},
	{"name_s": "/var/kerberos/krb5kdc/kdc.conf", "size_i": "405", "regex": "false"}
]
