[
	{"name_s": "/etc/latrace.conf", "size_i": "1662", "regex": "false"},
	{"name_s": "/etc/latrace.d", "size_i": "4096", "regex": "false"},
	{"name_s": "/etc/latrace.d/ctype.conf", "size_i": "392", "regex": "false"},
	{"name_s": "/etc/latrace.d/dirent.conf", "size_i": "825", "regex": "false"},
	{"name_s": "/etc/latrace.d/dlfcn.conf", "size_i": "417", "regex": "false"},
	{"name_s": "/etc/latrace.d/fcntl.conf", "size_i": "643", "regex": "false"},
	{"name_s": "/etc/latrace.d/getopt.conf", "size_i": "273", "regex": "false"},
	{"name_s": "/etc/latrace.d/inet.conf", "size_i": "655", "regex": "false"},
	{"name_s": "/etc/latrace.d/ioctl.conf", "size_i": "68", "regex": "false"},
	{"name_s": "/etc/latrace.d/libintl.conf", "size_i": "651", "regex": "false"},
	{"name_s": "/etc/latrace.d/libio.conf", "size_i": "646", "regex": "false"},
	{"name_s": "/etc/latrace.d/locale.conf", "size_i": "286", "regex": "false"},
	{"name_s": "/etc/latrace.d/misc.conf", "size_i": "292", "regex": "false"},
	{"name_s": "/etc/latrace.d/mman.conf", "size_i": "976", "regex": "false"},
	{"name_s": "/etc/latrace.d/ncurses.conf", "size_i": "11029", "regex": "false"},
	{"name_s": "/etc/latrace.d/netdb.conf", "size_i": "3937", "regex": "false"},
	{"name_s": "/etc/latrace.d/pthread.conf", "size_i": "7686", "regex": "false"},
	{"name_s": "/etc/latrace.d/pwd.conf", "size_i": "869", "regex": "false"},
	{"name_s": "/etc/latrace.d/resource.conf", "size_i": "2289", "regex": "false"},
	{"name_s": "/etc/latrace.d/signal.conf", "size_i": "2626", "regex": "false"},
	{"name_s": "/etc/latrace.d/socket.conf", "size_i": "3365", "regex": "false"},
	{"name_s": "/etc/latrace.d/stat.conf", "size_i": "1642", "regex": "false"},
	{"name_s": "/etc/latrace.d/stdio.conf", "size_i": "3943", "regex": "false"},
	{"name_s": "/etc/latrace.d/stdlib.conf", "size_i": "6327", "regex": "false"},
	{"name_s": "/etc/latrace.d/string.conf", "size_i": "2834", "regex": "false"},
	{"name_s": "/etc/latrace.d/syslog.conf", "size_i": "198", "regex": "false"},
	{"name_s": "/etc/latrace.d/term.conf", "size_i": "934", "regex": "false"},
	{"name_s": "/etc/latrace.d/termios.conf", "size_i": "671", "regex": "false"},
	{"name_s": "/etc/latrace.d/time.conf", "size_i": "1642", "regex": "false"},
	{"name_s": "/etc/latrace.d/typedefs.conf", "size_i": "472", "regex": "false"},
	{"name_s": "/etc/latrace.d/unistd.conf", "size_i": "4399", "regex": "false"},
	{"name_s": "/etc/latrace.d/utmp.conf", "size_i": "564", "regex": "false"},
	{"name_s": "/etc/latrace.d/wait.conf", "size_i": "419", "regex": "false"},
	{"name_s": "/usr/bin/latrace", "size_i": "91668", "regex": "false"},
	{"name_s": "/usr/bin/latrace-ctl", "size_i": "7", "regex": "false"},
	{"name_s": "/usr/lib/libltaudit.so.0.5.9", "size_i": "128968", "regex": "false"},
	{"name_s": "/usr/share/doc/latrace-0.5.9", "size_i": "4096", "regex": "false"},
	{"name_s": "/usr/share/doc/latrace-0.5.9/COPYING", "size_i": "35147", "regex": "false"},
	{"name_s": "/usr/share/doc/latrace-0.5.9/README", "size_i": "885", "regex": "false"},
	{"name_s": "/usr/share/doc/latrace-0.5.9/ReleaseNotes", "size_i": "3327", "regex": "false"},
	{"name_s": "/usr/share/doc/latrace-0.5.9/TODO", "size_i": "1188", "regex": "false"},
	{"name_s": "/usr/share/man/man1/latrace.1.gz", "size_i": "5095", "regex": "false"}
]
