[
	{"name_s": "/usr/share/javadoc/libbase", "size_i": "4096", "regex": "false"},
	{"name_s": "/usr/share/javadoc/libbase/api", "size_i": "4096", "regex": "false"},
	{"name_s": "/usr/share/javadoc/libbase/api/allclasses-frame.html", "size_i": "6618", "regex": "false"},
	{"name_s": "/usr/share/javadoc/libbase/api/allclasses-noframe.html", "size_i": "14142", "regex": "false"},
	{"name_s": "/usr/share/javadoc/libbase/api/index.html", "size_i": "958", "regex": "false"},
	{"name_s": "/usr/share/javadoc/libbase/api/org", "size_i": "4096", "regex": "false"},
	{"name_s": "/usr/share/javadoc/libbase/api/org/pentaho", "size_i": "4096", "regex": "false"},
	{"name_s": "/usr/share/javadoc/libbase/api/org/pentaho/reporting", "size_i": "4096", "regex": "false"},
	{"name_s": "/usr/share/javadoc/libbase/api/org/pentaho/reporting/libraries", "size_i": "4096", "regex": "false"},
	{"name_s": "/usr/share/javadoc/libbase/api/org/pentaho/reporting/libraries/base", "size_i": "4096", "regex": "false"},
	{"name_s": "/usr/share/javadoc/libbase/api/org/pentaho/reporting/libraries/base/LibBaseBoot.html", "size_i": "8945", "regex": "false"},
	{"name_s": "/usr/share/javadoc/libbase/api/org/pentaho/reporting/libraries/base/LibBaseInfo.html", "size_i": "7698", "regex": "false"},
	{"name_s": "/usr/share/javadoc/libbase/api/org/pentaho/reporting/libraries/base/boot", "size_i": "4096", "regex": "false"},
	{"name_s": "/usr/share/javadoc/libbase/api/org/pentaho/reporting/libraries/base/boot/AbstractBoot.html", "size_i": "18752", "regex": "false"},
	{"name_s": "/usr/share/javadoc/libbase/api/org/pentaho/reporting/libraries/base/boot/AbstractModule.html", "size_i": "25230", "regex": "false"},
	{"name_s": "/usr/share/javadoc/libbase/api/org/pentaho/reporting/libraries/base/boot/DefaultModuleInfo.html", "size_i": "17681", "regex": "false"},
	{"name_s": "/usr/share/javadoc/libbase/api/org/pentaho/reporting/libraries/base/boot/Module.html", "size_i": "12571", "regex": "false"},
	{"name_s": "/usr/share/javadoc/libbase/api/org/pentaho/reporting/libraries/base/boot/ModuleInfo.html", "size_i": "9068", "regex": "false"},
	{"name_s": "/usr/share/javadoc/libbase/api/org/pentaho/reporting/libraries/base/boot/ModuleInitializeException.html", "size_i": "8720", "regex": "false"},
	{"name_s": "/usr/share/javadoc/libbase/api/org/pentaho/reporting/libraries/base/boot/ModuleInitializer.html", "size_i": "7111", "regex": "false"},
	{"name_s": "/usr/share/javadoc/libbase/api/org/pentaho/reporting/libraries/base/boot/PackageManager.PackageConfiguration.html", "size_i": "6963", "regex": "false"},
	{"name_s": "/usr/share/javadoc/libbase/api/org/pentaho/reporting/libraries/base/boot/PackageManager.html", "size_i": "16014", "regex": "false"},
	{"name_s": "/usr/share/javadoc/libbase/api/org/pentaho/reporting/libraries/base/boot/PackageSorter.html", "size_i": "7411", "regex": "false"},
	{"name_s": "/usr/share/javadoc/libbase/api/org/pentaho/reporting/libraries/base/boot/PackageState.html", "size_i": "16615", "regex": "false"},
	{"name_s": "/usr/share/javadoc/libbase/api/org/pentaho/reporting/libraries/base/boot/SubSystem.html", "size_i": "8579", "regex": "false"},
	{"name_s": "/usr/share/javadoc/libbase/api/org/pentaho/reporting/libraries/base/boot/package-frame.html", "size_i": "1782", "regex": "false"},
	{"name_s": "/usr/share/javadoc/libbase/api/org/pentaho/reporting/libraries/base/boot/package-summary.html", "size_i": "5989", "regex": "false"},
	{"name_s": "/usr/share/javadoc/libbase/api/org/pentaho/reporting/libraries/base/config", "size_i": "4096", "regex": "false"},
	{"name_s": "/usr/share/javadoc/libbase/api/org/pentaho/reporting/libraries/base/config/Configuration.html", "size_i": "10434", "regex": "false"},
	{"name_s": "/usr/share/javadoc/libbase/api/org/pentaho/reporting/libraries/base/config/DefaultConfiguration.html", "size_i": "11479", "regex": "false"},
	{"name_s": "/usr/share/javadoc/libbase/api/org/pentaho/reporting/libraries/base/config/ExtendedConfiguration.html", "size_i": "11262", "regex": "false"},
	{"name_s": "/usr/share/javadoc/libbase/api/org/pentaho/reporting/libraries/base/config/ExtendedConfigurationWrapper.html", "size_i": "16525", "regex": "false"},
	{"name_s": "/usr/share/javadoc/libbase/api/org/pentaho/reporting/libraries/base/config/HierarchicalConfiguration.html", "size_i": "18498", "regex": "false"},
	{"name_s": "/usr/share/javadoc/libbase/api/org/pentaho/reporting/libraries/base/config/ModifiableConfiguration.html", "size_i": "8654", "regex": "false"},
	{"name_s": "/usr/share/javadoc/libbase/api/org/pentaho/reporting/libraries/base/config/PropertyFileConfiguration.html", "size_i": "9751", "regex": "false"},
	{"name_s": "/usr/share/javadoc/libbase/api/org/pentaho/reporting/libraries/base/config/SystemPropertyConfiguration.html", "size_i": "11461", "regex": "false"},
	{"name_s": "/usr/share/javadoc/libbase/api/org/pentaho/reporting/libraries/base/config/package-frame.html", "size_i": "1616", "regex": "false"},
	{"name_s": "/usr/share/javadoc/libbase/api/org/pentaho/reporting/libraries/base/config/package-summary.html", "size_i": "5201", "regex": "false"},
	{"name_s": "/usr/share/javadoc/libbase/api/org/pentaho/reporting/libraries/base/package-frame.html", "size_i": "974", "regex": "false"},
	{"name_s": "/usr/share/javadoc/libbase/api/org/pentaho/reporting/libraries/base/package-summary.html", "size_i": "3908", "regex": "false"},
	{"name_s": "/usr/share/javadoc/libbase/api/org/pentaho/reporting/libraries/base/util", "size_i": "4096", "regex": "false"},
	{"name_s": "/usr/share/javadoc/libbase/api/org/pentaho/reporting/libraries/base/util/CSVQuoter.html", "size_i": "12580", "regex": "false"},
	{"name_s": "/usr/share/javadoc/libbase/api/org/pentaho/reporting/libraries/base/util/CSVTokenizer.html", "size_i": "21687", "regex": "false"},
	{"name_s": "/usr/share/javadoc/libbase/api/org/pentaho/reporting/libraries/base/util/ClassQueryTool.html", "size_i": "11638", "regex": "false"},
	{"name_s": "/usr/share/javadoc/libbase/api/org/pentaho/reporting/libraries/base/util/DebugLog.html", "size_i": "8785", "regex": "false"},
	{"name_s": "/usr/share/javadoc/libbase/api/org/pentaho/reporting/libraries/base/util/Empty.html", "size_i": "7679", "regex": "false"},
	{"name_s": "/usr/share/javadoc/libbase/api/org/pentaho/reporting/libraries/base/util/FastStack.html", "size_i": "12805", "regex": "false"},
	{"name_s": "/usr/share/javadoc/libbase/api/org/pentaho/reporting/libraries/base/util/FilesystemFilter.html", "size_i": "13096", "regex": "false"},
	{"name_s": "/usr/share/javadoc/libbase/api/org/pentaho/reporting/libraries/base/util/FloatDimension.html", "size_i": "14652", "regex": "false"},
	{"name_s": "/usr/share/javadoc/libbase/api/org/pentaho/reporting/libraries/base/util/GenericObjectTable.html", "size_i": "11857", "regex": "false"},
	{"name_s": "/usr/share/javadoc/libbase/api/org/pentaho/reporting/libraries/base/util/HashNMap.html", "size_i": "22345", "regex": "false"},
	{"name_s": "/usr/share/javadoc/libbase/api/org/pentaho/reporting/libraries/base/util/IOUtils.html", "size_i": "21377", "regex": "false"},
	{"name_s": "/usr/share/javadoc/libbase/api/org/pentaho/reporting/libraries/base/util/LFUMap.html", "size_i": "12702", "regex": "false"},
	{"name_s": "/usr/share/javadoc/libbase/api/org/pentaho/reporting/libraries/base/util/LinkedMap.MapEntry.html", "size_i": "18054", "regex": "false"},
	{"name_s": "/usr/share/javadoc/libbase/api/org/pentaho/reporting/libraries/base/util/LinkedMap.html", "size_i": "17346", "regex": "false"},
	{"name_s": "/usr/share/javadoc/libbase/api/org/pentaho/reporting/libraries/base/util/MemoryUsageMessage.html", "size_i": "7800", "regex": "false"},
	{"name_s": "/usr/share/javadoc/libbase/api/org/pentaho/reporting/libraries/base/util/Messages.html", "size_i": "26509", "regex": "false"},
	{"name_s": "/usr/share/javadoc/libbase/api/org/pentaho/reporting/libraries/base/util/ObjectTable.html", "size_i": "22105", "regex": "false"},
	{"name_s": "/usr/share/javadoc/libbase/api/org/pentaho/reporting/libraries/base/util/ObjectUtilities.html", "size_i": "22916", "regex": "false"},
	{"name_s": "/usr/share/javadoc/libbase/api/org/pentaho/reporting/libraries/base/util/PadMessage.html", "size_i": "7852", "regex": "false"},
	{"name_s": "/usr/share/javadoc/libbase/api/org/pentaho/reporting/libraries/base/util/PngEncoder.html", "size_i": "35359", "regex": "false"},
	{"name_s": "/usr/share/javadoc/libbase/api/org/pentaho/reporting/libraries/base/util/ResourceBundleSupport.html", "size_i": "31137", "regex": "false"},
	{"name_s": "/usr/share/javadoc/libbase/api/org/pentaho/reporting/libraries/base/util/StackableException.html", "size_i": "12768", "regex": "false"},
	{"name_s": "/usr/share/javadoc/libbase/api/org/pentaho/reporting/libraries/base/util/StackableRuntimeException.html", "size_i": "10962", "regex": "false"},
	{"name_s": "/usr/share/javadoc/libbase/api/org/pentaho/reporting/libraries/base/util/StringBufferWriter.html", "size_i": "11743", "regex": "false"},
	{"name_s": "/usr/share/javadoc/libbase/api/org/pentaho/reporting/libraries/base/util/StringUtils.html", "size_i": "23424", "regex": "false"},
	{"name_s": "/usr/share/javadoc/libbase/api/org/pentaho/reporting/libraries/base/util/WaitingImageObserver.html", "size_i": "11330", "regex": "false"},
	{"name_s": "/usr/share/javadoc/libbase/api/org/pentaho/reporting/libraries/base/util/package-frame.html", "size_i": "2608", "regex": "false"},
	{"name_s": "/usr/share/javadoc/libbase/api/org/pentaho/reporting/libraries/base/util/package-summary.html", "size_i": "7936", "regex": "false"},
	{"name_s": "/usr/share/javadoc/libbase/api/org/pentaho/reporting/libraries/base/versioning", "size_i": "4096", "regex": "false"},
	{"name_s": "/usr/share/javadoc/libbase/api/org/pentaho/reporting/libraries/base/versioning/DependencyInformation.html", "size_i": "14528", "regex": "false"},
	{"name_s": "/usr/share/javadoc/libbase/api/org/pentaho/reporting/libraries/base/versioning/Licenses.html", "size_i": "9277", "regex": "false"},
	{"name_s": "/usr/share/javadoc/libbase/api/org/pentaho/reporting/libraries/base/versioning/ProjectInformation.html", "size_i": "21495", "regex": "false"},
	{"name_s": "/usr/share/javadoc/libbase/api/org/pentaho/reporting/libraries/base/versioning/VersionHelper.html", "size_i": "13381", "regex": "false"},
	{"name_s": "/usr/share/javadoc/libbase/api/org/pentaho/reporting/libraries/base/versioning/package-frame.html", "size_i": "1168", "regex": "false"},
	{"name_s": "/usr/share/javadoc/libbase/api/org/pentaho/reporting/libraries/base/versioning/package-summary.html", "size_i": "4424", "regex": "false"},
	{"name_s": "/usr/share/javadoc/libbase/api/overview-frame.html", "size_i": "1456", "regex": "false"},
	{"name_s": "/usr/share/javadoc/libbase/api/overview-summary.html", "size_i": "3888", "regex": "false"},
	{"name_s": "/usr/share/javadoc/libbase/api/package-list", "size_i": "213", "regex": "false"},
	{"name_s": "/usr/share/javadoc/libbase/api/stylesheet.css", "size_i": "4692", "regex": "false"}
]
