[
	{"name_s": "/usr/include/collection.h", "size_i": "130151", "regex": "false"},
	{"name_s": "/usr/include/collection_queue.h", "size_i": "12655", "regex": "false"},
	{"name_s": "/usr/include/collection_stack.h", "size_i": "12569", "regex": "false"},
	{"name_s": "/usr/include/collection_tools.h", "size_i": "8103", "regex": "false"},
	{"name_s": "/usr/lib64/libcollection.so", "size_i": "22", "regex": "false"},
	{"name_s": "/usr/lib64/pkgconfig/collection.pc", "size_i": "300", "regex": "false"},
	{"name_s": "/usr/share/doc/libcollection-devel-0.6.0", "size_i": "4096", "regex": "false"},
	{"name_s": "/usr/share/doc/libcollection-devel-0.6.0/html", "size_i": "4096", "regex": "false"},
	{"name_s": "/usr/share/doc/libcollection-devel-0.6.0/html/annotated.html", "size_i": "3661", "regex": "false"},
	{"name_s": "/usr/share/doc/libcollection-devel-0.6.0/html/classes.html", "size_i": "3728", "regex": "false"},
	{"name_s": "/usr/share/doc/libcollection-devel-0.6.0/html/collection_8h_source.html", "size_i": "105656", "regex": "false"},
	{"name_s": "/usr/share/doc/libcollection-devel-0.6.0/html/collection__queue_8h_source.html", "size_i": "14068", "regex": "false"},
	{"name_s": "/usr/share/doc/libcollection-devel-0.6.0/html/collection__stack_8h_source.html", "size_i": "13966", "regex": "false"},
	{"name_s": "/usr/share/doc/libcollection-devel-0.6.0/html/collection__tools_8h_source.html", "size_i": "16113", "regex": "false"},
	{"name_s": "/usr/share/doc/libcollection-devel-0.6.0/html/doxygen.css", "size_i": "6619", "regex": "false"},
	{"name_s": "/usr/share/doc/libcollection-devel-0.6.0/html/doxygen.png", "size_i": "1281", "regex": "false"},
	{"name_s": "/usr/share/doc/libcollection-devel-0.6.0/html/files.html", "size_i": "3684", "regex": "false"},
	{"name_s": "/usr/share/doc/libcollection-devel-0.6.0/html/group__addmodes.html", "size_i": "8021", "regex": "false"},
	{"name_s": "/usr/share/doc/libcollection-devel-0.6.0/html/group__addprop__withref.html", "size_i": "40866", "regex": "false"},
	{"name_s": "/usr/share/doc/libcollection-devel-0.6.0/html/group__addproperty.html", "size_i": "36638", "regex": "false"},
	{"name_s": "/usr/share/doc/libcollection-devel-0.6.0/html/group__collection.html", "size_i": "68294", "regex": "false"},
	{"name_s": "/usr/share/doc/libcollection-devel-0.6.0/html/group__coltypes.html", "size_i": "11800", "regex": "false"},
	{"name_s": "/usr/share/doc/libcollection-devel-0.6.0/html/group__compflags.html", "size_i": "9796", "regex": "false"},
	{"name_s": "/usr/share/doc/libcollection-devel-0.6.0/html/group__copyconst.html", "size_i": "7090", "regex": "false"},
	{"name_s": "/usr/share/doc/libcollection-devel-0.6.0/html/group__dispvalues.html", "size_i": "13985", "regex": "false"},
	{"name_s": "/usr/share/doc/libcollection-devel-0.6.0/html/group__getitem.html", "size_i": "56896", "regex": "false"},
	{"name_s": "/usr/share/doc/libcollection-devel-0.6.0/html/group__insertproperty.html", "size_i": "22294", "regex": "false"},
	{"name_s": "/usr/share/doc/libcollection-devel-0.6.0/html/group__insflags.html", "size_i": "7417", "regex": "false"},
	{"name_s": "/usr/share/doc/libcollection-devel-0.6.0/html/group__iterfunc.html", "size_i": "22959", "regex": "false"},
	{"name_s": "/usr/share/doc/libcollection-devel-0.6.0/html/group__modwrap.html", "size_i": "23369", "regex": "false"},
	{"name_s": "/usr/share/doc/libcollection-devel-0.6.0/html/group__moreiterflag.html", "size_i": "6277", "regex": "false"},
	{"name_s": "/usr/share/doc/libcollection-devel-0.6.0/html/group__outflags.html", "size_i": "7211", "regex": "false"},
	{"name_s": "/usr/share/doc/libcollection-devel-0.6.0/html/group__queue.html", "size_i": "37960", "regex": "false"},
	{"name_s": "/usr/share/doc/libcollection-devel-0.6.0/html/group__sortconst.html", "size_i": "6105", "regex": "false"},
	{"name_s": "/usr/share/doc/libcollection-devel-0.6.0/html/group__stack.html", "size_i": "37886", "regex": "false"},
	{"name_s": "/usr/share/doc/libcollection-devel-0.6.0/html/group__tools.html", "size_i": "36155", "regex": "false"},
	{"name_s": "/usr/share/doc/libcollection-devel-0.6.0/html/group__traverseconst.html", "size_i": "8557", "regex": "false"},
	{"name_s": "/usr/share/doc/libcollection-devel-0.6.0/html/group__updateproperty.html", "size_i": "22338", "regex": "false"},
	{"name_s": "/usr/share/doc/libcollection-devel-0.6.0/html/index.html", "size_i": "7579", "regex": "false"},
	{"name_s": "/usr/share/doc/libcollection-devel-0.6.0/html/modules.html", "size_i": "4683", "regex": "false"},
	{"name_s": "/usr/share/doc/libcollection-devel-0.6.0/html/search", "size_i": "4096", "regex": "false"},
	{"name_s": "/usr/share/doc/libcollection-devel-0.6.0/html/search/all_63.html", "size_i": "1825", "regex": "false"},
	{"name_s": "/usr/share/doc/libcollection-devel-0.6.0/html/search/classes_63.html", "size_i": "1825", "regex": "false"},
	{"name_s": "/usr/share/doc/libcollection-devel-0.6.0/html/search/close.png", "size_i": "273", "regex": "false"},
	{"name_s": "/usr/share/doc/libcollection-devel-0.6.0/html/search/nomatches.html", "size_i": "461", "regex": "false"},
	{"name_s": "/usr/share/doc/libcollection-devel-0.6.0/html/search/search.css", "size_i": "3811", "regex": "false"},
	{"name_s": "/usr/share/doc/libcollection-devel-0.6.0/html/search/search.js", "size_i": "19897", "regex": "false"},
	{"name_s": "/usr/share/doc/libcollection-devel-0.6.0/html/search/search.png", "size_i": "527", "regex": "false"},
	{"name_s": "/usr/share/doc/libcollection-devel-0.6.0/html/structcol__serial__data.html", "size_i": "3769", "regex": "false"},
	{"name_s": "/usr/share/doc/libcollection-devel-0.6.0/html/structcollection__item.html", "size_i": "4156", "regex": "false"},
	{"name_s": "/usr/share/doc/libcollection-devel-0.6.0/html/structcollection__iterator.html", "size_i": "3927", "regex": "false"},
	{"name_s": "/usr/share/doc/libcollection-devel-0.6.0/html/tab_b.gif", "size_i": "35", "regex": "false"},
	{"name_s": "/usr/share/doc/libcollection-devel-0.6.0/html/tab_l.gif", "size_i": "706", "regex": "false"},
	{"name_s": "/usr/share/doc/libcollection-devel-0.6.0/html/tab_r.gif", "size_i": "2585", "regex": "false"},
	{"name_s": "/usr/share/doc/libcollection-devel-0.6.0/html/tabs.css", "size_i": "1844", "regex": "false"}
]
