[
	{"name_s": "/usr/share/doc/libevent-devel-1.4.13/html/annotated.html", "size_i": "5526", "regex": "false"},
	{"name_s": "/usr/share/doc/libevent-devel-1.4.13/html/classes.html", "size_i": "5559", "regex": "false"},
	{"name_s": "/usr/share/doc/libevent-devel-1.4.13/html/doxygen.css", "size_i": "6619", "regex": "false"},
	{"name_s": "/usr/share/doc/libevent-devel-1.4.13/html/doxygen.png", "size_i": "1281", "regex": "false"},
	{"name_s": "/usr/share/doc/libevent-devel-1.4.13/html/evdns_8h.html", "size_i": "68939", "regex": "false"},
	{"name_s": "/usr/share/doc/libevent-devel-1.4.13/html/evdns_8h_source.html", "size_i": "31345", "regex": "false"},
	{"name_s": "/usr/share/doc/libevent-devel-1.4.13/html/event_8h.html", "size_i": "167634", "regex": "false"},
	{"name_s": "/usr/share/doc/libevent-devel-1.4.13/html/event_8h_source.html", "size_i": "55970", "regex": "false"},
	{"name_s": "/usr/share/doc/libevent-devel-1.4.13/html/evhttp_8h.html", "size_i": "50277", "regex": "false"},
	{"name_s": "/usr/share/doc/libevent-devel-1.4.13/html/evhttp_8h_source.html", "size_i": "31553", "regex": "false"},
	{"name_s": "/usr/share/doc/libevent-devel-1.4.13/html/evrpc_8h.html", "size_i": "51861", "regex": "false"},
	{"name_s": "/usr/share/doc/libevent-devel-1.4.13/html/evrpc_8h_source.html", "size_i": "36195", "regex": "false"},
	{"name_s": "/usr/share/doc/libevent-devel-1.4.13/html/files.html", "size_i": "4726", "regex": "false"},
	{"name_s": "/usr/share/doc/libevent-devel-1.4.13/html/globals.html", "size_i": "21237", "regex": "false"},
	{"name_s": "/usr/share/doc/libevent-devel-1.4.13/html/globals_defs.html", "size_i": "7450", "regex": "false"},
	{"name_s": "/usr/share/doc/libevent-devel-1.4.13/html/globals_enum.html", "size_i": "4436", "regex": "false"},
	{"name_s": "/usr/share/doc/libevent-devel-1.4.13/html/globals_eval.html", "size_i": "4604", "regex": "false"},
	{"name_s": "/usr/share/doc/libevent-devel-1.4.13/html/globals_func.html", "size_i": "16928", "regex": "false"},
	{"name_s": "/usr/share/doc/libevent-devel-1.4.13/html/globals_type.html", "size_i": "4557", "regex": "false"},
	{"name_s": "/usr/share/doc/libevent-devel-1.4.13/html/index.html", "size_i": "13536", "regex": "false"},
	{"name_s": "/usr/share/doc/libevent-devel-1.4.13/html/structbufferevent.html", "size_i": "8626", "regex": "false"},
	{"name_s": "/usr/share/doc/libevent-devel-1.4.13/html/structevbuffer.html", "size_i": "6280", "regex": "false"},
	{"name_s": "/usr/share/doc/libevent-devel-1.4.13/html/structevdns__server__question.html", "size_i": "5047", "regex": "false"},
	{"name_s": "/usr/share/doc/libevent-devel-1.4.13/html/structevdns__server__request.html", "size_i": "5143", "regex": "false"},
	{"name_s": "/usr/share/doc/libevent-devel-1.4.13/html/structevent.html", "size_i": "8845", "regex": "false"},
	{"name_s": "/usr/share/doc/libevent-devel-1.4.13/html/structevent__watermark.html", "size_i": "4715", "regex": "false"},
	{"name_s": "/usr/share/doc/libevent-devel-1.4.13/html/structevhttp__request.html", "size_i": "11606", "regex": "false"},
	{"name_s": "/usr/share/doc/libevent-devel-1.4.13/html/structevkeyval.html", "size_i": "5115", "regex": "false"},
	{"name_s": "/usr/share/doc/libevent-devel-1.4.13/html/structevrpc.html", "size_i": "8192", "regex": "false"},
	{"name_s": "/usr/share/doc/libevent-devel-1.4.13/html/structevrpc__req__generic.html", "size_i": "5866", "regex": "false"},
	{"name_s": "/usr/share/doc/libevent-devel-1.4.13/html/structevrpc__request__wrapper.html", "size_i": "8485", "regex": "false"},
	{"name_s": "/usr/share/doc/libevent-devel-1.4.13/html/structevrpc__status.html", "size_i": "5086", "regex": "false"},
	{"name_s": "/usr/share/doc/libevent-devel-1.4.13/html/tab_b.gif", "size_i": "35", "regex": "false"},
	{"name_s": "/usr/share/doc/libevent-devel-1.4.13/html/tab_l.gif", "size_i": "706", "regex": "false"},
	{"name_s": "/usr/share/doc/libevent-devel-1.4.13/html/tab_r.gif", "size_i": "2585", "regex": "false"},
	{"name_s": "/usr/share/doc/libevent-devel-1.4.13/html/tabs.css", "size_i": "1844", "regex": "false"},
	{"name_s": "/usr/share/doc/libevent-devel-1.4.13/latex/annotated.tex", "size_i": "1256", "regex": "false"},
	{"name_s": "/usr/share/doc/libevent-devel-1.4.13/latex/doxygen.sty", "size_i": "7289", "regex": "false"},
	{"name_s": "/usr/share/doc/libevent-devel-1.4.13/latex/evdns_8h.tex", "size_i": "35346", "regex": "false"},
	{"name_s": "/usr/share/doc/libevent-devel-1.4.13/latex/event_8h.tex", "size_i": "80589", "regex": "false"},
	{"name_s": "/usr/share/doc/libevent-devel-1.4.13/latex/evhttp_8h.tex", "size_i": "22598", "regex": "false"},
	{"name_s": "/usr/share/doc/libevent-devel-1.4.13/latex/evrpc_8h.tex", "size_i": "24515", "regex": "false"},
	{"name_s": "/usr/share/doc/libevent-devel-1.4.13/latex/files.tex", "size_i": "580", "regex": "false"},
	{"name_s": "/usr/share/doc/libevent-devel-1.4.13/latex/index.tex", "size_i": "7635", "regex": "false"},
	{"name_s": "/usr/share/doc/libevent-devel-1.4.13/latex/refman.tex", "size_i": "1462", "regex": "false"},
	{"name_s": "/usr/share/doc/libevent-devel-1.4.13/latex/structbufferevent.tex", "size_i": "1814", "regex": "false"},
	{"name_s": "/usr/share/doc/libevent-devel-1.4.13/latex/structevbuffer.tex", "size_i": "1050", "regex": "false"},
	{"name_s": "/usr/share/doc/libevent-devel-1.4.13/latex/structevdns__server__question.tex", "size_i": "688", "regex": "false"},
	{"name_s": "/usr/share/doc/libevent-devel-1.4.13/latex/structevdns__server__request.tex", "size_i": "737", "regex": "false"},
	{"name_s": "/usr/share/doc/libevent-devel-1.4.13/latex/structevent.tex", "size_i": "1924", "regex": "false"},
	{"name_s": "/usr/share/doc/libevent-devel-1.4.13/latex/structevent__watermark.tex", "size_i": "545", "regex": "false"},
	{"name_s": "/usr/share/doc/libevent-devel-1.4.13/latex/structevhttp__request.tex", "size_i": "3216", "regex": "false"},
	{"name_s": "/usr/share/doc/libevent-devel-1.4.13/latex/structevkeyval.tex", "size_i": "699", "regex": "false"},
	{"name_s": "/usr/share/doc/libevent-devel-1.4.13/latex/structevrpc.tex", "size_i": "1811", "regex": "false"},
	{"name_s": "/usr/share/doc/libevent-devel-1.4.13/latex/structevrpc__req__generic.tex", "size_i": "986", "regex": "false"},
	{"name_s": "/usr/share/doc/libevent-devel-1.4.13/latex/structevrpc__request__wrapper.tex", "size_i": "2105", "regex": "false"},
	{"name_s": "/usr/share/doc/libevent-devel-1.4.13/latex/structevrpc__status.tex", "size_i": "743", "regex": "false"},
	{"name_s": "/usr/share/doc/libevent-devel-1.4.13/man/man3/DNS_ERR_FORMAT.3.gz", "size_i": "39", "regex": "false"},
	{"name_s": "/usr/share/doc/libevent-devel-1.4.13/man/man3/DNS_ERR_NONE.3.gz", "size_i": "39", "regex": "false"},
	{"name_s": "/usr/share/doc/libevent-devel-1.4.13/man/man3/DNS_ERR_NOTEXIST.3.gz", "size_i": "39", "regex": "false"},
	{"name_s": "/usr/share/doc/libevent-devel-1.4.13/man/man3/DNS_ERR_NOTIMPL.3.gz", "size_i": "39", "regex": "false"},
	{"name_s": "/usr/share/doc/libevent-devel-1.4.13/man/man3/DNS_ERR_REFUSED.3.gz", "size_i": "39", "regex": "false"},
	{"name_s": "/usr/share/doc/libevent-devel-1.4.13/man/man3/DNS_ERR_SERVERFAILED.3.gz", "size_i": "39", "regex": "false"},
	{"name_s": "/usr/share/doc/libevent-devel-1.4.13/man/man3/DNS_ERR_SHUTDOWN.3.gz", "size_i": "39", "regex": "false"},
	{"name_s": "/usr/share/doc/libevent-devel-1.4.13/man/man3/DNS_ERR_TIMEOUT.3.gz", "size_i": "39", "regex": "false"},
	{"name_s": "/usr/share/doc/libevent-devel-1.4.13/man/man3/DNS_ERR_TRUNCATED.3.gz", "size_i": "39", "regex": "false"},
	{"name_s": "/usr/share/doc/libevent-devel-1.4.13/man/man3/DNS_ERR_UNKNOWN.3.gz", "size_i": "39", "regex": "false"},
	{"name_s": "/usr/share/doc/libevent-devel-1.4.13/man/man3/DNS_IPv4_A.3.gz", "size_i": "39", "regex": "false"},
	{"name_s": "/usr/share/doc/libevent-devel-1.4.13/man/man3/DNS_IPv6_AAAA.3.gz", "size_i": "39", "regex": "false"},
	{"name_s": "/usr/share/doc/libevent-devel-1.4.13/man/man3/DNS_NO_SEARCH.3.gz", "size_i": "39", "regex": "false"},
	{"name_s": "/usr/share/doc/libevent-devel-1.4.13/man/man3/DNS_OPTIONS_ALL.3.gz", "size_i": "39", "regex": "false"},
	{"name_s": "/usr/share/doc/libevent-devel-1.4.13/man/man3/DNS_OPTION_MISC.3.gz", "size_i": "39", "regex": "false"},
	{"name_s": "/usr/share/doc/libevent-devel-1.4.13/man/man3/DNS_OPTION_NAMESERVERS.3.gz", "size_i": "39", "regex": "false"},
	{"name_s": "/usr/share/doc/libevent-devel-1.4.13/man/man3/DNS_OPTION_SEARCH.3.gz", "size_i": "39", "regex": "false"},
	{"name_s": "/usr/share/doc/libevent-devel-1.4.13/man/man3/DNS_PTR.3.gz", "size_i": "39", "regex": "false"},
	{"name_s": "/usr/share/doc/libevent-devel-1.4.13/man/man3/DNS_QUERY_NO_SEARCH.3.gz", "size_i": "39", "regex": "false"},
	{"name_s": "/usr/share/doc/libevent-devel-1.4.13/man/man3/EVBUFFER_DATA.3.gz", "size_i": "39", "regex": "false"},
	{"name_s": "/usr/share/doc/libevent-devel-1.4.13/man/man3/EVBUFFER_EOF.3.gz", "size_i": "39", "regex": "false"},
	{"name_s": "/usr/share/doc/libevent-devel-1.4.13/man/man3/EVBUFFER_ERROR.3.gz", "size_i": "39", "regex": "false"},
	{"name_s": "/usr/share/doc/libevent-devel-1.4.13/man/man3/EVBUFFER_INPUT.3.gz", "size_i": "39", "regex": "false"},
	{"name_s": "/usr/share/doc/libevent-devel-1.4.13/man/man3/EVBUFFER_LENGTH.3.gz", "size_i": "39", "regex": "false"},
	{"name_s": "/usr/share/doc/libevent-devel-1.4.13/man/man3/EVBUFFER_OUTPUT.3.gz", "size_i": "39", "regex": "false"},
	{"name_s": "/usr/share/doc/libevent-devel-1.4.13/man/man3/EVBUFFER_READ.3.gz", "size_i": "39", "regex": "false"},
	{"name_s": "/usr/share/doc/libevent-devel-1.4.13/man/man3/EVBUFFER_TIMEOUT.3.gz", "size_i": "39", "regex": "false"},
	{"name_s": "/usr/share/doc/libevent-devel-1.4.13/man/man3/EVBUFFER_WRITE.3.gz", "size_i": "39", "regex": "false"},
	{"name_s": "/usr/share/doc/libevent-devel-1.4.13/man/man3/EVDNS_ADDITIONAL_SECTION.3.gz", "size_i": "39", "regex": "false"},
	{"name_s": "/usr/share/doc/libevent-devel-1.4.13/man/man3/EVDNS_ANSWER_SECTION.3.gz", "size_i": "39", "regex": "false"},
	{"name_s": "/usr/share/doc/libevent-devel-1.4.13/man/man3/EVDNS_AUTHORITY_SECTION.3.gz", "size_i": "39", "regex": "false"},
	{"name_s": "/usr/share/doc/libevent-devel-1.4.13/man/man3/EVDNS_CLASS_INET.3.gz", "size_i": "39", "regex": "false"},
	{"name_s": "/usr/share/doc/libevent-devel-1.4.13/man/man3/EVDNS_QTYPE_ALL.3.gz", "size_i": "39", "regex": "false"},
	{"name_s": "/usr/share/doc/libevent-devel-1.4.13/man/man3/EVDNS_QTYPE_AXFR.3.gz", "size_i": "39", "regex": "false"},
	{"name_s": "/usr/share/doc/libevent-devel-1.4.13/man/man3/EVDNS_TYPE_A.3.gz", "size_i": "39", "regex": "false"},
	{"name_s": "/usr/share/doc/libevent-devel-1.4.13/man/man3/EVDNS_TYPE_AAAA.3.gz", "size_i": "39", "regex": "false"},
	{"name_s": "/usr/share/doc/libevent-devel-1.4.13/man/man3/EVDNS_TYPE_CNAME.3.gz", "size_i": "39", "regex": "false"},
	{"name_s": "/usr/share/doc/libevent-devel-1.4.13/man/man3/EVDNS_TYPE_MX.3.gz", "size_i": "39", "regex": "false"},
	{"name_s": "/usr/share/doc/libevent-devel-1.4.13/man/man3/EVDNS_TYPE_NS.3.gz", "size_i": "39", "regex": "false"},
	{"name_s": "/usr/share/doc/libevent-devel-1.4.13/man/man3/EVDNS_TYPE_PTR.3.gz", "size_i": "39", "regex": "false"},
	{"name_s": "/usr/share/doc/libevent-devel-1.4.13/man/man3/EVDNS_TYPE_SOA.3.gz", "size_i": "39", "regex": "false"},
	{"name_s": "/usr/share/doc/libevent-devel-1.4.13/man/man3/EVDNS_TYPE_TXT.3.gz", "size_i": "39", "regex": "false"},
	{"name_s": "/usr/share/doc/libevent-devel-1.4.13/man/man3/EVENT_FD.3.gz", "size_i": "39", "regex": "false"},
	{"name_s": "/usr/share/doc/libevent-devel-1.4.13/man/man3/EVENT_SIGNAL.3.gz", "size_i": "39", "regex": "false"},
	{"name_s": "/usr/share/doc/libevent-devel-1.4.13/man/man3/EVHTTP_PROXY_REQUEST.3.gz", "size_i": "40", "regex": "false"},
	{"name_s": "/usr/share/doc/libevent-devel-1.4.13/man/man3/EVHTTP_REQ_OWN_CONNECTION.3.gz", "size_i": "40", "regex": "false"},
	{"name_s": "/usr/share/doc/libevent-devel-1.4.13/man/man3/EVLIST_ACTIVE.3.gz", "size_i": "39", "regex": "false"},
	{"name_s": "/usr/share/doc/libevent-devel-1.4.13/man/man3/EVLIST_ALL.3.gz", "size_i": "39", "regex": "false"},
	{"name_s": "/usr/share/doc/libevent-devel-1.4.13/man/man3/EVLIST_INIT.3.gz", "size_i": "39", "regex": "false"},
	{"name_s": "/usr/share/doc/libevent-devel-1.4.13/man/man3/EVLIST_INSERTED.3.gz", "size_i": "39", "regex": "false"},
	{"name_s": "/usr/share/doc/libevent-devel-1.4.13/man/man3/EVLIST_INTERNAL.3.gz", "size_i": "39", "regex": "false"},
	{"name_s": "/usr/share/doc/libevent-devel-1.4.13/man/man3/EVLIST_SIGNAL.3.gz", "size_i": "39", "regex": "false"},
	{"name_s": "/usr/share/doc/libevent-devel-1.4.13/man/man3/EVLIST_TIMEOUT.3.gz", "size_i": "39", "regex": "false"},
	{"name_s": "/usr/share/doc/libevent-devel-1.4.13/man/man3/EVLOOP_NONBLOCK.3.gz", "size_i": "39", "regex": "false"},
	{"name_s": "/usr/share/doc/libevent-devel-1.4.13/man/man3/EVLOOP_ONCE.3.gz", "size_i": "39", "regex": "false"},
	{"name_s": "/usr/share/doc/libevent-devel-1.4.13/man/man3/EVRPC_GENERATE.3.gz", "size_i": "39", "regex": "false"},
	{"name_s": "/usr/share/doc/libevent-devel-1.4.13/man/man3/EVRPC_HEADER.3.gz", "size_i": "39", "regex": "false"},
	{"name_s": "/usr/share/doc/libevent-devel-1.4.13/man/man3/EVRPC_HOOK_TYPE.3.gz", "size_i": "39", "regex": "false"},
	{"name_s": "/usr/share/doc/libevent-devel-1.4.13/man/man3/EVRPC_INPUT.3.gz", "size_i": "39", "regex": "false"},
	{"name_s": "/usr/share/doc/libevent-devel-1.4.13/man/man3/EVRPC_MAKE_REQUEST.3.gz", "size_i": "39", "regex": "false"},
	{"name_s": "/usr/share/doc/libevent-devel-1.4.13/man/man3/EVRPC_OUTPUT.3.gz", "size_i": "39", "regex": "false"},
	{"name_s": "/usr/share/doc/libevent-devel-1.4.13/man/man3/EVRPC_REGISTER.3.gz", "size_i": "39", "regex": "false"},
	{"name_s": "/usr/share/doc/libevent-devel-1.4.13/man/man3/EVRPC_REGISTER_OBJECT.3.gz", "size_i": "39", "regex": "false"},
	{"name_s": "/usr/share/doc/libevent-devel-1.4.13/man/man3/EVRPC_REQUEST_DONE.3.gz", "size_i": "39", "regex": "false"},
	{"name_s": "/usr/share/doc/libevent-devel-1.4.13/man/man3/EVRPC_REQUEST_HTTP.3.gz", "size_i": "39", "regex": "false"},
	{"name_s": "/usr/share/doc/libevent-devel-1.4.13/man/man3/EVRPC_STATUS_ERR_BADPAYLOAD.3.gz", "size_i": "39", "regex": "false"},
	{"name_s": "/usr/share/doc/libevent-devel-1.4.13/man/man3/EVRPC_STATUS_ERR_HOOKABORTED.3.gz", "size_i": "39", "regex": "false"},
	{"name_s": "/usr/share/doc/libevent-devel-1.4.13/man/man3/EVRPC_STATUS_ERR_NONE.3.gz", "size_i": "39", "regex": "false"},
	{"name_s": "/usr/share/doc/libevent-devel-1.4.13/man/man3/EVRPC_STATUS_ERR_TIMEOUT.3.gz", "size_i": "39", "regex": "false"},
	{"name_s": "/usr/share/doc/libevent-devel-1.4.13/man/man3/EVRPC_STATUS_ERR_UNSTARTED.3.gz", "size_i": "39", "regex": "false"},
	{"name_s": "/usr/share/doc/libevent-devel-1.4.13/man/man3/EVRPC_STRUCT.3.gz", "size_i": "39", "regex": "false"},
	{"name_s": "/usr/share/doc/libevent-devel-1.4.13/man/man3/EVRPC_UNREGISTER.3.gz", "size_i": "39", "regex": "false"},
	{"name_s": "/usr/share/doc/libevent-devel-1.4.13/man/man3/EV_PERSIST.3.gz", "size_i": "39", "regex": "false"},
	{"name_s": "/usr/share/doc/libevent-devel-1.4.13/man/man3/EV_READ.3.gz", "size_i": "39", "regex": "false"},
	{"name_s": "/usr/share/doc/libevent-devel-1.4.13/man/man3/EV_SIGNAL.3.gz", "size_i": "39", "regex": "false"},
	{"name_s": "/usr/share/doc/libevent-devel-1.4.13/man/man3/EV_TIMEOUT.3.gz", "size_i": "39", "regex": "false"},
	{"name_s": "/usr/share/doc/libevent-devel-1.4.13/man/man3/EV_WRITE.3.gz", "size_i": "39", "regex": "false"},
	{"name_s": "/usr/share/doc/libevent-devel-1.4.13/man/man3/HTTP_BADREQUEST.3.gz", "size_i": "40", "regex": "false"},
	{"name_s": "/usr/share/doc/libevent-devel-1.4.13/man/man3/HTTP_MOVEPERM.3.gz", "size_i": "40", "regex": "false"},
	{"name_s": "/usr/share/doc/libevent-devel-1.4.13/man/man3/HTTP_MOVETEMP.3.gz", "size_i": "40", "regex": "false"},
	{"name_s": "/usr/share/doc/libevent-devel-1.4.13/man/man3/HTTP_NOCONTENT.3.gz", "size_i": "40", "regex": "false"},
	{"name_s": "/usr/share/doc/libevent-devel-1.4.13/man/man3/HTTP_NOTFOUND.3.gz", "size_i": "40", "regex": "false"},
	{"name_s": "/usr/share/doc/libevent-devel-1.4.13/man/man3/HTTP_NOTMODIFIED.3.gz", "size_i": "40", "regex": "false"},
	{"name_s": "/usr/share/doc/libevent-devel-1.4.13/man/man3/HTTP_OK.3.gz", "size_i": "40", "regex": "false"},
	{"name_s": "/usr/share/doc/libevent-devel-1.4.13/man/man3/HTTP_SERVUNAVAIL.3.gz", "size_i": "40", "regex": "false"},
	{"name_s": "/usr/share/doc/libevent-devel-1.4.13/man/man3/INPUT.3.gz", "size_i": "39", "regex": "false"},
	{"name_s": "/usr/share/doc/libevent-devel-1.4.13/man/man3/OUTPUT.3.gz", "size_i": "39", "regex": "false"},
	{"name_s": "/usr/share/doc/libevent-devel-1.4.13/man/man3/TAILQ_ENTRY.3.gz", "size_i": "37", "regex": "false"},
	{"name_s": "/usr/share/doc/libevent-devel-1.4.13/man/man3/_EVENT_LOG_DEBUG.3.gz", "size_i": "39", "regex": "false"},
	{"name_s": "/usr/share/doc/libevent-devel-1.4.13/man/man3/_EVENT_LOG_ERR.3.gz", "size_i": "39", "regex": "false"},
	{"name_s": "/usr/share/doc/libevent-devel-1.4.13/man/man3/_EVENT_LOG_MSG.3.gz", "size_i": "39", "regex": "false"},
	{"name_s": "/usr/share/doc/libevent-devel-1.4.13/man/man3/_EVENT_LOG_WARN.3.gz", "size_i": "39", "regex": "false"},
	{"name_s": "/usr/share/doc/libevent-devel-1.4.13/man/man3/base.3.gz", "size_i": "37", "regex": "false"},
	{"name_s": "/usr/share/doc/libevent-devel-1.4.13/man/man3/buffer.3.gz", "size_i": "40", "regex": "false"},
	{"name_s": "/usr/share/doc/libevent-devel-1.4.13/man/man3/bufferevent.3.gz", "size_i": "356", "regex": "false"},
	{"name_s": "/usr/share/doc/libevent-devel-1.4.13/man/man3/bufferevent_base_set.3.gz", "size_i": "39", "regex": "false"},
	{"name_s": "/usr/share/doc/libevent-devel-1.4.13/man/man3/bufferevent_disable.3.gz", "size_i": "39", "regex": "false"},
	{"name_s": "/usr/share/doc/libevent-devel-1.4.13/man/man3/bufferevent_enable.3.gz", "size_i": "39", "regex": "false"},
	{"name_s": "/usr/share/doc/libevent-devel-1.4.13/man/man3/bufferevent_free.3.gz", "size_i": "39", "regex": "false"},
	{"name_s": "/usr/share/doc/libevent-devel-1.4.13/man/man3/bufferevent_new.3.gz", "size_i": "39", "regex": "false"},
	{"name_s": "/usr/share/doc/libevent-devel-1.4.13/man/man3/bufferevent_priority_set.3.gz", "size_i": "39", "regex": "false"},
	{"name_s": "/usr/share/doc/libevent-devel-1.4.13/man/man3/bufferevent_read.3.gz", "size_i": "39", "regex": "false"},
	{"name_s": "/usr/share/doc/libevent-devel-1.4.13/man/man3/bufferevent_setcb.3.gz", "size_i": "39", "regex": "false"},
	{"name_s": "/usr/share/doc/libevent-devel-1.4.13/man/man3/bufferevent_setfd.3.gz", "size_i": "39", "regex": "false"},
	{"name_s": "/usr/share/doc/libevent-devel-1.4.13/man/man3/bufferevent_settimeout.3.gz", "size_i": "39", "regex": "false"},
	{"name_s": "/usr/share/doc/libevent-devel-1.4.13/man/man3/bufferevent_setwatermark.3.gz", "size_i": "39", "regex": "false"},
	{"name_s": "/usr/share/doc/libevent-devel-1.4.13/man/man3/bufferevent_write.3.gz", "size_i": "39", "regex": "false"},
	{"name_s": "/usr/share/doc/libevent-devel-1.4.13/man/man3/bufferevent_write_buffer.3.gz", "size_i": "39", "regex": "false"},
	{"name_s": "/usr/share/doc/libevent-devel-1.4.13/man/man3/cb.3.gz", "size_i": "40", "regex": "false"},
	{"name_s": "/usr/share/doc/libevent-devel-1.4.13/man/man3/cb_arg.3.gz", "size_i": "46", "regex": "false"},
	{"name_s": "/usr/share/doc/libevent-devel-1.4.13/man/man3/cbarg.3.gz", "size_i": "43", "regex": "false"},
	{"name_s": "/usr/share/doc/libevent-devel-1.4.13/man/man3/chunk_cb.3.gz", "size_i": "46", "regex": "false"},
	{"name_s": "/usr/share/doc/libevent-devel-1.4.13/man/man3/chunked.3.gz", "size_i": "46", "regex": "false"},
	{"name_s": "/usr/share/doc/libevent-devel-1.4.13/man/man3/class.3.gz", "size_i": "53", "regex": "false"},
	{"name_s": "/usr/share/doc/libevent-devel-1.4.13/man/man3/dns_question_class.3.gz", "size_i": "39", "regex": "false"},
	{"name_s": "/usr/share/doc/libevent-devel-1.4.13/man/man3/done.3.gz", "size_i": "49", "regex": "false"},
	{"name_s": "/usr/share/doc/libevent-devel-1.4.13/man/man3/enabled.3.gz", "size_i": "43", "regex": "false"},
	{"name_s": "/usr/share/doc/libevent-devel-1.4.13/man/man3/encode_int.3.gz", "size_i": "39", "regex": "false"},
	{"name_s": "/usr/share/doc/libevent-devel-1.4.13/man/man3/error.3.gz", "size_i": "44", "regex": "false"},
	{"name_s": "/usr/share/doc/libevent-devel-1.4.13/man/man3/errorcb.3.gz", "size_i": "43", "regex": "false"},
	{"name_s": "/usr/share/doc/libevent-devel-1.4.13/man/man3/ev_arg.3.gz", "size_i": "37", "regex": "false"},
	{"name_s": "/usr/share/doc/libevent-devel-1.4.13/man/man3/ev_base.3.gz", "size_i": "43", "regex": "false"},
	{"name_s": "/usr/share/doc/libevent-devel-1.4.13/man/man3/ev_callback.3.gz", "size_i": "37", "regex": "false"},
	{"name_s": "/usr/share/doc/libevent-devel-1.4.13/man/man3/ev_events.3.gz", "size_i": "37", "regex": "false"},
	{"name_s": "/usr/share/doc/libevent-devel-1.4.13/man/man3/ev_fd.3.gz", "size_i": "37", "regex": "false"},
	{"name_s": "/usr/share/doc/libevent-devel-1.4.13/man/man3/ev_flags.3.gz", "size_i": "37", "regex": "false"},
	{"name_s": "/usr/share/doc/libevent-devel-1.4.13/man/man3/ev_ncalls.3.gz", "size_i": "37", "regex": "false"},
	{"name_s": "/usr/share/doc/libevent-devel-1.4.13/man/man3/ev_pncalls.3.gz", "size_i": "37", "regex": "false"},
	{"name_s": "/usr/share/doc/libevent-devel-1.4.13/man/man3/ev_pri.3.gz", "size_i": "37", "regex": "false"},
	{"name_s": "/usr/share/doc/libevent-devel-1.4.13/man/man3/ev_read.3.gz", "size_i": "43", "regex": "false"},
	{"name_s": "/usr/share/doc/libevent-devel-1.4.13/man/man3/ev_res.3.gz", "size_i": "37", "regex": "false"},
	{"name_s": "/usr/share/doc/libevent-devel-1.4.13/man/man3/ev_timeout.3.gz", "size_i": "37", "regex": "false"},
	{"name_s": "/usr/share/doc/libevent-devel-1.4.13/man/man3/ev_write.3.gz", "size_i": "43", "regex": "false"},
	{"name_s": "/usr/share/doc/libevent-devel-1.4.13/man/man3/evbuffer.3.gz", "size_i": "308", "regex": "false"},
	{"name_s": "/usr/share/doc/libevent-devel-1.4.13/man/man3/evbuffer_add.3.gz", "size_i": "39", "regex": "false"},
	{"name_s": "/usr/share/doc/libevent-devel-1.4.13/man/man3/evbuffer_add_buffer.3.gz", "size_i": "39", "regex": "false"},
	{"name_s": "/usr/share/doc/libevent-devel-1.4.13/man/man3/evbuffer_add_printf.3.gz", "size_i": "39", "regex": "false"},
	{"name_s": "/usr/share/doc/libevent-devel-1.4.13/man/man3/evbuffer_add_vprintf.3.gz", "size_i": "39", "regex": "false"},
	{"name_s": "/usr/share/doc/libevent-devel-1.4.13/man/man3/evbuffer_drain.3.gz", "size_i": "39", "regex": "false"},
	{"name_s": "/usr/share/doc/libevent-devel-1.4.13/man/man3/evbuffer_expand.3.gz", "size_i": "39", "regex": "false"},
	{"name_s": "/usr/share/doc/libevent-devel-1.4.13/man/man3/evbuffer_find.3.gz", "size_i": "39", "regex": "false"},
	{"name_s": "/usr/share/doc/libevent-devel-1.4.13/man/man3/evbuffer_free.3.gz", "size_i": "39", "regex": "false"},
	{"name_s": "/usr/share/doc/libevent-devel-1.4.13/man/man3/evbuffer_new.3.gz", "size_i": "39", "regex": "false"},
	{"name_s": "/usr/share/doc/libevent-devel-1.4.13/man/man3/evbuffer_read.3.gz", "size_i": "39", "regex": "false"},
	{"name_s": "/usr/share/doc/libevent-devel-1.4.13/man/man3/evbuffer_readline.3.gz", "size_i": "39", "regex": "false"},
	{"name_s": "/usr/share/doc/libevent-devel-1.4.13/man/man3/evbuffer_remove.3.gz", "size_i": "39", "regex": "false"},
	{"name_s": "/usr/share/doc/libevent-devel-1.4.13/man/man3/evbuffer_setcb.3.gz", "size_i": "39", "regex": "false"},
	{"name_s": "/usr/share/doc/libevent-devel-1.4.13/man/man3/evbuffer_write.3.gz", "size_i": "39", "regex": "false"},
	{"name_s": "/usr/share/doc/libevent-devel-1.4.13/man/man3/evbuffercb.3.gz", "size_i": "39", "regex": "false"},
	{"name_s": "/usr/share/doc/libevent-devel-1.4.13/man/man3/evcon.3.gz", "size_i": "46", "regex": "false"},
	{"name_s": "/usr/share/doc/libevent-devel-1.4.13/man/man3/evdns.h.3.gz", "size_i": "5628", "regex": "false"},
	{"name_s": "/usr/share/doc/libevent-devel-1.4.13/man/man3/evdns_add_server_port.3.gz", "size_i": "39", "regex": "false"},
	{"name_s": "/usr/share/doc/libevent-devel-1.4.13/man/man3/evdns_callback_type.3.gz", "size_i": "39", "regex": "false"},
	{"name_s": "/usr/share/doc/libevent-devel-1.4.13/man/man3/evdns_clear_nameservers_and_suspend.3.gz", "size_i": "39", "regex": "false"},
	{"name_s": "/usr/share/doc/libevent-devel-1.4.13/man/man3/evdns_close_server_port.3.gz", "size_i": "39", "regex": "false"},
	{"name_s": "/usr/share/doc/libevent-devel-1.4.13/man/man3/evdns_count_nameservers.3.gz", "size_i": "39", "regex": "false"},
	{"name_s": "/usr/share/doc/libevent-devel-1.4.13/man/man3/evdns_debug_log_fn_type.3.gz", "size_i": "39", "regex": "false"},
	{"name_s": "/usr/share/doc/libevent-devel-1.4.13/man/man3/evdns_err_to_string.3.gz", "size_i": "39", "regex": "false"},
	{"name_s": "/usr/share/doc/libevent-devel-1.4.13/man/man3/evdns_init.3.gz", "size_i": "39", "regex": "false"},
	{"name_s": "/usr/share/doc/libevent-devel-1.4.13/man/man3/evdns_nameserver_add.3.gz", "size_i": "39", "regex": "false"},
	{"name_s": "/usr/share/doc/libevent-devel-1.4.13/man/man3/evdns_nameserver_ip_add.3.gz", "size_i": "39", "regex": "false"},
	{"name_s": "/usr/share/doc/libevent-devel-1.4.13/man/man3/evdns_request_callback_fn_type.3.gz", "size_i": "39", "regex": "false"},
	{"name_s": "/usr/share/doc/libevent-devel-1.4.13/man/man3/evdns_resolv_conf_parse.3.gz", "size_i": "39", "regex": "false"},
	{"name_s": "/usr/share/doc/libevent-devel-1.4.13/man/man3/evdns_resolve_ipv4.3.gz", "size_i": "39", "regex": "false"},
	{"name_s": "/usr/share/doc/libevent-devel-1.4.13/man/man3/evdns_resolve_ipv6.3.gz", "size_i": "39", "regex": "false"},
	{"name_s": "/usr/share/doc/libevent-devel-1.4.13/man/man3/evdns_resolve_reverse.3.gz", "size_i": "39", "regex": "false"},
	{"name_s": "/usr/share/doc/libevent-devel-1.4.13/man/man3/evdns_resolve_reverse_ipv6.3.gz", "size_i": "39", "regex": "false"},
	{"name_s": "/usr/share/doc/libevent-devel-1.4.13/man/man3/evdns_resume.3.gz", "size_i": "39", "regex": "false"},
	{"name_s": "/usr/share/doc/libevent-devel-1.4.13/man/man3/evdns_search_add.3.gz", "size_i": "39", "regex": "false"},
	{"name_s": "/usr/share/doc/libevent-devel-1.4.13/man/man3/evdns_search_clear.3.gz", "size_i": "39", "regex": "false"},
	{"name_s": "/usr/share/doc/libevent-devel-1.4.13/man/man3/evdns_search_ndots_set.3.gz", "size_i": "39", "regex": "false"},
	{"name_s": "/usr/share/doc/libevent-devel-1.4.13/man/man3/evdns_server_question.3.gz", "size_i": "258", "regex": "false"},
	{"name_s": "/usr/share/doc/libevent-devel-1.4.13/man/man3/evdns_server_request.3.gz", "size_i": "262", "regex": "false"},
	{"name_s": "/usr/share/doc/libevent-devel-1.4.13/man/man3/evdns_server_request_add_a_reply.3.gz", "size_i": "39", "regex": "false"},
	{"name_s": "/usr/share/doc/libevent-devel-1.4.13/man/man3/evdns_server_request_add_aaaa_reply.3.gz", "size_i": "39", "regex": "false"},
	{"name_s": "/usr/share/doc/libevent-devel-1.4.13/man/man3/evdns_server_request_add_cname_reply.3.gz", "size_i": "39", "regex": "false"},
	{"name_s": "/usr/share/doc/libevent-devel-1.4.13/man/man3/evdns_server_request_add_ptr_reply.3.gz", "size_i": "39", "regex": "false"},
	{"name_s": "/usr/share/doc/libevent-devel-1.4.13/man/man3/evdns_server_request_add_reply.3.gz", "size_i": "39", "regex": "false"},
	{"name_s": "/usr/share/doc/libevent-devel-1.4.13/man/man3/evdns_server_request_drop.3.gz", "size_i": "39", "regex": "false"},
	{"name_s": "/usr/share/doc/libevent-devel-1.4.13/man/man3/evdns_server_request_get_requesting_addr.3.gz", "size_i": "39", "regex": "false"},
	{"name_s": "/usr/share/doc/libevent-devel-1.4.13/man/man3/evdns_server_request_respond.3.gz", "size_i": "39", "regex": "false"},
	{"name_s": "/usr/share/doc/libevent-devel-1.4.13/man/man3/evdns_set_log_fn.3.gz", "size_i": "39", "regex": "false"},
	{"name_s": "/usr/share/doc/libevent-devel-1.4.13/man/man3/evdns_set_option.3.gz", "size_i": "39", "regex": "false"},
	{"name_s": "/usr/share/doc/libevent-devel-1.4.13/man/man3/evdns_set_transaction_id_fn.3.gz", "size_i": "39", "regex": "false"},
	{"name_s": "/usr/share/doc/libevent-devel-1.4.13/man/man3/evdns_shutdown.3.gz", "size_i": "39", "regex": "false"},
	{"name_s": "/usr/share/doc/libevent-devel-1.4.13/man/man3/event.3.gz", "size_i": "414", "regex": "false"},
	{"name_s": "/usr/share/doc/libevent-devel-1.4.13/man/man3/event.h.3.gz", "size_i": "7603", "regex": "false"},
	{"name_s": "/usr/share/doc/libevent-devel-1.4.13/man/man3/event_active.3.gz", "size_i": "39", "regex": "false"},
	{"name_s": "/usr/share/doc/libevent-devel-1.4.13/man/man3/event_add.3.gz", "size_i": "39", "regex": "false"},
	{"name_s": "/usr/share/doc/libevent-devel-1.4.13/man/man3/event_base_dispatch.3.gz", "size_i": "39", "regex": "false"},
	{"name_s": "/usr/share/doc/libevent-devel-1.4.13/man/man3/event_base_free.3.gz", "size_i": "39", "regex": "false"},
	{"name_s": "/usr/share/doc/libevent-devel-1.4.13/man/man3/event_base_get_method.3.gz", "size_i": "39", "regex": "false"},
	{"name_s": "/usr/share/doc/libevent-devel-1.4.13/man/man3/event_base_loop.3.gz", "size_i": "39", "regex": "false"},
	{"name_s": "/usr/share/doc/libevent-devel-1.4.13/man/man3/event_base_loopbreak.3.gz", "size_i": "39", "regex": "false"},
	{"name_s": "/usr/share/doc/libevent-devel-1.4.13/man/man3/event_base_loopexit.3.gz", "size_i": "39", "regex": "false"},
	{"name_s": "/usr/share/doc/libevent-devel-1.4.13/man/man3/event_base_new.3.gz", "size_i": "39", "regex": "false"},
	{"name_s": "/usr/share/doc/libevent-devel-1.4.13/man/man3/event_base_once.3.gz", "size_i": "39", "regex": "false"},
	{"name_s": "/usr/share/doc/libevent-devel-1.4.13/man/man3/event_base_priority_init.3.gz", "size_i": "39", "regex": "false"},
	{"name_s": "/usr/share/doc/libevent-devel-1.4.13/man/man3/event_base_set.3.gz", "size_i": "39", "regex": "false"},
	{"name_s": "/usr/share/doc/libevent-devel-1.4.13/man/man3/event_del.3.gz", "size_i": "39", "regex": "false"},
	{"name_s": "/usr/share/doc/libevent-devel-1.4.13/man/man3/event_dispatch.3.gz", "size_i": "39", "regex": "false"},
	{"name_s": "/usr/share/doc/libevent-devel-1.4.13/man/man3/event_get_method.3.gz", "size_i": "39", "regex": "false"},
	{"name_s": "/usr/share/doc/libevent-devel-1.4.13/man/man3/event_get_version.3.gz", "size_i": "39", "regex": "false"},
	{"name_s": "/usr/share/doc/libevent-devel-1.4.13/man/man3/event_init.3.gz", "size_i": "39", "regex": "false"},
	{"name_s": "/usr/share/doc/libevent-devel-1.4.13/man/man3/event_initialized.3.gz", "size_i": "39", "regex": "false"},
	{"name_s": "/usr/share/doc/libevent-devel-1.4.13/man/man3/event_log_cb.3.gz", "size_i": "39", "regex": "false"},
	{"name_s": "/usr/share/doc/libevent-devel-1.4.13/man/man3/event_loop.3.gz", "size_i": "39", "regex": "false"},
	{"name_s": "/usr/share/doc/libevent-devel-1.4.13/man/man3/event_loopbreak.3.gz", "size_i": "39", "regex": "false"},
	{"name_s": "/usr/share/doc/libevent-devel-1.4.13/man/man3/event_loopexit.3.gz", "size_i": "39", "regex": "false"},
	{"name_s": "/usr/share/doc/libevent-devel-1.4.13/man/man3/event_once.3.gz", "size_i": "39", "regex": "false"},
	{"name_s": "/usr/share/doc/libevent-devel-1.4.13/man/man3/event_pending.3.gz", "size_i": "39", "regex": "false"},
	{"name_s": "/usr/share/doc/libevent-devel-1.4.13/man/man3/event_priority_init.3.gz", "size_i": "39", "regex": "false"},
	{"name_s": "/usr/share/doc/libevent-devel-1.4.13/man/man3/event_priority_set.3.gz", "size_i": "39", "regex": "false"},
	{"name_s": "/usr/share/doc/libevent-devel-1.4.13/man/man3/event_reinit.3.gz", "size_i": "39", "regex": "false"},
	{"name_s": "/usr/share/doc/libevent-devel-1.4.13/man/man3/event_set.3.gz", "size_i": "39", "regex": "false"},
	{"name_s": "/usr/share/doc/libevent-devel-1.4.13/man/man3/event_set_log_callback.3.gz", "size_i": "39", "regex": "false"},
	{"name_s": "/usr/share/doc/libevent-devel-1.4.13/man/man3/event_watermark.3.gz", "size_i": "238", "regex": "false"},
	{"name_s": "/usr/share/doc/libevent-devel-1.4.13/man/man3/everrorcb.3.gz", "size_i": "39", "regex": "false"},
	{"name_s": "/usr/share/doc/libevent-devel-1.4.13/man/man3/evhttp.h.3.gz", "size_i": "3150", "regex": "false"},
	{"name_s": "/usr/share/doc/libevent-devel-1.4.13/man/man3/evhttp_accept_socket.3.gz", "size_i": "40", "regex": "false"},
	{"name_s": "/usr/share/doc/libevent-devel-1.4.13/man/man3/evhttp_add_header.3.gz", "size_i": "40", "regex": "false"},
	{"name_s": "/usr/share/doc/libevent-devel-1.4.13/man/man3/evhttp_bind_socket.3.gz", "size_i": "40", "regex": "false"},
	{"name_s": "/usr/share/doc/libevent-devel-1.4.13/man/man3/evhttp_clear_headers.3.gz", "size_i": "40", "regex": "false"},
	{"name_s": "/usr/share/doc/libevent-devel-1.4.13/man/man3/evhttp_connection_free.3.gz", "size_i": "40", "regex": "false"},
	{"name_s": "/usr/share/doc/libevent-devel-1.4.13/man/man3/evhttp_connection_get_peer.3.gz", "size_i": "40", "regex": "false"},
	{"name_s": "/usr/share/doc/libevent-devel-1.4.13/man/man3/evhttp_connection_new.3.gz", "size_i": "40", "regex": "false"},
	{"name_s": "/usr/share/doc/libevent-devel-1.4.13/man/man3/evhttp_connection_set_base.3.gz", "size_i": "40", "regex": "false"},
	{"name_s": "/usr/share/doc/libevent-devel-1.4.13/man/man3/evhttp_connection_set_closecb.3.gz", "size_i": "40", "regex": "false"},
	{"name_s": "/usr/share/doc/libevent-devel-1.4.13/man/man3/evhttp_connection_set_local_address.3.gz", "size_i": "40", "regex": "false"},
	{"name_s": "/usr/share/doc/libevent-devel-1.4.13/man/man3/evhttp_connection_set_local_port.3.gz", "size_i": "40", "regex": "false"},
	{"name_s": "/usr/share/doc/libevent-devel-1.4.13/man/man3/evhttp_connection_set_retries.3.gz", "size_i": "40", "regex": "false"},
	{"name_s": "/usr/share/doc/libevent-devel-1.4.13/man/man3/evhttp_connection_set_timeout.3.gz", "size_i": "40", "regex": "false"},
	{"name_s": "/usr/share/doc/libevent-devel-1.4.13/man/man3/evhttp_decode_uri.3.gz", "size_i": "40", "regex": "false"},
	{"name_s": "/usr/share/doc/libevent-devel-1.4.13/man/man3/evhttp_del_cb.3.gz", "size_i": "40", "regex": "false"},
	{"name_s": "/usr/share/doc/libevent-devel-1.4.13/man/man3/evhttp_encode_uri.3.gz", "size_i": "40", "regex": "false"},
	{"name_s": "/usr/share/doc/libevent-devel-1.4.13/man/man3/evhttp_find_header.3.gz", "size_i": "40", "regex": "false"},
	{"name_s": "/usr/share/doc/libevent-devel-1.4.13/man/man3/evhttp_free.3.gz", "size_i": "40", "regex": "false"},
	{"name_s": "/usr/share/doc/libevent-devel-1.4.13/man/man3/evhttp_htmlescape.3.gz", "size_i": "40", "regex": "false"},
	{"name_s": "/usr/share/doc/libevent-devel-1.4.13/man/man3/evhttp_make_request.3.gz", "size_i": "40", "regex": "false"},
	{"name_s": "/usr/share/doc/libevent-devel-1.4.13/man/man3/evhttp_new.3.gz", "size_i": "40", "regex": "false"},
	{"name_s": "/usr/share/doc/libevent-devel-1.4.13/man/man3/evhttp_parse_query.3.gz", "size_i": "40", "regex": "false"},
	{"name_s": "/usr/share/doc/libevent-devel-1.4.13/man/man3/evhttp_remove_header.3.gz", "size_i": "40", "regex": "false"},
	{"name_s": "/usr/share/doc/libevent-devel-1.4.13/man/man3/evhttp_request.3.gz", "size_i": "607", "regex": "false"},
	{"name_s": "/usr/share/doc/libevent-devel-1.4.13/man/man3/evhttp_request_free.3.gz", "size_i": "40", "regex": "false"},
	{"name_s": "/usr/share/doc/libevent-devel-1.4.13/man/man3/evhttp_request_new.3.gz", "size_i": "40", "regex": "false"},
	{"name_s": "/usr/share/doc/libevent-devel-1.4.13/man/man3/evhttp_request_set_chunked_cb.3.gz", "size_i": "40", "regex": "false"},
	{"name_s": "/usr/share/doc/libevent-devel-1.4.13/man/man3/evhttp_request_uri.3.gz", "size_i": "40", "regex": "false"},
	{"name_s": "/usr/share/doc/libevent-devel-1.4.13/man/man3/evhttp_send_error.3.gz", "size_i": "40", "regex": "false"},
	{"name_s": "/usr/share/doc/libevent-devel-1.4.13/man/man3/evhttp_send_reply.3.gz", "size_i": "40", "regex": "false"},
	{"name_s": "/usr/share/doc/libevent-devel-1.4.13/man/man3/evhttp_send_reply_chunk.3.gz", "size_i": "40", "regex": "false"},
	{"name_s": "/usr/share/doc/libevent-devel-1.4.13/man/man3/evhttp_send_reply_end.3.gz", "size_i": "40", "regex": "false"},
	{"name_s": "/usr/share/doc/libevent-devel-1.4.13/man/man3/evhttp_send_reply_start.3.gz", "size_i": "40", "regex": "false"},
	{"name_s": "/usr/share/doc/libevent-devel-1.4.13/man/man3/evhttp_set_cb.3.gz", "size_i": "40", "regex": "false"},
	{"name_s": "/usr/share/doc/libevent-devel-1.4.13/man/man3/evhttp_set_gencb.3.gz", "size_i": "40", "regex": "false"},
	{"name_s": "/usr/share/doc/libevent-devel-1.4.13/man/man3/evhttp_set_timeout.3.gz", "size_i": "40", "regex": "false"},
	{"name_s": "/usr/share/doc/libevent-devel-1.4.13/man/man3/evhttp_start.3.gz", "size_i": "40", "regex": "false"},
	{"name_s": "/usr/share/doc/libevent-devel-1.4.13/man/man3/evkeyval.3.gz", "size_i": "282", "regex": "false"},
	{"name_s": "/usr/share/doc/libevent-devel-1.4.13/man/man3/evrpc.3.gz", "size_i": "419", "regex": "false"},
	{"name_s": "/usr/share/doc/libevent-devel-1.4.13/man/man3/evrpc.h.3.gz", "size_i": "3871", "regex": "false"},
	{"name_s": "/usr/share/doc/libevent-devel-1.4.13/man/man3/evrpc_add_hook.3.gz", "size_i": "39", "regex": "false"},
	{"name_s": "/usr/share/doc/libevent-devel-1.4.13/man/man3/evrpc_free.3.gz", "size_i": "39", "regex": "false"},
	{"name_s": "/usr/share/doc/libevent-devel-1.4.13/man/man3/evrpc_init.3.gz", "size_i": "39", "regex": "false"},
	{"name_s": "/usr/share/doc/libevent-devel-1.4.13/man/man3/evrpc_make_request.3.gz", "size_i": "39", "regex": "false"},
	{"name_s": "/usr/share/doc/libevent-devel-1.4.13/man/man3/evrpc_pool_add_connection.3.gz", "size_i": "39", "regex": "false"},
	{"name_s": "/usr/share/doc/libevent-devel-1.4.13/man/man3/evrpc_pool_free.3.gz", "size_i": "39", "regex": "false"},
	{"name_s": "/usr/share/doc/libevent-devel-1.4.13/man/man3/evrpc_pool_new.3.gz", "size_i": "39", "regex": "false"},
	{"name_s": "/usr/share/doc/libevent-devel-1.4.13/man/man3/evrpc_pool_set_timeout.3.gz", "size_i": "39", "regex": "false"},
	{"name_s": "/usr/share/doc/libevent-devel-1.4.13/man/man3/evrpc_register_rpc.3.gz", "size_i": "39", "regex": "false"},
	{"name_s": "/usr/share/doc/libevent-devel-1.4.13/man/man3/evrpc_remove_hook.3.gz", "size_i": "39", "regex": "false"},
	{"name_s": "/usr/share/doc/libevent-devel-1.4.13/man/man3/evrpc_req_generic.3.gz", "size_i": "294", "regex": "false"},
	{"name_s": "/usr/share/doc/libevent-devel-1.4.13/man/man3/evrpc_request_wrapper.3.gz", "size_i": "445", "regex": "false"},
	{"name_s": "/usr/share/doc/libevent-devel-1.4.13/man/man3/evrpc_status.3.gz", "size_i": "327", "regex": "false"},
	{"name_s": "/usr/share/doc/libevent-devel-1.4.13/man/man3/evrpc_unregister_rpc.3.gz", "size_i": "39", "regex": "false"},
	{"name_s": "/usr/share/doc/libevent-devel-1.4.13/man/man3/evtag_consume.3.gz", "size_i": "39", "regex": "false"},
	{"name_s": "/usr/share/doc/libevent-devel-1.4.13/man/man3/evtag_init.3.gz", "size_i": "39", "regex": "false"},
	{"name_s": "/usr/share/doc/libevent-devel-1.4.13/man/man3/evtag_marshal.3.gz", "size_i": "39", "regex": "false"},
	{"name_s": "/usr/share/doc/libevent-devel-1.4.13/man/man3/evtag_marshal_int.3.gz", "size_i": "39", "regex": "false"},
	{"name_s": "/usr/share/doc/libevent-devel-1.4.13/man/man3/evtag_marshal_string.3.gz", "size_i": "39", "regex": "false"},
	{"name_s": "/usr/share/doc/libevent-devel-1.4.13/man/man3/evtag_marshal_timeval.3.gz", "size_i": "39", "regex": "false"},
	{"name_s": "/usr/share/doc/libevent-devel-1.4.13/man/man3/evtag_payload_length.3.gz", "size_i": "39", "regex": "false"},
	{"name_s": "/usr/share/doc/libevent-devel-1.4.13/man/man3/evtag_peek.3.gz", "size_i": "39", "regex": "false"},
	{"name_s": "/usr/share/doc/libevent-devel-1.4.13/man/man3/evtag_peek_length.3.gz", "size_i": "39", "regex": "false"},
	{"name_s": "/usr/share/doc/libevent-devel-1.4.13/man/man3/evtag_unmarshal.3.gz", "size_i": "39", "regex": "false"},
	{"name_s": "/usr/share/doc/libevent-devel-1.4.13/man/man3/evtag_unmarshal_fixed.3.gz", "size_i": "39", "regex": "false"},
	{"name_s": "/usr/share/doc/libevent-devel-1.4.13/man/man3/evtag_unmarshal_int.3.gz", "size_i": "39", "regex": "false"},
	{"name_s": "/usr/share/doc/libevent-devel-1.4.13/man/man3/evtag_unmarshal_string.3.gz", "size_i": "39", "regex": "false"},
	{"name_s": "/usr/share/doc/libevent-devel-1.4.13/man/man3/evtag_unmarshal_timeval.3.gz", "size_i": "39", "regex": "false"},
	{"name_s": "/usr/share/doc/libevent-devel-1.4.13/man/man3/evtimer_add.3.gz", "size_i": "39", "regex": "false"},
	{"name_s": "/usr/share/doc/libevent-devel-1.4.13/man/man3/evtimer_del.3.gz", "size_i": "39", "regex": "false"},
	{"name_s": "/usr/share/doc/libevent-devel-1.4.13/man/man3/evtimer_initialized.3.gz", "size_i": "39", "regex": "false"},
	{"name_s": "/usr/share/doc/libevent-devel-1.4.13/man/man3/evtimer_pending.3.gz", "size_i": "39", "regex": "false"},
	{"name_s": "/usr/share/doc/libevent-devel-1.4.13/man/man3/evtimer_set.3.gz", "size_i": "39", "regex": "false"},
	{"name_s": "/usr/share/doc/libevent-devel-1.4.13/man/man3/flags.3.gz", "size_i": "52", "regex": "false"},
	{"name_s": "/usr/share/doc/libevent-devel-1.4.13/man/man3/high.3.gz", "size_i": "47", "regex": "false"},
	{"name_s": "/usr/share/doc/libevent-devel-1.4.13/man/man3/http_req.3.gz", "size_i": "49", "regex": "false"},
	{"name_s": "/usr/share/doc/libevent-devel-1.4.13/man/man3/input.3.gz", "size_i": "43", "regex": "false"},
	{"name_s": "/usr/share/doc/libevent-devel-1.4.13/man/man3/input_buffer.3.gz", "size_i": "46", "regex": "false"},
	{"name_s": "/usr/share/doc/libevent-devel-1.4.13/man/man3/input_headers.3.gz", "size_i": "46", "regex": "false"},
	{"name_s": "/usr/share/doc/libevent-devel-1.4.13/man/man3/key.3.gz", "size_i": "40", "regex": "false"},
	{"name_s": "/usr/share/doc/libevent-devel-1.4.13/man/man3/kind.3.gz", "size_i": "46", "regex": "false"},
	{"name_s": "/usr/share/doc/libevent-devel-1.4.13/man/man3/low.3.gz", "size_i": "47", "regex": "false"},
	{"name_s": "/usr/share/doc/libevent-devel-1.4.13/man/man3/major.3.gz", "size_i": "46", "regex": "false"},
	{"name_s": "/usr/share/doc/libevent-devel-1.4.13/man/man3/min_heap_idx.3.gz", "size_i": "37", "regex": "false"},
	{"name_s": "/usr/share/doc/libevent-devel-1.4.13/man/man3/minor.3.gz", "size_i": "46", "regex": "false"},
	{"name_s": "/usr/share/doc/libevent-devel-1.4.13/man/man3/misalign.3.gz", "size_i": "40", "regex": "false"},
	{"name_s": "/usr/share/doc/libevent-devel-1.4.13/man/man3/name.3.gz", "size_i": "53", "regex": "false"},
	{"name_s": "/usr/share/doc/libevent-devel-1.4.13/man/man3/next.3.gz", "size_i": "46", "regex": "false"},
	{"name_s": "/usr/share/doc/libevent-devel-1.4.13/man/man3/nquestions.3.gz", "size_i": "52", "regex": "false"},
	{"name_s": "/usr/share/doc/libevent-devel-1.4.13/man/man3/ntoread.3.gz", "size_i": "46", "regex": "false"},
	{"name_s": "/usr/share/doc/libevent-devel-1.4.13/man/man3/off.3.gz", "size_i": "40", "regex": "false"},
	{"name_s": "/usr/share/doc/libevent-devel-1.4.13/man/man3/orig_buffer.3.gz", "size_i": "40", "regex": "false"},
	{"name_s": "/usr/share/doc/libevent-devel-1.4.13/man/man3/output.3.gz", "size_i": "43", "regex": "false"},
	{"name_s": "/usr/share/doc/libevent-devel-1.4.13/man/man3/output_buffer.3.gz", "size_i": "46", "regex": "false"},
	{"name_s": "/usr/share/doc/libevent-devel-1.4.13/man/man3/output_headers.3.gz", "size_i": "46", "regex": "false"},
	{"name_s": "/usr/share/doc/libevent-devel-1.4.13/man/man3/pool.3.gz", "size_i": "53", "regex": "false"},
	{"name_s": "/usr/share/doc/libevent-devel-1.4.13/man/man3/questions.3.gz", "size_i": "52", "regex": "false"},
	{"name_s": "/usr/share/doc/libevent-devel-1.4.13/man/man3/readcb.3.gz", "size_i": "43", "regex": "false"},
	{"name_s": "/usr/share/doc/libevent-devel-1.4.13/man/man3/remote_host.3.gz", "size_i": "46", "regex": "false"},
	{"name_s": "/usr/share/doc/libevent-devel-1.4.13/man/man3/remote_port.3.gz", "size_i": "46", "regex": "false"},
	{"name_s": "/usr/share/doc/libevent-devel-1.4.13/man/man3/reply.3.gz", "size_i": "49", "regex": "false"},
	{"name_s": "/usr/share/doc/libevent-devel-1.4.13/man/man3/reply_clear.3.gz", "size_i": "53", "regex": "false"},
	{"name_s": "/usr/share/doc/libevent-devel-1.4.13/man/man3/reply_complete.3.gz", "size_i": "37", "regex": "false"},
	{"name_s": "/usr/share/doc/libevent-devel-1.4.13/man/man3/reply_free.3.gz", "size_i": "37", "regex": "false"},
	{"name_s": "/usr/share/doc/libevent-devel-1.4.13/man/man3/reply_marshal.3.gz", "size_i": "37", "regex": "false"},
	{"name_s": "/usr/share/doc/libevent-devel-1.4.13/man/man3/reply_new.3.gz", "size_i": "37", "regex": "false"},
	{"name_s": "/usr/share/doc/libevent-devel-1.4.13/man/man3/reply_unmarshal.3.gz", "size_i": "53", "regex": "false"},
	{"name_s": "/usr/share/doc/libevent-devel-1.4.13/man/man3/request.3.gz", "size_i": "49", "regex": "false"},
	{"name_s": "/usr/share/doc/libevent-devel-1.4.13/man/man3/request_free.3.gz", "size_i": "37", "regex": "false"},
	{"name_s": "/usr/share/doc/libevent-devel-1.4.13/man/man3/request_marshal.3.gz", "size_i": "53", "regex": "false"},
	{"name_s": "/usr/share/doc/libevent-devel-1.4.13/man/man3/request_new.3.gz", "size_i": "37", "regex": "false"},
	{"name_s": "/usr/share/doc/libevent-devel-1.4.13/man/man3/request_unmarshal.3.gz", "size_i": "37", "regex": "false"},
	{"name_s": "/usr/share/doc/libevent-devel-1.4.13/man/man3/response_code.3.gz", "size_i": "46", "regex": "false"},
	{"name_s": "/usr/share/doc/libevent-devel-1.4.13/man/man3/response_code_line.3.gz", "size_i": "46", "regex": "false"},
	{"name_s": "/usr/share/doc/libevent-devel-1.4.13/man/man3/rpc.3.gz", "size_i": "49", "regex": "false"},
	{"name_s": "/usr/share/doc/libevent-devel-1.4.13/man/man3/signal_add.3.gz", "size_i": "39", "regex": "false"},
	{"name_s": "/usr/share/doc/libevent-devel-1.4.13/man/man3/signal_del.3.gz", "size_i": "39", "regex": "false"},
	{"name_s": "/usr/share/doc/libevent-devel-1.4.13/man/man3/signal_initialized.3.gz", "size_i": "39", "regex": "false"},
	{"name_s": "/usr/share/doc/libevent-devel-1.4.13/man/man3/signal_pending.3.gz", "size_i": "39", "regex": "false"},
	{"name_s": "/usr/share/doc/libevent-devel-1.4.13/man/man3/signal_set.3.gz", "size_i": "39", "regex": "false"},
	{"name_s": "/usr/share/doc/libevent-devel-1.4.13/man/man3/timeout_add.3.gz", "size_i": "39", "regex": "false"},
	{"name_s": "/usr/share/doc/libevent-devel-1.4.13/man/man3/timeout_del.3.gz", "size_i": "39", "regex": "false"},
	{"name_s": "/usr/share/doc/libevent-devel-1.4.13/man/man3/timeout_initialized.3.gz", "size_i": "39", "regex": "false"},
	{"name_s": "/usr/share/doc/libevent-devel-1.4.13/man/man3/timeout_pending.3.gz", "size_i": "39", "regex": "false"},
	{"name_s": "/usr/share/doc/libevent-devel-1.4.13/man/man3/timeout_read.3.gz", "size_i": "43", "regex": "false"},
	{"name_s": "/usr/share/doc/libevent-devel-1.4.13/man/man3/timeout_set.3.gz", "size_i": "39", "regex": "false"},
	{"name_s": "/usr/share/doc/libevent-devel-1.4.13/man/man3/timeout_write.3.gz", "size_i": "43", "regex": "false"},
	{"name_s": "/usr/share/doc/libevent-devel-1.4.13/man/man3/totallen.3.gz", "size_i": "40", "regex": "false"},
	{"name_s": "/usr/share/doc/libevent-devel-1.4.13/man/man3/type.3.gz", "size_i": "53", "regex": "false"},
	{"name_s": "/usr/share/doc/libevent-devel-1.4.13/man/man3/uri.3.gz", "size_i": "46", "regex": "false"},
	{"name_s": "/usr/share/doc/libevent-devel-1.4.13/man/man3/value.3.gz", "size_i": "40", "regex": "false"},
	{"name_s": "/usr/share/doc/libevent-devel-1.4.13/man/man3/wm_read.3.gz", "size_i": "43", "regex": "false"},
	{"name_s": "/usr/share/doc/libevent-devel-1.4.13/man/man3/wm_write.3.gz", "size_i": "43", "regex": "false"},
	{"name_s": "/usr/share/doc/libevent-devel-1.4.13/man/man3/writecb.3.gz", "size_i": "43", "regex": "false"},
	{"name_s": "/usr/share/doc/libevent-devel-1.4.13/sample/Makefile", "size_i": "13775", "regex": "false"},
	{"name_s": "/usr/share/doc/libevent-devel-1.4.13/sample/Makefile.am", "size_i": "303", "regex": "false"},
	{"name_s": "/usr/share/doc/libevent-devel-1.4.13/sample/Makefile.in", "size_i": "12818", "regex": "false"},
	{"name_s": "/usr/share/doc/libevent-devel-1.4.13/sample/event-test.c", "size_i": "2685", "regex": "false"},
	{"name_s": "/usr/share/doc/libevent-devel-1.4.13/sample/signal-test.c", "size_i": "976", "regex": "false"},
	{"name_s": "/usr/share/doc/libevent-devel-1.4.13/sample/time-test.c", "size_i": "1126", "regex": "false"}
]
