[
	{"name_s": "/usr/share/javadoc/libfonts", "size_i": "4096", "regex": "false"},
	{"name_s": "/usr/share/javadoc/libfonts/api", "size_i": "4096", "regex": "false"},
	{"name_s": "/usr/share/javadoc/libfonts/api/allclasses-frame.html", "size_i": "20065", "regex": "false"},
	{"name_s": "/usr/share/javadoc/libfonts/api/allclasses-noframe.html", "size_i": "34471", "regex": "false"},
	{"name_s": "/usr/share/javadoc/libfonts/api/index.html", "size_i": "959", "regex": "false"},
	{"name_s": "/usr/share/javadoc/libfonts/api/org", "size_i": "4096", "regex": "false"},
	{"name_s": "/usr/share/javadoc/libfonts/api/org/pentaho", "size_i": "4096", "regex": "false"},
	{"name_s": "/usr/share/javadoc/libfonts/api/org/pentaho/reporting", "size_i": "4096", "regex": "false"},
	{"name_s": "/usr/share/javadoc/libfonts/api/org/pentaho/reporting/libraries", "size_i": "4096", "regex": "false"},
	{"name_s": "/usr/share/javadoc/libfonts/api/org/pentaho/reporting/libraries/fonts", "size_i": "4096", "regex": "false"},
	{"name_s": "/usr/share/javadoc/libfonts/api/org/pentaho/reporting/libraries/fonts/ByteAccessUtilities.html", "size_i": "10767", "regex": "false"},
	{"name_s": "/usr/share/javadoc/libfonts/api/org/pentaho/reporting/libraries/fonts/FontException.html", "size_i": "7982", "regex": "false"},
	{"name_s": "/usr/share/javadoc/libfonts/api/org/pentaho/reporting/libraries/fonts/FontMappingUtility.html", "size_i": "8704", "regex": "false"},
	{"name_s": "/usr/share/javadoc/libfonts/api/org/pentaho/reporting/libraries/fonts/LEByteAccessUtilities.html", "size_i": "8304", "regex": "false"},
	{"name_s": "/usr/share/javadoc/libfonts/api/org/pentaho/reporting/libraries/fonts/LanguageCode.MacLanguageCode.html", "size_i": "7397", "regex": "false"},
	{"name_s": "/usr/share/javadoc/libfonts/api/org/pentaho/reporting/libraries/fonts/LanguageCode.MicrosoftLanguageCode.html", "size_i": "7505", "regex": "false"},
	{"name_s": "/usr/share/javadoc/libfonts/api/org/pentaho/reporting/libraries/fonts/LanguageCode.html", "size_i": "9133", "regex": "false"},
	{"name_s": "/usr/share/javadoc/libfonts/api/org/pentaho/reporting/libraries/fonts/LibFontBoot.html", "size_i": "8192", "regex": "false"},
	{"name_s": "/usr/share/javadoc/libfonts/api/org/pentaho/reporting/libraries/fonts/LibFontInfo.html", "size_i": "7260", "regex": "false"},
	{"name_s": "/usr/share/javadoc/libfonts/api/org/pentaho/reporting/libraries/fonts/LibFontsDefaults.html", "size_i": "8171", "regex": "false"},
	{"name_s": "/usr/share/javadoc/libfonts/api/org/pentaho/reporting/libraries/fonts/afm", "size_i": "4096", "regex": "false"},
	{"name_s": "/usr/share/javadoc/libfonts/api/org/pentaho/reporting/libraries/fonts/afm/AfmCharMetricsSection.html", "size_i": "7353", "regex": "false"},
	{"name_s": "/usr/share/javadoc/libfonts/api/org/pentaho/reporting/libraries/fonts/afm/AfmCompositeCharDataSection.html", "size_i": "7443", "regex": "false"},
	{"name_s": "/usr/share/javadoc/libfonts/api/org/pentaho/reporting/libraries/fonts/afm/AfmDirectionSection.html", "size_i": "9218", "regex": "false"},
	{"name_s": "/usr/share/javadoc/libfonts/api/org/pentaho/reporting/libraries/fonts/afm/AfmFont.html", "size_i": "11404", "regex": "false"},
	{"name_s": "/usr/share/javadoc/libfonts/api/org/pentaho/reporting/libraries/fonts/afm/AfmFontRecord.html", "size_i": "12044", "regex": "false"},
	{"name_s": "/usr/share/javadoc/libfonts/api/org/pentaho/reporting/libraries/fonts/afm/AfmFontRegistry.html", "size_i": "11818", "regex": "false"},
	{"name_s": "/usr/share/javadoc/libfonts/api/org/pentaho/reporting/libraries/fonts/afm/AfmHeader.html", "size_i": "14207", "regex": "false"},
	{"name_s": "/usr/share/javadoc/libfonts/api/org/pentaho/reporting/libraries/fonts/afm/AfmKernDataSection.html", "size_i": "7308", "regex": "false"},
	{"name_s": "/usr/share/javadoc/libfonts/api/org/pentaho/reporting/libraries/fonts/afm/AfmParseUtilities.html", "size_i": "7656", "regex": "false"},
	{"name_s": "/usr/share/javadoc/libfonts/api/org/pentaho/reporting/libraries/fonts/afm/FontDataAsciiReader.html", "size_i": "8467", "regex": "false"},
	{"name_s": "/usr/share/javadoc/libfonts/api/org/pentaho/reporting/libraries/fonts/afm/package-frame.html", "size_i": "1607", "regex": "false"},
	{"name_s": "/usr/share/javadoc/libfonts/api/org/pentaho/reporting/libraries/fonts/afm/package-summary.html", "size_i": "5117", "regex": "false"},
	{"name_s": "/usr/share/javadoc/libfonts/api/org/pentaho/reporting/libraries/fonts/awt", "size_i": "4096", "regex": "false"},
	{"name_s": "/usr/share/javadoc/libfonts/api/org/pentaho/reporting/libraries/fonts/awt/AWTFontFamily.html", "size_i": "9817", "regex": "false"},
	{"name_s": "/usr/share/javadoc/libfonts/api/org/pentaho/reporting/libraries/fonts/awt/AWTFontMetrics.html", "size_i": "16956", "regex": "false"},
	{"name_s": "/usr/share/javadoc/libfonts/api/org/pentaho/reporting/libraries/fonts/awt/AWTFontMetricsFactory.html", "size_i": "8449", "regex": "false"},
	{"name_s": "/usr/share/javadoc/libfonts/api/org/pentaho/reporting/libraries/fonts/awt/AWTFontRecord.html", "size_i": "12907", "regex": "false"},
	{"name_s": "/usr/share/javadoc/libfonts/api/org/pentaho/reporting/libraries/fonts/awt/AWTFontRegistry.html", "size_i": "11036", "regex": "false"},
	{"name_s": "/usr/share/javadoc/libfonts/api/org/pentaho/reporting/libraries/fonts/awt/package-frame.html", "size_i": "1224", "regex": "false"},
	{"name_s": "/usr/share/javadoc/libfonts/api/org/pentaho/reporting/libraries/fonts/awt/package-summary.html", "size_i": "4415", "regex": "false"},
	{"name_s": "/usr/share/javadoc/libfonts/api/org/pentaho/reporting/libraries/fonts/cache", "size_i": "4096", "regex": "false"},
	{"name_s": "/usr/share/javadoc/libfonts/api/org/pentaho/reporting/libraries/fonts/cache/FirstLevelFontCache.html", "size_i": "9792", "regex": "false"},
	{"name_s": "/usr/share/javadoc/libfonts/api/org/pentaho/reporting/libraries/fonts/cache/FontCache.html", "size_i": "8768", "regex": "false"},
	{"name_s": "/usr/share/javadoc/libfonts/api/org/pentaho/reporting/libraries/fonts/cache/LeastFrequentlyUsedCache.html", "size_i": "9402", "regex": "false"},
	{"name_s": "/usr/share/javadoc/libfonts/api/org/pentaho/reporting/libraries/fonts/cache/NullFontCache.html", "size_i": "9232", "regex": "false"},
	{"name_s": "/usr/share/javadoc/libfonts/api/org/pentaho/reporting/libraries/fonts/cache/package-frame.html", "size_i": "1211", "regex": "false"},
	{"name_s": "/usr/share/javadoc/libfonts/api/org/pentaho/reporting/libraries/fonts/cache/package-summary.html", "size_i": "4392", "regex": "false"},
	{"name_s": "/usr/share/javadoc/libfonts/api/org/pentaho/reporting/libraries/fonts/encoding", "size_i": "4096", "regex": "false"},
	{"name_s": "/usr/share/javadoc/libfonts/api/org/pentaho/reporting/libraries/fonts/encoding/ByteBuffer.html", "size_i": "10375", "regex": "false"},
	{"name_s": "/usr/share/javadoc/libfonts/api/org/pentaho/reporting/libraries/fonts/encoding/ByteStream.html", "size_i": "8888", "regex": "false"},
	{"name_s": "/usr/share/javadoc/libfonts/api/org/pentaho/reporting/libraries/fonts/encoding/CodePointBuffer.html", "size_i": "10690", "regex": "false"},
	{"name_s": "/usr/share/javadoc/libfonts/api/org/pentaho/reporting/libraries/fonts/encoding/CodePointStream.html", "size_i": "8348", "regex": "false"},
	{"name_s": "/usr/share/javadoc/libfonts/api/org/pentaho/reporting/libraries/fonts/encoding/CodePointUtilities.html", "size_i": "8824", "regex": "false"},
	{"name_s": "/usr/share/javadoc/libfonts/api/org/pentaho/reporting/libraries/fonts/encoding/ComplexEncoding.html", "size_i": "7112", "regex": "false"},
	{"name_s": "/usr/share/javadoc/libfonts/api/org/pentaho/reporting/libraries/fonts/encoding/EncodedOutputStreamWriter.html", "size_i": "10599", "regex": "false"},
	{"name_s": "/usr/share/javadoc/libfonts/api/org/pentaho/reporting/libraries/fonts/encoding/Encoding.html", "size_i": "7101", "regex": "false"},
	{"name_s": "/usr/share/javadoc/libfonts/api/org/pentaho/reporting/libraries/fonts/encoding/EncodingCore.html", "size_i": "11884", "regex": "false"},
	{"name_s": "/usr/share/javadoc/libfonts/api/org/pentaho/reporting/libraries/fonts/encoding/EncodingData.html", "size_i": "6862", "regex": "false"},
	{"name_s": "/usr/share/javadoc/libfonts/api/org/pentaho/reporting/libraries/fonts/encoding/EncodingErrorType.html", "size_i": "8184", "regex": "false"},
	{"name_s": "/usr/share/javadoc/libfonts/api/org/pentaho/reporting/libraries/fonts/encoding/EncodingException.html", "size_i": "7656", "regex": "false"},
	{"name_s": "/usr/share/javadoc/libfonts/api/org/pentaho/reporting/libraries/fonts/encoding/EncodingFactory.html", "size_i": "8826", "regex": "false"},
	{"name_s": "/usr/share/javadoc/libfonts/api/org/pentaho/reporting/libraries/fonts/encoding/EncodingRegistry.html", "size_i": "9688", "regex": "false"},
	{"name_s": "/usr/share/javadoc/libfonts/api/org/pentaho/reporting/libraries/fonts/encoding/EncodingUtility.html", "size_i": "6597", "regex": "false"},
	{"name_s": "/usr/share/javadoc/libfonts/api/org/pentaho/reporting/libraries/fonts/encoding/External8BitEncodingCore.html", "size_i": "13450", "regex": "false"},
	{"name_s": "/usr/share/javadoc/libfonts/api/org/pentaho/reporting/libraries/fonts/encoding/External8BitEncodingData.html", "size_i": "7915", "regex": "false"},
	{"name_s": "/usr/share/javadoc/libfonts/api/org/pentaho/reporting/libraries/fonts/encoding/ExternalEncoding.html", "size_i": "14294", "regex": "false"},
	{"name_s": "/usr/share/javadoc/libfonts/api/org/pentaho/reporting/libraries/fonts/encoding/generator", "size_i": "4096", "regex": "false"},
	{"name_s": "/usr/share/javadoc/libfonts/api/org/pentaho/reporting/libraries/fonts/encoding/generator/EncodingGenerator.html", "size_i": "10059", "regex": "false"},
	{"name_s": "/usr/share/javadoc/libfonts/api/org/pentaho/reporting/libraries/fonts/encoding/generator/package-frame.html", "size_i": "990", "regex": "false"},
	{"name_s": "/usr/share/javadoc/libfonts/api/org/pentaho/reporting/libraries/fonts/encoding/generator/package-summary.html", "size_i": "3914", "regex": "false"},
	{"name_s": "/usr/share/javadoc/libfonts/api/org/pentaho/reporting/libraries/fonts/encoding/manual", "size_i": "4096", "regex": "false"},
	{"name_s": "/usr/share/javadoc/libfonts/api/org/pentaho/reporting/libraries/fonts/encoding/manual/Ascii.html", "size_i": "13692", "regex": "false"},
	{"name_s": "/usr/share/javadoc/libfonts/api/org/pentaho/reporting/libraries/fonts/encoding/manual/BuiltInJavaEncoding.html", "size_i": "14954", "regex": "false"},
	{"name_s": "/usr/share/javadoc/libfonts/api/org/pentaho/reporting/libraries/fonts/encoding/manual/Iso8859_1.html", "size_i": "13757", "regex": "false"},
	{"name_s": "/usr/share/javadoc/libfonts/api/org/pentaho/reporting/libraries/fonts/encoding/manual/Utf16LE.html", "size_i": "17947", "regex": "false"},
	{"name_s": "/usr/share/javadoc/libfonts/api/org/pentaho/reporting/libraries/fonts/encoding/manual/package-frame.html", "size_i": "1150", "regex": "false"},
	{"name_s": "/usr/share/javadoc/libfonts/api/org/pentaho/reporting/libraries/fonts/encoding/manual/package-summary.html", "size_i": "4566", "regex": "false"},
	{"name_s": "/usr/share/javadoc/libfonts/api/org/pentaho/reporting/libraries/fonts/encoding/package-frame.html", "size_i": "2240", "regex": "false"},
	{"name_s": "/usr/share/javadoc/libfonts/api/org/pentaho/reporting/libraries/fonts/encoding/package-summary.html", "size_i": "6556", "regex": "false"},
	{"name_s": "/usr/share/javadoc/libfonts/api/org/pentaho/reporting/libraries/fonts/io", "size_i": "4096", "regex": "false"},
	{"name_s": "/usr/share/javadoc/libfonts/api/org/pentaho/reporting/libraries/fonts/io/FileFontDataInputSource.html", "size_i": "10637", "regex": "false"},
	{"name_s": "/usr/share/javadoc/libfonts/api/org/pentaho/reporting/libraries/fonts/io/FontDataInputSource.html", "size_i": "9166", "regex": "false"},
	{"name_s": "/usr/share/javadoc/libfonts/api/org/pentaho/reporting/libraries/fonts/io/ResourceFontDataInputSource.html", "size_i": "10405", "regex": "false"},
	{"name_s": "/usr/share/javadoc/libfonts/api/org/pentaho/reporting/libraries/fonts/io/package-frame.html", "size_i": "1169", "regex": "false"},
	{"name_s": "/usr/share/javadoc/libfonts/api/org/pentaho/reporting/libraries/fonts/io/package-summary.html", "size_i": "4381", "regex": "false"},
	{"name_s": "/usr/share/javadoc/libfonts/api/org/pentaho/reporting/libraries/fonts/itext", "size_i": "4096", "regex": "false"},
	{"name_s": "/usr/share/javadoc/libfonts/api/org/pentaho/reporting/libraries/fonts/itext/BaseFontCreateException.html", "size_i": "8541", "regex": "false"},
	{"name_s": "/usr/share/javadoc/libfonts/api/org/pentaho/reporting/libraries/fonts/itext/BaseFontFontMetrics.html", "size_i": "14836", "regex": "false"},
	{"name_s": "/usr/share/javadoc/libfonts/api/org/pentaho/reporting/libraries/fonts/itext/BaseFontRecord.html", "size_i": "11806", "regex": "false"},
	{"name_s": "/usr/share/javadoc/libfonts/api/org/pentaho/reporting/libraries/fonts/itext/BaseFontRecordKey.html", "size_i": "9818", "regex": "false"},
	{"name_s": "/usr/share/javadoc/libfonts/api/org/pentaho/reporting/libraries/fonts/itext/BaseFontSupport.html", "size_i": "15688", "regex": "false"},
	{"name_s": "/usr/share/javadoc/libfonts/api/org/pentaho/reporting/libraries/fonts/itext/ITextBuiltInFontRecord.html", "size_i": "11752", "regex": "false"},
	{"name_s": "/usr/share/javadoc/libfonts/api/org/pentaho/reporting/libraries/fonts/itext/ITextBuiltInFontRegistry.html", "size_i": "10111", "regex": "false"},
	{"name_s": "/usr/share/javadoc/libfonts/api/org/pentaho/reporting/libraries/fonts/itext/ITextFontMetricsFactory.html", "size_i": "9120", "regex": "false"},
	{"name_s": "/usr/share/javadoc/libfonts/api/org/pentaho/reporting/libraries/fonts/itext/ITextFontRecord.html", "size_i": "11219", "regex": "false"},
	{"name_s": "/usr/share/javadoc/libfonts/api/org/pentaho/reporting/libraries/fonts/itext/ITextFontRegistry.html", "size_i": "8850", "regex": "false"},
	{"name_s": "/usr/share/javadoc/libfonts/api/org/pentaho/reporting/libraries/fonts/itext/ITextFontStorage.html", "size_i": "10709", "regex": "false"},
	{"name_s": "/usr/share/javadoc/libfonts/api/org/pentaho/reporting/libraries/fonts/itext/package-frame.html", "size_i": "1734", "regex": "false"},
	{"name_s": "/usr/share/javadoc/libfonts/api/org/pentaho/reporting/libraries/fonts/itext/package-summary.html", "size_i": "5323", "regex": "false"},
	{"name_s": "/usr/share/javadoc/libfonts/api/org/pentaho/reporting/libraries/fonts/merge", "size_i": "4096", "regex": "false"},
	{"name_s": "/usr/share/javadoc/libfonts/api/org/pentaho/reporting/libraries/fonts/merge/CompoundFontFamily.html", "size_i": "9665", "regex": "false"},
	{"name_s": "/usr/share/javadoc/libfonts/api/org/pentaho/reporting/libraries/fonts/merge/CompoundFontIdentifier.html", "size_i": "11408", "regex": "false"},
	{"name_s": "/usr/share/javadoc/libfonts/api/org/pentaho/reporting/libraries/fonts/merge/CompoundFontRecord.html", "size_i": "10439", "regex": "false"},
	{"name_s": "/usr/share/javadoc/libfonts/api/org/pentaho/reporting/libraries/fonts/merge/CompoundFontRegistry.html", "size_i": "11340", "regex": "false"},
	{"name_s": "/usr/share/javadoc/libfonts/api/org/pentaho/reporting/libraries/fonts/merge/CompoundFontStorage.html", "size_i": "9931", "regex": "false"},
	{"name_s": "/usr/share/javadoc/libfonts/api/org/pentaho/reporting/libraries/fonts/merge/package-frame.html", "size_i": "1272", "regex": "false"},
	{"name_s": "/usr/share/javadoc/libfonts/api/org/pentaho/reporting/libraries/fonts/merge/package-summary.html", "size_i": "4433", "regex": "false"},
	{"name_s": "/usr/share/javadoc/libfonts/api/org/pentaho/reporting/libraries/fonts/monospace", "size_i": "4096", "regex": "false"},
	{"name_s": "/usr/share/javadoc/libfonts/api/org/pentaho/reporting/libraries/fonts/monospace/MonospaceFontFamily.html", "size_i": "9922", "regex": "false"},
	{"name_s": "/usr/share/javadoc/libfonts/api/org/pentaho/reporting/libraries/fonts/monospace/MonospaceFontMetrics.html", "size_i": "14881", "regex": "false"},
	{"name_s": "/usr/share/javadoc/libfonts/api/org/pentaho/reporting/libraries/fonts/monospace/MonospaceFontMetricsFactory.html", "size_i": "9031", "regex": "false"},
	{"name_s": "/usr/share/javadoc/libfonts/api/org/pentaho/reporting/libraries/fonts/monospace/MonospaceFontRecord.html", "size_i": "13327", "regex": "false"},
	{"name_s": "/usr/share/javadoc/libfonts/api/org/pentaho/reporting/libraries/fonts/monospace/MonospaceFontRegistry.html", "size_i": "13525", "regex": "false"},
	{"name_s": "/usr/share/javadoc/libfonts/api/org/pentaho/reporting/libraries/fonts/monospace/package-frame.html", "size_i": "1302", "regex": "false"},
	{"name_s": "/usr/share/javadoc/libfonts/api/org/pentaho/reporting/libraries/fonts/monospace/package-summary.html", "size_i": "4463", "regex": "false"},
	{"name_s": "/usr/share/javadoc/libfonts/api/org/pentaho/reporting/libraries/fonts/package-frame.html", "size_i": "1628", "regex": "false"},
	{"name_s": "/usr/share/javadoc/libfonts/api/org/pentaho/reporting/libraries/fonts/package-summary.html", "size_i": "5082", "regex": "false"},
	{"name_s": "/usr/share/javadoc/libfonts/api/org/pentaho/reporting/libraries/fonts/pfm", "size_i": "4096", "regex": "false"},
	{"name_s": "/usr/share/javadoc/libfonts/api/org/pentaho/reporting/libraries/fonts/pfm/PfmExtendedTextMetrics.html", "size_i": "16544", "regex": "false"},
	{"name_s": "/usr/share/javadoc/libfonts/api/org/pentaho/reporting/libraries/fonts/pfm/PfmExtension.html", "size_i": "9807", "regex": "false"},
	{"name_s": "/usr/share/javadoc/libfonts/api/org/pentaho/reporting/libraries/fonts/pfm/PfmFont.html", "size_i": "11738", "regex": "false"},
	{"name_s": "/usr/share/javadoc/libfonts/api/org/pentaho/reporting/libraries/fonts/pfm/PfmFontHeader.html", "size_i": "16996", "regex": "false"},
	{"name_s": "/usr/share/javadoc/libfonts/api/org/pentaho/reporting/libraries/fonts/pfm/PfmFontRecord.html", "size_i": "11334", "regex": "false"},
	{"name_s": "/usr/share/javadoc/libfonts/api/org/pentaho/reporting/libraries/fonts/pfm/PfmFontRegistry.html", "size_i": "12743", "regex": "false"},
	{"name_s": "/usr/share/javadoc/libfonts/api/org/pentaho/reporting/libraries/fonts/pfm/package-frame.html", "size_i": "1277", "regex": "false"},
	{"name_s": "/usr/share/javadoc/libfonts/api/org/pentaho/reporting/libraries/fonts/pfm/package-summary.html", "size_i": "4517", "regex": "false"},
	{"name_s": "/usr/share/javadoc/libfonts/api/org/pentaho/reporting/libraries/fonts/registry", "size_i": "4096", "regex": "false"},
	{"name_s": "/usr/share/javadoc/libfonts/api/org/pentaho/reporting/libraries/fonts/registry/AbstractFontFileRegistry.html", "size_i": "15550", "regex": "false"},
	{"name_s": "/usr/share/javadoc/libfonts/api/org/pentaho/reporting/libraries/fonts/registry/BaselineInfo.html", "size_i": "12219", "regex": "false"},
	{"name_s": "/usr/share/javadoc/libfonts/api/org/pentaho/reporting/libraries/fonts/registry/DefaultFontContext.html", "size_i": "10168", "regex": "false"},
	{"name_s": "/usr/share/javadoc/libfonts/api/org/pentaho/reporting/libraries/fonts/registry/DefaultFontFamily.html", "size_i": "10293", "regex": "false"},
	{"name_s": "/usr/share/javadoc/libfonts/api/org/pentaho/reporting/libraries/fonts/registry/DefaultFontStorage.html", "size_i": "9445", "regex": "false"},
	{"name_s": "/usr/share/javadoc/libfonts/api/org/pentaho/reporting/libraries/fonts/registry/EmptyFontMetrics.html", "size_i": "15236", "regex": "false"},
	{"name_s": "/usr/share/javadoc/libfonts/api/org/pentaho/reporting/libraries/fonts/registry/FontContext.html", "size_i": "8893", "regex": "false"},
	{"name_s": "/usr/share/javadoc/libfonts/api/org/pentaho/reporting/libraries/fonts/registry/FontFamily.html", "size_i": "8138", "regex": "false"},
	{"name_s": "/usr/share/javadoc/libfonts/api/org/pentaho/reporting/libraries/fonts/registry/FontFileRecord.html", "size_i": "9426", "regex": "false"},
	{"name_s": "/usr/share/javadoc/libfonts/api/org/pentaho/reporting/libraries/fonts/registry/FontIdentifier.html", "size_i": "8604", "regex": "false"},
	{"name_s": "/usr/share/javadoc/libfonts/api/org/pentaho/reporting/libraries/fonts/registry/FontKey.html", "size_i": "12846", "regex": "false"},
	{"name_s": "/usr/share/javadoc/libfonts/api/org/pentaho/reporting/libraries/fonts/registry/FontMetrics.html", "size_i": "15121", "regex": "false"},
	{"name_s": "/usr/share/javadoc/libfonts/api/org/pentaho/reporting/libraries/fonts/registry/FontMetricsFactory.html", "size_i": "7843", "regex": "false"},
	{"name_s": "/usr/share/javadoc/libfonts/api/org/pentaho/reporting/libraries/fonts/registry/FontRecord.html", "size_i": "10556", "regex": "false"},
	{"name_s": "/usr/share/javadoc/libfonts/api/org/pentaho/reporting/libraries/fonts/registry/FontRegistry.html", "size_i": "9810", "regex": "false"},
	{"name_s": "/usr/share/javadoc/libfonts/api/org/pentaho/reporting/libraries/fonts/registry/FontSource.html", "size_i": "7257", "regex": "false"},
	{"name_s": "/usr/share/javadoc/libfonts/api/org/pentaho/reporting/libraries/fonts/registry/FontStorage.html", "size_i": "8318", "regex": "false"},
	{"name_s": "/usr/share/javadoc/libfonts/api/org/pentaho/reporting/libraries/fonts/registry/FontType.html", "size_i": "10271", "regex": "false"},
	{"name_s": "/usr/share/javadoc/libfonts/api/org/pentaho/reporting/libraries/fonts/registry/package-frame.html", "size_i": "2178", "regex": "false"},
	{"name_s": "/usr/share/javadoc/libfonts/api/org/pentaho/reporting/libraries/fonts/registry/package-summary.html", "size_i": "6427", "regex": "false"},
	{"name_s": "/usr/share/javadoc/libfonts/api/org/pentaho/reporting/libraries/fonts/text", "size_i": "4096", "regex": "false"},
	{"name_s": "/usr/share/javadoc/libfonts/api/org/pentaho/reporting/libraries/fonts/text/ClassificationProducer.html", "size_i": "7712", "regex": "false"},
	{"name_s": "/usr/share/javadoc/libfonts/api/org/pentaho/reporting/libraries/fonts/text/DefaultFontSpecification.html", "size_i": "15143", "regex": "false"},
	{"name_s": "/usr/share/javadoc/libfonts/api/org/pentaho/reporting/libraries/fonts/text/DefaultLanguageClassifier.html", "size_i": "7965", "regex": "false"},
	{"name_s": "/usr/share/javadoc/libfonts/api/org/pentaho/reporting/libraries/fonts/text/FontSpecification.html", "size_i": "9320", "regex": "false"},
	{"name_s": "/usr/share/javadoc/libfonts/api/org/pentaho/reporting/libraries/fonts/text/GraphemeClassifier.html", "size_i": "11919", "regex": "false"},
	{"name_s": "/usr/share/javadoc/libfonts/api/org/pentaho/reporting/libraries/fonts/text/GraphemeClusterProducer.html", "size_i": "8580", "regex": "false"},
	{"name_s": "/usr/share/javadoc/libfonts/api/org/pentaho/reporting/libraries/fonts/text/LanguageClassifier.html", "size_i": "7056", "regex": "false"},
	{"name_s": "/usr/share/javadoc/libfonts/api/org/pentaho/reporting/libraries/fonts/text/Spacing.html", "size_i": "9996", "regex": "false"},
	{"name_s": "/usr/share/javadoc/libfonts/api/org/pentaho/reporting/libraries/fonts/text/SpacingProducer.html", "size_i": "6913", "regex": "false"},
	{"name_s": "/usr/share/javadoc/libfonts/api/org/pentaho/reporting/libraries/fonts/text/StaticSpacingProducer.html", "size_i": "8287", "regex": "false"},
	{"name_s": "/usr/share/javadoc/libfonts/api/org/pentaho/reporting/libraries/fonts/text/breaks", "size_i": "4096", "regex": "false"},
	{"name_s": "/usr/share/javadoc/libfonts/api/org/pentaho/reporting/libraries/fonts/text/breaks/BreakOpportunityProducer.html", "size_i": "10670", "regex": "false"},
	{"name_s": "/usr/share/javadoc/libfonts/api/org/pentaho/reporting/libraries/fonts/text/breaks/LineBreakProducer.html", "size_i": "8818", "regex": "false"},
	{"name_s": "/usr/share/javadoc/libfonts/api/org/pentaho/reporting/libraries/fonts/text/breaks/WordBreakProducer.html", "size_i": "7539", "regex": "false"},
	{"name_s": "/usr/share/javadoc/libfonts/api/org/pentaho/reporting/libraries/fonts/text/breaks/package-frame.html", "size_i": "1177", "regex": "false"},
	{"name_s": "/usr/share/javadoc/libfonts/api/org/pentaho/reporting/libraries/fonts/text/breaks/package-summary.html", "size_i": "4381", "regex": "false"},
	{"name_s": "/usr/share/javadoc/libfonts/api/org/pentaho/reporting/libraries/fonts/text/classifier", "size_i": "4096", "regex": "false"},
	{"name_s": "/usr/share/javadoc/libfonts/api/org/pentaho/reporting/libraries/fonts/text/classifier/GlyphClassificationProducer.html", "size_i": "8245", "regex": "false"},
	{"name_s": "/usr/share/javadoc/libfonts/api/org/pentaho/reporting/libraries/fonts/text/classifier/LinebreakClassificationProducer.html", "size_i": "8898", "regex": "false"},
	{"name_s": "/usr/share/javadoc/libfonts/api/org/pentaho/reporting/libraries/fonts/text/classifier/WhitespaceClassificationProducer.html", "size_i": "8515", "regex": "false"},
	{"name_s": "/usr/share/javadoc/libfonts/api/org/pentaho/reporting/libraries/fonts/text/classifier/package-frame.html", "size_i": "1253", "regex": "false"},
	{"name_s": "/usr/share/javadoc/libfonts/api/org/pentaho/reporting/libraries/fonts/text/classifier/package-summary.html", "size_i": "4403", "regex": "false"},
	{"name_s": "/usr/share/javadoc/libfonts/api/org/pentaho/reporting/libraries/fonts/text/font", "size_i": "4096", "regex": "false"},
	{"name_s": "/usr/share/javadoc/libfonts/api/org/pentaho/reporting/libraries/fonts/text/font/DefaultKerningProducer.html", "size_i": "8334", "regex": "false"},
	{"name_s": "/usr/share/javadoc/libfonts/api/org/pentaho/reporting/libraries/fonts/text/font/FontSizeProducer.html", "size_i": "7422", "regex": "false"},
	{"name_s": "/usr/share/javadoc/libfonts/api/org/pentaho/reporting/libraries/fonts/text/font/GlyphMetrics.html", "size_i": "9169", "regex": "false"},
	{"name_s": "/usr/share/javadoc/libfonts/api/org/pentaho/reporting/libraries/fonts/text/font/KerningProducer.html", "size_i": "7137", "regex": "false"},
	{"name_s": "/usr/share/javadoc/libfonts/api/org/pentaho/reporting/libraries/fonts/text/font/NoKerningProducer.html", "size_i": "7905", "regex": "false"},
	{"name_s": "/usr/share/javadoc/libfonts/api/org/pentaho/reporting/libraries/fonts/text/font/StaticFontSizeProducer.html", "size_i": "9483", "regex": "false"},
	{"name_s": "/usr/share/javadoc/libfonts/api/org/pentaho/reporting/libraries/fonts/text/font/VariableFontSizeProducer.html", "size_i": "8851", "regex": "false"},
	{"name_s": "/usr/share/javadoc/libfonts/api/org/pentaho/reporting/libraries/fonts/text/font/package-frame.html", "size_i": "1479", "regex": "false"},
	{"name_s": "/usr/share/javadoc/libfonts/api/org/pentaho/reporting/libraries/fonts/text/font/package-summary.html", "size_i": "5018", "regex": "false"},
	{"name_s": "/usr/share/javadoc/libfonts/api/org/pentaho/reporting/libraries/fonts/text/generator", "size_i": "4096", "regex": "false"},
	{"name_s": "/usr/share/javadoc/libfonts/api/org/pentaho/reporting/libraries/fonts/text/generator/GraphemeClassifierGenerator.html", "size_i": "6834", "regex": "false"},
	{"name_s": "/usr/share/javadoc/libfonts/api/org/pentaho/reporting/libraries/fonts/text/generator/package-frame.html", "size_i": "998", "regex": "false"},
	{"name_s": "/usr/share/javadoc/libfonts/api/org/pentaho/reporting/libraries/fonts/text/generator/package-summary.html", "size_i": "3927", "regex": "false"},
	{"name_s": "/usr/share/javadoc/libfonts/api/org/pentaho/reporting/libraries/fonts/text/package-frame.html", "size_i": "1716", "regex": "false"},
	{"name_s": "/usr/share/javadoc/libfonts/api/org/pentaho/reporting/libraries/fonts/text/package-summary.html", "size_i": "5327", "regex": "false"},
	{"name_s": "/usr/share/javadoc/libfonts/api/org/pentaho/reporting/libraries/fonts/text/whitespace", "size_i": "4096", "regex": "false"},
	{"name_s": "/usr/share/javadoc/libfonts/api/org/pentaho/reporting/libraries/fonts/text/whitespace/CollapseWhiteSpaceFilter.html", "size_i": "7636", "regex": "false"},
	{"name_s": "/usr/share/javadoc/libfonts/api/org/pentaho/reporting/libraries/fonts/text/whitespace/DiscardWhiteSpaceFilter.html", "size_i": "9704", "regex": "false"},
	{"name_s": "/usr/share/javadoc/libfonts/api/org/pentaho/reporting/libraries/fonts/text/whitespace/PreserveBreaksWhiteSpaceFilter.html", "size_i": "9460", "regex": "false"},
	{"name_s": "/usr/share/javadoc/libfonts/api/org/pentaho/reporting/libraries/fonts/text/whitespace/PreserveWhiteSpaceFilter.html", "size_i": "8972", "regex": "false"},
	{"name_s": "/usr/share/javadoc/libfonts/api/org/pentaho/reporting/libraries/fonts/text/whitespace/WhiteSpaceFilter.html", "size_i": "8696", "regex": "false"},
	{"name_s": "/usr/share/javadoc/libfonts/api/org/pentaho/reporting/libraries/fonts/text/whitespace/package-frame.html", "size_i": "1389", "regex": "false"},
	{"name_s": "/usr/share/javadoc/libfonts/api/org/pentaho/reporting/libraries/fonts/text/whitespace/package-summary.html", "size_i": "4723", "regex": "false"},
	{"name_s": "/usr/share/javadoc/libfonts/api/org/pentaho/reporting/libraries/fonts/tools", "size_i": "4096", "regex": "false"},
	{"name_s": "/usr/share/javadoc/libfonts/api/org/pentaho/reporting/libraries/fonts/tools/ByteTable.html", "size_i": "13128", "regex": "false"},
	{"name_s": "/usr/share/javadoc/libfonts/api/org/pentaho/reporting/libraries/fonts/tools/ListFonts.html", "size_i": "7451", "regex": "false"},
	{"name_s": "/usr/share/javadoc/libfonts/api/org/pentaho/reporting/libraries/fonts/tools/StrictGeomUtility.html", "size_i": "8254", "regex": "false"},
	{"name_s": "/usr/share/javadoc/libfonts/api/org/pentaho/reporting/libraries/fonts/tools/package-frame.html", "size_i": "1066", "regex": "false"},
	{"name_s": "/usr/share/javadoc/libfonts/api/org/pentaho/reporting/libraries/fonts/tools/package-summary.html", "size_i": "4330", "regex": "false"},
	{"name_s": "/usr/share/javadoc/libfonts/api/org/pentaho/reporting/libraries/fonts/truetype", "size_i": "4096", "regex": "false"},
	{"name_s": "/usr/share/javadoc/libfonts/api/org/pentaho/reporting/libraries/fonts/truetype/CharMappingTable.html", "size_i": "7462", "regex": "false"},
	{"name_s": "/usr/share/javadoc/libfonts/api/org/pentaho/reporting/libraries/fonts/truetype/FontHeaderTable.html", "size_i": "21797", "regex": "false"},
	{"name_s": "/usr/share/javadoc/libfonts/api/org/pentaho/reporting/libraries/fonts/truetype/FontTable.html", "size_i": "6396", "regex": "false"},
	{"name_s": "/usr/share/javadoc/libfonts/api/org/pentaho/reporting/libraries/fonts/truetype/HorizontalHeaderTable.html", "size_i": "18587", "regex": "false"},
	{"name_s": "/usr/share/javadoc/libfonts/api/org/pentaho/reporting/libraries/fonts/truetype/HorizontalMetricsTable.html", "size_i": "7552", "regex": "false"},
	{"name_s": "/usr/share/javadoc/libfonts/api/org/pentaho/reporting/libraries/fonts/truetype/MaximumProfileTable.html", "size_i": "7507", "regex": "false"},
	{"name_s": "/usr/share/javadoc/libfonts/api/org/pentaho/reporting/libraries/fonts/truetype/NameTable.NameRecord.html", "size_i": "9168", "regex": "false"},
	{"name_s": "/usr/share/javadoc/libfonts/api/org/pentaho/reporting/libraries/fonts/truetype/NameTable.html", "size_i": "20703", "regex": "false"},
	{"name_s": "/usr/share/javadoc/libfonts/api/org/pentaho/reporting/libraries/fonts/truetype/OS2Table.html", "size_i": "21477", "regex": "false"},
	{"name_s": "/usr/share/javadoc/libfonts/api/org/pentaho/reporting/libraries/fonts/truetype/PostscriptInformationTable.html", "size_i": "10192", "regex": "false"},
	{"name_s": "/usr/share/javadoc/libfonts/api/org/pentaho/reporting/libraries/fonts/truetype/ScalableTrueTypeFontMetrics.html", "size_i": "11698", "regex": "false"},
	{"name_s": "/usr/share/javadoc/libfonts/api/org/pentaho/reporting/libraries/fonts/truetype/TrueTypeCollection.html", "size_i": "8906", "regex": "false"},
	{"name_s": "/usr/share/javadoc/libfonts/api/org/pentaho/reporting/libraries/fonts/truetype/TrueTypeFont.html", "size_i": "14333", "regex": "false"},
	{"name_s": "/usr/share/javadoc/libfonts/api/org/pentaho/reporting/libraries/fonts/truetype/TrueTypeFontIdentifier.html", "size_i": "11340", "regex": "false"},
	{"name_s": "/usr/share/javadoc/libfonts/api/org/pentaho/reporting/libraries/fonts/truetype/TrueTypeFontMetrics.html", "size_i": "15009", "regex": "false"},
	{"name_s": "/usr/share/javadoc/libfonts/api/org/pentaho/reporting/libraries/fonts/truetype/TrueTypeFontMetricsFactory.html", "size_i": "8606", "regex": "false"},
	{"name_s": "/usr/share/javadoc/libfonts/api/org/pentaho/reporting/libraries/fonts/truetype/TrueTypeFontRecord.html", "size_i": "12933", "regex": "false"},
	{"name_s": "/usr/share/javadoc/libfonts/api/org/pentaho/reporting/libraries/fonts/truetype/TrueTypeFontRegistry.html", "size_i": "12384", "regex": "false"},
	{"name_s": "/usr/share/javadoc/libfonts/api/org/pentaho/reporting/libraries/fonts/truetype/TrueTypeUtilities.html", "size_i": "5789", "regex": "false"},
	{"name_s": "/usr/share/javadoc/libfonts/api/org/pentaho/reporting/libraries/fonts/truetype/mappings", "size_i": "4096", "regex": "false"},
	{"name_s": "/usr/share/javadoc/libfonts/api/org/pentaho/reporting/libraries/fonts/truetype/mappings/CustomPlatformIdentifier.html", "size_i": "7625", "regex": "false"},
	{"name_s": "/usr/share/javadoc/libfonts/api/org/pentaho/reporting/libraries/fonts/truetype/mappings/IsoPlatformIdentifier.html", "size_i": "7555", "regex": "false"},
	{"name_s": "/usr/share/javadoc/libfonts/api/org/pentaho/reporting/libraries/fonts/truetype/mappings/MacintoshPlatformIdentifier.html", "size_i": "7645", "regex": "false"},
	{"name_s": "/usr/share/javadoc/libfonts/api/org/pentaho/reporting/libraries/fonts/truetype/mappings/MicrosoftPlatformIdentifier.html", "size_i": "8031", "regex": "false"},
	{"name_s": "/usr/share/javadoc/libfonts/api/org/pentaho/reporting/libraries/fonts/truetype/mappings/PlatformIdentifier.html", "size_i": "11546", "regex": "false"},
	{"name_s": "/usr/share/javadoc/libfonts/api/org/pentaho/reporting/libraries/fonts/truetype/mappings/UnicodePlatformIdentifier.html", "size_i": "8341", "regex": "false"},
	{"name_s": "/usr/share/javadoc/libfonts/api/org/pentaho/reporting/libraries/fonts/truetype/mappings/package-frame.html", "size_i": "1442", "regex": "false"},
	{"name_s": "/usr/share/javadoc/libfonts/api/org/pentaho/reporting/libraries/fonts/truetype/mappings/package-summary.html", "size_i": "4721", "regex": "false"},
	{"name_s": "/usr/share/javadoc/libfonts/api/org/pentaho/reporting/libraries/fonts/truetype/package-frame.html", "size_i": "2393", "regex": "false"},
	{"name_s": "/usr/share/javadoc/libfonts/api/org/pentaho/reporting/libraries/fonts/truetype/package-summary.html", "size_i": "6603", "regex": "false"},
	{"name_s": "/usr/share/javadoc/libfonts/api/overview-frame.html", "size_i": "4062", "regex": "false"},
	{"name_s": "/usr/share/javadoc/libfonts/api/overview-summary.html", "size_i": "7023", "regex": "false"},
	{"name_s": "/usr/share/javadoc/libfonts/api/package-list", "size_i": "1039", "regex": "false"},
	{"name_s": "/usr/share/javadoc/libfonts/api/stylesheet.css", "size_i": "4692", "regex": "false"}
]
