[
	{"name_s": "/usr/include/libgnomeprint-2.2", "size_i": "4096", "regex": "false"},
	{"name_s": "/usr/include/libgnomeprint-2.2/libgnomeprint", "size_i": "4096", "regex": "false"},
	{"name_s": "/usr/include/libgnomeprint-2.2/libgnomeprint/gnome-font-face.h", "size_i": "5850", "regex": "false"},
	{"name_s": "/usr/include/libgnomeprint-2.2/libgnomeprint/gnome-font.h", "size_i": "6258", "regex": "false"},
	{"name_s": "/usr/include/libgnomeprint-2.2/libgnomeprint/gnome-glyphlist.h", "size_i": "4417", "regex": "false"},
	{"name_s": "/usr/include/libgnomeprint-2.2/libgnomeprint/gnome-pgl.h", "size_i": "2350", "regex": "false"},
	{"name_s": "/usr/include/libgnomeprint-2.2/libgnomeprint/gnome-print-config.h", "size_i": "12245", "regex": "false"},
	{"name_s": "/usr/include/libgnomeprint-2.2/libgnomeprint/gnome-print-filter.h", "size_i": "5197", "regex": "false"},
	{"name_s": "/usr/include/libgnomeprint-2.2/libgnomeprint/gnome-print-job.h", "size_i": "2688", "regex": "false"},
	{"name_s": "/usr/include/libgnomeprint-2.2/libgnomeprint/gnome-print-meta.h", "size_i": "2824", "regex": "false"},
	{"name_s": "/usr/include/libgnomeprint-2.2/libgnomeprint/gnome-print-pango.h", "size_i": "1928", "regex": "false"},
	{"name_s": "/usr/include/libgnomeprint-2.2/libgnomeprint/gnome-print-paper.h", "size_i": "2333", "regex": "false"},
	{"name_s": "/usr/include/libgnomeprint-2.2/libgnomeprint/gnome-print-transport.h", "size_i": "3864", "regex": "false"},
	{"name_s": "/usr/include/libgnomeprint-2.2/libgnomeprint/gnome-print-unit.h", "size_i": "4367", "regex": "false"},
	{"name_s": "/usr/include/libgnomeprint-2.2/libgnomeprint/gnome-print.h", "size_i": "7218", "regex": "false"},
	{"name_s": "/usr/include/libgnomeprint-2.2/libgnomeprint/gnome-rfont.h", "size_i": "3316", "regex": "false"},
	{"name_s": "/usr/include/libgnomeprint-2.2/libgnomeprint/gp-gc.h", "size_i": "1791", "regex": "false"},
	{"name_s": "/usr/include/libgnomeprint-2.2/libgnomeprint/libgnomeprint-enum-types.h", "size_i": "760", "regex": "false"},
	{"name_s": "/usr/include/libgnomeprint-2.2/libgnomeprint/private", "size_i": "4096", "regex": "false"},
	{"name_s": "/usr/include/libgnomeprint-2.2/libgnomeprint/private/gnome-font-private.h", "size_i": "4784", "regex": "false"},
	{"name_s": "/usr/include/libgnomeprint-2.2/libgnomeprint/private/gnome-fontmap.h", "size_i": "2796", "regex": "false"},
	{"name_s": "/usr/include/libgnomeprint-2.2/libgnomeprint/private/gnome-glyphlist-private.h", "size_i": "2269", "regex": "false"},
	{"name_s": "/usr/include/libgnomeprint-2.2/libgnomeprint/private/gnome-print-config-private.h", "size_i": "1307", "regex": "false"},
	{"name_s": "/usr/include/libgnomeprint-2.2/libgnomeprint/private/gnome-print-path.h", "size_i": "184", "regex": "false"},
	{"name_s": "/usr/include/libgnomeprint-2.2/libgnomeprint/private/gnome-print-private.h", "size_i": "7140", "regex": "false"},
	{"name_s": "/usr/include/libgnomeprint-2.2/libgnomeprint/private/gp-gc-private.h", "size_i": "4899", "regex": "false"},
	{"name_s": "/usr/include/libgnomeprint-2.2/libgnomeprint/private/gpa-config.h", "size_i": "1804", "regex": "false"},
	{"name_s": "/usr/include/libgnomeprint-2.2/libgnomeprint/private/gpa-key.h", "size_i": "2068", "regex": "false"},
	{"name_s": "/usr/include/libgnomeprint-2.2/libgnomeprint/private/gpa-list.h", "size_i": "2237", "regex": "false"},
	{"name_s": "/usr/include/libgnomeprint-2.2/libgnomeprint/private/gpa-model.h", "size_i": "1924", "regex": "false"},
	{"name_s": "/usr/include/libgnomeprint-2.2/libgnomeprint/private/gpa-node-private.h", "size_i": "2688", "regex": "false"},
	{"name_s": "/usr/include/libgnomeprint-2.2/libgnomeprint/private/gpa-node.h", "size_i": "3097", "regex": "false"},
	{"name_s": "/usr/include/libgnomeprint-2.2/libgnomeprint/private/gpa-option.h", "size_i": "3251", "regex": "false"},
	{"name_s": "/usr/include/libgnomeprint-2.2/libgnomeprint/private/gpa-printer.h", "size_i": "2746", "regex": "false"},
	{"name_s": "/usr/include/libgnomeprint-2.2/libgnomeprint/private/gpa-reference.h", "size_i": "1961", "regex": "false"},
	{"name_s": "/usr/include/libgnomeprint-2.2/libgnomeprint/private/gpa-root.h", "size_i": "1657", "regex": "false"},
	{"name_s": "/usr/include/libgnomeprint-2.2/libgnomeprint/private/gpa-settings.h", "size_i": "2192", "regex": "false"},
	{"name_s": "/usr/include/libgnomeprint-2.2/libgnomeprint/private/gpa-state.h", "size_i": "1581", "regex": "false"},
	{"name_s": "/usr/include/libgnomeprint-2.2/libgnomeprint/private/gpa-utils.h", "size_i": "2023", "regex": "false"},
	{"name_s": "/usr/lib64/libgnomeprint-2-2.so", "size_i": "26", "regex": "false"},
	{"name_s": "/usr/lib64/pkgconfig/libgnomeprint-2.2.pc", "size_i": "421", "regex": "false"},
	{"name_s": "/usr/share/gtk-doc/html/libgnomeprint", "size_i": "4096", "regex": "false"},
	{"name_s": "/usr/share/gtk-doc/html/libgnomeprint/home.png", "size_i": "654", "regex": "false"},
	{"name_s": "/usr/share/gtk-doc/html/libgnomeprint/index.html", "size_i": "3564", "regex": "false"},
	{"name_s": "/usr/share/gtk-doc/html/libgnomeprint/index.sgml", "size_i": "36591", "regex": "false"},
	{"name_s": "/usr/share/gtk-doc/html/libgnomeprint/left.png", "size_i": "459", "regex": "false"},
	{"name_s": "/usr/share/gtk-doc/html/libgnomeprint/libgnomeprint-Pango-Integration.html", "size_i": "27454", "regex": "false"},
	{"name_s": "/usr/share/gtk-doc/html/libgnomeprint/libgnomeprint-building.html", "size_i": "13866", "regex": "false"},
	{"name_s": "/usr/share/gtk-doc/html/libgnomeprint/libgnomeprint-compiling.html", "size_i": "3642", "regex": "false"},
	{"name_s": "/usr/share/gtk-doc/html/libgnomeprint/libgnomeprint-gnome-font-face.html", "size_i": "47732", "regex": "false"},
	{"name_s": "/usr/share/gtk-doc/html/libgnomeprint/libgnomeprint-gnome-font.html", "size_i": "48639", "regex": "false"},
	{"name_s": "/usr/share/gtk-doc/html/libgnomeprint/libgnomeprint-gnome-glyphlist.html", "size_i": "33371", "regex": "false"},
	{"name_s": "/usr/share/gtk-doc/html/libgnomeprint/libgnomeprint-gnome-pgl.html", "size_i": "15463", "regex": "false"},
	{"name_s": "/usr/share/gtk-doc/html/libgnomeprint/libgnomeprint-gnome-print-config.html", "size_i": "56059", "regex": "false"},
	{"name_s": "/usr/share/gtk-doc/html/libgnomeprint/libgnomeprint-gnome-print-job.html", "size_i": "18641", "regex": "false"},
	{"name_s": "/usr/share/gtk-doc/html/libgnomeprint/libgnomeprint-gnome-print-paper.html", "size_i": "13194", "regex": "false"},
	{"name_s": "/usr/share/gtk-doc/html/libgnomeprint/libgnomeprint-gnome-print-unit.html", "size_i": "19831", "regex": "false"},
	{"name_s": "/usr/share/gtk-doc/html/libgnomeprint/libgnomeprint-gnome-print.html", "size_i": "97385", "regex": "false"},
	{"name_s": "/usr/share/gtk-doc/html/libgnomeprint/libgnomeprint-gnome-rfont.html", "size_i": "21276", "regex": "false"},
	{"name_s": "/usr/share/gtk-doc/html/libgnomeprint/libgnomeprint-resources.html", "size_i": "4610", "regex": "false"},
	{"name_s": "/usr/share/gtk-doc/html/libgnomeprint/libgnomeprint.devhelp", "size_i": "30811", "regex": "false"},
	{"name_s": "/usr/share/gtk-doc/html/libgnomeprint/libgnomeprint.devhelp2", "size_i": "34336", "regex": "false"},
	{"name_s": "/usr/share/gtk-doc/html/libgnomeprint/libgnomeprint.html", "size_i": "3268", "regex": "false"},
	{"name_s": "/usr/share/gtk-doc/html/libgnomeprint/libgnomeprintunsorted.html", "size_i": "3462", "regex": "false"},
	{"name_s": "/usr/share/gtk-doc/html/libgnomeprint/right.png", "size_i": "472", "regex": "false"},
	{"name_s": "/usr/share/gtk-doc/html/libgnomeprint/style.css", "size_i": "2433", "regex": "false"},
	{"name_s": "/usr/share/gtk-doc/html/libgnomeprint/up.png", "size_i": "406", "regex": "false"}
]
