[
	{"name_s": "/usr/bin/ipod-read-sysinfo-extended", "size_i": "8040", "regex": "false"},
	{"name_s": "/usr/lib64/hal/scripts/libgpod-callout", "size_i": "8248", "regex": "false"},
	{"name_s": "/usr/lib64/libgpod.so.4", "size_i": "16", "regex": "false"},
	{"name_s": "/usr/lib64/libgpod.so.4.1.0", "size_i": "390544", "regex": "false"},
	{"name_s": "/usr/share/doc/libgpod-0.7.2", "size_i": "4096", "regex": "false"},
	{"name_s": "/usr/share/doc/libgpod-0.7.2/AUTHORS", "size_i": "127", "regex": "false"},
	{"name_s": "/usr/share/doc/libgpod-0.7.2/COPYING", "size_i": "25292", "regex": "false"},
	{"name_s": "/usr/share/doc/libgpod-0.7.2/ChangeLog", "size_i": "138493", "regex": "false"},
	{"name_s": "/usr/share/doc/libgpod-0.7.2/NEWS", "size_i": "5327", "regex": "false"},
	{"name_s": "/usr/share/doc/libgpod-0.7.2/README", "size_i": "5897", "regex": "false"},
	{"name_s": "/usr/share/doc/libgpod-0.7.2/README.SysInfo", "size_i": "3041", "regex": "false"},
	{"name_s": "/usr/share/hal/fdi/policy/20thirdparty/20-libgpod-sysinfo-extended.fdi", "size_i": "440", "regex": "false"},
	{"name_s": "/usr/share/locale/de/LC_MESSAGES/libgpod.mo", "size_i": "17591", "regex": "false"},
	{"name_s": "/usr/share/locale/es/LC_MESSAGES/libgpod.mo", "size_i": "17362", "regex": "false"},
	{"name_s": "/usr/share/locale/fr/LC_MESSAGES/libgpod.mo", "size_i": "17696", "regex": "false"},
	{"name_s": "/usr/share/locale/he/LC_MESSAGES/libgpod.mo", "size_i": "18445", "regex": "false"},
	{"name_s": "/usr/share/locale/it/LC_MESSAGES/libgpod.mo", "size_i": "17394", "regex": "false"},
	{"name_s": "/usr/share/locale/ja/LC_MESSAGES/libgpod.mo", "size_i": "11580", "regex": "false"},
	{"name_s": "/usr/share/locale/ro/LC_MESSAGES/libgpod.mo", "size_i": "13957", "regex": "false"},
	{"name_s": "/usr/share/locale/sv/LC_MESSAGES/libgpod.mo", "size_i": "16443", "regex": "false"},
	{"name_s": "/usr/share/locale/zh_CN/LC_MESSAGES/libgpod.mo", "size_i": "15253", "regex": "false"}
]
