[
	{"name_s": "/usr/lib64/libglade/2.0/libcanvas.so", "size_i": "7176", "regex": "false"},
	{"name_s": "/usr/lib64/libgnomecanvas-2.so.0", "size_i": "28", "regex": "false"},
	{"name_s": "/usr/lib64/libgnomecanvas-2.so.0.2600.0", "size_i": "213056", "regex": "false"},
	{"name_s": "/usr/share/doc/libgnomecanvas-2.26.0", "size_i": "4096", "regex": "false"},
	{"name_s": "/usr/share/doc/libgnomecanvas-2.26.0/AUTHORS", "size_i": "213", "regex": "false"},
	{"name_s": "/usr/share/doc/libgnomecanvas-2.26.0/COPYING.LIB", "size_i": "25265", "regex": "false"},
	{"name_s": "/usr/share/doc/libgnomecanvas-2.26.0/NEWS", "size_i": "9632", "regex": "false"},
	{"name_s": "/usr/share/doc/libgnomecanvas-2.26.0/README", "size_i": "492", "regex": "false"},
	{"name_s": "/usr/share/locale/am/LC_MESSAGES/libgnomecanvas-2.0.mo", "size_i": "1868", "regex": "false"},
	{"name_s": "/usr/share/locale/ang/LC_MESSAGES/libgnomecanvas-2.0.mo", "size_i": "821", "regex": "false"},
	{"name_s": "/usr/share/locale/ar/LC_MESSAGES/libgnomecanvas-2.0.mo", "size_i": "8233", "regex": "false"},
	{"name_s": "/usr/share/locale/as/LC_MESSAGES/libgnomecanvas-2.0.mo", "size_i": "10857", "regex": "false"},
	{"name_s": "/usr/share/locale/az/LC_MESSAGES/libgnomecanvas-2.0.mo", "size_i": "7380", "regex": "false"},
	{"name_s": "/usr/share/locale/be/LC_MESSAGES/libgnomecanvas-2.0.mo", "size_i": "8993", "regex": "false"},
	{"name_s": "/usr/share/locale/bg/LC_MESSAGES/libgnomecanvas-2.0.mo", "size_i": "9212", "regex": "false"},
	{"name_s": "/usr/share/locale/bn/LC_MESSAGES/libgnomecanvas-2.0.mo", "size_i": "11394", "regex": "false"},
	{"name_s": "/usr/share/locale/bn_IN/LC_MESSAGES/libgnomecanvas-2.0.mo", "size_i": "11385", "regex": "false"},
	{"name_s": "/usr/share/locale/bs/LC_MESSAGES/libgnomecanvas-2.0.mo", "size_i": "6844", "regex": "false"},
	{"name_s": "/usr/share/locale/ca/LC_MESSAGES/libgnomecanvas-2.0.mo", "size_i": "7608", "regex": "false"},
	{"name_s": "/usr/share/locale/crh/LC_MESSAGES/libgnomecanvas-2.0.mo", "size_i": "7774", "regex": "false"},
	{"name_s": "/usr/share/locale/cs/LC_MESSAGES/libgnomecanvas-2.0.mo", "size_i": "7134", "regex": "false"},
	{"name_s": "/usr/share/locale/cy/LC_MESSAGES/libgnomecanvas-2.0.mo", "size_i": "6883", "regex": "false"},
	{"name_s": "/usr/share/locale/da/LC_MESSAGES/libgnomecanvas-2.0.mo", "size_i": "7209", "regex": "false"},
	{"name_s": "/usr/share/locale/de/LC_MESSAGES/libgnomecanvas-2.0.mo", "size_i": "7381", "regex": "false"},
	{"name_s": "/usr/share/locale/dz/LC_MESSAGES/libgnomecanvas-2.0.mo", "size_i": "13626", "regex": "false"},
	{"name_s": "/usr/share/locale/el/LC_MESSAGES/libgnomecanvas-2.0.mo", "size_i": "10436", "regex": "false"},
	{"name_s": "/usr/share/locale/en_CA/LC_MESSAGES/libgnomecanvas-2.0.mo", "size_i": "6857", "regex": "false"},
	{"name_s": "/usr/share/locale/en_GB/LC_MESSAGES/libgnomecanvas-2.0.mo", "size_i": "6816", "regex": "false"},
	{"name_s": "/usr/share/locale/eo/LC_MESSAGES/libgnomecanvas-2.0.mo", "size_i": "6538", "regex": "false"},
	{"name_s": "/usr/share/locale/es/LC_MESSAGES/libgnomecanvas-2.0.mo", "size_i": "7738", "regex": "false"},
	{"name_s": "/usr/share/locale/et/LC_MESSAGES/libgnomecanvas-2.0.mo", "size_i": "7120", "regex": "false"},
	{"name_s": "/usr/share/locale/eu/LC_MESSAGES/libgnomecanvas-2.0.mo", "size_i": "7780", "regex": "false"},
	{"name_s": "/usr/share/locale/fa/LC_MESSAGES/libgnomecanvas-2.0.mo", "size_i": "8222", "regex": "false"},
	{"name_s": "/usr/share/locale/fi/LC_MESSAGES/libgnomecanvas-2.0.mo", "size_i": "7227", "regex": "false"},
	{"name_s": "/usr/share/locale/fr/LC_MESSAGES/libgnomecanvas-2.0.mo", "size_i": "7658", "regex": "false"},
	{"name_s": "/usr/share/locale/ga/LC_MESSAGES/libgnomecanvas-2.0.mo", "size_i": "3422", "regex": "false"},
	{"name_s": "/usr/share/locale/gl/LC_MESSAGES/libgnomecanvas-2.0.mo", "size_i": "7894", "regex": "false"},
	{"name_s": "/usr/share/locale/gu/LC_MESSAGES/libgnomecanvas-2.0.mo", "size_i": "10400", "regex": "false"},
	{"name_s": "/usr/share/locale/he/LC_MESSAGES/libgnomecanvas-2.0.mo", "size_i": "7851", "regex": "false"},
	{"name_s": "/usr/share/locale/hi/LC_MESSAGES/libgnomecanvas-2.0.mo", "size_i": "10568", "regex": "false"},
	{"name_s": "/usr/share/locale/hr/LC_MESSAGES/libgnomecanvas-2.0.mo", "size_i": "7368", "regex": "false"},
	{"name_s": "/usr/share/locale/hu/LC_MESSAGES/libgnomecanvas-2.0.mo", "size_i": "7440", "regex": "false"},
	{"name_s": "/usr/share/locale/id/LC_MESSAGES/libgnomecanvas-2.0.mo", "size_i": "6757", "regex": "false"},
	{"name_s": "/usr/share/locale/is/LC_MESSAGES/libgnomecanvas-2.0.mo", "size_i": "6616", "regex": "false"},
	{"name_s": "/usr/share/locale/it/LC_MESSAGES/libgnomecanvas-2.0.mo", "size_i": "7622", "regex": "false"},
	{"name_s": "/usr/share/locale/ja/LC_MESSAGES/libgnomecanvas-2.0.mo", "size_i": "8289", "regex": "false"},
	{"name_s": "/usr/share/locale/ka/LC_MESSAGES/libgnomecanvas-2.0.mo", "size_i": "10563", "regex": "false"},
	{"name_s": "/usr/share/locale/kn/LC_MESSAGES/libgnomecanvas-2.0.mo", "size_i": "11488", "regex": "false"},
	{"name_s": "/usr/share/locale/ko/LC_MESSAGES/libgnomecanvas-2.0.mo", "size_i": "7450", "regex": "false"},
	{"name_s": "/usr/share/locale/ku/LC_MESSAGES/libgnomecanvas-2.0.mo", "size_i": "948", "regex": "false"},
	{"name_s": "/usr/share/locale/li/LC_MESSAGES/libgnomecanvas-2.0.mo", "size_i": "6806", "regex": "false"},
	{"name_s": "/usr/share/locale/lt/LC_MESSAGES/libgnomecanvas-2.0.mo", "size_i": "7392", "regex": "false"},
	{"name_s": "/usr/share/locale/lv/LC_MESSAGES/libgnomecanvas-2.0.mo", "size_i": "7286", "regex": "false"},
	{"name_s": "/usr/share/locale/mai/LC_MESSAGES/libgnomecanvas-2.0.mo", "size_i": "10423", "regex": "false"},
	{"name_s": "/usr/share/locale/mg/LC_MESSAGES/libgnomecanvas-2.0.mo", "size_i": "7353", "regex": "false"},
	{"name_s": "/usr/share/locale/mk/LC_MESSAGES/libgnomecanvas-2.0.mo", "size_i": "9318", "regex": "false"},
	{"name_s": "/usr/share/locale/ml/LC_MESSAGES/libgnomecanvas-2.0.mo", "size_i": "12446", "regex": "false"},
	{"name_s": "/usr/share/locale/mn/LC_MESSAGES/libgnomecanvas-2.0.mo", "size_i": "8560", "regex": "false"},
	{"name_s": "/usr/share/locale/mr/LC_MESSAGES/libgnomecanvas-2.0.mo", "size_i": "10448", "regex": "false"},
	{"name_s": "/usr/share/locale/ms/LC_MESSAGES/libgnomecanvas-2.0.mo", "size_i": "6659", "regex": "false"},
	{"name_s": "/usr/share/locale/nb/LC_MESSAGES/libgnomecanvas-2.0.mo", "size_i": "7215", "regex": "false"},
	{"name_s": "/usr/share/locale/ne/LC_MESSAGES/libgnomecanvas-2.0.mo", "size_i": "10622", "regex": "false"},
	{"name_s": "/usr/share/locale/nl/LC_MESSAGES/libgnomecanvas-2.0.mo", "size_i": "7196", "regex": "false"},
	{"name_s": "/usr/share/locale/nn/LC_MESSAGES/libgnomecanvas-2.0.mo", "size_i": "7206", "regex": "false"},
	{"name_s": "/usr/share/locale/oc/LC_MESSAGES/libgnomecanvas-2.0.mo", "size_i": "1374", "regex": "false"},
	{"name_s": "/usr/share/locale/or/LC_MESSAGES/libgnomecanvas-2.0.mo", "size_i": "11159", "regex": "false"},
	{"name_s": "/usr/share/locale/pa/LC_MESSAGES/libgnomecanvas-2.0.mo", "size_i": "9865", "regex": "false"},
	{"name_s": "/usr/share/locale/pl/LC_MESSAGES/libgnomecanvas-2.0.mo", "size_i": "7702", "regex": "false"},
	{"name_s": "/usr/share/locale/pt/LC_MESSAGES/libgnomecanvas-2.0.mo", "size_i": "7374", "regex": "false"},
	{"name_s": "/usr/share/locale/pt_BR/LC_MESSAGES/libgnomecanvas-2.0.mo", "size_i": "7281", "regex": "false"},
	{"name_s": "/usr/share/locale/ro/LC_MESSAGES/libgnomecanvas-2.0.mo", "size_i": "7221", "regex": "false"},
	{"name_s": "/usr/share/locale/ru/LC_MESSAGES/libgnomecanvas-2.0.mo", "size_i": "9377", "regex": "false"},
	{"name_s": "/usr/share/locale/rw/LC_MESSAGES/libgnomecanvas-2.0.mo", "size_i": "1182", "regex": "false"},
	{"name_s": "/usr/share/locale/sk/LC_MESSAGES/libgnomecanvas-2.0.mo", "size_i": "7265", "regex": "false"},
	{"name_s": "/usr/share/locale/sl/LC_MESSAGES/libgnomecanvas-2.0.mo", "size_i": "7257", "regex": "false"},
	{"name_s": "/usr/share/locale/sq/LC_MESSAGES/libgnomecanvas-2.0.mo", "size_i": "7733", "regex": "false"},
	{"name_s": "/usr/share/locale/sr/LC_MESSAGES/libgnomecanvas-2.0.mo", "size_i": "9175", "regex": "false"},
	{"name_s": "/usr/share/locale/sr@ije/LC_MESSAGES/libgnomecanvas-2.0.mo", "size_i": "8680", "regex": "false"},
	{"name_s": "/usr/share/locale/sr@latin/LC_MESSAGES/libgnomecanvas-2.0.mo", "size_i": "7249", "regex": "false"},
	{"name_s": "/usr/share/locale/sv/LC_MESSAGES/libgnomecanvas-2.0.mo", "size_i": "7300", "regex": "false"},
	{"name_s": "/usr/share/locale/ta/LC_MESSAGES/libgnomecanvas-2.0.mo", "size_i": "11905", "regex": "false"},
	{"name_s": "/usr/share/locale/te/LC_MESSAGES/libgnomecanvas-2.0.mo", "size_i": "11141", "regex": "false"},
	{"name_s": "/usr/share/locale/th/LC_MESSAGES/libgnomecanvas-2.0.mo", "size_i": "10778", "regex": "false"},
	{"name_s": "/usr/share/locale/tr/LC_MESSAGES/libgnomecanvas-2.0.mo", "size_i": "7383", "regex": "false"},
	{"name_s": "/usr/share/locale/tt/LC_MESSAGES/libgnomecanvas-2.0.mo", "size_i": "6834", "regex": "false"},
	{"name_s": "/usr/share/locale/uk/LC_MESSAGES/libgnomecanvas-2.0.mo", "size_i": "9075", "regex": "false"},
	{"name_s": "/usr/share/locale/vi/LC_MESSAGES/libgnomecanvas-2.0.mo", "size_i": "7846", "regex": "false"},
	{"name_s": "/usr/share/locale/wa/LC_MESSAGES/libgnomecanvas-2.0.mo", "size_i": "6907", "regex": "false"},
	{"name_s": "/usr/share/locale/xh/LC_MESSAGES/libgnomecanvas-2.0.mo", "size_i": "7451", "regex": "false"},
	{"name_s": "/usr/share/locale/yi/LC_MESSAGES/libgnomecanvas-2.0.mo", "size_i": "8637", "regex": "false"},
	{"name_s": "/usr/share/locale/zh_CN/LC_MESSAGES/libgnomecanvas-2.0.mo", "size_i": "6808", "regex": "false"},
	{"name_s": "/usr/share/locale/zh_HK/LC_MESSAGES/libgnomecanvas-2.0.mo", "size_i": "7035", "regex": "false"},
	{"name_s": "/usr/share/locale/zh_TW/LC_MESSAGES/libgnomecanvas-2.0.mo", "size_i": "7035", "regex": "false"}
]
