[
	{"name_s": "/usr/include/libgdata", "size_i": "4096", "regex": "false"},
	{"name_s": "/usr/include/libgdata/gdata", "size_i": "4096", "regex": "false"},
	{"name_s": "/usr/include/libgdata/gdata/atom", "size_i": "4096", "regex": "false"},
	{"name_s": "/usr/include/libgdata/gdata/atom/gdata-author.h", "size_i": "2683", "regex": "false"},
	{"name_s": "/usr/include/libgdata/gdata/atom/gdata-category.h", "size_i": "2752", "regex": "false"},
	{"name_s": "/usr/include/libgdata/gdata/atom/gdata-generator.h", "size_i": "2444", "regex": "false"},
	{"name_s": "/usr/include/libgdata/gdata/atom/gdata-link.h", "size_i": "5667", "regex": "false"},
	{"name_s": "/usr/include/libgdata/gdata/gd", "size_i": "4096", "regex": "false"},
	{"name_s": "/usr/include/libgdata/gdata/gd/gdata-gd-email-address.h", "size_i": "3514", "regex": "false"},
	{"name_s": "/usr/include/libgdata/gdata/gd/gdata-gd-im-address.h", "size_i": "3370", "regex": "false"},
	{"name_s": "/usr/include/libgdata/gdata/gd/gdata-gd-name.h", "size_i": "3164", "regex": "false"},
	{"name_s": "/usr/include/libgdata/gdata/gd/gdata-gd-organization.h", "size_i": "4212", "regex": "false"},
	{"name_s": "/usr/include/libgdata/gdata/gd/gdata-gd-phone-number.h", "size_i": "3453", "regex": "false"},
	{"name_s": "/usr/include/libgdata/gdata/gd/gdata-gd-postal-address.h", "size_i": "6929", "regex": "false"},
	{"name_s": "/usr/include/libgdata/gdata/gd/gdata-gd-reminder.h", "size_i": "3015", "regex": "false"},
	{"name_s": "/usr/include/libgdata/gdata/gd/gdata-gd-when.h", "size_i": "2987", "regex": "false"},
	{"name_s": "/usr/include/libgdata/gdata/gd/gdata-gd-where.h", "size_i": "2817", "regex": "false"},
	{"name_s": "/usr/include/libgdata/gdata/gd/gdata-gd-who.h", "size_i": "2760", "regex": "false"},
	{"name_s": "/usr/include/libgdata/gdata/gdata-access-handler.h", "size_i": "3166", "regex": "false"},
	{"name_s": "/usr/include/libgdata/gdata/gdata-access-rule.h", "size_i": "2717", "regex": "false"},
	{"name_s": "/usr/include/libgdata/gdata/gdata-download-stream.h", "size_i": "2803", "regex": "false"},
	{"name_s": "/usr/include/libgdata/gdata/gdata-entry.h", "size_i": "3445", "regex": "false"},
	{"name_s": "/usr/include/libgdata/gdata/gdata-enums.h", "size_i": "762", "regex": "false"},
	{"name_s": "/usr/include/libgdata/gdata/gdata-feed.h", "size_i": "3093", "regex": "false"},
	{"name_s": "/usr/include/libgdata/gdata/gdata-parsable.h", "size_i": "4370", "regex": "false"},
	{"name_s": "/usr/include/libgdata/gdata/gdata-query.h", "size_i": "4212", "regex": "false"},
	{"name_s": "/usr/include/libgdata/gdata/gdata-service.h", "size_i": "12045", "regex": "false"},
	{"name_s": "/usr/include/libgdata/gdata/gdata-types.h", "size_i": "1679", "regex": "false"},
	{"name_s": "/usr/include/libgdata/gdata/gdata-upload-stream.h", "size_i": "3007", "regex": "false"},
	{"name_s": "/usr/include/libgdata/gdata/gdata.h", "size_i": "4098", "regex": "false"},
	{"name_s": "/usr/include/libgdata/gdata/media", "size_i": "4096", "regex": "false"},
	{"name_s": "/usr/include/libgdata/gdata/media/gdata-media-category.h", "size_i": "2924", "regex": "false"},
	{"name_s": "/usr/include/libgdata/gdata/media/gdata-media-content.h", "size_i": "4261", "regex": "false"},
	{"name_s": "/usr/include/libgdata/gdata/media/gdata-media-credit.h", "size_i": "2450", "regex": "false"},
	{"name_s": "/usr/include/libgdata/gdata/media/gdata-media-enums.h", "size_i": "462", "regex": "false"},
	{"name_s": "/usr/include/libgdata/gdata/media/gdata-media-thumbnail.h", "size_i": "2886", "regex": "false"},
	{"name_s": "/usr/include/libgdata/gdata/services", "size_i": "4096", "regex": "false"},
	{"name_s": "/usr/include/libgdata/gdata/services/calendar", "size_i": "4096", "regex": "false"},
	{"name_s": "/usr/include/libgdata/gdata/services/calendar/gdata-calendar-calendar.h", "size_i": "3437", "regex": "false"},
	{"name_s": "/usr/include/libgdata/gdata/services/calendar/gdata-calendar-event.h", "size_i": "5118", "regex": "false"},
	{"name_s": "/usr/include/libgdata/gdata/services/calendar/gdata-calendar-feed.h", "size_i": "2449", "regex": "false"},
	{"name_s": "/usr/include/libgdata/gdata/services/calendar/gdata-calendar-query.h", "size_i": "4142", "regex": "false"},
	{"name_s": "/usr/include/libgdata/gdata/services/calendar/gdata-calendar-service.h", "size_i": "4140", "regex": "false"},
	{"name_s": "/usr/include/libgdata/gdata/services/contacts", "size_i": "4096", "regex": "false"},
	{"name_s": "/usr/include/libgdata/gdata/services/contacts/gdata-contacts-contact.h", "size_i": "6130", "regex": "false"},
	{"name_s": "/usr/include/libgdata/gdata/services/contacts/gdata-contacts-query.h", "size_i": "3205", "regex": "false"},
	{"name_s": "/usr/include/libgdata/gdata/services/contacts/gdata-contacts-service.h", "size_i": "3443", "regex": "false"},
	{"name_s": "/usr/include/libgdata/gdata/services/documents", "size_i": "4096", "regex": "false"},
	{"name_s": "/usr/include/libgdata/gdata/services/documents/gdata-documents-entry.h", "size_i": "3090", "regex": "false"},
	{"name_s": "/usr/include/libgdata/gdata/services/documents/gdata-documents-enums.h", "size_i": "1139", "regex": "false"},
	{"name_s": "/usr/include/libgdata/gdata/services/documents/gdata-documents-feed.h", "size_i": "2324", "regex": "false"},
	{"name_s": "/usr/include/libgdata/gdata/services/documents/gdata-documents-folder.h", "size_i": "2544", "regex": "false"},
	{"name_s": "/usr/include/libgdata/gdata/services/documents/gdata-documents-presentation.h", "size_i": "4037", "regex": "false"},
	{"name_s": "/usr/include/libgdata/gdata/services/documents/gdata-documents-query.h", "size_i": "3770", "regex": "false"},
	{"name_s": "/usr/include/libgdata/gdata/services/documents/gdata-documents-service.h", "size_i": "5055", "regex": "false"},
	{"name_s": "/usr/include/libgdata/gdata/services/documents/gdata-documents-spreadsheet.h", "size_i": "4142", "regex": "false"},
	{"name_s": "/usr/include/libgdata/gdata/services/documents/gdata-documents-text.h", "size_i": "3914", "regex": "false"},
	{"name_s": "/usr/include/libgdata/gdata/services/picasaweb", "size_i": "4096", "regex": "false"},
	{"name_s": "/usr/include/libgdata/gdata/services/picasaweb/gdata-picasaweb-album.h", "size_i": "4936", "regex": "false"},
	{"name_s": "/usr/include/libgdata/gdata/services/picasaweb/gdata-picasaweb-enums.h", "size_i": "382", "regex": "false"},
	{"name_s": "/usr/include/libgdata/gdata/services/picasaweb/gdata-picasaweb-feed.h", "size_i": "2340", "regex": "false"},
	{"name_s": "/usr/include/libgdata/gdata/services/picasaweb/gdata-picasaweb-file.h", "size_i": "5779", "regex": "false"},
	{"name_s": "/usr/include/libgdata/gdata/services/picasaweb/gdata-picasaweb-query.h", "size_i": "3846", "regex": "false"},
	{"name_s": "/usr/include/libgdata/gdata/services/picasaweb/gdata-picasaweb-service.h", "size_i": "4587", "regex": "false"},
	{"name_s": "/usr/include/libgdata/gdata/services/picasaweb/gdata-picasaweb-user.h", "size_i": "2859", "regex": "false"},
	{"name_s": "/usr/include/libgdata/gdata/services/youtube", "size_i": "4096", "regex": "false"},
	{"name_s": "/usr/include/libgdata/gdata/services/youtube/gdata-youtube-content.h", "size_i": "3370", "regex": "false"},
	{"name_s": "/usr/include/libgdata/gdata/services/youtube/gdata-youtube-credit.h", "size_i": "2457", "regex": "false"},
	{"name_s": "/usr/include/libgdata/gdata/services/youtube/gdata-youtube-enums.h", "size_i": "1551", "regex": "false"},
	{"name_s": "/usr/include/libgdata/gdata/services/youtube/gdata-youtube-query.h", "size_i": "6585", "regex": "false"},
	{"name_s": "/usr/include/libgdata/gdata/services/youtube/gdata-youtube-service.h", "size_i": "7730", "regex": "false"},
	{"name_s": "/usr/include/libgdata/gdata/services/youtube/gdata-youtube-state.h", "size_i": "2567", "regex": "false"},
	{"name_s": "/usr/include/libgdata/gdata/services/youtube/gdata-youtube-video.h", "size_i": "5635", "regex": "false"},
	{"name_s": "/usr/lib64/libgdata.so", "size_i": "17", "regex": "false"},
	{"name_s": "/usr/lib64/pkgconfig/libgdata.pc", "size_i": "228", "regex": "false"},
	{"name_s": "/usr/share/gtk-doc/html/gdata", "size_i": "4096", "regex": "false"},
	{"name_s": "/usr/share/gtk-doc/html/gdata/GDataAccessHandler.html", "size_i": "32661", "regex": "false"},
	{"name_s": "/usr/share/gtk-doc/html/gdata/GDataAccessRule.html", "size_i": "20805", "regex": "false"},
	{"name_s": "/usr/share/gtk-doc/html/gdata/GDataAuthor.html", "size_i": "26308", "regex": "false"},
	{"name_s": "/usr/share/gtk-doc/html/gdata/GDataCalendarCalendar.html", "size_i": "38055", "regex": "false"},
	{"name_s": "/usr/share/gtk-doc/html/gdata/GDataCalendarEvent.html", "size_i": "90083", "regex": "false"},
	{"name_s": "/usr/share/gtk-doc/html/gdata/GDataCalendarFeed.html", "size_i": "10628", "regex": "false"},
	{"name_s": "/usr/share/gtk-doc/html/gdata/GDataCalendarQuery.html", "size_i": "63117", "regex": "false"},
	{"name_s": "/usr/share/gtk-doc/html/gdata/GDataCalendarService.html", "size_i": "45745", "regex": "false"},
	{"name_s": "/usr/share/gtk-doc/html/gdata/GDataCategory.html", "size_i": "26682", "regex": "false"},
	{"name_s": "/usr/share/gtk-doc/html/gdata/GDataContactsContact.html", "size_i": "96944", "regex": "false"},
	{"name_s": "/usr/share/gtk-doc/html/gdata/GDataContactsQuery.html", "size_i": "32439", "regex": "false"},
	{"name_s": "/usr/share/gtk-doc/html/gdata/GDataContactsService.html", "size_i": "29712", "regex": "false"},
	{"name_s": "/usr/share/gtk-doc/html/gdata/GDataDocumentsEntry.html", "size_i": "30392", "regex": "false"},
	{"name_s": "/usr/share/gtk-doc/html/gdata/GDataDocumentsFeed.html", "size_i": "5615", "regex": "false"},
	{"name_s": "/usr/share/gtk-doc/html/gdata/GDataDocumentsFolder.html", "size_i": "7995", "regex": "false"},
	{"name_s": "/usr/share/gtk-doc/html/gdata/GDataDocumentsPresentation.html", "size_i": "23173", "regex": "false"},
	{"name_s": "/usr/share/gtk-doc/html/gdata/GDataDocumentsQuery.html", "size_i": "45369", "regex": "false"},
	{"name_s": "/usr/share/gtk-doc/html/gdata/GDataDocumentsService.html", "size_i": "58223", "regex": "false"},
	{"name_s": "/usr/share/gtk-doc/html/gdata/GDataDocumentsSpreadsheet.html", "size_i": "25830", "regex": "false"},
	{"name_s": "/usr/share/gtk-doc/html/gdata/GDataDocumentsText.html", "size_i": "22536", "regex": "false"},
	{"name_s": "/usr/share/gtk-doc/html/gdata/GDataDownloadStream.html", "size_i": "22130", "regex": "false"},
	{"name_s": "/usr/share/gtk-doc/html/gdata/GDataEntry.html", "size_i": "52981", "regex": "false"},
	{"name_s": "/usr/share/gtk-doc/html/gdata/GDataFeed.html", "size_i": "44833", "regex": "false"},
	{"name_s": "/usr/share/gtk-doc/html/gdata/GDataGDEmailAddress.html", "size_i": "40807", "regex": "false"},
	{"name_s": "/usr/share/gtk-doc/html/gdata/GDataGDIMAddress.html", "size_i": "39815", "regex": "false"},
	{"name_s": "/usr/share/gtk-doc/html/gdata/GDataGDName.html", "size_i": "41938", "regex": "false"},
	{"name_s": "/usr/share/gtk-doc/html/gdata/GDataGDOrganization.html", "size_i": "62825", "regex": "false"},
	{"name_s": "/usr/share/gtk-doc/html/gdata/GDataGDPhoneNumber.html", "size_i": "40890", "regex": "false"},
	{"name_s": "/usr/share/gtk-doc/html/gdata/GDataGDPostalAddress.html", "size_i": "110983", "regex": "false"},
	{"name_s": "/usr/share/gtk-doc/html/gdata/GDataGDReminder.html", "size_i": "31198", "regex": "false"},
	{"name_s": "/usr/share/gtk-doc/html/gdata/GDataGDWhen.html", "size_i": "35675", "regex": "false"},
	{"name_s": "/usr/share/gtk-doc/html/gdata/GDataGDWhere.html", "size_i": "27485", "regex": "false"},
	{"name_s": "/usr/share/gtk-doc/html/gdata/GDataGDWho.html", "size_i": "27368", "regex": "false"},
	{"name_s": "/usr/share/gtk-doc/html/gdata/GDataGenerator.html", "size_i": "16692", "regex": "false"},
	{"name_s": "/usr/share/gtk-doc/html/gdata/GDataLink.html", "size_i": "45547", "regex": "false"},
	{"name_s": "/usr/share/gtk-doc/html/gdata/GDataMediaCategory.html", "size_i": "23572", "regex": "false"},
	{"name_s": "/usr/share/gtk-doc/html/gdata/GDataMediaContent.html", "size_i": "40246", "regex": "false"},
	{"name_s": "/usr/share/gtk-doc/html/gdata/GDataMediaCredit.html", "size_i": "13163", "regex": "false"},
	{"name_s": "/usr/share/gtk-doc/html/gdata/GDataMediaThumbnail.html", "size_i": "22189", "regex": "false"},
	{"name_s": "/usr/share/gtk-doc/html/gdata/GDataParsable.html", "size_i": "17978", "regex": "false"},
	{"name_s": "/usr/share/gtk-doc/html/gdata/GDataPicasaWebAlbum.html", "size_i": "75020", "regex": "false"},
	{"name_s": "/usr/share/gtk-doc/html/gdata/GDataPicasaWebFile.html", "size_i": "120172", "regex": "false"},
	{"name_s": "/usr/share/gtk-doc/html/gdata/GDataPicasaWebQuery.html", "size_i": "48104", "regex": "false"},
	{"name_s": "/usr/share/gtk-doc/html/gdata/GDataPicasaWebService.html", "size_i": "58286", "regex": "false"},
	{"name_s": "/usr/share/gtk-doc/html/gdata/GDataQuery.html", "size_i": "85348", "regex": "false"},
	{"name_s": "/usr/share/gtk-doc/html/gdata/GDataService.html", "size_i": "122009", "regex": "false"},
	{"name_s": "/usr/share/gtk-doc/html/gdata/GDataUploadStream.html", "size_i": "31742", "regex": "false"},
	{"name_s": "/usr/share/gtk-doc/html/gdata/GDataYouTubeContent.html", "size_i": "8406", "regex": "false"},
	{"name_s": "/usr/share/gtk-doc/html/gdata/GDataYouTubeCredit.html", "size_i": "8526", "regex": "false"},
	{"name_s": "/usr/share/gtk-doc/html/gdata/GDataYouTubeQuery.html", "size_i": "74788", "regex": "false"},
	{"name_s": "/usr/share/gtk-doc/html/gdata/GDataYouTubeService.html", "size_i": "86149", "regex": "false"},
	{"name_s": "/usr/share/gtk-doc/html/gdata/GDataYouTubeState.html", "size_i": "16297", "regex": "false"},
	{"name_s": "/usr/share/gtk-doc/html/gdata/GDataYouTubeVideo.html", "size_i": "101132", "regex": "false"},
	{"name_s": "/usr/share/gtk-doc/html/gdata/api-index-full.html", "size_i": "298361", "regex": "false"},
	{"name_s": "/usr/share/gtk-doc/html/gdata/ch01.html", "size_i": "7705", "regex": "false"},
	{"name_s": "/usr/share/gtk-doc/html/gdata/ch02.html", "size_i": "2842", "regex": "false"},
	{"name_s": "/usr/share/gtk-doc/html/gdata/ch03.html", "size_i": "2045", "regex": "false"},
	{"name_s": "/usr/share/gtk-doc/html/gdata/ch04.html", "size_i": "2228", "regex": "false"},
	{"name_s": "/usr/share/gtk-doc/html/gdata/ch05.html", "size_i": "3243", "regex": "false"},
	{"name_s": "/usr/share/gtk-doc/html/gdata/ch06.html", "size_i": "2330", "regex": "false"},
	{"name_s": "/usr/share/gtk-doc/html/gdata/ch07.html", "size_i": "2182", "regex": "false"},
	{"name_s": "/usr/share/gtk-doc/html/gdata/ch08.html", "size_i": "2166", "regex": "false"},
	{"name_s": "/usr/share/gtk-doc/html/gdata/ch09.html", "size_i": "2562", "regex": "false"},
	{"name_s": "/usr/share/gtk-doc/html/gdata/ch10.html", "size_i": "2231", "regex": "false"},
	{"name_s": "/usr/share/gtk-doc/html/gdata/ch11.html", "size_i": "3140", "regex": "false"},
	{"name_s": "/usr/share/gtk-doc/html/gdata/ch12.html", "size_i": "2407", "regex": "false"},
	{"name_s": "/usr/share/gtk-doc/html/gdata/data-flow.png", "size_i": "24681", "regex": "false"},
	{"name_s": "/usr/share/gtk-doc/html/gdata/gdata-GData-Types.html", "size_i": "9380", "regex": "false"},
	{"name_s": "/usr/share/gtk-doc/html/gdata/gdata-overview.html", "size_i": "7747", "regex": "false"},
	{"name_s": "/usr/share/gtk-doc/html/gdata/gdata.devhelp", "size_i": "129726", "regex": "false"},
	{"name_s": "/usr/share/gtk-doc/html/gdata/gdata.devhelp2", "size_i": "164830", "regex": "false"},
	{"name_s": "/usr/share/gtk-doc/html/gdata/home.png", "size_i": "654", "regex": "false"},
	{"name_s": "/usr/share/gtk-doc/html/gdata/index.html", "size_i": "12455", "regex": "false"},
	{"name_s": "/usr/share/gtk-doc/html/gdata/index.sgml", "size_i": "172374", "regex": "false"},
	{"name_s": "/usr/share/gtk-doc/html/gdata/ix02.html", "size_i": "2416", "regex": "false"},
	{"name_s": "/usr/share/gtk-doc/html/gdata/ix03.html", "size_i": "31389", "regex": "false"},
	{"name_s": "/usr/share/gtk-doc/html/gdata/ix04.html", "size_i": "24000", "regex": "false"},
	{"name_s": "/usr/share/gtk-doc/html/gdata/ix05.html", "size_i": "128554", "regex": "false"},
	{"name_s": "/usr/share/gtk-doc/html/gdata/ix06.html", "size_i": "41805", "regex": "false"},
	{"name_s": "/usr/share/gtk-doc/html/gdata/ix07.html", "size_i": "8353", "regex": "false"},
	{"name_s": "/usr/share/gtk-doc/html/gdata/ix08.html", "size_i": "2117", "regex": "false"},
	{"name_s": "/usr/share/gtk-doc/html/gdata/ix09.html", "size_i": "2765", "regex": "false"},
	{"name_s": "/usr/share/gtk-doc/html/gdata/left.png", "size_i": "459", "regex": "false"},
	{"name_s": "/usr/share/gtk-doc/html/gdata/pt01.html", "size_i": "1873", "regex": "false"},
	{"name_s": "/usr/share/gtk-doc/html/gdata/pt02.html", "size_i": "3315", "regex": "false"},
	{"name_s": "/usr/share/gtk-doc/html/gdata/pt03.html", "size_i": "5306", "regex": "false"},
	{"name_s": "/usr/share/gtk-doc/html/gdata/pt04.html", "size_i": "6075", "regex": "false"},
	{"name_s": "/usr/share/gtk-doc/html/gdata/pt05.html", "size_i": "2432", "regex": "false"},
	{"name_s": "/usr/share/gtk-doc/html/gdata/right.png", "size_i": "472", "regex": "false"},
	{"name_s": "/usr/share/gtk-doc/html/gdata/structure.png", "size_i": "22102", "regex": "false"},
	{"name_s": "/usr/share/gtk-doc/html/gdata/style.css", "size_i": "5064", "regex": "false"},
	{"name_s": "/usr/share/gtk-doc/html/gdata/up.png", "size_i": "406", "regex": "false"}
]
