[
	{"name_s": "/usr/include/idn-free.h", "size_i": "2299", "regex": "false"},
	{"name_s": "/usr/include/idn-int.h", "size_i": "20", "regex": "false"},
	{"name_s": "/usr/include/idna.h", "size_i": "3436", "regex": "false"},
	{"name_s": "/usr/include/pr29.h", "size_i": "1974", "regex": "false"},
	{"name_s": "/usr/include/punycode.h", "size_i": "9425", "regex": "false"},
	{"name_s": "/usr/include/stringprep.h", "size_i": "8044", "regex": "false"},
	{"name_s": "/usr/include/tld.h", "size_i": "4503", "regex": "false"},
	{"name_s": "/usr/lib/libidn.so", "size_i": "26", "regex": "false"},
	{"name_s": "/usr/lib/pkgconfig/libidn.pc", "size_i": "784", "regex": "false"},
	{"name_s": "/usr/share/doc/libidn-devel-1.18", "size_i": "4096", "regex": "false"},
	{"name_s": "/usr/share/doc/libidn-devel-1.18/examples", "size_i": "4096", "regex": "false"},
	{"name_s": "/usr/share/doc/libidn-devel-1.18/examples/Makefile.am", "size_i": "1042", "regex": "false"},
	{"name_s": "/usr/share/doc/libidn-devel-1.18/examples/Makefile.in", "size_i": "33814", "regex": "false"},
	{"name_s": "/usr/share/doc/libidn-devel-1.18/examples/README", "size_i": "1187", "regex": "false"},
	{"name_s": "/usr/share/doc/libidn-devel-1.18/examples/example.c", "size_i": "2362", "regex": "false"},
	{"name_s": "/usr/share/doc/libidn-devel-1.18/examples/example2.c", "size_i": "6458", "regex": "false"},
	{"name_s": "/usr/share/doc/libidn-devel-1.18/examples/example3.c", "size_i": "2292", "regex": "false"},
	{"name_s": "/usr/share/doc/libidn-devel-1.18/examples/example4.c", "size_i": "2303", "regex": "false"},
	{"name_s": "/usr/share/doc/libidn-devel-1.18/examples/example5.c", "size_i": "3239", "regex": "false"},
	{"name_s": "/usr/share/doc/libidn-devel-1.18/libidn.html", "size_i": "283071", "regex": "false"},
	{"name_s": "/usr/share/man/man3/idn_free.3.gz", "size_i": "821", "regex": "false"},
	{"name_s": "/usr/share/man/man3/idna_strerror.3.gz", "size_i": "1266", "regex": "false"},
	{"name_s": "/usr/share/man/man3/idna_to_ascii_4i.3.gz", "size_i": "1290", "regex": "false"},
	{"name_s": "/usr/share/man/man3/idna_to_ascii_4z.3.gz", "size_i": "877", "regex": "false"},
	{"name_s": "/usr/share/man/man3/idna_to_ascii_8z.3.gz", "size_i": "869", "regex": "false"},
	{"name_s": "/usr/share/man/man3/idna_to_ascii_lz.3.gz", "size_i": "898", "regex": "false"},
	{"name_s": "/usr/share/man/man3/idna_to_unicode_44i.3.gz", "size_i": "1351", "regex": "false"},
	{"name_s": "/usr/share/man/man3/idna_to_unicode_4z4z.3.gz", "size_i": "902", "regex": "false"},
	{"name_s": "/usr/share/man/man3/idna_to_unicode_8z4z.3.gz", "size_i": "909", "regex": "false"},
	{"name_s": "/usr/share/man/man3/idna_to_unicode_8z8z.3.gz", "size_i": "895", "regex": "false"},
	{"name_s": "/usr/share/man/man3/idna_to_unicode_8zlz.3.gz", "size_i": "924", "regex": "false"},
	{"name_s": "/usr/share/man/man3/idna_to_unicode_lzlz.3.gz", "size_i": "921", "regex": "false"},
	{"name_s": "/usr/share/man/man3/pr29_4.3.gz", "size_i": "838", "regex": "false"},
	{"name_s": "/usr/share/man/man3/pr29_4z.3.gz", "size_i": "819", "regex": "false"},
	{"name_s": "/usr/share/man/man3/pr29_8z.3.gz", "size_i": "858", "regex": "false"},
	{"name_s": "/usr/share/man/man3/pr29_strerror.3.gz", "size_i": "943", "regex": "false"},
	{"name_s": "/usr/share/man/man3/punycode_decode.3.gz", "size_i": "1386", "regex": "false"},
	{"name_s": "/usr/share/man/man3/punycode_encode.3.gz", "size_i": "1466", "regex": "false"},
	{"name_s": "/usr/share/man/man3/punycode_strerror.3.gz", "size_i": "941", "regex": "false"},
	{"name_s": "/usr/share/man/man3/stringprep.3.gz", "size_i": "1144", "regex": "false"},
	{"name_s": "/usr/share/man/man3/stringprep_4i.3.gz", "size_i": "1218", "regex": "false"},
	{"name_s": "/usr/share/man/man3/stringprep_4zi.3.gz", "size_i": "1095", "regex": "false"},
	{"name_s": "/usr/share/man/man3/stringprep_check_version.3.gz", "size_i": "844", "regex": "false"},
	{"name_s": "/usr/share/man/man3/stringprep_convert.3.gz", "size_i": "793", "regex": "false"},
	{"name_s": "/usr/share/man/man3/stringprep_locale_charset.3.gz", "size_i": "1018", "regex": "false"},
	{"name_s": "/usr/share/man/man3/stringprep_locale_to_utf8.3.gz", "size_i": "745", "regex": "false"},
	{"name_s": "/usr/share/man/man3/stringprep_profile.3.gz", "size_i": "1006", "regex": "false"},
	{"name_s": "/usr/share/man/man3/stringprep_strerror.3.gz", "size_i": "1304", "regex": "false"},
	{"name_s": "/usr/share/man/man3/stringprep_ucs4_nfkc_normalize.3.gz", "size_i": "777", "regex": "false"},
	{"name_s": "/usr/share/man/man3/stringprep_ucs4_to_utf8.3.gz", "size_i": "975", "regex": "false"},
	{"name_s": "/usr/share/man/man3/stringprep_unichar_to_utf8.3.gz", "size_i": "790", "regex": "false"},
	{"name_s": "/usr/share/man/man3/stringprep_utf8_nfkc_normalize.3.gz", "size_i": "1082", "regex": "false"},
	{"name_s": "/usr/share/man/man3/stringprep_utf8_to_locale.3.gz", "size_i": "746", "regex": "false"},
	{"name_s": "/usr/share/man/man3/stringprep_utf8_to_ucs4.3.gz", "size_i": "918", "regex": "false"},
	{"name_s": "/usr/share/man/man3/stringprep_utf8_to_unichar.3.gz", "size_i": "741", "regex": "false"},
	{"name_s": "/usr/share/man/man3/tld_check_4.3.gz", "size_i": "1131", "regex": "false"},
	{"name_s": "/usr/share/man/man3/tld_check_4t.3.gz", "size_i": "995", "regex": "false"},
	{"name_s": "/usr/share/man/man3/tld_check_4tz.3.gz", "size_i": "963", "regex": "false"},
	{"name_s": "/usr/share/man/man3/tld_check_4z.3.gz", "size_i": "1098", "regex": "false"},
	{"name_s": "/usr/share/man/man3/tld_check_8z.3.gz", "size_i": "1138", "regex": "false"},
	{"name_s": "/usr/share/man/man3/tld_check_lz.3.gz", "size_i": "1151", "regex": "false"},
	{"name_s": "/usr/share/man/man3/tld_default_table.3.gz", "size_i": "891", "regex": "false"},
	{"name_s": "/usr/share/man/man3/tld_get_4.3.gz", "size_i": "839", "regex": "false"},
	{"name_s": "/usr/share/man/man3/tld_get_4z.3.gz", "size_i": "795", "regex": "false"},
	{"name_s": "/usr/share/man/man3/tld_get_table.3.gz", "size_i": "820", "regex": "false"},
	{"name_s": "/usr/share/man/man3/tld_get_z.3.gz", "size_i": "839", "regex": "false"},
	{"name_s": "/usr/share/man/man3/tld_strerror.3.gz", "size_i": "961", "regex": "false"}
]
