[
	{"name_s": "/usr/include/ieee1284.h", "size_i": "9572", "regex": "false"},
	{"name_s": "/usr/lib64/libieee1284.so", "size_i": "20", "regex": "false"},
	{"name_s": "/usr/share/man/man3/ieee1284_byte_read.3.gz", "size_i": "52", "regex": "false"},
	{"name_s": "/usr/share/man/man3/ieee1284_claim.3.gz", "size_i": "928", "regex": "false"},
	{"name_s": "/usr/share/man/man3/ieee1284_close.3.gz", "size_i": "768", "regex": "false"},
	{"name_s": "/usr/share/man/man3/ieee1284_compat_write.3.gz", "size_i": "52", "regex": "false"},
	{"name_s": "/usr/share/man/man3/ieee1284_data_dir.3.gz", "size_i": "50", "regex": "false"},
	{"name_s": "/usr/share/man/man3/ieee1284_do_nack_handshake.3.gz", "size_i": "53", "regex": "false"},
	{"name_s": "/usr/share/man/man3/ieee1284_ecp_fwd_to_rev.3.gz", "size_i": "905", "regex": "false"},
	{"name_s": "/usr/share/man/man3/ieee1284_ecp_read_addr.3.gz", "size_i": "52", "regex": "false"},
	{"name_s": "/usr/share/man/man3/ieee1284_ecp_read_data.3.gz", "size_i": "52", "regex": "false"},
	{"name_s": "/usr/share/man/man3/ieee1284_ecp_rev_to_fwd.3.gz", "size_i": "55", "regex": "false"},
	{"name_s": "/usr/share/man/man3/ieee1284_ecp_write_addr.3.gz", "size_i": "52", "regex": "false"},
	{"name_s": "/usr/share/man/man3/ieee1284_ecp_write_data.3.gz", "size_i": "52", "regex": "false"},
	{"name_s": "/usr/share/man/man3/ieee1284_epp_read_addr.3.gz", "size_i": "52", "regex": "false"},
	{"name_s": "/usr/share/man/man3/ieee1284_epp_read_data.3.gz", "size_i": "52", "regex": "false"},
	{"name_s": "/usr/share/man/man3/ieee1284_epp_write_addr.3.gz", "size_i": "52", "regex": "false"},
	{"name_s": "/usr/share/man/man3/ieee1284_epp_write_data.3.gz", "size_i": "52", "regex": "false"},
	{"name_s": "/usr/share/man/man3/ieee1284_find_ports.3.gz", "size_i": "892", "regex": "false"},
	{"name_s": "/usr/share/man/man3/ieee1284_free_ports.3.gz", "size_i": "756", "regex": "false"},
	{"name_s": "/usr/share/man/man3/ieee1284_frob_control.3.gz", "size_i": "53", "regex": "false"},
	{"name_s": "/usr/share/man/man3/ieee1284_get_deviceid.3.gz", "size_i": "1894", "regex": "false"},
	{"name_s": "/usr/share/man/man3/ieee1284_get_irq_fd.3.gz", "size_i": "1254", "regex": "false"},
	{"name_s": "/usr/share/man/man3/ieee1284_negotiate.3.gz", "size_i": "2041", "regex": "false"},
	{"name_s": "/usr/share/man/man3/ieee1284_nibble_read.3.gz", "size_i": "1997", "regex": "false"},
	{"name_s": "/usr/share/man/man3/ieee1284_open.3.gz", "size_i": "1646", "regex": "false"},
	{"name_s": "/usr/share/man/man3/ieee1284_read_control.3.gz", "size_i": "1786", "regex": "false"},
	{"name_s": "/usr/share/man/man3/ieee1284_read_data.3.gz", "size_i": "1412", "regex": "false"},
	{"name_s": "/usr/share/man/man3/ieee1284_read_status.3.gz", "size_i": "1571", "regex": "false"},
	{"name_s": "/usr/share/man/man3/ieee1284_ref.3.gz", "size_i": "901", "regex": "false"},
	{"name_s": "/usr/share/man/man3/ieee1284_release.3.gz", "size_i": "693", "regex": "false"},
	{"name_s": "/usr/share/man/man3/ieee1284_set_timeout.3.gz", "size_i": "928", "regex": "false"},
	{"name_s": "/usr/share/man/man3/ieee1284_terminate.3.gz", "size_i": "50", "regex": "false"},
	{"name_s": "/usr/share/man/man3/ieee1284_unref.3.gz", "size_i": "44", "regex": "false"},
	{"name_s": "/usr/share/man/man3/ieee1284_wait_data.3.gz", "size_i": "50", "regex": "false"},
	{"name_s": "/usr/share/man/man3/ieee1284_wait_status.3.gz", "size_i": "52", "regex": "false"},
	{"name_s": "/usr/share/man/man3/ieee1284_write_control.3.gz", "size_i": "53", "regex": "false"},
	{"name_s": "/usr/share/man/man3/ieee1284_write_data.3.gz", "size_i": "50", "regex": "false"},
	{"name_s": "/usr/share/man/man3/libieee1284.3.gz", "size_i": "2014", "regex": "false"},
	{"name_s": "/usr/share/man/man3/parport.3.gz", "size_i": "723", "regex": "false"},
	{"name_s": "/usr/share/man/man3/parport_list.3.gz", "size_i": "655", "regex": "false"}
]
