[
	{"name_s": "/lib64/libidn.so.11", "size_i": "16", "regex": "false"},
	{"name_s": "/lib64/libidn.so.11.6.1", "size_i": "206672", "regex": "false"},
	{"name_s": "/usr/bin/idn", "size_i": "32488", "regex": "false"},
	{"name_s": "/usr/share/doc/libidn-1.18", "size_i": "4096", "regex": "false"},
	{"name_s": "/usr/share/doc/libidn-1.18/AUTHORS", "size_i": "31124", "regex": "false"},
	{"name_s": "/usr/share/doc/libidn-1.18/COPYING", "size_i": "35147", "regex": "false"},
	{"name_s": "/usr/share/doc/libidn-1.18/COPYING.LIB", "size_i": "26432", "regex": "false"},
	{"name_s": "/usr/share/doc/libidn-1.18/FAQ", "size_i": "2225", "regex": "false"},
	{"name_s": "/usr/share/doc/libidn-1.18/NEWS", "size_i": "44962", "regex": "false"},
	{"name_s": "/usr/share/doc/libidn-1.18/README", "size_i": "1371", "regex": "false"},
	{"name_s": "/usr/share/doc/libidn-1.18/THANKS", "size_i": "2171", "regex": "false"},
	{"name_s": "/usr/share/emacs/site-lisp", "size_i": "4096", "regex": "false"},
	{"name_s": "/usr/share/emacs/site-lisp/idna.el", "size_i": "6498", "regex": "false"},
	{"name_s": "/usr/share/emacs/site-lisp/punycode.el", "size_i": "6300", "regex": "false"},
	{"name_s": "/usr/share/info/libidn.info.gz", "size_i": "62950", "regex": "false"},
	{"name_s": "/usr/share/locale/cs/LC_MESSAGES/libidn.mo", "size_i": "7408", "regex": "false"},
	{"name_s": "/usr/share/locale/da/LC_MESSAGES/libidn.mo", "size_i": "3810", "regex": "false"},
	{"name_s": "/usr/share/locale/de/LC_MESSAGES/libidn.mo", "size_i": "7142", "regex": "false"},
	{"name_s": "/usr/share/locale/en@boldquot/LC_MESSAGES/libidn.mo", "size_i": "8282", "regex": "false"},
	{"name_s": "/usr/share/locale/en@quot/LC_MESSAGES/libidn.mo", "size_i": "8154", "regex": "false"},
	{"name_s": "/usr/share/locale/eo/LC_MESSAGES/libidn.mo", "size_i": "6833", "regex": "false"},
	{"name_s": "/usr/share/locale/fi/LC_MESSAGES/libidn.mo", "size_i": "7487", "regex": "false"},
	{"name_s": "/usr/share/locale/fr/LC_MESSAGES/libidn.mo", "size_i": "7328", "regex": "false"},
	{"name_s": "/usr/share/locale/id/LC_MESSAGES/libidn.mo", "size_i": "6912", "regex": "false"},
	{"name_s": "/usr/share/locale/it/LC_MESSAGES/libidn.mo", "size_i": "7064", "regex": "false"},
	{"name_s": "/usr/share/locale/ja/LC_MESSAGES/libidn.mo", "size_i": "3656", "regex": "false"},
	{"name_s": "/usr/share/locale/nl/LC_MESSAGES/libidn.mo", "size_i": "7205", "regex": "false"},
	{"name_s": "/usr/share/locale/pl/LC_MESSAGES/libidn.mo", "size_i": "7168", "regex": "false"},
	{"name_s": "/usr/share/locale/ro/LC_MESSAGES/libidn.mo", "size_i": "711", "regex": "false"},
	{"name_s": "/usr/share/locale/sr/LC_MESSAGES/libidn.mo", "size_i": "4400", "regex": "false"},
	{"name_s": "/usr/share/locale/vi/LC_MESSAGES/libidn.mo", "size_i": "7696", "regex": "false"},
	{"name_s": "/usr/share/locale/zh_CN/LC_MESSAGES/libidn.mo", "size_i": "6683", "regex": "false"},
	{"name_s": "/usr/share/man/man1/idn.1.gz", "size_i": "1333", "regex": "false"}
]
