[
	{"name_s": "/usr/include/libmemcached", "size_i": "4096", "regex": "false"},
	{"name_s": "/usr/include/libmemcached/memcached.h", "size_i": "11267", "regex": "false"},
	{"name_s": "/usr/include/libmemcached/memcached.hh", "size_i": "5789", "regex": "false"},
	{"name_s": "/usr/include/libmemcached/memcached_configure.h", "size_i": "334", "regex": "false"},
	{"name_s": "/usr/include/libmemcached/memcached_constants.h", "size_i": "4302", "regex": "false"},
	{"name_s": "/usr/include/libmemcached/memcached_get.h", "size_i": "1946", "regex": "false"},
	{"name_s": "/usr/include/libmemcached/memcached_pool.h", "size_i": "967", "regex": "false"},
	{"name_s": "/usr/include/libmemcached/memcached_result.h", "size_i": "1672", "regex": "false"},
	{"name_s": "/usr/include/libmemcached/memcached_server.h", "size_i": "2831", "regex": "false"},
	{"name_s": "/usr/include/libmemcached/memcached_storage.h", "size_i": "4939", "regex": "false"},
	{"name_s": "/usr/include/libmemcached/memcached_string.h", "size_i": "1578", "regex": "false"},
	{"name_s": "/usr/include/libmemcached/memcached_types.h", "size_i": "2014", "regex": "false"},
	{"name_s": "/usr/include/libmemcached/memcached_util.h", "size_i": "327", "regex": "false"},
	{"name_s": "/usr/include/libmemcached/memcached_watchpoint.h", "size_i": "1813", "regex": "false"},
	{"name_s": "/usr/include/libmemcached/visibility.h", "size_i": "1403", "regex": "false"},
	{"name_s": "/usr/lib64/libmemcached.so", "size_i": "21", "regex": "false"},
	{"name_s": "/usr/lib64/libmemcachedutil.so", "size_i": "25", "regex": "false"},
	{"name_s": "/usr/lib64/pkgconfig/libmemcached.pc", "size_i": "196", "regex": "false"},
	{"name_s": "/usr/share/doc/libmemcached-devel-0.31", "size_i": "4096", "regex": "false"},
	{"name_s": "/usr/share/doc/libmemcached-devel-0.31/examples", "size_i": "4096", "regex": "false"},
	{"name_s": "/usr/share/doc/libmemcached-devel-0.31/examples/atomsmasher.c", "size_i": "5908", "regex": "false"},
	{"name_s": "/usr/share/doc/libmemcached-devel-0.31/examples/function.c", "size_i": "134569", "regex": "false"},
	{"name_s": "/usr/share/doc/libmemcached-devel-0.31/examples/ketama_test_cases.h", "size_i": "6050", "regex": "false"},
	{"name_s": "/usr/share/doc/libmemcached-devel-0.31/examples/plus.cpp", "size_i": "3231", "regex": "false"},
	{"name_s": "/usr/share/doc/libmemcached-devel-0.31/examples/server.c", "size_i": "3043", "regex": "false"},
	{"name_s": "/usr/share/doc/libmemcached-devel-0.31/examples/server.h", "size_i": "425", "regex": "false"},
	{"name_s": "/usr/share/doc/libmemcached-devel-0.31/examples/start.c", "size_i": "230", "regex": "false"},
	{"name_s": "/usr/share/doc/libmemcached-devel-0.31/examples/test.c", "size_i": "2960", "regex": "false"},
	{"name_s": "/usr/share/doc/libmemcached-devel-0.31/examples/test.h", "size_i": "936", "regex": "false"},
	{"name_s": "/usr/share/doc/libmemcached-devel-0.31/examples/udp.c", "size_i": "1593", "regex": "false"},
	{"name_s": "/usr/share/man/man3/libmemcached.3.gz", "size_i": "3736", "regex": "false"},
	{"name_s": "/usr/share/man/man3/libmemcached_examples.3.gz", "size_i": "2856", "regex": "false"},
	{"name_s": "/usr/share/man/man3/libmemcachedutil.3.gz", "size_i": "2185", "regex": "false"},
	{"name_s": "/usr/share/man/man3/memcached_add.3.gz", "size_i": "3713", "regex": "false"},
	{"name_s": "/usr/share/man/man3/memcached_add_by_key.3.gz", "size_i": "3713", "regex": "false"},
	{"name_s": "/usr/share/man/man3/memcached_analyze.3.gz", "size_i": "2371", "regex": "false"},
	{"name_s": "/usr/share/man/man3/memcached_append.3.gz", "size_i": "3713", "regex": "false"},
	{"name_s": "/usr/share/man/man3/memcached_append_by_key.3.gz", "size_i": "3713", "regex": "false"},
	{"name_s": "/usr/share/man/man3/memcached_behavior_get.3.gz", "size_i": "5216", "regex": "false"},
	{"name_s": "/usr/share/man/man3/memcached_behavior_set.3.gz", "size_i": "5216", "regex": "false"},
	{"name_s": "/usr/share/man/man3/memcached_callback_get.3.gz", "size_i": "3301", "regex": "false"},
	{"name_s": "/usr/share/man/man3/memcached_callback_set.3.gz", "size_i": "3301", "regex": "false"},
	{"name_s": "/usr/share/man/man3/memcached_cas.3.gz", "size_i": "3713", "regex": "false"},
	{"name_s": "/usr/share/man/man3/memcached_cas_by_key.3.gz", "size_i": "3713", "regex": "false"},
	{"name_s": "/usr/share/man/man3/memcached_clone.3.gz", "size_i": "2514", "regex": "false"},
	{"name_s": "/usr/share/man/man3/memcached_create.3.gz", "size_i": "2514", "regex": "false"},
	{"name_s": "/usr/share/man/man3/memcached_decrement.3.gz", "size_i": "2589", "regex": "false"},
	{"name_s": "/usr/share/man/man3/memcached_decrement_with_initial.3.gz", "size_i": "2589", "regex": "false"},
	{"name_s": "/usr/share/man/man3/memcached_delete.3.gz", "size_i": "2310", "regex": "false"},
	{"name_s": "/usr/share/man/man3/memcached_delete_by_key.3.gz", "size_i": "2310", "regex": "false"},
	{"name_s": "/usr/share/man/man3/memcached_dump.3.gz", "size_i": "2338", "regex": "false"},
	{"name_s": "/usr/share/man/man3/memcached_fetch.3.gz", "size_i": "3606", "regex": "false"},
	{"name_s": "/usr/share/man/man3/memcached_fetch_execute.3.gz", "size_i": "3606", "regex": "false"},
	{"name_s": "/usr/share/man/man3/memcached_fetch_result.3.gz", "size_i": "3606", "regex": "false"},
	{"name_s": "/usr/share/man/man3/memcached_flush_buffers.3.gz", "size_i": "2189", "regex": "false"},
	{"name_s": "/usr/share/man/man3/memcached_free.3.gz", "size_i": "2514", "regex": "false"},
	{"name_s": "/usr/share/man/man3/memcached_generate_hash_value.3.gz", "size_i": "2346", "regex": "false"},
	{"name_s": "/usr/share/man/man3/memcached_get.3.gz", "size_i": "3606", "regex": "false"},
	{"name_s": "/usr/share/man/man3/memcached_get_by_key.3.gz", "size_i": "3606", "regex": "false"},
	{"name_s": "/usr/share/man/man3/memcached_get_memory_allocators.3.gz", "size_i": "2544", "regex": "false"},
	{"name_s": "/usr/share/man/man3/memcached_get_user_data.3.gz", "size_i": "2109", "regex": "false"},
	{"name_s": "/usr/share/man/man3/memcached_increment.3.gz", "size_i": "2589", "regex": "false"},
	{"name_s": "/usr/share/man/man3/memcached_increment_with_initial.3.gz", "size_i": "2589", "regex": "false"},
	{"name_s": "/usr/share/man/man3/memcached_lib_version.3.gz", "size_i": "2311", "regex": "false"},
	{"name_s": "/usr/share/man/man3/memcached_mget.3.gz", "size_i": "3606", "regex": "false"},
	{"name_s": "/usr/share/man/man3/memcached_mget_by_key.3.gz", "size_i": "3606", "regex": "false"},
	{"name_s": "/usr/share/man/man3/memcached_pool_create.3.gz", "size_i": "2743", "regex": "false"},
	{"name_s": "/usr/share/man/man3/memcached_pool_destroy.3.gz", "size_i": "2743", "regex": "false"},
	{"name_s": "/usr/share/man/man3/memcached_pool_pop.3.gz", "size_i": "2743", "regex": "false"},
	{"name_s": "/usr/share/man/man3/memcached_pool_push.3.gz", "size_i": "2743", "regex": "false"},
	{"name_s": "/usr/share/man/man3/memcached_prepend.3.gz", "size_i": "3713", "regex": "false"},
	{"name_s": "/usr/share/man/man3/memcached_prepend_by_key.3.gz", "size_i": "3713", "regex": "false"},
	{"name_s": "/usr/share/man/man3/memcached_quit.3.gz", "size_i": "2319", "regex": "false"},
	{"name_s": "/usr/share/man/man3/memcached_replace.3.gz", "size_i": "3713", "regex": "false"},
	{"name_s": "/usr/share/man/man3/memcached_replace_by_key.3.gz", "size_i": "3713", "regex": "false"},
	{"name_s": "/usr/share/man/man3/memcached_server_add.3.gz", "size_i": "2882", "regex": "false"},
	{"name_s": "/usr/share/man/man3/memcached_server_count.3.gz", "size_i": "2882", "regex": "false"},
	{"name_s": "/usr/share/man/man3/memcached_server_list.3.gz", "size_i": "2882", "regex": "false"},
	{"name_s": "/usr/share/man/man3/memcached_server_list_append.3.gz", "size_i": "2502", "regex": "false"},
	{"name_s": "/usr/share/man/man3/memcached_server_list_count.3.gz", "size_i": "2502", "regex": "false"},
	{"name_s": "/usr/share/man/man3/memcached_server_list_free.3.gz", "size_i": "2502", "regex": "false"},
	{"name_s": "/usr/share/man/man3/memcached_server_push.3.gz", "size_i": "2882", "regex": "false"},
	{"name_s": "/usr/share/man/man3/memcached_servers_parse.3.gz", "size_i": "2502", "regex": "false"},
	{"name_s": "/usr/share/man/man3/memcached_set.3.gz", "size_i": "3713", "regex": "false"},
	{"name_s": "/usr/share/man/man3/memcached_set_by_key.3.gz", "size_i": "3713", "regex": "false"},
	{"name_s": "/usr/share/man/man3/memcached_set_memory_allocators.3.gz", "size_i": "2544", "regex": "false"},
	{"name_s": "/usr/share/man/man3/memcached_set_user_data.3.gz", "size_i": "2109", "regex": "false"},
	{"name_s": "/usr/share/man/man3/memcached_stat.3.gz", "size_i": "2804", "regex": "false"},
	{"name_s": "/usr/share/man/man3/memcached_stat_get_keys.3.gz", "size_i": "2804", "regex": "false"},
	{"name_s": "/usr/share/man/man3/memcached_stat_get_value.3.gz", "size_i": "2804", "regex": "false"},
	{"name_s": "/usr/share/man/man3/memcached_stat_servername.3.gz", "size_i": "2804", "regex": "false"},
	{"name_s": "/usr/share/man/man3/memcached_strerror.3.gz", "size_i": "2156", "regex": "false"},
	{"name_s": "/usr/share/man/man3/memcached_verbosity.3.gz", "size_i": "2131", "regex": "false"},
	{"name_s": "/usr/share/man/man3/memcached_version.3.gz", "size_i": "2311", "regex": "false"}
]
