[
	{"name_s": "/usr/include/libpanelappletmm-2.6", "size_i": "4096", "regex": "false"},
	{"name_s": "/usr/include/libpanelappletmm-2.6/libpanelappletmm", "size_i": "4096", "regex": "false"},
	{"name_s": "/usr/include/libpanelappletmm-2.6/libpanelappletmm.h", "size_i": "1354", "regex": "false"},
	{"name_s": "/usr/include/libpanelappletmm-2.6/libpanelappletmm/applet.h", "size_i": "24890", "regex": "false"},
	{"name_s": "/usr/include/libpanelappletmm-2.6/libpanelappletmm/enums.h", "size_i": "3523", "regex": "false"},
	{"name_s": "/usr/include/libpanelappletmm-2.6/libpanelappletmm/factory.h", "size_i": "3560", "regex": "false"},
	{"name_s": "/usr/include/libpanelappletmm-2.6/libpanelappletmm/init.h", "size_i": "1115", "regex": "false"},
	{"name_s": "/usr/include/libpanelappletmm-2.6/libpanelappletmm/private", "size_i": "4096", "regex": "false"},
	{"name_s": "/usr/include/libpanelappletmm-2.6/libpanelappletmm/private.h", "size_i": "1000", "regex": "false"},
	{"name_s": "/usr/include/libpanelappletmm-2.6/libpanelappletmm/private/applet_p.h", "size_i": "1604", "regex": "false"},
	{"name_s": "/usr/include/libpanelappletmm-2.6/libpanelappletmm/private/enums_p.h", "size_i": "175", "regex": "false"},
	{"name_s": "/usr/include/libpanelappletmm-2.6/libpanelappletmm/wrap_init.h", "size_i": "1084", "regex": "false"},
	{"name_s": "/usr/lib64/libpanelappletmm-2.6", "size_i": "4096", "regex": "false"},
	{"name_s": "/usr/lib64/libpanelappletmm-2.6.so", "size_i": "29", "regex": "false"},
	{"name_s": "/usr/lib64/libpanelappletmm-2.6/include", "size_i": "4096", "regex": "false"},
	{"name_s": "/usr/lib64/libpanelappletmm-2.6/include/libpanelappletmmconfig.h", "size_i": "435", "regex": "false"},
	{"name_s": "/usr/lib64/libpanelappletmm-2.6/proc", "size_i": "4096", "regex": "false"},
	{"name_s": "/usr/lib64/libpanelappletmm-2.6/proc/m4", "size_i": "4096", "regex": "false"},
	{"name_s": "/usr/lib64/libpanelappletmm-2.6/proc/m4/convert.m4", "size_i": "124", "regex": "false"},
	{"name_s": "/usr/lib64/libpanelappletmm-2.6/proc/m4/convert_libpanelappletmm.m4", "size_i": "3496", "regex": "false"},
	{"name_s": "/usr/lib64/pkgconfig/libpanelappletmm-2.6.pc", "size_i": "358", "regex": "false"},
	{"name_s": "/usr/share/doc/libpanelappletmm-devel-2.26.0", "size_i": "4096", "regex": "false"},
	{"name_s": "/usr/share/doc/libpanelappletmm-devel-2.26.0/ChangeLog", "size_i": "8655", "regex": "false"},
	{"name_s": "/usr/share/doc/libpanelappletmm-devel-2.26.0/html", "size_i": "4096", "regex": "false"},
	{"name_s": "/usr/share/doc/libpanelappletmm-devel-2.26.0/html/annotated.html", "size_i": "1918", "regex": "false"},
	{"name_s": "/usr/share/doc/libpanelappletmm-devel-2.26.0/html/applet_8h.html", "size_i": "2852", "regex": "false"},
	{"name_s": "/usr/share/doc/libpanelappletmm-devel-2.26.0/html/applet_8h_source.html", "size_i": "51152", "regex": "false"},
	{"name_s": "/usr/share/doc/libpanelappletmm-devel-2.26.0/html/classGnome_1_1Panel_1_1Applet-members.html", "size_i": "15204", "regex": "false"},
	{"name_s": "/usr/share/doc/libpanelappletmm-devel-2.26.0/html/classGnome_1_1Panel_1_1Applet.html", "size_i": "57154", "regex": "false"},
	{"name_s": "/usr/share/doc/libpanelappletmm-devel-2.26.0/html/classGnome_1_1Panel_1_1Applet__inherit__graph.map", "size_i": "145", "regex": "false"},
	{"name_s": "/usr/share/doc/libpanelappletmm-devel-2.26.0/html/classGnome_1_1Panel_1_1Applet__inherit__graph.md5", "size_i": "32", "regex": "false"},
	{"name_s": "/usr/share/doc/libpanelappletmm-devel-2.26.0/html/classGnome_1_1Panel_1_1Applet__inherit__graph.png", "size_i": "4022", "regex": "false"},
	{"name_s": "/usr/share/doc/libpanelappletmm-devel-2.26.0/html/classGtk_1_1EventBox.html", "size_i": "2344", "regex": "false"},
	{"name_s": "/usr/share/doc/libpanelappletmm-devel-2.26.0/html/classGtk_1_1EventBox__inherit__graph.map", "size_i": "162", "regex": "false"},
	{"name_s": "/usr/share/doc/libpanelappletmm-devel-2.26.0/html/classGtk_1_1EventBox__inherit__graph.md5", "size_i": "32", "regex": "false"},
	{"name_s": "/usr/share/doc/libpanelappletmm-devel-2.26.0/html/classGtk_1_1EventBox__inherit__graph.png", "size_i": "3540", "regex": "false"},
	{"name_s": "/usr/share/doc/libpanelappletmm-devel-2.26.0/html/classes.html", "size_i": "2461", "regex": "false"},
	{"name_s": "/usr/share/doc/libpanelappletmm-devel-2.26.0/html/doxygen.css", "size_i": "6619", "regex": "false"},
	{"name_s": "/usr/share/doc/libpanelappletmm-devel-2.26.0/html/doxygen.png", "size_i": "1281", "regex": "false"},
	{"name_s": "/usr/share/doc/libpanelappletmm-devel-2.26.0/html/enums_8h.html", "size_i": "6653", "regex": "false"},
	{"name_s": "/usr/share/doc/libpanelappletmm-devel-2.26.0/html/enums_8h_source.html", "size_i": "15677", "regex": "false"},
	{"name_s": "/usr/share/doc/libpanelappletmm-devel-2.26.0/html/factory_8h.html", "size_i": "4546", "regex": "false"},
	{"name_s": "/usr/share/doc/libpanelappletmm-devel-2.26.0/html/factory_8h_source.html", "size_i": "12160", "regex": "false"},
	{"name_s": "/usr/share/doc/libpanelappletmm-devel-2.26.0/html/files.html", "size_i": "2413", "regex": "false"},
	{"name_s": "/usr/share/doc/libpanelappletmm-devel-2.26.0/html/functions.html", "size_i": "7477", "regex": "false"},
	{"name_s": "/usr/share/doc/libpanelappletmm-devel-2.26.0/html/functions_func.html", "size_i": "7418", "regex": "false"},
	{"name_s": "/usr/share/doc/libpanelappletmm-devel-2.26.0/html/globals.html", "size_i": "1761", "regex": "false"},
	{"name_s": "/usr/share/doc/libpanelappletmm-devel-2.26.0/html/globals_vars.html", "size_i": "1693", "regex": "false"},
	{"name_s": "/usr/share/doc/libpanelappletmm-devel-2.26.0/html/graph_legend.dot", "size_i": "2206", "regex": "false"},
	{"name_s": "/usr/share/doc/libpanelappletmm-devel-2.26.0/html/graph_legend.html", "size_i": "4654", "regex": "false"},
	{"name_s": "/usr/share/doc/libpanelappletmm-devel-2.26.0/html/graph_legend.png", "size_i": "21094", "regex": "false"},
	{"name_s": "/usr/share/doc/libpanelappletmm-devel-2.26.0/html/group__libpanelappletmmEnums.html", "size_i": "15634", "regex": "false"},
	{"name_s": "/usr/share/doc/libpanelappletmm-devel-2.26.0/html/hierarchy.html", "size_i": "1895", "regex": "false"},
	{"name_s": "/usr/share/doc/libpanelappletmm-devel-2.26.0/html/index.html", "size_i": "1224", "regex": "false"},
	{"name_s": "/usr/share/doc/libpanelappletmm-devel-2.26.0/html/inherit__graph__0.map", "size_i": "271", "regex": "false"},
	{"name_s": "/usr/share/doc/libpanelappletmm-devel-2.26.0/html/inherit__graph__0.md5", "size_i": "32", "regex": "false"},
	{"name_s": "/usr/share/doc/libpanelappletmm-devel-2.26.0/html/inherit__graph__0.png", "size_i": "2816", "regex": "false"},
	{"name_s": "/usr/share/doc/libpanelappletmm-devel-2.26.0/html/inherits.html", "size_i": "2094", "regex": "false"},
	{"name_s": "/usr/share/doc/libpanelappletmm-devel-2.26.0/html/init_8h.html", "size_i": "2377", "regex": "false"},
	{"name_s": "/usr/share/doc/libpanelappletmm-devel-2.26.0/html/init_8h_source.html", "size_i": "4836", "regex": "false"},
	{"name_s": "/usr/share/doc/libpanelappletmm-devel-2.26.0/html/modules.html", "size_i": "1313", "regex": "false"},
	{"name_s": "/usr/share/doc/libpanelappletmm-devel-2.26.0/html/namespaceGlib.html", "size_i": "1491", "regex": "false"},
	{"name_s": "/usr/share/doc/libpanelappletmm-devel-2.26.0/html/namespaceGnome.html", "size_i": "1730", "regex": "false"},
	{"name_s": "/usr/share/doc/libpanelappletmm-devel-2.26.0/html/namespaceGnome_1_1Panel.html", "size_i": "19683", "regex": "false"},
	{"name_s": "/usr/share/doc/libpanelappletmm-devel-2.26.0/html/namespacemembers.html", "size_i": "6044", "regex": "false"},
	{"name_s": "/usr/share/doc/libpanelappletmm-devel-2.26.0/html/namespacemembers_enum.html", "size_i": "2269", "regex": "false"},
	{"name_s": "/usr/share/doc/libpanelappletmm-devel-2.26.0/html/namespacemembers_eval.html", "size_i": "3727", "regex": "false"},
	{"name_s": "/usr/share/doc/libpanelappletmm-devel-2.26.0/html/namespacemembers_func.html", "size_i": "3575", "regex": "false"},
	{"name_s": "/usr/share/doc/libpanelappletmm-devel-2.26.0/html/namespacemembers_type.html", "size_i": "1997", "regex": "false"},
	{"name_s": "/usr/share/doc/libpanelappletmm-devel-2.26.0/html/namespaces.html", "size_i": "1864", "regex": "false"},
	{"name_s": "/usr/share/doc/libpanelappletmm-devel-2.26.0/html/private_8h.html", "size_i": "2014", "regex": "false"},
	{"name_s": "/usr/share/doc/libpanelappletmm-devel-2.26.0/html/private_8h_source.html", "size_i": "4273", "regex": "false"},
	{"name_s": "/usr/share/doc/libpanelappletmm-devel-2.26.0/html/tab_b.gif", "size_i": "35", "regex": "false"},
	{"name_s": "/usr/share/doc/libpanelappletmm-devel-2.26.0/html/tab_l.gif", "size_i": "706", "regex": "false"},
	{"name_s": "/usr/share/doc/libpanelappletmm-devel-2.26.0/html/tab_r.gif", "size_i": "2585", "regex": "false"},
	{"name_s": "/usr/share/doc/libpanelappletmm-devel-2.26.0/html/tabs.css", "size_i": "1844", "regex": "false"},
	{"name_s": "/usr/share/doc/libpanelappletmm-devel-2.26.0/html/wrap__init_8h.html", "size_i": "2262", "regex": "false"},
	{"name_s": "/usr/share/doc/libpanelappletmm-devel-2.26.0/html/wrap__init_8h_source.html", "size_i": "4532", "regex": "false"}
]
