[
	{"name_s": "/etc/libpaper.d", "size_i": "4096", "regex": "false"},
	{"name_s": "/etc/papersize", "size_i": "68", "regex": "false"},
	{"name_s": "/usr/bin/paperconf", "size_i": "7412", "regex": "false"},
	{"name_s": "/usr/lib/libpaper.so.1", "size_i": "17", "regex": "false"},
	{"name_s": "/usr/lib/libpaper.so.1.1.2", "size_i": "9440", "regex": "false"},
	{"name_s": "/usr/sbin/paperconfig", "size_i": "4171", "regex": "false"},
	{"name_s": "/usr/share/doc/libpaper-1.1.23", "size_i": "4096", "regex": "false"},
	{"name_s": "/usr/share/doc/libpaper-1.1.23/COPYING", "size_i": "18087", "regex": "false"},
	{"name_s": "/usr/share/doc/libpaper-1.1.23/ChangeLog", "size_i": "1111", "regex": "false"},
	{"name_s": "/usr/share/doc/libpaper-1.1.23/README", "size_i": "1517", "regex": "false"},
	{"name_s": "/usr/share/locale/cs/LC_MESSAGES/libpaper.mo", "size_i": "2239", "regex": "false"},
	{"name_s": "/usr/share/locale/da/LC_MESSAGES/libpaper.mo", "size_i": "1839", "regex": "false"},
	{"name_s": "/usr/share/locale/de/LC_MESSAGES/libpaper.mo", "size_i": "2329", "regex": "false"},
	{"name_s": "/usr/share/locale/es/LC_MESSAGES/libpaper.mo", "size_i": "2341", "regex": "false"},
	{"name_s": "/usr/share/locale/fr/LC_MESSAGES/libpaper.mo", "size_i": "2285", "regex": "false"},
	{"name_s": "/usr/share/locale/gl/LC_MESSAGES/libpaper.mo", "size_i": "2251", "regex": "false"},
	{"name_s": "/usr/share/locale/hu/LC_MESSAGES/libpaper.mo", "size_i": "869", "regex": "false"},
	{"name_s": "/usr/share/locale/it/LC_MESSAGES/libpaper.mo", "size_i": "2241", "regex": "false"},
	{"name_s": "/usr/share/locale/ja/LC_MESSAGES/libpaper.mo", "size_i": "2454", "regex": "false"},
	{"name_s": "/usr/share/locale/nl/LC_MESSAGES/libpaper.mo", "size_i": "2732", "regex": "false"},
	{"name_s": "/usr/share/locale/pt_BR/LC_MESSAGES/libpaper.mo", "size_i": "2369", "regex": "false"},
	{"name_s": "/usr/share/locale/sv/LC_MESSAGES/libpaper.mo", "size_i": "2334", "regex": "false"},
	{"name_s": "/usr/share/locale/tr/LC_MESSAGES/libpaper.mo", "size_i": "449", "regex": "false"},
	{"name_s": "/usr/share/locale/uk/LC_MESSAGES/libpaper.mo", "size_i": "542", "regex": "false"},
	{"name_s": "/usr/share/locale/vi/LC_MESSAGES/libpaper.mo", "size_i": "2424", "regex": "false"},
	{"name_s": "/usr/share/man/man1/paperconf.1.gz", "size_i": "919", "regex": "false"},
	{"name_s": "/usr/share/man/man5/papersize.5.gz", "size_i": "890", "regex": "false"},
	{"name_s": "/usr/share/man/man8/paperconfig.8.gz", "size_i": "779", "regex": "false"}
]
