[
	{"name_s": "/usr/lib64/libreoffice/program/resource/abpkn.res", "size_i": "9944", "regex": "false"},
	{"name_s": "/usr/lib64/libreoffice/program/resource/acckn.res", "size_i": "452", "regex": "false"},
	{"name_s": "/usr/lib64/libreoffice/program/resource/analysiskn.res", "size_i": "55122", "regex": "false"},
	{"name_s": "/usr/lib64/libreoffice/program/resource/avmediakn.res", "size_i": "1910", "regex": "false"},
	{"name_s": "/usr/lib64/libreoffice/program/resource/basctlkn.res", "size_i": "26680", "regex": "false"},
	{"name_s": "/usr/lib64/libreoffice/program/resource/bibkn.res", "size_i": "12936", "regex": "false"},
	{"name_s": "/usr/lib64/libreoffice/program/resource/chartcontrollerkn.res", "size_i": "70190", "regex": "false"},
	{"name_s": "/usr/lib64/libreoffice/program/resource/cnrkn.res", "size_i": "25258", "regex": "false"},
	{"name_s": "/usr/lib64/libreoffice/program/resource/cuikn.res", "size_i": "307296", "regex": "false"},
	{"name_s": "/usr/lib64/libreoffice/program/resource/datekn.res", "size_i": "4622", "regex": "false"},
	{"name_s": "/usr/lib64/libreoffice/program/resource/dbakn.res", "size_i": "11872", "regex": "false"},
	{"name_s": "/usr/lib64/libreoffice/program/resource/dbmmkn.res", "size_i": "8828", "regex": "false"},
	{"name_s": "/usr/lib64/libreoffice/program/resource/dbpkn.res", "size_i": "12448", "regex": "false"},
	{"name_s": "/usr/lib64/libreoffice/program/resource/dbukn.res", "size_i": "136464", "regex": "false"},
	{"name_s": "/usr/lib64/libreoffice/program/resource/dbwkn.res", "size_i": "80086", "regex": "false"},
	{"name_s": "/usr/lib64/libreoffice/program/resource/deploymentguikn.res", "size_i": "22308", "regex": "false"},
	{"name_s": "/usr/lib64/libreoffice/program/resource/deploymentkn.res", "size_i": "5226", "regex": "false"},
	{"name_s": "/usr/lib64/libreoffice/program/resource/dktkn.res", "size_i": "7240", "regex": "false"},
	{"name_s": "/usr/lib64/libreoffice/program/resource/editengkn.res", "size_i": "22150", "regex": "false"},
	{"name_s": "/usr/lib64/libreoffice/program/resource/epskn.res", "size_i": "362", "regex": "false"},
	{"name_s": "/usr/lib64/libreoffice/program/resource/eurkn.res", "size_i": "9302", "regex": "false"},
	{"name_s": "/usr/lib64/libreoffice/program/resource/forkn.res", "size_i": "23022", "regex": "false"},
	{"name_s": "/usr/lib64/libreoffice/program/resource/foruikn.res", "size_i": "7700", "regex": "false"},
	{"name_s": "/usr/lib64/libreoffice/program/resource/fps_officekn.res", "size_i": "5796", "regex": "false"},
	{"name_s": "/usr/lib64/libreoffice/program/resource/frmkn.res", "size_i": "7478", "regex": "false"},
	{"name_s": "/usr/lib64/libreoffice/program/resource/fwekn.res", "size_i": "7750", "regex": "false"},
	{"name_s": "/usr/lib64/libreoffice/program/resource/galkn.res", "size_i": "14760", "regex": "false"},
	{"name_s": "/usr/lib64/libreoffice/program/resource/impkn.res", "size_i": "10150", "regex": "false"},
	{"name_s": "/usr/lib64/libreoffice/program/resource/ofakn.res", "size_i": "18976", "regex": "false"},
	{"name_s": "/usr/lib64/libreoffice/program/resource/pcrkn.res", "size_i": "30078", "regex": "false"},
	{"name_s": "/usr/lib64/libreoffice/program/resource/pdffilterkn.res", "size_i": "20630", "regex": "false"},
	{"name_s": "/usr/lib64/libreoffice/program/resource/pricingkn.res", "size_i": "9520", "regex": "false"},
	{"name_s": "/usr/lib64/libreoffice/program/resource/rptkn.res", "size_i": "1454", "regex": "false"},
	{"name_s": "/usr/lib64/libreoffice/program/resource/rptuikn.res", "size_i": "31310", "regex": "false"},
	{"name_s": "/usr/lib64/libreoffice/program/resource/sbkn.res", "size_i": "14590", "regex": "false"},
	{"name_s": "/usr/lib64/libreoffice/program/resource/sckn.res", "size_i": "462226", "regex": "false"},
	{"name_s": "/usr/lib64/libreoffice/program/resource/scnkn.res", "size_i": "5136", "regex": "false"},
	{"name_s": "/usr/lib64/libreoffice/program/resource/sdbclkn.res", "size_i": "3998", "regex": "false"},
	{"name_s": "/usr/lib64/libreoffice/program/resource/sdberrkn.res", "size_i": "1570", "regex": "false"},
	{"name_s": "/usr/lib64/libreoffice/program/resource/sdbtkn.res", "size_i": "1226", "regex": "false"},
	{"name_s": "/usr/lib64/libreoffice/program/resource/sdkn.res", "size_i": "278122", "regex": "false"},
	{"name_s": "/usr/lib64/libreoffice/program/resource/sfxkn.res", "size_i": "83606", "regex": "false"},
	{"name_s": "/usr/lib64/libreoffice/program/resource/smkn.res", "size_i": "73788", "regex": "false"},
	{"name_s": "/usr/lib64/libreoffice/program/resource/solverkn.res", "size_i": "1264", "regex": "false"},
	{"name_s": "/usr/lib64/libreoffice/program/resource/spakn.res", "size_i": "29460", "regex": "false"},
	{"name_s": "/usr/lib64/libreoffice/program/resource/svlkn.res", "size_i": "5066", "regex": "false"},
	{"name_s": "/usr/lib64/libreoffice/program/resource/svtkn.res", "size_i": "59056", "regex": "false"},
	{"name_s": "/usr/lib64/libreoffice/program/resource/svxkn.res", "size_i": "235668", "regex": "false"},
	{"name_s": "/usr/lib64/libreoffice/program/resource/swkn.res", "size_i": "378464", "regex": "false"},
	{"name_s": "/usr/lib64/libreoffice/program/resource/t602filterkn.res", "size_i": "794", "regex": "false"},
	{"name_s": "/usr/lib64/libreoffice/program/resource/textconversiondlgskn.res", "size_i": "3736", "regex": "false"},
	{"name_s": "/usr/lib64/libreoffice/program/resource/tkkn.res", "size_i": "1428", "regex": "false"},
	{"name_s": "/usr/lib64/libreoffice/program/resource/tplkn.res", "size_i": "6290", "regex": "false"},
	{"name_s": "/usr/lib64/libreoffice/program/resource/updkn.res", "size_i": "7122", "regex": "false"},
	{"name_s": "/usr/lib64/libreoffice/program/resource/uuikn.res", "size_i": "36244", "regex": "false"},
	{"name_s": "/usr/lib64/libreoffice/program/resource/vclkn.res", "size_i": "15268", "regex": "false"},
	{"name_s": "/usr/lib64/libreoffice/program/resource/wzikn.res", "size_i": "1318", "regex": "false"},
	{"name_s": "/usr/lib64/libreoffice/program/resource/xmlseckn.res", "size_i": "14086", "regex": "false"},
	{"name_s": "/usr/lib64/libreoffice/program/resource/xsltdlgkn.res", "size_i": "6320", "regex": "false"},
	{"name_s": "/usr/lib64/libreoffice/share/config/soffice.cfg/cui/ui/res/kn", "size_i": "4096", "regex": "false"},
	{"name_s": "/usr/lib64/libreoffice/share/config/soffice.cfg/cui/ui/res/kn/charnamepage", "size_i": "1230", "regex": "false"},
	{"name_s": "/usr/lib64/libreoffice/share/config/soffice.cfg/cui/ui/res/kn/effectspage", "size_i": "3532", "regex": "false"},
	{"name_s": "/usr/lib64/libreoffice/share/config/soffice.cfg/cui/ui/res/kn/hyphenate", "size_i": "364", "regex": "false"},
	{"name_s": "/usr/lib64/libreoffice/share/config/soffice.cfg/cui/ui/res/kn/insertfloatingframe", "size_i": "967", "regex": "false"},
	{"name_s": "/usr/lib64/libreoffice/share/config/soffice.cfg/cui/ui/res/kn/insertoleobject", "size_i": "537", "regex": "false"},
	{"name_s": "/usr/lib64/libreoffice/share/config/soffice.cfg/cui/ui/res/kn/insertplugin", "size_i": "311", "regex": "false"},
	{"name_s": "/usr/lib64/libreoffice/share/config/soffice.cfg/cui/ui/res/kn/insertrowcolumn", "size_i": "400", "regex": "false"},
	{"name_s": "/usr/lib64/libreoffice/share/config/soffice.cfg/cui/ui/res/kn/macroselectordialog", "size_i": "1278", "regex": "false"},
	{"name_s": "/usr/lib64/libreoffice/share/config/soffice.cfg/cui/ui/res/kn/personalization_tab", "size_i": "1172", "regex": "false"},
	{"name_s": "/usr/lib64/libreoffice/share/config/soffice.cfg/cui/ui/res/kn/positionpage", "size_i": "1427", "regex": "false"},
	{"name_s": "/usr/lib64/libreoffice/share/config/soffice.cfg/cui/ui/res/kn/scriptorganizer", "size_i": "427", "regex": "false"},
	{"name_s": "/usr/lib64/libreoffice/share/config/soffice.cfg/cui/ui/res/kn/select_persona_dialog", "size_i": "1048", "regex": "false"},
	{"name_s": "/usr/lib64/libreoffice/share/config/soffice.cfg/cui/ui/res/kn/specialcharacters", "size_i": "294", "regex": "false"},
	{"name_s": "/usr/lib64/libreoffice/share/config/soffice.cfg/cui/ui/res/kn/thesaurus", "size_i": "426", "regex": "false"},
	{"name_s": "/usr/lib64/libreoffice/share/config/soffice.cfg/cui/ui/res/kn/twolinespage", "size_i": "969", "regex": "false"},
	{"name_s": "/usr/lib64/libreoffice/share/config/soffice.cfg/cui/ui/res/kn/zoomdialog", "size_i": "874", "regex": "false"},
	{"name_s": "/usr/lib64/libreoffice/share/config/soffice.cfg/desktop/ui/res/kn", "size_i": "4096", "regex": "false"},
	{"name_s": "/usr/lib64/libreoffice/share/config/soffice.cfg/desktop/ui/res/kn/extensionmanager", "size_i": "789", "regex": "false"},
	{"name_s": "/usr/lib64/libreoffice/share/config/soffice.cfg/filter/ui/res/kn", "size_i": "4096", "regex": "false"},
	{"name_s": "/usr/lib64/libreoffice/share/config/soffice.cfg/filter/ui/res/kn/testxmlfilter", "size_i": "987", "regex": "false"},
	{"name_s": "/usr/lib64/libreoffice/share/config/soffice.cfg/filter/ui/res/kn/xmlfiltersettings", "size_i": "550", "regex": "false"},
	{"name_s": "/usr/lib64/libreoffice/share/config/soffice.cfg/modules/BasicIDE/ui/res/kn", "size_i": "4096", "regex": "false"},
	{"name_s": "/usr/lib64/libreoffice/share/config/soffice.cfg/modules/BasicIDE/ui/res/kn/basicmacrodialog", "size_i": "846", "regex": "false"},
	{"name_s": "/usr/lib64/libreoffice/share/config/soffice.cfg/modules/scalc/ui/res/kn", "size_i": "4096", "regex": "false"},
	{"name_s": "/usr/lib64/libreoffice/share/config/soffice.cfg/modules/scalc/ui/res/kn/printeroptions", "size_i": "239", "regex": "false"},
	{"name_s": "/usr/lib64/libreoffice/share/config/soffice.cfg/modules/scalc/ui/res/kn/sortcriteriapage", "size_i": "47", "regex": "false"},
	{"name_s": "/usr/lib64/libreoffice/share/config/soffice.cfg/modules/scalc/ui/res/kn/sortkey", "size_i": "230", "regex": "false"},
	{"name_s": "/usr/lib64/libreoffice/share/config/soffice.cfg/modules/scalc/ui/res/kn/sortoptionspage", "size_i": "1133", "regex": "false"},
	{"name_s": "/usr/lib64/libreoffice/share/config/soffice.cfg/modules/scalc/ui/res/kn/textimportoptions", "size_i": "559", "regex": "false"},
	{"name_s": "/usr/lib64/libreoffice/share/config/soffice.cfg/modules/sdraw/ui/res/kn", "size_i": "4096", "regex": "false"},
	{"name_s": "/usr/lib64/libreoffice/share/config/soffice.cfg/modules/sdraw/ui/res/kn/printeroptions", "size_i": "1001", "regex": "false"},
	{"name_s": "/usr/lib64/libreoffice/share/config/soffice.cfg/modules/simpress/ui/res/kn", "size_i": "4096", "regex": "false"},
	{"name_s": "/usr/lib64/libreoffice/share/config/soffice.cfg/modules/simpress/ui/res/kn/printeroptions", "size_i": "1103", "regex": "false"},
	{"name_s": "/usr/lib64/libreoffice/share/config/soffice.cfg/modules/smath/ui/res/kn", "size_i": "4096", "regex": "false"},
	{"name_s": "/usr/lib64/libreoffice/share/config/soffice.cfg/modules/smath/ui/res/kn/printeroptions", "size_i": "522", "regex": "false"},
	{"name_s": "/usr/lib64/libreoffice/share/config/soffice.cfg/modules/swriter/ui/res/kn", "size_i": "4096", "regex": "false"},
	{"name_s": "/usr/lib64/libreoffice/share/config/soffice.cfg/modules/swriter/ui/res/kn/autoformattable", "size_i": "589", "regex": "false"},
	{"name_s": "/usr/lib64/libreoffice/share/config/soffice.cfg/modules/swriter/ui/res/kn/bibliographyentry", "size_i": "685", "regex": "false"},
	{"name_s": "/usr/lib64/libreoffice/share/config/soffice.cfg/modules/swriter/ui/res/kn/charurlpage", "size_i": "708", "regex": "false"},
	{"name_s": "/usr/lib64/libreoffice/share/config/soffice.cfg/modules/swriter/ui/res/kn/columnwidth", "size_i": "254", "regex": "false"},
	{"name_s": "/usr/lib64/libreoffice/share/config/soffice.cfg/modules/swriter/ui/res/kn/converttexttable", "size_i": "1225", "regex": "false"},
	{"name_s": "/usr/lib64/libreoffice/share/config/soffice.cfg/modules/swriter/ui/res/kn/endnotepage", "size_i": "762", "regex": "false"},
	{"name_s": "/usr/lib64/libreoffice/share/config/soffice.cfg/modules/swriter/ui/res/kn/footnotepage", "size_i": "1386", "regex": "false"},
	{"name_s": "/usr/lib64/libreoffice/share/config/soffice.cfg/modules/swriter/ui/res/kn/indexentry", "size_i": "1215", "regex": "false"},
	{"name_s": "/usr/lib64/libreoffice/share/config/soffice.cfg/modules/swriter/ui/res/kn/insertbookmark", "size_i": "182", "regex": "false"},
	{"name_s": "/usr/lib64/libreoffice/share/config/soffice.cfg/modules/swriter/ui/res/kn/insertbreak", "size_i": "523", "regex": "false"},
	{"name_s": "/usr/lib64/libreoffice/share/config/soffice.cfg/modules/swriter/ui/res/kn/insertfootnote", "size_i": "576", "regex": "false"},
	{"name_s": "/usr/lib64/libreoffice/share/config/soffice.cfg/modules/swriter/ui/res/kn/insertscript", "size_i": "426", "regex": "false"},
	{"name_s": "/usr/lib64/libreoffice/share/config/soffice.cfg/modules/swriter/ui/res/kn/inserttable", "size_i": "1028", "regex": "false"},
	{"name_s": "/usr/lib64/libreoffice/share/config/soffice.cfg/modules/swriter/ui/res/kn/linenumbering", "size_i": "1333", "regex": "false"},
	{"name_s": "/usr/lib64/libreoffice/share/config/soffice.cfg/modules/swriter/ui/res/kn/outlinenumberingpage", "size_i": "652", "regex": "false"},
	{"name_s": "/usr/lib64/libreoffice/share/config/soffice.cfg/modules/swriter/ui/res/kn/outlinepositionpage", "size_i": "1421", "regex": "false"},
	{"name_s": "/usr/lib64/libreoffice/share/config/soffice.cfg/modules/swriter/ui/res/kn/printeroptions", "size_i": "938", "regex": "false"},
	{"name_s": "/usr/lib64/libreoffice/share/config/soffice.cfg/modules/swriter/ui/res/kn/sortdialog", "size_i": "1314", "regex": "false"},
	{"name_s": "/usr/lib64/libreoffice/share/config/soffice.cfg/modules/swriter/ui/res/kn/splittable", "size_i": "628", "regex": "false"},
	{"name_s": "/usr/lib64/libreoffice/share/config/soffice.cfg/modules/swriter/ui/res/kn/stringinput", "size_i": "90", "regex": "false"},
	{"name_s": "/usr/lib64/libreoffice/share/config/soffice.cfg/modules/swriter/ui/res/kn/titlepage", "size_i": "1670", "regex": "false"},
	{"name_s": "/usr/lib64/libreoffice/share/config/soffice.cfg/modules/swriter/ui/res/kn/wordcount", "size_i": "651", "regex": "false"},
	{"name_s": "/usr/lib64/libreoffice/share/config/soffice.cfg/sfx/ui/res/kn", "size_i": "4096", "regex": "false"},
	{"name_s": "/usr/lib64/libreoffice/share/config/soffice.cfg/sfx/ui/res/kn/checkin", "size_i": "265", "regex": "false"},
	{"name_s": "/usr/lib64/libreoffice/share/config/soffice.cfg/sfx/ui/res/kn/password", "size_i": "541", "regex": "false"},
	{"name_s": "/usr/lib64/libreoffice/share/config/soffice.cfg/svt/ui/res/kn", "size_i": "4096", "regex": "false"},
	{"name_s": "/usr/lib64/libreoffice/share/config/soffice.cfg/svt/ui/res/kn/graphicexport", "size_i": "3081", "regex": "false"},
	{"name_s": "/usr/lib64/libreoffice/share/config/soffice.cfg/svt/ui/res/kn/placeedit", "size_i": "1301", "regex": "false"},
	{"name_s": "/usr/lib64/libreoffice/share/config/soffice.cfg/svt/ui/res/kn/restartdialog", "size_i": "1273", "regex": "false"},
	{"name_s": "/usr/lib64/libreoffice/share/config/soffice.cfg/svx/ui/res/kn", "size_i": "4096", "regex": "false"},
	{"name_s": "/usr/lib64/libreoffice/share/config/soffice.cfg/svx/ui/res/kn/compressgraphicdialog", "size_i": "1508", "regex": "false"},
	{"name_s": "/usr/lib64/libreoffice/share/config/soffice.cfg/vcl/ui/res/kn", "size_i": "4096", "regex": "false"},
	{"name_s": "/usr/lib64/libreoffice/share/config/soffice.cfg/vcl/ui/res/kn/printdialog", "size_i": "4370", "regex": "false"},
	{"name_s": "/usr/lib64/libreoffice/share/registry/Langpack-kn.xcd", "size_i": "478", "regex": "false"},
	{"name_s": "/usr/lib64/libreoffice/share/registry/res/fcfg_langpack_kn.xcd", "size_i": "11509", "regex": "false"},
	{"name_s": "/usr/lib64/libreoffice/share/registry/res/registry_kn.xcd", "size_i": "1283974", "regex": "false"},
	{"name_s": "/usr/lib64/libreoffice/share/template/kn", "size_i": "4096", "regex": "false"}
]
