[
	{"name_s": "/usr/lib64/libreoffice/help/pt-BR", "size_i": "4096", "regex": "false"},
	{"name_s": "/usr/lib64/libreoffice/help/pt-BR/default.css", "size_i": "2946", "regex": "false"},
	{"name_s": "/usr/lib64/libreoffice/help/pt-BR/err.html", "size_i": "2322", "regex": "false"},
	{"name_s": "/usr/lib64/libreoffice/help/pt-BR/highcontrast1.css", "size_i": "3147", "regex": "false"},
	{"name_s": "/usr/lib64/libreoffice/help/pt-BR/highcontrast2.css", "size_i": "3147", "regex": "false"},
	{"name_s": "/usr/lib64/libreoffice/help/pt-BR/highcontrastblack.css", "size_i": "3147", "regex": "false"},
	{"name_s": "/usr/lib64/libreoffice/help/pt-BR/highcontrastwhite.css", "size_i": "3147", "regex": "false"},
	{"name_s": "/usr/lib64/libreoffice/help/pt-BR/sbasic.cfg", "size_i": "932", "regex": "false"},
	{"name_s": "/usr/lib64/libreoffice/help/pt-BR/sbasic.db", "size_i": "768677", "regex": "false"},
	{"name_s": "/usr/lib64/libreoffice/help/pt-BR/sbasic.ht", "size_i": "590119", "regex": "false"},
	{"name_s": "/usr/lib64/libreoffice/help/pt-BR/sbasic.idxl", "size_i": "4096", "regex": "false"},
	{"name_s": "/usr/lib64/libreoffice/help/pt-BR/sbasic.idxl/_0.cfs", "size_i": "685580", "regex": "false"},
	{"name_s": "/usr/lib64/libreoffice/help/pt-BR/sbasic.idxl/segments.gen", "size_i": "20", "regex": "false"},
	{"name_s": "/usr/lib64/libreoffice/help/pt-BR/sbasic.idxl/segments_3", "size_i": "45", "regex": "false"},
	{"name_s": "/usr/lib64/libreoffice/help/pt-BR/sbasic.jar", "size_i": "514205", "regex": "false"},
	{"name_s": "/usr/lib64/libreoffice/help/pt-BR/sbasic.key", "size_i": "192195", "regex": "false"},
	{"name_s": "/usr/lib64/libreoffice/help/pt-BR/sbasic.tree", "size_i": "21330", "regex": "false"},
	{"name_s": "/usr/lib64/libreoffice/help/pt-BR/scalc.cfg", "size_i": "919", "regex": "false"},
	{"name_s": "/usr/lib64/libreoffice/help/pt-BR/scalc.db", "size_i": "960166", "regex": "false"},
	{"name_s": "/usr/lib64/libreoffice/help/pt-BR/scalc.ht", "size_i": "744399", "regex": "false"},
	{"name_s": "/usr/lib64/libreoffice/help/pt-BR/scalc.idxl", "size_i": "4096", "regex": "false"},
	{"name_s": "/usr/lib64/libreoffice/help/pt-BR/scalc.idxl/_0.cfs", "size_i": "840382", "regex": "false"},
	{"name_s": "/usr/lib64/libreoffice/help/pt-BR/scalc.idxl/segments.gen", "size_i": "20", "regex": "false"},
	{"name_s": "/usr/lib64/libreoffice/help/pt-BR/scalc.idxl/segments_3", "size_i": "45", "regex": "false"},
	{"name_s": "/usr/lib64/libreoffice/help/pt-BR/scalc.jar", "size_i": "693498", "regex": "false"},
	{"name_s": "/usr/lib64/libreoffice/help/pt-BR/scalc.key", "size_i": "288463", "regex": "false"},
	{"name_s": "/usr/lib64/libreoffice/help/pt-BR/scalc.tree", "size_i": "13226", "regex": "false"},
	{"name_s": "/usr/lib64/libreoffice/help/pt-BR/schart.cfg", "size_i": "922", "regex": "false"},
	{"name_s": "/usr/lib64/libreoffice/help/pt-BR/schart.db", "size_i": "739862", "regex": "false"},
	{"name_s": "/usr/lib64/libreoffice/help/pt-BR/schart.ht", "size_i": "622025", "regex": "false"},
	{"name_s": "/usr/lib64/libreoffice/help/pt-BR/schart.idxl", "size_i": "4096", "regex": "false"},
	{"name_s": "/usr/lib64/libreoffice/help/pt-BR/schart.idxl/_0.cfs", "size_i": "597885", "regex": "false"},
	{"name_s": "/usr/lib64/libreoffice/help/pt-BR/schart.idxl/segments.gen", "size_i": "20", "regex": "false"},
	{"name_s": "/usr/lib64/libreoffice/help/pt-BR/schart.idxl/segments_3", "size_i": "45", "regex": "false"},
	{"name_s": "/usr/lib64/libreoffice/help/pt-BR/schart.jar", "size_i": "117381", "regex": "false"},
	{"name_s": "/usr/lib64/libreoffice/help/pt-BR/schart.key", "size_i": "171969", "regex": "false"},
	{"name_s": "/usr/lib64/libreoffice/help/pt-BR/schart.tree", "size_i": "1291", "regex": "false"},
	{"name_s": "/usr/lib64/libreoffice/help/pt-BR/sdatabase.cfg", "size_i": "943", "regex": "false"},
	{"name_s": "/usr/lib64/libreoffice/help/pt-BR/sdatabase.db", "size_i": "693600", "regex": "false"},
	{"name_s": "/usr/lib64/libreoffice/help/pt-BR/sdatabase.ht", "size_i": "581979", "regex": "false"},
	{"name_s": "/usr/lib64/libreoffice/help/pt-BR/sdatabase.idxl", "size_i": "4096", "regex": "false"},
	{"name_s": "/usr/lib64/libreoffice/help/pt-BR/sdatabase.idxl/_0.cfs", "size_i": "563224", "regex": "false"},
	{"name_s": "/usr/lib64/libreoffice/help/pt-BR/sdatabase.idxl/segments.gen", "size_i": "20", "regex": "false"},
	{"name_s": "/usr/lib64/libreoffice/help/pt-BR/sdatabase.idxl/segments_3", "size_i": "45", "regex": "false"},
	{"name_s": "/usr/lib64/libreoffice/help/pt-BR/sdatabase.jar", "size_i": "2151", "regex": "false"},
	{"name_s": "/usr/lib64/libreoffice/help/pt-BR/sdatabase.key", "size_i": "163650", "regex": "false"},
	{"name_s": "/usr/lib64/libreoffice/help/pt-BR/sdraw.cfg", "size_i": "919", "regex": "false"},
	{"name_s": "/usr/lib64/libreoffice/help/pt-BR/sdraw.db", "size_i": "856603", "regex": "false"},
	{"name_s": "/usr/lib64/libreoffice/help/pt-BR/sdraw.ht", "size_i": "696388", "regex": "false"},
	{"name_s": "/usr/lib64/libreoffice/help/pt-BR/sdraw.idxl", "size_i": "4096", "regex": "false"},
	{"name_s": "/usr/lib64/libreoffice/help/pt-BR/sdraw.idxl/_0.cfs", "size_i": "707916", "regex": "false"},
	{"name_s": "/usr/lib64/libreoffice/help/pt-BR/sdraw.idxl/segments.gen", "size_i": "20", "regex": "false"},
	{"name_s": "/usr/lib64/libreoffice/help/pt-BR/sdraw.idxl/segments_3", "size_i": "45", "regex": "false"},
	{"name_s": "/usr/lib64/libreoffice/help/pt-BR/sdraw.jar", "size_i": "57011", "regex": "false"},
	{"name_s": "/usr/lib64/libreoffice/help/pt-BR/sdraw.key", "size_i": "208262", "regex": "false"},
	{"name_s": "/usr/lib64/libreoffice/help/pt-BR/shared.db", "size_i": "0", "regex": "false"},
	{"name_s": "/usr/lib64/libreoffice/help/pt-BR/shared.ht", "size_i": "0", "regex": "false"},
	{"name_s": "/usr/lib64/libreoffice/help/pt-BR/shared.idxl", "size_i": "4096", "regex": "false"},
	{"name_s": "/usr/lib64/libreoffice/help/pt-BR/shared.idxl/segments.gen", "size_i": "20", "regex": "false"},
	{"name_s": "/usr/lib64/libreoffice/help/pt-BR/shared.idxl/segments_1", "size_i": "20", "regex": "false"},
	{"name_s": "/usr/lib64/libreoffice/help/pt-BR/shared.jar", "size_i": "1829048", "regex": "false"},
	{"name_s": "/usr/lib64/libreoffice/help/pt-BR/shared.key", "size_i": "0", "regex": "false"},
	{"name_s": "/usr/lib64/libreoffice/help/pt-BR/shared.tree", "size_i": "14956", "regex": "false"},
	{"name_s": "/usr/lib64/libreoffice/help/pt-BR/simpress.cfg", "size_i": "928", "regex": "false"},
	{"name_s": "/usr/lib64/libreoffice/help/pt-BR/simpress.db", "size_i": "857002", "regex": "false"},
	{"name_s": "/usr/lib64/libreoffice/help/pt-BR/simpress.ht", "size_i": "696388", "regex": "false"},
	{"name_s": "/usr/lib64/libreoffice/help/pt-BR/simpress.idxl", "size_i": "4096", "regex": "false"},
	{"name_s": "/usr/lib64/libreoffice/help/pt-BR/simpress.idxl/_0.cfs", "size_i": "711962", "regex": "false"},
	{"name_s": "/usr/lib64/libreoffice/help/pt-BR/simpress.idxl/segments.gen", "size_i": "20", "regex": "false"},
	{"name_s": "/usr/lib64/libreoffice/help/pt-BR/simpress.idxl/segments_3", "size_i": "45", "regex": "false"},
	{"name_s": "/usr/lib64/libreoffice/help/pt-BR/simpress.jar", "size_i": "348672", "regex": "false"},
	{"name_s": "/usr/lib64/libreoffice/help/pt-BR/simpress.key", "size_i": "208358", "regex": "false"},
	{"name_s": "/usr/lib64/libreoffice/help/pt-BR/simpress.tree", "size_i": "11134", "regex": "false"},
	{"name_s": "/usr/lib64/libreoffice/help/pt-BR/smath.cfg", "size_i": "919", "regex": "false"},
	{"name_s": "/usr/lib64/libreoffice/help/pt-BR/smath.db", "size_i": "736087", "regex": "false"},
	{"name_s": "/usr/lib64/libreoffice/help/pt-BR/smath.ht", "size_i": "615670", "regex": "false"},
	{"name_s": "/usr/lib64/libreoffice/help/pt-BR/smath.idxl", "size_i": "4096", "regex": "false"},
	{"name_s": "/usr/lib64/libreoffice/help/pt-BR/smath.idxl/_0.cfs", "size_i": "609175", "regex": "false"},
	{"name_s": "/usr/lib64/libreoffice/help/pt-BR/smath.idxl/segments.gen", "size_i": "20", "regex": "false"},
	{"name_s": "/usr/lib64/libreoffice/help/pt-BR/smath.idxl/segments_3", "size_i": "45", "regex": "false"},
	{"name_s": "/usr/lib64/libreoffice/help/pt-BR/smath.jar", "size_i": "161206", "regex": "false"},
	{"name_s": "/usr/lib64/libreoffice/help/pt-BR/smath.key", "size_i": "190808", "regex": "false"},
	{"name_s": "/usr/lib64/libreoffice/help/pt-BR/smath.tree", "size_i": "2227", "regex": "false"},
	{"name_s": "/usr/lib64/libreoffice/help/pt-BR/swriter.cfg", "size_i": "925", "regex": "false"},
	{"name_s": "/usr/lib64/libreoffice/help/pt-BR/swriter.db", "size_i": "954269", "regex": "false"},
	{"name_s": "/usr/lib64/libreoffice/help/pt-BR/swriter.ht", "size_i": "775025", "regex": "false"},
	{"name_s": "/usr/lib64/libreoffice/help/pt-BR/swriter.idxl", "size_i": "4096", "regex": "false"},
	{"name_s": "/usr/lib64/libreoffice/help/pt-BR/swriter.idxl/_0.cfs", "size_i": "828475", "regex": "false"},
	{"name_s": "/usr/lib64/libreoffice/help/pt-BR/swriter.idxl/segments.gen", "size_i": "20", "regex": "false"},
	{"name_s": "/usr/lib64/libreoffice/help/pt-BR/swriter.idxl/segments_3", "size_i": "45", "regex": "false"},
	{"name_s": "/usr/lib64/libreoffice/help/pt-BR/swriter.jar", "size_i": "753933", "regex": "false"},
	{"name_s": "/usr/lib64/libreoffice/help/pt-BR/swriter.key", "size_i": "246191", "regex": "false"},
	{"name_s": "/usr/lib64/libreoffice/help/pt-BR/swriter.tree", "size_i": "18350", "regex": "false"},
	{"name_s": "/usr/lib64/libreoffice/program/resource/abppt-BR.res", "size_i": "6330", "regex": "false"},
	{"name_s": "/usr/lib64/libreoffice/program/resource/accpt-BR.res", "size_i": "410", "regex": "false"},
	{"name_s": "/usr/lib64/libreoffice/program/resource/analysispt-BR.res", "size_i": "35458", "regex": "false"},
	{"name_s": "/usr/lib64/libreoffice/program/resource/avmediapt-BR.res", "size_i": "1484", "regex": "false"},
	{"name_s": "/usr/lib64/libreoffice/program/resource/basctlpt-BR.res", "size_i": "18898", "regex": "false"},
	{"name_s": "/usr/lib64/libreoffice/program/resource/bibpt-BR.res", "size_i": "11104", "regex": "false"},
	{"name_s": "/usr/lib64/libreoffice/program/resource/chartcontrollerpt-BR.res", "size_i": "57710", "regex": "false"},
	{"name_s": "/usr/lib64/libreoffice/program/resource/cnrpt-BR.res", "size_i": "12708", "regex": "false"},
	{"name_s": "/usr/lib64/libreoffice/program/resource/cuipt-BR.res", "size_i": "239582", "regex": "false"},
	{"name_s": "/usr/lib64/libreoffice/program/resource/datept-BR.res", "size_i": "2658", "regex": "false"},
	{"name_s": "/usr/lib64/libreoffice/program/resource/dbapt-BR.res", "size_i": "6108", "regex": "false"},
	{"name_s": "/usr/lib64/libreoffice/program/resource/dbmmpt-BR.res", "size_i": "5002", "regex": "false"},
	{"name_s": "/usr/lib64/libreoffice/program/resource/dbppt-BR.res", "size_i": "9476", "regex": "false"},
	{"name_s": "/usr/lib64/libreoffice/program/resource/dbupt-BR.res", "size_i": "93478", "regex": "false"},
	{"name_s": "/usr/lib64/libreoffice/program/resource/dbwpt-BR.res", "size_i": "43508", "regex": "false"},
	{"name_s": "/usr/lib64/libreoffice/program/resource/deploymentguipt-BR.res", "size_i": "12570", "regex": "false"},
	{"name_s": "/usr/lib64/libreoffice/program/resource/deploymentpt-BR.res", "size_i": "2930", "regex": "false"},
	{"name_s": "/usr/lib64/libreoffice/program/resource/dktpt-BR.res", "size_i": "3644", "regex": "false"},
	{"name_s": "/usr/lib64/libreoffice/program/resource/editengpt-BR.res", "size_i": "14006", "regex": "false"},
	{"name_s": "/usr/lib64/libreoffice/program/resource/epspt-BR.res", "size_i": "184", "regex": "false"},
	{"name_s": "/usr/lib64/libreoffice/program/resource/eurpt-BR.res", "size_i": "4902", "regex": "false"},
	{"name_s": "/usr/lib64/libreoffice/program/resource/forpt-BR.res", "size_i": "23482", "regex": "false"},
	{"name_s": "/usr/lib64/libreoffice/program/resource/foruipt-BR.res", "size_i": "6974", "regex": "false"},
	{"name_s": "/usr/lib64/libreoffice/program/resource/fps_officept-BR.res", "size_i": "4236", "regex": "false"},
	{"name_s": "/usr/lib64/libreoffice/program/resource/frmpt-BR.res", "size_i": "3894", "regex": "false"},
	{"name_s": "/usr/lib64/libreoffice/program/resource/fwept-BR.res", "size_i": "4754", "regex": "false"},
	{"name_s": "/usr/lib64/libreoffice/program/resource/galpt-BR.res", "size_i": "9956", "regex": "false"},
	{"name_s": "/usr/lib64/libreoffice/program/resource/imppt-BR.res", "size_i": "5080", "regex": "false"},
	{"name_s": "/usr/lib64/libreoffice/program/resource/ofapt-BR.res", "size_i": "9372", "regex": "false"},
	{"name_s": "/usr/lib64/libreoffice/program/resource/pcrpt-BR.res", "size_i": "21310", "regex": "false"},
	{"name_s": "/usr/lib64/libreoffice/program/resource/pdffilterpt-BR.res", "size_i": "14490", "regex": "false"},
	{"name_s": "/usr/lib64/libreoffice/program/resource/pricingpt-BR.res", "size_i": "5228", "regex": "false"},
	{"name_s": "/usr/lib64/libreoffice/program/resource/rptpt-BR.res", "size_i": "884", "regex": "false"},
	{"name_s": "/usr/lib64/libreoffice/program/resource/rptuipt-BR.res", "size_i": "22812", "regex": "false"},
	{"name_s": "/usr/lib64/libreoffice/program/resource/sbpt-BR.res", "size_i": "7576", "regex": "false"},
	{"name_s": "/usr/lib64/libreoffice/program/resource/scnpt-BR.res", "size_i": "4434", "regex": "false"},
	{"name_s": "/usr/lib64/libreoffice/program/resource/scpt-BR.res", "size_i": "299822", "regex": "false"},
	{"name_s": "/usr/lib64/libreoffice/program/resource/sdbclpt-BR.res", "size_i": "3998", "regex": "false"},
	{"name_s": "/usr/lib64/libreoffice/program/resource/sdberrpt-BR.res", "size_i": "784", "regex": "false"},
	{"name_s": "/usr/lib64/libreoffice/program/resource/sdbtpt-BR.res", "size_i": "692", "regex": "false"},
	{"name_s": "/usr/lib64/libreoffice/program/resource/sdpt-BR.res", "size_i": "208098", "regex": "false"},
	{"name_s": "/usr/lib64/libreoffice/program/resource/sfxpt-BR.res", "size_i": "59594", "regex": "false"},
	{"name_s": "/usr/lib64/libreoffice/program/resource/smpt-BR.res", "size_i": "62904", "regex": "false"},
	{"name_s": "/usr/lib64/libreoffice/program/resource/solverpt-BR.res", "size_i": "738", "regex": "false"},
	{"name_s": "/usr/lib64/libreoffice/program/resource/spapt-BR.res", "size_i": "20974", "regex": "false"},
	{"name_s": "/usr/lib64/libreoffice/program/resource/svlpt-BR.res", "size_i": "3774", "regex": "false"},
	{"name_s": "/usr/lib64/libreoffice/program/resource/svtpt-BR.res", "size_i": "37110", "regex": "false"},
	{"name_s": "/usr/lib64/libreoffice/program/resource/svxpt-BR.res", "size_i": "167798", "regex": "false"},
	{"name_s": "/usr/lib64/libreoffice/program/resource/swpt-BR.res", "size_i": "279342", "regex": "false"},
	{"name_s": "/usr/lib64/libreoffice/program/resource/t602filterpt-BR.res", "size_i": "554", "regex": "false"},
	{"name_s": "/usr/lib64/libreoffice/program/resource/textconversiondlgspt-BR.res", "size_i": "2842", "regex": "false"},
	{"name_s": "/usr/lib64/libreoffice/program/resource/tkpt-BR.res", "size_i": "1428", "regex": "false"},
	{"name_s": "/usr/lib64/libreoffice/program/resource/tplpt-BR.res", "size_i": "4170", "regex": "false"},
	{"name_s": "/usr/lib64/libreoffice/program/resource/updpt-BR.res", "size_i": "3720", "regex": "false"},
	{"name_s": "/usr/lib64/libreoffice/program/resource/uuipt-BR.res", "size_i": "19634", "regex": "false"},
	{"name_s": "/usr/lib64/libreoffice/program/resource/vclpt-BR.res", "size_i": "11090", "regex": "false"},
	{"name_s": "/usr/lib64/libreoffice/program/resource/wzipt-BR.res", "size_i": "1318", "regex": "false"},
	{"name_s": "/usr/lib64/libreoffice/program/resource/xmlsecpt-BR.res", "size_i": "10366", "regex": "false"},
	{"name_s": "/usr/lib64/libreoffice/program/resource/xsltdlgpt-BR.res", "size_i": "4512", "regex": "false"},
	{"name_s": "/usr/lib64/libreoffice/share/autotext/pt-BR", "size_i": "4096", "regex": "false"},
	{"name_s": "/usr/lib64/libreoffice/share/autotext/pt-BR/crdbus50.bau", "size_i": "14627", "regex": "false"},
	{"name_s": "/usr/lib64/libreoffice/share/autotext/pt-BR/standard.bau", "size_i": "39017", "regex": "false"},
	{"name_s": "/usr/lib64/libreoffice/share/autotext/pt-BR/template.bau", "size_i": "46270", "regex": "false"},
	{"name_s": "/usr/lib64/libreoffice/share/config/soffice.cfg/cui/ui/res/pt-BR", "size_i": "4096", "regex": "false"},
	{"name_s": "/usr/lib64/libreoffice/share/config/soffice.cfg/cui/ui/res/pt-BR/charnamepage", "size_i": "983", "regex": "false"},
	{"name_s": "/usr/lib64/libreoffice/share/config/soffice.cfg/cui/ui/res/pt-BR/effectspage", "size_i": "2346", "regex": "false"},
	{"name_s": "/usr/lib64/libreoffice/share/config/soffice.cfg/cui/ui/res/pt-BR/hyphenate", "size_i": "256", "regex": "false"},
	{"name_s": "/usr/lib64/libreoffice/share/config/soffice.cfg/cui/ui/res/pt-BR/insertfloatingframe", "size_i": "770", "regex": "false"},
	{"name_s": "/usr/lib64/libreoffice/share/config/soffice.cfg/cui/ui/res/pt-BR/insertoleobject", "size_i": "396", "regex": "false"},
	{"name_s": "/usr/lib64/libreoffice/share/config/soffice.cfg/cui/ui/res/pt-BR/insertplugin", "size_i": "226", "regex": "false"},
	{"name_s": "/usr/lib64/libreoffice/share/config/soffice.cfg/cui/ui/res/pt-BR/insertrowcolumn", "size_i": "305", "regex": "false"},
	{"name_s": "/usr/lib64/libreoffice/share/config/soffice.cfg/cui/ui/res/pt-BR/macroselectordialog", "size_i": "755", "regex": "false"},
	{"name_s": "/usr/lib64/libreoffice/share/config/soffice.cfg/cui/ui/res/pt-BR/personalization_tab", "size_i": "628", "regex": "false"},
	{"name_s": "/usr/lib64/libreoffice/share/config/soffice.cfg/cui/ui/res/pt-BR/positionpage", "size_i": "958", "regex": "false"},
	{"name_s": "/usr/lib64/libreoffice/share/config/soffice.cfg/cui/ui/res/pt-BR/scriptorganizer", "size_i": "301", "regex": "false"},
	{"name_s": "/usr/lib64/libreoffice/share/config/soffice.cfg/cui/ui/res/pt-BR/select_persona_dialog", "size_i": "515", "regex": "false"},
	{"name_s": "/usr/lib64/libreoffice/share/config/soffice.cfg/cui/ui/res/pt-BR/specialcharacters", "size_i": "243", "regex": "false"},
	{"name_s": "/usr/lib64/libreoffice/share/config/soffice.cfg/cui/ui/res/pt-BR/thesaurus", "size_i": "324", "regex": "false"},
	{"name_s": "/usr/lib64/libreoffice/share/config/soffice.cfg/cui/ui/res/pt-BR/twolinespage", "size_i": "762", "regex": "false"},
	{"name_s": "/usr/lib64/libreoffice/share/config/soffice.cfg/cui/ui/res/pt-BR/zoomdialog", "size_i": "586", "regex": "false"},
	{"name_s": "/usr/lib64/libreoffice/share/config/soffice.cfg/desktop/ui/res/pt-BR", "size_i": "4096", "regex": "false"},
	{"name_s": "/usr/lib64/libreoffice/share/config/soffice.cfg/desktop/ui/res/pt-BR/extensionmanager", "size_i": "511", "regex": "false"},
	{"name_s": "/usr/lib64/libreoffice/share/config/soffice.cfg/filter/ui/res/pt-BR", "size_i": "4096", "regex": "false"},
	{"name_s": "/usr/lib64/libreoffice/share/config/soffice.cfg/filter/ui/res/pt-BR/testxmlfilter", "size_i": "707", "regex": "false"},
	{"name_s": "/usr/lib64/libreoffice/share/config/soffice.cfg/filter/ui/res/pt-BR/xmlfiltersettings", "size_i": "372", "regex": "false"},
	{"name_s": "/usr/lib64/libreoffice/share/config/soffice.cfg/modules/BasicIDE/ui/res/pt-BR", "size_i": "4096", "regex": "false"},
	{"name_s": "/usr/lib64/libreoffice/share/config/soffice.cfg/modules/BasicIDE/ui/res/pt-BR/basicmacrodialog", "size_i": "564", "regex": "false"},
	{"name_s": "/usr/lib64/libreoffice/share/config/soffice.cfg/modules/scalc/ui/res/pt-BR", "size_i": "4096", "regex": "false"},
	{"name_s": "/usr/lib64/libreoffice/share/config/soffice.cfg/modules/scalc/ui/res/pt-BR/printeroptions", "size_i": "163", "regex": "false"},
	{"name_s": "/usr/lib64/libreoffice/share/config/soffice.cfg/modules/scalc/ui/res/pt-BR/sortcriteriapage", "size_i": "47", "regex": "false"},
	{"name_s": "/usr/lib64/libreoffice/share/config/soffice.cfg/modules/scalc/ui/res/pt-BR/sortkey", "size_i": "178", "regex": "false"},
	{"name_s": "/usr/lib64/libreoffice/share/config/soffice.cfg/modules/scalc/ui/res/pt-BR/sortoptionspage", "size_i": "695", "regex": "false"},
	{"name_s": "/usr/lib64/libreoffice/share/config/soffice.cfg/modules/scalc/ui/res/pt-BR/textimportoptions", "size_i": "402", "regex": "false"},
	{"name_s": "/usr/lib64/libreoffice/share/config/soffice.cfg/modules/sdraw/ui/res/pt-BR", "size_i": "4096", "regex": "false"},
	{"name_s": "/usr/lib64/libreoffice/share/config/soffice.cfg/modules/sdraw/ui/res/pt-BR/printeroptions", "size_i": "704", "regex": "false"},
	{"name_s": "/usr/lib64/libreoffice/share/config/soffice.cfg/modules/simpress/ui/res/pt-BR", "size_i": "4096", "regex": "false"},
	{"name_s": "/usr/lib64/libreoffice/share/config/soffice.cfg/modules/simpress/ui/res/pt-BR/printeroptions", "size_i": "751", "regex": "false"},
	{"name_s": "/usr/lib64/libreoffice/share/config/soffice.cfg/modules/smath/ui/res/pt-BR", "size_i": "4096", "regex": "false"},
	{"name_s": "/usr/lib64/libreoffice/share/config/soffice.cfg/modules/smath/ui/res/pt-BR/printeroptions", "size_i": "397", "regex": "false"},
	{"name_s": "/usr/lib64/libreoffice/share/config/soffice.cfg/modules/swriter/ui/res/pt-BR", "size_i": "4096", "regex": "false"},
	{"name_s": "/usr/lib64/libreoffice/share/config/soffice.cfg/modules/swriter/ui/res/pt-BR/autoformattable", "size_i": "432", "regex": "false"},
	{"name_s": "/usr/lib64/libreoffice/share/config/soffice.cfg/modules/swriter/ui/res/pt-BR/bibliographyentry", "size_i": "486", "regex": "false"},
	{"name_s": "/usr/lib64/libreoffice/share/config/soffice.cfg/modules/swriter/ui/res/pt-BR/charurlpage", "size_i": "469", "regex": "false"},
	{"name_s": "/usr/lib64/libreoffice/share/config/soffice.cfg/modules/swriter/ui/res/pt-BR/columnwidth", "size_i": "215", "regex": "false"},
	{"name_s": "/usr/lib64/libreoffice/share/config/soffice.cfg/modules/swriter/ui/res/pt-BR/converttexttable", "size_i": "773", "regex": "false"},
	{"name_s": "/usr/lib64/libreoffice/share/config/soffice.cfg/modules/swriter/ui/res/pt-BR/endnotepage", "size_i": "516", "regex": "false"},
	{"name_s": "/usr/lib64/libreoffice/share/config/soffice.cfg/modules/swriter/ui/res/pt-BR/footnotepage", "size_i": "977", "regex": "false"},
	{"name_s": "/usr/lib64/libreoffice/share/config/soffice.cfg/modules/swriter/ui/res/pt-BR/indexentry", "size_i": "872", "regex": "false"},
	{"name_s": "/usr/lib64/libreoffice/share/config/soffice.cfg/modules/swriter/ui/res/pt-BR/insertbookmark", "size_i": "145", "regex": "false"},
	{"name_s": "/usr/lib64/libreoffice/share/config/soffice.cfg/modules/swriter/ui/res/pt-BR/insertbreak", "size_i": "405", "regex": "false"},
	{"name_s": "/usr/lib64/libreoffice/share/config/soffice.cfg/modules/swriter/ui/res/pt-BR/insertfootnote", "size_i": "428", "regex": "false"},
	{"name_s": "/usr/lib64/libreoffice/share/config/soffice.cfg/modules/swriter/ui/res/pt-BR/insertscript", "size_i": "294", "regex": "false"},
	{"name_s": "/usr/lib64/libreoffice/share/config/soffice.cfg/modules/swriter/ui/res/pt-BR/inserttable", "size_i": "641", "regex": "false"},
	{"name_s": "/usr/lib64/libreoffice/share/config/soffice.cfg/modules/swriter/ui/res/pt-BR/linenumbering", "size_i": "993", "regex": "false"},
	{"name_s": "/usr/lib64/libreoffice/share/config/soffice.cfg/modules/swriter/ui/res/pt-BR/outlinenumberingpage", "size_i": "464", "regex": "false"},
	{"name_s": "/usr/lib64/libreoffice/share/config/soffice.cfg/modules/swriter/ui/res/pt-BR/outlinepositionpage", "size_i": "911", "regex": "false"},
	{"name_s": "/usr/lib64/libreoffice/share/config/soffice.cfg/modules/swriter/ui/res/pt-BR/printeroptions", "size_i": "598", "regex": "false"},
	{"name_s": "/usr/lib64/libreoffice/share/config/soffice.cfg/modules/swriter/ui/res/pt-BR/sortdialog", "size_i": "1013", "regex": "false"},
	{"name_s": "/usr/lib64/libreoffice/share/config/soffice.cfg/modules/swriter/ui/res/pt-BR/splittable", "size_i": "371", "regex": "false"},
	{"name_s": "/usr/lib64/libreoffice/share/config/soffice.cfg/modules/swriter/ui/res/pt-BR/stringinput", "size_i": "79", "regex": "false"},
	{"name_s": "/usr/lib64/libreoffice/share/config/soffice.cfg/modules/swriter/ui/res/pt-BR/titlepage", "size_i": "1066", "regex": "false"},
	{"name_s": "/usr/lib64/libreoffice/share/config/soffice.cfg/modules/swriter/ui/res/pt-BR/wordcount", "size_i": "414", "regex": "false"},
	{"name_s": "/usr/lib64/libreoffice/share/config/soffice.cfg/sfx/ui/res/pt-BR", "size_i": "4096", "regex": "false"},
	{"name_s": "/usr/lib64/libreoffice/share/config/soffice.cfg/sfx/ui/res/pt-BR/checkin", "size_i": "209", "regex": "false"},
	{"name_s": "/usr/lib64/libreoffice/share/config/soffice.cfg/sfx/ui/res/pt-BR/password", "size_i": "373", "regex": "false"},
	{"name_s": "/usr/lib64/libreoffice/share/config/soffice.cfg/svt/ui/res/pt-BR", "size_i": "4096", "regex": "false"},
	{"name_s": "/usr/lib64/libreoffice/share/config/soffice.cfg/svt/ui/res/pt-BR/graphicexport", "size_i": "2011", "regex": "false"},
	{"name_s": "/usr/lib64/libreoffice/share/config/soffice.cfg/svt/ui/res/pt-BR/placeedit", "size_i": "1020", "regex": "false"},
	{"name_s": "/usr/lib64/libreoffice/share/config/soffice.cfg/svt/ui/res/pt-BR/restartdialog", "size_i": "655", "regex": "false"},
	{"name_s": "/usr/lib64/libreoffice/share/config/soffice.cfg/svx/ui/res/pt-BR", "size_i": "4096", "regex": "false"},
	{"name_s": "/usr/lib64/libreoffice/share/config/soffice.cfg/svx/ui/res/pt-BR/compressgraphicdialog", "size_i": "1091", "regex": "false"},
	{"name_s": "/usr/lib64/libreoffice/share/config/soffice.cfg/vcl/ui/res/pt-BR", "size_i": "4096", "regex": "false"},
	{"name_s": "/usr/lib64/libreoffice/share/config/soffice.cfg/vcl/ui/res/pt-BR/printdialog", "size_i": "3121", "regex": "false"},
	{"name_s": "/usr/lib64/libreoffice/share/registry/Langpack-pt-BR.xcd", "size_i": "481", "regex": "false"},
	{"name_s": "/usr/lib64/libreoffice/share/registry/res/fcfg_langpack_pt-BR.xcd", "size_i": "9595", "regex": "false"},
	{"name_s": "/usr/lib64/libreoffice/share/registry/res/registry_pt-BR.xcd", "size_i": "1099909", "regex": "false"},
	{"name_s": "/usr/lib64/libreoffice/share/template/pt-BR", "size_i": "4096", "regex": "false"}
]
