[
	{"name_s": "/usr/lib64/libreoffice/help/bg", "size_i": "4096", "regex": "false"},
	{"name_s": "/usr/lib64/libreoffice/help/bg/default.css", "size_i": "2957", "regex": "false"},
	{"name_s": "/usr/lib64/libreoffice/help/bg/err.html", "size_i": "2629", "regex": "false"},
	{"name_s": "/usr/lib64/libreoffice/help/bg/highcontrast1.css", "size_i": "3159", "regex": "false"},
	{"name_s": "/usr/lib64/libreoffice/help/bg/highcontrast2.css", "size_i": "3159", "regex": "false"},
	{"name_s": "/usr/lib64/libreoffice/help/bg/highcontrastblack.css", "size_i": "3159", "regex": "false"},
	{"name_s": "/usr/lib64/libreoffice/help/bg/highcontrastwhite.css", "size_i": "3159", "regex": "false"},
	{"name_s": "/usr/lib64/libreoffice/help/bg/sbasic.cfg", "size_i": "929", "regex": "false"},
	{"name_s": "/usr/lib64/libreoffice/help/bg/sbasic.db", "size_i": "874461", "regex": "false"},
	{"name_s": "/usr/lib64/libreoffice/help/bg/sbasic.ht", "size_i": "875869", "regex": "false"},
	{"name_s": "/usr/lib64/libreoffice/help/bg/sbasic.idxl", "size_i": "4096", "regex": "false"},
	{"name_s": "/usr/lib64/libreoffice/help/bg/sbasic.idxl/_0.cfs", "size_i": "732074", "regex": "false"},
	{"name_s": "/usr/lib64/libreoffice/help/bg/sbasic.idxl/segments.gen", "size_i": "20", "regex": "false"},
	{"name_s": "/usr/lib64/libreoffice/help/bg/sbasic.idxl/segments_3", "size_i": "45", "regex": "false"},
	{"name_s": "/usr/lib64/libreoffice/help/bg/sbasic.jar", "size_i": "556049", "regex": "false"},
	{"name_s": "/usr/lib64/libreoffice/help/bg/sbasic.key", "size_i": "242984", "regex": "false"},
	{"name_s": "/usr/lib64/libreoffice/help/bg/sbasic.tree", "size_i": "25723", "regex": "false"},
	{"name_s": "/usr/lib64/libreoffice/help/bg/scalc.cfg", "size_i": "916", "regex": "false"},
	{"name_s": "/usr/lib64/libreoffice/help/bg/scalc.db", "size_i": "1095183", "regex": "false"},
	{"name_s": "/usr/lib64/libreoffice/help/bg/scalc.ht", "size_i": "1103181", "regex": "false"},
	{"name_s": "/usr/lib64/libreoffice/help/bg/scalc.idxl", "size_i": "4096", "regex": "false"},
	{"name_s": "/usr/lib64/libreoffice/help/bg/scalc.idxl/_0.cfs", "size_i": "897997", "regex": "false"},
	{"name_s": "/usr/lib64/libreoffice/help/bg/scalc.idxl/segments.gen", "size_i": "20", "regex": "false"},
	{"name_s": "/usr/lib64/libreoffice/help/bg/scalc.idxl/segments_3", "size_i": "45", "regex": "false"},
	{"name_s": "/usr/lib64/libreoffice/help/bg/scalc.jar", "size_i": "759402", "regex": "false"},
	{"name_s": "/usr/lib64/libreoffice/help/bg/scalc.key", "size_i": "362746", "regex": "false"},
	{"name_s": "/usr/lib64/libreoffice/help/bg/scalc.tree", "size_i": "16663", "regex": "false"},
	{"name_s": "/usr/lib64/libreoffice/help/bg/schart.cfg", "size_i": "919", "regex": "false"},
	{"name_s": "/usr/lib64/libreoffice/help/bg/schart.db", "size_i": "838842", "regex": "false"},
	{"name_s": "/usr/lib64/libreoffice/help/bg/schart.ht", "size_i": "923446", "regex": "false"},
	{"name_s": "/usr/lib64/libreoffice/help/bg/schart.idxl", "size_i": "4096", "regex": "false"},
	{"name_s": "/usr/lib64/libreoffice/help/bg/schart.idxl/_0.cfs", "size_i": "644459", "regex": "false"},
	{"name_s": "/usr/lib64/libreoffice/help/bg/schart.idxl/segments.gen", "size_i": "20", "regex": "false"},
	{"name_s": "/usr/lib64/libreoffice/help/bg/schart.idxl/segments_3", "size_i": "45", "regex": "false"},
	{"name_s": "/usr/lib64/libreoffice/help/bg/schart.jar", "size_i": "129712", "regex": "false"},
	{"name_s": "/usr/lib64/libreoffice/help/bg/schart.key", "size_i": "218383", "regex": "false"},
	{"name_s": "/usr/lib64/libreoffice/help/bg/schart.tree", "size_i": "1350", "regex": "false"},
	{"name_s": "/usr/lib64/libreoffice/help/bg/sdatabase.cfg", "size_i": "940", "regex": "false"},
	{"name_s": "/usr/lib64/libreoffice/help/bg/sdatabase.db", "size_i": "787075", "regex": "false"},
	{"name_s": "/usr/lib64/libreoffice/help/bg/sdatabase.ht", "size_i": "863126", "regex": "false"},
	{"name_s": "/usr/lib64/libreoffice/help/bg/sdatabase.idxl", "size_i": "4096", "regex": "false"},
	{"name_s": "/usr/lib64/libreoffice/help/bg/sdatabase.idxl/_0.cfs", "size_i": "607734", "regex": "false"},
	{"name_s": "/usr/lib64/libreoffice/help/bg/sdatabase.idxl/segments.gen", "size_i": "20", "regex": "false"},
	{"name_s": "/usr/lib64/libreoffice/help/bg/sdatabase.idxl/segments_3", "size_i": "45", "regex": "false"},
	{"name_s": "/usr/lib64/libreoffice/help/bg/sdatabase.jar", "size_i": "2435", "regex": "false"},
	{"name_s": "/usr/lib64/libreoffice/help/bg/sdatabase.key", "size_i": "208621", "regex": "false"},
	{"name_s": "/usr/lib64/libreoffice/help/bg/sdraw.cfg", "size_i": "916", "regex": "false"},
	{"name_s": "/usr/lib64/libreoffice/help/bg/sdraw.db", "size_i": "972711", "regex": "false"},
	{"name_s": "/usr/lib64/libreoffice/help/bg/sdraw.ht", "size_i": "1034847", "regex": "false"},
	{"name_s": "/usr/lib64/libreoffice/help/bg/sdraw.idxl", "size_i": "4096", "regex": "false"},
	{"name_s": "/usr/lib64/libreoffice/help/bg/sdraw.idxl/_0.cfs", "size_i": "757438", "regex": "false"},
	{"name_s": "/usr/lib64/libreoffice/help/bg/sdraw.idxl/segments.gen", "size_i": "20", "regex": "false"},
	{"name_s": "/usr/lib64/libreoffice/help/bg/sdraw.idxl/segments_3", "size_i": "45", "regex": "false"},
	{"name_s": "/usr/lib64/libreoffice/help/bg/sdraw.jar", "size_i": "62918", "regex": "false"},
	{"name_s": "/usr/lib64/libreoffice/help/bg/sdraw.key", "size_i": "264553", "regex": "false"},
	{"name_s": "/usr/lib64/libreoffice/help/bg/shared.db", "size_i": "0", "regex": "false"},
	{"name_s": "/usr/lib64/libreoffice/help/bg/shared.ht", "size_i": "0", "regex": "false"},
	{"name_s": "/usr/lib64/libreoffice/help/bg/shared.idxl", "size_i": "4096", "regex": "false"},
	{"name_s": "/usr/lib64/libreoffice/help/bg/shared.idxl/segments.gen", "size_i": "20", "regex": "false"},
	{"name_s": "/usr/lib64/libreoffice/help/bg/shared.idxl/segments_1", "size_i": "20", "regex": "false"},
	{"name_s": "/usr/lib64/libreoffice/help/bg/shared.jar", "size_i": "2012144", "regex": "false"},
	{"name_s": "/usr/lib64/libreoffice/help/bg/shared.key", "size_i": "0", "regex": "false"},
	{"name_s": "/usr/lib64/libreoffice/help/bg/shared.tree", "size_i": "18725", "regex": "false"},
	{"name_s": "/usr/lib64/libreoffice/help/bg/simpress.cfg", "size_i": "925", "regex": "false"},
	{"name_s": "/usr/lib64/libreoffice/help/bg/simpress.db", "size_i": "973161", "regex": "false"},
	{"name_s": "/usr/lib64/libreoffice/help/bg/simpress.ht", "size_i": "1034847", "regex": "false"},
	{"name_s": "/usr/lib64/libreoffice/help/bg/simpress.idxl", "size_i": "4096", "regex": "false"},
	{"name_s": "/usr/lib64/libreoffice/help/bg/simpress.idxl/_0.cfs", "size_i": "761340", "regex": "false"},
	{"name_s": "/usr/lib64/libreoffice/help/bg/simpress.idxl/segments.gen", "size_i": "20", "regex": "false"},
	{"name_s": "/usr/lib64/libreoffice/help/bg/simpress.idxl/segments_3", "size_i": "45", "regex": "false"},
	{"name_s": "/usr/lib64/libreoffice/help/bg/simpress.jar", "size_i": "380026", "regex": "false"},
	{"name_s": "/usr/lib64/libreoffice/help/bg/simpress.key", "size_i": "264671", "regex": "false"},
	{"name_s": "/usr/lib64/libreoffice/help/bg/simpress.tree", "size_i": "13801", "regex": "false"},
	{"name_s": "/usr/lib64/libreoffice/help/bg/smath.cfg", "size_i": "916", "regex": "false"},
	{"name_s": "/usr/lib64/libreoffice/help/bg/smath.db", "size_i": "834069", "regex": "false"},
	{"name_s": "/usr/lib64/libreoffice/help/bg/smath.ht", "size_i": "910544", "regex": "false"},
	{"name_s": "/usr/lib64/libreoffice/help/bg/smath.idxl", "size_i": "4096", "regex": "false"},
	{"name_s": "/usr/lib64/libreoffice/help/bg/smath.idxl/_0.cfs", "size_i": "655217", "regex": "false"},
	{"name_s": "/usr/lib64/libreoffice/help/bg/smath.idxl/segments.gen", "size_i": "20", "regex": "false"},
	{"name_s": "/usr/lib64/libreoffice/help/bg/smath.idxl/segments_3", "size_i": "45", "regex": "false"},
	{"name_s": "/usr/lib64/libreoffice/help/bg/smath.jar", "size_i": "174242", "regex": "false"},
	{"name_s": "/usr/lib64/libreoffice/help/bg/smath.key", "size_i": "240582", "regex": "false"},
	{"name_s": "/usr/lib64/libreoffice/help/bg/smath.tree", "size_i": "2569", "regex": "false"},
	{"name_s": "/usr/lib64/libreoffice/help/bg/swriter.cfg", "size_i": "922", "regex": "false"},
	{"name_s": "/usr/lib64/libreoffice/help/bg/swriter.db", "size_i": "1085276", "regex": "false"},
	{"name_s": "/usr/lib64/libreoffice/help/bg/swriter.ht", "size_i": "1147577", "regex": "false"},
	{"name_s": "/usr/lib64/libreoffice/help/bg/swriter.idxl", "size_i": "4096", "regex": "false"},
	{"name_s": "/usr/lib64/libreoffice/help/bg/swriter.idxl/_0.cfs", "size_i": "880416", "regex": "false"},
	{"name_s": "/usr/lib64/libreoffice/help/bg/swriter.idxl/segments.gen", "size_i": "20", "regex": "false"},
	{"name_s": "/usr/lib64/libreoffice/help/bg/swriter.idxl/segments_3", "size_i": "45", "regex": "false"},
	{"name_s": "/usr/lib64/libreoffice/help/bg/swriter.jar", "size_i": "826639", "regex": "false"},
	{"name_s": "/usr/lib64/libreoffice/help/bg/swriter.key", "size_i": "312520", "regex": "false"},
	{"name_s": "/usr/lib64/libreoffice/help/bg/swriter.tree", "size_i": "23446", "regex": "false"},
	{"name_s": "/usr/lib64/libreoffice/program/resource/abpbg.res", "size_i": "8084", "regex": "false"},
	{"name_s": "/usr/lib64/libreoffice/program/resource/accbg.res", "size_i": "456", "regex": "false"},
	{"name_s": "/usr/lib64/libreoffice/program/resource/analysisbg.res", "size_i": "52250", "regex": "false"},
	{"name_s": "/usr/lib64/libreoffice/program/resource/avmediabg.res", "size_i": "1678", "regex": "false"},
	{"name_s": "/usr/lib64/libreoffice/program/resource/basctlbg.res", "size_i": "23274", "regex": "false"},
	{"name_s": "/usr/lib64/libreoffice/program/resource/bibbg.res", "size_i": "11856", "regex": "false"},
	{"name_s": "/usr/lib64/libreoffice/program/resource/chartcontrollerbg.res", "size_i": "64272", "regex": "false"},
	{"name_s": "/usr/lib64/libreoffice/program/resource/cnrbg.res", "size_i": "18274", "regex": "false"},
	{"name_s": "/usr/lib64/libreoffice/program/resource/cuibg.res", "size_i": "270990", "regex": "false"},
	{"name_s": "/usr/lib64/libreoffice/program/resource/datebg.res", "size_i": "3506", "regex": "false"},
	{"name_s": "/usr/lib64/libreoffice/program/resource/dbabg.res", "size_i": "8102", "regex": "false"},
	{"name_s": "/usr/lib64/libreoffice/program/resource/dbmmbg.res", "size_i": "6416", "regex": "false"},
	{"name_s": "/usr/lib64/libreoffice/program/resource/dbpbg.res", "size_i": "11148", "regex": "false"},
	{"name_s": "/usr/lib64/libreoffice/program/resource/dbubg.res", "size_i": "113906", "regex": "false"},
	{"name_s": "/usr/lib64/libreoffice/program/resource/dbwbg.res", "size_i": "59750", "regex": "false"},
	{"name_s": "/usr/lib64/libreoffice/program/resource/deploymentbg.res", "size_i": "4142", "regex": "false"},
	{"name_s": "/usr/lib64/libreoffice/program/resource/deploymentguibg.res", "size_i": "16588", "regex": "false"},
	{"name_s": "/usr/lib64/libreoffice/program/resource/dktbg.res", "size_i": "5166", "regex": "false"},
	{"name_s": "/usr/lib64/libreoffice/program/resource/editengbg.res", "size_i": "18120", "regex": "false"},
	{"name_s": "/usr/lib64/libreoffice/program/resource/epsbg.res", "size_i": "260", "regex": "false"},
	{"name_s": "/usr/lib64/libreoffice/program/resource/eurbg.res", "size_i": "6922", "regex": "false"},
	{"name_s": "/usr/lib64/libreoffice/program/resource/forbg.res", "size_i": "23050", "regex": "false"},
	{"name_s": "/usr/lib64/libreoffice/program/resource/foruibg.res", "size_i": "7234", "regex": "false"},
	{"name_s": "/usr/lib64/libreoffice/program/resource/fps_officebg.res", "size_i": "4876", "regex": "false"},
	{"name_s": "/usr/lib64/libreoffice/program/resource/frmbg.res", "size_i": "5588", "regex": "false"},
	{"name_s": "/usr/lib64/libreoffice/program/resource/fwebg.res", "size_i": "6324", "regex": "false"},
	{"name_s": "/usr/lib64/libreoffice/program/resource/galbg.res", "size_i": "12134", "regex": "false"},
	{"name_s": "/usr/lib64/libreoffice/program/resource/impbg.res", "size_i": "6880", "regex": "false"},
	{"name_s": "/usr/lib64/libreoffice/program/resource/ofabg.res", "size_i": "13772", "regex": "false"},
	{"name_s": "/usr/lib64/libreoffice/program/resource/pcrbg.res", "size_i": "26406", "regex": "false"},
	{"name_s": "/usr/lib64/libreoffice/program/resource/pdffilterbg.res", "size_i": "17392", "regex": "false"},
	{"name_s": "/usr/lib64/libreoffice/program/resource/pricingbg.res", "size_i": "7054", "regex": "false"},
	{"name_s": "/usr/lib64/libreoffice/program/resource/rptbg.res", "size_i": "1280", "regex": "false"},
	{"name_s": "/usr/lib64/libreoffice/program/resource/rptuibg.res", "size_i": "27390", "regex": "false"},
	{"name_s": "/usr/lib64/libreoffice/program/resource/sbbg.res", "size_i": "10672", "regex": "false"},
	{"name_s": "/usr/lib64/libreoffice/program/resource/scbg.res", "size_i": "376818", "regex": "false"},
	{"name_s": "/usr/lib64/libreoffice/program/resource/scnbg.res", "size_i": "4830", "regex": "false"},
	{"name_s": "/usr/lib64/libreoffice/program/resource/sdbclbg.res", "size_i": "3998", "regex": "false"},
	{"name_s": "/usr/lib64/libreoffice/program/resource/sdberrbg.res", "size_i": "1116", "regex": "false"},
	{"name_s": "/usr/lib64/libreoffice/program/resource/sdbg.res", "size_i": "241580", "regex": "false"},
	{"name_s": "/usr/lib64/libreoffice/program/resource/sdbtbg.res", "size_i": "948", "regex": "false"},
	{"name_s": "/usr/lib64/libreoffice/program/resource/sfxbg.res", "size_i": "71484", "regex": "false"},
	{"name_s": "/usr/lib64/libreoffice/program/resource/smbg.res", "size_i": "67880", "regex": "false"},
	{"name_s": "/usr/lib64/libreoffice/program/resource/solverbg.res", "size_i": "944", "regex": "false"},
	{"name_s": "/usr/lib64/libreoffice/program/resource/spabg.res", "size_i": "24662", "regex": "false"},
	{"name_s": "/usr/lib64/libreoffice/program/resource/svlbg.res", "size_i": "4748", "regex": "false"},
	{"name_s": "/usr/lib64/libreoffice/program/resource/svtbg.res", "size_i": "47390", "regex": "false"},
	{"name_s": "/usr/lib64/libreoffice/program/resource/svxbg.res", "size_i": "202550", "regex": "false"},
	{"name_s": "/usr/lib64/libreoffice/program/resource/swbg.res", "size_i": "326018", "regex": "false"},
	{"name_s": "/usr/lib64/libreoffice/program/resource/t602filterbg.res", "size_i": "678", "regex": "false"},
	{"name_s": "/usr/lib64/libreoffice/program/resource/textconversiondlgsbg.res", "size_i": "3400", "regex": "false"},
	{"name_s": "/usr/lib64/libreoffice/program/resource/tkbg.res", "size_i": "1428", "regex": "false"},
	{"name_s": "/usr/lib64/libreoffice/program/resource/tplbg.res", "size_i": "5286", "regex": "false"},
	{"name_s": "/usr/lib64/libreoffice/program/resource/updbg.res", "size_i": "5082", "regex": "false"},
	{"name_s": "/usr/lib64/libreoffice/program/resource/uuibg.res", "size_i": "27064", "regex": "false"},
	{"name_s": "/usr/lib64/libreoffice/program/resource/vclbg.res", "size_i": "12796", "regex": "false"},
	{"name_s": "/usr/lib64/libreoffice/program/resource/wzibg.res", "size_i": "1318", "regex": "false"},
	{"name_s": "/usr/lib64/libreoffice/program/resource/xmlsecbg.res", "size_i": "12286", "regex": "false"},
	{"name_s": "/usr/lib64/libreoffice/program/resource/xsltdlgbg.res", "size_i": "5266", "regex": "false"},
	{"name_s": "/usr/lib64/libreoffice/share/autotext/bg", "size_i": "4096", "regex": "false"},
	{"name_s": "/usr/lib64/libreoffice/share/autotext/bg/crdbus50.bau", "size_i": "14598", "regex": "false"},
	{"name_s": "/usr/lib64/libreoffice/share/autotext/bg/standard.bau", "size_i": "57827", "regex": "false"},
	{"name_s": "/usr/lib64/libreoffice/share/autotext/bg/template.bau", "size_i": "59956", "regex": "false"},
	{"name_s": "/usr/lib64/libreoffice/share/config/soffice.cfg/cui/ui/res/bg", "size_i": "4096", "regex": "false"},
	{"name_s": "/usr/lib64/libreoffice/share/config/soffice.cfg/cui/ui/res/bg/charnamepage", "size_i": "1152", "regex": "false"},
	{"name_s": "/usr/lib64/libreoffice/share/config/soffice.cfg/cui/ui/res/bg/effectspage", "size_i": "2829", "regex": "false"},
	{"name_s": "/usr/lib64/libreoffice/share/config/soffice.cfg/cui/ui/res/bg/hyphenate", "size_i": "314", "regex": "false"},
	{"name_s": "/usr/lib64/libreoffice/share/config/soffice.cfg/cui/ui/res/bg/insertfloatingframe", "size_i": "931", "regex": "false"},
	{"name_s": "/usr/lib64/libreoffice/share/config/soffice.cfg/cui/ui/res/bg/insertoleobject", "size_i": "463", "regex": "false"},
	{"name_s": "/usr/lib64/libreoffice/share/config/soffice.cfg/cui/ui/res/bg/insertplugin", "size_i": "268", "regex": "false"},
	{"name_s": "/usr/lib64/libreoffice/share/config/soffice.cfg/cui/ui/res/bg/insertrowcolumn", "size_i": "342", "regex": "false"},
	{"name_s": "/usr/lib64/libreoffice/share/config/soffice.cfg/cui/ui/res/bg/macroselectordialog", "size_i": "1075", "regex": "false"},
	{"name_s": "/usr/lib64/libreoffice/share/config/soffice.cfg/cui/ui/res/bg/personalization_tab", "size_i": "1002", "regex": "false"},
	{"name_s": "/usr/lib64/libreoffice/share/config/soffice.cfg/cui/ui/res/bg/positionpage", "size_i": "1164", "regex": "false"},
	{"name_s": "/usr/lib64/libreoffice/share/config/soffice.cfg/cui/ui/res/bg/scriptorganizer", "size_i": "374", "regex": "false"},
	{"name_s": "/usr/lib64/libreoffice/share/config/soffice.cfg/cui/ui/res/bg/select_persona_dialog", "size_i": "667", "regex": "false"},
	{"name_s": "/usr/lib64/libreoffice/share/config/soffice.cfg/cui/ui/res/bg/specialcharacters", "size_i": "264", "regex": "false"},
	{"name_s": "/usr/lib64/libreoffice/share/config/soffice.cfg/cui/ui/res/bg/thesaurus", "size_i": "356", "regex": "false"},
	{"name_s": "/usr/lib64/libreoffice/share/config/soffice.cfg/cui/ui/res/bg/twolinespage", "size_i": "826", "regex": "false"},
	{"name_s": "/usr/lib64/libreoffice/share/config/soffice.cfg/cui/ui/res/bg/zoomdialog", "size_i": "735", "regex": "false"},
	{"name_s": "/usr/lib64/libreoffice/share/config/soffice.cfg/desktop/ui/res/bg", "size_i": "4096", "regex": "false"},
	{"name_s": "/usr/lib64/libreoffice/share/config/soffice.cfg/desktop/ui/res/bg/extensionmanager", "size_i": "640", "regex": "false"},
	{"name_s": "/usr/lib64/libreoffice/share/config/soffice.cfg/filter/ui/res/bg", "size_i": "4096", "regex": "false"},
	{"name_s": "/usr/lib64/libreoffice/share/config/soffice.cfg/filter/ui/res/bg/testxmlfilter", "size_i": "918", "regex": "false"},
	{"name_s": "/usr/lib64/libreoffice/share/config/soffice.cfg/filter/ui/res/bg/xmlfiltersettings", "size_i": "465", "regex": "false"},
	{"name_s": "/usr/lib64/libreoffice/share/config/soffice.cfg/modules/BasicIDE/ui/res/bg", "size_i": "4096", "regex": "false"},
	{"name_s": "/usr/lib64/libreoffice/share/config/soffice.cfg/modules/BasicIDE/ui/res/bg/basicmacrodialog", "size_i": "716", "regex": "false"},
	{"name_s": "/usr/lib64/libreoffice/share/config/soffice.cfg/modules/scalc/ui/res/bg", "size_i": "4096", "regex": "false"},
	{"name_s": "/usr/lib64/libreoffice/share/config/soffice.cfg/modules/scalc/ui/res/bg/printeroptions", "size_i": "190", "regex": "false"},
	{"name_s": "/usr/lib64/libreoffice/share/config/soffice.cfg/modules/scalc/ui/res/bg/sortcriteriapage", "size_i": "47", "regex": "false"},
	{"name_s": "/usr/lib64/libreoffice/share/config/soffice.cfg/modules/scalc/ui/res/bg/sortkey", "size_i": "202", "regex": "false"},
	{"name_s": "/usr/lib64/libreoffice/share/config/soffice.cfg/modules/scalc/ui/res/bg/sortoptionspage", "size_i": "805", "regex": "false"},
	{"name_s": "/usr/lib64/libreoffice/share/config/soffice.cfg/modules/scalc/ui/res/bg/textimportoptions", "size_i": "492", "regex": "false"},
	{"name_s": "/usr/lib64/libreoffice/share/config/soffice.cfg/modules/sdraw/ui/res/bg", "size_i": "4096", "regex": "false"},
	{"name_s": "/usr/lib64/libreoffice/share/config/soffice.cfg/modules/sdraw/ui/res/bg/printeroptions", "size_i": "861", "regex": "false"},
	{"name_s": "/usr/lib64/libreoffice/share/config/soffice.cfg/modules/simpress/ui/res/bg", "size_i": "4096", "regex": "false"},
	{"name_s": "/usr/lib64/libreoffice/share/config/soffice.cfg/modules/simpress/ui/res/bg/printeroptions", "size_i": "913", "regex": "false"},
	{"name_s": "/usr/lib64/libreoffice/share/config/soffice.cfg/modules/smath/ui/res/bg", "size_i": "4096", "regex": "false"},
	{"name_s": "/usr/lib64/libreoffice/share/config/soffice.cfg/modules/smath/ui/res/bg/printeroptions", "size_i": "493", "regex": "false"},
	{"name_s": "/usr/lib64/libreoffice/share/config/soffice.cfg/modules/swriter/ui/res/bg", "size_i": "4096", "regex": "false"},
	{"name_s": "/usr/lib64/libreoffice/share/config/soffice.cfg/modules/swriter/ui/res/bg/autoformattable", "size_i": "508", "regex": "false"},
	{"name_s": "/usr/lib64/libreoffice/share/config/soffice.cfg/modules/swriter/ui/res/bg/bibliographyentry", "size_i": "577", "regex": "false"},
	{"name_s": "/usr/lib64/libreoffice/share/config/soffice.cfg/modules/swriter/ui/res/bg/charurlpage", "size_i": "544", "regex": "false"},
	{"name_s": "/usr/lib64/libreoffice/share/config/soffice.cfg/modules/swriter/ui/res/bg/columnwidth", "size_i": "244", "regex": "false"},
	{"name_s": "/usr/lib64/libreoffice/share/config/soffice.cfg/modules/swriter/ui/res/bg/converttexttable", "size_i": "991", "regex": "false"},
	{"name_s": "/usr/lib64/libreoffice/share/config/soffice.cfg/modules/swriter/ui/res/bg/endnotepage", "size_i": "607", "regex": "false"},
	{"name_s": "/usr/lib64/libreoffice/share/config/soffice.cfg/modules/swriter/ui/res/bg/footnotepage", "size_i": "1223", "regex": "false"},
	{"name_s": "/usr/lib64/libreoffice/share/config/soffice.cfg/modules/swriter/ui/res/bg/indexentry", "size_i": "1049", "regex": "false"},
	{"name_s": "/usr/lib64/libreoffice/share/config/soffice.cfg/modules/swriter/ui/res/bg/insertbookmark", "size_i": "179", "regex": "false"},
	{"name_s": "/usr/lib64/libreoffice/share/config/soffice.cfg/modules/swriter/ui/res/bg/insertbreak", "size_i": "473", "regex": "false"},
	{"name_s": "/usr/lib64/libreoffice/share/config/soffice.cfg/modules/swriter/ui/res/bg/insertfootnote", "size_i": "510", "regex": "false"},
	{"name_s": "/usr/lib64/libreoffice/share/config/soffice.cfg/modules/swriter/ui/res/bg/insertscript", "size_i": "335", "regex": "false"},
	{"name_s": "/usr/lib64/libreoffice/share/config/soffice.cfg/modules/swriter/ui/res/bg/inserttable", "size_i": "823", "regex": "false"},
	{"name_s": "/usr/lib64/libreoffice/share/config/soffice.cfg/modules/swriter/ui/res/bg/linenumbering", "size_i": "1177", "regex": "false"},
	{"name_s": "/usr/lib64/libreoffice/share/config/soffice.cfg/modules/swriter/ui/res/bg/outlinenumberingpage", "size_i": "513", "regex": "false"},
	{"name_s": "/usr/lib64/libreoffice/share/config/soffice.cfg/modules/swriter/ui/res/bg/outlinepositionpage", "size_i": "1127", "regex": "false"},
	{"name_s": "/usr/lib64/libreoffice/share/config/soffice.cfg/modules/swriter/ui/res/bg/printeroptions", "size_i": "748", "regex": "false"},
	{"name_s": "/usr/lib64/libreoffice/share/config/soffice.cfg/modules/swriter/ui/res/bg/sortdialog", "size_i": "1170", "regex": "false"},
	{"name_s": "/usr/lib64/libreoffice/share/config/soffice.cfg/modules/swriter/ui/res/bg/splittable", "size_i": "484", "regex": "false"},
	{"name_s": "/usr/lib64/libreoffice/share/config/soffice.cfg/modules/swriter/ui/res/bg/stringinput", "size_i": "81", "regex": "false"},
	{"name_s": "/usr/lib64/libreoffice/share/config/soffice.cfg/modules/swriter/ui/res/bg/titlepage", "size_i": "1378", "regex": "false"},
	{"name_s": "/usr/lib64/libreoffice/share/config/soffice.cfg/modules/swriter/ui/res/bg/wordcount", "size_i": "494", "regex": "false"},
	{"name_s": "/usr/lib64/libreoffice/share/config/soffice.cfg/sfx/ui/res/bg", "size_i": "4096", "regex": "false"},
	{"name_s": "/usr/lib64/libreoffice/share/config/soffice.cfg/sfx/ui/res/bg/checkin", "size_i": "240", "regex": "false"},
	{"name_s": "/usr/lib64/libreoffice/share/config/soffice.cfg/sfx/ui/res/bg/password", "size_i": "461", "regex": "false"},
	{"name_s": "/usr/lib64/libreoffice/share/config/soffice.cfg/svt/ui/res/bg", "size_i": "4096", "regex": "false"},
	{"name_s": "/usr/lib64/libreoffice/share/config/soffice.cfg/svt/ui/res/bg/graphicexport", "size_i": "2494", "regex": "false"},
	{"name_s": "/usr/lib64/libreoffice/share/config/soffice.cfg/svt/ui/res/bg/placeedit", "size_i": "1108", "regex": "false"},
	{"name_s": "/usr/lib64/libreoffice/share/config/soffice.cfg/svt/ui/res/bg/restartdialog", "size_i": "951", "regex": "false"},
	{"name_s": "/usr/lib64/libreoffice/share/config/soffice.cfg/svx/ui/res/bg", "size_i": "4096", "regex": "false"},
	{"name_s": "/usr/lib64/libreoffice/share/config/soffice.cfg/svx/ui/res/bg/compressgraphicdialog", "size_i": "1351", "regex": "false"},
	{"name_s": "/usr/lib64/libreoffice/share/config/soffice.cfg/vcl/ui/res/bg", "size_i": "4096", "regex": "false"},
	{"name_s": "/usr/lib64/libreoffice/share/config/soffice.cfg/vcl/ui/res/bg/printdialog", "size_i": "3649", "regex": "false"},
	{"name_s": "/usr/lib64/libreoffice/share/registry/Langpack-bg.xcd", "size_i": "478", "regex": "false"},
	{"name_s": "/usr/lib64/libreoffice/share/registry/res/fcfg_langpack_bg.xcd", "size_i": "10217", "regex": "false"},
	{"name_s": "/usr/lib64/libreoffice/share/registry/res/registry_bg.xcd", "size_i": "1162819", "regex": "false"},
	{"name_s": "/usr/lib64/libreoffice/share/template/bg", "size_i": "4096", "regex": "false"}
]
