[
	{"name_s": "/usr/lib64/libreoffice/help/uk", "size_i": "4096", "regex": "false"},
	{"name_s": "/usr/lib64/libreoffice/help/uk/default.css", "size_i": "2946", "regex": "false"},
	{"name_s": "/usr/lib64/libreoffice/help/uk/err.html", "size_i": "2208", "regex": "false"},
	{"name_s": "/usr/lib64/libreoffice/help/uk/highcontrast1.css", "size_i": "3147", "regex": "false"},
	{"name_s": "/usr/lib64/libreoffice/help/uk/highcontrast2.css", "size_i": "3147", "regex": "false"},
	{"name_s": "/usr/lib64/libreoffice/help/uk/highcontrastblack.css", "size_i": "3147", "regex": "false"},
	{"name_s": "/usr/lib64/libreoffice/help/uk/highcontrastwhite.css", "size_i": "3147", "regex": "false"},
	{"name_s": "/usr/lib64/libreoffice/help/uk/sbasic.cfg", "size_i": "929", "regex": "false"},
	{"name_s": "/usr/lib64/libreoffice/help/uk/sbasic.db", "size_i": "750320", "regex": "false"},
	{"name_s": "/usr/lib64/libreoffice/help/uk/sbasic.ht", "size_i": "546098", "regex": "false"},
	{"name_s": "/usr/lib64/libreoffice/help/uk/sbasic.idxl", "size_i": "4096", "regex": "false"},
	{"name_s": "/usr/lib64/libreoffice/help/uk/sbasic.idxl/_0.cfs", "size_i": "534414", "regex": "false"},
	{"name_s": "/usr/lib64/libreoffice/help/uk/sbasic.idxl/segments.gen", "size_i": "20", "regex": "false"},
	{"name_s": "/usr/lib64/libreoffice/help/uk/sbasic.idxl/segments_3", "size_i": "45", "regex": "false"},
	{"name_s": "/usr/lib64/libreoffice/help/uk/sbasic.jar", "size_i": "494460", "regex": "false"},
	{"name_s": "/usr/lib64/libreoffice/help/uk/sbasic.key", "size_i": "182644", "regex": "false"},
	{"name_s": "/usr/lib64/libreoffice/help/uk/sbasic.tree", "size_i": "21332", "regex": "false"},
	{"name_s": "/usr/lib64/libreoffice/help/uk/scalc.cfg", "size_i": "916", "regex": "false"},
	{"name_s": "/usr/lib64/libreoffice/help/uk/scalc.db", "size_i": "933898", "regex": "false"},
	{"name_s": "/usr/lib64/libreoffice/help/uk/scalc.ht", "size_i": "687334", "regex": "false"},
	{"name_s": "/usr/lib64/libreoffice/help/uk/scalc.idxl", "size_i": "4096", "regex": "false"},
	{"name_s": "/usr/lib64/libreoffice/help/uk/scalc.idxl/_0.cfs", "size_i": "651589", "regex": "false"},
	{"name_s": "/usr/lib64/libreoffice/help/uk/scalc.idxl/segments.gen", "size_i": "20", "regex": "false"},
	{"name_s": "/usr/lib64/libreoffice/help/uk/scalc.idxl/segments_3", "size_i": "45", "regex": "false"},
	{"name_s": "/usr/lib64/libreoffice/help/uk/scalc.jar", "size_i": "667748", "regex": "false"},
	{"name_s": "/usr/lib64/libreoffice/help/uk/scalc.key", "size_i": "274175", "regex": "false"},
	{"name_s": "/usr/lib64/libreoffice/help/uk/scalc.tree", "size_i": "13177", "regex": "false"},
	{"name_s": "/usr/lib64/libreoffice/help/uk/schart.cfg", "size_i": "919", "regex": "false"},
	{"name_s": "/usr/lib64/libreoffice/help/uk/schart.db", "size_i": "720401", "regex": "false"},
	{"name_s": "/usr/lib64/libreoffice/help/uk/schart.ht", "size_i": "574938", "regex": "false"},
	{"name_s": "/usr/lib64/libreoffice/help/uk/schart.idxl", "size_i": "4096", "regex": "false"},
	{"name_s": "/usr/lib64/libreoffice/help/uk/schart.idxl/_0.cfs", "size_i": "463039", "regex": "false"},
	{"name_s": "/usr/lib64/libreoffice/help/uk/schart.idxl/segments.gen", "size_i": "20", "regex": "false"},
	{"name_s": "/usr/lib64/libreoffice/help/uk/schart.idxl/segments_3", "size_i": "45", "regex": "false"},
	{"name_s": "/usr/lib64/libreoffice/help/uk/schart.jar", "size_i": "111523", "regex": "false"},
	{"name_s": "/usr/lib64/libreoffice/help/uk/schart.key", "size_i": "162571", "regex": "false"},
	{"name_s": "/usr/lib64/libreoffice/help/uk/schart.tree", "size_i": "1313", "regex": "false"},
	{"name_s": "/usr/lib64/libreoffice/help/uk/sdatabase.cfg", "size_i": "940", "regex": "false"},
	{"name_s": "/usr/lib64/libreoffice/help/uk/sdatabase.db", "size_i": "676046", "regex": "false"},
	{"name_s": "/usr/lib64/libreoffice/help/uk/sdatabase.ht", "size_i": "538473", "regex": "false"},
	{"name_s": "/usr/lib64/libreoffice/help/uk/sdatabase.idxl", "size_i": "4096", "regex": "false"},
	{"name_s": "/usr/lib64/libreoffice/help/uk/sdatabase.idxl/_0.cfs", "size_i": "438101", "regex": "false"},
	{"name_s": "/usr/lib64/libreoffice/help/uk/sdatabase.idxl/segments.gen", "size_i": "20", "regex": "false"},
	{"name_s": "/usr/lib64/libreoffice/help/uk/sdatabase.idxl/segments_3", "size_i": "45", "regex": "false"},
	{"name_s": "/usr/lib64/libreoffice/help/uk/sdatabase.jar", "size_i": "2013", "regex": "false"},
	{"name_s": "/usr/lib64/libreoffice/help/uk/sdatabase.key", "size_i": "154846", "regex": "false"},
	{"name_s": "/usr/lib64/libreoffice/help/uk/sdraw.cfg", "size_i": "916", "regex": "false"},
	{"name_s": "/usr/lib64/libreoffice/help/uk/sdraw.db", "size_i": "834913", "regex": "false"},
	{"name_s": "/usr/lib64/libreoffice/help/uk/sdraw.ht", "size_i": "643173", "regex": "false"},
	{"name_s": "/usr/lib64/libreoffice/help/uk/sdraw.idxl", "size_i": "4096", "regex": "false"},
	{"name_s": "/usr/lib64/libreoffice/help/uk/sdraw.idxl/_0.cfs", "size_i": "552684", "regex": "false"},
	{"name_s": "/usr/lib64/libreoffice/help/uk/sdraw.idxl/segments.gen", "size_i": "20", "regex": "false"},
	{"name_s": "/usr/lib64/libreoffice/help/uk/sdraw.idxl/segments_3", "size_i": "45", "regex": "false"},
	{"name_s": "/usr/lib64/libreoffice/help/uk/sdraw.jar", "size_i": "56039", "regex": "false"},
	{"name_s": "/usr/lib64/libreoffice/help/uk/sdraw.key", "size_i": "197927", "regex": "false"},
	{"name_s": "/usr/lib64/libreoffice/help/uk/shared.db", "size_i": "0", "regex": "false"},
	{"name_s": "/usr/lib64/libreoffice/help/uk/shared.ht", "size_i": "0", "regex": "false"},
	{"name_s": "/usr/lib64/libreoffice/help/uk/shared.idxl", "size_i": "4096", "regex": "false"},
	{"name_s": "/usr/lib64/libreoffice/help/uk/shared.idxl/segments.gen", "size_i": "20", "regex": "false"},
	{"name_s": "/usr/lib64/libreoffice/help/uk/shared.idxl/segments_1", "size_i": "20", "regex": "false"},
	{"name_s": "/usr/lib64/libreoffice/help/uk/shared.jar", "size_i": "1751872", "regex": "false"},
	{"name_s": "/usr/lib64/libreoffice/help/uk/shared.key", "size_i": "0", "regex": "false"},
	{"name_s": "/usr/lib64/libreoffice/help/uk/shared.tree", "size_i": "15052", "regex": "false"},
	{"name_s": "/usr/lib64/libreoffice/help/uk/simpress.cfg", "size_i": "925", "regex": "false"},
	{"name_s": "/usr/lib64/libreoffice/help/uk/simpress.db", "size_i": "835291", "regex": "false"},
	{"name_s": "/usr/lib64/libreoffice/help/uk/simpress.ht", "size_i": "643173", "regex": "false"},
	{"name_s": "/usr/lib64/libreoffice/help/uk/simpress.idxl", "size_i": "4096", "regex": "false"},
	{"name_s": "/usr/lib64/libreoffice/help/uk/simpress.idxl/_0.cfs", "size_i": "556582", "regex": "false"},
	{"name_s": "/usr/lib64/libreoffice/help/uk/simpress.idxl/segments.gen", "size_i": "20", "regex": "false"},
	{"name_s": "/usr/lib64/libreoffice/help/uk/simpress.idxl/segments_3", "size_i": "45", "regex": "false"},
	{"name_s": "/usr/lib64/libreoffice/help/uk/simpress.jar", "size_i": "342232", "regex": "false"},
	{"name_s": "/usr/lib64/libreoffice/help/uk/simpress.key", "size_i": "198016", "regex": "false"},
	{"name_s": "/usr/lib64/libreoffice/help/uk/simpress.tree", "size_i": "11816", "regex": "false"},
	{"name_s": "/usr/lib64/libreoffice/help/uk/smath.cfg", "size_i": "916", "regex": "false"},
	{"name_s": "/usr/lib64/libreoffice/help/uk/smath.db", "size_i": "722490", "regex": "false"},
	{"name_s": "/usr/lib64/libreoffice/help/uk/smath.ht", "size_i": "587512", "regex": "false"},
	{"name_s": "/usr/lib64/libreoffice/help/uk/smath.idxl", "size_i": "4096", "regex": "false"},
	{"name_s": "/usr/lib64/libreoffice/help/uk/smath.idxl/_0.cfs", "size_i": "503686", "regex": "false"},
	{"name_s": "/usr/lib64/libreoffice/help/uk/smath.idxl/segments.gen", "size_i": "20", "regex": "false"},
	{"name_s": "/usr/lib64/libreoffice/help/uk/smath.idxl/segments_3", "size_i": "45", "regex": "false"},
	{"name_s": "/usr/lib64/libreoffice/help/uk/smath.jar", "size_i": "180024", "regex": "false"},
	{"name_s": "/usr/lib64/libreoffice/help/uk/smath.key", "size_i": "185529", "regex": "false"},
	{"name_s": "/usr/lib64/libreoffice/help/uk/smath.tree", "size_i": "2530", "regex": "false"},
	{"name_s": "/usr/lib64/libreoffice/help/uk/swriter.cfg", "size_i": "922", "regex": "false"},
	{"name_s": "/usr/lib64/libreoffice/help/uk/swriter.db", "size_i": "952068", "regex": "false"},
	{"name_s": "/usr/lib64/libreoffice/help/uk/swriter.ht", "size_i": "725016", "regex": "false"},
	{"name_s": "/usr/lib64/libreoffice/help/uk/swriter.idxl", "size_i": "4096", "regex": "false"},
	{"name_s": "/usr/lib64/libreoffice/help/uk/swriter.idxl/_0.cfs", "size_i": "686097", "regex": "false"},
	{"name_s": "/usr/lib64/libreoffice/help/uk/swriter.idxl/segments.gen", "size_i": "20", "regex": "false"},
	{"name_s": "/usr/lib64/libreoffice/help/uk/swriter.idxl/segments_3", "size_i": "45", "regex": "false"},
	{"name_s": "/usr/lib64/libreoffice/help/uk/swriter.jar", "size_i": "783815", "regex": "false"},
	{"name_s": "/usr/lib64/libreoffice/help/uk/swriter.key", "size_i": "244189", "regex": "false"},
	{"name_s": "/usr/lib64/libreoffice/help/uk/swriter.tree", "size_i": "21901", "regex": "false"},
	{"name_s": "/usr/lib64/libreoffice/program/resource/abpuk.res", "size_i": "7502", "regex": "false"},
	{"name_s": "/usr/lib64/libreoffice/program/resource/accuk.res", "size_i": "428", "regex": "false"},
	{"name_s": "/usr/lib64/libreoffice/program/resource/analysisuk.res", "size_i": "52408", "regex": "false"},
	{"name_s": "/usr/lib64/libreoffice/program/resource/avmediauk.res", "size_i": "1674", "regex": "false"},
	{"name_s": "/usr/lib64/libreoffice/program/resource/basctluk.res", "size_i": "21840", "regex": "false"},
	{"name_s": "/usr/lib64/libreoffice/program/resource/bibuk.res", "size_i": "11868", "regex": "false"},
	{"name_s": "/usr/lib64/libreoffice/program/resource/chartcontrolleruk.res", "size_i": "63394", "regex": "false"},
	{"name_s": "/usr/lib64/libreoffice/program/resource/cnruk.res", "size_i": "16154", "regex": "false"},
	{"name_s": "/usr/lib64/libreoffice/program/resource/cuiuk.res", "size_i": "265948", "regex": "false"},
	{"name_s": "/usr/lib64/libreoffice/program/resource/dateuk.res", "size_i": "3494", "regex": "false"},
	{"name_s": "/usr/lib64/libreoffice/program/resource/dbauk.res", "size_i": "7758", "regex": "false"},
	{"name_s": "/usr/lib64/libreoffice/program/resource/dbmmuk.res", "size_i": "6206", "regex": "false"},
	{"name_s": "/usr/lib64/libreoffice/program/resource/dbpuk.res", "size_i": "10504", "regex": "false"},
	{"name_s": "/usr/lib64/libreoffice/program/resource/dbuuk.res", "size_i": "108776", "regex": "false"},
	{"name_s": "/usr/lib64/libreoffice/program/resource/dbwuk.res", "size_i": "55326", "regex": "false"},
	{"name_s": "/usr/lib64/libreoffice/program/resource/deploymentguiuk.res", "size_i": "15710", "regex": "false"},
	{"name_s": "/usr/lib64/libreoffice/program/resource/deploymentuk.res", "size_i": "3566", "regex": "false"},
	{"name_s": "/usr/lib64/libreoffice/program/resource/dktuk.res", "size_i": "4902", "regex": "false"},
	{"name_s": "/usr/lib64/libreoffice/program/resource/editenguk.res", "size_i": "17592", "regex": "false"},
	{"name_s": "/usr/lib64/libreoffice/program/resource/epsuk.res", "size_i": "258", "regex": "false"},
	{"name_s": "/usr/lib64/libreoffice/program/resource/euruk.res", "size_i": "6512", "regex": "false"},
	{"name_s": "/usr/lib64/libreoffice/program/resource/foruiuk.res", "size_i": "7094", "regex": "false"},
	{"name_s": "/usr/lib64/libreoffice/program/resource/foruk.res", "size_i": "23078", "regex": "false"},
	{"name_s": "/usr/lib64/libreoffice/program/resource/fps_officeuk.res", "size_i": "4678", "regex": "false"},
	{"name_s": "/usr/lib64/libreoffice/program/resource/frmuk.res", "size_i": "5278", "regex": "false"},
	{"name_s": "/usr/lib64/libreoffice/program/resource/fweuk.res", "size_i": "5896", "regex": "false"},
	{"name_s": "/usr/lib64/libreoffice/program/resource/galuk.res", "size_i": "11946", "regex": "false"},
	{"name_s": "/usr/lib64/libreoffice/program/resource/impuk.res", "size_i": "6510", "regex": "false"},
	{"name_s": "/usr/lib64/libreoffice/program/resource/ofauk.res", "size_i": "11946", "regex": "false"},
	{"name_s": "/usr/lib64/libreoffice/program/resource/pcruk.res", "size_i": "25920", "regex": "false"},
	{"name_s": "/usr/lib64/libreoffice/program/resource/pdffilteruk.res", "size_i": "16696", "regex": "false"},
	{"name_s": "/usr/lib64/libreoffice/program/resource/pricinguk.res", "size_i": "4920", "regex": "false"},
	{"name_s": "/usr/lib64/libreoffice/program/resource/rptuiuk.res", "size_i": "26830", "regex": "false"},
	{"name_s": "/usr/lib64/libreoffice/program/resource/rptuk.res", "size_i": "1284", "regex": "false"},
	{"name_s": "/usr/lib64/libreoffice/program/resource/sbuk.res", "size_i": "10218", "regex": "false"},
	{"name_s": "/usr/lib64/libreoffice/program/resource/scnuk.res", "size_i": "4908", "regex": "false"},
	{"name_s": "/usr/lib64/libreoffice/program/resource/scuk.res", "size_i": "368132", "regex": "false"},
	{"name_s": "/usr/lib64/libreoffice/program/resource/sdbcluk.res", "size_i": "3998", "regex": "false"},
	{"name_s": "/usr/lib64/libreoffice/program/resource/sdberruk.res", "size_i": "1052", "regex": "false"},
	{"name_s": "/usr/lib64/libreoffice/program/resource/sdbtuk.res", "size_i": "944", "regex": "false"},
	{"name_s": "/usr/lib64/libreoffice/program/resource/sduk.res", "size_i": "234806", "regex": "false"},
	{"name_s": "/usr/lib64/libreoffice/program/resource/sfxuk.res", "size_i": "65790", "regex": "false"},
	{"name_s": "/usr/lib64/libreoffice/program/resource/smuk.res", "size_i": "67284", "regex": "false"},
	{"name_s": "/usr/lib64/libreoffice/program/resource/solveruk.res", "size_i": "926", "regex": "false"},
	{"name_s": "/usr/lib64/libreoffice/program/resource/spauk.res", "size_i": "24052", "regex": "false"},
	{"name_s": "/usr/lib64/libreoffice/program/resource/svluk.res", "size_i": "4116", "regex": "false"},
	{"name_s": "/usr/lib64/libreoffice/program/resource/svtuk.res", "size_i": "45048", "regex": "false"},
	{"name_s": "/usr/lib64/libreoffice/program/resource/svxuk.res", "size_i": "196794", "regex": "false"},
	{"name_s": "/usr/lib64/libreoffice/program/resource/swuk.res", "size_i": "319702", "regex": "false"},
	{"name_s": "/usr/lib64/libreoffice/program/resource/t602filteruk.res", "size_i": "686", "regex": "false"},
	{"name_s": "/usr/lib64/libreoffice/program/resource/textconversiondlgsuk.res", "size_i": "2786", "regex": "false"},
	{"name_s": "/usr/lib64/libreoffice/program/resource/tkuk.res", "size_i": "1428", "regex": "false"},
	{"name_s": "/usr/lib64/libreoffice/program/resource/tpluk.res", "size_i": "5096", "regex": "false"},
	{"name_s": "/usr/lib64/libreoffice/program/resource/upduk.res", "size_i": "4598", "regex": "false"},
	{"name_s": "/usr/lib64/libreoffice/program/resource/uuiuk.res", "size_i": "24276", "regex": "false"},
	{"name_s": "/usr/lib64/libreoffice/program/resource/vcluk.res", "size_i": "12324", "regex": "false"},
	{"name_s": "/usr/lib64/libreoffice/program/resource/wziuk.res", "size_i": "1318", "regex": "false"},
	{"name_s": "/usr/lib64/libreoffice/program/resource/xmlsecuk.res", "size_i": "11782", "regex": "false"},
	{"name_s": "/usr/lib64/libreoffice/program/resource/xsltdlguk.res", "size_i": "5142", "regex": "false"},
	{"name_s": "/usr/lib64/libreoffice/share/config/soffice.cfg/cui/ui/res/uk", "size_i": "4096", "regex": "false"},
	{"name_s": "/usr/lib64/libreoffice/share/config/soffice.cfg/cui/ui/res/uk/charnamepage", "size_i": "1114", "regex": "false"},
	{"name_s": "/usr/lib64/libreoffice/share/config/soffice.cfg/cui/ui/res/uk/effectspage", "size_i": "2796", "regex": "false"},
	{"name_s": "/usr/lib64/libreoffice/share/config/soffice.cfg/cui/ui/res/uk/hyphenate", "size_i": "313", "regex": "false"},
	{"name_s": "/usr/lib64/libreoffice/share/config/soffice.cfg/cui/ui/res/uk/insertfloatingframe", "size_i": "815", "regex": "false"},
	{"name_s": "/usr/lib64/libreoffice/share/config/soffice.cfg/cui/ui/res/uk/insertoleobject", "size_i": "445", "regex": "false"},
	{"name_s": "/usr/lib64/libreoffice/share/config/soffice.cfg/cui/ui/res/uk/insertplugin", "size_i": "253", "regex": "false"},
	{"name_s": "/usr/lib64/libreoffice/share/config/soffice.cfg/cui/ui/res/uk/insertrowcolumn", "size_i": "326", "regex": "false"},
	{"name_s": "/usr/lib64/libreoffice/share/config/soffice.cfg/cui/ui/res/uk/macroselectordialog", "size_i": "964", "regex": "false"},
	{"name_s": "/usr/lib64/libreoffice/share/config/soffice.cfg/cui/ui/res/uk/personalization_tab", "size_i": "926", "regex": "false"},
	{"name_s": "/usr/lib64/libreoffice/share/config/soffice.cfg/cui/ui/res/uk/positionpage", "size_i": "1147", "regex": "false"},
	{"name_s": "/usr/lib64/libreoffice/share/config/soffice.cfg/cui/ui/res/uk/scriptorganizer", "size_i": "363", "regex": "false"},
	{"name_s": "/usr/lib64/libreoffice/share/config/soffice.cfg/cui/ui/res/uk/select_persona_dialog", "size_i": "730", "regex": "false"},
	{"name_s": "/usr/lib64/libreoffice/share/config/soffice.cfg/cui/ui/res/uk/specialcharacters", "size_i": "254", "regex": "false"},
	{"name_s": "/usr/lib64/libreoffice/share/config/soffice.cfg/cui/ui/res/uk/thesaurus", "size_i": "338", "regex": "false"},
	{"name_s": "/usr/lib64/libreoffice/share/config/soffice.cfg/cui/ui/res/uk/twolinespage", "size_i": "808", "regex": "false"},
	{"name_s": "/usr/lib64/libreoffice/share/config/soffice.cfg/cui/ui/res/uk/zoomdialog", "size_i": "668", "regex": "false"},
	{"name_s": "/usr/lib64/libreoffice/share/config/soffice.cfg/desktop/ui/res/uk", "size_i": "4096", "regex": "false"},
	{"name_s": "/usr/lib64/libreoffice/share/config/soffice.cfg/desktop/ui/res/uk/extensionmanager", "size_i": "622", "regex": "false"},
	{"name_s": "/usr/lib64/libreoffice/share/config/soffice.cfg/filter/ui/res/uk", "size_i": "4096", "regex": "false"},
	{"name_s": "/usr/lib64/libreoffice/share/config/soffice.cfg/filter/ui/res/uk/testxmlfilter", "size_i": "826", "regex": "false"},
	{"name_s": "/usr/lib64/libreoffice/share/config/soffice.cfg/filter/ui/res/uk/xmlfiltersettings", "size_i": "452", "regex": "false"},
	{"name_s": "/usr/lib64/libreoffice/share/config/soffice.cfg/modules/BasicIDE/ui/res/uk", "size_i": "4096", "regex": "false"},
	{"name_s": "/usr/lib64/libreoffice/share/config/soffice.cfg/modules/BasicIDE/ui/res/uk/basicmacrodialog", "size_i": "689", "regex": "false"},
	{"name_s": "/usr/lib64/libreoffice/share/config/soffice.cfg/modules/scalc/ui/res/uk", "size_i": "4096", "regex": "false"},
	{"name_s": "/usr/lib64/libreoffice/share/config/soffice.cfg/modules/scalc/ui/res/uk/printeroptions", "size_i": "193", "regex": "false"},
	{"name_s": "/usr/lib64/libreoffice/share/config/soffice.cfg/modules/scalc/ui/res/uk/sortcriteriapage", "size_i": "47", "regex": "false"},
	{"name_s": "/usr/lib64/libreoffice/share/config/soffice.cfg/modules/scalc/ui/res/uk/sortkey", "size_i": "213", "regex": "false"},
	{"name_s": "/usr/lib64/libreoffice/share/config/soffice.cfg/modules/scalc/ui/res/uk/sortoptionspage", "size_i": "865", "regex": "false"},
	{"name_s": "/usr/lib64/libreoffice/share/config/soffice.cfg/modules/scalc/ui/res/uk/textimportoptions", "size_i": "451", "regex": "false"},
	{"name_s": "/usr/lib64/libreoffice/share/config/soffice.cfg/modules/sdraw/ui/res/uk", "size_i": "4096", "regex": "false"},
	{"name_s": "/usr/lib64/libreoffice/share/config/soffice.cfg/modules/sdraw/ui/res/uk/printeroptions", "size_i": "676", "regex": "false"},
	{"name_s": "/usr/lib64/libreoffice/share/config/soffice.cfg/modules/simpress/ui/res/uk", "size_i": "4096", "regex": "false"},
	{"name_s": "/usr/lib64/libreoffice/share/config/soffice.cfg/modules/simpress/ui/res/uk/printeroptions", "size_i": "725", "regex": "false"},
	{"name_s": "/usr/lib64/libreoffice/share/config/soffice.cfg/modules/smath/ui/res/uk", "size_i": "4096", "regex": "false"},
	{"name_s": "/usr/lib64/libreoffice/share/config/soffice.cfg/modules/smath/ui/res/uk/printeroptions", "size_i": "425", "regex": "false"},
	{"name_s": "/usr/lib64/libreoffice/share/config/soffice.cfg/modules/swriter/ui/res/uk", "size_i": "4096", "regex": "false"},
	{"name_s": "/usr/lib64/libreoffice/share/config/soffice.cfg/modules/swriter/ui/res/uk/autoformattable", "size_i": "522", "regex": "false"},
	{"name_s": "/usr/lib64/libreoffice/share/config/soffice.cfg/modules/swriter/ui/res/uk/bibliographyentry", "size_i": "578", "regex": "false"},
	{"name_s": "/usr/lib64/libreoffice/share/config/soffice.cfg/modules/swriter/ui/res/uk/charurlpage", "size_i": "530", "regex": "false"},
	{"name_s": "/usr/lib64/libreoffice/share/config/soffice.cfg/modules/swriter/ui/res/uk/columnwidth", "size_i": "225", "regex": "false"},
	{"name_s": "/usr/lib64/libreoffice/share/config/soffice.cfg/modules/swriter/ui/res/uk/converttexttable", "size_i": "843", "regex": "false"},
	{"name_s": "/usr/lib64/libreoffice/share/config/soffice.cfg/modules/swriter/ui/res/uk/endnotepage", "size_i": "537", "regex": "false"},
	{"name_s": "/usr/lib64/libreoffice/share/config/soffice.cfg/modules/swriter/ui/res/uk/footnotepage", "size_i": "1142", "regex": "false"},
	{"name_s": "/usr/lib64/libreoffice/share/config/soffice.cfg/modules/swriter/ui/res/uk/indexentry", "size_i": "1050", "regex": "false"},
	{"name_s": "/usr/lib64/libreoffice/share/config/soffice.cfg/modules/swriter/ui/res/uk/insertbookmark", "size_i": "166", "regex": "false"},
	{"name_s": "/usr/lib64/libreoffice/share/config/soffice.cfg/modules/swriter/ui/res/uk/insertbreak", "size_i": "478", "regex": "false"},
	{"name_s": "/usr/lib64/libreoffice/share/config/soffice.cfg/modules/swriter/ui/res/uk/insertfootnote", "size_i": "455", "regex": "false"},
	{"name_s": "/usr/lib64/libreoffice/share/config/soffice.cfg/modules/swriter/ui/res/uk/insertscript", "size_i": "314", "regex": "false"},
	{"name_s": "/usr/lib64/libreoffice/share/config/soffice.cfg/modules/swriter/ui/res/uk/inserttable", "size_i": "766", "regex": "false"},
	{"name_s": "/usr/lib64/libreoffice/share/config/soffice.cfg/modules/swriter/ui/res/uk/linenumbering", "size_i": "1134", "regex": "false"},
	{"name_s": "/usr/lib64/libreoffice/share/config/soffice.cfg/modules/swriter/ui/res/uk/outlinenumberingpage", "size_i": "492", "regex": "false"},
	{"name_s": "/usr/lib64/libreoffice/share/config/soffice.cfg/modules/swriter/ui/res/uk/outlinepositionpage", "size_i": "1086", "regex": "false"},
	{"name_s": "/usr/lib64/libreoffice/share/config/soffice.cfg/modules/swriter/ui/res/uk/printeroptions", "size_i": "765", "regex": "false"},
	{"name_s": "/usr/lib64/libreoffice/share/config/soffice.cfg/modules/swriter/ui/res/uk/sortdialog", "size_i": "1064", "regex": "false"},
	{"name_s": "/usr/lib64/libreoffice/share/config/soffice.cfg/modules/swriter/ui/res/uk/splittable", "size_i": "492", "regex": "false"},
	{"name_s": "/usr/lib64/libreoffice/share/config/soffice.cfg/modules/swriter/ui/res/uk/stringinput", "size_i": "79", "regex": "false"},
	{"name_s": "/usr/lib64/libreoffice/share/config/soffice.cfg/modules/swriter/ui/res/uk/titlepage", "size_i": "1329", "regex": "false"},
	{"name_s": "/usr/lib64/libreoffice/share/config/soffice.cfg/modules/swriter/ui/res/uk/wordcount", "size_i": "471", "regex": "false"},
	{"name_s": "/usr/lib64/libreoffice/share/config/soffice.cfg/sfx/ui/res/uk", "size_i": "4096", "regex": "false"},
	{"name_s": "/usr/lib64/libreoffice/share/config/soffice.cfg/sfx/ui/res/uk/checkin", "size_i": "209", "regex": "false"},
	{"name_s": "/usr/lib64/libreoffice/share/config/soffice.cfg/sfx/ui/res/uk/password", "size_i": "405", "regex": "false"},
	{"name_s": "/usr/lib64/libreoffice/share/config/soffice.cfg/svt/ui/res/uk", "size_i": "4096", "regex": "false"},
	{"name_s": "/usr/lib64/libreoffice/share/config/soffice.cfg/svt/ui/res/uk/graphicexport", "size_i": "2008", "regex": "false"},
	{"name_s": "/usr/lib64/libreoffice/share/config/soffice.cfg/svt/ui/res/uk/placeedit", "size_i": "954", "regex": "false"},
	{"name_s": "/usr/lib64/libreoffice/share/config/soffice.cfg/svt/ui/res/uk/restartdialog", "size_i": "620", "regex": "false"},
	{"name_s": "/usr/lib64/libreoffice/share/config/soffice.cfg/svx/ui/res/uk", "size_i": "4096", "regex": "false"},
	{"name_s": "/usr/lib64/libreoffice/share/config/soffice.cfg/svx/ui/res/uk/compressgraphicdialog", "size_i": "1039", "regex": "false"},
	{"name_s": "/usr/lib64/libreoffice/share/config/soffice.cfg/vcl/ui/res/uk", "size_i": "4096", "regex": "false"},
	{"name_s": "/usr/lib64/libreoffice/share/config/soffice.cfg/vcl/ui/res/uk/printdialog", "size_i": "3468", "regex": "false"},
	{"name_s": "/usr/lib64/libreoffice/share/registry/Langpack-uk.xcd", "size_i": "478", "regex": "false"},
	{"name_s": "/usr/lib64/libreoffice/share/registry/res/fcfg_langpack_uk.xcd", "size_i": "10055", "regex": "false"},
	{"name_s": "/usr/lib64/libreoffice/share/registry/res/registry_uk.xcd", "size_i": "1153129", "regex": "false"},
	{"name_s": "/usr/lib64/libreoffice/share/template/uk", "size_i": "4096", "regex": "false"}
]
