[
	{"name_s": "/usr/lib64/libreoffice/program/libpyuno.so", "size_i": "217184", "regex": "false"},
	{"name_s": "/usr/lib64/libreoffice/program/pythonloader.py", "size_i": "6852", "regex": "false"},
	{"name_s": "/usr/lib64/libreoffice/program/pythonloader.pyc", "size_i": "5914", "regex": "false"},
	{"name_s": "/usr/lib64/libreoffice/program/pythonloader.pyo", "size_i": "5914", "regex": "false"},
	{"name_s": "/usr/lib64/libreoffice/program/pythonloader.uno.so", "size_i": "25680", "regex": "false"},
	{"name_s": "/usr/lib64/libreoffice/program/pythonloader.unorc", "size_i": "44", "regex": "false"},
	{"name_s": "/usr/lib64/libreoffice/program/pythonscript.py", "size_i": "39827", "regex": "false"},
	{"name_s": "/usr/lib64/libreoffice/program/pythonscript.pyc", "size_i": "42850", "regex": "false"},
	{"name_s": "/usr/lib64/libreoffice/program/pythonscript.pyo", "size_i": "42850", "regex": "false"},
	{"name_s": "/usr/lib64/libreoffice/program/pyuno.so", "size_i": "5032", "regex": "false"},
	{"name_s": "/usr/lib64/libreoffice/program/services/scriptproviderforpython.rdb", "size_i": "1297", "regex": "false"},
	{"name_s": "/usr/lib64/libreoffice/program/wizards", "size_i": "4096", "regex": "false"},
	{"name_s": "/usr/lib64/libreoffice/program/wizards/__init__.py", "size_i": "0", "regex": "false"},
	{"name_s": "/usr/lib64/libreoffice/program/wizards/__init__.pyc", "size_i": "137", "regex": "false"},
	{"name_s": "/usr/lib64/libreoffice/program/wizards/__init__.pyo", "size_i": "137", "regex": "false"},
	{"name_s": "/usr/lib64/libreoffice/program/wizards/common", "size_i": "4096", "regex": "false"},
	{"name_s": "/usr/lib64/libreoffice/program/wizards/common/ConfigGroup.py", "size_i": "2156", "regex": "false"},
	{"name_s": "/usr/lib64/libreoffice/program/wizards/common/ConfigGroup.pyc", "size_i": "1920", "regex": "false"},
	{"name_s": "/usr/lib64/libreoffice/program/wizards/common/ConfigGroup.pyo", "size_i": "1920", "regex": "false"},
	{"name_s": "/usr/lib64/libreoffice/program/wizards/common/ConfigNode.py", "size_i": "1070", "regex": "false"},
	{"name_s": "/usr/lib64/libreoffice/program/wizards/common/ConfigNode.pyc", "size_i": "874", "regex": "false"},
	{"name_s": "/usr/lib64/libreoffice/program/wizards/common/ConfigNode.pyo", "size_i": "874", "regex": "false"},
	{"name_s": "/usr/lib64/libreoffice/program/wizards/common/ConfigSet.py", "size_i": "6554", "regex": "false"},
	{"name_s": "/usr/lib64/libreoffice/program/wizards/common/ConfigSet.pyc", "size_i": "6247", "regex": "false"},
	{"name_s": "/usr/lib64/libreoffice/program/wizards/common/ConfigSet.pyo", "size_i": "6247", "regex": "false"},
	{"name_s": "/usr/lib64/libreoffice/program/wizards/common/Configuration.py", "size_i": "1820", "regex": "false"},
	{"name_s": "/usr/lib64/libreoffice/program/wizards/common/Configuration.pyc", "size_i": "1349", "regex": "false"},
	{"name_s": "/usr/lib64/libreoffice/program/wizards/common/Configuration.pyo", "size_i": "1349", "regex": "false"},
	{"name_s": "/usr/lib64/libreoffice/program/wizards/common/DebugHelper.py", "size_i": "990", "regex": "false"},
	{"name_s": "/usr/lib64/libreoffice/program/wizards/common/DebugHelper.pyc", "size_i": "777", "regex": "false"},
	{"name_s": "/usr/lib64/libreoffice/program/wizards/common/DebugHelper.pyo", "size_i": "777", "regex": "false"},
	{"name_s": "/usr/lib64/libreoffice/program/wizards/common/Desktop.py", "size_i": "4485", "regex": "false"},
	{"name_s": "/usr/lib64/libreoffice/program/wizards/common/Desktop.pyc", "size_i": "4163", "regex": "false"},
	{"name_s": "/usr/lib64/libreoffice/program/wizards/common/Desktop.pyo", "size_i": "4163", "regex": "false"},
	{"name_s": "/usr/lib64/libreoffice/program/wizards/common/FileAccess.py", "size_i": "8943", "regex": "false"},
	{"name_s": "/usr/lib64/libreoffice/program/wizards/common/FileAccess.pyc", "size_i": "6304", "regex": "false"},
	{"name_s": "/usr/lib64/libreoffice/program/wizards/common/FileAccess.pyo", "size_i": "6304", "regex": "false"},
	{"name_s": "/usr/lib64/libreoffice/program/wizards/common/HelpIds.py", "size_i": "39735", "regex": "false"},
	{"name_s": "/usr/lib64/libreoffice/program/wizards/common/HelpIds.pyc", "size_i": "31874", "regex": "false"},
	{"name_s": "/usr/lib64/libreoffice/program/wizards/common/HelpIds.pyo", "size_i": "31874", "regex": "false"},
	{"name_s": "/usr/lib64/libreoffice/program/wizards/common/NoValidPathException.py", "size_i": "1160", "regex": "false"},
	{"name_s": "/usr/lib64/libreoffice/program/wizards/common/NoValidPathException.pyc", "size_i": "767", "regex": "false"},
	{"name_s": "/usr/lib64/libreoffice/program/wizards/common/NoValidPathException.pyo", "size_i": "767", "regex": "false"},
	{"name_s": "/usr/lib64/libreoffice/program/wizards/common/NumberFormatter.py", "size_i": "8730", "regex": "false"},
	{"name_s": "/usr/lib64/libreoffice/program/wizards/common/NumberFormatter.pyc", "size_i": "7026", "regex": "false"},
	{"name_s": "/usr/lib64/libreoffice/program/wizards/common/NumberFormatter.pyo", "size_i": "7026", "regex": "false"},
	{"name_s": "/usr/lib64/libreoffice/program/wizards/common/Properties.py", "size_i": "1961", "regex": "false"},
	{"name_s": "/usr/lib64/libreoffice/program/wizards/common/Properties.pyc", "size_i": "1666", "regex": "false"},
	{"name_s": "/usr/lib64/libreoffice/program/wizards/common/Properties.pyo", "size_i": "1666", "regex": "false"},
	{"name_s": "/usr/lib64/libreoffice/program/wizards/common/PropertyNames.py", "size_i": "1242", "regex": "false"},
	{"name_s": "/usr/lib64/libreoffice/program/wizards/common/PropertyNames.pyc", "size_i": "885", "regex": "false"},
	{"name_s": "/usr/lib64/libreoffice/program/wizards/common/PropertyNames.pyo", "size_i": "885", "regex": "false"},
	{"name_s": "/usr/lib64/libreoffice/program/wizards/common/PropertySetHelper.py", "size_i": "9277", "regex": "false"},
	{"name_s": "/usr/lib64/libreoffice/program/wizards/common/PropertySetHelper.pyc", "size_i": "6355", "regex": "false"},
	{"name_s": "/usr/lib64/libreoffice/program/wizards/common/PropertySetHelper.pyo", "size_i": "6355", "regex": "false"},
	{"name_s": "/usr/lib64/libreoffice/program/wizards/common/Resource.py", "size_i": "2565", "regex": "false"},
	{"name_s": "/usr/lib64/libreoffice/program/wizards/common/Resource.pyc", "size_i": "2462", "regex": "false"},
	{"name_s": "/usr/lib64/libreoffice/program/wizards/common/Resource.pyo", "size_i": "2462", "regex": "false"},
	{"name_s": "/usr/lib64/libreoffice/program/wizards/common/SystemDialog.py", "size_i": "8115", "regex": "false"},
	{"name_s": "/usr/lib64/libreoffice/program/wizards/common/SystemDialog.pyc", "size_i": "7558", "regex": "false"},
	{"name_s": "/usr/lib64/libreoffice/program/wizards/common/SystemDialog.pyo", "size_i": "7558", "regex": "false"},
	{"name_s": "/usr/lib64/libreoffice/program/wizards/common/__init__.py", "size_i": "0", "regex": "false"},
	{"name_s": "/usr/lib64/libreoffice/program/wizards/common/__init__.pyc", "size_i": "144", "regex": "false"},
	{"name_s": "/usr/lib64/libreoffice/program/wizards/common/__init__.pyo", "size_i": "144", "regex": "false"},
	{"name_s": "/usr/lib64/libreoffice/program/wizards/document", "size_i": "4096", "regex": "false"},
	{"name_s": "/usr/lib64/libreoffice/program/wizards/document/OfficeDocument.py", "size_i": "10347", "regex": "false"},
	{"name_s": "/usr/lib64/libreoffice/program/wizards/document/OfficeDocument.pyc", "size_i": "8501", "regex": "false"},
	{"name_s": "/usr/lib64/libreoffice/program/wizards/document/OfficeDocument.pyo", "size_i": "8501", "regex": "false"},
	{"name_s": "/usr/lib64/libreoffice/program/wizards/document/__init__.py", "size_i": "0", "regex": "false"},
	{"name_s": "/usr/lib64/libreoffice/program/wizards/document/__init__.pyc", "size_i": "146", "regex": "false"},
	{"name_s": "/usr/lib64/libreoffice/program/wizards/document/__init__.pyo", "size_i": "146", "regex": "false"},
	{"name_s": "/usr/lib64/libreoffice/program/wizards/fax", "size_i": "4096", "regex": "false"},
	{"name_s": "/usr/lib64/libreoffice/program/wizards/fax/CGFax.py", "size_i": "1861", "regex": "false"},
	{"name_s": "/usr/lib64/libreoffice/program/wizards/fax/CGFax.pyc", "size_i": "1460", "regex": "false"},
	{"name_s": "/usr/lib64/libreoffice/program/wizards/fax/CGFax.pyo", "size_i": "1460", "regex": "false"},
	{"name_s": "/usr/lib64/libreoffice/program/wizards/fax/CGFaxWizard.py", "size_i": "1035", "regex": "false"},
	{"name_s": "/usr/lib64/libreoffice/program/wizards/fax/CGFaxWizard.pyc", "size_i": "729", "regex": "false"},
	{"name_s": "/usr/lib64/libreoffice/program/wizards/fax/CGFaxWizard.pyo", "size_i": "729", "regex": "false"},
	{"name_s": "/usr/lib64/libreoffice/program/wizards/fax/CallWizard.py", "size_i": "2074", "regex": "false"},
	{"name_s": "/usr/lib64/libreoffice/program/wizards/fax/CallWizard.pyc", "size_i": "1411", "regex": "false"},
	{"name_s": "/usr/lib64/libreoffice/program/wizards/fax/CallWizard.pyo", "size_i": "1411", "regex": "false"},
	{"name_s": "/usr/lib64/libreoffice/program/wizards/fax/FaxDocument.py", "size_i": "5916", "regex": "false"},
	{"name_s": "/usr/lib64/libreoffice/program/wizards/fax/FaxDocument.pyc", "size_i": "5034", "regex": "false"},
	{"name_s": "/usr/lib64/libreoffice/program/wizards/fax/FaxDocument.pyo", "size_i": "5034", "regex": "false"},
	{"name_s": "/usr/lib64/libreoffice/program/wizards/fax/FaxWizardDialog.py", "size_i": "33216", "regex": "false"},
	{"name_s": "/usr/lib64/libreoffice/program/wizards/fax/FaxWizardDialog.pyc", "size_i": "14931", "regex": "false"},
	{"name_s": "/usr/lib64/libreoffice/program/wizards/fax/FaxWizardDialog.pyo", "size_i": "14931", "regex": "false"},
	{"name_s": "/usr/lib64/libreoffice/program/wizards/fax/FaxWizardDialogConst.py", "size_i": "5263", "regex": "false"},
	{"name_s": "/usr/lib64/libreoffice/program/wizards/fax/FaxWizardDialogConst.pyc", "size_i": "4716", "regex": "false"},
	{"name_s": "/usr/lib64/libreoffice/program/wizards/fax/FaxWizardDialogConst.pyo", "size_i": "4716", "regex": "false"},
	{"name_s": "/usr/lib64/libreoffice/program/wizards/fax/FaxWizardDialogImpl.py", "size_i": "27283", "regex": "false"},
	{"name_s": "/usr/lib64/libreoffice/program/wizards/fax/FaxWizardDialogImpl.pyc", "size_i": "25727", "regex": "false"},
	{"name_s": "/usr/lib64/libreoffice/program/wizards/fax/FaxWizardDialogImpl.pyo", "size_i": "25727", "regex": "false"},
	{"name_s": "/usr/lib64/libreoffice/program/wizards/fax/FaxWizardDialogResources.py", "size_i": "9563", "regex": "false"},
	{"name_s": "/usr/lib64/libreoffice/program/wizards/fax/FaxWizardDialogResources.pyc", "size_i": "5747", "regex": "false"},
	{"name_s": "/usr/lib64/libreoffice/program/wizards/fax/FaxWizardDialogResources.pyo", "size_i": "5747", "regex": "false"},
	{"name_s": "/usr/lib64/libreoffice/program/wizards/fax/__init__.py", "size_i": "1", "regex": "false"},
	{"name_s": "/usr/lib64/libreoffice/program/wizards/fax/__init__.pyc", "size_i": "141", "regex": "false"},
	{"name_s": "/usr/lib64/libreoffice/program/wizards/fax/__init__.pyo", "size_i": "141", "regex": "false"},
	{"name_s": "/usr/lib64/libreoffice/program/wizards/letter", "size_i": "4096", "regex": "false"},
	{"name_s": "/usr/lib64/libreoffice/program/wizards/letter/CGLetter.py", "size_i": "2194", "regex": "false"},
	{"name_s": "/usr/lib64/libreoffice/program/wizards/letter/CGLetter.pyc", "size_i": "1769", "regex": "false"},
	{"name_s": "/usr/lib64/libreoffice/program/wizards/letter/CGLetter.pyo", "size_i": "1769", "regex": "false"},
	{"name_s": "/usr/lib64/libreoffice/program/wizards/letter/CGLetterWizard.py", "size_i": "1110", "regex": "false"},
	{"name_s": "/usr/lib64/libreoffice/program/wizards/letter/CGLetterWizard.pyc", "size_i": "805", "regex": "false"},
	{"name_s": "/usr/lib64/libreoffice/program/wizards/letter/CGLetterWizard.pyo", "size_i": "805", "regex": "false"},
	{"name_s": "/usr/lib64/libreoffice/program/wizards/letter/CGPaperElementLocation.py", "size_i": "1067", "regex": "false"},
	{"name_s": "/usr/lib64/libreoffice/program/wizards/letter/CGPaperElementLocation.pyc", "size_i": "781", "regex": "false"},
	{"name_s": "/usr/lib64/libreoffice/program/wizards/letter/CGPaperElementLocation.pyo", "size_i": "781", "regex": "false"},
	{"name_s": "/usr/lib64/libreoffice/program/wizards/letter/CallWizard.py", "size_i": "2086", "regex": "false"},
	{"name_s": "/usr/lib64/libreoffice/program/wizards/letter/CallWizard.pyc", "size_i": "1429", "regex": "false"},
	{"name_s": "/usr/lib64/libreoffice/program/wizards/letter/CallWizard.pyo", "size_i": "1429", "regex": "false"},
	{"name_s": "/usr/lib64/libreoffice/program/wizards/letter/LetterDocument.py", "size_i": "9530", "regex": "false"},
	{"name_s": "/usr/lib64/libreoffice/program/wizards/letter/LetterDocument.pyc", "size_i": "8432", "regex": "false"},
	{"name_s": "/usr/lib64/libreoffice/program/wizards/letter/LetterDocument.pyo", "size_i": "8432", "regex": "false"},
	{"name_s": "/usr/lib64/libreoffice/program/wizards/letter/LetterWizardDialog.py", "size_i": "55290", "regex": "false"},
	{"name_s": "/usr/lib64/libreoffice/program/wizards/letter/LetterWizardDialog.pyc", "size_i": "21902", "regex": "false"},
	{"name_s": "/usr/lib64/libreoffice/program/wizards/letter/LetterWizardDialog.pyo", "size_i": "21902", "regex": "false"},
	{"name_s": "/usr/lib64/libreoffice/program/wizards/letter/LetterWizardDialogConst.py", "size_i": "4197", "regex": "false"},
	{"name_s": "/usr/lib64/libreoffice/program/wizards/letter/LetterWizardDialogConst.pyc", "size_i": "4049", "regex": "false"},
	{"name_s": "/usr/lib64/libreoffice/program/wizards/letter/LetterWizardDialogConst.pyo", "size_i": "4049", "regex": "false"},
	{"name_s": "/usr/lib64/libreoffice/program/wizards/letter/LetterWizardDialogImpl.py", "size_i": "43619", "regex": "false"},
	{"name_s": "/usr/lib64/libreoffice/program/wizards/letter/LetterWizardDialogImpl.pyc", "size_i": "37735", "regex": "false"},
	{"name_s": "/usr/lib64/libreoffice/program/wizards/letter/LetterWizardDialogImpl.pyo", "size_i": "37735", "regex": "false"},
	{"name_s": "/usr/lib64/libreoffice/program/wizards/letter/LetterWizardDialogResources.py", "size_i": "12904", "regex": "false"},
	{"name_s": "/usr/lib64/libreoffice/program/wizards/letter/LetterWizardDialogResources.pyc", "size_i": "6411", "regex": "false"},
	{"name_s": "/usr/lib64/libreoffice/program/wizards/letter/LetterWizardDialogResources.pyo", "size_i": "6411", "regex": "false"},
	{"name_s": "/usr/lib64/libreoffice/program/wizards/letter/__init__.py", "size_i": "0", "regex": "false"},
	{"name_s": "/usr/lib64/libreoffice/program/wizards/letter/__init__.pyc", "size_i": "144", "regex": "false"},
	{"name_s": "/usr/lib64/libreoffice/program/wizards/letter/__init__.pyo", "size_i": "144", "regex": "false"},
	{"name_s": "/usr/lib64/libreoffice/program/wizards/text", "size_i": "4096", "regex": "false"},
	{"name_s": "/usr/lib64/libreoffice/program/wizards/text/TextDocument.py", "size_i": "10699", "regex": "false"},
	{"name_s": "/usr/lib64/libreoffice/program/wizards/text/TextDocument.pyc", "size_i": "8661", "regex": "false"},
	{"name_s": "/usr/lib64/libreoffice/program/wizards/text/TextDocument.pyo", "size_i": "8661", "regex": "false"},
	{"name_s": "/usr/lib64/libreoffice/program/wizards/text/TextElement.py", "size_i": "1072", "regex": "false"},
	{"name_s": "/usr/lib64/libreoffice/program/wizards/text/TextElement.pyc", "size_i": "839", "regex": "false"},
	{"name_s": "/usr/lib64/libreoffice/program/wizards/text/TextElement.pyo", "size_i": "839", "regex": "false"},
	{"name_s": "/usr/lib64/libreoffice/program/wizards/text/TextFieldHandler.py", "size_i": "6050", "regex": "false"},
	{"name_s": "/usr/lib64/libreoffice/program/wizards/text/TextFieldHandler.pyc", "size_i": "5659", "regex": "false"},
	{"name_s": "/usr/lib64/libreoffice/program/wizards/text/TextFieldHandler.pyo", "size_i": "5659", "regex": "false"},
	{"name_s": "/usr/lib64/libreoffice/program/wizards/text/TextSectionHandler.py", "size_i": "5462", "regex": "false"},
	{"name_s": "/usr/lib64/libreoffice/program/wizards/text/TextSectionHandler.pyc", "size_i": "5070", "regex": "false"},
	{"name_s": "/usr/lib64/libreoffice/program/wizards/text/TextSectionHandler.pyo", "size_i": "5070", "regex": "false"},
	{"name_s": "/usr/lib64/libreoffice/program/wizards/text/__init__.py", "size_i": "0", "regex": "false"},
	{"name_s": "/usr/lib64/libreoffice/program/wizards/text/__init__.pyc", "size_i": "142", "regex": "false"},
	{"name_s": "/usr/lib64/libreoffice/program/wizards/text/__init__.pyo", "size_i": "142", "regex": "false"},
	{"name_s": "/usr/lib64/libreoffice/program/wizards/ui", "size_i": "4096", "regex": "false"},
	{"name_s": "/usr/lib64/libreoffice/program/wizards/ui/ControlScroller.py", "size_i": "9990", "regex": "false"},
	{"name_s": "/usr/lib64/libreoffice/program/wizards/ui/ControlScroller.pyc", "size_i": "8160", "regex": "false"},
	{"name_s": "/usr/lib64/libreoffice/program/wizards/ui/ControlScroller.pyo", "size_i": "8160", "regex": "false"},
	{"name_s": "/usr/lib64/libreoffice/program/wizards/ui/DocumentPreview.py", "size_i": "3788", "regex": "false"},
	{"name_s": "/usr/lib64/libreoffice/program/wizards/ui/DocumentPreview.pyc", "size_i": "3293", "regex": "false"},
	{"name_s": "/usr/lib64/libreoffice/program/wizards/ui/DocumentPreview.pyo", "size_i": "3293", "regex": "false"},
	{"name_s": "/usr/lib64/libreoffice/program/wizards/ui/ImageList.py", "size_i": "18510", "regex": "false"},
	{"name_s": "/usr/lib64/libreoffice/program/wizards/ui/ImageList.pyc", "size_i": "17406", "regex": "false"},
	{"name_s": "/usr/lib64/libreoffice/program/wizards/ui/ImageList.pyo", "size_i": "17406", "regex": "false"},
	{"name_s": "/usr/lib64/libreoffice/program/wizards/ui/PathSelection.py", "size_i": "5710", "regex": "false"},
	{"name_s": "/usr/lib64/libreoffice/program/wizards/ui/PathSelection.pyc", "size_i": "4528", "regex": "false"},
	{"name_s": "/usr/lib64/libreoffice/program/wizards/ui/PathSelection.pyo", "size_i": "4528", "regex": "false"},
	{"name_s": "/usr/lib64/libreoffice/program/wizards/ui/PeerConfig.py", "size_i": "3050", "regex": "false"},
	{"name_s": "/usr/lib64/libreoffice/program/wizards/ui/PeerConfig.pyc", "size_i": "2949", "regex": "false"},
	{"name_s": "/usr/lib64/libreoffice/program/wizards/ui/PeerConfig.pyo", "size_i": "2949", "regex": "false"},
	{"name_s": "/usr/lib64/libreoffice/program/wizards/ui/UIConsts.py", "size_i": "2075", "regex": "false"},
	{"name_s": "/usr/lib64/libreoffice/program/wizards/ui/UIConsts.pyc", "size_i": "1784", "regex": "false"},
	{"name_s": "/usr/lib64/libreoffice/program/wizards/ui/UIConsts.pyo", "size_i": "1784", "regex": "false"},
	{"name_s": "/usr/lib64/libreoffice/program/wizards/ui/UnoDialog.py", "size_i": "14040", "regex": "false"},
	{"name_s": "/usr/lib64/libreoffice/program/wizards/ui/UnoDialog.pyc", "size_i": "11707", "regex": "false"},
	{"name_s": "/usr/lib64/libreoffice/program/wizards/ui/UnoDialog.pyo", "size_i": "11707", "regex": "false"},
	{"name_s": "/usr/lib64/libreoffice/program/wizards/ui/UnoDialog2.py", "size_i": "10282", "regex": "false"},
	{"name_s": "/usr/lib64/libreoffice/program/wizards/ui/UnoDialog2.pyc", "size_i": "9056", "regex": "false"},
	{"name_s": "/usr/lib64/libreoffice/program/wizards/ui/UnoDialog2.pyo", "size_i": "9056", "regex": "false"},
	{"name_s": "/usr/lib64/libreoffice/program/wizards/ui/WizardDialog.py", "size_i": "18045", "regex": "false"},
	{"name_s": "/usr/lib64/libreoffice/program/wizards/ui/WizardDialog.pyc", "size_i": "16265", "regex": "false"},
	{"name_s": "/usr/lib64/libreoffice/program/wizards/ui/WizardDialog.pyo", "size_i": "16265", "regex": "false"},
	{"name_s": "/usr/lib64/libreoffice/program/wizards/ui/__init__.py", "size_i": "0", "regex": "false"},
	{"name_s": "/usr/lib64/libreoffice/program/wizards/ui/__init__.pyc", "size_i": "140", "regex": "false"},
	{"name_s": "/usr/lib64/libreoffice/program/wizards/ui/__init__.pyo", "size_i": "140", "regex": "false"},
	{"name_s": "/usr/lib64/libreoffice/program/wizards/ui/event", "size_i": "4096", "regex": "false"},
	{"name_s": "/usr/lib64/libreoffice/program/wizards/ui/event/CommonListener.py", "size_i": "3451", "regex": "false"},
	{"name_s": "/usr/lib64/libreoffice/program/wizards/ui/event/CommonListener.pyc", "size_i": "5706", "regex": "false"},
	{"name_s": "/usr/lib64/libreoffice/program/wizards/ui/event/CommonListener.pyo", "size_i": "5706", "regex": "false"},
	{"name_s": "/usr/lib64/libreoffice/program/wizards/ui/event/DataAware.py", "size_i": "3921", "regex": "false"},
	{"name_s": "/usr/lib64/libreoffice/program/wizards/ui/event/DataAware.pyc", "size_i": "2692", "regex": "false"},
	{"name_s": "/usr/lib64/libreoffice/program/wizards/ui/event/DataAware.pyo", "size_i": "2692", "regex": "false"},
	{"name_s": "/usr/lib64/libreoffice/program/wizards/ui/event/ListModelBinder.py", "size_i": "3136", "regex": "false"},
	{"name_s": "/usr/lib64/libreoffice/program/wizards/ui/event/ListModelBinder.pyc", "size_i": "4304", "regex": "false"},
	{"name_s": "/usr/lib64/libreoffice/program/wizards/ui/event/ListModelBinder.pyo", "size_i": "4304", "regex": "false"},
	{"name_s": "/usr/lib64/libreoffice/program/wizards/ui/event/RadioDataAware.py", "size_i": "1759", "regex": "false"},
	{"name_s": "/usr/lib64/libreoffice/program/wizards/ui/event/RadioDataAware.pyc", "size_i": "1781", "regex": "false"},
	{"name_s": "/usr/lib64/libreoffice/program/wizards/ui/event/RadioDataAware.pyo", "size_i": "1781", "regex": "false"},
	{"name_s": "/usr/lib64/libreoffice/program/wizards/ui/event/UnoDataAware.py", "size_i": "3796", "regex": "false"},
	{"name_s": "/usr/lib64/libreoffice/program/wizards/ui/event/UnoDataAware.pyc", "size_i": "4087", "regex": "false"},
	{"name_s": "/usr/lib64/libreoffice/program/wizards/ui/event/UnoDataAware.pyo", "size_i": "4087", "regex": "false"},
	{"name_s": "/usr/lib64/libreoffice/program/wizards/ui/event/__init__.py", "size_i": "0", "regex": "false"},
	{"name_s": "/usr/lib64/libreoffice/program/wizards/ui/event/__init__.pyc", "size_i": "146", "regex": "false"},
	{"name_s": "/usr/lib64/libreoffice/program/wizards/ui/event/__init__.pyo", "size_i": "146", "regex": "false"},
	{"name_s": "/usr/lib64/libreoffice/share/Scripts/python", "size_i": "4096", "regex": "false"},
	{"name_s": "/usr/lib64/libreoffice/share/Scripts/python/Capitalise.py", "size_i": "3333", "regex": "false"},
	{"name_s": "/usr/lib64/libreoffice/share/Scripts/python/Capitalise.pyc", "size_i": "1707", "regex": "false"},
	{"name_s": "/usr/lib64/libreoffice/share/Scripts/python/Capitalise.pyo", "size_i": "1707", "regex": "false"},
	{"name_s": "/usr/lib64/libreoffice/share/Scripts/python/HelloWorld.py", "size_i": "1539", "regex": "false"},
	{"name_s": "/usr/lib64/libreoffice/share/Scripts/python/HelloWorld.pyc", "size_i": "744", "regex": "false"},
	{"name_s": "/usr/lib64/libreoffice/share/Scripts/python/HelloWorld.pyo", "size_i": "744", "regex": "false"},
	{"name_s": "/usr/lib64/libreoffice/share/Scripts/python/LibreLogo", "size_i": "4096", "regex": "false"},
	{"name_s": "/usr/lib64/libreoffice/share/Scripts/python/LibreLogo/LibreLogo.py", "size_i": "65482", "regex": "false"},
	{"name_s": "/usr/lib64/libreoffice/share/Scripts/python/LibreLogo/LibreLogo.pyc", "size_i": "66690", "regex": "false"},
	{"name_s": "/usr/lib64/libreoffice/share/Scripts/python/LibreLogo/LibreLogo.pyo", "size_i": "66690", "regex": "false"},
	{"name_s": "/usr/lib64/libreoffice/share/Scripts/python/LibreLogo/LibreLogo_af.properties", "size_i": "2401", "regex": "false"},
	{"name_s": "/usr/lib64/libreoffice/share/Scripts/python/LibreLogo/LibreLogo_ar.properties", "size_i": "6656", "regex": "false"},
	{"name_s": "/usr/lib64/libreoffice/share/Scripts/python/LibreLogo/LibreLogo_as.properties", "size_i": "5402", "regex": "false"},
	{"name_s": "/usr/lib64/libreoffice/share/Scripts/python/LibreLogo/LibreLogo_bg.properties", "size_i": "3706", "regex": "false"},
	{"name_s": "/usr/lib64/libreoffice/share/Scripts/python/LibreLogo/LibreLogo_bn.properties", "size_i": "2902", "regex": "false"},
	{"name_s": "/usr/lib64/libreoffice/share/Scripts/python/LibreLogo/LibreLogo_ca.properties", "size_i": "3071", "regex": "false"},
	{"name_s": "/usr/lib64/libreoffice/share/Scripts/python/LibreLogo/LibreLogo_cs.properties", "size_i": "3297", "regex": "false"},
	{"name_s": "/usr/lib64/libreoffice/share/Scripts/python/LibreLogo/LibreLogo_cy.properties", "size_i": "2466", "regex": "false"},
	{"name_s": "/usr/lib64/libreoffice/share/Scripts/python/LibreLogo/LibreLogo_da.properties", "size_i": "2492", "regex": "false"},
	{"name_s": "/usr/lib64/libreoffice/share/Scripts/python/LibreLogo/LibreLogo_de.properties", "size_i": "2412", "regex": "false"},
	{"name_s": "/usr/lib64/libreoffice/share/Scripts/python/LibreLogo/LibreLogo_dz.properties", "size_i": "3056", "regex": "false"},
	{"name_s": "/usr/lib64/libreoffice/share/Scripts/python/LibreLogo/LibreLogo_el.properties", "size_i": "10776", "regex": "false"},
	{"name_s": "/usr/lib64/libreoffice/share/Scripts/python/LibreLogo/LibreLogo_en_US.properties", "size_i": "2390", "regex": "false"},
	{"name_s": "/usr/lib64/libreoffice/share/Scripts/python/LibreLogo/LibreLogo_es.properties", "size_i": "2812", "regex": "false"},
	{"name_s": "/usr/lib64/libreoffice/share/Scripts/python/LibreLogo/LibreLogo_et.properties", "size_i": "3116", "regex": "false"},
	{"name_s": "/usr/lib64/libreoffice/share/Scripts/python/LibreLogo/LibreLogo_eu.properties", "size_i": "2427", "regex": "false"},
	{"name_s": "/usr/lib64/libreoffice/share/Scripts/python/LibreLogo/LibreLogo_fi.properties", "size_i": "2733", "regex": "false"},
	{"name_s": "/usr/lib64/libreoffice/share/Scripts/python/LibreLogo/LibreLogo_fr.properties", "size_i": "2769", "regex": "false"},
	{"name_s": "/usr/lib64/libreoffice/share/Scripts/python/LibreLogo/LibreLogo_ga.properties", "size_i": "2537", "regex": "false"},
	{"name_s": "/usr/lib64/libreoffice/share/Scripts/python/LibreLogo/LibreLogo_gl.properties", "size_i": "2845", "regex": "false"},
	{"name_s": "/usr/lib64/libreoffice/share/Scripts/python/LibreLogo/LibreLogo_gu.properties", "size_i": "5796", "regex": "false"},
	{"name_s": "/usr/lib64/libreoffice/share/Scripts/python/LibreLogo/LibreLogo_he.properties", "size_i": "8142", "regex": "false"},
	{"name_s": "/usr/lib64/libreoffice/share/Scripts/python/LibreLogo/LibreLogo_hi.properties", "size_i": "5497", "regex": "false"},
	{"name_s": "/usr/lib64/libreoffice/share/Scripts/python/LibreLogo/LibreLogo_hr.properties", "size_i": "2845", "regex": "false"},
	{"name_s": "/usr/lib64/libreoffice/share/Scripts/python/LibreLogo/LibreLogo_hu.properties", "size_i": "3628", "regex": "false"},
	{"name_s": "/usr/lib64/libreoffice/share/Scripts/python/LibreLogo/LibreLogo_it.properties", "size_i": "2650", "regex": "false"},
	{"name_s": "/usr/lib64/libreoffice/share/Scripts/python/LibreLogo/LibreLogo_ja.properties", "size_i": "7490", "regex": "false"},
	{"name_s": "/usr/lib64/libreoffice/share/Scripts/python/LibreLogo/LibreLogo_kn.properties", "size_i": "8747", "regex": "false"},
	{"name_s": "/usr/lib64/libreoffice/share/Scripts/python/LibreLogo/LibreLogo_ko.properties", "size_i": "2504", "regex": "false"},
	{"name_s": "/usr/lib64/libreoffice/share/Scripts/python/LibreLogo/LibreLogo_lt.properties", "size_i": "2390", "regex": "false"},
	{"name_s": "/usr/lib64/libreoffice/share/Scripts/python/LibreLogo/LibreLogo_mai.properties", "size_i": "2740", "regex": "false"},
	{"name_s": "/usr/lib64/libreoffice/share/Scripts/python/LibreLogo/LibreLogo_ml.properties", "size_i": "6417", "regex": "false"},
	{"name_s": "/usr/lib64/libreoffice/share/Scripts/python/LibreLogo/LibreLogo_mr.properties", "size_i": "7481", "regex": "false"},
	{"name_s": "/usr/lib64/libreoffice/share/Scripts/python/LibreLogo/LibreLogo_ms.properties", "size_i": "2390", "regex": "false"},
	{"name_s": "/usr/lib64/libreoffice/share/Scripts/python/LibreLogo/LibreLogo_nb.properties", "size_i": "2609", "regex": "false"},
	{"name_s": "/usr/lib64/libreoffice/share/Scripts/python/LibreLogo/LibreLogo_nl.properties", "size_i": "2620", "regex": "false"},
	{"name_s": "/usr/lib64/libreoffice/share/Scripts/python/LibreLogo/LibreLogo_nn.properties", "size_i": "2596", "regex": "false"},
	{"name_s": "/usr/lib64/libreoffice/share/Scripts/python/LibreLogo/LibreLogo_nr.properties", "size_i": "2414", "regex": "false"},
	{"name_s": "/usr/lib64/libreoffice/share/Scripts/python/LibreLogo/LibreLogo_nso.properties", "size_i": "2429", "regex": "false"},
	{"name_s": "/usr/lib64/libreoffice/share/Scripts/python/LibreLogo/LibreLogo_or.properties", "size_i": "8061", "regex": "false"},
	{"name_s": "/usr/lib64/libreoffice/share/Scripts/python/LibreLogo/LibreLogo_pa_IN.properties", "size_i": "2737", "regex": "false"},
	{"name_s": "/usr/lib64/libreoffice/share/Scripts/python/LibreLogo/LibreLogo_pl.properties", "size_i": "2505", "regex": "false"},
	{"name_s": "/usr/lib64/libreoffice/share/Scripts/python/LibreLogo/LibreLogo_pt.properties", "size_i": "2433", "regex": "false"},
	{"name_s": "/usr/lib64/libreoffice/share/Scripts/python/LibreLogo/LibreLogo_pt_BR.properties", "size_i": "4055", "regex": "false"},
	{"name_s": "/usr/lib64/libreoffice/share/Scripts/python/LibreLogo/LibreLogo_ro.properties", "size_i": "3655", "regex": "false"},
	{"name_s": "/usr/lib64/libreoffice/share/Scripts/python/LibreLogo/LibreLogo_ru.properties", "size_i": "9131", "regex": "false"},
	{"name_s": "/usr/lib64/libreoffice/share/Scripts/python/LibreLogo/LibreLogo_sh.properties", "size_i": "2538", "regex": "false"},
	{"name_s": "/usr/lib64/libreoffice/share/Scripts/python/LibreLogo/LibreLogo_sk.properties", "size_i": "2588", "regex": "false"},
	{"name_s": "/usr/lib64/libreoffice/share/Scripts/python/LibreLogo/LibreLogo_sl.properties", "size_i": "2940", "regex": "false"},
	{"name_s": "/usr/lib64/libreoffice/share/Scripts/python/LibreLogo/LibreLogo_sr.properties", "size_i": "4665", "regex": "false"},
	{"name_s": "/usr/lib64/libreoffice/share/Scripts/python/LibreLogo/LibreLogo_ss.properties", "size_i": "2403", "regex": "false"},
	{"name_s": "/usr/lib64/libreoffice/share/Scripts/python/LibreLogo/LibreLogo_st.properties", "size_i": "2421", "regex": "false"},
	{"name_s": "/usr/lib64/libreoffice/share/Scripts/python/LibreLogo/LibreLogo_sv.properties", "size_i": "2591", "regex": "false"},
	{"name_s": "/usr/lib64/libreoffice/share/Scripts/python/LibreLogo/LibreLogo_ta.properties", "size_i": "6506", "regex": "false"},
	{"name_s": "/usr/lib64/libreoffice/share/Scripts/python/LibreLogo/LibreLogo_te.properties", "size_i": "6669", "regex": "false"},
	{"name_s": "/usr/lib64/libreoffice/share/Scripts/python/LibreLogo/LibreLogo_th.properties", "size_i": "2768", "regex": "false"},
	{"name_s": "/usr/lib64/libreoffice/share/Scripts/python/LibreLogo/LibreLogo_tn.properties", "size_i": "2404", "regex": "false"},
	{"name_s": "/usr/lib64/libreoffice/share/Scripts/python/LibreLogo/LibreLogo_tr.properties", "size_i": "3319", "regex": "false"},
	{"name_s": "/usr/lib64/libreoffice/share/Scripts/python/LibreLogo/LibreLogo_ts.properties", "size_i": "2421", "regex": "false"},
	{"name_s": "/usr/lib64/libreoffice/share/Scripts/python/LibreLogo/LibreLogo_uk.properties", "size_i": "8824", "regex": "false"},
	{"name_s": "/usr/lib64/libreoffice/share/Scripts/python/LibreLogo/LibreLogo_ur.properties", "size_i": "2486", "regex": "false"},
	{"name_s": "/usr/lib64/libreoffice/share/Scripts/python/LibreLogo/LibreLogo_ve.properties", "size_i": "2417", "regex": "false"},
	{"name_s": "/usr/lib64/libreoffice/share/Scripts/python/LibreLogo/LibreLogo_xh.properties", "size_i": "2445", "regex": "false"},
	{"name_s": "/usr/lib64/libreoffice/share/Scripts/python/LibreLogo/LibreLogo_zh_CN.properties", "size_i": "2874", "regex": "false"},
	{"name_s": "/usr/lib64/libreoffice/share/Scripts/python/LibreLogo/LibreLogo_zh_TW.properties", "size_i": "5382", "regex": "false"},
	{"name_s": "/usr/lib64/libreoffice/share/Scripts/python/LibreLogo/LibreLogo_zu.properties", "size_i": "2428", "regex": "false"},
	{"name_s": "/usr/lib64/libreoffice/share/Scripts/python/LibreLogo/icons", "size_i": "4096", "regex": "false"},
	{"name_s": "/usr/lib64/libreoffice/share/Scripts/python/LibreLogo/icons/lc_arrowshapes.circular-arrow.png", "size_i": "787", "regex": "false"},
	{"name_s": "/usr/lib64/libreoffice/share/Scripts/python/LibreLogo/icons/lc_arrowshapes.circular-leftarrow.png", "size_i": "1082", "regex": "false"},
	{"name_s": "/usr/lib64/libreoffice/share/Scripts/python/LibreLogo/icons/lc_arrowshapes.down-arrow.png", "size_i": "527", "regex": "false"},
	{"name_s": "/usr/lib64/libreoffice/share/Scripts/python/LibreLogo/icons/lc_arrowshapes.up-arrow.png", "size_i": "487", "regex": "false"},
	{"name_s": "/usr/lib64/libreoffice/share/Scripts/python/LibreLogo/icons/lc_basicstop.png", "size_i": "616", "regex": "false"},
	{"name_s": "/usr/lib64/libreoffice/share/Scripts/python/LibreLogo/icons/lc_editglossary.png", "size_i": "705", "regex": "false"},
	{"name_s": "/usr/lib64/libreoffice/share/Scripts/python/LibreLogo/icons/lc_navigationbarleft.png", "size_i": "831", "regex": "false"},
	{"name_s": "/usr/lib64/libreoffice/share/Scripts/python/LibreLogo/icons/lc_newdoc.png", "size_i": "445", "regex": "false"},
	{"name_s": "/usr/lib64/libreoffice/share/Scripts/python/LibreLogo/icons/lc_runbasic.png", "size_i": "740", "regex": "false"},
	{"name_s": "/usr/lib64/libreoffice/share/Scripts/python/LibreLogo/icons/sc_arrowshapes.circular-arrow.png", "size_i": "482", "regex": "false"},
	{"name_s": "/usr/lib64/libreoffice/share/Scripts/python/LibreLogo/icons/sc_arrowshapes.circular-leftarrow.png", "size_i": "631", "regex": "false"},
	{"name_s": "/usr/lib64/libreoffice/share/Scripts/python/LibreLogo/icons/sc_arrowshapes.down-arrow.png", "size_i": "340", "regex": "false"},
	{"name_s": "/usr/lib64/libreoffice/share/Scripts/python/LibreLogo/icons/sc_arrowshapes.up-arrow.png", "size_i": "323", "regex": "false"},
	{"name_s": "/usr/lib64/libreoffice/share/Scripts/python/LibreLogo/icons/sc_basicstop.png", "size_i": "397", "regex": "false"},
	{"name_s": "/usr/lib64/libreoffice/share/Scripts/python/LibreLogo/icons/sc_editglossary.png", "size_i": "429", "regex": "false"},
	{"name_s": "/usr/lib64/libreoffice/share/Scripts/python/LibreLogo/icons/sc_navigationbarleft.png", "size_i": "626", "regex": "false"},
	{"name_s": "/usr/lib64/libreoffice/share/Scripts/python/LibreLogo/icons/sc_newdoc.png", "size_i": "350", "regex": "false"},
	{"name_s": "/usr/lib64/libreoffice/share/Scripts/python/LibreLogo/icons/sc_runbasic.png", "size_i": "534", "regex": "false"},
	{"name_s": "/usr/lib64/libreoffice/share/Scripts/python/pythonSamples", "size_i": "4096", "regex": "false"},
	{"name_s": "/usr/lib64/libreoffice/share/Scripts/python/pythonSamples/TableSample.py", "size_i": "4491", "regex": "false"},
	{"name_s": "/usr/lib64/libreoffice/share/Scripts/python/pythonSamples/TableSample.pyc", "size_i": "3660", "regex": "false"},
	{"name_s": "/usr/lib64/libreoffice/share/Scripts/python/pythonSamples/TableSample.pyo", "size_i": "3660", "regex": "false"},
	{"name_s": "/usr/lib64/libreoffice/share/registry/librelogo.xcd", "size_i": "10780", "regex": "false"},
	{"name_s": "/usr/lib64/libreoffice/share/registry/pyuno.xcd", "size_i": "521", "regex": "false"},
	{"name_s": "/usr/lib64/python2.6/site-packages/uno.py", "size_i": "13878", "regex": "false"},
	{"name_s": "/usr/lib64/python2.6/site-packages/uno.pyc", "size_i": "15351", "regex": "false"},
	{"name_s": "/usr/lib64/python2.6/site-packages/uno.pyo", "size_i": "15259", "regex": "false"},
	{"name_s": "/usr/lib64/python2.6/site-packages/unohelper.py", "size_i": "11005", "regex": "false"},
	{"name_s": "/usr/lib64/python2.6/site-packages/unohelper.pyc", "size_i": "12606", "regex": "false"},
	{"name_s": "/usr/lib64/python2.6/site-packages/unohelper.pyo", "size_i": "12606", "regex": "false"}
]
