[
	{"name_s": "/usr/include/sepol", "size_i": "4096", "regex": "false"},
	{"name_s": "/usr/include/sepol/boolean_record.h", "size_i": "1482", "regex": "false"},
	{"name_s": "/usr/include/sepol/booleans.h", "size_i": "2169", "regex": "false"},
	{"name_s": "/usr/include/sepol/context.h", "size_i": "682", "regex": "false"},
	{"name_s": "/usr/include/sepol/context_record.h", "size_i": "1601", "regex": "false"},
	{"name_s": "/usr/include/sepol/debug.h", "size_i": "905", "regex": "false"},
	{"name_s": "/usr/include/sepol/errcodes.h", "size_i": "783", "regex": "false"},
	{"name_s": "/usr/include/sepol/handle.h", "size_i": "976", "regex": "false"},
	{"name_s": "/usr/include/sepol/iface_record.h", "size_i": "1771", "regex": "false"},
	{"name_s": "/usr/include/sepol/interfaces.h", "size_i": "1334", "regex": "false"},
	{"name_s": "/usr/include/sepol/module.h", "size_i": "2611", "regex": "false"},
	{"name_s": "/usr/include/sepol/node_record.h", "size_i": "2737", "regex": "false"},
	{"name_s": "/usr/include/sepol/nodes.h", "size_i": "1243", "regex": "false"},
	{"name_s": "/usr/include/sepol/policydb", "size_i": "4096", "regex": "false"},
	{"name_s": "/usr/include/sepol/policydb.h", "size_i": "4433", "regex": "false"},
	{"name_s": "/usr/include/sepol/policydb/avrule_block.h", "size_i": "1568", "regex": "false"},
	{"name_s": "/usr/include/sepol/policydb/avtab.h", "size_i": "4052", "regex": "false"},
	{"name_s": "/usr/include/sepol/policydb/conditional.h", "size_i": "4601", "regex": "false"},
	{"name_s": "/usr/include/sepol/policydb/constraint.h", "size_i": "2504", "regex": "false"},
	{"name_s": "/usr/include/sepol/policydb/context.h", "size_i": "2219", "regex": "false"},
	{"name_s": "/usr/include/sepol/policydb/ebitmap.h", "size_i": "2602", "regex": "false"},
	{"name_s": "/usr/include/sepol/policydb/expand.h", "size_i": "3566", "regex": "false"},
	{"name_s": "/usr/include/sepol/policydb/flask.h", "size_i": "4992", "regex": "false"},
	{"name_s": "/usr/include/sepol/policydb/flask_types.h", "size_i": "1713", "regex": "false"},
	{"name_s": "/usr/include/sepol/policydb/hashtab.h", "size_i": "4234", "regex": "false"},
	{"name_s": "/usr/include/sepol/policydb/hierarchy.h", "size_i": "1240", "regex": "false"},
	{"name_s": "/usr/include/sepol/policydb/link.h", "size_i": "448", "regex": "false"},
	{"name_s": "/usr/include/sepol/policydb/mls_types.h", "size_i": "4309", "regex": "false"},
	{"name_s": "/usr/include/sepol/policydb/module.h", "size_i": "1463", "regex": "false"},
	{"name_s": "/usr/include/sepol/policydb/polcaps.h", "size_i": "491", "regex": "false"},
	{"name_s": "/usr/include/sepol/policydb/policydb.h", "size_i": "21863", "regex": "false"},
	{"name_s": "/usr/include/sepol/policydb/services.h", "size_i": "6369", "regex": "false"},
	{"name_s": "/usr/include/sepol/policydb/sidtab.h", "size_i": "1909", "regex": "false"},
	{"name_s": "/usr/include/sepol/policydb/symtab.h", "size_i": "994", "regex": "false"},
	{"name_s": "/usr/include/sepol/policydb/util.h", "size_i": "1187", "regex": "false"},
	{"name_s": "/usr/include/sepol/port_record.h", "size_i": "1892", "regex": "false"},
	{"name_s": "/usr/include/sepol/ports.h", "size_i": "1243", "regex": "false"},
	{"name_s": "/usr/include/sepol/roles.h", "size_i": "270", "regex": "false"},
	{"name_s": "/usr/include/sepol/sepol.h", "size_i": "667", "regex": "false"},
	{"name_s": "/usr/include/sepol/user_record.h", "size_i": "2315", "regex": "false"},
	{"name_s": "/usr/include/sepol/users.h", "size_i": "1954", "regex": "false"},
	{"name_s": "/usr/lib/libsepol.so", "size_i": "23", "regex": "false"},
	{"name_s": "/usr/lib/pkgconfig/libsepol.pc", "size_i": "244", "regex": "false"},
	{"name_s": "/usr/share/man/man3/sepol_check_context.3.gz", "size_i": "458", "regex": "false"},
	{"name_s": "/usr/share/man/man3/sepol_genbools.3.gz", "size_i": "659", "regex": "false"},
	{"name_s": "/usr/share/man/man3/sepol_genusers.3.gz", "size_i": "866", "regex": "false"}
]
