[
	{"name_s": "/usr/include/buffio.h", "size_i": "3551", "regex": "false"},
	{"name_s": "/usr/include/platform.h", "size_i": "13942", "regex": "false"},
	{"name_s": "/usr/include/tidy.h", "size_i": "42047", "regex": "false"},
	{"name_s": "/usr/include/tidyenum.h", "size_i": "23959", "regex": "false"},
	{"name_s": "/usr/lib64/libtidy.so", "size_i": "21", "regex": "false"},
	{"name_s": "/usr/share/doc/libtidy-devel-0.99.0", "size_i": "4096", "regex": "false"},
	{"name_s": "/usr/share/doc/libtidy-devel-0.99.0/annotated.html", "size_i": "1971", "regex": "false"},
	{"name_s": "/usr/share/doc/libtidy-devel-0.99.0/buffio_8h.html", "size_i": "22805", "regex": "false"},
	{"name_s": "/usr/share/doc/libtidy-devel-0.99.0/buffio_8h_source.html", "size_i": "14445", "regex": "false"},
	{"name_s": "/usr/share/doc/libtidy-devel-0.99.0/classes.html", "size_i": "2222", "regex": "false"},
	{"name_s": "/usr/share/doc/libtidy-devel-0.99.0/deprecated.html", "size_i": "1922", "regex": "false"},
	{"name_s": "/usr/share/doc/libtidy-devel-0.99.0/doxygen.css", "size_i": "6619", "regex": "false"},
	{"name_s": "/usr/share/doc/libtidy-devel-0.99.0/doxygen.png", "size_i": "1281", "regex": "false"},
	{"name_s": "/usr/share/doc/libtidy-devel-0.99.0/files.html", "size_i": "1388", "regex": "false"},
	{"name_s": "/usr/share/doc/libtidy-devel-0.99.0/ftv2blank.png", "size_i": "174", "regex": "false"},
	{"name_s": "/usr/share/doc/libtidy-devel-0.99.0/ftv2doc.png", "size_i": "255", "regex": "false"},
	{"name_s": "/usr/share/doc/libtidy-devel-0.99.0/ftv2folderclosed.png", "size_i": "259", "regex": "false"},
	{"name_s": "/usr/share/doc/libtidy-devel-0.99.0/ftv2folderopen.png", "size_i": "261", "regex": "false"},
	{"name_s": "/usr/share/doc/libtidy-devel-0.99.0/ftv2lastnode.png", "size_i": "233", "regex": "false"},
	{"name_s": "/usr/share/doc/libtidy-devel-0.99.0/ftv2link.png", "size_i": "358", "regex": "false"},
	{"name_s": "/usr/share/doc/libtidy-devel-0.99.0/ftv2mlastnode.png", "size_i": "160", "regex": "false"},
	{"name_s": "/usr/share/doc/libtidy-devel-0.99.0/ftv2mnode.png", "size_i": "194", "regex": "false"},
	{"name_s": "/usr/share/doc/libtidy-devel-0.99.0/ftv2node.png", "size_i": "235", "regex": "false"},
	{"name_s": "/usr/share/doc/libtidy-devel-0.99.0/ftv2plastnode.png", "size_i": "165", "regex": "false"},
	{"name_s": "/usr/share/doc/libtidy-devel-0.99.0/ftv2pnode.png", "size_i": "200", "regex": "false"},
	{"name_s": "/usr/share/doc/libtidy-devel-0.99.0/ftv2vertline.png", "size_i": "229", "regex": "false"},
	{"name_s": "/usr/share/doc/libtidy-devel-0.99.0/functions.html", "size_i": "2829", "regex": "false"},
	{"name_s": "/usr/share/doc/libtidy-devel-0.99.0/functions_func.html", "size_i": "1414", "regex": "false"},
	{"name_s": "/usr/share/doc/libtidy-devel-0.99.0/functions_vars.html", "size_i": "2342", "regex": "false"},
	{"name_s": "/usr/share/doc/libtidy-devel-0.99.0/globals.html", "size_i": "14851", "regex": "false"},
	{"name_s": "/usr/share/doc/libtidy-devel-0.99.0/globals_defs.html", "size_i": "1181", "regex": "false"},
	{"name_s": "/usr/share/doc/libtidy-devel-0.99.0/globals_func.html", "size_i": "12969", "regex": "false"},
	{"name_s": "/usr/share/doc/libtidy-devel-0.99.0/globals_type.html", "size_i": "2626", "regex": "false"},
	{"name_s": "/usr/share/doc/libtidy-devel-0.99.0/group__AttrGet.html", "size_i": "1697", "regex": "false"},
	{"name_s": "/usr/share/doc/libtidy-devel-0.99.0/group__AttrGetAttributeName.html", "size_i": "22117", "regex": "false"},
	{"name_s": "/usr/share/doc/libtidy-devel-0.99.0/group__AttrIsAttributeName.html", "size_i": "19671", "regex": "false"},
	{"name_s": "/usr/share/doc/libtidy-devel-0.99.0/group__Attribute.html", "size_i": "2421", "regex": "false"},
	{"name_s": "/usr/share/doc/libtidy-devel-0.99.0/group__Basic.html", "size_i": "26797", "regex": "false"},
	{"name_s": "/usr/share/doc/libtidy-devel-0.99.0/group__Clean.html", "size_i": "3001", "regex": "false"},
	{"name_s": "/usr/share/doc/libtidy-devel-0.99.0/group__Configuration.html", "size_i": "45703", "regex": "false"},
	{"name_s": "/usr/share/doc/libtidy-devel-0.99.0/group__IO.html", "size_i": "23539", "regex": "false"},
	{"name_s": "/usr/share/doc/libtidy-devel-0.99.0/group__Memory.html", "size_i": "12142", "regex": "false"},
	{"name_s": "/usr/share/doc/libtidy-devel-0.99.0/group__NodeAsk.html", "size_i": "5443", "regex": "false"},
	{"name_s": "/usr/share/doc/libtidy-devel-0.99.0/group__NodeIsElementName.html", "size_i": "33339", "regex": "false"},
	{"name_s": "/usr/share/doc/libtidy-devel-0.99.0/group__Opaque.html", "size_i": "3235", "regex": "false"},
	{"name_s": "/usr/share/doc/libtidy-devel-0.99.0/group__Parse.html", "size_i": "7279", "regex": "false"},
	{"name_s": "/usr/share/doc/libtidy-devel-0.99.0/group__Save.html", "size_i": "7562", "regex": "false"},
	{"name_s": "/usr/share/doc/libtidy-devel-0.99.0/group__Tree.html", "size_i": "7738", "regex": "false"},
	{"name_s": "/usr/share/doc/libtidy-devel-0.99.0/index.html", "size_i": "529", "regex": "false"},
	{"name_s": "/usr/share/doc/libtidy-devel-0.99.0/main.html", "size_i": "1422", "regex": "false"},
	{"name_s": "/usr/share/doc/libtidy-devel-0.99.0/modules.html", "size_i": "1937", "regex": "false"},
	{"name_s": "/usr/share/doc/libtidy-devel-0.99.0/pages.html", "size_i": "876", "regex": "false"},
	{"name_s": "/usr/share/doc/libtidy-devel-0.99.0/platform_8h_source.html", "size_i": "59850", "regex": "false"},
	{"name_s": "/usr/share/doc/libtidy-devel-0.99.0/structTidyAttr.html", "size_i": "1281", "regex": "false"},
	{"name_s": "/usr/share/doc/libtidy-devel-0.99.0/structTidyDoc.html", "size_i": "1277", "regex": "false"},
	{"name_s": "/usr/share/doc/libtidy-devel-0.99.0/structTidyNode.html", "size_i": "1276", "regex": "false"},
	{"name_s": "/usr/share/doc/libtidy-devel-0.99.0/structTidyOption.html", "size_i": "1284", "regex": "false"},
	{"name_s": "/usr/share/doc/libtidy-devel-0.99.0/struct__TidyAllocator.html", "size_i": "2729", "regex": "false"},
	{"name_s": "/usr/share/doc/libtidy-devel-0.99.0/struct__TidyAllocatorVtbl.html", "size_i": "7367", "regex": "false"},
	{"name_s": "/usr/share/doc/libtidy-devel-0.99.0/struct__TidyBuffer.html", "size_i": "4929", "regex": "false"},
	{"name_s": "/usr/share/doc/libtidy-devel-0.99.0/struct__TidyInputSource.html", "size_i": "4852", "regex": "false"},
	{"name_s": "/usr/share/doc/libtidy-devel-0.99.0/struct__TidyOutputSink.html", "size_i": "3045", "regex": "false"},
	{"name_s": "/usr/share/doc/libtidy-devel-0.99.0/tab_b.gif", "size_i": "35", "regex": "false"},
	{"name_s": "/usr/share/doc/libtidy-devel-0.99.0/tab_l.gif", "size_i": "706", "regex": "false"},
	{"name_s": "/usr/share/doc/libtidy-devel-0.99.0/tab_r.gif", "size_i": "2585", "regex": "false"},
	{"name_s": "/usr/share/doc/libtidy-devel-0.99.0/tabs.css", "size_i": "1844", "regex": "false"},
	{"name_s": "/usr/share/doc/libtidy-devel-0.99.0/tidy_8h.html", "size_i": "119066", "regex": "false"},
	{"name_s": "/usr/share/doc/libtidy-devel-0.99.0/tidy_8h_source.html", "size_i": "127046", "regex": "false"},
	{"name_s": "/usr/share/doc/libtidy-devel-0.99.0/tidyenum_8h_source.html", "size_i": "60194", "regex": "false"},
	{"name_s": "/usr/share/doc/libtidy-devel-0.99.0/tree.html", "size_i": "11825", "regex": "false"}
]
