[
	{"name_s": "/usr/include/thai", "size_i": "4096", "regex": "false"},
	{"name_s": "/usr/include/thai/thailib.h", "size_i": "3150", "regex": "false"},
	{"name_s": "/usr/include/thai/thbrk.h", "size_i": "1292", "regex": "false"},
	{"name_s": "/usr/include/thai/thcell.h", "size_i": "2927", "regex": "false"},
	{"name_s": "/usr/include/thai/thcoll.h", "size_i": "1270", "regex": "false"},
	{"name_s": "/usr/include/thai/thctype.h", "size_i": "18624", "regex": "false"},
	{"name_s": "/usr/include/thai/thinp.h", "size_i": "1814", "regex": "false"},
	{"name_s": "/usr/include/thai/thrend.h", "size_i": "5472", "regex": "false"},
	{"name_s": "/usr/include/thai/thstr.h", "size_i": "801", "regex": "false"},
	{"name_s": "/usr/include/thai/thwbrk.h", "size_i": "1427", "regex": "false"},
	{"name_s": "/usr/include/thai/thwchar.h", "size_i": "2904", "regex": "false"},
	{"name_s": "/usr/include/thai/thwcoll.h", "size_i": "1393", "regex": "false"},
	{"name_s": "/usr/include/thai/thwctype.h", "size_i": "3824", "regex": "false"},
	{"name_s": "/usr/include/thai/thwinp.h", "size_i": "437", "regex": "false"},
	{"name_s": "/usr/include/thai/thwrend.h", "size_i": "1242", "regex": "false"},
	{"name_s": "/usr/include/thai/thwstr.h", "size_i": "926", "regex": "false"},
	{"name_s": "/usr/include/thai/tis.h", "size_i": "9308", "regex": "false"},
	{"name_s": "/usr/include/thai/wtt.h", "size_i": "3863", "regex": "false"},
	{"name_s": "/usr/lib64/libthai.so", "size_i": "16", "regex": "false"},
	{"name_s": "/usr/lib64/pkgconfig/libthai.pc", "size_i": "185", "regex": "false"},
	{"name_s": "/usr/share/doc/libthai-devel-0.1.12", "size_i": "4096", "regex": "false"},
	{"name_s": "/usr/share/doc/libthai-devel-0.1.12/html", "size_i": "4096", "regex": "false"},
	{"name_s": "/usr/share/doc/libthai-devel-0.1.12/html/annotated.html", "size_i": "1652", "regex": "false"},
	{"name_s": "/usr/share/doc/libthai-devel-0.1.12/html/classes.html", "size_i": "1819", "regex": "false"},
	{"name_s": "/usr/share/doc/libthai-devel-0.1.12/html/doxygen.css", "size_i": "6619", "regex": "false"},
	{"name_s": "/usr/share/doc/libthai-devel-0.1.12/html/doxygen.png", "size_i": "1281", "regex": "false"},
	{"name_s": "/usr/share/doc/libthai-devel-0.1.12/html/files.html", "size_i": "3400", "regex": "false"},
	{"name_s": "/usr/share/doc/libthai-devel-0.1.12/html/functions.html", "size_i": "2116", "regex": "false"},
	{"name_s": "/usr/share/doc/libthai-devel-0.1.12/html/functions_vars.html", "size_i": "2017", "regex": "false"},
	{"name_s": "/usr/share/doc/libthai-devel-0.1.12/html/globals.html", "size_i": "15157", "regex": "false"},
	{"name_s": "/usr/share/doc/libthai-devel-0.1.12/html/globals_defs.html", "size_i": "2050", "regex": "false"},
	{"name_s": "/usr/share/doc/libthai-devel-0.1.12/html/globals_enum.html", "size_i": "2015", "regex": "false"},
	{"name_s": "/usr/share/doc/libthai-devel-0.1.12/html/globals_eval.html", "size_i": "4906", "regex": "false"},
	{"name_s": "/usr/share/doc/libthai-devel-0.1.12/html/globals_func.html", "size_i": "9647", "regex": "false"},
	{"name_s": "/usr/share/doc/libthai-devel-0.1.12/html/globals_type.html", "size_i": "2036", "regex": "false"},
	{"name_s": "/usr/share/doc/libthai-devel-0.1.12/html/index.html", "size_i": "12369", "regex": "false"},
	{"name_s": "/usr/share/doc/libthai-devel-0.1.12/html/structthcell__t.html", "size_i": "4288", "regex": "false"},
	{"name_s": "/usr/share/doc/libthai-devel-0.1.12/html/structthinpconv__t.html", "size_i": "3404", "regex": "false"},
	{"name_s": "/usr/share/doc/libthai-devel-0.1.12/html/tab_b.gif", "size_i": "35", "regex": "false"},
	{"name_s": "/usr/share/doc/libthai-devel-0.1.12/html/tab_l.gif", "size_i": "706", "regex": "false"},
	{"name_s": "/usr/share/doc/libthai-devel-0.1.12/html/tab_r.gif", "size_i": "2585", "regex": "false"},
	{"name_s": "/usr/share/doc/libthai-devel-0.1.12/html/tabs.css", "size_i": "1844", "regex": "false"},
	{"name_s": "/usr/share/doc/libthai-devel-0.1.12/html/thailib_8h.html", "size_i": "2687", "regex": "false"},
	{"name_s": "/usr/share/doc/libthai-devel-0.1.12/html/thbrk_8h.html", "size_i": "7042", "regex": "false"},
	{"name_s": "/usr/share/doc/libthai-devel-0.1.12/html/thcell_8h.html", "size_i": "12443", "regex": "false"},
	{"name_s": "/usr/share/doc/libthai-devel-0.1.12/html/thcoll_8h.html", "size_i": "6521", "regex": "false"},
	{"name_s": "/usr/share/doc/libthai-devel-0.1.12/html/thctype_8h.html", "size_i": "27006", "regex": "false"},
	{"name_s": "/usr/share/doc/libthai-devel-0.1.12/html/thinp_8h.html", "size_i": "9665", "regex": "false"},
	{"name_s": "/usr/share/doc/libthai-devel-0.1.12/html/thrend_8h.html", "size_i": "21181", "regex": "false"},
	{"name_s": "/usr/share/doc/libthai-devel-0.1.12/html/thstr_8h.html", "size_i": "4150", "regex": "false"},
	{"name_s": "/usr/share/doc/libthai-devel-0.1.12/html/thwbrk_8h.html", "size_i": "7071", "regex": "false"},
	{"name_s": "/usr/share/doc/libthai-devel-0.1.12/html/thwchar_8h.html", "size_i": "17952", "regex": "false"},
	{"name_s": "/usr/share/doc/libthai-devel-0.1.12/html/thwcoll_8h.html", "size_i": "6691", "regex": "false"},
	{"name_s": "/usr/share/doc/libthai-devel-0.1.12/html/thwctype_8h.html", "size_i": "13729", "regex": "false"},
	{"name_s": "/usr/share/doc/libthai-devel-0.1.12/html/thwstr_8h.html", "size_i": "4240", "regex": "false"},
	{"name_s": "/usr/share/doc/libthai-devel-0.1.12/html/wtt_8h.html", "size_i": "18401", "regex": "false"},
	{"name_s": "/usr/share/man/man3/TACchtype.3.gz", "size_i": "37", "regex": "false"},
	{"name_s": "/usr/share/man/man3/TACio_op.3.gz", "size_i": "37", "regex": "false"},
	{"name_s": "/usr/share/man/man3/th_brk.3.gz", "size_i": "39", "regex": "false"},
	{"name_s": "/usr/share/man/man3/th_brk_line.3.gz", "size_i": "39", "regex": "false"},
	{"name_s": "/usr/share/man/man3/th_chlevel.3.gz", "size_i": "41", "regex": "false"},
	{"name_s": "/usr/share/man/man3/th_init_cell.3.gz", "size_i": "40", "regex": "false"},
	{"name_s": "/usr/share/man/man3/th_isaccept.3.gz", "size_i": "39", "regex": "false"},
	{"name_s": "/usr/share/man/man3/th_isblvowel.3.gz", "size_i": "41", "regex": "false"},
	{"name_s": "/usr/share/man/man3/th_iscombchar.3.gz", "size_i": "41", "regex": "false"},
	{"name_s": "/usr/share/man/man3/th_iseng.3.gz", "size_i": "41", "regex": "false"},
	{"name_s": "/usr/share/man/man3/th_isflvowel.3.gz", "size_i": "41", "regex": "false"},
	{"name_s": "/usr/share/man/man3/th_isldvowel.3.gz", "size_i": "41", "regex": "false"},
	{"name_s": "/usr/share/man/man3/th_isovershootcons.3.gz", "size_i": "41", "regex": "false"},
	{"name_s": "/usr/share/man/man3/th_istaillesscons.3.gz", "size_i": "41", "regex": "false"},
	{"name_s": "/usr/share/man/man3/th_isthai.3.gz", "size_i": "41", "regex": "false"},
	{"name_s": "/usr/share/man/man3/th_isthcons.3.gz", "size_i": "41", "regex": "false"},
	{"name_s": "/usr/share/man/man3/th_isthdiac.3.gz", "size_i": "41", "regex": "false"},
	{"name_s": "/usr/share/man/man3/th_isthdigit.3.gz", "size_i": "41", "regex": "false"},
	{"name_s": "/usr/share/man/man3/th_isthpunct.3.gz", "size_i": "41", "regex": "false"},
	{"name_s": "/usr/share/man/man3/th_isthtone.3.gz", "size_i": "41", "regex": "false"},
	{"name_s": "/usr/share/man/man3/th_isthvowel.3.gz", "size_i": "41", "regex": "false"},
	{"name_s": "/usr/share/man/man3/th_istis.3.gz", "size_i": "41", "regex": "false"},
	{"name_s": "/usr/share/man/man3/th_isundershootcons.3.gz", "size_i": "41", "regex": "false"},
	{"name_s": "/usr/share/man/man3/th_isundersplitcons.3.gz", "size_i": "41", "regex": "false"},
	{"name_s": "/usr/share/man/man3/th_isupvowel.3.gz", "size_i": "41", "regex": "false"},
	{"name_s": "/usr/share/man/man3/th_macthai2uni.3.gz", "size_i": "41", "regex": "false"},
	{"name_s": "/usr/share/man/man3/th_make_cells.3.gz", "size_i": "40", "regex": "false"},
	{"name_s": "/usr/share/man/man3/th_next_cell.3.gz", "size_i": "40", "regex": "false"},
	{"name_s": "/usr/share/man/man3/th_normalize.3.gz", "size_i": "39", "regex": "false"},
	{"name_s": "/usr/share/man/man3/th_prev_cell.3.gz", "size_i": "40", "regex": "false"},
	{"name_s": "/usr/share/man/man3/th_render_cell_mac.3.gz", "size_i": "40", "regex": "false"},
	{"name_s": "/usr/share/man/man3/th_render_cell_tis.3.gz", "size_i": "40", "regex": "false"},
	{"name_s": "/usr/share/man/man3/th_render_cell_win.3.gz", "size_i": "40", "regex": "false"},
	{"name_s": "/usr/share/man/man3/th_render_text_mac.3.gz", "size_i": "40", "regex": "false"},
	{"name_s": "/usr/share/man/man3/th_render_text_tis.3.gz", "size_i": "40", "regex": "false"},
	{"name_s": "/usr/share/man/man3/th_render_text_win.3.gz", "size_i": "40", "regex": "false"},
	{"name_s": "/usr/share/man/man3/th_strcoll.3.gz", "size_i": "40", "regex": "false"},
	{"name_s": "/usr/share/man/man3/th_strxfrm.3.gz", "size_i": "40", "regex": "false"},
	{"name_s": "/usr/share/man/man3/th_tis2uni.3.gz", "size_i": "41", "regex": "false"},
	{"name_s": "/usr/share/man/man3/th_tis2uni_line.3.gz", "size_i": "41", "regex": "false"},
	{"name_s": "/usr/share/man/man3/th_uni2macthai.3.gz", "size_i": "41", "regex": "false"},
	{"name_s": "/usr/share/man/man3/th_uni2tis.3.gz", "size_i": "41", "regex": "false"},
	{"name_s": "/usr/share/man/man3/th_uni2tis_line.3.gz", "size_i": "41", "regex": "false"},
	{"name_s": "/usr/share/man/man3/th_uni2winthai.3.gz", "size_i": "41", "regex": "false"},
	{"name_s": "/usr/share/man/man3/th_validate.3.gz", "size_i": "39", "regex": "false"},
	{"name_s": "/usr/share/man/man3/th_wbrk.3.gz", "size_i": "40", "regex": "false"},
	{"name_s": "/usr/share/man/man3/th_wbrk_line.3.gz", "size_i": "40", "regex": "false"},
	{"name_s": "/usr/share/man/man3/th_wcchlevel.3.gz", "size_i": "42", "regex": "false"},
	{"name_s": "/usr/share/man/man3/th_wcisblvowel.3.gz", "size_i": "42", "regex": "false"},
	{"name_s": "/usr/share/man/man3/th_wciseng.3.gz", "size_i": "42", "regex": "false"},
	{"name_s": "/usr/share/man/man3/th_wcisflvowel.3.gz", "size_i": "42", "regex": "false"},
	{"name_s": "/usr/share/man/man3/th_wcisldvowel.3.gz", "size_i": "42", "regex": "false"},
	{"name_s": "/usr/share/man/man3/th_wcisovershootcons.3.gz", "size_i": "42", "regex": "false"},
	{"name_s": "/usr/share/man/man3/th_wcistaillesscons.3.gz", "size_i": "42", "regex": "false"},
	{"name_s": "/usr/share/man/man3/th_wcisthai.3.gz", "size_i": "42", "regex": "false"},
	{"name_s": "/usr/share/man/man3/th_wcisthcons.3.gz", "size_i": "42", "regex": "false"},
	{"name_s": "/usr/share/man/man3/th_wcisthdiac.3.gz", "size_i": "42", "regex": "false"},
	{"name_s": "/usr/share/man/man3/th_wcisthdigit.3.gz", "size_i": "42", "regex": "false"},
	{"name_s": "/usr/share/man/man3/th_wcisthpunct.3.gz", "size_i": "42", "regex": "false"},
	{"name_s": "/usr/share/man/man3/th_wcisthtone.3.gz", "size_i": "42", "regex": "false"},
	{"name_s": "/usr/share/man/man3/th_wcisthvowel.3.gz", "size_i": "42", "regex": "false"},
	{"name_s": "/usr/share/man/man3/th_wcistis.3.gz", "size_i": "42", "regex": "false"},
	{"name_s": "/usr/share/man/man3/th_wcisundershootcons.3.gz", "size_i": "42", "regex": "false"},
	{"name_s": "/usr/share/man/man3/th_wcisundersplitcons.3.gz", "size_i": "42", "regex": "false"},
	{"name_s": "/usr/share/man/man3/th_wcisupvowel.3.gz", "size_i": "42", "regex": "false"},
	{"name_s": "/usr/share/man/man3/th_wcstrcoll.3.gz", "size_i": "41", "regex": "false"},
	{"name_s": "/usr/share/man/man3/th_wcstrxfrm.3.gz", "size_i": "41", "regex": "false"},
	{"name_s": "/usr/share/man/man3/th_winthai2uni.3.gz", "size_i": "41", "regex": "false"},
	{"name_s": "/usr/share/man/man3/th_wnormalize.3.gz", "size_i": "40", "regex": "false"},
	{"name_s": "/usr/share/man/man3/thailib.h.3.gz", "size_i": "373", "regex": "false"},
	{"name_s": "/usr/share/man/man3/thbrk.h.3.gz", "size_i": "747", "regex": "false"},
	{"name_s": "/usr/share/man/man3/thcell.h.3.gz", "size_i": "958", "regex": "false"},
	{"name_s": "/usr/share/man/man3/thcoll.h.3.gz", "size_i": "732", "regex": "false"},
	{"name_s": "/usr/share/man/man3/thctype.h.3.gz", "size_i": "4254", "regex": "false"},
	{"name_s": "/usr/share/man/man3/thinp.h.3.gz", "size_i": "884", "regex": "false"},
	{"name_s": "/usr/share/man/man3/thrend.h.3.gz", "size_i": "965", "regex": "false"},
	{"name_s": "/usr/share/man/man3/thstr.h.3.gz", "size_i": "530", "regex": "false"},
	{"name_s": "/usr/share/man/man3/thwbrk.h.3.gz", "size_i": "712", "regex": "false"},
	{"name_s": "/usr/share/man/man3/thwchar.h.3.gz", "size_i": "988", "regex": "false"},
	{"name_s": "/usr/share/man/man3/thwcoll.h.3.gz", "size_i": "753", "regex": "false"},
	{"name_s": "/usr/share/man/man3/thwctype.h.3.gz", "size_i": "707", "regex": "false"},
	{"name_s": "/usr/share/man/man3/thwstr.h.3.gz", "size_i": "556", "regex": "false"},
	{"name_s": "/usr/share/man/man3/wtt.h.3.gz", "size_i": "1713", "regex": "false"}
]
