[
	{"name_s": "/etc/libuser.conf", "size_i": "2293", "regex": "false"},
	{"name_s": "/usr/bin/lchfn", "size_i": "23968", "regex": "false"},
	{"name_s": "/usr/bin/lchsh", "size_i": "21376", "regex": "false"},
	{"name_s": "/usr/lib64/libuser", "size_i": "4096", "regex": "false"},
	{"name_s": "/usr/lib64/libuser.so.1", "size_i": "16", "regex": "false"},
	{"name_s": "/usr/lib64/libuser.so.1.2.2", "size_i": "102952", "regex": "false"},
	{"name_s": "/usr/lib64/libuser/libuser_files.so", "size_i": "40888", "regex": "false"},
	{"name_s": "/usr/lib64/libuser/libuser_ldap.so", "size_i": "45352", "regex": "false"},
	{"name_s": "/usr/lib64/libuser/libuser_shadow.so", "size_i": "40888", "regex": "false"},
	{"name_s": "/usr/sbin/lchage", "size_i": "24704", "regex": "false"},
	{"name_s": "/usr/sbin/lgroupadd", "size_i": "21056", "regex": "false"},
	{"name_s": "/usr/sbin/lgroupdel", "size_i": "20048", "regex": "false"},
	{"name_s": "/usr/sbin/lgroupmod", "size_i": "25672", "regex": "false"},
	{"name_s": "/usr/sbin/lid", "size_i": "11128", "regex": "false"},
	{"name_s": "/usr/sbin/lnewusers", "size_i": "25296", "regex": "false"},
	{"name_s": "/usr/sbin/lpasswd", "size_i": "23904", "regex": "false"},
	{"name_s": "/usr/sbin/luseradd", "size_i": "25968", "regex": "false"},
	{"name_s": "/usr/sbin/luserdel", "size_i": "21848", "regex": "false"},
	{"name_s": "/usr/sbin/lusermod", "size_i": "28072", "regex": "false"},
	{"name_s": "/usr/share/doc/libuser-0.56.13", "size_i": "4096", "regex": "false"},
	{"name_s": "/usr/share/doc/libuser-0.56.13/AUTHORS", "size_i": "35", "regex": "false"},
	{"name_s": "/usr/share/doc/libuser-0.56.13/COPYING", "size_i": "25292", "regex": "false"},
	{"name_s": "/usr/share/doc/libuser-0.56.13/NEWS", "size_i": "18587", "regex": "false"},
	{"name_s": "/usr/share/doc/libuser-0.56.13/README", "size_i": "568", "regex": "false"},
	{"name_s": "/usr/share/doc/libuser-0.56.13/TODO", "size_i": "1696", "regex": "false"},
	{"name_s": "/usr/share/doc/libuser-0.56.13/attributes.txt", "size_i": "412", "regex": "false"},
	{"name_s": "/usr/share/doc/libuser-0.56.13/rfc2307.txt", "size_i": "41396", "regex": "false"},
	{"name_s": "/usr/share/locale/ar/LC_MESSAGES/libuser.mo", "size_i": "23433", "regex": "false"},
	{"name_s": "/usr/share/locale/as/LC_MESSAGES/libuser.mo", "size_i": "31490", "regex": "false"},
	{"name_s": "/usr/share/locale/bg/LC_MESSAGES/libuser.mo", "size_i": "25638", "regex": "false"},
	{"name_s": "/usr/share/locale/bn/LC_MESSAGES/libuser.mo", "size_i": "30228", "regex": "false"},
	{"name_s": "/usr/share/locale/bn_IN/LC_MESSAGES/libuser.mo", "size_i": "32769", "regex": "false"},
	{"name_s": "/usr/share/locale/bs/LC_MESSAGES/libuser.mo", "size_i": "19103", "regex": "false"},
	{"name_s": "/usr/share/locale/ca/LC_MESSAGES/libuser.mo", "size_i": "22072", "regex": "false"},
	{"name_s": "/usr/share/locale/cs/LC_MESSAGES/libuser.mo", "size_i": "20503", "regex": "false"},
	{"name_s": "/usr/share/locale/cy/LC_MESSAGES/libuser.mo", "size_i": "19014", "regex": "false"},
	{"name_s": "/usr/share/locale/da/LC_MESSAGES/libuser.mo", "size_i": "19986", "regex": "false"},
	{"name_s": "/usr/share/locale/de/LC_MESSAGES/libuser.mo", "size_i": "21171", "regex": "false"},
	{"name_s": "/usr/share/locale/de_CH/LC_MESSAGES/libuser.mo", "size_i": "21021", "regex": "false"},
	{"name_s": "/usr/share/locale/el/LC_MESSAGES/libuser.mo", "size_i": "26428", "regex": "false"},
	{"name_s": "/usr/share/locale/en_GB/LC_MESSAGES/libuser.mo", "size_i": "17835", "regex": "false"},
	{"name_s": "/usr/share/locale/es/LC_MESSAGES/libuser.mo", "size_i": "21295", "regex": "false"},
	{"name_s": "/usr/share/locale/et/LC_MESSAGES/libuser.mo", "size_i": "17544", "regex": "false"},
	{"name_s": "/usr/share/locale/fi/LC_MESSAGES/libuser.mo", "size_i": "19751", "regex": "false"},
	{"name_s": "/usr/share/locale/fr/LC_MESSAGES/libuser.mo", "size_i": "22438", "regex": "false"},
	{"name_s": "/usr/share/locale/gu/LC_MESSAGES/libuser.mo", "size_i": "30650", "regex": "false"},
	{"name_s": "/usr/share/locale/he/LC_MESSAGES/libuser.mo", "size_i": "8586", "regex": "false"},
	{"name_s": "/usr/share/locale/hi/LC_MESSAGES/libuser.mo", "size_i": "30334", "regex": "false"},
	{"name_s": "/usr/share/locale/hr/LC_MESSAGES/libuser.mo", "size_i": "19693", "regex": "false"},
	{"name_s": "/usr/share/locale/hu/LC_MESSAGES/libuser.mo", "size_i": "22052", "regex": "false"},
	{"name_s": "/usr/share/locale/id/LC_MESSAGES/libuser.mo", "size_i": "19742", "regex": "false"},
	{"name_s": "/usr/share/locale/is/LC_MESSAGES/libuser.mo", "size_i": "20029", "regex": "false"},
	{"name_s": "/usr/share/locale/it/LC_MESSAGES/libuser.mo", "size_i": "20897", "regex": "false"},
	{"name_s": "/usr/share/locale/ja/LC_MESSAGES/libuser.mo", "size_i": "23430", "regex": "false"},
	{"name_s": "/usr/share/locale/kn/LC_MESSAGES/libuser.mo", "size_i": "34047", "regex": "false"},
	{"name_s": "/usr/share/locale/ko/LC_MESSAGES/libuser.mo", "size_i": "23101", "regex": "false"},
	{"name_s": "/usr/share/locale/lv/LC_MESSAGES/libuser.mo", "size_i": "5141", "regex": "false"},
	{"name_s": "/usr/share/locale/mai/LC_MESSAGES/libuser.mo", "size_i": "29857", "regex": "false"},
	{"name_s": "/usr/share/locale/mk/LC_MESSAGES/libuser.mo", "size_i": "24951", "regex": "false"},
	{"name_s": "/usr/share/locale/ml/LC_MESSAGES/libuser.mo", "size_i": "36877", "regex": "false"},
	{"name_s": "/usr/share/locale/mr/LC_MESSAGES/libuser.mo", "size_i": "30413", "regex": "false"},
	{"name_s": "/usr/share/locale/ms/LC_MESSAGES/libuser.mo", "size_i": "18694", "regex": "false"},
	{"name_s": "/usr/share/locale/nb/LC_MESSAGES/libuser.mo", "size_i": "19795", "regex": "false"},
	{"name_s": "/usr/share/locale/nl/LC_MESSAGES/libuser.mo", "size_i": "20353", "regex": "false"},
	{"name_s": "/usr/share/locale/or/LC_MESSAGES/libuser.mo", "size_i": "33991", "regex": "false"},
	{"name_s": "/usr/share/locale/pa/LC_MESSAGES/libuser.mo", "size_i": "29182", "regex": "false"},
	{"name_s": "/usr/share/locale/pl/LC_MESSAGES/libuser.mo", "size_i": "21353", "regex": "false"},
	{"name_s": "/usr/share/locale/pt/LC_MESSAGES/libuser.mo", "size_i": "20744", "regex": "false"},
	{"name_s": "/usr/share/locale/pt_BR/LC_MESSAGES/libuser.mo", "size_i": "20770", "regex": "false"},
	{"name_s": "/usr/share/locale/ro/LC_MESSAGES/libuser.mo", "size_i": "6948", "regex": "false"},
	{"name_s": "/usr/share/locale/ru/LC_MESSAGES/libuser.mo", "size_i": "25947", "regex": "false"},
	{"name_s": "/usr/share/locale/sk/LC_MESSAGES/libuser.mo", "size_i": "20056", "regex": "false"},
	{"name_s": "/usr/share/locale/sl/LC_MESSAGES/libuser.mo", "size_i": "18988", "regex": "false"},
	{"name_s": "/usr/share/locale/sr/LC_MESSAGES/libuser.mo", "size_i": "25520", "regex": "false"},
	{"name_s": "/usr/share/locale/sr@latin/LC_MESSAGES/libuser.mo", "size_i": "20401", "regex": "false"},
	{"name_s": "/usr/share/locale/sv/LC_MESSAGES/libuser.mo", "size_i": "19963", "regex": "false"},
	{"name_s": "/usr/share/locale/ta/LC_MESSAGES/libuser.mo", "size_i": "31669", "regex": "false"},
	{"name_s": "/usr/share/locale/te/LC_MESSAGES/libuser.mo", "size_i": "30865", "regex": "false"},
	{"name_s": "/usr/share/locale/tr/LC_MESSAGES/libuser.mo", "size_i": "14249", "regex": "false"},
	{"name_s": "/usr/share/locale/uk/LC_MESSAGES/libuser.mo", "size_i": "25387", "regex": "false"},
	{"name_s": "/usr/share/locale/vi/LC_MESSAGES/libuser.mo", "size_i": "14642", "regex": "false"},
	{"name_s": "/usr/share/locale/zh_CN/LC_MESSAGES/libuser.mo", "size_i": "18968", "regex": "false"},
	{"name_s": "/usr/share/locale/zh_TW/LC_MESSAGES/libuser.mo", "size_i": "19354", "regex": "false"},
	{"name_s": "/usr/share/man/man1/lchage.1.gz", "size_i": "1052", "regex": "false"},
	{"name_s": "/usr/share/man/man1/lchfn.1.gz", "size_i": "992", "regex": "false"},
	{"name_s": "/usr/share/man/man1/lchsh.1.gz", "size_i": "913", "regex": "false"},
	{"name_s": "/usr/share/man/man1/lgroupadd.1.gz", "size_i": "927", "regex": "false"},
	{"name_s": "/usr/share/man/man1/lgroupdel.1.gz", "size_i": "748", "regex": "false"},
	{"name_s": "/usr/share/man/man1/lgroupmod.1.gz", "size_i": "1131", "regex": "false"},
	{"name_s": "/usr/share/man/man1/lid.1.gz", "size_i": "940", "regex": "false"},
	{"name_s": "/usr/share/man/man1/lnewusers.1.gz", "size_i": "1278", "regex": "false"},
	{"name_s": "/usr/share/man/man1/lpasswd.1.gz", "size_i": "1100", "regex": "false"},
	{"name_s": "/usr/share/man/man1/luseradd.1.gz", "size_i": "1655", "regex": "false"},
	{"name_s": "/usr/share/man/man1/luserdel.1.gz", "size_i": "867", "regex": "false"},
	{"name_s": "/usr/share/man/man1/lusermod.1.gz", "size_i": "1416", "regex": "false"},
	{"name_s": "/usr/share/man/man5/libuser.conf.5.gz", "size_i": "3671", "regex": "false"}
]
