[
	{"name_s": "/usr/bin/libusb-config", "size_i": "1358", "regex": "false"},
	{"name_s": "/usr/include/usb.h", "size_i": "8347", "regex": "false"},
	{"name_s": "/usr/include/usbpp.h", "size_i": "24428", "regex": "false"},
	{"name_s": "/usr/lib/libusb.so", "size_i": "19", "regex": "false"},
	{"name_s": "/usr/lib/libusbpp.so", "size_i": "21", "regex": "false"},
	{"name_s": "/usr/lib/pkgconfig/libusb.pc", "size_i": "180", "regex": "false"},
	{"name_s": "/usr/share/doc/libusb-devel-0.1.12", "size_i": "4096", "regex": "false"},
	{"name_s": "/usr/share/doc/libusb-devel-0.1.12/AUTHORS", "size_i": "130", "regex": "false"},
	{"name_s": "/usr/share/doc/libusb-devel-0.1.12/ChangeLog", "size_i": "189", "regex": "false"},
	{"name_s": "/usr/share/doc/libusb-devel-0.1.12/INSTALL.libusb", "size_i": "2043", "regex": "false"},
	{"name_s": "/usr/share/doc/libusb-devel-0.1.12/LICENSE", "size_i": "2248", "regex": "false"},
	{"name_s": "/usr/share/doc/libusb-devel-0.1.12/NEWS", "size_i": "8", "regex": "false"},
	{"name_s": "/usr/share/doc/libusb-devel-0.1.12/README", "size_i": "2546", "regex": "false"},
	{"name_s": "/usr/share/doc/libusb-devel-0.1.12/html", "size_i": "4096", "regex": "false"},
	{"name_s": "/usr/share/doc/libusb-devel-0.1.12/html/api-device-interfaces.html", "size_i": "2282", "regex": "false"},
	{"name_s": "/usr/share/doc/libusb-devel-0.1.12/html/api-return-values.html", "size_i": "2220", "regex": "false"},
	{"name_s": "/usr/share/doc/libusb-devel-0.1.12/html/api-synchronous.html", "size_i": "2211", "regex": "false"},
	{"name_s": "/usr/share/doc/libusb-devel-0.1.12/html/api-timeouts.html", "size_i": "2049", "regex": "false"},
	{"name_s": "/usr/share/doc/libusb-devel-0.1.12/html/api-types.html", "size_i": "2040", "regex": "false"},
	{"name_s": "/usr/share/doc/libusb-devel-0.1.12/html/api.html", "size_i": "2718", "regex": "false"},
	{"name_s": "/usr/share/doc/libusb-devel-0.1.12/html/examples-code.html", "size_i": "3864", "regex": "false"},
	{"name_s": "/usr/share/doc/libusb-devel-0.1.12/html/examples-other.html", "size_i": "2273", "regex": "false"},
	{"name_s": "/usr/share/doc/libusb-devel-0.1.12/html/examples-tests.html", "size_i": "2371", "regex": "false"},
	{"name_s": "/usr/share/doc/libusb-devel-0.1.12/html/examples.html", "size_i": "2478", "regex": "false"},
	{"name_s": "/usr/share/doc/libusb-devel-0.1.12/html/function.usbbulkread.html", "size_i": "2619", "regex": "false"},
	{"name_s": "/usr/share/doc/libusb-devel-0.1.12/html/function.usbbulkwrite.html", "size_i": "2598", "regex": "false"},
	{"name_s": "/usr/share/doc/libusb-devel-0.1.12/html/function.usbclaiminterface.html", "size_i": "3496", "regex": "false"},
	{"name_s": "/usr/share/doc/libusb-devel-0.1.12/html/function.usbclearhalt.html", "size_i": "2649", "regex": "false"},
	{"name_s": "/usr/share/doc/libusb-devel-0.1.12/html/function.usbclose.html", "size_i": "2652", "regex": "false"},
	{"name_s": "/usr/share/doc/libusb-devel-0.1.12/html/function.usbcontrolmsg.html", "size_i": "2725", "regex": "false"},
	{"name_s": "/usr/share/doc/libusb-devel-0.1.12/html/function.usbdetachkerneldrivernp.html", "size_i": "2718", "regex": "false"},
	{"name_s": "/usr/share/doc/libusb-devel-0.1.12/html/function.usbfindbusses.html", "size_i": "2558", "regex": "false"},
	{"name_s": "/usr/share/doc/libusb-devel-0.1.12/html/function.usbfinddevices.html", "size_i": "2684", "regex": "false"},
	{"name_s": "/usr/share/doc/libusb-devel-0.1.12/html/function.usbgetbusses.html", "size_i": "2674", "regex": "false"},
	{"name_s": "/usr/share/doc/libusb-devel-0.1.12/html/function.usbgetdescriptor.html", "size_i": "3088", "regex": "false"},
	{"name_s": "/usr/share/doc/libusb-devel-0.1.12/html/function.usbgetdescriptorbyendpoint.html", "size_i": "2893", "regex": "false"},
	{"name_s": "/usr/share/doc/libusb-devel-0.1.12/html/function.usbgetdrivernp.html", "size_i": "2857", "regex": "false"},
	{"name_s": "/usr/share/doc/libusb-devel-0.1.12/html/function.usbgetstring.html", "size_i": "2800", "regex": "false"},
	{"name_s": "/usr/share/doc/libusb-devel-0.1.12/html/function.usbgetstringsimple.html", "size_i": "2879", "regex": "false"},
	{"name_s": "/usr/share/doc/libusb-devel-0.1.12/html/function.usbinit.html", "size_i": "2524", "regex": "false"},
	{"name_s": "/usr/share/doc/libusb-devel-0.1.12/html/function.usbinterruptread.html", "size_i": "2691", "regex": "false"},
	{"name_s": "/usr/share/doc/libusb-devel-0.1.12/html/function.usbinterruptwrite.html", "size_i": "2705", "regex": "false"},
	{"name_s": "/usr/share/doc/libusb-devel-0.1.12/html/function.usbopen.html", "size_i": "2604", "regex": "false"},
	{"name_s": "/usr/share/doc/libusb-devel-0.1.12/html/function.usbreleaseinterface.html", "size_i": "2770", "regex": "false"},
	{"name_s": "/usr/share/doc/libusb-devel-0.1.12/html/function.usbreset.html", "size_i": "2916", "regex": "false"},
	{"name_s": "/usr/share/doc/libusb-devel-0.1.12/html/function.usbresetep.html", "size_i": "2935", "regex": "false"},
	{"name_s": "/usr/share/doc/libusb-devel-0.1.12/html/function.usbsetaltinterface.html", "size_i": "2782", "regex": "false"},
	{"name_s": "/usr/share/doc/libusb-devel-0.1.12/html/function.usbsetconfiguration.html", "size_i": "2749", "regex": "false"},
	{"name_s": "/usr/share/doc/libusb-devel-0.1.12/html/functions.html", "size_i": "5386", "regex": "false"},
	{"name_s": "/usr/share/doc/libusb-devel-0.1.12/html/index.html", "size_i": "2900", "regex": "false"},
	{"name_s": "/usr/share/doc/libusb-devel-0.1.12/html/intro-overview.html", "size_i": "2986", "regex": "false"},
	{"name_s": "/usr/share/doc/libusb-devel-0.1.12/html/intro-support.html", "size_i": "2424", "regex": "false"},
	{"name_s": "/usr/share/doc/libusb-devel-0.1.12/html/intro.html", "size_i": "2074", "regex": "false"},
	{"name_s": "/usr/share/doc/libusb-devel-0.1.12/html/preface.html", "size_i": "2386", "regex": "false"},
	{"name_s": "/usr/share/doc/libusb-devel-0.1.12/html/ref.bulk.html", "size_i": "2593", "regex": "false"},
	{"name_s": "/usr/share/doc/libusb-devel-0.1.12/html/ref.control.html", "size_i": "3056", "regex": "false"},
	{"name_s": "/usr/share/doc/libusb-devel-0.1.12/html/ref.core.html", "size_i": "2659", "regex": "false"},
	{"name_s": "/usr/share/doc/libusb-devel-0.1.12/html/ref.deviceops.html", "size_i": "3531", "regex": "false"},
	{"name_s": "/usr/share/doc/libusb-devel-0.1.12/html/ref.interrupt.html", "size_i": "2589", "regex": "false"},
	{"name_s": "/usr/share/doc/libusb-devel-0.1.12/html/ref.nonportable.html", "size_i": "2971", "regex": "false"},
	{"name_s": "/usr/share/doc/libusb-devel-0.1.12/manual.ps", "size_i": "301638", "regex": "false"}
]
