[
	{"name_s": "/usr/include/libvisual-0.4", "size_i": "4096", "regex": "false"},
	{"name_s": "/usr/include/libvisual-0.4/libvisual", "size_i": "4096", "regex": "false"},
	{"name_s": "/usr/include/libvisual-0.4/libvisual/libvisual.h", "size_i": "2361", "regex": "false"},
	{"name_s": "/usr/include/libvisual-0.4/libvisual/lv_actor.h", "size_i": "7569", "regex": "false"},
	{"name_s": "/usr/include/libvisual-0.4/libvisual/lv_audio.h", "size_i": "8005", "regex": "false"},
	{"name_s": "/usr/include/libvisual-0.4/libvisual/lv_bin.h", "size_i": "4100", "regex": "false"},
	{"name_s": "/usr/include/libvisual-0.4/libvisual/lv_bits.h", "size_i": "2282", "regex": "false"},
	{"name_s": "/usr/include/libvisual-0.4/libvisual/lv_bmp.h", "size_i": "1242", "regex": "false"},
	{"name_s": "/usr/include/libvisual-0.4/libvisual/lv_buffer.h", "size_i": "3986", "regex": "false"},
	{"name_s": "/usr/include/libvisual-0.4/libvisual/lv_cache.h", "size_i": "2741", "regex": "false"},
	{"name_s": "/usr/include/libvisual-0.4/libvisual/lv_collection.h", "size_i": "4810", "regex": "false"},
	{"name_s": "/usr/include/libvisual-0.4/libvisual/lv_color.h", "size_i": "2320", "regex": "false"},
	{"name_s": "/usr/include/libvisual-0.4/libvisual/lv_common.h", "size_i": "1249", "regex": "false"},
	{"name_s": "/usr/include/libvisual-0.4/libvisual/lv_config.h", "size_i": "3470", "regex": "false"},
	{"name_s": "/usr/include/libvisual-0.4/libvisual/lv_cpu.h", "size_i": "3738", "regex": "false"},
	{"name_s": "/usr/include/libvisual-0.4/libvisual/lv_defines.h", "size_i": "2061", "regex": "false"},
	{"name_s": "/usr/include/libvisual-0.4/libvisual/lv_error.h", "size_i": "13275", "regex": "false"},
	{"name_s": "/usr/include/libvisual-0.4/libvisual/lv_event.h", "size_i": "9149", "regex": "false"},
	{"name_s": "/usr/include/libvisual-0.4/libvisual/lv_fourier.h", "size_i": "2405", "regex": "false"},
	{"name_s": "/usr/include/libvisual-0.4/libvisual/lv_gl.h", "size_i": "2719", "regex": "false"},
	{"name_s": "/usr/include/libvisual-0.4/libvisual/lv_hashlist.h", "size_i": "2411", "regex": "false"},
	{"name_s": "/usr/include/libvisual-0.4/libvisual/lv_hashmap.h", "size_i": "3452", "regex": "false"},
	{"name_s": "/usr/include/libvisual-0.4/libvisual/lv_input.h", "size_i": "4439", "regex": "false"},
	{"name_s": "/usr/include/libvisual-0.4/libvisual/lv_keysym.h", "size_i": "5409", "regex": "false"},
	{"name_s": "/usr/include/libvisual-0.4/libvisual/lv_libvisual.h", "size_i": "1575", "regex": "false"},
	{"name_s": "/usr/include/libvisual-0.4/libvisual/lv_list.h", "size_i": "3337", "regex": "false"},
	{"name_s": "/usr/include/libvisual-0.4/libvisual/lv_log.h", "size_i": "8587", "regex": "false"},
	{"name_s": "/usr/include/libvisual-0.4/libvisual/lv_math.h", "size_i": "2700", "regex": "false"},
	{"name_s": "/usr/include/libvisual-0.4/libvisual/lv_mem.h", "size_i": "3208", "regex": "false"},
	{"name_s": "/usr/include/libvisual-0.4/libvisual/lv_morph.h", "size_i": "7221", "regex": "false"},
	{"name_s": "/usr/include/libvisual-0.4/libvisual/lv_object.h", "size_i": "4058", "regex": "false"},
	{"name_s": "/usr/include/libvisual-0.4/libvisual/lv_os.h", "size_i": "1260", "regex": "false"},
	{"name_s": "/usr/include/libvisual-0.4/libvisual/lv_palette.h", "size_i": "2177", "regex": "false"},
	{"name_s": "/usr/include/libvisual-0.4/libvisual/lv_param.h", "size_i": "8135", "regex": "false"},
	{"name_s": "/usr/include/libvisual-0.4/libvisual/lv_plugin.h", "size_i": "11427", "regex": "false"},
	{"name_s": "/usr/include/libvisual-0.4/libvisual/lv_random.h", "size_i": "3267", "regex": "false"},
	{"name_s": "/usr/include/libvisual-0.4/libvisual/lv_rectangle.h", "size_i": "2856", "regex": "false"},
	{"name_s": "/usr/include/libvisual-0.4/libvisual/lv_ringbuffer.h", "size_i": "4778", "regex": "false"},
	{"name_s": "/usr/include/libvisual-0.4/libvisual/lv_songinfo.h", "size_i": "3851", "regex": "false"},
	{"name_s": "/usr/include/libvisual-0.4/libvisual/lv_thread.h", "size_i": "2726", "regex": "false"},
	{"name_s": "/usr/include/libvisual-0.4/libvisual/lv_time.h", "size_i": "4322", "regex": "false"},
	{"name_s": "/usr/include/libvisual-0.4/libvisual/lv_transform.h", "size_i": "5137", "regex": "false"},
	{"name_s": "/usr/include/libvisual-0.4/libvisual/lv_types.h", "size_i": "1579", "regex": "false"},
	{"name_s": "/usr/include/libvisual-0.4/libvisual/lv_ui.h", "size_i": "20041", "regex": "false"},
	{"name_s": "/usr/include/libvisual-0.4/libvisual/lv_utils.h", "size_i": "1181", "regex": "false"},
	{"name_s": "/usr/include/libvisual-0.4/libvisual/lv_video.h", "size_i": "12981", "regex": "false"},
	{"name_s": "/usr/include/libvisual-0.4/libvisual/lvconfig.h", "size_i": "756", "regex": "false"},
	{"name_s": "/usr/lib64/libvisual-0.4.so", "size_i": "22", "regex": "false"},
	{"name_s": "/usr/lib64/pkgconfig/libvisual-0.4.pc", "size_i": "301", "regex": "false"},
	{"name_s": "/usr/share/doc/libvisual-devel-0.4.0", "size_i": "4096", "regex": "false"},
	{"name_s": "/usr/share/doc/libvisual-devel-0.4.0/AUTHORS", "size_i": "958", "regex": "false"},
	{"name_s": "/usr/share/doc/libvisual-devel-0.4.0/NEWS", "size_i": "3989", "regex": "false"},
	{"name_s": "/usr/share/doc/libvisual-devel-0.4.0/README", "size_i": "2634", "regex": "false"},
	{"name_s": "/usr/share/doc/libvisual-devel-0.4.0/TODO", "size_i": "7039", "regex": "false"}
]
