[
	{"name_s": "/usr/share/doc/libwacom-data-0.5", "size_i": "4096", "regex": "false"},
	{"name_s": "/usr/share/doc/libwacom-data-0.5/COPYING", "size_i": "1081", "regex": "false"},
	{"name_s": "/usr/share/libwacom", "size_i": "4096", "regex": "false"},
	{"name_s": "/usr/share/libwacom/bamboo-one.tablet", "size_i": "208", "regex": "false"},
	{"name_s": "/usr/share/libwacom/bamboo-pen-and-touch.tablet", "size_i": "588", "regex": "false"},
	{"name_s": "/usr/share/libwacom/cintiq-12wx.tablet", "size_i": "1059", "regex": "false"},
	{"name_s": "/usr/share/libwacom/cintiq-20wsx.tablet", "size_i": "1212", "regex": "false"},
	{"name_s": "/usr/share/libwacom/cintiq-21ux.tablet", "size_i": "937", "regex": "false"},
	{"name_s": "/usr/share/libwacom/cintiq-21ux2.tablet", "size_i": "1423", "regex": "false"},
	{"name_s": "/usr/share/libwacom/cintiq-22hd.tablet", "size_i": "1130", "regex": "false"},
	{"name_s": "/usr/share/libwacom/cintiq-24hd.tablet", "size_i": "1440", "regex": "false"},
	{"name_s": "/usr/share/libwacom/dtf-720.tablet", "size_i": "228", "regex": "false"},
	{"name_s": "/usr/share/libwacom/dti-520.tablet", "size_i": "689", "regex": "false"},
	{"name_s": "/usr/share/libwacom/dtu-1631.tablet", "size_i": "229", "regex": "false"},
	{"name_s": "/usr/share/libwacom/dtu-2231.tablet", "size_i": "185", "regex": "false"},
	{"name_s": "/usr/share/libwacom/generic.tablet", "size_i": "128", "regex": "false"},
	{"name_s": "/usr/share/libwacom/graphire-wireless-8x6.tablet", "size_i": "176", "regex": "false"},
	{"name_s": "/usr/share/libwacom/graphire3-4x5.tablet", "size_i": "169", "regex": "false"},
	{"name_s": "/usr/share/libwacom/graphire3-6x8.tablet", "size_i": "169", "regex": "false"},
	{"name_s": "/usr/share/libwacom/graphire4-4x5.tablet", "size_i": "533", "regex": "false"},
	{"name_s": "/usr/share/libwacom/intuos-12x12.tablet", "size_i": "180", "regex": "false"},
	{"name_s": "/usr/share/libwacom/intuos-12x18.tablet", "size_i": "180", "regex": "false"},
	{"name_s": "/usr/share/libwacom/intuos-4x5.tablet", "size_i": "176", "regex": "false"},
	{"name_s": "/usr/share/libwacom/intuos-6x8.tablet", "size_i": "176", "regex": "false"},
	{"name_s": "/usr/share/libwacom/intuos-9x12.tablet", "size_i": "179", "regex": "false"},
	{"name_s": "/usr/share/libwacom/intuos2-12x12.tablet", "size_i": "206", "regex": "false"},
	{"name_s": "/usr/share/libwacom/intuos2-12x18.tablet", "size_i": "206", "regex": "false"},
	{"name_s": "/usr/share/libwacom/intuos2-4x5.tablet", "size_i": "202", "regex": "false"},
	{"name_s": "/usr/share/libwacom/intuos2-6x8.tablet", "size_i": "243", "regex": "false"},
	{"name_s": "/usr/share/libwacom/intuos2-9x12.tablet", "size_i": "204", "regex": "false"},
	{"name_s": "/usr/share/libwacom/intuos3-12x12.tablet", "size_i": "1023", "regex": "false"},
	{"name_s": "/usr/share/libwacom/intuos3-12x19.tablet", "size_i": "1024", "regex": "false"},
	{"name_s": "/usr/share/libwacom/intuos3-4x5.tablet", "size_i": "983", "regex": "false"},
	{"name_s": "/usr/share/libwacom/intuos3-4x6.tablet", "size_i": "983", "regex": "false"},
	{"name_s": "/usr/share/libwacom/intuos3-6x11.tablet", "size_i": "1019", "regex": "false"},
	{"name_s": "/usr/share/libwacom/intuos3-6x8.tablet", "size_i": "1015", "regex": "false"},
	{"name_s": "/usr/share/libwacom/intuos3-9x12.tablet", "size_i": "1018", "regex": "false"},
	{"name_s": "/usr/share/libwacom/intuos4-12x19.tablet", "size_i": "1106", "regex": "false"},
	{"name_s": "/usr/share/libwacom/intuos4-4x6.tablet", "size_i": "1106", "regex": "false"},
	{"name_s": "/usr/share/libwacom/intuos4-6x9-wl.tablet", "size_i": "1113", "regex": "false"},
	{"name_s": "/usr/share/libwacom/intuos4-6x9.tablet", "size_i": "1090", "regex": "false"},
	{"name_s": "/usr/share/libwacom/intuos4-8x13.tablet", "size_i": "1097", "regex": "false"},
	{"name_s": "/usr/share/libwacom/intuos5-m.tablet", "size_i": "1353", "regex": "false"},
	{"name_s": "/usr/share/libwacom/intuos5-s.tablet", "size_i": "1287", "regex": "false"},
	{"name_s": "/usr/share/libwacom/intuos5-touch-l.tablet", "size_i": "1371", "regex": "false"},
	{"name_s": "/usr/share/libwacom/intuos5-touch-m.tablet", "size_i": "1364", "regex": "false"},
	{"name_s": "/usr/share/libwacom/intuos5-touch-s.tablet", "size_i": "1298", "regex": "false"},
	{"name_s": "/usr/share/libwacom/isdv4-90.tablet", "size_i": "290", "regex": "false"},
	{"name_s": "/usr/share/libwacom/isdv4-e3.tablet", "size_i": "227", "regex": "false"},
	{"name_s": "/usr/share/libwacom/isdv4-e6.tablet", "size_i": "224", "regex": "false"},
	{"name_s": "/usr/share/libwacom/libwacom.stylus", "size_i": "2979", "regex": "false"},
	{"name_s": "/usr/share/libwacom/serial-wacf004.tablet", "size_i": "141", "regex": "false"}
]
