[
	{"name_s": "/usr/include/X11/Xmu", "size_i": "4096", "regex": "false"},
	{"name_s": "/usr/include/X11/Xmu/Atoms.h", "size_i": "3504", "regex": "false"},
	{"name_s": "/usr/include/X11/Xmu/CharSet.h", "size_i": "1818", "regex": "false"},
	{"name_s": "/usr/include/X11/Xmu/CloseHook.h", "size_i": "1882", "regex": "false"},
	{"name_s": "/usr/include/X11/Xmu/Converters.h", "size_i": "5859", "regex": "false"},
	{"name_s": "/usr/include/X11/Xmu/CurUtil.h", "size_i": "1468", "regex": "false"},
	{"name_s": "/usr/include/X11/Xmu/CvtCache.h", "size_i": "1767", "regex": "false"},
	{"name_s": "/usr/include/X11/Xmu/DisplayQue.h", "size_i": "4315", "regex": "false"},
	{"name_s": "/usr/include/X11/Xmu/Drawing.h", "size_i": "3234", "regex": "false"},
	{"name_s": "/usr/include/X11/Xmu/Editres.h", "size_i": "1312", "regex": "false"},
	{"name_s": "/usr/include/X11/Xmu/EditresP.h", "size_i": "9341", "regex": "false"},
	{"name_s": "/usr/include/X11/Xmu/Error.h", "size_i": "1611", "regex": "false"},
	{"name_s": "/usr/include/X11/Xmu/ExtAgent.h", "size_i": "1339", "regex": "false"},
	{"name_s": "/usr/include/X11/Xmu/Initer.h", "size_i": "1649", "regex": "false"},
	{"name_s": "/usr/include/X11/Xmu/Lookup.h", "size_i": "3238", "regex": "false"},
	{"name_s": "/usr/include/X11/Xmu/Misc.h", "size_i": "2638", "regex": "false"},
	{"name_s": "/usr/include/X11/Xmu/StdCmap.h", "size_i": "2532", "regex": "false"},
	{"name_s": "/usr/include/X11/Xmu/StdSel.h", "size_i": "1659", "regex": "false"},
	{"name_s": "/usr/include/X11/Xmu/SysUtil.h", "size_i": "1466", "regex": "false"},
	{"name_s": "/usr/include/X11/Xmu/WhitePoint.h", "size_i": "1845", "regex": "false"},
	{"name_s": "/usr/include/X11/Xmu/WidgetNode.h", "size_i": "3030", "regex": "false"},
	{"name_s": "/usr/include/X11/Xmu/WinUtil.h", "size_i": "1642", "regex": "false"},
	{"name_s": "/usr/include/X11/Xmu/Xct.h", "size_i": "6112", "regex": "false"},
	{"name_s": "/usr/include/X11/Xmu/Xmu.h", "size_i": "4077", "regex": "false"},
	{"name_s": "/usr/lib64/libXmu.so", "size_i": "15", "regex": "false"},
	{"name_s": "/usr/lib64/libXmuu.so", "size_i": "16", "regex": "false"},
	{"name_s": "/usr/lib64/pkgconfig/xmu.pc", "size_i": "224", "regex": "false"},
	{"name_s": "/usr/lib64/pkgconfig/xmuu.pc", "size_i": "220", "regex": "false"}
]
