[
	{"name_s": "/usr/include/zip.h", "size_i": "9563", "regex": "false"},
	{"name_s": "/usr/lib64/libzip.so", "size_i": "15", "regex": "false"},
	{"name_s": "/usr/lib64/pkgconfig/libzip.pc", "size_i": "223", "regex": "false"},
	{"name_s": "/usr/share/man/man3/libzip.3.gz", "size_i": "1507", "regex": "false"},
	{"name_s": "/usr/share/man/man3/zip_add.3.gz", "size_i": "1748", "regex": "false"},
	{"name_s": "/usr/share/man/man3/zip_add_dir.3.gz", "size_i": "1438", "regex": "false"},
	{"name_s": "/usr/share/man/man3/zip_close.3.gz", "size_i": "1735", "regex": "false"},
	{"name_s": "/usr/share/man/man3/zip_delete.3.gz", "size_i": "1320", "regex": "false"},
	{"name_s": "/usr/share/man/man3/zip_error_clear.3.gz", "size_i": "1170", "regex": "false"},
	{"name_s": "/usr/share/man/man3/zip_error_get.3.gz", "size_i": "1372", "regex": "false"},
	{"name_s": "/usr/share/man/man3/zip_error_get_sys_type.3.gz", "size_i": "1279", "regex": "false"},
	{"name_s": "/usr/share/man/man3/zip_error_to_str.3.gz", "size_i": "1535", "regex": "false"},
	{"name_s": "/usr/share/man/man3/zip_errors.3.gz", "size_i": "1603", "regex": "false"},
	{"name_s": "/usr/share/man/man3/zip_fclose.3.gz", "size_i": "1242", "regex": "false"},
	{"name_s": "/usr/share/man/man3/zip_file_error_clear.3.gz", "size_i": "1170", "regex": "false"},
	{"name_s": "/usr/share/man/man3/zip_file_error_get.3.gz", "size_i": "1372", "regex": "false"},
	{"name_s": "/usr/share/man/man3/zip_file_strerror.3.gz", "size_i": "1403", "regex": "false"},
	{"name_s": "/usr/share/man/man3/zip_fopen.3.gz", "size_i": "1781", "regex": "false"},
	{"name_s": "/usr/share/man/man3/zip_fopen_index.3.gz", "size_i": "1781", "regex": "false"},
	{"name_s": "/usr/share/man/man3/zip_fread.3.gz", "size_i": "1258", "regex": "false"},
	{"name_s": "/usr/share/man/man3/zip_get_archive_comment.3.gz", "size_i": "1434", "regex": "false"},
	{"name_s": "/usr/share/man/man3/zip_get_archive_flag.3.gz", "size_i": "1306", "regex": "false"},
	{"name_s": "/usr/share/man/man3/zip_get_file_comment.3.gz", "size_i": "1494", "regex": "false"},
	{"name_s": "/usr/share/man/man3/zip_get_name.3.gz", "size_i": "1504", "regex": "false"},
	{"name_s": "/usr/share/man/man3/zip_get_num_files.3.gz", "size_i": "1214", "regex": "false"},
	{"name_s": "/usr/share/man/man3/zip_name_locate.3.gz", "size_i": "1476", "regex": "false"},
	{"name_s": "/usr/share/man/man3/zip_open.3.gz", "size_i": "1727", "regex": "false"},
	{"name_s": "/usr/share/man/man3/zip_rename.3.gz", "size_i": "1468", "regex": "false"},
	{"name_s": "/usr/share/man/man3/zip_replace.3.gz", "size_i": "1748", "regex": "false"},
	{"name_s": "/usr/share/man/man3/zip_set_archive_comment.3.gz", "size_i": "1447", "regex": "false"},
	{"name_s": "/usr/share/man/man3/zip_set_archive_flag.3.gz", "size_i": "1372", "regex": "false"},
	{"name_s": "/usr/share/man/man3/zip_set_file_comment.3.gz", "size_i": "1496", "regex": "false"},
	{"name_s": "/usr/share/man/man3/zip_source_buffer.3.gz", "size_i": "1480", "regex": "false"},
	{"name_s": "/usr/share/man/man3/zip_source_file.3.gz", "size_i": "1484", "regex": "false"},
	{"name_s": "/usr/share/man/man3/zip_source_filep.3.gz", "size_i": "1467", "regex": "false"},
	{"name_s": "/usr/share/man/man3/zip_source_free.3.gz", "size_i": "1282", "regex": "false"},
	{"name_s": "/usr/share/man/man3/zip_source_function.3.gz", "size_i": "2155", "regex": "false"},
	{"name_s": "/usr/share/man/man3/zip_source_zip.3.gz", "size_i": "1743", "regex": "false"},
	{"name_s": "/usr/share/man/man3/zip_stat.3.gz", "size_i": "1823", "regex": "false"},
	{"name_s": "/usr/share/man/man3/zip_stat_index.3.gz", "size_i": "1823", "regex": "false"},
	{"name_s": "/usr/share/man/man3/zip_stat_init.3.gz", "size_i": "1214", "regex": "false"},
	{"name_s": "/usr/share/man/man3/zip_strerror.3.gz", "size_i": "1403", "regex": "false"},
	{"name_s": "/usr/share/man/man3/zip_unchange.3.gz", "size_i": "1366", "regex": "false"},
	{"name_s": "/usr/share/man/man3/zip_unchange_all.3.gz", "size_i": "1280", "regex": "false"},
	{"name_s": "/usr/share/man/man3/zip_unchange_archive.3.gz", "size_i": "1297", "regex": "false"}
]
