[
	{"name_s": "/etc/rc.d/init.d/lm_sensors", "size_i": "2969", "regex": "false"},
	{"name_s": "/etc/sensors3.conf", "size_i": "6845", "regex": "false"},
	{"name_s": "/etc/sysconfig/lm_sensors", "size_i": "134", "regex": "false"},
	{"name_s": "/usr/bin/sensors", "size_i": "19352", "regex": "false"},
	{"name_s": "/usr/bin/sensors-conf-convert", "size_i": "13638", "regex": "false"},
	{"name_s": "/usr/bin/sysconfig-lm_sensors-convert", "size_i": "853", "regex": "false"},
	{"name_s": "/usr/sbin/fancontrol", "size_i": "9423", "regex": "false"},
	{"name_s": "/usr/sbin/isadump", "size_i": "8792", "regex": "false"},
	{"name_s": "/usr/sbin/isaset", "size_i": "7888", "regex": "false"},
	{"name_s": "/usr/sbin/pwmconfig", "size_i": "21019", "regex": "false"},
	{"name_s": "/usr/sbin/sensors-detect", "size_i": "166746", "regex": "false"},
	{"name_s": "/usr/share/doc/lm_sensors-3.1.1", "size_i": "4096", "regex": "false"},
	{"name_s": "/usr/share/doc/lm_sensors-3.1.1/CHANGES", "size_i": "13635", "regex": "false"},
	{"name_s": "/usr/share/doc/lm_sensors-3.1.1/CONTRIBUTORS", "size_i": "644", "regex": "false"},
	{"name_s": "/usr/share/doc/lm_sensors-3.1.1/COPYING", "size_i": "17987", "regex": "false"},
	{"name_s": "/usr/share/doc/lm_sensors-3.1.1/README", "size_i": "4349", "regex": "false"},
	{"name_s": "/usr/share/doc/lm_sensors-3.1.1/README.initscripts", "size_i": "1337", "regex": "false"},
	{"name_s": "/usr/share/doc/lm_sensors-3.1.1/README.redhat", "size_i": "751", "regex": "false"},
	{"name_s": "/usr/share/doc/lm_sensors-3.1.1/doc", "size_i": "4096", "regex": "false"},
	{"name_s": "/usr/share/doc/lm_sensors-3.1.1/doc/chips", "size_i": "4096", "regex": "false"},
	{"name_s": "/usr/share/doc/lm_sensors-3.1.1/doc/chips/MODPARMS", "size_i": "5456", "regex": "false"},
	{"name_s": "/usr/share/doc/lm_sensors-3.1.1/doc/chips/SUMMARY", "size_i": "7206", "regex": "false"},
	{"name_s": "/usr/share/doc/lm_sensors-3.1.1/doc/developers", "size_i": "4096", "regex": "false"},
	{"name_s": "/usr/share/doc/lm_sensors-3.1.1/doc/developers/applications", "size_i": "3097", "regex": "false"},
	{"name_s": "/usr/share/doc/lm_sensors-3.1.1/doc/developers/lm_sensors.lsm", "size_i": "747", "regex": "false"},
	{"name_s": "/usr/share/doc/lm_sensors-3.1.1/doc/developers/makefiles", "size_i": "2168", "regex": "false"},
	{"name_s": "/usr/share/doc/lm_sensors-3.1.1/doc/developers/release_checklist", "size_i": "1968", "regex": "false"},
	{"name_s": "/usr/share/doc/lm_sensors-3.1.1/doc/donations", "size_i": "4023", "regex": "false"},
	{"name_s": "/usr/share/doc/lm_sensors-3.1.1/doc/fan-divisors", "size_i": "2992", "regex": "false"},
	{"name_s": "/usr/share/doc/lm_sensors-3.1.1/doc/fancontrol.txt", "size_i": "5039", "regex": "false"},
	{"name_s": "/usr/share/doc/lm_sensors-3.1.1/doc/libsensors-API.txt", "size_i": "2177", "regex": "false"},
	{"name_s": "/usr/share/doc/lm_sensors-3.1.1/doc/progs", "size_i": "3033", "regex": "false"},
	{"name_s": "/usr/share/doc/lm_sensors-3.1.1/doc/svn", "size_i": "1510", "regex": "false"},
	{"name_s": "/usr/share/doc/lm_sensors-3.1.1/doc/temperature-sensors", "size_i": "3744", "regex": "false"},
	{"name_s": "/usr/share/doc/lm_sensors-3.1.1/doc/vid", "size_i": "2186", "regex": "false"},
	{"name_s": "/usr/share/doc/lm_sensors-3.1.1/fancontrol.init", "size_i": "1521", "regex": "false"},
	{"name_s": "/usr/share/man/man1/sensors.1.gz", "size_i": "1356", "regex": "false"},
	{"name_s": "/usr/share/man/man5/sensors.conf.5.gz", "size_i": "6440", "regex": "false"},
	{"name_s": "/usr/share/man/man5/sensors3.conf.5.gz", "size_i": "17", "regex": "false"},
	{"name_s": "/usr/share/man/man8/fancontrol.8.gz", "size_i": "1903", "regex": "false"},
	{"name_s": "/usr/share/man/man8/isadump.8.gz", "size_i": "1779", "regex": "false"},
	{"name_s": "/usr/share/man/man8/isaset.8.gz", "size_i": "1063", "regex": "false"},
	{"name_s": "/usr/share/man/man8/pwmconfig.8.gz", "size_i": "1171", "regex": "false"},
	{"name_s": "/usr/share/man/man8/sensors-detect.8.gz", "size_i": "1077", "regex": "false"}
]
