[
	{"name_s": "/usr/lib64/liblog4cpp.so.4", "size_i": "19", "regex": "false"},
	{"name_s": "/usr/lib64/liblog4cpp.so.4.0.6", "size_i": "250760", "regex": "false"},
	{"name_s": "/usr/share/doc/log4cpp-1.0", "size_i": "4096", "regex": "false"},
	{"name_s": "/usr/share/doc/log4cpp-1.0/AUTHORS", "size_i": "46", "regex": "false"},
	{"name_s": "/usr/share/doc/log4cpp-1.0/COPYING", "size_i": "26430", "regex": "false"},
	{"name_s": "/usr/share/doc/log4cpp-1.0/ChangeLog", "size_i": "116304", "regex": "false"},
	{"name_s": "/usr/share/doc/log4cpp-1.0/INSTALL", "size_i": "55", "regex": "false"},
	{"name_s": "/usr/share/doc/log4cpp-1.0/NEWS", "size_i": "47", "regex": "false"},
	{"name_s": "/usr/share/doc/log4cpp-1.0/README", "size_i": "121", "regex": "false"},
	{"name_s": "/usr/share/doc/log4cpp-1.0/THANKS", "size_i": "1460", "regex": "false"},
	{"name_s": "/usr/share/doc/log4cpp-1.0/TODO", "size_i": "729", "regex": "false"},
	{"name_s": "/usr/share/doc/log4cpp-1.0/api", "size_i": "32768", "regex": "false"},
	{"name_s": "/usr/share/doc/log4cpp-1.0/api/AbortAppender_8cpp.html", "size_i": "5635", "regex": "false"},
	{"name_s": "/usr/share/doc/log4cpp-1.0/api/AbortAppender_8hh.html", "size_i": "5794", "regex": "false"},
	{"name_s": "/usr/share/doc/log4cpp-1.0/api/AbortAppender_8hh_source.html", "size_i": "8529", "regex": "false"},
	{"name_s": "/usr/share/doc/log4cpp-1.0/api/AppenderSkeleton_8cpp.html", "size_i": "5104", "regex": "false"},
	{"name_s": "/usr/share/doc/log4cpp-1.0/api/AppenderSkeleton_8hh.html", "size_i": "5978", "regex": "false"},
	{"name_s": "/usr/share/doc/log4cpp-1.0/api/AppenderSkeleton_8hh_source.html", "size_i": "10752", "regex": "false"},
	{"name_s": "/usr/share/doc/log4cpp-1.0/api/Appender_8cpp.html", "size_i": "5072", "regex": "false"},
	{"name_s": "/usr/share/doc/log4cpp-1.0/api/Appender_8hh.html", "size_i": "6824", "regex": "false"},
	{"name_s": "/usr/share/doc/log4cpp-1.0/api/Appender_8hh_source.html", "size_i": "13919", "regex": "false"},
	{"name_s": "/usr/share/doc/log4cpp-1.0/api/AppendersFactory_8cpp.html", "size_i": "8008", "regex": "false"},
	{"name_s": "/usr/share/doc/log4cpp-1.0/api/AppendersFactory_8hh.html", "size_i": "6426", "regex": "false"},
	{"name_s": "/usr/share/doc/log4cpp-1.0/api/AppendersFactory_8hh_source.html", "size_i": "8409", "regex": "false"},
	{"name_s": "/usr/share/doc/log4cpp-1.0/api/BasicConfigurator_8cpp.html", "size_i": "5473", "regex": "false"},
	{"name_s": "/usr/share/doc/log4cpp-1.0/api/BasicConfigurator_8hh.html", "size_i": "6057", "regex": "false"},
	{"name_s": "/usr/share/doc/log4cpp-1.0/api/BasicConfigurator_8hh_source.html", "size_i": "6415", "regex": "false"},
	{"name_s": "/usr/share/doc/log4cpp-1.0/api/BasicLayout_8cpp.html", "size_i": "5728", "regex": "false"},
	{"name_s": "/usr/share/doc/log4cpp-1.0/api/BasicLayout_8hh.html", "size_i": "5855", "regex": "false"},
	{"name_s": "/usr/share/doc/log4cpp-1.0/api/BasicLayout_8hh_source.html", "size_i": "7387", "regex": "false"},
	{"name_s": "/usr/share/doc/log4cpp-1.0/api/BoostThreads_8hh.html", "size_i": "7593", "regex": "false"},
	{"name_s": "/usr/share/doc/log4cpp-1.0/api/BoostThreads_8hh_source.html", "size_i": "10970", "regex": "false"},
	{"name_s": "/usr/share/doc/log4cpp-1.0/api/BufferingAppender_8cpp.html", "size_i": "5409", "regex": "false"},
	{"name_s": "/usr/share/doc/log4cpp-1.0/api/BufferingAppender_8hh.html", "size_i": "6327", "regex": "false"},
	{"name_s": "/usr/share/doc/log4cpp-1.0/api/BufferingAppender_8hh_source.html", "size_i": "9173", "regex": "false"},
	{"name_s": "/usr/share/doc/log4cpp-1.0/api/CategoryStream_8cpp.html", "size_i": "6078", "regex": "false"},
	{"name_s": "/usr/share/doc/log4cpp-1.0/api/CategoryStream_8hh.html", "size_i": "7188", "regex": "false"},
	{"name_s": "/usr/share/doc/log4cpp-1.0/api/CategoryStream_8hh_source.html", "size_i": "19126", "regex": "false"},
	{"name_s": "/usr/share/doc/log4cpp-1.0/api/Category_8cpp.html", "size_i": "5399", "regex": "false"},
	{"name_s": "/usr/share/doc/log4cpp-1.0/api/Category_8hh.html", "size_i": "6255", "regex": "false"},
	{"name_s": "/usr/share/doc/log4cpp-1.0/api/Category_8hh_source.html", "size_i": "38742", "regex": "false"},
	{"name_s": "/usr/share/doc/log4cpp-1.0/api/Configurator_8cpp.html", "size_i": "5088", "regex": "false"},
	{"name_s": "/usr/share/doc/log4cpp-1.0/api/Configurator_8hh.html", "size_i": "5683", "regex": "false"},
	{"name_s": "/usr/share/doc/log4cpp-1.0/api/Configurator_8hh_source.html", "size_i": "6794", "regex": "false"},
	{"name_s": "/usr/share/doc/log4cpp-1.0/api/DllMain_8cpp.html", "size_i": "4460", "regex": "false"},
	{"name_s": "/usr/share/doc/log4cpp-1.0/api/DummyThreads_8cpp.html", "size_i": "5667", "regex": "false"},
	{"name_s": "/usr/share/doc/log4cpp-1.0/api/DummyThreads_8hh.html", "size_i": "6349", "regex": "false"},
	{"name_s": "/usr/share/doc/log4cpp-1.0/api/DummyThreads_8hh_source.html", "size_i": "11363", "regex": "false"},
	{"name_s": "/usr/share/doc/log4cpp-1.0/api/Export_8hh.html", "size_i": "5213", "regex": "false"},
	{"name_s": "/usr/share/doc/log4cpp-1.0/api/Export_8hh_source.html", "size_i": "7229", "regex": "false"},
	{"name_s": "/usr/share/doc/log4cpp-1.0/api/FactoryParams_8cpp.html", "size_i": "5022", "regex": "false"},
	{"name_s": "/usr/share/doc/log4cpp-1.0/api/FactoryParams_8hh.html", "size_i": "7424", "regex": "false"},
	{"name_s": "/usr/share/doc/log4cpp-1.0/api/FactoryParams_8hh_source.html", "size_i": "28896", "regex": "false"},
	{"name_s": "/usr/share/doc/log4cpp-1.0/api/FileAppender_8cpp.html", "size_i": "5771", "regex": "false"},
	{"name_s": "/usr/share/doc/log4cpp-1.0/api/FileAppender_8hh.html", "size_i": "5510", "regex": "false"},
	{"name_s": "/usr/share/doc/log4cpp-1.0/api/FileAppender_8hh_source.html", "size_i": "9747", "regex": "false"},
	{"name_s": "/usr/share/doc/log4cpp-1.0/api/Filter_8cpp.html", "size_i": "5064", "regex": "false"},
	{"name_s": "/usr/share/doc/log4cpp-1.0/api/Filter_8hh.html", "size_i": "5605", "regex": "false"},
	{"name_s": "/usr/share/doc/log4cpp-1.0/api/Filter_8hh_source.html", "size_i": "9799", "regex": "false"},
	{"name_s": "/usr/share/doc/log4cpp-1.0/api/FixedContextCategory_8cpp.html", "size_i": "5120", "regex": "false"},
	{"name_s": "/usr/share/doc/log4cpp-1.0/api/FixedContextCategory_8hh.html", "size_i": "5948", "regex": "false"},
	{"name_s": "/usr/share/doc/log4cpp-1.0/api/FixedContextCategory_8hh_source.html", "size_i": "12918", "regex": "false"},
	{"name_s": "/usr/share/doc/log4cpp-1.0/api/HierarchyMaintainer_8cpp.html", "size_i": "5271", "regex": "false"},
	{"name_s": "/usr/share/doc/log4cpp-1.0/api/HierarchyMaintainer_8hh.html", "size_i": "6137", "regex": "false"},
	{"name_s": "/usr/share/doc/log4cpp-1.0/api/HierarchyMaintainer_8hh_source.html", "size_i": "12607", "regex": "false"},
	{"name_s": "/usr/share/doc/log4cpp-1.0/api/IdsaAppender_8cpp.html", "size_i": "4585", "regex": "false"},
	{"name_s": "/usr/share/doc/log4cpp-1.0/api/IdsaAppender_8hh.html", "size_i": "6104", "regex": "false"},
	{"name_s": "/usr/share/doc/log4cpp-1.0/api/IdsaAppender_8hh_source.html", "size_i": "10176", "regex": "false"},
	{"name_s": "/usr/share/doc/log4cpp-1.0/api/LayoutAppender_8cpp.html", "size_i": "5096", "regex": "false"},
	{"name_s": "/usr/share/doc/log4cpp-1.0/api/LayoutAppender_8hh.html", "size_i": "6087", "regex": "false"},
	{"name_s": "/usr/share/doc/log4cpp-1.0/api/LayoutAppender_8hh_source.html", "size_i": "9155", "regex": "false"},
	{"name_s": "/usr/share/doc/log4cpp-1.0/api/Layout_8hh.html", "size_i": "5632", "regex": "false"},
	{"name_s": "/usr/share/doc/log4cpp-1.0/api/Layout_8hh_source.html", "size_i": "7172", "regex": "false"},
	{"name_s": "/usr/share/doc/log4cpp-1.0/api/LayoutsFactory_8cpp.html", "size_i": "6545", "regex": "false"},
	{"name_s": "/usr/share/doc/log4cpp-1.0/api/LayoutsFactory_8hh.html", "size_i": "6408", "regex": "false"},
	{"name_s": "/usr/share/doc/log4cpp-1.0/api/LayoutsFactory_8hh_source.html", "size_i": "8401", "regex": "false"},
	{"name_s": "/usr/share/doc/log4cpp-1.0/api/LevelEvaluator_8cpp.html", "size_i": "5522", "regex": "false"},
	{"name_s": "/usr/share/doc/log4cpp-1.0/api/LevelEvaluator_8hh.html", "size_i": "6107", "regex": "false"},
	{"name_s": "/usr/share/doc/log4cpp-1.0/api/LevelEvaluator_8hh_source.html", "size_i": "7269", "regex": "false"},
	{"name_s": "/usr/share/doc/log4cpp-1.0/api/Localtime_8cpp.html", "size_i": "5455", "regex": "false"},
	{"name_s": "/usr/share/doc/log4cpp-1.0/api/Localtime_8hh.html", "size_i": "5279", "regex": "false"},
	{"name_s": "/usr/share/doc/log4cpp-1.0/api/Localtime_8hh_source.html", "size_i": "5292", "regex": "false"},
	{"name_s": "/usr/share/doc/log4cpp-1.0/api/LoggingEvent_8cpp.html", "size_i": "5205", "regex": "false"},
	{"name_s": "/usr/share/doc/log4cpp-1.0/api/LoggingEvent_8hh.html", "size_i": "5752", "regex": "false"},
	{"name_s": "/usr/share/doc/log4cpp-1.0/api/LoggingEvent_8hh_source.html", "size_i": "8867", "regex": "false"},
	{"name_s": "/usr/share/doc/log4cpp-1.0/api/MSThreads_8cpp.html", "size_i": "4624", "regex": "false"},
	{"name_s": "/usr/share/doc/log4cpp-1.0/api/MSThreads_8hh.html", "size_i": "9062", "regex": "false"},
	{"name_s": "/usr/share/doc/log4cpp-1.0/api/MSThreads_8hh_source.html", "size_i": "17972", "regex": "false"},
	{"name_s": "/usr/share/doc/log4cpp-1.0/api/Manipulator_8hh.html", "size_i": "5520", "regex": "false"},
	{"name_s": "/usr/share/doc/log4cpp-1.0/api/Manipulator_8hh_source.html", "size_i": "8218", "regex": "false"},
	{"name_s": "/usr/share/doc/log4cpp-1.0/api/NDC_8cpp.html", "size_i": "5169", "regex": "false"},
	{"name_s": "/usr/share/doc/log4cpp-1.0/api/NDC_8hh.html", "size_i": "6111", "regex": "false"},
	{"name_s": "/usr/share/doc/log4cpp-1.0/api/NDC_8hh_source.html", "size_i": "11369", "regex": "false"},
	{"name_s": "/usr/share/doc/log4cpp-1.0/api/NTEventLogAppender_8cpp.html", "size_i": "5498", "regex": "false"},
	{"name_s": "/usr/share/doc/log4cpp-1.0/api/NTEventLogAppender_8hh.html", "size_i": "8035", "regex": "false"},
	{"name_s": "/usr/share/doc/log4cpp-1.0/api/NTEventLogAppender_8hh_source.html", "size_i": "13309", "regex": "false"},
	{"name_s": "/usr/share/doc/log4cpp-1.0/api/OmniThreads_8cpp.html", "size_i": "4585", "regex": "false"},
	{"name_s": "/usr/share/doc/log4cpp-1.0/api/OmniThreads_8hh.html", "size_i": "6585", "regex": "false"},
	{"name_s": "/usr/share/doc/log4cpp-1.0/api/OmniThreads_8hh_source.html", "size_i": "14213", "regex": "false"},
	{"name_s": "/usr/share/doc/log4cpp-1.0/api/OstreamAppender_8cpp.html", "size_i": "5236", "regex": "false"},
	{"name_s": "/usr/share/doc/log4cpp-1.0/api/OstreamAppender_8hh.html", "size_i": "5841", "regex": "false"},
	{"name_s": "/usr/share/doc/log4cpp-1.0/api/OstreamAppender_8hh_source.html", "size_i": "8265", "regex": "false"},
	{"name_s": "/usr/share/doc/log4cpp-1.0/api/PThreads_8cpp.html", "size_i": "4579", "regex": "false"},
	{"name_s": "/usr/share/doc/log4cpp-1.0/api/PThreads_8hh.html", "size_i": "7146", "regex": "false"},
	{"name_s": "/usr/share/doc/log4cpp-1.0/api/PThreads_8hh_source.html", "size_i": "17175", "regex": "false"},
	{"name_s": "/usr/share/doc/log4cpp-1.0/api/PassThroughLayout_8cpp.html", "size_i": "5496", "regex": "false"},
	{"name_s": "/usr/share/doc/log4cpp-1.0/api/PassThroughLayout_8hh.html", "size_i": "6092", "regex": "false"},
	{"name_s": "/usr/share/doc/log4cpp-1.0/api/PassThroughLayout_8hh_source.html", "size_i": "6501", "regex": "false"},
	{"name_s": "/usr/share/doc/log4cpp-1.0/api/PatternLayout_8cpp.html", "size_i": "8704", "regex": "false"},
	{"name_s": "/usr/share/doc/log4cpp-1.0/api/PatternLayout_8hh.html", "size_i": "6272", "regex": "false"},
	{"name_s": "/usr/share/doc/log4cpp-1.0/api/PatternLayout_8hh_source.html", "size_i": "11869", "regex": "false"},
	{"name_s": "/usr/share/doc/log4cpp-1.0/api/PortabilityImpl_8cpp.html", "size_i": "4815", "regex": "false"},
	{"name_s": "/usr/share/doc/log4cpp-1.0/api/PortabilityImpl_8hh.html", "size_i": "4675", "regex": "false"},
	{"name_s": "/usr/share/doc/log4cpp-1.0/api/PortabilityImpl_8hh_source.html", "size_i": "10267", "regex": "false"},
	{"name_s": "/usr/share/doc/log4cpp-1.0/api/Portability_8hh.html", "size_i": "5219", "regex": "false"},
	{"name_s": "/usr/share/doc/log4cpp-1.0/api/Portability_8hh_source.html", "size_i": "9391", "regex": "false"},
	{"name_s": "/usr/share/doc/log4cpp-1.0/api/Priority_8cpp.html", "size_i": "5115", "regex": "false"},
	{"name_s": "/usr/share/doc/log4cpp-1.0/api/Priority_8hh.html", "size_i": "5756", "regex": "false"},
	{"name_s": "/usr/share/doc/log4cpp-1.0/api/Priority_8hh_source.html", "size_i": "12988", "regex": "false"},
	{"name_s": "/usr/share/doc/log4cpp-1.0/api/Properties_8cpp.html", "size_i": "5109", "regex": "false"},
	{"name_s": "/usr/share/doc/log4cpp-1.0/api/Properties_8hh.html", "size_i": "5426", "regex": "false"},
	{"name_s": "/usr/share/doc/log4cpp-1.0/api/Properties_8hh_source.html", "size_i": "8718", "regex": "false"},
	{"name_s": "/usr/share/doc/log4cpp-1.0/api/PropertyConfiguratorImpl_8cpp.html", "size_i": "7195", "regex": "false"},
	{"name_s": "/usr/share/doc/log4cpp-1.0/api/PropertyConfiguratorImpl_8hh.html", "size_i": "5966", "regex": "false"},
	{"name_s": "/usr/share/doc/log4cpp-1.0/api/PropertyConfiguratorImpl_8hh_source.html", "size_i": "11998", "regex": "false"},
	{"name_s": "/usr/share/doc/log4cpp-1.0/api/PropertyConfigurator_8cpp.html", "size_i": "5253", "regex": "false"},
	{"name_s": "/usr/share/doc/log4cpp-1.0/api/PropertyConfigurator_8hh.html", "size_i": "5867", "regex": "false"},
	{"name_s": "/usr/share/doc/log4cpp-1.0/api/PropertyConfigurator_8hh_source.html", "size_i": "7132", "regex": "false"},
	{"name_s": "/usr/share/doc/log4cpp-1.0/api/RemoteSyslogAppender_8cpp.html", "size_i": "5932", "regex": "false"},
	{"name_s": "/usr/share/doc/log4cpp-1.0/api/RemoteSyslogAppender_8hh.html", "size_i": "20864", "regex": "false"},
	{"name_s": "/usr/share/doc/log4cpp-1.0/api/RemoteSyslogAppender_8hh_source.html", "size_i": "22397", "regex": "false"},
	{"name_s": "/usr/share/doc/log4cpp-1.0/api/RollingFileAppender_8cpp.html", "size_i": "5898", "regex": "false"},
	{"name_s": "/usr/share/doc/log4cpp-1.0/api/RollingFileAppender_8hh.html", "size_i": "6019", "regex": "false"},
	{"name_s": "/usr/share/doc/log4cpp-1.0/api/RollingFileAppender_8hh_source.html", "size_i": "9304", "regex": "false"},
	{"name_s": "/usr/share/doc/log4cpp-1.0/api/SimpleConfigurator_8cpp.html", "size_i": "6747", "regex": "false"},
	{"name_s": "/usr/share/doc/log4cpp-1.0/api/SimpleConfigurator_8hh.html", "size_i": "5868", "regex": "false"},
	{"name_s": "/usr/share/doc/log4cpp-1.0/api/SimpleConfigurator_8hh_source.html", "size_i": "7253", "regex": "false"},
	{"name_s": "/usr/share/doc/log4cpp-1.0/api/SimpleLayout_8cpp.html", "size_i": "5729", "regex": "false"},
	{"name_s": "/usr/share/doc/log4cpp-1.0/api/SimpleLayout_8hh.html", "size_i": "5861", "regex": "false"},
	{"name_s": "/usr/share/doc/log4cpp-1.0/api/SimpleLayout_8hh_source.html", "size_i": "7405", "regex": "false"},
	{"name_s": "/usr/share/doc/log4cpp-1.0/api/StringQueueAppender_8cpp.html", "size_i": "5116", "regex": "false"},
	{"name_s": "/usr/share/doc/log4cpp-1.0/api/StringQueueAppender_8hh.html", "size_i": "5742", "regex": "false"},
	{"name_s": "/usr/share/doc/log4cpp-1.0/api/StringQueueAppender_8hh_source.html", "size_i": "9060", "regex": "false"},
	{"name_s": "/usr/share/doc/log4cpp-1.0/api/StringUtil_8cpp.html", "size_i": "7164", "regex": "false"},
	{"name_s": "/usr/share/doc/log4cpp-1.0/api/StringUtil_8hh.html", "size_i": "5472", "regex": "false"},
	{"name_s": "/usr/share/doc/log4cpp-1.0/api/StringUtil_8hh_source.html", "size_i": "9962", "regex": "false"},
	{"name_s": "/usr/share/doc/log4cpp-1.0/api/SyslogAppender_8cpp.html", "size_i": "4589", "regex": "false"},
	{"name_s": "/usr/share/doc/log4cpp-1.0/api/SyslogAppender_8hh.html", "size_i": "6007", "regex": "false"},
	{"name_s": "/usr/share/doc/log4cpp-1.0/api/SyslogAppender_8hh_source.html", "size_i": "10411", "regex": "false"},
	{"name_s": "/usr/share/doc/log4cpp-1.0/api/Threading_8hh.html", "size_i": "4780", "regex": "false"},
	{"name_s": "/usr/share/doc/log4cpp-1.0/api/Threading_8hh_source.html", "size_i": "7971", "regex": "false"},
	{"name_s": "/usr/share/doc/log4cpp-1.0/api/TimeStamp_8cpp.html", "size_i": "5046", "regex": "false"},
	{"name_s": "/usr/share/doc/log4cpp-1.0/api/TimeStamp_8hh.html", "size_i": "5558", "regex": "false"},
	{"name_s": "/usr/share/doc/log4cpp-1.0/api/TimeStamp_8hh_source.html", "size_i": "10124", "regex": "false"},
	{"name_s": "/usr/share/doc/log4cpp-1.0/api/TriggeringEventEvaluatorFactory_8cpp.html", "size_i": "5822", "regex": "false"},
	{"name_s": "/usr/share/doc/log4cpp-1.0/api/TriggeringEventEvaluatorFactory_8hh.html", "size_i": "6563", "regex": "false"},
	{"name_s": "/usr/share/doc/log4cpp-1.0/api/TriggeringEventEvaluatorFactory_8hh_source.html", "size_i": "8668", "regex": "false"},
	{"name_s": "/usr/share/doc/log4cpp-1.0/api/TriggeringEventEvaluator_8hh.html", "size_i": "6153", "regex": "false"},
	{"name_s": "/usr/share/doc/log4cpp-1.0/api/TriggeringEventEvaluator_8hh_source.html", "size_i": "6501", "regex": "false"},
	{"name_s": "/usr/share/doc/log4cpp-1.0/api/Win32DebugAppender_8cpp.html", "size_i": "5858", "regex": "false"},
	{"name_s": "/usr/share/doc/log4cpp-1.0/api/Win32DebugAppender_8hh.html", "size_i": "5896", "regex": "false"},
	{"name_s": "/usr/share/doc/log4cpp-1.0/api/Win32DebugAppender_8hh_source.html", "size_i": "8321", "regex": "false"},
	{"name_s": "/usr/share/doc/log4cpp-1.0/api/annotated.html", "size_i": "21414", "regex": "false"},
	{"name_s": "/usr/share/doc/log4cpp-1.0/api/classes.html", "size_i": "19964", "regex": "false"},
	{"name_s": "/usr/share/doc/log4cpp-1.0/api/classlog4cpp_1_1AbortAppender-members.html", "size_i": "10168", "regex": "false"},
	{"name_s": "/usr/share/doc/log4cpp-1.0/api/classlog4cpp_1_1AbortAppender.gif", "size_i": "1340", "regex": "false"},
	{"name_s": "/usr/share/doc/log4cpp-1.0/api/classlog4cpp_1_1AbortAppender.html", "size_i": "16706", "regex": "false"},
	{"name_s": "/usr/share/doc/log4cpp-1.0/api/classlog4cpp_1_1Appender-members.html", "size_i": "8598", "regex": "false"},
	{"name_s": "/usr/share/doc/log4cpp-1.0/api/classlog4cpp_1_1Appender.gif", "size_i": "6294", "regex": "false"},
	{"name_s": "/usr/share/doc/log4cpp-1.0/api/classlog4cpp_1_1Appender.html", "size_i": "35642", "regex": "false"},
	{"name_s": "/usr/share/doc/log4cpp-1.0/api/classlog4cpp_1_1AppenderSkeleton-members.html", "size_i": "9707", "regex": "false"},
	{"name_s": "/usr/share/doc/log4cpp-1.0/api/classlog4cpp_1_1AppenderSkeleton.gif", "size_i": "6307", "regex": "false"},
	{"name_s": "/usr/share/doc/log4cpp-1.0/api/classlog4cpp_1_1AppenderSkeleton.html", "size_i": "33524", "regex": "false"},
	{"name_s": "/usr/share/doc/log4cpp-1.0/api/classlog4cpp_1_1AppendersFactory-members.html", "size_i": "6383", "regex": "false"},
	{"name_s": "/usr/share/doc/log4cpp-1.0/api/classlog4cpp_1_1AppendersFactory.html", "size_i": "12393", "regex": "false"},
	{"name_s": "/usr/share/doc/log4cpp-1.0/api/classlog4cpp_1_1BasicConfigurator-members.html", "size_i": "4940", "regex": "false"},
	{"name_s": "/usr/share/doc/log4cpp-1.0/api/classlog4cpp_1_1BasicConfigurator.html", "size_i": "7979", "regex": "false"},
	{"name_s": "/usr/share/doc/log4cpp-1.0/api/classlog4cpp_1_1BasicLayout-members.html", "size_i": "5681", "regex": "false"},
	{"name_s": "/usr/share/doc/log4cpp-1.0/api/classlog4cpp_1_1BasicLayout.gif", "size_i": "746", "regex": "false"},
	{"name_s": "/usr/share/doc/log4cpp-1.0/api/classlog4cpp_1_1BasicLayout.html", "size_i": "10020", "regex": "false"},
	{"name_s": "/usr/share/doc/log4cpp-1.0/api/classlog4cpp_1_1BufferingAppender-members.html", "size_i": "11742", "regex": "false"},
	{"name_s": "/usr/share/doc/log4cpp-1.0/api/classlog4cpp_1_1BufferingAppender.gif", "size_i": "1666", "regex": "false"},
	{"name_s": "/usr/share/doc/log4cpp-1.0/api/classlog4cpp_1_1BufferingAppender.html", "size_i": "13500", "regex": "false"},
	{"name_s": "/usr/share/doc/log4cpp-1.0/api/classlog4cpp_1_1Category-members.html", "size_i": "24225", "regex": "false"},
	{"name_s": "/usr/share/doc/log4cpp-1.0/api/classlog4cpp_1_1Category.gif", "size_i": "917", "regex": "false"},
	{"name_s": "/usr/share/doc/log4cpp-1.0/api/classlog4cpp_1_1Category.html", "size_i": "137674", "regex": "false"},
	{"name_s": "/usr/share/doc/log4cpp-1.0/api/classlog4cpp_1_1CategoryStream-members.html", "size_i": "8154", "regex": "false"},
	{"name_s": "/usr/share/doc/log4cpp-1.0/api/classlog4cpp_1_1CategoryStream.html", "size_i": "23903", "regex": "false"},
	{"name_s": "/usr/share/doc/log4cpp-1.0/api/classlog4cpp_1_1ConfigureFailure-members.html", "size_i": "4948", "regex": "false"},
	{"name_s": "/usr/share/doc/log4cpp-1.0/api/classlog4cpp_1_1ConfigureFailure.html", "size_i": "6855", "regex": "false"},
	{"name_s": "/usr/share/doc/log4cpp-1.0/api/classlog4cpp_1_1FactoryParams-members.html", "size_i": "6552", "regex": "false"},
	{"name_s": "/usr/share/doc/log4cpp-1.0/api/classlog4cpp_1_1FactoryParams.html", "size_i": "12227", "regex": "false"},
	{"name_s": "/usr/share/doc/log4cpp-1.0/api/classlog4cpp_1_1FileAppender-members.html", "size_i": "13702", "regex": "false"},
	{"name_s": "/usr/share/doc/log4cpp-1.0/api/classlog4cpp_1_1FileAppender.gif", "size_i": "2032", "regex": "false"},
	{"name_s": "/usr/share/doc/log4cpp-1.0/api/classlog4cpp_1_1FileAppender.html", "size_i": "24845", "regex": "false"},
	{"name_s": "/usr/share/doc/log4cpp-1.0/api/classlog4cpp_1_1Filter-members.html", "size_i": "7689", "regex": "false"},
	{"name_s": "/usr/share/doc/log4cpp-1.0/api/classlog4cpp_1_1Filter.html", "size_i": "24614", "regex": "false"},
	{"name_s": "/usr/share/doc/log4cpp-1.0/api/classlog4cpp_1_1FixedContextCategory-members.html", "size_i": "25749", "regex": "false"},
	{"name_s": "/usr/share/doc/log4cpp-1.0/api/classlog4cpp_1_1FixedContextCategory.gif", "size_i": "912", "regex": "false"},
	{"name_s": "/usr/share/doc/log4cpp-1.0/api/classlog4cpp_1_1FixedContextCategory.html", "size_i": "40066", "regex": "false"},
	{"name_s": "/usr/share/doc/log4cpp-1.0/api/classlog4cpp_1_1HierarchyMaintainer-members.html", "size_i": "9406", "regex": "false"},
	{"name_s": "/usr/share/doc/log4cpp-1.0/api/classlog4cpp_1_1HierarchyMaintainer.html", "size_i": "21820", "regex": "false"},
	{"name_s": "/usr/share/doc/log4cpp-1.0/api/classlog4cpp_1_1IdsaAppender-members.html", "size_i": "10973", "regex": "false"},
	{"name_s": "/usr/share/doc/log4cpp-1.0/api/classlog4cpp_1_1IdsaAppender.gif", "size_i": "1338", "regex": "false"},
	{"name_s": "/usr/share/doc/log4cpp-1.0/api/classlog4cpp_1_1IdsaAppender.html", "size_i": "20498", "regex": "false"},
	{"name_s": "/usr/share/doc/log4cpp-1.0/api/classlog4cpp_1_1Layout-members.html", "size_i": "5158", "regex": "false"},
	{"name_s": "/usr/share/doc/log4cpp-1.0/api/classlog4cpp_1_1Layout.gif", "size_i": "2041", "regex": "false"},
	{"name_s": "/usr/share/doc/log4cpp-1.0/api/classlog4cpp_1_1Layout.html", "size_i": "9921", "regex": "false"},
	{"name_s": "/usr/share/doc/log4cpp-1.0/api/classlog4cpp_1_1LayoutAppender-members.html", "size_i": "10761", "regex": "false"},
	{"name_s": "/usr/share/doc/log4cpp-1.0/api/classlog4cpp_1_1LayoutAppender.gif", "size_i": "5158", "regex": "false"},
	{"name_s": "/usr/share/doc/log4cpp-1.0/api/classlog4cpp_1_1LayoutAppender.html", "size_i": "15319", "regex": "false"},
	{"name_s": "/usr/share/doc/log4cpp-1.0/api/classlog4cpp_1_1LayoutsFactory-members.html", "size_i": "6339", "regex": "false"},
	{"name_s": "/usr/share/doc/log4cpp-1.0/api/classlog4cpp_1_1LayoutsFactory.html", "size_i": "12297", "regex": "false"},
	{"name_s": "/usr/share/doc/log4cpp-1.0/api/classlog4cpp_1_1LevelEvaluator-members.html", "size_i": "5577", "regex": "false"},
	{"name_s": "/usr/share/doc/log4cpp-1.0/api/classlog4cpp_1_1LevelEvaluator.gif", "size_i": "994", "regex": "false"},
	{"name_s": "/usr/share/doc/log4cpp-1.0/api/classlog4cpp_1_1LevelEvaluator.html", "size_i": "8127", "regex": "false"},
	{"name_s": "/usr/share/doc/log4cpp-1.0/api/classlog4cpp_1_1NDC-members.html", "size_i": "9571", "regex": "false"},
	{"name_s": "/usr/share/doc/log4cpp-1.0/api/classlog4cpp_1_1NDC.html", "size_i": "31940", "regex": "false"},
	{"name_s": "/usr/share/doc/log4cpp-1.0/api/classlog4cpp_1_1NTEventLogAppender-members.html", "size_i": "13061", "regex": "false"},
	{"name_s": "/usr/share/doc/log4cpp-1.0/api/classlog4cpp_1_1NTEventLogAppender.gif", "size_i": "1335", "regex": "false"},
	{"name_s": "/usr/share/doc/log4cpp-1.0/api/classlog4cpp_1_1NTEventLogAppender.html", "size_i": "30552", "regex": "false"},
	{"name_s": "/usr/share/doc/log4cpp-1.0/api/classlog4cpp_1_1OstreamAppender-members.html", "size_i": "11591", "regex": "false"},
	{"name_s": "/usr/share/doc/log4cpp-1.0/api/classlog4cpp_1_1OstreamAppender.gif", "size_i": "1749", "regex": "false"},
	{"name_s": "/usr/share/doc/log4cpp-1.0/api/classlog4cpp_1_1OstreamAppender.html", "size_i": "14605", "regex": "false"},
	{"name_s": "/usr/share/doc/log4cpp-1.0/api/classlog4cpp_1_1PassThroughLayout-members.html", "size_i": "5225", "regex": "false"},
	{"name_s": "/usr/share/doc/log4cpp-1.0/api/classlog4cpp_1_1PassThroughLayout.gif", "size_i": "847", "regex": "false"},
	{"name_s": "/usr/share/doc/log4cpp-1.0/api/classlog4cpp_1_1PassThroughLayout.html", "size_i": "7937", "regex": "false"},
	{"name_s": "/usr/share/doc/log4cpp-1.0/api/classlog4cpp_1_1PatternLayout-members.html", "size_i": "7696", "regex": "false"},
	{"name_s": "/usr/share/doc/log4cpp-1.0/api/classlog4cpp_1_1PatternLayout.gif", "size_i": "774", "regex": "false"},
	{"name_s": "/usr/share/doc/log4cpp-1.0/api/classlog4cpp_1_1PatternLayout.html", "size_i": "20174", "regex": "false"},
	{"name_s": "/usr/share/doc/log4cpp-1.0/api/classlog4cpp_1_1PatternLayout_1_1PatternComponent-members.html", "size_i": "5432", "regex": "false"},
	{"name_s": "/usr/share/doc/log4cpp-1.0/api/classlog4cpp_1_1PatternLayout_1_1PatternComponent.gif", "size_i": "7480", "regex": "false"},
	{"name_s": "/usr/share/doc/log4cpp-1.0/api/classlog4cpp_1_1PatternLayout_1_1PatternComponent.html", "size_i": "11240", "regex": "false"},
	{"name_s": "/usr/share/doc/log4cpp-1.0/api/classlog4cpp_1_1Priority-members.html", "size_i": "8562", "regex": "false"},
	{"name_s": "/usr/share/doc/log4cpp-1.0/api/classlog4cpp_1_1Priority.html", "size_i": "17337", "regex": "false"},
	{"name_s": "/usr/share/doc/log4cpp-1.0/api/classlog4cpp_1_1Properties-members.html", "size_i": "6897", "regex": "false"},
	{"name_s": "/usr/share/doc/log4cpp-1.0/api/classlog4cpp_1_1Properties.html", "size_i": "13248", "regex": "false"},
	{"name_s": "/usr/share/doc/log4cpp-1.0/api/classlog4cpp_1_1PropertyConfigurator-members.html", "size_i": "4993", "regex": "false"},
	{"name_s": "/usr/share/doc/log4cpp-1.0/api/classlog4cpp_1_1PropertyConfigurator.html", "size_i": "7712", "regex": "false"},
	{"name_s": "/usr/share/doc/log4cpp-1.0/api/classlog4cpp_1_1PropertyConfiguratorImpl-members.html", "size_i": "8529", "regex": "false"},
	{"name_s": "/usr/share/doc/log4cpp-1.0/api/classlog4cpp_1_1PropertyConfiguratorImpl.html", "size_i": "22108", "regex": "false"},
	{"name_s": "/usr/share/doc/log4cpp-1.0/api/classlog4cpp_1_1RemoteSyslogAppender-members.html", "size_i": "13833", "regex": "false"},
	{"name_s": "/usr/share/doc/log4cpp-1.0/api/classlog4cpp_1_1RemoteSyslogAppender.gif", "size_i": "1887", "regex": "false"},
	{"name_s": "/usr/share/doc/log4cpp-1.0/api/classlog4cpp_1_1RemoteSyslogAppender.html", "size_i": "23517", "regex": "false"},
	{"name_s": "/usr/share/doc/log4cpp-1.0/api/classlog4cpp_1_1RollingFileAppender-members.html", "size_i": "16251", "regex": "false"},
	{"name_s": "/usr/share/doc/log4cpp-1.0/api/classlog4cpp_1_1RollingFileAppender.gif", "size_i": "2039", "regex": "false"},
	{"name_s": "/usr/share/doc/log4cpp-1.0/api/classlog4cpp_1_1RollingFileAppender.html", "size_i": "17826", "regex": "false"},
	{"name_s": "/usr/share/doc/log4cpp-1.0/api/classlog4cpp_1_1SimpleConfigurator-members.html", "size_i": "5286", "regex": "false"},
	{"name_s": "/usr/share/doc/log4cpp-1.0/api/classlog4cpp_1_1SimpleConfigurator.html", "size_i": "11298", "regex": "false"},
	{"name_s": "/usr/share/doc/log4cpp-1.0/api/classlog4cpp_1_1SimpleLayout-members.html", "size_i": "5695", "regex": "false"},
	{"name_s": "/usr/share/doc/log4cpp-1.0/api/classlog4cpp_1_1SimpleLayout.gif", "size_i": "766", "regex": "false"},
	{"name_s": "/usr/share/doc/log4cpp-1.0/api/classlog4cpp_1_1SimpleLayout.html", "size_i": "10012", "regex": "false"},
	{"name_s": "/usr/share/doc/log4cpp-1.0/api/classlog4cpp_1_1StringQueueAppender-members.html", "size_i": "12805", "regex": "false"},
	{"name_s": "/usr/share/doc/log4cpp-1.0/api/classlog4cpp_1_1StringQueueAppender.gif", "size_i": "1838", "regex": "false"},
	{"name_s": "/usr/share/doc/log4cpp-1.0/api/classlog4cpp_1_1StringQueueAppender.html", "size_i": "19031", "regex": "false"},
	{"name_s": "/usr/share/doc/log4cpp-1.0/api/classlog4cpp_1_1StringUtil-members.html", "size_i": "5914", "regex": "false"},
	{"name_s": "/usr/share/doc/log4cpp-1.0/api/classlog4cpp_1_1StringUtil.html", "size_i": "14409", "regex": "false"},
	{"name_s": "/usr/share/doc/log4cpp-1.0/api/classlog4cpp_1_1SyslogAppender-members.html", "size_i": "12448", "regex": "false"},
	{"name_s": "/usr/share/doc/log4cpp-1.0/api/classlog4cpp_1_1SyslogAppender.gif", "size_i": "1749", "regex": "false"},
	{"name_s": "/usr/share/doc/log4cpp-1.0/api/classlog4cpp_1_1SyslogAppender.html", "size_i": "19326", "regex": "false"},
	{"name_s": "/usr/share/doc/log4cpp-1.0/api/classlog4cpp_1_1TimeStamp-members.html", "size_i": "6974", "regex": "false"},
	{"name_s": "/usr/share/doc/log4cpp-1.0/api/classlog4cpp_1_1TimeStamp.html", "size_i": "17146", "regex": "false"},
	{"name_s": "/usr/share/doc/log4cpp-1.0/api/classlog4cpp_1_1TriggeringEventEvaluator-members.html", "size_i": "5343", "regex": "false"},
	{"name_s": "/usr/share/doc/log4cpp-1.0/api/classlog4cpp_1_1TriggeringEventEvaluator.gif", "size_i": "990", "regex": "false"},
	{"name_s": "/usr/share/doc/log4cpp-1.0/api/classlog4cpp_1_1TriggeringEventEvaluator.html", "size_i": "8004", "regex": "false"},
	{"name_s": "/usr/share/doc/log4cpp-1.0/api/classlog4cpp_1_1TriggeringEventEvaluatorFactory-members.html", "size_i": "6698", "regex": "false"},
	{"name_s": "/usr/share/doc/log4cpp-1.0/api/classlog4cpp_1_1TriggeringEventEvaluatorFactory.html", "size_i": "13148", "regex": "false"},
	{"name_s": "/usr/share/doc/log4cpp-1.0/api/classlog4cpp_1_1Win32DebugAppender-members.html", "size_i": "11354", "regex": "false"},
	{"name_s": "/usr/share/doc/log4cpp-1.0/api/classlog4cpp_1_1Win32DebugAppender.gif", "size_i": "1859", "regex": "false"},
	{"name_s": "/usr/share/doc/log4cpp-1.0/api/classlog4cpp_1_1Win32DebugAppender.html", "size_i": "12257", "regex": "false"},
	{"name_s": "/usr/share/doc/log4cpp-1.0/api/classlog4cpp_1_1details_1_1base__validator__data-members.html", "size_i": "7220", "regex": "false"},
	{"name_s": "/usr/share/doc/log4cpp-1.0/api/classlog4cpp_1_1details_1_1base__validator__data.gif", "size_i": "2309", "regex": "false"},
	{"name_s": "/usr/share/doc/log4cpp-1.0/api/classlog4cpp_1_1details_1_1base__validator__data.html", "size_i": "14846", "regex": "false"},
	{"name_s": "/usr/share/doc/log4cpp-1.0/api/classlog4cpp_1_1details_1_1optional__params__validator-members.html", "size_i": "8379", "regex": "false"},
	{"name_s": "/usr/share/doc/log4cpp-1.0/api/classlog4cpp_1_1details_1_1optional__params__validator.gif", "size_i": "1166", "regex": "false"},
	{"name_s": "/usr/share/doc/log4cpp-1.0/api/classlog4cpp_1_1details_1_1optional__params__validator.html", "size_i": "10808", "regex": "false"},
	{"name_s": "/usr/share/doc/log4cpp-1.0/api/classlog4cpp_1_1details_1_1parameter__validator-members.html", "size_i": "8292", "regex": "false"},
	{"name_s": "/usr/share/doc/log4cpp-1.0/api/classlog4cpp_1_1details_1_1parameter__validator.gif", "size_i": "1081", "regex": "false"},
	{"name_s": "/usr/share/doc/log4cpp-1.0/api/classlog4cpp_1_1details_1_1parameter__validator.html", "size_i": "10634", "regex": "false"},
	{"name_s": "/usr/share/doc/log4cpp-1.0/api/classlog4cpp_1_1details_1_1required__params__validator-members.html", "size_i": "8379", "regex": "false"},
	{"name_s": "/usr/share/doc/log4cpp-1.0/api/classlog4cpp_1_1details_1_1required__params__validator.gif", "size_i": "1170", "regex": "false"},
	{"name_s": "/usr/share/doc/log4cpp-1.0/api/classlog4cpp_1_1details_1_1required__params__validator.html", "size_i": "10808", "regex": "false"},
	{"name_s": "/usr/share/doc/log4cpp-1.0/api/classlog4cpp_1_1tab-members.html", "size_i": "5143", "regex": "false"},
	{"name_s": "/usr/share/doc/log4cpp-1.0/api/classlog4cpp_1_1tab.html", "size_i": "7392", "regex": "false"},
	{"name_s": "/usr/share/doc/log4cpp-1.0/api/classlog4cpp_1_1threading_1_1MSMutex-members.html", "size_i": "5524", "regex": "false"},
	{"name_s": "/usr/share/doc/log4cpp-1.0/api/classlog4cpp_1_1threading_1_1MSMutex.html", "size_i": "8008", "regex": "false"},
	{"name_s": "/usr/share/doc/log4cpp-1.0/api/classlog4cpp_1_1threading_1_1MSScopedLock-members.html", "size_i": "5305", "regex": "false"},
	{"name_s": "/usr/share/doc/log4cpp-1.0/api/classlog4cpp_1_1threading_1_1MSScopedLock.html", "size_i": "7473", "regex": "false"},
	{"name_s": "/usr/share/doc/log4cpp-1.0/api/classlog4cpp_1_1threading_1_1Mutex-members.html", "size_i": "5756", "regex": "false"},
	{"name_s": "/usr/share/doc/log4cpp-1.0/api/classlog4cpp_1_1threading_1_1Mutex.html", "size_i": "8427", "regex": "false"},
	{"name_s": "/usr/share/doc/log4cpp-1.0/api/classlog4cpp_1_1threading_1_1ScopedLock-members.html", "size_i": "5281", "regex": "false"},
	{"name_s": "/usr/share/doc/log4cpp-1.0/api/classlog4cpp_1_1threading_1_1ScopedLock.html", "size_i": "7537", "regex": "false"},
	{"name_s": "/usr/share/doc/log4cpp-1.0/api/classlog4cpp_1_1threading_1_1ThreadLocalDataHolder-members.html", "size_i": "17343", "regex": "false"},
	{"name_s": "/usr/share/doc/log4cpp-1.0/api/classlog4cpp_1_1threading_1_1ThreadLocalDataHolder.html", "size_i": "50272", "regex": "false"},
	{"name_s": "/usr/share/doc/log4cpp-1.0/api/classlog4cpp_1_1width-members.html", "size_i": "5165", "regex": "false"},
	{"name_s": "/usr/share/doc/log4cpp-1.0/api/classlog4cpp_1_1width.html", "size_i": "7430", "regex": "false"},
	{"name_s": "/usr/share/doc/log4cpp-1.0/api/classstd_1_1ostringstream-members.html", "size_i": "4864", "regex": "false"},
	{"name_s": "/usr/share/doc/log4cpp-1.0/api/classstd_1_1ostringstream.html", "size_i": "6027", "regex": "false"},
	{"name_s": "/usr/share/doc/log4cpp-1.0/api/deprecated.html", "size_i": "5602", "regex": "false"},
	{"name_s": "/usr/share/doc/log4cpp-1.0/api/doxygen.css", "size_i": "6619", "regex": "false"},
	{"name_s": "/usr/share/doc/log4cpp-1.0/api/doxygen.png", "size_i": "1281", "regex": "false"},
	{"name_s": "/usr/share/doc/log4cpp-1.0/api/files.html", "size_i": "20113", "regex": "false"},
	{"name_s": "/usr/share/doc/log4cpp-1.0/api/functions.html", "size_i": "14683", "regex": "false"},
	{"name_s": "/usr/share/doc/log4cpp-1.0/api/functions_0x61.html", "size_i": "10851", "regex": "false"},
	{"name_s": "/usr/share/doc/log4cpp-1.0/api/functions_0x62.html", "size_i": "7655", "regex": "false"},
	{"name_s": "/usr/share/doc/log4cpp-1.0/api/functions_0x63.html", "size_i": "12445", "regex": "false"},
	{"name_s": "/usr/share/doc/log4cpp-1.0/api/functions_0x64.html", "size_i": "8950", "regex": "false"},
	{"name_s": "/usr/share/doc/log4cpp-1.0/api/functions_0x65.html", "size_i": "8396", "regex": "false"},
	{"name_s": "/usr/share/doc/log4cpp-1.0/api/functions_0x66.html", "size_i": "9604", "regex": "false"},
	{"name_s": "/usr/share/doc/log4cpp-1.0/api/functions_0x67.html", "size_i": "15107", "regex": "false"},
	{"name_s": "/usr/share/doc/log4cpp-1.0/api/functions_0x68.html", "size_i": "7153", "regex": "false"},
	{"name_s": "/usr/share/doc/log4cpp-1.0/api/functions_0x69.html", "size_i": "9270", "regex": "false"},
	{"name_s": "/usr/share/doc/log4cpp-1.0/api/functions_0x6c.html", "size_i": "8140", "regex": "false"},
	{"name_s": "/usr/share/doc/log4cpp-1.0/api/functions_0x6d.html", "size_i": "7753", "regex": "false"},
	{"name_s": "/usr/share/doc/log4cpp-1.0/api/functions_0x6e.html", "size_i": "8026", "regex": "false"},
	{"name_s": "/usr/share/doc/log4cpp-1.0/api/functions_0x6f.html", "size_i": "9945", "regex": "false"},
	{"name_s": "/usr/share/doc/log4cpp-1.0/api/functions_0x70.html", "size_i": "8772", "regex": "false"},
	{"name_s": "/usr/share/doc/log4cpp-1.0/api/functions_0x71.html", "size_i": "7036", "regex": "false"},
	{"name_s": "/usr/share/doc/log4cpp-1.0/api/functions_0x72.html", "size_i": "12314", "regex": "false"},
	{"name_s": "/usr/share/doc/log4cpp-1.0/api/functions_0x73.html", "size_i": "12012", "regex": "false"},
	{"name_s": "/usr/share/doc/log4cpp-1.0/api/functions_0x74.html", "size_i": "8684", "regex": "false"},
	{"name_s": "/usr/share/doc/log4cpp-1.0/api/functions_0x75.html", "size_i": "7029", "regex": "false"},
	{"name_s": "/usr/share/doc/log4cpp-1.0/api/functions_0x76.html", "size_i": "7139", "regex": "false"},
	{"name_s": "/usr/share/doc/log4cpp-1.0/api/functions_0x77.html", "size_i": "7700", "regex": "false"},
	{"name_s": "/usr/share/doc/log4cpp-1.0/api/functions_0x7e.html", "size_i": "11803", "regex": "false"},
	{"name_s": "/usr/share/doc/log4cpp-1.0/api/functions_enum.html", "size_i": "5317", "regex": "false"},
	{"name_s": "/usr/share/doc/log4cpp-1.0/api/functions_eval.html", "size_i": "7101", "regex": "false"},
	{"name_s": "/usr/share/doc/log4cpp-1.0/api/functions_func.html", "size_i": "10567", "regex": "false"},
	{"name_s": "/usr/share/doc/log4cpp-1.0/api/functions_func_0x61.html", "size_i": "10298", "regex": "false"},
	{"name_s": "/usr/share/doc/log4cpp-1.0/api/functions_func_0x62.html", "size_i": "7557", "regex": "false"},
	{"name_s": "/usr/share/doc/log4cpp-1.0/api/functions_func_0x63.html", "size_i": "11219", "regex": "false"},
	{"name_s": "/usr/share/doc/log4cpp-1.0/api/functions_func_0x64.html", "size_i": "8076", "regex": "false"},
	{"name_s": "/usr/share/doc/log4cpp-1.0/api/functions_func_0x65.html", "size_i": "8001", "regex": "false"},
	{"name_s": "/usr/share/doc/log4cpp-1.0/api/functions_func_0x66.html", "size_i": "8877", "regex": "false"},
	{"name_s": "/usr/share/doc/log4cpp-1.0/api/functions_func_0x67.html", "size_i": "15163", "regex": "false"},
	{"name_s": "/usr/share/doc/log4cpp-1.0/api/functions_func_0x68.html", "size_i": "7102", "regex": "false"},
	{"name_s": "/usr/share/doc/log4cpp-1.0/api/functions_func_0x69.html", "size_i": "9169", "regex": "false"},
	{"name_s": "/usr/share/doc/log4cpp-1.0/api/functions_func_0x6c.html", "size_i": "7904", "regex": "false"},
	{"name_s": "/usr/share/doc/log4cpp-1.0/api/functions_func_0x6d.html", "size_i": "7401", "regex": "false"},
	{"name_s": "/usr/share/doc/log4cpp-1.0/api/functions_func_0x6e.html", "size_i": "7476", "regex": "false"},
	{"name_s": "/usr/share/doc/log4cpp-1.0/api/functions_func_0x6f.html", "size_i": "9557", "regex": "false"},
	{"name_s": "/usr/share/doc/log4cpp-1.0/api/functions_func_0x70.html", "size_i": "7967", "regex": "false"},
	{"name_s": "/usr/share/doc/log4cpp-1.0/api/functions_func_0x71.html", "size_i": "7092", "regex": "false"},
	{"name_s": "/usr/share/doc/log4cpp-1.0/api/functions_func_0x72.html", "size_i": "12370", "regex": "false"},
	{"name_s": "/usr/share/doc/log4cpp-1.0/api/functions_func_0x73.html", "size_i": "11755", "regex": "false"},
	{"name_s": "/usr/share/doc/log4cpp-1.0/api/functions_func_0x74.html", "size_i": "8142", "regex": "false"},
	{"name_s": "/usr/share/doc/log4cpp-1.0/api/functions_func_0x75.html", "size_i": "7085", "regex": "false"},
	{"name_s": "/usr/share/doc/log4cpp-1.0/api/functions_func_0x76.html", "size_i": "7070", "regex": "false"},
	{"name_s": "/usr/share/doc/log4cpp-1.0/api/functions_func_0x77.html", "size_i": "7599", "regex": "false"},
	{"name_s": "/usr/share/doc/log4cpp-1.0/api/functions_func_0x7e.html", "size_i": "11859", "regex": "false"},
	{"name_s": "/usr/share/doc/log4cpp-1.0/api/functions_rela.html", "size_i": "5860", "regex": "false"},
	{"name_s": "/usr/share/doc/log4cpp-1.0/api/functions_type.html", "size_i": "7245", "regex": "false"},
	{"name_s": "/usr/share/doc/log4cpp-1.0/api/functions_vars.html", "size_i": "13094", "regex": "false"},
	{"name_s": "/usr/share/doc/log4cpp-1.0/api/globals.html", "size_i": "12973", "regex": "false"},
	{"name_s": "/usr/share/doc/log4cpp-1.0/api/globals_defs.html", "size_i": "7195", "regex": "false"},
	{"name_s": "/usr/share/doc/log4cpp-1.0/api/globals_enum.html", "size_i": "4998", "regex": "false"},
	{"name_s": "/usr/share/doc/log4cpp-1.0/api/globals_eval.html", "size_i": "9426", "regex": "false"},
	{"name_s": "/usr/share/doc/log4cpp-1.0/api/hierarchy.html", "size_i": "11328", "regex": "false"},
	{"name_s": "/usr/share/doc/log4cpp-1.0/api/index.html", "size_i": "4353", "regex": "false"},
	{"name_s": "/usr/share/doc/log4cpp-1.0/api/mainPage_8txt.html", "size_i": "4462", "regex": "false"},
	{"name_s": "/usr/share/doc/log4cpp-1.0/api/namespacelog4cpp.html", "size_i": "52415", "regex": "false"},
	{"name_s": "/usr/share/doc/log4cpp-1.0/api/namespacelog4cpp_1_1details.html", "size_i": "5616", "regex": "false"},
	{"name_s": "/usr/share/doc/log4cpp-1.0/api/namespacelog4cpp_1_1threading.html", "size_i": "10773", "regex": "false"},
	{"name_s": "/usr/share/doc/log4cpp-1.0/api/namespacemembers.html", "size_i": "8293", "regex": "false"},
	{"name_s": "/usr/share/doc/log4cpp-1.0/api/namespacemembers_func.html", "size_i": "7021", "regex": "false"},
	{"name_s": "/usr/share/doc/log4cpp-1.0/api/namespacemembers_type.html", "size_i": "5158", "regex": "false"},
	{"name_s": "/usr/share/doc/log4cpp-1.0/api/namespacemembers_vars.html", "size_i": "5578", "regex": "false"},
	{"name_s": "/usr/share/doc/log4cpp-1.0/api/namespaces.html", "size_i": "5071", "regex": "false"},
	{"name_s": "/usr/share/doc/log4cpp-1.0/api/namespacestd.html", "size_i": "4718", "regex": "false"},
	{"name_s": "/usr/share/doc/log4cpp-1.0/api/pages.html", "size_i": "4364", "regex": "false"},
	{"name_s": "/usr/share/doc/log4cpp-1.0/api/search", "size_i": "4096", "regex": "false"},
	{"name_s": "/usr/share/doc/log4cpp-1.0/api/search/all_5f.html", "size_i": "24732", "regex": "false"},
	{"name_s": "/usr/share/doc/log4cpp-1.0/api/search/all_61.html", "size_i": "18525", "regex": "false"},
	{"name_s": "/usr/share/doc/log4cpp-1.0/api/search/all_62.html", "size_i": "6906", "regex": "false"},
	{"name_s": "/usr/share/doc/log4cpp-1.0/api/search/all_63.html", "size_i": "29135", "regex": "false"},
	{"name_s": "/usr/share/doc/log4cpp-1.0/api/search/all_64.html", "size_i": "11356", "regex": "false"},
	{"name_s": "/usr/share/doc/log4cpp-1.0/api/search/all_65.html", "size_i": "8267", "regex": "false"},
	{"name_s": "/usr/share/doc/log4cpp-1.0/api/search/all_66.html", "size_i": "15228", "regex": "false"},
	{"name_s": "/usr/share/doc/log4cpp-1.0/api/search/all_67.html", "size_i": "31924", "regex": "false"},
	{"name_s": "/usr/share/doc/log4cpp-1.0/api/search/all_68.html", "size_i": "7170", "regex": "false"},
	{"name_s": "/usr/share/doc/log4cpp-1.0/api/search/all_69.html", "size_i": "9513", "regex": "false"},
	{"name_s": "/usr/share/doc/log4cpp-1.0/api/search/all_6c.html", "size_i": "28301", "regex": "false"},
	{"name_s": "/usr/share/doc/log4cpp-1.0/api/search/all_6d.html", "size_i": "7348", "regex": "false"},
	{"name_s": "/usr/share/doc/log4cpp-1.0/api/search/all_6e.html", "size_i": "8256", "regex": "false"},
	{"name_s": "/usr/share/doc/log4cpp-1.0/api/search/all_6f.html", "size_i": "17940", "regex": "false"},
	{"name_s": "/usr/share/doc/log4cpp-1.0/api/search/all_70.html", "size_i": "16526", "regex": "false"},
	{"name_s": "/usr/share/doc/log4cpp-1.0/api/search/all_71.html", "size_i": "1239", "regex": "false"},
	{"name_s": "/usr/share/doc/log4cpp-1.0/api/search/all_72.html", "size_i": "23486", "regex": "false"},
	{"name_s": "/usr/share/doc/log4cpp-1.0/api/search/all_73.html", "size_i": "26694", "regex": "false"},
	{"name_s": "/usr/share/doc/log4cpp-1.0/api/search/all_74.html", "size_i": "13042", "regex": "false"},
	{"name_s": "/usr/share/doc/log4cpp-1.0/api/search/all_75.html", "size_i": "1229", "regex": "false"},
	{"name_s": "/usr/share/doc/log4cpp-1.0/api/search/all_76.html", "size_i": "1999", "regex": "false"},
	{"name_s": "/usr/share/doc/log4cpp-1.0/api/search/all_77.html", "size_i": "5446", "regex": "false"},
	{"name_s": "/usr/share/doc/log4cpp-1.0/api/search/all_7e.html", "size_i": "16231", "regex": "false"},
	{"name_s": "/usr/share/doc/log4cpp-1.0/api/search/classes_61.html", "size_i": "2305", "regex": "false"},
	{"name_s": "/usr/share/doc/log4cpp-1.0/api/search/classes_62.html", "size_i": "2364", "regex": "false"},
	{"name_s": "/usr/share/doc/log4cpp-1.0/api/search/classes_63.html", "size_i": "2324", "regex": "false"},
	{"name_s": "/usr/share/doc/log4cpp-1.0/api/search/classes_64.html", "size_i": "1211", "regex": "false"},
	{"name_s": "/usr/share/doc/log4cpp-1.0/api/search/classes_66.html", "size_i": "2702", "regex": "false"},
	{"name_s": "/usr/share/doc/log4cpp-1.0/api/search/classes_68.html", "size_i": "1204", "regex": "false"},
	{"name_s": "/usr/share/doc/log4cpp-1.0/api/search/classes_69.html", "size_i": "1183", "regex": "false"},
	{"name_s": "/usr/share/doc/log4cpp-1.0/api/search/classes_6c.html", "size_i": "2660", "regex": "false"},
	{"name_s": "/usr/share/doc/log4cpp-1.0/api/search/classes_6d.html", "size_i": "2748", "regex": "false"},
	{"name_s": "/usr/share/doc/log4cpp-1.0/api/search/classes_6e.html", "size_i": "1913", "regex": "false"},
	{"name_s": "/usr/share/doc/log4cpp-1.0/api/search/classes_6f.html", "size_i": "1990", "regex": "false"},
	{"name_s": "/usr/share/doc/log4cpp-1.0/api/search/classes_70.html", "size_i": "4699", "regex": "false"},
	{"name_s": "/usr/share/doc/log4cpp-1.0/api/search/classes_72.html", "size_i": "2031", "regex": "false"},
	{"name_s": "/usr/share/doc/log4cpp-1.0/api/search/classes_73.html", "size_i": "3897", "regex": "false"},
	{"name_s": "/usr/share/doc/log4cpp-1.0/api/search/classes_74.html", "size_i": "3546", "regex": "false"},
	{"name_s": "/usr/share/doc/log4cpp-1.0/api/search/classes_77.html", "size_i": "1549", "regex": "false"},
	{"name_s": "/usr/share/doc/log4cpp-1.0/api/search/close.png", "size_i": "273", "regex": "false"},
	{"name_s": "/usr/share/doc/log4cpp-1.0/api/search/defines_68.html", "size_i": "5003", "regex": "false"},
	{"name_s": "/usr/share/doc/log4cpp-1.0/api/search/defines_6c.html", "size_i": "3419", "regex": "false"},
	{"name_s": "/usr/share/doc/log4cpp-1.0/api/search/defines_6e.html", "size_i": "1786", "regex": "false"},
	{"name_s": "/usr/share/doc/log4cpp-1.0/api/search/defines_70.html", "size_i": "1239", "regex": "false"},
	{"name_s": "/usr/share/doc/log4cpp-1.0/api/search/defines_76.html", "size_i": "1205", "regex": "false"},
	{"name_s": "/usr/share/doc/log4cpp-1.0/api/search/enums_64.html", "size_i": "1211", "regex": "false"},
	{"name_s": "/usr/share/doc/log4cpp-1.0/api/search/enums_70.html", "size_i": "1225", "regex": "false"},
	{"name_s": "/usr/share/doc/log4cpp-1.0/api/search/enums_73.html", "size_i": "1646", "regex": "false"},
	{"name_s": "/usr/share/doc/log4cpp-1.0/api/search/enumvalues_61.html", "size_i": "1668", "regex": "false"},
	{"name_s": "/usr/share/doc/log4cpp-1.0/api/search/enumvalues_63.html", "size_i": "1240", "regex": "false"},
	{"name_s": "/usr/share/doc/log4cpp-1.0/api/search/enumvalues_64.html", "size_i": "1664", "regex": "false"},
	{"name_s": "/usr/share/doc/log4cpp-1.0/api/search/enumvalues_65.html", "size_i": "1670", "regex": "false"},
	{"name_s": "/usr/share/doc/log4cpp-1.0/api/search/enumvalues_66.html", "size_i": "1242", "regex": "false"},
	{"name_s": "/usr/share/doc/log4cpp-1.0/api/search/enumvalues_69.html", "size_i": "1240", "regex": "false"},
	{"name_s": "/usr/share/doc/log4cpp-1.0/api/search/enumvalues_6c.html", "size_i": "13320", "regex": "false"},
	{"name_s": "/usr/share/doc/log4cpp-1.0/api/search/enumvalues_6e.html", "size_i": "2102", "regex": "false"},
	{"name_s": "/usr/share/doc/log4cpp-1.0/api/search/enumvalues_77.html", "size_i": "1240", "regex": "false"},
	{"name_s": "/usr/share/doc/log4cpp-1.0/api/search/files_61.html", "size_i": "3464", "regex": "false"},
	{"name_s": "/usr/share/doc/log4cpp-1.0/api/search/files_62.html", "size_i": "3159", "regex": "false"},
	{"name_s": "/usr/share/doc/log4cpp-1.0/api/search/files_63.html", "size_i": "2767", "regex": "false"},
	{"name_s": "/usr/share/doc/log4cpp-1.0/api/search/files_64.html", "size_i": "1783", "regex": "false"},
	{"name_s": "/usr/share/doc/log4cpp-1.0/api/search/files_65.html", "size_i": "1122", "regex": "false"},
	{"name_s": "/usr/share/doc/log4cpp-1.0/api/search/files_66.html", "size_i": "3452", "regex": "false"},
	{"name_s": "/usr/share/doc/log4cpp-1.0/api/search/files_68.html", "size_i": "1511", "regex": "false"},
	{"name_s": "/usr/share/doc/log4cpp-1.0/api/search/files_69.html", "size_i": "1469", "regex": "false"},
	{"name_s": "/usr/share/doc/log4cpp-1.0/api/search/files_6c.html", "size_i": "4419", "regex": "false"},
	{"name_s": "/usr/share/doc/log4cpp-1.0/api/search/files_6d.html", "size_i": "2091", "regex": "false"},
	{"name_s": "/usr/share/doc/log4cpp-1.0/api/search/files_6e.html", "size_i": "2106", "regex": "false"},
	{"name_s": "/usr/share/doc/log4cpp-1.0/api/search/files_6f.html", "size_i": "2136", "regex": "false"},
	{"name_s": "/usr/share/doc/log4cpp-1.0/api/search/files_70.html", "size_i": "6519", "regex": "false"},
	{"name_s": "/usr/share/doc/log4cpp-1.0/api/search/files_72.html", "size_i": "2214", "regex": "false"},
	{"name_s": "/usr/share/doc/log4cpp-1.0/api/search/files_73.html", "size_i": "4167", "regex": "false"},
	{"name_s": "/usr/share/doc/log4cpp-1.0/api/search/files_74.html", "size_i": "2899", "regex": "false"},
	{"name_s": "/usr/share/doc/log4cpp-1.0/api/search/files_77.html", "size_i": "1505", "regex": "false"},
	{"name_s": "/usr/share/doc/log4cpp-1.0/api/search/functions_5f.html", "size_i": "11995", "regex": "false"},
	{"name_s": "/usr/share/doc/log4cpp-1.0/api/search/functions_61.html", "size_i": "12309", "regex": "false"},
	{"name_s": "/usr/share/doc/log4cpp-1.0/api/search/functions_62.html", "size_i": "2540", "regex": "false"},
	{"name_s": "/usr/share/doc/log4cpp-1.0/api/search/functions_63.html", "size_i": "20494", "regex": "false"},
	{"name_s": "/usr/share/doc/log4cpp-1.0/api/search/functions_64.html", "size_i": "6420", "regex": "false"},
	{"name_s": "/usr/share/doc/log4cpp-1.0/api/search/functions_65.html", "size_i": "5882", "regex": "false"},
	{"name_s": "/usr/share/doc/log4cpp-1.0/api/search/functions_66.html", "size_i": "7956", "regex": "false"},
	{"name_s": "/usr/share/doc/log4cpp-1.0/api/search/functions_67.html", "size_i": "31924", "regex": "false"},
	{"name_s": "/usr/share/doc/log4cpp-1.0/api/search/functions_68.html", "size_i": "1259", "regex": "false"},
	{"name_s": "/usr/share/doc/log4cpp-1.0/api/search/functions_69.html", "size_i": "8128", "regex": "false"},
	{"name_s": "/usr/share/doc/log4cpp-1.0/api/search/functions_6c.html", "size_i": "5121", "regex": "false"},
	{"name_s": "/usr/share/doc/log4cpp-1.0/api/search/functions_6d.html", "size_i": "2089", "regex": "false"},
	{"name_s": "/usr/share/doc/log4cpp-1.0/api/search/functions_6e.html", "size_i": "3084", "regex": "false"},
	{"name_s": "/usr/share/doc/log4cpp-1.0/api/search/functions_6f.html", "size_i": "14758", "regex": "false"},
	{"name_s": "/usr/share/doc/log4cpp-1.0/api/search/functions_70.html", "size_i": "3768", "regex": "false"},
	{"name_s": "/usr/share/doc/log4cpp-1.0/api/search/functions_71.html", "size_i": "1239", "regex": "false"},
	{"name_s": "/usr/share/doc/log4cpp-1.0/api/search/functions_72.html", "size_i": "20833", "regex": "false"},
	{"name_s": "/usr/share/doc/log4cpp-1.0/api/search/functions_73.html", "size_i": "17508", "regex": "false"},
	{"name_s": "/usr/share/doc/log4cpp-1.0/api/search/functions_74.html", "size_i": "6525", "regex": "false"},
	{"name_s": "/usr/share/doc/log4cpp-1.0/api/search/functions_75.html", "size_i": "1229", "regex": "false"},
	{"name_s": "/usr/share/doc/log4cpp-1.0/api/search/functions_76.html", "size_i": "1213", "regex": "false"},
	{"name_s": "/usr/share/doc/log4cpp-1.0/api/search/functions_77.html", "size_i": "3671", "regex": "false"},
	{"name_s": "/usr/share/doc/log4cpp-1.0/api/search/functions_7e.html", "size_i": "16231", "regex": "false"},
	{"name_s": "/usr/share/doc/log4cpp-1.0/api/search/namespaces_6c.html", "size_i": "1844", "regex": "false"},
	{"name_s": "/usr/share/doc/log4cpp-1.0/api/search/namespaces_73.html", "size_i": "1110", "regex": "false"},
	{"name_s": "/usr/share/doc/log4cpp-1.0/api/search/nomatches.html", "size_i": "461", "regex": "false"},
	{"name_s": "/usr/share/doc/log4cpp-1.0/api/search/related_65.html", "size_i": "1217", "regex": "false"},
	{"name_s": "/usr/share/doc/log4cpp-1.0/api/search/related_68.html", "size_i": "1237", "regex": "false"},
	{"name_s": "/usr/share/doc/log4cpp-1.0/api/search/related_6c.html", "size_i": "1654", "regex": "false"},
	{"name_s": "/usr/share/doc/log4cpp-1.0/api/search/related_6f.html", "size_i": "1825", "regex": "false"},
	{"name_s": "/usr/share/doc/log4cpp-1.0/api/search/search.css", "size_i": "3811", "regex": "false"},
	{"name_s": "/usr/share/doc/log4cpp-1.0/api/search/search.js", "size_i": "20995", "regex": "false"},
	{"name_s": "/usr/share/doc/log4cpp-1.0/api/search/search.png", "size_i": "527", "regex": "false"},
	{"name_s": "/usr/share/doc/log4cpp-1.0/api/search/typedefs_61.html", "size_i": "1642", "regex": "false"},
	{"name_s": "/usr/share/doc/log4cpp-1.0/api/search/typedefs_63.html", "size_i": "3919", "regex": "false"},
	{"name_s": "/usr/share/doc/log4cpp-1.0/api/search/typedefs_64.html", "size_i": "2716", "regex": "false"},
	{"name_s": "/usr/share/doc/log4cpp-1.0/api/search/typedefs_6d.html", "size_i": "1215", "regex": "false"},
	{"name_s": "/usr/share/doc/log4cpp-1.0/api/search/typedefs_70.html", "size_i": "2203", "regex": "false"},
	{"name_s": "/usr/share/doc/log4cpp-1.0/api/search/typedefs_73.html", "size_i": "1668", "regex": "false"},
	{"name_s": "/usr/share/doc/log4cpp-1.0/api/search/typedefs_76.html", "size_i": "1209", "regex": "false"},
	{"name_s": "/usr/share/doc/log4cpp-1.0/api/search/variables_5f.html", "size_i": "13511", "regex": "false"},
	{"name_s": "/usr/share/doc/log4cpp-1.0/api/search/variables_61.html", "size_i": "1221", "regex": "false"},
	{"name_s": "/usr/share/doc/log4cpp-1.0/api/search/variables_62.html", "size_i": "1261", "regex": "false"},
	{"name_s": "/usr/share/doc/log4cpp-1.0/api/search/variables_63.html", "size_i": "2010", "regex": "false"},
	{"name_s": "/usr/share/doc/log4cpp-1.0/api/search/variables_64.html", "size_i": "1265", "regex": "false"},
	{"name_s": "/usr/share/doc/log4cpp-1.0/api/search/variables_65.html", "size_i": "1600", "regex": "false"},
	{"name_s": "/usr/share/doc/log4cpp-1.0/api/search/variables_66.html", "size_i": "2935", "regex": "false"},
	{"name_s": "/usr/share/doc/log4cpp-1.0/api/search/variables_6c.html", "size_i": "1217", "regex": "false"},
	{"name_s": "/usr/share/doc/log4cpp-1.0/api/search/variables_6d.html", "size_i": "2251", "regex": "false"},
	{"name_s": "/usr/share/doc/log4cpp-1.0/api/search/variables_6e.html", "size_i": "1214", "regex": "false"},
	{"name_s": "/usr/share/doc/log4cpp-1.0/api/search/variables_70.html", "size_i": "1669", "regex": "false"},
	{"name_s": "/usr/share/doc/log4cpp-1.0/api/search/variables_73.html", "size_i": "1263", "regex": "false"},
	{"name_s": "/usr/share/doc/log4cpp-1.0/api/search/variables_74.html", "size_i": "2524", "regex": "false"},
	{"name_s": "/usr/share/doc/log4cpp-1.0/api/structlog4cpp_1_1CategoryNameComponent-members.html", "size_i": "5693", "regex": "false"},
	{"name_s": "/usr/share/doc/log4cpp-1.0/api/structlog4cpp_1_1CategoryNameComponent.gif", "size_i": "1163", "regex": "false"},
	{"name_s": "/usr/share/doc/log4cpp-1.0/api/structlog4cpp_1_1CategoryNameComponent.html", "size_i": "8446", "regex": "false"},
	{"name_s": "/usr/share/doc/log4cpp-1.0/api/structlog4cpp_1_1FormatModifierComponent-members.html", "size_i": "6104", "regex": "false"},
	{"name_s": "/usr/share/doc/log4cpp-1.0/api/structlog4cpp_1_1FormatModifierComponent.gif", "size_i": "1166", "regex": "false"},
	{"name_s": "/usr/share/doc/log4cpp-1.0/api/structlog4cpp_1_1FormatModifierComponent.html", "size_i": "10313", "regex": "false"},
	{"name_s": "/usr/share/doc/log4cpp-1.0/api/structlog4cpp_1_1LoggingEvent-members.html", "size_i": "6440", "regex": "false"},
	{"name_s": "/usr/share/doc/log4cpp-1.0/api/structlog4cpp_1_1LoggingEvent.html", "size_i": "16558", "regex": "false"},
	{"name_s": "/usr/share/doc/log4cpp-1.0/api/structlog4cpp_1_1MessageComponent-members.html", "size_i": "5340", "regex": "false"},
	{"name_s": "/usr/share/doc/log4cpp-1.0/api/structlog4cpp_1_1MessageComponent.gif", "size_i": "1117", "regex": "false"},
	{"name_s": "/usr/share/doc/log4cpp-1.0/api/structlog4cpp_1_1MessageComponent.html", "size_i": "7382", "regex": "false"},
	{"name_s": "/usr/share/doc/log4cpp-1.0/api/structlog4cpp_1_1MillisSinceEpochComponent-members.html", "size_i": "5394", "regex": "false"},
	{"name_s": "/usr/share/doc/log4cpp-1.0/api/structlog4cpp_1_1MillisSinceEpochComponent.gif", "size_i": "1177", "regex": "false"},
	{"name_s": "/usr/share/doc/log4cpp-1.0/api/structlog4cpp_1_1MillisSinceEpochComponent.html", "size_i": "7508", "regex": "false"},
	{"name_s": "/usr/share/doc/log4cpp-1.0/api/structlog4cpp_1_1NDCComponent-members.html", "size_i": "5316", "regex": "false"},
	{"name_s": "/usr/share/doc/log4cpp-1.0/api/structlog4cpp_1_1NDCComponent.gif", "size_i": "1082", "regex": "false"},
	{"name_s": "/usr/share/doc/log4cpp-1.0/api/structlog4cpp_1_1NDCComponent.html", "size_i": "7326", "regex": "false"},
	{"name_s": "/usr/share/doc/log4cpp-1.0/api/structlog4cpp_1_1NDC_1_1DiagnosticContext-members.html", "size_i": "5891", "regex": "false"},
	{"name_s": "/usr/share/doc/log4cpp-1.0/api/structlog4cpp_1_1NDC_1_1DiagnosticContext.html", "size_i": "9632", "regex": "false"},
	{"name_s": "/usr/share/doc/log4cpp-1.0/api/structlog4cpp_1_1PriorityComponent-members.html", "size_i": "5346", "regex": "false"},
	{"name_s": "/usr/share/doc/log4cpp-1.0/api/structlog4cpp_1_1PriorityComponent.gif", "size_i": "1102", "regex": "false"},
	{"name_s": "/usr/share/doc/log4cpp-1.0/api/structlog4cpp_1_1PriorityComponent.html", "size_i": "7396", "regex": "false"},
	{"name_s": "/usr/share/doc/log4cpp-1.0/api/structlog4cpp_1_1ProcessorTimeComponent-members.html", "size_i": "5376", "regex": "false"},
	{"name_s": "/usr/share/doc/log4cpp-1.0/api/structlog4cpp_1_1ProcessorTimeComponent.gif", "size_i": "1145", "regex": "false"},
	{"name_s": "/usr/share/doc/log4cpp-1.0/api/structlog4cpp_1_1ProcessorTimeComponent.html", "size_i": "7466", "regex": "false"},
	{"name_s": "/usr/share/doc/log4cpp-1.0/api/structlog4cpp_1_1SecondsSinceEpochComponent-members.html", "size_i": "5400", "regex": "false"},
	{"name_s": "/usr/share/doc/log4cpp-1.0/api/structlog4cpp_1_1SecondsSinceEpochComponent.gif", "size_i": "1182", "regex": "false"},
	{"name_s": "/usr/share/doc/log4cpp-1.0/api/structlog4cpp_1_1SecondsSinceEpochComponent.html", "size_i": "7522", "regex": "false"},
	{"name_s": "/usr/share/doc/log4cpp-1.0/api/structlog4cpp_1_1StringLiteralComponent-members.html", "size_i": "5712", "regex": "false"},
	{"name_s": "/usr/share/doc/log4cpp-1.0/api/structlog4cpp_1_1StringLiteralComponent.gif", "size_i": "1142", "regex": "false"},
	{"name_s": "/usr/share/doc/log4cpp-1.0/api/structlog4cpp_1_1StringLiteralComponent.html", "size_i": "8494", "regex": "false"},
	{"name_s": "/usr/share/doc/log4cpp-1.0/api/structlog4cpp_1_1ThreadNameComponent-members.html", "size_i": "5358", "regex": "false"},
	{"name_s": "/usr/share/doc/log4cpp-1.0/api/structlog4cpp_1_1ThreadNameComponent.gif", "size_i": "1137", "regex": "false"},
	{"name_s": "/usr/share/doc/log4cpp-1.0/api/structlog4cpp_1_1ThreadNameComponent.html", "size_i": "7424", "regex": "false"},
	{"name_s": "/usr/share/doc/log4cpp-1.0/api/structlog4cpp_1_1TimeStampComponent-members.html", "size_i": "6514", "regex": "false"},
	{"name_s": "/usr/share/doc/log4cpp-1.0/api/structlog4cpp_1_1TimeStampComponent.gif", "size_i": "1132", "regex": "false"},
	{"name_s": "/usr/share/doc/log4cpp-1.0/api/structlog4cpp_1_1TimeStampComponent.html", "size_i": "11124", "regex": "false"},
	{"name_s": "/usr/share/doc/log4cpp-1.0/api/tab_b.gif", "size_i": "35", "regex": "false"},
	{"name_s": "/usr/share/doc/log4cpp-1.0/api/tab_l.gif", "size_i": "706", "regex": "false"},
	{"name_s": "/usr/share/doc/log4cpp-1.0/api/tab_r.gif", "size_i": "2585", "regex": "false"},
	{"name_s": "/usr/share/doc/log4cpp-1.0/api/tabs.css", "size_i": "1844", "regex": "false"},
	{"name_s": "/usr/share/doc/log4cpp-1.0/api/todo.html", "size_i": "4537", "regex": "false"},
	{"name_s": "/usr/share/doc/log4cpp-1.0/default.css", "size_i": "195", "regex": "false"},
	{"name_s": "/usr/share/doc/log4cpp-1.0/index.html", "size_i": "20920", "regex": "false"},
	{"name_s": "/usr/share/doc/log4cpp-1.0/sflogo.png", "size_i": "2112", "regex": "false"},
	{"name_s": "/usr/share/man/man3/log4cpp.3.gz", "size_i": "2328", "regex": "false"},
	{"name_s": "/usr/share/man/man3/log4cpp::AbortAppender.3.gz", "size_i": "953", "regex": "false"},
	{"name_s": "/usr/share/man/man3/log4cpp::Appender.3.gz", "size_i": "1610", "regex": "false"},
	{"name_s": "/usr/share/man/man3/log4cpp::AppenderSkeleton.3.gz", "size_i": "1473", "regex": "false"},
	{"name_s": "/usr/share/man/man3/log4cpp::AppendersFactory.3.gz", "size_i": "553", "regex": "false"},
	{"name_s": "/usr/share/man/man3/log4cpp::BasicConfigurator.3.gz", "size_i": "495", "regex": "false"},
	{"name_s": "/usr/share/man/man3/log4cpp::BasicLayout.3.gz", "size_i": "522", "regex": "false"},
	{"name_s": "/usr/share/man/man3/log4cpp::BufferingAppender.3.gz", "size_i": "751", "regex": "false"},
	{"name_s": "/usr/share/man/man3/log4cpp::Category.3.gz", "size_i": "4082", "regex": "false"},
	{"name_s": "/usr/share/man/man3/log4cpp::CategoryNameComponent.3.gz", "size_i": "442", "regex": "false"},
	{"name_s": "/usr/share/man/man3/log4cpp::CategoryStream.3.gz", "size_i": "1162", "regex": "false"},
	{"name_s": "/usr/share/man/man3/log4cpp::ConfigureFailure.3.gz", "size_i": "426", "regex": "false"},
	{"name_s": "/usr/share/man/man3/log4cpp::FactoryParams.3.gz", "size_i": "518", "regex": "false"},
	{"name_s": "/usr/share/man/man3/log4cpp::FileAppender.3.gz", "size_i": "1350", "regex": "false"},
	{"name_s": "/usr/share/man/man3/log4cpp::Filter.3.gz", "size_i": "1508", "regex": "false"},
	{"name_s": "/usr/share/man/man3/log4cpp::FixedContextCategory.3.gz", "size_i": "1904", "regex": "false"},
	{"name_s": "/usr/share/man/man3/log4cpp::FormatModifierComponent.3.gz", "size_i": "495", "regex": "false"},
	{"name_s": "/usr/share/man/man3/log4cpp::HierarchyMaintainer.3.gz", "size_i": "936", "regex": "false"},
	{"name_s": "/usr/share/man/man3/log4cpp::IdsaAppender.3.gz", "size_i": "1062", "regex": "false"},
	{"name_s": "/usr/share/man/man3/log4cpp::Layout.3.gz", "size_i": "633", "regex": "false"},
	{"name_s": "/usr/share/man/man3/log4cpp::LayoutAppender.3.gz", "size_i": "868", "regex": "false"},
	{"name_s": "/usr/share/man/man3/log4cpp::LayoutsFactory.3.gz", "size_i": "551", "regex": "false"},
	{"name_s": "/usr/share/man/man3/log4cpp::LevelEvaluator.3.gz", "size_i": "437", "regex": "false"},
	{"name_s": "/usr/share/man/man3/log4cpp::LoggingEvent.3.gz", "size_i": "970", "regex": "false"},
	{"name_s": "/usr/share/man/man3/log4cpp::MessageComponent.3.gz", "size_i": "385", "regex": "false"},
	{"name_s": "/usr/share/man/man3/log4cpp::MillisSinceEpochComponent.3.gz", "size_i": "396", "regex": "false"},
	{"name_s": "/usr/share/man/man3/log4cpp::NDC.3.gz", "size_i": "2325", "regex": "false"},
	{"name_s": "/usr/share/man/man3/log4cpp::NDC::DiagnosticContext.3.gz", "size_i": "415", "regex": "false"},
	{"name_s": "/usr/share/man/man3/log4cpp::NDCComponent.3.gz", "size_i": "384", "regex": "false"},
	{"name_s": "/usr/share/man/man3/log4cpp::NTEventLogAppender.3.gz", "size_i": "1542", "regex": "false"},
	{"name_s": "/usr/share/man/man3/log4cpp::OstreamAppender.3.gz", "size_i": "860", "regex": "false"},
	{"name_s": "/usr/share/man/man3/log4cpp::PassThroughLayout.3.gz", "size_i": "496", "regex": "false"},
	{"name_s": "/usr/share/man/man3/log4cpp::PatternLayout.3.gz", "size_i": "1385", "regex": "false"},
	{"name_s": "/usr/share/man/man3/log4cpp::PatternLayout::PatternComponent.3.gz", "size_i": "590", "regex": "false"},
	{"name_s": "/usr/share/man/man3/log4cpp::Priority.3.gz", "size_i": "1111", "regex": "false"},
	{"name_s": "/usr/share/man/man3/log4cpp::PriorityComponent.3.gz", "size_i": "384", "regex": "false"},
	{"name_s": "/usr/share/man/man3/log4cpp::ProcessorTimeComponent.3.gz", "size_i": "393", "regex": "false"},
	{"name_s": "/usr/share/man/man3/log4cpp::Properties.3.gz", "size_i": "567", "regex": "false"},
	{"name_s": "/usr/share/man/man3/log4cpp::PropertyConfigurator.3.gz", "size_i": "713", "regex": "false"},
	{"name_s": "/usr/share/man/man3/log4cpp::PropertyConfiguratorImpl.3.gz", "size_i": "1542", "regex": "false"},
	{"name_s": "/usr/share/man/man3/log4cpp::RemoteSyslogAppender.3.gz", "size_i": "1212", "regex": "false"},
	{"name_s": "/usr/share/man/man3/log4cpp::RollingFileAppender.3.gz", "size_i": "915", "regex": "false"},
	{"name_s": "/usr/share/man/man3/log4cpp::SecondsSinceEpochComponent.3.gz", "size_i": "397", "regex": "false"},
	{"name_s": "/usr/share/man/man3/log4cpp::SimpleConfigurator.3.gz", "size_i": "754", "regex": "false"},
	{"name_s": "/usr/share/man/man3/log4cpp::SimpleLayout.3.gz", "size_i": "511", "regex": "false"},
	{"name_s": "/usr/share/man/man3/log4cpp::StringLiteralComponent.3.gz", "size_i": "441", "regex": "false"},
	{"name_s": "/usr/share/man/man3/log4cpp::StringQueueAppender.3.gz", "size_i": "1116", "regex": "false"},
	{"name_s": "/usr/share/man/man3/log4cpp::StringUtil.3.gz", "size_i": "979", "regex": "false"},
	{"name_s": "/usr/share/man/man3/log4cpp::SyslogAppender.3.gz", "size_i": "1067", "regex": "false"},
	{"name_s": "/usr/share/man/man3/log4cpp::ThreadNameComponent.3.gz", "size_i": "391", "regex": "false"},
	{"name_s": "/usr/share/man/man3/log4cpp::TimeStamp.3.gz", "size_i": "834", "regex": "false"},
	{"name_s": "/usr/share/man/man3/log4cpp::TimeStampComponent.3.gz", "size_i": "571", "regex": "false"},
	{"name_s": "/usr/share/man/man3/log4cpp::TriggeringEventEvaluator.3.gz", "size_i": "438", "regex": "false"},
	{"name_s": "/usr/share/man/man3/log4cpp::TriggeringEventEvaluatorFactory.3.gz", "size_i": "568", "regex": "false"},
	{"name_s": "/usr/share/man/man3/log4cpp::Win32DebugAppender.3.gz", "size_i": "851", "regex": "false"},
	{"name_s": "/usr/share/man/man3/log4cpp::details.3.gz", "size_i": "278", "regex": "false"},
	{"name_s": "/usr/share/man/man3/log4cpp::details::base::validator::data.3.gz", "size_i": "640", "regex": "false"},
	{"name_s": "/usr/share/man/man3/log4cpp::details::optional::params::validator.3.gz", "size_i": "488", "regex": "false"},
	{"name_s": "/usr/share/man/man3/log4cpp::details::parameter::validator.3.gz", "size_i": "486", "regex": "false"},
	{"name_s": "/usr/share/man/man3/log4cpp::details::required::params::validator.3.gz", "size_i": "488", "regex": "false"},
	{"name_s": "/usr/share/man/man3/log4cpp::tab.3.gz", "size_i": "402", "regex": "false"},
	{"name_s": "/usr/share/man/man3/log4cpp::threading.3.gz", "size_i": "797", "regex": "false"},
	{"name_s": "/usr/share/man/man3/log4cpp::threading::MSMutex.3.gz", "size_i": "443", "regex": "false"},
	{"name_s": "/usr/share/man/man3/log4cpp::threading::MSScopedLock.3.gz", "size_i": "430", "regex": "false"},
	{"name_s": "/usr/share/man/man3/log4cpp::threading::Mutex.3.gz", "size_i": "368", "regex": "false"},
	{"name_s": "/usr/share/man/man3/log4cpp::threading::ScopedLock.3.gz", "size_i": "391", "regex": "false"},
	{"name_s": "/usr/share/man/man3/log4cpp::threading::ThreadLocalDataHolder.3.gz", "size_i": "1177", "regex": "false"},
	{"name_s": "/usr/share/man/man3/log4cpp::width.3.gz", "size_i": "405", "regex": "false"}
]
