[
	{"name_s": "/etc/cron.daily/makewhatis.cron", "size_i": "905", "regex": "false"},
	{"name_s": "/etc/man.config", "size_i": "4940", "regex": "false"},
	{"name_s": "/usr/bin/apropos", "size_i": "1786", "regex": "false"},
	{"name_s": "/usr/bin/man", "size_i": "53496", "regex": "false"},
	{"name_s": "/usr/bin/man2html", "size_i": "56792", "regex": "false"},
	{"name_s": "/usr/bin/manpath", "size_i": "3", "regex": "false"},
	{"name_s": "/usr/bin/whatis", "size_i": "1784", "regex": "false"},
	{"name_s": "/usr/libexec/man-cmp.sh", "size_i": "214", "regex": "false"},
	{"name_s": "/usr/sbin/makewhatis", "size_i": "14118", "regex": "false"},
	{"name_s": "/usr/share/doc/man-1.6f", "size_i": "4096", "regex": "false"},
	{"name_s": "/usr/share/doc/man-1.6f/COPYING", "size_i": "17982", "regex": "false"},
	{"name_s": "/usr/share/doc/man-1.6f/README", "size_i": "1754", "regex": "false"},
	{"name_s": "/usr/share/locale/bg/LC_MESSAGES/man", "size_i": "10431", "regex": "false"},
	{"name_s": "/usr/share/locale/cs/LC_MESSAGES/man", "size_i": "6032", "regex": "false"},
	{"name_s": "/usr/share/locale/da/LC_MESSAGES/man", "size_i": "5712", "regex": "false"},
	{"name_s": "/usr/share/locale/de/LC_MESSAGES/man", "size_i": "6569", "regex": "false"},
	{"name_s": "/usr/share/locale/el/LC_MESSAGES/man", "size_i": "3870", "regex": "false"},
	{"name_s": "/usr/share/locale/en/LC_MESSAGES/man", "size_i": "5830", "regex": "false"},
	{"name_s": "/usr/share/locale/es/LC_MESSAGES/man", "size_i": "5922", "regex": "false"},
	{"name_s": "/usr/share/locale/fi/LC_MESSAGES/man", "size_i": "5597", "regex": "false"},
	{"name_s": "/usr/share/locale/fr/LC_MESSAGES/man", "size_i": "6958", "regex": "false"},
	{"name_s": "/usr/share/locale/hr/LC_MESSAGES/man", "size_i": "5623", "regex": "false"},
	{"name_s": "/usr/share/locale/it/LC_MESSAGES/man", "size_i": "6551", "regex": "false"},
	{"name_s": "/usr/share/locale/ja/LC_MESSAGES/man", "size_i": "226", "regex": "false"},
	{"name_s": "/usr/share/locale/ko/LC_MESSAGES/man", "size_i": "226", "regex": "false"},
	{"name_s": "/usr/share/locale/nl/LC_MESSAGES/man", "size_i": "6720", "regex": "false"},
	{"name_s": "/usr/share/locale/pl/LC_MESSAGES/man", "size_i": "6730", "regex": "false"},
	{"name_s": "/usr/share/locale/pt/LC_MESSAGES/man", "size_i": "4900", "regex": "false"},
	{"name_s": "/usr/share/locale/ro/LC_MESSAGES/man", "size_i": "5929", "regex": "false"},
	{"name_s": "/usr/share/locale/ru/LC_MESSAGES/man", "size_i": "8827", "regex": "false"},
	{"name_s": "/usr/share/locale/sl/LC_MESSAGES/man", "size_i": "5621", "regex": "false"},
	{"name_s": "/usr/share/man/bg", "size_i": "4096", "regex": "false"},
	{"name_s": "/usr/share/man/bg/man1", "size_i": "4096", "regex": "false"},
	{"name_s": "/usr/share/man/bg/man1/apropos.1.gz", "size_i": "879", "regex": "false"},
	{"name_s": "/usr/share/man/bg/man1/man.1.gz", "size_i": "5937", "regex": "false"},
	{"name_s": "/usr/share/man/bg/man1/whatis.1.gz", "size_i": "938", "regex": "false"},
	{"name_s": "/usr/share/man/bg/man5", "size_i": "4096", "regex": "false"},
	{"name_s": "/usr/share/man/bg/man5/man.config.5.gz", "size_i": "984", "regex": "false"},
	{"name_s": "/usr/share/man/bg/man8", "size_i": "4096", "regex": "false"},
	{"name_s": "/usr/share/man/bg/man8/makewhatis.8.gz", "size_i": "2082", "regex": "false"},
	{"name_s": "/usr/share/man/cs", "size_i": "4096", "regex": "false"},
	{"name_s": "/usr/share/man/cs/man1", "size_i": "4096", "regex": "false"},
	{"name_s": "/usr/share/man/cs/man1/apropos.1.gz", "size_i": "588", "regex": "false"},
	{"name_s": "/usr/share/man/cs/man1/man.1.gz", "size_i": "3348", "regex": "false"},
	{"name_s": "/usr/share/man/cs/man1/whatis.1.gz", "size_i": "669", "regex": "false"},
	{"name_s": "/usr/share/man/cs/man5", "size_i": "4096", "regex": "false"},
	{"name_s": "/usr/share/man/cs/man5/man.config.5.gz", "size_i": "691", "regex": "false"},
	{"name_s": "/usr/share/man/cs/man8", "size_i": "4096", "regex": "false"},
	{"name_s": "/usr/share/man/da", "size_i": "4096", "regex": "false"},
	{"name_s": "/usr/share/man/da/man1", "size_i": "4096", "regex": "false"},
	{"name_s": "/usr/share/man/da/man1/apropos.1.gz", "size_i": "614", "regex": "false"},
	{"name_s": "/usr/share/man/da/man1/man.1.gz", "size_i": "3246", "regex": "false"},
	{"name_s": "/usr/share/man/da/man1/whatis.1.gz", "size_i": "677", "regex": "false"},
	{"name_s": "/usr/share/man/da/man5", "size_i": "4096", "regex": "false"},
	{"name_s": "/usr/share/man/da/man5/man.config.5.gz", "size_i": "678", "regex": "false"},
	{"name_s": "/usr/share/man/da/man8", "size_i": "4096", "regex": "false"},
	{"name_s": "/usr/share/man/de", "size_i": "4096", "regex": "false"},
	{"name_s": "/usr/share/man/de/man1", "size_i": "4096", "regex": "false"},
	{"name_s": "/usr/share/man/de/man1/apropos.1.gz", "size_i": "584", "regex": "false"},
	{"name_s": "/usr/share/man/de/man1/man.1.gz", "size_i": "2738", "regex": "false"},
	{"name_s": "/usr/share/man/de/man1/whatis.1.gz", "size_i": "645", "regex": "false"},
	{"name_s": "/usr/share/man/de/man5", "size_i": "4096", "regex": "false"},
	{"name_s": "/usr/share/man/de/man5/man.config.5.gz", "size_i": "643", "regex": "false"},
	{"name_s": "/usr/share/man/de/man8", "size_i": "4096", "regex": "false"},
	{"name_s": "/usr/share/man/el", "size_i": "4096", "regex": "false"},
	{"name_s": "/usr/share/man/el/man1", "size_i": "4096", "regex": "false"},
	{"name_s": "/usr/share/man/el/man1/apropos.1.gz", "size_i": "771", "regex": "false"},
	{"name_s": "/usr/share/man/el/man1/man.1.gz", "size_i": "6157", "regex": "false"},
	{"name_s": "/usr/share/man/el/man1/whatis.1.gz", "size_i": "855", "regex": "false"},
	{"name_s": "/usr/share/man/el/man5", "size_i": "4096", "regex": "false"},
	{"name_s": "/usr/share/man/el/man5/man.config.5.gz", "size_i": "957", "regex": "false"},
	{"name_s": "/usr/share/man/el/man8", "size_i": "4096", "regex": "false"},
	{"name_s": "/usr/share/man/el/man8/makewhatis.8.gz", "size_i": "2113", "regex": "false"},
	{"name_s": "/usr/share/man/en", "size_i": "4096", "regex": "false"},
	{"name_s": "/usr/share/man/en/man1", "size_i": "4096", "regex": "false"},
	{"name_s": "/usr/share/man/en/man1/apropos.1.gz", "size_i": "636", "regex": "false"},
	{"name_s": "/usr/share/man/en/man1/man.1.gz", "size_i": "4975", "regex": "false"},
	{"name_s": "/usr/share/man/en/man1/whatis.1.gz", "size_i": "690", "regex": "false"},
	{"name_s": "/usr/share/man/en/man5", "size_i": "4096", "regex": "false"},
	{"name_s": "/usr/share/man/en/man5/man.config.5.gz", "size_i": "723", "regex": "false"},
	{"name_s": "/usr/share/man/en/man8", "size_i": "4096", "regex": "false"},
	{"name_s": "/usr/share/man/en/man8/makewhatis.8.gz", "size_i": "1646", "regex": "false"},
	{"name_s": "/usr/share/man/es", "size_i": "4096", "regex": "false"},
	{"name_s": "/usr/share/man/es/man1", "size_i": "4096", "regex": "false"},
	{"name_s": "/usr/share/man/es/man1/apropos.1.gz", "size_i": "791", "regex": "false"},
	{"name_s": "/usr/share/man/es/man1/man.1.gz", "size_i": "3311", "regex": "false"},
	{"name_s": "/usr/share/man/es/man1/whatis.1.gz", "size_i": "713", "regex": "false"},
	{"name_s": "/usr/share/man/es/man5", "size_i": "4096", "regex": "false"},
	{"name_s": "/usr/share/man/es/man5/man.config.5.gz", "size_i": "887", "regex": "false"},
	{"name_s": "/usr/share/man/es/man8", "size_i": "4096", "regex": "false"},
	{"name_s": "/usr/share/man/es/man8/makewhatis.8.gz", "size_i": "1714", "regex": "false"},
	{"name_s": "/usr/share/man/fi", "size_i": "4096", "regex": "false"},
	{"name_s": "/usr/share/man/fi/man1", "size_i": "4096", "regex": "false"},
	{"name_s": "/usr/share/man/fi/man1/apropos.1.gz", "size_i": "548", "regex": "false"},
	{"name_s": "/usr/share/man/fi/man1/man.1.gz", "size_i": "3636", "regex": "false"},
	{"name_s": "/usr/share/man/fi/man1/whatis.1.gz", "size_i": "606", "regex": "false"},
	{"name_s": "/usr/share/man/fi/man5", "size_i": "4096", "regex": "false"},
	{"name_s": "/usr/share/man/fi/man5/man.config.5.gz", "size_i": "638", "regex": "false"},
	{"name_s": "/usr/share/man/fi/man8", "size_i": "4096", "regex": "false"},
	{"name_s": "/usr/share/man/fr", "size_i": "4096", "regex": "false"},
	{"name_s": "/usr/share/man/fr/man1", "size_i": "4096", "regex": "false"},
	{"name_s": "/usr/share/man/fr/man1/apropos.1.gz", "size_i": "1045", "regex": "false"},
	{"name_s": "/usr/share/man/fr/man1/man.1.gz", "size_i": "5731", "regex": "false"},
	{"name_s": "/usr/share/man/fr/man1/whatis.1.gz", "size_i": "1081", "regex": "false"},
	{"name_s": "/usr/share/man/fr/man5", "size_i": "4096", "regex": "false"},
	{"name_s": "/usr/share/man/fr/man5/man.config.5.gz", "size_i": "1297", "regex": "false"},
	{"name_s": "/usr/share/man/fr/man8", "size_i": "4096", "regex": "false"},
	{"name_s": "/usr/share/man/fr/man8/makewhatis.8.gz", "size_i": "2064", "regex": "false"},
	{"name_s": "/usr/share/man/hr", "size_i": "4096", "regex": "false"},
	{"name_s": "/usr/share/man/hr/man1", "size_i": "4096", "regex": "false"},
	{"name_s": "/usr/share/man/hr/man1/apropos.1.gz", "size_i": "649", "regex": "false"},
	{"name_s": "/usr/share/man/hr/man1/man.1.gz", "size_i": "3263", "regex": "false"},
	{"name_s": "/usr/share/man/hr/man1/whatis.1.gz", "size_i": "708", "regex": "false"},
	{"name_s": "/usr/share/man/hr/man5", "size_i": "4096", "regex": "false"},
	{"name_s": "/usr/share/man/hr/man5/man.config.5.gz", "size_i": "650", "regex": "false"},
	{"name_s": "/usr/share/man/hr/man8", "size_i": "4096", "regex": "false"},
	{"name_s": "/usr/share/man/it", "size_i": "4096", "regex": "false"},
	{"name_s": "/usr/share/man/it/man1", "size_i": "4096", "regex": "false"},
	{"name_s": "/usr/share/man/it/man1/apropos.1.gz", "size_i": "757", "regex": "false"},
	{"name_s": "/usr/share/man/it/man1/man.1.gz", "size_i": "5345", "regex": "false"},
	{"name_s": "/usr/share/man/it/man1/whatis.1.gz", "size_i": "827", "regex": "false"},
	{"name_s": "/usr/share/man/it/man5", "size_i": "4096", "regex": "false"},
	{"name_s": "/usr/share/man/it/man5/man.config.5.gz", "size_i": "907", "regex": "false"},
	{"name_s": "/usr/share/man/it/man8", "size_i": "4096", "regex": "false"},
	{"name_s": "/usr/share/man/it/man8/makewhatis.8.gz", "size_i": "1802", "regex": "false"},
	{"name_s": "/usr/share/man/ja", "size_i": "4096", "regex": "false"},
	{"name_s": "/usr/share/man/ja/man1", "size_i": "4096", "regex": "false"},
	{"name_s": "/usr/share/man/ja/man1/apropos.1.gz", "size_i": "746", "regex": "false"},
	{"name_s": "/usr/share/man/ja/man1/man.1.gz", "size_i": "3786", "regex": "false"},
	{"name_s": "/usr/share/man/ja/man1/whatis.1.gz", "size_i": "768", "regex": "false"},
	{"name_s": "/usr/share/man/ja/man5", "size_i": "4096", "regex": "false"},
	{"name_s": "/usr/share/man/ja/man5/man.config.5.gz", "size_i": "843", "regex": "false"},
	{"name_s": "/usr/share/man/ja/man8", "size_i": "4096", "regex": "false"},
	{"name_s": "/usr/share/man/ko", "size_i": "4096", "regex": "false"},
	{"name_s": "/usr/share/man/ko/man1", "size_i": "4096", "regex": "false"},
	{"name_s": "/usr/share/man/ko/man1/apropos.1.gz", "size_i": "586", "regex": "false"},
	{"name_s": "/usr/share/man/ko/man1/man.1.gz", "size_i": "3633", "regex": "false"},
	{"name_s": "/usr/share/man/ko/man1/whatis.1.gz", "size_i": "681", "regex": "false"},
	{"name_s": "/usr/share/man/ko/man5", "size_i": "4096", "regex": "false"},
	{"name_s": "/usr/share/man/ko/man5/man.config.5.gz", "size_i": "737", "regex": "false"},
	{"name_s": "/usr/share/man/ko/man8", "size_i": "4096", "regex": "false"},
	{"name_s": "/usr/share/man/man1/apropos.1.gz", "size_i": "636", "regex": "false"},
	{"name_s": "/usr/share/man/man1/man.1.gz", "size_i": "4975", "regex": "false"},
	{"name_s": "/usr/share/man/man1/man2html.1.gz", "size_i": "2013", "regex": "false"},
	{"name_s": "/usr/share/man/man1/manpath.1.gz", "size_i": "8", "regex": "false"},
	{"name_s": "/usr/share/man/man1/whatis.1.gz", "size_i": "690", "regex": "false"},
	{"name_s": "/usr/share/man/man5/man.config.5.gz", "size_i": "723", "regex": "false"},
	{"name_s": "/usr/share/man/man8/makewhatis.8.gz", "size_i": "1646", "regex": "false"},
	{"name_s": "/usr/share/man/nl", "size_i": "4096", "regex": "false"},
	{"name_s": "/usr/share/man/nl/man1", "size_i": "4096", "regex": "false"},
	{"name_s": "/usr/share/man/nl/man1/apropos.1.gz", "size_i": "522", "regex": "false"},
	{"name_s": "/usr/share/man/nl/man1/man.1.gz", "size_i": "3237", "regex": "false"},
	{"name_s": "/usr/share/man/nl/man1/whatis.1.gz", "size_i": "590", "regex": "false"},
	{"name_s": "/usr/share/man/nl/man5", "size_i": "4096", "regex": "false"},
	{"name_s": "/usr/share/man/nl/man5/man.config.5.gz", "size_i": "591", "regex": "false"},
	{"name_s": "/usr/share/man/nl/man8", "size_i": "4096", "regex": "false"},
	{"name_s": "/usr/share/man/pl", "size_i": "4096", "regex": "false"},
	{"name_s": "/usr/share/man/pl/man1", "size_i": "4096", "regex": "false"},
	{"name_s": "/usr/share/man/pl/man1/apropos.1.gz", "size_i": "729", "regex": "false"},
	{"name_s": "/usr/share/man/pl/man1/man.1.gz", "size_i": "5108", "regex": "false"},
	{"name_s": "/usr/share/man/pl/man1/whatis.1.gz", "size_i": "790", "regex": "false"},
	{"name_s": "/usr/share/man/pl/man5", "size_i": "4096", "regex": "false"},
	{"name_s": "/usr/share/man/pl/man5/man.config.5.gz", "size_i": "829", "regex": "false"},
	{"name_s": "/usr/share/man/pl/man8", "size_i": "4096", "regex": "false"},
	{"name_s": "/usr/share/man/pt", "size_i": "4096", "regex": "false"},
	{"name_s": "/usr/share/man/pt/man1", "size_i": "4096", "regex": "false"},
	{"name_s": "/usr/share/man/pt/man1/apropos.1.gz", "size_i": "522", "regex": "false"},
	{"name_s": "/usr/share/man/pt/man1/man.1.gz", "size_i": "1992", "regex": "false"},
	{"name_s": "/usr/share/man/pt/man1/whatis.1.gz", "size_i": "586", "regex": "false"},
	{"name_s": "/usr/share/man/pt/man5", "size_i": "4096", "regex": "false"},
	{"name_s": "/usr/share/man/pt/man5/man.config.5.gz", "size_i": "558", "regex": "false"},
	{"name_s": "/usr/share/man/pt/man8", "size_i": "4096", "regex": "false"},
	{"name_s": "/usr/share/man/ro", "size_i": "4096", "regex": "false"},
	{"name_s": "/usr/share/man/ro/man1", "size_i": "4096", "regex": "false"},
	{"name_s": "/usr/share/man/ro/man1/apropos.1.gz", "size_i": "580", "regex": "false"},
	{"name_s": "/usr/share/man/ro/man1/man.1.gz", "size_i": "4752", "regex": "false"},
	{"name_s": "/usr/share/man/ro/man1/whatis.1.gz", "size_i": "625", "regex": "false"},
	{"name_s": "/usr/share/man/ro/man5", "size_i": "4096", "regex": "false"},
	{"name_s": "/usr/share/man/ro/man5/man.config.5.gz", "size_i": "615", "regex": "false"},
	{"name_s": "/usr/share/man/ro/man8", "size_i": "4096", "regex": "false"},
	{"name_s": "/usr/share/man/ro/man8/makewhatis.8.gz", "size_i": "1582", "regex": "false"},
	{"name_s": "/usr/share/man/sl", "size_i": "4096", "regex": "false"},
	{"name_s": "/usr/share/man/sl/man1", "size_i": "4096", "regex": "false"},
	{"name_s": "/usr/share/man/sl/man1/apropos.1.gz", "size_i": "577", "regex": "false"},
	{"name_s": "/usr/share/man/sl/man1/man.1.gz", "size_i": "3424", "regex": "false"},
	{"name_s": "/usr/share/man/sl/man1/whatis.1.gz", "size_i": "628", "regex": "false"},
	{"name_s": "/usr/share/man/sl/man5", "size_i": "4096", "regex": "false"},
	{"name_s": "/usr/share/man/sl/man5/man.config.5.gz", "size_i": "609", "regex": "false"},
	{"name_s": "/usr/share/man/sl/man8", "size_i": "4096", "regex": "false"},
	{"name_s": "/var/cache/man", "size_i": "4096", "regex": "false"},
	{"name_s": "/var/cache/man/X11R6", "size_i": "4096", "regex": "false"},
	{"name_s": "/var/cache/man/X11R6/cat1", "size_i": "4096", "regex": "false"},
	{"name_s": "/var/cache/man/X11R6/cat2", "size_i": "4096", "regex": "false"},
	{"name_s": "/var/cache/man/X11R6/cat3", "size_i": "4096", "regex": "false"},
	{"name_s": "/var/cache/man/X11R6/cat4", "size_i": "4096", "regex": "false"},
	{"name_s": "/var/cache/man/X11R6/cat5", "size_i": "4096", "regex": "false"},
	{"name_s": "/var/cache/man/X11R6/cat6", "size_i": "4096", "regex": "false"},
	{"name_s": "/var/cache/man/X11R6/cat7", "size_i": "4096", "regex": "false"},
	{"name_s": "/var/cache/man/X11R6/cat8", "size_i": "4096", "regex": "false"},
	{"name_s": "/var/cache/man/X11R6/cat9", "size_i": "4096", "regex": "false"},
	{"name_s": "/var/cache/man/X11R6/catn", "size_i": "4096", "regex": "false"},
	{"name_s": "/var/cache/man/cat1", "size_i": "4096", "regex": "false"},
	{"name_s": "/var/cache/man/cat2", "size_i": "4096", "regex": "false"},
	{"name_s": "/var/cache/man/cat3", "size_i": "4096", "regex": "false"},
	{"name_s": "/var/cache/man/cat4", "size_i": "4096", "regex": "false"},
	{"name_s": "/var/cache/man/cat5", "size_i": "4096", "regex": "false"},
	{"name_s": "/var/cache/man/cat6", "size_i": "4096", "regex": "false"},
	{"name_s": "/var/cache/man/cat7", "size_i": "4096", "regex": "false"},
	{"name_s": "/var/cache/man/cat8", "size_i": "4096", "regex": "false"},
	{"name_s": "/var/cache/man/cat9", "size_i": "4096", "regex": "false"},
	{"name_s": "/var/cache/man/catn", "size_i": "4096", "regex": "false"},
	{"name_s": "/var/cache/man/local", "size_i": "4096", "regex": "false"},
	{"name_s": "/var/cache/man/local/cat1", "size_i": "4096", "regex": "false"},
	{"name_s": "/var/cache/man/local/cat2", "size_i": "4096", "regex": "false"},
	{"name_s": "/var/cache/man/local/cat3", "size_i": "4096", "regex": "false"},
	{"name_s": "/var/cache/man/local/cat4", "size_i": "4096", "regex": "false"},
	{"name_s": "/var/cache/man/local/cat5", "size_i": "4096", "regex": "false"},
	{"name_s": "/var/cache/man/local/cat6", "size_i": "4096", "regex": "false"},
	{"name_s": "/var/cache/man/local/cat7", "size_i": "4096", "regex": "false"},
	{"name_s": "/var/cache/man/local/cat8", "size_i": "4096", "regex": "false"},
	{"name_s": "/var/cache/man/local/cat9", "size_i": "4096", "regex": "false"},
	{"name_s": "/var/cache/man/local/catn", "size_i": "4096", "regex": "false"},
	{"name_s": "/var/cache/man/whatis", "size_i": "0", "regex": "false"}
]
