[
	{"name_s": "/etc/logrotate.d/mariadb55-mysqld", "size_i": "957", "regex": "false"},
	{"name_s": "/etc/rc.d/init.d/mariadb55-mysqld", "size_i": "7748", "regex": "false"},
	{"name_s": "/opt/rh/mariadb55/root/etc/my.cnf.d/server.cnf", "size_i": "744", "regex": "false"},
	{"name_s": "/opt/rh/mariadb55/root/usr/bin/innochecksum", "size_i": "9896", "regex": "false"},
	{"name_s": "/opt/rh/mariadb55/root/usr/bin/myisam_ftdump", "size_i": "3248840", "regex": "false"},
	{"name_s": "/opt/rh/mariadb55/root/usr/bin/myisamchk", "size_i": "3369224", "regex": "false"},
	{"name_s": "/opt/rh/mariadb55/root/usr/bin/myisamlog", "size_i": "3231976", "regex": "false"},
	{"name_s": "/opt/rh/mariadb55/root/usr/bin/myisampack", "size_i": "3273800", "regex": "false"},
	{"name_s": "/opt/rh/mariadb55/root/usr/bin/mysql_convert_table_format", "size_i": "4247", "regex": "false"},
	{"name_s": "/opt/rh/mariadb55/root/usr/bin/mysql_fix_extensions", "size_i": "1261", "regex": "false"},
	{"name_s": "/opt/rh/mariadb55/root/usr/bin/mysql_install_db", "size_i": "16651", "regex": "false"},
	{"name_s": "/opt/rh/mariadb55/root/usr/bin/mysql_plugin", "size_i": "2920392", "regex": "false"},
	{"name_s": "/opt/rh/mariadb55/root/usr/bin/mysql_secure_installation", "size_i": "11622", "regex": "false"},
	{"name_s": "/opt/rh/mariadb55/root/usr/bin/mysql_setpermission", "size_i": "17473", "regex": "false"},
	{"name_s": "/opt/rh/mariadb55/root/usr/bin/mysql_tzinfo_to_sql", "size_i": "2915640", "regex": "false"},
	{"name_s": "/opt/rh/mariadb55/root/usr/bin/mysql_upgrade", "size_i": "2991400", "regex": "false"},
	{"name_s": "/opt/rh/mariadb55/root/usr/bin/mysql_zap", "size_i": "3888", "regex": "false"},
	{"name_s": "/opt/rh/mariadb55/root/usr/bin/mysqlbug", "size_i": "47", "regex": "false"},
	{"name_s": "/opt/rh/mariadb55/root/usr/bin/mysqld_multi", "size_i": "25108", "regex": "false"},
	{"name_s": "/opt/rh/mariadb55/root/usr/bin/mysqld_safe", "size_i": "27772", "regex": "false"},
	{"name_s": "/opt/rh/mariadb55/root/usr/bin/mysqldumpslow", "size_i": "7913", "regex": "false"},
	{"name_s": "/opt/rh/mariadb55/root/usr/bin/mysqlhotcopy", "size_i": "34826", "regex": "false"},
	{"name_s": "/opt/rh/mariadb55/root/usr/bin/mysqltest", "size_i": "3413184", "regex": "false"},
	{"name_s": "/opt/rh/mariadb55/root/usr/bin/perror", "size_i": "3039464", "regex": "false"},
	{"name_s": "/opt/rh/mariadb55/root/usr/bin/replace", "size_i": "2892456", "regex": "false"},
	{"name_s": "/opt/rh/mariadb55/root/usr/bin/resolve_stack_dump", "size_i": "2913816", "regex": "false"},
	{"name_s": "/opt/rh/mariadb55/root/usr/bin/resolveip", "size_i": "2909736", "regex": "false"},
	{"name_s": "/opt/rh/mariadb55/root/usr/lib64/mysql/INFO_BIN", "size_i": "2915", "regex": "false"},
	{"name_s": "/opt/rh/mariadb55/root/usr/lib64/mysql/INFO_SRC", "size_i": "185", "regex": "false"},
	{"name_s": "/opt/rh/mariadb55/root/usr/lib64/mysql/mysqlbug", "size_i": "11865", "regex": "false"},
	{"name_s": "/opt/rh/mariadb55/root/usr/lib64/mysql/plugin", "size_i": "4096", "regex": "false"},
	{"name_s": "/opt/rh/mariadb55/root/usr/lib64/mysql/plugin/adt_null.so", "size_i": "7256", "regex": "false"},
	{"name_s": "/opt/rh/mariadb55/root/usr/lib64/mysql/plugin/auth_0x0100.so", "size_i": "4968", "regex": "false"},
	{"name_s": "/opt/rh/mariadb55/root/usr/lib64/mysql/plugin/auth_socket.so", "size_i": "6024", "regex": "false"},
	{"name_s": "/opt/rh/mariadb55/root/usr/lib64/mysql/plugin/auth_test_plugin.so", "size_i": "7328", "regex": "false"},
	{"name_s": "/opt/rh/mariadb55/root/usr/lib64/mysql/plugin/daemon_example.ini", "size_i": "227", "regex": "false"},
	{"name_s": "/opt/rh/mariadb55/root/usr/lib64/mysql/plugin/dialog.so", "size_i": "7000", "regex": "false"},
	{"name_s": "/opt/rh/mariadb55/root/usr/lib64/mysql/plugin/dialog_examples.so", "size_i": "5824", "regex": "false"},
	{"name_s": "/opt/rh/mariadb55/root/usr/lib64/mysql/plugin/ha_innodb.so", "size_i": "1512672", "regex": "false"},
	{"name_s": "/opt/rh/mariadb55/root/usr/lib64/mysql/plugin/ha_sphinx.so", "size_i": "96952", "regex": "false"},
	{"name_s": "/opt/rh/mariadb55/root/usr/lib64/mysql/plugin/handlersocket.so", "size_i": "152416", "regex": "false"},
	{"name_s": "/opt/rh/mariadb55/root/usr/lib64/mysql/plugin/libdaemon_example.so", "size_i": "8832", "regex": "false"},
	{"name_s": "/opt/rh/mariadb55/root/usr/lib64/mysql/plugin/mypluglib.so", "size_i": "7808", "regex": "false"},
	{"name_s": "/opt/rh/mariadb55/root/usr/lib64/mysql/plugin/mysql_clear_password.so", "size_i": "4712", "regex": "false"},
	{"name_s": "/opt/rh/mariadb55/root/usr/lib64/mysql/plugin/qa_auth_client.so", "size_i": "4864", "regex": "false"},
	{"name_s": "/opt/rh/mariadb55/root/usr/lib64/mysql/plugin/qa_auth_interface.so", "size_i": "7200", "regex": "false"},
	{"name_s": "/opt/rh/mariadb55/root/usr/lib64/mysql/plugin/qa_auth_server.so", "size_i": "5128", "regex": "false"},
	{"name_s": "/opt/rh/mariadb55/root/usr/lib64/mysql/plugin/query_cache_info.so", "size_i": "7416", "regex": "false"},
	{"name_s": "/opt/rh/mariadb55/root/usr/lib64/mysql/plugin/semisync_master.so", "size_i": "37816", "regex": "false"},
	{"name_s": "/opt/rh/mariadb55/root/usr/lib64/mysql/plugin/semisync_slave.so", "size_i": "13320", "regex": "false"},
	{"name_s": "/opt/rh/mariadb55/root/usr/lib64/mysql/plugin/server_audit.so", "size_i": "51720", "regex": "false"},
	{"name_s": "/opt/rh/mariadb55/root/usr/lib64/mysql/plugin/sphinx.so", "size_i": "2901264", "regex": "false"},
	{"name_s": "/opt/rh/mariadb55/root/usr/lib64/mysql/plugin/sql_errlog.so", "size_i": "7776", "regex": "false"},
	{"name_s": "/opt/rh/mariadb55/root/usr/libexec/mysqld", "size_i": "14003512", "regex": "false"},
	{"name_s": "/opt/rh/mariadb55/root/usr/share/doc/mariadb55-mariadb-server-5.5.37", "size_i": "4096", "regex": "false"},
	{"name_s": "/opt/rh/mariadb55/root/usr/share/doc/mariadb55-mariadb-server-5.5.37/my-huge.cnf", "size_i": "4964", "regex": "false"},
	{"name_s": "/opt/rh/mariadb55/root/usr/share/doc/mariadb55-mariadb-server-5.5.37/my-innodb-heavy-4G.cnf", "size_i": "20438", "regex": "false"},
	{"name_s": "/opt/rh/mariadb55/root/usr/share/doc/mariadb55-mariadb-server-5.5.37/my-large.cnf", "size_i": "4951", "regex": "false"},
	{"name_s": "/opt/rh/mariadb55/root/usr/share/doc/mariadb55-mariadb-server-5.5.37/my-medium.cnf", "size_i": "4964", "regex": "false"},
	{"name_s": "/opt/rh/mariadb55/root/usr/share/doc/mariadb55-mariadb-server-5.5.37/my-small.cnf", "size_i": "2890", "regex": "false"},
	{"name_s": "/opt/rh/mariadb55/root/usr/share/man/man1/innochecksum.1.gz", "size_i": "1725", "regex": "false"},
	{"name_s": "/opt/rh/mariadb55/root/usr/share/man/man1/msql2mysql.1.gz", "size_i": "1380", "regex": "false"},
	{"name_s": "/opt/rh/mariadb55/root/usr/share/man/man1/myisam_ftdump.1.gz", "size_i": "2148", "regex": "false"},
	{"name_s": "/opt/rh/mariadb55/root/usr/share/man/man1/myisamchk.1.gz", "size_i": "13213", "regex": "false"},
	{"name_s": "/opt/rh/mariadb55/root/usr/share/man/man1/myisamlog.1.gz", "size_i": "1674", "regex": "false"},
	{"name_s": "/opt/rh/mariadb55/root/usr/share/man/man1/myisampack.1.gz", "size_i": "5353", "regex": "false"},
	{"name_s": "/opt/rh/mariadb55/root/usr/share/man/man1/mysql.server.1.gz", "size_i": "2054", "regex": "false"},
	{"name_s": "/opt/rh/mariadb55/root/usr/share/man/man1/mysql_convert_table_format.1.gz", "size_i": "1909", "regex": "false"},
	{"name_s": "/opt/rh/mariadb55/root/usr/share/man/man1/mysql_fix_extensions.1.gz", "size_i": "1296", "regex": "false"},
	{"name_s": "/opt/rh/mariadb55/root/usr/share/man/man1/mysql_install_db.1.gz", "size_i": "2301", "regex": "false"},
	{"name_s": "/opt/rh/mariadb55/root/usr/share/man/man1/mysql_plugin.1.gz", "size_i": "3094", "regex": "false"},
	{"name_s": "/opt/rh/mariadb55/root/usr/share/man/man1/mysql_secure_installation.1.gz", "size_i": "1273", "regex": "false"},
	{"name_s": "/opt/rh/mariadb55/root/usr/share/man/man1/mysql_setpermission.1.gz", "size_i": "1869", "regex": "false"},
	{"name_s": "/opt/rh/mariadb55/root/usr/share/man/man1/mysql_tzinfo_to_sql.1.gz", "size_i": "1703", "regex": "false"},
	{"name_s": "/opt/rh/mariadb55/root/usr/share/man/man1/mysql_upgrade.1.gz", "size_i": "3612", "regex": "false"},
	{"name_s": "/opt/rh/mariadb55/root/usr/share/man/man1/mysql_zap.1.gz", "size_i": "1523", "regex": "false"},
	{"name_s": "/opt/rh/mariadb55/root/usr/share/man/man1/mysqlbinlog.1.gz", "size_i": "11506", "regex": "false"},
	{"name_s": "/opt/rh/mariadb55/root/usr/share/man/man1/mysqlbug.1.gz", "size_i": "1493", "regex": "false"},
	{"name_s": "/opt/rh/mariadb55/root/usr/share/man/man1/mysqlcheck.1.gz", "size_i": "5560", "regex": "false"},
	{"name_s": "/opt/rh/mariadb55/root/usr/share/man/man1/mysqld_multi.1.gz", "size_i": "5462", "regex": "false"},
	{"name_s": "/opt/rh/mariadb55/root/usr/share/man/man1/mysqld_safe.1.gz", "size_i": "5067", "regex": "false"},
	{"name_s": "/opt/rh/mariadb55/root/usr/share/man/man1/mysqldumpslow.1.gz", "size_i": "2130", "regex": "false"},
	{"name_s": "/opt/rh/mariadb55/root/usr/share/man/man1/mysqlhotcopy.1.gz", "size_i": "3020", "regex": "false"},
	{"name_s": "/opt/rh/mariadb55/root/usr/share/man/man1/mysqlimport.1.gz", "size_i": "4423", "regex": "false"},
	{"name_s": "/opt/rh/mariadb55/root/usr/share/man/man1/mysqlman.1.gz", "size_i": "416", "regex": "false"},
	{"name_s": "/opt/rh/mariadb55/root/usr/share/man/man1/mysqltest.1.gz", "size_i": "4190", "regex": "false"},
	{"name_s": "/opt/rh/mariadb55/root/usr/share/man/man1/perror.1.gz", "size_i": "1707", "regex": "false"},
	{"name_s": "/opt/rh/mariadb55/root/usr/share/man/man1/replace.1.gz", "size_i": "1734", "regex": "false"},
	{"name_s": "/opt/rh/mariadb55/root/usr/share/man/man1/resolve_stack_dump.1.gz", "size_i": "1480", "regex": "false"},
	{"name_s": "/opt/rh/mariadb55/root/usr/share/man/man1/resolveip.1.gz", "size_i": "1318", "regex": "false"},
	{"name_s": "/opt/rh/mariadb55/root/usr/share/man/man8/mysqld.8.gz", "size_i": "1562", "regex": "false"},
	{"name_s": "/opt/rh/mariadb55/root/usr/share/mysql/config.huge.ini", "size_i": "4528", "regex": "false"},
	{"name_s": "/opt/rh/mariadb55/root/usr/share/mysql/config.medium.ini", "size_i": "2382", "regex": "false"},
	{"name_s": "/opt/rh/mariadb55/root/usr/share/mysql/config.small.ini", "size_i": "1626", "regex": "false"},
	{"name_s": "/opt/rh/mariadb55/root/usr/share/mysql/errmsg-utf8.txt", "size_i": "471570", "regex": "false"},
	{"name_s": "/opt/rh/mariadb55/root/usr/share/mysql/fill_help_tables.sql", "size_i": "628974", "regex": "false"},
	{"name_s": "/opt/rh/mariadb55/root/usr/share/mysql/my-huge.cnf", "size_i": "4964", "regex": "false"},
	{"name_s": "/opt/rh/mariadb55/root/usr/share/mysql/my-innodb-heavy-4G.cnf", "size_i": "20438", "regex": "false"},
	{"name_s": "/opt/rh/mariadb55/root/usr/share/mysql/my-large.cnf", "size_i": "4951", "regex": "false"},
	{"name_s": "/opt/rh/mariadb55/root/usr/share/mysql/my-medium.cnf", "size_i": "4964", "regex": "false"},
	{"name_s": "/opt/rh/mariadb55/root/usr/share/mysql/my-small.cnf", "size_i": "2890", "regex": "false"},
	{"name_s": "/opt/rh/mariadb55/root/usr/share/mysql/mysql_performance_tables.sql", "size_i": "11772", "regex": "false"},
	{"name_s": "/opt/rh/mariadb55/root/usr/share/mysql/mysql_system_tables.sql", "size_i": "18078", "regex": "false"},
	{"name_s": "/opt/rh/mariadb55/root/usr/share/mysql/mysql_system_tables_data.sql", "size_i": "3427", "regex": "false"},
	{"name_s": "/opt/rh/mariadb55/root/usr/share/mysql/mysql_test_data_timezone.sql", "size_i": "10411", "regex": "false"},
	{"name_s": "/opt/rh/mariadb55/root/var/lib/mysql", "size_i": "4096", "regex": "false"},
	{"name_s": "/opt/rh/mariadb55/root/var/run/mysqld", "size_i": "4096", "regex": "false"},
	{"name_s": "/var/lib/mysql", "size_i": "4096", "regex": "false"},
	{"name_s": "/var/log/mariadb55-mysqld.log", "size_i": "0", "regex": "false"}
]
