[
	{"name_s": "/etc/matchbox", "size_i": "4096", "regex": "false"},
	{"name_s": "/etc/matchbox/kbdconfig", "size_i": "890", "regex": "false"},
	{"name_s": "/usr/bin/matchbox-remote", "size_i": "10184", "regex": "false"},
	{"name_s": "/usr/bin/matchbox-window-manager", "size_i": "123448", "regex": "false"},
	{"name_s": "/usr/share/doc/matchbox-window-manager-1.2", "size_i": "4096", "regex": "false"},
	{"name_s": "/usr/share/doc/matchbox-window-manager-1.2/AUTHORS", "size_i": "33", "regex": "false"},
	{"name_s": "/usr/share/doc/matchbox-window-manager-1.2/COPYING", "size_i": "18002", "regex": "false"},
	{"name_s": "/usr/share/doc/matchbox-window-manager-1.2/ChangeLog", "size_i": "81657", "regex": "false"},
	{"name_s": "/usr/share/doc/matchbox-window-manager-1.2/README", "size_i": "1078", "regex": "false"},
	{"name_s": "/usr/share/matchbox", "size_i": "4096", "regex": "false"},
	{"name_s": "/usr/share/matchbox/mbnoapp.xpm", "size_i": "611", "regex": "false"},
	{"name_s": "/usr/share/themes/Default", "size_i": "4096", "regex": "false"},
	{"name_s": "/usr/share/themes/Default/matchbox", "size_i": "4096", "regex": "false"},
	{"name_s": "/usr/share/themes/Default/matchbox/acceptbutton.xpm", "size_i": "552", "regex": "false"},
	{"name_s": "/usr/share/themes/Default/matchbox/closebutton.xpm", "size_i": "551", "regex": "false"},
	{"name_s": "/usr/share/themes/Default/matchbox/menubutton.xpm", "size_i": "550", "regex": "false"},
	{"name_s": "/usr/share/themes/Default/matchbox/theme.desktop", "size_i": "362", "regex": "false"},
	{"name_s": "/usr/share/themes/Default/matchbox/theme.xml", "size_i": "7404", "regex": "false"},
	{"name_s": "/usr/share/themes/MBOpus", "size_i": "4096", "regex": "false"},
	{"name_s": "/usr/share/themes/MBOpus/matchbox", "size_i": "4096", "regex": "false"},
	{"name_s": "/usr/share/themes/MBOpus/matchbox/closebutton.png", "size_i": "480", "regex": "false"},
	{"name_s": "/usr/share/themes/MBOpus/matchbox/panelbg.png", "size_i": "215", "regex": "false"},
	{"name_s": "/usr/share/themes/MBOpus/matchbox/theme.desktop", "size_i": "387", "regex": "false"},
	{"name_s": "/usr/share/themes/MBOpus/matchbox/theme.xml", "size_i": "7542", "regex": "false"},
	{"name_s": "/usr/share/themes/blondie", "size_i": "4096", "regex": "false"},
	{"name_s": "/usr/share/themes/blondie/matchbox", "size_i": "4096", "regex": "false"},
	{"name_s": "/usr/share/themes/blondie/matchbox/accept.png", "size_i": "162", "regex": "false"},
	{"name_s": "/usr/share/themes/blondie/matchbox/close-small.png", "size_i": "158", "regex": "false"},
	{"name_s": "/usr/share/themes/blondie/matchbox/close.png", "size_i": "202", "regex": "false"},
	{"name_s": "/usr/share/themes/blondie/matchbox/dialogbottomleft.png", "size_i": "165", "regex": "false"},
	{"name_s": "/usr/share/themes/blondie/matchbox/dialogbottomright.png", "size_i": "172", "regex": "false"},
	{"name_s": "/usr/share/themes/blondie/matchbox/dialogbottomtile.png", "size_i": "149", "regex": "false"},
	{"name_s": "/usr/share/themes/blondie/matchbox/dialogtopleft.png", "size_i": "179", "regex": "false"},
	{"name_s": "/usr/share/themes/blondie/matchbox/dialogtopleft2.png", "size_i": "156", "regex": "false"},
	{"name_s": "/usr/share/themes/blondie/matchbox/dialogtopright.png", "size_i": "179", "regex": "false"},
	{"name_s": "/usr/share/themes/blondie/matchbox/dialogtopright2.png", "size_i": "167", "regex": "false"},
	{"name_s": "/usr/share/themes/blondie/matchbox/dialogtoptile.png", "size_i": "156", "regex": "false"},
	{"name_s": "/usr/share/themes/blondie/matchbox/dialogtoptile2.png", "size_i": "150", "regex": "false"},
	{"name_s": "/usr/share/themes/blondie/matchbox/hide.png", "size_i": "174", "regex": "false"},
	{"name_s": "/usr/share/themes/blondie/matchbox/menu.png", "size_i": "148", "regex": "false"},
	{"name_s": "/usr/share/themes/blondie/matchbox/next.png", "size_i": "152", "regex": "false"},
	{"name_s": "/usr/share/themes/blondie/matchbox/prev.png", "size_i": "153", "regex": "false"},
	{"name_s": "/usr/share/themes/blondie/matchbox/que.png", "size_i": "175", "regex": "false"},
	{"name_s": "/usr/share/themes/blondie/matchbox/theme.desktop", "size_i": "1218", "regex": "false"},
	{"name_s": "/usr/share/themes/blondie/matchbox/theme.xml", "size_i": "12664", "regex": "false"},
	{"name_s": "/usr/share/themes/blondie/matchbox/titleleft.png", "size_i": "195", "regex": "false"},
	{"name_s": "/usr/share/themes/blondie/matchbox/titleright.png", "size_i": "191", "regex": "false"},
	{"name_s": "/usr/share/themes/blondie/matchbox/titlestrip.png", "size_i": "145", "regex": "false"}
]
