[
	{"name_s": "/etc/profile.d/mingw32.sh", "size_i": "90", "regex": "false"},
	{"name_s": "/etc/rpm/macros.mingw32", "size_i": "7388", "regex": "false"},
	{"name_s": "/etc/rpmlint", "size_i": "4096", "regex": "false"},
	{"name_s": "/etc/rpmlint/mingw32-rpmlint.config", "size_i": "802", "regex": "false"},
	{"name_s": "/usr/bin/i686-pc-mingw32-pkg-config", "size_i": "28", "regex": "false"},
	{"name_s": "/usr/bin/mingw32-cmake", "size_i": "28", "regex": "false"},
	{"name_s": "/usr/bin/mingw32-configure", "size_i": "28", "regex": "false"},
	{"name_s": "/usr/bin/mingw32-make", "size_i": "28", "regex": "false"},
	{"name_s": "/usr/bin/mingw32-pkg-config", "size_i": "28", "regex": "false"},
	{"name_s": "/usr/bin/mingw32-qmake-qt4", "size_i": "28", "regex": "false"},
	{"name_s": "/usr/i686-pc-mingw32", "size_i": "4096", "regex": "false"},
	{"name_s": "/usr/i686-pc-mingw32/bin", "size_i": "4096", "regex": "false"},
	{"name_s": "/usr/i686-pc-mingw32/lib", "size_i": "4096", "regex": "false"},
	{"name_s": "/usr/i686-pc-mingw32/sys-root", "size_i": "4096", "regex": "false"},
	{"name_s": "/usr/i686-pc-mingw32/sys-root/mingw", "size_i": "4096", "regex": "false"},
	{"name_s": "/usr/i686-pc-mingw32/sys-root/mingw/bin", "size_i": "4096", "regex": "false"},
	{"name_s": "/usr/i686-pc-mingw32/sys-root/mingw/include", "size_i": "4096", "regex": "false"},
	{"name_s": "/usr/i686-pc-mingw32/sys-root/mingw/include/sys", "size_i": "4096", "regex": "false"},
	{"name_s": "/usr/i686-pc-mingw32/sys-root/mingw/lib", "size_i": "4096", "regex": "false"},
	{"name_s": "/usr/i686-pc-mingw32/sys-root/mingw/lib/pkgconfig", "size_i": "4096", "regex": "false"},
	{"name_s": "/usr/i686-pc-mingw32/sys-root/mingw/share", "size_i": "4096", "regex": "false"},
	{"name_s": "/usr/i686-pc-mingw32/sys-root/mingw/share/aclocal", "size_i": "4096", "regex": "false"},
	{"name_s": "/usr/i686-pc-mingw32/sys-root/mingw/share/doc", "size_i": "4096", "regex": "false"},
	{"name_s": "/usr/i686-pc-mingw32/sys-root/mingw/share/info", "size_i": "4096", "regex": "false"},
	{"name_s": "/usr/i686-pc-mingw32/sys-root/mingw/share/man", "size_i": "4096", "regex": "false"},
	{"name_s": "/usr/i686-pc-mingw32/sys-root/mingw/share/man/man1", "size_i": "4096", "regex": "false"},
	{"name_s": "/usr/i686-pc-mingw32/sys-root/mingw/share/man/man2", "size_i": "4096", "regex": "false"},
	{"name_s": "/usr/i686-pc-mingw32/sys-root/mingw/share/man/man3", "size_i": "4096", "regex": "false"},
	{"name_s": "/usr/i686-pc-mingw32/sys-root/mingw/share/man/man4", "size_i": "4096", "regex": "false"},
	{"name_s": "/usr/i686-pc-mingw32/sys-root/mingw/share/man/man5", "size_i": "4096", "regex": "false"},
	{"name_s": "/usr/i686-pc-mingw32/sys-root/mingw/share/man/man6", "size_i": "4096", "regex": "false"},
	{"name_s": "/usr/i686-pc-mingw32/sys-root/mingw/share/man/man7", "size_i": "4096", "regex": "false"},
	{"name_s": "/usr/i686-pc-mingw32/sys-root/mingw/share/man/man8", "size_i": "4096", "regex": "false"},
	{"name_s": "/usr/i686-pc-mingw32/sys-root/mingw/share/man/manl", "size_i": "4096", "regex": "false"},
	{"name_s": "/usr/i686-pc-mingw32/sys-root/mingw/share/man/mann", "size_i": "4096", "regex": "false"},
	{"name_s": "/usr/lib/rpm/mingw32-find-debuginfo.sh", "size_i": "942", "regex": "false"},
	{"name_s": "/usr/lib/rpm/mingw32-find-provides.sh", "size_i": "440", "regex": "false"},
	{"name_s": "/usr/lib/rpm/mingw32-find-requires.sh", "size_i": "700", "regex": "false"},
	{"name_s": "/usr/libexec/mingw32-scripts", "size_i": "1320", "regex": "false"},
	{"name_s": "/usr/share/doc/mingw32-filesystem-63", "size_i": "4096", "regex": "false"},
	{"name_s": "/usr/share/doc/mingw32-filesystem-63/COPYING", "size_i": "17976", "regex": "false"},
	{"name_s": "/usr/share/mingw32", "size_i": "4096", "regex": "false"},
	{"name_s": "/usr/share/mingw32/Toolchain-mingw32.cmake", "size_i": "795", "regex": "false"}
]
