[
	{"name_s": "/usr/include/httpd/mod_perl.h", "size_i": "6894", "regex": "false"},
	{"name_s": "/usr/include/httpd/modperl_apache_compat.h", "size_i": "2505", "regex": "false"},
	{"name_s": "/usr/include/httpd/modperl_apache_includes.h", "size_i": "1300", "regex": "false"},
	{"name_s": "/usr/include/httpd/modperl_apr_compat.h", "size_i": "4291", "regex": "false"},
	{"name_s": "/usr/include/httpd/modperl_apr_includes.h", "size_i": "1257", "regex": "false"},
	{"name_s": "/usr/include/httpd/modperl_apr_perlio.h", "size_i": "2477", "regex": "false"},
	{"name_s": "/usr/include/httpd/modperl_bucket.h", "size_i": "1031", "regex": "false"},
	{"name_s": "/usr/include/httpd/modperl_callback.h", "size_i": "2913", "regex": "false"},
	{"name_s": "/usr/include/httpd/modperl_cgi.h", "size_i": "1568", "regex": "false"},
	{"name_s": "/usr/include/httpd/modperl_cmd.h", "size_i": "5113", "regex": "false"},
	{"name_s": "/usr/include/httpd/modperl_common_includes.h", "size_i": "1104", "regex": "false"},
	{"name_s": "/usr/include/httpd/modperl_common_log.h", "size_i": "1842", "regex": "false"},
	{"name_s": "/usr/include/httpd/modperl_common_types.h", "size_i": "1022", "regex": "false"},
	{"name_s": "/usr/include/httpd/modperl_common_util.h", "size_i": "3498", "regex": "false"},
	{"name_s": "/usr/include/httpd/modperl_config.h", "size_i": "7011", "regex": "false"},
	{"name_s": "/usr/include/httpd/modperl_const.h", "size_i": "1238", "regex": "false"},
	{"name_s": "/usr/include/httpd/modperl_constants.h", "size_i": "805", "regex": "false"},
	{"name_s": "/usr/include/httpd/modperl_debug.h", "size_i": "1178", "regex": "false"},
	{"name_s": "/usr/include/httpd/modperl_directives.h", "size_i": "5674", "regex": "false"},
	{"name_s": "/usr/include/httpd/modperl_env.h", "size_i": "2091", "regex": "false"},
	{"name_s": "/usr/include/httpd/modperl_error.h", "size_i": "1965", "regex": "false"},
	{"name_s": "/usr/include/httpd/modperl_filter.h", "size_i": "5129", "regex": "false"},
	{"name_s": "/usr/include/httpd/modperl_flags.h", "size_i": "23919", "regex": "false"},
	{"name_s": "/usr/include/httpd/modperl_global.h", "size_i": "2956", "regex": "false"},
	{"name_s": "/usr/include/httpd/modperl_gtop.h", "size_i": "2626", "regex": "false"},
	{"name_s": "/usr/include/httpd/modperl_handler.h", "size_i": "3634", "regex": "false"},
	{"name_s": "/usr/include/httpd/modperl_hooks.h", "size_i": "2691", "regex": "false"},
	{"name_s": "/usr/include/httpd/modperl_interp.h", "size_i": "3312", "regex": "false"},
	{"name_s": "/usr/include/httpd/modperl_io.h", "size_i": "2696", "regex": "false"},
	{"name_s": "/usr/include/httpd/modperl_io_apache.h", "size_i": "1933", "regex": "false"},
	{"name_s": "/usr/include/httpd/modperl_largefiles.h", "size_i": "369", "regex": "false"},
	{"name_s": "/usr/include/httpd/modperl_log.h", "size_i": "1942", "regex": "false"},
	{"name_s": "/usr/include/httpd/modperl_mgv.h", "size_i": "2047", "regex": "false"},
	{"name_s": "/usr/include/httpd/modperl_module.h", "size_i": "1258", "regex": "false"},
	{"name_s": "/usr/include/httpd/modperl_options.h", "size_i": "1257", "regex": "false"},
	{"name_s": "/usr/include/httpd/modperl_pcw.h", "size_i": "2367", "regex": "false"},
	{"name_s": "/usr/include/httpd/modperl_perl.h", "size_i": "1617", "regex": "false"},
	{"name_s": "/usr/include/httpd/modperl_perl_global.h", "size_i": "2790", "regex": "false"},
	{"name_s": "/usr/include/httpd/modperl_perl_includes.h", "size_i": "3920", "regex": "false"},
	{"name_s": "/usr/include/httpd/modperl_perl_pp.h", "size_i": "1400", "regex": "false"},
	{"name_s": "/usr/include/httpd/modperl_perl_unembed.h", "size_i": "1348", "regex": "false"},
	{"name_s": "/usr/include/httpd/modperl_svptr_table.h", "size_i": "1775", "regex": "false"},
	{"name_s": "/usr/include/httpd/modperl_sys.h", "size_i": "1084", "regex": "false"},
	{"name_s": "/usr/include/httpd/modperl_time.h", "size_i": "1637", "regex": "false"},
	{"name_s": "/usr/include/httpd/modperl_tipool.h", "size_i": "3407", "regex": "false"},
	{"name_s": "/usr/include/httpd/modperl_trace.h", "size_i": "4825", "regex": "false"},
	{"name_s": "/usr/include/httpd/modperl_types.h", "size_i": "7006", "regex": "false"},
	{"name_s": "/usr/include/httpd/modperl_util.h", "size_i": "5848", "regex": "false"},
	{"name_s": "/usr/include/httpd/modperl_xs_sv_convert.h", "size_i": "19878", "regex": "false"},
	{"name_s": "/usr/include/httpd/modperl_xs_typedefs.h", "size_i": "2322", "regex": "false"},
	{"name_s": "/usr/include/httpd/modperl_xs_util.h", "size_i": "6980", "regex": "false"},
	{"name_s": "/usr/lib64/perl5/Apache", "size_i": "4096", "regex": "false"},
	{"name_s": "/usr/lib64/perl5/Apache/Test.pm", "size_i": "27752", "regex": "false"},
	{"name_s": "/usr/lib64/perl5/Apache/Test5005compat.pm", "size_i": "2035", "regex": "false"},
	{"name_s": "/usr/lib64/perl5/Apache/TestBuild.pm", "size_i": "14931", "regex": "false"},
	{"name_s": "/usr/lib64/perl5/Apache/TestClient.pm", "size_i": "5254", "regex": "false"},
	{"name_s": "/usr/lib64/perl5/Apache/TestCommon.pm", "size_i": "3043", "regex": "false"},
	{"name_s": "/usr/lib64/perl5/Apache/TestCommonPost.pm", "size_i": "5223", "regex": "false"},
	{"name_s": "/usr/lib64/perl5/Apache/TestConfig.pm", "size_i": "76900", "regex": "false"},
	{"name_s": "/usr/lib64/perl5/Apache/TestConfigC.pm", "size_i": "12261", "regex": "false"},
	{"name_s": "/usr/lib64/perl5/Apache/TestConfigPHP.pm", "size_i": "18132", "regex": "false"},
	{"name_s": "/usr/lib64/perl5/Apache/TestConfigParrot.pm", "size_i": "2665", "regex": "false"},
	{"name_s": "/usr/lib64/perl5/Apache/TestConfigParse.pm", "size_i": "15017", "regex": "false"},
	{"name_s": "/usr/lib64/perl5/Apache/TestConfigPerl.pm", "size_i": "19395", "regex": "false"},
	{"name_s": "/usr/lib64/perl5/Apache/TestHandler.pm", "size_i": "3457", "regex": "false"},
	{"name_s": "/usr/lib64/perl5/Apache/TestHarness.pm", "size_i": "4953", "regex": "false"},
	{"name_s": "/usr/lib64/perl5/Apache/TestHarnessPHP.pm", "size_i": "4539", "regex": "false"},
	{"name_s": "/usr/lib64/perl5/Apache/TestMB.pm", "size_i": "11809", "regex": "false"},
	{"name_s": "/usr/lib64/perl5/Apache/TestMM.pm", "size_i": "7197", "regex": "false"},
	{"name_s": "/usr/lib64/perl5/Apache/TestPerlDB.pm", "size_i": "1620", "regex": "false"},
	{"name_s": "/usr/lib64/perl5/Apache/TestReport.pm", "size_i": "4088", "regex": "false"},
	{"name_s": "/usr/lib64/perl5/Apache/TestReportPerl.pm", "size_i": "1276", "regex": "false"},
	{"name_s": "/usr/lib64/perl5/Apache/TestRequest.pm", "size_i": "34380", "regex": "false"},
	{"name_s": "/usr/lib64/perl5/Apache/TestRun.pm", "size_i": "47803", "regex": "false"},
	{"name_s": "/usr/lib64/perl5/Apache/TestRunPHP.pm", "size_i": "11273", "regex": "false"},
	{"name_s": "/usr/lib64/perl5/Apache/TestRunParrot.pm", "size_i": "1829", "regex": "false"},
	{"name_s": "/usr/lib64/perl5/Apache/TestRunPerl.pm", "size_i": "3489", "regex": "false"},
	{"name_s": "/usr/lib64/perl5/Apache/TestSSLCA.pm", "size_i": "11674", "regex": "false"},
	{"name_s": "/usr/lib64/perl5/Apache/TestServer.pm", "size_i": "19019", "regex": "false"},
	{"name_s": "/usr/lib64/perl5/Apache/TestSmoke.pm", "size_i": "27327", "regex": "false"},
	{"name_s": "/usr/lib64/perl5/Apache/TestSmokePerl.pm", "size_i": "1105", "regex": "false"},
	{"name_s": "/usr/lib64/perl5/Apache/TestSort.pm", "size_i": "2243", "regex": "false"},
	{"name_s": "/usr/lib64/perl5/Apache/TestTrace.pm", "size_i": "7788", "regex": "false"},
	{"name_s": "/usr/lib64/perl5/Apache/TestUtil.pm", "size_i": "24000", "regex": "false"},
	{"name_s": "/usr/lib64/perl5/Apache2/Build.pm", "size_i": "59809", "regex": "false"},
	{"name_s": "/usr/lib64/perl5/Apache2/BuildConfig.pm", "size_i": "7061", "regex": "false"},
	{"name_s": "/usr/lib64/perl5/Apache2/ParseSource.pm", "size_i": "16016", "regex": "false"},
	{"name_s": "/usr/lib64/perl5/Bundle/ApacheTest.pm", "size_i": "1654", "regex": "false"},
	{"name_s": "/usr/lib64/perl5/ModPerl/BuildMM.pm", "size_i": "12695", "regex": "false"},
	{"name_s": "/usr/lib64/perl5/ModPerl/BuildOptions.pm", "size_i": "7320", "regex": "false"},
	{"name_s": "/usr/lib64/perl5/ModPerl/CScan.pm", "size_i": "34232", "regex": "false"},
	{"name_s": "/usr/lib64/perl5/ModPerl/Code.pm", "size_i": "31257", "regex": "false"},
	{"name_s": "/usr/lib64/perl5/ModPerl/Config.pm", "size_i": "2533", "regex": "false"},
	{"name_s": "/usr/lib64/perl5/ModPerl/FunctionMap.pm", "size_i": "5588", "regex": "false"},
	{"name_s": "/usr/lib64/perl5/ModPerl/MM.pm", "size_i": "9598", "regex": "false"},
	{"name_s": "/usr/lib64/perl5/ModPerl/Manifest.pm", "size_i": "3130", "regex": "false"},
	{"name_s": "/usr/lib64/perl5/ModPerl/MapUtil.pm", "size_i": "4364", "regex": "false"},
	{"name_s": "/usr/lib64/perl5/ModPerl/ParseSource.pm", "size_i": "1959", "regex": "false"},
	{"name_s": "/usr/lib64/perl5/ModPerl/StructureMap.pm", "size_i": "4111", "regex": "false"},
	{"name_s": "/usr/lib64/perl5/ModPerl/TestRun.pm", "size_i": "2250", "regex": "false"},
	{"name_s": "/usr/lib64/perl5/ModPerl/TypeMap.pm", "size_i": "12942", "regex": "false"},
	{"name_s": "/usr/lib64/perl5/ModPerl/WrapXS.pm", "size_i": "37165", "regex": "false"},
	{"name_s": "/usr/lib64/perl5/auto/Apache2/Build", "size_i": "4096", "regex": "false"},
	{"name_s": "/usr/lib64/perl5/auto/Apache2/Build/autosplit.ix", "size_i": "92", "regex": "false"},
	{"name_s": "/usr/share/man/man3/Apache2::Build.3pm.gz", "size_i": "2730", "regex": "false"},
	{"name_s": "/usr/share/man/man3/Bundle::ApacheTest.3pm.gz", "size_i": "2127", "regex": "false"},
	{"name_s": "/usr/share/man/man3/ModPerl::BuildMM.3pm.gz", "size_i": "2173", "regex": "false"},
	{"name_s": "/usr/share/man/man3/ModPerl::CScan.3pm.gz", "size_i": "1919", "regex": "false"},
	{"name_s": "/usr/share/man/man3/ModPerl::Code.3pm.gz", "size_i": "3016", "regex": "false"},
	{"name_s": "/usr/share/man/man3/ModPerl::Config.3pm.gz", "size_i": "1760", "regex": "false"},
	{"name_s": "/usr/share/man/man3/ModPerl::MM.3pm.gz", "size_i": "3415", "regex": "false"}
]
