[
	{"name_s": "/usr/bin/mpic++", "size_i": "0", "regex": "false"},
	{"name_s": "/usr/bin/mpicc", "size_i": "0", "regex": "false"},
	{"name_s": "/usr/bin/mpicxx", "size_i": "0", "regex": "false"},
	{"name_s": "/usr/bin/mpif77", "size_i": "0", "regex": "false"},
	{"name_s": "/usr/bin/mpif90", "size_i": "0", "regex": "false"},
	{"name_s": "/usr/include/mpich2-i386", "size_i": "4096", "regex": "false"},
	{"name_s": "/usr/include/mpich2-i386/clog_commset.h", "size_i": "4776", "regex": "false"},
	{"name_s": "/usr/include/mpich2-i386/clog_const.h", "size_i": "696", "regex": "false"},
	{"name_s": "/usr/include/mpich2-i386/clog_inttypes.h", "size_i": "737", "regex": "false"},
	{"name_s": "/usr/include/mpich2-i386/clog_uuid.h", "size_i": "1272", "regex": "false"},
	{"name_s": "/usr/include/mpich2-i386/mpe.h", "size_i": "437", "regex": "false"},
	{"name_s": "/usr/include/mpich2-i386/mpe_callstack.h", "size_i": "2342", "regex": "false"},
	{"name_s": "/usr/include/mpich2-i386/mpe_graphics.h", "size_i": "6002", "regex": "false"},
	{"name_s": "/usr/include/mpich2-i386/mpe_graphicsf.h", "size_i": "1184", "regex": "false"},
	{"name_s": "/usr/include/mpich2-i386/mpe_log.h", "size_i": "11021", "regex": "false"},
	{"name_s": "/usr/include/mpich2-i386/mpe_log_thread.h", "size_i": "2721", "regex": "false"},
	{"name_s": "/usr/include/mpich2-i386/mpe_logf.h", "size_i": "1833", "regex": "false"},
	{"name_s": "/usr/include/mpich2-i386/mpe_misc.h", "size_i": "1159", "regex": "false"},
	{"name_s": "/usr/include/mpich2-i386/mpi.h", "size_i": "55393", "regex": "false"},
	{"name_s": "/usr/include/mpich2-i386/mpi.mod", "size_i": "94405", "regex": "false"},
	{"name_s": "/usr/include/mpich2-i386/mpi_base.mod", "size_i": "21681", "regex": "false"},
	{"name_s": "/usr/include/mpich2-i386/mpi_constants.mod", "size_i": "60455", "regex": "false"},
	{"name_s": "/usr/include/mpich2-i386/mpi_sizeofs.mod", "size_i": "12210", "regex": "false"},
	{"name_s": "/usr/include/mpich2-i386/mpicxx.h", "size_i": "97103", "regex": "false"},
	{"name_s": "/usr/include/mpich2-i386/mpif.h", "size_i": "17997", "regex": "false"},
	{"name_s": "/usr/include/mpich2-i386/mpio.h", "size_i": "16710", "regex": "false"},
	{"name_s": "/usr/include/mpich2-i386/mpiof.h", "size_i": "1190", "regex": "false"},
	{"name_s": "/usr/include/mpich2-i386/opa_config.h", "size_i": "5902", "regex": "false"},
	{"name_s": "/usr/include/mpich2-i386/opa_primitives.h", "size_i": "5864", "regex": "false"},
	{"name_s": "/usr/include/mpich2-i386/opa_queue.h", "size_i": "14467", "regex": "false"},
	{"name_s": "/usr/include/mpich2-i386/opa_util.h", "size_i": "882", "regex": "false"},
	{"name_s": "/usr/include/mpich2-i386/primitives", "size_i": "4096", "regex": "false"},
	{"name_s": "/usr/include/mpich2-i386/primitives/opa_by_lock.h", "size_i": "5616", "regex": "false"},
	{"name_s": "/usr/include/mpich2-i386/primitives/opa_emulated.h", "size_i": "4090", "regex": "false"},
	{"name_s": "/usr/include/mpich2-i386/primitives/opa_gcc_ia64.h", "size_i": "4863", "regex": "false"},
	{"name_s": "/usr/include/mpich2-i386/primitives/opa_gcc_intel_32_64.h", "size_i": "415", "regex": "false"},
	{"name_s": "/usr/include/mpich2-i386/primitives/opa_gcc_intel_32_64_barrier.h", "size_i": "556", "regex": "false"},
	{"name_s": "/usr/include/mpich2-i386/primitives/opa_gcc_intel_32_64_ops.h", "size_i": "3703", "regex": "false"},
	{"name_s": "/usr/include/mpich2-i386/primitives/opa_gcc_intel_32_64_p3.h", "size_i": "426", "regex": "false"},
	{"name_s": "/usr/include/mpich2-i386/primitives/opa_gcc_intel_32_64_p3barrier.h", "size_i": "842", "regex": "false"},
	{"name_s": "/usr/include/mpich2-i386/primitives/opa_gcc_intrinsics.h", "size_i": "2762", "regex": "false"},
	{"name_s": "/usr/include/mpich2-i386/primitives/opa_gcc_ppc.h", "size_i": "4565", "regex": "false"},
	{"name_s": "/usr/include/mpich2-i386/primitives/opa_gcc_sicortex.h", "size_i": "17672", "regex": "false"},
	{"name_s": "/usr/include/mpich2-i386/primitives/opa_nt_intrinsics.h", "size_i": "3379", "regex": "false"},
	{"name_s": "/usr/include/mpich2-i386/primitives/opa_sun_atomic_ops.h", "size_i": "2295", "regex": "false"},
	{"name_s": "/usr/include/mpich2-i386/primitives/opa_unsafe.h", "size_i": "3306", "regex": "false"},
	{"name_s": "/usr/lib/mpich2/bin/clog2TOslog2", "size_i": "1978", "regex": "false"},
	{"name_s": "/usr/lib/mpich2/bin/clog2print", "size_i": "1989", "regex": "false"},
	{"name_s": "/usr/lib/mpich2/bin/clogTOslog2", "size_i": "1975", "regex": "false"},
	{"name_s": "/usr/lib/mpich2/bin/clogprint", "size_i": "1979", "regex": "false"},
	{"name_s": "/usr/lib/mpich2/bin/jumpshot", "size_i": "1965", "regex": "false"},
	{"name_s": "/usr/lib/mpich2/bin/logconvertor", "size_i": "1963", "regex": "false"},
	{"name_s": "/usr/lib/mpich2/bin/mpic++", "size_i": "6", "regex": "false"},
	{"name_s": "/usr/lib/mpich2/bin/mpicc", "size_i": "8510", "regex": "false"},
	{"name_s": "/usr/lib/mpich2/bin/mpicxx", "size_i": "8229", "regex": "false"},
	{"name_s": "/usr/lib/mpich2/bin/mpif77", "size_i": "10219", "regex": "false"},
	{"name_s": "/usr/lib/mpich2/bin/mpif90", "size_i": "12043", "regex": "false"},
	{"name_s": "/usr/lib/mpich2/bin/rlogTOslog2", "size_i": "921", "regex": "false"},
	{"name_s": "/usr/lib/mpich2/bin/rlogprint", "size_i": "919", "regex": "false"},
	{"name_s": "/usr/lib/mpich2/bin/slog2filter", "size_i": "1984", "regex": "false"},
	{"name_s": "/usr/lib/mpich2/bin/slog2navigator", "size_i": "2002", "regex": "false"},
	{"name_s": "/usr/lib/mpich2/bin/slog2print", "size_i": "2034", "regex": "false"},
	{"name_s": "/usr/lib/mpich2/bin/slog2updater", "size_i": "1993", "regex": "false"},
	{"name_s": "/usr/lib/mpich2/lib/libampe.a", "size_i": "11942", "regex": "false"},
	{"name_s": "/usr/lib/mpich2/lib/libfmpich.a", "size_i": "394826", "regex": "false"},
	{"name_s": "/usr/lib/mpich2/lib/libfmpich.so", "size_i": "16", "regex": "false"},
	{"name_s": "/usr/lib/mpich2/lib/liblmpe.a", "size_i": "236356", "regex": "false"},
	{"name_s": "/usr/lib/mpich2/lib/libmpe.a", "size_i": "179924", "regex": "false"},
	{"name_s": "/usr/lib/mpich2/lib/libmpe_collchk.a", "size_i": "133720", "regex": "false"},
	{"name_s": "/usr/lib/mpich2/lib/libmpe_f2cmpi.a", "size_i": "27110", "regex": "false"},
	{"name_s": "/usr/lib/mpich2/lib/libmpe_nompi.a", "size_i": "187650", "regex": "false"},
	{"name_s": "/usr/lib/mpich2/lib/libmpe_nompi_null.a", "size_i": "17948", "regex": "false"},
	{"name_s": "/usr/lib/mpich2/lib/libmpe_null.a", "size_i": "7118", "regex": "false"},
	{"name_s": "/usr/lib/mpich2/lib/libmpich.a", "size_i": "3170402", "regex": "false"},
	{"name_s": "/usr/lib/mpich2/lib/libmpich.so", "size_i": "15", "regex": "false"},
	{"name_s": "/usr/lib/mpich2/lib/libmpichcxx.a", "size_i": "208578", "regex": "false"},
	{"name_s": "/usr/lib/mpich2/lib/libmpichcxx.so", "size_i": "18", "regex": "false"},
	{"name_s": "/usr/lib/mpich2/lib/libmpichf90.a", "size_i": "5814", "regex": "false"},
	{"name_s": "/usr/lib/mpich2/lib/libmpichf90.so", "size_i": "18", "regex": "false"},
	{"name_s": "/usr/lib/mpich2/lib/libopa.a", "size_i": "2392", "regex": "false"},
	{"name_s": "/usr/lib/mpich2/lib/libtmpe.a", "size_i": "65786", "regex": "false"},
	{"name_s": "/usr/lib/mpich2/lib/trace_rlog/libTraceInput.so", "size_i": "25484", "regex": "false"},
	{"name_s": "/usr/lib/pkgconfig/mpich2-ch3.pc", "size_i": "744", "regex": "false"},
	{"name_s": "/usr/share/mpich2/examples_collchk/Makefile-i386", "size_i": "4563", "regex": "false"},
	{"name_s": "/usr/share/mpich2/examples_graphics/Makefile-i386", "size_i": "3750", "regex": "false"},
	{"name_s": "/usr/share/mpich2/examples_logging/Makefile-i386", "size_i": "8743", "regex": "false"}
]
