[
	{"name_s": "/etc/modulefiles/mvapich2-i386", "size_i": "664", "regex": "false"},
	{"name_s": "/etc/mvapich2-i386", "size_i": "4096", "regex": "false"},
	{"name_s": "/etc/mvapich2-i386/mpe_callstack_ldflags.conf", "size_i": "332", "regex": "false"},
	{"name_s": "/etc/mvapich2-i386/mpe_f77env.conf", "size_i": "186", "regex": "false"},
	{"name_s": "/etc/mvapich2-i386/mpe_help.conf", "size_i": "1476", "regex": "false"},
	{"name_s": "/etc/mvapich2-i386/mpe_log.conf", "size_i": "571", "regex": "false"},
	{"name_s": "/etc/mvapich2-i386/mpe_log_postlib.conf", "size_i": "23", "regex": "false"},
	{"name_s": "/etc/mvapich2-i386/mpe_mpicheck.conf", "size_i": "594", "regex": "false"},
	{"name_s": "/etc/mvapich2-i386/mpe_mpilog.conf", "size_i": "632", "regex": "false"},
	{"name_s": "/etc/mvapich2-i386/mpe_mpitrace.conf", "size_i": "438", "regex": "false"},
	{"name_s": "/etc/mvapich2-i386/mpe_nolog.conf", "size_i": "439", "regex": "false"},
	{"name_s": "/etc/mvapich2-i386/mpicc.conf", "size_i": "1186", "regex": "false"},
	{"name_s": "/etc/mvapich2-i386/mpicxx.conf", "size_i": "1182", "regex": "false"},
	{"name_s": "/etc/mvapich2-i386/mpif77.conf", "size_i": "1871", "regex": "false"},
	{"name_s": "/etc/mvapich2-i386/mpif90.conf", "size_i": "1644", "regex": "false"},
	{"name_s": "/etc/mvapich2-i386/mpixxx_opts.conf", "size_i": "945", "regex": "false"},
	{"name_s": "/usr/lib/gfortran/modules/mvapich2-i386", "size_i": "4096", "regex": "false"},
	{"name_s": "/usr/lib/mvapich2", "size_i": "4096", "regex": "false"},
	{"name_s": "/usr/lib/mvapich2/bin", "size_i": "4096", "regex": "false"},
	{"name_s": "/usr/lib/mvapich2/bin/bt2line", "size_i": "1656", "regex": "false"},
	{"name_s": "/usr/lib/mvapich2/bin/check_callstack", "size_i": "5028", "regex": "false"},
	{"name_s": "/usr/lib/mvapich2/bin/clog2TOslog2", "size_i": "1958", "regex": "false"},
	{"name_s": "/usr/lib/mvapich2/bin/clog2_join", "size_i": "49572", "regex": "false"},
	{"name_s": "/usr/lib/mvapich2/bin/clog2_print", "size_i": "46932", "regex": "false"},
	{"name_s": "/usr/lib/mvapich2/bin/clog2_repair", "size_i": "46932", "regex": "false"},
	{"name_s": "/usr/lib/mvapich2/bin/clog2print", "size_i": "1969", "regex": "false"},
	{"name_s": "/usr/lib/mvapich2/bin/clogTOslog2", "size_i": "1955", "regex": "false"},
	{"name_s": "/usr/lib/mvapich2/bin/clogprint", "size_i": "1959", "regex": "false"},
	{"name_s": "/usr/lib/mvapich2/bin/hydra_nameserver", "size_i": "242096", "regex": "false"},
	{"name_s": "/usr/lib/mvapich2/bin/hydra_persist", "size_i": "241384", "regex": "false"},
	{"name_s": "/usr/lib/mvapich2/bin/hydra_pmi_proxy", "size_i": "311684", "regex": "false"},
	{"name_s": "/usr/lib/mvapich2/bin/jumpshot", "size_i": "1945", "regex": "false"},
	{"name_s": "/usr/lib/mvapich2/bin/logconvertor", "size_i": "1943", "regex": "false"},
	{"name_s": "/usr/lib/mvapich2/bin/mpecheckinstall", "size_i": "4039", "regex": "false"},
	{"name_s": "/usr/lib/mvapich2/bin/mpetestexec", "size_i": "1000", "regex": "false"},
	{"name_s": "/usr/lib/mvapich2/bin/mpetestexeclog", "size_i": "2440", "regex": "false"},
	{"name_s": "/usr/lib/mvapich2/bin/mpetestlink", "size_i": "532", "regex": "false"},
	{"name_s": "/usr/lib/mvapich2/bin/mpic++", "size_i": "6", "regex": "false"},
	{"name_s": "/usr/lib/mvapich2/bin/mpicc", "size_i": "9221", "regex": "false"},
	{"name_s": "/usr/lib/mvapich2/bin/mpich2version", "size_i": "6924", "regex": "false"},
	{"name_s": "/usr/lib/mvapich2/bin/mpicxx", "size_i": "8889", "regex": "false"},
	{"name_s": "/usr/lib/mvapich2/bin/mpiexec", "size_i": "13", "regex": "false"},
	{"name_s": "/usr/lib/mvapich2/bin/mpiexec.hydra", "size_i": "386996", "regex": "false"},
	{"name_s": "/usr/lib/mvapich2/bin/mpiexec.mpirun_rsh", "size_i": "107884", "regex": "false"},
	{"name_s": "/usr/lib/mvapich2/bin/mpif77", "size_i": "10870", "regex": "false"},
	{"name_s": "/usr/lib/mvapich2/bin/mpif90", "size_i": "12835", "regex": "false"},
	{"name_s": "/usr/lib/mvapich2/bin/mpiname", "size_i": "6548", "regex": "false"},
	{"name_s": "/usr/lib/mvapich2/bin/mpirun", "size_i": "13", "regex": "false"},
	{"name_s": "/usr/lib/mvapich2/bin/mpirun_rsh", "size_i": "79196", "regex": "false"},
	{"name_s": "/usr/lib/mvapich2/bin/mpispawn", "size_i": "56864", "regex": "false"},
	{"name_s": "/usr/lib/mvapich2/bin/slog2filter", "size_i": "1964", "regex": "false"},
	{"name_s": "/usr/lib/mvapich2/bin/slog2navigator", "size_i": "1982", "regex": "false"},
	{"name_s": "/usr/lib/mvapich2/bin/slog2print", "size_i": "2014", "regex": "false"},
	{"name_s": "/usr/lib/mvapich2/bin/slog2updater", "size_i": "1973", "regex": "false"},
	{"name_s": "/usr/lib/mvapich2/lib", "size_i": "4096", "regex": "false"},
	{"name_s": "/usr/lib/mvapich2/lib/clog2TOdrawable.jar", "size_i": "126246", "regex": "false"},
	{"name_s": "/usr/lib/mvapich2/lib/clog2TOslog2.jar", "size_i": "182388", "regex": "false"},
	{"name_s": "/usr/lib/mvapich2/lib/clog2print.jar", "size_i": "25166", "regex": "false"},
	{"name_s": "/usr/lib/mvapich2/lib/clogTOdrawable.jar", "size_i": "107434", "regex": "false"},
	{"name_s": "/usr/lib/mvapich2/lib/clogTOslog2.jar", "size_i": "163579", "regex": "false"},
	{"name_s": "/usr/lib/mvapich2/lib/clogprint.jar", "size_i": "17221", "regex": "false"},
	{"name_s": "/usr/lib/mvapich2/lib/jumpshot.jar", "size_i": "2440148", "regex": "false"},
	{"name_s": "/usr/lib/mvapich2/lib/jumpshot_launcher.jar", "size_i": "7338", "regex": "false"},
	{"name_s": "/usr/lib/mvapich2/lib/libfmpich.so.3", "size_i": "16", "regex": "false"},
	{"name_s": "/usr/lib/mvapich2/lib/libfmpich.so.3.3", "size_i": "121620", "regex": "false"},
	{"name_s": "/usr/lib/mvapich2/lib/libmpich.so.3", "size_i": "15", "regex": "false"},
	{"name_s": "/usr/lib/mvapich2/lib/libmpich.so.3.3", "size_i": "2394100", "regex": "false"},
	{"name_s": "/usr/lib/mvapich2/lib/libmpichcxx.so.3", "size_i": "18", "regex": "false"},
	{"name_s": "/usr/lib/mvapich2/lib/libmpichcxx.so.3.3", "size_i": "117216", "regex": "false"},
	{"name_s": "/usr/lib/mvapich2/lib/libmpichf90.so.3", "size_i": "18", "regex": "false"},
	{"name_s": "/usr/lib/mvapich2/lib/libmpichf90.so.3.3", "size_i": "5660", "regex": "false"},
	{"name_s": "/usr/lib/mvapich2/lib/libmpl.so.1", "size_i": "15", "regex": "false"},
	{"name_s": "/usr/lib/mvapich2/lib/libmpl.so.1.1.0", "size_i": "14200", "regex": "false"},
	{"name_s": "/usr/lib/mvapich2/lib/libopa.so.1", "size_i": "15", "regex": "false"},
	{"name_s": "/usr/lib/mvapich2/lib/libopa.so.1.0.0", "size_i": "3928", "regex": "false"},
	{"name_s": "/usr/lib/mvapich2/lib/logconvertor.jar", "size_i": "262934", "regex": "false"},
	{"name_s": "/usr/lib/mvapich2/lib/slog2filter.jar", "size_i": "172660", "regex": "false"},
	{"name_s": "/usr/lib/mvapich2/lib/slog2navigator.jar", "size_i": "135110", "regex": "false"},
	{"name_s": "/usr/lib/mvapich2/lib/slog2printrecur.jar", "size_i": "135117", "regex": "false"},
	{"name_s": "/usr/lib/mvapich2/lib/slog2printserial.jar", "size_i": "135112", "regex": "false"},
	{"name_s": "/usr/lib/mvapich2/lib/slog2update205to206.jar", "size_i": "260131", "regex": "false"},
	{"name_s": "/usr/lib/mvapich2/lib/traceTOslog2.jar", "size_i": "123461", "regex": "false"},
	{"name_s": "/usr/lib/mvapich2/lib/traceprint.jar", "size_i": "67309", "regex": "false"},
	{"name_s": "/usr/lib/mvapich2/libexec", "size_i": "4096", "regex": "false"},
	{"name_s": "/usr/lib/python2.6/site-packages/mvapich2", "size_i": "4096", "regex": "false"},
	{"name_s": "/usr/share/man/mvapich2-i386", "size_i": "4096", "regex": "false"},
	{"name_s": "/usr/share/man/mvapich2-i386/man1", "size_i": "4096", "regex": "false"},
	{"name_s": "/usr/share/man/mvapich2-i386/man1/MPI.1.gz", "size_i": "1115", "regex": "false"},
	{"name_s": "/usr/share/man/mvapich2-i386/man1/mpicc.1.gz", "size_i": "1900", "regex": "false"},
	{"name_s": "/usr/share/man/mvapich2-i386/man1/mpicxx.1.gz", "size_i": "1911", "regex": "false"},
	{"name_s": "/usr/share/man/mvapich2-i386/man1/mpiexec.1.gz", "size_i": "2232", "regex": "false"},
	{"name_s": "/usr/share/man/mvapich2-i386/man1/mpif77.1.gz", "size_i": "1839", "regex": "false"},
	{"name_s": "/usr/share/man/mvapich2-i386/man1/mpif90.1.gz", "size_i": "1837", "regex": "false"},
	{"name_s": "/usr/share/man/mvapich2-i386/man2", "size_i": "4096", "regex": "false"},
	{"name_s": "/usr/share/man/mvapich2-i386/man3", "size_i": "20480", "regex": "false"},
	{"name_s": "/usr/share/man/mvapich2-i386/man3/MPIX_Group_comm_create.3.gz", "size_i": "1174", "regex": "false"},
	{"name_s": "/usr/share/man/mvapich2-i386/man3/MPI_Abort.3.gz", "size_i": "1252", "regex": "false"},
	{"name_s": "/usr/share/man/mvapich2-i386/man3/MPI_Accumulate.3.gz", "size_i": "1375", "regex": "false"},
	{"name_s": "/usr/share/man/mvapich2-i386/man3/MPI_Add_error_class.3.gz", "size_i": "1039", "regex": "false"},
	{"name_s": "/usr/share/man/mvapich2-i386/man3/MPI_Add_error_code.3.gz", "size_i": "1064", "regex": "false"},
	{"name_s": "/usr/share/man/mvapich2-i386/man3/MPI_Add_error_string.3.gz", "size_i": "1266", "regex": "false"},
	{"name_s": "/usr/share/man/mvapich2-i386/man3/MPI_Address.3.gz", "size_i": "1251", "regex": "false"},
	{"name_s": "/usr/share/man/mvapich2-i386/man3/MPI_Allgather.3.gz", "size_i": "1497", "regex": "false"},
	{"name_s": "/usr/share/man/mvapich2-i386/man3/MPI_Allgatherv.3.gz", "size_i": "1553", "regex": "false"},
	{"name_s": "/usr/share/man/mvapich2-i386/man3/MPI_Alloc_mem.3.gz", "size_i": "1355", "regex": "false"},
	{"name_s": "/usr/share/man/mvapich2-i386/man3/MPI_Allreduce.3.gz", "size_i": "1580", "regex": "false"},
	{"name_s": "/usr/share/man/mvapich2-i386/man3/MPI_Alltoall.3.gz", "size_i": "1305", "regex": "false"},
	{"name_s": "/usr/share/man/mvapich2-i386/man3/MPI_Alltoallv.3.gz", "size_i": "1510", "regex": "false"},
	{"name_s": "/usr/share/man/mvapich2-i386/man3/MPI_Alltoallw.3.gz", "size_i": "1566", "regex": "false"},
	{"name_s": "/usr/share/man/mvapich2-i386/man3/MPI_Attr_delete.3.gz", "size_i": "1284", "regex": "false"},
	{"name_s": "/usr/share/man/mvapich2-i386/man3/MPI_Attr_get.3.gz", "size_i": "1569", "regex": "false"},
	{"name_s": "/usr/share/man/mvapich2-i386/man3/MPI_Attr_put.3.gz", "size_i": "1682", "regex": "false"},
	{"name_s": "/usr/share/man/mvapich2-i386/man3/MPI_Barrier.3.gz", "size_i": "1113", "regex": "false"},
	{"name_s": "/usr/share/man/mvapich2-i386/man3/MPI_Bcast.3.gz", "size_i": "1373", "regex": "false"},
	{"name_s": "/usr/share/man/mvapich2-i386/man3/MPI_Bsend.3.gz", "size_i": "1910", "regex": "false"},
	{"name_s": "/usr/share/man/mvapich2-i386/man3/MPI_Bsend_init.3.gz", "size_i": "1489", "regex": "false"},
	{"name_s": "/usr/share/man/mvapich2-i386/man3/MPI_Buffer_attach.3.gz", "size_i": "1663", "regex": "false"},
	{"name_s": "/usr/share/man/mvapich2-i386/man3/MPI_Buffer_detach.3.gz", "size_i": "1501", "regex": "false"},
	{"name_s": "/usr/share/man/mvapich2-i386/man3/MPI_Cancel.3.gz", "size_i": "1659", "regex": "false"},
	{"name_s": "/usr/share/man/mvapich2-i386/man3/MPI_Cart_coords.3.gz", "size_i": "1349", "regex": "false"},
	{"name_s": "/usr/share/man/mvapich2-i386/man3/MPI_Cart_create.3.gz", "size_i": "1422", "regex": "false"},
	{"name_s": "/usr/share/man/mvapich2-i386/man3/MPI_Cart_get.3.gz", "size_i": "1366", "regex": "false"},
	{"name_s": "/usr/share/man/mvapich2-i386/man3/MPI_Cart_map.3.gz", "size_i": "1267", "regex": "false"},
	{"name_s": "/usr/share/man/mvapich2-i386/man3/MPI_Cart_rank.3.gz", "size_i": "1364", "regex": "false"},
	{"name_s": "/usr/share/man/mvapich2-i386/man3/MPI_Cart_shift.3.gz", "size_i": "1284", "regex": "false"},
	{"name_s": "/usr/share/man/mvapich2-i386/man3/MPI_Cart_sub.3.gz", "size_i": "1347", "regex": "false"},
	{"name_s": "/usr/share/man/mvapich2-i386/man3/MPI_Cartdim_get.3.gz", "size_i": "1072", "regex": "false"},
	{"name_s": "/usr/share/man/mvapich2-i386/man3/MPI_Close_port.3.gz", "size_i": "1073", "regex": "false"},
	{"name_s": "/usr/share/man/mvapich2-i386/man3/MPI_Comm_accept.3.gz", "size_i": "1220", "regex": "false"},
	{"name_s": "/usr/share/man/mvapich2-i386/man3/MPI_Comm_call_errhandler.3.gz", "size_i": "1198", "regex": "false"},
	{"name_s": "/usr/share/man/mvapich2-i386/man3/MPI_Comm_compare.3.gz", "size_i": "1432", "regex": "false"},
	{"name_s": "/usr/share/man/mvapich2-i386/man3/MPI_Comm_connect.3.gz", "size_i": "1235", "regex": "false"},
	{"name_s": "/usr/share/man/mvapich2-i386/man3/MPI_Comm_create.3.gz", "size_i": "1201", "regex": "false"},
	{"name_s": "/usr/share/man/mvapich2-i386/man3/MPI_Comm_create_errhandler.3.gz", "size_i": "1138", "regex": "false"},
	{"name_s": "/usr/share/man/mvapich2-i386/man3/MPI_Comm_create_keyval.3.gz", "size_i": "1542", "regex": "false"},
	{"name_s": "/usr/share/man/mvapich2-i386/man3/MPI_Comm_delete_attr.3.gz", "size_i": "1191", "regex": "false"},
	{"name_s": "/usr/share/man/mvapich2-i386/man3/MPI_Comm_disconnect.3.gz", "size_i": "1087", "regex": "false"},
	{"name_s": "/usr/share/man/mvapich2-i386/man3/MPI_Comm_dup.3.gz", "size_i": "1639", "regex": "false"},
	{"name_s": "/usr/share/man/mvapich2-i386/man3/MPI_Comm_free.3.gz", "size_i": "1491", "regex": "false"},
	{"name_s": "/usr/share/man/mvapich2-i386/man3/MPI_Comm_free_keyval.3.gz", "size_i": "1143", "regex": "false"},
	{"name_s": "/usr/share/man/mvapich2-i386/man3/MPI_Comm_get_attr.3.gz", "size_i": "1347", "regex": "false"},
	{"name_s": "/usr/share/man/mvapich2-i386/man3/MPI_Comm_get_errhandler.3.gz", "size_i": "1151", "regex": "false"},
	{"name_s": "/usr/share/man/mvapich2-i386/man3/MPI_Comm_get_name.3.gz", "size_i": "1309", "regex": "false"},
	{"name_s": "/usr/share/man/mvapich2-i386/man3/MPI_Comm_get_parent.3.gz", "size_i": "1107", "regex": "false"},
	{"name_s": "/usr/share/man/mvapich2-i386/man3/MPI_Comm_group.3.gz", "size_i": "1147", "regex": "false"},
	{"name_s": "/usr/share/man/mvapich2-i386/man3/MPI_Comm_join.3.gz", "size_i": "1205", "regex": "false"},
	{"name_s": "/usr/share/man/mvapich2-i386/man3/MPI_Comm_rank.3.gz", "size_i": "991", "regex": "false"},
	{"name_s": "/usr/share/man/mvapich2-i386/man3/MPI_Comm_remote_group.3.gz", "size_i": "1159", "regex": "false"},
	{"name_s": "/usr/share/man/mvapich2-i386/man3/MPI_Comm_remote_size.3.gz", "size_i": "1066", "regex": "false"},
	{"name_s": "/usr/share/man/mvapich2-i386/man3/MPI_Comm_set_attr.3.gz", "size_i": "1446", "regex": "false"},
	{"name_s": "/usr/share/man/mvapich2-i386/man3/MPI_Comm_set_errhandler.3.gz", "size_i": "1198", "regex": "false"},
	{"name_s": "/usr/share/man/mvapich2-i386/man3/MPI_Comm_set_name.3.gz", "size_i": "1132", "regex": "false"},
	{"name_s": "/usr/share/man/mvapich2-i386/man3/MPI_Comm_size.3.gz", "size_i": "1294", "regex": "false"},
	{"name_s": "/usr/share/man/mvapich2-i386/man3/MPI_Comm_spawn.3.gz", "size_i": "1458", "regex": "false"},
	{"name_s": "/usr/share/man/mvapich2-i386/man3/MPI_Comm_spawn_multiple.3.gz", "size_i": "1307", "regex": "false"},
	{"name_s": "/usr/share/man/mvapich2-i386/man3/MPI_Comm_split.3.gz", "size_i": "1404", "regex": "false"},
	{"name_s": "/usr/share/man/mvapich2-i386/man3/MPI_Comm_test_inter.3.gz", "size_i": "1042", "regex": "false"},
	{"name_s": "/usr/share/man/mvapich2-i386/man3/MPI_Dims_create.3.gz", "size_i": "1103", "regex": "false"},
	{"name_s": "/usr/share/man/mvapich2-i386/man3/MPI_Dist_graph_create.3.gz", "size_i": "1472", "regex": "false"},
	{"name_s": "/usr/share/man/mvapich2-i386/man3/MPI_Dist_graph_create_adjacent.3.gz", "size_i": "1463", "regex": "false"},
	{"name_s": "/usr/share/man/mvapich2-i386/man3/MPI_Dist_graph_neighbors.3.gz", "size_i": "1210", "regex": "false"},
	{"name_s": "/usr/share/man/mvapich2-i386/man3/MPI_Dist_graph_neighbors_count.3.gz", "size_i": "1159", "regex": "false"},
	{"name_s": "/usr/share/man/mvapich2-i386/man3/MPI_Errhandler_create.3.gz", "size_i": "1374", "regex": "false"},
	{"name_s": "/usr/share/man/mvapich2-i386/man3/MPI_Errhandler_free.3.gz", "size_i": "1069", "regex": "false"},
	{"name_s": "/usr/share/man/mvapich2-i386/man3/MPI_Errhandler_get.3.gz", "size_i": "1360", "regex": "false"},
	{"name_s": "/usr/share/man/mvapich2-i386/man3/MPI_Errhandler_set.3.gz", "size_i": "1269", "regex": "false"},
	{"name_s": "/usr/share/man/mvapich2-i386/man3/MPI_Error_class.3.gz", "size_i": "928", "regex": "false"},
	{"name_s": "/usr/share/man/mvapich2-i386/man3/MPI_Error_string.3.gz", "size_i": "1182", "regex": "false"},
	{"name_s": "/usr/share/man/mvapich2-i386/man3/MPI_Exscan.3.gz", "size_i": "1810", "regex": "false"},
	{"name_s": "/usr/share/man/mvapich2-i386/man3/MPI_File_c2f.3.gz", "size_i": "215", "regex": "false"},
	{"name_s": "/usr/share/man/mvapich2-i386/man3/MPI_File_call_errhandler.3.gz", "size_i": "1106", "regex": "false"},
	{"name_s": "/usr/share/man/mvapich2-i386/man3/MPI_File_close.3.gz", "size_i": "413", "regex": "false"},
	{"name_s": "/usr/share/man/mvapich2-i386/man3/MPI_File_create_errhandler.3.gz", "size_i": "1030", "regex": "false"},
	{"name_s": "/usr/share/man/mvapich2-i386/man3/MPI_File_delete.3.gz", "size_i": "444", "regex": "false"},
	{"name_s": "/usr/share/man/mvapich2-i386/man3/MPI_File_f2c.3.gz", "size_i": "212", "regex": "false"},
	{"name_s": "/usr/share/man/mvapich2-i386/man3/MPI_File_get_amode.3.gz", "size_i": "445", "regex": "false"},
	{"name_s": "/usr/share/man/mvapich2-i386/man3/MPI_File_get_atomicity.3.gz", "size_i": "466", "regex": "false"},
	{"name_s": "/usr/share/man/mvapich2-i386/man3/MPI_File_get_byte_offset.3.gz", "size_i": "530", "regex": "false"},
	{"name_s": "/usr/share/man/mvapich2-i386/man3/MPI_File_get_errhandler.3.gz", "size_i": "1090", "regex": "false"},
	{"name_s": "/usr/share/man/mvapich2-i386/man3/MPI_File_get_group.3.gz", "size_i": "461", "regex": "false"},
	{"name_s": "/usr/share/man/mvapich2-i386/man3/MPI_File_get_info.3.gz", "size_i": "471", "regex": "false"},
	{"name_s": "/usr/share/man/mvapich2-i386/man3/MPI_File_get_position.3.gz", "size_i": "498", "regex": "false"},
	{"name_s": "/usr/share/man/mvapich2-i386/man3/MPI_File_get_position_shared.3.gz", "size_i": "500", "regex": "false"},
	{"name_s": "/usr/share/man/mvapich2-i386/man3/MPI_File_get_size.3.gz", "size_i": "458", "regex": "false"},
	{"name_s": "/usr/share/man/mvapich2-i386/man3/MPI_File_get_type_extent.3.gz", "size_i": "488", "regex": "false"},
	{"name_s": "/usr/share/man/mvapich2-i386/man3/MPI_File_get_view.3.gz", "size_i": "533", "regex": "false"},
	{"name_s": "/usr/share/man/mvapich2-i386/man3/MPI_File_iread.3.gz", "size_i": "599", "regex": "false"},
	{"name_s": "/usr/share/man/mvapich2-i386/man3/MPI_File_iread_at.3.gz", "size_i": "621", "regex": "false"},
	{"name_s": "/usr/share/man/mvapich2-i386/man3/MPI_File_iread_shared.3.gz", "size_i": "596", "regex": "false"},
	{"name_s": "/usr/share/man/mvapich2-i386/man3/MPI_File_iwrite.3.gz", "size_i": "599", "regex": "false"},
	{"name_s": "/usr/share/man/mvapich2-i386/man3/MPI_File_iwrite_at.3.gz", "size_i": "621", "regex": "false"},
	{"name_s": "/usr/share/man/mvapich2-i386/man3/MPI_File_iwrite_shared.3.gz", "size_i": "602", "regex": "false"},
	{"name_s": "/usr/share/man/mvapich2-i386/man3/MPI_File_open.3.gz", "size_i": "509", "regex": "false"},
	{"name_s": "/usr/share/man/mvapich2-i386/man3/MPI_File_preallocate.3.gz", "size_i": "460", "regex": "false"},
	{"name_s": "/usr/share/man/mvapich2-i386/man3/MPI_File_read.3.gz", "size_i": "552", "regex": "false"},
	{"name_s": "/usr/share/man/mvapich2-i386/man3/MPI_File_read_all.3.gz", "size_i": "563", "regex": "false"},
	{"name_s": "/usr/share/man/mvapich2-i386/man3/MPI_File_read_all_begin.3.gz", "size_i": "552", "regex": "false"},
	{"name_s": "/usr/share/man/mvapich2-i386/man3/MPI_File_read_all_end.3.gz", "size_i": "513", "regex": "false"},
	{"name_s": "/usr/share/man/mvapich2-i386/man3/MPI_File_read_at.3.gz", "size_i": "567", "regex": "false"},
	{"name_s": "/usr/share/man/mvapich2-i386/man3/MPI_File_read_at_all.3.gz", "size_i": "583", "regex": "false"},
	{"name_s": "/usr/share/man/mvapich2-i386/man3/MPI_File_read_at_all_begin.3.gz", "size_i": "567", "regex": "false"},
	{"name_s": "/usr/share/man/mvapich2-i386/man3/MPI_File_read_at_all_end.3.gz", "size_i": "513", "regex": "false"},
	{"name_s": "/usr/share/man/mvapich2-i386/man3/MPI_File_read_ordered.3.gz", "size_i": "562", "regex": "false"},
	{"name_s": "/usr/share/man/mvapich2-i386/man3/MPI_File_read_ordered_begin.3.gz", "size_i": "551", "regex": "false"},
	{"name_s": "/usr/share/man/mvapich2-i386/man3/MPI_File_read_ordered_end.3.gz", "size_i": "513", "regex": "false"},
	{"name_s": "/usr/share/man/mvapich2-i386/man3/MPI_File_read_shared.3.gz", "size_i": "553", "regex": "false"},
	{"name_s": "/usr/share/man/mvapich2-i386/man3/MPI_File_seek.3.gz", "size_i": "468", "regex": "false"},
	{"name_s": "/usr/share/man/mvapich2-i386/man3/MPI_File_seek_shared.3.gz", "size_i": "468", "regex": "false"},
	{"name_s": "/usr/share/man/mvapich2-i386/man3/MPI_File_set_atomicity.3.gz", "size_i": "462", "regex": "false"},
	{"name_s": "/usr/share/man/mvapich2-i386/man3/MPI_File_set_errhandler.3.gz", "size_i": "1066", "regex": "false"},
	{"name_s": "/usr/share/man/mvapich2-i386/man3/MPI_File_set_info.3.gz", "size_i": "452", "regex": "false"},
	{"name_s": "/usr/share/man/mvapich2-i386/man3/MPI_File_set_size.3.gz", "size_i": "458", "regex": "false"},
	{"name_s": "/usr/share/man/mvapich2-i386/man3/MPI_File_set_view.3.gz", "size_i": "537", "regex": "false"},
	{"name_s": "/usr/share/man/mvapich2-i386/man3/MPI_File_sync.3.gz", "size_i": "445", "regex": "false"},
	{"name_s": "/usr/share/man/mvapich2-i386/man3/MPI_File_write.3.gz", "size_i": "553", "regex": "false"},
	{"name_s": "/usr/share/man/mvapich2-i386/man3/MPI_File_write_all.3.gz", "size_i": "562", "regex": "false"},
	{"name_s": "/usr/share/man/mvapich2-i386/man3/MPI_File_write_all_begin.3.gz", "size_i": "546", "regex": "false"},
	{"name_s": "/usr/share/man/mvapich2-i386/man3/MPI_File_write_all_end.3.gz", "size_i": "515", "regex": "false"},
	{"name_s": "/usr/share/man/mvapich2-i386/man3/MPI_File_write_at.3.gz", "size_i": "574", "regex": "false"},
	{"name_s": "/usr/share/man/mvapich2-i386/man3/MPI_File_write_at_all.3.gz", "size_i": "584", "regex": "false"},
	{"name_s": "/usr/share/man/mvapich2-i386/man3/MPI_File_write_at_all_begin.3.gz", "size_i": "564", "regex": "false"},
	{"name_s": "/usr/share/man/mvapich2-i386/man3/MPI_File_write_at_all_end.3.gz", "size_i": "514", "regex": "false"},
	{"name_s": "/usr/share/man/mvapich2-i386/man3/MPI_File_write_ordered.3.gz", "size_i": "562", "regex": "false"},
	{"name_s": "/usr/share/man/mvapich2-i386/man3/MPI_File_write_ordered_begin.3.gz", "size_i": "553", "regex": "false"},
	{"name_s": "/usr/share/man/mvapich2-i386/man3/MPI_File_write_ordered_end.3.gz", "size_i": "513", "regex": "false"},
	{"name_s": "/usr/share/man/mvapich2-i386/man3/MPI_File_write_shared.3.gz", "size_i": "554", "regex": "false"},
	{"name_s": "/usr/share/man/mvapich2-i386/man3/MPI_Finalize.3.gz", "size_i": "961", "regex": "false"},
	{"name_s": "/usr/share/man/mvapich2-i386/man3/MPI_Finalized.3.gz", "size_i": "926", "regex": "false"},
	{"name_s": "/usr/share/man/mvapich2-i386/man3/MPI_Free_mem.3.gz", "size_i": "1005", "regex": "false"},
	{"name_s": "/usr/share/man/mvapich2-i386/man3/MPI_Gather.3.gz", "size_i": "1382", "regex": "false"},
	{"name_s": "/usr/share/man/mvapich2-i386/man3/MPI_Gatherv.3.gz", "size_i": "1454", "regex": "false"},
	{"name_s": "/usr/share/man/mvapich2-i386/man3/MPI_Get.3.gz", "size_i": "1463", "regex": "false"},
	{"name_s": "/usr/share/man/mvapich2-i386/man3/MPI_Get_address.3.gz", "size_i": "1420", "regex": "false"},
	{"name_s": "/usr/share/man/mvapich2-i386/man3/MPI_Get_count.3.gz", "size_i": "1052", "regex": "false"},
	{"name_s": "/usr/share/man/mvapich2-i386/man3/MPI_Get_elements.3.gz", "size_i": "970", "regex": "false"},
	{"name_s": "/usr/share/man/mvapich2-i386/man3/MPI_Get_processor_name.3.gz", "size_i": "1444", "regex": "false"},
	{"name_s": "/usr/share/man/mvapich2-i386/man3/MPI_Get_version.3.gz", "size_i": "906", "regex": "false"},
	{"name_s": "/usr/share/man/mvapich2-i386/man3/MPI_Graph_create.3.gz", "size_i": "1453", "regex": "false"},
	{"name_s": "/usr/share/man/mvapich2-i386/man3/MPI_Graph_get.3.gz", "size_i": "1242", "regex": "false"},
	{"name_s": "/usr/share/man/mvapich2-i386/man3/MPI_Graph_map.3.gz", "size_i": "1257", "regex": "false"},
	{"name_s": "/usr/share/man/mvapich2-i386/man3/MPI_Graph_neighbors.3.gz", "size_i": "1313", "regex": "false"},
	{"name_s": "/usr/share/man/mvapich2-i386/man3/MPI_Graph_neighbors_count.3.gz", "size_i": "1286", "regex": "false"},
	{"name_s": "/usr/share/man/mvapich2-i386/man3/MPI_Graphdims_get.3.gz", "size_i": "1170", "regex": "false"},
	{"name_s": "/usr/share/man/mvapich2-i386/man3/MPI_Grequest_complete.3.gz", "size_i": "1019", "regex": "false"},
	{"name_s": "/usr/share/man/mvapich2-i386/man3/MPI_Grequest_start.3.gz", "size_i": "1789", "regex": "false"},
	{"name_s": "/usr/share/man/mvapich2-i386/man3/MPI_Group_compare.3.gz", "size_i": "1163", "regex": "false"},
	{"name_s": "/usr/share/man/mvapich2-i386/man3/MPI_Group_difference.3.gz", "size_i": "1167", "regex": "false"},
	{"name_s": "/usr/share/man/mvapich2-i386/man3/MPI_Group_excl.3.gz", "size_i": "1460", "regex": "false"},
	{"name_s": "/usr/share/man/mvapich2-i386/man3/MPI_Group_free.3.gz", "size_i": "1123", "regex": "false"},
	{"name_s": "/usr/share/man/mvapich2-i386/man3/MPI_Group_incl.3.gz", "size_i": "1404", "regex": "false"},
	{"name_s": "/usr/share/man/mvapich2-i386/man3/MPI_Group_intersection.3.gz", "size_i": "1172", "regex": "false"},
	{"name_s": "/usr/share/man/mvapich2-i386/man3/MPI_Group_range_excl.3.gz", "size_i": "1513", "regex": "false"},
	{"name_s": "/usr/share/man/mvapich2-i386/man3/MPI_Group_range_incl.3.gz", "size_i": "1425", "regex": "false"},
	{"name_s": "/usr/share/man/mvapich2-i386/man3/MPI_Group_rank.3.gz", "size_i": "1038", "regex": "false"},
	{"name_s": "/usr/share/man/mvapich2-i386/man3/MPI_Group_size.3.gz", "size_i": "1015", "regex": "false"},
	{"name_s": "/usr/share/man/mvapich2-i386/man3/MPI_Group_translate_ranks.3.gz", "size_i": "1213", "regex": "false"},
	{"name_s": "/usr/share/man/mvapich2-i386/man3/MPI_Group_union.3.gz", "size_i": "1124", "regex": "false"},
	{"name_s": "/usr/share/man/mvapich2-i386/man3/MPI_Ibsend.3.gz", "size_i": "1500", "regex": "false"},
	{"name_s": "/usr/share/man/mvapich2-i386/man3/MPI_Info_create.3.gz", "size_i": "1034", "regex": "false"},
	{"name_s": "/usr/share/man/mvapich2-i386/man3/MPI_Info_delete.3.gz", "size_i": "1098", "regex": "false"},
	{"name_s": "/usr/share/man/mvapich2-i386/man3/MPI_Info_dup.3.gz", "size_i": "1121", "regex": "false"},
	{"name_s": "/usr/share/man/mvapich2-i386/man3/MPI_Info_free.3.gz", "size_i": "1043", "regex": "false"},
	{"name_s": "/usr/share/man/mvapich2-i386/man3/MPI_Info_get.3.gz", "size_i": "1336", "regex": "false"},
	{"name_s": "/usr/share/man/mvapich2-i386/man3/MPI_Info_get_nkeys.3.gz", "size_i": "1170", "regex": "false"},
	{"name_s": "/usr/share/man/mvapich2-i386/man3/MPI_Info_get_nthkey.3.gz", "size_i": "1278", "regex": "false"},
	{"name_s": "/usr/share/man/mvapich2-i386/man3/MPI_Info_get_valuelen.3.gz", "size_i": "1271", "regex": "false"},
	{"name_s": "/usr/share/man/mvapich2-i386/man3/MPI_Info_set.3.gz", "size_i": "1208", "regex": "false"},
	{"name_s": "/usr/share/man/mvapich2-i386/man3/MPI_Init.3.gz", "size_i": "1053", "regex": "false"},
	{"name_s": "/usr/share/man/mvapich2-i386/man3/MPI_Init_thread.3.gz", "size_i": "1184", "regex": "false"},
	{"name_s": "/usr/share/man/mvapich2-i386/man3/MPI_Initialized.3.gz", "size_i": "838", "regex": "false"},
	{"name_s": "/usr/share/man/mvapich2-i386/man3/MPI_Intercomm_create.3.gz", "size_i": "1847", "regex": "false"},
	{"name_s": "/usr/share/man/mvapich2-i386/man3/MPI_Intercomm_merge.3.gz", "size_i": "1458", "regex": "false"},
	{"name_s": "/usr/share/man/mvapich2-i386/man3/MPI_Iprobe.3.gz", "size_i": "1355", "regex": "false"},
	{"name_s": "/usr/share/man/mvapich2-i386/man3/MPI_Irecv.3.gz", "size_i": "1505", "regex": "false"},
	{"name_s": "/usr/share/man/mvapich2-i386/man3/MPI_Irsend.3.gz", "size_i": "1507", "regex": "false"},
	{"name_s": "/usr/share/man/mvapich2-i386/man3/MPI_Is_thread_main.3.gz", "size_i": "948", "regex": "false"},
	{"name_s": "/usr/share/man/mvapich2-i386/man3/MPI_Isend.3.gz", "size_i": "1321", "regex": "false"},
	{"name_s": "/usr/share/man/mvapich2-i386/man3/MPI_Issend.3.gz", "size_i": "1514", "regex": "false"},
	{"name_s": "/usr/share/man/mvapich2-i386/man3/MPI_Keyval_create.3.gz", "size_i": "1516", "regex": "false"},
	{"name_s": "/usr/share/man/mvapich2-i386/man3/MPI_Keyval_free.3.gz", "size_i": "1294", "regex": "false"},
	{"name_s": "/usr/share/man/mvapich2-i386/man3/MPI_Lookup_name.3.gz", "size_i": "1245", "regex": "false"},
	{"name_s": "/usr/share/man/mvapich2-i386/man3/MPI_Op_commute.3.gz", "size_i": "1360", "regex": "false"},
	{"name_s": "/usr/share/man/mvapich2-i386/man3/MPI_Op_create.3.gz", "size_i": "1495", "regex": "false"},
	{"name_s": "/usr/share/man/mvapich2-i386/man3/MPI_Op_free.3.gz", "size_i": "1378", "regex": "false"},
	{"name_s": "/usr/share/man/mvapich2-i386/man3/MPI_Open_port.3.gz", "size_i": "1319", "regex": "false"},
	{"name_s": "/usr/share/man/mvapich2-i386/man3/MPI_Pack.3.gz", "size_i": "1231", "regex": "false"},
	{"name_s": "/usr/share/man/mvapich2-i386/man3/MPI_Pack_external.3.gz", "size_i": "1339", "regex": "false"},
	{"name_s": "/usr/share/man/mvapich2-i386/man3/MPI_Pack_external_size.3.gz", "size_i": "1240", "regex": "false"},
	{"name_s": "/usr/share/man/mvapich2-i386/man3/MPI_Pack_size.3.gz", "size_i": "1343", "regex": "false"},
	{"name_s": "/usr/share/man/mvapich2-i386/man3/MPI_Pcontrol.3.gz", "size_i": "928", "regex": "false"},
	{"name_s": "/usr/share/man/mvapich2-i386/man3/MPI_Probe.3.gz", "size_i": "1305", "regex": "false"},
	{"name_s": "/usr/share/man/mvapich2-i386/man3/MPI_Publish_name.3.gz", "size_i": "1222", "regex": "false"},
	{"name_s": "/usr/share/man/mvapich2-i386/man3/MPI_Put.3.gz", "size_i": "1452", "regex": "false"},
	{"name_s": "/usr/share/man/mvapich2-i386/man3/MPI_Query_thread.3.gz", "size_i": "1283", "regex": "false"},
	{"name_s": "/usr/share/man/mvapich2-i386/man3/MPI_Recv.3.gz", "size_i": "1576", "regex": "false"},
	{"name_s": "/usr/share/man/mvapich2-i386/man3/MPI_Recv_init.3.gz", "size_i": "1553", "regex": "false"},
	{"name_s": "/usr/share/man/mvapich2-i386/man3/MPI_Reduce.3.gz", "size_i": "1738", "regex": "false"},
	{"name_s": "/usr/share/man/mvapich2-i386/man3/MPI_Reduce_local.3.gz", "size_i": "1638", "regex": "false"},
	{"name_s": "/usr/share/man/mvapich2-i386/man3/MPI_Reduce_scatter.3.gz", "size_i": "1832", "regex": "false"},
	{"name_s": "/usr/share/man/mvapich2-i386/man3/MPI_Reduce_scatter_block.3.gz", "size_i": "1782", "regex": "false"},
	{"name_s": "/usr/share/man/mvapich2-i386/man3/MPI_Register_datarep.3.gz", "size_i": "739", "regex": "false"},
	{"name_s": "/usr/share/man/mvapich2-i386/man3/MPI_Request_free.3.gz", "size_i": "1372", "regex": "false"},
	{"name_s": "/usr/share/man/mvapich2-i386/man3/MPI_Request_get_status.3.gz", "size_i": "1181", "regex": "false"},
	{"name_s": "/usr/share/man/mvapich2-i386/man3/MPI_Rsend.3.gz", "size_i": "1434", "regex": "false"},
	{"name_s": "/usr/share/man/mvapich2-i386/man3/MPI_Rsend_init.3.gz", "size_i": "1547", "regex": "false"},
	{"name_s": "/usr/share/man/mvapich2-i386/man3/MPI_Scan.3.gz", "size_i": "1722", "regex": "false"},
	{"name_s": "/usr/share/man/mvapich2-i386/man3/MPI_Scatter.3.gz", "size_i": "1383", "regex": "false"},
	{"name_s": "/usr/share/man/mvapich2-i386/man3/MPI_Scatterv.3.gz", "size_i": "1479", "regex": "false"},
	{"name_s": "/usr/share/man/mvapich2-i386/man3/MPI_Send.3.gz", "size_i": "1480", "regex": "false"},
	{"name_s": "/usr/share/man/mvapich2-i386/man3/MPI_Send_init.3.gz", "size_i": "1548", "regex": "false"},
	{"name_s": "/usr/share/man/mvapich2-i386/man3/MPI_Sendrecv.3.gz", "size_i": "1605", "regex": "false"},
	{"name_s": "/usr/share/man/mvapich2-i386/man3/MPI_Sendrecv_replace.3.gz", "size_i": "1684", "regex": "false"},
	{"name_s": "/usr/share/man/mvapich2-i386/man3/MPI_Ssend.3.gz", "size_i": "1437", "regex": "false"},
	{"name_s": "/usr/share/man/mvapich2-i386/man3/MPI_Ssend_init.3.gz", "size_i": "1474", "regex": "false"},
	{"name_s": "/usr/share/man/mvapich2-i386/man3/MPI_Start.3.gz", "size_i": "1053", "regex": "false"},
	{"name_s": "/usr/share/man/mvapich2-i386/man3/MPI_Startall.3.gz", "size_i": "1295", "regex": "false"},
	{"name_s": "/usr/share/man/mvapich2-i386/man3/MPI_Status_set_cancelled.3.gz", "size_i": "1101", "regex": "false"},
	{"name_s": "/usr/share/man/mvapich2-i386/man3/MPI_Status_set_elements.3.gz", "size_i": "1149", "regex": "false"},
	{"name_s": "/usr/share/man/mvapich2-i386/man3/MPI_Test.3.gz", "size_i": "1553", "regex": "false"},
	{"name_s": "/usr/share/man/mvapich2-i386/man3/MPI_Test_cancelled.3.gz", "size_i": "1100", "regex": "false"},
	{"name_s": "/usr/share/man/mvapich2-i386/man3/MPI_Testall.3.gz", "size_i": "2259", "regex": "false"},
	{"name_s": "/usr/share/man/mvapich2-i386/man3/MPI_Testany.3.gz", "size_i": "1600", "regex": "false"},
	{"name_s": "/usr/share/man/mvapich2-i386/man3/MPI_Testsome.3.gz", "size_i": "2012", "regex": "false"},
	{"name_s": "/usr/share/man/mvapich2-i386/man3/MPI_Topo_test.3.gz", "size_i": "1122", "regex": "false"},
	{"name_s": "/usr/share/man/mvapich2-i386/man3/MPI_Type_commit.3.gz", "size_i": "1018", "regex": "false"},
	{"name_s": "/usr/share/man/mvapich2-i386/man3/MPI_Type_contiguous.3.gz", "size_i": "1185", "regex": "false"},
	{"name_s": "/usr/share/man/mvapich2-i386/man3/MPI_Type_create_darray.3.gz", "size_i": "1351", "regex": "false"},
	{"name_s": "/usr/share/man/mvapich2-i386/man3/MPI_Type_create_hindexed.3.gz", "size_i": "1246", "regex": "false"},
	{"name_s": "/usr/share/man/mvapich2-i386/man3/MPI_Type_create_hvector.3.gz", "size_i": "1221", "regex": "false"},
	{"name_s": "/usr/share/man/mvapich2-i386/man3/MPI_Type_create_indexed_block.3.gz", "size_i": "1545", "regex": "false"},
	{"name_s": "/usr/share/man/mvapich2-i386/man3/MPI_Type_create_keyval.3.gz", "size_i": "1427", "regex": "false"},
	{"name_s": "/usr/share/man/mvapich2-i386/man3/MPI_Type_create_resized.3.gz", "size_i": "1134", "regex": "false"},
	{"name_s": "/usr/share/man/mvapich2-i386/man3/MPI_Type_create_struct.3.gz", "size_i": "1283", "regex": "false"},
	{"name_s": "/usr/share/man/mvapich2-i386/man3/MPI_Type_create_subarray.3.gz", "size_i": "1297", "regex": "false"},
	{"name_s": "/usr/share/man/mvapich2-i386/man3/MPI_Type_delete_attr.3.gz", "size_i": "1117", "regex": "false"},
	{"name_s": "/usr/share/man/mvapich2-i386/man3/MPI_Type_dup.3.gz", "size_i": "1047", "regex": "false"},
	{"name_s": "/usr/share/man/mvapich2-i386/man3/MPI_Type_extent.3.gz", "size_i": "1098", "regex": "false"},
	{"name_s": "/usr/share/man/mvapich2-i386/man3/MPI_Type_free.3.gz", "size_i": "1223", "regex": "false"},
	{"name_s": "/usr/share/man/mvapich2-i386/man3/MPI_Type_free_keyval.3.gz", "size_i": "1066", "regex": "false"},
	{"name_s": "/usr/share/man/mvapich2-i386/man3/MPI_Type_get_attr.3.gz", "size_i": "1338", "regex": "false"},
	{"name_s": "/usr/share/man/mvapich2-i386/man3/MPI_Type_get_contents.3.gz", "size_i": "892", "regex": "false"},
	{"name_s": "/usr/share/man/mvapich2-i386/man3/MPI_Type_get_envelope.3.gz", "size_i": "855", "regex": "false"},
	{"name_s": "/usr/share/man/mvapich2-i386/man3/MPI_Type_get_extent.3.gz", "size_i": "1057", "regex": "false"},
	{"name_s": "/usr/share/man/mvapich2-i386/man3/MPI_Type_get_name.3.gz", "size_i": "1502", "regex": "false"},
	{"name_s": "/usr/share/man/mvapich2-i386/man3/MPI_Type_get_true_extent.3.gz", "size_i": "1072", "regex": "false"},
	{"name_s": "/usr/share/man/mvapich2-i386/man3/MPI_Type_hindexed.3.gz", "size_i": "1785", "regex": "false"},
	{"name_s": "/usr/share/man/mvapich2-i386/man3/MPI_Type_hvector.3.gz", "size_i": "918", "regex": "false"},
	{"name_s": "/usr/share/man/mvapich2-i386/man3/MPI_Type_indexed.3.gz", "size_i": "1616", "regex": "false"},
	{"name_s": "/usr/share/man/mvapich2-i386/man3/MPI_Type_lb.3.gz", "size_i": "1179", "regex": "false"},
	{"name_s": "/usr/share/man/mvapich2-i386/man3/MPI_Type_match_size.3.gz", "size_i": "1219", "regex": "false"},
	{"name_s": "/usr/share/man/mvapich2-i386/man3/MPI_Type_set_attr.3.gz", "size_i": "1075", "regex": "false"},
	{"name_s": "/usr/share/man/mvapich2-i386/man3/MPI_Type_set_name.3.gz", "size_i": "991", "regex": "false"},
	{"name_s": "/usr/share/man/mvapich2-i386/man3/MPI_Type_size.3.gz", "size_i": "1023", "regex": "false"},
	{"name_s": "/usr/share/man/mvapich2-i386/man3/MPI_Type_struct.3.gz", "size_i": "2279", "regex": "false"},
	{"name_s": "/usr/share/man/mvapich2-i386/man3/MPI_Type_ub.3.gz", "size_i": "1171", "regex": "false"},
	{"name_s": "/usr/share/man/mvapich2-i386/man3/MPI_Type_vector.3.gz", "size_i": "1218", "regex": "false"},
	{"name_s": "/usr/share/man/mvapich2-i386/man3/MPI_Unpack.3.gz", "size_i": "1390", "regex": "false"},
	{"name_s": "/usr/share/man/mvapich2-i386/man3/MPI_Unpack_external.3.gz", "size_i": "1292", "regex": "false"},
	{"name_s": "/usr/share/man/mvapich2-i386/man3/MPI_Unpublish_name.3.gz", "size_i": "1227", "regex": "false"},
	{"name_s": "/usr/share/man/mvapich2-i386/man3/MPI_Wait.3.gz", "size_i": "1522", "regex": "false"},
	{"name_s": "/usr/share/man/mvapich2-i386/man3/MPI_Waitall.3.gz", "size_i": "2176", "regex": "false"},
	{"name_s": "/usr/share/man/mvapich2-i386/man3/MPI_Waitany.3.gz", "size_i": "1746", "regex": "false"},
	{"name_s": "/usr/share/man/mvapich2-i386/man3/MPI_Waitsome.3.gz", "size_i": "2427", "regex": "false"},
	{"name_s": "/usr/share/man/mvapich2-i386/man3/MPI_Win_call_errhandler.3.gz", "size_i": "1159", "regex": "false"},
	{"name_s": "/usr/share/man/mvapich2-i386/man3/MPI_Win_complete.3.gz", "size_i": "1061", "regex": "false"},
	{"name_s": "/usr/share/man/mvapich2-i386/man3/MPI_Win_create.3.gz", "size_i": "1325", "regex": "false"},
	{"name_s": "/usr/share/man/mvapich2-i386/man3/MPI_Win_create_errhandler.3.gz", "size_i": "1090", "regex": "false"},
	{"name_s": "/usr/share/man/mvapich2-i386/man3/MPI_Win_create_keyval.3.gz", "size_i": "1480", "regex": "false"},
	{"name_s": "/usr/share/man/mvapich2-i386/man3/MPI_Win_delete_attr.3.gz", "size_i": "1121", "regex": "false"},
	{"name_s": "/usr/share/man/mvapich2-i386/man3/MPI_Win_fence.3.gz", "size_i": "1422", "regex": "false"},
	{"name_s": "/usr/share/man/mvapich2-i386/man3/MPI_Win_free.3.gz", "size_i": "1074", "regex": "false"},
	{"name_s": "/usr/share/man/mvapich2-i386/man3/MPI_Win_free_keyval.3.gz", "size_i": "1077", "regex": "false"},
	{"name_s": "/usr/share/man/mvapich2-i386/man3/MPI_Win_get_attr.3.gz", "size_i": "1279", "regex": "false"},
	{"name_s": "/usr/share/man/mvapich2-i386/man3/MPI_Win_get_errhandler.3.gz", "size_i": "1083", "regex": "false"},
	{"name_s": "/usr/share/man/mvapich2-i386/man3/MPI_Win_get_group.3.gz", "size_i": "1253", "regex": "false"},
	{"name_s": "/usr/share/man/mvapich2-i386/man3/MPI_Win_get_name.3.gz", "size_i": "1291", "regex": "false"},
	{"name_s": "/usr/share/man/mvapich2-i386/man3/MPI_Win_lock.3.gz", "size_i": "1713", "regex": "false"},
	{"name_s": "/usr/share/man/mvapich2-i386/man3/MPI_Win_post.3.gz", "size_i": "1267", "regex": "false"},
	{"name_s": "/usr/share/man/mvapich2-i386/man3/MPI_Win_set_attr.3.gz", "size_i": "1235", "regex": "false"},
	{"name_s": "/usr/share/man/mvapich2-i386/man3/MPI_Win_set_errhandler.3.gz", "size_i": "1084", "regex": "false"},
	{"name_s": "/usr/share/man/mvapich2-i386/man3/MPI_Win_set_name.3.gz", "size_i": "1156", "regex": "false"},
	{"name_s": "/usr/share/man/mvapich2-i386/man3/MPI_Win_start.3.gz", "size_i": "1462", "regex": "false"},
	{"name_s": "/usr/share/man/mvapich2-i386/man3/MPI_Win_test.3.gz", "size_i": "1183", "regex": "false"},
	{"name_s": "/usr/share/man/mvapich2-i386/man3/MPI_Win_unlock.3.gz", "size_i": "1217", "regex": "false"},
	{"name_s": "/usr/share/man/mvapich2-i386/man3/MPI_Win_wait.3.gz", "size_i": "1062", "regex": "false"},
	{"name_s": "/usr/share/man/mvapich2-i386/man3/MPI_Wtick.3.gz", "size_i": "281", "regex": "false"},
	{"name_s": "/usr/share/man/mvapich2-i386/man3/MPI_Wtime.3.gz", "size_i": "451", "regex": "false"},
	{"name_s": "/usr/share/man/mvapich2-i386/man4", "size_i": "4096", "regex": "false"},
	{"name_s": "/usr/share/man/mvapich2-i386/man4/MPE_Add_RGB_color.4.gz", "size_i": "678", "regex": "false"},
	{"name_s": "/usr/share/man/mvapich2-i386/man4/MPE_CaptureFile.4.gz", "size_i": "740", "regex": "false"},
	{"name_s": "/usr/share/man/mvapich2-i386/man4/MPE_Close_graphics.4.gz", "size_i": "521", "regex": "false"},
	{"name_s": "/usr/share/man/mvapich2-i386/man4/MPE_Comm_global_rank.4.gz", "size_i": "282", "regex": "false"},
	{"name_s": "/usr/share/man/mvapich2-i386/man4/MPE_Decomp1d.4.gz", "size_i": "342", "regex": "false"},
	{"name_s": "/usr/share/man/mvapich2-i386/man4/MPE_Describe_comm_event.4.gz", "size_i": "890", "regex": "false"},
	{"name_s": "/usr/share/man/mvapich2-i386/man4/MPE_Describe_comm_state.4.gz", "size_i": "951", "regex": "false"},
	{"name_s": "/usr/share/man/mvapich2-i386/man4/MPE_Describe_event.4.gz", "size_i": "508", "regex": "false"},
	{"name_s": "/usr/share/man/mvapich2-i386/man4/MPE_Describe_info_event.4.gz", "size_i": "901", "regex": "false"},
	{"name_s": "/usr/share/man/mvapich2-i386/man4/MPE_Describe_info_state.4.gz", "size_i": "963", "regex": "false"},
	{"name_s": "/usr/share/man/mvapich2-i386/man4/MPE_Describe_state.4.gz", "size_i": "583", "regex": "false"},
	{"name_s": "/usr/share/man/mvapich2-i386/man4/MPE_Draw_circle.4.gz", "size_i": "534", "regex": "false"},
	{"name_s": "/usr/share/man/mvapich2-i386/man4/MPE_Draw_line.4.gz", "size_i": "740", "regex": "false"},
	{"name_s": "/usr/share/man/mvapich2-i386/man4/MPE_Draw_logic.4.gz", "size_i": "588", "regex": "false"},
	{"name_s": "/usr/share/man/mvapich2-i386/man4/MPE_Draw_point.4.gz", "size_i": "705", "regex": "false"},
	{"name_s": "/usr/share/man/mvapich2-i386/man4/MPE_Draw_points.4.gz", "size_i": "514", "regex": "false"},
	{"name_s": "/usr/share/man/mvapich2-i386/man4/MPE_Draw_string.4.gz", "size_i": "592", "regex": "false"},
	{"name_s": "/usr/share/man/mvapich2-i386/man4/MPE_Errors_call_debugger.4.gz", "size_i": "616", "regex": "false"},
	{"name_s": "/usr/share/man/mvapich2-i386/man4/MPE_Fill_circle.4.gz", "size_i": "534", "regex": "false"},
	{"name_s": "/usr/share/man/mvapich2-i386/man4/MPE_Fill_rectangle.4.gz", "size_i": "777", "regex": "false"},
	{"name_s": "/usr/share/man/mvapich2-i386/man4/MPE_Finish_log.4.gz", "size_i": "489", "regex": "false"},
	{"name_s": "/usr/share/man/mvapich2-i386/man4/MPE_GetHostName.4.gz", "size_i": "184", "regex": "false"},
	{"name_s": "/usr/share/man/mvapich2-i386/man4/MPE_GetTags.4.gz", "size_i": "469", "regex": "false"},
	{"name_s": "/usr/share/man/mvapich2-i386/man4/MPE_Get_mouse_press.4.gz", "size_i": "432", "regex": "false"},
	{"name_s": "/usr/share/man/mvapich2-i386/man4/MPE_IO_Stdout_to_file.4.gz", "size_i": "447", "regex": "false"},
	{"name_s": "/usr/share/man/mvapich2-i386/man4/MPE_Iget_mouse_press.4.gz", "size_i": "441", "regex": "false"},
	{"name_s": "/usr/share/man/mvapich2-i386/man4/MPE_Init_log.4.gz", "size_i": "478", "regex": "false"},
	{"name_s": "/usr/share/man/mvapich2-i386/man4/MPE_Initialized_logging.4.gz", "size_i": "262", "regex": "false"},
	{"name_s": "/usr/share/man/mvapich2-i386/man4/MPE_Line_thickness.4.gz", "size_i": "508", "regex": "false"},
	{"name_s": "/usr/share/man/mvapich2-i386/man4/MPE_Log_bare_event.4.gz", "size_i": "259", "regex": "false"},
	{"name_s": "/usr/share/man/mvapich2-i386/man4/MPE_Log_comm_event.4.gz", "size_i": "455", "regex": "false"},
	{"name_s": "/usr/share/man/mvapich2-i386/man4/MPE_Log_comm_receive.4.gz", "size_i": "369", "regex": "false"},
	{"name_s": "/usr/share/man/mvapich2-i386/man4/MPE_Log_comm_send.4.gz", "size_i": "369", "regex": "false"},
	{"name_s": "/usr/share/man/mvapich2-i386/man4/MPE_Log_event.4.gz", "size_i": "449", "regex": "false"},
	{"name_s": "/usr/share/man/mvapich2-i386/man4/MPE_Log_get_event_number.4.gz", "size_i": "411", "regex": "false"},
	{"name_s": "/usr/share/man/mvapich2-i386/man4/MPE_Log_get_solo_eventID.4.gz", "size_i": "359", "regex": "false"},
	{"name_s": "/usr/share/man/mvapich2-i386/man4/MPE_Log_get_state_eventIDs.4.gz", "size_i": "398", "regex": "false"},
	{"name_s": "/usr/share/man/mvapich2-i386/man4/MPE_Log_info_event.4.gz", "size_i": "325", "regex": "false"},
	{"name_s": "/usr/share/man/mvapich2-i386/man4/MPE_Log_merged_logfilename.4.gz", "size_i": "222", "regex": "false"},
	{"name_s": "/usr/share/man/mvapich2-i386/man4/MPE_Log_pack.4.gz", "size_i": "893", "regex": "false"},
	{"name_s": "/usr/share/man/mvapich2-i386/man4/MPE_Log_receive.4.gz", "size_i": "339", "regex": "false"},
	{"name_s": "/usr/share/man/mvapich2-i386/man4/MPE_Log_send.4.gz", "size_i": "337", "regex": "false"},
	{"name_s": "/usr/share/man/mvapich2-i386/man4/MPE_Log_sync_clocks.4.gz", "size_i": "295", "regex": "false"},
	{"name_s": "/usr/share/man/mvapich2-i386/man4/MPE_Make_color_array.4.gz", "size_i": "594", "regex": "false"},
	{"name_s": "/usr/share/man/mvapich2-i386/man4/MPE_Num_colors.4.gz", "size_i": "505", "regex": "false"},
	{"name_s": "/usr/share/man/mvapich2-i386/man4/MPE_Open_graphics.4.gz", "size_i": "1153", "regex": "false"},
	{"name_s": "/usr/share/man/mvapich2-i386/man4/MPE_ReturnTags.4.gz", "size_i": "288", "regex": "false"},
	{"name_s": "/usr/share/man/mvapich2-i386/man4/MPE_Seq_begin.4.gz", "size_i": "577", "regex": "false"},
	{"name_s": "/usr/share/man/mvapich2-i386/man4/MPE_Seq_end.4.gz", "size_i": "319", "regex": "false"},
	{"name_s": "/usr/share/man/mvapich2-i386/man4/MPE_Signals_call_debugger.4.gz", "size_i": "445", "regex": "false"},
	{"name_s": "/usr/share/man/mvapich2-i386/man4/MPE_Start_log.4.gz", "size_i": "182", "regex": "false"},
	{"name_s": "/usr/share/man/mvapich2-i386/man4/MPE_Stop_log.4.gz", "size_i": "181", "regex": "false"},
	{"name_s": "/usr/share/man/mvapich2-i386/man4/MPE_TagsEnd.4.gz", "size_i": "295", "regex": "false"},
	{"name_s": "/usr/share/man/mvapich2-i386/man4/MPE_Update.4.gz", "size_i": "550", "regex": "false"},
	{"name_s": "/usr/share/man/mvapich2-i386/man5", "size_i": "4096", "regex": "false"},
	{"name_s": "/usr/share/man/mvapich2-i386/man6", "size_i": "4096", "regex": "false"},
	{"name_s": "/usr/share/man/mvapich2-i386/man7", "size_i": "4096", "regex": "false"},
	{"name_s": "/usr/share/man/mvapich2-i386/man8", "size_i": "4096", "regex": "false"},
	{"name_s": "/usr/share/man/mvapich2-i386/man9", "size_i": "4096", "regex": "false"},
	{"name_s": "/usr/share/man/mvapich2-i386/mann", "size_i": "4096", "regex": "false"}
]
