[
	{"name_s": "/etc/rpm/macros.mvapich2-psm-x86_64", "size_i": "224", "regex": "false"},
	{"name_s": "/usr/include/mvapich2-psm-x86_64", "size_i": "4096", "regex": "false"},
	{"name_s": "/usr/include/mvapich2-psm-x86_64/clog_commset.h", "size_i": "4857", "regex": "false"},
	{"name_s": "/usr/include/mvapich2-psm-x86_64/clog_const.h", "size_i": "696", "regex": "false"},
	{"name_s": "/usr/include/mvapich2-psm-x86_64/clog_inttypes.h", "size_i": "737", "regex": "false"},
	{"name_s": "/usr/include/mvapich2-psm-x86_64/clog_uuid.h", "size_i": "1353", "regex": "false"},
	{"name_s": "/usr/include/mvapich2-psm-x86_64/mpe.h", "size_i": "355", "regex": "false"},
	{"name_s": "/usr/include/mvapich2-psm-x86_64/mpe_callstack.h", "size_i": "2342", "regex": "false"},
	{"name_s": "/usr/include/mvapich2-psm-x86_64/mpe_graphics.h", "size_i": "127", "regex": "false"},
	{"name_s": "/usr/include/mvapich2-psm-x86_64/mpe_log.h", "size_i": "11102", "regex": "false"},
	{"name_s": "/usr/include/mvapich2-psm-x86_64/mpe_log_thread.h", "size_i": "2721", "regex": "false"},
	{"name_s": "/usr/include/mvapich2-psm-x86_64/mpe_logf.h", "size_i": "1833", "regex": "false"},
	{"name_s": "/usr/include/mvapich2-psm-x86_64/mpe_misc.h", "size_i": "1322", "regex": "false"},
	{"name_s": "/usr/include/mvapich2-psm-x86_64/mpi.h", "size_i": "56791", "regex": "false"},
	{"name_s": "/usr/include/mvapich2-psm-x86_64/mpi.mod", "size_i": "208951", "regex": "false"},
	{"name_s": "/usr/include/mvapich2-psm-x86_64/mpi_base.mod", "size_i": "134156", "regex": "false"},
	{"name_s": "/usr/include/mvapich2-psm-x86_64/mpi_constants.mod", "size_i": "61698", "regex": "false"},
	{"name_s": "/usr/include/mvapich2-psm-x86_64/mpi_sizeofs.mod", "size_i": "12210", "regex": "false"},
	{"name_s": "/usr/include/mvapich2-psm-x86_64/mpicxx.h", "size_i": "100748", "regex": "false"},
	{"name_s": "/usr/include/mvapich2-psm-x86_64/mpif.h", "size_i": "18320", "regex": "false"},
	{"name_s": "/usr/include/mvapich2-psm-x86_64/mpio.h", "size_i": "16710", "regex": "false"},
	{"name_s": "/usr/include/mvapich2-psm-x86_64/mpiof.h", "size_i": "1190", "regex": "false"},
	{"name_s": "/usr/include/mvapich2-psm-x86_64/mpix.h", "size_i": "591", "regex": "false"},
	{"name_s": "/usr/include/mvapich2-psm-x86_64/opa_config.h", "size_i": "6682", "regex": "false"},
	{"name_s": "/usr/include/mvapich2-psm-x86_64/opa_primitives.h", "size_i": "5937", "regex": "false"},
	{"name_s": "/usr/include/mvapich2-psm-x86_64/opa_queue.h", "size_i": "14465", "regex": "false"},
	{"name_s": "/usr/include/mvapich2-psm-x86_64/opa_util.h", "size_i": "882", "regex": "false"},
	{"name_s": "/usr/include/mvapich2-psm-x86_64/primitives", "size_i": "4096", "regex": "false"},
	{"name_s": "/usr/include/mvapich2-psm-x86_64/primitives/opa_by_lock.h", "size_i": "5638", "regex": "false"},
	{"name_s": "/usr/include/mvapich2-psm-x86_64/primitives/opa_emulated.h", "size_i": "4090", "regex": "false"},
	{"name_s": "/usr/include/mvapich2-psm-x86_64/primitives/opa_gcc_ia64.h", "size_i": "4885", "regex": "false"},
	{"name_s": "/usr/include/mvapich2-psm-x86_64/primitives/opa_gcc_intel_32_64.h", "size_i": "415", "regex": "false"},
	{"name_s": "/usr/include/mvapich2-psm-x86_64/primitives/opa_gcc_intel_32_64_barrier.h", "size_i": "556", "regex": "false"},
	{"name_s": "/usr/include/mvapich2-psm-x86_64/primitives/opa_gcc_intel_32_64_ops.h", "size_i": "3725", "regex": "false"},
	{"name_s": "/usr/include/mvapich2-psm-x86_64/primitives/opa_gcc_intel_32_64_p3.h", "size_i": "426", "regex": "false"},
	{"name_s": "/usr/include/mvapich2-psm-x86_64/primitives/opa_gcc_intel_32_64_p3barrier.h", "size_i": "842", "regex": "false"},
	{"name_s": "/usr/include/mvapich2-psm-x86_64/primitives/opa_gcc_intrinsics.h", "size_i": "2784", "regex": "false"},
	{"name_s": "/usr/include/mvapich2-psm-x86_64/primitives/opa_gcc_ppc.h", "size_i": "4443", "regex": "false"},
	{"name_s": "/usr/include/mvapich2-psm-x86_64/primitives/opa_gcc_sicortex.h", "size_i": "17694", "regex": "false"},
	{"name_s": "/usr/include/mvapich2-psm-x86_64/primitives/opa_nt_intrinsics.h", "size_i": "3404", "regex": "false"},
	{"name_s": "/usr/include/mvapich2-psm-x86_64/primitives/opa_sun_atomic_ops.h", "size_i": "2317", "regex": "false"},
	{"name_s": "/usr/include/mvapich2-psm-x86_64/primitives/opa_unsafe.h", "size_i": "3318", "regex": "false"},
	{"name_s": "/usr/lib64/mvapich2-psm/lib/libfmpich.a", "size_i": "528146", "regex": "false"},
	{"name_s": "/usr/lib64/mvapich2-psm/lib/libfmpich.so", "size_i": "16", "regex": "false"},
	{"name_s": "/usr/lib64/mvapich2-psm/lib/liblmpe.a", "size_i": "421564", "regex": "false"},
	{"name_s": "/usr/lib64/mvapich2-psm/lib/libmpe.a", "size_i": "215748", "regex": "false"},
	{"name_s": "/usr/lib64/mvapich2-psm/lib/libmpe_collchk.a", "size_i": "221888", "regex": "false"},
	{"name_s": "/usr/lib64/mvapich2-psm/lib/libmpe_f2cmpi.a", "size_i": "42516", "regex": "false"},
	{"name_s": "/usr/lib64/mvapich2-psm/lib/libmpe_nompi.a", "size_i": "198184", "regex": "false"},
	{"name_s": "/usr/lib64/mvapich2-psm/lib/libmpe_nompi_null.a", "size_i": "22948", "regex": "false"},
	{"name_s": "/usr/lib64/mvapich2-psm/lib/libmpe_null.a", "size_i": "11418", "regex": "false"},
	{"name_s": "/usr/lib64/mvapich2-psm/lib/libmpich.a", "size_i": "4371350", "regex": "false"},
	{"name_s": "/usr/lib64/mvapich2-psm/lib/libmpich.so", "size_i": "15", "regex": "false"},
	{"name_s": "/usr/lib64/mvapich2-psm/lib/libmpichcxx.a", "size_i": "258996", "regex": "false"},
	{"name_s": "/usr/lib64/mvapich2-psm/lib/libmpichcxx.so", "size_i": "18", "regex": "false"},
	{"name_s": "/usr/lib64/mvapich2-psm/lib/libmpichf90.a", "size_i": "7350", "regex": "false"},
	{"name_s": "/usr/lib64/mvapich2-psm/lib/libmpichf90.so", "size_i": "18", "regex": "false"},
	{"name_s": "/usr/lib64/mvapich2-psm/lib/libmpl.a", "size_i": "22302", "regex": "false"},
	{"name_s": "/usr/lib64/mvapich2-psm/lib/libmpl.so", "size_i": "15", "regex": "false"},
	{"name_s": "/usr/lib64/mvapich2-psm/lib/libopa.a", "size_i": "3844", "regex": "false"},
	{"name_s": "/usr/lib64/mvapich2-psm/lib/libopa.so", "size_i": "15", "regex": "false"},
	{"name_s": "/usr/lib64/mvapich2-psm/lib/libtmpe.a", "size_i": "113870", "regex": "false"},
	{"name_s": "/usr/lib64/mvapich2-psm/lib/mpe_prof.o", "size_i": "37616", "regex": "false"},
	{"name_s": "/usr/lib64/mvapich2-psm/lib/pkgconfig", "size_i": "4096", "regex": "false"},
	{"name_s": "/usr/lib64/mvapich2-psm/lib/pkgconfig/mvapich2-c.pc", "size_i": "789", "regex": "false"},
	{"name_s": "/usr/lib64/mvapich2-psm/lib/pkgconfig/mvapich2-cxx.pc", "size_i": "770", "regex": "false"},
	{"name_s": "/usr/lib64/mvapich2-psm/lib/pkgconfig/mvapich2-f77.pc", "size_i": "762", "regex": "false"},
	{"name_s": "/usr/lib64/mvapich2-psm/lib/pkgconfig/mvapich2-f90.pc", "size_i": "763", "regex": "false"},
	{"name_s": "/usr/lib64/mvapich2-psm/lib/pkgconfig/openpa.pc", "size_i": "324", "regex": "false"}
]
