[
	{"name_s": "/etc/modulefiles/mvapich-i386", "size_i": "653", "regex": "false"},
	{"name_s": "/usr/lib/gfortran/modules/mvapich-i386", "size_i": "4096", "regex": "false"},
	{"name_s": "/usr/lib/mvapich", "size_i": "4096", "regex": "false"},
	{"name_s": "/usr/lib/mvapich/bin", "size_i": "4096", "regex": "false"},
	{"name_s": "/usr/lib/mvapich/bin/cleanipcs", "size_i": "2107", "regex": "false"},
	{"name_s": "/usr/lib/mvapich/bin/clog2alog", "size_i": "10040", "regex": "false"},
	{"name_s": "/usr/lib/mvapich/bin/clog_print", "size_i": "6780", "regex": "false"},
	{"name_s": "/usr/lib/mvapich/bin/minidaemon_client", "size_i": "23672", "regex": "false"},
	{"name_s": "/usr/lib/mvapich/bin/mpichversion", "size_i": "4652", "regex": "false"},
	{"name_s": "/usr/lib/mvapich/bin/mpiman", "size_i": "1062", "regex": "false"},
	{"name_s": "/usr/lib/mvapich/bin/mpireconfig", "size_i": "1911", "regex": "false"},
	{"name_s": "/usr/lib/mvapich/bin/mpireconfig.dat", "size_i": "20610", "regex": "false"},
	{"name_s": "/usr/lib/mvapich/bin/mpirun", "size_i": "4503", "regex": "false"},
	{"name_s": "/usr/lib/mvapich/bin/mpirun.args", "size_i": "23237", "regex": "false"},
	{"name_s": "/usr/lib/mvapich/bin/mpirun.ch_gen2", "size_i": "3711", "regex": "false"},
	{"name_s": "/usr/lib/mvapich/bin/mpirun.ch_gen2.args", "size_i": "3501", "regex": "false"},
	{"name_s": "/usr/lib/mvapich/bin/mpirun_dbg.dbx", "size_i": "1805", "regex": "false"},
	{"name_s": "/usr/lib/mvapich/bin/mpirun_dbg.ddd", "size_i": "588", "regex": "false"},
	{"name_s": "/usr/lib/mvapich/bin/mpirun_dbg.gdb", "size_i": "668", "regex": "false"},
	{"name_s": "/usr/lib/mvapich/bin/mpirun_dbg.ladebug", "size_i": "841", "regex": "false"},
	{"name_s": "/usr/lib/mvapich/bin/mpirun_dbg.totalview", "size_i": "1093", "regex": "false"},
	{"name_s": "/usr/lib/mvapich/bin/mpirun_dbg.xxgdb", "size_i": "588", "regex": "false"},
	{"name_s": "/usr/lib/mvapich/bin/mpirun_rsh", "size_i": "63252", "regex": "false"},
	{"name_s": "/usr/lib/mvapich/bin/mpispawn", "size_i": "22760", "regex": "false"},
	{"name_s": "/usr/lib/mvapich/bin/tarch", "size_i": "4191", "regex": "false"},
	{"name_s": "/usr/lib/mvapich/bin/tdevice", "size_i": "834", "regex": "false"},
	{"name_s": "/usr/lib/mvapich/etc", "size_i": "4096", "regex": "false"},
	{"name_s": "/usr/lib/mvapich/etc/mpichconf.h.dat", "size_i": "6410", "regex": "false"},
	{"name_s": "/usr/lib/mvapich/etc/mpichlib.conf", "size_i": "1584", "regex": "false"},
	{"name_s": "/usr/lib/mvapich/etc/mpichversion.c", "size_i": "2776", "regex": "false"},
	{"name_s": "/usr/lib/mvapich/etc/mvapich.conf", "size_i": "27877", "regex": "false"},
	{"name_s": "/usr/lib/mvapich/lib", "size_i": "4096", "regex": "false"},
	{"name_s": "/usr/lib/mvapich/lib/libmpich.so.1", "size_i": "15", "regex": "false"},
	{"name_s": "/usr/lib/mvapich/lib/libmpich.so.1.0", "size_i": "672252", "regex": "false"},
	{"name_s": "/usr/lib/mvapich/lib/libpmpich++.so.1", "size_i": "18", "regex": "false"},
	{"name_s": "/usr/lib/mvapich/lib/libpmpich++.so.1.0", "size_i": "142376", "regex": "false"},
	{"name_s": "/usr/lib/mvapich/lib/libpmpich.so.1", "size_i": "16", "regex": "false"},
	{"name_s": "/usr/lib/mvapich/lib/libpmpich.so.1.0", "size_i": "672252", "regex": "false"},
	{"name_s": "/usr/lib/mvapich/lib/libtvmpich.so.1", "size_i": "17", "regex": "false"},
	{"name_s": "/usr/lib/mvapich/lib/libtvmpich.so.1.0", "size_i": "16516", "regex": "false"},
	{"name_s": "/usr/lib/mvapich/lib/mpe_prof.o", "size_i": "20844", "regex": "false"},
	{"name_s": "/usr/lib/python2.6/site-packages/mvapich", "size_i": "4096", "regex": "false"},
	{"name_s": "/usr/share/man/mvapich-i386", "size_i": "4096", "regex": "false"},
	{"name_s": "/usr/share/man/mvapich-i386/man1", "size_i": "4096", "regex": "false"},
	{"name_s": "/usr/share/man/mvapich-i386/man1/Jumpshots.1.gz", "size_i": "1343", "regex": "false"},
	{"name_s": "/usr/share/man/mvapich-i386/man1/MPI.1.gz", "size_i": "1608", "regex": "false"},
	{"name_s": "/usr/share/man/mvapich-i386/man1/chp4_servs.1.gz", "size_i": "257", "regex": "false"},
	{"name_s": "/usr/share/man/mvapich-i386/man1/cleanipcs.1.gz", "size_i": "518", "regex": "false"},
	{"name_s": "/usr/share/man/mvapich-i386/man1/mpiCC.1.gz", "size_i": "996", "regex": "false"},
	{"name_s": "/usr/share/man/mvapich-i386/man1/mpicc.1.gz", "size_i": "974", "regex": "false"},
	{"name_s": "/usr/share/man/mvapich-i386/man1/mpif77.1.gz", "size_i": "980", "regex": "false"},
	{"name_s": "/usr/share/man/mvapich-i386/man1/mpif90.1.gz", "size_i": "1024", "regex": "false"},
	{"name_s": "/usr/share/man/mvapich-i386/man1/mpiman.1.gz", "size_i": "493", "regex": "false"},
	{"name_s": "/usr/share/man/mvapich-i386/man1/mpireconfig.1.gz", "size_i": "371", "regex": "false"},
	{"name_s": "/usr/share/man/mvapich-i386/man1/mpirun.1.gz", "size_i": "3048", "regex": "false"},
	{"name_s": "/usr/share/man/mvapich-i386/man1/tstmachines.1.gz", "size_i": "522", "regex": "false"},
	{"name_s": "/usr/share/man/mvapich-i386/man2", "size_i": "4096", "regex": "false"},
	{"name_s": "/usr/share/man/mvapich-i386/man3", "size_i": "20480", "regex": "false"},
	{"name_s": "/usr/share/man/mvapich-i386/man4", "size_i": "4096", "regex": "false"},
	{"name_s": "/usr/share/man/mvapich-i386/man5", "size_i": "4096", "regex": "false"},
	{"name_s": "/usr/share/man/mvapich-i386/man6", "size_i": "4096", "regex": "false"},
	{"name_s": "/usr/share/man/mvapich-i386/man7", "size_i": "4096", "regex": "false"},
	{"name_s": "/usr/share/man/mvapich-i386/man8", "size_i": "4096", "regex": "false"},
	{"name_s": "/usr/share/man/mvapich-i386/man9", "size_i": "4096", "regex": "false"},
	{"name_s": "/usr/share/man/mvapich-i386/mann", "size_i": "4096", "regex": "false"}
]
