[
	{"name_s": "/etc/rpm/macros.mvapich2-i386", "size_i": "208", "regex": "false"},
	{"name_s": "/usr/include/mvapich2-i386", "size_i": "4096", "regex": "false"},
	{"name_s": "/usr/include/mvapich2-i386/clog_commset.h", "size_i": "4857", "regex": "false"},
	{"name_s": "/usr/include/mvapich2-i386/clog_const.h", "size_i": "696", "regex": "false"},
	{"name_s": "/usr/include/mvapich2-i386/clog_inttypes.h", "size_i": "737", "regex": "false"},
	{"name_s": "/usr/include/mvapich2-i386/clog_uuid.h", "size_i": "1353", "regex": "false"},
	{"name_s": "/usr/include/mvapich2-i386/mpe.h", "size_i": "355", "regex": "false"},
	{"name_s": "/usr/include/mvapich2-i386/mpe_callstack.h", "size_i": "2342", "regex": "false"},
	{"name_s": "/usr/include/mvapich2-i386/mpe_graphics.h", "size_i": "127", "regex": "false"},
	{"name_s": "/usr/include/mvapich2-i386/mpe_log.h", "size_i": "11102", "regex": "false"},
	{"name_s": "/usr/include/mvapich2-i386/mpe_log_thread.h", "size_i": "2721", "regex": "false"},
	{"name_s": "/usr/include/mvapich2-i386/mpe_logf.h", "size_i": "1833", "regex": "false"},
	{"name_s": "/usr/include/mvapich2-i386/mpe_misc.h", "size_i": "1322", "regex": "false"},
	{"name_s": "/usr/include/mvapich2-i386/mpi.h", "size_i": "56802", "regex": "false"},
	{"name_s": "/usr/include/mvapich2-i386/mpi.mod", "size_i": "208949", "regex": "false"},
	{"name_s": "/usr/include/mvapich2-i386/mpi_base.mod", "size_i": "134156", "regex": "false"},
	{"name_s": "/usr/include/mvapich2-i386/mpi_constants.mod", "size_i": "61696", "regex": "false"},
	{"name_s": "/usr/include/mvapich2-i386/mpi_sizeofs.mod", "size_i": "12210", "regex": "false"},
	{"name_s": "/usr/include/mvapich2-i386/mpicxx.h", "size_i": "100748", "regex": "false"},
	{"name_s": "/usr/include/mvapich2-i386/mpif.h", "size_i": "18334", "regex": "false"},
	{"name_s": "/usr/include/mvapich2-i386/mpio.h", "size_i": "16710", "regex": "false"},
	{"name_s": "/usr/include/mvapich2-i386/mpiof.h", "size_i": "1190", "regex": "false"},
	{"name_s": "/usr/include/mvapich2-i386/mpix.h", "size_i": "591", "regex": "false"},
	{"name_s": "/usr/include/mvapich2-i386/opa_config.h", "size_i": "6682", "regex": "false"},
	{"name_s": "/usr/include/mvapich2-i386/opa_primitives.h", "size_i": "5937", "regex": "false"},
	{"name_s": "/usr/include/mvapich2-i386/opa_queue.h", "size_i": "14465", "regex": "false"},
	{"name_s": "/usr/include/mvapich2-i386/opa_util.h", "size_i": "882", "regex": "false"},
	{"name_s": "/usr/include/mvapich2-i386/primitives", "size_i": "4096", "regex": "false"},
	{"name_s": "/usr/include/mvapich2-i386/primitives/opa_by_lock.h", "size_i": "5638", "regex": "false"},
	{"name_s": "/usr/include/mvapich2-i386/primitives/opa_emulated.h", "size_i": "4090", "regex": "false"},
	{"name_s": "/usr/include/mvapich2-i386/primitives/opa_gcc_ia64.h", "size_i": "4885", "regex": "false"},
	{"name_s": "/usr/include/mvapich2-i386/primitives/opa_gcc_intel_32_64.h", "size_i": "415", "regex": "false"},
	{"name_s": "/usr/include/mvapich2-i386/primitives/opa_gcc_intel_32_64_barrier.h", "size_i": "556", "regex": "false"},
	{"name_s": "/usr/include/mvapich2-i386/primitives/opa_gcc_intel_32_64_ops.h", "size_i": "3725", "regex": "false"},
	{"name_s": "/usr/include/mvapich2-i386/primitives/opa_gcc_intel_32_64_p3.h", "size_i": "426", "regex": "false"},
	{"name_s": "/usr/include/mvapich2-i386/primitives/opa_gcc_intel_32_64_p3barrier.h", "size_i": "842", "regex": "false"},
	{"name_s": "/usr/include/mvapich2-i386/primitives/opa_gcc_intrinsics.h", "size_i": "2784", "regex": "false"},
	{"name_s": "/usr/include/mvapich2-i386/primitives/opa_gcc_ppc.h", "size_i": "4443", "regex": "false"},
	{"name_s": "/usr/include/mvapich2-i386/primitives/opa_gcc_sicortex.h", "size_i": "17694", "regex": "false"},
	{"name_s": "/usr/include/mvapich2-i386/primitives/opa_nt_intrinsics.h", "size_i": "3404", "regex": "false"},
	{"name_s": "/usr/include/mvapich2-i386/primitives/opa_sun_atomic_ops.h", "size_i": "2317", "regex": "false"},
	{"name_s": "/usr/include/mvapich2-i386/primitives/opa_unsafe.h", "size_i": "3318", "regex": "false"},
	{"name_s": "/usr/lib/mvapich2/lib/libfmpich.a", "size_i": "395246", "regex": "false"},
	{"name_s": "/usr/lib/mvapich2/lib/libfmpich.so", "size_i": "16", "regex": "false"},
	{"name_s": "/usr/lib/mvapich2/lib/liblmpe.a", "size_i": "272336", "regex": "false"},
	{"name_s": "/usr/lib/mvapich2/lib/libmpe.a", "size_i": "161964", "regex": "false"},
	{"name_s": "/usr/lib/mvapich2/lib/libmpe_collchk.a", "size_i": "163352", "regex": "false"},
	{"name_s": "/usr/lib/mvapich2/lib/libmpe_f2cmpi.a", "size_i": "32212", "regex": "false"},
	{"name_s": "/usr/lib/mvapich2/lib/libmpe_nompi.a", "size_i": "149676", "regex": "false"},
	{"name_s": "/usr/lib/mvapich2/lib/libmpe_nompi_null.a", "size_i": "17972", "regex": "false"},
	{"name_s": "/usr/lib/mvapich2/lib/libmpe_null.a", "size_i": "9278", "regex": "false"},
	{"name_s": "/usr/lib/mvapich2/lib/libmpich.a", "size_i": "4087124", "regex": "false"},
	{"name_s": "/usr/lib/mvapich2/lib/libmpich.so", "size_i": "15", "regex": "false"},
	{"name_s": "/usr/lib/mvapich2/lib/libmpichcxx.a", "size_i": "192696", "regex": "false"},
	{"name_s": "/usr/lib/mvapich2/lib/libmpichcxx.so", "size_i": "18", "regex": "false"},
	{"name_s": "/usr/lib/mvapich2/lib/libmpichf90.a", "size_i": "6214", "regex": "false"},
	{"name_s": "/usr/lib/mvapich2/lib/libmpichf90.so", "size_i": "18", "regex": "false"},
	{"name_s": "/usr/lib/mvapich2/lib/libmpl.a", "size_i": "15930", "regex": "false"},
	{"name_s": "/usr/lib/mvapich2/lib/libmpl.so", "size_i": "15", "regex": "false"},
	{"name_s": "/usr/lib/mvapich2/lib/libopa.a", "size_i": "2908", "regex": "false"},
	{"name_s": "/usr/lib/mvapich2/lib/libopa.so", "size_i": "15", "regex": "false"},
	{"name_s": "/usr/lib/mvapich2/lib/libtmpe.a", "size_i": "76682", "regex": "false"},
	{"name_s": "/usr/lib/mvapich2/lib/mpe_prof.o", "size_i": "20396", "regex": "false"},
	{"name_s": "/usr/lib/mvapich2/lib/pkgconfig", "size_i": "4096", "regex": "false"},
	{"name_s": "/usr/lib/mvapich2/lib/pkgconfig/mvapich2-c.pc", "size_i": "803", "regex": "false"},
	{"name_s": "/usr/lib/mvapich2/lib/pkgconfig/mvapich2-cxx.pc", "size_i": "784", "regex": "false"},
	{"name_s": "/usr/lib/mvapich2/lib/pkgconfig/mvapich2-f77.pc", "size_i": "777", "regex": "false"},
	{"name_s": "/usr/lib/mvapich2/lib/pkgconfig/mvapich2-f90.pc", "size_i": "778", "regex": "false"},
	{"name_s": "/usr/lib/mvapich2/lib/pkgconfig/openpa.pc", "size_i": "312", "regex": "false"}
]
