[
	{"name_s": "/usr/share/doc/mx4j-3.0.1", "size_i": "4096", "regex": "false"},
	{"name_s": "/usr/share/doc/mx4j-3.0.1/LICENSE.txt", "size_i": "2507", "regex": "false"},
	{"name_s": "/usr/share/doc/mx4j-3.0.1/README.txt", "size_i": "6303", "regex": "false"},
	{"name_s": "/usr/share/java/mx4j", "size_i": "4096", "regex": "false"},
	{"name_s": "/usr/share/java/mx4j/boa", "size_i": "4096", "regex": "false"},
	{"name_s": "/usr/share/java/mx4j/boa/mx4j-remote-boa-3.0.1.jar", "size_i": "133299", "regex": "false"},
	{"name_s": "/usr/share/java/mx4j/boa/mx4j-rimpl-boa-3.0.1.jar", "size_i": "95167", "regex": "false"},
	{"name_s": "/usr/share/java/mx4j/boa/mx4j-rjmx-boa-3.0.1.jar", "size_i": "38510", "regex": "false"},
	{"name_s": "/usr/share/java/mx4j/mx4j-3.0.1.jar", "size_i": "399711", "regex": "false"},
	{"name_s": "/usr/share/java/mx4j/mx4j-impl-3.0.1.jar", "size_i": "140933", "regex": "false"},
	{"name_s": "/usr/share/java/mx4j/mx4j-impl.jar", "size_i": "19", "regex": "false"},
	{"name_s": "/usr/share/java/mx4j/mx4j-jmx-3.0.1.jar", "size_i": "259156", "regex": "false"},
	{"name_s": "/usr/share/java/mx4j/mx4j-jmx.jar", "size_i": "18", "regex": "false"},
	{"name_s": "/usr/share/java/mx4j/mx4j-remote-3.0.1.jar", "size_i": "133917", "regex": "false"},
	{"name_s": "/usr/share/java/mx4j/mx4j-remote.jar", "size_i": "21", "regex": "false"},
	{"name_s": "/usr/share/java/mx4j/mx4j-rimpl-3.0.1.jar", "size_i": "95785", "regex": "false"},
	{"name_s": "/usr/share/java/mx4j/mx4j-rimpl.jar", "size_i": "20", "regex": "false"},
	{"name_s": "/usr/share/java/mx4j/mx4j-rjmx-3.0.1.jar", "size_i": "38510", "regex": "false"},
	{"name_s": "/usr/share/java/mx4j/mx4j-rjmx.jar", "size_i": "19", "regex": "false"},
	{"name_s": "/usr/share/java/mx4j/mx4j-tools-3.0.1.jar", "size_i": "433845", "regex": "false"},
	{"name_s": "/usr/share/java/mx4j/mx4j-tools.jar", "size_i": "20", "regex": "false"},
	{"name_s": "/usr/share/java/mx4j/mx4j.jar", "size_i": "14", "regex": "false"}
]
