[
	{"name_s": "/opt/rh/mysql55/root/usr/bin/msql2mysql", "size_i": "1432", "regex": "false"},
	{"name_s": "/opt/rh/mysql55/root/usr/bin/my_print_defaults", "size_i": "2884176", "regex": "false"},
	{"name_s": "/opt/rh/mysql55/root/usr/bin/mysql", "size_i": "3357400", "regex": "false"},
	{"name_s": "/opt/rh/mysql55/root/usr/bin/mysql_config", "size_i": "5520", "regex": "false"},
	{"name_s": "/opt/rh/mysql55/root/usr/bin/mysql_find_rows", "size_i": "3315", "regex": "false"},
	{"name_s": "/opt/rh/mysql55/root/usr/bin/mysql_waitpid", "size_i": "2880080", "regex": "false"},
	{"name_s": "/opt/rh/mysql55/root/usr/bin/mysqlaccess", "size_i": "111740", "regex": "false"},
	{"name_s": "/opt/rh/mysql55/root/usr/bin/mysqladmin", "size_i": "3015416", "regex": "false"},
	{"name_s": "/opt/rh/mysql55/root/usr/bin/mysqlbinlog", "size_i": "3132376", "regex": "false"},
	{"name_s": "/opt/rh/mysql55/root/usr/bin/mysqlcheck", "size_i": "3012696", "regex": "false"},
	{"name_s": "/opt/rh/mysql55/root/usr/bin/mysqldump", "size_i": "3079888", "regex": "false"},
	{"name_s": "/opt/rh/mysql55/root/usr/bin/mysqlimport", "size_i": "3007608", "regex": "false"},
	{"name_s": "/opt/rh/mysql55/root/usr/bin/mysqlshow", "size_i": "3007024", "regex": "false"},
	{"name_s": "/opt/rh/mysql55/root/usr/bin/mysqlslap", "size_i": "3027312", "regex": "false"},
	{"name_s": "/opt/rh/mysql55/root/usr/lib64/mysql/mysql_config", "size_i": "7210", "regex": "false"},
	{"name_s": "/opt/rh/mysql55/root/usr/share/doc/mysql55-mysql-5.5.32", "size_i": "4096", "regex": "false"},
	{"name_s": "/opt/rh/mysql55/root/usr/share/doc/mysql55-mysql-5.5.32/COPYING", "size_i": "17987", "regex": "false"},
	{"name_s": "/opt/rh/mysql55/root/usr/share/doc/mysql55-mysql-5.5.32/README", "size_i": "2496", "regex": "false"},
	{"name_s": "/opt/rh/mysql55/root/usr/share/doc/mysql55-mysql-5.5.32/README.mysql-docs", "size_i": "162", "regex": "false"},
	{"name_s": "/opt/rh/mysql55/root/usr/share/doc/mysql55-mysql-5.5.32/README.mysql-license", "size_i": "290", "regex": "false"},
	{"name_s": "/opt/rh/mysql55/root/usr/share/man/man1/my_print_defaults.1.gz", "size_i": "1995", "regex": "false"},
	{"name_s": "/opt/rh/mysql55/root/usr/share/man/man1/mysql.1.gz", "size_i": "17889", "regex": "false"},
	{"name_s": "/opt/rh/mysql55/root/usr/share/man/man1/mysql_config.1.gz", "size_i": "2295", "regex": "false"},
	{"name_s": "/opt/rh/mysql55/root/usr/share/man/man1/mysql_find_rows.1.gz", "size_i": "1735", "regex": "false"},
	{"name_s": "/opt/rh/mysql55/root/usr/share/man/man1/mysql_waitpid.1.gz", "size_i": "1663", "regex": "false"},
	{"name_s": "/opt/rh/mysql55/root/usr/share/man/man1/mysqlaccess.1.gz", "size_i": "2689", "regex": "false"},
	{"name_s": "/opt/rh/mysql55/root/usr/share/man/man1/mysqladmin.1.gz", "size_i": "6282", "regex": "false"},
	{"name_s": "/opt/rh/mysql55/root/usr/share/man/man1/mysqldump.1.gz", "size_i": "15201", "regex": "false"},
	{"name_s": "/opt/rh/mysql55/root/usr/share/man/man1/mysqlshow.1.gz", "size_i": "3997", "regex": "false"},
	{"name_s": "/opt/rh/mysql55/root/usr/share/man/man1/mysqlslap.1.gz", "size_i": "5693", "regex": "false"}
]
