[
	{"name_s": "/usr/bin/msql2mysql", "size_i": "1412", "regex": "false"},
	{"name_s": "/usr/bin/my_print_defaults", "size_i": "1382840", "regex": "false"},
	{"name_s": "/usr/bin/mysql", "size_i": "338792", "regex": "false"},
	{"name_s": "/usr/bin/mysql_config", "size_i": "4808", "regex": "false"},
	{"name_s": "/usr/bin/mysql_find_rows", "size_i": "3315", "regex": "false"},
	{"name_s": "/usr/bin/mysql_waitpid", "size_i": "171288", "regex": "false"},
	{"name_s": "/usr/bin/mysqlaccess", "size_i": "111560", "regex": "false"},
	{"name_s": "/usr/bin/mysqladmin", "size_i": "32384", "regex": "false"},
	{"name_s": "/usr/bin/mysqlbinlog", "size_i": "145120", "regex": "false"},
	{"name_s": "/usr/bin/mysqlcheck", "size_i": "28592", "regex": "false"},
	{"name_s": "/usr/bin/mysqldump", "size_i": "87048", "regex": "false"},
	{"name_s": "/usr/bin/mysqlimport", "size_i": "24808", "regex": "false"},
	{"name_s": "/usr/bin/mysqlshow", "size_i": "24440", "regex": "false"},
	{"name_s": "/usr/bin/mysqlslap", "size_i": "42168", "regex": "false"},
	{"name_s": "/usr/lib64/mysql/mysql_config", "size_i": "6399", "regex": "false"},
	{"name_s": "/usr/lib64/mysql/mysqlbug", "size_i": "12935", "regex": "false"},
	{"name_s": "/usr/share/doc/mysql-5.1.73", "size_i": "4096", "regex": "false"},
	{"name_s": "/usr/share/doc/mysql-5.1.73/COPYING", "size_i": "17987", "regex": "false"},
	{"name_s": "/usr/share/doc/mysql-5.1.73/README", "size_i": "2496", "regex": "false"},
	{"name_s": "/usr/share/doc/mysql-5.1.73/README.mysql-docs", "size_i": "162", "regex": "false"},
	{"name_s": "/usr/share/doc/mysql-5.1.73/README.mysql-license", "size_i": "290", "regex": "false"},
	{"name_s": "/usr/share/man/man1/my_print_defaults.1.gz", "size_i": "1994", "regex": "false"},
	{"name_s": "/usr/share/man/man1/mysql.1.gz", "size_i": "17380", "regex": "false"},
	{"name_s": "/usr/share/man/man1/mysql_config.1.gz", "size_i": "2185", "regex": "false"},
	{"name_s": "/usr/share/man/man1/mysql_find_rows.1.gz", "size_i": "1802", "regex": "false"},
	{"name_s": "/usr/share/man/man1/mysql_waitpid.1.gz", "size_i": "1661", "regex": "false"},
	{"name_s": "/usr/share/man/man1/mysqlaccess.1.gz", "size_i": "2688", "regex": "false"},
	{"name_s": "/usr/share/man/man1/mysqladmin.1.gz", "size_i": "5695", "regex": "false"},
	{"name_s": "/usr/share/man/man1/mysqldump.1.gz", "size_i": "14102", "regex": "false"},
	{"name_s": "/usr/share/man/man1/mysqlshow.1.gz", "size_i": "3664", "regex": "false"},
	{"name_s": "/usr/share/man/man1/mysqlslap.1.gz", "size_i": "5576", "regex": "false"}
]
