[
	{"name_s": "/etc/gconf/schemas/nst.schemas", "size_i": "1021", "regex": "false"},
	{"name_s": "/usr/bin/nautilus-sendto", "size_i": "25296", "regex": "false"},
	{"name_s": "/usr/lib64/nautilus-sendto", "size_i": "4096", "regex": "false"},
	{"name_s": "/usr/lib64/nautilus-sendto/plugins", "size_i": "4096", "regex": "false"},
	{"name_s": "/usr/lib64/nautilus-sendto/plugins/libnstbluetooth.so", "size_i": "16512", "regex": "false"},
	{"name_s": "/usr/lib64/nautilus-sendto/plugins/libnstburn.so", "size_i": "10040", "regex": "false"},
	{"name_s": "/usr/lib64/nautilus-sendto/plugins/libnstevolution.so", "size_i": "32768", "regex": "false"},
	{"name_s": "/usr/lib64/nautilus-sendto/plugins/libnstgajim.so", "size_i": "16568", "regex": "false"},
	{"name_s": "/usr/lib64/nautilus-sendto/plugins/libnstpidgin.so", "size_i": "15704", "regex": "false"},
	{"name_s": "/usr/lib64/nautilus-sendto/plugins/libnstremovable_devices.so", "size_i": "12328", "regex": "false"},
	{"name_s": "/usr/lib64/nautilus/extensions-2.0/libnautilus-sendto.so", "size_i": "8712", "regex": "false"},
	{"name_s": "/usr/share/doc/nautilus-sendto-2.28.2", "size_i": "4096", "regex": "false"},
	{"name_s": "/usr/share/doc/nautilus-sendto-2.28.2/AUTHORS", "size_i": "187", "regex": "false"},
	{"name_s": "/usr/share/doc/nautilus-sendto-2.28.2/COPYING", "size_i": "17992", "regex": "false"},
	{"name_s": "/usr/share/doc/nautilus-sendto-2.28.2/ChangeLog", "size_i": "34310", "regex": "false"},
	{"name_s": "/usr/share/doc/nautilus-sendto-2.28.2/ChangeLog.pre-1.1.4.1", "size_i": "41478", "regex": "false"},
	{"name_s": "/usr/share/doc/nautilus-sendto-2.28.2/NEWS", "size_i": "8669", "regex": "false"},
	{"name_s": "/usr/share/locale/ar/LC_MESSAGES/nautilus-sendto.mo", "size_i": "6827", "regex": "false"},
	{"name_s": "/usr/share/locale/as/LC_MESSAGES/nautilus-sendto.mo", "size_i": "9405", "regex": "false"},
	{"name_s": "/usr/share/locale/ast/LC_MESSAGES/nautilus-sendto.mo", "size_i": "5617", "regex": "false"},
	{"name_s": "/usr/share/locale/be/LC_MESSAGES/nautilus-sendto.mo", "size_i": "7574", "regex": "false"},
	{"name_s": "/usr/share/locale/be@latin/LC_MESSAGES/nautilus-sendto.mo", "size_i": "5786", "regex": "false"},
	{"name_s": "/usr/share/locale/bg/LC_MESSAGES/nautilus-sendto.mo", "size_i": "2674", "regex": "false"},
	{"name_s": "/usr/share/locale/bn_IN/LC_MESSAGES/nautilus-sendto.mo", "size_i": "9459", "regex": "false"},
	{"name_s": "/usr/share/locale/br/LC_MESSAGES/nautilus-sendto.mo", "size_i": "2533", "regex": "false"},
	{"name_s": "/usr/share/locale/ca/LC_MESSAGES/nautilus-sendto.mo", "size_i": "6365", "regex": "false"},
	{"name_s": "/usr/share/locale/cs/LC_MESSAGES/nautilus-sendto.mo", "size_i": "6036", "regex": "false"},
	{"name_s": "/usr/share/locale/da/LC_MESSAGES/nautilus-sendto.mo", "size_i": "5972", "regex": "false"},
	{"name_s": "/usr/share/locale/de/LC_MESSAGES/nautilus-sendto.mo", "size_i": "6206", "regex": "false"},
	{"name_s": "/usr/share/locale/dz/LC_MESSAGES/nautilus-sendto.mo", "size_i": "6634", "regex": "false"},
	{"name_s": "/usr/share/locale/el/LC_MESSAGES/nautilus-sendto.mo", "size_i": "7775", "regex": "false"},
	{"name_s": "/usr/share/locale/en_CA/LC_MESSAGES/nautilus-sendto.mo", "size_i": "3367", "regex": "false"},
	{"name_s": "/usr/share/locale/en_GB/LC_MESSAGES/nautilus-sendto.mo", "size_i": "5458", "regex": "false"},
	{"name_s": "/usr/share/locale/es/LC_MESSAGES/nautilus-sendto.mo", "size_i": "6465", "regex": "false"},
	{"name_s": "/usr/share/locale/et/LC_MESSAGES/nautilus-sendto.mo", "size_i": "5944", "regex": "false"},
	{"name_s": "/usr/share/locale/eu/LC_MESSAGES/nautilus-sendto.mo", "size_i": "6288", "regex": "false"},
	{"name_s": "/usr/share/locale/fi/LC_MESSAGES/nautilus-sendto.mo", "size_i": "6064", "regex": "false"},
	{"name_s": "/usr/share/locale/fr/LC_MESSAGES/nautilus-sendto.mo", "size_i": "6251", "regex": "false"},
	{"name_s": "/usr/share/locale/gl/LC_MESSAGES/nautilus-sendto.mo", "size_i": "6212", "regex": "false"},
	{"name_s": "/usr/share/locale/gu/LC_MESSAGES/nautilus-sendto.mo", "size_i": "9035", "regex": "false"},
	{"name_s": "/usr/share/locale/he/LC_MESSAGES/nautilus-sendto.mo", "size_i": "6468", "regex": "false"},
	{"name_s": "/usr/share/locale/hi/LC_MESSAGES/nautilus-sendto.mo", "size_i": "8794", "regex": "false"},
	{"name_s": "/usr/share/locale/hu/LC_MESSAGES/nautilus-sendto.mo", "size_i": "6136", "regex": "false"},
	{"name_s": "/usr/share/locale/it/LC_MESSAGES/nautilus-sendto.mo", "size_i": "6266", "regex": "false"},
	{"name_s": "/usr/share/locale/ja/LC_MESSAGES/nautilus-sendto.mo", "size_i": "7081", "regex": "false"},
	{"name_s": "/usr/share/locale/ka/LC_MESSAGES/nautilus-sendto.mo", "size_i": "2959", "regex": "false"},
	{"name_s": "/usr/share/locale/kn/LC_MESSAGES/nautilus-sendto.mo", "size_i": "10041", "regex": "false"},
	{"name_s": "/usr/share/locale/ko/LC_MESSAGES/nautilus-sendto.mo", "size_i": "6186", "regex": "false"},
	{"name_s": "/usr/share/locale/lt/LC_MESSAGES/nautilus-sendto.mo", "size_i": "6118", "regex": "false"},
	{"name_s": "/usr/share/locale/mk/LC_MESSAGES/nautilus-sendto.mo", "size_i": "7053", "regex": "false"},
	{"name_s": "/usr/share/locale/ml/LC_MESSAGES/nautilus-sendto.mo", "size_i": "10392", "regex": "false"},
	{"name_s": "/usr/share/locale/mr/LC_MESSAGES/nautilus-sendto.mo", "size_i": "9060", "regex": "false"},
	{"name_s": "/usr/share/locale/nb/LC_MESSAGES/nautilus-sendto.mo", "size_i": "5683", "regex": "false"},
	{"name_s": "/usr/share/locale/ne/LC_MESSAGES/nautilus-sendto.mo", "size_i": "5356", "regex": "false"},
	{"name_s": "/usr/share/locale/nl/LC_MESSAGES/nautilus-sendto.mo", "size_i": "5620", "regex": "false"},
	{"name_s": "/usr/share/locale/oc/LC_MESSAGES/nautilus-sendto.mo", "size_i": "2229", "regex": "false"},
	{"name_s": "/usr/share/locale/or/LC_MESSAGES/nautilus-sendto.mo", "size_i": "9330", "regex": "false"},
	{"name_s": "/usr/share/locale/pa/LC_MESSAGES/nautilus-sendto.mo", "size_i": "8485", "regex": "false"},
	{"name_s": "/usr/share/locale/pl/LC_MESSAGES/nautilus-sendto.mo", "size_i": "6377", "regex": "false"},
	{"name_s": "/usr/share/locale/pt/LC_MESSAGES/nautilus-sendto.mo", "size_i": "6389", "regex": "false"},
	{"name_s": "/usr/share/locale/pt_BR/LC_MESSAGES/nautilus-sendto.mo", "size_i": "6458", "regex": "false"},
	{"name_s": "/usr/share/locale/ro/LC_MESSAGES/nautilus-sendto.mo", "size_i": "6329", "regex": "false"},
	{"name_s": "/usr/share/locale/ru/LC_MESSAGES/nautilus-sendto.mo", "size_i": "7411", "regex": "false"},
	{"name_s": "/usr/share/locale/rw/LC_MESSAGES/nautilus-sendto.mo", "size_i": "496", "regex": "false"},
	{"name_s": "/usr/share/locale/sk/LC_MESSAGES/nautilus-sendto.mo", "size_i": "5784", "regex": "false"},
	{"name_s": "/usr/share/locale/sl/LC_MESSAGES/nautilus-sendto.mo", "size_i": "6224", "regex": "false"},
	{"name_s": "/usr/share/locale/sq/LC_MESSAGES/nautilus-sendto.mo", "size_i": "1572", "regex": "false"},
	{"name_s": "/usr/share/locale/sv/LC_MESSAGES/nautilus-sendto.mo", "size_i": "6024", "regex": "false"},
	{"name_s": "/usr/share/locale/ta/LC_MESSAGES/nautilus-sendto.mo", "size_i": "9512", "regex": "false"},
	{"name_s": "/usr/share/locale/te/LC_MESSAGES/nautilus-sendto.mo", "size_i": "9543", "regex": "false"},
	{"name_s": "/usr/share/locale/th/LC_MESSAGES/nautilus-sendto.mo", "size_i": "2732", "regex": "false"},
	{"name_s": "/usr/share/locale/uk/LC_MESSAGES/nautilus-sendto.mo", "size_i": "1920", "regex": "false"},
	{"name_s": "/usr/share/locale/vi/LC_MESSAGES/nautilus-sendto.mo", "size_i": "2378", "regex": "false"},
	{"name_s": "/usr/share/locale/zh_CN/LC_MESSAGES/nautilus-sendto.mo", "size_i": "5592", "regex": "false"},
	{"name_s": "/usr/share/locale/zh_TW/LC_MESSAGES/nautilus-sendto.mo", "size_i": "5663", "regex": "false"},
	{"name_s": "/usr/share/man/man1/nautilus-sendto.1.gz", "size_i": "592", "regex": "false"},
	{"name_s": "/usr/share/nautilus-sendto", "size_i": "4096", "regex": "false"},
	{"name_s": "/usr/share/nautilus-sendto/ui", "size_i": "4096", "regex": "false"},
	{"name_s": "/usr/share/nautilus-sendto/ui/nautilus-sendto.ui", "size_i": "26762", "regex": "false"}
]
