[
	{"name_s": "/etc/gconf/schemas/nautilus-open-terminal.schemas", "size_i": "1469", "regex": "false"},
	{"name_s": "/usr/lib64/nautilus/extensions-2.0/libnautilus-open-terminal.so", "size_i": "19872", "regex": "false"},
	{"name_s": "/usr/share/doc/nautilus-open-terminal-0.17", "size_i": "4096", "regex": "false"},
	{"name_s": "/usr/share/doc/nautilus-open-terminal-0.17/AUTHORS", "size_i": "39", "regex": "false"},
	{"name_s": "/usr/share/doc/nautilus-open-terminal-0.17/COPYING", "size_i": "35147", "regex": "false"},
	{"name_s": "/usr/share/doc/nautilus-open-terminal-0.17/ChangeLog", "size_i": "141", "regex": "false"},
	{"name_s": "/usr/share/doc/nautilus-open-terminal-0.17/NEWS", "size_i": "11993", "regex": "false"},
	{"name_s": "/usr/share/doc/nautilus-open-terminal-0.17/TODO", "size_i": "323", "regex": "false"},
	{"name_s": "/usr/share/locale/ar/LC_MESSAGES/nautilus-open-terminal.mo", "size_i": "1771", "regex": "false"},
	{"name_s": "/usr/share/locale/as/LC_MESSAGES/nautilus-open-terminal.mo", "size_i": "4492", "regex": "false"},
	{"name_s": "/usr/share/locale/be/LC_MESSAGES/nautilus-open-terminal.mo", "size_i": "3510", "regex": "false"},
	{"name_s": "/usr/share/locale/be@latin/LC_MESSAGES/nautilus-open-terminal.mo", "size_i": "2392", "regex": "false"},
	{"name_s": "/usr/share/locale/bg/LC_MESSAGES/nautilus-open-terminal.mo", "size_i": "942", "regex": "false"},
	{"name_s": "/usr/share/locale/bn_IN/LC_MESSAGES/nautilus-open-terminal.mo", "size_i": "4811", "regex": "false"},
	{"name_s": "/usr/share/locale/ca/LC_MESSAGES/nautilus-open-terminal.mo", "size_i": "2886", "regex": "false"},
	{"name_s": "/usr/share/locale/cs/LC_MESSAGES/nautilus-open-terminal.mo", "size_i": "2948", "regex": "false"},
	{"name_s": "/usr/share/locale/da/LC_MESSAGES/nautilus-open-terminal.mo", "size_i": "792", "regex": "false"},
	{"name_s": "/usr/share/locale/de/LC_MESSAGES/nautilus-open-terminal.mo", "size_i": "2882", "regex": "false"},
	{"name_s": "/usr/share/locale/dz/LC_MESSAGES/nautilus-open-terminal.mo", "size_i": "1323", "regex": "false"},
	{"name_s": "/usr/share/locale/el/LC_MESSAGES/nautilus-open-terminal.mo", "size_i": "3518", "regex": "false"},
	{"name_s": "/usr/share/locale/en_CA/LC_MESSAGES/nautilus-open-terminal.mo", "size_i": "794", "regex": "false"},
	{"name_s": "/usr/share/locale/en_GB/LC_MESSAGES/nautilus-open-terminal.mo", "size_i": "1444", "regex": "false"},
	{"name_s": "/usr/share/locale/es/LC_MESSAGES/nautilus-open-terminal.mo", "size_i": "3070", "regex": "false"},
	{"name_s": "/usr/share/locale/et/LC_MESSAGES/nautilus-open-terminal.mo", "size_i": "2684", "regex": "false"},
	{"name_s": "/usr/share/locale/eu/LC_MESSAGES/nautilus-open-terminal.mo", "size_i": "3019", "regex": "false"},
	{"name_s": "/usr/share/locale/fi/LC_MESSAGES/nautilus-open-terminal.mo", "size_i": "2585", "regex": "false"},
	{"name_s": "/usr/share/locale/fr/LC_MESSAGES/nautilus-open-terminal.mo", "size_i": "2964", "regex": "false"},
	{"name_s": "/usr/share/locale/gl/LC_MESSAGES/nautilus-open-terminal.mo", "size_i": "1513", "regex": "false"},
	{"name_s": "/usr/share/locale/gu/LC_MESSAGES/nautilus-open-terminal.mo", "size_i": "4340", "regex": "false"},
	{"name_s": "/usr/share/locale/he/LC_MESSAGES/nautilus-open-terminal.mo", "size_i": "2730", "regex": "false"},
	{"name_s": "/usr/share/locale/hu/LC_MESSAGES/nautilus-open-terminal.mo", "size_i": "2988", "regex": "false"},
	{"name_s": "/usr/share/locale/it/LC_MESSAGES/nautilus-open-terminal.mo", "size_i": "2894", "regex": "false"},
	{"name_s": "/usr/share/locale/ja/LC_MESSAGES/nautilus-open-terminal.mo", "size_i": "3138", "regex": "false"},
	{"name_s": "/usr/share/locale/ka/LC_MESSAGES/nautilus-open-terminal.mo", "size_i": "2250", "regex": "false"},
	{"name_s": "/usr/share/locale/kn/LC_MESSAGES/nautilus-open-terminal.mo", "size_i": "5040", "regex": "false"},
	{"name_s": "/usr/share/locale/ko/LC_MESSAGES/nautilus-open-terminal.mo", "size_i": "1552", "regex": "false"},
	{"name_s": "/usr/share/locale/lt/LC_MESSAGES/nautilus-open-terminal.mo", "size_i": "1597", "regex": "false"},
	{"name_s": "/usr/share/locale/mk/LC_MESSAGES/nautilus-open-terminal.mo", "size_i": "942", "regex": "false"},
	{"name_s": "/usr/share/locale/ml/LC_MESSAGES/nautilus-open-terminal.mo", "size_i": "1263", "regex": "false"},
	{"name_s": "/usr/share/locale/mr/LC_MESSAGES/nautilus-open-terminal.mo", "size_i": "4271", "regex": "false"},
	{"name_s": "/usr/share/locale/nb/LC_MESSAGES/nautilus-open-terminal.mo", "size_i": "1418", "regex": "false"},
	{"name_s": "/usr/share/locale/ne/LC_MESSAGES/nautilus-open-terminal.mo", "size_i": "2299", "regex": "false"},
	{"name_s": "/usr/share/locale/nl/LC_MESSAGES/nautilus-open-terminal.mo", "size_i": "2934", "regex": "false"},
	{"name_s": "/usr/share/locale/oc/LC_MESSAGES/nautilus-open-terminal.mo", "size_i": "1006", "regex": "false"},
	{"name_s": "/usr/share/locale/or/LC_MESSAGES/nautilus-open-terminal.mo", "size_i": "4660", "regex": "false"},
	{"name_s": "/usr/share/locale/pa/LC_MESSAGES/nautilus-open-terminal.mo", "size_i": "4232", "regex": "false"},
	{"name_s": "/usr/share/locale/pl/LC_MESSAGES/nautilus-open-terminal.mo", "size_i": "2900", "regex": "false"},
	{"name_s": "/usr/share/locale/pt/LC_MESSAGES/nautilus-open-terminal.mo", "size_i": "3001", "regex": "false"},
	{"name_s": "/usr/share/locale/pt_BR/LC_MESSAGES/nautilus-open-terminal.mo", "size_i": "2839", "regex": "false"},
	{"name_s": "/usr/share/locale/ro/LC_MESSAGES/nautilus-open-terminal.mo", "size_i": "860", "regex": "false"},
	{"name_s": "/usr/share/locale/ru/LC_MESSAGES/nautilus-open-terminal.mo", "size_i": "853", "regex": "false"},
	{"name_s": "/usr/share/locale/rw/LC_MESSAGES/nautilus-open-terminal.mo", "size_i": "445", "regex": "false"},
	{"name_s": "/usr/share/locale/sk/LC_MESSAGES/nautilus-open-terminal.mo", "size_i": "812", "regex": "false"},
	{"name_s": "/usr/share/locale/sl/LC_MESSAGES/nautilus-open-terminal.mo", "size_i": "2763", "regex": "false"},
	{"name_s": "/usr/share/locale/sr/LC_MESSAGES/nautilus-open-terminal.mo", "size_i": "829", "regex": "false"},
	{"name_s": "/usr/share/locale/sr@Latn/LC_MESSAGES/nautilus-open-terminal.mo", "size_i": "706", "regex": "false"},
	{"name_s": "/usr/share/locale/sv/LC_MESSAGES/nautilus-open-terminal.mo", "size_i": "2876", "regex": "false"},
	{"name_s": "/usr/share/locale/ta/LC_MESSAGES/nautilus-open-terminal.mo", "size_i": "4464", "regex": "false"},
	{"name_s": "/usr/share/locale/te/LC_MESSAGES/nautilus-open-terminal.mo", "size_i": "4898", "regex": "false"},
	{"name_s": "/usr/share/locale/th/LC_MESSAGES/nautilus-open-terminal.mo", "size_i": "3794", "regex": "false"},
	{"name_s": "/usr/share/locale/tr/LC_MESSAGES/nautilus-open-terminal.mo", "size_i": "798", "regex": "false"},
	{"name_s": "/usr/share/locale/uk/LC_MESSAGES/nautilus-open-terminal.mo", "size_i": "1010", "regex": "false"},
	{"name_s": "/usr/share/locale/vi/LC_MESSAGES/nautilus-open-terminal.mo", "size_i": "973", "regex": "false"},
	{"name_s": "/usr/share/locale/zh_CN/LC_MESSAGES/nautilus-open-terminal.mo", "size_i": "2746", "regex": "false"},
	{"name_s": "/usr/share/locale/zh_TW/LC_MESSAGES/nautilus-open-terminal.mo", "size_i": "699", "regex": "false"}
]
