[
	{"name_s": "/etc/terminfo", "size_i": "4096", "regex": "false"},
	{"name_s": "/lib/terminfo", "size_i": "4096", "regex": "false"},
	{"name_s": "/lib/terminfo/a", "size_i": "4096", "regex": "false"},
	{"name_s": "/lib/terminfo/a/ansi", "size_i": "1481", "regex": "false"},
	{"name_s": "/lib/terminfo/d", "size_i": "4096", "regex": "false"},
	{"name_s": "/lib/terminfo/d/dumb", "size_i": "308", "regex": "false"},
	{"name_s": "/lib/terminfo/l", "size_i": "4096", "regex": "false"},
	{"name_s": "/lib/terminfo/l/linux", "size_i": "1740", "regex": "false"},
	{"name_s": "/lib/terminfo/v", "size_i": "4096", "regex": "false"},
	{"name_s": "/lib/terminfo/v/vt100", "size_i": "1194", "regex": "false"},
	{"name_s": "/lib/terminfo/v/vt100-am", "size_i": "1194", "regex": "false"},
	{"name_s": "/lib/terminfo/v/vt100-nav", "size_i": "1059", "regex": "false"},
	{"name_s": "/lib/terminfo/v/vt102", "size_i": "1188", "regex": "false"},
	{"name_s": "/lib/terminfo/v/vt200", "size_i": "1279", "regex": "false"},
	{"name_s": "/lib/terminfo/v/vt220", "size_i": "1279", "regex": "false"},
	{"name_s": "/lib/terminfo/v/vt52", "size_i": "466", "regex": "false"},
	{"name_s": "/usr/share/tabset", "size_i": "4096", "regex": "false"},
	{"name_s": "/usr/share/tabset/std", "size_i": "135", "regex": "false"},
	{"name_s": "/usr/share/tabset/stdcrt", "size_i": "95", "regex": "false"},
	{"name_s": "/usr/share/tabset/vt100", "size_i": "160", "regex": "false"},
	{"name_s": "/usr/share/tabset/vt300", "size_i": "64", "regex": "false"},
	{"name_s": "/usr/share/terminfo", "size_i": "4096", "regex": "false"},
	{"name_s": "/usr/share/terminfo/A", "size_i": "4096", "regex": "false"},
	{"name_s": "/usr/share/terminfo/A/Apple_Terminal", "size_i": "1367", "regex": "false"},
	{"name_s": "/usr/share/terminfo/E", "size_i": "4096", "regex": "false"},
	{"name_s": "/usr/share/terminfo/E/Eterm", "size_i": "2247", "regex": "false"},
	{"name_s": "/usr/share/terminfo/E/Eterm-256color", "size_i": "2417", "regex": "false"},
	{"name_s": "/usr/share/terminfo/E/Eterm-88color", "size_i": "2409", "regex": "false"},
	{"name_s": "/usr/share/terminfo/E/Eterm-color", "size_i": "2247", "regex": "false"},
	{"name_s": "/usr/share/terminfo/a", "size_i": "12288", "regex": "false"},
	{"name_s": "/usr/share/terminfo/a/ansi", "size_i": "31", "regex": "false"},
	{"name_s": "/usr/share/terminfo/a/ansi80x25", "size_i": "1502", "regex": "false"},
	{"name_s": "/usr/share/terminfo/a/ansis", "size_i": "1502", "regex": "false"},
	{"name_s": "/usr/share/terminfo/a/aterm", "size_i": "2175", "regex": "false"},
	{"name_s": "/usr/share/terminfo/c", "size_i": "4096", "regex": "false"},
	{"name_s": "/usr/share/terminfo/c/cons25", "size_i": "1502", "regex": "false"},
	{"name_s": "/usr/share/terminfo/c/cygwin", "size_i": "1529", "regex": "false"},
	{"name_s": "/usr/share/terminfo/d", "size_i": "12288", "regex": "false"},
	{"name_s": "/usr/share/terminfo/d/dumb", "size_i": "31", "regex": "false"},
	{"name_s": "/usr/share/terminfo/e", "size_i": "4096", "regex": "false"},
	{"name_s": "/usr/share/terminfo/e/eterm", "size_i": "842", "regex": "false"},
	{"name_s": "/usr/share/terminfo/e/eterm-color", "size_i": "1249", "regex": "false"},
	{"name_s": "/usr/share/terminfo/g", "size_i": "4096", "regex": "false"},
	{"name_s": "/usr/share/terminfo/g/gnome", "size_i": "3029", "regex": "false"},
	{"name_s": "/usr/share/terminfo/g/gnome-256color", "size_i": "3186", "regex": "false"},
	{"name_s": "/usr/share/terminfo/h", "size_i": "4096", "regex": "false"},
	{"name_s": "/usr/share/terminfo/h/hurd", "size_i": "1580", "regex": "false"},
	{"name_s": "/usr/share/terminfo/j", "size_i": "4096", "regex": "false"},
	{"name_s": "/usr/share/terminfo/j/jfbterm", "size_i": "1630", "regex": "false"},
	{"name_s": "/usr/share/terminfo/k", "size_i": "4096", "regex": "false"},
	{"name_s": "/usr/share/terminfo/k/kon", "size_i": "1630", "regex": "false"},
	{"name_s": "/usr/share/terminfo/k/kon2", "size_i": "1630", "regex": "false"},
	{"name_s": "/usr/share/terminfo/k/konsole", "size_i": "2419", "regex": "false"},
	{"name_s": "/usr/share/terminfo/k/konsole-256color", "size_i": "2692", "regex": "false"},
	{"name_s": "/usr/share/terminfo/l", "size_i": "4096", "regex": "false"},
	{"name_s": "/usr/share/terminfo/l/linux", "size_i": "32", "regex": "false"},
	{"name_s": "/usr/share/terminfo/m", "size_i": "4096", "regex": "false"},
	{"name_s": "/usr/share/terminfo/m/mach", "size_i": "617", "regex": "false"},
	{"name_s": "/usr/share/terminfo/m/mach-bold", "size_i": "652", "regex": "false"},
	{"name_s": "/usr/share/terminfo/m/mach-color", "size_i": "1095", "regex": "false"},
	{"name_s": "/usr/share/terminfo/m/mlterm", "size_i": "2498", "regex": "false"},
	{"name_s": "/usr/share/terminfo/m/mrxvt", "size_i": "2699", "regex": "false"},
	{"name_s": "/usr/share/terminfo/n", "size_i": "4096", "regex": "false"},
	{"name_s": "/usr/share/terminfo/n/nsterm", "size_i": "1367", "regex": "false"},
	{"name_s": "/usr/share/terminfo/n/nxterm", "size_i": "1551", "regex": "false"},
	{"name_s": "/usr/share/terminfo/p", "size_i": "4096", "regex": "false"},
	{"name_s": "/usr/share/terminfo/p/pcansi", "size_i": "1198", "regex": "false"},
	{"name_s": "/usr/share/terminfo/p/putty", "size_i": "1977", "regex": "false"},
	{"name_s": "/usr/share/terminfo/p/putty-256color", "size_i": "2021", "regex": "false"},
	{"name_s": "/usr/share/terminfo/p/putty-vt100", "size_i": "1957", "regex": "false"},
	{"name_s": "/usr/share/terminfo/r", "size_i": "4096", "regex": "false"},
	{"name_s": "/usr/share/terminfo/r/rxvt", "size_i": "2205", "regex": "false"},
	{"name_s": "/usr/share/terminfo/r/rxvt-16color", "size_i": "2479", "regex": "false"},
	{"name_s": "/usr/share/terminfo/r/rxvt-256color", "size_i": "2407", "regex": "false"},
	{"name_s": "/usr/share/terminfo/r/rxvt-88color", "size_i": "2405", "regex": "false"},
	{"name_s": "/usr/share/terminfo/r/rxvt-basic", "size_i": "2125", "regex": "false"},
	{"name_s": "/usr/share/terminfo/r/rxvt-color", "size_i": "2209", "regex": "false"},
	{"name_s": "/usr/share/terminfo/r/rxvt-cygwin", "size_i": "2231", "regex": "false"},
	{"name_s": "/usr/share/terminfo/r/rxvt-cygwin-native", "size_i": "2249", "regex": "false"},
	{"name_s": "/usr/share/terminfo/r/rxvt-unicode", "size_i": "2168", "regex": "false"},
	{"name_s": "/usr/share/terminfo/r/rxvt-xpm", "size_i": "2207", "regex": "false"},
	{"name_s": "/usr/share/terminfo/s", "size_i": "4096", "regex": "false"},
	{"name_s": "/usr/share/terminfo/s/screen", "size_i": "1550", "regex": "false"},
	{"name_s": "/usr/share/terminfo/s/screen-16color", "size_i": "1990", "regex": "false"},
	{"name_s": "/usr/share/terminfo/s/screen-16color-bce", "size_i": "2002", "regex": "false"},
	{"name_s": "/usr/share/terminfo/s/screen-16color-bce-s", "size_i": "2030", "regex": "false"},
	{"name_s": "/usr/share/terminfo/s/screen-16color-s", "size_i": "2020", "regex": "false"},
	{"name_s": "/usr/share/terminfo/s/screen-256color", "size_i": "1828", "regex": "false"},
	{"name_s": "/usr/share/terminfo/s/screen-256color-bce", "size_i": "1840", "regex": "false"},
	{"name_s": "/usr/share/terminfo/s/screen-256color-bce-s", "size_i": "1866", "regex": "false"},
	{"name_s": "/usr/share/terminfo/s/screen-256color-s", "size_i": "1856", "regex": "false"},
	{"name_s": "/usr/share/terminfo/s/screen-bce", "size_i": "1562", "regex": "false"},
	{"name_s": "/usr/share/terminfo/s/screen-s", "size_i": "1584", "regex": "false"},
	{"name_s": "/usr/share/terminfo/s/screen-w", "size_i": "1566", "regex": "false"},
	{"name_s": "/usr/share/terminfo/s/screen.Eterm", "size_i": "2204", "regex": "false"},
	{"name_s": "/usr/share/terminfo/s/screen.linux", "size_i": "1710", "regex": "false"},
	{"name_s": "/usr/share/terminfo/s/screen.mlterm", "size_i": "2590", "regex": "false"},
	{"name_s": "/usr/share/terminfo/s/screen.rxvt", "size_i": "2082", "regex": "false"},
	{"name_s": "/usr/share/terminfo/s/screen.teraterm", "size_i": "1548", "regex": "false"},
	{"name_s": "/usr/share/terminfo/s/screen.xterm-new", "size_i": "3263", "regex": "false"},
	{"name_s": "/usr/share/terminfo/s/screen.xterm-r6", "size_i": "1503", "regex": "false"},
	{"name_s": "/usr/share/terminfo/s/screen.xterm-xfree86", "size_i": "3263", "regex": "false"},
	{"name_s": "/usr/share/terminfo/s/sun", "size_i": "997", "regex": "false"},
	{"name_s": "/usr/share/terminfo/s/sun1", "size_i": "997", "regex": "false"},
	{"name_s": "/usr/share/terminfo/s/sun2", "size_i": "997", "regex": "false"},
	{"name_s": "/usr/share/terminfo/t", "size_i": "12288", "regex": "false"},
	{"name_s": "/usr/share/terminfo/t/teraterm", "size_i": "1580", "regex": "false"},
	{"name_s": "/usr/share/terminfo/t/teraterm2.3", "size_i": "1596", "regex": "false"},
	{"name_s": "/usr/share/terminfo/v", "size_i": "4096", "regex": "false"},
	{"name_s": "/usr/share/terminfo/v/vs100", "size_i": "1525", "regex": "false"},
	{"name_s": "/usr/share/terminfo/v/vt100", "size_i": "32", "regex": "false"},
	{"name_s": "/usr/share/terminfo/v/vt100-am", "size_i": "35", "regex": "false"},
	{"name_s": "/usr/share/terminfo/v/vt100-nav", "size_i": "36", "regex": "false"},
	{"name_s": "/usr/share/terminfo/v/vt102", "size_i": "32", "regex": "false"},
	{"name_s": "/usr/share/terminfo/v/vt200", "size_i": "32", "regex": "false"},
	{"name_s": "/usr/share/terminfo/v/vt220", "size_i": "32", "regex": "false"},
	{"name_s": "/usr/share/terminfo/v/vt52", "size_i": "31", "regex": "false"},
	{"name_s": "/usr/share/terminfo/w", "size_i": "12288", "regex": "false"},
	{"name_s": "/usr/share/terminfo/w/wsvt25", "size_i": "1542", "regex": "false"},
	{"name_s": "/usr/share/terminfo/w/wsvt25m", "size_i": "1552", "regex": "false"},
	{"name_s": "/usr/share/terminfo/x", "size_i": "4096", "regex": "false"},
	{"name_s": "/usr/share/terminfo/x/xfce", "size_i": "3027", "regex": "false"},
	{"name_s": "/usr/share/terminfo/x/xterm", "size_i": "3258", "regex": "false"},
	{"name_s": "/usr/share/terminfo/x/xterm-1002", "size_i": "3269", "regex": "false"},
	{"name_s": "/usr/share/terminfo/x/xterm-1003", "size_i": "3269", "regex": "false"},
	{"name_s": "/usr/share/terminfo/x/xterm-16color", "size_i": "3402", "regex": "false"},
	{"name_s": "/usr/share/terminfo/x/xterm-24", "size_i": "1525", "regex": "false"},
	{"name_s": "/usr/share/terminfo/x/xterm-256color", "size_i": "3322", "regex": "false"},
	{"name_s": "/usr/share/terminfo/x/xterm-88color", "size_i": "3320", "regex": "false"},
	{"name_s": "/usr/share/terminfo/x/xterm-8bit", "size_i": "1903", "regex": "false"},
	{"name_s": "/usr/share/terminfo/x/xterm-basic", "size_i": "1799", "regex": "false"},
	{"name_s": "/usr/share/terminfo/x/xterm-bold", "size_i": "1535", "regex": "false"},
	{"name_s": "/usr/share/terminfo/x/xterm-color", "size_i": "1551", "regex": "false"},
	{"name_s": "/usr/share/terminfo/x/xterm-hp", "size_i": "1845", "regex": "false"},
	{"name_s": "/usr/share/terminfo/x/xterm-new", "size_i": "3252", "regex": "false"},
	{"name_s": "/usr/share/terminfo/x/xterm-nic", "size_i": "3268", "regex": "false"},
	{"name_s": "/usr/share/terminfo/x/xterm-noapp", "size_i": "3232", "regex": "false"},
	{"name_s": "/usr/share/terminfo/x/xterm-old", "size_i": "1501", "regex": "false"},
	{"name_s": "/usr/share/terminfo/x/xterm-pcolor", "size_i": "3324", "regex": "false"},
	{"name_s": "/usr/share/terminfo/x/xterm-r5", "size_i": "1301", "regex": "false"},
	{"name_s": "/usr/share/terminfo/x/xterm-r6", "size_i": "1501", "regex": "false"},
	{"name_s": "/usr/share/terminfo/x/xterm-sco", "size_i": "2021", "regex": "false"},
	{"name_s": "/usr/share/terminfo/x/xterm-sun", "size_i": "2105", "regex": "false"},
	{"name_s": "/usr/share/terminfo/x/xterm-vt220", "size_i": "1983", "regex": "false"},
	{"name_s": "/usr/share/terminfo/x/xterm-vt52", "size_i": "484", "regex": "false"},
	{"name_s": "/usr/share/terminfo/x/xterm-xf86-v32", "size_i": "2001", "regex": "false"},
	{"name_s": "/usr/share/terminfo/x/xterm-xf86-v33", "size_i": "1991", "regex": "false"},
	{"name_s": "/usr/share/terminfo/x/xterm-xf86-v333", "size_i": "2001", "regex": "false"},
	{"name_s": "/usr/share/terminfo/x/xterm-xf86-v40", "size_i": "2207", "regex": "false"},
	{"name_s": "/usr/share/terminfo/x/xterm-xf86-v43", "size_i": "2221", "regex": "false"},
	{"name_s": "/usr/share/terminfo/x/xterm-xf86-v44", "size_i": "2255", "regex": "false"},
	{"name_s": "/usr/share/terminfo/x/xterm-xfree86", "size_i": "2235", "regex": "false"},
	{"name_s": "/usr/share/terminfo/x/xterm-xi", "size_i": "1981", "regex": "false"},
	{"name_s": "/usr/share/terminfo/x/xterms", "size_i": "1525", "regex": "false"}
]
