[
	{"name_s": "/usr/bin/camlp4", "size_i": "861228", "regex": "false"},
	{"name_s": "/usr/bin/camlp4boot", "size_i": "1241327", "regex": "false"},
	{"name_s": "/usr/bin/camlp4o", "size_i": "1189775", "regex": "false"},
	{"name_s": "/usr/bin/camlp4o.opt", "size_i": "3049808", "regex": "false"},
	{"name_s": "/usr/bin/camlp4of", "size_i": "1326042", "regex": "false"},
	{"name_s": "/usr/bin/camlp4of.opt", "size_i": "3447472", "regex": "false"},
	{"name_s": "/usr/bin/camlp4oof", "size_i": "1319134", "regex": "false"},
	{"name_s": "/usr/bin/camlp4oof.opt", "size_i": "3439536", "regex": "false"},
	{"name_s": "/usr/bin/camlp4orf", "size_i": "1319112", "regex": "false"},
	{"name_s": "/usr/bin/camlp4orf.opt", "size_i": "3439472", "regex": "false"},
	{"name_s": "/usr/bin/camlp4prof", "size_i": "422935", "regex": "false"},
	{"name_s": "/usr/bin/camlp4r", "size_i": "1117581", "regex": "false"},
	{"name_s": "/usr/bin/camlp4r.opt", "size_i": "2763952", "regex": "false"},
	{"name_s": "/usr/bin/camlp4rf", "size_i": "1253848", "regex": "false"},
	{"name_s": "/usr/bin/camlp4rf.opt", "size_i": "3162288", "regex": "false"},
	{"name_s": "/usr/bin/mkcamlp4", "size_i": "623126", "regex": "false"},
	{"name_s": "/usr/lib64/ocaml/camlp4/Camlp4Bin.cmx", "size_i": "3250", "regex": "false"},
	{"name_s": "/usr/lib64/ocaml/camlp4/Camlp4Bin.o", "size_i": "61992", "regex": "false"},
	{"name_s": "/usr/lib64/ocaml/camlp4/Camlp4Filters/Camlp4AstLifter.cmx", "size_i": "941", "regex": "false"},
	{"name_s": "/usr/lib64/ocaml/camlp4/Camlp4Filters/Camlp4AstLifter.o", "size_i": "5112", "regex": "false"},
	{"name_s": "/usr/lib64/ocaml/camlp4/Camlp4Filters/Camlp4ExceptionTracer.cmx", "size_i": "1231", "regex": "false"},
	{"name_s": "/usr/lib64/ocaml/camlp4/Camlp4Filters/Camlp4ExceptionTracer.o", "size_i": "15016", "regex": "false"},
	{"name_s": "/usr/lib64/ocaml/camlp4/Camlp4Filters/Camlp4FoldGenerator.cmx", "size_i": "4606", "regex": "false"},
	{"name_s": "/usr/lib64/ocaml/camlp4/Camlp4Filters/Camlp4FoldGenerator.o", "size_i": "114872", "regex": "false"},
	{"name_s": "/usr/lib64/ocaml/camlp4/Camlp4Filters/Camlp4LocationStripper.cmx", "size_i": "843", "regex": "false"},
	{"name_s": "/usr/lib64/ocaml/camlp4/Camlp4Filters/Camlp4LocationStripper.o", "size_i": "3552", "regex": "false"},
	{"name_s": "/usr/lib64/ocaml/camlp4/Camlp4Filters/Camlp4MapGenerator.cmx", "size_i": "187", "regex": "false"},
	{"name_s": "/usr/lib64/ocaml/camlp4/Camlp4Filters/Camlp4MapGenerator.o", "size_i": "1952", "regex": "false"},
	{"name_s": "/usr/lib64/ocaml/camlp4/Camlp4Filters/Camlp4MetaGenerator.cmx", "size_i": "2354", "regex": "false"},
	{"name_s": "/usr/lib64/ocaml/camlp4/Camlp4Filters/Camlp4MetaGenerator.o", "size_i": "71176", "regex": "false"},
	{"name_s": "/usr/lib64/ocaml/camlp4/Camlp4Filters/Camlp4Profiler.cmx", "size_i": "1212", "regex": "false"},
	{"name_s": "/usr/lib64/ocaml/camlp4/Camlp4Filters/Camlp4Profiler.o", "size_i": "16488", "regex": "false"},
	{"name_s": "/usr/lib64/ocaml/camlp4/Camlp4Filters/Camlp4TrashRemover.cmx", "size_i": "835", "regex": "false"},
	{"name_s": "/usr/lib64/ocaml/camlp4/Camlp4Filters/Camlp4TrashRemover.o", "size_i": "3768", "regex": "false"},
	{"name_s": "/usr/lib64/ocaml/camlp4/Camlp4Parsers/Camlp4AstLoader.cmx", "size_i": "1093", "regex": "false"},
	{"name_s": "/usr/lib64/ocaml/camlp4/Camlp4Parsers/Camlp4AstLoader.o", "size_i": "5272", "regex": "false"},
	{"name_s": "/usr/lib64/ocaml/camlp4/Camlp4Parsers/Camlp4DebugParser.cmx", "size_i": "1970", "regex": "false"},
	{"name_s": "/usr/lib64/ocaml/camlp4/Camlp4Parsers/Camlp4DebugParser.o", "size_i": "31016", "regex": "false"},
	{"name_s": "/usr/lib64/ocaml/camlp4/Camlp4Parsers/Camlp4GrammarParser.cmx", "size_i": "5007", "regex": "false"},
	{"name_s": "/usr/lib64/ocaml/camlp4/Camlp4Parsers/Camlp4GrammarParser.o", "size_i": "286496", "regex": "false"},
	{"name_s": "/usr/lib64/ocaml/camlp4/Camlp4Parsers/Camlp4ListComprehension.cmx", "size_i": "1493", "regex": "false"},
	{"name_s": "/usr/lib64/ocaml/camlp4/Camlp4Parsers/Camlp4ListComprehension.o", "size_i": "48224", "regex": "false"},
	{"name_s": "/usr/lib64/ocaml/camlp4/Camlp4Parsers/Camlp4MacroParser.cmx", "size_i": "2478", "regex": "false"},
	{"name_s": "/usr/lib64/ocaml/camlp4/Camlp4Parsers/Camlp4MacroParser.o", "size_i": "157840", "regex": "false"},
	{"name_s": "/usr/lib64/ocaml/camlp4/Camlp4Parsers/Camlp4OCamlOriginalQuotationExpander.cmx", "size_i": "1025", "regex": "false"},
	{"name_s": "/usr/lib64/ocaml/camlp4/Camlp4Parsers/Camlp4OCamlOriginalQuotationExpander.o", "size_i": "3072", "regex": "false"},
	{"name_s": "/usr/lib64/ocaml/camlp4/Camlp4Parsers/Camlp4OCamlParser.cmx", "size_i": "1443", "regex": "false"},
	{"name_s": "/usr/lib64/ocaml/camlp4/Camlp4Parsers/Camlp4OCamlParser.o", "size_i": "402512", "regex": "false"},
	{"name_s": "/usr/lib64/ocaml/camlp4/Camlp4Parsers/Camlp4OCamlParserParser.cmx", "size_i": "2657", "regex": "false"},
	{"name_s": "/usr/lib64/ocaml/camlp4/Camlp4Parsers/Camlp4OCamlParserParser.o", "size_i": "22096", "regex": "false"},
	{"name_s": "/usr/lib64/ocaml/camlp4/Camlp4Parsers/Camlp4OCamlReloadedParser.cmx", "size_i": "1192", "regex": "false"},
	{"name_s": "/usr/lib64/ocaml/camlp4/Camlp4Parsers/Camlp4OCamlReloadedParser.o", "size_i": "47376", "regex": "false"},
	{"name_s": "/usr/lib64/ocaml/camlp4/Camlp4Parsers/Camlp4OCamlRevisedParser.cmx", "size_i": "2308", "regex": "false"},
	{"name_s": "/usr/lib64/ocaml/camlp4/Camlp4Parsers/Camlp4OCamlRevisedParser.o", "size_i": "1273784", "regex": "false"},
	{"name_s": "/usr/lib64/ocaml/camlp4/Camlp4Parsers/Camlp4OCamlRevisedParserParser.cmx", "size_i": "2428", "regex": "false"},
	{"name_s": "/usr/lib64/ocaml/camlp4/Camlp4Parsers/Camlp4OCamlRevisedParserParser.o", "size_i": "114840", "regex": "false"},
	{"name_s": "/usr/lib64/ocaml/camlp4/Camlp4Parsers/Camlp4OCamlRevisedQuotationExpander.cmx", "size_i": "950", "regex": "false"},
	{"name_s": "/usr/lib64/ocaml/camlp4/Camlp4Parsers/Camlp4OCamlRevisedQuotationExpander.o", "size_i": "2928", "regex": "false"},
	{"name_s": "/usr/lib64/ocaml/camlp4/Camlp4Parsers/Camlp4QuotationCommon.cmx", "size_i": "1502", "regex": "false"},
	{"name_s": "/usr/lib64/ocaml/camlp4/Camlp4Parsers/Camlp4QuotationCommon.o", "size_i": "87072", "regex": "false"},
	{"name_s": "/usr/lib64/ocaml/camlp4/Camlp4Parsers/Camlp4QuotationExpander.cmx", "size_i": "1616", "regex": "false"},
	{"name_s": "/usr/lib64/ocaml/camlp4/Camlp4Parsers/Camlp4QuotationExpander.o", "size_i": "11144", "regex": "false"},
	{"name_s": "/usr/lib64/ocaml/camlp4/Camlp4Printers/Camlp4AstDumper.cmx", "size_i": "759", "regex": "false"},
	{"name_s": "/usr/lib64/ocaml/camlp4/Camlp4Printers/Camlp4AstDumper.o", "size_i": "1792", "regex": "false"},
	{"name_s": "/usr/lib64/ocaml/camlp4/Camlp4Printers/Camlp4AutoPrinter.cmx", "size_i": "809", "regex": "false"},
	{"name_s": "/usr/lib64/ocaml/camlp4/Camlp4Printers/Camlp4AutoPrinter.o", "size_i": "2144", "regex": "false"},
	{"name_s": "/usr/lib64/ocaml/camlp4/Camlp4Printers/Camlp4NullDumper.cmx", "size_i": "760", "regex": "false"},
	{"name_s": "/usr/lib64/ocaml/camlp4/Camlp4Printers/Camlp4NullDumper.o", "size_i": "1784", "regex": "false"},
	{"name_s": "/usr/lib64/ocaml/camlp4/Camlp4Printers/Camlp4OCamlAstDumper.cmx", "size_i": "764", "regex": "false"},
	{"name_s": "/usr/lib64/ocaml/camlp4/Camlp4Printers/Camlp4OCamlAstDumper.o", "size_i": "1824", "regex": "false"},
	{"name_s": "/usr/lib64/ocaml/camlp4/Camlp4Printers/Camlp4OCamlPrinter.cmx", "size_i": "762", "regex": "false"},
	{"name_s": "/usr/lib64/ocaml/camlp4/Camlp4Printers/Camlp4OCamlPrinter.o", "size_i": "1800", "regex": "false"},
	{"name_s": "/usr/lib64/ocaml/camlp4/Camlp4Printers/Camlp4OCamlRevisedPrinter.cmx", "size_i": "769", "regex": "false"},
	{"name_s": "/usr/lib64/ocaml/camlp4/Camlp4Printers/Camlp4OCamlRevisedPrinter.o", "size_i": "1848", "regex": "false"},
	{"name_s": "/usr/lib64/ocaml/camlp4/Camlp4Top/Rprint.cmx", "size_i": "2752", "regex": "false"},
	{"name_s": "/usr/lib64/ocaml/camlp4/Camlp4Top/Rprint.o", "size_i": "60632", "regex": "false"},
	{"name_s": "/usr/lib64/ocaml/camlp4/Camlp4Top/Top.cmx", "size_i": "5702", "regex": "false"},
	{"name_s": "/usr/lib64/ocaml/camlp4/Camlp4Top/Top.o", "size_i": "14568", "regex": "false"},
	{"name_s": "/usr/lib64/ocaml/camlp4/camlp4fulllib.a", "size_i": "4776540", "regex": "false"},
	{"name_s": "/usr/lib64/ocaml/camlp4/camlp4fulllib.cmxa", "size_i": "27992", "regex": "false"},
	{"name_s": "/usr/lib64/ocaml/camlp4/camlp4lib.a", "size_i": "1914962", "regex": "false"},
	{"name_s": "/usr/lib64/ocaml/camlp4/camlp4lib.cmxa", "size_i": "3858", "regex": "false"},
	{"name_s": "/usr/lib64/ocaml/camlp4/camlp4prof.cmx", "size_i": "664", "regex": "false"},
	{"name_s": "/usr/lib64/ocaml/camlp4/camlp4prof.o", "size_i": "6568", "regex": "false"},
	{"name_s": "/usr/share/man/man1/ocaml.1.gz", "size_i": "2151", "regex": "false"},
	{"name_s": "/usr/share/man/man1/ocamlbuild.1.gz", "size_i": "1752", "regex": "false"},
	{"name_s": "/usr/share/man/man1/ocamlc.1.gz", "size_i": "5996", "regex": "false"},
	{"name_s": "/usr/share/man/man1/ocamlc.opt.1.gz", "size_i": "38", "regex": "false"},
	{"name_s": "/usr/share/man/man1/ocamlcp.1.gz", "size_i": "938", "regex": "false"},
	{"name_s": "/usr/share/man/man1/ocamldebug.1.gz", "size_i": "1010", "regex": "false"},
	{"name_s": "/usr/share/man/man1/ocamldep.1.gz", "size_i": "1312", "regex": "false"},
	{"name_s": "/usr/share/man/man1/ocamldoc.1.gz", "size_i": "3796", "regex": "false"},
	{"name_s": "/usr/share/man/man1/ocamllex.1.gz", "size_i": "1032", "regex": "false"},
	{"name_s": "/usr/share/man/man1/ocamlmktop.1.gz", "size_i": "729", "regex": "false"},
	{"name_s": "/usr/share/man/man1/ocamlopt.1.gz", "size_i": "6565", "regex": "false"},
	{"name_s": "/usr/share/man/man1/ocamlopt.opt.1.gz", "size_i": "40", "regex": "false"},
	{"name_s": "/usr/share/man/man1/ocamlprof.1.gz", "size_i": "806", "regex": "false"},
	{"name_s": "/usr/share/man/man1/ocamlrun.1.gz", "size_i": "2197", "regex": "false"},
	{"name_s": "/usr/share/man/man1/ocamlyacc.1.gz", "size_i": "981", "regex": "false"}
]
