[
	{"name_s": "/usr/lib64/ocaml/calendar/calendar.mli", "size_i": "2020", "regex": "false"},
	{"name_s": "/usr/lib64/ocaml/calendar/calendarLib.cmx", "size_i": "39886", "regex": "false"},
	{"name_s": "/usr/lib64/ocaml/calendar/calendar_builder.mli", "size_i": "2107", "regex": "false"},
	{"name_s": "/usr/lib64/ocaml/calendar/calendar_sig.mli", "size_i": "11517", "regex": "false"},
	{"name_s": "/usr/lib64/ocaml/calendar/date.mli", "size_i": "1577", "regex": "false"},
	{"name_s": "/usr/lib64/ocaml/calendar/date_sig.mli", "size_i": "15843", "regex": "false"},
	{"name_s": "/usr/lib64/ocaml/calendar/fcalendar.mli", "size_i": "2038", "regex": "false"},
	{"name_s": "/usr/lib64/ocaml/calendar/ftime.mli", "size_i": "1711", "regex": "false"},
	{"name_s": "/usr/lib64/ocaml/calendar/period.mli", "size_i": "2672", "regex": "false"},
	{"name_s": "/usr/lib64/ocaml/calendar/printer.mli", "size_i": "10016", "regex": "false"},
	{"name_s": "/usr/lib64/ocaml/calendar/time.mli", "size_i": "1630", "regex": "false"},
	{"name_s": "/usr/lib64/ocaml/calendar/time_Zone.mli", "size_i": "3071", "regex": "false"},
	{"name_s": "/usr/lib64/ocaml/calendar/time_sig.mli", "size_i": "9032", "regex": "false"},
	{"name_s": "/usr/lib64/ocaml/calendar/utils.mli", "size_i": "2695", "regex": "false"},
	{"name_s": "/usr/lib64/ocaml/calendar/version.mli", "size_i": "1693", "regex": "false"},
	{"name_s": "/usr/share/doc/ocaml-calendar-devel-2.01.1", "size_i": "4096", "regex": "false"},
	{"name_s": "/usr/share/doc/ocaml-calendar-devel-2.01.1/CHANGES", "size_i": "6856", "regex": "false"},
	{"name_s": "/usr/share/doc/ocaml-calendar-devel-2.01.1/COPYING", "size_i": "551", "regex": "false"},
	{"name_s": "/usr/share/doc/ocaml-calendar-devel-2.01.1/Calendar.Precise.html", "size_i": "24531", "regex": "false"},
	{"name_s": "/usr/share/doc/ocaml-calendar-devel-2.01.1/Calendar.html", "size_i": "2789", "regex": "false"},
	{"name_s": "/usr/share/doc/ocaml-calendar-devel-2.01.1/Calendar_builder.Make.html", "size_i": "25915", "regex": "false"},
	{"name_s": "/usr/share/doc/ocaml-calendar-devel-2.01.1/Calendar_builder.Make_Precise.html", "size_i": "26055", "regex": "false"},
	{"name_s": "/usr/share/doc/ocaml-calendar-devel-2.01.1/Calendar_builder.html", "size_i": "4213", "regex": "false"},
	{"name_s": "/usr/share/doc/ocaml-calendar-devel-2.01.1/Calendar_sig.S.Date.html", "size_i": "35388", "regex": "false"},
	{"name_s": "/usr/share/doc/ocaml-calendar-devel-2.01.1/Calendar_sig.S.Period.html", "size_i": "8603", "regex": "false"},
	{"name_s": "/usr/share/doc/ocaml-calendar-devel-2.01.1/Calendar_sig.S.Time.html", "size_i": "15911", "regex": "false"},
	{"name_s": "/usr/share/doc/ocaml-calendar-devel-2.01.1/Calendar_sig.S.html", "size_i": "24588", "regex": "false"},
	{"name_s": "/usr/share/doc/ocaml-calendar-devel-2.01.1/Calendar_sig.html", "size_i": "3097", "regex": "false"},
	{"name_s": "/usr/share/doc/ocaml-calendar-devel-2.01.1/Date.html", "size_i": "2138", "regex": "false"},
	{"name_s": "/usr/share/doc/ocaml-calendar-devel-2.01.1/Date_sig.S.Period.html", "size_i": "5325", "regex": "false"},
	{"name_s": "/usr/share/doc/ocaml-calendar-devel-2.01.1/Date_sig.S.html", "size_i": "35383", "regex": "false"},
	{"name_s": "/usr/share/doc/ocaml-calendar-devel-2.01.1/Date_sig.html", "size_i": "3836", "regex": "false"},
	{"name_s": "/usr/share/doc/ocaml-calendar-devel-2.01.1/Fcalendar.Precise.html", "size_i": "24535", "regex": "false"},
	{"name_s": "/usr/share/doc/ocaml-calendar-devel-2.01.1/Fcalendar.html", "size_i": "2798", "regex": "false"},
	{"name_s": "/usr/share/doc/ocaml-calendar-devel-2.01.1/Ftime.html", "size_i": "2246", "regex": "false"},
	{"name_s": "/usr/share/doc/ocaml-calendar-devel-2.01.1/LGPL", "size_i": "26434", "regex": "false"},
	{"name_s": "/usr/share/doc/ocaml-calendar-devel-2.01.1/Period.S.html", "size_i": "4366", "regex": "false"},
	{"name_s": "/usr/share/doc/ocaml-calendar-devel-2.01.1/Period.html", "size_i": "2886", "regex": "false"},
	{"name_s": "/usr/share/doc/ocaml-calendar-devel-2.01.1/Printer.Calendar.html", "size_i": "6930", "regex": "false"},
	{"name_s": "/usr/share/doc/ocaml-calendar-devel-2.01.1/Printer.CalendarPrinter.html", "size_i": "7021", "regex": "false"},
	{"name_s": "/usr/share/doc/ocaml-calendar-devel-2.01.1/Printer.Date.html", "size_i": "6835", "regex": "false"},
	{"name_s": "/usr/share/doc/ocaml-calendar-devel-2.01.1/Printer.DatePrinter.html", "size_i": "6959", "regex": "false"},
	{"name_s": "/usr/share/doc/ocaml-calendar-devel-2.01.1/Printer.Fcalendar.html", "size_i": "6896", "regex": "false"},
	{"name_s": "/usr/share/doc/ocaml-calendar-devel-2.01.1/Printer.Ftime.html", "size_i": "7046", "regex": "false"},
	{"name_s": "/usr/share/doc/ocaml-calendar-devel-2.01.1/Printer.Precise_Calendar.html", "size_i": "6978", "regex": "false"},
	{"name_s": "/usr/share/doc/ocaml-calendar-devel-2.01.1/Printer.Precise_Fcalendar.html", "size_i": "7072", "regex": "false"},
	{"name_s": "/usr/share/doc/ocaml-calendar-devel-2.01.1/Printer.S.html", "size_i": "6656", "regex": "false"},
	{"name_s": "/usr/share/doc/ocaml-calendar-devel-2.01.1/Printer.Time.html", "size_i": "6970", "regex": "false"},
	{"name_s": "/usr/share/doc/ocaml-calendar-devel-2.01.1/Printer.TimePrinter.html", "size_i": "6961", "regex": "false"},
	{"name_s": "/usr/share/doc/ocaml-calendar-devel-2.01.1/Printer.html", "size_i": "14481", "regex": "false"},
	{"name_s": "/usr/share/doc/ocaml-calendar-devel-2.01.1/README", "size_i": "3033", "regex": "false"},
	{"name_s": "/usr/share/doc/ocaml-calendar-devel-2.01.1/TODO", "size_i": "2241", "regex": "false"},
	{"name_s": "/usr/share/doc/ocaml-calendar-devel-2.01.1/Time.html", "size_i": "2154", "regex": "false"},
	{"name_s": "/usr/share/doc/ocaml-calendar-devel-2.01.1/Time_Zone.html", "size_i": "6771", "regex": "false"},
	{"name_s": "/usr/share/doc/ocaml-calendar-devel-2.01.1/Time_sig.S.Period.html", "size_i": "6344", "regex": "false"},
	{"name_s": "/usr/share/doc/ocaml-calendar-devel-2.01.1/Time_sig.S.Second.html", "size_i": "3125", "regex": "false"},
	{"name_s": "/usr/share/doc/ocaml-calendar-devel-2.01.1/Time_sig.S.html", "size_i": "15894", "regex": "false"},
	{"name_s": "/usr/share/doc/ocaml-calendar-devel-2.01.1/Time_sig.Second.html", "size_i": "3144", "regex": "false"},
	{"name_s": "/usr/share/doc/ocaml-calendar-devel-2.01.1/Time_sig.html", "size_i": "3435", "regex": "false"},
	{"name_s": "/usr/share/doc/ocaml-calendar-devel-2.01.1/Utils.Comparable.html", "size_i": "3591", "regex": "false"},
	{"name_s": "/usr/share/doc/ocaml-calendar-devel-2.01.1/Utils.Float.html", "size_i": "2865", "regex": "false"},
	{"name_s": "/usr/share/doc/ocaml-calendar-devel-2.01.1/Utils.Int.html", "size_i": "3191", "regex": "false"},
	{"name_s": "/usr/share/doc/ocaml-calendar-devel-2.01.1/Utils.html", "size_i": "2844", "regex": "false"},
	{"name_s": "/usr/share/doc/ocaml-calendar-devel-2.01.1/Version.html", "size_i": "2340", "regex": "false"},
	{"name_s": "/usr/share/doc/ocaml-calendar-devel-2.01.1/calendarFAQ-2.6.txt", "size_i": "115267", "regex": "false"},
	{"name_s": "/usr/share/doc/ocaml-calendar-devel-2.01.1/index.html", "size_i": "3584", "regex": "false"},
	{"name_s": "/usr/share/doc/ocaml-calendar-devel-2.01.1/index_attributes.html", "size_i": "1507", "regex": "false"},
	{"name_s": "/usr/share/doc/ocaml-calendar-devel-2.01.1/index_class_types.html", "size_i": "1497", "regex": "false"},
	{"name_s": "/usr/share/doc/ocaml-calendar-devel-2.01.1/index_classes.html", "size_i": "1489", "regex": "false"},
	{"name_s": "/usr/share/doc/ocaml-calendar-devel-2.01.1/index_exceptions.html", "size_i": "2681", "regex": "false"},
	{"name_s": "/usr/share/doc/ocaml-calendar-devel-2.01.1/index_methods.html", "size_i": "1501", "regex": "false"},
	{"name_s": "/usr/share/doc/ocaml-calendar-devel-2.01.1/index_module_types.html", "size_i": "2759", "regex": "false"},
	{"name_s": "/usr/share/doc/ocaml-calendar-devel-2.01.1/index_modules.html", "size_i": "7709", "regex": "false"},
	{"name_s": "/usr/share/doc/ocaml-calendar-devel-2.01.1/index_types.html", "size_i": "4727", "regex": "false"},
	{"name_s": "/usr/share/doc/ocaml-calendar-devel-2.01.1/index_values.html", "size_i": "44757", "regex": "false"},
	{"name_s": "/usr/share/doc/ocaml-calendar-devel-2.01.1/style.css", "size_i": "2265", "regex": "false"},
	{"name_s": "/usr/share/doc/ocaml-calendar-devel-2.01.1/type_Calendar.Precise.html", "size_i": "46430", "regex": "false"},
	{"name_s": "/usr/share/doc/ocaml-calendar-devel-2.01.1/type_Calendar.html", "size_i": "98026", "regex": "false"},
	{"name_s": "/usr/share/doc/ocaml-calendar-devel-2.01.1/type_Calendar_builder.Make.html", "size_i": "53412", "regex": "false"},
	{"name_s": "/usr/share/doc/ocaml-calendar-devel-2.01.1/type_Calendar_builder.Make_Precise.html", "size_i": "53420", "regex": "false"},
	{"name_s": "/usr/share/doc/ocaml-calendar-devel-2.01.1/type_Calendar_builder.html", "size_i": "119042", "regex": "false"},
	{"name_s": "/usr/share/doc/ocaml-calendar-devel-2.01.1/type_Calendar_sig.S.Date.html", "size_i": "1528", "regex": "false"},
	{"name_s": "/usr/share/doc/ocaml-calendar-devel-2.01.1/type_Calendar_sig.S.Period.html", "size_i": "7110", "regex": "false"},
	{"name_s": "/usr/share/doc/ocaml-calendar-devel-2.01.1/type_Calendar_sig.S.Time.html", "size_i": "1528", "regex": "false"},
	{"name_s": "/usr/share/doc/ocaml-calendar-devel-2.01.1/type_Calendar_sig.S.html", "size_i": "23682", "regex": "false"},
	{"name_s": "/usr/share/doc/ocaml-calendar-devel-2.01.1/type_Calendar_sig.html", "size_i": "26825", "regex": "false"},
	{"name_s": "/usr/share/doc/ocaml-calendar-devel-2.01.1/type_Date.html", "size_i": "16972", "regex": "false"},
	{"name_s": "/usr/share/doc/ocaml-calendar-devel-2.01.1/type_Date_sig.S.Period.html", "size_i": "4657", "regex": "false"},
	{"name_s": "/usr/share/doc/ocaml-calendar-devel-2.01.1/type_Date_sig.S.html", "size_i": "25540", "regex": "false"},
	{"name_s": "/usr/share/doc/ocaml-calendar-devel-2.01.1/type_Date_sig.html", "size_i": "28506", "regex": "false"},
	{"name_s": "/usr/share/doc/ocaml-calendar-devel-2.01.1/type_Fcalendar.Precise.html", "size_i": "46435", "regex": "false"},
	{"name_s": "/usr/share/doc/ocaml-calendar-devel-2.01.1/type_Fcalendar.html", "size_i": "98035", "regex": "false"},
	{"name_s": "/usr/share/doc/ocaml-calendar-devel-2.01.1/type_Ftime.html", "size_i": "11149", "regex": "false"},
	{"name_s": "/usr/share/doc/ocaml-calendar-devel-2.01.1/type_Period.S.html", "size_i": "3647", "regex": "false"},
	{"name_s": "/usr/share/doc/ocaml-calendar-devel-2.01.1/type_Period.html", "size_i": "4097", "regex": "false"},
	{"name_s": "/usr/share/doc/ocaml-calendar-devel-2.01.1/type_Printer.Calendar.html", "size_i": "2878", "regex": "false"},
	{"name_s": "/usr/share/doc/ocaml-calendar-devel-2.01.1/type_Printer.CalendarPrinter.html", "size_i": "2885", "regex": "false"},
	{"name_s": "/usr/share/doc/ocaml-calendar-devel-2.01.1/type_Printer.Date.html", "size_i": "2870", "regex": "false"},
	{"name_s": "/usr/share/doc/ocaml-calendar-devel-2.01.1/type_Printer.DatePrinter.html", "size_i": "2877", "regex": "false"},
	{"name_s": "/usr/share/doc/ocaml-calendar-devel-2.01.1/type_Printer.Fcalendar.html", "size_i": "2880", "regex": "false"},
	{"name_s": "/usr/share/doc/ocaml-calendar-devel-2.01.1/type_Printer.Ftime.html", "size_i": "2872", "regex": "false"},
	{"name_s": "/usr/share/doc/ocaml-calendar-devel-2.01.1/type_Printer.Precise_Calendar.html", "size_i": "2927", "regex": "false"},
	{"name_s": "/usr/share/doc/ocaml-calendar-devel-2.01.1/type_Printer.Precise_Fcalendar.html", "size_i": "2929", "regex": "false"},
	{"name_s": "/usr/share/doc/ocaml-calendar-devel-2.01.1/type_Printer.S.html", "size_i": "3347", "regex": "false"},
	{"name_s": "/usr/share/doc/ocaml-calendar-devel-2.01.1/type_Printer.Time.html", "size_i": "2870", "regex": "false"},
	{"name_s": "/usr/share/doc/ocaml-calendar-devel-2.01.1/type_Printer.TimePrinter.html", "size_i": "2877", "regex": "false"},
	{"name_s": "/usr/share/doc/ocaml-calendar-devel-2.01.1/type_Printer.html", "size_i": "23046", "regex": "false"},
	{"name_s": "/usr/share/doc/ocaml-calendar-devel-2.01.1/type_Time.html", "size_i": "11146", "regex": "false"},
	{"name_s": "/usr/share/doc/ocaml-calendar-devel-2.01.1/type_Time_Zone.html", "size_i": "3429", "regex": "false"},
	{"name_s": "/usr/share/doc/ocaml-calendar-devel-2.01.1/type_Time_sig.S.Period.html", "size_i": "6004", "regex": "false"},
	{"name_s": "/usr/share/doc/ocaml-calendar-devel-2.01.1/type_Time_sig.S.Second.html", "size_i": "2119", "regex": "false"},
	{"name_s": "/usr/share/doc/ocaml-calendar-devel-2.01.1/type_Time_sig.S.html", "size_i": "16589", "regex": "false"},
	{"name_s": "/usr/share/doc/ocaml-calendar-devel-2.01.1/type_Time_sig.Second.html", "size_i": "2426", "regex": "false"},
	{"name_s": "/usr/share/doc/ocaml-calendar-devel-2.01.1/type_Time_sig.html", "size_i": "19748", "regex": "false"},
	{"name_s": "/usr/share/doc/ocaml-calendar-devel-2.01.1/type_Utils.Comparable.html", "size_i": "2475", "regex": "false"},
	{"name_s": "/usr/share/doc/ocaml-calendar-devel-2.01.1/type_Utils.Float.html", "size_i": "2340", "regex": "false"},
	{"name_s": "/usr/share/doc/ocaml-calendar-devel-2.01.1/type_Utils.Int.html", "size_i": "2069", "regex": "false"},
	{"name_s": "/usr/share/doc/ocaml-calendar-devel-2.01.1/type_Utils.html", "size_i": "4902", "regex": "false"},
	{"name_s": "/usr/share/doc/ocaml-calendar-devel-2.01.1/type_Version.html", "size_i": "1647", "regex": "false"}
]
