[
	{"name_s": "/usr/lib64/ocaml/calendar", "size_i": "4096", "regex": "false"},
	{"name_s": "/usr/lib64/ocaml/calendar/META", "size_i": "145", "regex": "false"},
	{"name_s": "/usr/lib64/ocaml/calendar/calendar.cmi", "size_i": "32293", "regex": "false"},
	{"name_s": "/usr/lib64/ocaml/calendar/calendarLib.a", "size_i": "277048", "regex": "false"},
	{"name_s": "/usr/lib64/ocaml/calendar/calendarLib.cma", "size_i": "70285", "regex": "false"},
	{"name_s": "/usr/lib64/ocaml/calendar/calendarLib.cmi", "size_i": "120941", "regex": "false"},
	{"name_s": "/usr/lib64/ocaml/calendar/calendarLib.cmo", "size_i": "70278", "regex": "false"},
	{"name_s": "/usr/lib64/ocaml/calendar/calendarLib.cmxa", "size_i": "967", "regex": "false"},
	{"name_s": "/usr/lib64/ocaml/calendar/calendarLib.o", "size_i": "254656", "regex": "false"},
	{"name_s": "/usr/lib64/ocaml/calendar/calendar_builder.cmi", "size_i": "32381", "regex": "false"},
	{"name_s": "/usr/lib64/ocaml/calendar/calendar_sig.cmi", "size_i": "6049", "regex": "false"},
	{"name_s": "/usr/lib64/ocaml/calendar/date.cmi", "size_i": "6543", "regex": "false"},
	{"name_s": "/usr/lib64/ocaml/calendar/date_sig.cmi", "size_i": "6535", "regex": "false"},
	{"name_s": "/usr/lib64/ocaml/calendar/fcalendar.cmi", "size_i": "32306", "regex": "false"},
	{"name_s": "/usr/lib64/ocaml/calendar/ftime.cmi", "size_i": "4294", "regex": "false"},
	{"name_s": "/usr/lib64/ocaml/calendar/period.cmi", "size_i": "630", "regex": "false"},
	{"name_s": "/usr/lib64/ocaml/calendar/printer.cmi", "size_i": "7875", "regex": "false"},
	{"name_s": "/usr/lib64/ocaml/calendar/time.cmi", "size_i": "4290", "regex": "false"},
	{"name_s": "/usr/lib64/ocaml/calendar/time_Zone.cmi", "size_i": "736", "regex": "false"},
	{"name_s": "/usr/lib64/ocaml/calendar/time_sig.cmi", "size_i": "4522", "regex": "false"},
	{"name_s": "/usr/lib64/ocaml/calendar/utils.cmi", "size_i": "1026", "regex": "false"},
	{"name_s": "/usr/lib64/ocaml/calendar/version.cmi", "size_i": "205", "regex": "false"},
	{"name_s": "/usr/share/doc/ocaml-calendar-2.01.1", "size_i": "4096", "regex": "false"},
	{"name_s": "/usr/share/doc/ocaml-calendar-2.01.1/CHANGES", "size_i": "6856", "regex": "false"},
	{"name_s": "/usr/share/doc/ocaml-calendar-2.01.1/COPYING", "size_i": "551", "regex": "false"},
	{"name_s": "/usr/share/doc/ocaml-calendar-2.01.1/LGPL", "size_i": "26434", "regex": "false"},
	{"name_s": "/usr/share/doc/ocaml-calendar-2.01.1/README", "size_i": "3033", "regex": "false"},
	{"name_s": "/usr/share/doc/ocaml-calendar-2.01.1/TODO", "size_i": "2241", "regex": "false"}
]
