[
	{"name_s": "/usr/lib64/libopenscap.so.3", "size_i": "20", "regex": "false"},
	{"name_s": "/usr/lib64/libopenscap.so.3.4.0", "size_i": "940232", "regex": "false"},
	{"name_s": "/usr/libexec/openscap/probe_dnscache", "size_i": "34944", "regex": "false"},
	{"name_s": "/usr/libexec/openscap/probe_environmentvariable", "size_i": "47240", "regex": "false"},
	{"name_s": "/usr/libexec/openscap/probe_environmentvariable58", "size_i": "51344", "regex": "false"},
	{"name_s": "/usr/libexec/openscap/probe_family", "size_i": "34944", "regex": "false"},
	{"name_s": "/usr/libexec/openscap/probe_file", "size_i": "43136", "regex": "false"},
	{"name_s": "/usr/libexec/openscap/probe_fileextendedattribute", "size_i": "51344", "regex": "false"},
	{"name_s": "/usr/libexec/openscap/probe_filehash", "size_i": "51328", "regex": "false"},
	{"name_s": "/usr/libexec/openscap/probe_filehash58", "size_i": "67712", "regex": "false"},
	{"name_s": "/usr/libexec/openscap/probe_iflisteners", "size_i": "63616", "regex": "false"},
	{"name_s": "/usr/libexec/openscap/probe_inetlisteningservers", "size_i": "55440", "regex": "false"},
	{"name_s": "/usr/libexec/openscap/probe_interface", "size_i": "51328", "regex": "false"},
	{"name_s": "/usr/libexec/openscap/probe_partition", "size_i": "43928", "regex": "false"},
	{"name_s": "/usr/libexec/openscap/probe_password", "size_i": "51328", "regex": "false"},
	{"name_s": "/usr/libexec/openscap/probe_process", "size_i": "51328", "regex": "false"},
	{"name_s": "/usr/libexec/openscap/probe_process58", "size_i": "55424", "regex": "false"},
	{"name_s": "/usr/libexec/openscap/probe_routingtable", "size_i": "51336", "regex": "false"},
	{"name_s": "/usr/libexec/openscap/probe_rpminfo", "size_i": "55424", "regex": "false"},
	{"name_s": "/usr/libexec/openscap/probe_rpmverify", "size_i": "55424", "regex": "false"},
	{"name_s": "/usr/libexec/openscap/probe_rpmverifyfile", "size_i": "55432", "regex": "false"},
	{"name_s": "/usr/libexec/openscap/probe_rpmverifypackage", "size_i": "55696", "regex": "false"},
	{"name_s": "/usr/libexec/openscap/probe_runlevel", "size_i": "51328", "regex": "false"},
	{"name_s": "/usr/libexec/openscap/probe_selinuxboolean", "size_i": "47240", "regex": "false"},
	{"name_s": "/usr/libexec/openscap/probe_selinuxsecuritycontext", "size_i": "55440", "regex": "false"},
	{"name_s": "/usr/libexec/openscap/probe_shadow", "size_i": "51328", "regex": "false"},
	{"name_s": "/usr/libexec/openscap/probe_sysctl", "size_i": "51328", "regex": "false"},
	{"name_s": "/usr/libexec/openscap/probe_system_info", "size_i": "39040", "regex": "false"},
	{"name_s": "/usr/libexec/openscap/probe_textfilecontent", "size_i": "39048", "regex": "false"},
	{"name_s": "/usr/libexec/openscap/probe_textfilecontent54", "size_i": "51336", "regex": "false"},
	{"name_s": "/usr/libexec/openscap/probe_uname", "size_i": "34944", "regex": "false"},
	{"name_s": "/usr/libexec/openscap/probe_variable", "size_i": "39040", "regex": "false"},
	{"name_s": "/usr/libexec/openscap/probe_xinetd", "size_i": "60504", "regex": "false"},
	{"name_s": "/usr/libexec/openscap/probe_xmlfilecontent", "size_i": "43144", "regex": "false"},
	{"name_s": "/usr/share/doc/openscap-0.9.12", "size_i": "4096", "regex": "false"},
	{"name_s": "/usr/share/doc/openscap-0.9.12/AUTHORS", "size_i": "316", "regex": "false"},
	{"name_s": "/usr/share/doc/openscap-0.9.12/COPYING", "size_i": "26436", "regex": "false"},
	{"name_s": "/usr/share/doc/openscap-0.9.12/ChangeLog", "size_i": "607591", "regex": "false"},
	{"name_s": "/usr/share/doc/openscap-0.9.12/NEWS", "size_i": "12811", "regex": "false"},
	{"name_s": "/usr/share/doc/openscap-0.9.12/README", "size_i": "1254", "regex": "false"},
	{"name_s": "/usr/share/openscap", "size_i": "4096", "regex": "false"},
	{"name_s": "/usr/share/openscap/cpe", "size_i": "4096", "regex": "false"},
	{"name_s": "/usr/share/openscap/cpe/README", "size_i": "439", "regex": "false"},
	{"name_s": "/usr/share/openscap/cpe/openscap-cpe-dict.xml", "size_i": "3773", "regex": "false"},
	{"name_s": "/usr/share/openscap/cpe/openscap-cpe-oval.xml", "size_i": "17921", "regex": "false"},
	{"name_s": "/usr/share/openscap/schemas", "size_i": "4096", "regex": "false"},
	{"name_s": "/usr/share/openscap/schemas/arf", "size_i": "4096", "regex": "false"},
	{"name_s": "/usr/share/openscap/schemas/arf/1.1", "size_i": "4096", "regex": "false"},
	{"name_s": "/usr/share/openscap/schemas/arf/1.1/asset-identification_1.1.0.xsd", "size_i": "46307", "regex": "false"},
	{"name_s": "/usr/share/openscap/schemas/arf/1.1/asset-reporting-format_1.1.0.xsd", "size_i": "22536", "regex": "false"},
	{"name_s": "/usr/share/openscap/schemas/arf/1.1/reporting-core_1.1.0.xsd", "size_i": "4749", "regex": "false"},
	{"name_s": "/usr/share/openscap/schemas/arf/1.1/xAL.xsd", "size_i": "74544", "regex": "false"},
	{"name_s": "/usr/share/openscap/schemas/arf/1.1/xNL.xsd", "size_i": "29939", "regex": "false"},
	{"name_s": "/usr/share/openscap/schemas/arf/1.1/xlink.xsd", "size_i": "8311", "regex": "false"},
	{"name_s": "/usr/share/openscap/schemas/common", "size_i": "4096", "regex": "false"},
	{"name_s": "/usr/share/openscap/schemas/common/xml.xsd", "size_i": "4718", "regex": "false"},
	{"name_s": "/usr/share/openscap/schemas/common/xmldsig-core-schema.xsd", "size_i": "9951", "regex": "false"},
	{"name_s": "/usr/share/openscap/schemas/cpe", "size_i": "4096", "regex": "false"},
	{"name_s": "/usr/share/openscap/schemas/cpe/2.0", "size_i": "4096", "regex": "false"},
	{"name_s": "/usr/share/openscap/schemas/cpe/2.0/cpe-dictionary_2.0.xsd", "size_i": "8034", "regex": "false"},
	{"name_s": "/usr/share/openscap/schemas/cpe/2.1", "size_i": "4096", "regex": "false"},
	{"name_s": "/usr/share/openscap/schemas/cpe/2.1/cpe-dictionary_2.1.xsd", "size_i": "13798", "regex": "false"},
	{"name_s": "/usr/share/openscap/schemas/cpe/2.2", "size_i": "4096", "regex": "false"},
	{"name_s": "/usr/share/openscap/schemas/cpe/2.2/cpe-dictionary_2.2.xsd", "size_i": "13798", "regex": "false"},
	{"name_s": "/usr/share/openscap/schemas/cpe/2.3", "size_i": "4096", "regex": "false"},
	{"name_s": "/usr/share/openscap/schemas/cpe/2.3/cpe-dictionary_2.3.xsd", "size_i": "13528", "regex": "false"},
	{"name_s": "/usr/share/openscap/schemas/cpe/2.3/cpe-language_2.3.xsd", "size_i": "14160", "regex": "false"},
	{"name_s": "/usr/share/openscap/schemas/cpe/2.3/cpe-naming_2.3.xsd", "size_i": "2254", "regex": "false"},
	{"name_s": "/usr/share/openscap/schemas/cve", "size_i": "4096", "regex": "false"},
	{"name_s": "/usr/share/openscap/schemas/cve/cce_0.1.xsd", "size_i": "2920", "regex": "false"},
	{"name_s": "/usr/share/openscap/schemas/cve/cpe-language_2.1.xsd", "size_i": "8336", "regex": "false"},
	{"name_s": "/usr/share/openscap/schemas/cve/cve_0.1.xsd", "size_i": "3298", "regex": "false"},
	{"name_s": "/usr/share/openscap/schemas/cve/cvss-v2_0.2.xsd", "size_i": "17685", "regex": "false"},
	{"name_s": "/usr/share/openscap/schemas/cve/nvd-cve-feed_2.0.xsd", "size_i": "2491", "regex": "false"},
	{"name_s": "/usr/share/openscap/schemas/cve/patch_0.1.xsd", "size_i": "3631", "regex": "false"},
	{"name_s": "/usr/share/openscap/schemas/cve/scap-core_0.1.xsd", "size_i": "7782", "regex": "false"},
	{"name_s": "/usr/share/openscap/schemas/cve/vulnerability_0.4.xsd", "size_i": "15088", "regex": "false"},
	{"name_s": "/usr/share/openscap/schemas/ocil", "size_i": "4096", "regex": "false"},
	{"name_s": "/usr/share/openscap/schemas/ocil/2.0", "size_i": "4096", "regex": "false"},
	{"name_s": "/usr/share/openscap/schemas/ocil/2.0/ocil-2.0.xsd", "size_i": "135705", "regex": "false"},
	{"name_s": "/usr/share/openscap/schemas/oval", "size_i": "4096", "regex": "false"},
	{"name_s": "/usr/share/openscap/schemas/oval/5.10", "size_i": "4096", "regex": "false"},
	{"name_s": "/usr/share/openscap/schemas/oval/5.10.1", "size_i": "4096", "regex": "false"},
	{"name_s": "/usr/share/openscap/schemas/oval/5.10.1/aix-definitions-schema.xsd", "size_i": "52695", "regex": "false"},
	{"name_s": "/usr/share/openscap/schemas/oval/5.10.1/aix-system-characteristics-schema.xsd", "size_i": "24494", "regex": "false"},
	{"name_s": "/usr/share/openscap/schemas/oval/5.10.1/apache-definitions-schema.xsd", "size_i": "13496", "regex": "false"},
	{"name_s": "/usr/share/openscap/schemas/oval/5.10.1/apache-system-characteristics-schema.xsd", "size_i": "5766", "regex": "false"},
	{"name_s": "/usr/share/openscap/schemas/oval/5.10.1/catos-definitions-schema.xsd", "size_i": "38347", "regex": "false"},
	{"name_s": "/usr/share/openscap/schemas/oval/5.10.1/catos-system-characteristics-schema.xsd", "size_i": "16107", "regex": "false"},
	{"name_s": "/usr/share/openscap/schemas/oval/5.10.1/esx-definitions-schema.xsd", "size_i": "52711", "regex": "false"},
	{"name_s": "/usr/share/openscap/schemas/oval/5.10.1/esx-system-characteristics-schema.xsd", "size_i": "20653", "regex": "false"},
	{"name_s": "/usr/share/openscap/schemas/oval/5.10.1/freebsd-definitions-schema.xsd", "size_i": "12336", "regex": "false"},
	{"name_s": "/usr/share/openscap/schemas/oval/5.10.1/freebsd-system-characteristics-schema.xsd", "size_i": "5792", "regex": "false"},
	{"name_s": "/usr/share/openscap/schemas/oval/5.10.1/hpux-definitions-schema.xsd", "size_i": "67543", "regex": "false"},
	{"name_s": "/usr/share/openscap/schemas/oval/5.10.1/hpux-system-characteristics-schema.xsd", "size_i": "19492", "regex": "false"},
	{"name_s": "/usr/share/openscap/schemas/oval/5.10.1/independent-definitions-schema.xsd", "size_i": "236206", "regex": "false"},
	{"name_s": "/usr/share/openscap/schemas/oval/5.10.1/independent-system-characteristics-schema.xsd", "size_i": "71519", "regex": "false"},
	{"name_s": "/usr/share/openscap/schemas/oval/5.10.1/ios-definitions-schema.xsd", "size_i": "59455", "regex": "false"},
	{"name_s": "/usr/share/openscap/schemas/oval/5.10.1/ios-system-characteristics-schema.xsd", "size_i": "22964", "regex": "false"},
	{"name_s": "/usr/share/openscap/schemas/oval/5.10.1/linux-definitions-schema.xsd", "size_i": "206342", "regex": "false"},
	{"name_s": "/usr/share/openscap/schemas/oval/5.10.1/linux-system-characteristics-schema.xsd", "size_i": "98272", "regex": "false"},
	{"name_s": "/usr/share/openscap/schemas/oval/5.10.1/macos-definitions-schema.xsd", "size_i": "139796", "regex": "false"},
	{"name_s": "/usr/share/openscap/schemas/oval/5.10.1/macos-system-characteristics-schema.xsd", "size_i": "55227", "regex": "false"},
	{"name_s": "/usr/share/openscap/schemas/oval/5.10.1/oval-common-schema.xsd", "size_i": "69583", "regex": "false"},
	{"name_s": "/usr/share/openscap/schemas/oval/5.10.1/oval-definitions-schema.xsd", "size_i": "168569", "regex": "false"},
	{"name_s": "/usr/share/openscap/schemas/oval/5.10.1/oval-definitions-schematron.xsl", "size_i": "560323", "regex": "false"},
	{"name_s": "/usr/share/openscap/schemas/oval/5.10.1/oval-directives-schema.xsd", "size_i": "7635", "regex": "false"},
	{"name_s": "/usr/share/openscap/schemas/oval/5.10.1/oval-directives-schematron.xsl", "size_i": "70155", "regex": "false"},
	{"name_s": "/usr/share/openscap/schemas/oval/5.10.1/oval-results-schema.xsd", "size_i": "71129", "regex": "false"},
	{"name_s": "/usr/share/openscap/schemas/oval/5.10.1/oval-results-schematron.xsl", "size_i": "70088", "regex": "false"},
	{"name_s": "/usr/share/openscap/schemas/oval/5.10.1/oval-system-characteristics-schema.xsd", "size_i": "56700", "regex": "false"},
	{"name_s": "/usr/share/openscap/schemas/oval/5.10.1/oval-system-characteristics-schematron.xsl", "size_i": "33373", "regex": "false"},
	{"name_s": "/usr/share/openscap/schemas/oval/5.10.1/oval-variables-schema.xsd", "size_i": "7122", "regex": "false"},
	{"name_s": "/usr/share/openscap/schemas/oval/5.10.1/oval-variables-schematron.xsl", "size_i": "6777", "regex": "false"},
	{"name_s": "/usr/share/openscap/schemas/oval/5.10.1/pixos-definitions-schema.xsd", "size_i": "17626", "regex": "false"},
	{"name_s": "/usr/share/openscap/schemas/oval/5.10.1/pixos-system-characteristics-schema.xsd", "size_i": "6978", "regex": "false"},
	{"name_s": "/usr/share/openscap/schemas/oval/5.10.1/sharepoint-definitions-schema.xsd", "size_i": "199740", "regex": "false"},
	{"name_s": "/usr/share/openscap/schemas/oval/5.10.1/sharepoint-system-characteristics-schema.xsd", "size_i": "94997", "regex": "false"},
	{"name_s": "/usr/share/openscap/schemas/oval/5.10.1/solaris-definitions-schema.xsd", "size_i": "83702", "regex": "false"},
	{"name_s": "/usr/share/openscap/schemas/oval/5.10.1/solaris-system-characteristics-schema.xsd", "size_i": "35109", "regex": "false"},
	{"name_s": "/usr/share/openscap/schemas/oval/5.10.1/unix-definitions-schema.xsd", "size_i": "262407", "regex": "false"},
	{"name_s": "/usr/share/openscap/schemas/oval/5.10.1/unix-system-characteristics-schema.xsd", "size_i": "120575", "regex": "false"},
	{"name_s": "/usr/share/openscap/schemas/oval/5.10.1/windows-definitions-schema.xsd", "size_i": "879741", "regex": "false"},
	{"name_s": "/usr/share/openscap/schemas/oval/5.10.1/windows-system-characteristics-schema.xsd", "size_i": "368765", "regex": "false"},
	{"name_s": "/usr/share/openscap/schemas/oval/5.10/aix-definitions-schema.xsd", "size_i": "52691", "regex": "false"},
	{"name_s": "/usr/share/openscap/schemas/oval/5.10/aix-system-characteristics-schema.xsd", "size_i": "24490", "regex": "false"},
	{"name_s": "/usr/share/openscap/schemas/oval/5.10/apache-definitions-schema.xsd", "size_i": "13492", "regex": "false"},
	{"name_s": "/usr/share/openscap/schemas/oval/5.10/apache-system-characteristics-schema.xsd", "size_i": "5762", "regex": "false"},
	{"name_s": "/usr/share/openscap/schemas/oval/5.10/catos-definitions-schema.xsd", "size_i": "38343", "regex": "false"},
	{"name_s": "/usr/share/openscap/schemas/oval/5.10/catos-system-characteristics-schema.xsd", "size_i": "16103", "regex": "false"},
	{"name_s": "/usr/share/openscap/schemas/oval/5.10/esx-definitions-schema.xsd", "size_i": "52709", "regex": "false"},
	{"name_s": "/usr/share/openscap/schemas/oval/5.10/esx-system-characteristics-schema.xsd", "size_i": "20649", "regex": "false"},
	{"name_s": "/usr/share/openscap/schemas/oval/5.10/freebsd-definitions-schema.xsd", "size_i": "12332", "regex": "false"},
	{"name_s": "/usr/share/openscap/schemas/oval/5.10/freebsd-system-characteristics-schema.xsd", "size_i": "5788", "regex": "false"},
	{"name_s": "/usr/share/openscap/schemas/oval/5.10/hpux-definitions-schema.xsd", "size_i": "67539", "regex": "false"},
	{"name_s": "/usr/share/openscap/schemas/oval/5.10/hpux-system-characteristics-schema.xsd", "size_i": "19488", "regex": "false"},
	{"name_s": "/usr/share/openscap/schemas/oval/5.10/independent-definitions-schema.xsd", "size_i": "236202", "regex": "false"},
	{"name_s": "/usr/share/openscap/schemas/oval/5.10/independent-system-characteristics-schema.xsd", "size_i": "71515", "regex": "false"},
	{"name_s": "/usr/share/openscap/schemas/oval/5.10/ios-definitions-schema.xsd", "size_i": "59451", "regex": "false"},
	{"name_s": "/usr/share/openscap/schemas/oval/5.10/ios-system-characteristics-schema.xsd", "size_i": "22960", "regex": "false"},
	{"name_s": "/usr/share/openscap/schemas/oval/5.10/linux-definitions-schema.xsd", "size_i": "205952", "regex": "false"},
	{"name_s": "/usr/share/openscap/schemas/oval/5.10/linux-system-characteristics-schema.xsd", "size_i": "98267", "regex": "false"},
	{"name_s": "/usr/share/openscap/schemas/oval/5.10/macos-definitions-schema.xsd", "size_i": "139790", "regex": "false"},
	{"name_s": "/usr/share/openscap/schemas/oval/5.10/macos-system-characteristics-schema.xsd", "size_i": "55221", "regex": "false"},
	{"name_s": "/usr/share/openscap/schemas/oval/5.10/oval-common-schema.xsd", "size_i": "69099", "regex": "false"},
	{"name_s": "/usr/share/openscap/schemas/oval/5.10/oval-definitions-schema.xsd", "size_i": "168565", "regex": "false"},
	{"name_s": "/usr/share/openscap/schemas/oval/5.10/oval-definitions-schematron.xsl", "size_i": "558947", "regex": "false"},
	{"name_s": "/usr/share/openscap/schemas/oval/5.10/oval-directives-schema.xsd", "size_i": "7631", "regex": "false"},
	{"name_s": "/usr/share/openscap/schemas/oval/5.10/oval-directives-schematron.xsl", "size_i": "70157", "regex": "false"},
	{"name_s": "/usr/share/openscap/schemas/oval/5.10/oval-results-schema.xsd", "size_i": "71125", "regex": "false"},
	{"name_s": "/usr/share/openscap/schemas/oval/5.10/oval-results-schematron.xsl", "size_i": "70090", "regex": "false"},
	{"name_s": "/usr/share/openscap/schemas/oval/5.10/oval-system-characteristics-schema.xsd", "size_i": "56696", "regex": "false"},
	{"name_s": "/usr/share/openscap/schemas/oval/5.10/oval-system-characteristics-schematron.xsl", "size_i": "33377", "regex": "false"},
	{"name_s": "/usr/share/openscap/schemas/oval/5.10/oval-variables-schema.xsd", "size_i": "7118", "regex": "false"},
	{"name_s": "/usr/share/openscap/schemas/oval/5.10/oval-variables-schematron.xsl", "size_i": "6779", "regex": "false"},
	{"name_s": "/usr/share/openscap/schemas/oval/5.10/pixos-definitions-schema.xsd", "size_i": "17622", "regex": "false"},
	{"name_s": "/usr/share/openscap/schemas/oval/5.10/pixos-system-characteristics-schema.xsd", "size_i": "6974", "regex": "false"},
	{"name_s": "/usr/share/openscap/schemas/oval/5.10/sharepoint-definitions-schema.xsd", "size_i": "199738", "regex": "false"},
	{"name_s": "/usr/share/openscap/schemas/oval/5.10/sharepoint-system-characteristics-schema.xsd", "size_i": "94993", "regex": "false"},
	{"name_s": "/usr/share/openscap/schemas/oval/5.10/solaris-definitions-schema.xsd", "size_i": "83698", "regex": "false"},
	{"name_s": "/usr/share/openscap/schemas/oval/5.10/solaris-system-characteristics-schema.xsd", "size_i": "35105", "regex": "false"},
	{"name_s": "/usr/share/openscap/schemas/oval/5.10/unix-definitions-schema.xsd", "size_i": "262403", "regex": "false"},
	{"name_s": "/usr/share/openscap/schemas/oval/5.10/unix-system-characteristics-schema.xsd", "size_i": "120571", "regex": "false"},
	{"name_s": "/usr/share/openscap/schemas/oval/5.10/windows-definitions-schema.xsd", "size_i": "878519", "regex": "false"},
	{"name_s": "/usr/share/openscap/schemas/oval/5.10/windows-system-characteristics-schema.xsd", "size_i": "368776", "regex": "false"},
	{"name_s": "/usr/share/openscap/schemas/oval/5.3", "size_i": "4096", "regex": "false"},
	{"name_s": "/usr/share/openscap/schemas/oval/5.3/apache-definitions-schema.xsd", "size_i": "14296", "regex": "false"},
	{"name_s": "/usr/share/openscap/schemas/oval/5.3/apache-system-characteristics-schema.xsd", "size_i": "7170", "regex": "false"},
	{"name_s": "/usr/share/openscap/schemas/oval/5.3/freebsd-definitions-schema.xsd", "size_i": "17679", "regex": "false"},
	{"name_s": "/usr/share/openscap/schemas/oval/5.3/freebsd-system-characteristics-schema.xsd", "size_i": "9408", "regex": "false"},
	{"name_s": "/usr/share/openscap/schemas/oval/5.3/hpux-definitions-schema.xsd", "size_i": "94142", "regex": "false"},
	{"name_s": "/usr/share/openscap/schemas/oval/5.3/hpux-system-characteristics-schema.xsd", "size_i": "34346", "regex": "false"},
	{"name_s": "/usr/share/openscap/schemas/oval/5.3/independent-definitions-schema.xsd", "size_i": "121028", "regex": "false"},
	{"name_s": "/usr/share/openscap/schemas/oval/5.3/independent-system-characteristics-schema.xsd", "size_i": "39347", "regex": "false"},
	{"name_s": "/usr/share/openscap/schemas/oval/5.3/ios-definitions-schema.xsd", "size_i": "54410", "regex": "false"},
	{"name_s": "/usr/share/openscap/schemas/oval/5.3/ios-system-characteristics-schema.xsd", "size_i": "25496", "regex": "false"},
	{"name_s": "/usr/share/openscap/schemas/oval/5.3/linux-definitions-schema.xsd", "size_i": "69893", "regex": "false"},
	{"name_s": "/usr/share/openscap/schemas/oval/5.3/linux-system-characteristics-schema.xsd", "size_i": "37965", "regex": "false"},
	{"name_s": "/usr/share/openscap/schemas/oval/5.3/macos-definitions-schema.xsd", "size_i": "66109", "regex": "false"},
	{"name_s": "/usr/share/openscap/schemas/oval/5.3/macos-system-characteristics-schema.xsd", "size_i": "37295", "regex": "false"},
	{"name_s": "/usr/share/openscap/schemas/oval/5.3/oval-common-schema.xsd", "size_i": "45160", "regex": "false"},
	{"name_s": "/usr/share/openscap/schemas/oval/5.3/oval-definitions-schema.xsd", "size_i": "95021", "regex": "false"},
	{"name_s": "/usr/share/openscap/schemas/oval/5.3/oval-definitions-schematron.xsl", "size_i": "1073353", "regex": "false"},
	{"name_s": "/usr/share/openscap/schemas/oval/5.3/oval-results-schema.xsd", "size_i": "47289", "regex": "false"},
	{"name_s": "/usr/share/openscap/schemas/oval/5.3/oval-results-schematron.xsl", "size_i": "28854", "regex": "false"},
	{"name_s": "/usr/share/openscap/schemas/oval/5.3/oval-system-characteristics-schema.xsd", "size_i": "37953", "regex": "false"},
	{"name_s": "/usr/share/openscap/schemas/oval/5.3/oval-system-characteristics-schematron.xsl", "size_i": "487112", "regex": "false"},
	{"name_s": "/usr/share/openscap/schemas/oval/5.3/oval-variables-schema.xsd", "size_i": "6334", "regex": "false"},
	{"name_s": "/usr/share/openscap/schemas/oval/5.3/oval-variables-schematron.xsl", "size_i": "5893", "regex": "false"},
	{"name_s": "/usr/share/openscap/schemas/oval/5.3/solaris-definitions-schema.xsd", "size_i": "31222", "regex": "false"},
	{"name_s": "/usr/share/openscap/schemas/oval/5.3/solaris-system-characteristics-schema.xsd", "size_i": "16593", "regex": "false"},
	{"name_s": "/usr/share/openscap/schemas/oval/5.3/unix-definitions-schema.xsd", "size_i": "141736", "regex": "false"},
	{"name_s": "/usr/share/openscap/schemas/oval/5.3/unix-system-characteristics-schema.xsd", "size_i": "114619", "regex": "false"},
	{"name_s": "/usr/share/openscap/schemas/oval/5.3/windows-definitions-schema.xsd", "size_i": "878311", "regex": "false"},
	{"name_s": "/usr/share/openscap/schemas/oval/5.3/windows-system-characteristics-schema.xsd", "size_i": "421121", "regex": "false"},
	{"name_s": "/usr/share/openscap/schemas/oval/5.4", "size_i": "4096", "regex": "false"},
	{"name_s": "/usr/share/openscap/schemas/oval/5.4/aix-definitions-schema.xsd", "size_i": "34555", "regex": "false"},
	{"name_s": "/usr/share/openscap/schemas/oval/5.4/aix-system-characteristics-schema.xsd", "size_i": "22268", "regex": "false"},
	{"name_s": "/usr/share/openscap/schemas/oval/5.4/apache-definitions-schema.xsd", "size_i": "17025", "regex": "false"},
	{"name_s": "/usr/share/openscap/schemas/oval/5.4/apache-system-characteristics-schema.xsd", "size_i": "7602", "regex": "false"},
	{"name_s": "/usr/share/openscap/schemas/oval/5.4/catos-definitions-schema.xsd", "size_i": "32134", "regex": "false"},
	{"name_s": "/usr/share/openscap/schemas/oval/5.4/catos-system-characteristics-schema.xsd", "size_i": "20248", "regex": "false"},
	{"name_s": "/usr/share/openscap/schemas/oval/5.4/esx-definitions-schema.xsd", "size_i": "17661", "regex": "false"},
	{"name_s": "/usr/share/openscap/schemas/oval/5.4/esx-system-characteristics-schema.xsd", "size_i": "9824", "regex": "false"},
	{"name_s": "/usr/share/openscap/schemas/oval/5.4/freebsd-definitions-schema.xsd", "size_i": "15805", "regex": "false"},
	{"name_s": "/usr/share/openscap/schemas/oval/5.4/freebsd-system-characteristics-schema.xsd", "size_i": "9848", "regex": "false"},
	{"name_s": "/usr/share/openscap/schemas/oval/5.4/hpux-definitions-schema.xsd", "size_i": "83817", "regex": "false"},
	{"name_s": "/usr/share/openscap/schemas/oval/5.4/hpux-system-characteristics-schema.xsd", "size_i": "34785", "regex": "false"},
	{"name_s": "/usr/share/openscap/schemas/oval/5.4/independent-definitions-schema.xsd", "size_i": "127339", "regex": "false"},
	{"name_s": "/usr/share/openscap/schemas/oval/5.4/independent-system-characteristics-schema.xsd", "size_i": "44835", "regex": "false"},
	{"name_s": "/usr/share/openscap/schemas/oval/5.4/ios-definitions-schema.xsd", "size_i": "51760", "regex": "false"},
	{"name_s": "/usr/share/openscap/schemas/oval/5.4/ios-system-characteristics-schema.xsd", "size_i": "25936", "regex": "false"},
	{"name_s": "/usr/share/openscap/schemas/oval/5.4/linux-definitions-schema.xsd", "size_i": "70333", "regex": "false"},
	{"name_s": "/usr/share/openscap/schemas/oval/5.4/linux-system-characteristics-schema.xsd", "size_i": "38405", "regex": "false"},
	{"name_s": "/usr/share/openscap/schemas/oval/5.4/macos-definitions-schema.xsd", "size_i": "58130", "regex": "false"},
	{"name_s": "/usr/share/openscap/schemas/oval/5.4/macos-system-characteristics-schema.xsd", "size_i": "37735", "regex": "false"},
	{"name_s": "/usr/share/openscap/schemas/oval/5.4/oval-common-schema.xsd", "size_i": "47787", "regex": "false"},
	{"name_s": "/usr/share/openscap/schemas/oval/5.4/oval-definitions-schema.xsd", "size_i": "101185", "regex": "false"},
	{"name_s": "/usr/share/openscap/schemas/oval/5.4/oval-definitions-schematron.xsl", "size_i": "770572", "regex": "false"},
	{"name_s": "/usr/share/openscap/schemas/oval/5.4/oval-results-schema.xsd", "size_i": "48592", "regex": "false"},
	{"name_s": "/usr/share/openscap/schemas/oval/5.4/oval-results-schematron.xsl", "size_i": "32178", "regex": "false"},
	{"name_s": "/usr/share/openscap/schemas/oval/5.4/oval-system-characteristics-schema.xsd", "size_i": "39831", "regex": "false"},
	{"name_s": "/usr/share/openscap/schemas/oval/5.4/oval-system-characteristics-schematron.xsl", "size_i": "527577", "regex": "false"},
	{"name_s": "/usr/share/openscap/schemas/oval/5.4/oval-variables-schema.xsd", "size_i": "6776", "regex": "false"},
	{"name_s": "/usr/share/openscap/schemas/oval/5.4/oval-variables-schematron.xsl", "size_i": "5893", "regex": "false"},
	{"name_s": "/usr/share/openscap/schemas/oval/5.4/solaris-definitions-schema.xsd", "size_i": "63895", "regex": "false"},
	{"name_s": "/usr/share/openscap/schemas/oval/5.4/solaris-system-characteristics-schema.xsd", "size_i": "33716", "regex": "false"},
	{"name_s": "/usr/share/openscap/schemas/oval/5.4/unix-definitions-schema.xsd", "size_i": "181169", "regex": "false"},
	{"name_s": "/usr/share/openscap/schemas/oval/5.4/unix-system-characteristics-schema.xsd", "size_i": "115281", "regex": "false"},
	{"name_s": "/usr/share/openscap/schemas/oval/5.4/windows-definitions-schema.xsd", "size_i": "817654", "regex": "false"},
	{"name_s": "/usr/share/openscap/schemas/oval/5.4/windows-system-characteristics-schema.xsd", "size_i": "430229", "regex": "false"},
	{"name_s": "/usr/share/openscap/schemas/oval/5.5", "size_i": "4096", "regex": "false"},
	{"name_s": "/usr/share/openscap/schemas/oval/5.5/aix-definitions-schema.xsd", "size_i": "37042", "regex": "false"},
	{"name_s": "/usr/share/openscap/schemas/oval/5.5/aix-system-characteristics-schema.xsd", "size_i": "22233", "regex": "false"},
	{"name_s": "/usr/share/openscap/schemas/oval/5.5/apache-definitions-schema.xsd", "size_i": "16912", "regex": "false"},
	{"name_s": "/usr/share/openscap/schemas/oval/5.5/apache-system-characteristics-schema.xsd", "size_i": "7565", "regex": "false"},
	{"name_s": "/usr/share/openscap/schemas/oval/5.5/catos-definitions-schema.xsd", "size_i": "46350", "regex": "false"},
	{"name_s": "/usr/share/openscap/schemas/oval/5.5/catos-system-characteristics-schema.xsd", "size_i": "24539", "regex": "false"},
	{"name_s": "/usr/share/openscap/schemas/oval/5.5/esx-definitions-schema.xsd", "size_i": "17537", "regex": "false"},
	{"name_s": "/usr/share/openscap/schemas/oval/5.5/esx-system-characteristics-schema.xsd", "size_i": "9776", "regex": "false"},
	{"name_s": "/usr/share/openscap/schemas/oval/5.5/freebsd-definitions-schema.xsd", "size_i": "15691", "regex": "false"},
	{"name_s": "/usr/share/openscap/schemas/oval/5.5/freebsd-system-characteristics-schema.xsd", "size_i": "9810", "regex": "false"},
	{"name_s": "/usr/share/openscap/schemas/oval/5.5/hpux-definitions-schema.xsd", "size_i": "83703", "regex": "false"},
	{"name_s": "/usr/share/openscap/schemas/oval/5.5/hpux-system-characteristics-schema.xsd", "size_i": "34745", "regex": "false"},
	{"name_s": "/usr/share/openscap/schemas/oval/5.5/independent-definitions-schema.xsd", "size_i": "129116", "regex": "false"},
	{"name_s": "/usr/share/openscap/schemas/oval/5.5/independent-system-characteristics-schema.xsd", "size_i": "44905", "regex": "false"},
	{"name_s": "/usr/share/openscap/schemas/oval/5.5/ios-definitions-schema.xsd", "size_i": "67222", "regex": "false"},
	{"name_s": "/usr/share/openscap/schemas/oval/5.5/ios-system-characteristics-schema.xsd", "size_i": "34682", "regex": "false"},
	{"name_s": "/usr/share/openscap/schemas/oval/5.5/linux-definitions-schema.xsd", "size_i": "70223", "regex": "false"},
	{"name_s": "/usr/share/openscap/schemas/oval/5.5/linux-system-characteristics-schema.xsd", "size_i": "38369", "regex": "false"},
	{"name_s": "/usr/share/openscap/schemas/oval/5.5/macos-definitions-schema.xsd", "size_i": "58375", "regex": "false"},
	{"name_s": "/usr/share/openscap/schemas/oval/5.5/macos-system-characteristics-schema.xsd", "size_i": "37699", "regex": "false"},
	{"name_s": "/usr/share/openscap/schemas/oval/5.5/oval-common-schema.xsd", "size_i": "49500", "regex": "false"},
	{"name_s": "/usr/share/openscap/schemas/oval/5.5/oval-definitions-schema.xsd", "size_i": "123656", "regex": "false"},
	{"name_s": "/usr/share/openscap/schemas/oval/5.5/oval-definitions-schematron.xsl", "size_i": "815581", "regex": "false"},
	{"name_s": "/usr/share/openscap/schemas/oval/5.5/oval-results-schema.xsd", "size_i": "48487", "regex": "false"},
	{"name_s": "/usr/share/openscap/schemas/oval/5.5/oval-results-schematron.xsl", "size_i": "50727", "regex": "false"},
	{"name_s": "/usr/share/openscap/schemas/oval/5.5/oval-system-characteristic-schematron.xsl", "size_i": "536853", "regex": "false"},
	{"name_s": "/usr/share/openscap/schemas/oval/5.5/oval-system-characteristics-schema.xsd", "size_i": "41541", "regex": "false"},
	{"name_s": "/usr/share/openscap/schemas/oval/5.5/oval-variables-schema.xsd", "size_i": "6929", "regex": "false"},
	{"name_s": "/usr/share/openscap/schemas/oval/5.5/oval-variables-schematron.xsl", "size_i": "5893", "regex": "false"},
	{"name_s": "/usr/share/openscap/schemas/oval/5.5/pixos-definitions-schema.xsd", "size_i": "20664", "regex": "false"},
	{"name_s": "/usr/share/openscap/schemas/oval/5.5/pixos-system-characteristics-schema.xsd", "size_i": "11015", "regex": "false"},
	{"name_s": "/usr/share/openscap/schemas/oval/5.5/solaris-definitions-schema.xsd", "size_i": "63785", "regex": "false"},
	{"name_s": "/usr/share/openscap/schemas/oval/5.5/solaris-system-characteristics-schema.xsd", "size_i": "33678", "regex": "false"},
	{"name_s": "/usr/share/openscap/schemas/oval/5.5/unix-definitions-schema.xsd", "size_i": "181058", "regex": "false"},
	{"name_s": "/usr/share/openscap/schemas/oval/5.5/unix-system-characteristics-schema.xsd", "size_i": "115246", "regex": "false"},
	{"name_s": "/usr/share/openscap/schemas/oval/5.5/windows-definitions-schema.xsd", "size_i": "836581", "regex": "false"},
	{"name_s": "/usr/share/openscap/schemas/oval/5.5/windows-system-characteristics-schema.xsd", "size_i": "433595", "regex": "false"},
	{"name_s": "/usr/share/openscap/schemas/oval/5.6", "size_i": "4096", "regex": "false"},
	{"name_s": "/usr/share/openscap/schemas/oval/5.6/aix-definitions-schema.xsd", "size_i": "52945", "regex": "false"},
	{"name_s": "/usr/share/openscap/schemas/oval/5.6/aix-system-characteristics-schema.xsd", "size_i": "31097", "regex": "false"},
	{"name_s": "/usr/share/openscap/schemas/oval/5.6/apache-definitions-schema.xsd", "size_i": "19987", "regex": "false"},
	{"name_s": "/usr/share/openscap/schemas/oval/5.6/apache-system-characteristics-schema.xsd", "size_i": "8311", "regex": "false"},
	{"name_s": "/usr/share/openscap/schemas/oval/5.6/catos-definitions-schema.xsd", "size_i": "48726", "regex": "false"},
	{"name_s": "/usr/share/openscap/schemas/oval/5.6/catos-system-characteristics-schema.xsd", "size_i": "26895", "regex": "false"},
	{"name_s": "/usr/share/openscap/schemas/oval/5.6/esx-definitions-schema.xsd", "size_i": "46297", "regex": "false"},
	{"name_s": "/usr/share/openscap/schemas/oval/5.6/esx-system-characteristics-schema.xsd", "size_i": "24249", "regex": "false"},
	{"name_s": "/usr/share/openscap/schemas/oval/5.6/freebsd-definitions-schema.xsd", "size_i": "15698", "regex": "false"},
	{"name_s": "/usr/share/openscap/schemas/oval/5.6/freebsd-system-characteristics-schema.xsd", "size_i": "9809", "regex": "false"},
	{"name_s": "/usr/share/openscap/schemas/oval/5.6/hpux-definitions-schema.xsd", "size_i": "87600", "regex": "false"},
	{"name_s": "/usr/share/openscap/schemas/oval/5.6/hpux-system-characteristics-schema.xsd", "size_i": "34744", "regex": "false"},
	{"name_s": "/usr/share/openscap/schemas/oval/5.6/independent-definitions-schema.xsd", "size_i": "195711", "regex": "false"},
	{"name_s": "/usr/share/openscap/schemas/oval/5.6/independent-system-characteristics-schema.xsd", "size_i": "70330", "regex": "false"},
	{"name_s": "/usr/share/openscap/schemas/oval/5.6/ios-definitions-schema.xsd", "size_i": "71207", "regex": "false"},
	{"name_s": "/usr/share/openscap/schemas/oval/5.6/ios-system-characteristics-schema.xsd", "size_i": "36156", "regex": "false"},
	{"name_s": "/usr/share/openscap/schemas/oval/5.6/linux-definitions-schema.xsd", "size_i": "70254", "regex": "false"},
	{"name_s": "/usr/share/openscap/schemas/oval/5.6/linux-system-characteristics-schema.xsd", "size_i": "38368", "regex": "false"},
	{"name_s": "/usr/share/openscap/schemas/oval/5.6/macos-definitions-schema.xsd", "size_i": "58406", "regex": "false"},
	{"name_s": "/usr/share/openscap/schemas/oval/5.6/macos-system-characteristics-schema.xsd", "size_i": "37698", "regex": "false"},
	{"name_s": "/usr/share/openscap/schemas/oval/5.6/oval-common-schema.xsd", "size_i": "53491", "regex": "false"},
	{"name_s": "/usr/share/openscap/schemas/oval/5.6/oval-definitions-schema.xsd", "size_i": "133370", "regex": "false"},
	{"name_s": "/usr/share/openscap/schemas/oval/5.6/oval-definitions-schematron.xsl", "size_i": "1072227", "regex": "false"},
	{"name_s": "/usr/share/openscap/schemas/oval/5.6/oval-results-schema.xsd", "size_i": "49677", "regex": "false"},
	{"name_s": "/usr/share/openscap/schemas/oval/5.6/oval-results-schematron.xsl", "size_i": "123586", "regex": "false"},
	{"name_s": "/usr/share/openscap/schemas/oval/5.6/oval-system-characteristic-schematron.xsl", "size_i": "698310", "regex": "false"},
	{"name_s": "/usr/share/openscap/schemas/oval/5.6/oval-system-characteristics-schema.xsd", "size_i": "42074", "regex": "false"},
	{"name_s": "/usr/share/openscap/schemas/oval/5.6/oval-variables-schema.xsd", "size_i": "6928", "regex": "false"},
	{"name_s": "/usr/share/openscap/schemas/oval/5.6/oval-variables-schematron.xsl", "size_i": "6620", "regex": "false"},
	{"name_s": "/usr/share/openscap/schemas/oval/5.6/pixos-definitions-schema.xsd", "size_i": "20679", "regex": "false"},
	{"name_s": "/usr/share/openscap/schemas/oval/5.6/pixos-system-characteristics-schema.xsd", "size_i": "11014", "regex": "false"},
	{"name_s": "/usr/share/openscap/schemas/oval/5.6/sharepoint-definitions-schema.xsd", "size_i": "274415", "regex": "false"},
	{"name_s": "/usr/share/openscap/schemas/oval/5.6/sharepoint-system-characteristics-schema.xsd", "size_i": "191020", "regex": "false"},
	{"name_s": "/usr/share/openscap/schemas/oval/5.6/solaris-definitions-schema.xsd", "size_i": "66982", "regex": "false"},
	{"name_s": "/usr/share/openscap/schemas/oval/5.6/solaris-system-characteristics-schema.xsd", "size_i": "33677", "regex": "false"},
	{"name_s": "/usr/share/openscap/schemas/oval/5.6/unix-definitions-schema.xsd", "size_i": "208699", "regex": "false"},
	{"name_s": "/usr/share/openscap/schemas/oval/5.6/unix-system-characteristics-schema.xsd", "size_i": "125567", "regex": "false"},
	{"name_s": "/usr/share/openscap/schemas/oval/5.6/windows-definitions-schema.xsd", "size_i": "955227", "regex": "false"},
	{"name_s": "/usr/share/openscap/schemas/oval/5.6/windows-system-characteristics-schema.xsd", "size_i": "484050", "regex": "false"},
	{"name_s": "/usr/share/openscap/schemas/oval/5.7", "size_i": "4096", "regex": "false"},
	{"name_s": "/usr/share/openscap/schemas/oval/5.7/aix-definitions-schema.xsd", "size_i": "53753", "regex": "false"},
	{"name_s": "/usr/share/openscap/schemas/oval/5.7/aix-system-characteristics-schema.xsd", "size_i": "31556", "regex": "false"},
	{"name_s": "/usr/share/openscap/schemas/oval/5.7/apache-definitions-schema.xsd", "size_i": "11328", "regex": "false"},
	{"name_s": "/usr/share/openscap/schemas/oval/5.7/apache-system-characteristics-schema.xsd", "size_i": "5955", "regex": "false"},
	{"name_s": "/usr/share/openscap/schemas/oval/5.7/catos-definitions-schema.xsd", "size_i": "50817", "regex": "false"},
	{"name_s": "/usr/share/openscap/schemas/oval/5.7/catos-system-characteristics-schema.xsd", "size_i": "27296", "regex": "false"},
	{"name_s": "/usr/share/openscap/schemas/oval/5.7/debian-definitions-schema.xsd", "size_i": "3036", "regex": "false"},
	{"name_s": "/usr/share/openscap/schemas/oval/5.7/debian-system-characteristics-schema.xsd", "size_i": "2937", "regex": "false"},
	{"name_s": "/usr/share/openscap/schemas/oval/5.7/esx-definitions-schema.xsd", "size_i": "46919", "regex": "false"},
	{"name_s": "/usr/share/openscap/schemas/oval/5.7/esx-system-characteristics-schema.xsd", "size_i": "24522", "regex": "false"},
	{"name_s": "/usr/share/openscap/schemas/oval/5.7/freebsd-definitions-schema.xsd", "size_i": "15976", "regex": "false"},
	{"name_s": "/usr/share/openscap/schemas/oval/5.7/freebsd-system-characteristics-schema.xsd", "size_i": "9984", "regex": "false"},
	{"name_s": "/usr/share/openscap/schemas/oval/5.7/hpux-definitions-schema.xsd", "size_i": "93970", "regex": "false"},
	{"name_s": "/usr/share/openscap/schemas/oval/5.7/hpux-system-characteristics-schema.xsd", "size_i": "35685", "regex": "false"},
	{"name_s": "/usr/share/openscap/schemas/oval/5.7/independent-definitions-schema.xsd", "size_i": "233916", "regex": "false"},
	{"name_s": "/usr/share/openscap/schemas/oval/5.7/independent-system-characteristics-schema.xsd", "size_i": "86169", "regex": "false"},
	{"name_s": "/usr/share/openscap/schemas/oval/5.7/ios-definitions-schema.xsd", "size_i": "72340", "regex": "false"},
	{"name_s": "/usr/share/openscap/schemas/oval/5.7/ios-system-characteristics-schema.xsd", "size_i": "36633", "regex": "false"},
	{"name_s": "/usr/share/openscap/schemas/oval/5.7/linux-definitions-schema.xsd", "size_i": "62658", "regex": "false"},
	{"name_s": "/usr/share/openscap/schemas/oval/5.7/linux-system-characteristics-schema.xsd", "size_i": "39203", "regex": "false"},
	{"name_s": "/usr/share/openscap/schemas/oval/5.7/macos-definitions-schema.xsd", "size_i": "68666", "regex": "false"},
	{"name_s": "/usr/share/openscap/schemas/oval/5.7/macos-system-characteristics-schema.xsd", "size_i": "40137", "regex": "false"},
	{"name_s": "/usr/share/openscap/schemas/oval/5.7/oval-common-schema.xsd", "size_i": "54685", "regex": "false"},
	{"name_s": "/usr/share/openscap/schemas/oval/5.7/oval-definitions-schema.xsd", "size_i": "151214", "regex": "false"},
	{"name_s": "/usr/share/openscap/schemas/oval/5.7/oval-definitions-schematron.xsl", "size_i": "1142451", "regex": "false"},
	{"name_s": "/usr/share/openscap/schemas/oval/5.7/oval-results-schema.xsd", "size_i": "51910", "regex": "false"},
	{"name_s": "/usr/share/openscap/schemas/oval/5.7/oval-results-schematron.xsl", "size_i": "147366", "regex": "false"},
	{"name_s": "/usr/share/openscap/schemas/oval/5.7/oval-system-characteristic-schematron.xsl", "size_i": "675470", "regex": "false"},
	{"name_s": "/usr/share/openscap/schemas/oval/5.7/oval-system-characteristics-schema.xsd", "size_i": "48907", "regex": "false"},
	{"name_s": "/usr/share/openscap/schemas/oval/5.7/oval-variables-schema.xsd", "size_i": "7713", "regex": "false"},
	{"name_s": "/usr/share/openscap/schemas/oval/5.7/oval-variables-schematron.xsl", "size_i": "7552", "regex": "false"},
	{"name_s": "/usr/share/openscap/schemas/oval/5.7/pixos-definitions-schema.xsd", "size_i": "20991", "regex": "false"},
	{"name_s": "/usr/share/openscap/schemas/oval/5.7/pixos-system-characteristics-schema.xsd", "size_i": "11182", "regex": "false"},
	{"name_s": "/usr/share/openscap/schemas/oval/5.7/redhat-definitions-schema.xsd", "size_i": "2866", "regex": "false"},
	{"name_s": "/usr/share/openscap/schemas/oval/5.7/redhat-system-characteristics-schema.xsd", "size_i": "2936", "regex": "false"},
	{"name_s": "/usr/share/openscap/schemas/oval/5.7/sharepoint-definitions-schema.xsd", "size_i": "278491", "regex": "false"},
	{"name_s": "/usr/share/openscap/schemas/oval/5.7/sharepoint-system-characteristics-schema.xsd", "size_i": "193554", "regex": "false"},
	{"name_s": "/usr/share/openscap/schemas/oval/5.7/solaris-definitions-schema.xsd", "size_i": "68029", "regex": "false"},
	{"name_s": "/usr/share/openscap/schemas/oval/5.7/solaris-system-characteristics-schema.xsd", "size_i": "34197", "regex": "false"},
	{"name_s": "/usr/share/openscap/schemas/oval/5.7/unix-definitions-schema.xsd", "size_i": "226875", "regex": "false"},
	{"name_s": "/usr/share/openscap/schemas/oval/5.7/unix-system-characteristics-schema.xsd", "size_i": "134531", "regex": "false"},
	{"name_s": "/usr/share/openscap/schemas/oval/5.7/windows-definitions-schema.xsd", "size_i": "1039339", "regex": "false"},
	{"name_s": "/usr/share/openscap/schemas/oval/5.7/windows-system-characteristics-schema.xsd", "size_i": "526906", "regex": "false"},
	{"name_s": "/usr/share/openscap/schemas/oval/5.8", "size_i": "4096", "regex": "false"},
	{"name_s": "/usr/share/openscap/schemas/oval/5.8/aix-definitions-schema.xsd", "size_i": "49965", "regex": "false"},
	{"name_s": "/usr/share/openscap/schemas/oval/5.8/aix-system-characteristics-schema.xsd", "size_i": "24810", "regex": "false"},
	{"name_s": "/usr/share/openscap/schemas/oval/5.8/apache-definitions-schema.xsd", "size_i": "13721", "regex": "false"},
	{"name_s": "/usr/share/openscap/schemas/oval/5.8/apache-system-characteristics-schema.xsd", "size_i": "5823", "regex": "false"},
	{"name_s": "/usr/share/openscap/schemas/oval/5.8/catos-definitions-schema.xsd", "size_i": "36973", "regex": "false"},
	{"name_s": "/usr/share/openscap/schemas/oval/5.8/catos-system-characteristics-schema.xsd", "size_i": "16292", "regex": "false"},
	{"name_s": "/usr/share/openscap/schemas/oval/5.8/debian-definitions-schema.xsd", "size_i": "3054", "regex": "false"},
	{"name_s": "/usr/share/openscap/schemas/oval/5.8/debian-system-characteristics-schema.xsd", "size_i": "2955", "regex": "false"},
	{"name_s": "/usr/share/openscap/schemas/oval/5.8/esx-definitions-schema.xsd", "size_i": "51025", "regex": "false"},
	{"name_s": "/usr/share/openscap/schemas/oval/5.8/esx-system-characteristics-schema.xsd", "size_i": "20851", "regex": "false"},
	{"name_s": "/usr/share/openscap/schemas/oval/5.8/freebsd-definitions-schema.xsd", "size_i": "11251", "regex": "false"},
	{"name_s": "/usr/share/openscap/schemas/oval/5.8/freebsd-system-characteristics-schema.xsd", "size_i": "5853", "regex": "false"},
	{"name_s": "/usr/share/openscap/schemas/oval/5.8/hpux-definitions-schema.xsd", "size_i": "62303", "regex": "false"},
	{"name_s": "/usr/share/openscap/schemas/oval/5.8/hpux-system-characteristics-schema.xsd", "size_i": "19912", "regex": "false"},
	{"name_s": "/usr/share/openscap/schemas/oval/5.8/independent-definitions-schema.xsd", "size_i": "209618", "regex": "false"},
	{"name_s": "/usr/share/openscap/schemas/oval/5.8/independent-system-characteristics-schema.xsd", "size_i": "69340", "regex": "false"},
	{"name_s": "/usr/share/openscap/schemas/oval/5.8/ios-definitions-schema.xsd", "size_i": "57078", "regex": "false"},
	{"name_s": "/usr/share/openscap/schemas/oval/5.8/ios-system-characteristics-schema.xsd", "size_i": "23204", "regex": "false"},
	{"name_s": "/usr/share/openscap/schemas/oval/5.8/linux-definitions-schema.xsd", "size_i": "138112", "regex": "false"},
	{"name_s": "/usr/share/openscap/schemas/oval/5.8/linux-system-characteristics-schema.xsd", "size_i": "84824", "regex": "false"},
	{"name_s": "/usr/share/openscap/schemas/oval/5.8/macos-definitions-schema.xsd", "size_i": "73717", "regex": "false"},
	{"name_s": "/usr/share/openscap/schemas/oval/5.8/macos-system-characteristics-schema.xsd", "size_i": "36225", "regex": "false"},
	{"name_s": "/usr/share/openscap/schemas/oval/5.8/oval-common-schema.xsd", "size_i": "68985", "regex": "false"},
	{"name_s": "/usr/share/openscap/schemas/oval/5.8/oval-definitions-schema.xsd", "size_i": "159714", "regex": "false"},
	{"name_s": "/usr/share/openscap/schemas/oval/5.8/oval-definitions-schematron.xsl", "size_i": "321658", "regex": "false"},
	{"name_s": "/usr/share/openscap/schemas/oval/5.8/oval-directives-schema.xsd", "size_i": "7736", "regex": "false"},
	{"name_s": "/usr/share/openscap/schemas/oval/5.8/oval-directives-schematron.xsl", "size_i": "66905", "regex": "false"},
	{"name_s": "/usr/share/openscap/schemas/oval/5.8/oval-results-schema.xsd", "size_i": "67119", "regex": "false"},
	{"name_s": "/usr/share/openscap/schemas/oval/5.8/oval-results-schematron.xsl", "size_i": "66838", "regex": "false"},
	{"name_s": "/usr/share/openscap/schemas/oval/5.8/oval-system-characteristics-schema.xsd", "size_i": "55176", "regex": "false"},
	{"name_s": "/usr/share/openscap/schemas/oval/5.8/oval-system-characteristics-schematron.xsl", "size_i": "29606", "regex": "false"},
	{"name_s": "/usr/share/openscap/schemas/oval/5.8/oval-variables-schema.xsd", "size_i": "7199", "regex": "false"},
	{"name_s": "/usr/share/openscap/schemas/oval/5.8/oval-variables-schematron.xsl", "size_i": "6779", "regex": "false"},
	{"name_s": "/usr/share/openscap/schemas/oval/5.8/pixos-definitions-schema.xsd", "size_i": "16719", "regex": "false"},
	{"name_s": "/usr/share/openscap/schemas/oval/5.8/pixos-system-characteristics-schema.xsd", "size_i": "7054", "regex": "false"},
	{"name_s": "/usr/share/openscap/schemas/oval/5.8/redhat-definitions-schema.xsd", "size_i": "2884", "regex": "false"},
	{"name_s": "/usr/share/openscap/schemas/oval/5.8/redhat-system-characteristics-schema.xsd", "size_i": "2954", "regex": "false"},
	{"name_s": "/usr/share/openscap/schemas/oval/5.8/sharepoint-definitions-schema.xsd", "size_i": "169300", "regex": "false"},
	{"name_s": "/usr/share/openscap/schemas/oval/5.8/sharepoint-system-characteristics-schema.xsd", "size_i": "91771", "regex": "false"},
	{"name_s": "/usr/share/openscap/schemas/oval/5.8/solaris-definitions-schema.xsd", "size_i": "78578", "regex": "false"},
	{"name_s": "/usr/share/openscap/schemas/oval/5.8/solaris-system-characteristics-schema.xsd", "size_i": "35177", "regex": "false"},
	{"name_s": "/usr/share/openscap/schemas/oval/5.8/unix-definitions-schema.xsd", "size_i": "227215", "regex": "false"},
	{"name_s": "/usr/share/openscap/schemas/oval/5.8/unix-system-characteristics-schema.xsd", "size_i": "117645", "regex": "false"},
	{"name_s": "/usr/share/openscap/schemas/oval/5.8/windows-definitions-schema.xsd", "size_i": "695367", "regex": "false"},
	{"name_s": "/usr/share/openscap/schemas/oval/5.8/windows-system-characteristics-schema.xsd", "size_i": "301297", "regex": "false"},
	{"name_s": "/usr/share/openscap/schemas/oval/5.9", "size_i": "4096", "regex": "false"},
	{"name_s": "/usr/share/openscap/schemas/oval/5.9/aix-definitions-schema.xsd", "size_i": "49334", "regex": "false"},
	{"name_s": "/usr/share/openscap/schemas/oval/5.9/aix-system-characteristics-schema.xsd", "size_i": "24489", "regex": "false"},
	{"name_s": "/usr/share/openscap/schemas/oval/5.9/apache-definitions-schema.xsd", "size_i": "13588", "regex": "false"},
	{"name_s": "/usr/share/openscap/schemas/oval/5.9/apache-system-characteristics-schema.xsd", "size_i": "5761", "regex": "false"},
	{"name_s": "/usr/share/openscap/schemas/oval/5.9/catos-definitions-schema.xsd", "size_i": "36490", "regex": "false"},
	{"name_s": "/usr/share/openscap/schemas/oval/5.9/catos-system-characteristics-schema.xsd", "size_i": "16102", "regex": "false"},
	{"name_s": "/usr/share/openscap/schemas/oval/5.9/esx-definitions-schema.xsd", "size_i": "50493", "regex": "false"},
	{"name_s": "/usr/share/openscap/schemas/oval/5.9/esx-system-characteristics-schema.xsd", "size_i": "20648", "regex": "false"},
	{"name_s": "/usr/share/openscap/schemas/oval/5.9/freebsd-definitions-schema.xsd", "size_i": "11128", "regex": "false"},
	{"name_s": "/usr/share/openscap/schemas/oval/5.9/freebsd-system-characteristics-schema.xsd", "size_i": "5787", "regex": "false"},
	{"name_s": "/usr/share/openscap/schemas/oval/5.9/hpux-definitions-schema.xsd", "size_i": "61330", "regex": "false"},
	{"name_s": "/usr/share/openscap/schemas/oval/5.9/hpux-system-characteristics-schema.xsd", "size_i": "19471", "regex": "false"},
	{"name_s": "/usr/share/openscap/schemas/oval/5.9/independent-definitions-schema.xsd", "size_i": "211911", "regex": "false"},
	{"name_s": "/usr/share/openscap/schemas/oval/5.9/independent-system-characteristics-schema.xsd", "size_i": "67006", "regex": "false"},
	{"name_s": "/usr/share/openscap/schemas/oval/5.9/ios-definitions-schema.xsd", "size_i": "56311", "regex": "false"},
	{"name_s": "/usr/share/openscap/schemas/oval/5.9/ios-system-characteristics-schema.xsd", "size_i": "22959", "regex": "false"},
	{"name_s": "/usr/share/openscap/schemas/oval/5.9/linux-definitions-schema.xsd", "size_i": "137209", "regex": "false"},
	{"name_s": "/usr/share/openscap/schemas/oval/5.9/linux-system-characteristics-schema.xsd", "size_i": "83349", "regex": "false"},
	{"name_s": "/usr/share/openscap/schemas/oval/5.9/macos-definitions-schema.xsd", "size_i": "87635", "regex": "false"},
	{"name_s": "/usr/share/openscap/schemas/oval/5.9/macos-system-characteristics-schema.xsd", "size_i": "41394", "regex": "false"},
	{"name_s": "/usr/share/openscap/schemas/oval/5.9/oval-common-schema.xsd", "size_i": "68175", "regex": "false"},
	{"name_s": "/usr/share/openscap/schemas/oval/5.9/oval-definitions-schema.xsd", "size_i": "156956", "regex": "false"},
	{"name_s": "/usr/share/openscap/schemas/oval/5.9/oval-definitions-schematron.xsl", "size_i": "337555", "regex": "false"},
	{"name_s": "/usr/share/openscap/schemas/oval/5.9/oval-directives-schema.xsd", "size_i": "7630", "regex": "false"},
	{"name_s": "/usr/share/openscap/schemas/oval/5.9/oval-directives-schematron.xsl", "size_i": "66133", "regex": "false"},
	{"name_s": "/usr/share/openscap/schemas/oval/5.9/oval-results-schema.xsd", "size_i": "65892", "regex": "false"},
	{"name_s": "/usr/share/openscap/schemas/oval/5.9/oval-results-schematron.xsl", "size_i": "66066", "regex": "false"},
	{"name_s": "/usr/share/openscap/schemas/oval/5.9/oval-system-characteristics-schema.xsd", "size_i": "54472", "regex": "false"},
	{"name_s": "/usr/share/openscap/schemas/oval/5.9/oval-system-characteristics-schematron.xsl", "size_i": "30140", "regex": "false"},
	{"name_s": "/usr/share/openscap/schemas/oval/5.9/oval-variables-schema.xsd", "size_i": "7117", "regex": "false"},
	{"name_s": "/usr/share/openscap/schemas/oval/5.9/oval-variables-schematron.xsl", "size_i": "6777", "regex": "false"},
	{"name_s": "/usr/share/openscap/schemas/oval/5.9/pixos-definitions-schema.xsd", "size_i": "16539", "regex": "false"},
	{"name_s": "/usr/share/openscap/schemas/oval/5.9/pixos-system-characteristics-schema.xsd", "size_i": "6973", "regex": "false"},
	{"name_s": "/usr/share/openscap/schemas/oval/5.9/sharepoint-definitions-schema.xsd", "size_i": "167269", "regex": "false"},
	{"name_s": "/usr/share/openscap/schemas/oval/5.9/sharepoint-system-characteristics-schema.xsd", "size_i": "90686", "regex": "false"},
	{"name_s": "/usr/share/openscap/schemas/oval/5.9/solaris-definitions-schema.xsd", "size_i": "78112", "regex": "false"},
	{"name_s": "/usr/share/openscap/schemas/oval/5.9/solaris-system-characteristics-schema.xsd", "size_i": "35137", "regex": "false"},
	{"name_s": "/usr/share/openscap/schemas/oval/5.9/unix-definitions-schema.xsd", "size_i": "227041", "regex": "false"},
	{"name_s": "/usr/share/openscap/schemas/oval/5.9/unix-system-characteristics-schema.xsd", "size_i": "115824", "regex": "false"},
	{"name_s": "/usr/share/openscap/schemas/oval/5.9/windows-definitions-schema.xsd", "size_i": "690005", "regex": "false"},
	{"name_s": "/usr/share/openscap/schemas/oval/5.9/windows-system-characteristics-schema.xsd", "size_i": "296573", "regex": "false"},
	{"name_s": "/usr/share/openscap/schemas/sce", "size_i": "4096", "regex": "false"},
	{"name_s": "/usr/share/openscap/schemas/sce/1.0", "size_i": "4096", "regex": "false"},
	{"name_s": "/usr/share/openscap/schemas/sce/1.0/sce-result-schema.xsd", "size_i": "1284", "regex": "false"},
	{"name_s": "/usr/share/openscap/schemas/sds", "size_i": "4096", "regex": "false"},
	{"name_s": "/usr/share/openscap/schemas/sds/1.2", "size_i": "4096", "regex": "false"},
	{"name_s": "/usr/share/openscap/schemas/sds/1.2/catalog.xsd", "size_i": "8815", "regex": "false"},
	{"name_s": "/usr/share/openscap/schemas/sds/1.2/cpe-dictionary_2.3.xsd", "size_i": "13542", "regex": "false"},
	{"name_s": "/usr/share/openscap/schemas/sds/1.2/scap-source-data-stream_1.2.xsd", "size_i": "9745", "regex": "false"},
	{"name_s": "/usr/share/openscap/schemas/sds/1.2/xlink.xsd", "size_i": "8311", "regex": "false"},
	{"name_s": "/usr/share/openscap/schemas/xccdf", "size_i": "4096", "regex": "false"},
	{"name_s": "/usr/share/openscap/schemas/xccdf/1.1", "size_i": "4096", "regex": "false"},
	{"name_s": "/usr/share/openscap/schemas/xccdf/1.1-tailoring", "size_i": "4096", "regex": "false"},
	{"name_s": "/usr/share/openscap/schemas/xccdf/1.1-tailoring/xccdf-1.1-tailoring.xsd", "size_i": "9617", "regex": "false"},
	{"name_s": "/usr/share/openscap/schemas/xccdf/1.1/XMLSchema.dtd", "size_i": "16018", "regex": "false"},
	{"name_s": "/usr/share/openscap/schemas/xccdf/1.1/cpe-1.0.xsd", "size_i": "7060", "regex": "false"},
	{"name_s": "/usr/share/openscap/schemas/xccdf/1.1/cpe-language_2.0.xsd", "size_i": "8239", "regex": "false"},
	{"name_s": "/usr/share/openscap/schemas/xccdf/1.1/datatypes.dtd", "size_i": "6357", "regex": "false"},
	{"name_s": "/usr/share/openscap/schemas/xccdf/1.1/platform-0.2.3.xsd", "size_i": "19105", "regex": "false"},
	{"name_s": "/usr/share/openscap/schemas/xccdf/1.1/simpledc20021212.xsd", "size_i": "2792", "regex": "false"},
	{"name_s": "/usr/share/openscap/schemas/xccdf/1.1/xccdf-schema.xsd", "size_i": "91783", "regex": "false"},
	{"name_s": "/usr/share/openscap/schemas/xccdf/1.1/xccdfp-1.1.xsd", "size_i": "12229", "regex": "false"},
	{"name_s": "/usr/share/openscap/schemas/xccdf/1.2", "size_i": "4096", "regex": "false"},
	{"name_s": "/usr/share/openscap/schemas/xccdf/1.2/XMLSchema.dtd", "size_i": "16018", "regex": "false"},
	{"name_s": "/usr/share/openscap/schemas/xccdf/1.2/cpe-language_2.3.xsd", "size_i": "14174", "regex": "false"},
	{"name_s": "/usr/share/openscap/schemas/xccdf/1.2/datatypes.dtd", "size_i": "6357", "regex": "false"},
	{"name_s": "/usr/share/openscap/schemas/xccdf/1.2/xccdf_1.2.xsd", "size_i": "230463", "regex": "false"},
	{"name_s": "/usr/share/openscap/xsl", "size_i": "4096", "regex": "false"},
	{"name_s": "/usr/share/openscap/xsl/dbout-html.xsl", "size_i": "22379", "regex": "false"},
	{"name_s": "/usr/share/openscap/xsl/dc2docbook.xsl", "size_i": "4775", "regex": "false"},
	{"name_s": "/usr/share/openscap/xsl/docbook-share.xsl", "size_i": "4414", "regex": "false"},
	{"name_s": "/usr/share/openscap/xsl/fix.xsl", "size_i": "9367", "regex": "false"},
	{"name_s": "/usr/share/openscap/xsl/fixtpl-bash.xml", "size_i": "1606", "regex": "false"},
	{"name_s": "/usr/share/openscap/xsl/html2docbook.xsl", "size_i": "19481", "regex": "false"},
	{"name_s": "/usr/share/openscap/xsl/oscap-share.xsl", "size_i": "1414", "regex": "false"},
	{"name_s": "/usr/share/openscap/xsl/oval-report.xsl", "size_i": "11067", "regex": "false"},
	{"name_s": "/usr/share/openscap/xsl/oval-results-report.xsl", "size_i": "31591", "regex": "false"},
	{"name_s": "/usr/share/openscap/xsl/sce-report.xsl", "size_i": "1539", "regex": "false"},
	{"name_s": "/usr/share/openscap/xsl/security-guide.xsl", "size_i": "10130", "regex": "false"},
	{"name_s": "/usr/share/openscap/xsl/xccdf-report.xsl", "size_i": "20728", "regex": "false"},
	{"name_s": "/usr/share/openscap/xsl/xccdf-share.xsl", "size_i": "2686", "regex": "false"},
	{"name_s": "/usr/share/openscap/xsl/xccdf-substitute.xsl", "size_i": "4925", "regex": "false"},
	{"name_s": "/usr/share/openscap/xsl/xccdf-tailor.xsl", "size_i": "5377", "regex": "false"},
	{"name_s": "/usr/share/openscap/xsl/xccdf_1.1_remove_dangling_sub.xsl", "size_i": "1668", "regex": "false"},
	{"name_s": "/usr/share/openscap/xsl/xccdf_1.1_to_1.2.xsl", "size_i": "11549", "regex": "false"}
]
