[
	{"name_s": "/etc/sgml/openjade-1.3.2-36.el6.soc", "size_i": "0", "regex": "false"},
	{"name_s": "/etc/sgml/openjade.soc", "size_i": "25", "regex": "false"},
	{"name_s": "/usr/bin/jade", "size_i": "8", "regex": "false"},
	{"name_s": "/usr/bin/openjade", "size_i": "589416", "regex": "false"},
	{"name_s": "/usr/lib/libogrove.so.0", "size_i": "18", "regex": "false"},
	{"name_s": "/usr/lib/libogrove.so.0.0.1", "size_i": "58044", "regex": "false"},
	{"name_s": "/usr/lib/libospgrove.so.0", "size_i": "20", "regex": "false"},
	{"name_s": "/usr/lib/libospgrove.so.0.0.1", "size_i": "390240", "regex": "false"},
	{"name_s": "/usr/lib/libostyle.so.0", "size_i": "18", "regex": "false"},
	{"name_s": "/usr/lib/libostyle.so.0.0.1", "size_i": "2007456", "regex": "false"},
	{"name_s": "/usr/share/doc/openjade-1.3.2", "size_i": "4096", "regex": "false"},
	{"name_s": "/usr/share/doc/openjade-1.3.2/COPYING", "size_i": "1283", "regex": "false"},
	{"name_s": "/usr/share/doc/openjade-1.3.2/README", "size_i": "586", "regex": "false"},
	{"name_s": "/usr/share/doc/openjade-1.3.2/README.jadetex", "size_i": "213", "regex": "false"},
	{"name_s": "/usr/share/doc/openjade-1.3.2/VERSION", "size_i": "6", "regex": "false"},
	{"name_s": "/usr/share/doc/openjade-1.3.2/autoconf.htm", "size_i": "3662", "regex": "false"},
	{"name_s": "/usr/share/doc/openjade-1.3.2/contributors.htm", "size_i": "5153", "regex": "false"},
	{"name_s": "/usr/share/doc/openjade-1.3.2/copying.txt", "size_i": "1309", "regex": "false"},
	{"name_s": "/usr/share/doc/openjade-1.3.2/dsssl2.htm", "size_i": "24562", "regex": "false"},
	{"name_s": "/usr/share/doc/openjade-1.3.2/images", "size_i": "4096", "regex": "false"},
	{"name_s": "/usr/share/doc/openjade-1.3.2/images/background.gif", "size_i": "1731", "regex": "false"},
	{"name_s": "/usr/share/doc/openjade-1.3.2/images/dsssltitle.gif", "size_i": "5485", "regex": "false"},
	{"name_s": "/usr/share/doc/openjade-1.3.2/images/space.gif", "size_i": "866", "regex": "false"},
	{"name_s": "/usr/share/doc/openjade-1.3.2/images/top-of-page.gif", "size_i": "95", "regex": "false"},
	{"name_s": "/usr/share/doc/openjade-1.3.2/index.htm", "size_i": "39828", "regex": "false"},
	{"name_s": "/usr/share/doc/openjade-1.3.2/mif.htm", "size_i": "42992", "regex": "false"},
	{"name_s": "/usr/share/doc/openjade-1.3.2/rtf.htm", "size_i": "44900", "regex": "false"},
	{"name_s": "/usr/share/doc/openjade-1.3.2/tex.htm", "size_i": "23783", "regex": "false"},
	{"name_s": "/usr/share/doc/openjade-1.3.2/transform.htm", "size_i": "11657", "regex": "false"},
	{"name_s": "/usr/share/doc/openjade-1.3.2/xmlfo.htm", "size_i": "1335", "regex": "false"},
	{"name_s": "/usr/share/man/man1/jade.1.gz", "size_i": "40", "regex": "false"},
	{"name_s": "/usr/share/man/man1/openjade.1.gz", "size_i": "5716", "regex": "false"},
	{"name_s": "/usr/share/sgml/openjade-1.3.2", "size_i": "4096", "regex": "false"},
	{"name_s": "/usr/share/sgml/openjade-1.3.2/builtins.dsl", "size_i": "10981", "regex": "false"},
	{"name_s": "/usr/share/sgml/openjade-1.3.2/catalog", "size_i": "306", "regex": "false"},
	{"name_s": "/usr/share/sgml/openjade-1.3.2/dsssl.dtd", "size_i": "4670", "regex": "false"},
	{"name_s": "/usr/share/sgml/openjade-1.3.2/fot.dtd", "size_i": "14805", "regex": "false"},
	{"name_s": "/usr/share/sgml/openjade-1.3.2/style-sheet.dtd", "size_i": "2370", "regex": "false"}
]
