[
	{"name_s": "/usr/lib64/.libcrypto.so.0.9.8e.hmac", "size_i": "65", "regex": "false"},
	{"name_s": "/usr/lib64/.libcrypto.so.6.hmac", "size_i": "25", "regex": "false"},
	{"name_s": "/usr/lib64/.libssl.so.0.9.8e.hmac", "size_i": "65", "regex": "false"},
	{"name_s": "/usr/lib64/.libssl.so.6.hmac", "size_i": "22", "regex": "false"},
	{"name_s": "/usr/lib64/libcrypto.so.0.9.8e", "size_i": "1408384", "regex": "false"},
	{"name_s": "/usr/lib64/libcrypto.so.6", "size_i": "19", "regex": "false"},
	{"name_s": "/usr/lib64/libssl.so.0.9.8e", "size_i": "324680", "regex": "false"},
	{"name_s": "/usr/lib64/libssl.so.6", "size_i": "16", "regex": "false"},
	{"name_s": "/usr/lib64/openssl098e", "size_i": "4096", "regex": "false"},
	{"name_s": "/usr/lib64/openssl098e/engines", "size_i": "4096", "regex": "false"},
	{"name_s": "/usr/lib64/openssl098e/engines/lib4758cca.so", "size_i": "18104", "regex": "false"},
	{"name_s": "/usr/lib64/openssl098e/engines/libaep.so", "size_i": "16160", "regex": "false"},
	{"name_s": "/usr/lib64/openssl098e/engines/libatalla.so", "size_i": "13448", "regex": "false"},
	{"name_s": "/usr/lib64/openssl098e/engines/libchil.so", "size_i": "24864", "regex": "false"},
	{"name_s": "/usr/lib64/openssl098e/engines/libcswift.so", "size_i": "20296", "regex": "false"},
	{"name_s": "/usr/lib64/openssl098e/engines/libgmp.so", "size_i": "3696", "regex": "false"},
	{"name_s": "/usr/lib64/openssl098e/engines/libnuron.so", "size_i": "11784", "regex": "false"},
	{"name_s": "/usr/lib64/openssl098e/engines/libsureware.so", "size_i": "22312", "regex": "false"},
	{"name_s": "/usr/lib64/openssl098e/engines/libubsec.so", "size_i": "20296", "regex": "false"},
	{"name_s": "/usr/share/doc/openssl098e-0.9.8e", "size_i": "4096", "regex": "false"},
	{"name_s": "/usr/share/doc/openssl098e-0.9.8e/CHANGES", "size_i": "361824", "regex": "false"},
	{"name_s": "/usr/share/doc/openssl098e-0.9.8e/FAQ", "size_i": "40255", "regex": "false"},
	{"name_s": "/usr/share/doc/openssl098e-0.9.8e/INSTALL", "size_i": "14182", "regex": "false"},
	{"name_s": "/usr/share/doc/openssl098e-0.9.8e/LICENSE", "size_i": "6279", "regex": "false"},
	{"name_s": "/usr/share/doc/openssl098e-0.9.8e/NEWS", "size_i": "20400", "regex": "false"},
	{"name_s": "/usr/share/doc/openssl098e-0.9.8e/README", "size_i": "9038", "regex": "false"},
	{"name_s": "/usr/share/doc/openssl098e-0.9.8e/README.FIPS", "size_i": "2760", "regex": "false"}
]
