[
	{"name_s": "/usr/include/opencv", "size_i": "4096", "regex": "false"},
	{"name_s": "/usr/include/opencv/cv.h", "size_i": "71315", "regex": "false"},
	{"name_s": "/usr/include/opencv/cv.hpp", "size_i": "43897", "regex": "false"},
	{"name_s": "/usr/include/opencv/cvaux.h", "size_i": "63883", "regex": "false"},
	{"name_s": "/usr/include/opencv/cvaux.hpp", "size_i": "51258", "regex": "false"},
	{"name_s": "/usr/include/opencv/cvcompat.h", "size_i": "40678", "regex": "false"},
	{"name_s": "/usr/include/opencv/cvconfig.h", "size_i": "3782", "regex": "false"},
	{"name_s": "/usr/include/opencv/cvtypes.h", "size_i": "12503", "regex": "false"},
	{"name_s": "/usr/include/opencv/cvver.h", "size_i": "2538", "regex": "false"},
	{"name_s": "/usr/include/opencv/cvvidsurv.hpp", "size_i": "41990", "regex": "false"},
	{"name_s": "/usr/include/opencv/cvwimage.h", "size_i": "20730", "regex": "false"},
	{"name_s": "/usr/include/opencv/cxcore.h", "size_i": "87498", "regex": "false"},
	{"name_s": "/usr/include/opencv/cxcore.hpp", "size_i": "81486", "regex": "false"},
	{"name_s": "/usr/include/opencv/cxerror.h", "size_i": "8757", "regex": "false"},
	{"name_s": "/usr/include/opencv/cxflann.h", "size_i": "6937", "regex": "false"},
	{"name_s": "/usr/include/opencv/cxmat.hpp", "size_i": "151845", "regex": "false"},
	{"name_s": "/usr/include/opencv/cxmisc.h", "size_i": "28061", "regex": "false"},
	{"name_s": "/usr/include/opencv/cxoperations.hpp", "size_i": "86198", "regex": "false"},
	{"name_s": "/usr/include/opencv/cxtypes.h", "size_i": "53118", "regex": "false"},
	{"name_s": "/usr/include/opencv/highgui.h", "size_i": "18165", "regex": "false"},
	{"name_s": "/usr/include/opencv/highgui.hpp", "size_i": "4621", "regex": "false"},
	{"name_s": "/usr/include/opencv/ml.h", "size_i": "72506", "regex": "false"},
	{"name_s": "/usr/lib/cmake/opencv/OpenCVConfig.cmake", "size_i": "2870", "regex": "false"},
	{"name_s": "/usr/lib/libcv.so", "size_i": "12", "regex": "false"},
	{"name_s": "/usr/lib/libcvaux.so", "size_i": "15", "regex": "false"},
	{"name_s": "/usr/lib/libcxcore.so", "size_i": "16", "regex": "false"},
	{"name_s": "/usr/lib/libhighgui.so", "size_i": "17", "regex": "false"},
	{"name_s": "/usr/lib/libml.so", "size_i": "12", "regex": "false"},
	{"name_s": "/usr/lib/pkgconfig/opencv.pc", "size_i": "300", "regex": "false"}
]
