[
	{"name_s": "/etc/pam.d", "size_i": "4096", "regex": "false"},
	{"name_s": "/etc/pam.d/config-util", "size_i": "232", "regex": "false"},
	{"name_s": "/etc/pam.d/fingerprint-auth", "size_i": "659", "regex": "false"},
	{"name_s": "/etc/pam.d/other", "size_i": "154", "regex": "false"},
	{"name_s": "/etc/pam.d/password-auth", "size_i": "692", "regex": "false"},
	{"name_s": "/etc/pam.d/smartcard-auth", "size_i": "772", "regex": "false"},
	{"name_s": "/etc/pam.d/system-auth", "size_i": "692", "regex": "false"},
	{"name_s": "/etc/security", "size_i": "4096", "regex": "false"},
	{"name_s": "/etc/security/access.conf", "size_i": "4620", "regex": "false"},
	{"name_s": "/etc/security/chroot.conf", "size_i": "82", "regex": "false"},
	{"name_s": "/etc/security/console.apps", "size_i": "4096", "regex": "false"},
	{"name_s": "/etc/security/console.handlers", "size_i": "604", "regex": "false"},
	{"name_s": "/etc/security/console.perms", "size_i": "939", "regex": "false"},
	{"name_s": "/etc/security/console.perms.d", "size_i": "4096", "regex": "false"},
	{"name_s": "/etc/security/group.conf", "size_i": "3456", "regex": "false"},
	{"name_s": "/etc/security/limits.conf", "size_i": "1825", "regex": "false"},
	{"name_s": "/etc/security/limits.d", "size_i": "4096", "regex": "false"},
	{"name_s": "/etc/security/limits.d/90-nproc.conf", "size_i": "191", "regex": "false"},
	{"name_s": "/etc/security/namespace.conf", "size_i": "1442", "regex": "false"},
	{"name_s": "/etc/security/namespace.d", "size_i": "4096", "regex": "false"},
	{"name_s": "/etc/security/namespace.init", "size_i": "1020", "regex": "false"},
	{"name_s": "/etc/security/opasswd", "size_i": "0", "regex": "false"},
	{"name_s": "/etc/security/pam_env.conf", "size_i": "2980", "regex": "false"},
	{"name_s": "/etc/security/sepermit.conf", "size_i": "419", "regex": "false"},
	{"name_s": "/etc/security/time.conf", "size_i": "2180", "regex": "false"},
	{"name_s": "/lib/security", "size_i": "4096", "regex": "false"},
	{"name_s": "/lib64/libpam.so.0", "size_i": "16", "regex": "false"},
	{"name_s": "/lib64/libpam.so.0.82.2", "size_i": "55848", "regex": "false"},
	{"name_s": "/lib64/libpam_misc.so.0", "size_i": "21", "regex": "false"},
	{"name_s": "/lib64/libpam_misc.so.0.82.0", "size_i": "14584", "regex": "false"},
	{"name_s": "/lib64/libpamc.so.0", "size_i": "17", "regex": "false"},
	{"name_s": "/lib64/libpamc.so.0.82.1", "size_i": "14528", "regex": "false"},
	{"name_s": "/lib64/security", "size_i": "4096", "regex": "false"},
	{"name_s": "/lib64/security/pam_access.so", "size_i": "14456", "regex": "false"},
	{"name_s": "/lib64/security/pam_chroot.so", "size_i": "10272", "regex": "false"},
	{"name_s": "/lib64/security/pam_console.so", "size_i": "27080", "regex": "false"},
	{"name_s": "/lib64/security/pam_cracklib.so", "size_i": "14432", "regex": "false"},
	{"name_s": "/lib64/security/pam_debug.so", "size_i": "10168", "regex": "false"},
	{"name_s": "/lib64/security/pam_deny.so", "size_i": "5952", "regex": "false"},
	{"name_s": "/lib64/security/pam_echo.so", "size_i": "10216", "regex": "false"},
	{"name_s": "/lib64/security/pam_env.so", "size_i": "18592", "regex": "false"},
	{"name_s": "/lib64/security/pam_exec.so", "size_i": "14488", "regex": "false"},
	{"name_s": "/lib64/security/pam_faildelay.so", "size_i": "10248", "regex": "false"},
	{"name_s": "/lib64/security/pam_faillock.so", "size_i": "14472", "regex": "false"},
	{"name_s": "/lib64/security/pam_filter", "size_i": "4096", "regex": "false"},
	{"name_s": "/lib64/security/pam_filter.so", "size_i": "14448", "regex": "false"},
	{"name_s": "/lib64/security/pam_filter/upperLOWER", "size_i": "10424", "regex": "false"},
	{"name_s": "/lib64/security/pam_ftp.so", "size_i": "6080", "regex": "false"},
	{"name_s": "/lib64/security/pam_group.so", "size_i": "14408", "regex": "false"},
	{"name_s": "/lib64/security/pam_issue.so", "size_i": "10328", "regex": "false"},
	{"name_s": "/lib64/security/pam_keyinit.so", "size_i": "10224", "regex": "false"},
	{"name_s": "/lib64/security/pam_lastlog.so", "size_i": "14448", "regex": "false"},
	{"name_s": "/lib64/security/pam_limits.so", "size_i": "18592", "regex": "false"},
	{"name_s": "/lib64/security/pam_listfile.so", "size_i": "10280", "regex": "false"},
	{"name_s": "/lib64/security/pam_localuser.so", "size_i": "10200", "regex": "false"},
	{"name_s": "/lib64/security/pam_loginuid.so", "size_i": "10240", "regex": "false"},
	{"name_s": "/lib64/security/pam_mail.so", "size_i": "14376", "regex": "false"},
	{"name_s": "/lib64/security/pam_mkhomedir.so", "size_i": "10272", "regex": "false"},
	{"name_s": "/lib64/security/pam_motd.so", "size_i": "6168", "regex": "false"},
	{"name_s": "/lib64/security/pam_namespace.so", "size_i": "39568", "regex": "false"},
	{"name_s": "/lib64/security/pam_nologin.so", "size_i": "10208", "regex": "false"},
	{"name_s": "/lib64/security/pam_permit.so", "size_i": "6040", "regex": "false"},
	{"name_s": "/lib64/security/pam_postgresok.so", "size_i": "6056", "regex": "false"},
	{"name_s": "/lib64/security/pam_pwhistory.so", "size_i": "14552", "regex": "false"},
	{"name_s": "/lib64/security/pam_rhosts.so", "size_i": "6072", "regex": "false"},
	{"name_s": "/lib64/security/pam_rootok.so", "size_i": "6056", "regex": "false"},
	{"name_s": "/lib64/security/pam_securetty.so", "size_i": "10224", "regex": "false"},
	{"name_s": "/lib64/security/pam_selinux.so", "size_i": "18664", "regex": "false"},
	{"name_s": "/lib64/security/pam_selinux_permit.so", "size_i": "15", "regex": "false"},
	{"name_s": "/lib64/security/pam_sepermit.so", "size_i": "14488", "regex": "false"},
	{"name_s": "/lib64/security/pam_shells.so", "size_i": "6096", "regex": "false"},
	{"name_s": "/lib64/security/pam_stress.so", "size_i": "14328", "regex": "false"},
	{"name_s": "/lib64/security/pam_succeed_if.so", "size_i": "14384", "regex": "false"},
	{"name_s": "/lib64/security/pam_tally2.so", "size_i": "14464", "regex": "false"},
	{"name_s": "/lib64/security/pam_time.so", "size_i": "14368", "regex": "false"},
	{"name_s": "/lib64/security/pam_timestamp.so", "size_i": "18760", "regex": "false"},
	{"name_s": "/lib64/security/pam_tty_audit.so", "size_i": "10256", "regex": "false"},
	{"name_s": "/lib64/security/pam_umask.so", "size_i": "10304", "regex": "false"},
	{"name_s": "/lib64/security/pam_unix.so", "size_i": "51952", "regex": "false"},
	{"name_s": "/lib64/security/pam_unix_acct.so", "size_i": "11", "regex": "false"},
	{"name_s": "/lib64/security/pam_unix_auth.so", "size_i": "11", "regex": "false"},
	{"name_s": "/lib64/security/pam_unix_passwd.so", "size_i": "11", "regex": "false"},
	{"name_s": "/lib64/security/pam_unix_session.so", "size_i": "11", "regex": "false"},
	{"name_s": "/lib64/security/pam_userdb.so", "size_i": "10280", "regex": "false"},
	{"name_s": "/lib64/security/pam_warn.so", "size_i": "6040", "regex": "false"},
	{"name_s": "/lib64/security/pam_wheel.so", "size_i": "10208", "regex": "false"},
	{"name_s": "/lib64/security/pam_xauth.so", "size_i": "22920", "regex": "false"},
	{"name_s": "/sbin/faillock", "size_i": "10520", "regex": "false"},
	{"name_s": "/sbin/mkhomedir_helper", "size_i": "18768", "regex": "false"},
	{"name_s": "/sbin/pam_console_apply", "size_i": "39424", "regex": "false"},
	{"name_s": "/sbin/pam_tally2", "size_i": "14624", "regex": "false"},
	{"name_s": "/sbin/pam_timestamp_check", "size_i": "10272", "regex": "false"},
	{"name_s": "/sbin/unix_chkpwd", "size_i": "34840", "regex": "false"},
	{"name_s": "/sbin/unix_update", "size_i": "34840", "regex": "false"},
	{"name_s": "/usr/share/doc/pam-1.1.1", "size_i": "4096", "regex": "false"},
	{"name_s": "/usr/share/doc/pam-1.1.1/Copyright", "size_i": "2046", "regex": "false"},
	{"name_s": "/usr/share/doc/pam-1.1.1/Linux-PAM_SAG.txt", "size_i": "154589", "regex": "false"},
	{"name_s": "/usr/share/doc/pam-1.1.1/html", "size_i": "4096", "regex": "false"},
	{"name_s": "/usr/share/doc/pam-1.1.1/html/Linux-PAM_SAG.html", "size_i": "9244", "regex": "false"},
	{"name_s": "/usr/share/doc/pam-1.1.1/html/sag-author.html", "size_i": "3134", "regex": "false"},
	{"name_s": "/usr/share/doc/pam-1.1.1/html/sag-configuration-directory.html", "size_i": "2995", "regex": "false"},
	{"name_s": "/usr/share/doc/pam-1.1.1/html/sag-configuration-example.html", "size_i": "5553", "regex": "false"},
	{"name_s": "/usr/share/doc/pam-1.1.1/html/sag-configuration-file.html", "size_i": "17455", "regex": "false"},
	{"name_s": "/usr/share/doc/pam-1.1.1/html/sag-configuration.html", "size_i": "3088", "regex": "false"},
	{"name_s": "/usr/share/doc/pam-1.1.1/html/sag-copyright.html", "size_i": "3661", "regex": "false"},
	{"name_s": "/usr/share/doc/pam-1.1.1/html/sag-introduction.html", "size_i": "4463", "regex": "false"},
	{"name_s": "/usr/share/doc/pam-1.1.1/html/sag-module-reference.html", "size_i": "38184", "regex": "false"},
	{"name_s": "/usr/share/doc/pam-1.1.1/html/sag-overview.html", "size_i": "8002", "regex": "false"},
	{"name_s": "/usr/share/doc/pam-1.1.1/html/sag-pam_access.html", "size_i": "16244", "regex": "false"},
	{"name_s": "/usr/share/doc/pam-1.1.1/html/sag-pam_cracklib.html", "size_i": "20276", "regex": "false"},
	{"name_s": "/usr/share/doc/pam-1.1.1/html/sag-pam_debug.html", "size_i": "8232", "regex": "false"},
	{"name_s": "/usr/share/doc/pam-1.1.1/html/sag-pam_deny.html", "size_i": "4872", "regex": "false"},
	{"name_s": "/usr/share/doc/pam-1.1.1/html/sag-pam_echo.html", "size_i": "5875", "regex": "false"},
	{"name_s": "/usr/share/doc/pam-1.1.1/html/sag-pam_env.html", "size_i": "11463", "regex": "false"},
	{"name_s": "/usr/share/doc/pam-1.1.1/html/sag-pam_exec.html", "size_i": "7287", "regex": "false"},
	{"name_s": "/usr/share/doc/pam-1.1.1/html/sag-pam_faildelay.html", "size_i": "4763", "regex": "false"},
	{"name_s": "/usr/share/doc/pam-1.1.1/html/sag-pam_filter.html", "size_i": "9482", "regex": "false"},
	{"name_s": "/usr/share/doc/pam-1.1.1/html/sag-pam_ftp.html", "size_i": "6361", "regex": "false"},
	{"name_s": "/usr/share/doc/pam-1.1.1/html/sag-pam_group.html", "size_i": "9962", "regex": "false"},
	{"name_s": "/usr/share/doc/pam-1.1.1/html/sag-pam_issue.html", "size_i": "6519", "regex": "false"},
	{"name_s": "/usr/share/doc/pam-1.1.1/html/sag-pam_keyinit.html", "size_i": "7174", "regex": "false"},
	{"name_s": "/usr/share/doc/pam-1.1.1/html/sag-pam_lastlog.html", "size_i": "8247", "regex": "false"},
	{"name_s": "/usr/share/doc/pam-1.1.1/html/sag-pam_limits.html", "size_i": "17643", "regex": "false"},
	{"name_s": "/usr/share/doc/pam-1.1.1/html/sag-pam_listfile.html", "size_i": "10719", "regex": "false"},
	{"name_s": "/usr/share/doc/pam-1.1.1/html/sag-pam_localuser.html", "size_i": "5583", "regex": "false"},
	{"name_s": "/usr/share/doc/pam-1.1.1/html/sag-pam_loginuid.html", "size_i": "4941", "regex": "false"},
	{"name_s": "/usr/share/doc/pam-1.1.1/html/sag-pam_mail.html", "size_i": "7921", "regex": "false"},
	{"name_s": "/usr/share/doc/pam-1.1.1/html/sag-pam_mkhomedir.html", "size_i": "6360", "regex": "false"},
	{"name_s": "/usr/share/doc/pam-1.1.1/html/sag-pam_motd.html", "size_i": "4445", "regex": "false"},
	{"name_s": "/usr/share/doc/pam-1.1.1/html/sag-pam_namespace.html", "size_i": "19125", "regex": "false"},
	{"name_s": "/usr/share/doc/pam-1.1.1/html/sag-pam_nologin.html", "size_i": "5466", "regex": "false"},
	{"name_s": "/usr/share/doc/pam-1.1.1/html/sag-pam_permit.html", "size_i": "4481", "regex": "false"},
	{"name_s": "/usr/share/doc/pam-1.1.1/html/sag-pam_pwhistory.html", "size_i": "7807", "regex": "false"},
	{"name_s": "/usr/share/doc/pam-1.1.1/html/sag-pam_rhosts.html", "size_i": "6569", "regex": "false"},
	{"name_s": "/usr/share/doc/pam-1.1.1/html/sag-pam_rootok.html", "size_i": "5179", "regex": "false"},
	{"name_s": "/usr/share/doc/pam-1.1.1/html/sag-pam_securetty.html", "size_i": "6042", "regex": "false"},
	{"name_s": "/usr/share/doc/pam-1.1.1/html/sag-pam_selinux.html", "size_i": "7773", "regex": "false"},
	{"name_s": "/usr/share/doc/pam-1.1.1/html/sag-pam_shells.html", "size_i": "4441", "regex": "false"},
	{"name_s": "/usr/share/doc/pam-1.1.1/html/sag-pam_succeed_if.html", "size_i": "8984", "regex": "false"},
	{"name_s": "/usr/share/doc/pam-1.1.1/html/sag-pam_tally.html", "size_i": "13923", "regex": "false"},
	{"name_s": "/usr/share/doc/pam-1.1.1/html/sag-pam_tally2.html", "size_i": "15349", "regex": "false"},
	{"name_s": "/usr/share/doc/pam-1.1.1/html/sag-pam_time.html", "size_i": "9906", "regex": "false"},
	{"name_s": "/usr/share/doc/pam-1.1.1/html/sag-pam_timestamp.html", "size_i": "6647", "regex": "false"},
	{"name_s": "/usr/share/doc/pam-1.1.1/html/sag-pam_umask.html", "size_i": "6393", "regex": "false"},
	{"name_s": "/usr/share/doc/pam-1.1.1/html/sag-pam_unix.html", "size_i": "13037", "regex": "false"},
	{"name_s": "/usr/share/doc/pam-1.1.1/html/sag-pam_userdb.html", "size_i": "8537", "regex": "false"},
	{"name_s": "/usr/share/doc/pam-1.1.1/html/sag-pam_warn.html", "size_i": "4740", "regex": "false"},
	{"name_s": "/usr/share/doc/pam-1.1.1/html/sag-pam_wheel.html", "size_i": "7323", "regex": "false"},
	{"name_s": "/usr/share/doc/pam-1.1.1/html/sag-pam_xauth.html", "size_i": "8583", "regex": "false"},
	{"name_s": "/usr/share/doc/pam-1.1.1/html/sag-security-issues-other.html", "size_i": "3032", "regex": "false"},
	{"name_s": "/usr/share/doc/pam-1.1.1/html/sag-security-issues-wrong.html", "size_i": "2984", "regex": "false"},
	{"name_s": "/usr/share/doc/pam-1.1.1/html/sag-security-issues.html", "size_i": "2169", "regex": "false"},
	{"name_s": "/usr/share/doc/pam-1.1.1/html/sag-see-also.html", "size_i": "2274", "regex": "false"},
	{"name_s": "/usr/share/doc/pam-1.1.1/html/sag-text-conventions.html", "size_i": "3211", "regex": "false"},
	{"name_s": "/usr/share/doc/pam-1.1.1/rfc86.0.txt", "size_i": "67954", "regex": "false"},
	{"name_s": "/usr/share/doc/pam-1.1.1/txts", "size_i": "4096", "regex": "false"},
	{"name_s": "/usr/share/doc/pam-1.1.1/txts/README.pam_access", "size_i": "4271", "regex": "false"},
	{"name_s": "/usr/share/doc/pam-1.1.1/txts/README.pam_chroot", "size_i": "1510", "regex": "false"},
	{"name_s": "/usr/share/doc/pam-1.1.1/txts/README.pam_console", "size_i": "1925", "regex": "false"},
	{"name_s": "/usr/share/doc/pam-1.1.1/txts/README.pam_cracklib", "size_i": "9474", "regex": "false"},
	{"name_s": "/usr/share/doc/pam-1.1.1/txts/README.pam_debug", "size_i": "1995", "regex": "false"},
	{"name_s": "/usr/share/doc/pam-1.1.1/txts/README.pam_deny", "size_i": "1035", "regex": "false"},
	{"name_s": "/usr/share/doc/pam-1.1.1/txts/README.pam_echo", "size_i": "1100", "regex": "false"},
	{"name_s": "/usr/share/doc/pam-1.1.1/txts/README.pam_env", "size_i": "2803", "regex": "false"},
	{"name_s": "/usr/share/doc/pam-1.1.1/txts/README.pam_exec", "size_i": "1609", "regex": "false"},
	{"name_s": "/usr/share/doc/pam-1.1.1/txts/README.pam_faildelay", "size_i": "827", "regex": "false"},
	{"name_s": "/usr/share/doc/pam-1.1.1/txts/README.pam_faillock", "size_i": "6636", "regex": "false"},
	{"name_s": "/usr/share/doc/pam-1.1.1/txts/README.pam_filter", "size_i": "3099", "regex": "false"},
	{"name_s": "/usr/share/doc/pam-1.1.1/txts/README.pam_ftp", "size_i": "1698", "regex": "false"},
	{"name_s": "/usr/share/doc/pam-1.1.1/txts/README.pam_group", "size_i": "1989", "regex": "false"},
	{"name_s": "/usr/share/doc/pam-1.1.1/txts/README.pam_issue", "size_i": "1356", "regex": "false"},
	{"name_s": "/usr/share/doc/pam-1.1.1/txts/README.pam_keyinit", "size_i": "2245", "regex": "false"},
	{"name_s": "/usr/share/doc/pam-1.1.1/txts/README.pam_lastlog", "size_i": "2095", "regex": "false"},
	{"name_s": "/usr/share/doc/pam-1.1.1/txts/README.pam_limits", "size_i": "2358", "regex": "false"},
	{"name_s": "/usr/share/doc/pam-1.1.1/txts/README.pam_listfile", "size_i": "3624", "regex": "false"},
	{"name_s": "/usr/share/doc/pam-1.1.1/txts/README.pam_localuser", "size_i": "1166", "regex": "false"},
	{"name_s": "/usr/share/doc/pam-1.1.1/txts/README.pam_loginuid", "size_i": "1117", "regex": "false"},
	{"name_s": "/usr/share/doc/pam-1.1.1/txts/README.pam_mail", "size_i": "2008", "regex": "false"},
	{"name_s": "/usr/share/doc/pam-1.1.1/txts/README.pam_mkhomedir", "size_i": "1361", "regex": "false"},
	{"name_s": "/usr/share/doc/pam-1.1.1/txts/README.pam_motd", "size_i": "755", "regex": "false"},
	{"name_s": "/usr/share/doc/pam-1.1.1/txts/README.pam_namespace", "size_i": "9726", "regex": "false"},
	{"name_s": "/usr/share/doc/pam-1.1.1/txts/README.pam_nologin", "size_i": "1321", "regex": "false"},
	{"name_s": "/usr/share/doc/pam-1.1.1/txts/README.pam_permit", "size_i": "907", "regex": "false"},
	{"name_s": "/usr/share/doc/pam-1.1.1/txts/README.pam_postgresok", "size_i": "346", "regex": "false"},
	{"name_s": "/usr/share/doc/pam-1.1.1/txts/README.pam_pwhistory", "size_i": "1845", "regex": "false"},
	{"name_s": "/usr/share/doc/pam-1.1.1/txts/README.pam_rhosts", "size_i": "1881", "regex": "false"},
	{"name_s": "/usr/share/doc/pam-1.1.1/txts/README.pam_rootok", "size_i": "1086", "regex": "false"},
	{"name_s": "/usr/share/doc/pam-1.1.1/txts/README.pam_securetty", "size_i": "980", "regex": "false"},
	{"name_s": "/usr/share/doc/pam-1.1.1/txts/README.pam_selinux", "size_i": "2656", "regex": "false"},
	{"name_s": "/usr/share/doc/pam-1.1.1/txts/README.pam_sepermit", "size_i": "1648", "regex": "false"},
	{"name_s": "/usr/share/doc/pam-1.1.1/txts/README.pam_shells", "size_i": "652", "regex": "false"},
	{"name_s": "/usr/share/doc/pam-1.1.1/txts/README.pam_stress", "size_i": "2060", "regex": "false"},
	{"name_s": "/usr/share/doc/pam-1.1.1/txts/README.pam_succeed_if", "size_i": "2766", "regex": "false"},
	{"name_s": "/usr/share/doc/pam-1.1.1/txts/README.pam_tally", "size_i": "4628", "regex": "false"},
	{"name_s": "/usr/share/doc/pam-1.1.1/txts/README.pam_tally2", "size_i": "5749", "regex": "false"},
	{"name_s": "/usr/share/doc/pam-1.1.1/txts/README.pam_time", "size_i": "1302", "regex": "false"},
	{"name_s": "/usr/share/doc/pam-1.1.1/txts/README.pam_timestamp", "size_i": "1507", "regex": "false"},
	{"name_s": "/usr/share/doc/pam-1.1.1/txts/README.pam_tty_audit", "size_i": "1906", "regex": "false"},
	{"name_s": "/usr/share/doc/pam-1.1.1/txts/README.pam_umask", "size_i": "1491", "regex": "false"},
	{"name_s": "/usr/share/doc/pam-1.1.1/txts/README.pam_unix", "size_i": "5720", "regex": "false"},
	{"name_s": "/usr/share/doc/pam-1.1.1/txts/README.pam_userdb", "size_i": "2649", "regex": "false"},
	{"name_s": "/usr/share/doc/pam-1.1.1/txts/README.pam_warn", "size_i": "1224", "regex": "false"},
	{"name_s": "/usr/share/doc/pam-1.1.1/txts/README.pam_wheel", "size_i": "1937", "regex": "false"},
	{"name_s": "/usr/share/doc/pam-1.1.1/txts/README.pam_xauth", "size_i": "3695", "regex": "false"},
	{"name_s": "/usr/share/locale/ar/LC_MESSAGES/Linux-PAM.mo", "size_i": "9556", "regex": "false"},
	{"name_s": "/usr/share/locale/as/LC_MESSAGES/Linux-PAM.mo", "size_i": "17197", "regex": "false"},
	{"name_s": "/usr/share/locale/bn_IN/LC_MESSAGES/Linux-PAM.mo", "size_i": "18190", "regex": "false"},
	{"name_s": "/usr/share/locale/ca/LC_MESSAGES/Linux-PAM.mo", "size_i": "11918", "regex": "false"},
	{"name_s": "/usr/share/locale/cs/LC_MESSAGES/Linux-PAM.mo", "size_i": "11576", "regex": "false"},
	{"name_s": "/usr/share/locale/da/LC_MESSAGES/Linux-PAM.mo", "size_i": "11283", "regex": "false"},
	{"name_s": "/usr/share/locale/de/LC_MESSAGES/Linux-PAM.mo", "size_i": "11848", "regex": "false"},
	{"name_s": "/usr/share/locale/es/LC_MESSAGES/Linux-PAM.mo", "size_i": "12087", "regex": "false"},
	{"name_s": "/usr/share/locale/fi/LC_MESSAGES/Linux-PAM.mo", "size_i": "8095", "regex": "false"},
	{"name_s": "/usr/share/locale/fr/LC_MESSAGES/Linux-PAM.mo", "size_i": "12176", "regex": "false"},
	{"name_s": "/usr/share/locale/gu/LC_MESSAGES/Linux-PAM.mo", "size_i": "17033", "regex": "false"},
	{"name_s": "/usr/share/locale/hi/LC_MESSAGES/Linux-PAM.mo", "size_i": "16114", "regex": "false"},
	{"name_s": "/usr/share/locale/hu/LC_MESSAGES/Linux-PAM.mo", "size_i": "11564", "regex": "false"},
	{"name_s": "/usr/share/locale/it/LC_MESSAGES/Linux-PAM.mo", "size_i": "11693", "regex": "false"},
	{"name_s": "/usr/share/locale/ja/LC_MESSAGES/Linux-PAM.mo", "size_i": "12795", "regex": "false"},
	{"name_s": "/usr/share/locale/kk/LC_MESSAGES/Linux-PAM.mo", "size_i": "14699", "regex": "false"},
	{"name_s": "/usr/share/locale/km/LC_MESSAGES/Linux-PAM.mo", "size_i": "13651", "regex": "false"},
	{"name_s": "/usr/share/locale/kn/LC_MESSAGES/Linux-PAM.mo", "size_i": "18649", "regex": "false"},
	{"name_s": "/usr/share/locale/ko/LC_MESSAGES/Linux-PAM.mo", "size_i": "11643", "regex": "false"},
	{"name_s": "/usr/share/locale/ml/LC_MESSAGES/Linux-PAM.mo", "size_i": "20923", "regex": "false"},
	{"name_s": "/usr/share/locale/mr/LC_MESSAGES/Linux-PAM.mo", "size_i": "17344", "regex": "false"},
	{"name_s": "/usr/share/locale/ms/LC_MESSAGES/Linux-PAM.mo", "size_i": "708", "regex": "false"},
	{"name_s": "/usr/share/locale/nb/LC_MESSAGES/Linux-PAM.mo", "size_i": "9328", "regex": "false"},
	{"name_s": "/usr/share/locale/nl/LC_MESSAGES/Linux-PAM.mo", "size_i": "11588", "regex": "false"},
	{"name_s": "/usr/share/locale/or/LC_MESSAGES/Linux-PAM.mo", "size_i": "18604", "regex": "false"},
	{"name_s": "/usr/share/locale/pa/LC_MESSAGES/Linux-PAM.mo", "size_i": "16339", "regex": "false"},
	{"name_s": "/usr/share/locale/pl/LC_MESSAGES/Linux-PAM.mo", "size_i": "11823", "regex": "false"},
	{"name_s": "/usr/share/locale/pt/LC_MESSAGES/Linux-PAM.mo", "size_i": "11994", "regex": "false"},
	{"name_s": "/usr/share/locale/pt_BR/LC_MESSAGES/Linux-PAM.mo", "size_i": "11432", "regex": "false"},
	{"name_s": "/usr/share/locale/ru/LC_MESSAGES/Linux-PAM.mo", "size_i": "15515", "regex": "false"},
	{"name_s": "/usr/share/locale/si/LC_MESSAGES/Linux-PAM.mo", "size_i": "13023", "regex": "false"},
	{"name_s": "/usr/share/locale/sk/LC_MESSAGES/Linux-PAM.mo", "size_i": "11656", "regex": "false"},
	{"name_s": "/usr/share/locale/sr/LC_MESSAGES/Linux-PAM.mo", "size_i": "14755", "regex": "false"},
	{"name_s": "/usr/share/locale/sr@latin/LC_MESSAGES/Linux-PAM.mo", "size_i": "11599", "regex": "false"},
	{"name_s": "/usr/share/locale/sv/LC_MESSAGES/Linux-PAM.mo", "size_i": "10681", "regex": "false"},
	{"name_s": "/usr/share/locale/ta/LC_MESSAGES/Linux-PAM.mo", "size_i": "18175", "regex": "false"},
	{"name_s": "/usr/share/locale/te/LC_MESSAGES/Linux-PAM.mo", "size_i": "18017", "regex": "false"},
	{"name_s": "/usr/share/locale/tr/LC_MESSAGES/Linux-PAM.mo", "size_i": "7643", "regex": "false"},
	{"name_s": "/usr/share/locale/uk/LC_MESSAGES/Linux-PAM.mo", "size_i": "10144", "regex": "false"},
	{"name_s": "/usr/share/locale/zh_CN/LC_MESSAGES/Linux-PAM.mo", "size_i": "10596", "regex": "false"},
	{"name_s": "/usr/share/locale/zh_TW/LC_MESSAGES/Linux-PAM.mo", "size_i": "10826", "regex": "false"},
	{"name_s": "/usr/share/locale/zu/LC_MESSAGES/Linux-PAM.mo", "size_i": "8336", "regex": "false"},
	{"name_s": "/usr/share/man/man5/access.conf.5.gz", "size_i": "2235", "regex": "false"},
	{"name_s": "/usr/share/man/man5/config-util.5.gz", "size_i": "480", "regex": "false"},
	{"name_s": "/usr/share/man/man5/console.apps.5.gz", "size_i": "439", "regex": "false"},
	{"name_s": "/usr/share/man/man5/console.handlers.5.gz", "size_i": "850", "regex": "false"},
	{"name_s": "/usr/share/man/man5/console.perms.5.gz", "size_i": "1005", "regex": "false"},
	{"name_s": "/usr/share/man/man5/group.conf.5.gz", "size_i": "2621", "regex": "false"},
	{"name_s": "/usr/share/man/man5/limits.conf.5.gz", "size_i": "2543", "regex": "false"},
	{"name_s": "/usr/share/man/man5/namespace.conf.5.gz", "size_i": "2666", "regex": "false"},
	{"name_s": "/usr/share/man/man5/pam.conf.5.gz", "size_i": "5503", "regex": "false"},
	{"name_s": "/usr/share/man/man5/pam.d.5.gz", "size_i": "40", "regex": "false"},
	{"name_s": "/usr/share/man/man5/pam_env.conf.5.gz", "size_i": "2466", "regex": "false"},
	{"name_s": "/usr/share/man/man5/sepermit.conf.5.gz", "size_i": "1075", "regex": "false"},
	{"name_s": "/usr/share/man/man5/system-auth.5.gz", "size_i": "713", "regex": "false"},
	{"name_s": "/usr/share/man/man5/time.conf.5.gz", "size_i": "2783", "regex": "false"},
	{"name_s": "/usr/share/man/man8/PAM.8.gz", "size_i": "2938", "regex": "false"},
	{"name_s": "/usr/share/man/man8/faillock.8.gz", "size_i": "938", "regex": "false"},
	{"name_s": "/usr/share/man/man8/mkhomedir_helper.8.gz", "size_i": "1667", "regex": "false"},
	{"name_s": "/usr/share/man/man8/pam.8.gz", "size_i": "35", "regex": "false"},
	{"name_s": "/usr/share/man/man8/pam_access.8.gz", "size_i": "2711", "regex": "false"},
	{"name_s": "/usr/share/man/man8/pam_console.8.gz", "size_i": "1768", "regex": "false"},
	{"name_s": "/usr/share/man/man8/pam_console_apply.8.gz", "size_i": "1145", "regex": "false"},
	{"name_s": "/usr/share/man/man8/pam_cracklib.8.gz", "size_i": "3823", "regex": "false"},
	{"name_s": "/usr/share/man/man8/pam_debug.8.gz", "size_i": "2222", "regex": "false"},
	{"name_s": "/usr/share/man/man8/pam_deny.8.gz", "size_i": "1919", "regex": "false"},
	{"name_s": "/usr/share/man/man8/pam_echo.8.gz", "size_i": "2082", "regex": "false"},
	{"name_s": "/usr/share/man/man8/pam_env.8.gz", "size_i": "1415", "regex": "false"},
	{"name_s": "/usr/share/man/man8/pam_exec.8.gz", "size_i": "2313", "regex": "false"},
	{"name_s": "/usr/share/man/man8/pam_faildelay.8.gz", "size_i": "1844", "regex": "false"},
	{"name_s": "/usr/share/man/man8/pam_faillock.8.gz", "size_i": "2915", "regex": "false"},
	{"name_s": "/usr/share/man/man8/pam_filter.8.gz", "size_i": "2825", "regex": "false"},
	{"name_s": "/usr/share/man/man8/pam_ftp.8.gz", "size_i": "2287", "regex": "false"},
	{"name_s": "/usr/share/man/man8/pam_group.8.gz", "size_i": "2205", "regex": "false"},
	{"name_s": "/usr/share/man/man8/pam_issue.8.gz", "size_i": "2149", "regex": "false"},
	{"name_s": "/usr/share/man/man8/pam_keyinit.8.gz", "size_i": "2638", "regex": "false"},
	{"name_s": "/usr/share/man/man8/pam_lastlog.8.gz", "size_i": "1646", "regex": "false"},
	{"name_s": "/usr/share/man/man8/pam_limits.8.gz", "size_i": "2731", "regex": "false"},
	{"name_s": "/usr/share/man/man8/pam_listfile.8.gz", "size_i": "3192", "regex": "false"},
	{"name_s": "/usr/share/man/man8/pam_localuser.8.gz", "size_i": "2093", "regex": "false"},
	{"name_s": "/usr/share/man/man8/pam_loginuid.8.gz", "size_i": "1975", "regex": "false"},
	{"name_s": "/usr/share/man/man8/pam_mail.8.gz", "size_i": "2509", "regex": "false"},
	{"name_s": "/usr/share/man/man8/pam_mkhomedir.8.gz", "size_i": "2319", "regex": "false"},
	{"name_s": "/usr/share/man/man8/pam_motd.8.gz", "size_i": "1779", "regex": "false"},
	{"name_s": "/usr/share/man/man8/pam_namespace.8.gz", "size_i": "3921", "regex": "false"},
	{"name_s": "/usr/share/man/man8/pam_nologin.8.gz", "size_i": "2191", "regex": "false"},
	{"name_s": "/usr/share/man/man8/pam_permit.8.gz", "size_i": "1863", "regex": "false"},
	{"name_s": "/usr/share/man/man8/pam_postgresok.8.gz", "size_i": "516", "regex": "false"},
	{"name_s": "/usr/share/man/man8/pam_pwhistory.8.gz", "size_i": "2369", "regex": "false"},
	{"name_s": "/usr/share/man/man8/pam_rhosts.8.gz", "size_i": "2356", "regex": "false"},
	{"name_s": "/usr/share/man/man8/pam_rootok.8.gz", "size_i": "1970", "regex": "false"},
	{"name_s": "/usr/share/man/man8/pam_securetty.8.gz", "size_i": "2196", "regex": "false"},
	{"name_s": "/usr/share/man/man8/pam_selinux.8.gz", "size_i": "2554", "regex": "false"},
	{"name_s": "/usr/share/man/man8/pam_sepermit.8.gz", "size_i": "1354", "regex": "false"},
	{"name_s": "/usr/share/man/man8/pam_shells.8.gz", "size_i": "1784", "regex": "false"},
	{"name_s": "/usr/share/man/man8/pam_succeed_if.8.gz", "size_i": "2529", "regex": "false"},
	{"name_s": "/usr/share/man/man8/pam_tally2.8.gz", "size_i": "3844", "regex": "false"},
	{"name_s": "/usr/share/man/man8/pam_time.8.gz", "size_i": "2138", "regex": "false"},
	{"name_s": "/usr/share/man/man8/pam_timestamp.8.gz", "size_i": "2244", "regex": "false"},
	{"name_s": "/usr/share/man/man8/pam_timestamp_check.8.gz", "size_i": "2127", "regex": "false"},
	{"name_s": "/usr/share/man/man8/pam_tty_audit.8.gz", "size_i": "1431", "regex": "false"},
	{"name_s": "/usr/share/man/man8/pam_umask.8.gz", "size_i": "2163", "regex": "false"},
	{"name_s": "/usr/share/man/man8/pam_unix.8.gz", "size_i": "3615", "regex": "false"},
	{"name_s": "/usr/share/man/man8/pam_userdb.8.gz", "size_i": "2591", "regex": "false"},
	{"name_s": "/usr/share/man/man8/pam_warn.8.gz", "size_i": "1910", "regex": "false"},
	{"name_s": "/usr/share/man/man8/pam_wheel.8.gz", "size_i": "2406", "regex": "false"},
	{"name_s": "/usr/share/man/man8/pam_xauth.8.gz", "size_i": "3088", "regex": "false"},
	{"name_s": "/usr/share/man/man8/unix_chkpwd.8.gz", "size_i": "1649", "regex": "false"},
	{"name_s": "/usr/share/man/man8/unix_update.8.gz", "size_i": "1666", "regex": "false"},
	{"name_s": "/var/log/tallylog", "size_i": "0", "regex": "false"},
	{"name_s": "/var/run/console", "size_i": "4096", "regex": "false"},
	{"name_s": "/var/run/faillock", "size_i": "4096", "regex": "false"},
	{"name_s": "/var/run/sepermit", "size_i": "4096", "regex": "false"}
]
