[
	{"name_s": "/usr/lib64/perl5/Net", "size_i": "4096", "regex": "false"},
	{"name_s": "/usr/lib64/perl5/Net/DNS", "size_i": "4096", "regex": "false"},
	{"name_s": "/usr/lib64/perl5/Net/DNS.pm", "size_i": "25514", "regex": "false"},
	{"name_s": "/usr/lib64/perl5/Net/DNS/FAQ.pod", "size_i": "1113", "regex": "false"},
	{"name_s": "/usr/lib64/perl5/Net/DNS/Header.pm", "size_i": "7802", "regex": "false"},
	{"name_s": "/usr/lib64/perl5/Net/DNS/Packet.pm", "size_i": "17672", "regex": "false"},
	{"name_s": "/usr/lib64/perl5/Net/DNS/Question.pm", "size_i": "6181", "regex": "false"},
	{"name_s": "/usr/lib64/perl5/Net/DNS/RR", "size_i": "4096", "regex": "false"},
	{"name_s": "/usr/lib64/perl5/Net/DNS/RR.pm", "size_i": "24693", "regex": "false"},
	{"name_s": "/usr/lib64/perl5/Net/DNS/RR/A.pm", "size_i": "1651", "regex": "false"},
	{"name_s": "/usr/lib64/perl5/Net/DNS/RR/AAAA.pm", "size_i": "2864", "regex": "false"},
	{"name_s": "/usr/lib64/perl5/Net/DNS/RR/AFSDB.pm", "size_i": "2572", "regex": "false"},
	{"name_s": "/usr/lib64/perl5/Net/DNS/RR/APL", "size_i": "4096", "regex": "false"},
	{"name_s": "/usr/lib64/perl5/Net/DNS/RR/APL.pm", "size_i": "2425", "regex": "false"},
	{"name_s": "/usr/lib64/perl5/Net/DNS/RR/APL/ApItem.pm", "size_i": "7147", "regex": "false"},
	{"name_s": "/usr/lib64/perl5/Net/DNS/RR/CERT.pm", "size_i": "3808", "regex": "false"},
	{"name_s": "/usr/lib64/perl5/Net/DNS/RR/CNAME.pm", "size_i": "1826", "regex": "false"},
	{"name_s": "/usr/lib64/perl5/Net/DNS/RR/DNAME.pm", "size_i": "1733", "regex": "false"},
	{"name_s": "/usr/lib64/perl5/Net/DNS/RR/EID.pm", "size_i": "1154", "regex": "false"},
	{"name_s": "/usr/lib64/perl5/Net/DNS/RR/HINFO.pm", "size_i": "2267", "regex": "false"},
	{"name_s": "/usr/lib64/perl5/Net/DNS/RR/IPSECKEY.pm", "size_i": "5257", "regex": "false"},
	{"name_s": "/usr/lib64/perl5/Net/DNS/RR/ISDN.pm", "size_i": "2247", "regex": "false"},
	{"name_s": "/usr/lib64/perl5/Net/DNS/RR/LOC.pm", "size_i": "8966", "regex": "false"},
	{"name_s": "/usr/lib64/perl5/Net/DNS/RR/MB.pm", "size_i": "1946", "regex": "false"},
	{"name_s": "/usr/lib64/perl5/Net/DNS/RR/MG.pm", "size_i": "1919", "regex": "false"},
	{"name_s": "/usr/lib64/perl5/Net/DNS/RR/MINFO.pm", "size_i": "2504", "regex": "false"},
	{"name_s": "/usr/lib64/perl5/Net/DNS/RR/MR.pm", "size_i": "1919", "regex": "false"},
	{"name_s": "/usr/lib64/perl5/Net/DNS/RR/MX.pm", "size_i": "2749", "regex": "false"},
	{"name_s": "/usr/lib64/perl5/Net/DNS/RR/NAPTR.pm", "size_i": "4431", "regex": "false"},
	{"name_s": "/usr/lib64/perl5/Net/DNS/RR/NIMLOC.pm", "size_i": "1164", "regex": "false"},
	{"name_s": "/usr/lib64/perl5/Net/DNS/RR/NS.pm", "size_i": "2053", "regex": "false"},
	{"name_s": "/usr/lib64/perl5/Net/DNS/RR/NSAP.pm", "size_i": "5471", "regex": "false"},
	{"name_s": "/usr/lib64/perl5/Net/DNS/RR/NULL.pm", "size_i": "1159", "regex": "false"},
	{"name_s": "/usr/lib64/perl5/Net/DNS/RR/OPT.pm", "size_i": "6618", "regex": "false"},
	{"name_s": "/usr/lib64/perl5/Net/DNS/RR/PTR.pm", "size_i": "1963", "regex": "false"},
	{"name_s": "/usr/lib64/perl5/Net/DNS/RR/PX.pm", "size_i": "3261", "regex": "false"},
	{"name_s": "/usr/lib64/perl5/Net/DNS/RR/RP.pm", "size_i": "2556", "regex": "false"},
	{"name_s": "/usr/lib64/perl5/Net/DNS/RR/RT.pm", "size_i": "2770", "regex": "false"},
	{"name_s": "/usr/lib64/perl5/Net/DNS/RR/SOA.pm", "size_i": "4002", "regex": "false"},
	{"name_s": "/usr/lib64/perl5/Net/DNS/RR/SPF.pm", "size_i": "960", "regex": "false"},
	{"name_s": "/usr/lib64/perl5/Net/DNS/RR/SRV.pm", "size_i": "2972", "regex": "false"},
	{"name_s": "/usr/lib64/perl5/Net/DNS/RR/SSHFP.pm", "size_i": "4123", "regex": "false"},
	{"name_s": "/usr/lib64/perl5/Net/DNS/RR/TKEY.pm", "size_i": "4660", "regex": "false"},
	{"name_s": "/usr/lib64/perl5/Net/DNS/RR/TSIG.pm", "size_i": "8834", "regex": "false"},
	{"name_s": "/usr/lib64/perl5/Net/DNS/RR/TXT.pm", "size_i": "3767", "regex": "false"},
	{"name_s": "/usr/lib64/perl5/Net/DNS/RR/Unknown.pm", "size_i": "1449", "regex": "false"},
	{"name_s": "/usr/lib64/perl5/Net/DNS/RR/X25.pm", "size_i": "1629", "regex": "false"},
	{"name_s": "/usr/lib64/perl5/Net/DNS/Resolver", "size_i": "4096", "regex": "false"},
	{"name_s": "/usr/lib64/perl5/Net/DNS/Resolver.pm", "size_i": "20487", "regex": "false"},
	{"name_s": "/usr/lib64/perl5/Net/DNS/Resolver/Base.pm", "size_i": "39884", "regex": "false"},
	{"name_s": "/usr/lib64/perl5/Net/DNS/Resolver/Recurse.pm", "size_i": "17166", "regex": "false"},
	{"name_s": "/usr/lib64/perl5/Net/DNS/Resolver/UNIX.pm", "size_i": "1600", "regex": "false"},
	{"name_s": "/usr/lib64/perl5/Net/DNS/Update.pm", "size_i": "5498", "regex": "false"},
	{"name_s": "/usr/lib64/perl5/auto/Net", "size_i": "4096", "regex": "false"},
	{"name_s": "/usr/lib64/perl5/auto/Net/DNS", "size_i": "4096", "regex": "false"},
	{"name_s": "/usr/lib64/perl5/auto/Net/DNS/DNS.so", "size_i": "10096", "regex": "false"},
	{"name_s": "/usr/share/doc/perl-Net-DNS-0.65", "size_i": "4096", "regex": "false"},
	{"name_s": "/usr/share/doc/perl-Net-DNS-0.65/Changes", "size_i": "51054", "regex": "false"},
	{"name_s": "/usr/share/doc/perl-Net-DNS-0.65/README", "size_i": "11234", "regex": "false"},
	{"name_s": "/usr/share/doc/perl-Net-DNS-0.65/TODO", "size_i": "3302", "regex": "false"},
	{"name_s": "/usr/share/man/man3/Net::DNS.3pm.gz", "size_i": "5505", "regex": "false"},
	{"name_s": "/usr/share/man/man3/Net::DNS::FAQ.3pm.gz", "size_i": "2362", "regex": "false"},
	{"name_s": "/usr/share/man/man3/Net::DNS::Header.3pm.gz", "size_i": "3195", "regex": "false"},
	{"name_s": "/usr/share/man/man3/Net::DNS::Packet.3pm.gz", "size_i": "4305", "regex": "false"},
	{"name_s": "/usr/share/man/man3/Net::DNS::Question.3pm.gz", "size_i": "2857", "regex": "false"},
	{"name_s": "/usr/share/man/man3/Net::DNS::RR.3pm.gz", "size_i": "4188", "regex": "false"},
	{"name_s": "/usr/share/man/man3/Net::DNS::RR::A.3pm.gz", "size_i": "2107", "regex": "false"},
	{"name_s": "/usr/share/man/man3/Net::DNS::RR::AAAA.3pm.gz", "size_i": "2215", "regex": "false"},
	{"name_s": "/usr/share/man/man3/Net::DNS::RR::AFSDB.3pm.gz", "size_i": "2170", "regex": "false"},
	{"name_s": "/usr/share/man/man3/Net::DNS::RR::APL.3pm.gz", "size_i": "2307", "regex": "false"},
	{"name_s": "/usr/share/man/man3/Net::DNS::RR::APL::ApItem.3pm.gz", "size_i": "2403", "regex": "false"},
	{"name_s": "/usr/share/man/man3/Net::DNS::RR::CERT.3pm.gz", "size_i": "2241", "regex": "false"},
	{"name_s": "/usr/share/man/man3/Net::DNS::RR::CNAME.3pm.gz", "size_i": "2117", "regex": "false"},
	{"name_s": "/usr/share/man/man3/Net::DNS::RR::DNAME.3pm.gz", "size_i": "2114", "regex": "false"},
	{"name_s": "/usr/share/man/man3/Net::DNS::RR::EID.3pm.gz", "size_i": "2168", "regex": "false"},
	{"name_s": "/usr/share/man/man3/Net::DNS::RR::HINFO.3pm.gz", "size_i": "2170", "regex": "false"},
	{"name_s": "/usr/share/man/man3/Net::DNS::RR::IPSECKEY.3pm.gz", "size_i": "2353", "regex": "false"},
	{"name_s": "/usr/share/man/man3/Net::DNS::RR::ISDN.3pm.gz", "size_i": "2132", "regex": "false"},
	{"name_s": "/usr/share/man/man3/Net::DNS::RR::LOC.3pm.gz", "size_i": "2687", "regex": "false"},
	{"name_s": "/usr/share/man/man3/Net::DNS::RR::MB.3pm.gz", "size_i": "2140", "regex": "false"},
	{"name_s": "/usr/share/man/man3/Net::DNS::RR::MG.3pm.gz", "size_i": "2129", "regex": "false"},
	{"name_s": "/usr/share/man/man3/Net::DNS::RR::MINFO.3pm.gz", "size_i": "2161", "regex": "false"},
	{"name_s": "/usr/share/man/man3/Net::DNS::RR::MR.3pm.gz", "size_i": "2117", "regex": "false"},
	{"name_s": "/usr/share/man/man3/Net::DNS::RR::MX.3pm.gz", "size_i": "2172", "regex": "false"},
	{"name_s": "/usr/share/man/man3/Net::DNS::RR::NAPTR.3pm.gz", "size_i": "2288", "regex": "false"},
	{"name_s": "/usr/share/man/man3/Net::DNS::RR::NIMLOC.3pm.gz", "size_i": "2168", "regex": "false"},
	{"name_s": "/usr/share/man/man3/Net::DNS::RR::NS.3pm.gz", "size_i": "2151", "regex": "false"},
	{"name_s": "/usr/share/man/man3/Net::DNS::RR::NSAP.3pm.gz", "size_i": "2469", "regex": "false"},
	{"name_s": "/usr/share/man/man3/Net::DNS::RR::NULL.3pm.gz", "size_i": "2153", "regex": "false"},
	{"name_s": "/usr/share/man/man3/Net::DNS::RR::OPT.3pm.gz", "size_i": "3282", "regex": "false"},
	{"name_s": "/usr/share/man/man3/Net::DNS::RR::PTR.3pm.gz", "size_i": "2124", "regex": "false"},
	{"name_s": "/usr/share/man/man3/Net::DNS::RR::PX.3pm.gz", "size_i": "2231", "regex": "false"},
	{"name_s": "/usr/share/man/man3/Net::DNS::RR::RP.3pm.gz", "size_i": "2193", "regex": "false"},
	{"name_s": "/usr/share/man/man3/Net::DNS::RR::RT.3pm.gz", "size_i": "2180", "regex": "false"},
	{"name_s": "/usr/share/man/man3/Net::DNS::RR::SOA.3pm.gz", "size_i": "2349", "regex": "false"},
	{"name_s": "/usr/share/man/man3/Net::DNS::RR::SPF.3pm.gz", "size_i": "2083", "regex": "false"},
	{"name_s": "/usr/share/man/man3/Net::DNS::RR::SRV.3pm.gz", "size_i": "2187", "regex": "false"},
	{"name_s": "/usr/share/man/man3/Net::DNS::RR::SSHFP.3pm.gz", "size_i": "2539", "regex": "false"},
	{"name_s": "/usr/share/man/man3/Net::DNS::RR::TKEY.3pm.gz", "size_i": "2646", "regex": "false"},
	{"name_s": "/usr/share/man/man3/Net::DNS::RR::TSIG.3pm.gz", "size_i": "3332", "regex": "false"},
	{"name_s": "/usr/share/man/man3/Net::DNS::RR::TXT.3pm.gz", "size_i": "2736", "regex": "false"},
	{"name_s": "/usr/share/man/man3/Net::DNS::RR::Unknown.3pm.gz", "size_i": "2031", "regex": "false"},
	{"name_s": "/usr/share/man/man3/Net::DNS::RR::X25.3pm.gz", "size_i": "2098", "regex": "false"},
	{"name_s": "/usr/share/man/man3/Net::DNS::Resolver.3pm.gz", "size_i": "8391", "regex": "false"},
	{"name_s": "/usr/share/man/man3/Net::DNS::Resolver::Base.3pm.gz", "size_i": "2084", "regex": "false"},
	{"name_s": "/usr/share/man/man3/Net::DNS::Resolver::Recurse.3pm.gz", "size_i": "2826", "regex": "false"},
	{"name_s": "/usr/share/man/man3/Net::DNS::Resolver::UNIX.3pm.gz", "size_i": "2031", "regex": "false"},
	{"name_s": "/usr/share/man/man3/Net::DNS::Update.3pm.gz", "size_i": "3395", "regex": "false"}
]
