[
	{"name_s": "/usr/share/doc/perl-Module-Install-0.91", "size_i": "4096", "regex": "false"},
	{"name_s": "/usr/share/doc/perl-Module-Install-0.91/Changes", "size_i": "30758", "regex": "false"},
	{"name_s": "/usr/share/doc/perl-Module-Install-0.91/LICENSE", "size_i": "20217", "regex": "false"},
	{"name_s": "/usr/share/doc/perl-Module-Install-0.91/README", "size_i": "26840", "regex": "false"},
	{"name_s": "/usr/share/man/man3/Module::AutoInstall.3pm.gz", "size_i": "5854", "regex": "false"},
	{"name_s": "/usr/share/man/man3/Module::Install.3pm.gz", "size_i": "11545", "regex": "false"},
	{"name_s": "/usr/share/man/man3/Module::Install::Admin.3pm.gz", "size_i": "2860", "regex": "false"},
	{"name_s": "/usr/share/man/man3/Module::Install::Admin::Include.3pm.gz", "size_i": "2126", "regex": "false"},
	{"name_s": "/usr/share/man/man3/Module::Install::Admin::Manifest.3pm.gz", "size_i": "1897", "regex": "false"},
	{"name_s": "/usr/share/man/man3/Module::Install::Base.3pm.gz", "size_i": "2445", "regex": "false"},
	{"name_s": "/usr/share/man/man3/Module::Install::Bundle.3pm.gz", "size_i": "2883", "regex": "false"},
	{"name_s": "/usr/share/man/man3/Module::Install::Can.3pm.gz", "size_i": "2684", "regex": "false"},
	{"name_s": "/usr/share/man/man3/Module::Install::Compiler.3pm.gz", "size_i": "2490", "regex": "false"},
	{"name_s": "/usr/share/man/man3/Module::Install::Deprecated.3pm.gz", "size_i": "2472", "regex": "false"},
	{"name_s": "/usr/share/man/man3/Module::Install::External.3pm.gz", "size_i": "2613", "regex": "false"},
	{"name_s": "/usr/share/man/man3/Module::Install::Makefile.3pm.gz", "size_i": "3128", "regex": "false"},
	{"name_s": "/usr/share/man/man3/Module::Install::PAR.3pm.gz", "size_i": "3394", "regex": "false"},
	{"name_s": "/usr/share/man/man3/Module::Install::Philosophy.3pm.gz", "size_i": "5420", "regex": "false"},
	{"name_s": "/usr/share/man/man3/Module::Install::Share.3pm.gz", "size_i": "2540", "regex": "false"},
	{"name_s": "/usr/share/man/man3/Module::Install::With.3pm.gz", "size_i": "2528", "regex": "false"},
	{"name_s": "/usr/share/man/man3/inc::Module::Install.3pm.gz", "size_i": "2500", "regex": "false"},
	{"name_s": "/usr/share/man/man3/inc::Module::Install::DSL.3pm.gz", "size_i": "2537", "regex": "false"},
	{"name_s": "/usr/share/perl5/Module", "size_i": "4096", "regex": "false"},
	{"name_s": "/usr/share/perl5/Module/AutoInstall.pm", "size_i": "31747", "regex": "false"},
	{"name_s": "/usr/share/perl5/Module/Install", "size_i": "4096", "regex": "false"},
	{"name_s": "/usr/share/perl5/Module/Install.pm", "size_i": "10308", "regex": "false"},
	{"name_s": "/usr/share/perl5/Module/Install.pod", "size_i": "26080", "regex": "false"},
	{"name_s": "/usr/share/perl5/Module/Install/Admin", "size_i": "4096", "regex": "false"},
	{"name_s": "/usr/share/perl5/Module/Install/Admin.pm", "size_i": "6820", "regex": "false"},
	{"name_s": "/usr/share/perl5/Module/Install/Admin/Bundle.pm", "size_i": "1879", "regex": "false"},
	{"name_s": "/usr/share/perl5/Module/Install/Admin/Compiler.pm", "size_i": "541", "regex": "false"},
	{"name_s": "/usr/share/perl5/Module/Install/Admin/Find.pm", "size_i": "1637", "regex": "false"},
	{"name_s": "/usr/share/perl5/Module/Install/Admin/Include.pm", "size_i": "2889", "regex": "false"},
	{"name_s": "/usr/share/perl5/Module/Install/Admin/Makefile.pm", "size_i": "1157", "regex": "false"},
	{"name_s": "/usr/share/perl5/Module/Install/Admin/Manifest.pm", "size_i": "3789", "regex": "false"},
	{"name_s": "/usr/share/perl5/Module/Install/Admin/Metadata.pm", "size_i": "4599", "regex": "false"},
	{"name_s": "/usr/share/perl5/Module/Install/Admin/ScanDeps.pm", "size_i": "2432", "regex": "false"},
	{"name_s": "/usr/share/perl5/Module/Install/Admin/WriteAll.pm", "size_i": "351", "regex": "false"},
	{"name_s": "/usr/share/perl5/Module/Install/AutoInstall.pm", "size_i": "1203", "regex": "false"},
	{"name_s": "/usr/share/perl5/Module/Install/Base.pm", "size_i": "2446", "regex": "false"},
	{"name_s": "/usr/share/perl5/Module/Install/Bundle.pm", "size_i": "5050", "regex": "false"},
	{"name_s": "/usr/share/perl5/Module/Install/Can.pm", "size_i": "3822", "regex": "false"},
	{"name_s": "/usr/share/perl5/Module/Install/Compiler.pm", "size_i": "2599", "regex": "false"},
	{"name_s": "/usr/share/perl5/Module/Install/DSL.pm", "size_i": "2160", "regex": "false"},
	{"name_s": "/usr/share/perl5/Module/Install/Deprecated.pm", "size_i": "2773", "regex": "false"},
	{"name_s": "/usr/share/perl5/Module/Install/External.pm", "size_i": "3499", "regex": "false"},
	{"name_s": "/usr/share/perl5/Module/Install/Fetch.pm", "size_i": "2447", "regex": "false"},
	{"name_s": "/usr/share/perl5/Module/Install/Include.pm", "size_i": "517", "regex": "false"},
	{"name_s": "/usr/share/perl5/Module/Install/Inline.pm", "size_i": "1176", "regex": "false"},
	{"name_s": "/usr/share/perl5/Module/Install/MakeMaker.pm", "size_i": "1089", "regex": "false"},
	{"name_s": "/usr/share/perl5/Module/Install/Makefile.pm", "size_i": "10286", "regex": "false"},
	{"name_s": "/usr/share/perl5/Module/Install/Metadata.pm", "size_i": "15036", "regex": "false"},
	{"name_s": "/usr/share/perl5/Module/Install/PAR.pm", "size_i": "7311", "regex": "false"},
	{"name_s": "/usr/share/perl5/Module/Install/Philosophy.pod", "size_i": "7848", "regex": "false"},
	{"name_s": "/usr/share/perl5/Module/Install/Run.pm", "size_i": "248", "regex": "false"},
	{"name_s": "/usr/share/perl5/Module/Install/Scripts.pm", "size_i": "513", "regex": "false"},
	{"name_s": "/usr/share/perl5/Module/Install/Share.pm", "size_i": "3248", "regex": "false"},
	{"name_s": "/usr/share/perl5/Module/Install/Win32.pm", "size_i": "1787", "regex": "false"},
	{"name_s": "/usr/share/perl5/Module/Install/With.pm", "size_i": "3185", "regex": "false"},
	{"name_s": "/usr/share/perl5/Module/Install/WriteAll.pm", "size_i": "1162", "regex": "false"},
	{"name_s": "/usr/share/perl5/auto", "size_i": "4096", "regex": "false"},
	{"name_s": "/usr/share/perl5/auto/share", "size_i": "4096", "regex": "false"},
	{"name_s": "/usr/share/perl5/auto/share/dist", "size_i": "4096", "regex": "false"},
	{"name_s": "/usr/share/perl5/auto/share/dist/Module-Install", "size_i": "4096", "regex": "false"},
	{"name_s": "/usr/share/perl5/auto/share/dist/Module-Install/dist_file.txt", "size_i": "61", "regex": "false"},
	{"name_s": "/usr/share/perl5/inc", "size_i": "4096", "regex": "false"},
	{"name_s": "/usr/share/perl5/inc/Module", "size_i": "4096", "regex": "false"},
	{"name_s": "/usr/share/perl5/inc/Module/Install", "size_i": "4096", "regex": "false"},
	{"name_s": "/usr/share/perl5/inc/Module/Install.pm", "size_i": "2562", "regex": "false"},
	{"name_s": "/usr/share/perl5/inc/Module/Install/DSL.pm", "size_i": "2973", "regex": "false"}
]
