[
	{"name_s": "/usr/share/doc/perl-XML-SAX-0.96", "size_i": "4096", "regex": "false"},
	{"name_s": "/usr/share/doc/perl-XML-SAX-0.96/Changes", "size_i": "3575", "regex": "false"},
	{"name_s": "/usr/share/doc/perl-XML-SAX-0.96/LICENSE", "size_i": "203", "regex": "false"},
	{"name_s": "/usr/share/doc/perl-XML-SAX-0.96/README", "size_i": "1124", "regex": "false"},
	{"name_s": "/usr/share/man/man3/XML::SAX.3pm.gz", "size_i": "3781", "regex": "false"},
	{"name_s": "/usr/share/man/man3/XML::SAX::Base.3pm.gz", "size_i": "5358", "regex": "false"},
	{"name_s": "/usr/share/man/man3/XML::SAX::DocumentLocator.3pm.gz", "size_i": "2245", "regex": "false"},
	{"name_s": "/usr/share/man/man3/XML::SAX::Exception.3pm.gz", "size_i": "2364", "regex": "false"},
	{"name_s": "/usr/share/man/man3/XML::SAX::Intro.3pm.gz", "size_i": "7784", "regex": "false"},
	{"name_s": "/usr/share/man/man3/XML::SAX::ParserFactory.3pm.gz", "size_i": "3253", "regex": "false"},
	{"name_s": "/usr/share/man/man3/XML::SAX::PurePerl.3pm.gz", "size_i": "2767", "regex": "false"},
	{"name_s": "/usr/share/man/man3/XML::SAX::PurePerl::Reader.3pm.gz", "size_i": "1735", "regex": "false"},
	{"name_s": "/usr/share/perl5/XML", "size_i": "4096", "regex": "false"},
	{"name_s": "/usr/share/perl5/XML/SAX", "size_i": "4096", "regex": "false"},
	{"name_s": "/usr/share/perl5/XML/SAX.pm", "size_i": "9315", "regex": "false"},
	{"name_s": "/usr/share/perl5/XML/SAX/Base.pm", "size_i": "122454", "regex": "false"},
	{"name_s": "/usr/share/perl5/XML/SAX/DocumentLocator.pm", "size_i": "2938", "regex": "false"},
	{"name_s": "/usr/share/perl5/XML/SAX/Exception.pm", "size_i": "3021", "regex": "false"},
	{"name_s": "/usr/share/perl5/XML/SAX/Intro.pod", "size_i": "14865", "regex": "false"},
	{"name_s": "/usr/share/perl5/XML/SAX/ParserDetails.ini", "size_i": "0", "regex": "false"},
	{"name_s": "/usr/share/perl5/XML/SAX/ParserFactory.pm", "size_i": "6591", "regex": "false"},
	{"name_s": "/usr/share/perl5/XML/SAX/PurePerl", "size_i": "4096", "regex": "false"},
	{"name_s": "/usr/share/perl5/XML/SAX/PurePerl.pm", "size_i": "20638", "regex": "false"},
	{"name_s": "/usr/share/perl5/XML/SAX/PurePerl/DTDDecls.pm", "size_i": "17042", "regex": "false"},
	{"name_s": "/usr/share/perl5/XML/SAX/PurePerl/DebugHandler.pm", "size_i": "1932", "regex": "false"},
	{"name_s": "/usr/share/perl5/XML/SAX/PurePerl/DocType.pm", "size_i": "4705", "regex": "false"},
	{"name_s": "/usr/share/perl5/XML/SAX/PurePerl/EncodingDetect.pm", "size_i": "2684", "regex": "false"},
	{"name_s": "/usr/share/perl5/XML/SAX/PurePerl/Exception.pm", "size_i": "1757", "regex": "false"},
	{"name_s": "/usr/share/perl5/XML/SAX/PurePerl/NoUnicodeExt.pm", "size_i": "681", "regex": "false"},
	{"name_s": "/usr/share/perl5/XML/SAX/PurePerl/Productions.pm", "size_i": "6677", "regex": "false"},
	{"name_s": "/usr/share/perl5/XML/SAX/PurePerl/Reader", "size_i": "4096", "regex": "false"},
	{"name_s": "/usr/share/perl5/XML/SAX/PurePerl/Reader.pm", "size_i": "2590", "regex": "false"},
	{"name_s": "/usr/share/perl5/XML/SAX/PurePerl/Reader/NoUnicodeExt.pm", "size_i": "640", "regex": "false"},
	{"name_s": "/usr/share/perl5/XML/SAX/PurePerl/Reader/Stream.pm", "size_i": "1848", "regex": "false"},
	{"name_s": "/usr/share/perl5/XML/SAX/PurePerl/Reader/String.pm", "size_i": "1739", "regex": "false"},
	{"name_s": "/usr/share/perl5/XML/SAX/PurePerl/Reader/URI.pm", "size_i": "1506", "regex": "false"},
	{"name_s": "/usr/share/perl5/XML/SAX/PurePerl/Reader/UnicodeExt.pm", "size_i": "378", "regex": "false"},
	{"name_s": "/usr/share/perl5/XML/SAX/PurePerl/UnicodeExt.pm", "size_i": "420", "regex": "false"},
	{"name_s": "/usr/share/perl5/XML/SAX/PurePerl/XMLDecl.pm", "size_i": "3437", "regex": "false"}
]
