[
	{"name_s": "/opt/rh/perl516/root/usr/bin/piconv", "size_i": "8217", "regex": "false"},
	{"name_s": "/opt/rh/perl516/root/usr/lib64/perl5/vendor_perl/Encode", "size_i": "4096", "regex": "false"},
	{"name_s": "/opt/rh/perl516/root/usr/lib64/perl5/vendor_perl/Encode.pm", "size_i": "32792", "regex": "false"},
	{"name_s": "/opt/rh/perl516/root/usr/lib64/perl5/vendor_perl/Encode/Alias.pm", "size_i": "12189", "regex": "false"},
	{"name_s": "/opt/rh/perl516/root/usr/lib64/perl5/vendor_perl/Encode/Byte.pm", "size_i": "2430", "regex": "false"},
	{"name_s": "/opt/rh/perl516/root/usr/lib64/perl5/vendor_perl/Encode/CJKConstants.pm", "size_i": "1683", "regex": "false"},
	{"name_s": "/opt/rh/perl516/root/usr/lib64/perl5/vendor_perl/Encode/CN", "size_i": "4096", "regex": "false"},
	{"name_s": "/opt/rh/perl516/root/usr/lib64/perl5/vendor_perl/Encode/CN.pm", "size_i": "2042", "regex": "false"},
	{"name_s": "/opt/rh/perl516/root/usr/lib64/perl5/vendor_perl/Encode/CN/HZ.pm", "size_i": "5964", "regex": "false"},
	{"name_s": "/opt/rh/perl516/root/usr/lib64/perl5/vendor_perl/Encode/Config.pm", "size_i": "6065", "regex": "false"},
	{"name_s": "/opt/rh/perl516/root/usr/lib64/perl5/vendor_perl/Encode/EBCDIC.pm", "size_i": "865", "regex": "false"},
	{"name_s": "/opt/rh/perl516/root/usr/lib64/perl5/vendor_perl/Encode/Encoder.pm", "size_i": "6316", "regex": "false"},
	{"name_s": "/opt/rh/perl516/root/usr/lib64/perl5/vendor_perl/Encode/Encoding.pm", "size_i": "9097", "regex": "false"},
	{"name_s": "/opt/rh/perl516/root/usr/lib64/perl5/vendor_perl/Encode/GSM0338.pm", "size_i": "11804", "regex": "false"},
	{"name_s": "/opt/rh/perl516/root/usr/lib64/perl5/vendor_perl/Encode/Guess.pm", "size_i": "10092", "regex": "false"},
	{"name_s": "/opt/rh/perl516/root/usr/lib64/perl5/vendor_perl/Encode/JP", "size_i": "4096", "regex": "false"},
	{"name_s": "/opt/rh/perl516/root/usr/lib64/perl5/vendor_perl/Encode/JP.pm", "size_i": "2682", "regex": "false"},
	{"name_s": "/opt/rh/perl516/root/usr/lib64/perl5/vendor_perl/Encode/JP/H2Z.pm", "size_i": "5142", "regex": "false"},
	{"name_s": "/opt/rh/perl516/root/usr/lib64/perl5/vendor_perl/Encode/JP/JIS7.pm", "size_i": "4155", "regex": "false"},
	{"name_s": "/opt/rh/perl516/root/usr/lib64/perl5/vendor_perl/Encode/KR", "size_i": "4096", "regex": "false"},
	{"name_s": "/opt/rh/perl516/root/usr/lib64/perl5/vendor_perl/Encode/KR.pm", "size_i": "1960", "regex": "false"},
	{"name_s": "/opt/rh/perl516/root/usr/lib64/perl5/vendor_perl/Encode/KR/2022_KR.pm", "size_i": "1900", "regex": "false"},
	{"name_s": "/opt/rh/perl516/root/usr/lib64/perl5/vendor_perl/Encode/MIME", "size_i": "4096", "regex": "false"},
	{"name_s": "/opt/rh/perl516/root/usr/lib64/perl5/vendor_perl/Encode/MIME/Header", "size_i": "4096", "regex": "false"},
	{"name_s": "/opt/rh/perl516/root/usr/lib64/perl5/vendor_perl/Encode/MIME/Header.pm", "size_i": "6971", "regex": "false"},
	{"name_s": "/opt/rh/perl516/root/usr/lib64/perl5/vendor_perl/Encode/MIME/Header/ISO_2022_JP.pm", "size_i": "3107", "regex": "false"},
	{"name_s": "/opt/rh/perl516/root/usr/lib64/perl5/vendor_perl/Encode/MIME/Name.pm", "size_i": "3540", "regex": "false"},
	{"name_s": "/opt/rh/perl516/root/usr/lib64/perl5/vendor_perl/Encode/PerlIO.pod", "size_i": "6060", "regex": "false"},
	{"name_s": "/opt/rh/perl516/root/usr/lib64/perl5/vendor_perl/Encode/Supported.pod", "size_i": "28735", "regex": "false"},
	{"name_s": "/opt/rh/perl516/root/usr/lib64/perl5/vendor_perl/Encode/Symbol.pm", "size_i": "847", "regex": "false"},
	{"name_s": "/opt/rh/perl516/root/usr/lib64/perl5/vendor_perl/Encode/TW.pm", "size_i": "2292", "regex": "false"},
	{"name_s": "/opt/rh/perl516/root/usr/lib64/perl5/vendor_perl/Encode/Unicode", "size_i": "4096", "regex": "false"},
	{"name_s": "/opt/rh/perl516/root/usr/lib64/perl5/vendor_perl/Encode/Unicode.pm", "size_i": "8958", "regex": "false"},
	{"name_s": "/opt/rh/perl516/root/usr/lib64/perl5/vendor_perl/Encode/Unicode/UTF7.pm", "size_i": "3801", "regex": "false"},
	{"name_s": "/opt/rh/perl516/root/usr/lib64/perl5/vendor_perl/auto/Encode", "size_i": "4096", "regex": "false"},
	{"name_s": "/opt/rh/perl516/root/usr/lib64/perl5/vendor_perl/auto/Encode/Byte", "size_i": "4096", "regex": "false"},
	{"name_s": "/opt/rh/perl516/root/usr/lib64/perl5/vendor_perl/auto/Encode/Byte/Byte.so", "size_i": "370336", "regex": "false"},
	{"name_s": "/opt/rh/perl516/root/usr/lib64/perl5/vendor_perl/auto/Encode/CN", "size_i": "4096", "regex": "false"},
	{"name_s": "/opt/rh/perl516/root/usr/lib64/perl5/vendor_perl/auto/Encode/CN/CN.so", "size_i": "2089792", "regex": "false"},
	{"name_s": "/opt/rh/perl516/root/usr/lib64/perl5/vendor_perl/auto/Encode/EBCDIC", "size_i": "4096", "regex": "false"},
	{"name_s": "/opt/rh/perl516/root/usr/lib64/perl5/vendor_perl/auto/Encode/EBCDIC/EBCDIC.so", "size_i": "42048", "regex": "false"},
	{"name_s": "/opt/rh/perl516/root/usr/lib64/perl5/vendor_perl/auto/Encode/Encode.so", "size_i": "34176", "regex": "false"},
	{"name_s": "/opt/rh/perl516/root/usr/lib64/perl5/vendor_perl/auto/Encode/JP", "size_i": "4096", "regex": "false"},
	{"name_s": "/opt/rh/perl516/root/usr/lib64/perl5/vendor_perl/auto/Encode/JP/JP.so", "size_i": "2745408", "regex": "false"},
	{"name_s": "/opt/rh/perl516/root/usr/lib64/perl5/vendor_perl/auto/Encode/KR", "size_i": "4096", "regex": "false"},
	{"name_s": "/opt/rh/perl516/root/usr/lib64/perl5/vendor_perl/auto/Encode/KR/KR.so", "size_i": "2407288", "regex": "false"},
	{"name_s": "/opt/rh/perl516/root/usr/lib64/perl5/vendor_perl/auto/Encode/Symbol", "size_i": "4096", "regex": "false"},
	{"name_s": "/opt/rh/perl516/root/usr/lib64/perl5/vendor_perl/auto/Encode/Symbol/Symbol.so", "size_i": "52680", "regex": "false"},
	{"name_s": "/opt/rh/perl516/root/usr/lib64/perl5/vendor_perl/auto/Encode/TW", "size_i": "4096", "regex": "false"},
	{"name_s": "/opt/rh/perl516/root/usr/lib64/perl5/vendor_perl/auto/Encode/TW/TW.so", "size_i": "2020816", "regex": "false"},
	{"name_s": "/opt/rh/perl516/root/usr/lib64/perl5/vendor_perl/auto/Encode/Unicode", "size_i": "4096", "regex": "false"},
	{"name_s": "/opt/rh/perl516/root/usr/lib64/perl5/vendor_perl/auto/Encode/Unicode/Unicode.so", "size_i": "17848", "regex": "false"},
	{"name_s": "/opt/rh/perl516/root/usr/lib64/perl5/vendor_perl/encoding.pm", "size_i": "20519", "regex": "false"},
	{"name_s": "/opt/rh/perl516/root/usr/share/doc/perl516-perl-Encode-2.57", "size_i": "4096", "regex": "false"},
	{"name_s": "/opt/rh/perl516/root/usr/share/doc/perl516-perl-Encode-2.57/AUTHORS", "size_i": "2583", "regex": "false"},
	{"name_s": "/opt/rh/perl516/root/usr/share/doc/perl516-perl-Encode-2.57/Changes", "size_i": "88192", "regex": "false"},
	{"name_s": "/opt/rh/perl516/root/usr/share/doc/perl516-perl-Encode-2.57/README", "size_i": "1084", "regex": "false"},
	{"name_s": "/opt/rh/perl516/root/usr/share/man/man1/piconv.1.gz", "size_i": "3261", "regex": "false"},
	{"name_s": "/opt/rh/perl516/root/usr/share/man/man3/Encode.3pm.gz", "size_i": "11308", "regex": "false"},
	{"name_s": "/opt/rh/perl516/root/usr/share/man/man3/Encode::Alias.3pm.gz", "size_i": "3182", "regex": "false"},
	{"name_s": "/opt/rh/perl516/root/usr/share/man/man3/Encode::CJKConstants.3pm.gz", "size_i": "1828", "regex": "false"},
	{"name_s": "/opt/rh/perl516/root/usr/share/man/man3/Encode::CN::HZ.3pm.gz", "size_i": "1805", "regex": "false"},
	{"name_s": "/opt/rh/perl516/root/usr/share/man/man3/Encode::Config.3pm.gz", "size_i": "1804", "regex": "false"},
	{"name_s": "/opt/rh/perl516/root/usr/share/man/man3/Encode::Encoder.3pm.gz", "size_i": "3490", "regex": "false"},
	{"name_s": "/opt/rh/perl516/root/usr/share/man/man3/Encode::Encoding.3pm.gz", "size_i": "4515", "regex": "false"},
	{"name_s": "/opt/rh/perl516/root/usr/share/man/man3/Encode::GSM0338.3pm.gz", "size_i": "2535", "regex": "false"},
	{"name_s": "/opt/rh/perl516/root/usr/share/man/man3/Encode::Guess.3pm.gz", "size_i": "3918", "regex": "false"},
	{"name_s": "/opt/rh/perl516/root/usr/share/man/man3/Encode::JP::H2Z.3pm.gz", "size_i": "1814", "regex": "false"},
	{"name_s": "/opt/rh/perl516/root/usr/share/man/man3/Encode::JP::JIS7.3pm.gz", "size_i": "1806", "regex": "false"},
	{"name_s": "/opt/rh/perl516/root/usr/share/man/man3/Encode::KR::2022_KR.3pm.gz", "size_i": "1811", "regex": "false"},
	{"name_s": "/opt/rh/perl516/root/usr/share/man/man3/Encode::MIME::Header.3pm.gz", "size_i": "2672", "regex": "false"},
	{"name_s": "/opt/rh/perl516/root/usr/share/man/man3/Encode::MIME::Name.3pm.gz", "size_i": "1837", "regex": "false"},
	{"name_s": "/opt/rh/perl516/root/usr/share/man/man3/Encode::PerlIO.3pm.gz", "size_i": "4571", "regex": "false"},
	{"name_s": "/opt/rh/perl516/root/usr/share/man/man3/Encode::Supported.3pm.gz", "size_i": "12910", "regex": "false"},
	{"name_s": "/opt/rh/perl516/root/usr/share/man/man3/Encode::Unicode::UTF7.3pm.gz", "size_i": "2458", "regex": "false"},
	{"name_s": "/opt/rh/perl516/root/usr/share/man/man3/encoding.3pm.gz", "size_i": "8303", "regex": "false"}
]
