[
	{"name_s": "/opt/rh/perl516/root/usr/bin/h2xs", "size_i": "60605", "regex": "false"},
	{"name_s": "/opt/rh/perl516/root/usr/bin/libnetcfg", "size_i": "15764", "regex": "false"},
	{"name_s": "/opt/rh/perl516/root/usr/bin/perlivp", "size_i": "10832", "regex": "false"},
	{"name_s": "/opt/rh/perl516/root/usr/lib64/perl5/CORE/EXTERN.h", "size_i": "1811", "regex": "false"},
	{"name_s": "/opt/rh/perl516/root/usr/lib64/perl5/CORE/INTERN.h", "size_i": "1510", "regex": "false"},
	{"name_s": "/opt/rh/perl516/root/usr/lib64/perl5/CORE/XSUB.h", "size_i": "21779", "regex": "false"},
	{"name_s": "/opt/rh/perl516/root/usr/lib64/perl5/CORE/av.h", "size_i": "2983", "regex": "false"},
	{"name_s": "/opt/rh/perl516/root/usr/lib64/perl5/CORE/bitcount.h", "size_i": "850", "regex": "false"},
	{"name_s": "/opt/rh/perl516/root/usr/lib64/perl5/CORE/charclass_invlists.h", "size_i": "9782", "regex": "false"},
	{"name_s": "/opt/rh/perl516/root/usr/lib64/perl5/CORE/config.h", "size_i": "148895", "regex": "false"},
	{"name_s": "/opt/rh/perl516/root/usr/lib64/perl5/CORE/cop.h", "size_i": "40591", "regex": "false"},
	{"name_s": "/opt/rh/perl516/root/usr/lib64/perl5/CORE/cv.h", "size_i": "9444", "regex": "false"},
	{"name_s": "/opt/rh/perl516/root/usr/lib64/perl5/CORE/dosish.h", "size_i": "6097", "regex": "false"},
	{"name_s": "/opt/rh/perl516/root/usr/lib64/perl5/CORE/embed.h", "size_i": "86954", "regex": "false"},
	{"name_s": "/opt/rh/perl516/root/usr/lib64/perl5/CORE/embedvar.h", "size_i": "19539", "regex": "false"},
	{"name_s": "/opt/rh/perl516/root/usr/lib64/perl5/CORE/fakesdio.h", "size_i": "3316", "regex": "false"},
	{"name_s": "/opt/rh/perl516/root/usr/lib64/perl5/CORE/fakethr.h", "size_i": "1966", "regex": "false"},
	{"name_s": "/opt/rh/perl516/root/usr/lib64/perl5/CORE/feature.h", "size_i": "3781", "regex": "false"},
	{"name_s": "/opt/rh/perl516/root/usr/lib64/perl5/CORE/form.h", "size_i": "1463", "regex": "false"},
	{"name_s": "/opt/rh/perl516/root/usr/lib64/perl5/CORE/git_version.h", "size_i": "357", "regex": "false"},
	{"name_s": "/opt/rh/perl516/root/usr/lib64/perl5/CORE/gv.h", "size_i": "10257", "regex": "false"},
	{"name_s": "/opt/rh/perl516/root/usr/lib64/perl5/CORE/handy.h", "size_i": "54282", "regex": "false"},
	{"name_s": "/opt/rh/perl516/root/usr/lib64/perl5/CORE/hv.h", "size_i": "24243", "regex": "false"},
	{"name_s": "/opt/rh/perl516/root/usr/lib64/perl5/CORE/intrpvar.h", "size_i": "27845", "regex": "false"},
	{"name_s": "/opt/rh/perl516/root/usr/lib64/perl5/CORE/iperlsys.h", "size_i": "48776", "regex": "false"},
	{"name_s": "/opt/rh/perl516/root/usr/lib64/perl5/CORE/keywords.h", "size_i": "6609", "regex": "false"},
	{"name_s": "/opt/rh/perl516/root/usr/lib64/perl5/CORE/l1_char_class_tab.h", "size_i": "32627", "regex": "false"},
	{"name_s": "/opt/rh/perl516/root/usr/lib64/perl5/CORE/malloc_ctl.h", "size_i": "1512", "regex": "false"},
	{"name_s": "/opt/rh/perl516/root/usr/lib64/perl5/CORE/metaconfig.h", "size_i": "899", "regex": "false"},
	{"name_s": "/opt/rh/perl516/root/usr/lib64/perl5/CORE/mg.h", "size_i": "2423", "regex": "false"},
	{"name_s": "/opt/rh/perl516/root/usr/lib64/perl5/CORE/mg_data.h", "size_i": "4955", "regex": "false"},
	{"name_s": "/opt/rh/perl516/root/usr/lib64/perl5/CORE/mg_raw.h", "size_i": "4309", "regex": "false"},
	{"name_s": "/opt/rh/perl516/root/usr/lib64/perl5/CORE/mg_vtable.h", "size_i": "9364", "regex": "false"},
	{"name_s": "/opt/rh/perl516/root/usr/lib64/perl5/CORE/mydtrace.h", "size_i": "1852", "regex": "false"},
	{"name_s": "/opt/rh/perl516/root/usr/lib64/perl5/CORE/nostdio.h", "size_i": "3450", "regex": "false"},
	{"name_s": "/opt/rh/perl516/root/usr/lib64/perl5/CORE/op.h", "size_i": "32842", "regex": "false"},
	{"name_s": "/opt/rh/perl516/root/usr/lib64/perl5/CORE/op_reg_common.h", "size_i": "4430", "regex": "false"},
	{"name_s": "/opt/rh/perl516/root/usr/lib64/perl5/CORE/opcode.h", "size_i": "47309", "regex": "false"},
	{"name_s": "/opt/rh/perl516/root/usr/lib64/perl5/CORE/opnames.h", "size_i": "8247", "regex": "false"},
	{"name_s": "/opt/rh/perl516/root/usr/lib64/perl5/CORE/overload.h", "size_i": "3053", "regex": "false"},
	{"name_s": "/opt/rh/perl516/root/usr/lib64/perl5/CORE/pad.h", "size_i": "13081", "regex": "false"},
	{"name_s": "/opt/rh/perl516/root/usr/lib64/perl5/CORE/parser.h", "size_i": "5509", "regex": "false"},
	{"name_s": "/opt/rh/perl516/root/usr/lib64/perl5/CORE/patchlevel.h", "size_i": "6934", "regex": "false"},
	{"name_s": "/opt/rh/perl516/root/usr/lib64/perl5/CORE/perl.h", "size_i": "172465", "regex": "false"},
	{"name_s": "/opt/rh/perl516/root/usr/lib64/perl5/CORE/perlapi.h", "size_i": "5468", "regex": "false"},
	{"name_s": "/opt/rh/perl516/root/usr/lib64/perl5/CORE/perldtrace.h", "size_i": "1782", "regex": "false"},
	{"name_s": "/opt/rh/perl516/root/usr/lib64/perl5/CORE/perlio.h", "size_i": "11092", "regex": "false"},
	{"name_s": "/opt/rh/perl516/root/usr/lib64/perl5/CORE/perliol.h", "size_i": "13530", "regex": "false"},
	{"name_s": "/opt/rh/perl516/root/usr/lib64/perl5/CORE/perlsdio.h", "size_i": "5033", "regex": "false"},
	{"name_s": "/opt/rh/perl516/root/usr/lib64/perl5/CORE/perlsfio.h", "size_i": "2703", "regex": "false"},
	{"name_s": "/opt/rh/perl516/root/usr/lib64/perl5/CORE/perlvars.h", "size_i": "8693", "regex": "false"},
	{"name_s": "/opt/rh/perl516/root/usr/lib64/perl5/CORE/perly.h", "size_i": "5809", "regex": "false"},
	{"name_s": "/opt/rh/perl516/root/usr/lib64/perl5/CORE/pp.h", "size_i": "18812", "regex": "false"},
	{"name_s": "/opt/rh/perl516/root/usr/lib64/perl5/CORE/pp_proto.h", "size_i": "10861", "regex": "false"},
	{"name_s": "/opt/rh/perl516/root/usr/lib64/perl5/CORE/proto.h", "size_i": "265174", "regex": "false"},
	{"name_s": "/opt/rh/perl516/root/usr/lib64/perl5/CORE/reentr.h", "size_i": "80951", "regex": "false"},
	{"name_s": "/opt/rh/perl516/root/usr/lib64/perl5/CORE/regcharclass.h", "size_i": "31534", "regex": "false"},
	{"name_s": "/opt/rh/perl516/root/usr/lib64/perl5/CORE/regcomp.h", "size_i": "33240", "regex": "false"},
	{"name_s": "/opt/rh/perl516/root/usr/lib64/perl5/CORE/regexp.h", "size_i": "29385", "regex": "false"},
	{"name_s": "/opt/rh/perl516/root/usr/lib64/perl5/CORE/regnodes.h", "size_i": "38886", "regex": "false"},
	{"name_s": "/opt/rh/perl516/root/usr/lib64/perl5/CORE/scope.h", "size_i": "9875", "regex": "false"},
	{"name_s": "/opt/rh/perl516/root/usr/lib64/perl5/CORE/sv.h", "size_i": "74176", "regex": "false"},
	{"name_s": "/opt/rh/perl516/root/usr/lib64/perl5/CORE/thread.h", "size_i": "11947", "regex": "false"},
	{"name_s": "/opt/rh/perl516/root/usr/lib64/perl5/CORE/time64.h", "size_i": "1430", "regex": "false"},
	{"name_s": "/opt/rh/perl516/root/usr/lib64/perl5/CORE/time64_config.h", "size_i": "2030", "regex": "false"},
	{"name_s": "/opt/rh/perl516/root/usr/lib64/perl5/CORE/uconfig.h", "size_i": "148134", "regex": "false"},
	{"name_s": "/opt/rh/perl516/root/usr/lib64/perl5/CORE/unixish.h", "size_i": "4588", "regex": "false"},
	{"name_s": "/opt/rh/perl516/root/usr/lib64/perl5/CORE/utf8.h", "size_i": "25379", "regex": "false"},
	{"name_s": "/opt/rh/perl516/root/usr/lib64/perl5/CORE/utfebcdic.h", "size_i": "34884", "regex": "false"},
	{"name_s": "/opt/rh/perl516/root/usr/lib64/perl5/CORE/util.h", "size_i": "1749", "regex": "false"},
	{"name_s": "/opt/rh/perl516/root/usr/lib64/perl5/CORE/uudmap.h", "size_i": "904", "regex": "false"},
	{"name_s": "/opt/rh/perl516/root/usr/lib64/perl5/CORE/warnings.h", "size_i": "4330", "regex": "false"},
	{"name_s": "/opt/rh/perl516/root/usr/share/doc/perl516-perl-devel-5.16.3", "size_i": "4096", "regex": "false"},
	{"name_s": "/opt/rh/perl516/root/usr/share/doc/perl516-perl-devel-5.16.3/perl-example.stp", "size_i": "576", "regex": "false"},
	{"name_s": "/opt/rh/perl516/root/usr/share/man/man1/h2xs.1.gz", "size_i": "7571", "regex": "false"},
	{"name_s": "/opt/rh/perl516/root/usr/share/man/man1/libnetcfg.1.gz", "size_i": "2413", "regex": "false"},
	{"name_s": "/opt/rh/perl516/root/usr/share/man/man1/perlivp.1.gz", "size_i": "2948", "regex": "false"},
	{"name_s": "/opt/rh/perl516/root/usr/share/man/man1/perlxs.1.gz", "size_i": "26261", "regex": "false"},
	{"name_s": "/opt/rh/perl516/root/usr/share/man/man1/perlxstut.1.gz", "size_i": "20420", "regex": "false"},
	{"name_s": "/opt/rh/perl516/root/usr/share/man/man1/perlxstypemap.1.gz", "size_i": "10484", "regex": "false"},
	{"name_s": "/opt/rh/perl516/root/usr/share/systemtap", "size_i": "4096", "regex": "false"},
	{"name_s": "/opt/rh/perl516/root/usr/share/systemtap/tapset", "size_i": "4096", "regex": "false"},
	{"name_s": "/opt/rh/perl516/root/usr/share/systemtap/tapset/libperl5.16.3-64.stp", "size_i": "859", "regex": "false"}
]
