[
	{"name_s": "/usr/lib64/perl5/IO/Compress/Adapter/Deflate.pm", "size_i": "2813", "regex": "false"},
	{"name_s": "/usr/lib64/perl5/IO/Compress/Adapter/Identity.pm", "size_i": "1438", "regex": "false"},
	{"name_s": "/usr/lib64/perl5/IO/Compress/Deflate.pm", "size_i": "21354", "regex": "false"},
	{"name_s": "/usr/lib64/perl5/IO/Compress/Gzip", "size_i": "4096", "regex": "false"},
	{"name_s": "/usr/lib64/perl5/IO/Compress/Gzip.pm", "size_i": "31494", "regex": "false"},
	{"name_s": "/usr/lib64/perl5/IO/Compress/Gzip/Constants.pm", "size_i": "3903", "regex": "false"},
	{"name_s": "/usr/lib64/perl5/IO/Compress/RawDeflate.pm", "size_i": "24403", "regex": "false"},
	{"name_s": "/usr/lib64/perl5/IO/Compress/Zip", "size_i": "4096", "regex": "false"},
	{"name_s": "/usr/lib64/perl5/IO/Compress/Zip.pm", "size_i": "44106", "regex": "false"},
	{"name_s": "/usr/lib64/perl5/IO/Compress/Zip/Constants.pm", "size_i": "3084", "regex": "false"},
	{"name_s": "/usr/lib64/perl5/IO/Compress/Zlib", "size_i": "4096", "regex": "false"},
	{"name_s": "/usr/lib64/perl5/IO/Compress/Zlib/Constants.pm", "size_i": "1658", "regex": "false"},
	{"name_s": "/usr/lib64/perl5/IO/Compress/Zlib/Extra.pm", "size_i": "4984", "regex": "false"},
	{"name_s": "/usr/lib64/perl5/IO/Uncompress/Adapter/Identity.pm", "size_i": "1827", "regex": "false"},
	{"name_s": "/usr/lib64/perl5/IO/Uncompress/Adapter/Inflate.pm", "size_i": "3279", "regex": "false"},
	{"name_s": "/usr/lib64/perl5/IO/Uncompress/AnyInflate.pm", "size_i": "25325", "regex": "false"},
	{"name_s": "/usr/lib64/perl5/IO/Uncompress/Gunzip.pm", "size_i": "29309", "regex": "false"},
	{"name_s": "/usr/lib64/perl5/IO/Uncompress/Inflate.pm", "size_i": "25449", "regex": "false"},
	{"name_s": "/usr/lib64/perl5/IO/Uncompress/RawInflate.pm", "size_i": "28986", "regex": "false"},
	{"name_s": "/usr/lib64/perl5/IO/Uncompress/Unzip.pm", "size_i": "42837", "regex": "false"},
	{"name_s": "/usr/share/man/man3/IO::Compress::Deflate.3pm.gz", "size_i": "7533", "regex": "false"},
	{"name_s": "/usr/share/man/man3/IO::Compress::Gzip.3pm.gz", "size_i": "9443", "regex": "false"},
	{"name_s": "/usr/share/man/man3/IO::Compress::RawDeflate.3pm.gz", "size_i": "7600", "regex": "false"},
	{"name_s": "/usr/share/man/man3/IO::Compress::Zip.3pm.gz", "size_i": "9676", "regex": "false"},
	{"name_s": "/usr/share/man/man3/IO::Uncompress::AnyInflate.3pm.gz", "size_i": "8830", "regex": "false"},
	{"name_s": "/usr/share/man/man3/IO::Uncompress::Gunzip.3pm.gz", "size_i": "8600", "regex": "false"},
	{"name_s": "/usr/share/man/man3/IO::Uncompress::Inflate.3pm.gz", "size_i": "8184", "regex": "false"},
	{"name_s": "/usr/share/man/man3/IO::Uncompress::RawInflate.3pm.gz", "size_i": "8026", "regex": "false"},
	{"name_s": "/usr/share/man/man3/IO::Uncompress::Unzip.3pm.gz", "size_i": "8045", "regex": "false"}
]
