[
	{"name_s": "/etc/rpm/macros.php54-php", "size_i": "384", "regex": "false"},
	{"name_s": "/opt/rh/php54/root/usr/bin/php-config", "size_i": "4946", "regex": "false"},
	{"name_s": "/opt/rh/php54/root/usr/include/php", "size_i": "4096", "regex": "false"},
	{"name_s": "/opt/rh/php54/root/usr/include/php/TSRM", "size_i": "4096", "regex": "false"},
	{"name_s": "/opt/rh/php54/root/usr/include/php/TSRM/TSRM.h", "size_i": "5492", "regex": "false"},
	{"name_s": "/opt/rh/php54/root/usr/include/php/TSRM/readdir.h", "size_i": "1102", "regex": "false"},
	{"name_s": "/opt/rh/php54/root/usr/include/php/TSRM/tsrm_config.h", "size_i": "32", "regex": "false"},
	{"name_s": "/opt/rh/php54/root/usr/include/php/TSRM/tsrm_config_common.h", "size_i": "1462", "regex": "false"},
	{"name_s": "/opt/rh/php54/root/usr/include/php/TSRM/tsrm_nw.h", "size_i": "1384", "regex": "false"},
	{"name_s": "/opt/rh/php54/root/usr/include/php/TSRM/tsrm_strtok_r.h", "size_i": "115", "regex": "false"},
	{"name_s": "/opt/rh/php54/root/usr/include/php/TSRM/tsrm_virtual_cwd.h", "size_i": "12028", "regex": "false"},
	{"name_s": "/opt/rh/php54/root/usr/include/php/Zend", "size_i": "4096", "regex": "false"},
	{"name_s": "/opt/rh/php54/root/usr/include/php/Zend/zend.h", "size_i": "26394", "regex": "false"},
	{"name_s": "/opt/rh/php54/root/usr/include/php/Zend/zend_API.h", "size_i": "40737", "regex": "false"},
	{"name_s": "/opt/rh/php54/root/usr/include/php/Zend/zend_alloc.h", "size_i": "12014", "regex": "false"},
	{"name_s": "/opt/rh/php54/root/usr/include/php/Zend/zend_build.h", "size_i": "1627", "regex": "false"},
	{"name_s": "/opt/rh/php54/root/usr/include/php/Zend/zend_builtin_functions.h", "size_i": "1627", "regex": "false"},
	{"name_s": "/opt/rh/php54/root/usr/include/php/Zend/zend_closures.h", "size_i": "1901", "regex": "false"},
	{"name_s": "/opt/rh/php54/root/usr/include/php/Zend/zend_compile.h", "size_i": "32886", "regex": "false"},
	{"name_s": "/opt/rh/php54/root/usr/include/php/Zend/zend_config.h", "size_i": "107", "regex": "false"},
	{"name_s": "/opt/rh/php54/root/usr/include/php/Zend/zend_config.nw.h", "size_i": "2502", "regex": "false"},
	{"name_s": "/opt/rh/php54/root/usr/include/php/Zend/zend_constants.h", "size_i": "5101", "regex": "false"},
	{"name_s": "/opt/rh/php54/root/usr/include/php/Zend/zend_dtrace.h", "size_i": "1993", "regex": "false"},
	{"name_s": "/opt/rh/php54/root/usr/include/php/Zend/zend_dynamic_array.h", "size_i": "1906", "regex": "false"},
	{"name_s": "/opt/rh/php54/root/usr/include/php/Zend/zend_errors.h", "size_i": "2159", "regex": "false"},
	{"name_s": "/opt/rh/php54/root/usr/include/php/Zend/zend_exceptions.h", "size_i": "3021", "regex": "false"},
	{"name_s": "/opt/rh/php54/root/usr/include/php/Zend/zend_execute.h", "size_i": "14934", "regex": "false"},
	{"name_s": "/opt/rh/php54/root/usr/include/php/Zend/zend_extensions.h", "size_i": "4608", "regex": "false"},
	{"name_s": "/opt/rh/php54/root/usr/include/php/Zend/zend_float.h", "size_i": "15657", "regex": "false"},
	{"name_s": "/opt/rh/php54/root/usr/include/php/Zend/zend_gc.h", "size_i": "7412", "regex": "false"},
	{"name_s": "/opt/rh/php54/root/usr/include/php/Zend/zend_globals.h", "size_i": "7337", "regex": "false"},
	{"name_s": "/opt/rh/php54/root/usr/include/php/Zend/zend_globals_macros.h", "size_i": "3226", "regex": "false"},
	{"name_s": "/opt/rh/php54/root/usr/include/php/Zend/zend_hash.h", "size_i": "17507", "regex": "false"},
	{"name_s": "/opt/rh/php54/root/usr/include/php/Zend/zend_highlight.h", "size_i": "2419", "regex": "false"},
	{"name_s": "/opt/rh/php54/root/usr/include/php/Zend/zend_indent.h", "size_i": "1470", "regex": "false"},
	{"name_s": "/opt/rh/php54/root/usr/include/php/Zend/zend_ini.h", "size_i": "10003", "regex": "false"},
	{"name_s": "/opt/rh/php54/root/usr/include/php/Zend/zend_ini_parser.h", "size_i": "2695", "regex": "false"},
	{"name_s": "/opt/rh/php54/root/usr/include/php/Zend/zend_ini_scanner.h", "size_i": "1951", "regex": "false"},
	{"name_s": "/opt/rh/php54/root/usr/include/php/Zend/zend_ini_scanner_defs.h", "size_i": "254", "regex": "false"},
	{"name_s": "/opt/rh/php54/root/usr/include/php/Zend/zend_interfaces.h", "size_i": "4083", "regex": "false"},
	{"name_s": "/opt/rh/php54/root/usr/include/php/Zend/zend_istdiostream.h", "size_i": "1646", "regex": "false"},
	{"name_s": "/opt/rh/php54/root/usr/include/php/Zend/zend_iterators.h", "size_i": "3693", "regex": "false"},
	{"name_s": "/opt/rh/php54/root/usr/include/php/Zend/zend_language_parser.h", "size_i": "7983", "regex": "false"},
	{"name_s": "/opt/rh/php54/root/usr/include/php/Zend/zend_language_scanner.h", "size_i": "2572", "regex": "false"},
	{"name_s": "/opt/rh/php54/root/usr/include/php/Zend/zend_language_scanner_defs.h", "size_i": "326", "regex": "false"},
	{"name_s": "/opt/rh/php54/root/usr/include/php/Zend/zend_list.h", "size_i": "5218", "regex": "false"},
	{"name_s": "/opt/rh/php54/root/usr/include/php/Zend/zend_llist.h", "size_i": "3977", "regex": "false"},
	{"name_s": "/opt/rh/php54/root/usr/include/php/Zend/zend_modules.h", "size_i": "5094", "regex": "false"},
	{"name_s": "/opt/rh/php54/root/usr/include/php/Zend/zend_multibyte.h", "size_i": "5105", "regex": "false"},
	{"name_s": "/opt/rh/php54/root/usr/include/php/Zend/zend_multiply.h", "size_i": "2910", "regex": "false"},
	{"name_s": "/opt/rh/php54/root/usr/include/php/Zend/zend_object_handlers.h", "size_i": "9419", "regex": "false"},
	{"name_s": "/opt/rh/php54/root/usr/include/php/Zend/zend_objects.h", "size_i": "2215", "regex": "false"},
	{"name_s": "/opt/rh/php54/root/usr/include/php/Zend/zend_objects_API.h", "size_i": "4387", "regex": "false"},
	{"name_s": "/opt/rh/php54/root/usr/include/php/Zend/zend_operators.h", "size_i": "29106", "regex": "false"},
	{"name_s": "/opt/rh/php54/root/usr/include/php/Zend/zend_ptr_stack.h", "size_i": "4203", "regex": "false"},
	{"name_s": "/opt/rh/php54/root/usr/include/php/Zend/zend_qsort.h", "size_i": "1462", "regex": "false"},
	{"name_s": "/opt/rh/php54/root/usr/include/php/Zend/zend_signal.h", "size_i": "4084", "regex": "false"},
	{"name_s": "/opt/rh/php54/root/usr/include/php/Zend/zend_stack.h", "size_i": "2381", "regex": "false"},
	{"name_s": "/opt/rh/php54/root/usr/include/php/Zend/zend_static_allocator.h", "size_i": "1857", "regex": "false"},
	{"name_s": "/opt/rh/php54/root/usr/include/php/Zend/zend_stream.h", "size_i": "2950", "regex": "false"},
	{"name_s": "/opt/rh/php54/root/usr/include/php/Zend/zend_string.h", "size_i": "2217", "regex": "false"},
	{"name_s": "/opt/rh/php54/root/usr/include/php/Zend/zend_strtod.h", "size_i": "1867", "regex": "false"},
	{"name_s": "/opt/rh/php54/root/usr/include/php/Zend/zend_ts_hash.h", "size_i": "7025", "regex": "false"},
	{"name_s": "/opt/rh/php54/root/usr/include/php/Zend/zend_types.h", "size_i": "2324", "regex": "false"},
	{"name_s": "/opt/rh/php54/root/usr/include/php/Zend/zend_variables.h", "size_i": "3850", "regex": "false"},
	{"name_s": "/opt/rh/php54/root/usr/include/php/Zend/zend_vm.h", "size_i": "1388", "regex": "false"},
	{"name_s": "/opt/rh/php54/root/usr/include/php/Zend/zend_vm_def.h", "size_i": "151494", "regex": "false"},
	{"name_s": "/opt/rh/php54/root/usr/include/php/Zend/zend_vm_execute.h", "size_i": "1235264", "regex": "false"},
	{"name_s": "/opt/rh/php54/root/usr/include/php/Zend/zend_vm_opcodes.h", "size_i": "8208", "regex": "false"},
	{"name_s": "/opt/rh/php54/root/usr/include/php/ext", "size_i": "4096", "regex": "false"},
	{"name_s": "/opt/rh/php54/root/usr/include/php/ext/date", "size_i": "4096", "regex": "false"},
	{"name_s": "/opt/rh/php54/root/usr/include/php/ext/date/lib", "size_i": "4096", "regex": "false"},
	{"name_s": "/opt/rh/php54/root/usr/include/php/ext/date/lib/timelib.h", "size_i": "6110", "regex": "false"},
	{"name_s": "/opt/rh/php54/root/usr/include/php/ext/date/lib/timelib_config.h", "size_i": "80", "regex": "false"},
	{"name_s": "/opt/rh/php54/root/usr/include/php/ext/date/lib/timelib_structs.h", "size_i": "6284", "regex": "false"},
	{"name_s": "/opt/rh/php54/root/usr/include/php/ext/date/php_date.h", "size_i": "5868", "regex": "false"},
	{"name_s": "/opt/rh/php54/root/usr/include/php/ext/dom", "size_i": "4096", "regex": "false"},
	{"name_s": "/opt/rh/php54/root/usr/include/php/ext/dom/xml_common.h", "size_i": "3677", "regex": "false"},
	{"name_s": "/opt/rh/php54/root/usr/include/php/ext/ereg", "size_i": "4096", "regex": "false"},
	{"name_s": "/opt/rh/php54/root/usr/include/php/ext/ereg/php_ereg.h", "size_i": "2153", "regex": "false"},
	{"name_s": "/opt/rh/php54/root/usr/include/php/ext/ereg/php_regex.h", "size_i": "2029", "regex": "false"},
	{"name_s": "/opt/rh/php54/root/usr/include/php/ext/ereg/regex", "size_i": "4096", "regex": "false"},
	{"name_s": "/opt/rh/php54/root/usr/include/php/ext/ereg/regex/cclass.h", "size_i": "992", "regex": "false"},
	{"name_s": "/opt/rh/php54/root/usr/include/php/ext/ereg/regex/cname.h", "size_i": "2070", "regex": "false"},
	{"name_s": "/opt/rh/php54/root/usr/include/php/ext/ereg/regex/regex.h", "size_i": "2165", "regex": "false"},
	{"name_s": "/opt/rh/php54/root/usr/include/php/ext/ereg/regex/regex2.h", "size_i": "5536", "regex": "false"},
	{"name_s": "/opt/rh/php54/root/usr/include/php/ext/ereg/regex/utils.h", "size_i": "501", "regex": "false"},
	{"name_s": "/opt/rh/php54/root/usr/include/php/ext/filter", "size_i": "4096", "regex": "false"},
	{"name_s": "/opt/rh/php54/root/usr/include/php/ext/filter/php_filter.h", "size_i": "3559", "regex": "false"},
	{"name_s": "/opt/rh/php54/root/usr/include/php/ext/gd", "size_i": "4096", "regex": "false"},
	{"name_s": "/opt/rh/php54/root/usr/include/php/ext/gd/gdcache.h", "size_i": "2818", "regex": "false"},
	{"name_s": "/opt/rh/php54/root/usr/include/php/ext/gd/libgd", "size_i": "4096", "regex": "false"},
	{"name_s": "/opt/rh/php54/root/usr/include/php/ext/gd/libgd/gd.h", "size_i": "26439", "regex": "false"},
	{"name_s": "/opt/rh/php54/root/usr/include/php/ext/gd/libgd/gd_compat.h", "size_i": "1932", "regex": "false"},
	{"name_s": "/opt/rh/php54/root/usr/include/php/ext/gd/libgd/gd_intern.h", "size_i": "261", "regex": "false"},
	{"name_s": "/opt/rh/php54/root/usr/include/php/ext/gd/libgd/gd_io.h", "size_i": "963", "regex": "false"},
	{"name_s": "/opt/rh/php54/root/usr/include/php/ext/gd/libgd/gdcache.h", "size_i": "2716", "regex": "false"},
	{"name_s": "/opt/rh/php54/root/usr/include/php/ext/gd/libgd/gdfontg.h", "size_i": "529", "regex": "false"},
	{"name_s": "/opt/rh/php54/root/usr/include/php/ext/gd/libgd/gdfontl.h", "size_i": "527", "regex": "false"},
	{"name_s": "/opt/rh/php54/root/usr/include/php/ext/gd/libgd/gdfontmb.h", "size_i": "495", "regex": "false"},
	{"name_s": "/opt/rh/php54/root/usr/include/php/ext/gd/libgd/gdfonts.h", "size_i": "491", "regex": "false"},
	{"name_s": "/opt/rh/php54/root/usr/include/php/ext/gd/libgd/gdfontt.h", "size_i": "522", "regex": "false"},
	{"name_s": "/opt/rh/php54/root/usr/include/php/ext/gd/libgd/gdhelpers.h", "size_i": "1351", "regex": "false"},
	{"name_s": "/opt/rh/php54/root/usr/include/php/ext/gd/libgd/jisx0208.h", "size_i": "71350", "regex": "false"},
	{"name_s": "/opt/rh/php54/root/usr/include/php/ext/gd/libgd/wbmp.h", "size_i": "1283", "regex": "false"},
	{"name_s": "/opt/rh/php54/root/usr/include/php/ext/gd/libgd/webpimg.h", "size_i": "7206", "regex": "false"},
	{"name_s": "/opt/rh/php54/root/usr/include/php/ext/gd/php_gd.h", "size_i": "6039", "regex": "false"},
	{"name_s": "/opt/rh/php54/root/usr/include/php/ext/hash", "size_i": "4096", "regex": "false"},
	{"name_s": "/opt/rh/php54/root/usr/include/php/ext/hash/php_hash.h", "size_i": "5119", "regex": "false"},
	{"name_s": "/opt/rh/php54/root/usr/include/php/ext/hash/php_hash_adler32.h", "size_i": "1825", "regex": "false"},
	{"name_s": "/opt/rh/php54/root/usr/include/php/ext/hash/php_hash_crc32.h", "size_i": "1901", "regex": "false"},
	{"name_s": "/opt/rh/php54/root/usr/include/php/ext/hash/php_hash_fnv.h", "size_i": "3074", "regex": "false"},
	{"name_s": "/opt/rh/php54/root/usr/include/php/ext/hash/php_hash_gost.h", "size_i": "1741", "regex": "false"},
	{"name_s": "/opt/rh/php54/root/usr/include/php/ext/hash/php_hash_haval.h", "size_i": "2261", "regex": "false"},
	{"name_s": "/opt/rh/php54/root/usr/include/php/ext/hash/php_hash_joaat.h", "size_i": "1730", "regex": "false"},
	{"name_s": "/opt/rh/php54/root/usr/include/php/ext/hash/php_hash_md.h", "size_i": "3894", "regex": "false"},
	{"name_s": "/opt/rh/php54/root/usr/include/php/ext/hash/php_hash_ripemd.h", "size_i": "3068", "regex": "false"},
	{"name_s": "/opt/rh/php54/root/usr/include/php/ext/hash/php_hash_sha.h", "size_i": "3882", "regex": "false"},
	{"name_s": "/opt/rh/php54/root/usr/include/php/ext/hash/php_hash_snefru.h", "size_i": "1856", "regex": "false"},
	{"name_s": "/opt/rh/php54/root/usr/include/php/ext/hash/php_hash_tiger.h", "size_i": "2003", "regex": "false"},
	{"name_s": "/opt/rh/php54/root/usr/include/php/ext/hash/php_hash_types.h", "size_i": "2142", "regex": "false"},
	{"name_s": "/opt/rh/php54/root/usr/include/php/ext/hash/php_hash_whirlpool.h", "size_i": "1770", "regex": "false"},
	{"name_s": "/opt/rh/php54/root/usr/include/php/ext/iconv", "size_i": "4096", "regex": "false"},
	{"name_s": "/opt/rh/php54/root/usr/include/php/ext/iconv/php_have_bsd_iconv.h", "size_i": "1", "regex": "false"},
	{"name_s": "/opt/rh/php54/root/usr/include/php/ext/iconv/php_have_glibc_iconv.h", "size_i": "27", "regex": "false"},
	{"name_s": "/opt/rh/php54/root/usr/include/php/ext/iconv/php_have_ibm_iconv.h", "size_i": "1", "regex": "false"},
	{"name_s": "/opt/rh/php54/root/usr/include/php/ext/iconv/php_have_iconv.h", "size_i": "21", "regex": "false"},
	{"name_s": "/opt/rh/php54/root/usr/include/php/ext/iconv/php_have_libiconv.h", "size_i": "1", "regex": "false"},
	{"name_s": "/opt/rh/php54/root/usr/include/php/ext/iconv/php_iconv.h", "size_i": "4177", "regex": "false"},
	{"name_s": "/opt/rh/php54/root/usr/include/php/ext/iconv/php_iconv_aliased_libiconv.h", "size_i": "1", "regex": "false"},
	{"name_s": "/opt/rh/php54/root/usr/include/php/ext/iconv/php_iconv_supports_errno.h", "size_i": "31", "regex": "false"},
	{"name_s": "/opt/rh/php54/root/usr/include/php/ext/iconv/php_php_iconv_h_path.h", "size_i": "48", "regex": "false"},
	{"name_s": "/opt/rh/php54/root/usr/include/php/ext/iconv/php_php_iconv_impl.h", "size_i": "31", "regex": "false"},
	{"name_s": "/opt/rh/php54/root/usr/include/php/ext/json", "size_i": "4096", "regex": "false"},
	{"name_s": "/opt/rh/php54/root/usr/include/php/ext/json/php_json.h", "size_i": "2939", "regex": "false"},
	{"name_s": "/opt/rh/php54/root/usr/include/php/ext/libxml", "size_i": "4096", "regex": "false"},
	{"name_s": "/opt/rh/php54/root/usr/include/php/ext/libxml/php_libxml.h", "size_i": "4589", "regex": "false"},
	{"name_s": "/opt/rh/php54/root/usr/include/php/ext/mbstring", "size_i": "4096", "regex": "false"},
	{"name_s": "/opt/rh/php54/root/usr/include/php/ext/mbstring/libmbfl", "size_i": "4096", "regex": "false"},
	{"name_s": "/opt/rh/php54/root/usr/include/php/ext/mbstring/libmbfl/config.h", "size_i": "24", "regex": "false"},
	{"name_s": "/opt/rh/php54/root/usr/include/php/ext/mbstring/libmbfl/mbfl", "size_i": "4096", "regex": "false"},
	{"name_s": "/opt/rh/php54/root/usr/include/php/ext/mbstring/libmbfl/mbfl/eaw_table.h", "size_i": "903", "regex": "false"},
	{"name_s": "/opt/rh/php54/root/usr/include/php/ext/mbstring/libmbfl/mbfl/mbfilter.h", "size_i": "10271", "regex": "false"},
	{"name_s": "/opt/rh/php54/root/usr/include/php/ext/mbstring/libmbfl/mbfl/mbfilter_8bit.h", "size_i": "1289", "regex": "false"},
	{"name_s": "/opt/rh/php54/root/usr/include/php/ext/mbstring/libmbfl/mbfl/mbfilter_pass.h", "size_i": "1371", "regex": "false"},
	{"name_s": "/opt/rh/php54/root/usr/include/php/ext/mbstring/libmbfl/mbfl/mbfilter_wchar.h", "size_i": "1293", "regex": "false"},
	{"name_s": "/opt/rh/php54/root/usr/include/php/ext/mbstring/libmbfl/mbfl/mbfl_allocators.h", "size_i": "1891", "regex": "false"},
	{"name_s": "/opt/rh/php54/root/usr/include/php/ext/mbstring/libmbfl/mbfl/mbfl_consts.h", "size_i": "4158", "regex": "false"},
	{"name_s": "/opt/rh/php54/root/usr/include/php/ext/mbstring/libmbfl/mbfl/mbfl_convert.h", "size_i": "3864", "regex": "false"},
	{"name_s": "/opt/rh/php54/root/usr/include/php/ext/mbstring/libmbfl/mbfl/mbfl_defs.h", "size_i": "1595", "regex": "false"},
	{"name_s": "/opt/rh/php54/root/usr/include/php/ext/mbstring/libmbfl/mbfl/mbfl_encoding.h", "size_i": "4457", "regex": "false"},
	{"name_s": "/opt/rh/php54/root/usr/include/php/ext/mbstring/libmbfl/mbfl/mbfl_filter_output.h", "size_i": "1376", "regex": "false"},
	{"name_s": "/opt/rh/php54/root/usr/include/php/ext/mbstring/libmbfl/mbfl/mbfl_ident.h", "size_i": "2868", "regex": "false"},
	{"name_s": "/opt/rh/php54/root/usr/include/php/ext/mbstring/libmbfl/mbfl/mbfl_language.h", "size_i": "2873", "regex": "false"},
	{"name_s": "/opt/rh/php54/root/usr/include/php/ext/mbstring/libmbfl/mbfl/mbfl_memory_device.h", "size_i": "2743", "regex": "false"},
	{"name_s": "/opt/rh/php54/root/usr/include/php/ext/mbstring/libmbfl/mbfl/mbfl_string.h", "size_i": "1705", "regex": "false"},
	{"name_s": "/opt/rh/php54/root/usr/include/php/ext/mbstring/mbstring.h", "size_i": "7247", "regex": "false"},
	{"name_s": "/opt/rh/php54/root/usr/include/php/ext/mbstring/oniguruma", "size_i": "4096", "regex": "false"},
	{"name_s": "/opt/rh/php54/root/usr/include/php/ext/mbstring/oniguruma/oniguruma.h", "size_i": "39354", "regex": "false"},
	{"name_s": "/opt/rh/php54/root/usr/include/php/ext/mbstring/php_mbregex.h", "size_i": "4612", "regex": "false"},
	{"name_s": "/opt/rh/php54/root/usr/include/php/ext/mbstring/php_onig_compat.h", "size_i": "256", "regex": "false"},
	{"name_s": "/opt/rh/php54/root/usr/include/php/ext/mysqli", "size_i": "4096", "regex": "false"},
	{"name_s": "/opt/rh/php54/root/usr/include/php/ext/mysqli/mysqli_mysqlnd.h", "size_i": "2620", "regex": "false"},
	{"name_s": "/opt/rh/php54/root/usr/include/php/ext/mysqli/php_mysqli_structs.h", "size_i": "10269", "regex": "false"},
	{"name_s": "/opt/rh/php54/root/usr/include/php/ext/mysqlnd", "size_i": "4096", "regex": "false"},
	{"name_s": "/opt/rh/php54/root/usr/include/php/ext/mysqlnd/mysqlnd.h", "size_i": "17045", "regex": "false"},
	{"name_s": "/opt/rh/php54/root/usr/include/php/ext/mysqlnd/mysqlnd_alloc.h", "size_i": "5941", "regex": "false"},
	{"name_s": "/opt/rh/php54/root/usr/include/php/ext/mysqlnd/mysqlnd_block_alloc.h", "size_i": "1691", "regex": "false"},
	{"name_s": "/opt/rh/php54/root/usr/include/php/ext/mysqlnd/mysqlnd_charset.h", "size_i": "2450", "regex": "false"},
	{"name_s": "/opt/rh/php54/root/usr/include/php/ext/mysqlnd/mysqlnd_debug.h", "size_i": "7499", "regex": "false"},
	{"name_s": "/opt/rh/php54/root/usr/include/php/ext/mysqlnd/mysqlnd_enum_n_def.h", "size_i": "17975", "regex": "false"},
	{"name_s": "/opt/rh/php54/root/usr/include/php/ext/mysqlnd/mysqlnd_ext_plugin.h", "size_i": "3941", "regex": "false"},
	{"name_s": "/opt/rh/php54/root/usr/include/php/ext/mysqlnd/mysqlnd_libmysql_compat.h", "size_i": "7534", "regex": "false"},
	{"name_s": "/opt/rh/php54/root/usr/include/php/ext/mysqlnd/mysqlnd_net.h", "size_i": "1812", "regex": "false"},
	{"name_s": "/opt/rh/php54/root/usr/include/php/ext/mysqlnd/mysqlnd_portability.h", "size_i": "19302", "regex": "false"},
	{"name_s": "/opt/rh/php54/root/usr/include/php/ext/mysqlnd/mysqlnd_priv.h", "size_i": "8897", "regex": "false"},
	{"name_s": "/opt/rh/php54/root/usr/include/php/ext/mysqlnd/mysqlnd_result.h", "size_i": "1726", "regex": "false"},
	{"name_s": "/opt/rh/php54/root/usr/include/php/ext/mysqlnd/mysqlnd_result_meta.h", "size_i": "1858", "regex": "false"},
	{"name_s": "/opt/rh/php54/root/usr/include/php/ext/mysqlnd/mysqlnd_reverse_api.h", "size_i": "2019", "regex": "false"},
	{"name_s": "/opt/rh/php54/root/usr/include/php/ext/mysqlnd/mysqlnd_statistics.h", "size_i": "7887", "regex": "false"},
	{"name_s": "/opt/rh/php54/root/usr/include/php/ext/mysqlnd/mysqlnd_structs.h", "size_i": "49345", "regex": "false"},
	{"name_s": "/opt/rh/php54/root/usr/include/php/ext/mysqlnd/mysqlnd_wireprotocol.h", "size_i": "9824", "regex": "false"},
	{"name_s": "/opt/rh/php54/root/usr/include/php/ext/mysqlnd/php_mysqlnd.h", "size_i": "1597", "regex": "false"},
	{"name_s": "/opt/rh/php54/root/usr/include/php/ext/mysqlnd/php_mysqlnd_config.h", "size_i": "207", "regex": "false"},
	{"name_s": "/opt/rh/php54/root/usr/include/php/ext/pcre", "size_i": "4096", "regex": "false"},
	{"name_s": "/opt/rh/php54/root/usr/include/php/ext/pcre/pcrelib", "size_i": "4096", "regex": "false"},
	{"name_s": "/opt/rh/php54/root/usr/include/php/ext/pcre/pcrelib/config.h", "size_i": "15317", "regex": "false"},
	{"name_s": "/opt/rh/php54/root/usr/include/php/ext/pcre/pcrelib/pcre.h", "size_i": "30447", "regex": "false"},
	{"name_s": "/opt/rh/php54/root/usr/include/php/ext/pcre/pcrelib/pcre_internal.h", "size_i": "109300", "regex": "false"},
	{"name_s": "/opt/rh/php54/root/usr/include/php/ext/pcre/pcrelib/pcreposix.h", "size_i": "5452", "regex": "false"},
	{"name_s": "/opt/rh/php54/root/usr/include/php/ext/pcre/pcrelib/ucp.h", "size_i": "4669", "regex": "false"},
	{"name_s": "/opt/rh/php54/root/usr/include/php/ext/pcre/php_pcre.h", "size_i": "3232", "regex": "false"},
	{"name_s": "/opt/rh/php54/root/usr/include/php/ext/pdo", "size_i": "4096", "regex": "false"},
	{"name_s": "/opt/rh/php54/root/usr/include/php/ext/pdo/php_pdo.h", "size_i": "3091", "regex": "false"},
	{"name_s": "/opt/rh/php54/root/usr/include/php/ext/pdo/php_pdo_driver.h", "size_i": "24034", "regex": "false"},
	{"name_s": "/opt/rh/php54/root/usr/include/php/ext/session", "size_i": "4096", "regex": "false"},
	{"name_s": "/opt/rh/php54/root/usr/include/php/ext/session/mod_files.h", "size_i": "1294", "regex": "false"},
	{"name_s": "/opt/rh/php54/root/usr/include/php/ext/session/mod_user.h", "size_i": "1288", "regex": "false"},
	{"name_s": "/opt/rh/php54/root/usr/include/php/ext/session/php_session.h", "size_i": "9643", "regex": "false"},
	{"name_s": "/opt/rh/php54/root/usr/include/php/ext/sockets", "size_i": "4096", "regex": "false"},
	{"name_s": "/opt/rh/php54/root/usr/include/php/ext/sockets/php_sockets.h", "size_i": "2490", "regex": "false"},
	{"name_s": "/opt/rh/php54/root/usr/include/php/ext/spl", "size_i": "4096", "regex": "false"},
	{"name_s": "/opt/rh/php54/root/usr/include/php/ext/spl/php_spl.h", "size_i": "2851", "regex": "false"},
	{"name_s": "/opt/rh/php54/root/usr/include/php/ext/spl/spl_array.h", "size_i": "1776", "regex": "false"},
	{"name_s": "/opt/rh/php54/root/usr/include/php/ext/spl/spl_directory.h", "size_i": "5955", "regex": "false"},
	{"name_s": "/opt/rh/php54/root/usr/include/php/ext/spl/spl_dllist.h", "size_i": "1578", "regex": "false"},
	{"name_s": "/opt/rh/php54/root/usr/include/php/ext/spl/spl_engine.h", "size_i": "2367", "regex": "false"},
	{"name_s": "/opt/rh/php54/root/usr/include/php/ext/spl/spl_exceptions.h", "size_i": "2212", "regex": "false"},
	{"name_s": "/opt/rh/php54/root/usr/include/php/ext/spl/spl_fixedarray.h", "size_i": "1529", "regex": "false"},
	{"name_s": "/opt/rh/php54/root/usr/include/php/ext/spl/spl_functions.h", "size_i": "4590", "regex": "false"},
	{"name_s": "/opt/rh/php54/root/usr/include/php/ext/spl/spl_heap.h", "size_i": "1620", "regex": "false"},
	{"name_s": "/opt/rh/php54/root/usr/include/php/ext/spl/spl_iterators.h", "size_i": "5871", "regex": "false"},
	{"name_s": "/opt/rh/php54/root/usr/include/php/ext/spl/spl_observer.h", "size_i": "1645", "regex": "false"},
	{"name_s": "/opt/rh/php54/root/usr/include/php/ext/standard", "size_i": "4096", "regex": "false"},
	{"name_s": "/opt/rh/php54/root/usr/include/php/ext/standard/base64.h", "size_i": "1612", "regex": "false"},
	{"name_s": "/opt/rh/php54/root/usr/include/php/ext/standard/basic_functions.h", "size_i": "7497", "regex": "false"},
	{"name_s": "/opt/rh/php54/root/usr/include/php/ext/standard/crc32.h", "size_i": "4895", "regex": "false"},
	{"name_s": "/opt/rh/php54/root/usr/include/php/ext/standard/credits.h", "size_i": "1737", "regex": "false"},
	{"name_s": "/opt/rh/php54/root/usr/include/php/ext/standard/credits_ext.h", "size_i": "5586", "regex": "false"},
	{"name_s": "/opt/rh/php54/root/usr/include/php/ext/standard/credits_sapi.h", "size_i": "1606", "regex": "false"},
	{"name_s": "/opt/rh/php54/root/usr/include/php/ext/standard/crypt_blowfish.h", "size_i": "1080", "regex": "false"},
	{"name_s": "/opt/rh/php54/root/usr/include/php/ext/standard/crypt_freesec.h", "size_i": "949", "regex": "false"},
	{"name_s": "/opt/rh/php54/root/usr/include/php/ext/standard/css.h", "size_i": "1239", "regex": "false"},
	{"name_s": "/opt/rh/php54/root/usr/include/php/ext/standard/cyr_convert.h", "size_i": "1269", "regex": "false"},
	{"name_s": "/opt/rh/php54/root/usr/include/php/ext/standard/datetime.h", "size_i": "1398", "regex": "false"},
	{"name_s": "/opt/rh/php54/root/usr/include/php/ext/standard/dl.h", "size_i": "1610", "regex": "false"},
	{"name_s": "/opt/rh/php54/root/usr/include/php/ext/standard/exec.h", "size_i": "1704", "regex": "false"},
	{"name_s": "/opt/rh/php54/root/usr/include/php/ext/standard/file.h", "size_i": "4670", "regex": "false"},
	{"name_s": "/opt/rh/php54/root/usr/include/php/ext/standard/flock_compat.h", "size_i": "2120", "regex": "false"},
	{"name_s": "/opt/rh/php54/root/usr/include/php/ext/standard/fsock.h", "size_i": "1610", "regex": "false"},
	{"name_s": "/opt/rh/php54/root/usr/include/php/ext/standard/head.h", "size_i": "1663", "regex": "false"},
	{"name_s": "/opt/rh/php54/root/usr/include/php/ext/standard/html.h", "size_i": "2773", "regex": "false"},
	{"name_s": "/opt/rh/php54/root/usr/include/php/ext/standard/html_tables.h", "size_i": "482886", "regex": "false"},
	{"name_s": "/opt/rh/php54/root/usr/include/php/ext/standard/info.h", "size_i": "3608", "regex": "false"},
	{"name_s": "/opt/rh/php54/root/usr/include/php/ext/standard/md5.h", "size_i": "2169", "regex": "false"},
	{"name_s": "/opt/rh/php54/root/usr/include/php/ext/standard/microtime.h", "size_i": "1365", "regex": "false"},
	{"name_s": "/opt/rh/php54/root/usr/include/php/ext/standard/pack.h", "size_i": "1279", "regex": "false"},
	{"name_s": "/opt/rh/php54/root/usr/include/php/ext/standard/pageinfo.h", "size_i": "1473", "regex": "false"},
	{"name_s": "/opt/rh/php54/root/usr/include/php/ext/standard/php_array.h", "size_i": "4457", "regex": "false"},
	{"name_s": "/opt/rh/php54/root/usr/include/php/ext/standard/php_assert.h", "size_i": "1429", "regex": "false"},
	{"name_s": "/opt/rh/php54/root/usr/include/php/ext/standard/php_browscap.h", "size_i": "1328", "regex": "false"},
	{"name_s": "/opt/rh/php54/root/usr/include/php/ext/standard/php_crypt.h", "size_i": "1561", "regex": "false"},
	{"name_s": "/opt/rh/php54/root/usr/include/php/ext/standard/php_crypt_r.h", "size_i": "2052", "regex": "false"},
	{"name_s": "/opt/rh/php54/root/usr/include/php/ext/standard/php_dir.h", "size_i": "1714", "regex": "false"},
	{"name_s": "/opt/rh/php54/root/usr/include/php/ext/standard/php_dns.h", "size_i": "2885", "regex": "false"},
	{"name_s": "/opt/rh/php54/root/usr/include/php/ext/standard/php_ext_syslog.h", "size_i": "1510", "regex": "false"},
	{"name_s": "/opt/rh/php54/root/usr/include/php/ext/standard/php_filestat.h", "size_i": "3358", "regex": "false"},
	{"name_s": "/opt/rh/php54/root/usr/include/php/ext/standard/php_fopen_wrappers.h", "size_i": "1942", "regex": "false"},
	{"name_s": "/opt/rh/php54/root/usr/include/php/ext/standard/php_ftok.h", "size_i": "1264", "regex": "false"},
	{"name_s": "/opt/rh/php54/root/usr/include/php/ext/standard/php_http.h", "size_i": "1806", "regex": "false"},
	{"name_s": "/opt/rh/php54/root/usr/include/php/ext/standard/php_image.h", "size_i": "2424", "regex": "false"},
	{"name_s": "/opt/rh/php54/root/usr/include/php/ext/standard/php_incomplete_class.h", "size_i": "2526", "regex": "false"},
	{"name_s": "/opt/rh/php54/root/usr/include/php/ext/standard/php_iptc.h", "size_i": "1274", "regex": "false"},
	{"name_s": "/opt/rh/php54/root/usr/include/php/ext/standard/php_lcg.h", "size_i": "1536", "regex": "false"},
	{"name_s": "/opt/rh/php54/root/usr/include/php/ext/standard/php_link.h", "size_i": "1371", "regex": "false"},
	{"name_s": "/opt/rh/php54/root/usr/include/php/ext/standard/php_mail.h", "size_i": "1407", "regex": "false"},
	{"name_s": "/opt/rh/php54/root/usr/include/php/ext/standard/php_math.h", "size_i": "4724", "regex": "false"},
	{"name_s": "/opt/rh/php54/root/usr/include/php/ext/standard/php_metaphone.h", "size_i": "1243", "regex": "false"},
	{"name_s": "/opt/rh/php54/root/usr/include/php/ext/standard/php_rand.h", "size_i": "2603", "regex": "false"},
	{"name_s": "/opt/rh/php54/root/usr/include/php/ext/standard/php_smart_str.h", "size_i": "6531", "regex": "false"},
	{"name_s": "/opt/rh/php54/root/usr/include/php/ext/standard/php_smart_str_public.h", "size_i": "1319", "regex": "false"},
	{"name_s": "/opt/rh/php54/root/usr/include/php/ext/standard/php_standard.h", "size_i": "2241", "regex": "false"},
	{"name_s": "/opt/rh/php54/root/usr/include/php/ext/standard/php_string.h", "size_i": "6349", "regex": "false"},
	{"name_s": "/opt/rh/php54/root/usr/include/php/ext/standard/php_type.h", "size_i": "1592", "regex": "false"},
	{"name_s": "/opt/rh/php54/root/usr/include/php/ext/standard/php_uuencode.h", "size_i": "1497", "regex": "false"},
	{"name_s": "/opt/rh/php54/root/usr/include/php/ext/standard/php_var.h", "size_i": "7416", "regex": "false"},
	{"name_s": "/opt/rh/php54/root/usr/include/php/ext/standard/php_versioning.h", "size_i": "1406", "regex": "false"},
	{"name_s": "/opt/rh/php54/root/usr/include/php/ext/standard/proc_open.h", "size_i": "1851", "regex": "false"},
	{"name_s": "/opt/rh/php54/root/usr/include/php/ext/standard/quot_print.h", "size_i": "1542", "regex": "false"},
	{"name_s": "/opt/rh/php54/root/usr/include/php/ext/standard/scanf.h", "size_i": "2324", "regex": "false"},
	{"name_s": "/opt/rh/php54/root/usr/include/php/ext/standard/sha1.h", "size_i": "1751", "regex": "false"},
	{"name_s": "/opt/rh/php54/root/usr/include/php/ext/standard/streamsfuncs.h", "size_i": "2849", "regex": "false"},
	{"name_s": "/opt/rh/php54/root/usr/include/php/ext/standard/uniqid.h", "size_i": "1272", "regex": "false"},
	{"name_s": "/opt/rh/php54/root/usr/include/php/ext/standard/url.h", "size_i": "2332", "regex": "false"},
	{"name_s": "/opt/rh/php54/root/usr/include/php/ext/standard/url_scanner_ex.h", "size_i": "2141", "regex": "false"},
	{"name_s": "/opt/rh/php54/root/usr/include/php/ext/xml", "size_i": "4096", "regex": "false"},
	{"name_s": "/opt/rh/php54/root/usr/include/php/ext/xml/expat_compat.h", "size_i": "6091", "regex": "false"},
	{"name_s": "/opt/rh/php54/root/usr/include/php/ext/xml/php_xml.h", "size_i": "4577", "regex": "false"},
	{"name_s": "/opt/rh/php54/root/usr/include/php/include", "size_i": "4096", "regex": "false"},
	{"name_s": "/opt/rh/php54/root/usr/include/php/main", "size_i": "4096", "regex": "false"},
	{"name_s": "/opt/rh/php54/root/usr/include/php/main/SAPI.h", "size_i": "9921", "regex": "false"},
	{"name_s": "/opt/rh/php54/root/usr/include/php/main/build-defs.h", "size_i": "6557", "regex": "false"},
	{"name_s": "/opt/rh/php54/root/usr/include/php/main/fopen_wrappers.h", "size_i": "2817", "regex": "false"},
	{"name_s": "/opt/rh/php54/root/usr/include/php/main/logos.h", "size_i": "25579", "regex": "false"},
	{"name_s": "/opt/rh/php54/root/usr/include/php/main/php.h", "size_i": "11914", "regex": "false"},
	{"name_s": "/opt/rh/php54/root/usr/include/php/main/php_compat.h", "size_i": "18029", "regex": "false"},
	{"name_s": "/opt/rh/php54/root/usr/include/php/main/php_config.h", "size_i": "54237", "regex": "false"},
	{"name_s": "/opt/rh/php54/root/usr/include/php/main/php_content_types.h", "size_i": "1508", "regex": "false"},
	{"name_s": "/opt/rh/php54/root/usr/include/php/main/php_getopt.h", "size_i": "2071", "regex": "false"},
	{"name_s": "/opt/rh/php54/root/usr/include/php/main/php_globals.h", "size_i": "4077", "regex": "false"},
	{"name_s": "/opt/rh/php54/root/usr/include/php/main/php_ini.h", "size_i": "3758", "regex": "false"},
	{"name_s": "/opt/rh/php54/root/usr/include/php/main/php_logos.h", "size_i": "1538", "regex": "false"},
	{"name_s": "/opt/rh/php54/root/usr/include/php/main/php_main.h", "size_i": "2773", "regex": "false"},
	{"name_s": "/opt/rh/php54/root/usr/include/php/main/php_memory_streams.h", "size_i": "3329", "regex": "false"},
	{"name_s": "/opt/rh/php54/root/usr/include/php/main/php_network.h", "size_i": "9743", "regex": "false"},
	{"name_s": "/opt/rh/php54/root/usr/include/php/main/php_open_temporary_file.h", "size_i": "1743", "regex": "false"},
	{"name_s": "/opt/rh/php54/root/usr/include/php/main/php_output.h", "size_i": "10241", "regex": "false"},
	{"name_s": "/opt/rh/php54/root/usr/include/php/main/php_reentrancy.h", "size_i": "3691", "regex": "false"},
	{"name_s": "/opt/rh/php54/root/usr/include/php/main/php_scandir.h", "size_i": "1931", "regex": "false"},
	{"name_s": "/opt/rh/php54/root/usr/include/php/main/php_streams.h", "size_i": "30188", "regex": "false"},
	{"name_s": "/opt/rh/php54/root/usr/include/php/main/php_syslog.h", "size_i": "1574", "regex": "false"},
	{"name_s": "/opt/rh/php54/root/usr/include/php/main/php_ticks.h", "size_i": "1561", "regex": "false"},
	{"name_s": "/opt/rh/php54/root/usr/include/php/main/php_variables.h", "size_i": "2044", "regex": "false"},
	{"name_s": "/opt/rh/php54/root/usr/include/php/main/php_version.h", "size_i": "266", "regex": "false"},
	{"name_s": "/opt/rh/php54/root/usr/include/php/main/rfc1867.h", "size_i": "3437", "regex": "false"},
	{"name_s": "/opt/rh/php54/root/usr/include/php/main/snprintf.h", "size_i": "7025", "regex": "false"},
	{"name_s": "/opt/rh/php54/root/usr/include/php/main/spprintf.h", "size_i": "2071", "regex": "false"},
	{"name_s": "/opt/rh/php54/root/usr/include/php/main/streams", "size_i": "4096", "regex": "false"},
	{"name_s": "/opt/rh/php54/root/usr/include/php/main/streams/php_stream_context.h", "size_i": "6353", "regex": "false"},
	{"name_s": "/opt/rh/php54/root/usr/include/php/main/streams/php_stream_filter_api.h", "size_i": "7212", "regex": "false"},
	{"name_s": "/opt/rh/php54/root/usr/include/php/main/streams/php_stream_glob_wrapper.h", "size_i": "2116", "regex": "false"},
	{"name_s": "/opt/rh/php54/root/usr/include/php/main/streams/php_stream_mmap.h", "size_i": "3510", "regex": "false"},
	{"name_s": "/opt/rh/php54/root/usr/include/php/main/streams/php_stream_plain_wrapper.h", "size_i": "3781", "regex": "false"},
	{"name_s": "/opt/rh/php54/root/usr/include/php/main/streams/php_stream_transport.h", "size_i": "6715", "regex": "false"},
	{"name_s": "/opt/rh/php54/root/usr/include/php/main/streams/php_stream_userspace.h", "size_i": "1555", "regex": "false"},
	{"name_s": "/opt/rh/php54/root/usr/include/php/main/streams/php_streams_int.h", "size_i": "3032", "regex": "false"},
	{"name_s": "/opt/rh/php54/root/usr/include/php/sapi", "size_i": "4096", "regex": "false"},
	{"name_s": "/opt/rh/php54/root/usr/include/php/sapi/cli", "size_i": "4096", "regex": "false"},
	{"name_s": "/opt/rh/php54/root/usr/include/php/sapi/cli/cli.h", "size_i": "1922", "regex": "false"},
	{"name_s": "/opt/rh/php54/root/usr/lib64/php/build", "size_i": "4096", "regex": "false"},
	{"name_s": "/opt/rh/php54/root/usr/lib64/php/build/Makefile.global", "size_i": "5525", "regex": "false"},
	{"name_s": "/opt/rh/php54/root/usr/lib64/php/build/acinclude.m4", "size_i": "78136", "regex": "false"},
	{"name_s": "/opt/rh/php54/root/usr/lib64/php/build/config.guess", "size_i": "44893", "regex": "false"},
	{"name_s": "/opt/rh/php54/root/usr/lib64/php/build/config.sub", "size_i": "33399", "regex": "false"},
	{"name_s": "/opt/rh/php54/root/usr/lib64/php/build/libtool.m4", "size_i": "282569", "regex": "false"},
	{"name_s": "/opt/rh/php54/root/usr/lib64/php/build/ltmain.sh", "size_i": "243248", "regex": "false"},
	{"name_s": "/opt/rh/php54/root/usr/lib64/php/build/mkdep.awk", "size_i": "2225", "regex": "false"},
	{"name_s": "/opt/rh/php54/root/usr/lib64/php/build/phpize.m4", "size_i": "4690", "regex": "false"},
	{"name_s": "/opt/rh/php54/root/usr/lib64/php/build/run-tests.php", "size_i": "78556", "regex": "false"},
	{"name_s": "/opt/rh/php54/root/usr/lib64/php/build/scan_makefile_in.awk", "size_i": "410", "regex": "false"},
	{"name_s": "/opt/rh/php54/root/usr/lib64/php/build/shtool", "size_i": "65467", "regex": "false"},
	{"name_s": "/opt/rh/php54/root/usr/share/man/man1/php-config.1.gz", "size_i": "835", "regex": "false"}
]
