[
	{"name_s": "/usr/bin/AtoB", "size_i": "5401", "regex": "false"},
	{"name_s": "/usr/bin/AuditVerify", "size_i": "5408", "regex": "false"},
	{"name_s": "/usr/bin/BtoA", "size_i": "5401", "regex": "false"},
	{"name_s": "/usr/bin/CMCEnroll", "size_i": "5406", "regex": "false"},
	{"name_s": "/usr/bin/CMCRequest", "size_i": "5407", "regex": "false"},
	{"name_s": "/usr/bin/CMCResponse", "size_i": "5408", "regex": "false"},
	{"name_s": "/usr/bin/CMCRevoke", "size_i": "5406", "regex": "false"},
	{"name_s": "/usr/bin/CRMFPopClient", "size_i": "5410", "regex": "false"},
	{"name_s": "/usr/bin/ExtJoiner", "size_i": "5406", "regex": "false"},
	{"name_s": "/usr/bin/GenExtKeyUsage", "size_i": "5411", "regex": "false"},
	{"name_s": "/usr/bin/GenIssuerAltNameExt", "size_i": "5416", "regex": "false"},
	{"name_s": "/usr/bin/GenSubjectAltNameExt", "size_i": "5417", "regex": "false"},
	{"name_s": "/usr/bin/HttpClient", "size_i": "5407", "regex": "false"},
	{"name_s": "/usr/bin/OCSPClient", "size_i": "5407", "regex": "false"},
	{"name_s": "/usr/bin/PKCS10Client", "size_i": "5409", "regex": "false"},
	{"name_s": "/usr/bin/PKCS12Export", "size_i": "5409", "regex": "false"},
	{"name_s": "/usr/bin/PrettyPrintCert", "size_i": "5412", "regex": "false"},
	{"name_s": "/usr/bin/PrettyPrintCrl", "size_i": "5411", "regex": "false"},
	{"name_s": "/usr/bin/TokenInfo", "size_i": "5406", "regex": "false"},
	{"name_s": "/usr/share/doc/pki-java-tools-9.0.3", "size_i": "4096", "regex": "false"},
	{"name_s": "/usr/share/doc/pki-java-tools-9.0.3/LICENSE", "size_i": "15725", "regex": "false"},
	{"name_s": "/usr/share/java/pki/pki-tools-9.0.3.jar", "size_i": "88012", "regex": "false"},
	{"name_s": "/usr/share/java/pki/pki-tools.jar", "size_i": "19", "regex": "false"}
]
