[
	{"name_s": "/usr/share/plymouth/themes/spinfinity", "size_i": "4096", "regex": "false"},
	{"name_s": "/usr/share/plymouth/themes/spinfinity/box.png", "size_i": "870", "regex": "false"},
	{"name_s": "/usr/share/plymouth/themes/spinfinity/bullet.png", "size_i": "296", "regex": "false"},
	{"name_s": "/usr/share/plymouth/themes/spinfinity/entry.png", "size_i": "350", "regex": "false"},
	{"name_s": "/usr/share/plymouth/themes/spinfinity/lock.png", "size_i": "1896", "regex": "false"},
	{"name_s": "/usr/share/plymouth/themes/spinfinity/spinfinity.plymouth", "size_i": "205", "regex": "false"},
	{"name_s": "/usr/share/plymouth/themes/spinfinity/throbber-00.png", "size_i": "244", "regex": "false"},
	{"name_s": "/usr/share/plymouth/themes/spinfinity/throbber-01.png", "size_i": "304", "regex": "false"},
	{"name_s": "/usr/share/plymouth/themes/spinfinity/throbber-02.png", "size_i": "370", "regex": "false"},
	{"name_s": "/usr/share/plymouth/themes/spinfinity/throbber-03.png", "size_i": "424", "regex": "false"},
	{"name_s": "/usr/share/plymouth/themes/spinfinity/throbber-04.png", "size_i": "508", "regex": "false"},
	{"name_s": "/usr/share/plymouth/themes/spinfinity/throbber-05.png", "size_i": "563", "regex": "false"},
	{"name_s": "/usr/share/plymouth/themes/spinfinity/throbber-06.png", "size_i": "589", "regex": "false"},
	{"name_s": "/usr/share/plymouth/themes/spinfinity/throbber-07.png", "size_i": "562", "regex": "false"},
	{"name_s": "/usr/share/plymouth/themes/spinfinity/throbber-08.png", "size_i": "567", "regex": "false"},
	{"name_s": "/usr/share/plymouth/themes/spinfinity/throbber-09.png", "size_i": "560", "regex": "false"},
	{"name_s": "/usr/share/plymouth/themes/spinfinity/throbber-10.png", "size_i": "526", "regex": "false"},
	{"name_s": "/usr/share/plymouth/themes/spinfinity/throbber-11.png", "size_i": "492", "regex": "false"},
	{"name_s": "/usr/share/plymouth/themes/spinfinity/throbber-12.png", "size_i": "424", "regex": "false"},
	{"name_s": "/usr/share/plymouth/themes/spinfinity/throbber-13.png", "size_i": "360", "regex": "false"},
	{"name_s": "/usr/share/plymouth/themes/spinfinity/throbber-14.png", "size_i": "300", "regex": "false"},
	{"name_s": "/usr/share/plymouth/themes/spinfinity/throbber-15.png", "size_i": "244", "regex": "false"},
	{"name_s": "/usr/share/plymouth/themes/spinfinity/throbber-16.png", "size_i": "213", "regex": "false"},
	{"name_s": "/usr/share/plymouth/themes/spinfinity/throbber-17.png", "size_i": "245", "regex": "false"},
	{"name_s": "/usr/share/plymouth/themes/spinfinity/throbber-18.png", "size_i": "306", "regex": "false"},
	{"name_s": "/usr/share/plymouth/themes/spinfinity/throbber-19.png", "size_i": "372", "regex": "false"},
	{"name_s": "/usr/share/plymouth/themes/spinfinity/throbber-20.png", "size_i": "424", "regex": "false"},
	{"name_s": "/usr/share/plymouth/themes/spinfinity/throbber-21.png", "size_i": "513", "regex": "false"},
	{"name_s": "/usr/share/plymouth/themes/spinfinity/throbber-22.png", "size_i": "551", "regex": "false"},
	{"name_s": "/usr/share/plymouth/themes/spinfinity/throbber-23.png", "size_i": "595", "regex": "false"},
	{"name_s": "/usr/share/plymouth/themes/spinfinity/throbber-24.png", "size_i": "571", "regex": "false"},
	{"name_s": "/usr/share/plymouth/themes/spinfinity/throbber-25.png", "size_i": "570", "regex": "false"},
	{"name_s": "/usr/share/plymouth/themes/spinfinity/throbber-26.png", "size_i": "566", "regex": "false"},
	{"name_s": "/usr/share/plymouth/themes/spinfinity/throbber-27.png", "size_i": "521", "regex": "false"},
	{"name_s": "/usr/share/plymouth/themes/spinfinity/throbber-28.png", "size_i": "480", "regex": "false"},
	{"name_s": "/usr/share/plymouth/themes/spinfinity/throbber-29.png", "size_i": "424", "regex": "false"},
	{"name_s": "/usr/share/plymouth/themes/spinfinity/throbber-30.png", "size_i": "356", "regex": "false"},
	{"name_s": "/usr/share/plymouth/themes/spinfinity/throbber-31.png", "size_i": "293", "regex": "false"},
	{"name_s": "/usr/share/plymouth/themes/spinfinity/throbber-32.png", "size_i": "243", "regex": "false"},
	{"name_s": "/usr/share/plymouth/themes/spinfinity/throbber-33.png", "size_i": "213", "regex": "false"}
]
