[
	{"name_s": "/opt/rh/postgresql92/root/usr/lib64/libecpg.so.postgresql92-6", "size_i": "27", "regex": "false"},
	{"name_s": "/opt/rh/postgresql92/root/usr/lib64/libecpg.so.postgresql92-6.4", "size_i": "77496", "regex": "false"},
	{"name_s": "/opt/rh/postgresql92/root/usr/lib64/libecpg_compat.so.postgresql92-3", "size_i": "34", "regex": "false"},
	{"name_s": "/opt/rh/postgresql92/root/usr/lib64/libecpg_compat.so.postgresql92-3.4", "size_i": "18208", "regex": "false"},
	{"name_s": "/opt/rh/postgresql92/root/usr/lib64/libpgtypes.so.postgresql92-3", "size_i": "30", "regex": "false"},
	{"name_s": "/opt/rh/postgresql92/root/usr/lib64/libpgtypes.so.postgresql92-3.3", "size_i": "65056", "regex": "false"},
	{"name_s": "/opt/rh/postgresql92/root/usr/lib64/libpq.so.postgresql92-5", "size_i": "25", "regex": "false"},
	{"name_s": "/opt/rh/postgresql92/root/usr/lib64/libpq.so.postgresql92-5.5", "size_i": "185328", "regex": "false"},
	{"name_s": "/opt/rh/postgresql92/root/usr/share/doc/postgresql92-postgresql-libs-9.2.4", "size_i": "4096", "regex": "false"},
	{"name_s": "/opt/rh/postgresql92/root/usr/share/doc/postgresql92-postgresql-libs-9.2.4/COPYRIGHT", "size_i": "1192", "regex": "false"},
	{"name_s": "/opt/rh/postgresql92/root/usr/share/locale/cs/LC_MESSAGES/ecpglibpostgresql92-6-9.2.mo", "size_i": "3647", "regex": "false"},
	{"name_s": "/opt/rh/postgresql92/root/usr/share/locale/cs/LC_MESSAGES/libpqpostgresql92-5-9.2.mo", "size_i": "21909", "regex": "false"},
	{"name_s": "/opt/rh/postgresql92/root/usr/share/locale/de/LC_MESSAGES/ecpglibpostgresql92-6-9.2.mo", "size_i": "3690", "regex": "false"},
	{"name_s": "/opt/rh/postgresql92/root/usr/share/locale/de/LC_MESSAGES/libpqpostgresql92-5-9.2.mo", "size_i": "22610", "regex": "false"},
	{"name_s": "/opt/rh/postgresql92/root/usr/share/locale/es/LC_MESSAGES/ecpglibpostgresql92-6-9.2.mo", "size_i": "3776", "regex": "false"},
	{"name_s": "/opt/rh/postgresql92/root/usr/share/locale/es/LC_MESSAGES/libpqpostgresql92-5-9.2.mo", "size_i": "23275", "regex": "false"},
	{"name_s": "/opt/rh/postgresql92/root/usr/share/locale/fr/LC_MESSAGES/ecpglibpostgresql92-6-9.2.mo", "size_i": "3791", "regex": "false"},
	{"name_s": "/opt/rh/postgresql92/root/usr/share/locale/fr/LC_MESSAGES/libpqpostgresql92-5-9.2.mo", "size_i": "23060", "regex": "false"},
	{"name_s": "/opt/rh/postgresql92/root/usr/share/locale/it/LC_MESSAGES/ecpglibpostgresql92-6-9.2.mo", "size_i": "3868", "regex": "false"},
	{"name_s": "/opt/rh/postgresql92/root/usr/share/locale/it/LC_MESSAGES/libpqpostgresql92-5-9.2.mo", "size_i": "23217", "regex": "false"},
	{"name_s": "/opt/rh/postgresql92/root/usr/share/locale/ja/LC_MESSAGES/ecpglibpostgresql92-6-9.2.mo", "size_i": "4359", "regex": "false"},
	{"name_s": "/opt/rh/postgresql92/root/usr/share/locale/ja/LC_MESSAGES/libpqpostgresql92-5-9.2.mo", "size_i": "24717", "regex": "false"},
	{"name_s": "/opt/rh/postgresql92/root/usr/share/locale/pl/LC_MESSAGES/ecpglibpostgresql92-6-9.2.mo", "size_i": "3751", "regex": "false"},
	{"name_s": "/opt/rh/postgresql92/root/usr/share/locale/pl/LC_MESSAGES/libpqpostgresql92-5-9.2.mo", "size_i": "22686", "regex": "false"},
	{"name_s": "/opt/rh/postgresql92/root/usr/share/locale/pt_BR/LC_MESSAGES/ecpglibpostgresql92-6-9.2.mo", "size_i": "3694", "regex": "false"},
	{"name_s": "/opt/rh/postgresql92/root/usr/share/locale/pt_BR/LC_MESSAGES/libpqpostgresql92-5-9.2.mo", "size_i": "22387", "regex": "false"},
	{"name_s": "/opt/rh/postgresql92/root/usr/share/locale/ru/LC_MESSAGES/ecpglibpostgresql92-6-9.2.mo", "size_i": "4714", "regex": "false"},
	{"name_s": "/opt/rh/postgresql92/root/usr/share/locale/ru/LC_MESSAGES/libpqpostgresql92-5-9.2.mo", "size_i": "28109", "regex": "false"},
	{"name_s": "/opt/rh/postgresql92/root/usr/share/locale/tr/LC_MESSAGES/ecpglibpostgresql92-6-9.2.mo", "size_i": "3722", "regex": "false"},
	{"name_s": "/opt/rh/postgresql92/root/usr/share/locale/tr/LC_MESSAGES/libpqpostgresql92-5-9.2.mo", "size_i": "20146", "regex": "false"},
	{"name_s": "/opt/rh/postgresql92/root/usr/share/locale/zh_CN/LC_MESSAGES/ecpglibpostgresql92-6-9.2.mo", "size_i": "3604", "regex": "false"},
	{"name_s": "/opt/rh/postgresql92/root/usr/share/locale/zh_CN/LC_MESSAGES/libpqpostgresql92-5-9.2.mo", "size_i": "20525", "regex": "false"},
	{"name_s": "/opt/rh/postgresql92/root/usr/share/locale/zh_TW/LC_MESSAGES/libpqpostgresql92-5-9.2.mo", "size_i": "18270", "regex": "false"}
]
