[
	{"name_s": "/opt/rh/postgresql92/root/usr/bin/oid2name", "size_i": "20792", "regex": "false"},
	{"name_s": "/opt/rh/postgresql92/root/usr/bin/pg_archivecleanup", "size_i": "15096", "regex": "false"},
	{"name_s": "/opt/rh/postgresql92/root/usr/bin/pg_standby", "size_i": "18704", "regex": "false"},
	{"name_s": "/opt/rh/postgresql92/root/usr/bin/pg_test_fsync", "size_i": "16784", "regex": "false"},
	{"name_s": "/opt/rh/postgresql92/root/usr/bin/pg_test_timing", "size_i": "11824", "regex": "false"},
	{"name_s": "/opt/rh/postgresql92/root/usr/bin/pgbench", "size_i": "44440", "regex": "false"},
	{"name_s": "/opt/rh/postgresql92/root/usr/bin/vacuumlo", "size_i": "19928", "regex": "false"},
	{"name_s": "/opt/rh/postgresql92/root/usr/lib64/pgsql/_int.so", "size_i": "46304", "regex": "false"},
	{"name_s": "/opt/rh/postgresql92/root/usr/lib64/pgsql/adminpack.so", "size_i": "12848", "regex": "false"},
	{"name_s": "/opt/rh/postgresql92/root/usr/lib64/pgsql/auth_delay.so", "size_i": "4672", "regex": "false"},
	{"name_s": "/opt/rh/postgresql92/root/usr/lib64/pgsql/auto_explain.so", "size_i": "9864", "regex": "false"},
	{"name_s": "/opt/rh/postgresql92/root/usr/lib64/pgsql/autoinc.so", "size_i": "7440", "regex": "false"},
	{"name_s": "/opt/rh/postgresql92/root/usr/lib64/pgsql/btree_gin.so", "size_i": "39592", "regex": "false"},
	{"name_s": "/opt/rh/postgresql92/root/usr/lib64/pgsql/btree_gist.so", "size_i": "74224", "regex": "false"},
	{"name_s": "/opt/rh/postgresql92/root/usr/lib64/pgsql/chkpass.so", "size_i": "7360", "regex": "false"},
	{"name_s": "/opt/rh/postgresql92/root/usr/lib64/pgsql/citext.so", "size_i": "8616", "regex": "false"},
	{"name_s": "/opt/rh/postgresql92/root/usr/lib64/pgsql/cube.so", "size_i": "44448", "regex": "false"},
	{"name_s": "/opt/rh/postgresql92/root/usr/lib64/pgsql/dblink.so", "size_i": "44808", "regex": "false"},
	{"name_s": "/opt/rh/postgresql92/root/usr/lib64/pgsql/dict_int.so", "size_i": "5912", "regex": "false"},
	{"name_s": "/opt/rh/postgresql92/root/usr/lib64/pgsql/dict_xsyn.so", "size_i": "8296", "regex": "false"},
	{"name_s": "/opt/rh/postgresql92/root/usr/lib64/pgsql/dummy_seclabel.so", "size_i": "5096", "regex": "false"},
	{"name_s": "/opt/rh/postgresql92/root/usr/lib64/pgsql/earthdistance.so", "size_i": "5008", "regex": "false"},
	{"name_s": "/opt/rh/postgresql92/root/usr/lib64/pgsql/file_fdw.so", "size_i": "15392", "regex": "false"},
	{"name_s": "/opt/rh/postgresql92/root/usr/lib64/pgsql/fuzzystrmatch.so", "size_i": "27264", "regex": "false"},
	{"name_s": "/opt/rh/postgresql92/root/usr/lib64/pgsql/hstore.so", "size_i": "54328", "regex": "false"},
	{"name_s": "/opt/rh/postgresql92/root/usr/lib64/pgsql/insert_username.so", "size_i": "6688", "regex": "false"},
	{"name_s": "/opt/rh/postgresql92/root/usr/lib64/pgsql/isn.so", "size_i": "97984", "regex": "false"},
	{"name_s": "/opt/rh/postgresql92/root/usr/lib64/pgsql/lo.so", "size_i": "5760", "regex": "false"},
	{"name_s": "/opt/rh/postgresql92/root/usr/lib64/pgsql/ltree.so", "size_i": "58760", "regex": "false"},
	{"name_s": "/opt/rh/postgresql92/root/usr/lib64/pgsql/moddatetime.so", "size_i": "6832", "regex": "false"},
	{"name_s": "/opt/rh/postgresql92/root/usr/lib64/pgsql/pageinspect.so", "size_i": "18160", "regex": "false"},
	{"name_s": "/opt/rh/postgresql92/root/usr/lib64/pgsql/passwordcheck.so", "size_i": "6648", "regex": "false"},
	{"name_s": "/opt/rh/postgresql92/root/usr/lib64/pgsql/pg_buffercache.so", "size_i": "6952", "regex": "false"},
	{"name_s": "/opt/rh/postgresql92/root/usr/lib64/pgsql/pg_freespacemap.so", "size_i": "5072", "regex": "false"},
	{"name_s": "/opt/rh/postgresql92/root/usr/lib64/pgsql/pg_stat_statements.so", "size_i": "25904", "regex": "false"},
	{"name_s": "/opt/rh/postgresql92/root/usr/lib64/pgsql/pg_trgm.so", "size_i": "23832", "regex": "false"},
	{"name_s": "/opt/rh/postgresql92/root/usr/lib64/pgsql/pgcrypto.so", "size_i": "122864", "regex": "false"},
	{"name_s": "/opt/rh/postgresql92/root/usr/lib64/pgsql/pgrowlocks.so", "size_i": "9072", "regex": "false"},
	{"name_s": "/opt/rh/postgresql92/root/usr/lib64/pgsql/pgstattuple.so", "size_i": "15696", "regex": "false"},
	{"name_s": "/opt/rh/postgresql92/root/usr/lib64/pgsql/pgxml.so", "size_i": "20736", "regex": "false"},
	{"name_s": "/opt/rh/postgresql92/root/usr/lib64/pgsql/refint.so", "size_i": "14984", "regex": "false"},
	{"name_s": "/opt/rh/postgresql92/root/usr/lib64/pgsql/seg.so", "size_i": "32432", "regex": "false"},
	{"name_s": "/opt/rh/postgresql92/root/usr/lib64/pgsql/sslinfo.so", "size_i": "11336", "regex": "false"},
	{"name_s": "/opt/rh/postgresql92/root/usr/lib64/pgsql/tablefunc.so", "size_i": "21184", "regex": "false"},
	{"name_s": "/opt/rh/postgresql92/root/usr/lib64/pgsql/tcn.so", "size_i": "7840", "regex": "false"},
	{"name_s": "/opt/rh/postgresql92/root/usr/lib64/pgsql/test_parser.so", "size_i": "5584", "regex": "false"},
	{"name_s": "/opt/rh/postgresql92/root/usr/lib64/pgsql/timetravel.so", "size_i": "12568", "regex": "false"},
	{"name_s": "/opt/rh/postgresql92/root/usr/lib64/pgsql/tsearch2.so", "size_i": "22272", "regex": "false"},
	{"name_s": "/opt/rh/postgresql92/root/usr/lib64/pgsql/unaccent.so", "size_i": "10896", "regex": "false"},
	{"name_s": "/opt/rh/postgresql92/root/usr/lib64/pgsql/uuid-ossp.so", "size_i": "8736", "regex": "false"},
	{"name_s": "/opt/rh/postgresql92/root/usr/share/doc/postgresql92-postgresql-contrib-9.2.7", "size_i": "4096", "regex": "false"},
	{"name_s": "/opt/rh/postgresql92/root/usr/share/doc/postgresql92-postgresql-contrib-9.2.7/autoinc.example", "size_i": "798", "regex": "false"},
	{"name_s": "/opt/rh/postgresql92/root/usr/share/doc/postgresql92-postgresql-contrib-9.2.7/insert_username.example", "size_i": "560", "regex": "false"},
	{"name_s": "/opt/rh/postgresql92/root/usr/share/doc/postgresql92-postgresql-contrib-9.2.7/moddatetime.example", "size_i": "493", "regex": "false"},
	{"name_s": "/opt/rh/postgresql92/root/usr/share/doc/postgresql92-postgresql-contrib-9.2.7/refint.example", "size_i": "2105", "regex": "false"},
	{"name_s": "/opt/rh/postgresql92/root/usr/share/doc/postgresql92-postgresql-contrib-9.2.7/timetravel.example", "size_i": "2372", "regex": "false"},
	{"name_s": "/opt/rh/postgresql92/root/usr/share/man/man1/oid2name.1", "size_i": "8874", "regex": "false"},
	{"name_s": "/opt/rh/postgresql92/root/usr/share/man/man1/pg_archivecleanup.1", "size_i": "5749", "regex": "false"},
	{"name_s": "/opt/rh/postgresql92/root/usr/share/man/man1/pg_standby.1", "size_i": "10596", "regex": "false"},
	{"name_s": "/opt/rh/postgresql92/root/usr/share/man/man1/pg_test_fsync.1", "size_i": "2807", "regex": "false"},
	{"name_s": "/opt/rh/postgresql92/root/usr/share/man/man1/pg_test_timing.1", "size_i": "9816", "regex": "false"},
	{"name_s": "/opt/rh/postgresql92/root/usr/share/man/man1/pgbench.1", "size_i": "21411", "regex": "false"},
	{"name_s": "/opt/rh/postgresql92/root/usr/share/man/man1/vacuumlo.1", "size_i": "4314", "regex": "false"},
	{"name_s": "/opt/rh/postgresql92/root/usr/share/man/man3/dblink.3", "size_i": "6485", "regex": "false"},
	{"name_s": "/opt/rh/postgresql92/root/usr/share/man/man3/dblink_build_sql_delete.3", "size_i": "3351", "regex": "false"},
	{"name_s": "/opt/rh/postgresql92/root/usr/share/man/man3/dblink_build_sql_insert.3", "size_i": "3955", "regex": "false"},
	{"name_s": "/opt/rh/postgresql92/root/usr/share/man/man3/dblink_build_sql_update.3", "size_i": "4208", "regex": "false"},
	{"name_s": "/opt/rh/postgresql92/root/usr/share/man/man3/dblink_cancel_query.3", "size_i": "2162", "regex": "false"},
	{"name_s": "/opt/rh/postgresql92/root/usr/share/man/man3/dblink_close.3", "size_i": "2756", "regex": "false"},
	{"name_s": "/opt/rh/postgresql92/root/usr/share/man/man3/dblink_connect.3", "size_i": "5597", "regex": "false"},
	{"name_s": "/opt/rh/postgresql92/root/usr/share/man/man3/dblink_connect_u.3", "size_i": "2810", "regex": "false"},
	{"name_s": "/opt/rh/postgresql92/root/usr/share/man/man3/dblink_disconnect.3", "size_i": "2155", "regex": "false"},
	{"name_s": "/opt/rh/postgresql92/root/usr/share/man/man3/dblink_error_message.3", "size_i": "1877", "regex": "false"},
	{"name_s": "/opt/rh/postgresql92/root/usr/share/man/man3/dblink_exec.3", "size_i": "3831", "regex": "false"},
	{"name_s": "/opt/rh/postgresql92/root/usr/share/man/man3/dblink_fetch.3", "size_i": "4238", "regex": "false"},
	{"name_s": "/opt/rh/postgresql92/root/usr/share/man/man3/dblink_get_connections.3", "size_i": "1756", "regex": "false"},
	{"name_s": "/opt/rh/postgresql92/root/usr/share/man/man3/dblink_get_notify.3", "size_i": "2547", "regex": "false"},
	{"name_s": "/opt/rh/postgresql92/root/usr/share/man/man3/dblink_get_pkey.3", "size_i": "2711", "regex": "false"},
	{"name_s": "/opt/rh/postgresql92/root/usr/share/man/man3/dblink_get_result.3", "size_i": "4993", "regex": "false"},
	{"name_s": "/opt/rh/postgresql92/root/usr/share/man/man3/dblink_is_busy.3", "size_i": "1871", "regex": "false"},
	{"name_s": "/opt/rh/postgresql92/root/usr/share/man/man3/dblink_open.3", "size_i": "3270", "regex": "false"},
	{"name_s": "/opt/rh/postgresql92/root/usr/share/man/man3/dblink_send_query.3", "size_i": "2389", "regex": "false"},
	{"name_s": "/opt/rh/postgresql92/root/usr/share/pgsql/extension/adminpack--1.0.sql", "size_i": "1535", "regex": "false"},
	{"name_s": "/opt/rh/postgresql92/root/usr/share/pgsql/extension/adminpack.control", "size_i": "176", "regex": "false"},
	{"name_s": "/opt/rh/postgresql92/root/usr/share/pgsql/extension/autoinc--1.0.sql", "size_i": "249", "regex": "false"},
	{"name_s": "/opt/rh/postgresql92/root/usr/share/pgsql/extension/autoinc--unpackaged--1.0.sql", "size_i": "234", "regex": "false"},
	{"name_s": "/opt/rh/postgresql92/root/usr/share/pgsql/extension/autoinc.control", "size_i": "149", "regex": "false"},
	{"name_s": "/opt/rh/postgresql92/root/usr/share/pgsql/extension/btree_gin--1.0.sql", "size_i": "24818", "regex": "false"},
	{"name_s": "/opt/rh/postgresql92/root/usr/share/pgsql/extension/btree_gin--unpackaged--1.0.sql", "size_i": "10091", "regex": "false"},
	{"name_s": "/opt/rh/postgresql92/root/usr/share/pgsql/extension/btree_gin.control", "size_i": "160", "regex": "false"},
	{"name_s": "/opt/rh/postgresql92/root/usr/share/pgsql/extension/btree_gist--1.0.sql", "size_i": "37814", "regex": "false"},
	{"name_s": "/opt/rh/postgresql92/root/usr/share/pgsql/extension/btree_gist--unpackaged--1.0.sql", "size_i": "21463", "regex": "false"},
	{"name_s": "/opt/rh/postgresql92/root/usr/share/pgsql/extension/btree_gist.control", "size_i": "163", "regex": "false"},
	{"name_s": "/opt/rh/postgresql92/root/usr/share/pgsql/extension/chkpass--1.0.sql", "size_i": "1154", "regex": "false"},
	{"name_s": "/opt/rh/postgresql92/root/usr/share/pgsql/extension/chkpass--unpackaged--1.0.sql", "size_i": "619", "regex": "false"},
	{"name_s": "/opt/rh/postgresql92/root/usr/share/pgsql/extension/chkpass.control", "size_i": "150", "regex": "false"},
	{"name_s": "/opt/rh/postgresql92/root/usr/share/pgsql/extension/citext--1.0.sql", "size_i": "12337", "regex": "false"},
	{"name_s": "/opt/rh/postgresql92/root/usr/share/pgsql/extension/citext--unpackaged--1.0.sql", "size_i": "8694", "regex": "false"},
	{"name_s": "/opt/rh/postgresql92/root/usr/share/pgsql/extension/citext.control", "size_i": "158", "regex": "false"},
	{"name_s": "/opt/rh/postgresql92/root/usr/share/pgsql/extension/cube--1.0.sql", "size_i": "7831", "regex": "false"},
	{"name_s": "/opt/rh/postgresql92/root/usr/share/pgsql/extension/cube--unpackaged--1.0.sql", "size_i": "3179", "regex": "false"},
	{"name_s": "/opt/rh/postgresql92/root/usr/share/pgsql/extension/cube.control", "size_i": "142", "regex": "false"},
	{"name_s": "/opt/rh/postgresql92/root/usr/share/pgsql/extension/dblink--1.0.sql", "size_i": "5569", "regex": "false"},
	{"name_s": "/opt/rh/postgresql92/root/usr/share/pgsql/extension/dblink--unpackaged--1.0.sql", "size_i": "2847", "regex": "false"},
	{"name_s": "/opt/rh/postgresql92/root/usr/share/pgsql/extension/dblink.control", "size_i": "170", "regex": "false"},
	{"name_s": "/opt/rh/postgresql92/root/usr/share/pgsql/extension/dict_int--1.0.sql", "size_i": "711", "regex": "false"},
	{"name_s": "/opt/rh/postgresql92/root/usr/share/pgsql/extension/dict_int--unpackaged--1.0.sql", "size_i": "477", "regex": "false"},
	{"name_s": "/opt/rh/postgresql92/root/usr/share/pgsql/extension/dict_int.control", "size_i": "158", "regex": "false"},
	{"name_s": "/opt/rh/postgresql92/root/usr/share/pgsql/extension/dict_xsyn--1.0.sql", "size_i": "694", "regex": "false"},
	{"name_s": "/opt/rh/postgresql92/root/usr/share/pgsql/extension/dict_xsyn--unpackaged--1.0.sql", "size_i": "472", "regex": "false"},
	{"name_s": "/opt/rh/postgresql92/root/usr/share/pgsql/extension/dict_xsyn.control", "size_i": "179", "regex": "false"},
	{"name_s": "/opt/rh/postgresql92/root/usr/share/pgsql/extension/earthdistance--1.0.sql", "size_i": "3096", "regex": "false"},
	{"name_s": "/opt/rh/postgresql92/root/usr/share/pgsql/extension/earthdistance--unpackaged--1.0.sql", "size_i": "943", "regex": "false"},
	{"name_s": "/opt/rh/postgresql92/root/usr/share/pgsql/extension/earthdistance.control", "size_i": "202", "regex": "false"},
	{"name_s": "/opt/rh/postgresql92/root/usr/share/pgsql/extension/file_fdw--1.0.sql", "size_i": "475", "regex": "false"},
	{"name_s": "/opt/rh/postgresql92/root/usr/share/pgsql/extension/file_fdw.control", "size_i": "155", "regex": "false"},
	{"name_s": "/opt/rh/postgresql92/root/usr/share/pgsql/extension/fuzzystrmatch--1.0.sql", "size_i": "1436", "regex": "false"},
	{"name_s": "/opt/rh/postgresql92/root/usr/share/pgsql/extension/fuzzystrmatch--unpackaged--1.0.sql", "size_i": "1092", "regex": "false"},
	{"name_s": "/opt/rh/postgresql92/root/usr/share/pgsql/extension/fuzzystrmatch.control", "size_i": "175", "regex": "false"},
	{"name_s": "/opt/rh/postgresql92/root/usr/share/pgsql/extension/hstore--1.0--1.1.sql", "size_i": "280", "regex": "false"},
	{"name_s": "/opt/rh/postgresql92/root/usr/share/pgsql/extension/hstore--1.1.sql", "size_i": "12322", "regex": "false"},
	{"name_s": "/opt/rh/postgresql92/root/usr/share/pgsql/extension/hstore--unpackaged--1.0.sql", "size_i": "5493", "regex": "false"},
	{"name_s": "/opt/rh/postgresql92/root/usr/share/pgsql/extension/hstore.control", "size_i": "158", "regex": "false"},
	{"name_s": "/opt/rh/postgresql92/root/usr/share/pgsql/extension/insert_username--1.0.sql", "size_i": "273", "regex": "false"},
	{"name_s": "/opt/rh/postgresql92/root/usr/share/pgsql/extension/insert_username--unpackaged--1.0.sql", "size_i": "266", "regex": "false"},
	{"name_s": "/opt/rh/postgresql92/root/usr/share/pgsql/extension/insert_username.control", "size_i": "170", "regex": "false"},
	{"name_s": "/opt/rh/postgresql92/root/usr/share/pgsql/extension/intagg--1.0.sql", "size_i": "1041", "regex": "false"},
	{"name_s": "/opt/rh/postgresql92/root/usr/share/pgsql/extension/intagg--unpackaged--1.0.sql", "size_i": "452", "regex": "false"},
	{"name_s": "/opt/rh/postgresql92/root/usr/share/pgsql/extension/intagg.control", "size_i": "119", "regex": "false"},
	{"name_s": "/opt/rh/postgresql92/root/usr/share/pgsql/extension/intarray--1.0.sql", "size_i": "10473", "regex": "false"},
	{"name_s": "/opt/rh/postgresql92/root/usr/share/pgsql/extension/intarray--unpackaged--1.0.sql", "size_i": "6755", "regex": "false"},
	{"name_s": "/opt/rh/postgresql92/root/usr/share/pgsql/extension/intarray.control", "size_i": "176", "regex": "false"},
	{"name_s": "/opt/rh/postgresql92/root/usr/share/pgsql/extension/isn--1.0.sql", "size_i": "66205", "regex": "false"},
	{"name_s": "/opt/rh/postgresql92/root/usr/share/pgsql/extension/isn--unpackaged--1.0.sql", "size_i": "23689", "regex": "false"},
	{"name_s": "/opt/rh/postgresql92/root/usr/share/pgsql/extension/isn.control", "size_i": "160", "regex": "false"},
	{"name_s": "/opt/rh/postgresql92/root/usr/share/pgsql/extension/lo--1.0.sql", "size_i": "708", "regex": "false"},
	{"name_s": "/opt/rh/postgresql92/root/usr/share/pgsql/extension/lo--unpackaged--1.0.sql", "size_i": "298", "regex": "false"},
	{"name_s": "/opt/rh/postgresql92/root/usr/share/pgsql/extension/lo.control", "size_i": "126", "regex": "false"},
	{"name_s": "/opt/rh/postgresql92/root/usr/share/pgsql/extension/ltree--1.0.sql", "size_i": "18297", "regex": "false"},
	{"name_s": "/opt/rh/postgresql92/root/usr/share/pgsql/extension/ltree--unpackaged--1.0.sql", "size_i": "7982", "regex": "false"},
	{"name_s": "/opt/rh/postgresql92/root/usr/share/pgsql/extension/ltree.control", "size_i": "155", "regex": "false"},
	{"name_s": "/opt/rh/postgresql92/root/usr/share/pgsql/extension/moddatetime--1.0.sql", "size_i": "261", "regex": "false"},
	{"name_s": "/opt/rh/postgresql92/root/usr/share/pgsql/extension/moddatetime--unpackaged--1.0.sql", "size_i": "250", "regex": "false"},
	{"name_s": "/opt/rh/postgresql92/root/usr/share/pgsql/extension/moddatetime.control", "size_i": "165", "regex": "false"},
	{"name_s": "/opt/rh/postgresql92/root/usr/share/pgsql/extension/pageinspect--1.0.sql", "size_i": "2339", "regex": "false"},
	{"name_s": "/opt/rh/postgresql92/root/usr/share/pgsql/extension/pageinspect--unpackaged--1.0.sql", "size_i": "1100", "regex": "false"},
	{"name_s": "/opt/rh/postgresql92/root/usr/share/pgsql/extension/pageinspect.control", "size_i": "173", "regex": "false"},
	{"name_s": "/opt/rh/postgresql92/root/usr/share/pgsql/extension/pg_buffercache--1.0.sql", "size_i": "755", "regex": "false"},
	{"name_s": "/opt/rh/postgresql92/root/usr/share/pgsql/extension/pg_buffercache--unpackaged--1.0.sql", "size_i": "335", "regex": "false"},
	{"name_s": "/opt/rh/postgresql92/root/usr/share/pgsql/extension/pg_buffercache.control", "size_i": "157", "regex": "false"},
	{"name_s": "/opt/rh/postgresql92/root/usr/share/pgsql/extension/pg_freespacemap--1.0.sql", "size_i": "871", "regex": "false"},
	{"name_s": "/opt/rh/postgresql92/root/usr/share/pgsql/extension/pg_freespacemap--unpackaged--1.0.sql", "size_i": "359", "regex": "false"},
	{"name_s": "/opt/rh/postgresql92/root/usr/share/pgsql/extension/pg_freespacemap.control", "size_i": "160", "regex": "false"},
	{"name_s": "/opt/rh/postgresql92/root/usr/share/pgsql/extension/pg_stat_statements--1.0--1.1.sql", "size_i": "1237", "regex": "false"},
	{"name_s": "/opt/rh/postgresql92/root/usr/share/pgsql/extension/pg_stat_statements--1.1.sql", "size_i": "1205", "regex": "false"},
	{"name_s": "/opt/rh/postgresql92/root/usr/share/pgsql/extension/pg_stat_statements--unpackaged--1.0.sql", "size_i": "433", "regex": "false"},
	{"name_s": "/opt/rh/postgresql92/root/usr/share/pgsql/extension/pg_stat_statements.control", "size_i": "191", "regex": "false"},
	{"name_s": "/opt/rh/postgresql92/root/usr/share/pgsql/extension/pg_trgm--1.0.sql", "size_i": "4977", "regex": "false"},
	{"name_s": "/opt/rh/postgresql92/root/usr/share/pgsql/extension/pg_trgm--unpackaged--1.0.sql", "size_i": "4230", "regex": "false"},
	{"name_s": "/opt/rh/postgresql92/root/usr/share/pgsql/extension/pg_trgm.control", "size_i": "177", "regex": "false"},
	{"name_s": "/opt/rh/postgresql92/root/usr/share/pgsql/extension/pgcrypto--1.0.sql", "size_i": "4812", "regex": "false"},
	{"name_s": "/opt/rh/postgresql92/root/usr/share/pgsql/extension/pgcrypto--unpackaged--1.0.sql", "size_i": "2433", "regex": "false"},
	{"name_s": "/opt/rh/postgresql92/root/usr/share/pgsql/extension/pgcrypto.control", "size_i": "137", "regex": "false"},
	{"name_s": "/opt/rh/postgresql92/root/usr/share/pgsql/extension/pgrowlocks--1.0.sql", "size_i": "534", "regex": "false"},
	{"name_s": "/opt/rh/postgresql92/root/usr/share/pgsql/extension/pgrowlocks--unpackaged--1.0.sql", "size_i": "257", "regex": "false"},
	{"name_s": "/opt/rh/postgresql92/root/usr/share/pgsql/extension/pgrowlocks.control", "size_i": "152", "regex": "false"},
	{"name_s": "/opt/rh/postgresql92/root/usr/share/pgsql/extension/pgstattuple--1.0.sql", "size_i": "1910", "regex": "false"},
	{"name_s": "/opt/rh/postgresql92/root/usr/share/pgsql/extension/pgstattuple--unpackaged--1.0.sql", "size_i": "441", "regex": "false"},
	{"name_s": "/opt/rh/postgresql92/root/usr/share/pgsql/extension/pgstattuple.control", "size_i": "147", "regex": "false"},
	{"name_s": "/opt/rh/postgresql92/root/usr/share/pgsql/extension/refint--1.0.sql", "size_i": "343", "regex": "false"},
	{"name_s": "/opt/rh/postgresql92/root/usr/share/pgsql/extension/refint--unpackaged--1.0.sql", "size_i": "298", "regex": "false"},
	{"name_s": "/opt/rh/postgresql92/root/usr/share/pgsql/extension/refint.control", "size_i": "169", "regex": "false"},
	{"name_s": "/opt/rh/postgresql92/root/usr/share/pgsql/extension/seg--1.0.sql", "size_i": "7726", "regex": "false"},
	{"name_s": "/opt/rh/postgresql92/root/usr/share/pgsql/extension/seg--unpackaged--1.0.sql", "size_i": "2766", "regex": "false"},
	{"name_s": "/opt/rh/postgresql92/root/usr/share/pgsql/extension/seg.control", "size_i": "172", "regex": "false"},
	{"name_s": "/opt/rh/postgresql92/root/usr/share/pgsql/extension/sslinfo--1.0.sql", "size_i": "1153", "regex": "false"},
	{"name_s": "/opt/rh/postgresql92/root/usr/share/pgsql/extension/sslinfo--unpackaged--1.0.sql", "size_i": "830", "regex": "false"},
	{"name_s": "/opt/rh/postgresql92/root/usr/share/pgsql/extension/sslinfo.control", "size_i": "146", "regex": "false"},
	{"name_s": "/opt/rh/postgresql92/root/usr/share/pgsql/extension/tablefunc--1.0.sql", "size_i": "2153", "regex": "false"},
	{"name_s": "/opt/rh/postgresql92/root/usr/share/pgsql/extension/tablefunc--unpackaged--1.0.sql", "size_i": "1144", "regex": "false"},
	{"name_s": "/opt/rh/postgresql92/root/usr/share/pgsql/extension/tablefunc.control", "size_i": "174", "regex": "false"},
	{"name_s": "/opt/rh/postgresql92/root/usr/share/pgsql/extension/tcn--1.0.sql", "size_i": "274", "regex": "false"},
	{"name_s": "/opt/rh/postgresql92/root/usr/share/pgsql/extension/tcn.control", "size_i": "134", "regex": "false"},
	{"name_s": "/opt/rh/postgresql92/root/usr/share/pgsql/extension/test_parser--1.0.sql", "size_i": "814", "regex": "false"},
	{"name_s": "/opt/rh/postgresql92/root/usr/share/pgsql/extension/test_parser--unpackaged--1.0.sql", "size_i": "559", "regex": "false"},
	{"name_s": "/opt/rh/postgresql92/root/usr/share/pgsql/extension/test_parser.control", "size_i": "167", "regex": "false"},
	{"name_s": "/opt/rh/postgresql92/root/usr/share/pgsql/extension/timetravel--1.0.sql", "size_i": "486", "regex": "false"},
	{"name_s": "/opt/rh/postgresql92/root/usr/share/pgsql/extension/timetravel--unpackaged--1.0.sql", "size_i": "378", "regex": "false"},
	{"name_s": "/opt/rh/postgresql92/root/usr/share/pgsql/extension/timetravel.control", "size_i": "156", "regex": "false"},
	{"name_s": "/opt/rh/postgresql92/root/usr/share/pgsql/extension/tsearch2--1.0.sql", "size_i": "15712", "regex": "false"},
	{"name_s": "/opt/rh/postgresql92/root/usr/share/pgsql/extension/tsearch2--unpackaged--1.0.sql", "size_i": "9090", "regex": "false"},
	{"name_s": "/opt/rh/postgresql92/root/usr/share/pgsql/extension/tsearch2.control", "size_i": "313", "regex": "false"},
	{"name_s": "/opt/rh/postgresql92/root/usr/share/pgsql/extension/unaccent--1.0.sql", "size_i": "854", "regex": "false"},
	{"name_s": "/opt/rh/postgresql92/root/usr/share/pgsql/extension/unaccent--unpackaged--1.0.sql", "size_i": "750", "regex": "false"},
	{"name_s": "/opt/rh/postgresql92/root/usr/share/pgsql/extension/unaccent.control", "size_i": "157", "regex": "false"},
	{"name_s": "/opt/rh/postgresql92/root/usr/share/pgsql/extension/uuid-ossp--1.0.sql", "size_i": "1376", "regex": "false"},
	{"name_s": "/opt/rh/postgresql92/root/usr/share/pgsql/extension/uuid-ossp--unpackaged--1.0.sql", "size_i": "837", "regex": "false"},
	{"name_s": "/opt/rh/postgresql92/root/usr/share/pgsql/extension/uuid-ossp.control", "size_i": "163", "regex": "false"},
	{"name_s": "/opt/rh/postgresql92/root/usr/share/pgsql/extension/xml2--1.0.sql", "size_i": "1867", "regex": "false"},
	{"name_s": "/opt/rh/postgresql92/root/usr/share/pgsql/extension/xml2--unpackaged--1.0.sql", "size_i": "1325", "regex": "false"},
	{"name_s": "/opt/rh/postgresql92/root/usr/share/pgsql/extension/xml2.control", "size_i": "208", "regex": "false"}
]
