[
	{"name_s": "/usr/share/gtk-doc/html/pygtk", "size_i": "20480", "regex": "false"},
	{"name_s": "/usr/share/gtk-doc/html/pygtk/atk-class-reference.html", "size_i": "7767", "regex": "false"},
	{"name_s": "/usr/share/gtk-doc/html/pygtk/atk-constants.html", "size_i": "44004", "regex": "false"},
	{"name_s": "/usr/share/gtk-doc/html/pygtk/class-atkaction.html", "size_i": "13655", "regex": "false"},
	{"name_s": "/usr/share/gtk-doc/html/pygtk/class-atkcomponent.html", "size_i": "25576", "regex": "false"},
	{"name_s": "/usr/share/gtk-doc/html/pygtk/class-atkdocument.html", "size_i": "3565", "regex": "false"},
	{"name_s": "/usr/share/gtk-doc/html/pygtk/class-atkeditabletext.html", "size_i": "14783", "regex": "false"},
	{"name_s": "/usr/share/gtk-doc/html/pygtk/class-atkgobjectaccessible.html", "size_i": "6857", "regex": "false"},
	{"name_s": "/usr/share/gtk-doc/html/pygtk/class-atkhyperlink.html", "size_i": "16020", "regex": "false"},
	{"name_s": "/usr/share/gtk-doc/html/pygtk/class-atkhypertext.html", "size_i": "10058", "regex": "false"},
	{"name_s": "/usr/share/gtk-doc/html/pygtk/class-atkimage.html", "size_i": "8102", "regex": "false"},
	{"name_s": "/usr/share/gtk-doc/html/pygtk/class-atkimplementor.html", "size_i": "3515", "regex": "false"},
	{"name_s": "/usr/share/gtk-doc/html/pygtk/class-atknoopobject.html", "size_i": "6301", "regex": "false"},
	{"name_s": "/usr/share/gtk-doc/html/pygtk/class-atknoopobjectfactory.html", "size_i": "5121", "regex": "false"},
	{"name_s": "/usr/share/gtk-doc/html/pygtk/class-atkobject.html", "size_i": "45127", "regex": "false"},
	{"name_s": "/usr/share/gtk-doc/html/pygtk/class-atkobjectfactory.html", "size_i": "7214", "regex": "false"},
	{"name_s": "/usr/share/gtk-doc/html/pygtk/class-atkrectangle.html", "size_i": "5967", "regex": "false"},
	{"name_s": "/usr/share/gtk-doc/html/pygtk/class-atkregistry.html", "size_i": "12105", "regex": "false"},
	{"name_s": "/usr/share/gtk-doc/html/pygtk/class-atkrelation.html", "size_i": "13169", "regex": "false"},
	{"name_s": "/usr/share/gtk-doc/html/pygtk/class-atkrelationset.html", "size_i": "12502", "regex": "false"},
	{"name_s": "/usr/share/gtk-doc/html/pygtk/class-atkselection.html", "size_i": "15433", "regex": "false"},
	{"name_s": "/usr/share/gtk-doc/html/pygtk/class-atkstateset.html", "size_i": "21037", "regex": "false"},
	{"name_s": "/usr/share/gtk-doc/html/pygtk/class-atkstreamablecontent.html", "size_i": "5862", "regex": "false"},
	{"name_s": "/usr/share/gtk-doc/html/pygtk/class-atktable.html", "size_i": "62570", "regex": "false"},
	{"name_s": "/usr/share/gtk-doc/html/pygtk/class-atktext.html", "size_i": "62092", "regex": "false"},
	{"name_s": "/usr/share/gtk-doc/html/pygtk/class-atkvalue.html", "size_i": "6822", "regex": "false"},
	{"name_s": "/usr/share/gtk-doc/html/pygtk/class-gdkapplaunchcontext.html", "size_i": "11891", "regex": "false"},
	{"name_s": "/usr/share/gtk-doc/html/pygtk/class-gdkatom.html", "size_i": "9015", "regex": "false"},
	{"name_s": "/usr/share/gtk-doc/html/pygtk/class-gdkcairocontext.html", "size_i": "14562", "regex": "false"},
	{"name_s": "/usr/share/gtk-doc/html/pygtk/class-gdkcolor.html", "size_i": "20337", "regex": "false"},
	{"name_s": "/usr/share/gtk-doc/html/pygtk/class-gdkcolormap.html", "size_i": "23101", "regex": "false"},
	{"name_s": "/usr/share/gtk-doc/html/pygtk/class-gdkcursor.html", "size_i": "27478", "regex": "false"},
	{"name_s": "/usr/share/gtk-doc/html/pygtk/class-gdkdevice.html", "size_i": "28214", "regex": "false"},
	{"name_s": "/usr/share/gtk-doc/html/pygtk/class-gdkdisplay.html", "size_i": "51019", "regex": "false"},
	{"name_s": "/usr/share/gtk-doc/html/pygtk/class-gdkdisplaymanager.html", "size_i": "12778", "regex": "false"},
	{"name_s": "/usr/share/gtk-doc/html/pygtk/class-gdkdragcontext.html", "size_i": "50425", "regex": "false"},
	{"name_s": "/usr/share/gtk-doc/html/pygtk/class-gdkdrawable.html", "size_i": "108994", "regex": "false"},
	{"name_s": "/usr/share/gtk-doc/html/pygtk/class-gdkevent.html", "size_i": "81330", "regex": "false"},
	{"name_s": "/usr/share/gtk-doc/html/pygtk/class-gdkgc.html", "size_i": "71058", "regex": "false"},
	{"name_s": "/usr/share/gtk-doc/html/pygtk/class-gdkimage.html", "size_i": "13319", "regex": "false"},
	{"name_s": "/usr/share/gtk-doc/html/pygtk/class-gdkkeymap.html", "size_i": "41167", "regex": "false"},
	{"name_s": "/usr/share/gtk-doc/html/pygtk/class-gdkpangorenderer.html", "size_i": "22044", "regex": "false"},
	{"name_s": "/usr/share/gtk-doc/html/pygtk/class-gdkpixbuf.html", "size_i": "133568", "regex": "false"},
	{"name_s": "/usr/share/gtk-doc/html/pygtk/class-gdkpixbufanimation.html", "size_i": "14622", "regex": "false"},
	{"name_s": "/usr/share/gtk-doc/html/pygtk/class-gdkpixbufanimationiter.html", "size_i": "14313", "regex": "false"},
	{"name_s": "/usr/share/gtk-doc/html/pygtk/class-gdkpixbufloader.html", "size_i": "33416", "regex": "false"},
	{"name_s": "/usr/share/gtk-doc/html/pygtk/class-gdkpixmap.html", "size_i": "40211", "regex": "false"},
	{"name_s": "/usr/share/gtk-doc/html/pygtk/class-gdkrectangle.html", "size_i": "11809", "regex": "false"},
	{"name_s": "/usr/share/gtk-doc/html/pygtk/class-gdkregion.html", "size_i": "25913", "regex": "false"},
	{"name_s": "/usr/share/gtk-doc/html/pygtk/class-gdkscreen.html", "size_i": "53129", "regex": "false"},
	{"name_s": "/usr/share/gtk-doc/html/pygtk/class-gdkvisual.html", "size_i": "29546", "regex": "false"},
	{"name_s": "/usr/share/gtk-doc/html/pygtk/class-gdkwindow.html", "size_i": "222303", "regex": "false"},
	{"name_s": "/usr/share/gtk-doc/html/pygtk/class-gladexml.html", "size_i": "28641", "regex": "false"},
	{"name_s": "/usr/share/gtk-doc/html/pygtk/class-gtkaboutdialog.html", "size_i": "59027", "regex": "false"},
	{"name_s": "/usr/share/gtk-doc/html/pygtk/class-gtkaccelgroup.html", "size_i": "41157", "regex": "false"},
	{"name_s": "/usr/share/gtk-doc/html/pygtk/class-gtkaccellabel.html", "size_i": "17897", "regex": "false"},
	{"name_s": "/usr/share/gtk-doc/html/pygtk/class-gtkaccelmap.html", "size_i": "35886", "regex": "false"},
	{"name_s": "/usr/share/gtk-doc/html/pygtk/class-gtkaccessible.html", "size_i": "4152", "regex": "false"},
	{"name_s": "/usr/share/gtk-doc/html/pygtk/class-gtkaction.html", "size_i": "77343", "regex": "false"},
	{"name_s": "/usr/share/gtk-doc/html/pygtk/class-gtkactiongroup.html", "size_i": "51690", "regex": "false"},
	{"name_s": "/usr/share/gtk-doc/html/pygtk/class-gtkactivatable.html", "size_i": "22431", "regex": "false"},
	{"name_s": "/usr/share/gtk-doc/html/pygtk/class-gtkadjustment.html", "size_i": "40342", "regex": "false"},
	{"name_s": "/usr/share/gtk-doc/html/pygtk/class-gtkalignment.html", "size_i": "19512", "regex": "false"},
	{"name_s": "/usr/share/gtk-doc/html/pygtk/class-gtkarrow.html", "size_i": "9826", "regex": "false"},
	{"name_s": "/usr/share/gtk-doc/html/pygtk/class-gtkaspectframe.html", "size_i": "16107", "regex": "false"},
	{"name_s": "/usr/share/gtk-doc/html/pygtk/class-gtkassistant.html", "size_i": "55606", "regex": "false"},
	{"name_s": "/usr/share/gtk-doc/html/pygtk/class-gtkbin.html", "size_i": "7089", "regex": "false"},
	{"name_s": "/usr/share/gtk-doc/html/pygtk/class-gtkborder.html", "size_i": "8845", "regex": "false"},
	{"name_s": "/usr/share/gtk-doc/html/pygtk/class-gtkbox.html", "size_i": "34260", "regex": "false"},
	{"name_s": "/usr/share/gtk-doc/html/pygtk/class-gtkbuildable.html", "size_i": "30219", "regex": "false"},
	{"name_s": "/usr/share/gtk-doc/html/pygtk/class-gtkbuilder.html", "size_i": "28164", "regex": "false"},
	{"name_s": "/usr/share/gtk-doc/html/pygtk/class-gtkbutton.html", "size_i": "51948", "regex": "false"},
	{"name_s": "/usr/share/gtk-doc/html/pygtk/class-gtkbuttonbox.html", "size_i": "16285", "regex": "false"},
	{"name_s": "/usr/share/gtk-doc/html/pygtk/class-gtkcalendar.html", "size_i": "46781", "regex": "false"},
	{"name_s": "/usr/share/gtk-doc/html/pygtk/class-gtkcelleditable.html", "size_i": "10321", "regex": "false"},
	{"name_s": "/usr/share/gtk-doc/html/pygtk/class-gtkcelllayout.html", "size_i": "24039", "regex": "false"},
	{"name_s": "/usr/share/gtk-doc/html/pygtk/class-gtkcellrenderer.html", "size_i": "36337", "regex": "false"},
	{"name_s": "/usr/share/gtk-doc/html/pygtk/class-gtkcellrendereraccel.html", "size_i": "14558", "regex": "false"},
	{"name_s": "/usr/share/gtk-doc/html/pygtk/class-gtkcellrenderercombo.html", "size_i": "11983", "regex": "false"},
	{"name_s": "/usr/share/gtk-doc/html/pygtk/class-gtkcellrendererpixbuf.html", "size_i": "8280", "regex": "false"},
	{"name_s": "/usr/share/gtk-doc/html/pygtk/class-gtkcellrendererprogress.html", "size_i": "9346", "regex": "false"},
	{"name_s": "/usr/share/gtk-doc/html/pygtk/class-gtkcellrendererspin.html", "size_i": "8570", "regex": "false"},
	{"name_s": "/usr/share/gtk-doc/html/pygtk/class-gtkcellrenderertext.html", "size_i": "21333", "regex": "false"},
	{"name_s": "/usr/share/gtk-doc/html/pygtk/class-gtkcellrenderertoggle.html", "size_i": "15272", "regex": "false"},
	{"name_s": "/usr/share/gtk-doc/html/pygtk/class-gtkcellview.html", "size_i": "24129", "regex": "false"},
	{"name_s": "/usr/share/gtk-doc/html/pygtk/class-gtkcheckbutton.html", "size_i": "9798", "regex": "false"},
	{"name_s": "/usr/share/gtk-doc/html/pygtk/class-gtkcheckmenuitem.html", "size_i": "21687", "regex": "false"},
	{"name_s": "/usr/share/gtk-doc/html/pygtk/class-gtkclipboard.html", "size_i": "65491", "regex": "false"},
	{"name_s": "/usr/share/gtk-doc/html/pygtk/class-gtkcolorbutton.html", "size_i": "23024", "regex": "false"},
	{"name_s": "/usr/share/gtk-doc/html/pygtk/class-gtkcolorselection.html", "size_i": "31380", "regex": "false"},
	{"name_s": "/usr/share/gtk-doc/html/pygtk/class-gtkcolorselectiondialog.html", "size_i": "10792", "regex": "false"},
	{"name_s": "/usr/share/gtk-doc/html/pygtk/class-gtkcombo.html", "size_i": "20189", "regex": "false"},
	{"name_s": "/usr/share/gtk-doc/html/pygtk/class-gtkcombobox.html", "size_i": "71361", "regex": "false"},
	{"name_s": "/usr/share/gtk-doc/html/pygtk/class-gtkcomboboxentry.html", "size_i": "20886", "regex": "false"},
	{"name_s": "/usr/share/gtk-doc/html/pygtk/class-gtkcontainer.html", "size_i": "80646", "regex": "false"},
	{"name_s": "/usr/share/gtk-doc/html/pygtk/class-gtkcurve.html", "size_i": "19154", "regex": "false"},
	{"name_s": "/usr/share/gtk-doc/html/pygtk/class-gtkdialog.html", "size_i": "46349", "regex": "false"},
	{"name_s": "/usr/share/gtk-doc/html/pygtk/class-gtkdrawingarea.html", "size_i": "8935", "regex": "false"},
	{"name_s": "/usr/share/gtk-doc/html/pygtk/class-gtkeditable.html", "size_i": "28035", "regex": "false"},
	{"name_s": "/usr/share/gtk-doc/html/pygtk/class-gtkentry.html", "size_i": "89833", "regex": "false"},
	{"name_s": "/usr/share/gtk-doc/html/pygtk/class-gtkentrycompletion.html", "size_i": "62848", "regex": "false"},
	{"name_s": "/usr/share/gtk-doc/html/pygtk/class-gtkeventbox.html", "size_i": "15033", "regex": "false"},
	{"name_s": "/usr/share/gtk-doc/html/pygtk/class-gtkexpander.html", "size_i": "33196", "regex": "false"},
	{"name_s": "/usr/share/gtk-doc/html/pygtk/class-gtkfilechooser.html", "size_i": "127801", "regex": "false"},
	{"name_s": "/usr/share/gtk-doc/html/pygtk/class-gtkfilechooserbutton.html", "size_i": "26276", "regex": "false"},
	{"name_s": "/usr/share/gtk-doc/html/pygtk/class-gtkfilechooserdialog.html", "size_i": "12418", "regex": "false"},
	{"name_s": "/usr/share/gtk-doc/html/pygtk/class-gtkfilechooserwidget.html", "size_i": "9672", "regex": "false"},
	{"name_s": "/usr/share/gtk-doc/html/pygtk/class-gtkfilefilter.html", "size_i": "24314", "regex": "false"},
	{"name_s": "/usr/share/gtk-doc/html/pygtk/class-gtkfileselection.html", "size_i": "24626", "regex": "false"},
	{"name_s": "/usr/share/gtk-doc/html/pygtk/class-gtkfixed.html", "size_i": "15539", "regex": "false"},
	{"name_s": "/usr/share/gtk-doc/html/pygtk/class-gtkfontbutton.html", "size_i": "28192", "regex": "false"},
	{"name_s": "/usr/share/gtk-doc/html/pygtk/class-gtkfontselection.html", "size_i": "24419", "regex": "false"},
	{"name_s": "/usr/share/gtk-doc/html/pygtk/class-gtkfontselectiondialog.html", "size_i": "19979", "regex": "false"},
	{"name_s": "/usr/share/gtk-doc/html/pygtk/class-gtkframe.html", "size_i": "19061", "regex": "false"},
	{"name_s": "/usr/share/gtk-doc/html/pygtk/class-gtkgammacurve.html", "size_i": "9137", "regex": "false"},
	{"name_s": "/usr/share/gtk-doc/html/pygtk/class-gtkhandlebox.html", "size_i": "24369", "regex": "false"},
	{"name_s": "/usr/share/gtk-doc/html/pygtk/class-gtkhbox.html", "size_i": "7318", "regex": "false"},
	{"name_s": "/usr/share/gtk-doc/html/pygtk/class-gtkhbuttonbox.html", "size_i": "8123", "regex": "false"},
	{"name_s": "/usr/share/gtk-doc/html/pygtk/class-gtkhpaned.html", "size_i": "6732", "regex": "false"},
	{"name_s": "/usr/share/gtk-doc/html/pygtk/class-gtkhruler.html", "size_i": "6494", "regex": "false"},
	{"name_s": "/usr/share/gtk-doc/html/pygtk/class-gtkhscale.html", "size_i": "7642", "regex": "false"},
	{"name_s": "/usr/share/gtk-doc/html/pygtk/class-gtkhscrollbar.html", "size_i": "7815", "regex": "false"},
	{"name_s": "/usr/share/gtk-doc/html/pygtk/class-gtkhseparator.html", "size_i": "6250", "regex": "false"},
	{"name_s": "/usr/share/gtk-doc/html/pygtk/class-gtkiconfactory.html", "size_i": "13989", "regex": "false"},
	{"name_s": "/usr/share/gtk-doc/html/pygtk/class-gtkiconinfo.html", "size_i": "21803", "regex": "false"},
	{"name_s": "/usr/share/gtk-doc/html/pygtk/class-gtkiconset.html", "size_i": "14589", "regex": "false"},
	{"name_s": "/usr/share/gtk-doc/html/pygtk/class-gtkiconsource.html", "size_i": "44483", "regex": "false"},
	{"name_s": "/usr/share/gtk-doc/html/pygtk/class-gtkicontheme.html", "size_i": "51583", "regex": "false"},
	{"name_s": "/usr/share/gtk-doc/html/pygtk/class-gtkiconview.html", "size_i": "121145", "regex": "false"},
	{"name_s": "/usr/share/gtk-doc/html/pygtk/class-gtkimage.html", "size_i": "69606", "regex": "false"},
	{"name_s": "/usr/share/gtk-doc/html/pygtk/class-gtkimagemenuitem.html", "size_i": "11516", "regex": "false"},
	{"name_s": "/usr/share/gtk-doc/html/pygtk/class-gtkimcontext.html", "size_i": "34077", "regex": "false"},
	{"name_s": "/usr/share/gtk-doc/html/pygtk/class-gtkimcontextsimple.html", "size_i": "4943", "regex": "false"},
	{"name_s": "/usr/share/gtk-doc/html/pygtk/class-gtkimmulticontext.html", "size_i": "6422", "regex": "false"},
	{"name_s": "/usr/share/gtk-doc/html/pygtk/class-gtkinputdialog.html", "size_i": "13206", "regex": "false"},
	{"name_s": "/usr/share/gtk-doc/html/pygtk/class-gtkinvisible.html", "size_i": "8859", "regex": "false"},
	{"name_s": "/usr/share/gtk-doc/html/pygtk/class-gtkitem.html", "size_i": "12679", "regex": "false"},
	{"name_s": "/usr/share/gtk-doc/html/pygtk/class-gtkitemfactory.html", "size_i": "29419", "regex": "false"},
	{"name_s": "/usr/share/gtk-doc/html/pygtk/class-gtklabel.html", "size_i": "79255", "regex": "false"},
	{"name_s": "/usr/share/gtk-doc/html/pygtk/class-gtklayout.html", "size_i": "27974", "regex": "false"},
	{"name_s": "/usr/share/gtk-doc/html/pygtk/class-gtklinkbutton.html", "size_i": "18217", "regex": "false"},
	{"name_s": "/usr/share/gtk-doc/html/pygtk/class-gtkliststore.html", "size_i": "43149", "regex": "false"},
	{"name_s": "/usr/share/gtk-doc/html/pygtk/class-gtkmenu.html", "size_i": "49885", "regex": "false"},
	{"name_s": "/usr/share/gtk-doc/html/pygtk/class-gtkmenubar.html", "size_i": "14254", "regex": "false"},
	{"name_s": "/usr/share/gtk-doc/html/pygtk/class-gtkmenuitem.html", "size_i": "32869", "regex": "false"},
	{"name_s": "/usr/share/gtk-doc/html/pygtk/class-gtkmenushell.html", "size_i": "39015", "regex": "false"},
	{"name_s": "/usr/share/gtk-doc/html/pygtk/class-gtkmenutoolbutton.html", "size_i": "22424", "regex": "false"},
	{"name_s": "/usr/share/gtk-doc/html/pygtk/class-gtkmessagedialog.html", "size_i": "24326", "regex": "false"},
	{"name_s": "/usr/share/gtk-doc/html/pygtk/class-gtkmisc.html", "size_i": "11678", "regex": "false"},
	{"name_s": "/usr/share/gtk-doc/html/pygtk/class-gtkmountoperation.html", "size_i": "15930", "regex": "false"},
	{"name_s": "/usr/share/gtk-doc/html/pygtk/class-gtknotebook.html", "size_i": "120409", "regex": "false"},
	{"name_s": "/usr/share/gtk-doc/html/pygtk/class-gtkobject.html", "size_i": "29574", "regex": "false"},
	{"name_s": "/usr/share/gtk-doc/html/pygtk/class-gtkoptionmenu.html", "size_i": "16929", "regex": "false"},
	{"name_s": "/usr/share/gtk-doc/html/pygtk/class-gtkpagesetup.html", "size_i": "43597", "regex": "false"},
	{"name_s": "/usr/share/gtk-doc/html/pygtk/class-gtkpagesetupunixdialog.html", "size_i": "14895", "regex": "false"},
	{"name_s": "/usr/share/gtk-doc/html/pygtk/class-gtkpaned.html", "size_i": "43637", "regex": "false"},
	{"name_s": "/usr/share/gtk-doc/html/pygtk/class-gtkpapersize.html", "size_i": "32423", "regex": "false"},
	{"name_s": "/usr/share/gtk-doc/html/pygtk/class-gtkplug.html", "size_i": "17791", "regex": "false"},
	{"name_s": "/usr/share/gtk-doc/html/pygtk/class-gtkprintcontext.html", "size_i": "18848", "regex": "false"},
	{"name_s": "/usr/share/gtk-doc/html/pygtk/class-gtkprinter.html", "size_i": "30549", "regex": "false"},
	{"name_s": "/usr/share/gtk-doc/html/pygtk/class-gtkprintjob.html", "size_i": "24658", "regex": "false"},
	{"name_s": "/usr/share/gtk-doc/html/pygtk/class-gtkprintoperation.html", "size_i": "86706", "regex": "false"},
	{"name_s": "/usr/share/gtk-doc/html/pygtk/class-gtkprintoperationpreview.html", "size_i": "11981", "regex": "false"},
	{"name_s": "/usr/share/gtk-doc/html/pygtk/class-gtkprintsettings.html", "size_i": "92786", "regex": "false"},
	{"name_s": "/usr/share/gtk-doc/html/pygtk/class-gtkprintunixdialog.html", "size_i": "24280", "regex": "false"},
	{"name_s": "/usr/share/gtk-doc/html/pygtk/class-gtkprogressbar.html", "size_i": "25540", "regex": "false"},
	{"name_s": "/usr/share/gtk-doc/html/pygtk/class-gtkradioaction.html", "size_i": "17528", "regex": "false"},
	{"name_s": "/usr/share/gtk-doc/html/pygtk/class-gtkradiobutton.html", "size_i": "17809", "regex": "false"},
	{"name_s": "/usr/share/gtk-doc/html/pygtk/class-gtkradiomenuitem.html", "size_i": "16196", "regex": "false"},
	{"name_s": "/usr/share/gtk-doc/html/pygtk/class-gtkradiotoolbutton.html", "size_i": "13736", "regex": "false"},
	{"name_s": "/usr/share/gtk-doc/html/pygtk/class-gtkrange.html", "size_i": "45441", "regex": "false"},
	{"name_s": "/usr/share/gtk-doc/html/pygtk/class-gtkrcstyle.html", "size_i": "45745", "regex": "false"},
	{"name_s": "/usr/share/gtk-doc/html/pygtk/class-gtkrecentaction.html", "size_i": "14246", "regex": "false"},
	{"name_s": "/usr/share/gtk-doc/html/pygtk/class-gtkrecentchooser.html", "size_i": "56436", "regex": "false"},
	{"name_s": "/usr/share/gtk-doc/html/pygtk/class-gtkrecentchooserdialog.html", "size_i": "13795", "regex": "false"},
	{"name_s": "/usr/share/gtk-doc/html/pygtk/class-gtkrecentchoosermenu.html", "size_i": "13712", "regex": "false"},
	{"name_s": "/usr/share/gtk-doc/html/pygtk/class-gtkrecentchooserwidget.html", "size_i": "9406", "regex": "false"},
	{"name_s": "/usr/share/gtk-doc/html/pygtk/class-gtkrecentfilter.html", "size_i": "25203", "regex": "false"},
	{"name_s": "/usr/share/gtk-doc/html/pygtk/class-gtkrecentinfo.html", "size_i": "28250", "regex": "false"},
	{"name_s": "/usr/share/gtk-doc/html/pygtk/class-gtkrecentmanager.html", "size_i": "32868", "regex": "false"},
	{"name_s": "/usr/share/gtk-doc/html/pygtk/class-gtkrequisition.html", "size_i": "6005", "regex": "false"},
	{"name_s": "/usr/share/gtk-doc/html/pygtk/class-gtkruler.html", "size_i": "14555", "regex": "false"},
	{"name_s": "/usr/share/gtk-doc/html/pygtk/class-gtkscale.html", "size_i": "20890", "regex": "false"},
	{"name_s": "/usr/share/gtk-doc/html/pygtk/class-gtkscalebutton.html", "size_i": "34090", "regex": "false"},
	{"name_s": "/usr/share/gtk-doc/html/pygtk/class-gtkscrollbar.html", "size_i": "8094", "regex": "false"},
	{"name_s": "/usr/share/gtk-doc/html/pygtk/class-gtkscrolledwindow.html", "size_i": "45578", "regex": "false"},
	{"name_s": "/usr/share/gtk-doc/html/pygtk/class-gtkselectiondata.html", "size_i": "55084", "regex": "false"},
	{"name_s": "/usr/share/gtk-doc/html/pygtk/class-gtkseparator.html", "size_i": "4818", "regex": "false"},
	{"name_s": "/usr/share/gtk-doc/html/pygtk/class-gtkseparatormenuitem.html", "size_i": "6916", "regex": "false"},
	{"name_s": "/usr/share/gtk-doc/html/pygtk/class-gtkseparatortoolitem.html", "size_i": "12126", "regex": "false"},
	{"name_s": "/usr/share/gtk-doc/html/pygtk/class-gtksettings.html", "size_i": "34812", "regex": "false"},
	{"name_s": "/usr/share/gtk-doc/html/pygtk/class-gtksizegroup.html", "size_i": "16863", "regex": "false"},
	{"name_s": "/usr/share/gtk-doc/html/pygtk/class-gtksocket.html", "size_i": "17243", "regex": "false"},
	{"name_s": "/usr/share/gtk-doc/html/pygtk/class-gtkspinbutton.html", "size_i": "56361", "regex": "false"},
	{"name_s": "/usr/share/gtk-doc/html/pygtk/class-gtkstatusbar.html", "size_i": "24748", "regex": "false"},
	{"name_s": "/usr/share/gtk-doc/html/pygtk/class-gtkstatusicon.html", "size_i": "58727", "regex": "false"},
	{"name_s": "/usr/share/gtk-doc/html/pygtk/class-gtkstyle.html", "size_i": "140240", "regex": "false"},
	{"name_s": "/usr/share/gtk-doc/html/pygtk/class-gtktable.html", "size_i": "34101", "regex": "false"},
	{"name_s": "/usr/share/gtk-doc/html/pygtk/class-gtktearoffmenuitem.html", "size_i": "7568", "regex": "false"},
	{"name_s": "/usr/share/gtk-doc/html/pygtk/class-gtktextattributes.html", "size_i": "13486", "regex": "false"},
	{"name_s": "/usr/share/gtk-doc/html/pygtk/class-gtktextbuffer.html", "size_i": "198763", "regex": "false"},
	{"name_s": "/usr/share/gtk-doc/html/pygtk/class-gtktextchildanchor.html", "size_i": "7596", "regex": "false"},
	{"name_s": "/usr/share/gtk-doc/html/pygtk/class-gtktextiter.html", "size_i": "144699", "regex": "false"},
	{"name_s": "/usr/share/gtk-doc/html/pygtk/class-gtktextmark.html", "size_i": "11334", "regex": "false"},
	{"name_s": "/usr/share/gtk-doc/html/pygtk/class-gtktexttag.html", "size_i": "30229", "regex": "false"},
	{"name_s": "/usr/share/gtk-doc/html/pygtk/class-gtktexttagtable.html", "size_i": "21899", "regex": "false"},
	{"name_s": "/usr/share/gtk-doc/html/pygtk/class-gtktextview.html", "size_i": "156762", "regex": "false"},
	{"name_s": "/usr/share/gtk-doc/html/pygtk/class-gtktoggleaction.html", "size_i": "16589", "regex": "false"},
	{"name_s": "/usr/share/gtk-doc/html/pygtk/class-gtktogglebutton.html", "size_i": "22585", "regex": "false"},
	{"name_s": "/usr/share/gtk-doc/html/pygtk/class-gtktoggletoolbutton.html", "size_i": "14309", "regex": "false"},
	{"name_s": "/usr/share/gtk-doc/html/pygtk/class-gtktoolbar.html", "size_i": "119470", "regex": "false"},
	{"name_s": "/usr/share/gtk-doc/html/pygtk/class-gtktoolbutton.html", "size_i": "35631", "regex": "false"},
	{"name_s": "/usr/share/gtk-doc/html/pygtk/class-gtktoolitem.html", "size_i": "61396", "regex": "false"},
	{"name_s": "/usr/share/gtk-doc/html/pygtk/class-gtktoolshell.html", "size_i": "10670", "regex": "false"},
	{"name_s": "/usr/share/gtk-doc/html/pygtk/class-gtktooltip.html", "size_i": "19683", "regex": "false"},
	{"name_s": "/usr/share/gtk-doc/html/pygtk/class-gtktooltips.html", "size_i": "15726", "regex": "false"},
	{"name_s": "/usr/share/gtk-doc/html/pygtk/class-gtktreedragdest.html", "size_i": "7389", "regex": "false"},
	{"name_s": "/usr/share/gtk-doc/html/pygtk/class-gtktreedragsource.html", "size_i": "8507", "regex": "false"},
	{"name_s": "/usr/share/gtk-doc/html/pygtk/class-gtktreeiter.html", "size_i": "6688", "regex": "false"},
	{"name_s": "/usr/share/gtk-doc/html/pygtk/class-gtktreemodel.html", "size_i": "74989", "regex": "false"},
	{"name_s": "/usr/share/gtk-doc/html/pygtk/class-gtktreemodelfilter.html", "size_i": "28508", "regex": "false"},
	{"name_s": "/usr/share/gtk-doc/html/pygtk/class-gtktreemodelsort.html", "size_i": "21190", "regex": "false"},
	{"name_s": "/usr/share/gtk-doc/html/pygtk/class-gtktreerowreference.html", "size_i": "11415", "regex": "false"},
	{"name_s": "/usr/share/gtk-doc/html/pygtk/class-gtktreeselection.html", "size_i": "39472", "regex": "false"},
	{"name_s": "/usr/share/gtk-doc/html/pygtk/class-gtktreesortable.html", "size_i": "21299", "regex": "false"},
	{"name_s": "/usr/share/gtk-doc/html/pygtk/class-gtktreestore.html", "size_i": "43963", "regex": "false"},
	{"name_s": "/usr/share/gtk-doc/html/pygtk/class-gtktreeview.html", "size_i": "222812", "regex": "false"},
	{"name_s": "/usr/share/gtk-doc/html/pygtk/class-gtktreeviewcolumn.html", "size_i": "88208", "regex": "false"},
	{"name_s": "/usr/share/gtk-doc/html/pygtk/class-gtkuimanager.html", "size_i": "58744", "regex": "false"},
	{"name_s": "/usr/share/gtk-doc/html/pygtk/class-gtkvbox.html", "size_i": "7697", "regex": "false"},
	{"name_s": "/usr/share/gtk-doc/html/pygtk/class-gtkvbuttonbox.html", "size_i": "9037", "regex": "false"},
	{"name_s": "/usr/share/gtk-doc/html/pygtk/class-gtkviewport.html", "size_i": "20163", "regex": "false"},
	{"name_s": "/usr/share/gtk-doc/html/pygtk/class-gtkvolumebutton.html", "size_i": "7455", "regex": "false"},
	{"name_s": "/usr/share/gtk-doc/html/pygtk/class-gtkvpaned.html", "size_i": "6857", "regex": "false"},
	{"name_s": "/usr/share/gtk-doc/html/pygtk/class-gtkvruler.html", "size_i": "6592", "regex": "false"},
	{"name_s": "/usr/share/gtk-doc/html/pygtk/class-gtkvscale.html", "size_i": "7782", "regex": "false"},
	{"name_s": "/usr/share/gtk-doc/html/pygtk/class-gtkvscrollbar.html", "size_i": "7980", "regex": "false"},
	{"name_s": "/usr/share/gtk-doc/html/pygtk/class-gtkvseparator.html", "size_i": "5748", "regex": "false"},
	{"name_s": "/usr/share/gtk-doc/html/pygtk/class-gtkwidget.html", "size_i": "495361", "regex": "false"},
	{"name_s": "/usr/share/gtk-doc/html/pygtk/class-gtkwindow.html", "size_i": "204117", "regex": "false"},
	{"name_s": "/usr/share/gtk-doc/html/pygtk/class-gtkwindowgroup.html", "size_i": "7277", "regex": "false"},
	{"name_s": "/usr/share/gtk-doc/html/pygtk/class-hierarchy.html", "size_i": "24432", "regex": "false"},
	{"name_s": "/usr/share/gtk-doc/html/pygtk/class-pangoattribute.html", "size_i": "72971", "regex": "false"},
	{"name_s": "/usr/share/gtk-doc/html/pygtk/class-pangoattriterator.html", "size_i": "12939", "regex": "false"},
	{"name_s": "/usr/share/gtk-doc/html/pygtk/class-pangoattrlist.html", "size_i": "20125", "regex": "false"},
	{"name_s": "/usr/share/gtk-doc/html/pygtk/class-pangocairocairocontext.html", "size_i": "24084", "regex": "false"},
	{"name_s": "/usr/share/gtk-doc/html/pygtk/class-pangocairocairofontmap.html", "size_i": "11054", "regex": "false"},
	{"name_s": "/usr/share/gtk-doc/html/pygtk/class-pangocolor.html", "size_i": "5414", "regex": "false"},
	{"name_s": "/usr/share/gtk-doc/html/pygtk/class-pangocontext.html", "size_i": "25929", "regex": "false"},
	{"name_s": "/usr/share/gtk-doc/html/pygtk/class-pangofont.html", "size_i": "16436", "regex": "false"},
	{"name_s": "/usr/share/gtk-doc/html/pygtk/class-pangofontdescription.html", "size_i": "48938", "regex": "false"},
	{"name_s": "/usr/share/gtk-doc/html/pygtk/class-pangofontface.html", "size_i": "6921", "regex": "false"},
	{"name_s": "/usr/share/gtk-doc/html/pygtk/class-pangofontfamily.html", "size_i": "8114", "regex": "false"},
	{"name_s": "/usr/share/gtk-doc/html/pygtk/class-pangofontmap.html", "size_i": "13153", "regex": "false"},
	{"name_s": "/usr/share/gtk-doc/html/pygtk/class-pangofontmetrics.html", "size_i": "8826", "regex": "false"},
	{"name_s": "/usr/share/gtk-doc/html/pygtk/class-pangofontset.html", "size_i": "8793", "regex": "false"},
	{"name_s": "/usr/share/gtk-doc/html/pygtk/class-pangofontsetsimple.html", "size_i": "7847", "regex": "false"},
	{"name_s": "/usr/share/gtk-doc/html/pygtk/class-pangoglyphstring.html", "size_i": "12782", "regex": "false"},
	{"name_s": "/usr/share/gtk-doc/html/pygtk/class-pangolanguage.html", "size_i": "13288", "regex": "false"},
	{"name_s": "/usr/share/gtk-doc/html/pygtk/class-pangolayout.html", "size_i": "59648", "regex": "false"},
	{"name_s": "/usr/share/gtk-doc/html/pygtk/class-pangolayoutiter.html", "size_i": "21087", "regex": "false"},
	{"name_s": "/usr/share/gtk-doc/html/pygtk/class-pangolayoutline.html", "size_i": "11965", "regex": "false"},
	{"name_s": "/usr/share/gtk-doc/html/pygtk/class-pangorenderer.html", "size_i": "31346", "regex": "false"},
	{"name_s": "/usr/share/gtk-doc/html/pygtk/class-pangotabarray.html", "size_i": "13451", "regex": "false"},
	{"name_s": "/usr/share/gtk-doc/html/pygtk/class-pygtkgenericcellrenderer.html", "size_i": "7778", "regex": "false"},
	{"name_s": "/usr/share/gtk-doc/html/pygtk/class-pygtkgenerictreemodel.html", "size_i": "19801", "regex": "false"},
	{"name_s": "/usr/share/gtk-doc/html/pygtk/class-pygtktreemodelrow.html", "size_i": "7980", "regex": "false"},
	{"name_s": "/usr/share/gtk-doc/html/pygtk/class-pygtktreemodelrowiter.html", "size_i": "6057", "regex": "false"},
	{"name_s": "/usr/share/gtk-doc/html/pygtk/cursors", "size_i": "4096", "regex": "false"},
	{"name_s": "/usr/share/gtk-doc/html/pygtk/cursors/X_cursor.png", "size_i": "187", "regex": "false"},
	{"name_s": "/usr/share/gtk-doc/html/pygtk/cursors/arrow.png", "size_i": "185", "regex": "false"},
	{"name_s": "/usr/share/gtk-doc/html/pygtk/cursors/based_arrow_down.png", "size_i": "157", "regex": "false"},
	{"name_s": "/usr/share/gtk-doc/html/pygtk/cursors/based_arrow_up.png", "size_i": "152", "regex": "false"},
	{"name_s": "/usr/share/gtk-doc/html/pygtk/cursors/boat.png", "size_i": "154", "regex": "false"},
	{"name_s": "/usr/share/gtk-doc/html/pygtk/cursors/bogosity.png", "size_i": "197", "regex": "false"},
	{"name_s": "/usr/share/gtk-doc/html/pygtk/cursors/bottom_left_corner.png", "size_i": "184", "regex": "false"},
	{"name_s": "/usr/share/gtk-doc/html/pygtk/cursors/bottom_right_corner.png", "size_i": "180", "regex": "false"},
	{"name_s": "/usr/share/gtk-doc/html/pygtk/cursors/bottom_side.png", "size_i": "170", "regex": "false"},
	{"name_s": "/usr/share/gtk-doc/html/pygtk/cursors/bottom_tee.png", "size_i": "139", "regex": "false"},
	{"name_s": "/usr/share/gtk-doc/html/pygtk/cursors/box_spiral.png", "size_i": "168", "regex": "false"},
	{"name_s": "/usr/share/gtk-doc/html/pygtk/cursors/center_ptr.png", "size_i": "176", "regex": "false"},
	{"name_s": "/usr/share/gtk-doc/html/pygtk/cursors/circle.png", "size_i": "188", "regex": "false"},
	{"name_s": "/usr/share/gtk-doc/html/pygtk/cursors/clock.png", "size_i": "215", "regex": "false"},
	{"name_s": "/usr/share/gtk-doc/html/pygtk/cursors/coffee_mug.png", "size_i": "194", "regex": "false"},
	{"name_s": "/usr/share/gtk-doc/html/pygtk/cursors/cross.png", "size_i": "159", "regex": "false"},
	{"name_s": "/usr/share/gtk-doc/html/pygtk/cursors/cross_reverse.png", "size_i": "189", "regex": "false"},
	{"name_s": "/usr/share/gtk-doc/html/pygtk/cursors/crosshair.png", "size_i": "140", "regex": "false"},
	{"name_s": "/usr/share/gtk-doc/html/pygtk/cursors/diamond_cross.png", "size_i": "196", "regex": "false"},
	{"name_s": "/usr/share/gtk-doc/html/pygtk/cursors/dot.png", "size_i": "152", "regex": "false"},
	{"name_s": "/usr/share/gtk-doc/html/pygtk/cursors/dotbox.png", "size_i": "156", "regex": "false"},
	{"name_s": "/usr/share/gtk-doc/html/pygtk/cursors/double_arrow.png", "size_i": "174", "regex": "false"},
	{"name_s": "/usr/share/gtk-doc/html/pygtk/cursors/draft_large.png", "size_i": "185", "regex": "false"},
	{"name_s": "/usr/share/gtk-doc/html/pygtk/cursors/draft_small.png", "size_i": "161", "regex": "false"},
	{"name_s": "/usr/share/gtk-doc/html/pygtk/cursors/draped_box.png", "size_i": "196", "regex": "false"},
	{"name_s": "/usr/share/gtk-doc/html/pygtk/cursors/exchange.png", "size_i": "215", "regex": "false"},
	{"name_s": "/usr/share/gtk-doc/html/pygtk/cursors/fleur.png", "size_i": "177", "regex": "false"},
	{"name_s": "/usr/share/gtk-doc/html/pygtk/cursors/gobbler.png", "size_i": "202", "regex": "false"},
	{"name_s": "/usr/share/gtk-doc/html/pygtk/cursors/gumby.png", "size_i": "212", "regex": "false"},
	{"name_s": "/usr/share/gtk-doc/html/pygtk/cursors/hand1.png", "size_i": "178", "regex": "false"},
	{"name_s": "/usr/share/gtk-doc/html/pygtk/cursors/hand2.png", "size_i": "205", "regex": "false"},
	{"name_s": "/usr/share/gtk-doc/html/pygtk/cursors/heart.png", "size_i": "174", "regex": "false"},
	{"name_s": "/usr/share/gtk-doc/html/pygtk/cursors/icon.png", "size_i": "156", "regex": "false"},
	{"name_s": "/usr/share/gtk-doc/html/pygtk/cursors/iron_cross.png", "size_i": "196", "regex": "false"},
	{"name_s": "/usr/share/gtk-doc/html/pygtk/cursors/left_ptr.png", "size_i": "165", "regex": "false"},
	{"name_s": "/usr/share/gtk-doc/html/pygtk/cursors/left_side.png", "size_i": "175", "regex": "false"},
	{"name_s": "/usr/share/gtk-doc/html/pygtk/cursors/left_tee.png", "size_i": "140", "regex": "false"},
	{"name_s": "/usr/share/gtk-doc/html/pygtk/cursors/leftbutton.png", "size_i": "152", "regex": "false"},
	{"name_s": "/usr/share/gtk-doc/html/pygtk/cursors/ll_angle.png", "size_i": "129", "regex": "false"},
	{"name_s": "/usr/share/gtk-doc/html/pygtk/cursors/lr_angle.png", "size_i": "125", "regex": "false"},
	{"name_s": "/usr/share/gtk-doc/html/pygtk/cursors/man.png", "size_i": "229", "regex": "false"},
	{"name_s": "/usr/share/gtk-doc/html/pygtk/cursors/middlebutton.png", "size_i": "151", "regex": "false"},
	{"name_s": "/usr/share/gtk-doc/html/pygtk/cursors/mouse.png", "size_i": "195", "regex": "false"},
	{"name_s": "/usr/share/gtk-doc/html/pygtk/cursors/pencil.png", "size_i": "184", "regex": "false"},
	{"name_s": "/usr/share/gtk-doc/html/pygtk/cursors/pirate.png", "size_i": "199", "regex": "false"},
	{"name_s": "/usr/share/gtk-doc/html/pygtk/cursors/plus.png", "size_i": "147", "regex": "false"},
	{"name_s": "/usr/share/gtk-doc/html/pygtk/cursors/question_arrow.png", "size_i": "179", "regex": "false"},
	{"name_s": "/usr/share/gtk-doc/html/pygtk/cursors/right_ptr.png", "size_i": "167", "regex": "false"},
	{"name_s": "/usr/share/gtk-doc/html/pygtk/cursors/right_side.png", "size_i": "178", "regex": "false"},
	{"name_s": "/usr/share/gtk-doc/html/pygtk/cursors/right_tee.png", "size_i": "141", "regex": "false"},
	{"name_s": "/usr/share/gtk-doc/html/pygtk/cursors/rightbutton.png", "size_i": "153", "regex": "false"},
	{"name_s": "/usr/share/gtk-doc/html/pygtk/cursors/rtl_logo.png", "size_i": "183", "regex": "false"},
	{"name_s": "/usr/share/gtk-doc/html/pygtk/cursors/sailboat.png", "size_i": "171", "regex": "false"},
	{"name_s": "/usr/share/gtk-doc/html/pygtk/cursors/sb_down_arrow.png", "size_i": "141", "regex": "false"},
	{"name_s": "/usr/share/gtk-doc/html/pygtk/cursors/sb_h_double_arrow.png", "size_i": "152", "regex": "false"},
	{"name_s": "/usr/share/gtk-doc/html/pygtk/cursors/sb_left_arrow.png", "size_i": "133", "regex": "false"},
	{"name_s": "/usr/share/gtk-doc/html/pygtk/cursors/sb_right_arrow.png", "size_i": "143", "regex": "false"},
	{"name_s": "/usr/share/gtk-doc/html/pygtk/cursors/sb_up_arrow.png", "size_i": "141", "regex": "false"},
	{"name_s": "/usr/share/gtk-doc/html/pygtk/cursors/sb_v_double_arrow.png", "size_i": "153", "regex": "false"},
	{"name_s": "/usr/share/gtk-doc/html/pygtk/cursors/shuttle.png", "size_i": "175", "regex": "false"},
	{"name_s": "/usr/share/gtk-doc/html/pygtk/cursors/sizing.png", "size_i": "180", "regex": "false"},
	{"name_s": "/usr/share/gtk-doc/html/pygtk/cursors/spider.png", "size_i": "203", "regex": "false"},
	{"name_s": "/usr/share/gtk-doc/html/pygtk/cursors/spraycan.png", "size_i": "176", "regex": "false"},
	{"name_s": "/usr/share/gtk-doc/html/pygtk/cursors/star.png", "size_i": "201", "regex": "false"},
	{"name_s": "/usr/share/gtk-doc/html/pygtk/cursors/target.png", "size_i": "178", "regex": "false"},
	{"name_s": "/usr/share/gtk-doc/html/pygtk/cursors/tcross.png", "size_i": "150", "regex": "false"},
	{"name_s": "/usr/share/gtk-doc/html/pygtk/cursors/top_left_arrow.png", "size_i": "195", "regex": "false"},
	{"name_s": "/usr/share/gtk-doc/html/pygtk/cursors/top_left_corner.png", "size_i": "178", "regex": "false"},
	{"name_s": "/usr/share/gtk-doc/html/pygtk/cursors/top_right_corner.png", "size_i": "184", "regex": "false"},
	{"name_s": "/usr/share/gtk-doc/html/pygtk/cursors/top_side.png", "size_i": "170", "regex": "false"},
	{"name_s": "/usr/share/gtk-doc/html/pygtk/cursors/top_tee.png", "size_i": "136", "regex": "false"},
	{"name_s": "/usr/share/gtk-doc/html/pygtk/cursors/trek.png", "size_i": "166", "regex": "false"},
	{"name_s": "/usr/share/gtk-doc/html/pygtk/cursors/ul_angle.png", "size_i": "127", "regex": "false"},
	{"name_s": "/usr/share/gtk-doc/html/pygtk/cursors/umbrella.png", "size_i": "195", "regex": "false"},
	{"name_s": "/usr/share/gtk-doc/html/pygtk/cursors/ur_angle.png", "size_i": "130", "regex": "false"},
	{"name_s": "/usr/share/gtk-doc/html/pygtk/cursors/watch.png", "size_i": "179", "regex": "false"},
	{"name_s": "/usr/share/gtk-doc/html/pygtk/cursors/xterm.png", "size_i": "153", "regex": "false"},
	{"name_s": "/usr/share/gtk-doc/html/pygtk/gdk-class-reference.html", "size_i": "7347", "regex": "false"},
	{"name_s": "/usr/share/gtk-doc/html/pygtk/gdk-constants.html", "size_i": "83385", "regex": "false"},
	{"name_s": "/usr/share/gtk-doc/html/pygtk/gdk-functions.html", "size_i": "87934", "regex": "false"},
	{"name_s": "/usr/share/gtk-doc/html/pygtk/glade-class-reference.html", "size_i": "1984", "regex": "false"},
	{"name_s": "/usr/share/gtk-doc/html/pygtk/gtk-class-reference.html", "size_i": "42182", "regex": "false"},
	{"name_s": "/usr/share/gtk-doc/html/pygtk/gtk-constants.html", "size_i": "133256", "regex": "false"},
	{"name_s": "/usr/share/gtk-doc/html/pygtk/gtk-functions.html", "size_i": "84068", "regex": "false"},
	{"name_s": "/usr/share/gtk-doc/html/pygtk/gtk-stock-items.html", "size_i": "27172", "regex": "false"},
	{"name_s": "/usr/share/gtk-doc/html/pygtk/icons", "size_i": "4096", "regex": "false"},
	{"name_s": "/usr/share/gtk-doc/html/pygtk/icons/stock_about_24.png", "size_i": "462", "regex": "false"},
	{"name_s": "/usr/share/gtk-doc/html/pygtk/icons/stock_add_24.png", "size_i": "556", "regex": "false"},
	{"name_s": "/usr/share/gtk-doc/html/pygtk/icons/stock_align_center_24.png", "size_i": "528", "regex": "false"},
	{"name_s": "/usr/share/gtk-doc/html/pygtk/icons/stock_align_justify_24.png", "size_i": "525", "regex": "false"},
	{"name_s": "/usr/share/gtk-doc/html/pygtk/icons/stock_align_left_24.png", "size_i": "538", "regex": "false"},
	{"name_s": "/usr/share/gtk-doc/html/pygtk/icons/stock_align_right_24.png", "size_i": "519", "regex": "false"},
	{"name_s": "/usr/share/gtk-doc/html/pygtk/icons/stock_apply_20.png", "size_i": "452", "regex": "false"},
	{"name_s": "/usr/share/gtk-doc/html/pygtk/icons/stock_bottom_24.png", "size_i": "476", "regex": "false"},
	{"name_s": "/usr/share/gtk-doc/html/pygtk/icons/stock_broken_image_24.png", "size_i": "873", "regex": "false"},
	{"name_s": "/usr/share/gtk-doc/html/pygtk/icons/stock_cancel_20.png", "size_i": "454", "regex": "false"},
	{"name_s": "/usr/share/gtk-doc/html/pygtk/icons/stock_cdrom_24.png", "size_i": "1498", "regex": "false"},
	{"name_s": "/usr/share/gtk-doc/html/pygtk/icons/stock_clear_24.png", "size_i": "791", "regex": "false"},
	{"name_s": "/usr/share/gtk-doc/html/pygtk/icons/stock_close_24.png", "size_i": "264", "regex": "false"},
	{"name_s": "/usr/share/gtk-doc/html/pygtk/icons/stock_color_picker_25.png", "size_i": "256", "regex": "false"},
	{"name_s": "/usr/share/gtk-doc/html/pygtk/icons/stock_colorselector_24.png", "size_i": "1077", "regex": "false"},
	{"name_s": "/usr/share/gtk-doc/html/pygtk/icons/stock_connect_24.png", "size_i": "594", "regex": "false"},
	{"name_s": "/usr/share/gtk-doc/html/pygtk/icons/stock_convert_24.png", "size_i": "1495", "regex": "false"},
	{"name_s": "/usr/share/gtk-doc/html/pygtk/icons/stock_copy_24.png", "size_i": "646", "regex": "false"},
	{"name_s": "/usr/share/gtk-doc/html/pygtk/icons/stock_cut_24.png", "size_i": "799", "regex": "false"},
	{"name_s": "/usr/share/gtk-doc/html/pygtk/icons/stock_dialog_authentication_48.png", "size_i": "2629", "regex": "false"},
	{"name_s": "/usr/share/gtk-doc/html/pygtk/icons/stock_dialog_error_48.png", "size_i": "2425", "regex": "false"},
	{"name_s": "/usr/share/gtk-doc/html/pygtk/icons/stock_dialog_info_48.png", "size_i": "2909", "regex": "false"},
	{"name_s": "/usr/share/gtk-doc/html/pygtk/icons/stock_dialog_question_48.png", "size_i": "3789", "regex": "false"},
	{"name_s": "/usr/share/gtk-doc/html/pygtk/icons/stock_dialog_warning_48.png", "size_i": "2250", "regex": "false"},
	{"name_s": "/usr/share/gtk-doc/html/pygtk/icons/stock_directory_24.png", "size_i": "1076", "regex": "false"},
	{"name_s": "/usr/share/gtk-doc/html/pygtk/icons/stock_disconnect_24.png", "size_i": "581", "regex": "false"},
	{"name_s": "/usr/share/gtk-doc/html/pygtk/icons/stock_dnd_32.png", "size_i": "1146", "regex": "false"},
	{"name_s": "/usr/share/gtk-doc/html/pygtk/icons/stock_dnd_multiple_32.png", "size_i": "1217", "regex": "false"},
	{"name_s": "/usr/share/gtk-doc/html/pygtk/icons/stock_down_arrow_24.png", "size_i": "589", "regex": "false"},
	{"name_s": "/usr/share/gtk-doc/html/pygtk/icons/stock_edit_24.png", "size_i": "1092", "regex": "false"},
	{"name_s": "/usr/share/gtk-doc/html/pygtk/icons/stock_exec_24.png", "size_i": "1094", "regex": "false"},
	{"name_s": "/usr/share/gtk-doc/html/pygtk/icons/stock_exit_24.png", "size_i": "829", "regex": "false"},
	{"name_s": "/usr/share/gtk-doc/html/pygtk/icons/stock_file_24.png", "size_i": "757", "regex": "false"},
	{"name_s": "/usr/share/gtk-doc/html/pygtk/icons/stock_first_24.png", "size_i": "471", "regex": "false"},
	{"name_s": "/usr/share/gtk-doc/html/pygtk/icons/stock_font_24.png", "size_i": "744", "regex": "false"},
	{"name_s": "/usr/share/gtk-doc/html/pygtk/icons/stock_fullscreen_24.png", "size_i": "674", "regex": "false"},
	{"name_s": "/usr/share/gtk-doc/html/pygtk/icons/stock_harddisk_24.png", "size_i": "1278", "regex": "false"},
	{"name_s": "/usr/share/gtk-doc/html/pygtk/icons/stock_help_24.png", "size_i": "1699", "regex": "false"},
	{"name_s": "/usr/share/gtk-doc/html/pygtk/icons/stock_home_24.png", "size_i": "882", "regex": "false"},
	{"name_s": "/usr/share/gtk-doc/html/pygtk/icons/stock_index_24.png", "size_i": "941", "regex": "false"},
	{"name_s": "/usr/share/gtk-doc/html/pygtk/icons/stock_info_24.png", "size_i": "966", "regex": "false"},
	{"name_s": "/usr/share/gtk-doc/html/pygtk/icons/stock_jump_to_24.png", "size_i": "1097", "regex": "false"},
	{"name_s": "/usr/share/gtk-doc/html/pygtk/icons/stock_jump_to_rtl_24.png", "size_i": "1093", "regex": "false"},
	{"name_s": "/usr/share/gtk-doc/html/pygtk/icons/stock_last_24.png", "size_i": "468", "regex": "false"},
	{"name_s": "/usr/share/gtk-doc/html/pygtk/icons/stock_leave_fullscreen_24.png", "size_i": "519", "regex": "false"},
	{"name_s": "/usr/share/gtk-doc/html/pygtk/icons/stock_left_arrow_24.png", "size_i": "583", "regex": "false"},
	{"name_s": "/usr/share/gtk-doc/html/pygtk/icons/stock_media_forward_24.png", "size_i": "480", "regex": "false"},
	{"name_s": "/usr/share/gtk-doc/html/pygtk/icons/stock_media_next_24.png", "size_i": "510", "regex": "false"},
	{"name_s": "/usr/share/gtk-doc/html/pygtk/icons/stock_media_pause_24.png", "size_i": "367", "regex": "false"},
	{"name_s": "/usr/share/gtk-doc/html/pygtk/icons/stock_media_play_24.png", "size_i": "382", "regex": "false"},
	{"name_s": "/usr/share/gtk-doc/html/pygtk/icons/stock_media_play_rtl_24.png", "size_i": "374", "regex": "false"},
	{"name_s": "/usr/share/gtk-doc/html/pygtk/icons/stock_media_previous_24.png", "size_i": "572", "regex": "false"},
	{"name_s": "/usr/share/gtk-doc/html/pygtk/icons/stock_media_record_24.png", "size_i": "925", "regex": "false"},
	{"name_s": "/usr/share/gtk-doc/html/pygtk/icons/stock_media_rewind_24.png", "size_i": "460", "regex": "false"},
	{"name_s": "/usr/share/gtk-doc/html/pygtk/icons/stock_media_stop_24.png", "size_i": "340", "regex": "false"},
	{"name_s": "/usr/share/gtk-doc/html/pygtk/icons/stock_network_24.png", "size_i": "934", "regex": "false"},
	{"name_s": "/usr/share/gtk-doc/html/pygtk/icons/stock_new_24.png", "size_i": "757", "regex": "false"},
	{"name_s": "/usr/share/gtk-doc/html/pygtk/icons/stock_no_20.png", "size_i": "847", "regex": "false"},
	{"name_s": "/usr/share/gtk-doc/html/pygtk/icons/stock_ok_20.png", "size_i": "661", "regex": "false"},
	{"name_s": "/usr/share/gtk-doc/html/pygtk/icons/stock_open_24.png", "size_i": "1076", "regex": "false"},
	{"name_s": "/usr/share/gtk-doc/html/pygtk/icons/stock_page_setup_24.png", "size_i": "1081", "regex": "false"},
	{"name_s": "/usr/share/gtk-doc/html/pygtk/icons/stock_paste_24.png", "size_i": "963", "regex": "false"},
	{"name_s": "/usr/share/gtk-doc/html/pygtk/icons/stock_preferences_24.png", "size_i": "1132", "regex": "false"},
	{"name_s": "/usr/share/gtk-doc/html/pygtk/icons/stock_print_24.png", "size_i": "1071", "regex": "false"},
	{"name_s": "/usr/share/gtk-doc/html/pygtk/icons/stock_print_error_24.png", "size_i": "1130", "regex": "false"},
	{"name_s": "/usr/share/gtk-doc/html/pygtk/icons/stock_print_paused_24.png", "size_i": "1096", "regex": "false"},
	{"name_s": "/usr/share/gtk-doc/html/pygtk/icons/stock_print_preview_24.png", "size_i": "1165", "regex": "false"},
	{"name_s": "/usr/share/gtk-doc/html/pygtk/icons/stock_print_report_24.png", "size_i": "1154", "regex": "false"},
	{"name_s": "/usr/share/gtk-doc/html/pygtk/icons/stock_print_warning_24.png", "size_i": "1099", "regex": "false"},
	{"name_s": "/usr/share/gtk-doc/html/pygtk/icons/stock_properties_24.png", "size_i": "943", "regex": "false"},
	{"name_s": "/usr/share/gtk-doc/html/pygtk/icons/stock_redo_24.png", "size_i": "756", "regex": "false"},
	{"name_s": "/usr/share/gtk-doc/html/pygtk/icons/stock_redo_rtl_24.png", "size_i": "791", "regex": "false"},
	{"name_s": "/usr/share/gtk-doc/html/pygtk/icons/stock_refresh_24.png", "size_i": "1138", "regex": "false"},
	{"name_s": "/usr/share/gtk-doc/html/pygtk/icons/stock_remove_24.png", "size_i": "291", "regex": "false"},
	{"name_s": "/usr/share/gtk-doc/html/pygtk/icons/stock_revert_24.png", "size_i": "1352", "regex": "false"},
	{"name_s": "/usr/share/gtk-doc/html/pygtk/icons/stock_revert_rtl_24.png", "size_i": "1275", "regex": "false"},
	{"name_s": "/usr/share/gtk-doc/html/pygtk/icons/stock_right_arrow_24.png", "size_i": "581", "regex": "false"},
	{"name_s": "/usr/share/gtk-doc/html/pygtk/icons/stock_save_24.png", "size_i": "1027", "regex": "false"},
	{"name_s": "/usr/share/gtk-doc/html/pygtk/icons/stock_save_as_24.png", "size_i": "1291", "regex": "false"},
	{"name_s": "/usr/share/gtk-doc/html/pygtk/icons/stock_search_24.png", "size_i": "1128", "regex": "false"},
	{"name_s": "/usr/share/gtk-doc/html/pygtk/icons/stock_search_replace_24.png", "size_i": "1316", "regex": "false"},
	{"name_s": "/usr/share/gtk-doc/html/pygtk/icons/stock_sort_ascending_24.png", "size_i": "353", "regex": "false"},
	{"name_s": "/usr/share/gtk-doc/html/pygtk/icons/stock_sort_descending_24.png", "size_i": "371", "regex": "false"},
	{"name_s": "/usr/share/gtk-doc/html/pygtk/icons/stock_spellcheck_24.png", "size_i": "733", "regex": "false"},
	{"name_s": "/usr/share/gtk-doc/html/pygtk/icons/stock_stop_24.png", "size_i": "1379", "regex": "false"},
	{"name_s": "/usr/share/gtk-doc/html/pygtk/icons/stock_text_bold_24.png", "size_i": "738", "regex": "false"},
	{"name_s": "/usr/share/gtk-doc/html/pygtk/icons/stock_text_indent_24.png", "size_i": "582", "regex": "false"},
	{"name_s": "/usr/share/gtk-doc/html/pygtk/icons/stock_text_italic_24.png", "size_i": "676", "regex": "false"},
	{"name_s": "/usr/share/gtk-doc/html/pygtk/icons/stock_text_strikethrough_24.png", "size_i": "768", "regex": "false"},
	{"name_s": "/usr/share/gtk-doc/html/pygtk/icons/stock_text_underline_24.png", "size_i": "743", "regex": "false"},
	{"name_s": "/usr/share/gtk-doc/html/pygtk/icons/stock_text_unindent_24.png", "size_i": "599", "regex": "false"},
	{"name_s": "/usr/share/gtk-doc/html/pygtk/icons/stock_top_24.png", "size_i": "447", "regex": "false"},
	{"name_s": "/usr/share/gtk-doc/html/pygtk/icons/stock_trash_24.png", "size_i": "1308", "regex": "false"},
	{"name_s": "/usr/share/gtk-doc/html/pygtk/icons/stock_undelete_24.png", "size_i": "1483", "regex": "false"},
	{"name_s": "/usr/share/gtk-doc/html/pygtk/icons/stock_undelete_rtl_24.png", "size_i": "1440", "regex": "false"},
	{"name_s": "/usr/share/gtk-doc/html/pygtk/icons/stock_undo_24.png", "size_i": "754", "regex": "false"},
	{"name_s": "/usr/share/gtk-doc/html/pygtk/icons/stock_undo_rtl_24.png", "size_i": "717", "regex": "false"},
	{"name_s": "/usr/share/gtk-doc/html/pygtk/icons/stock_up_arrow_24.png", "size_i": "613", "regex": "false"},
	{"name_s": "/usr/share/gtk-doc/html/pygtk/icons/stock_yes_20.png", "size_i": "806", "regex": "false"},
	{"name_s": "/usr/share/gtk-doc/html/pygtk/icons/stock_zoom_1_24.png", "size_i": "1139", "regex": "false"},
	{"name_s": "/usr/share/gtk-doc/html/pygtk/icons/stock_zoom_fit_24.png", "size_i": "1102", "regex": "false"},
	{"name_s": "/usr/share/gtk-doc/html/pygtk/icons/stock_zoom_in_24.png", "size_i": "1099", "regex": "false"},
	{"name_s": "/usr/share/gtk-doc/html/pygtk/icons/stock_zoom_out_24.png", "size_i": "1074", "regex": "false"},
	{"name_s": "/usr/share/gtk-doc/html/pygtk/images", "size_i": "4096", "regex": "false"},
	{"name_s": "/usr/share/gtk-doc/html/pygtk/images/layout-btlr.png", "size_i": "1659", "regex": "false"},
	{"name_s": "/usr/share/gtk-doc/html/pygtk/images/layout-btrl.png", "size_i": "1659", "regex": "false"},
	{"name_s": "/usr/share/gtk-doc/html/pygtk/images/layout-lrbt.png", "size_i": "1670", "regex": "false"},
	{"name_s": "/usr/share/gtk-doc/html/pygtk/images/layout-lrtb.png", "size_i": "1675", "regex": "false"},
	{"name_s": "/usr/share/gtk-doc/html/pygtk/images/layout-rlbt.png", "size_i": "1666", "regex": "false"},
	{"name_s": "/usr/share/gtk-doc/html/pygtk/images/layout-rltb.png", "size_i": "1671", "regex": "false"},
	{"name_s": "/usr/share/gtk-doc/html/pygtk/images/layout-tblr.png", "size_i": "1652", "regex": "false"},
	{"name_s": "/usr/share/gtk-doc/html/pygtk/images/layout-tbrl.png", "size_i": "1657", "regex": "false"},
	{"name_s": "/usr/share/gtk-doc/html/pygtk/index.html", "size_i": "62675", "regex": "false"},
	{"name_s": "/usr/share/gtk-doc/html/pygtk/index.sgml", "size_i": "577365", "regex": "false"},
	{"name_s": "/usr/share/gtk-doc/html/pygtk/pango-class-reference.html", "size_i": "6518", "regex": "false"},
	{"name_s": "/usr/share/gtk-doc/html/pygtk/pango-constants.html", "size_i": "25632", "regex": "false"},
	{"name_s": "/usr/share/gtk-doc/html/pygtk/pango-functions.html", "size_i": "15874", "regex": "false"},
	{"name_s": "/usr/share/gtk-doc/html/pygtk/pango-markup-language.html", "size_i": "7976", "regex": "false"},
	{"name_s": "/usr/share/gtk-doc/html/pygtk/pangocairo-class-reference.html", "size_i": "2652", "regex": "false"},
	{"name_s": "/usr/share/gtk-doc/html/pygtk/pangocairo-constants.html", "size_i": "2154", "regex": "false"},
	{"name_s": "/usr/share/gtk-doc/html/pygtk/pangocairo-functions.html", "size_i": "7730", "regex": "false"},
	{"name_s": "/usr/share/gtk-doc/html/pygtk/pygtk-introduction.html", "size_i": "16861", "regex": "false"},
	{"name_s": "/usr/share/gtk-doc/html/pygtk/pygtk-reference-format.html", "size_i": "7920", "regex": "false"},
	{"name_s": "/usr/share/gtk-doc/html/pygtk/pygtk.devhelp", "size_i": "491318", "regex": "false"},
	{"name_s": "/usr/share/gtk-doc/html/pygtk/unixprint-class-reference.html", "size_i": "3164", "regex": "false"},
	{"name_s": "/usr/share/gtk-doc/html/pygtk/unixprint-constants.html", "size_i": "3151", "regex": "false"},
	{"name_s": "/usr/share/gtk-doc/html/pygtk/unixprint-functions.html", "size_i": "5363", "regex": "false"}
]
