[
	{"name_s": "/usr/bin/ksflatten", "size_i": "2513", "regex": "false"},
	{"name_s": "/usr/bin/ksvalidator", "size_i": "3690", "regex": "false"},
	{"name_s": "/usr/bin/ksverdiff", "size_i": "3596", "regex": "false"},
	{"name_s": "/usr/lib/python2.6/site-packages/pykickstart", "size_i": "4096", "regex": "false"},
	{"name_s": "/usr/lib/python2.6/site-packages/pykickstart-1.74.14-py2.6.egg-info", "size_i": "276", "regex": "false"},
	{"name_s": "/usr/lib/python2.6/site-packages/pykickstart/__init__.py", "size_i": "0", "regex": "false"},
	{"name_s": "/usr/lib/python2.6/site-packages/pykickstart/__init__.pyc", "size_i": "143", "regex": "false"},
	{"name_s": "/usr/lib/python2.6/site-packages/pykickstart/__init__.pyo", "size_i": "143", "regex": "false"},
	{"name_s": "/usr/lib/python2.6/site-packages/pykickstart/base.py", "size_i": "19622", "regex": "false"},
	{"name_s": "/usr/lib/python2.6/site-packages/pykickstart/base.pyc", "size_i": "18020", "regex": "false"},
	{"name_s": "/usr/lib/python2.6/site-packages/pykickstart/base.pyo", "size_i": "18020", "regex": "false"},
	{"name_s": "/usr/lib/python2.6/site-packages/pykickstart/commands", "size_i": "4096", "regex": "false"},
	{"name_s": "/usr/lib/python2.6/site-packages/pykickstart/commands/__init__.py", "size_i": "1500", "regex": "false"},
	{"name_s": "/usr/lib/python2.6/site-packages/pykickstart/commands/__init__.pyc", "size_i": "1453", "regex": "false"},
	{"name_s": "/usr/lib/python2.6/site-packages/pykickstart/commands/__init__.pyo", "size_i": "1453", "regex": "false"},
	{"name_s": "/usr/lib/python2.6/site-packages/pykickstart/commands/authconfig.py", "size_i": "1644", "regex": "false"},
	{"name_s": "/usr/lib/python2.6/site-packages/pykickstart/commands/authconfig.pyc", "size_i": "1359", "regex": "false"},
	{"name_s": "/usr/lib/python2.6/site-packages/pykickstart/commands/authconfig.pyo", "size_i": "1359", "regex": "false"},
	{"name_s": "/usr/lib/python2.6/site-packages/pykickstart/commands/autopart.py", "size_i": "6184", "regex": "false"},
	{"name_s": "/usr/lib/python2.6/site-packages/pykickstart/commands/autopart.pyc", "size_i": "6301", "regex": "false"},
	{"name_s": "/usr/lib/python2.6/site-packages/pykickstart/commands/autopart.pyo", "size_i": "6301", "regex": "false"},
	{"name_s": "/usr/lib/python2.6/site-packages/pykickstart/commands/autostep.py", "size_i": "2118", "regex": "false"},
	{"name_s": "/usr/lib/python2.6/site-packages/pykickstart/commands/autostep.pyc", "size_i": "1892", "regex": "false"},
	{"name_s": "/usr/lib/python2.6/site-packages/pykickstart/commands/autostep.pyo", "size_i": "1892", "regex": "false"},
	{"name_s": "/usr/lib/python2.6/site-packages/pykickstart/commands/bootloader.py", "size_i": "8420", "regex": "false"},
	{"name_s": "/usr/lib/python2.6/site-packages/pykickstart/commands/bootloader.pyc", "size_i": "9748", "regex": "false"},
	{"name_s": "/usr/lib/python2.6/site-packages/pykickstart/commands/bootloader.pyo", "size_i": "9748", "regex": "false"},
	{"name_s": "/usr/lib/python2.6/site-packages/pykickstart/commands/clearpart.py", "size_i": "3341", "regex": "false"},
	{"name_s": "/usr/lib/python2.6/site-packages/pykickstart/commands/clearpart.pyc", "size_i": "3039", "regex": "false"},
	{"name_s": "/usr/lib/python2.6/site-packages/pykickstart/commands/clearpart.pyo", "size_i": "3039", "regex": "false"},
	{"name_s": "/usr/lib/python2.6/site-packages/pykickstart/commands/device.py", "size_i": "4279", "regex": "false"},
	{"name_s": "/usr/lib/python2.6/site-packages/pykickstart/commands/device.pyc", "size_i": "5129", "regex": "false"},
	{"name_s": "/usr/lib/python2.6/site-packages/pykickstart/commands/device.pyo", "size_i": "5129", "regex": "false"},
	{"name_s": "/usr/lib/python2.6/site-packages/pykickstart/commands/deviceprobe.py", "size_i": "1627", "regex": "false"},
	{"name_s": "/usr/lib/python2.6/site-packages/pykickstart/commands/deviceprobe.pyc", "size_i": "1329", "regex": "false"},
	{"name_s": "/usr/lib/python2.6/site-packages/pykickstart/commands/deviceprobe.pyo", "size_i": "1329", "regex": "false"},
	{"name_s": "/usr/lib/python2.6/site-packages/pykickstart/commands/displaymode.py", "size_i": "2627", "regex": "false"},
	{"name_s": "/usr/lib/python2.6/site-packages/pykickstart/commands/displaymode.pyc", "size_i": "2500", "regex": "false"},
	{"name_s": "/usr/lib/python2.6/site-packages/pykickstart/commands/displaymode.pyo", "size_i": "2500", "regex": "false"},
	{"name_s": "/usr/lib/python2.6/site-packages/pykickstart/commands/dmraid.py", "size_i": "3160", "regex": "false"},
	{"name_s": "/usr/lib/python2.6/site-packages/pykickstart/commands/dmraid.pyc", "size_i": "3638", "regex": "false"},
	{"name_s": "/usr/lib/python2.6/site-packages/pykickstart/commands/dmraid.pyo", "size_i": "3638", "regex": "false"},
	{"name_s": "/usr/lib/python2.6/site-packages/pykickstart/commands/driverdisk.py", "size_i": "6448", "regex": "false"},
	{"name_s": "/usr/lib/python2.6/site-packages/pykickstart/commands/driverdisk.pyc", "size_i": "7437", "regex": "false"},
	{"name_s": "/usr/lib/python2.6/site-packages/pykickstart/commands/driverdisk.pyo", "size_i": "7437", "regex": "false"},
	{"name_s": "/usr/lib/python2.6/site-packages/pykickstart/commands/fcoe.py", "size_i": "4443", "regex": "false"},
	{"name_s": "/usr/lib/python2.6/site-packages/pykickstart/commands/fcoe.pyc", "size_i": "6114", "regex": "false"},
	{"name_s": "/usr/lib/python2.6/site-packages/pykickstart/commands/fcoe.pyo", "size_i": "6114", "regex": "false"},
	{"name_s": "/usr/lib/python2.6/site-packages/pykickstart/commands/firewall.py", "size_i": "7332", "regex": "false"},
	{"name_s": "/usr/lib/python2.6/site-packages/pykickstart/commands/firewall.pyc", "size_i": "6489", "regex": "false"},
	{"name_s": "/usr/lib/python2.6/site-packages/pykickstart/commands/firewall.pyo", "size_i": "6489", "regex": "false"},
	{"name_s": "/usr/lib/python2.6/site-packages/pykickstart/commands/firstboot.py", "size_i": "2575", "regex": "false"},
	{"name_s": "/usr/lib/python2.6/site-packages/pykickstart/commands/firstboot.pyc", "size_i": "2220", "regex": "false"},
	{"name_s": "/usr/lib/python2.6/site-packages/pykickstart/commands/firstboot.pyo", "size_i": "2220", "regex": "false"},
	{"name_s": "/usr/lib/python2.6/site-packages/pykickstart/commands/group.py", "size_i": "2909", "regex": "false"},
	{"name_s": "/usr/lib/python2.6/site-packages/pykickstart/commands/group.pyc", "size_i": "3466", "regex": "false"},
	{"name_s": "/usr/lib/python2.6/site-packages/pykickstart/commands/group.pyo", "size_i": "3466", "regex": "false"},
	{"name_s": "/usr/lib/python2.6/site-packages/pykickstart/commands/ignoredisk.py", "size_i": "5131", "regex": "false"},
	{"name_s": "/usr/lib/python2.6/site-packages/pykickstart/commands/ignoredisk.pyc", "size_i": "6174", "regex": "false"},
	{"name_s": "/usr/lib/python2.6/site-packages/pykickstart/commands/ignoredisk.pyo", "size_i": "6174", "regex": "false"},
	{"name_s": "/usr/lib/python2.6/site-packages/pykickstart/commands/interactive.py", "size_i": "2111", "regex": "false"},
	{"name_s": "/usr/lib/python2.6/site-packages/pykickstart/commands/interactive.pyc", "size_i": "2157", "regex": "false"},
	{"name_s": "/usr/lib/python2.6/site-packages/pykickstart/commands/interactive.pyo", "size_i": "2157", "regex": "false"},
	{"name_s": "/usr/lib/python2.6/site-packages/pykickstart/commands/iscsi.py", "size_i": "5628", "regex": "false"},
	{"name_s": "/usr/lib/python2.6/site-packages/pykickstart/commands/iscsi.pyc", "size_i": "6744", "regex": "false"},
	{"name_s": "/usr/lib/python2.6/site-packages/pykickstart/commands/iscsi.pyo", "size_i": "6744", "regex": "false"},
	{"name_s": "/usr/lib/python2.6/site-packages/pykickstart/commands/iscsiname.py", "size_i": "2098", "regex": "false"},
	{"name_s": "/usr/lib/python2.6/site-packages/pykickstart/commands/iscsiname.pyc", "size_i": "2099", "regex": "false"},
	{"name_s": "/usr/lib/python2.6/site-packages/pykickstart/commands/iscsiname.pyo", "size_i": "2099", "regex": "false"},
	{"name_s": "/usr/lib/python2.6/site-packages/pykickstart/commands/key.py", "size_i": "2359", "regex": "false"},
	{"name_s": "/usr/lib/python2.6/site-packages/pykickstart/commands/key.pyc", "size_i": "2362", "regex": "false"},
	{"name_s": "/usr/lib/python2.6/site-packages/pykickstart/commands/key.pyo", "size_i": "2362", "regex": "false"},
	{"name_s": "/usr/lib/python2.6/site-packages/pykickstart/commands/keyboard.py", "size_i": "2083", "regex": "false"},
	{"name_s": "/usr/lib/python2.6/site-packages/pykickstart/commands/keyboard.pyc", "size_i": "2107", "regex": "false"},
	{"name_s": "/usr/lib/python2.6/site-packages/pykickstart/commands/keyboard.pyo", "size_i": "2107", "regex": "false"},
	{"name_s": "/usr/lib/python2.6/site-packages/pykickstart/commands/lang.py", "size_i": "2242", "regex": "false"},
	{"name_s": "/usr/lib/python2.6/site-packages/pykickstart/commands/lang.pyc", "size_i": "2421", "regex": "false"},
	{"name_s": "/usr/lib/python2.6/site-packages/pykickstart/commands/lang.pyo", "size_i": "2421", "regex": "false"},
	{"name_s": "/usr/lib/python2.6/site-packages/pykickstart/commands/langsupport.py", "size_i": "2176", "regex": "false"},
	{"name_s": "/usr/lib/python2.6/site-packages/pykickstart/commands/langsupport.pyc", "size_i": "2311", "regex": "false"},
	{"name_s": "/usr/lib/python2.6/site-packages/pykickstart/commands/langsupport.pyo", "size_i": "2311", "regex": "false"},
	{"name_s": "/usr/lib/python2.6/site-packages/pykickstart/commands/lilocheck.py", "size_i": "2032", "regex": "false"},
	{"name_s": "/usr/lib/python2.6/site-packages/pykickstart/commands/lilocheck.pyc", "size_i": "2094", "regex": "false"},
	{"name_s": "/usr/lib/python2.6/site-packages/pykickstart/commands/lilocheck.pyo", "size_i": "2094", "regex": "false"},
	{"name_s": "/usr/lib/python2.6/site-packages/pykickstart/commands/logging.py", "size_i": "2511", "regex": "false"},
	{"name_s": "/usr/lib/python2.6/site-packages/pykickstart/commands/logging.pyc", "size_i": "2524", "regex": "false"},
	{"name_s": "/usr/lib/python2.6/site-packages/pykickstart/commands/logging.pyo", "size_i": "2524", "regex": "false"},
	{"name_s": "/usr/lib/python2.6/site-packages/pykickstart/commands/logvol.py", "size_i": "11117", "regex": "false"},
	{"name_s": "/usr/lib/python2.6/site-packages/pykickstart/commands/logvol.pyc", "size_i": "13244", "regex": "false"},
	{"name_s": "/usr/lib/python2.6/site-packages/pykickstart/commands/logvol.pyo", "size_i": "13244", "regex": "false"},
	{"name_s": "/usr/lib/python2.6/site-packages/pykickstart/commands/mediacheck.py", "size_i": "2042", "regex": "false"},
	{"name_s": "/usr/lib/python2.6/site-packages/pykickstart/commands/mediacheck.pyc", "size_i": "2099", "regex": "false"},
	{"name_s": "/usr/lib/python2.6/site-packages/pykickstart/commands/mediacheck.pyo", "size_i": "2099", "regex": "false"},
	{"name_s": "/usr/lib/python2.6/site-packages/pykickstart/commands/method.py", "size_i": "6520", "regex": "false"},
	{"name_s": "/usr/lib/python2.6/site-packages/pykickstart/commands/method.pyc", "size_i": "6773", "regex": "false"},
	{"name_s": "/usr/lib/python2.6/site-packages/pykickstart/commands/method.pyo", "size_i": "6773", "regex": "false"},
	{"name_s": "/usr/lib/python2.6/site-packages/pykickstart/commands/monitor.py", "size_i": "3692", "regex": "false"},
	{"name_s": "/usr/lib/python2.6/site-packages/pykickstart/commands/monitor.pyc", "size_i": "4163", "regex": "false"},
	{"name_s": "/usr/lib/python2.6/site-packages/pykickstart/commands/monitor.pyo", "size_i": "4163", "regex": "false"},
	{"name_s": "/usr/lib/python2.6/site-packages/pykickstart/commands/mouse.py", "size_i": "2610", "regex": "false"},
	{"name_s": "/usr/lib/python2.6/site-packages/pykickstart/commands/mouse.pyc", "size_i": "2886", "regex": "false"},
	{"name_s": "/usr/lib/python2.6/site-packages/pykickstart/commands/mouse.pyo", "size_i": "2886", "regex": "false"},
	{"name_s": "/usr/lib/python2.6/site-packages/pykickstart/commands/multipath.py", "size_i": "3966", "regex": "false"},
	{"name_s": "/usr/lib/python2.6/site-packages/pykickstart/commands/multipath.pyc", "size_i": "4527", "regex": "false"},
	{"name_s": "/usr/lib/python2.6/site-packages/pykickstart/commands/multipath.pyo", "size_i": "4527", "regex": "false"},
	{"name_s": "/usr/lib/python2.6/site-packages/pykickstart/commands/network.py", "size_i": "12082", "regex": "false"},
	{"name_s": "/usr/lib/python2.6/site-packages/pykickstart/commands/network.pyc", "size_i": "14525", "regex": "false"},
	{"name_s": "/usr/lib/python2.6/site-packages/pykickstart/commands/network.pyo", "size_i": "14525", "regex": "false"},
	{"name_s": "/usr/lib/python2.6/site-packages/pykickstart/commands/partition.py", "size_i": "13886", "regex": "false"},
	{"name_s": "/usr/lib/python2.6/site-packages/pykickstart/commands/partition.pyc", "size_i": "16453", "regex": "false"},
	{"name_s": "/usr/lib/python2.6/site-packages/pykickstart/commands/partition.pyo", "size_i": "16453", "regex": "false"},
	{"name_s": "/usr/lib/python2.6/site-packages/pykickstart/commands/raid.py", "size_i": "13060", "regex": "false"},
	{"name_s": "/usr/lib/python2.6/site-packages/pykickstart/commands/raid.pyc", "size_i": "15906", "regex": "false"},
	{"name_s": "/usr/lib/python2.6/site-packages/pykickstart/commands/raid.pyo", "size_i": "15906", "regex": "false"},
	{"name_s": "/usr/lib/python2.6/site-packages/pykickstart/commands/reboot.py", "size_i": "2770", "regex": "false"},
	{"name_s": "/usr/lib/python2.6/site-packages/pykickstart/commands/reboot.pyc", "size_i": "2967", "regex": "false"},
	{"name_s": "/usr/lib/python2.6/site-packages/pykickstart/commands/reboot.pyo", "size_i": "2967", "regex": "false"},
	{"name_s": "/usr/lib/python2.6/site-packages/pykickstart/commands/repo.py", "size_i": "8091", "regex": "false"},
	{"name_s": "/usr/lib/python2.6/site-packages/pykickstart/commands/repo.pyc", "size_i": "10580", "regex": "false"},
	{"name_s": "/usr/lib/python2.6/site-packages/pykickstart/commands/repo.pyo", "size_i": "10580", "regex": "false"},
	{"name_s": "/usr/lib/python2.6/site-packages/pykickstart/commands/rescue.py", "size_i": "2538", "regex": "false"},
	{"name_s": "/usr/lib/python2.6/site-packages/pykickstart/commands/rescue.pyc", "size_i": "2471", "regex": "false"},
	{"name_s": "/usr/lib/python2.6/site-packages/pykickstart/commands/rescue.pyo", "size_i": "2471", "regex": "false"},
	{"name_s": "/usr/lib/python2.6/site-packages/pykickstart/commands/rootpw.py", "size_i": "3215", "regex": "false"},
	{"name_s": "/usr/lib/python2.6/site-packages/pykickstart/commands/rootpw.pyc", "size_i": "3669", "regex": "false"},
	{"name_s": "/usr/lib/python2.6/site-packages/pykickstart/commands/rootpw.pyo", "size_i": "3669", "regex": "false"},
	{"name_s": "/usr/lib/python2.6/site-packages/pykickstart/commands/selinux.py", "size_i": "2521", "regex": "false"},
	{"name_s": "/usr/lib/python2.6/site-packages/pykickstart/commands/selinux.pyc", "size_i": "2176", "regex": "false"},
	{"name_s": "/usr/lib/python2.6/site-packages/pykickstart/commands/selinux.pyo", "size_i": "2176", "regex": "false"},
	{"name_s": "/usr/lib/python2.6/site-packages/pykickstart/commands/services.py", "size_i": "2840", "regex": "false"},
	{"name_s": "/usr/lib/python2.6/site-packages/pykickstart/commands/services.pyc", "size_i": "2971", "regex": "false"},
	{"name_s": "/usr/lib/python2.6/site-packages/pykickstart/commands/services.pyo", "size_i": "2971", "regex": "false"},
	{"name_s": "/usr/lib/python2.6/site-packages/pykickstart/commands/skipx.py", "size_i": "2060", "regex": "false"},
	{"name_s": "/usr/lib/python2.6/site-packages/pykickstart/commands/skipx.pyc", "size_i": "2088", "regex": "false"},
	{"name_s": "/usr/lib/python2.6/site-packages/pykickstart/commands/skipx.pyo", "size_i": "2088", "regex": "false"},
	{"name_s": "/usr/lib/python2.6/site-packages/pykickstart/commands/sshpw.py", "size_i": "3632", "regex": "false"},
	{"name_s": "/usr/lib/python2.6/site-packages/pykickstart/commands/sshpw.pyc", "size_i": "4212", "regex": "false"},
	{"name_s": "/usr/lib/python2.6/site-packages/pykickstart/commands/sshpw.pyo", "size_i": "4212", "regex": "false"},
	{"name_s": "/usr/lib/python2.6/site-packages/pykickstart/commands/timezone.py", "size_i": "2991", "regex": "false"},
	{"name_s": "/usr/lib/python2.6/site-packages/pykickstart/commands/timezone.pyc", "size_i": "3232", "regex": "false"},
	{"name_s": "/usr/lib/python2.6/site-packages/pykickstart/commands/timezone.pyo", "size_i": "3232", "regex": "false"},
	{"name_s": "/usr/lib/python2.6/site-packages/pykickstart/commands/unsupported_hardware.py", "size_i": "2104", "regex": "false"},
	{"name_s": "/usr/lib/python2.6/site-packages/pykickstart/commands/unsupported_hardware.pyc", "size_i": "2213", "regex": "false"},
	{"name_s": "/usr/lib/python2.6/site-packages/pykickstart/commands/unsupported_hardware.pyo", "size_i": "2213", "regex": "false"},
	{"name_s": "/usr/lib/python2.6/site-packages/pykickstart/commands/updates.py", "size_i": "2172", "regex": "false"},
	{"name_s": "/usr/lib/python2.6/site-packages/pykickstart/commands/updates.pyc", "size_i": "2182", "regex": "false"},
	{"name_s": "/usr/lib/python2.6/site-packages/pykickstart/commands/updates.pyo", "size_i": "2182", "regex": "false"},
	{"name_s": "/usr/lib/python2.6/site-packages/pykickstart/commands/upgrade.py", "size_i": "3812", "regex": "false"},
	{"name_s": "/usr/lib/python2.6/site-packages/pykickstart/commands/upgrade.pyc", "size_i": "4021", "regex": "false"},
	{"name_s": "/usr/lib/python2.6/site-packages/pykickstart/commands/upgrade.pyo", "size_i": "4021", "regex": "false"},
	{"name_s": "/usr/lib/python2.6/site-packages/pykickstart/commands/user.py", "size_i": "5689", "regex": "false"},
	{"name_s": "/usr/lib/python2.6/site-packages/pykickstart/commands/user.pyc", "size_i": "7292", "regex": "false"},
	{"name_s": "/usr/lib/python2.6/site-packages/pykickstart/commands/user.pyo", "size_i": "7292", "regex": "false"},
	{"name_s": "/usr/lib/python2.6/site-packages/pykickstart/commands/vnc.py", "size_i": "3826", "regex": "false"},
	{"name_s": "/usr/lib/python2.6/site-packages/pykickstart/commands/vnc.pyc", "size_i": "4205", "regex": "false"},
	{"name_s": "/usr/lib/python2.6/site-packages/pykickstart/commands/vnc.pyo", "size_i": "4205", "regex": "false"},
	{"name_s": "/usr/lib/python2.6/site-packages/pykickstart/commands/volgroup.py", "size_i": "6505", "regex": "false"},
	{"name_s": "/usr/lib/python2.6/site-packages/pykickstart/commands/volgroup.pyc", "size_i": "7718", "regex": "false"},
	{"name_s": "/usr/lib/python2.6/site-packages/pykickstart/commands/volgroup.pyo", "size_i": "7718", "regex": "false"},
	{"name_s": "/usr/lib/python2.6/site-packages/pykickstart/commands/xconfig.py", "size_i": "6795", "regex": "false"},
	{"name_s": "/usr/lib/python2.6/site-packages/pykickstart/commands/xconfig.pyc", "size_i": "6970", "regex": "false"},
	{"name_s": "/usr/lib/python2.6/site-packages/pykickstart/commands/xconfig.pyo", "size_i": "6970", "regex": "false"},
	{"name_s": "/usr/lib/python2.6/site-packages/pykickstart/commands/zerombr.py", "size_i": "2642", "regex": "false"},
	{"name_s": "/usr/lib/python2.6/site-packages/pykickstart/commands/zerombr.pyc", "size_i": "2908", "regex": "false"},
	{"name_s": "/usr/lib/python2.6/site-packages/pykickstart/commands/zerombr.pyo", "size_i": "2908", "regex": "false"},
	{"name_s": "/usr/lib/python2.6/site-packages/pykickstart/commands/zfcp.py", "size_i": "4411", "regex": "false"},
	{"name_s": "/usr/lib/python2.6/site-packages/pykickstart/commands/zfcp.pyc", "size_i": "5208", "regex": "false"},
	{"name_s": "/usr/lib/python2.6/site-packages/pykickstart/commands/zfcp.pyo", "size_i": "5208", "regex": "false"},
	{"name_s": "/usr/lib/python2.6/site-packages/pykickstart/constants.py", "size_i": "1589", "regex": "false"},
	{"name_s": "/usr/lib/python2.6/site-packages/pykickstart/constants.pyc", "size_i": "1036", "regex": "false"},
	{"name_s": "/usr/lib/python2.6/site-packages/pykickstart/constants.pyo", "size_i": "1036", "regex": "false"},
	{"name_s": "/usr/lib/python2.6/site-packages/pykickstart/errors.py", "size_i": "3845", "regex": "false"},
	{"name_s": "/usr/lib/python2.6/site-packages/pykickstart/errors.pyc", "size_i": "4810", "regex": "false"},
	{"name_s": "/usr/lib/python2.6/site-packages/pykickstart/errors.pyo", "size_i": "4810", "regex": "false"},
	{"name_s": "/usr/lib/python2.6/site-packages/pykickstart/handlers", "size_i": "4096", "regex": "false"},
	{"name_s": "/usr/lib/python2.6/site-packages/pykickstart/handlers/__init__.py", "size_i": "0", "regex": "false"},
	{"name_s": "/usr/lib/python2.6/site-packages/pykickstart/handlers/__init__.pyc", "size_i": "152", "regex": "false"},
	{"name_s": "/usr/lib/python2.6/site-packages/pykickstart/handlers/__init__.pyo", "size_i": "152", "regex": "false"},
	{"name_s": "/usr/lib/python2.6/site-packages/pykickstart/handlers/control.py", "size_i": "42264", "regex": "false"},
	{"name_s": "/usr/lib/python2.6/site-packages/pykickstart/handlers/control.pyc", "size_i": "16361", "regex": "false"},
	{"name_s": "/usr/lib/python2.6/site-packages/pykickstart/handlers/control.pyo", "size_i": "16361", "regex": "false"},
	{"name_s": "/usr/lib/python2.6/site-packages/pykickstart/handlers/f10.py", "size_i": "1066", "regex": "false"},
	{"name_s": "/usr/lib/python2.6/site-packages/pykickstart/handlers/f10.pyc", "size_i": "480", "regex": "false"},
	{"name_s": "/usr/lib/python2.6/site-packages/pykickstart/handlers/f10.pyo", "size_i": "480", "regex": "false"},
	{"name_s": "/usr/lib/python2.6/site-packages/pykickstart/handlers/f11.py", "size_i": "1066", "regex": "false"},
	{"name_s": "/usr/lib/python2.6/site-packages/pykickstart/handlers/f11.pyc", "size_i": "480", "regex": "false"},
	{"name_s": "/usr/lib/python2.6/site-packages/pykickstart/handlers/f11.pyo", "size_i": "480", "regex": "false"},
	{"name_s": "/usr/lib/python2.6/site-packages/pykickstart/handlers/f12.py", "size_i": "1066", "regex": "false"},
	{"name_s": "/usr/lib/python2.6/site-packages/pykickstart/handlers/f12.pyc", "size_i": "480", "regex": "false"},
	{"name_s": "/usr/lib/python2.6/site-packages/pykickstart/handlers/f12.pyo", "size_i": "480", "regex": "false"},
	{"name_s": "/usr/lib/python2.6/site-packages/pykickstart/handlers/f13.py", "size_i": "1066", "regex": "false"},
	{"name_s": "/usr/lib/python2.6/site-packages/pykickstart/handlers/f13.pyc", "size_i": "480", "regex": "false"},
	{"name_s": "/usr/lib/python2.6/site-packages/pykickstart/handlers/f13.pyo", "size_i": "480", "regex": "false"},
	{"name_s": "/usr/lib/python2.6/site-packages/pykickstart/handlers/f7.py", "size_i": "1064", "regex": "false"},
	{"name_s": "/usr/lib/python2.6/site-packages/pykickstart/handlers/f7.pyc", "size_i": "476", "regex": "false"},
	{"name_s": "/usr/lib/python2.6/site-packages/pykickstart/handlers/f7.pyo", "size_i": "476", "regex": "false"},
	{"name_s": "/usr/lib/python2.6/site-packages/pykickstart/handlers/f8.py", "size_i": "1064", "regex": "false"},
	{"name_s": "/usr/lib/python2.6/site-packages/pykickstart/handlers/f8.pyc", "size_i": "476", "regex": "false"},
	{"name_s": "/usr/lib/python2.6/site-packages/pykickstart/handlers/f8.pyo", "size_i": "476", "regex": "false"},
	{"name_s": "/usr/lib/python2.6/site-packages/pykickstart/handlers/f9.py", "size_i": "1064", "regex": "false"},
	{"name_s": "/usr/lib/python2.6/site-packages/pykickstart/handlers/f9.pyc", "size_i": "476", "regex": "false"},
	{"name_s": "/usr/lib/python2.6/site-packages/pykickstart/handlers/f9.pyo", "size_i": "476", "regex": "false"},
	{"name_s": "/usr/lib/python2.6/site-packages/pykickstart/handlers/fc3.py", "size_i": "1078", "regex": "false"},
	{"name_s": "/usr/lib/python2.6/site-packages/pykickstart/handlers/fc3.pyc", "size_i": "480", "regex": "false"},
	{"name_s": "/usr/lib/python2.6/site-packages/pykickstart/handlers/fc3.pyo", "size_i": "480", "regex": "false"},
	{"name_s": "/usr/lib/python2.6/site-packages/pykickstart/handlers/fc4.py", "size_i": "1066", "regex": "false"},
	{"name_s": "/usr/lib/python2.6/site-packages/pykickstart/handlers/fc4.pyc", "size_i": "480", "regex": "false"},
	{"name_s": "/usr/lib/python2.6/site-packages/pykickstart/handlers/fc4.pyo", "size_i": "480", "regex": "false"},
	{"name_s": "/usr/lib/python2.6/site-packages/pykickstart/handlers/fc5.py", "size_i": "1066", "regex": "false"},
	{"name_s": "/usr/lib/python2.6/site-packages/pykickstart/handlers/fc5.pyc", "size_i": "480", "regex": "false"},
	{"name_s": "/usr/lib/python2.6/site-packages/pykickstart/handlers/fc5.pyo", "size_i": "480", "regex": "false"},
	{"name_s": "/usr/lib/python2.6/site-packages/pykickstart/handlers/fc6.py", "size_i": "1072", "regex": "false"},
	{"name_s": "/usr/lib/python2.6/site-packages/pykickstart/handlers/fc6.pyc", "size_i": "480", "regex": "false"},
	{"name_s": "/usr/lib/python2.6/site-packages/pykickstart/handlers/fc6.pyo", "size_i": "480", "regex": "false"},
	{"name_s": "/usr/lib/python2.6/site-packages/pykickstart/handlers/rhel3.py", "size_i": "1070", "regex": "false"},
	{"name_s": "/usr/lib/python2.6/site-packages/pykickstart/handlers/rhel3.pyc", "size_i": "488", "regex": "false"},
	{"name_s": "/usr/lib/python2.6/site-packages/pykickstart/handlers/rhel3.pyo", "size_i": "488", "regex": "false"},
	{"name_s": "/usr/lib/python2.6/site-packages/pykickstart/handlers/rhel4.py", "size_i": "1070", "regex": "false"},
	{"name_s": "/usr/lib/python2.6/site-packages/pykickstart/handlers/rhel4.pyc", "size_i": "488", "regex": "false"},
	{"name_s": "/usr/lib/python2.6/site-packages/pykickstart/handlers/rhel4.pyo", "size_i": "488", "regex": "false"},
	{"name_s": "/usr/lib/python2.6/site-packages/pykickstart/handlers/rhel5.py", "size_i": "1070", "regex": "false"},
	{"name_s": "/usr/lib/python2.6/site-packages/pykickstart/handlers/rhel5.pyc", "size_i": "488", "regex": "false"},
	{"name_s": "/usr/lib/python2.6/site-packages/pykickstart/handlers/rhel5.pyo", "size_i": "488", "regex": "false"},
	{"name_s": "/usr/lib/python2.6/site-packages/pykickstart/handlers/rhel6.py", "size_i": "1070", "regex": "false"},
	{"name_s": "/usr/lib/python2.6/site-packages/pykickstart/handlers/rhel6.pyc", "size_i": "488", "regex": "false"},
	{"name_s": "/usr/lib/python2.6/site-packages/pykickstart/handlers/rhel6.pyo", "size_i": "488", "regex": "false"},
	{"name_s": "/usr/lib/python2.6/site-packages/pykickstart/ko.py", "size_i": "1477", "regex": "false"},
	{"name_s": "/usr/lib/python2.6/site-packages/pykickstart/ko.pyc", "size_i": "1092", "regex": "false"},
	{"name_s": "/usr/lib/python2.6/site-packages/pykickstart/ko.pyo", "size_i": "1092", "regex": "false"},
	{"name_s": "/usr/lib/python2.6/site-packages/pykickstart/options.py", "size_i": "8595", "regex": "false"},
	{"name_s": "/usr/lib/python2.6/site-packages/pykickstart/options.pyc", "size_i": "8285", "regex": "false"},
	{"name_s": "/usr/lib/python2.6/site-packages/pykickstart/options.pyo", "size_i": "8285", "regex": "false"},
	{"name_s": "/usr/lib/python2.6/site-packages/pykickstart/parser.py", "size_i": "31206", "regex": "false"},
	{"name_s": "/usr/lib/python2.6/site-packages/pykickstart/parser.pyc", "size_i": "24686", "regex": "false"},
	{"name_s": "/usr/lib/python2.6/site-packages/pykickstart/parser.pyo", "size_i": "24686", "regex": "false"},
	{"name_s": "/usr/lib/python2.6/site-packages/pykickstart/version.py", "size_i": "6513", "regex": "false"},
	{"name_s": "/usr/lib/python2.6/site-packages/pykickstart/version.pyc", "size_i": "5986", "regex": "false"},
	{"name_s": "/usr/lib/python2.6/site-packages/pykickstart/version.pyo", "size_i": "5986", "regex": "false"},
	{"name_s": "/usr/share/doc/pykickstart-1.74.14", "size_i": "4096", "regex": "false"},
	{"name_s": "/usr/share/doc/pykickstart-1.74.14/COPYING", "size_i": "17982", "regex": "false"},
	{"name_s": "/usr/share/doc/pykickstart-1.74.14/ChangeLog", "size_i": "189353", "regex": "false"},
	{"name_s": "/usr/share/doc/pykickstart-1.74.14/README", "size_i": "178", "regex": "false"},
	{"name_s": "/usr/share/doc/pykickstart-1.74.14/kickstart-docs.txt", "size_i": "83788", "regex": "false"},
	{"name_s": "/usr/share/doc/pykickstart-1.74.14/programmers-guide", "size_i": "21897", "regex": "false"},
	{"name_s": "/usr/share/locale/af/LC_MESSAGES/pykickstart.mo", "size_i": "367", "regex": "false"},
	{"name_s": "/usr/share/locale/am/LC_MESSAGES/pykickstart.mo", "size_i": "367", "regex": "false"},
	{"name_s": "/usr/share/locale/ar/LC_MESSAGES/pykickstart.mo", "size_i": "367", "regex": "false"},
	{"name_s": "/usr/share/locale/as/LC_MESSAGES/pykickstart.mo", "size_i": "7008", "regex": "false"},
	{"name_s": "/usr/share/locale/ast/LC_MESSAGES/pykickstart.mo", "size_i": "4716", "regex": "false"},
	{"name_s": "/usr/share/locale/be/LC_MESSAGES/pykickstart.mo", "size_i": "367", "regex": "false"},
	{"name_s": "/usr/share/locale/bg/LC_MESSAGES/pykickstart.mo", "size_i": "5782", "regex": "false"},
	{"name_s": "/usr/share/locale/bn/LC_MESSAGES/pykickstart.mo", "size_i": "367", "regex": "false"},
	{"name_s": "/usr/share/locale/bn_IN/LC_MESSAGES/pykickstart.mo", "size_i": "7464", "regex": "false"},
	{"name_s": "/usr/share/locale/bs/LC_MESSAGES/pykickstart.mo", "size_i": "3010", "regex": "false"},
	{"name_s": "/usr/share/locale/ca/LC_MESSAGES/pykickstart.mo", "size_i": "4718", "regex": "false"},
	{"name_s": "/usr/share/locale/cs/LC_MESSAGES/pykickstart.mo", "size_i": "4752", "regex": "false"},
	{"name_s": "/usr/share/locale/cy/LC_MESSAGES/pykickstart.mo", "size_i": "367", "regex": "false"},
	{"name_s": "/usr/share/locale/da/LC_MESSAGES/pykickstart.mo", "size_i": "4733", "regex": "false"},
	{"name_s": "/usr/share/locale/de/LC_MESSAGES/pykickstart.mo", "size_i": "4976", "regex": "false"},
	{"name_s": "/usr/share/locale/de_CH/LC_MESSAGES/pykickstart.mo", "size_i": "4982", "regex": "false"},
	{"name_s": "/usr/share/locale/el/LC_MESSAGES/pykickstart.mo", "size_i": "6206", "regex": "false"},
	{"name_s": "/usr/share/locale/en_GB/LC_MESSAGES/pykickstart.mo", "size_i": "3642", "regex": "false"},
	{"name_s": "/usr/share/locale/es/LC_MESSAGES/pykickstart.mo", "size_i": "4958", "regex": "false"},
	{"name_s": "/usr/share/locale/et/LC_MESSAGES/pykickstart.mo", "size_i": "367", "regex": "false"},
	{"name_s": "/usr/share/locale/eu_ES/LC_MESSAGES/pykickstart.mo", "size_i": "367", "regex": "false"},
	{"name_s": "/usr/share/locale/fa/LC_MESSAGES/pykickstart.mo", "size_i": "5807", "regex": "false"},
	{"name_s": "/usr/share/locale/fi/LC_MESSAGES/pykickstart.mo", "size_i": "4691", "regex": "false"},
	{"name_s": "/usr/share/locale/fr/LC_MESSAGES/pykickstart.mo", "size_i": "4917", "regex": "false"},
	{"name_s": "/usr/share/locale/gl/LC_MESSAGES/pykickstart.mo", "size_i": "416", "regex": "false"},
	{"name_s": "/usr/share/locale/gu/LC_MESSAGES/pykickstart.mo", "size_i": "7325", "regex": "false"},
	{"name_s": "/usr/share/locale/he/LC_MESSAGES/pykickstart.mo", "size_i": "4960", "regex": "false"},
	{"name_s": "/usr/share/locale/hi/LC_MESSAGES/pykickstart.mo", "size_i": "7069", "regex": "false"},
	{"name_s": "/usr/share/locale/hr/LC_MESSAGES/pykickstart.mo", "size_i": "4774", "regex": "false"},
	{"name_s": "/usr/share/locale/hu/LC_MESSAGES/pykickstart.mo", "size_i": "4879", "regex": "false"},
	{"name_s": "/usr/share/locale/hy/LC_MESSAGES/pykickstart.mo", "size_i": "367", "regex": "false"},
	{"name_s": "/usr/share/locale/id/LC_MESSAGES/pykickstart.mo", "size_i": "4682", "regex": "false"},
	{"name_s": "/usr/share/locale/is/LC_MESSAGES/pykickstart.mo", "size_i": "4743", "regex": "false"},
	{"name_s": "/usr/share/locale/it/LC_MESSAGES/pykickstart.mo", "size_i": "4877", "regex": "false"},
	{"name_s": "/usr/share/locale/ja/LC_MESSAGES/pykickstart.mo", "size_i": "5494", "regex": "false"},
	{"name_s": "/usr/share/locale/ka/LC_MESSAGES/pykickstart.mo", "size_i": "548", "regex": "false"},
	{"name_s": "/usr/share/locale/kn/LC_MESSAGES/pykickstart.mo", "size_i": "7749", "regex": "false"},
	{"name_s": "/usr/share/locale/ko/LC_MESSAGES/pykickstart.mo", "size_i": "5153", "regex": "false"},
	{"name_s": "/usr/share/locale/ku/LC_MESSAGES/pykickstart.mo", "size_i": "367", "regex": "false"},
	{"name_s": "/usr/share/locale/lo/LC_MESSAGES/pykickstart.mo", "size_i": "367", "regex": "false"},
	{"name_s": "/usr/share/locale/lt/LC_MESSAGES/pykickstart.mo", "size_i": "367", "regex": "false"},
	{"name_s": "/usr/share/locale/lv/LC_MESSAGES/pykickstart.mo", "size_i": "367", "regex": "false"},
	{"name_s": "/usr/share/locale/mai/LC_MESSAGES/pykickstart.mo", "size_i": "5678", "regex": "false"},
	{"name_s": "/usr/share/locale/mk/LC_MESSAGES/pykickstart.mo", "size_i": "4905", "regex": "false"},
	{"name_s": "/usr/share/locale/ml/LC_MESSAGES/pykickstart.mo", "size_i": "7875", "regex": "false"},
	{"name_s": "/usr/share/locale/mr/LC_MESSAGES/pykickstart.mo", "size_i": "7359", "regex": "false"},
	{"name_s": "/usr/share/locale/ms/LC_MESSAGES/pykickstart.mo", "size_i": "3823", "regex": "false"},
	{"name_s": "/usr/share/locale/my/LC_MESSAGES/pykickstart.mo", "size_i": "367", "regex": "false"},
	{"name_s": "/usr/share/locale/nb/LC_MESSAGES/pykickstart.mo", "size_i": "4539", "regex": "false"},
	{"name_s": "/usr/share/locale/nl/LC_MESSAGES/pykickstart.mo", "size_i": "4723", "regex": "false"},
	{"name_s": "/usr/share/locale/nn/LC_MESSAGES/pykickstart.mo", "size_i": "367", "regex": "false"},
	{"name_s": "/usr/share/locale/nso/LC_MESSAGES/pykickstart.mo", "size_i": "367", "regex": "false"},
	{"name_s": "/usr/share/locale/or/LC_MESSAGES/pykickstart.mo", "size_i": "7712", "regex": "false"},
	{"name_s": "/usr/share/locale/pa/LC_MESSAGES/pykickstart.mo", "size_i": "6814", "regex": "false"},
	{"name_s": "/usr/share/locale/pl/LC_MESSAGES/pykickstart.mo", "size_i": "4716", "regex": "false"},
	{"name_s": "/usr/share/locale/pt/LC_MESSAGES/pykickstart.mo", "size_i": "5061", "regex": "false"},
	{"name_s": "/usr/share/locale/pt_BR/LC_MESSAGES/pykickstart.mo", "size_i": "4775", "regex": "false"},
	{"name_s": "/usr/share/locale/ro/LC_MESSAGES/pykickstart.mo", "size_i": "367", "regex": "false"},
	{"name_s": "/usr/share/locale/ru/LC_MESSAGES/pykickstart.mo", "size_i": "6009", "regex": "false"},
	{"name_s": "/usr/share/locale/si/LC_MESSAGES/pykickstart.mo", "size_i": "367", "regex": "false"},
	{"name_s": "/usr/share/locale/sk/LC_MESSAGES/pykickstart.mo", "size_i": "4770", "regex": "false"},
	{"name_s": "/usr/share/locale/sl/LC_MESSAGES/pykickstart.mo", "size_i": "3641", "regex": "false"},
	{"name_s": "/usr/share/locale/sq/LC_MESSAGES/pykickstart.mo", "size_i": "367", "regex": "false"},
	{"name_s": "/usr/share/locale/sr/LC_MESSAGES/pykickstart.mo", "size_i": "5756", "regex": "false"},
	{"name_s": "/usr/share/locale/sr@latin/LC_MESSAGES/pykickstart.mo", "size_i": "4684", "regex": "false"},
	{"name_s": "/usr/share/locale/sv/LC_MESSAGES/pykickstart.mo", "size_i": "4648", "regex": "false"},
	{"name_s": "/usr/share/locale/ta/LC_MESSAGES/pykickstart.mo", "size_i": "7720", "regex": "false"},
	{"name_s": "/usr/share/locale/te/LC_MESSAGES/pykickstart.mo", "size_i": "7230", "regex": "false"},
	{"name_s": "/usr/share/locale/th/LC_MESSAGES/pykickstart.mo", "size_i": "6477", "regex": "false"},
	{"name_s": "/usr/share/locale/tr/LC_MESSAGES/pykickstart.mo", "size_i": "665", "regex": "false"},
	{"name_s": "/usr/share/locale/uk/LC_MESSAGES/pykickstart.mo", "size_i": "5910", "regex": "false"},
	{"name_s": "/usr/share/locale/ur/LC_MESSAGES/pykickstart.mo", "size_i": "367", "regex": "false"},
	{"name_s": "/usr/share/locale/vi/LC_MESSAGES/pykickstart.mo", "size_i": "367", "regex": "false"},
	{"name_s": "/usr/share/locale/zh_CN/LC_MESSAGES/pykickstart.mo", "size_i": "4413", "regex": "false"},
	{"name_s": "/usr/share/locale/zh_TW/LC_MESSAGES/pykickstart.mo", "size_i": "4519", "regex": "false"},
	{"name_s": "/usr/share/locale/zu/LC_MESSAGES/pykickstart.mo", "size_i": "367", "regex": "false"}
]
