[
	{"name_s": "/opt/rh/python27/root/usr/lib64/python2.7/site-packages/pymongo", "size_i": "4096", "regex": "false"},
	{"name_s": "/opt/rh/python27/root/usr/lib64/python2.7/site-packages/pymongo-2.5.2-py2.7.egg-info", "size_i": "4096", "regex": "false"},
	{"name_s": "/opt/rh/python27/root/usr/lib64/python2.7/site-packages/pymongo-2.5.2-py2.7.egg-info/PKG-INFO", "size_i": "5428", "regex": "false"},
	{"name_s": "/opt/rh/python27/root/usr/lib64/python2.7/site-packages/pymongo-2.5.2-py2.7.egg-info/SOURCES.txt", "size_i": "3493", "regex": "false"},
	{"name_s": "/opt/rh/python27/root/usr/lib64/python2.7/site-packages/pymongo-2.5.2-py2.7.egg-info/dependency_links.txt", "size_i": "1", "regex": "false"},
	{"name_s": "/opt/rh/python27/root/usr/lib64/python2.7/site-packages/pymongo-2.5.2-py2.7.egg-info/top_level.txt", "size_i": "20", "regex": "false"},
	{"name_s": "/opt/rh/python27/root/usr/lib64/python2.7/site-packages/pymongo/__init__.py", "size_i": "2714", "regex": "false"},
	{"name_s": "/opt/rh/python27/root/usr/lib64/python2.7/site-packages/pymongo/__init__.pyc", "size_i": "1621", "regex": "false"},
	{"name_s": "/opt/rh/python27/root/usr/lib64/python2.7/site-packages/pymongo/__init__.pyo", "size_i": "1621", "regex": "false"},
	{"name_s": "/opt/rh/python27/root/usr/lib64/python2.7/site-packages/pymongo/_cmessage.so", "size_i": "12904", "regex": "false"},
	{"name_s": "/opt/rh/python27/root/usr/lib64/python2.7/site-packages/pymongo/auth.py", "size_i": "6635", "regex": "false"},
	{"name_s": "/opt/rh/python27/root/usr/lib64/python2.7/site-packages/pymongo/auth.pyc", "size_i": "4471", "regex": "false"},
	{"name_s": "/opt/rh/python27/root/usr/lib64/python2.7/site-packages/pymongo/auth.pyo", "size_i": "4471", "regex": "false"},
	{"name_s": "/opt/rh/python27/root/usr/lib64/python2.7/site-packages/pymongo/collection.py", "size_i": "63266", "regex": "false"},
	{"name_s": "/opt/rh/python27/root/usr/lib64/python2.7/site-packages/pymongo/collection.pyc", "size_i": "61095", "regex": "false"},
	{"name_s": "/opt/rh/python27/root/usr/lib64/python2.7/site-packages/pymongo/collection.pyo", "size_i": "61095", "regex": "false"},
	{"name_s": "/opt/rh/python27/root/usr/lib64/python2.7/site-packages/pymongo/common.py", "size_i": "22876", "regex": "false"},
	{"name_s": "/opt/rh/python27/root/usr/lib64/python2.7/site-packages/pymongo/common.pyc", "size_i": "23176", "regex": "false"},
	{"name_s": "/opt/rh/python27/root/usr/lib64/python2.7/site-packages/pymongo/common.pyo", "size_i": "23176", "regex": "false"},
	{"name_s": "/opt/rh/python27/root/usr/lib64/python2.7/site-packages/pymongo/connection.py", "size_i": "11244", "regex": "false"},
	{"name_s": "/opt/rh/python27/root/usr/lib64/python2.7/site-packages/pymongo/connection.pyc", "size_i": "11331", "regex": "false"},
	{"name_s": "/opt/rh/python27/root/usr/lib64/python2.7/site-packages/pymongo/connection.pyo", "size_i": "11331", "regex": "false"},
	{"name_s": "/opt/rh/python27/root/usr/lib64/python2.7/site-packages/pymongo/cursor.py", "size_i": "33081", "regex": "false"},
	{"name_s": "/opt/rh/python27/root/usr/lib64/python2.7/site-packages/pymongo/cursor.pyc", "size_i": "29502", "regex": "false"},
	{"name_s": "/opt/rh/python27/root/usr/lib64/python2.7/site-packages/pymongo/cursor.pyo", "size_i": "29367", "regex": "false"},
	{"name_s": "/opt/rh/python27/root/usr/lib64/python2.7/site-packages/pymongo/cursor_manager.py", "size_i": "2844", "regex": "false"},
	{"name_s": "/opt/rh/python27/root/usr/lib64/python2.7/site-packages/pymongo/cursor_manager.pyc", "size_i": "3478", "regex": "false"},
	{"name_s": "/opt/rh/python27/root/usr/lib64/python2.7/site-packages/pymongo/cursor_manager.pyo", "size_i": "3478", "regex": "false"},
	{"name_s": "/opt/rh/python27/root/usr/lib64/python2.7/site-packages/pymongo/database.py", "size_i": "33419", "regex": "false"},
	{"name_s": "/opt/rh/python27/root/usr/lib64/python2.7/site-packages/pymongo/database.pyc", "size_i": "35923", "regex": "false"},
	{"name_s": "/opt/rh/python27/root/usr/lib64/python2.7/site-packages/pymongo/database.pyo", "size_i": "35854", "regex": "false"},
	{"name_s": "/opt/rh/python27/root/usr/lib64/python2.7/site-packages/pymongo/errors.py", "size_i": "2884", "regex": "false"},
	{"name_s": "/opt/rh/python27/root/usr/lib64/python2.7/site-packages/pymongo/errors.pyc", "size_i": "4888", "regex": "false"},
	{"name_s": "/opt/rh/python27/root/usr/lib64/python2.7/site-packages/pymongo/errors.pyo", "size_i": "4888", "regex": "false"},
	{"name_s": "/opt/rh/python27/root/usr/lib64/python2.7/site-packages/pymongo/helpers.py", "size_i": "6642", "regex": "false"},
	{"name_s": "/opt/rh/python27/root/usr/lib64/python2.7/site-packages/pymongo/helpers.pyc", "size_i": "5751", "regex": "false"},
	{"name_s": "/opt/rh/python27/root/usr/lib64/python2.7/site-packages/pymongo/helpers.pyo", "size_i": "5667", "regex": "false"},
	{"name_s": "/opt/rh/python27/root/usr/lib64/python2.7/site-packages/pymongo/master_slave_connection.py", "size_i": "11402", "regex": "false"},
	{"name_s": "/opt/rh/python27/root/usr/lib64/python2.7/site-packages/pymongo/master_slave_connection.pyc", "size_i": "13099", "regex": "false"},
	{"name_s": "/opt/rh/python27/root/usr/lib64/python2.7/site-packages/pymongo/master_slave_connection.pyo", "size_i": "13099", "regex": "false"},
	{"name_s": "/opt/rh/python27/root/usr/lib64/python2.7/site-packages/pymongo/message.py", "size_i": "5972", "regex": "false"},
	{"name_s": "/opt/rh/python27/root/usr/lib64/python2.7/site-packages/pymongo/message.pyc", "size_i": "5626", "regex": "false"},
	{"name_s": "/opt/rh/python27/root/usr/lib64/python2.7/site-packages/pymongo/message.pyo", "size_i": "5626", "regex": "false"},
	{"name_s": "/opt/rh/python27/root/usr/lib64/python2.7/site-packages/pymongo/mongo_client.py", "size_i": "50068", "regex": "false"},
	{"name_s": "/opt/rh/python27/root/usr/lib64/python2.7/site-packages/pymongo/mongo_client.pyc", "size_i": "47421", "regex": "false"},
	{"name_s": "/opt/rh/python27/root/usr/lib64/python2.7/site-packages/pymongo/mongo_client.pyo", "size_i": "47186", "regex": "false"},
	{"name_s": "/opt/rh/python27/root/usr/lib64/python2.7/site-packages/pymongo/mongo_replica_set_client.py", "size_i": "67598", "regex": "false"},
	{"name_s": "/opt/rh/python27/root/usr/lib64/python2.7/site-packages/pymongo/mongo_replica_set_client.pyc", "size_i": "63661", "regex": "false"},
	{"name_s": "/opt/rh/python27/root/usr/lib64/python2.7/site-packages/pymongo/mongo_replica_set_client.pyo", "size_i": "63484", "regex": "false"},
	{"name_s": "/opt/rh/python27/root/usr/lib64/python2.7/site-packages/pymongo/pool.py", "size_i": "17543", "regex": "false"},
	{"name_s": "/opt/rh/python27/root/usr/lib64/python2.7/site-packages/pymongo/pool.pyc", "size_i": "15171", "regex": "false"},
	{"name_s": "/opt/rh/python27/root/usr/lib64/python2.7/site-packages/pymongo/pool.pyo", "size_i": "15171", "regex": "false"},
	{"name_s": "/opt/rh/python27/root/usr/lib64/python2.7/site-packages/pymongo/read_preferences.py", "size_i": "6554", "regex": "false"},
	{"name_s": "/opt/rh/python27/root/usr/lib64/python2.7/site-packages/pymongo/read_preferences.pyc", "size_i": "6264", "regex": "false"},
	{"name_s": "/opt/rh/python27/root/usr/lib64/python2.7/site-packages/pymongo/read_preferences.pyo", "size_i": "6228", "regex": "false"},
	{"name_s": "/opt/rh/python27/root/usr/lib64/python2.7/site-packages/pymongo/replica_set_connection.py", "size_i": "11240", "regex": "false"},
	{"name_s": "/opt/rh/python27/root/usr/lib64/python2.7/site-packages/pymongo/replica_set_connection.pyc", "size_i": "11178", "regex": "false"},
	{"name_s": "/opt/rh/python27/root/usr/lib64/python2.7/site-packages/pymongo/replica_set_connection.pyo", "size_i": "11178", "regex": "false"},
	{"name_s": "/opt/rh/python27/root/usr/lib64/python2.7/site-packages/pymongo/son_manipulator.py", "size_i": "5968", "regex": "false"},
	{"name_s": "/opt/rh/python27/root/usr/lib64/python2.7/site-packages/pymongo/son_manipulator.pyc", "size_i": "7553", "regex": "false"},
	{"name_s": "/opt/rh/python27/root/usr/lib64/python2.7/site-packages/pymongo/son_manipulator.pyo", "size_i": "7553", "regex": "false"},
	{"name_s": "/opt/rh/python27/root/usr/lib64/python2.7/site-packages/pymongo/ssl_match_hostname.py", "size_i": "2180", "regex": "false"},
	{"name_s": "/opt/rh/python27/root/usr/lib64/python2.7/site-packages/pymongo/ssl_match_hostname.pyc", "size_i": "2224", "regex": "false"},
	{"name_s": "/opt/rh/python27/root/usr/lib64/python2.7/site-packages/pymongo/ssl_match_hostname.pyo", "size_i": "2224", "regex": "false"},
	{"name_s": "/opt/rh/python27/root/usr/lib64/python2.7/site-packages/pymongo/thread_util.py", "size_i": "4121", "regex": "false"},
	{"name_s": "/opt/rh/python27/root/usr/lib64/python2.7/site-packages/pymongo/thread_util.pyc", "size_i": "6445", "regex": "false"},
	{"name_s": "/opt/rh/python27/root/usr/lib64/python2.7/site-packages/pymongo/thread_util.pyo", "size_i": "6445", "regex": "false"},
	{"name_s": "/opt/rh/python27/root/usr/lib64/python2.7/site-packages/pymongo/uri_parser.py", "size_i": "10009", "regex": "false"},
	{"name_s": "/opt/rh/python27/root/usr/lib64/python2.7/site-packages/pymongo/uri_parser.pyc", "size_i": "9472", "regex": "false"},
	{"name_s": "/opt/rh/python27/root/usr/lib64/python2.7/site-packages/pymongo/uri_parser.pyo", "size_i": "9472", "regex": "false"},
	{"name_s": "/opt/rh/python27/root/usr/share/doc/python27-python-pymongo-2.5.2", "size_i": "4096", "regex": "false"},
	{"name_s": "/opt/rh/python27/root/usr/share/doc/python27-python-pymongo-2.5.2/LICENSE", "size_i": "11358", "regex": "false"},
	{"name_s": "/opt/rh/python27/root/usr/share/doc/python27-python-pymongo-2.5.2/PKG-INFO", "size_i": "5428", "regex": "false"},
	{"name_s": "/opt/rh/python27/root/usr/share/doc/python27-python-pymongo-2.5.2/README.rst", "size_i": "3270", "regex": "false"},
	{"name_s": "/opt/rh/python27/root/usr/share/doc/python27-python-pymongo-2.5.2/doc", "size_i": "4096", "regex": "false"},
	{"name_s": "/opt/rh/python27/root/usr/share/doc/python27-python-pymongo-2.5.2/doc/__init__.py", "size_i": "1", "regex": "false"},
	{"name_s": "/opt/rh/python27/root/usr/share/doc/python27-python-pymongo-2.5.2/doc/api", "size_i": "4096", "regex": "false"},
	{"name_s": "/opt/rh/python27/root/usr/share/doc/python27-python-pymongo-2.5.2/doc/api/bson", "size_i": "4096", "regex": "false"},
	{"name_s": "/opt/rh/python27/root/usr/share/doc/python27-python-pymongo-2.5.2/doc/api/bson/binary.rst", "size_i": "723", "regex": "false"},
	{"name_s": "/opt/rh/python27/root/usr/share/doc/python27-python-pymongo-2.5.2/doc/api/bson/code.rst", "size_i": "285", "regex": "false"},
	{"name_s": "/opt/rh/python27/root/usr/share/doc/python27-python-pymongo-2.5.2/doc/api/bson/dbref.rst", "size_i": "309", "regex": "false"},
	{"name_s": "/opt/rh/python27/root/usr/share/doc/python27-python-pymongo-2.5.2/doc/api/bson/errors.rst", "size_i": "221", "regex": "false"},
	{"name_s": "/opt/rh/python27/root/usr/share/doc/python27-python-pymongo-2.5.2/doc/api/bson/index.rst", "size_i": "362", "regex": "false"},
	{"name_s": "/opt/rh/python27/root/usr/share/doc/python27-python-pymongo-2.5.2/doc/api/bson/json_util.rst", "size_i": "330", "regex": "false"},
	{"name_s": "/opt/rh/python27/root/usr/share/doc/python27-python-pymongo-2.5.2/doc/api/bson/max_key.rst", "size_i": "271", "regex": "false"},
	{"name_s": "/opt/rh/python27/root/usr/share/doc/python27-python-pymongo-2.5.2/doc/api/bson/min_key.rst", "size_i": "271", "regex": "false"},
	{"name_s": "/opt/rh/python27/root/usr/share/doc/python27-python-pymongo-2.5.2/doc/api/bson/objectid.rst", "size_i": "703", "regex": "false"},
	{"name_s": "/opt/rh/python27/root/usr/share/doc/python27-python-pymongo-2.5.2/doc/api/bson/son.rst", "size_i": "222", "regex": "false"},
	{"name_s": "/opt/rh/python27/root/usr/share/doc/python27-python-pymongo-2.5.2/doc/api/bson/timestamp.rst", "size_i": "274", "regex": "false"},
	{"name_s": "/opt/rh/python27/root/usr/share/doc/python27-python-pymongo-2.5.2/doc/api/bson/tz_util.rst", "size_i": "234", "regex": "false"},
	{"name_s": "/opt/rh/python27/root/usr/share/doc/python27-python-pymongo-2.5.2/doc/api/gridfs", "size_i": "4096", "regex": "false"},
	{"name_s": "/opt/rh/python27/root/usr/share/doc/python27-python-pymongo-2.5.2/doc/api/gridfs/errors.rst", "size_i": "228", "regex": "false"},
	{"name_s": "/opt/rh/python27/root/usr/share/doc/python27-python-pymongo-2.5.2/doc/api/gridfs/grid_file.rst", "size_i": "446", "regex": "false"},
	{"name_s": "/opt/rh/python27/root/usr/share/doc/python27-python-pymongo-2.5.2/doc/api/gridfs/index.rst", "size_i": "243", "regex": "false"},
	{"name_s": "/opt/rh/python27/root/usr/share/doc/python27-python-pymongo-2.5.2/doc/api/index.rst", "size_i": "485", "regex": "false"},
	{"name_s": "/opt/rh/python27/root/usr/share/doc/python27-python-pymongo-2.5.2/doc/api/pymongo", "size_i": "4096", "regex": "false"},
	{"name_s": "/opt/rh/python27/root/usr/share/doc/python27-python-pymongo-2.5.2/doc/api/pymongo/collection.rst", "size_i": "2540", "regex": "false"},
	{"name_s": "/opt/rh/python27/root/usr/share/doc/python27-python-pymongo-2.5.2/doc/api/pymongo/connection.rst", "size_i": "1904", "regex": "false"},
	{"name_s": "/opt/rh/python27/root/usr/share/doc/python27-python-pymongo-2.5.2/doc/api/pymongo/cursor.rst", "size_i": "378", "regex": "false"},
	{"name_s": "/opt/rh/python27/root/usr/share/doc/python27-python-pymongo-2.5.2/doc/api/pymongo/cursor_manager.rst", "size_i": "331", "regex": "false"},
	{"name_s": "/opt/rh/python27/root/usr/share/doc/python27-python-pymongo-2.5.2/doc/api/pymongo/database.rst", "size_i": "1227", "regex": "false"},
	{"name_s": "/opt/rh/python27/root/usr/share/doc/python27-python-pymongo-2.5.2/doc/api/pymongo/errors.rst", "size_i": "230", "regex": "false"},
	{"name_s": "/opt/rh/python27/root/usr/share/doc/python27-python-pymongo-2.5.2/doc/api/pymongo/index.rst", "size_i": "740", "regex": "false"},
	{"name_s": "/opt/rh/python27/root/usr/share/doc/python27-python-pymongo-2.5.2/doc/api/pymongo/master_slave_connection.rst", "size_i": "504", "regex": "false"},
	{"name_s": "/opt/rh/python27/root/usr/share/doc/python27-python-pymongo-2.5.2/doc/api/pymongo/message.rst", "size_i": "246", "regex": "false"},
	{"name_s": "/opt/rh/python27/root/usr/share/doc/python27-python-pymongo-2.5.2/doc/api/pymongo/mongo_client.rst", "size_i": "1690", "regex": "false"},
	{"name_s": "/opt/rh/python27/root/usr/share/doc/python27-python-pymongo-2.5.2/doc/api/pymongo/mongo_replica_set_client.rst", "size_i": "1549", "regex": "false"},
	{"name_s": "/opt/rh/python27/root/usr/share/doc/python27-python-pymongo-2.5.2/doc/api/pymongo/pool.rst", "size_i": "221", "regex": "false"},
	{"name_s": "/opt/rh/python27/root/usr/share/doc/python27-python-pymongo-2.5.2/doc/api/pymongo/replica_set_connection.rst", "size_i": "1703", "regex": "false"},
	{"name_s": "/opt/rh/python27/root/usr/share/doc/python27-python-pymongo-2.5.2/doc/api/pymongo/son_manipulator.rst", "size_i": "336", "regex": "false"},
	{"name_s": "/opt/rh/python27/root/usr/share/doc/python27-python-pymongo-2.5.2/doc/api/pymongo/uri_parser.rst", "size_i": "232", "regex": "false"},
	{"name_s": "/opt/rh/python27/root/usr/share/doc/python27-python-pymongo-2.5.2/doc/changelog.rst", "size_i": "44534", "regex": "false"},
	{"name_s": "/opt/rh/python27/root/usr/share/doc/python27-python-pymongo-2.5.2/doc/conf.py", "size_i": "5075", "regex": "false"},
	{"name_s": "/opt/rh/python27/root/usr/share/doc/python27-python-pymongo-2.5.2/doc/contributors.rst", "size_i": "1796", "regex": "false"},
	{"name_s": "/opt/rh/python27/root/usr/share/doc/python27-python-pymongo-2.5.2/doc/examples", "size_i": "4096", "regex": "false"},
	{"name_s": "/opt/rh/python27/root/usr/share/doc/python27-python-pymongo-2.5.2/doc/examples/aggregation.rst", "size_i": "6586", "regex": "false"},
	{"name_s": "/opt/rh/python27/root/usr/share/doc/python27-python-pymongo-2.5.2/doc/examples/custom_type.rst", "size_i": "6771", "regex": "false"},
	{"name_s": "/opt/rh/python27/root/usr/share/doc/python27-python-pymongo-2.5.2/doc/examples/geo.rst", "size_i": "2409", "regex": "false"},
	{"name_s": "/opt/rh/python27/root/usr/share/doc/python27-python-pymongo-2.5.2/doc/examples/gevent.rst", "size_i": "1948", "regex": "false"},
	{"name_s": "/opt/rh/python27/root/usr/share/doc/python27-python-pymongo-2.5.2/doc/examples/gridfs.rst", "size_i": "2298", "regex": "false"},
	{"name_s": "/opt/rh/python27/root/usr/share/doc/python27-python-pymongo-2.5.2/doc/examples/high_availability.rst", "size_i": "13768", "regex": "false"},
	{"name_s": "/opt/rh/python27/root/usr/share/doc/python27-python-pymongo-2.5.2/doc/examples/index.rst", "size_i": "550", "regex": "false"},
	{"name_s": "/opt/rh/python27/root/usr/share/doc/python27-python-pymongo-2.5.2/doc/examples/requests.rst", "size_i": "3705", "regex": "false"},
	{"name_s": "/opt/rh/python27/root/usr/share/doc/python27-python-pymongo-2.5.2/doc/faq.rst", "size_i": "14623", "regex": "false"},
	{"name_s": "/opt/rh/python27/root/usr/share/doc/python27-python-pymongo-2.5.2/doc/index.rst", "size_i": "2495", "regex": "false"},
	{"name_s": "/opt/rh/python27/root/usr/share/doc/python27-python-pymongo-2.5.2/doc/installation.rst", "size_i": "7183", "regex": "false"},
	{"name_s": "/opt/rh/python27/root/usr/share/doc/python27-python-pymongo-2.5.2/doc/mongo_extensions.py", "size_i": "3278", "regex": "false"},
	{"name_s": "/opt/rh/python27/root/usr/share/doc/python27-python-pymongo-2.5.2/doc/python3.rst", "size_i": "7213", "regex": "false"},
	{"name_s": "/opt/rh/python27/root/usr/share/doc/python27-python-pymongo-2.5.2/doc/tools.rst", "size_i": "5831", "regex": "false"},
	{"name_s": "/opt/rh/python27/root/usr/share/doc/python27-python-pymongo-2.5.2/doc/tutorial.rst", "size_i": "13087", "regex": "false"}
]
