[
	{"name_s": "/opt/rh/python27/root/usr/lib64/python2.7/site-packages/gridfs", "size_i": "4096", "regex": "false"},
	{"name_s": "/opt/rh/python27/root/usr/lib64/python2.7/site-packages/gridfs/__init__.py", "size_i": "11413", "regex": "false"},
	{"name_s": "/opt/rh/python27/root/usr/lib64/python2.7/site-packages/gridfs/__init__.pyc", "size_i": "11868", "regex": "false"},
	{"name_s": "/opt/rh/python27/root/usr/lib64/python2.7/site-packages/gridfs/__init__.pyo", "size_i": "11868", "regex": "false"},
	{"name_s": "/opt/rh/python27/root/usr/lib64/python2.7/site-packages/gridfs/errors.py", "size_i": "1602", "regex": "false"},
	{"name_s": "/opt/rh/python27/root/usr/lib64/python2.7/site-packages/gridfs/errors.pyc", "size_i": "2115", "regex": "false"},
	{"name_s": "/opt/rh/python27/root/usr/lib64/python2.7/site-packages/gridfs/errors.pyo", "size_i": "2115", "regex": "false"},
	{"name_s": "/opt/rh/python27/root/usr/lib64/python2.7/site-packages/gridfs/grid_file.py", "size_i": "20953", "regex": "false"},
	{"name_s": "/opt/rh/python27/root/usr/lib64/python2.7/site-packages/gridfs/grid_file.pyc", "size_i": "21272", "regex": "false"},
	{"name_s": "/opt/rh/python27/root/usr/lib64/python2.7/site-packages/gridfs/grid_file.pyo", "size_i": "21219", "regex": "false"},
	{"name_s": "/opt/rh/python27/root/usr/share/doc/python27-python-pymongo-gridfs-2.5.2", "size_i": "4096", "regex": "false"},
	{"name_s": "/opt/rh/python27/root/usr/share/doc/python27-python-pymongo-gridfs-2.5.2/LICENSE", "size_i": "11358", "regex": "false"},
	{"name_s": "/opt/rh/python27/root/usr/share/doc/python27-python-pymongo-gridfs-2.5.2/PKG-INFO", "size_i": "5428", "regex": "false"},
	{"name_s": "/opt/rh/python27/root/usr/share/doc/python27-python-pymongo-gridfs-2.5.2/README.rst", "size_i": "3270", "regex": "false"},
	{"name_s": "/opt/rh/python27/root/usr/share/doc/python27-python-pymongo-gridfs-2.5.2/doc", "size_i": "4096", "regex": "false"},
	{"name_s": "/opt/rh/python27/root/usr/share/doc/python27-python-pymongo-gridfs-2.5.2/doc/__init__.py", "size_i": "1", "regex": "false"},
	{"name_s": "/opt/rh/python27/root/usr/share/doc/python27-python-pymongo-gridfs-2.5.2/doc/api", "size_i": "4096", "regex": "false"},
	{"name_s": "/opt/rh/python27/root/usr/share/doc/python27-python-pymongo-gridfs-2.5.2/doc/api/bson", "size_i": "4096", "regex": "false"},
	{"name_s": "/opt/rh/python27/root/usr/share/doc/python27-python-pymongo-gridfs-2.5.2/doc/api/bson/binary.rst", "size_i": "723", "regex": "false"},
	{"name_s": "/opt/rh/python27/root/usr/share/doc/python27-python-pymongo-gridfs-2.5.2/doc/api/bson/code.rst", "size_i": "285", "regex": "false"},
	{"name_s": "/opt/rh/python27/root/usr/share/doc/python27-python-pymongo-gridfs-2.5.2/doc/api/bson/dbref.rst", "size_i": "309", "regex": "false"},
	{"name_s": "/opt/rh/python27/root/usr/share/doc/python27-python-pymongo-gridfs-2.5.2/doc/api/bson/errors.rst", "size_i": "221", "regex": "false"},
	{"name_s": "/opt/rh/python27/root/usr/share/doc/python27-python-pymongo-gridfs-2.5.2/doc/api/bson/index.rst", "size_i": "362", "regex": "false"},
	{"name_s": "/opt/rh/python27/root/usr/share/doc/python27-python-pymongo-gridfs-2.5.2/doc/api/bson/json_util.rst", "size_i": "330", "regex": "false"},
	{"name_s": "/opt/rh/python27/root/usr/share/doc/python27-python-pymongo-gridfs-2.5.2/doc/api/bson/max_key.rst", "size_i": "271", "regex": "false"},
	{"name_s": "/opt/rh/python27/root/usr/share/doc/python27-python-pymongo-gridfs-2.5.2/doc/api/bson/min_key.rst", "size_i": "271", "regex": "false"},
	{"name_s": "/opt/rh/python27/root/usr/share/doc/python27-python-pymongo-gridfs-2.5.2/doc/api/bson/objectid.rst", "size_i": "703", "regex": "false"},
	{"name_s": "/opt/rh/python27/root/usr/share/doc/python27-python-pymongo-gridfs-2.5.2/doc/api/bson/son.rst", "size_i": "222", "regex": "false"},
	{"name_s": "/opt/rh/python27/root/usr/share/doc/python27-python-pymongo-gridfs-2.5.2/doc/api/bson/timestamp.rst", "size_i": "274", "regex": "false"},
	{"name_s": "/opt/rh/python27/root/usr/share/doc/python27-python-pymongo-gridfs-2.5.2/doc/api/bson/tz_util.rst", "size_i": "234", "regex": "false"},
	{"name_s": "/opt/rh/python27/root/usr/share/doc/python27-python-pymongo-gridfs-2.5.2/doc/api/gridfs", "size_i": "4096", "regex": "false"},
	{"name_s": "/opt/rh/python27/root/usr/share/doc/python27-python-pymongo-gridfs-2.5.2/doc/api/gridfs/errors.rst", "size_i": "228", "regex": "false"},
	{"name_s": "/opt/rh/python27/root/usr/share/doc/python27-python-pymongo-gridfs-2.5.2/doc/api/gridfs/grid_file.rst", "size_i": "446", "regex": "false"},
	{"name_s": "/opt/rh/python27/root/usr/share/doc/python27-python-pymongo-gridfs-2.5.2/doc/api/gridfs/index.rst", "size_i": "243", "regex": "false"},
	{"name_s": "/opt/rh/python27/root/usr/share/doc/python27-python-pymongo-gridfs-2.5.2/doc/api/index.rst", "size_i": "485", "regex": "false"},
	{"name_s": "/opt/rh/python27/root/usr/share/doc/python27-python-pymongo-gridfs-2.5.2/doc/api/pymongo", "size_i": "4096", "regex": "false"},
	{"name_s": "/opt/rh/python27/root/usr/share/doc/python27-python-pymongo-gridfs-2.5.2/doc/api/pymongo/collection.rst", "size_i": "2540", "regex": "false"},
	{"name_s": "/opt/rh/python27/root/usr/share/doc/python27-python-pymongo-gridfs-2.5.2/doc/api/pymongo/connection.rst", "size_i": "1904", "regex": "false"},
	{"name_s": "/opt/rh/python27/root/usr/share/doc/python27-python-pymongo-gridfs-2.5.2/doc/api/pymongo/cursor.rst", "size_i": "378", "regex": "false"},
	{"name_s": "/opt/rh/python27/root/usr/share/doc/python27-python-pymongo-gridfs-2.5.2/doc/api/pymongo/cursor_manager.rst", "size_i": "331", "regex": "false"},
	{"name_s": "/opt/rh/python27/root/usr/share/doc/python27-python-pymongo-gridfs-2.5.2/doc/api/pymongo/database.rst", "size_i": "1227", "regex": "false"},
	{"name_s": "/opt/rh/python27/root/usr/share/doc/python27-python-pymongo-gridfs-2.5.2/doc/api/pymongo/errors.rst", "size_i": "230", "regex": "false"},
	{"name_s": "/opt/rh/python27/root/usr/share/doc/python27-python-pymongo-gridfs-2.5.2/doc/api/pymongo/index.rst", "size_i": "740", "regex": "false"},
	{"name_s": "/opt/rh/python27/root/usr/share/doc/python27-python-pymongo-gridfs-2.5.2/doc/api/pymongo/master_slave_connection.rst", "size_i": "504", "regex": "false"},
	{"name_s": "/opt/rh/python27/root/usr/share/doc/python27-python-pymongo-gridfs-2.5.2/doc/api/pymongo/message.rst", "size_i": "246", "regex": "false"},
	{"name_s": "/opt/rh/python27/root/usr/share/doc/python27-python-pymongo-gridfs-2.5.2/doc/api/pymongo/mongo_client.rst", "size_i": "1690", "regex": "false"},
	{"name_s": "/opt/rh/python27/root/usr/share/doc/python27-python-pymongo-gridfs-2.5.2/doc/api/pymongo/mongo_replica_set_client.rst", "size_i": "1549", "regex": "false"},
	{"name_s": "/opt/rh/python27/root/usr/share/doc/python27-python-pymongo-gridfs-2.5.2/doc/api/pymongo/pool.rst", "size_i": "221", "regex": "false"},
	{"name_s": "/opt/rh/python27/root/usr/share/doc/python27-python-pymongo-gridfs-2.5.2/doc/api/pymongo/replica_set_connection.rst", "size_i": "1703", "regex": "false"},
	{"name_s": "/opt/rh/python27/root/usr/share/doc/python27-python-pymongo-gridfs-2.5.2/doc/api/pymongo/son_manipulator.rst", "size_i": "336", "regex": "false"},
	{"name_s": "/opt/rh/python27/root/usr/share/doc/python27-python-pymongo-gridfs-2.5.2/doc/api/pymongo/uri_parser.rst", "size_i": "232", "regex": "false"},
	{"name_s": "/opt/rh/python27/root/usr/share/doc/python27-python-pymongo-gridfs-2.5.2/doc/changelog.rst", "size_i": "44534", "regex": "false"},
	{"name_s": "/opt/rh/python27/root/usr/share/doc/python27-python-pymongo-gridfs-2.5.2/doc/conf.py", "size_i": "5075", "regex": "false"},
	{"name_s": "/opt/rh/python27/root/usr/share/doc/python27-python-pymongo-gridfs-2.5.2/doc/contributors.rst", "size_i": "1796", "regex": "false"},
	{"name_s": "/opt/rh/python27/root/usr/share/doc/python27-python-pymongo-gridfs-2.5.2/doc/examples", "size_i": "4096", "regex": "false"},
	{"name_s": "/opt/rh/python27/root/usr/share/doc/python27-python-pymongo-gridfs-2.5.2/doc/examples/aggregation.rst", "size_i": "6586", "regex": "false"},
	{"name_s": "/opt/rh/python27/root/usr/share/doc/python27-python-pymongo-gridfs-2.5.2/doc/examples/custom_type.rst", "size_i": "6771", "regex": "false"},
	{"name_s": "/opt/rh/python27/root/usr/share/doc/python27-python-pymongo-gridfs-2.5.2/doc/examples/geo.rst", "size_i": "2409", "regex": "false"},
	{"name_s": "/opt/rh/python27/root/usr/share/doc/python27-python-pymongo-gridfs-2.5.2/doc/examples/gevent.rst", "size_i": "1948", "regex": "false"},
	{"name_s": "/opt/rh/python27/root/usr/share/doc/python27-python-pymongo-gridfs-2.5.2/doc/examples/gridfs.rst", "size_i": "2298", "regex": "false"},
	{"name_s": "/opt/rh/python27/root/usr/share/doc/python27-python-pymongo-gridfs-2.5.2/doc/examples/high_availability.rst", "size_i": "13768", "regex": "false"},
	{"name_s": "/opt/rh/python27/root/usr/share/doc/python27-python-pymongo-gridfs-2.5.2/doc/examples/index.rst", "size_i": "550", "regex": "false"},
	{"name_s": "/opt/rh/python27/root/usr/share/doc/python27-python-pymongo-gridfs-2.5.2/doc/examples/requests.rst", "size_i": "3705", "regex": "false"},
	{"name_s": "/opt/rh/python27/root/usr/share/doc/python27-python-pymongo-gridfs-2.5.2/doc/faq.rst", "size_i": "14623", "regex": "false"},
	{"name_s": "/opt/rh/python27/root/usr/share/doc/python27-python-pymongo-gridfs-2.5.2/doc/index.rst", "size_i": "2495", "regex": "false"},
	{"name_s": "/opt/rh/python27/root/usr/share/doc/python27-python-pymongo-gridfs-2.5.2/doc/installation.rst", "size_i": "7183", "regex": "false"},
	{"name_s": "/opt/rh/python27/root/usr/share/doc/python27-python-pymongo-gridfs-2.5.2/doc/mongo_extensions.py", "size_i": "3278", "regex": "false"},
	{"name_s": "/opt/rh/python27/root/usr/share/doc/python27-python-pymongo-gridfs-2.5.2/doc/python3.rst", "size_i": "7213", "regex": "false"},
	{"name_s": "/opt/rh/python27/root/usr/share/doc/python27-python-pymongo-gridfs-2.5.2/doc/tools.rst", "size_i": "5831", "regex": "false"},
	{"name_s": "/opt/rh/python27/root/usr/share/doc/python27-python-pymongo-gridfs-2.5.2/doc/tutorial.rst", "size_i": "13087", "regex": "false"}
]
