[
	{"name_s": "/usr/bin/markdown", "size_i": "1271", "regex": "false"},
	{"name_s": "/usr/lib/python2.6/site-packages/Markdown-2.0.1-py2.6.egg-info", "size_i": "1340", "regex": "false"},
	{"name_s": "/usr/lib/python2.6/site-packages/markdown", "size_i": "4096", "regex": "false"},
	{"name_s": "/usr/lib/python2.6/site-packages/markdown/__init__.py", "size_i": "21496", "regex": "false"},
	{"name_s": "/usr/lib/python2.6/site-packages/markdown/__init__.pyc", "size_i": "18151", "regex": "false"},
	{"name_s": "/usr/lib/python2.6/site-packages/markdown/__init__.pyo", "size_i": "18151", "regex": "false"},
	{"name_s": "/usr/lib/python2.6/site-packages/markdown/blockparser.py", "size_i": "3358", "regex": "false"},
	{"name_s": "/usr/lib/python2.6/site-packages/markdown/blockparser.pyc", "size_i": "4608", "regex": "false"},
	{"name_s": "/usr/lib/python2.6/site-packages/markdown/blockparser.pyo", "size_i": "4608", "regex": "false"},
	{"name_s": "/usr/lib/python2.6/site-packages/markdown/blockprocessors.py", "size_i": "17769", "regex": "false"},
	{"name_s": "/usr/lib/python2.6/site-packages/markdown/blockprocessors.pyc", "size_i": "17263", "regex": "false"},
	{"name_s": "/usr/lib/python2.6/site-packages/markdown/blockprocessors.pyo", "size_i": "17263", "regex": "false"},
	{"name_s": "/usr/lib/python2.6/site-packages/markdown/commandline.py", "size_i": "3534", "regex": "false"},
	{"name_s": "/usr/lib/python2.6/site-packages/markdown/commandline.pyc", "size_i": "3205", "regex": "false"},
	{"name_s": "/usr/lib/python2.6/site-packages/markdown/commandline.pyo", "size_i": "3205", "regex": "false"},
	{"name_s": "/usr/lib/python2.6/site-packages/markdown/etree_loader.py", "size_i": "1287", "regex": "false"},
	{"name_s": "/usr/lib/python2.6/site-packages/markdown/etree_loader.pyc", "size_i": "1212", "regex": "false"},
	{"name_s": "/usr/lib/python2.6/site-packages/markdown/etree_loader.pyo", "size_i": "1212", "regex": "false"},
	{"name_s": "/usr/lib/python2.6/site-packages/markdown/extensions", "size_i": "4096", "regex": "false"},
	{"name_s": "/usr/lib/python2.6/site-packages/markdown/extensions/__init__.py", "size_i": "0", "regex": "false"},
	{"name_s": "/usr/lib/python2.6/site-packages/markdown/extensions/__init__.pyc", "size_i": "151", "regex": "false"},
	{"name_s": "/usr/lib/python2.6/site-packages/markdown/extensions/__init__.pyo", "size_i": "151", "regex": "false"},
	{"name_s": "/usr/lib/python2.6/site-packages/markdown/extensions/abbr.py", "size_i": "2899", "regex": "false"},
	{"name_s": "/usr/lib/python2.6/site-packages/markdown/extensions/abbr.pyc", "size_i": "4294", "regex": "false"},
	{"name_s": "/usr/lib/python2.6/site-packages/markdown/extensions/abbr.pyo", "size_i": "4294", "regex": "false"},
	{"name_s": "/usr/lib/python2.6/site-packages/markdown/extensions/codehilite.py", "size_i": "7673", "regex": "false"},
	{"name_s": "/usr/lib/python2.6/site-packages/markdown/extensions/codehilite.pyc", "size_i": "8129", "regex": "false"},
	{"name_s": "/usr/lib/python2.6/site-packages/markdown/extensions/codehilite.pyo", "size_i": "8129", "regex": "false"},
	{"name_s": "/usr/lib/python2.6/site-packages/markdown/extensions/def_list.py", "size_i": "3170", "regex": "false"},
	{"name_s": "/usr/lib/python2.6/site-packages/markdown/extensions/def_list.pyc", "size_i": "4047", "regex": "false"},
	{"name_s": "/usr/lib/python2.6/site-packages/markdown/extensions/def_list.pyo", "size_i": "4047", "regex": "false"},
	{"name_s": "/usr/lib/python2.6/site-packages/markdown/extensions/extra.py", "size_i": "1739", "regex": "false"},
	{"name_s": "/usr/lib/python2.6/site-packages/markdown/extensions/extra.pyc", "size_i": "2323", "regex": "false"},
	{"name_s": "/usr/lib/python2.6/site-packages/markdown/extensions/extra.pyo", "size_i": "2323", "regex": "false"},
	{"name_s": "/usr/lib/python2.6/site-packages/markdown/extensions/fenced_code.py", "size_i": "3423", "regex": "false"},
	{"name_s": "/usr/lib/python2.6/site-packages/markdown/extensions/fenced_code.pyc", "size_i": "4371", "regex": "false"},
	{"name_s": "/usr/lib/python2.6/site-packages/markdown/extensions/fenced_code.pyo", "size_i": "4371", "regex": "false"},
	{"name_s": "/usr/lib/python2.6/site-packages/markdown/extensions/footnotes.py", "size_i": "10055", "regex": "false"},
	{"name_s": "/usr/lib/python2.6/site-packages/markdown/extensions/footnotes.pyc", "size_i": "11433", "regex": "false"},
	{"name_s": "/usr/lib/python2.6/site-packages/markdown/extensions/footnotes.pyo", "size_i": "11433", "regex": "false"},
	{"name_s": "/usr/lib/python2.6/site-packages/markdown/extensions/headerid.py", "size_i": "6326", "regex": "false"},
	{"name_s": "/usr/lib/python2.6/site-packages/markdown/extensions/headerid.pyc", "size_i": "7470", "regex": "false"},
	{"name_s": "/usr/lib/python2.6/site-packages/markdown/extensions/headerid.pyo", "size_i": "7470", "regex": "false"},
	{"name_s": "/usr/lib/python2.6/site-packages/markdown/extensions/html_tidy.py", "size_i": "2071", "regex": "false"},
	{"name_s": "/usr/lib/python2.6/site-packages/markdown/extensions/html_tidy.pyc", "size_i": "2756", "regex": "false"},
	{"name_s": "/usr/lib/python2.6/site-packages/markdown/extensions/html_tidy.pyo", "size_i": "2756", "regex": "false"},
	{"name_s": "/usr/lib/python2.6/site-packages/markdown/extensions/imagelinks.py", "size_i": "3491", "regex": "false"},
	{"name_s": "/usr/lib/python2.6/site-packages/markdown/extensions/imagelinks.pyc", "size_i": "3311", "regex": "false"},
	{"name_s": "/usr/lib/python2.6/site-packages/markdown/extensions/imagelinks.pyo", "size_i": "3311", "regex": "false"},
	{"name_s": "/usr/lib/python2.6/site-packages/markdown/extensions/meta.py", "size_i": "2590", "regex": "false"},
	{"name_s": "/usr/lib/python2.6/site-packages/markdown/extensions/meta.pyc", "size_i": "3275", "regex": "false"},
	{"name_s": "/usr/lib/python2.6/site-packages/markdown/extensions/meta.pyo", "size_i": "3275", "regex": "false"},
	{"name_s": "/usr/lib/python2.6/site-packages/markdown/extensions/rss.py", "size_i": "3693", "regex": "false"},
	{"name_s": "/usr/lib/python2.6/site-packages/markdown/extensions/rss.pyc", "size_i": "4337", "regex": "false"},
	{"name_s": "/usr/lib/python2.6/site-packages/markdown/extensions/rss.pyo", "size_i": "4337", "regex": "false"},
	{"name_s": "/usr/lib/python2.6/site-packages/markdown/extensions/tables.py", "size_i": "3079", "regex": "false"},
	{"name_s": "/usr/lib/python2.6/site-packages/markdown/extensions/tables.pyc", "size_i": "3877", "regex": "false"},
	{"name_s": "/usr/lib/python2.6/site-packages/markdown/extensions/tables.pyo", "size_i": "3877", "regex": "false"},
	{"name_s": "/usr/lib/python2.6/site-packages/markdown/extensions/toc.py", "size_i": "5098", "regex": "false"},
	{"name_s": "/usr/lib/python2.6/site-packages/markdown/extensions/toc.pyc", "size_i": "4466", "regex": "false"},
	{"name_s": "/usr/lib/python2.6/site-packages/markdown/extensions/toc.pyo", "size_i": "4466", "regex": "false"},
	{"name_s": "/usr/lib/python2.6/site-packages/markdown/extensions/wikilinks.py", "size_i": "5292", "regex": "false"},
	{"name_s": "/usr/lib/python2.6/site-packages/markdown/extensions/wikilinks.pyc", "size_i": "6281", "regex": "false"},
	{"name_s": "/usr/lib/python2.6/site-packages/markdown/extensions/wikilinks.pyo", "size_i": "6281", "regex": "false"},
	{"name_s": "/usr/lib/python2.6/site-packages/markdown/html4.py", "size_i": "9672", "regex": "false"},
	{"name_s": "/usr/lib/python2.6/site-packages/markdown/html4.pyc", "size_i": "7065", "regex": "false"},
	{"name_s": "/usr/lib/python2.6/site-packages/markdown/html4.pyo", "size_i": "7019", "regex": "false"},
	{"name_s": "/usr/lib/python2.6/site-packages/markdown/inlinepatterns.py", "size_i": "12179", "regex": "false"},
	{"name_s": "/usr/lib/python2.6/site-packages/markdown/inlinepatterns.pyc", "size_i": "15952", "regex": "false"},
	{"name_s": "/usr/lib/python2.6/site-packages/markdown/inlinepatterns.pyo", "size_i": "15952", "regex": "false"},
	{"name_s": "/usr/lib/python2.6/site-packages/markdown/odict.py", "size_i": "5157", "regex": "false"},
	{"name_s": "/usr/lib/python2.6/site-packages/markdown/odict.pyc", "size_i": "7396", "regex": "false"},
	{"name_s": "/usr/lib/python2.6/site-packages/markdown/odict.pyo", "size_i": "7396", "regex": "false"},
	{"name_s": "/usr/lib/python2.6/site-packages/markdown/postprocessors.py", "size_i": "2471", "regex": "false"},
	{"name_s": "/usr/lib/python2.6/site-packages/markdown/postprocessors.pyc", "size_i": "3693", "regex": "false"},
	{"name_s": "/usr/lib/python2.6/site-packages/markdown/postprocessors.pyo", "size_i": "3693", "regex": "false"},
	{"name_s": "/usr/lib/python2.6/site-packages/markdown/preprocessors.py", "size_i": "7128", "regex": "false"},
	{"name_s": "/usr/lib/python2.6/site-packages/markdown/preprocessors.pyc", "size_i": "7415", "regex": "false"},
	{"name_s": "/usr/lib/python2.6/site-packages/markdown/preprocessors.pyo", "size_i": "7415", "regex": "false"},
	{"name_s": "/usr/lib/python2.6/site-packages/markdown/treeprocessors.py", "size_i": "11432", "regex": "false"},
	{"name_s": "/usr/lib/python2.6/site-packages/markdown/treeprocessors.pyc", "size_i": "11083", "regex": "false"},
	{"name_s": "/usr/lib/python2.6/site-packages/markdown/treeprocessors.pyo", "size_i": "11083", "regex": "false"},
	{"name_s": "/usr/share/doc/python-markdown-2.0.1", "size_i": "4096", "regex": "false"},
	{"name_s": "/usr/share/doc/python-markdown-2.0.1/AUTHORS", "size_i": "1367", "regex": "false"},
	{"name_s": "/usr/share/doc/python-markdown-2.0.1/CHANGE_LOG", "size_i": "6568", "regex": "false"},
	{"name_s": "/usr/share/doc/python-markdown-2.0.1/INSTALL", "size_i": "2359", "regex": "false"},
	{"name_s": "/usr/share/doc/python-markdown-2.0.1/LICENSE", "size_i": "1663", "regex": "false"},
	{"name_s": "/usr/share/doc/python-markdown-2.0.1/README", "size_i": "1155", "regex": "false"},
	{"name_s": "/usr/share/doc/python-markdown-2.0.1/README.html", "size_i": "1182", "regex": "false"},
	{"name_s": "/usr/share/doc/python-markdown-2.0.1/command_line.txt", "size_i": "3766", "regex": "false"},
	{"name_s": "/usr/share/doc/python-markdown-2.0.1/extensions", "size_i": "4096", "regex": "false"},
	{"name_s": "/usr/share/doc/python-markdown-2.0.1/extensions/Abbreviations.txt", "size_i": "1350", "regex": "false"},
	{"name_s": "/usr/share/doc/python-markdown-2.0.1/extensions/CodeHilite.txt", "size_i": "3189", "regex": "false"},
	{"name_s": "/usr/share/doc/python-markdown-2.0.1/extensions/Definition_Lists.txt", "size_i": "1249", "regex": "false"},
	{"name_s": "/usr/share/doc/python-markdown-2.0.1/extensions/Fenced_Code_Blocks.txt", "size_i": "1569", "regex": "false"},
	{"name_s": "/usr/share/doc/python-markdown-2.0.1/extensions/HTML_Tidy.txt", "size_i": "1323", "regex": "false"},
	{"name_s": "/usr/share/doc/python-markdown-2.0.1/extensions/HeaderId.txt", "size_i": "2598", "regex": "false"},
	{"name_s": "/usr/share/doc/python-markdown-2.0.1/extensions/ImageLinks.txt", "size_i": "461", "regex": "false"},
	{"name_s": "/usr/share/doc/python-markdown-2.0.1/extensions/Meta-Data.txt", "size_i": "3055", "regex": "false"},
	{"name_s": "/usr/share/doc/python-markdown-2.0.1/extensions/RSS.txt", "size_i": "915", "regex": "false"},
	{"name_s": "/usr/share/doc/python-markdown-2.0.1/extensions/Tables.txt", "size_i": "876", "regex": "false"},
	{"name_s": "/usr/share/doc/python-markdown-2.0.1/extensions/Tables_of_Contents.txt", "size_i": "1390", "regex": "false"},
	{"name_s": "/usr/share/doc/python-markdown-2.0.1/extensions/WikiLinks.txt", "size_i": "4245", "regex": "false"},
	{"name_s": "/usr/share/doc/python-markdown-2.0.1/extensions/extra.txt", "size_i": "1437", "regex": "false"},
	{"name_s": "/usr/share/doc/python-markdown-2.0.1/extensions/footnotes.txt", "size_i": "1799", "regex": "false"},
	{"name_s": "/usr/share/doc/python-markdown-2.0.1/extensions/index.txt", "size_i": "1312", "regex": "false"},
	{"name_s": "/usr/share/doc/python-markdown-2.0.1/release-2.0.1.txt", "size_i": "776", "regex": "false"},
	{"name_s": "/usr/share/doc/python-markdown-2.0.1/release-2.0.txt", "size_i": "3230", "regex": "false"},
	{"name_s": "/usr/share/doc/python-markdown-2.0.1/using_as_module.txt", "size_i": "5660", "regex": "false"},
	{"name_s": "/usr/share/doc/python-markdown-2.0.1/writing_extensions.txt", "size_i": "25122", "regex": "false"}
]
