[
	{"name_s": "/opt/rh/python33/root/usr/bin/pygmentize", "size_i": "326", "regex": "false"},
	{"name_s": "/opt/rh/python33/root/usr/lib/python3.3/site-packages/Pygments-1.5-py3.3.egg-info", "size_i": "4096", "regex": "false"},
	{"name_s": "/opt/rh/python33/root/usr/lib/python3.3/site-packages/Pygments-1.5-py3.3.egg-info/PKG-INFO", "size_i": "1944", "regex": "false"},
	{"name_s": "/opt/rh/python33/root/usr/lib/python3.3/site-packages/Pygments-1.5-py3.3.egg-info/SOURCES.txt", "size_i": "15463", "regex": "false"},
	{"name_s": "/opt/rh/python33/root/usr/lib/python3.3/site-packages/Pygments-1.5-py3.3.egg-info/dependency_links.txt", "size_i": "1", "regex": "false"},
	{"name_s": "/opt/rh/python33/root/usr/lib/python3.3/site-packages/Pygments-1.5-py3.3.egg-info/entry_points.txt", "size_i": "54", "regex": "false"},
	{"name_s": "/opt/rh/python33/root/usr/lib/python3.3/site-packages/Pygments-1.5-py3.3.egg-info/not-zip-safe", "size_i": "1", "regex": "false"},
	{"name_s": "/opt/rh/python33/root/usr/lib/python3.3/site-packages/Pygments-1.5-py3.3.egg-info/top_level.txt", "size_i": "9", "regex": "false"},
	{"name_s": "/opt/rh/python33/root/usr/lib/python3.3/site-packages/pygments", "size_i": "4096", "regex": "false"},
	{"name_s": "/opt/rh/python33/root/usr/lib/python3.3/site-packages/pygments/__init__.py", "size_i": "2978", "regex": "false"},
	{"name_s": "/opt/rh/python33/root/usr/lib/python3.3/site-packages/pygments/__pycache__", "size_i": "4096", "regex": "false"},
	{"name_s": "/opt/rh/python33/root/usr/lib/python3.3/site-packages/pygments/__pycache__/__init__.cpython-33.pyc", "size_i": "3630", "regex": "false"},
	{"name_s": "/opt/rh/python33/root/usr/lib/python3.3/site-packages/pygments/__pycache__/__init__.cpython-33.pyo", "size_i": "3630", "regex": "false"},
	{"name_s": "/opt/rh/python33/root/usr/lib/python3.3/site-packages/pygments/__pycache__/cmdline.cpython-33.pyc", "size_i": "12162", "regex": "false"},
	{"name_s": "/opt/rh/python33/root/usr/lib/python3.3/site-packages/pygments/__pycache__/cmdline.cpython-33.pyo", "size_i": "12162", "regex": "false"},
	{"name_s": "/opt/rh/python33/root/usr/lib/python3.3/site-packages/pygments/__pycache__/console.cpython-33.pyc", "size_i": "2638", "regex": "false"},
	{"name_s": "/opt/rh/python33/root/usr/lib/python3.3/site-packages/pygments/__pycache__/console.cpython-33.pyo", "size_i": "2638", "regex": "false"},
	{"name_s": "/opt/rh/python33/root/usr/lib/python3.3/site-packages/pygments/__pycache__/filter.cpython-33.pyc", "size_i": "4056", "regex": "false"},
	{"name_s": "/opt/rh/python33/root/usr/lib/python3.3/site-packages/pygments/__pycache__/filter.cpython-33.pyo", "size_i": "4056", "regex": "false"},
	{"name_s": "/opt/rh/python33/root/usr/lib/python3.3/site-packages/pygments/__pycache__/formatter.cpython-33.pyc", "size_i": "3845", "regex": "false"},
	{"name_s": "/opt/rh/python33/root/usr/lib/python3.3/site-packages/pygments/__pycache__/formatter.cpython-33.pyo", "size_i": "3845", "regex": "false"},
	{"name_s": "/opt/rh/python33/root/usr/lib/python3.3/site-packages/pygments/__pycache__/lexer.cpython-33.pyc", "size_i": "28270", "regex": "false"},
	{"name_s": "/opt/rh/python33/root/usr/lib/python3.3/site-packages/pygments/__pycache__/lexer.cpython-33.pyo", "size_i": "27354", "regex": "false"},
	{"name_s": "/opt/rh/python33/root/usr/lib/python3.3/site-packages/pygments/__pycache__/plugin.cpython-33.pyc", "size_i": "2913", "regex": "false"},
	{"name_s": "/opt/rh/python33/root/usr/lib/python3.3/site-packages/pygments/__pycache__/plugin.cpython-33.pyo", "size_i": "2913", "regex": "false"},
	{"name_s": "/opt/rh/python33/root/usr/lib/python3.3/site-packages/pygments/__pycache__/scanner.cpython-33.pyc", "size_i": "4988", "regex": "false"},
	{"name_s": "/opt/rh/python33/root/usr/lib/python3.3/site-packages/pygments/__pycache__/scanner.cpython-33.pyo", "size_i": "4988", "regex": "false"},
	{"name_s": "/opt/rh/python33/root/usr/lib/python3.3/site-packages/pygments/__pycache__/style.cpython-33.pyc", "size_i": "4797", "regex": "false"},
	{"name_s": "/opt/rh/python33/root/usr/lib/python3.3/site-packages/pygments/__pycache__/style.cpython-33.pyo", "size_i": "4719", "regex": "false"},
	{"name_s": "/opt/rh/python33/root/usr/lib/python3.3/site-packages/pygments/__pycache__/token.cpython-33.pyc", "size_i": "5780", "regex": "false"},
	{"name_s": "/opt/rh/python33/root/usr/lib/python3.3/site-packages/pygments/__pycache__/token.cpython-33.pyo", "size_i": "5780", "regex": "false"},
	{"name_s": "/opt/rh/python33/root/usr/lib/python3.3/site-packages/pygments/__pycache__/unistring.cpython-33.pyc", "size_i": "209137", "regex": "false"},
	{"name_s": "/opt/rh/python33/root/usr/lib/python3.3/site-packages/pygments/__pycache__/unistring.cpython-33.pyo", "size_i": "209137", "regex": "false"},
	{"name_s": "/opt/rh/python33/root/usr/lib/python3.3/site-packages/pygments/__pycache__/util.cpython-33.pyc", "size_i": "9531", "regex": "false"},
	{"name_s": "/opt/rh/python33/root/usr/lib/python3.3/site-packages/pygments/__pycache__/util.cpython-33.pyo", "size_i": "9531", "regex": "false"},
	{"name_s": "/opt/rh/python33/root/usr/lib/python3.3/site-packages/pygments/cmdline.py", "size_i": "13348", "regex": "false"},
	{"name_s": "/opt/rh/python33/root/usr/lib/python3.3/site-packages/pygments/console.py", "size_i": "1850", "regex": "false"},
	{"name_s": "/opt/rh/python33/root/usr/lib/python3.3/site-packages/pygments/filter.py", "size_i": "2071", "regex": "false"},
	{"name_s": "/opt/rh/python33/root/usr/lib/python3.3/site-packages/pygments/filters", "size_i": "4096", "regex": "false"},
	{"name_s": "/opt/rh/python33/root/usr/lib/python3.3/site-packages/pygments/filters/__init__.py", "size_i": "11498", "regex": "false"},
	{"name_s": "/opt/rh/python33/root/usr/lib/python3.3/site-packages/pygments/filters/__pycache__", "size_i": "4096", "regex": "false"},
	{"name_s": "/opt/rh/python33/root/usr/lib/python3.3/site-packages/pygments/filters/__pycache__/__init__.cpython-33.pyc", "size_i": "17835", "regex": "false"},
	{"name_s": "/opt/rh/python33/root/usr/lib/python3.3/site-packages/pygments/filters/__pycache__/__init__.cpython-33.pyo", "size_i": "17835", "regex": "false"},
	{"name_s": "/opt/rh/python33/root/usr/lib/python3.3/site-packages/pygments/formatter.py", "size_i": "2783", "regex": "false"},
	{"name_s": "/opt/rh/python33/root/usr/lib/python3.3/site-packages/pygments/formatters", "size_i": "4096", "regex": "false"},
	{"name_s": "/opt/rh/python33/root/usr/lib/python3.3/site-packages/pygments/formatters/__init__.py", "size_i": "1827", "regex": "false"},
	{"name_s": "/opt/rh/python33/root/usr/lib/python3.3/site-packages/pygments/formatters/__pycache__", "size_i": "4096", "regex": "false"},
	{"name_s": "/opt/rh/python33/root/usr/lib/python3.3/site-packages/pygments/formatters/__pycache__/__init__.cpython-33.pyc", "size_i": "3458", "regex": "false"},
	{"name_s": "/opt/rh/python33/root/usr/lib/python3.3/site-packages/pygments/formatters/__pycache__/__init__.cpython-33.pyo", "size_i": "3458", "regex": "false"},
	{"name_s": "/opt/rh/python33/root/usr/lib/python3.3/site-packages/pygments/formatters/__pycache__/_mapping.cpython-33.pyc", "size_i": "8124", "regex": "false"},
	{"name_s": "/opt/rh/python33/root/usr/lib/python3.3/site-packages/pygments/formatters/__pycache__/_mapping.cpython-33.pyo", "size_i": "8124", "regex": "false"},
	{"name_s": "/opt/rh/python33/root/usr/lib/python3.3/site-packages/pygments/formatters/__pycache__/bbcode.cpython-33.pyc", "size_i": "4028", "regex": "false"},
	{"name_s": "/opt/rh/python33/root/usr/lib/python3.3/site-packages/pygments/formatters/__pycache__/bbcode.cpython-33.pyo", "size_i": "4028", "regex": "false"},
	{"name_s": "/opt/rh/python33/root/usr/lib/python3.3/site-packages/pygments/formatters/__pycache__/html.cpython-33.pyc", "size_i": "29052", "regex": "false"},
	{"name_s": "/opt/rh/python33/root/usr/lib/python3.3/site-packages/pygments/formatters/__pycache__/html.cpython-33.pyo", "size_i": "29052", "regex": "false"},
	{"name_s": "/opt/rh/python33/root/usr/lib/python3.3/site-packages/pygments/formatters/__pycache__/img.cpython-33.pyc", "size_i": "23244", "regex": "false"},
	{"name_s": "/opt/rh/python33/root/usr/lib/python3.3/site-packages/pygments/formatters/__pycache__/img.cpython-33.pyo", "size_i": "23244", "regex": "false"},
	{"name_s": "/opt/rh/python33/root/usr/lib/python3.3/site-packages/pygments/formatters/__pycache__/latex.cpython-33.pyc", "size_i": "12153", "regex": "false"},
	{"name_s": "/opt/rh/python33/root/usr/lib/python3.3/site-packages/pygments/formatters/__pycache__/latex.cpython-33.pyo", "size_i": "12153", "regex": "false"},
	{"name_s": "/opt/rh/python33/root/usr/lib/python3.3/site-packages/pygments/formatters/__pycache__/other.cpython-33.pyc", "size_i": "5841", "regex": "false"},
	{"name_s": "/opt/rh/python33/root/usr/lib/python3.3/site-packages/pygments/formatters/__pycache__/other.cpython-33.pyo", "size_i": "5841", "regex": "false"},
	{"name_s": "/opt/rh/python33/root/usr/lib/python3.3/site-packages/pygments/formatters/__pycache__/rtf.cpython-33.pyc", "size_i": "4930", "regex": "false"},
	{"name_s": "/opt/rh/python33/root/usr/lib/python3.3/site-packages/pygments/formatters/__pycache__/rtf.cpython-33.pyo", "size_i": "4930", "regex": "false"},
	{"name_s": "/opt/rh/python33/root/usr/lib/python3.3/site-packages/pygments/formatters/__pycache__/svg.cpython-33.pyc", "size_i": "6727", "regex": "false"},
	{"name_s": "/opt/rh/python33/root/usr/lib/python3.3/site-packages/pygments/formatters/__pycache__/svg.cpython-33.pyo", "size_i": "6727", "regex": "false"},
	{"name_s": "/opt/rh/python33/root/usr/lib/python3.3/site-packages/pygments/formatters/__pycache__/terminal.cpython-33.pyc", "size_i": "5250", "regex": "false"},
	{"name_s": "/opt/rh/python33/root/usr/lib/python3.3/site-packages/pygments/formatters/__pycache__/terminal.cpython-33.pyo", "size_i": "5250", "regex": "false"},
	{"name_s": "/opt/rh/python33/root/usr/lib/python3.3/site-packages/pygments/formatters/__pycache__/terminal256.cpython-33.pyc", "size_i": "8926", "regex": "false"},
	{"name_s": "/opt/rh/python33/root/usr/lib/python3.3/site-packages/pygments/formatters/__pycache__/terminal256.cpython-33.pyo", "size_i": "8926", "regex": "false"},
	{"name_s": "/opt/rh/python33/root/usr/lib/python3.3/site-packages/pygments/formatters/_mapping.py", "size_i": "5505", "regex": "false"},
	{"name_s": "/opt/rh/python33/root/usr/lib/python3.3/site-packages/pygments/formatters/bbcode.py", "size_i": "3314", "regex": "false"},
	{"name_s": "/opt/rh/python33/root/usr/lib/python3.3/site-packages/pygments/formatters/html.py", "size_i": "28044", "regex": "false"},
	{"name_s": "/opt/rh/python33/root/usr/lib/python3.3/site-packages/pygments/formatters/img.py", "size_i": "18045", "regex": "false"},
	{"name_s": "/opt/rh/python33/root/usr/lib/python3.3/site-packages/pygments/formatters/latex.py", "size_i": "13673", "regex": "false"},
	{"name_s": "/opt/rh/python33/root/usr/lib/python3.3/site-packages/pygments/formatters/other.py", "size_i": "3856", "regex": "false"},
	{"name_s": "/opt/rh/python33/root/usr/lib/python3.3/site-packages/pygments/formatters/rtf.py", "size_i": "4536", "regex": "false"},
	{"name_s": "/opt/rh/python33/root/usr/lib/python3.3/site-packages/pygments/formatters/svg.py", "size_i": "5867", "regex": "false"},
	{"name_s": "/opt/rh/python33/root/usr/lib/python3.3/site-packages/pygments/formatters/terminal.py", "size_i": "4065", "regex": "false"},
	{"name_s": "/opt/rh/python33/root/usr/lib/python3.3/site-packages/pygments/formatters/terminal256.py", "size_i": "7657", "regex": "false"},
	{"name_s": "/opt/rh/python33/root/usr/lib/python3.3/site-packages/pygments/lexer.py", "size_i": "24466", "regex": "false"},
	{"name_s": "/opt/rh/python33/root/usr/lib/python3.3/site-packages/pygments/lexers", "size_i": "4096", "regex": "false"},
	{"name_s": "/opt/rh/python33/root/usr/lib/python3.3/site-packages/pygments/lexers/__init__.py", "size_i": "7397", "regex": "false"},
	{"name_s": "/opt/rh/python33/root/usr/lib/python3.3/site-packages/pygments/lexers/__pycache__", "size_i": "4096", "regex": "false"},
	{"name_s": "/opt/rh/python33/root/usr/lib/python3.3/site-packages/pygments/lexers/__pycache__/__init__.cpython-33.pyc", "size_i": "9376", "regex": "false"},
	{"name_s": "/opt/rh/python33/root/usr/lib/python3.3/site-packages/pygments/lexers/__pycache__/__init__.cpython-33.pyo", "size_i": "9376", "regex": "false"},
	{"name_s": "/opt/rh/python33/root/usr/lib/python3.3/site-packages/pygments/lexers/__pycache__/_asybuiltins.cpython-33.pyc", "size_i": "30311", "regex": "false"},
	{"name_s": "/opt/rh/python33/root/usr/lib/python3.3/site-packages/pygments/lexers/__pycache__/_asybuiltins.cpython-33.pyo", "size_i": "30311", "regex": "false"},
	{"name_s": "/opt/rh/python33/root/usr/lib/python3.3/site-packages/pygments/lexers/__pycache__/_clbuiltins.cpython-33.pyc", "size_i": "17076", "regex": "false"},
	{"name_s": "/opt/rh/python33/root/usr/lib/python3.3/site-packages/pygments/lexers/__pycache__/_clbuiltins.cpython-33.pyo", "size_i": "17076", "regex": "false"},
	{"name_s": "/opt/rh/python33/root/usr/lib/python3.3/site-packages/pygments/lexers/__pycache__/_luabuiltins.cpython-33.pyc", "size_i": "9281", "regex": "false"},
	{"name_s": "/opt/rh/python33/root/usr/lib/python3.3/site-packages/pygments/lexers/__pycache__/_luabuiltins.cpython-33.pyo", "size_i": "9281", "regex": "false"},
	{"name_s": "/opt/rh/python33/root/usr/lib/python3.3/site-packages/pygments/lexers/__pycache__/_mapping.cpython-33.pyc", "size_i": "62105", "regex": "false"},
	{"name_s": "/opt/rh/python33/root/usr/lib/python3.3/site-packages/pygments/lexers/__pycache__/_mapping.cpython-33.pyo", "size_i": "62105", "regex": "false"},
	{"name_s": "/opt/rh/python33/root/usr/lib/python3.3/site-packages/pygments/lexers/__pycache__/_phpbuiltins.cpython-33.pyc", "size_i": "101752", "regex": "false"},
	{"name_s": "/opt/rh/python33/root/usr/lib/python3.3/site-packages/pygments/lexers/__pycache__/_phpbuiltins.cpython-33.pyo", "size_i": "101752", "regex": "false"},
	{"name_s": "/opt/rh/python33/root/usr/lib/python3.3/site-packages/pygments/lexers/__pycache__/_postgres_builtins.cpython-33.pyc", "size_i": "13753", "regex": "false"},
	{"name_s": "/opt/rh/python33/root/usr/lib/python3.3/site-packages/pygments/lexers/__pycache__/_postgres_builtins.cpython-33.pyo", "size_i": "13753", "regex": "false"},
	{"name_s": "/opt/rh/python33/root/usr/lib/python3.3/site-packages/pygments/lexers/__pycache__/_scilab_builtins.cpython-33.pyc", "size_i": "43852", "regex": "false"},
	{"name_s": "/opt/rh/python33/root/usr/lib/python3.3/site-packages/pygments/lexers/__pycache__/_scilab_builtins.cpython-33.pyo", "size_i": "43852", "regex": "false"},
	{"name_s": "/opt/rh/python33/root/usr/lib/python3.3/site-packages/pygments/lexers/__pycache__/_vimbuiltins.cpython-33.pyc", "size_i": "41861", "regex": "false"},
	{"name_s": "/opt/rh/python33/root/usr/lib/python3.3/site-packages/pygments/lexers/__pycache__/_vimbuiltins.cpython-33.pyo", "size_i": "41861", "regex": "false"},
	{"name_s": "/opt/rh/python33/root/usr/lib/python3.3/site-packages/pygments/lexers/__pycache__/agile.cpython-33.pyc", "size_i": "62485", "regex": "false"},
	{"name_s": "/opt/rh/python33/root/usr/lib/python3.3/site-packages/pygments/lexers/__pycache__/agile.cpython-33.pyo", "size_i": "62485", "regex": "false"},
	{"name_s": "/opt/rh/python33/root/usr/lib/python3.3/site-packages/pygments/lexers/__pycache__/asm.cpython-33.pyc", "size_i": "12358", "regex": "false"},
	{"name_s": "/opt/rh/python33/root/usr/lib/python3.3/site-packages/pygments/lexers/__pycache__/asm.cpython-33.pyo", "size_i": "12358", "regex": "false"},
	{"name_s": "/opt/rh/python33/root/usr/lib/python3.3/site-packages/pygments/lexers/__pycache__/compiled.cpython-33.pyc", "size_i": "100234", "regex": "false"},
	{"name_s": "/opt/rh/python33/root/usr/lib/python3.3/site-packages/pygments/lexers/__pycache__/compiled.cpython-33.pyo", "size_i": "100234", "regex": "false"},
	{"name_s": "/opt/rh/python33/root/usr/lib/python3.3/site-packages/pygments/lexers/__pycache__/dotnet.cpython-33.pyc", "size_i": "24736", "regex": "false"},
	{"name_s": "/opt/rh/python33/root/usr/lib/python3.3/site-packages/pygments/lexers/__pycache__/dotnet.cpython-33.pyo", "size_i": "24736", "regex": "false"},
	{"name_s": "/opt/rh/python33/root/usr/lib/python3.3/site-packages/pygments/lexers/__pycache__/functional.cpython-33.pyc", "size_i": "57497", "regex": "false"},
	{"name_s": "/opt/rh/python33/root/usr/lib/python3.3/site-packages/pygments/lexers/__pycache__/functional.cpython-33.pyo", "size_i": "57497", "regex": "false"},
	{"name_s": "/opt/rh/python33/root/usr/lib/python3.3/site-packages/pygments/lexers/__pycache__/hdl.cpython-33.pyc", "size_i": "14734", "regex": "false"},
	{"name_s": "/opt/rh/python33/root/usr/lib/python3.3/site-packages/pygments/lexers/__pycache__/hdl.cpython-33.pyo", "size_i": "14734", "regex": "false"},
	{"name_s": "/opt/rh/python33/root/usr/lib/python3.3/site-packages/pygments/lexers/__pycache__/jvm.cpython-33.pyc", "size_i": "34109", "regex": "false"},
	{"name_s": "/opt/rh/python33/root/usr/lib/python3.3/site-packages/pygments/lexers/__pycache__/jvm.cpython-33.pyo", "size_i": "34109", "regex": "false"},
	{"name_s": "/opt/rh/python33/root/usr/lib/python3.3/site-packages/pygments/lexers/__pycache__/math.cpython-33.pyc", "size_i": "43084", "regex": "false"},
	{"name_s": "/opt/rh/python33/root/usr/lib/python3.3/site-packages/pygments/lexers/__pycache__/math.cpython-33.pyo", "size_i": "43084", "regex": "false"},
	{"name_s": "/opt/rh/python33/root/usr/lib/python3.3/site-packages/pygments/lexers/__pycache__/other.cpython-33.pyc", "size_i": "141359", "regex": "false"},
	{"name_s": "/opt/rh/python33/root/usr/lib/python3.3/site-packages/pygments/lexers/__pycache__/other.cpython-33.pyo", "size_i": "141359", "regex": "false"},
	{"name_s": "/opt/rh/python33/root/usr/lib/python3.3/site-packages/pygments/lexers/__pycache__/parsers.cpython-33.pyc", "size_i": "27529", "regex": "false"},
	{"name_s": "/opt/rh/python33/root/usr/lib/python3.3/site-packages/pygments/lexers/__pycache__/parsers.cpython-33.pyo", "size_i": "27529", "regex": "false"},
	{"name_s": "/opt/rh/python33/root/usr/lib/python3.3/site-packages/pygments/lexers/__pycache__/shell.cpython-33.pyc", "size_i": "12910", "regex": "false"},
	{"name_s": "/opt/rh/python33/root/usr/lib/python3.3/site-packages/pygments/lexers/__pycache__/shell.cpython-33.pyo", "size_i": "12910", "regex": "false"},
	{"name_s": "/opt/rh/python33/root/usr/lib/python3.3/site-packages/pygments/lexers/__pycache__/special.cpython-33.pyc", "size_i": "4603", "regex": "false"},
	{"name_s": "/opt/rh/python33/root/usr/lib/python3.3/site-packages/pygments/lexers/__pycache__/special.cpython-33.pyo", "size_i": "4603", "regex": "false"},
	{"name_s": "/opt/rh/python33/root/usr/lib/python3.3/site-packages/pygments/lexers/__pycache__/sql.cpython-33.pyc", "size_i": "24409", "regex": "false"},
	{"name_s": "/opt/rh/python33/root/usr/lib/python3.3/site-packages/pygments/lexers/__pycache__/sql.cpython-33.pyo", "size_i": "24343", "regex": "false"},
	{"name_s": "/opt/rh/python33/root/usr/lib/python3.3/site-packages/pygments/lexers/__pycache__/templates.cpython-33.pyc", "size_i": "80062", "regex": "false"},
	{"name_s": "/opt/rh/python33/root/usr/lib/python3.3/site-packages/pygments/lexers/__pycache__/templates.cpython-33.pyo", "size_i": "80062", "regex": "false"},
	{"name_s": "/opt/rh/python33/root/usr/lib/python3.3/site-packages/pygments/lexers/__pycache__/text.cpython-33.pyc", "size_i": "62608", "regex": "false"},
	{"name_s": "/opt/rh/python33/root/usr/lib/python3.3/site-packages/pygments/lexers/__pycache__/text.cpython-33.pyo", "size_i": "62608", "regex": "false"},
	{"name_s": "/opt/rh/python33/root/usr/lib/python3.3/site-packages/pygments/lexers/__pycache__/web.cpython-33.pyc", "size_i": "97825", "regex": "false"},
	{"name_s": "/opt/rh/python33/root/usr/lib/python3.3/site-packages/pygments/lexers/__pycache__/web.cpython-33.pyo", "size_i": "97825", "regex": "false"},
	{"name_s": "/opt/rh/python33/root/usr/lib/python3.3/site-packages/pygments/lexers/_asybuiltins.py", "size_i": "27319", "regex": "false"},
	{"name_s": "/opt/rh/python33/root/usr/lib/python3.3/site-packages/pygments/lexers/_clbuiltins.py", "size_i": "14015", "regex": "false"},
	{"name_s": "/opt/rh/python33/root/usr/lib/python3.3/site-packages/pygments/lexers/_luabuiltins.py", "size_i": "6914", "regex": "false"},
	{"name_s": "/opt/rh/python33/root/usr/lib/python3.3/site-packages/pygments/lexers/_mapping.py", "size_i": "31284", "regex": "false"},
	{"name_s": "/opt/rh/python33/root/usr/lib/python3.3/site-packages/pygments/lexers/_phpbuiltins.py", "size_i": "122087", "regex": "false"},
	{"name_s": "/opt/rh/python33/root/usr/lib/python3.3/site-packages/pygments/lexers/_postgres_builtins.py", "size_i": "9668", "regex": "false"},
	{"name_s": "/opt/rh/python33/root/usr/lib/python3.3/site-packages/pygments/lexers/_scilab_builtins.py", "size_i": "30999", "regex": "false"},
	{"name_s": "/opt/rh/python33/root/usr/lib/python3.3/site-packages/pygments/lexers/_vimbuiltins.py", "size_i": "39540", "regex": "false"},
	{"name_s": "/opt/rh/python33/root/usr/lib/python3.3/site-packages/pygments/lexers/agile.py", "size_i": "74136", "regex": "false"},
	{"name_s": "/opt/rh/python33/root/usr/lib/python3.3/site-packages/pygments/lexers/asm.py", "size_i": "12092", "regex": "false"},
	{"name_s": "/opt/rh/python33/root/usr/lib/python3.3/site-packages/pygments/lexers/compiled.py", "size_i": "123847", "regex": "false"},
	{"name_s": "/opt/rh/python33/root/usr/lib/python3.3/site-packages/pygments/lexers/dotnet.py", "size_i": "25214", "regex": "false"},
	{"name_s": "/opt/rh/python33/root/usr/lib/python3.3/site-packages/pygments/lexers/functional.py", "size_i": "69459", "regex": "false"},
	{"name_s": "/opt/rh/python33/root/usr/lib/python3.3/site-packages/pygments/lexers/hdl.py", "size_i": "16181", "regex": "false"},
	{"name_s": "/opt/rh/python33/root/usr/lib/python3.3/site-packages/pygments/lexers/jvm.py", "size_i": "40320", "regex": "false"},
	{"name_s": "/opt/rh/python33/root/usr/lib/python3.3/site-packages/pygments/lexers/math.py", "size_i": "42890", "regex": "false"},
	{"name_s": "/opt/rh/python33/root/usr/lib/python3.3/site-packages/pygments/lexers/other.py", "size_i": "171798", "regex": "false"},
	{"name_s": "/opt/rh/python33/root/usr/lib/python3.3/site-packages/pygments/lexers/parsers.py", "size_i": "23189", "regex": "false"},
	{"name_s": "/opt/rh/python33/root/usr/lib/python3.3/site-packages/pygments/lexers/shell.py", "size_i": "13085", "regex": "false"},
	{"name_s": "/opt/rh/python33/root/usr/lib/python3.3/site-packages/pygments/lexers/special.py", "size_i": "3062", "regex": "false"},
	{"name_s": "/opt/rh/python33/root/usr/lib/python3.3/site-packages/pygments/lexers/sql.py", "size_i": "23618", "regex": "false"},
	{"name_s": "/opt/rh/python33/root/usr/lib/python3.3/site-packages/pygments/lexers/templates.py", "size_i": "52829", "regex": "false"},
	{"name_s": "/opt/rh/python33/root/usr/lib/python3.3/site-packages/pygments/lexers/text.py", "size_i": "63819", "regex": "false"},
	{"name_s": "/opt/rh/python33/root/usr/lib/python3.3/site-packages/pygments/lexers/web.py", "size_i": "111645", "regex": "false"},
	{"name_s": "/opt/rh/python33/root/usr/lib/python3.3/site-packages/pygments/plugin.py", "size_i": "1862", "regex": "false"},
	{"name_s": "/opt/rh/python33/root/usr/lib/python3.3/site-packages/pygments/scanner.py", "size_i": "3114", "regex": "false"},
	{"name_s": "/opt/rh/python33/root/usr/lib/python3.3/site-packages/pygments/style.py", "size_i": "3674", "regex": "false"},
	{"name_s": "/opt/rh/python33/root/usr/lib/python3.3/site-packages/pygments/styles", "size_i": "4096", "regex": "false"},
	{"name_s": "/opt/rh/python33/root/usr/lib/python3.3/site-packages/pygments/styles/__init__.py", "size_i": "2117", "regex": "false"},
	{"name_s": "/opt/rh/python33/root/usr/lib/python3.3/site-packages/pygments/styles/__pycache__", "size_i": "4096", "regex": "false"},
	{"name_s": "/opt/rh/python33/root/usr/lib/python3.3/site-packages/pygments/styles/__pycache__/__init__.cpython-33.pyc", "size_i": "2718", "regex": "false"},
	{"name_s": "/opt/rh/python33/root/usr/lib/python3.3/site-packages/pygments/styles/__pycache__/__init__.cpython-33.pyo", "size_i": "2718", "regex": "false"},
	{"name_s": "/opt/rh/python33/root/usr/lib/python3.3/site-packages/pygments/styles/__pycache__/autumn.cpython-33.pyc", "size_i": "2352", "regex": "false"},
	{"name_s": "/opt/rh/python33/root/usr/lib/python3.3/site-packages/pygments/styles/__pycache__/autumn.cpython-33.pyo", "size_i": "2352", "regex": "false"},
	{"name_s": "/opt/rh/python33/root/usr/lib/python3.3/site-packages/pygments/styles/__pycache__/borland.cpython-33.pyc", "size_i": "2046", "regex": "false"},
	{"name_s": "/opt/rh/python33/root/usr/lib/python3.3/site-packages/pygments/styles/__pycache__/borland.cpython-33.pyo", "size_i": "2046", "regex": "false"},
	{"name_s": "/opt/rh/python33/root/usr/lib/python3.3/site-packages/pygments/styles/__pycache__/bw.cpython-33.pyc", "size_i": "1661", "regex": "false"},
	{"name_s": "/opt/rh/python33/root/usr/lib/python3.3/site-packages/pygments/styles/__pycache__/bw.cpython-33.pyo", "size_i": "1661", "regex": "false"},
	{"name_s": "/opt/rh/python33/root/usr/lib/python3.3/site-packages/pygments/styles/__pycache__/colorful.cpython-33.pyc", "size_i": "2927", "regex": "false"},
	{"name_s": "/opt/rh/python33/root/usr/lib/python3.3/site-packages/pygments/styles/__pycache__/colorful.cpython-33.pyo", "size_i": "2927", "regex": "false"},
	{"name_s": "/opt/rh/python33/root/usr/lib/python3.3/site-packages/pygments/styles/__pycache__/default.cpython-33.pyc", "size_i": "2618", "regex": "false"},
	{"name_s": "/opt/rh/python33/root/usr/lib/python3.3/site-packages/pygments/styles/__pycache__/default.cpython-33.pyo", "size_i": "2618", "regex": "false"},
	{"name_s": "/opt/rh/python33/root/usr/lib/python3.3/site-packages/pygments/styles/__pycache__/emacs.cpython-33.pyc", "size_i": "2644", "regex": "false"},
	{"name_s": "/opt/rh/python33/root/usr/lib/python3.3/site-packages/pygments/styles/__pycache__/emacs.cpython-33.pyo", "size_i": "2644", "regex": "false"},
	{"name_s": "/opt/rh/python33/root/usr/lib/python3.3/site-packages/pygments/styles/__pycache__/friendly.cpython-33.pyc", "size_i": "2724", "regex": "false"},
	{"name_s": "/opt/rh/python33/root/usr/lib/python3.3/site-packages/pygments/styles/__pycache__/friendly.cpython-33.pyo", "size_i": "2724", "regex": "false"},
	{"name_s": "/opt/rh/python33/root/usr/lib/python3.3/site-packages/pygments/styles/__pycache__/fruity.cpython-33.pyc", "size_i": "1865", "regex": "false"},
	{"name_s": "/opt/rh/python33/root/usr/lib/python3.3/site-packages/pygments/styles/__pycache__/fruity.cpython-33.pyo", "size_i": "1865", "regex": "false"},
	{"name_s": "/opt/rh/python33/root/usr/lib/python3.3/site-packages/pygments/styles/__pycache__/manni.cpython-33.pyc", "size_i": "2847", "regex": "false"},
	{"name_s": "/opt/rh/python33/root/usr/lib/python3.3/site-packages/pygments/styles/__pycache__/manni.cpython-33.pyo", "size_i": "2847", "regex": "false"},
	{"name_s": "/opt/rh/python33/root/usr/lib/python3.3/site-packages/pygments/styles/__pycache__/monokai.cpython-33.pyc", "size_i": "3113", "regex": "false"},
	{"name_s": "/opt/rh/python33/root/usr/lib/python3.3/site-packages/pygments/styles/__pycache__/monokai.cpython-33.pyo", "size_i": "3113", "regex": "false"},
	{"name_s": "/opt/rh/python33/root/usr/lib/python3.3/site-packages/pygments/styles/__pycache__/murphy.cpython-33.pyc", "size_i": "2886", "regex": "false"},
	{"name_s": "/opt/rh/python33/root/usr/lib/python3.3/site-packages/pygments/styles/__pycache__/murphy.cpython-33.pyo", "size_i": "2886", "regex": "false"},
	{"name_s": "/opt/rh/python33/root/usr/lib/python3.3/site-packages/pygments/styles/__pycache__/native.cpython-33.pyc", "size_i": "2435", "regex": "false"},
	{"name_s": "/opt/rh/python33/root/usr/lib/python3.3/site-packages/pygments/styles/__pycache__/native.cpython-33.pyo", "size_i": "2435", "regex": "false"},
	{"name_s": "/opt/rh/python33/root/usr/lib/python3.3/site-packages/pygments/styles/__pycache__/pastie.cpython-33.pyc", "size_i": "2728", "regex": "false"},
	{"name_s": "/opt/rh/python33/root/usr/lib/python3.3/site-packages/pygments/styles/__pycache__/pastie.cpython-33.pyo", "size_i": "2728", "regex": "false"},
	{"name_s": "/opt/rh/python33/root/usr/lib/python3.3/site-packages/pygments/styles/__pycache__/perldoc.cpython-33.pyc", "size_i": "2510", "regex": "false"},
	{"name_s": "/opt/rh/python33/root/usr/lib/python3.3/site-packages/pygments/styles/__pycache__/perldoc.cpython-33.pyo", "size_i": "2510", "regex": "false"},
	{"name_s": "/opt/rh/python33/root/usr/lib/python3.3/site-packages/pygments/styles/__pycache__/rrt.cpython-33.pyc", "size_i": "1412", "regex": "false"},
	{"name_s": "/opt/rh/python33/root/usr/lib/python3.3/site-packages/pygments/styles/__pycache__/rrt.cpython-33.pyo", "size_i": "1412", "regex": "false"},
	{"name_s": "/opt/rh/python33/root/usr/lib/python3.3/site-packages/pygments/styles/__pycache__/tango.cpython-33.pyc", "size_i": "4509", "regex": "false"},
	{"name_s": "/opt/rh/python33/root/usr/lib/python3.3/site-packages/pygments/styles/__pycache__/tango.cpython-33.pyo", "size_i": "4509", "regex": "false"},
	{"name_s": "/opt/rh/python33/root/usr/lib/python3.3/site-packages/pygments/styles/__pycache__/trac.cpython-33.pyc", "size_i": "2281", "regex": "false"},
	{"name_s": "/opt/rh/python33/root/usr/lib/python3.3/site-packages/pygments/styles/__pycache__/trac.cpython-33.pyo", "size_i": "2281", "regex": "false"},
	{"name_s": "/opt/rh/python33/root/usr/lib/python3.3/site-packages/pygments/styles/__pycache__/vim.cpython-33.pyc", "size_i": "2222", "regex": "false"},
	{"name_s": "/opt/rh/python33/root/usr/lib/python3.3/site-packages/pygments/styles/__pycache__/vim.cpython-33.pyo", "size_i": "2222", "regex": "false"},
	{"name_s": "/opt/rh/python33/root/usr/lib/python3.3/site-packages/pygments/styles/__pycache__/vs.cpython-33.pyc", "size_i": "1539", "regex": "false"},
	{"name_s": "/opt/rh/python33/root/usr/lib/python3.3/site-packages/pygments/styles/__pycache__/vs.cpython-33.pyo", "size_i": "1539", "regex": "false"},
	{"name_s": "/opt/rh/python33/root/usr/lib/python3.3/site-packages/pygments/styles/autumn.py", "size_i": "2144", "regex": "false"},
	{"name_s": "/opt/rh/python33/root/usr/lib/python3.3/site-packages/pygments/styles/borland.py", "size_i": "1562", "regex": "false"},
	{"name_s": "/opt/rh/python33/root/usr/lib/python3.3/site-packages/pygments/styles/bw.py", "size_i": "1355", "regex": "false"},
	{"name_s": "/opt/rh/python33/root/usr/lib/python3.3/site-packages/pygments/styles/colorful.py", "size_i": "2778", "regex": "false"},
	{"name_s": "/opt/rh/python33/root/usr/lib/python3.3/site-packages/pygments/styles/default.py", "size_i": "2532", "regex": "false"},
	{"name_s": "/opt/rh/python33/root/usr/lib/python3.3/site-packages/pygments/styles/emacs.py", "size_i": "2486", "regex": "false"},
	{"name_s": "/opt/rh/python33/root/usr/lib/python3.3/site-packages/pygments/styles/friendly.py", "size_i": "2515", "regex": "false"},
	{"name_s": "/opt/rh/python33/root/usr/lib/python3.3/site-packages/pygments/styles/fruity.py", "size_i": "1298", "regex": "false"},
	{"name_s": "/opt/rh/python33/root/usr/lib/python3.3/site-packages/pygments/styles/manni.py", "size_i": "2374", "regex": "false"},
	{"name_s": "/opt/rh/python33/root/usr/lib/python3.3/site-packages/pygments/styles/monokai.py", "size_i": "5080", "regex": "false"},
	{"name_s": "/opt/rh/python33/root/usr/lib/python3.3/site-packages/pygments/styles/murphy.py", "size_i": "2751", "regex": "false"},
	{"name_s": "/opt/rh/python33/root/usr/lib/python3.3/site-packages/pygments/styles/native.py", "size_i": "1938", "regex": "false"},
	{"name_s": "/opt/rh/python33/root/usr/lib/python3.3/site-packages/pygments/styles/pastie.py", "size_i": "2473", "regex": "false"},
	{"name_s": "/opt/rh/python33/root/usr/lib/python3.3/site-packages/pygments/styles/perldoc.py", "size_i": "2175", "regex": "false"},
	{"name_s": "/opt/rh/python33/root/usr/lib/python3.3/site-packages/pygments/styles/rrt.py", "size_i": "852", "regex": "false"},
	{"name_s": "/opt/rh/python33/root/usr/lib/python3.3/site-packages/pygments/styles/tango.py", "size_i": "7096", "regex": "false"},
	{"name_s": "/opt/rh/python33/root/usr/lib/python3.3/site-packages/pygments/styles/trac.py", "size_i": "1933", "regex": "false"},
	{"name_s": "/opt/rh/python33/root/usr/lib/python3.3/site-packages/pygments/styles/vim.py", "size_i": "1976", "regex": "false"},
	{"name_s": "/opt/rh/python33/root/usr/lib/python3.3/site-packages/pygments/styles/vs.py", "size_i": "1073", "regex": "false"},
	{"name_s": "/opt/rh/python33/root/usr/lib/python3.3/site-packages/pygments/token.py", "size_i": "5662", "regex": "false"},
	{"name_s": "/opt/rh/python33/root/usr/lib/python3.3/site-packages/pygments/unistring.py", "size_i": "404212", "regex": "false"},
	{"name_s": "/opt/rh/python33/root/usr/lib/python3.3/site-packages/pygments/util.py", "size_i": "6614", "regex": "false"},
	{"name_s": "/opt/rh/python33/root/usr/share/doc/python33-python-pygments-1.5", "size_i": "4096", "regex": "false"},
	{"name_s": "/opt/rh/python33/root/usr/share/doc/python33-python-pygments-1.5/AUTHORS", "size_i": "4039", "regex": "false"},
	{"name_s": "/opt/rh/python33/root/usr/share/doc/python33-python-pygments-1.5/CHANGES", "size_i": "19816", "regex": "false"},
	{"name_s": "/opt/rh/python33/root/usr/share/doc/python33-python-pygments-1.5/LICENSE", "size_i": "1331", "regex": "false"},
	{"name_s": "/opt/rh/python33/root/usr/share/doc/python33-python-pygments-1.5/TODO", "size_i": "467", "regex": "false"},
	{"name_s": "/opt/rh/python33/root/usr/share/doc/python33-python-pygments-1.5/html", "size_i": "4096", "regex": "false"},
	{"name_s": "/opt/rh/python33/root/usr/share/doc/python33-python-pygments-1.5/html/api.html", "size_i": "20469", "regex": "false"},
	{"name_s": "/opt/rh/python33/root/usr/share/doc/python33-python-pygments-1.5/html/authors.html", "size_i": "11642", "regex": "false"},
	{"name_s": "/opt/rh/python33/root/usr/share/doc/python33-python-pygments-1.5/html/changelog.html", "size_i": "33075", "regex": "false"},
	{"name_s": "/opt/rh/python33/root/usr/share/doc/python33-python-pygments-1.5/html/cmdline.html", "size_i": "14037", "regex": "false"},
	{"name_s": "/opt/rh/python33/root/usr/share/doc/python33-python-pygments-1.5/html/filterdevelopment.html", "size_i": "12664", "regex": "false"},
	{"name_s": "/opt/rh/python33/root/usr/share/doc/python33-python-pygments-1.5/html/filters.html", "size_i": "16669", "regex": "false"},
	{"name_s": "/opt/rh/python33/root/usr/share/doc/python33-python-pygments-1.5/html/formatterdevelopment.html", "size_i": "20693", "regex": "false"},
	{"name_s": "/opt/rh/python33/root/usr/share/doc/python33-python-pygments-1.5/html/formatters.html", "size_i": "46018", "regex": "false"},
	{"name_s": "/opt/rh/python33/root/usr/share/doc/python33-python-pygments-1.5/html/index.html", "size_i": "8821", "regex": "false"},
	{"name_s": "/opt/rh/python33/root/usr/share/doc/python33-python-pygments-1.5/html/installation.html", "size_i": "9767", "regex": "false"},
	{"name_s": "/opt/rh/python33/root/usr/share/doc/python33-python-pygments-1.5/html/integrate.html", "size_i": "8778", "regex": "false"},
	{"name_s": "/opt/rh/python33/root/usr/share/doc/python33-python-pygments-1.5/html/lexerdevelopment.html", "size_i": "51520", "regex": "false"},
	{"name_s": "/opt/rh/python33/root/usr/share/doc/python33-python-pygments-1.5/html/lexers.html", "size_i": "180589", "regex": "false"},
	{"name_s": "/opt/rh/python33/root/usr/share/doc/python33-python-pygments-1.5/html/moinmoin.html", "size_i": "8328", "regex": "false"},
	{"name_s": "/opt/rh/python33/root/usr/share/doc/python33-python-pygments-1.5/html/plugins.html", "size_i": "10748", "regex": "false"},
	{"name_s": "/opt/rh/python33/root/usr/share/doc/python33-python-pygments-1.5/html/quickstart.html", "size_i": "19253", "regex": "false"},
	{"name_s": "/opt/rh/python33/root/usr/share/doc/python33-python-pygments-1.5/html/rstdirective.html", "size_i": "7447", "regex": "false"},
	{"name_s": "/opt/rh/python33/root/usr/share/doc/python33-python-pygments-1.5/html/styles.html", "size_i": "15406", "regex": "false"},
	{"name_s": "/opt/rh/python33/root/usr/share/doc/python33-python-pygments-1.5/html/tokens.html", "size_i": "22883", "regex": "false"},
	{"name_s": "/opt/rh/python33/root/usr/share/doc/python33-python-pygments-1.5/html/unicode.html", "size_i": "9456", "regex": "false"},
	{"name_s": "/opt/rh/python33/root/usr/share/doc/python33-python-pygments-1.5/reST", "size_i": "4096", "regex": "false"},
	{"name_s": "/opt/rh/python33/root/usr/share/doc/python33-python-pygments-1.5/reST/api.txt", "size_i": "9439", "regex": "false"},
	{"name_s": "/opt/rh/python33/root/usr/share/doc/python33-python-pygments-1.5/reST/authors.txt", "size_i": "35", "regex": "false"},
	{"name_s": "/opt/rh/python33/root/usr/share/doc/python33-python-pygments-1.5/reST/changelog.txt", "size_i": "43", "regex": "false"},
	{"name_s": "/opt/rh/python33/root/usr/share/doc/python33-python-pygments-1.5/reST/cmdline.txt", "size_i": "4878", "regex": "false"},
	{"name_s": "/opt/rh/python33/root/usr/share/doc/python33-python-pygments-1.5/reST/filterdevelopment.txt", "size_i": "2283", "regex": "false"},
	{"name_s": "/opt/rh/python33/root/usr/share/doc/python33-python-pygments-1.5/reST/filters.txt", "size_i": "1238", "regex": "false"},
	{"name_s": "/opt/rh/python33/root/usr/share/doc/python33-python-pygments-1.5/reST/formatterdevelopment.txt", "size_i": "6183", "regex": "false"},
	{"name_s": "/opt/rh/python33/root/usr/share/doc/python33-python-pygments-1.5/reST/formatters.txt", "size_i": "1610", "regex": "false"},
	{"name_s": "/opt/rh/python33/root/usr/share/doc/python33-python-pygments-1.5/reST/index.txt", "size_i": "1341", "regex": "false"},
	{"name_s": "/opt/rh/python33/root/usr/share/doc/python33-python-pygments-1.5/reST/installation.txt", "size_i": "2106", "regex": "false"},
	{"name_s": "/opt/rh/python33/root/usr/share/doc/python33-python-pygments-1.5/reST/integrate.txt", "size_i": "1216", "regex": "false"},
	{"name_s": "/opt/rh/python33/root/usr/share/doc/python33-python-pygments-1.5/reST/lexerdevelopment.txt", "size_i": "21338", "regex": "false"},
	{"name_s": "/opt/rh/python33/root/usr/share/doc/python33-python-pygments-1.5/reST/lexers.txt", "size_i": "2037", "regex": "false"},
	{"name_s": "/opt/rh/python33/root/usr/share/doc/python33-python-pygments-1.5/reST/moinmoin.txt", "size_i": "1464", "regex": "false"},
	{"name_s": "/opt/rh/python33/root/usr/share/doc/python33-python-pygments-1.5/reST/plugins.txt", "size_i": "2581", "regex": "false"},
	{"name_s": "/opt/rh/python33/root/usr/share/doc/python33-python-pygments-1.5/reST/quickstart.txt", "size_i": "6577", "regex": "false"},
	{"name_s": "/opt/rh/python33/root/usr/share/doc/python33-python-pygments-1.5/reST/rstdirective.txt", "size_i": "873", "regex": "false"},
	{"name_s": "/opt/rh/python33/root/usr/share/doc/python33-python-pygments-1.5/reST/styles.txt", "size_i": "4032", "regex": "false"},
	{"name_s": "/opt/rh/python33/root/usr/share/doc/python33-python-pygments-1.5/reST/tokens.txt", "size_i": "9792", "regex": "false"},
	{"name_s": "/opt/rh/python33/root/usr/share/doc/python33-python-pygments-1.5/reST/unicode.txt", "size_i": "2090", "regex": "false"},
	{"name_s": "/opt/rh/python33/root/usr/share/man/man1/pygmentize.1.gz", "size_i": "1508", "regex": "false"}
]
