[
	{"name_s": "/usr/lib/python2.6/site-packages/Paste-1.7.4-py2.6-nspkg.pth", "size_i": "304", "regex": "false"},
	{"name_s": "/usr/lib/python2.6/site-packages/Paste-1.7.4-py2.6.egg-info", "size_i": "4096", "regex": "false"},
	{"name_s": "/usr/lib/python2.6/site-packages/Paste-1.7.4-py2.6.egg-info/PKG-INFO", "size_i": "4628", "regex": "false"},
	{"name_s": "/usr/lib/python2.6/site-packages/Paste-1.7.4-py2.6.egg-info/SOURCES.txt", "size_i": "8149", "regex": "false"},
	{"name_s": "/usr/lib/python2.6/site-packages/Paste-1.7.4-py2.6.egg-info/dependency_links.txt", "size_i": "1", "regex": "false"},
	{"name_s": "/usr/lib/python2.6/site-packages/Paste-1.7.4-py2.6.egg-info/entry_points.txt", "size_i": "2223", "regex": "false"},
	{"name_s": "/usr/lib/python2.6/site-packages/Paste-1.7.4-py2.6.egg-info/namespace_packages.txt", "size_i": "6", "regex": "false"},
	{"name_s": "/usr/lib/python2.6/site-packages/Paste-1.7.4-py2.6.egg-info/not-zip-safe", "size_i": "1", "regex": "false"},
	{"name_s": "/usr/lib/python2.6/site-packages/Paste-1.7.4-py2.6.egg-info/requires.txt", "size_i": "74", "regex": "false"},
	{"name_s": "/usr/lib/python2.6/site-packages/Paste-1.7.4-py2.6.egg-info/top_level.txt", "size_i": "6", "regex": "false"},
	{"name_s": "/usr/lib/python2.6/site-packages/paste", "size_i": "4096", "regex": "false"},
	{"name_s": "/usr/lib/python2.6/site-packages/paste/auth", "size_i": "4096", "regex": "false"},
	{"name_s": "/usr/lib/python2.6/site-packages/paste/auth/__init__.py", "size_i": "444", "regex": "false"},
	{"name_s": "/usr/lib/python2.6/site-packages/paste/auth/__init__.pyc", "size_i": "433", "regex": "false"},
	{"name_s": "/usr/lib/python2.6/site-packages/paste/auth/__init__.pyo", "size_i": "433", "regex": "false"},
	{"name_s": "/usr/lib/python2.6/site-packages/paste/auth/auth_tkt.py", "size_i": "15887", "regex": "false"},
	{"name_s": "/usr/lib/python2.6/site-packages/paste/auth/auth_tkt.pyc", "size_i": "13730", "regex": "false"},
	{"name_s": "/usr/lib/python2.6/site-packages/paste/auth/auth_tkt.pyo", "size_i": "13730", "regex": "false"},
	{"name_s": "/usr/lib/python2.6/site-packages/paste/auth/basic.py", "size_i": "4076", "regex": "false"},
	{"name_s": "/usr/lib/python2.6/site-packages/paste/auth/basic.pyc", "size_i": "4780", "regex": "false"},
	{"name_s": "/usr/lib/python2.6/site-packages/paste/auth/basic.pyo", "size_i": "4668", "regex": "false"},
	{"name_s": "/usr/lib/python2.6/site-packages/paste/auth/cas.py", "size_i": "3996", "regex": "false"},
	{"name_s": "/usr/lib/python2.6/site-packages/paste/auth/cas.pyc", "size_i": "4201", "regex": "false"},
	{"name_s": "/usr/lib/python2.6/site-packages/paste/auth/cas.pyo", "size_i": "4108", "regex": "false"},
	{"name_s": "/usr/lib/python2.6/site-packages/paste/auth/cookie.py", "size_i": "16055", "regex": "false"},
	{"name_s": "/usr/lib/python2.6/site-packages/paste/auth/cookie.pyc", "size_i": "16749", "regex": "false"},
	{"name_s": "/usr/lib/python2.6/site-packages/paste/auth/cookie.pyo", "size_i": "16699", "regex": "false"},
	{"name_s": "/usr/lib/python2.6/site-packages/paste/auth/digest.py", "size_i": "8120", "regex": "false"},
	{"name_s": "/usr/lib/python2.6/site-packages/paste/auth/digest.pyc", "size_i": "8542", "regex": "false"},
	{"name_s": "/usr/lib/python2.6/site-packages/paste/auth/digest.pyo", "size_i": "8298", "regex": "false"},
	{"name_s": "/usr/lib/python2.6/site-packages/paste/auth/form.py", "size_i": "5450", "regex": "false"},
	{"name_s": "/usr/lib/python2.6/site-packages/paste/auth/form.pyc", "size_i": "5592", "regex": "false"},
	{"name_s": "/usr/lib/python2.6/site-packages/paste/auth/form.pyo", "size_i": "5401", "regex": "false"},
	{"name_s": "/usr/lib/python2.6/site-packages/paste/auth/grantip.py", "size_i": "4044", "regex": "false"},
	{"name_s": "/usr/lib/python2.6/site-packages/paste/auth/grantip.pyc", "size_i": "4194", "regex": "false"},
	{"name_s": "/usr/lib/python2.6/site-packages/paste/auth/grantip.pyo", "size_i": "4194", "regex": "false"},
	{"name_s": "/usr/lib/python2.6/site-packages/paste/auth/multi.py", "size_i": "3042", "regex": "false"},
	{"name_s": "/usr/lib/python2.6/site-packages/paste/auth/multi.pyc", "size_i": "3879", "regex": "false"},
	{"name_s": "/usr/lib/python2.6/site-packages/paste/auth/multi.pyo", "size_i": "3879", "regex": "false"},
	{"name_s": "/usr/lib/python2.6/site-packages/paste/auth/open_id.py", "size_i": "16319", "regex": "false"},
	{"name_s": "/usr/lib/python2.6/site-packages/paste/auth/open_id.pyc", "size_i": "12731", "regex": "false"},
	{"name_s": "/usr/lib/python2.6/site-packages/paste/auth/open_id.pyo", "size_i": "12674", "regex": "false"},
	{"name_s": "/usr/lib/python2.6/site-packages/paste/cascade.py", "size_i": "4508", "regex": "false"},
	{"name_s": "/usr/lib/python2.6/site-packages/paste/cascade.pyc", "size_i": "4384", "regex": "false"},
	{"name_s": "/usr/lib/python2.6/site-packages/paste/cascade.pyo", "size_i": "4384", "regex": "false"},
	{"name_s": "/usr/lib/python2.6/site-packages/paste/cgiapp.py", "size_i": "9262", "regex": "false"},
	{"name_s": "/usr/lib/python2.6/site-packages/paste/cgiapp.pyc", "size_i": "8146", "regex": "false"},
	{"name_s": "/usr/lib/python2.6/site-packages/paste/cgiapp.pyo", "size_i": "7929", "regex": "false"},
	{"name_s": "/usr/lib/python2.6/site-packages/paste/cgitb_catcher.py", "size_i": "3752", "regex": "false"},
	{"name_s": "/usr/lib/python2.6/site-packages/paste/cgitb_catcher.pyc", "size_i": "3747", "regex": "false"},
	{"name_s": "/usr/lib/python2.6/site-packages/paste/cgitb_catcher.pyo", "size_i": "3747", "regex": "false"},
	{"name_s": "/usr/lib/python2.6/site-packages/paste/config.py", "size_i": "4312", "regex": "false"},
	{"name_s": "/usr/lib/python2.6/site-packages/paste/config.pyc", "size_i": "5115", "regex": "false"},
	{"name_s": "/usr/lib/python2.6/site-packages/paste/config.pyo", "size_i": "5115", "regex": "false"},
	{"name_s": "/usr/lib/python2.6/site-packages/paste/cowbell", "size_i": "4096", "regex": "false"},
	{"name_s": "/usr/lib/python2.6/site-packages/paste/cowbell/__init__.py", "size_i": "3728", "regex": "false"},
	{"name_s": "/usr/lib/python2.6/site-packages/paste/cowbell/__init__.pyc", "size_i": "4543", "regex": "false"},
	{"name_s": "/usr/lib/python2.6/site-packages/paste/cowbell/__init__.pyo", "size_i": "4543", "regex": "false"},
	{"name_s": "/usr/lib/python2.6/site-packages/paste/debug", "size_i": "4096", "regex": "false"},
	{"name_s": "/usr/lib/python2.6/site-packages/paste/debug/__init__.py", "size_i": "221", "regex": "false"},
	{"name_s": "/usr/lib/python2.6/site-packages/paste/debug/__init__.pyc", "size_i": "211", "regex": "false"},
	{"name_s": "/usr/lib/python2.6/site-packages/paste/debug/__init__.pyo", "size_i": "211", "regex": "false"},
	{"name_s": "/usr/lib/python2.6/site-packages/paste/debug/debugapp.py", "size_i": "2826", "regex": "false"},
	{"name_s": "/usr/lib/python2.6/site-packages/paste/debug/debugapp.pyc", "size_i": "3093", "regex": "false"},
	{"name_s": "/usr/lib/python2.6/site-packages/paste/debug/debugapp.pyo", "size_i": "3093", "regex": "false"},
	{"name_s": "/usr/lib/python2.6/site-packages/paste/debug/doctest_webapp.py", "size_i": "14985", "regex": "false"},
	{"name_s": "/usr/lib/python2.6/site-packages/paste/debug/doctest_webapp.pyc", "size_i": "15152", "regex": "false"},
	{"name_s": "/usr/lib/python2.6/site-packages/paste/debug/doctest_webapp.pyo", "size_i": "14985", "regex": "false"},
	{"name_s": "/usr/lib/python2.6/site-packages/paste/debug/fsdiff.py", "size_i": "13009", "regex": "false"},
	{"name_s": "/usr/lib/python2.6/site-packages/paste/debug/fsdiff.pyc", "size_i": "14099", "regex": "false"},
	{"name_s": "/usr/lib/python2.6/site-packages/paste/debug/fsdiff.pyo", "size_i": "14060", "regex": "false"},
	{"name_s": "/usr/lib/python2.6/site-packages/paste/debug/prints.py", "size_i": "5561", "regex": "false"},
	{"name_s": "/usr/lib/python2.6/site-packages/paste/debug/prints.pyc", "size_i": "5460", "regex": "false"},
	{"name_s": "/usr/lib/python2.6/site-packages/paste/debug/prints.pyo", "size_i": "5460", "regex": "false"},
	{"name_s": "/usr/lib/python2.6/site-packages/paste/debug/profile.py", "size_i": "7625", "regex": "false"},
	{"name_s": "/usr/lib/python2.6/site-packages/paste/debug/profile.pyc", "size_i": "8517", "regex": "false"},
	{"name_s": "/usr/lib/python2.6/site-packages/paste/debug/profile.pyo", "size_i": "8517", "regex": "false"},
	{"name_s": "/usr/lib/python2.6/site-packages/paste/debug/testserver.py", "size_i": "3385", "regex": "false"},
	{"name_s": "/usr/lib/python2.6/site-packages/paste/debug/testserver.pyc", "size_i": "4163", "regex": "false"},
	{"name_s": "/usr/lib/python2.6/site-packages/paste/debug/testserver.pyo", "size_i": "3994", "regex": "false"},
	{"name_s": "/usr/lib/python2.6/site-packages/paste/debug/watchthreads.py", "size_i": "10863", "regex": "false"},
	{"name_s": "/usr/lib/python2.6/site-packages/paste/debug/watchthreads.pyc", "size_i": "11565", "regex": "false"},
	{"name_s": "/usr/lib/python2.6/site-packages/paste/debug/watchthreads.pyo", "size_i": "11565", "regex": "false"},
	{"name_s": "/usr/lib/python2.6/site-packages/paste/debug/wdg_validate.py", "size_i": "4370", "regex": "false"},
	{"name_s": "/usr/lib/python2.6/site-packages/paste/debug/wdg_validate.pyc", "size_i": "4633", "regex": "false"},
	{"name_s": "/usr/lib/python2.6/site-packages/paste/debug/wdg_validate.pyo", "size_i": "4633", "regex": "false"},
	{"name_s": "/usr/lib/python2.6/site-packages/paste/errordocument.py", "size_i": "13261", "regex": "false"},
	{"name_s": "/usr/lib/python2.6/site-packages/paste/errordocument.pyc", "size_i": "12422", "regex": "false"},
	{"name_s": "/usr/lib/python2.6/site-packages/paste/errordocument.pyo", "size_i": "12422", "regex": "false"},
	{"name_s": "/usr/lib/python2.6/site-packages/paste/evalexception", "size_i": "4096", "regex": "false"},
	{"name_s": "/usr/lib/python2.6/site-packages/paste/evalexception/__init__.py", "size_i": "282", "regex": "false"},
	{"name_s": "/usr/lib/python2.6/site-packages/paste/evalexception/__init__.pyc", "size_i": "308", "regex": "false"},
	{"name_s": "/usr/lib/python2.6/site-packages/paste/evalexception/__init__.pyo", "size_i": "308", "regex": "false"},
	{"name_s": "/usr/lib/python2.6/site-packages/paste/evalexception/evalcontext.py", "size_i": "2127", "regex": "false"},
	{"name_s": "/usr/lib/python2.6/site-packages/paste/evalexception/evalcontext.pyc", "size_i": "2761", "regex": "false"},
	{"name_s": "/usr/lib/python2.6/site-packages/paste/evalexception/evalcontext.pyo", "size_i": "2761", "regex": "false"},
	{"name_s": "/usr/lib/python2.6/site-packages/paste/evalexception/media", "size_i": "4096", "regex": "false"},
	{"name_s": "/usr/lib/python2.6/site-packages/paste/evalexception/media/MochiKit.packed.js", "size_i": "202262", "regex": "false"},
	{"name_s": "/usr/lib/python2.6/site-packages/paste/evalexception/media/debug.js", "size_i": "4257", "regex": "false"},
	{"name_s": "/usr/lib/python2.6/site-packages/paste/evalexception/media/minus.jpg", "size_i": "359", "regex": "false"},
	{"name_s": "/usr/lib/python2.6/site-packages/paste/evalexception/media/plus.jpg", "size_i": "361", "regex": "false"},
	{"name_s": "/usr/lib/python2.6/site-packages/paste/evalexception/middleware.py", "size_i": "22087", "regex": "false"},
	{"name_s": "/usr/lib/python2.6/site-packages/paste/evalexception/middleware.pyc", "size_i": "22414", "regex": "false"},
	{"name_s": "/usr/lib/python2.6/site-packages/paste/evalexception/middleware.pyo", "size_i": "22192", "regex": "false"},
	{"name_s": "/usr/lib/python2.6/site-packages/paste/exceptions", "size_i": "4096", "regex": "false"},
	{"name_s": "/usr/lib/python2.6/site-packages/paste/exceptions/__init__.py", "size_i": "252", "regex": "false"},
	{"name_s": "/usr/lib/python2.6/site-packages/paste/exceptions/__init__.pyc", "size_i": "247", "regex": "false"},
	{"name_s": "/usr/lib/python2.6/site-packages/paste/exceptions/__init__.pyo", "size_i": "247", "regex": "false"},
	{"name_s": "/usr/lib/python2.6/site-packages/paste/exceptions/collector.py", "size_i": "19778", "regex": "false"},
	{"name_s": "/usr/lib/python2.6/site-packages/paste/exceptions/collector.pyc", "size_i": "17533", "regex": "false"},
	{"name_s": "/usr/lib/python2.6/site-packages/paste/exceptions/collector.pyo", "size_i": "17533", "regex": "false"},
	{"name_s": "/usr/lib/python2.6/site-packages/paste/exceptions/errormiddleware.py", "size_i": "16913", "regex": "false"},
	{"name_s": "/usr/lib/python2.6/site-packages/paste/exceptions/errormiddleware.pyc", "size_i": "15288", "regex": "false"},
	{"name_s": "/usr/lib/python2.6/site-packages/paste/exceptions/errormiddleware.pyo", "size_i": "15288", "regex": "false"},
	{"name_s": "/usr/lib/python2.6/site-packages/paste/exceptions/formatter.py", "size_i": "19467", "regex": "false"},
	{"name_s": "/usr/lib/python2.6/site-packages/paste/exceptions/formatter.pyc", "size_i": "20889", "regex": "false"},
	{"name_s": "/usr/lib/python2.6/site-packages/paste/exceptions/formatter.pyo", "size_i": "20889", "regex": "false"},
	{"name_s": "/usr/lib/python2.6/site-packages/paste/exceptions/reporter.py", "size_i": "4574", "regex": "false"},
	{"name_s": "/usr/lib/python2.6/site-packages/paste/exceptions/reporter.pyc", "size_i": "6514", "regex": "false"},
	{"name_s": "/usr/lib/python2.6/site-packages/paste/exceptions/reporter.pyo", "size_i": "6353", "regex": "false"},
	{"name_s": "/usr/lib/python2.6/site-packages/paste/exceptions/serial_number_generator.py", "size_i": "3984", "regex": "false"},
	{"name_s": "/usr/lib/python2.6/site-packages/paste/exceptions/serial_number_generator.pyc", "size_i": "4082", "regex": "false"},
	{"name_s": "/usr/lib/python2.6/site-packages/paste/exceptions/serial_number_generator.pyo", "size_i": "4082", "regex": "false"},
	{"name_s": "/usr/lib/python2.6/site-packages/paste/fileapp.py", "size_i": "13363", "regex": "false"},
	{"name_s": "/usr/lib/python2.6/site-packages/paste/fileapp.pyc", "size_i": "12975", "regex": "false"},
	{"name_s": "/usr/lib/python2.6/site-packages/paste/fileapp.pyo", "size_i": "12841", "regex": "false"},
	{"name_s": "/usr/lib/python2.6/site-packages/paste/fixture.py", "size_i": "58089", "regex": "false"},
	{"name_s": "/usr/lib/python2.6/site-packages/paste/fixture.pyc", "size_i": "59287", "regex": "false"},
	{"name_s": "/usr/lib/python2.6/site-packages/paste/fixture.pyo", "size_i": "57014", "regex": "false"},
	{"name_s": "/usr/lib/python2.6/site-packages/paste/flup_session.py", "size_i": "3941", "regex": "false"},
	{"name_s": "/usr/lib/python2.6/site-packages/paste/flup_session.pyc", "size_i": "3868", "regex": "false"},
	{"name_s": "/usr/lib/python2.6/site-packages/paste/flup_session.pyo", "size_i": "3868", "regex": "false"},
	{"name_s": "/usr/lib/python2.6/site-packages/paste/gzipper.py", "size_i": "3680", "regex": "false"},
	{"name_s": "/usr/lib/python2.6/site-packages/paste/gzipper.pyc", "size_i": "4398", "regex": "false"},
	{"name_s": "/usr/lib/python2.6/site-packages/paste/gzipper.pyo", "size_i": "4398", "regex": "false"},
	{"name_s": "/usr/lib/python2.6/site-packages/paste/httpexceptions.py", "size_i": "24212", "regex": "false"},
	{"name_s": "/usr/lib/python2.6/site-packages/paste/httpexceptions.pyc", "size_i": "27631", "regex": "false"},
	{"name_s": "/usr/lib/python2.6/site-packages/paste/httpexceptions.pyo", "size_i": "26874", "regex": "false"},
	{"name_s": "/usr/lib/python2.6/site-packages/paste/httpheaders.py", "size_i": "43073", "regex": "false"},
	{"name_s": "/usr/lib/python2.6/site-packages/paste/httpheaders.pyc", "size_i": "44463", "regex": "false"},
	{"name_s": "/usr/lib/python2.6/site-packages/paste/httpheaders.pyo", "size_i": "43163", "regex": "false"},
	{"name_s": "/usr/lib/python2.6/site-packages/paste/httpserver.py", "size_i": "55710", "regex": "false"},
	{"name_s": "/usr/lib/python2.6/site-packages/paste/httpserver.pyc", "size_i": "47729", "regex": "false"},
	{"name_s": "/usr/lib/python2.6/site-packages/paste/httpserver.pyo", "size_i": "47067", "regex": "false"},
	{"name_s": "/usr/lib/python2.6/site-packages/paste/lint.py", "size_i": "14999", "regex": "false"},
	{"name_s": "/usr/lib/python2.6/site-packages/paste/lint.pyc", "size_i": "17382", "regex": "false"},
	{"name_s": "/usr/lib/python2.6/site-packages/paste/lint.pyo", "size_i": "13265", "regex": "false"},
	{"name_s": "/usr/lib/python2.6/site-packages/paste/modpython.py", "size_i": "7976", "regex": "false"},
	{"name_s": "/usr/lib/python2.6/site-packages/paste/modpython.pyc", "size_i": "8693", "regex": "false"},
	{"name_s": "/usr/lib/python2.6/site-packages/paste/modpython.pyo", "size_i": "8693", "regex": "false"},
	{"name_s": "/usr/lib/python2.6/site-packages/paste/pony.py", "size_i": "2279", "regex": "false"},
	{"name_s": "/usr/lib/python2.6/site-packages/paste/pony.pyc", "size_i": "2688", "regex": "false"},
	{"name_s": "/usr/lib/python2.6/site-packages/paste/pony.pyo", "size_i": "2688", "regex": "false"},
	{"name_s": "/usr/lib/python2.6/site-packages/paste/progress.py", "size_i": "8162", "regex": "false"},
	{"name_s": "/usr/lib/python2.6/site-packages/paste/progress.pyc", "size_i": "9182", "regex": "false"},
	{"name_s": "/usr/lib/python2.6/site-packages/paste/progress.pyo", "size_i": "9182", "regex": "false"},
	{"name_s": "/usr/lib/python2.6/site-packages/paste/proxy.py", "size_i": "10181", "regex": "false"},
	{"name_s": "/usr/lib/python2.6/site-packages/paste/proxy.pyc", "size_i": "8644", "regex": "false"},
	{"name_s": "/usr/lib/python2.6/site-packages/paste/proxy.pyo", "size_i": "8644", "regex": "false"},
	{"name_s": "/usr/lib/python2.6/site-packages/paste/recursive.py", "size_i": "14696", "regex": "false"},
	{"name_s": "/usr/lib/python2.6/site-packages/paste/recursive.pyc", "size_i": "17401", "regex": "false"},
	{"name_s": "/usr/lib/python2.6/site-packages/paste/recursive.pyo", "size_i": "17076", "regex": "false"},
	{"name_s": "/usr/lib/python2.6/site-packages/paste/registry.py", "size_i": "22400", "regex": "false"},
	{"name_s": "/usr/lib/python2.6/site-packages/paste/registry.pyc", "size_i": "22527", "regex": "false"},
	{"name_s": "/usr/lib/python2.6/site-packages/paste/registry.pyo", "size_i": "22527", "regex": "false"},
	{"name_s": "/usr/lib/python2.6/site-packages/paste/reloader.py", "size_i": "6010", "regex": "false"},
	{"name_s": "/usr/lib/python2.6/site-packages/paste/reloader.pyc", "size_i": "6004", "regex": "false"},
	{"name_s": "/usr/lib/python2.6/site-packages/paste/reloader.pyo", "size_i": "6004", "regex": "false"},
	{"name_s": "/usr/lib/python2.6/site-packages/paste/request.py", "size_i": "14032", "regex": "false"},
	{"name_s": "/usr/lib/python2.6/site-packages/paste/request.pyc", "size_i": "13678", "regex": "false"},
	{"name_s": "/usr/lib/python2.6/site-packages/paste/request.pyo", "size_i": "13582", "regex": "false"},
	{"name_s": "/usr/lib/python2.6/site-packages/paste/response.py", "size_i": "7665", "regex": "false"},
	{"name_s": "/usr/lib/python2.6/site-packages/paste/response.pyc", "size_i": "9178", "regex": "false"},
	{"name_s": "/usr/lib/python2.6/site-packages/paste/response.pyo", "size_i": "9094", "regex": "false"},
	{"name_s": "/usr/lib/python2.6/site-packages/paste/session.py", "size_i": "11335", "regex": "false"},
	{"name_s": "/usr/lib/python2.6/site-packages/paste/session.pyc", "size_i": "11715", "regex": "false"},
	{"name_s": "/usr/lib/python2.6/site-packages/paste/session.pyo", "size_i": "11715", "regex": "false"},
	{"name_s": "/usr/lib/python2.6/site-packages/paste/transaction.py", "size_i": "4362", "regex": "false"},
	{"name_s": "/usr/lib/python2.6/site-packages/paste/transaction.pyc", "size_i": "5636", "regex": "false"},
	{"name_s": "/usr/lib/python2.6/site-packages/paste/transaction.pyo", "size_i": "5636", "regex": "false"},
	{"name_s": "/usr/lib/python2.6/site-packages/paste/translogger.py", "size_i": "4612", "regex": "false"},
	{"name_s": "/usr/lib/python2.6/site-packages/paste/translogger.pyc", "size_i": "4182", "regex": "false"},
	{"name_s": "/usr/lib/python2.6/site-packages/paste/translogger.pyo", "size_i": "4182", "regex": "false"},
	{"name_s": "/usr/lib/python2.6/site-packages/paste/url.py", "size_i": "14624", "regex": "false"},
	{"name_s": "/usr/lib/python2.6/site-packages/paste/url.pyc", "size_i": "17900", "regex": "false"},
	{"name_s": "/usr/lib/python2.6/site-packages/paste/url.pyo", "size_i": "17900", "regex": "false"},
	{"name_s": "/usr/lib/python2.6/site-packages/paste/urlmap.py", "size_i": "9032", "regex": "false"},
	{"name_s": "/usr/lib/python2.6/site-packages/paste/urlmap.pyc", "size_i": "9513", "regex": "false"},
	{"name_s": "/usr/lib/python2.6/site-packages/paste/urlmap.pyo", "size_i": "9365", "regex": "false"},
	{"name_s": "/usr/lib/python2.6/site-packages/paste/urlparser.py", "size_i": "26424", "regex": "false"},
	{"name_s": "/usr/lib/python2.6/site-packages/paste/urlparser.pyc", "size_i": "22202", "regex": "false"},
	{"name_s": "/usr/lib/python2.6/site-packages/paste/urlparser.pyo", "size_i": "22026", "regex": "false"},
	{"name_s": "/usr/lib/python2.6/site-packages/paste/util", "size_i": "4096", "regex": "false"},
	{"name_s": "/usr/lib/python2.6/site-packages/paste/util/PySourceColor.py", "size_i": "85865", "regex": "false"},
	{"name_s": "/usr/lib/python2.6/site-packages/paste/util/PySourceColor.pyc", "size_i": "54758", "regex": "false"},
	{"name_s": "/usr/lib/python2.6/site-packages/paste/util/PySourceColor.pyo", "size_i": "54758", "regex": "false"},
	{"name_s": "/usr/lib/python2.6/site-packages/paste/util/UserDict24.py", "size_i": "5516", "regex": "false"},
	{"name_s": "/usr/lib/python2.6/site-packages/paste/util/UserDict24.pyc", "size_i": "9915", "regex": "false"},
	{"name_s": "/usr/lib/python2.6/site-packages/paste/util/UserDict24.pyo", "size_i": "9915", "regex": "false"},
	{"name_s": "/usr/lib/python2.6/site-packages/paste/util/__init__.py", "size_i": "86", "regex": "false"},
	{"name_s": "/usr/lib/python2.6/site-packages/paste/util/__init__.pyc", "size_i": "244", "regex": "false"},
	{"name_s": "/usr/lib/python2.6/site-packages/paste/util/__init__.pyo", "size_i": "244", "regex": "false"},
	{"name_s": "/usr/lib/python2.6/site-packages/paste/util/classinit.py", "size_i": "1849", "regex": "false"},
	{"name_s": "/usr/lib/python2.6/site-packages/paste/util/classinit.pyc", "size_i": "1879", "regex": "false"},
	{"name_s": "/usr/lib/python2.6/site-packages/paste/util/classinit.pyo", "size_i": "1879", "regex": "false"},
	{"name_s": "/usr/lib/python2.6/site-packages/paste/util/classinstance.py", "size_i": "1373", "regex": "false"},
	{"name_s": "/usr/lib/python2.6/site-packages/paste/util/classinstance.pyc", "size_i": "2219", "regex": "false"},
	{"name_s": "/usr/lib/python2.6/site-packages/paste/util/classinstance.pyo", "size_i": "2057", "regex": "false"},
	{"name_s": "/usr/lib/python2.6/site-packages/paste/util/converters.py", "size_i": "863", "regex": "false"},
	{"name_s": "/usr/lib/python2.6/site-packages/paste/util/converters.pyc", "size_i": "1135", "regex": "false"},
	{"name_s": "/usr/lib/python2.6/site-packages/paste/util/converters.pyo", "size_i": "1135", "regex": "false"},
	{"name_s": "/usr/lib/python2.6/site-packages/paste/util/dateinterval.py", "size_i": "2414", "regex": "false"},
	{"name_s": "/usr/lib/python2.6/site-packages/paste/util/dateinterval.pyc", "size_i": "3085", "regex": "false"},
	{"name_s": "/usr/lib/python2.6/site-packages/paste/util/dateinterval.pyo", "size_i": "3085", "regex": "false"},
	{"name_s": "/usr/lib/python2.6/site-packages/paste/util/datetimeutil.py", "size_i": "11170", "regex": "false"},
	{"name_s": "/usr/lib/python2.6/site-packages/paste/util/datetimeutil.pyc", "size_i": "10136", "regex": "false"},
	{"name_s": "/usr/lib/python2.6/site-packages/paste/util/datetimeutil.pyo", "size_i": "10136", "regex": "false"},
	{"name_s": "/usr/lib/python2.6/site-packages/paste/util/doctest24.py", "size_i": "99418", "regex": "false"},
	{"name_s": "/usr/lib/python2.6/site-packages/paste/util/doctest24.pyc", "size_i": "83038", "regex": "false"},
	{"name_s": "/usr/lib/python2.6/site-packages/paste/util/doctest24.pyo", "size_i": "82750", "regex": "false"},
	{"name_s": "/usr/lib/python2.6/site-packages/paste/util/filemixin.py", "size_i": "1431", "regex": "false"},
	{"name_s": "/usr/lib/python2.6/site-packages/paste/util/filemixin.pyc", "size_i": "1971", "regex": "false"},
	{"name_s": "/usr/lib/python2.6/site-packages/paste/util/filemixin.pyo", "size_i": "1971", "regex": "false"},
	{"name_s": "/usr/lib/python2.6/site-packages/paste/util/finddata.py", "size_i": "3841", "regex": "false"},
	{"name_s": "/usr/lib/python2.6/site-packages/paste/util/finddata.pyc", "size_i": "2930", "regex": "false"},
	{"name_s": "/usr/lib/python2.6/site-packages/paste/util/finddata.pyo", "size_i": "2930", "regex": "false"},
	{"name_s": "/usr/lib/python2.6/site-packages/paste/util/findpackage.py", "size_i": "786", "regex": "false"},
	{"name_s": "/usr/lib/python2.6/site-packages/paste/util/findpackage.pyc", "size_i": "888", "regex": "false"},
	{"name_s": "/usr/lib/python2.6/site-packages/paste/util/findpackage.pyo", "size_i": "888", "regex": "false"},
	{"name_s": "/usr/lib/python2.6/site-packages/paste/util/import_string.py", "size_i": "3110", "regex": "false"},
	{"name_s": "/usr/lib/python2.6/site-packages/paste/util/import_string.pyc", "size_i": "3280", "regex": "false"},
	{"name_s": "/usr/lib/python2.6/site-packages/paste/util/import_string.pyo", "size_i": "3280", "regex": "false"},
	{"name_s": "/usr/lib/python2.6/site-packages/paste/util/intset.py", "size_i": "19131", "regex": "false"},
	{"name_s": "/usr/lib/python2.6/site-packages/paste/util/intset.pyc", "size_i": "18895", "regex": "false"},
	{"name_s": "/usr/lib/python2.6/site-packages/paste/util/intset.pyo", "size_i": "18895", "regex": "false"},
	{"name_s": "/usr/lib/python2.6/site-packages/paste/util/ip4.py", "size_i": "9271", "regex": "false"},
	{"name_s": "/usr/lib/python2.6/site-packages/paste/util/ip4.pyc", "size_i": "9061", "regex": "false"},
	{"name_s": "/usr/lib/python2.6/site-packages/paste/util/ip4.pyo", "size_i": "9061", "regex": "false"},
	{"name_s": "/usr/lib/python2.6/site-packages/paste/util/killthread.py", "size_i": "1200", "regex": "false"},
	{"name_s": "/usr/lib/python2.6/site-packages/paste/util/killthread.pyc", "size_i": "1376", "regex": "false"},
	{"name_s": "/usr/lib/python2.6/site-packages/paste/util/killthread.pyo", "size_i": "1376", "regex": "false"},
	{"name_s": "/usr/lib/python2.6/site-packages/paste/util/looper.py", "size_i": "3969", "regex": "false"},
	{"name_s": "/usr/lib/python2.6/site-packages/paste/util/looper.pyc", "size_i": "6615", "regex": "false"},
	{"name_s": "/usr/lib/python2.6/site-packages/paste/util/looper.pyo", "size_i": "6615", "regex": "false"},
	{"name_s": "/usr/lib/python2.6/site-packages/paste/util/mimeparse.py", "size_i": "6419", "regex": "false"},
	{"name_s": "/usr/lib/python2.6/site-packages/paste/util/mimeparse.pyc", "size_i": "7157", "regex": "false"},
	{"name_s": "/usr/lib/python2.6/site-packages/paste/util/mimeparse.pyo", "size_i": "7157", "regex": "false"},
	{"name_s": "/usr/lib/python2.6/site-packages/paste/util/multidict.py", "size_i": "11409", "regex": "false"},
	{"name_s": "/usr/lib/python2.6/site-packages/paste/util/multidict.pyc", "size_i": "16044", "regex": "false"},
	{"name_s": "/usr/lib/python2.6/site-packages/paste/util/multidict.pyo", "size_i": "16044", "regex": "false"},
	{"name_s": "/usr/lib/python2.6/site-packages/paste/util/quoting.py", "size_i": "2233", "regex": "false"},
	{"name_s": "/usr/lib/python2.6/site-packages/paste/util/quoting.pyc", "size_i": "2843", "regex": "false"},
	{"name_s": "/usr/lib/python2.6/site-packages/paste/util/quoting.pyo", "size_i": "2843", "regex": "false"},
	{"name_s": "/usr/lib/python2.6/site-packages/paste/util/scgiserver.py", "size_i": "5636", "regex": "false"},
	{"name_s": "/usr/lib/python2.6/site-packages/paste/util/scgiserver.pyc", "size_i": "5996", "regex": "false"},
	{"name_s": "/usr/lib/python2.6/site-packages/paste/util/scgiserver.pyo", "size_i": "5885", "regex": "false"},
	{"name_s": "/usr/lib/python2.6/site-packages/paste/util/string24.py", "size_i": "16743", "regex": "false"},
	{"name_s": "/usr/lib/python2.6/site-packages/paste/util/string24.pyc", "size_i": "18165", "regex": "false"},
	{"name_s": "/usr/lib/python2.6/site-packages/paste/util/string24.pyo", "size_i": "18165", "regex": "false"},
	{"name_s": "/usr/lib/python2.6/site-packages/paste/util/subprocess24.py", "size_i": "40131", "regex": "false"},
	{"name_s": "/usr/lib/python2.6/site-packages/paste/util/subprocess24.pyc", "size_i": "29403", "regex": "false"},
	{"name_s": "/usr/lib/python2.6/site-packages/paste/util/subprocess24.pyo", "size_i": "29403", "regex": "false"},
	{"name_s": "/usr/lib/python2.6/site-packages/paste/util/template.py", "size_i": "24295", "regex": "false"},
	{"name_s": "/usr/lib/python2.6/site-packages/paste/util/template.pyc", "size_i": "25972", "regex": "false"},
	{"name_s": "/usr/lib/python2.6/site-packages/paste/util/template.pyo", "size_i": "25695", "regex": "false"},
	{"name_s": "/usr/lib/python2.6/site-packages/paste/util/threadedprint.py", "size_i": "8211", "regex": "false"},
	{"name_s": "/usr/lib/python2.6/site-packages/paste/util/threadedprint.pyc", "size_i": "10021", "regex": "false"},
	{"name_s": "/usr/lib/python2.6/site-packages/paste/util/threadedprint.pyo", "size_i": "8700", "regex": "false"},
	{"name_s": "/usr/lib/python2.6/site-packages/paste/util/threadinglocal.py", "size_i": "1484", "regex": "false"},
	{"name_s": "/usr/lib/python2.6/site-packages/paste/util/threadinglocal.pyc", "size_i": "1967", "regex": "false"},
	{"name_s": "/usr/lib/python2.6/site-packages/paste/util/threadinglocal.pyo", "size_i": "1967", "regex": "false"},
	{"name_s": "/usr/lib/python2.6/site-packages/paste/wsgilib.py", "size_i": "20134", "regex": "false"},
	{"name_s": "/usr/lib/python2.6/site-packages/paste/wsgilib.pyc", "size_i": "21560", "regex": "false"},
	{"name_s": "/usr/lib/python2.6/site-packages/paste/wsgilib.pyo", "size_i": "21504", "regex": "false"},
	{"name_s": "/usr/lib/python2.6/site-packages/paste/wsgiwrappers.py", "size_i": "22165", "regex": "false"},
	{"name_s": "/usr/lib/python2.6/site-packages/paste/wsgiwrappers.pyc", "size_i": "23878", "regex": "false"},
	{"name_s": "/usr/lib/python2.6/site-packages/paste/wsgiwrappers.pyo", "size_i": "23878", "regex": "false"},
	{"name_s": "/usr/share/doc/python-paste-1.7.4", "size_i": "4096", "regex": "false"},
	{"name_s": "/usr/share/doc/python-paste-1.7.4/DeveloperGuidelines.txt", "size_i": "4624", "regex": "false"},
	{"name_s": "/usr/share/doc/python-paste-1.7.4/_build", "size_i": "4096", "regex": "false"},
	{"name_s": "/usr/share/doc/python-paste-1.7.4/_build/DeveloperGuidelines.html", "size_i": "12031", "regex": "false"},
	{"name_s": "/usr/share/doc/python-paste-1.7.4/_build/StyleGuide.html", "size_i": "11346", "regex": "false"},
	{"name_s": "/usr/share/doc/python-paste-1.7.4/_build/community", "size_i": "4096", "regex": "false"},
	{"name_s": "/usr/share/doc/python-paste-1.7.4/_build/community/index.html", "size_i": "6166", "regex": "false"},
	{"name_s": "/usr/share/doc/python-paste-1.7.4/_build/community/mailing-list.html", "size_i": "6281", "regex": "false"},
	{"name_s": "/usr/share/doc/python-paste-1.7.4/_build/community/repository.html", "size_i": "5773", "regex": "false"},
	{"name_s": "/usr/share/doc/python-paste-1.7.4/_build/developer-features.html", "size_i": "19762", "regex": "false"},
	{"name_s": "/usr/share/doc/python-paste-1.7.4/_build/do-it-yourself-framework.html", "size_i": "56633", "regex": "false"},
	{"name_s": "/usr/share/doc/python-paste-1.7.4/_build/download", "size_i": "4096", "regex": "false"},
	{"name_s": "/usr/share/doc/python-paste-1.7.4/_build/download/index.html", "size_i": "7425", "regex": "false"},
	{"name_s": "/usr/share/doc/python-paste-1.7.4/_build/future.html", "size_i": "10461", "regex": "false"},
	{"name_s": "/usr/share/doc/python-paste-1.7.4/_build/genindex.html", "size_i": "39137", "regex": "false"},
	{"name_s": "/usr/share/doc/python-paste-1.7.4/_build/include", "size_i": "4096", "regex": "false"},
	{"name_s": "/usr/share/doc/python-paste-1.7.4/_build/include/contact.html", "size_i": "4770", "regex": "false"},
	{"name_s": "/usr/share/doc/python-paste-1.7.4/_build/include/reference_header.html", "size_i": "4771", "regex": "false"},
	{"name_s": "/usr/share/doc/python-paste-1.7.4/_build/index.html", "size_i": "8279", "regex": "false"},
	{"name_s": "/usr/share/doc/python-paste-1.7.4/_build/license.html", "size_i": "5861", "regex": "false"},
	{"name_s": "/usr/share/doc/python-paste-1.7.4/_build/modindex.html", "size_i": "14255", "regex": "false"},
	{"name_s": "/usr/share/doc/python-paste-1.7.4/_build/modules", "size_i": "4096", "regex": "false"},
	{"name_s": "/usr/share/doc/python-paste-1.7.4/_build/modules/auth.auth_tkt.html", "size_i": "13993", "regex": "false"},
	{"name_s": "/usr/share/doc/python-paste-1.7.4/_build/modules/auth.basic.html", "size_i": "10246", "regex": "false"},
	{"name_s": "/usr/share/doc/python-paste-1.7.4/_build/modules/auth.cas.html", "size_i": "7467", "regex": "false"},
	{"name_s": "/usr/share/doc/python-paste-1.7.4/_build/modules/auth.cookie.html", "size_i": "19752", "regex": "false"},
	{"name_s": "/usr/share/doc/python-paste-1.7.4/_build/modules/auth.digest.html", "size_i": "11841", "regex": "false"},
	{"name_s": "/usr/share/doc/python-paste-1.7.4/_build/modules/auth.form.html", "size_i": "11264", "regex": "false"},
	{"name_s": "/usr/share/doc/python-paste-1.7.4/_build/modules/auth.grantip.html", "size_i": "7920", "regex": "false"},
	{"name_s": "/usr/share/doc/python-paste-1.7.4/_build/modules/auth.multi.html", "size_i": "10221", "regex": "false"},
	{"name_s": "/usr/share/doc/python-paste-1.7.4/_build/modules/auth.open_id.html", "size_i": "5146", "regex": "false"},
	{"name_s": "/usr/share/doc/python-paste-1.7.4/_build/modules/cascade.html", "size_i": "6946", "regex": "false"},
	{"name_s": "/usr/share/doc/python-paste-1.7.4/_build/modules/cgiapp.html", "size_i": "7458", "regex": "false"},
	{"name_s": "/usr/share/doc/python-paste-1.7.4/_build/modules/cgitb_catcher.html", "size_i": "6854", "regex": "false"},
	{"name_s": "/usr/share/doc/python-paste-1.7.4/_build/modules/debug.debugapp.html", "size_i": "7164", "regex": "false"},
	{"name_s": "/usr/share/doc/python-paste-1.7.4/_build/modules/debug.fsdiff.html", "size_i": "9195", "regex": "false"},
	{"name_s": "/usr/share/doc/python-paste-1.7.4/_build/modules/debug.prints.html", "size_i": "7039", "regex": "false"},
	{"name_s": "/usr/share/doc/python-paste-1.7.4/_build/modules/debug.profile.html", "size_i": "8462", "regex": "false"},
	{"name_s": "/usr/share/doc/python-paste-1.7.4/_build/modules/debug.watchthreads.html", "size_i": "7320", "regex": "false"},
	{"name_s": "/usr/share/doc/python-paste-1.7.4/_build/modules/debug.wdg_validate.html", "size_i": "8131", "regex": "false"},
	{"name_s": "/usr/share/doc/python-paste-1.7.4/_build/modules/errordocument.html", "size_i": "9069", "regex": "false"},
	{"name_s": "/usr/share/doc/python-paste-1.7.4/_build/modules/evalexception.html", "size_i": "5621", "regex": "false"},
	{"name_s": "/usr/share/doc/python-paste-1.7.4/_build/modules/exceptions.html", "size_i": "31176", "regex": "false"},
	{"name_s": "/usr/share/doc/python-paste-1.7.4/_build/modules/fileapp.html", "size_i": "9679", "regex": "false"},
	{"name_s": "/usr/share/doc/python-paste-1.7.4/_build/modules/fixture.html", "size_i": "28673", "regex": "false"},
	{"name_s": "/usr/share/doc/python-paste-1.7.4/_build/modules/gzipper.html", "size_i": "6147", "regex": "false"},
	{"name_s": "/usr/share/doc/python-paste-1.7.4/_build/modules/httpexceptions.html", "size_i": "30780", "regex": "false"},
	{"name_s": "/usr/share/doc/python-paste-1.7.4/_build/modules/httpheaders.html", "size_i": "27609", "regex": "false"},
	{"name_s": "/usr/share/doc/python-paste-1.7.4/_build/modules/httpserver.html", "size_i": "20121", "regex": "false"},
	{"name_s": "/usr/share/doc/python-paste-1.7.4/_build/modules/lint.html", "size_i": "9647", "regex": "false"},
	{"name_s": "/usr/share/doc/python-paste-1.7.4/_build/modules/pony.html", "size_i": "5829", "regex": "false"},
	{"name_s": "/usr/share/doc/python-paste-1.7.4/_build/modules/progress.html", "size_i": "12654", "regex": "false"},
	{"name_s": "/usr/share/doc/python-paste-1.7.4/_build/modules/proxy.html", "size_i": "9365", "regex": "false"},
	{"name_s": "/usr/share/doc/python-paste-1.7.4/_build/modules/recursive.html", "size_i": "16066", "regex": "false"},
	{"name_s": "/usr/share/doc/python-paste-1.7.4/_build/modules/registry.html", "size_i": "16977", "regex": "false"},
	{"name_s": "/usr/share/doc/python-paste-1.7.4/_build/modules/reloader.html", "size_i": "8204", "regex": "false"},
	{"name_s": "/usr/share/doc/python-paste-1.7.4/_build/modules/request.html", "size_i": "14769", "regex": "false"},
	{"name_s": "/usr/share/doc/python-paste-1.7.4/_build/modules/response.html", "size_i": "9106", "regex": "false"},
	{"name_s": "/usr/share/doc/python-paste-1.7.4/_build/modules/session.html", "size_i": "7995", "regex": "false"},
	{"name_s": "/usr/share/doc/python-paste-1.7.4/_build/modules/transaction.html", "size_i": "7266", "regex": "false"},
	{"name_s": "/usr/share/doc/python-paste-1.7.4/_build/modules/translogger.html", "size_i": "6879", "regex": "false"},
	{"name_s": "/usr/share/doc/python-paste-1.7.4/_build/modules/url.html", "size_i": "10779", "regex": "false"},
	{"name_s": "/usr/share/doc/python-paste-1.7.4/_build/modules/urlmap.html", "size_i": "7930", "regex": "false"},
	{"name_s": "/usr/share/doc/python-paste-1.7.4/_build/modules/urlparser.html", "size_i": "12597", "regex": "false"},
	{"name_s": "/usr/share/doc/python-paste-1.7.4/_build/modules/util.import_string.html", "size_i": "8297", "regex": "false"},
	{"name_s": "/usr/share/doc/python-paste-1.7.4/_build/modules/util.multidict.html", "size_i": "7195", "regex": "false"},
	{"name_s": "/usr/share/doc/python-paste-1.7.4/_build/modules/wsgilib.html", "size_i": "15718", "regex": "false"},
	{"name_s": "/usr/share/doc/python-paste-1.7.4/_build/modules/wsgiwrappers.html", "size_i": "9661", "regex": "false"},
	{"name_s": "/usr/share/doc/python-paste-1.7.4/_build/news.html", "size_i": "77952", "regex": "false"},
	{"name_s": "/usr/share/doc/python-paste-1.7.4/_build/paste-httpserver-threadpool.html", "size_i": "15448", "regex": "false"},
	{"name_s": "/usr/share/doc/python-paste-1.7.4/_build/search.html", "size_i": "4273", "regex": "false"},
	{"name_s": "/usr/share/doc/python-paste-1.7.4/_build/testing-applications.html", "size_i": "17688", "regex": "false"},
	{"name_s": "/usr/share/doc/python-paste-1.7.4/_build/url-parsing-with-wsgi.html", "size_i": "28206", "regex": "false"},
	{"name_s": "/usr/share/doc/python-paste-1.7.4/community", "size_i": "4096", "regex": "false"},
	{"name_s": "/usr/share/doc/python-paste-1.7.4/community/index.txt", "size_i": "425", "regex": "false"},
	{"name_s": "/usr/share/doc/python-paste-1.7.4/community/mailing-list.txt", "size_i": "613", "regex": "false"},
	{"name_s": "/usr/share/doc/python-paste-1.7.4/community/repository.txt", "size_i": "228", "regex": "false"},
	{"name_s": "/usr/share/doc/python-paste-1.7.4/conf.py", "size_i": "4076", "regex": "false"},
	{"name_s": "/usr/share/doc/python-paste-1.7.4/developer-features.txt", "size_i": "4500", "regex": "false"},
	{"name_s": "/usr/share/doc/python-paste-1.7.4/do-it-yourself-framework.txt", "size_i": "19265", "regex": "false"},
	{"name_s": "/usr/share/doc/python-paste-1.7.4/download", "size_i": "4096", "regex": "false"},
	{"name_s": "/usr/share/doc/python-paste-1.7.4/download/index.txt", "size_i": "1160", "regex": "false"},
	{"name_s": "/usr/share/doc/python-paste-1.7.4/future.txt", "size_i": "3195", "regex": "false"},
	{"name_s": "/usr/share/doc/python-paste-1.7.4/include", "size_i": "4096", "regex": "false"},
	{"name_s": "/usr/share/doc/python-paste-1.7.4/include/contact.txt", "size_i": "338", "regex": "false"},
	{"name_s": "/usr/share/doc/python-paste-1.7.4/include/reference_header.txt", "size_i": "66", "regex": "false"},
	{"name_s": "/usr/share/doc/python-paste-1.7.4/index.txt", "size_i": "1602", "regex": "false"},
	{"name_s": "/usr/share/doc/python-paste-1.7.4/license.txt", "size_i": "1077", "regex": "false"},
	{"name_s": "/usr/share/doc/python-paste-1.7.4/modules", "size_i": "4096", "regex": "false"},
	{"name_s": "/usr/share/doc/python-paste-1.7.4/modules/auth.auth_tkt.txt", "size_i": "312", "regex": "false"},
	{"name_s": "/usr/share/doc/python-paste-1.7.4/modules/auth.basic.txt", "size_i": "273", "regex": "false"},
	{"name_s": "/usr/share/doc/python-paste-1.7.4/modules/auth.cas.txt", "size_i": "186", "regex": "false"},
	{"name_s": "/usr/share/doc/python-paste-1.7.4/modules/auth.cookie.txt", "size_i": "314", "regex": "false"},
	{"name_s": "/usr/share/doc/python-paste-1.7.4/modules/auth.digest.txt", "size_i": "297", "regex": "false"},
	{"name_s": "/usr/share/doc/python-paste-1.7.4/modules/auth.form.txt", "size_i": "242", "regex": "false"},
	{"name_s": "/usr/share/doc/python-paste-1.7.4/modules/auth.grantip.txt", "size_i": "272", "regex": "false"},
	{"name_s": "/usr/share/doc/python-paste-1.7.4/modules/auth.multi.txt", "size_i": "238", "regex": "false"},
	{"name_s": "/usr/share/doc/python-paste-1.7.4/modules/cascade.txt", "size_i": "273", "regex": "false"},
	{"name_s": "/usr/share/doc/python-paste-1.7.4/modules/cgiapp.txt", "size_i": "281", "regex": "false"},
	{"name_s": "/usr/share/doc/python-paste-1.7.4/modules/cgitb_catcher.txt", "size_i": "260", "regex": "false"},
	{"name_s": "/usr/share/doc/python-paste-1.7.4/modules/debug.debugapp.txt", "size_i": "280", "regex": "false"},
	{"name_s": "/usr/share/doc/python-paste-1.7.4/modules/debug.fsdiff.txt", "size_i": "354", "regex": "false"},
	{"name_s": "/usr/share/doc/python-paste-1.7.4/modules/debug.prints.txt", "size_i": "207", "regex": "false"},
	{"name_s": "/usr/share/doc/python-paste-1.7.4/modules/debug.profile.txt", "size_i": "312", "regex": "false"},
	{"name_s": "/usr/share/doc/python-paste-1.7.4/modules/debug.watchthreads.txt", "size_i": "325", "regex": "false"},
	{"name_s": "/usr/share/doc/python-paste-1.7.4/modules/debug.wdg_validate.txt", "size_i": "243", "regex": "false"},
	{"name_s": "/usr/share/doc/python-paste-1.7.4/modules/errordocument.txt", "size_i": "288", "regex": "false"},
	{"name_s": "/usr/share/doc/python-paste-1.7.4/modules/evalexception.txt", "size_i": "226", "regex": "false"},
	{"name_s": "/usr/share/doc/python-paste-1.7.4/modules/exceptions.txt", "size_i": "1259", "regex": "false"},
	{"name_s": "/usr/share/doc/python-paste-1.7.4/modules/fileapp.txt", "size_i": "248", "regex": "false"},
	{"name_s": "/usr/share/doc/python-paste-1.7.4/modules/fixture.txt", "size_i": "633", "regex": "false"},
	{"name_s": "/usr/share/doc/python-paste-1.7.4/modules/gzipper.txt", "size_i": "226", "regex": "false"},
	{"name_s": "/usr/share/doc/python-paste-1.7.4/modules/httpexceptions.txt", "size_i": "1604", "regex": "false"},
	{"name_s": "/usr/share/doc/python-paste-1.7.4/modules/httpheaders.txt", "size_i": "216", "regex": "false"},
	{"name_s": "/usr/share/doc/python-paste-1.7.4/modules/httpserver.txt", "size_i": "202", "regex": "false"},
	{"name_s": "/usr/share/doc/python-paste-1.7.4/modules/lint.txt", "size_i": "272", "regex": "false"},
	{"name_s": "/usr/share/doc/python-paste-1.7.4/modules/pony.txt", "size_i": "232", "regex": "false"},
	{"name_s": "/usr/share/doc/python-paste-1.7.4/modules/progress.txt", "size_i": "246", "regex": "false"},
	{"name_s": "/usr/share/doc/python-paste-1.7.4/modules/proxy.txt", "size_i": "306", "regex": "false"},
	{"name_s": "/usr/share/doc/python-paste-1.7.4/modules/recursive.txt", "size_i": "232", "regex": "false"},
	{"name_s": "/usr/share/doc/python-paste-1.7.4/modules/registry.txt", "size_i": "372", "regex": "false"},
	{"name_s": "/usr/share/doc/python-paste-1.7.4/modules/reloader.txt", "size_i": "293", "regex": "false"},
	{"name_s": "/usr/share/doc/python-paste-1.7.4/modules/request.txt", "size_i": "501", "regex": "false"},
	{"name_s": "/usr/share/doc/python-paste-1.7.4/modules/response.txt", "size_i": "353", "regex": "false"},
	{"name_s": "/usr/share/doc/python-paste-1.7.4/modules/session.txt", "size_i": "243", "regex": "false"},
	{"name_s": "/usr/share/doc/python-paste-1.7.4/modules/transaction.txt", "size_i": "284", "regex": "false"},
	{"name_s": "/usr/share/doc/python-paste-1.7.4/modules/translogger.txt", "size_i": "208", "regex": "false"},
	{"name_s": "/usr/share/doc/python-paste-1.7.4/modules/url.txt", "size_i": "185", "regex": "false"},
	{"name_s": "/usr/share/doc/python-paste-1.7.4/modules/urlmap.txt", "size_i": "224", "regex": "false"},
	{"name_s": "/usr/share/doc/python-paste-1.7.4/modules/urlparser.txt", "size_i": "392", "regex": "false"},
	{"name_s": "/usr/share/doc/python-paste-1.7.4/modules/util.import_string.txt", "size_i": "332", "regex": "false"},
	{"name_s": "/usr/share/doc/python-paste-1.7.4/modules/util.multidict.txt", "size_i": "260", "regex": "false"},
	{"name_s": "/usr/share/doc/python-paste-1.7.4/modules/wsgilib.txt", "size_i": "520", "regex": "false"},
	{"name_s": "/usr/share/doc/python-paste-1.7.4/modules/wsgiwrappers.txt", "size_i": "279", "regex": "false"},
	{"name_s": "/usr/share/doc/python-paste-1.7.4/news.txt", "size_i": "33504", "regex": "false"},
	{"name_s": "/usr/share/doc/python-paste-1.7.4/paste-httpserver-threadpool.txt", "size_i": "6405", "regex": "false"},
	{"name_s": "/usr/share/doc/python-paste-1.7.4/testing-applications.txt", "size_i": "5073", "regex": "false"},
	{"name_s": "/usr/share/doc/python-paste-1.7.4/url-parsing-with-wsgi.txt", "size_i": "12875", "regex": "false"}
]
