[
	{"name_s": "/usr/lib64/python2.6/site-packages/Twisted_Names-8.2.0-py2.6.egg-info", "size_i": "1323", "regex": "false"},
	{"name_s": "/usr/lib64/python2.6/site-packages/twisted/names", "size_i": "4096", "regex": "false"},
	{"name_s": "/usr/lib64/python2.6/site-packages/twisted/names/__init__.py", "size_i": "188", "regex": "false"},
	{"name_s": "/usr/lib64/python2.6/site-packages/twisted/names/__init__.pyc", "size_i": "306", "regex": "false"},
	{"name_s": "/usr/lib64/python2.6/site-packages/twisted/names/__init__.pyo", "size_i": "306", "regex": "false"},
	{"name_s": "/usr/lib64/python2.6/site-packages/twisted/names/_version.py", "size_i": "139", "regex": "false"},
	{"name_s": "/usr/lib64/python2.6/site-packages/twisted/names/_version.pyc", "size_i": "293", "regex": "false"},
	{"name_s": "/usr/lib64/python2.6/site-packages/twisted/names/_version.pyo", "size_i": "293", "regex": "false"},
	{"name_s": "/usr/lib64/python2.6/site-packages/twisted/names/authority.py", "size_i": "10445", "regex": "false"},
	{"name_s": "/usr/lib64/python2.6/site-packages/twisted/names/authority.pyc", "size_i": "10302", "regex": "false"},
	{"name_s": "/usr/lib64/python2.6/site-packages/twisted/names/authority.pyo", "size_i": "10302", "regex": "false"},
	{"name_s": "/usr/lib64/python2.6/site-packages/twisted/names/cache.py", "size_i": "2752", "regex": "false"},
	{"name_s": "/usr/lib64/python2.6/site-packages/twisted/names/cache.pyc", "size_i": "3861", "regex": "false"},
	{"name_s": "/usr/lib64/python2.6/site-packages/twisted/names/cache.pyo", "size_i": "3861", "regex": "false"},
	{"name_s": "/usr/lib64/python2.6/site-packages/twisted/names/client.py", "size_i": "29479", "regex": "false"},
	{"name_s": "/usr/lib64/python2.6/site-packages/twisted/names/client.pyc", "size_i": "32056", "regex": "false"},
	{"name_s": "/usr/lib64/python2.6/site-packages/twisted/names/client.pyo", "size_i": "32056", "regex": "false"},
	{"name_s": "/usr/lib64/python2.6/site-packages/twisted/names/common.py", "size_i": "7774", "regex": "false"},
	{"name_s": "/usr/lib64/python2.6/site-packages/twisted/names/common.pyc", "size_i": "10729", "regex": "false"},
	{"name_s": "/usr/lib64/python2.6/site-packages/twisted/names/common.pyo", "size_i": "10729", "regex": "false"},
	{"name_s": "/usr/lib64/python2.6/site-packages/twisted/names/dns.py", "size_i": "50719", "regex": "false"},
	{"name_s": "/usr/lib64/python2.6/site-packages/twisted/names/dns.pyc", "size_i": "65660", "regex": "false"},
	{"name_s": "/usr/lib64/python2.6/site-packages/twisted/names/dns.pyo", "size_i": "65501", "regex": "false"},
	{"name_s": "/usr/lib64/python2.6/site-packages/twisted/names/error.py", "size_i": "1859", "regex": "false"},
	{"name_s": "/usr/lib64/python2.6/site-packages/twisted/names/error.pyc", "size_i": "3333", "regex": "false"},
	{"name_s": "/usr/lib64/python2.6/site-packages/twisted/names/error.pyo", "size_i": "3333", "regex": "false"},
	{"name_s": "/usr/lib64/python2.6/site-packages/twisted/names/hosts.py", "size_i": "1595", "regex": "false"},
	{"name_s": "/usr/lib64/python2.6/site-packages/twisted/names/hosts.pyc", "size_i": "2354", "regex": "false"},
	{"name_s": "/usr/lib64/python2.6/site-packages/twisted/names/hosts.pyo", "size_i": "2354", "regex": "false"},
	{"name_s": "/usr/lib64/python2.6/site-packages/twisted/names/resolve.py", "size_i": "1649", "regex": "false"},
	{"name_s": "/usr/lib64/python2.6/site-packages/twisted/names/resolve.pyc", "size_i": "2593", "regex": "false"},
	{"name_s": "/usr/lib64/python2.6/site-packages/twisted/names/resolve.pyo", "size_i": "2593", "regex": "false"},
	{"name_s": "/usr/lib64/python2.6/site-packages/twisted/names/root.py", "size_i": "6988", "regex": "false"},
	{"name_s": "/usr/lib64/python2.6/site-packages/twisted/names/root.pyc", "size_i": "8611", "regex": "false"},
	{"name_s": "/usr/lib64/python2.6/site-packages/twisted/names/root.pyo", "size_i": "8549", "regex": "false"},
	{"name_s": "/usr/lib64/python2.6/site-packages/twisted/names/secondary.py", "size_i": "3201", "regex": "false"},
	{"name_s": "/usr/lib64/python2.6/site-packages/twisted/names/secondary.pyc", "size_i": "5237", "regex": "false"},
	{"name_s": "/usr/lib64/python2.6/site-packages/twisted/names/secondary.pyo", "size_i": "5237", "regex": "false"},
	{"name_s": "/usr/lib64/python2.6/site-packages/twisted/names/server.py", "size_i": "6654", "regex": "false"},
	{"name_s": "/usr/lib64/python2.6/site-packages/twisted/names/server.pyc", "size_i": "7612", "regex": "false"},
	{"name_s": "/usr/lib64/python2.6/site-packages/twisted/names/server.pyo", "size_i": "7612", "regex": "false"},
	{"name_s": "/usr/lib64/python2.6/site-packages/twisted/names/srvconnect.py", "size_i": "6345", "regex": "false"},
	{"name_s": "/usr/lib64/python2.6/site-packages/twisted/names/srvconnect.pyc", "size_i": "7705", "regex": "false"},
	{"name_s": "/usr/lib64/python2.6/site-packages/twisted/names/srvconnect.pyo", "size_i": "7455", "regex": "false"},
	{"name_s": "/usr/lib64/python2.6/site-packages/twisted/names/tap.py", "size_i": "3846", "regex": "false"},
	{"name_s": "/usr/lib64/python2.6/site-packages/twisted/names/tap.pyc", "size_i": "4925", "regex": "false"},
	{"name_s": "/usr/lib64/python2.6/site-packages/twisted/names/tap.pyo", "size_i": "4925", "regex": "false"},
	{"name_s": "/usr/lib64/python2.6/site-packages/twisted/names/test", "size_i": "4096", "regex": "false"},
	{"name_s": "/usr/lib64/python2.6/site-packages/twisted/names/test/__init__.py", "size_i": "26", "regex": "false"},
	{"name_s": "/usr/lib64/python2.6/site-packages/twisted/names/test/__init__.pyc", "size_i": "198", "regex": "false"},
	{"name_s": "/usr/lib64/python2.6/site-packages/twisted/names/test/__init__.pyo", "size_i": "198", "regex": "false"},
	{"name_s": "/usr/lib64/python2.6/site-packages/twisted/names/test/test_cache.py", "size_i": "453", "regex": "false"},
	{"name_s": "/usr/lib64/python2.6/site-packages/twisted/names/test/test_cache.pyc", "size_i": "986", "regex": "false"},
	{"name_s": "/usr/lib64/python2.6/site-packages/twisted/names/test/test_cache.pyo", "size_i": "986", "regex": "false"},
	{"name_s": "/usr/lib64/python2.6/site-packages/twisted/names/test/test_client.py", "size_i": "20838", "regex": "false"},
	{"name_s": "/usr/lib64/python2.6/site-packages/twisted/names/test/test_client.pyc", "size_i": "28118", "regex": "false"},
	{"name_s": "/usr/lib64/python2.6/site-packages/twisted/names/test/test_client.pyo", "size_i": "28118", "regex": "false"},
	{"name_s": "/usr/lib64/python2.6/site-packages/twisted/names/test/test_dns.py", "size_i": "39857", "regex": "false"},
	{"name_s": "/usr/lib64/python2.6/site-packages/twisted/names/test/test_dns.pyc", "size_i": "43198", "regex": "false"},
	{"name_s": "/usr/lib64/python2.6/site-packages/twisted/names/test/test_dns.pyo", "size_i": "43198", "regex": "false"},
	{"name_s": "/usr/lib64/python2.6/site-packages/twisted/names/test/test_names.py", "size_i": "25911", "regex": "false"},
	{"name_s": "/usr/lib64/python2.6/site-packages/twisted/names/test/test_names.pyc", "size_i": "33304", "regex": "false"},
	{"name_s": "/usr/lib64/python2.6/site-packages/twisted/names/test/test_names.pyo", "size_i": "33127", "regex": "false"},
	{"name_s": "/usr/lib64/python2.6/site-packages/twisted/names/test/test_rootresolve.py", "size_i": "231", "regex": "false"},
	{"name_s": "/usr/lib64/python2.6/site-packages/twisted/names/test/test_rootresolve.pyc", "size_i": "540", "regex": "false"},
	{"name_s": "/usr/lib64/python2.6/site-packages/twisted/names/test/test_rootresolve.pyo", "size_i": "540", "regex": "false"},
	{"name_s": "/usr/lib64/python2.6/site-packages/twisted/names/test/test_srvconnect.py", "size_i": "4979", "regex": "false"},
	{"name_s": "/usr/lib64/python2.6/site-packages/twisted/names/test/test_srvconnect.pyc", "size_i": "7087", "regex": "false"},
	{"name_s": "/usr/lib64/python2.6/site-packages/twisted/names/test/test_srvconnect.pyo", "size_i": "7087", "regex": "false"},
	{"name_s": "/usr/lib64/python2.6/site-packages/twisted/plugins/twisted_names.py", "size_i": "257", "regex": "false"},
	{"name_s": "/usr/lib64/python2.6/site-packages/twisted/plugins/twisted_names.pyc", "size_i": "361", "regex": "false"},
	{"name_s": "/usr/lib64/python2.6/site-packages/twisted/plugins/twisted_names.pyo", "size_i": "361", "regex": "false"},
	{"name_s": "/usr/share/doc/python-twisted-names-8.2.0", "size_i": "4096", "regex": "false"},
	{"name_s": "/usr/share/doc/python-twisted-names-8.2.0/LICENSE", "size_i": "1580", "regex": "false"},
	{"name_s": "/usr/share/doc/python-twisted-names-8.2.0/NEWS", "size_i": "2453", "regex": "false"},
	{"name_s": "/usr/share/doc/python-twisted-names-8.2.0/README", "size_i": "60", "regex": "false"},
	{"name_s": "/usr/share/doc/python-twisted-names-8.2.0/examples", "size_i": "4096", "regex": "false"},
	{"name_s": "/usr/share/doc/python-twisted-names-8.2.0/examples/dns-service.py", "size_i": "793", "regex": "false"},
	{"name_s": "/usr/share/doc/python-twisted-names-8.2.0/examples/gethostbyname.py", "size_i": "326", "regex": "false"},
	{"name_s": "/usr/share/doc/python-twisted-names-8.2.0/examples/index.html", "size_i": "854", "regex": "false"},
	{"name_s": "/usr/share/doc/python-twisted-names-8.2.0/examples/testdns.py", "size_i": "856", "regex": "false"},
	{"name_s": "/usr/share/doc/python-twisted-names-8.2.0/howto", "size_i": "4096", "regex": "false"},
	{"name_s": "/usr/share/doc/python-twisted-names-8.2.0/howto/index.html", "size_i": "650", "regex": "false"},
	{"name_s": "/usr/share/doc/python-twisted-names-8.2.0/howto/listings", "size_i": "4096", "regex": "false"},
	{"name_s": "/usr/share/doc/python-twisted-names-8.2.0/howto/listings/names", "size_i": "4096", "regex": "false"},
	{"name_s": "/usr/share/doc/python-twisted-names-8.2.0/howto/listings/names/example-domain.com", "size_i": "1032", "regex": "false"},
	{"name_s": "/usr/share/doc/python-twisted-names-8.2.0/howto/names.html", "size_i": "5144", "regex": "false"},
	{"name_s": "/usr/share/doc/python-twisted-names-8.2.0/index.html", "size_i": "818", "regex": "false"}
]
