[
	{"name_s": "/opt/rh/python27/root/usr/lib64/libamd.a", "size_i": "73020", "regex": "false"},
	{"name_s": "/opt/rh/python27/root/usr/lib64/libbtf.a", "size_i": "16454", "regex": "false"},
	{"name_s": "/opt/rh/python27/root/usr/lib64/libcamd.a", "size_i": "72550", "regex": "false"},
	{"name_s": "/opt/rh/python27/root/usr/lib64/libccolamd.a", "size_i": "51808", "regex": "false"},
	{"name_s": "/opt/rh/python27/root/usr/lib64/libcholmod.a", "size_i": "1431822", "regex": "false"},
	{"name_s": "/opt/rh/python27/root/usr/lib64/libcolamd.a", "size_i": "33140", "regex": "false"},
	{"name_s": "/opt/rh/python27/root/usr/lib64/libcxsparse.a", "size_i": "529314", "regex": "false"},
	{"name_s": "/opt/rh/python27/root/usr/lib64/libklu.a", "size_i": "308408", "regex": "false"},
	{"name_s": "/opt/rh/python27/root/usr/lib64/libldl.a", "size_i": "8534", "regex": "false"},
	{"name_s": "/opt/rh/python27/root/usr/lib64/librbio.a", "size_i": "37142", "regex": "false"},
	{"name_s": "/opt/rh/python27/root/usr/lib64/libspqr.a", "size_i": "366714", "regex": "false"},
	{"name_s": "/opt/rh/python27/root/usr/lib64/libsuitesparseconfig.a", "size_i": "2888", "regex": "false"},
	{"name_s": "/opt/rh/python27/root/usr/lib64/libumfpack.a", "size_i": "1508872", "regex": "false"},
	{"name_s": "/opt/rh/python27/root/usr/share/doc/python27-suitesparse-static-4.0.2", "size_i": "4096", "regex": "false"},
	{"name_s": "/opt/rh/python27/root/usr/share/doc/python27-suitesparse-static-4.0.2/AMD", "size_i": "4096", "regex": "false"},
	{"name_s": "/opt/rh/python27/root/usr/share/doc/python27-suitesparse-static-4.0.2/AMD/License", "size_i": "1798", "regex": "false"},
	{"name_s": "/opt/rh/python27/root/usr/share/doc/python27-suitesparse-static-4.0.2/BTF", "size_i": "4096", "regex": "false"},
	{"name_s": "/opt/rh/python27/root/usr/share/doc/python27-suitesparse-static-4.0.2/BTF/lesser.txt", "size_i": "26530", "regex": "false"},
	{"name_s": "/opt/rh/python27/root/usr/share/doc/python27-suitesparse-static-4.0.2/CAMD", "size_i": "4096", "regex": "false"},
	{"name_s": "/opt/rh/python27/root/usr/share/doc/python27-suitesparse-static-4.0.2/CAMD/License", "size_i": "1817", "regex": "false"},
	{"name_s": "/opt/rh/python27/root/usr/share/doc/python27-suitesparse-static-4.0.2/CCOLAMD", "size_i": "4096", "regex": "false"},
	{"name_s": "/opt/rh/python27/root/usr/share/doc/python27-suitesparse-static-4.0.2/CCOLAMD/lesser.txt", "size_i": "26432", "regex": "false"},
	{"name_s": "/opt/rh/python27/root/usr/share/doc/python27-suitesparse-static-4.0.2/CHOLMOD", "size_i": "4096", "regex": "false"},
	{"name_s": "/opt/rh/python27/root/usr/share/doc/python27-suitesparse-static-4.0.2/CHOLMOD/Cholesky_License.txt", "size_i": "1063", "regex": "false"},
	{"name_s": "/opt/rh/python27/root/usr/share/doc/python27-suitesparse-static-4.0.2/CHOLMOD/Core_License.txt", "size_i": "1082", "regex": "false"},
	{"name_s": "/opt/rh/python27/root/usr/share/doc/python27-suitesparse-static-4.0.2/CHOLMOD/MatrixOps_License.txt", "size_i": "1048", "regex": "false"},
	{"name_s": "/opt/rh/python27/root/usr/share/doc/python27-suitesparse-static-4.0.2/CHOLMOD/Partition_License.txt", "size_i": "1092", "regex": "false"},
	{"name_s": "/opt/rh/python27/root/usr/share/doc/python27-suitesparse-static-4.0.2/CHOLMOD/Supernodal_License.txt", "size_i": "1049", "regex": "false"},
	{"name_s": "/opt/rh/python27/root/usr/share/doc/python27-suitesparse-static-4.0.2/COLAMD", "size_i": "4096", "regex": "false"},
	{"name_s": "/opt/rh/python27/root/usr/share/doc/python27-suitesparse-static-4.0.2/COLAMD/lesser.txt", "size_i": "26432", "regex": "false"},
	{"name_s": "/opt/rh/python27/root/usr/share/doc/python27-suitesparse-static-4.0.2/CXSparse", "size_i": "4096", "regex": "false"},
	{"name_s": "/opt/rh/python27/root/usr/share/doc/python27-suitesparse-static-4.0.2/CXSparse/License.txt", "size_i": "893", "regex": "false"},
	{"name_s": "/opt/rh/python27/root/usr/share/doc/python27-suitesparse-static-4.0.2/CXSparse/lesser.txt", "size_i": "26530", "regex": "false"},
	{"name_s": "/opt/rh/python27/root/usr/share/doc/python27-suitesparse-static-4.0.2/KLU", "size_i": "4096", "regex": "false"},
	{"name_s": "/opt/rh/python27/root/usr/share/doc/python27-suitesparse-static-4.0.2/KLU/lesser.txt", "size_i": "26432", "regex": "false"},
	{"name_s": "/opt/rh/python27/root/usr/share/doc/python27-suitesparse-static-4.0.2/LDL", "size_i": "4096", "regex": "false"},
	{"name_s": "/opt/rh/python27/root/usr/share/doc/python27-suitesparse-static-4.0.2/LDL/lesser.txt", "size_i": "26432", "regex": "false"},
	{"name_s": "/opt/rh/python27/root/usr/share/doc/python27-suitesparse-static-4.0.2/SPQR", "size_i": "4096", "regex": "false"},
	{"name_s": "/opt/rh/python27/root/usr/share/doc/python27-suitesparse-static-4.0.2/SPQR/gpl.txt", "size_i": "18011", "regex": "false"},
	{"name_s": "/opt/rh/python27/root/usr/share/doc/python27-suitesparse-static-4.0.2/UMFPACK", "size_i": "4096", "regex": "false"},
	{"name_s": "/opt/rh/python27/root/usr/share/doc/python27-suitesparse-static-4.0.2/UMFPACK/License", "size_i": "1681", "regex": "false"},
	{"name_s": "/opt/rh/python27/root/usr/share/doc/python27-suitesparse-static-4.0.2/UMFPACK/gpl.txt", "size_i": "18011", "regex": "false"}
]
