[
	{"name_s": "/usr/lib64/python2.6/site-packages/simplejson", "size_i": "4096", "regex": "false"},
	{"name_s": "/usr/lib64/python2.6/site-packages/simplejson-2.0.9-py2.6.egg-info", "size_i": "4096", "regex": "false"},
	{"name_s": "/usr/lib64/python2.6/site-packages/simplejson-2.0.9-py2.6.egg-info/PKG-INFO", "size_i": "1208", "regex": "false"},
	{"name_s": "/usr/lib64/python2.6/site-packages/simplejson-2.0.9-py2.6.egg-info/SOURCES.txt", "size_i": "1405", "regex": "false"},
	{"name_s": "/usr/lib64/python2.6/site-packages/simplejson-2.0.9-py2.6.egg-info/dependency_links.txt", "size_i": "1", "regex": "false"},
	{"name_s": "/usr/lib64/python2.6/site-packages/simplejson-2.0.9-py2.6.egg-info/top_level.txt", "size_i": "11", "regex": "false"},
	{"name_s": "/usr/lib64/python2.6/site-packages/simplejson-2.0.9-py2.6.egg-info/zip-safe", "size_i": "1", "regex": "false"},
	{"name_s": "/usr/lib64/python2.6/site-packages/simplejson/__init__.py", "size_i": "12463", "regex": "false"},
	{"name_s": "/usr/lib64/python2.6/site-packages/simplejson/__init__.pyc", "size_i": "12030", "regex": "false"},
	{"name_s": "/usr/lib64/python2.6/site-packages/simplejson/__init__.pyo", "size_i": "12030", "regex": "false"},
	{"name_s": "/usr/lib64/python2.6/site-packages/simplejson/_speedups.so", "size_i": "34096", "regex": "false"},
	{"name_s": "/usr/lib64/python2.6/site-packages/simplejson/decoder.py", "size_i": "12404", "regex": "false"},
	{"name_s": "/usr/lib64/python2.6/site-packages/simplejson/decoder.pyc", "size_i": "11184", "regex": "false"},
	{"name_s": "/usr/lib64/python2.6/site-packages/simplejson/decoder.pyo", "size_i": "11184", "regex": "false"},
	{"name_s": "/usr/lib64/python2.6/site-packages/simplejson/encoder.py", "size_i": "16033", "regex": "false"},
	{"name_s": "/usr/lib64/python2.6/site-packages/simplejson/encoder.pyc", "size_i": "13793", "regex": "false"},
	{"name_s": "/usr/lib64/python2.6/site-packages/simplejson/encoder.pyo", "size_i": "13793", "regex": "false"},
	{"name_s": "/usr/lib64/python2.6/site-packages/simplejson/scanner.py", "size_i": "2227", "regex": "false"},
	{"name_s": "/usr/lib64/python2.6/site-packages/simplejson/scanner.pyc", "size_i": "2289", "regex": "false"},
	{"name_s": "/usr/lib64/python2.6/site-packages/simplejson/scanner.pyo", "size_i": "2289", "regex": "false"},
	{"name_s": "/usr/lib64/python2.6/site-packages/simplejson/tests/__init__.py", "size_i": "639", "regex": "false"},
	{"name_s": "/usr/lib64/python2.6/site-packages/simplejson/tests/__init__.pyc", "size_i": "1192", "regex": "false"},
	{"name_s": "/usr/lib64/python2.6/site-packages/simplejson/tests/__init__.pyo", "size_i": "1192", "regex": "false"},
	{"name_s": "/usr/lib64/python2.6/site-packages/simplejson/tests/test_check_circular.py", "size_i": "917", "regex": "false"},
	{"name_s": "/usr/lib64/python2.6/site-packages/simplejson/tests/test_check_circular.pyc", "size_i": "2161", "regex": "false"},
	{"name_s": "/usr/lib64/python2.6/site-packages/simplejson/tests/test_check_circular.pyo", "size_i": "2161", "regex": "false"},
	{"name_s": "/usr/lib64/python2.6/site-packages/simplejson/tests/test_decode.py", "size_i": "846", "regex": "false"},
	{"name_s": "/usr/lib64/python2.6/site-packages/simplejson/tests/test_decode.pyc", "size_i": "1483", "regex": "false"},
	{"name_s": "/usr/lib64/python2.6/site-packages/simplejson/tests/test_decode.pyo", "size_i": "1483", "regex": "false"},
	{"name_s": "/usr/lib64/python2.6/site-packages/simplejson/tests/test_default.py", "size_i": "222", "regex": "false"},
	{"name_s": "/usr/lib64/python2.6/site-packages/simplejson/tests/test_default.pyc", "size_i": "752", "regex": "false"},
	{"name_s": "/usr/lib64/python2.6/site-packages/simplejson/tests/test_default.pyo", "size_i": "752", "regex": "false"},
	{"name_s": "/usr/lib64/python2.6/site-packages/simplejson/tests/test_dump.py", "size_i": "693", "regex": "false"},
	{"name_s": "/usr/lib64/python2.6/site-packages/simplejson/tests/test_dump.pyc", "size_i": "1507", "regex": "false"},
	{"name_s": "/usr/lib64/python2.6/site-packages/simplejson/tests/test_dump.pyo", "size_i": "1507", "regex": "false"},
	{"name_s": "/usr/lib64/python2.6/site-packages/simplejson/tests/test_encode_basestring_ascii.py", "size_i": "1880", "regex": "false"},
	{"name_s": "/usr/lib64/python2.6/site-packages/simplejson/tests/test_encode_basestring_ascii.pyc", "size_i": "3046", "regex": "false"},
	{"name_s": "/usr/lib64/python2.6/site-packages/simplejson/tests/test_encode_basestring_ascii.pyo", "size_i": "3046", "regex": "false"},
	{"name_s": "/usr/lib64/python2.6/site-packages/simplejson/tests/test_fail.py", "size_i": "2898", "regex": "false"},
	{"name_s": "/usr/lib64/python2.6/site-packages/simplejson/tests/test_fail.pyc", "size_i": "2074", "regex": "false"},
	{"name_s": "/usr/lib64/python2.6/site-packages/simplejson/tests/test_fail.pyo", "size_i": "2074", "regex": "false"},
	{"name_s": "/usr/lib64/python2.6/site-packages/simplejson/tests/test_float.py", "size_i": "513", "regex": "false"},
	{"name_s": "/usr/lib64/python2.6/site-packages/simplejson/tests/test_float.pyc", "size_i": "1221", "regex": "false"},
	{"name_s": "/usr/lib64/python2.6/site-packages/simplejson/tests/test_float.pyo", "size_i": "1221", "regex": "false"},
	{"name_s": "/usr/lib64/python2.6/site-packages/simplejson/tests/test_indent.py", "size_i": "920", "regex": "false"},
	{"name_s": "/usr/lib64/python2.6/site-packages/simplejson/tests/test_indent.pyc", "size_i": "1525", "regex": "false"},
	{"name_s": "/usr/lib64/python2.6/site-packages/simplejson/tests/test_indent.pyo", "size_i": "1525", "regex": "false"},
	{"name_s": "/usr/lib64/python2.6/site-packages/simplejson/tests/test_pass1.py", "size_i": "1903", "regex": "false"},
	{"name_s": "/usr/lib64/python2.6/site-packages/simplejson/tests/test_pass1.pyc", "size_i": "2322", "regex": "false"},
	{"name_s": "/usr/lib64/python2.6/site-packages/simplejson/tests/test_pass1.pyo", "size_i": "2322", "regex": "false"},
	{"name_s": "/usr/lib64/python2.6/site-packages/simplejson/tests/test_pass2.py", "size_i": "387", "regex": "false"},
	{"name_s": "/usr/lib64/python2.6/site-packages/simplejson/tests/test_pass2.pyc", "size_i": "828", "regex": "false"},
	{"name_s": "/usr/lib64/python2.6/site-packages/simplejson/tests/test_pass2.pyo", "size_i": "828", "regex": "false"},
	{"name_s": "/usr/lib64/python2.6/site-packages/simplejson/tests/test_pass3.py", "size_i": "483", "regex": "false"},
	{"name_s": "/usr/lib64/python2.6/site-packages/simplejson/tests/test_pass3.pyc", "size_i": "923", "regex": "false"},
	{"name_s": "/usr/lib64/python2.6/site-packages/simplejson/tests/test_pass3.pyo", "size_i": "923", "regex": "false"},
	{"name_s": "/usr/lib64/python2.6/site-packages/simplejson/tests/test_recursion.py", "size_i": "1680", "regex": "false"},
	{"name_s": "/usr/lib64/python2.6/site-packages/simplejson/tests/test_recursion.pyc", "size_i": "2598", "regex": "false"},
	{"name_s": "/usr/lib64/python2.6/site-packages/simplejson/tests/test_recursion.pyo", "size_i": "2598", "regex": "false"},
	{"name_s": "/usr/lib64/python2.6/site-packages/simplejson/tests/test_scanstring.py", "size_i": "3835", "regex": "false"},
	{"name_s": "/usr/lib64/python2.6/site-packages/simplejson/tests/test_scanstring.pyc", "size_i": "4435", "regex": "false"},
	{"name_s": "/usr/lib64/python2.6/site-packages/simplejson/tests/test_scanstring.pyo", "size_i": "4435", "regex": "false"},
	{"name_s": "/usr/lib64/python2.6/site-packages/simplejson/tests/test_separators.py", "size_i": "942", "regex": "false"},
	{"name_s": "/usr/lib64/python2.6/site-packages/simplejson/tests/test_separators.pyc", "size_i": "1561", "regex": "false"},
	{"name_s": "/usr/lib64/python2.6/site-packages/simplejson/tests/test_separators.pyo", "size_i": "1561", "regex": "false"},
	{"name_s": "/usr/lib64/python2.6/site-packages/simplejson/tests/test_unicode.py", "size_i": "2327", "regex": "false"},
	{"name_s": "/usr/lib64/python2.6/site-packages/simplejson/tests/test_unicode.pyc", "size_i": "3927", "regex": "false"},
	{"name_s": "/usr/lib64/python2.6/site-packages/simplejson/tests/test_unicode.pyo", "size_i": "3927", "regex": "false"},
	{"name_s": "/usr/lib64/python2.6/site-packages/simplejson/tool.py", "size_i": "900", "regex": "false"},
	{"name_s": "/usr/lib64/python2.6/site-packages/simplejson/tool.pyc", "size_i": "1253", "regex": "false"},
	{"name_s": "/usr/lib64/python2.6/site-packages/simplejson/tool.pyo", "size_i": "1253", "regex": "false"},
	{"name_s": "/usr/share/doc/python-simplejson-2.0.9", "size_i": "4096", "regex": "false"},
	{"name_s": "/usr/share/doc/python-simplejson-2.0.9/LICENSE.txt", "size_i": "1056", "regex": "false"},
	{"name_s": "/usr/share/doc/python-simplejson-2.0.9/docs", "size_i": "4096", "regex": "false"},
	{"name_s": "/usr/share/doc/python-simplejson-2.0.9/docs/_sources", "size_i": "4096", "regex": "false"},
	{"name_s": "/usr/share/doc/python-simplejson-2.0.9/docs/_sources/index.txt", "size_i": "17375", "regex": "false"},
	{"name_s": "/usr/share/doc/python-simplejson-2.0.9/docs/_static", "size_i": "4096", "regex": "false"},
	{"name_s": "/usr/share/doc/python-simplejson-2.0.9/docs/_static/contents.png", "size_i": "202", "regex": "false"},
	{"name_s": "/usr/share/doc/python-simplejson-2.0.9/docs/_static/default.css", "size_i": "13294", "regex": "false"},
	{"name_s": "/usr/share/doc/python-simplejson-2.0.9/docs/_static/doctools.js", "size_i": "10195", "regex": "false"},
	{"name_s": "/usr/share/doc/python-simplejson-2.0.9/docs/_static/file.png", "size_i": "392", "regex": "false"},
	{"name_s": "/usr/share/doc/python-simplejson-2.0.9/docs/_static/interface.js", "size_i": "79373", "regex": "false"},
	{"name_s": "/usr/share/doc/python-simplejson-2.0.9/docs/_static/jquery.js", "size_i": "54075", "regex": "false"},
	{"name_s": "/usr/share/doc/python-simplejson-2.0.9/docs/_static/minus.png", "size_i": "199", "regex": "false"},
	{"name_s": "/usr/share/doc/python-simplejson-2.0.9/docs/_static/navigation.png", "size_i": "218", "regex": "false"},
	{"name_s": "/usr/share/doc/python-simplejson-2.0.9/docs/_static/plus.png", "size_i": "199", "regex": "false"},
	{"name_s": "/usr/share/doc/python-simplejson-2.0.9/docs/_static/pygments.css", "size_i": "3123", "regex": "false"},
	{"name_s": "/usr/share/doc/python-simplejson-2.0.9/docs/_static/rightsidebar.css", "size_i": "187", "regex": "false"},
	{"name_s": "/usr/share/doc/python-simplejson-2.0.9/docs/_static/searchtools.js", "size_i": "13016", "regex": "false"},
	{"name_s": "/usr/share/doc/python-simplejson-2.0.9/docs/_static/sphinxdoc.css", "size_i": "8105", "regex": "false"},
	{"name_s": "/usr/share/doc/python-simplejson-2.0.9/docs/_static/stickysidebar.css", "size_i": "248", "regex": "false"},
	{"name_s": "/usr/share/doc/python-simplejson-2.0.9/docs/_static/traditional.css", "size_i": "10999", "regex": "false"},
	{"name_s": "/usr/share/doc/python-simplejson-2.0.9/docs/genindex.html", "size_i": "5283", "regex": "false"},
	{"name_s": "/usr/share/doc/python-simplejson-2.0.9/docs/index.html", "size_i": "47830", "regex": "false"},
	{"name_s": "/usr/share/doc/python-simplejson-2.0.9/docs/search.html", "size_i": "2932", "regex": "false"},
	{"name_s": "/usr/share/doc/python-simplejson-2.0.9/docs/searchindex.json", "size_i": "5118", "regex": "false"}
]
