[
	{"name_s": "/usr/lib/python2.6/site-packages/Elixir-0.6.1-py2.6.egg-info", "size_i": "4096", "regex": "false"},
	{"name_s": "/usr/lib/python2.6/site-packages/Elixir-0.6.1-py2.6.egg-info/PKG-INFO", "size_i": "1440", "regex": "false"},
	{"name_s": "/usr/lib/python2.6/site-packages/Elixir-0.6.1-py2.6.egg-info/SOURCES.txt", "size_i": "2941", "regex": "false"},
	{"name_s": "/usr/lib/python2.6/site-packages/Elixir-0.6.1-py2.6.egg-info/dependency_links.txt", "size_i": "1", "regex": "false"},
	{"name_s": "/usr/lib/python2.6/site-packages/Elixir-0.6.1-py2.6.egg-info/requires.txt", "size_i": "19", "regex": "false"},
	{"name_s": "/usr/lib/python2.6/site-packages/Elixir-0.6.1-py2.6.egg-info/top_level.txt", "size_i": "7", "regex": "false"},
	{"name_s": "/usr/lib/python2.6/site-packages/elixir", "size_i": "4096", "regex": "false"},
	{"name_s": "/usr/lib/python2.6/site-packages/elixir/__init__.py", "size_i": "5457", "regex": "false"},
	{"name_s": "/usr/lib/python2.6/site-packages/elixir/__init__.pyc", "size_i": "6155", "regex": "false"},
	{"name_s": "/usr/lib/python2.6/site-packages/elixir/__init__.pyo", "size_i": "6155", "regex": "false"},
	{"name_s": "/usr/lib/python2.6/site-packages/elixir/entity.py", "size_i": "39278", "regex": "false"},
	{"name_s": "/usr/lib/python2.6/site-packages/elixir/entity.pyc", "size_i": "31538", "regex": "false"},
	{"name_s": "/usr/lib/python2.6/site-packages/elixir/entity.pyo", "size_i": "31538", "regex": "false"},
	{"name_s": "/usr/lib/python2.6/site-packages/elixir/events.py", "size_i": "921", "regex": "false"},
	{"name_s": "/usr/lib/python2.6/site-packages/elixir/events.pyc", "size_i": "1217", "regex": "false"},
	{"name_s": "/usr/lib/python2.6/site-packages/elixir/events.pyo", "size_i": "1217", "regex": "false"},
	{"name_s": "/usr/lib/python2.6/site-packages/elixir/ext", "size_i": "4096", "regex": "false"},
	{"name_s": "/usr/lib/python2.6/site-packages/elixir/ext/__init__.py", "size_i": "69", "regex": "false"},
	{"name_s": "/usr/lib/python2.6/site-packages/elixir/ext/__init__.pyc", "size_i": "227", "regex": "false"},
	{"name_s": "/usr/lib/python2.6/site-packages/elixir/ext/__init__.pyo", "size_i": "227", "regex": "false"},
	{"name_s": "/usr/lib/python2.6/site-packages/elixir/ext/associable.py", "size_i": "9405", "regex": "false"},
	{"name_s": "/usr/lib/python2.6/site-packages/elixir/ext/associable.pyc", "size_i": "9278", "regex": "false"},
	{"name_s": "/usr/lib/python2.6/site-packages/elixir/ext/associable.pyo", "size_i": "9278", "regex": "false"},
	{"name_s": "/usr/lib/python2.6/site-packages/elixir/ext/encrypted.py", "size_i": "3558", "regex": "false"},
	{"name_s": "/usr/lib/python2.6/site-packages/elixir/ext/encrypted.pyc", "size_i": "4415", "regex": "false"},
	{"name_s": "/usr/lib/python2.6/site-packages/elixir/ext/encrypted.pyo", "size_i": "4415", "regex": "false"},
	{"name_s": "/usr/lib/python2.6/site-packages/elixir/ext/list.py", "size_i": "8309", "regex": "false"},
	{"name_s": "/usr/lib/python2.6/site-packages/elixir/ext/list.pyc", "size_i": "8142", "regex": "false"},
	{"name_s": "/usr/lib/python2.6/site-packages/elixir/ext/list.pyo", "size_i": "8142", "regex": "false"},
	{"name_s": "/usr/lib/python2.6/site-packages/elixir/ext/versioned.py", "size_i": "10080", "regex": "false"},
	{"name_s": "/usr/lib/python2.6/site-packages/elixir/ext/versioned.pyc", "size_i": "9457", "regex": "false"},
	{"name_s": "/usr/lib/python2.6/site-packages/elixir/ext/versioned.pyo", "size_i": "9413", "regex": "false"},
	{"name_s": "/usr/lib/python2.6/site-packages/elixir/fields.py", "size_i": "8340", "regex": "false"},
	{"name_s": "/usr/lib/python2.6/site-packages/elixir/fields.pyc", "size_i": "8870", "regex": "false"},
	{"name_s": "/usr/lib/python2.6/site-packages/elixir/fields.pyo", "size_i": "8870", "regex": "false"},
	{"name_s": "/usr/lib/python2.6/site-packages/elixir/options.py", "size_i": "12682", "regex": "false"},
	{"name_s": "/usr/lib/python2.6/site-packages/elixir/options.pyc", "size_i": "13219", "regex": "false"},
	{"name_s": "/usr/lib/python2.6/site-packages/elixir/options.pyo", "size_i": "13219", "regex": "false"},
	{"name_s": "/usr/lib/python2.6/site-packages/elixir/properties.py", "size_i": "8422", "regex": "false"},
	{"name_s": "/usr/lib/python2.6/site-packages/elixir/properties.pyc", "size_i": "10932", "regex": "false"},
	{"name_s": "/usr/lib/python2.6/site-packages/elixir/properties.pyo", "size_i": "10932", "regex": "false"},
	{"name_s": "/usr/lib/python2.6/site-packages/elixir/py23compat.py", "size_i": "2454", "regex": "false"},
	{"name_s": "/usr/lib/python2.6/site-packages/elixir/py23compat.pyc", "size_i": "2829", "regex": "false"},
	{"name_s": "/usr/lib/python2.6/site-packages/elixir/py23compat.pyo", "size_i": "2788", "regex": "false"},
	{"name_s": "/usr/lib/python2.6/site-packages/elixir/relationships.py", "size_i": "42521", "regex": "false"},
	{"name_s": "/usr/lib/python2.6/site-packages/elixir/relationships.pyc", "size_i": "34255", "regex": "false"},
	{"name_s": "/usr/lib/python2.6/site-packages/elixir/relationships.pyo", "size_i": "33735", "regex": "false"},
	{"name_s": "/usr/lib/python2.6/site-packages/elixir/statements.py", "size_i": "1901", "regex": "false"},
	{"name_s": "/usr/lib/python2.6/site-packages/elixir/statements.pyc", "size_i": "2811", "regex": "false"},
	{"name_s": "/usr/lib/python2.6/site-packages/elixir/statements.pyo", "size_i": "2811", "regex": "false"},
	{"name_s": "/usr/share/doc/python-elixir-0.6.1", "size_i": "4096", "regex": "false"},
	{"name_s": "/usr/share/doc/python-elixir-0.6.1/CHANGES", "size_i": "18514", "regex": "false"},
	{"name_s": "/usr/share/doc/python-elixir-0.6.1/LICENSE", "size_i": "1246", "regex": "false"},
	{"name_s": "/usr/share/doc/python-elixir-0.6.1/README", "size_i": "753", "regex": "false"},
	{"name_s": "/usr/share/doc/python-elixir-0.6.1/TODO", "size_i": "4314", "regex": "false"}
]
