[
	{"name_s": "/opt/rh/python33/root/usr/bin/coverage", "size_i": "328", "regex": "false"},
	{"name_s": "/opt/rh/python33/root/usr/lib64/python3.3/site-packages/coverage", "size_i": "4096", "regex": "false"},
	{"name_s": "/opt/rh/python33/root/usr/lib64/python3.3/site-packages/coverage-3.5.3-py3.3.egg-info", "size_i": "4096", "regex": "false"},
	{"name_s": "/opt/rh/python33/root/usr/lib64/python3.3/site-packages/coverage-3.5.3-py3.3.egg-info/PKG-INFO", "size_i": "1585", "regex": "false"},
	{"name_s": "/opt/rh/python33/root/usr/lib64/python3.3/site-packages/coverage-3.5.3-py3.3.egg-info/SOURCES.txt", "size_i": "1296", "regex": "false"},
	{"name_s": "/opt/rh/python33/root/usr/lib64/python3.3/site-packages/coverage-3.5.3-py3.3.egg-info/dependency_links.txt", "size_i": "1", "regex": "false"},
	{"name_s": "/opt/rh/python33/root/usr/lib64/python3.3/site-packages/coverage-3.5.3-py3.3.egg-info/entry_points.txt", "size_i": "44", "regex": "false"},
	{"name_s": "/opt/rh/python33/root/usr/lib64/python3.3/site-packages/coverage-3.5.3-py3.3.egg-info/not-zip-safe", "size_i": "1", "regex": "false"},
	{"name_s": "/opt/rh/python33/root/usr/lib64/python3.3/site-packages/coverage-3.5.3-py3.3.egg-info/top_level.txt", "size_i": "9", "regex": "false"},
	{"name_s": "/opt/rh/python33/root/usr/lib64/python3.3/site-packages/coverage/__init__.py", "size_i": "3419", "regex": "false"},
	{"name_s": "/opt/rh/python33/root/usr/lib64/python3.3/site-packages/coverage/__main__.py", "size_i": "99", "regex": "false"},
	{"name_s": "/opt/rh/python33/root/usr/lib64/python3.3/site-packages/coverage/__pycache__", "size_i": "4096", "regex": "false"},
	{"name_s": "/opt/rh/python33/root/usr/lib64/python3.3/site-packages/coverage/__pycache__/__init__.cpython-33.pyc", "size_i": "2048", "regex": "false"},
	{"name_s": "/opt/rh/python33/root/usr/lib64/python3.3/site-packages/coverage/__pycache__/__init__.cpython-33.pyo", "size_i": "2048", "regex": "false"},
	{"name_s": "/opt/rh/python33/root/usr/lib64/python3.3/site-packages/coverage/__pycache__/__main__.cpython-33.pyc", "size_i": "340", "regex": "false"},
	{"name_s": "/opt/rh/python33/root/usr/lib64/python3.3/site-packages/coverage/__pycache__/__main__.cpython-33.pyo", "size_i": "340", "regex": "false"},
	{"name_s": "/opt/rh/python33/root/usr/lib64/python3.3/site-packages/coverage/__pycache__/annotate.cpython-33.pyc", "size_i": "3691", "regex": "false"},
	{"name_s": "/opt/rh/python33/root/usr/lib64/python3.3/site-packages/coverage/__pycache__/annotate.cpython-33.pyo", "size_i": "3691", "regex": "false"},
	{"name_s": "/opt/rh/python33/root/usr/lib64/python3.3/site-packages/coverage/__pycache__/backward.cpython-33.pyc", "size_i": "3982", "regex": "false"},
	{"name_s": "/opt/rh/python33/root/usr/lib64/python3.3/site-packages/coverage/__pycache__/backward.cpython-33.pyo", "size_i": "3982", "regex": "false"},
	{"name_s": "/opt/rh/python33/root/usr/lib64/python3.3/site-packages/coverage/__pycache__/bytecode.cpython-33.pyc", "size_i": "4485", "regex": "false"},
	{"name_s": "/opt/rh/python33/root/usr/lib64/python3.3/site-packages/coverage/__pycache__/bytecode.cpython-33.pyo", "size_i": "4485", "regex": "false"},
	{"name_s": "/opt/rh/python33/root/usr/lib64/python3.3/site-packages/coverage/__pycache__/cmdline.cpython-33.pyc", "size_i": "22864", "regex": "false"},
	{"name_s": "/opt/rh/python33/root/usr/lib64/python3.3/site-packages/coverage/__pycache__/cmdline.cpython-33.pyo", "size_i": "22819", "regex": "false"},
	{"name_s": "/opt/rh/python33/root/usr/lib64/python3.3/site-packages/coverage/__pycache__/codeunit.cpython-33.pyc", "size_i": "6732", "regex": "false"},
	{"name_s": "/opt/rh/python33/root/usr/lib64/python3.3/site-packages/coverage/__pycache__/codeunit.cpython-33.pyo", "size_i": "6732", "regex": "false"},
	{"name_s": "/opt/rh/python33/root/usr/lib64/python3.3/site-packages/coverage/__pycache__/collector.cpython-33.pyc", "size_i": "11420", "regex": "false"},
	{"name_s": "/opt/rh/python33/root/usr/lib64/python3.3/site-packages/coverage/__pycache__/collector.cpython-33.pyo", "size_i": "11352", "regex": "false"},
	{"name_s": "/opt/rh/python33/root/usr/lib64/python3.3/site-packages/coverage/__pycache__/config.cpython-33.pyc", "size_i": "6201", "regex": "false"},
	{"name_s": "/opt/rh/python33/root/usr/lib64/python3.3/site-packages/coverage/__pycache__/config.cpython-33.pyo", "size_i": "6201", "regex": "false"},
	{"name_s": "/opt/rh/python33/root/usr/lib64/python3.3/site-packages/coverage/__pycache__/control.cpython-33.pyc", "size_i": "26443", "regex": "false"},
	{"name_s": "/opt/rh/python33/root/usr/lib64/python3.3/site-packages/coverage/__pycache__/control.cpython-33.pyo", "size_i": "26443", "regex": "false"},
	{"name_s": "/opt/rh/python33/root/usr/lib64/python3.3/site-packages/coverage/__pycache__/data.cpython-33.pyc", "size_i": "13239", "regex": "false"},
	{"name_s": "/opt/rh/python33/root/usr/lib64/python3.3/site-packages/coverage/__pycache__/data.cpython-33.pyo", "size_i": "13239", "regex": "false"},
	{"name_s": "/opt/rh/python33/root/usr/lib64/python3.3/site-packages/coverage/__pycache__/execfile.cpython-33.pyc", "size_i": "3977", "regex": "false"},
	{"name_s": "/opt/rh/python33/root/usr/lib64/python3.3/site-packages/coverage/__pycache__/execfile.cpython-33.pyo", "size_i": "3977", "regex": "false"},
	{"name_s": "/opt/rh/python33/root/usr/lib64/python3.3/site-packages/coverage/__pycache__/files.cpython-33.pyc", "size_i": "11481", "regex": "false"},
	{"name_s": "/opt/rh/python33/root/usr/lib64/python3.3/site-packages/coverage/__pycache__/files.cpython-33.pyo", "size_i": "11481", "regex": "false"},
	{"name_s": "/opt/rh/python33/root/usr/lib64/python3.3/site-packages/coverage/__pycache__/html.cpython-33.pyc", "size_i": "14417", "regex": "false"},
	{"name_s": "/opt/rh/python33/root/usr/lib64/python3.3/site-packages/coverage/__pycache__/html.cpython-33.pyo", "size_i": "14327", "regex": "false"},
	{"name_s": "/opt/rh/python33/root/usr/lib64/python3.3/site-packages/coverage/__pycache__/misc.cpython-33.pyc", "size_i": "6790", "regex": "false"},
	{"name_s": "/opt/rh/python33/root/usr/lib64/python3.3/site-packages/coverage/__pycache__/misc.cpython-33.pyo", "size_i": "6790", "regex": "false"},
	{"name_s": "/opt/rh/python33/root/usr/lib64/python3.3/site-packages/coverage/__pycache__/parser.cpython-33.pyc", "size_i": "21883", "regex": "false"},
	{"name_s": "/opt/rh/python33/root/usr/lib64/python3.3/site-packages/coverage/__pycache__/parser.cpython-33.pyo", "size_i": "21714", "regex": "false"},
	{"name_s": "/opt/rh/python33/root/usr/lib64/python3.3/site-packages/coverage/__pycache__/phystokens.cpython-33.pyc", "size_i": "6166", "regex": "false"},
	{"name_s": "/opt/rh/python33/root/usr/lib64/python3.3/site-packages/coverage/__pycache__/phystokens.cpython-33.pyo", "size_i": "6104", "regex": "false"},
	{"name_s": "/opt/rh/python33/root/usr/lib64/python3.3/site-packages/coverage/__pycache__/report.cpython-33.pyc", "size_i": "3963", "regex": "false"},
	{"name_s": "/opt/rh/python33/root/usr/lib64/python3.3/site-packages/coverage/__pycache__/report.cpython-33.pyo", "size_i": "3963", "regex": "false"},
	{"name_s": "/opt/rh/python33/root/usr/lib64/python3.3/site-packages/coverage/__pycache__/results.cpython-33.pyc", "size_i": "13487", "regex": "false"},
	{"name_s": "/opt/rh/python33/root/usr/lib64/python3.3/site-packages/coverage/__pycache__/results.cpython-33.pyo", "size_i": "13427", "regex": "false"},
	{"name_s": "/opt/rh/python33/root/usr/lib64/python3.3/site-packages/coverage/__pycache__/summary.cpython-33.pyc", "size_i": "3610", "regex": "false"},
	{"name_s": "/opt/rh/python33/root/usr/lib64/python3.3/site-packages/coverage/__pycache__/summary.cpython-33.pyo", "size_i": "3610", "regex": "false"},
	{"name_s": "/opt/rh/python33/root/usr/lib64/python3.3/site-packages/coverage/__pycache__/templite.cpython-33.pyc", "size_i": "5728", "regex": "false"},
	{"name_s": "/opt/rh/python33/root/usr/lib64/python3.3/site-packages/coverage/__pycache__/templite.cpython-33.pyo", "size_i": "5509", "regex": "false"},
	{"name_s": "/opt/rh/python33/root/usr/lib64/python3.3/site-packages/coverage/__pycache__/xmlreport.cpython-33.pyc", "size_i": "6038", "regex": "false"},
	{"name_s": "/opt/rh/python33/root/usr/lib64/python3.3/site-packages/coverage/__pycache__/xmlreport.cpython-33.pyo", "size_i": "6038", "regex": "false"},
	{"name_s": "/opt/rh/python33/root/usr/lib64/python3.3/site-packages/coverage/annotate.py", "size_i": "2993", "regex": "false"},
	{"name_s": "/opt/rh/python33/root/usr/lib64/python3.3/site-packages/coverage/backward.py", "size_i": "3526", "regex": "false"},
	{"name_s": "/opt/rh/python33/root/usr/lib64/python3.3/site-packages/coverage/bytecode.py", "size_i": "2298", "regex": "false"},
	{"name_s": "/opt/rh/python33/root/usr/lib64/python3.3/site-packages/coverage/cmdline.py", "size_i": "23625", "regex": "false"},
	{"name_s": "/opt/rh/python33/root/usr/lib64/python3.3/site-packages/coverage/codeunit.py", "size_i": "4361", "regex": "false"},
	{"name_s": "/opt/rh/python33/root/usr/lib64/python3.3/site-packages/coverage/collector.py", "size_i": "12812", "regex": "false"},
	{"name_s": "/opt/rh/python33/root/usr/lib64/python3.3/site-packages/coverage/config.py", "size_i": "5956", "regex": "false"},
	{"name_s": "/opt/rh/python33/root/usr/lib64/python3.3/site-packages/coverage/control.py", "size_i": "26416", "regex": "false"},
	{"name_s": "/opt/rh/python33/root/usr/lib64/python3.3/site-packages/coverage/data.py", "size_i": "8922", "regex": "false"},
	{"name_s": "/opt/rh/python33/root/usr/lib64/python3.3/site-packages/coverage/execfile.py", "size_i": "4880", "regex": "false"},
	{"name_s": "/opt/rh/python33/root/usr/lib64/python3.3/site-packages/coverage/files.py", "size_i": "8388", "regex": "false"},
	{"name_s": "/opt/rh/python33/root/usr/lib64/python3.3/site-packages/coverage/html.py", "size_i": "11941", "regex": "false"},
	{"name_s": "/opt/rh/python33/root/usr/lib64/python3.3/site-packages/coverage/htmlfiles", "size_i": "4096", "regex": "false"},
	{"name_s": "/opt/rh/python33/root/usr/lib64/python3.3/site-packages/coverage/htmlfiles/coverage_html.js", "size_i": "11230", "regex": "false"},
	{"name_s": "/opt/rh/python33/root/usr/lib64/python3.3/site-packages/coverage/htmlfiles/index.html", "size_i": "3595", "regex": "false"},
	{"name_s": "/opt/rh/python33/root/usr/lib64/python3.3/site-packages/coverage/htmlfiles/jquery-1.4.3.min.js", "size_i": "77746", "regex": "false"},
	{"name_s": "/opt/rh/python33/root/usr/lib64/python3.3/site-packages/coverage/htmlfiles/jquery.hotkeys.js", "size_i": "3065", "regex": "false"},
	{"name_s": "/opt/rh/python33/root/usr/lib64/python3.3/site-packages/coverage/htmlfiles/jquery.isonscreen.js", "size_i": "1502", "regex": "false"},
	{"name_s": "/opt/rh/python33/root/usr/lib64/python3.3/site-packages/coverage/htmlfiles/jquery.tablesorter.min.js", "size_i": "12795", "regex": "false"},
	{"name_s": "/opt/rh/python33/root/usr/lib64/python3.3/site-packages/coverage/htmlfiles/keybd_closed.png", "size_i": "264", "regex": "false"},
	{"name_s": "/opt/rh/python33/root/usr/lib64/python3.3/site-packages/coverage/htmlfiles/keybd_open.png", "size_i": "267", "regex": "false"},
	{"name_s": "/opt/rh/python33/root/usr/lib64/python3.3/site-packages/coverage/htmlfiles/pyfile.html", "size_i": "3573", "regex": "false"},
	{"name_s": "/opt/rh/python33/root/usr/lib64/python3.3/site-packages/coverage/htmlfiles/style.css", "size_i": "5256", "regex": "false"},
	{"name_s": "/opt/rh/python33/root/usr/lib64/python3.3/site-packages/coverage/misc.py", "size_i": "3720", "regex": "false"},
	{"name_s": "/opt/rh/python33/root/usr/lib64/python3.3/site-packages/coverage/parser.py", "size_i": "24130", "regex": "false"},
	{"name_s": "/opt/rh/python33/root/usr/lib64/python3.3/site-packages/coverage/phystokens.py", "size_i": "7235", "regex": "false"},
	{"name_s": "/opt/rh/python33/root/usr/lib64/python3.3/site-packages/coverage/report.py", "size_i": "3032", "regex": "false"},
	{"name_s": "/opt/rh/python33/root/usr/lib64/python3.3/site-packages/coverage/results.py", "size_i": "8758", "regex": "false"},
	{"name_s": "/opt/rh/python33/root/usr/lib64/python3.3/site-packages/coverage/summary.py", "size_i": "2940", "regex": "false"},
	{"name_s": "/opt/rh/python33/root/usr/lib64/python3.3/site-packages/coverage/templite.py", "size_i": "5701", "regex": "false"},
	{"name_s": "/opt/rh/python33/root/usr/lib64/python3.3/site-packages/coverage/tracer.cpython-33m.so", "size_i": "11968", "regex": "false"},
	{"name_s": "/opt/rh/python33/root/usr/lib64/python3.3/site-packages/coverage/xmlreport.py", "size_i": "5593", "regex": "false"},
	{"name_s": "/opt/rh/python33/root/usr/share/doc/python33-python-coverage-3.5.3", "size_i": "4096", "regex": "false"},
	{"name_s": "/opt/rh/python33/root/usr/share/doc/python33-python-coverage-3.5.3/README.txt", "size_i": "417", "regex": "false"}
]
