[
	{"name_s": "/opt/rh/python27/root/usr/bin/nosetests", "size_i": "318", "regex": "false"},
	{"name_s": "/opt/rh/python27/root/usr/bin/nosetests-2.7", "size_i": "326", "regex": "false"},
	{"name_s": "/opt/rh/python27/root/usr/lib/python2.7/site-packages/nose", "size_i": "4096", "regex": "false"},
	{"name_s": "/opt/rh/python27/root/usr/lib/python2.7/site-packages/nose-1.3.0-py2.7.egg-info", "size_i": "4096", "regex": "false"},
	{"name_s": "/opt/rh/python27/root/usr/lib/python2.7/site-packages/nose-1.3.0-py2.7.egg-info/PKG-INFO", "size_i": "1975", "regex": "false"},
	{"name_s": "/opt/rh/python27/root/usr/lib/python2.7/site-packages/nose-1.3.0-py2.7.egg-info/SOURCES.txt", "size_i": "26137", "regex": "false"},
	{"name_s": "/opt/rh/python27/root/usr/lib/python2.7/site-packages/nose-1.3.0-py2.7.egg-info/dependency_links.txt", "size_i": "1", "regex": "false"},
	{"name_s": "/opt/rh/python27/root/usr/lib/python2.7/site-packages/nose-1.3.0-py2.7.egg-info/entry_points.txt", "size_i": "133", "regex": "false"},
	{"name_s": "/opt/rh/python27/root/usr/lib/python2.7/site-packages/nose-1.3.0-py2.7.egg-info/not-zip-safe", "size_i": "1", "regex": "false"},
	{"name_s": "/opt/rh/python27/root/usr/lib/python2.7/site-packages/nose-1.3.0-py2.7.egg-info/top_level.txt", "size_i": "5", "regex": "false"},
	{"name_s": "/opt/rh/python27/root/usr/lib/python2.7/site-packages/nose/__init__.py", "size_i": "404", "regex": "false"},
	{"name_s": "/opt/rh/python27/root/usr/lib/python2.7/site-packages/nose/__init__.pyc", "size_i": "710", "regex": "false"},
	{"name_s": "/opt/rh/python27/root/usr/lib/python2.7/site-packages/nose/__init__.pyo", "size_i": "710", "regex": "false"},
	{"name_s": "/opt/rh/python27/root/usr/lib/python2.7/site-packages/nose/__main__.py", "size_i": "144", "regex": "false"},
	{"name_s": "/opt/rh/python27/root/usr/lib/python2.7/site-packages/nose/__main__.pyc", "size_i": "368", "regex": "false"},
	{"name_s": "/opt/rh/python27/root/usr/lib/python2.7/site-packages/nose/__main__.pyo", "size_i": "368", "regex": "false"},
	{"name_s": "/opt/rh/python27/root/usr/lib/python2.7/site-packages/nose/case.py", "size_i": "13171", "regex": "false"},
	{"name_s": "/opt/rh/python27/root/usr/lib/python2.7/site-packages/nose/case.pyc", "size_i": "15311", "regex": "false"},
	{"name_s": "/opt/rh/python27/root/usr/lib/python2.7/site-packages/nose/case.pyo", "size_i": "15311", "regex": "false"},
	{"name_s": "/opt/rh/python27/root/usr/lib/python2.7/site-packages/nose/commands.py", "size_i": "5935", "regex": "false"},
	{"name_s": "/opt/rh/python27/root/usr/lib/python2.7/site-packages/nose/commands.pyc", "size_i": "5959", "regex": "false"},
	{"name_s": "/opt/rh/python27/root/usr/lib/python2.7/site-packages/nose/commands.pyo", "size_i": "5959", "regex": "false"},
	{"name_s": "/opt/rh/python27/root/usr/lib/python2.7/site-packages/nose/config.py", "size_i": "25144", "regex": "false"},
	{"name_s": "/opt/rh/python27/root/usr/lib/python2.7/site-packages/nose/config.pyc", "size_i": "24452", "regex": "false"},
	{"name_s": "/opt/rh/python27/root/usr/lib/python2.7/site-packages/nose/config.pyo", "size_i": "24452", "regex": "false"},
	{"name_s": "/opt/rh/python27/root/usr/lib/python2.7/site-packages/nose/core.py", "size_i": "12819", "regex": "false"},
	{"name_s": "/opt/rh/python27/root/usr/lib/python2.7/site-packages/nose/core.pyc", "size_i": "13228", "regex": "false"},
	{"name_s": "/opt/rh/python27/root/usr/lib/python2.7/site-packages/nose/core.pyo", "size_i": "13228", "regex": "false"},
	{"name_s": "/opt/rh/python27/root/usr/lib/python2.7/site-packages/nose/exc.py", "size_i": "376", "regex": "false"},
	{"name_s": "/opt/rh/python27/root/usr/lib/python2.7/site-packages/nose/exc.pyc", "size_i": "597", "regex": "false"},
	{"name_s": "/opt/rh/python27/root/usr/lib/python2.7/site-packages/nose/exc.pyo", "size_i": "597", "regex": "false"},
	{"name_s": "/opt/rh/python27/root/usr/lib/python2.7/site-packages/nose/ext", "size_i": "4096", "regex": "false"},
	{"name_s": "/opt/rh/python27/root/usr/lib/python2.7/site-packages/nose/ext/__init__.py", "size_i": "33", "regex": "false"},
	{"name_s": "/opt/rh/python27/root/usr/lib/python2.7/site-packages/nose/ext/__init__.pyc", "size_i": "210", "regex": "false"},
	{"name_s": "/opt/rh/python27/root/usr/lib/python2.7/site-packages/nose/ext/__init__.pyo", "size_i": "210", "regex": "false"},
	{"name_s": "/opt/rh/python27/root/usr/lib/python2.7/site-packages/nose/ext/dtcompat.py", "size_i": "88063", "regex": "false"},
	{"name_s": "/opt/rh/python27/root/usr/lib/python2.7/site-packages/nose/ext/dtcompat.pyc", "size_i": "71802", "regex": "false"},
	{"name_s": "/opt/rh/python27/root/usr/lib/python2.7/site-packages/nose/ext/dtcompat.pyo", "size_i": "71515", "regex": "false"},
	{"name_s": "/opt/rh/python27/root/usr/lib/python2.7/site-packages/nose/failure.py", "size_i": "1212", "regex": "false"},
	{"name_s": "/opt/rh/python27/root/usr/lib/python2.7/site-packages/nose/failure.pyc", "size_i": "2006", "regex": "false"},
	{"name_s": "/opt/rh/python27/root/usr/lib/python2.7/site-packages/nose/failure.pyo", "size_i": "2006", "regex": "false"},
	{"name_s": "/opt/rh/python27/root/usr/lib/python2.7/site-packages/nose/importer.py", "size_i": "5984", "regex": "false"},
	{"name_s": "/opt/rh/python27/root/usr/lib/python2.7/site-packages/nose/importer.pyc", "size_i": "5795", "regex": "false"},
	{"name_s": "/opt/rh/python27/root/usr/lib/python2.7/site-packages/nose/importer.pyo", "size_i": "5795", "regex": "false"},
	{"name_s": "/opt/rh/python27/root/usr/lib/python2.7/site-packages/nose/inspector.py", "size_i": "6986", "regex": "false"},
	{"name_s": "/opt/rh/python27/root/usr/lib/python2.7/site-packages/nose/inspector.pyc", "size_i": "6087", "regex": "false"},
	{"name_s": "/opt/rh/python27/root/usr/lib/python2.7/site-packages/nose/inspector.pyo", "size_i": "6087", "regex": "false"},
	{"name_s": "/opt/rh/python27/root/usr/lib/python2.7/site-packages/nose/loader.py", "size_i": "25489", "regex": "false"},
	{"name_s": "/opt/rh/python27/root/usr/lib/python2.7/site-packages/nose/loader.pyc", "size_i": "19013", "regex": "false"},
	{"name_s": "/opt/rh/python27/root/usr/lib/python2.7/site-packages/nose/loader.pyo", "size_i": "18968", "regex": "false"},
	{"name_s": "/opt/rh/python27/root/usr/lib/python2.7/site-packages/nose/plugins", "size_i": "4096", "regex": "false"},
	{"name_s": "/opt/rh/python27/root/usr/lib/python2.7/site-packages/nose/plugins/__init__.py", "size_i": "6291", "regex": "false"},
	{"name_s": "/opt/rh/python27/root/usr/lib/python2.7/site-packages/nose/plugins/__init__.pyc", "size_i": "6562", "regex": "false"},
	{"name_s": "/opt/rh/python27/root/usr/lib/python2.7/site-packages/nose/plugins/__init__.pyo", "size_i": "6562", "regex": "false"},
	{"name_s": "/opt/rh/python27/root/usr/lib/python2.7/site-packages/nose/plugins/allmodules.py", "size_i": "1720", "regex": "false"},
	{"name_s": "/opt/rh/python27/root/usr/lib/python2.7/site-packages/nose/plugins/allmodules.pyc", "size_i": "2480", "regex": "false"},
	{"name_s": "/opt/rh/python27/root/usr/lib/python2.7/site-packages/nose/plugins/allmodules.pyo", "size_i": "2480", "regex": "false"},
	{"name_s": "/opt/rh/python27/root/usr/lib/python2.7/site-packages/nose/plugins/attrib.py", "size_i": "9660", "regex": "false"},
	{"name_s": "/opt/rh/python27/root/usr/lib/python2.7/site-packages/nose/plugins/attrib.pyc", "size_i": "9466", "regex": "false"},
	{"name_s": "/opt/rh/python27/root/usr/lib/python2.7/site-packages/nose/plugins/attrib.pyo", "size_i": "9466", "regex": "false"},
	{"name_s": "/opt/rh/python27/root/usr/lib/python2.7/site-packages/nose/plugins/base.py", "size_i": "26056", "regex": "false"},
	{"name_s": "/opt/rh/python27/root/usr/lib/python2.7/site-packages/nose/plugins/base.pyc", "size_i": "32831", "regex": "false"},
	{"name_s": "/opt/rh/python27/root/usr/lib/python2.7/site-packages/nose/plugins/base.pyo", "size_i": "32831", "regex": "false"},
	{"name_s": "/opt/rh/python27/root/usr/lib/python2.7/site-packages/nose/plugins/builtin.py", "size_i": "1021", "regex": "false"},
	{"name_s": "/opt/rh/python27/root/usr/lib/python2.7/site-packages/nose/plugins/builtin.pyc", "size_i": "1802", "regex": "false"},
	{"name_s": "/opt/rh/python27/root/usr/lib/python2.7/site-packages/nose/plugins/builtin.pyo", "size_i": "1802", "regex": "false"},
	{"name_s": "/opt/rh/python27/root/usr/lib/python2.7/site-packages/nose/plugins/capture.py", "size_i": "4009", "regex": "false"},
	{"name_s": "/opt/rh/python27/root/usr/lib/python2.7/site-packages/nose/plugins/capture.pyc", "size_i": "5722", "regex": "false"},
	{"name_s": "/opt/rh/python27/root/usr/lib/python2.7/site-packages/nose/plugins/capture.pyo", "size_i": "5722", "regex": "false"},
	{"name_s": "/opt/rh/python27/root/usr/lib/python2.7/site-packages/nose/plugins/collect.py", "size_i": "3113", "regex": "false"},
	{"name_s": "/opt/rh/python27/root/usr/lib/python2.7/site-packages/nose/plugins/collect.pyc", "size_i": "4674", "regex": "false"},
	{"name_s": "/opt/rh/python27/root/usr/lib/python2.7/site-packages/nose/plugins/collect.pyo", "size_i": "4674", "regex": "false"},
	{"name_s": "/opt/rh/python27/root/usr/lib/python2.7/site-packages/nose/plugins/cover.py", "size_i": "10762", "regex": "false"},
	{"name_s": "/opt/rh/python27/root/usr/lib/python2.7/site-packages/nose/plugins/cover.pyc", "size_i": "9043", "regex": "false"},
	{"name_s": "/opt/rh/python27/root/usr/lib/python2.7/site-packages/nose/plugins/cover.pyo", "size_i": "9043", "regex": "false"},
	{"name_s": "/opt/rh/python27/root/usr/lib/python2.7/site-packages/nose/plugins/debug.py", "size_i": "2000", "regex": "false"},
	{"name_s": "/opt/rh/python27/root/usr/lib/python2.7/site-packages/nose/plugins/debug.pyc", "size_i": "2848", "regex": "false"},
	{"name_s": "/opt/rh/python27/root/usr/lib/python2.7/site-packages/nose/plugins/debug.pyo", "size_i": "2848", "regex": "false"},
	{"name_s": "/opt/rh/python27/root/usr/lib/python2.7/site-packages/nose/plugins/deprecated.py", "size_i": "1551", "regex": "false"},
	{"name_s": "/opt/rh/python27/root/usr/lib/python2.7/site-packages/nose/plugins/deprecated.pyc", "size_i": "2355", "regex": "false"},
	{"name_s": "/opt/rh/python27/root/usr/lib/python2.7/site-packages/nose/plugins/deprecated.pyo", "size_i": "2355", "regex": "false"},
	{"name_s": "/opt/rh/python27/root/usr/lib/python2.7/site-packages/nose/plugins/doctests.py", "size_i": "17488", "regex": "false"},
	{"name_s": "/opt/rh/python27/root/usr/lib/python2.7/site-packages/nose/plugins/doctests.pyc", "size_i": "17822", "regex": "false"},
	{"name_s": "/opt/rh/python27/root/usr/lib/python2.7/site-packages/nose/plugins/doctests.pyo", "size_i": "17822", "regex": "false"},
	{"name_s": "/opt/rh/python27/root/usr/lib/python2.7/site-packages/nose/plugins/errorclass.py", "size_i": "7279", "regex": "false"},
	{"name_s": "/opt/rh/python27/root/usr/lib/python2.7/site-packages/nose/plugins/errorclass.pyc", "size_i": "9307", "regex": "false"},
	{"name_s": "/opt/rh/python27/root/usr/lib/python2.7/site-packages/nose/plugins/errorclass.pyo", "size_i": "9307", "regex": "false"},
	{"name_s": "/opt/rh/python27/root/usr/lib/python2.7/site-packages/nose/plugins/failuredetail.py", "size_i": "1552", "regex": "false"},
	{"name_s": "/opt/rh/python27/root/usr/lib/python2.7/site-packages/nose/plugins/failuredetail.pyc", "size_i": "2355", "regex": "false"},
	{"name_s": "/opt/rh/python27/root/usr/lib/python2.7/site-packages/nose/plugins/failuredetail.pyo", "size_i": "2355", "regex": "false"},
	{"name_s": "/opt/rh/python27/root/usr/lib/python2.7/site-packages/nose/plugins/isolate.py", "size_i": "3750", "regex": "false"},
	{"name_s": "/opt/rh/python27/root/usr/lib/python2.7/site-packages/nose/plugins/isolate.pyc", "size_i": "4924", "regex": "false"},
	{"name_s": "/opt/rh/python27/root/usr/lib/python2.7/site-packages/nose/plugins/isolate.pyo", "size_i": "4924", "regex": "false"},
	{"name_s": "/opt/rh/python27/root/usr/lib/python2.7/site-packages/nose/plugins/logcapture.py", "size_i": "9307", "regex": "false"},
	{"name_s": "/opt/rh/python27/root/usr/lib/python2.7/site-packages/nose/plugins/logcapture.pyc", "size_i": "11890", "regex": "false"},
	{"name_s": "/opt/rh/python27/root/usr/lib/python2.7/site-packages/nose/plugins/logcapture.pyo", "size_i": "11890", "regex": "false"},
	{"name_s": "/opt/rh/python27/root/usr/lib/python2.7/site-packages/nose/plugins/manager.py", "size_i": "15589", "regex": "false"},
	{"name_s": "/opt/rh/python27/root/usr/lib/python2.7/site-packages/nose/plugins/manager.pyc", "size_i": "20922", "regex": "false"},
	{"name_s": "/opt/rh/python27/root/usr/lib/python2.7/site-packages/nose/plugins/manager.pyo", "size_i": "20922", "regex": "false"},
	{"name_s": "/opt/rh/python27/root/usr/lib/python2.7/site-packages/nose/plugins/multiprocess.py", "size_i": "35281", "regex": "false"},
	{"name_s": "/opt/rh/python27/root/usr/lib/python2.7/site-packages/nose/plugins/multiprocess.pyc", "size_i": "28193", "regex": "false"},
	{"name_s": "/opt/rh/python27/root/usr/lib/python2.7/site-packages/nose/plugins/multiprocess.pyo", "size_i": "28193", "regex": "false"},
	{"name_s": "/opt/rh/python27/root/usr/lib/python2.7/site-packages/nose/plugins/plugintest.py", "size_i": "13558", "regex": "false"},
	{"name_s": "/opt/rh/python27/root/usr/lib/python2.7/site-packages/nose/plugins/plugintest.pyc", "size_i": "16429", "regex": "false"},
	{"name_s": "/opt/rh/python27/root/usr/lib/python2.7/site-packages/nose/plugins/plugintest.pyo", "size_i": "16429", "regex": "false"},
	{"name_s": "/opt/rh/python27/root/usr/lib/python2.7/site-packages/nose/plugins/prof.py", "size_i": "5357", "regex": "false"},
	{"name_s": "/opt/rh/python27/root/usr/lib/python2.7/site-packages/nose/plugins/prof.pyc", "size_i": "5639", "regex": "false"},
	{"name_s": "/opt/rh/python27/root/usr/lib/python2.7/site-packages/nose/plugins/prof.pyo", "size_i": "5639", "regex": "false"},
	{"name_s": "/opt/rh/python27/root/usr/lib/python2.7/site-packages/nose/plugins/skip.py", "size_i": "1794", "regex": "false"},
	{"name_s": "/opt/rh/python27/root/usr/lib/python2.7/site-packages/nose/plugins/skip.pyc", "size_i": "2573", "regex": "false"},
	{"name_s": "/opt/rh/python27/root/usr/lib/python2.7/site-packages/nose/plugins/skip.pyo", "size_i": "2573", "regex": "false"},
	{"name_s": "/opt/rh/python27/root/usr/lib/python2.7/site-packages/nose/plugins/testid.py", "size_i": "9641", "regex": "false"},
	{"name_s": "/opt/rh/python27/root/usr/lib/python2.7/site-packages/nose/plugins/testid.pyc", "size_i": "9382", "regex": "false"},
	{"name_s": "/opt/rh/python27/root/usr/lib/python2.7/site-packages/nose/plugins/testid.pyo", "size_i": "9382", "regex": "false"},
	{"name_s": "/opt/rh/python27/root/usr/lib/python2.7/site-packages/nose/plugins/xunit.py", "size_i": "11357", "regex": "false"},
	{"name_s": "/opt/rh/python27/root/usr/lib/python2.7/site-packages/nose/plugins/xunit.pyc", "size_i": "13655", "regex": "false"},
	{"name_s": "/opt/rh/python27/root/usr/lib/python2.7/site-packages/nose/plugins/xunit.pyo", "size_i": "13655", "regex": "false"},
	{"name_s": "/opt/rh/python27/root/usr/lib/python2.7/site-packages/nose/proxy.py", "size_i": "6879", "regex": "false"},
	{"name_s": "/opt/rh/python27/root/usr/lib/python2.7/site-packages/nose/proxy.pyc", "size_i": "8538", "regex": "false"},
	{"name_s": "/opt/rh/python27/root/usr/lib/python2.7/site-packages/nose/proxy.pyo", "size_i": "8335", "regex": "false"},
	{"name_s": "/opt/rh/python27/root/usr/lib/python2.7/site-packages/nose/pyversion.py", "size_i": "5158", "regex": "false"},
	{"name_s": "/opt/rh/python27/root/usr/lib/python2.7/site-packages/nose/pyversion.pyc", "size_i": "7464", "regex": "false"},
	{"name_s": "/opt/rh/python27/root/usr/lib/python2.7/site-packages/nose/pyversion.pyo", "size_i": "7464", "regex": "false"},
	{"name_s": "/opt/rh/python27/root/usr/lib/python2.7/site-packages/nose/result.py", "size_i": "6691", "regex": "false"},
	{"name_s": "/opt/rh/python27/root/usr/lib/python2.7/site-packages/nose/result.pyc", "size_i": "7079", "regex": "false"},
	{"name_s": "/opt/rh/python27/root/usr/lib/python2.7/site-packages/nose/result.pyo", "size_i": "7079", "regex": "false"},
	{"name_s": "/opt/rh/python27/root/usr/lib/python2.7/site-packages/nose/selector.py", "size_i": "9090", "regex": "false"},
	{"name_s": "/opt/rh/python27/root/usr/lib/python2.7/site-packages/nose/selector.pyc", "size_i": "9269", "regex": "false"},
	{"name_s": "/opt/rh/python27/root/usr/lib/python2.7/site-packages/nose/selector.pyo", "size_i": "9269", "regex": "false"},
	{"name_s": "/opt/rh/python27/root/usr/lib/python2.7/site-packages/nose/sphinx", "size_i": "4096", "regex": "false"},
	{"name_s": "/opt/rh/python27/root/usr/lib/python2.7/site-packages/nose/sphinx/__init__.py", "size_i": "5", "regex": "false"},
	{"name_s": "/opt/rh/python27/root/usr/lib/python2.7/site-packages/nose/sphinx/__init__.pyc", "size_i": "164", "regex": "false"},
	{"name_s": "/opt/rh/python27/root/usr/lib/python2.7/site-packages/nose/sphinx/__init__.pyo", "size_i": "164", "regex": "false"},
	{"name_s": "/opt/rh/python27/root/usr/lib/python2.7/site-packages/nose/sphinx/pluginopts.py", "size_i": "5638", "regex": "false"},
	{"name_s": "/opt/rh/python27/root/usr/lib/python2.7/site-packages/nose/sphinx/pluginopts.pyc", "size_i": "6920", "regex": "false"},
	{"name_s": "/opt/rh/python27/root/usr/lib/python2.7/site-packages/nose/sphinx/pluginopts.pyo", "size_i": "6920", "regex": "false"},
	{"name_s": "/opt/rh/python27/root/usr/lib/python2.7/site-packages/nose/suite.py", "size_i": "22234", "regex": "false"},
	{"name_s": "/opt/rh/python27/root/usr/lib/python2.7/site-packages/nose/suite.pyc", "size_i": "22575", "regex": "false"},
	{"name_s": "/opt/rh/python27/root/usr/lib/python2.7/site-packages/nose/suite.pyo", "size_i": "22575", "regex": "false"},
	{"name_s": "/opt/rh/python27/root/usr/lib/python2.7/site-packages/nose/tools", "size_i": "4096", "regex": "false"},
	{"name_s": "/opt/rh/python27/root/usr/lib/python2.7/site-packages/nose/tools/__init__.py", "size_i": "436", "regex": "false"},
	{"name_s": "/opt/rh/python27/root/usr/lib/python2.7/site-packages/nose/tools/__init__.pyc", "size_i": "586", "regex": "false"},
	{"name_s": "/opt/rh/python27/root/usr/lib/python2.7/site-packages/nose/tools/__init__.pyo", "size_i": "586", "regex": "false"},
	{"name_s": "/opt/rh/python27/root/usr/lib/python2.7/site-packages/nose/tools/nontrivial.py", "size_i": "4171", "regex": "false"},
	{"name_s": "/opt/rh/python27/root/usr/lib/python2.7/site-packages/nose/tools/nontrivial.pyc", "size_i": "6025", "regex": "false"},
	{"name_s": "/opt/rh/python27/root/usr/lib/python2.7/site-packages/nose/tools/nontrivial.pyo", "size_i": "6025", "regex": "false"},
	{"name_s": "/opt/rh/python27/root/usr/lib/python2.7/site-packages/nose/tools/trivial.py", "size_i": "1184", "regex": "false"},
	{"name_s": "/opt/rh/python27/root/usr/lib/python2.7/site-packages/nose/tools/trivial.pyc", "size_i": "2277", "regex": "false"},
	{"name_s": "/opt/rh/python27/root/usr/lib/python2.7/site-packages/nose/tools/trivial.pyo", "size_i": "2277", "regex": "false"},
	{"name_s": "/opt/rh/python27/root/usr/lib/python2.7/site-packages/nose/twistedtools.py", "size_i": "5525", "regex": "false"},
	{"name_s": "/opt/rh/python27/root/usr/lib/python2.7/site-packages/nose/twistedtools.pyc", "size_i": "6389", "regex": "false"},
	{"name_s": "/opt/rh/python27/root/usr/lib/python2.7/site-packages/nose/twistedtools.pyo", "size_i": "6389", "regex": "false"},
	{"name_s": "/opt/rh/python27/root/usr/lib/python2.7/site-packages/nose/usage.txt", "size_i": "4189", "regex": "false"},
	{"name_s": "/opt/rh/python27/root/usr/lib/python2.7/site-packages/nose/util.py", "size_i": "19896", "regex": "false"},
	{"name_s": "/opt/rh/python27/root/usr/lib/python2.7/site-packages/nose/util.pyc", "size_i": "21389", "regex": "false"},
	{"name_s": "/opt/rh/python27/root/usr/lib/python2.7/site-packages/nose/util.pyo", "size_i": "21389", "regex": "false"},
	{"name_s": "/opt/rh/python27/root/usr/share/doc/python27-python-nose-1.3.0", "size_i": "4096", "regex": "false"},
	{"name_s": "/opt/rh/python27/root/usr/share/doc/python27-python-nose-1.3.0/AUTHORS", "size_i": "361", "regex": "false"},
	{"name_s": "/opt/rh/python27/root/usr/share/doc/python27-python-nose-1.3.0/CHANGELOG", "size_i": "35882", "regex": "false"},
	{"name_s": "/opt/rh/python27/root/usr/share/doc/python27-python-nose-1.3.0/NEWS", "size_i": "869", "regex": "false"},
	{"name_s": "/opt/rh/python27/root/usr/share/doc/python27-python-nose-1.3.0/README.txt", "size_i": "15262", "regex": "false"},
	{"name_s": "/opt/rh/python27/root/usr/share/doc/python27-python-nose-1.3.0/lgpl.txt", "size_i": "26432", "regex": "false"},
	{"name_s": "/opt/rh/python27/root/usr/share/man/man1/nosetests.1.gz", "size_i": "5815", "regex": "false"}
]
