[
	{"name_s": "/usr/lib64/python2.6/site-packages/_renderPM.so", "size_i": "114632", "regex": "false"},
	{"name_s": "/usr/lib64/python2.6/site-packages/_rl_accel.so", "size_i": "46616", "regex": "false"},
	{"name_s": "/usr/lib64/python2.6/site-packages/pyHnj.so", "size_i": "17600", "regex": "false"},
	{"name_s": "/usr/lib64/python2.6/site-packages/reportlab", "size_i": "4096", "regex": "false"},
	{"name_s": "/usr/lib64/python2.6/site-packages/reportlab-2.3-py2.6.egg-info", "size_i": "427", "regex": "false"},
	{"name_s": "/usr/lib64/python2.6/site-packages/reportlab/__init__.py", "size_i": "1127", "regex": "false"},
	{"name_s": "/usr/lib64/python2.6/site-packages/reportlab/__init__.pyc", "size_i": "1420", "regex": "false"},
	{"name_s": "/usr/lib64/python2.6/site-packages/reportlab/__init__.pyo", "size_i": "1420", "regex": "false"},
	{"name_s": "/usr/lib64/python2.6/site-packages/reportlab/graphics", "size_i": "4096", "regex": "false"},
	{"name_s": "/usr/lib64/python2.6/site-packages/reportlab/graphics/__init__.py", "size_i": "339", "regex": "false"},
	{"name_s": "/usr/lib64/python2.6/site-packages/reportlab/graphics/__init__.pyc", "size_i": "318", "regex": "false"},
	{"name_s": "/usr/lib64/python2.6/site-packages/reportlab/graphics/__init__.pyo", "size_i": "318", "regex": "false"},
	{"name_s": "/usr/lib64/python2.6/site-packages/reportlab/graphics/barcode", "size_i": "4096", "regex": "false"},
	{"name_s": "/usr/lib64/python2.6/site-packages/reportlab/graphics/barcode/__init__.py", "size_i": "4815", "regex": "false"},
	{"name_s": "/usr/lib64/python2.6/site-packages/reportlab/graphics/barcode/__init__.pyc", "size_i": "3249", "regex": "false"},
	{"name_s": "/usr/lib64/python2.6/site-packages/reportlab/graphics/barcode/__init__.pyo", "size_i": "3249", "regex": "false"},
	{"name_s": "/usr/lib64/python2.6/site-packages/reportlab/graphics/barcode/code128.py", "size_i": "13967", "regex": "false"},
	{"name_s": "/usr/lib64/python2.6/site-packages/reportlab/graphics/barcode/code128.pyc", "size_i": "12132", "regex": "false"},
	{"name_s": "/usr/lib64/python2.6/site-packages/reportlab/graphics/barcode/code128.pyo", "size_i": "12132", "regex": "false"},
	{"name_s": "/usr/lib64/python2.6/site-packages/reportlab/graphics/barcode/code39.py", "size_i": "9871", "regex": "false"},
	{"name_s": "/usr/lib64/python2.6/site-packages/reportlab/graphics/barcode/code39.pyc", "size_i": "10572", "regex": "false"},
	{"name_s": "/usr/lib64/python2.6/site-packages/reportlab/graphics/barcode/code39.pyo", "size_i": "10572", "regex": "false"},
	{"name_s": "/usr/lib64/python2.6/site-packages/reportlab/graphics/barcode/code93.py", "size_i": "9131", "regex": "false"},
	{"name_s": "/usr/lib64/python2.6/site-packages/reportlab/graphics/barcode/code93.pyc", "size_i": "10127", "regex": "false"},
	{"name_s": "/usr/lib64/python2.6/site-packages/reportlab/graphics/barcode/code93.pyo", "size_i": "10127", "regex": "false"},
	{"name_s": "/usr/lib64/python2.6/site-packages/reportlab/graphics/barcode/common.py", "size_i": "23720", "regex": "false"},
	{"name_s": "/usr/lib64/python2.6/site-packages/reportlab/graphics/barcode/common.pyc", "size_i": "25784", "regex": "false"},
	{"name_s": "/usr/lib64/python2.6/site-packages/reportlab/graphics/barcode/common.pyo", "size_i": "25784", "regex": "false"},
	{"name_s": "/usr/lib64/python2.6/site-packages/reportlab/graphics/barcode/eanbc.py", "size_i": "11373", "regex": "false"},
	{"name_s": "/usr/lib64/python2.6/site-packages/reportlab/graphics/barcode/eanbc.pyc", "size_i": "15129", "regex": "false"},
	{"name_s": "/usr/lib64/python2.6/site-packages/reportlab/graphics/barcode/eanbc.pyo", "size_i": "15129", "regex": "false"},
	{"name_s": "/usr/lib64/python2.6/site-packages/reportlab/graphics/barcode/fourstate.py", "size_i": "3825", "regex": "false"},
	{"name_s": "/usr/lib64/python2.6/site-packages/reportlab/graphics/barcode/fourstate.pyc", "size_i": "2538", "regex": "false"},
	{"name_s": "/usr/lib64/python2.6/site-packages/reportlab/graphics/barcode/fourstate.pyo", "size_i": "2538", "regex": "false"},
	{"name_s": "/usr/lib64/python2.6/site-packages/reportlab/graphics/barcode/lto.py", "size_i": "7433", "regex": "false"},
	{"name_s": "/usr/lib64/python2.6/site-packages/reportlab/graphics/barcode/lto.pyc", "size_i": "6952", "regex": "false"},
	{"name_s": "/usr/lib64/python2.6/site-packages/reportlab/graphics/barcode/lto.pyo", "size_i": "6952", "regex": "false"},
	{"name_s": "/usr/lib64/python2.6/site-packages/reportlab/graphics/barcode/test.py", "size_i": "8523", "regex": "false"},
	{"name_s": "/usr/lib64/python2.6/site-packages/reportlab/graphics/barcode/test.pyc", "size_i": "8772", "regex": "false"},
	{"name_s": "/usr/lib64/python2.6/site-packages/reportlab/graphics/barcode/test.pyo", "size_i": "8772", "regex": "false"},
	{"name_s": "/usr/lib64/python2.6/site-packages/reportlab/graphics/barcode/usps.py", "size_i": "7815", "regex": "false"},
	{"name_s": "/usr/lib64/python2.6/site-packages/reportlab/graphics/barcode/usps.pyc", "size_i": "7713", "regex": "false"},
	{"name_s": "/usr/lib64/python2.6/site-packages/reportlab/graphics/barcode/usps.pyo", "size_i": "7713", "regex": "false"},
	{"name_s": "/usr/lib64/python2.6/site-packages/reportlab/graphics/barcode/usps4s.py", "size_i": "13167", "regex": "false"},
	{"name_s": "/usr/lib64/python2.6/site-packages/reportlab/graphics/barcode/usps4s.pyc", "size_i": "18639", "regex": "false"},
	{"name_s": "/usr/lib64/python2.6/site-packages/reportlab/graphics/barcode/usps4s.pyo", "size_i": "18396", "regex": "false"},
	{"name_s": "/usr/lib64/python2.6/site-packages/reportlab/graphics/barcode/widgets.py", "size_i": "14421", "regex": "false"},
	{"name_s": "/usr/lib64/python2.6/site-packages/reportlab/graphics/barcode/widgets.pyc", "size_i": "18041", "regex": "false"},
	{"name_s": "/usr/lib64/python2.6/site-packages/reportlab/graphics/barcode/widgets.pyo", "size_i": "18041", "regex": "false"},
	{"name_s": "/usr/lib64/python2.6/site-packages/reportlab/graphics/charts", "size_i": "4096", "regex": "false"},
	{"name_s": "/usr/lib64/python2.6/site-packages/reportlab/graphics/charts/__init__.py", "size_i": "299", "regex": "false"},
	{"name_s": "/usr/lib64/python2.6/site-packages/reportlab/graphics/charts/__init__.pyc", "size_i": "279", "regex": "false"},
	{"name_s": "/usr/lib64/python2.6/site-packages/reportlab/graphics/charts/__init__.pyo", "size_i": "279", "regex": "false"},
	{"name_s": "/usr/lib64/python2.6/site-packages/reportlab/graphics/charts/areas.py", "size_i": "4410", "regex": "false"},
	{"name_s": "/usr/lib64/python2.6/site-packages/reportlab/graphics/charts/areas.pyc", "size_i": "3732", "regex": "false"},
	{"name_s": "/usr/lib64/python2.6/site-packages/reportlab/graphics/charts/areas.pyo", "size_i": "3732", "regex": "false"},
	{"name_s": "/usr/lib64/python2.6/site-packages/reportlab/graphics/charts/axes.py", "size_i": "67988", "regex": "false"},
	{"name_s": "/usr/lib64/python2.6/site-packages/reportlab/graphics/charts/axes.pyc", "size_i": "68599", "regex": "false"},
	{"name_s": "/usr/lib64/python2.6/site-packages/reportlab/graphics/charts/axes.pyo", "size_i": "68088", "regex": "false"},
	{"name_s": "/usr/lib64/python2.6/site-packages/reportlab/graphics/charts/barcharts.py", "size_i": "53116", "regex": "false"},
	{"name_s": "/usr/lib64/python2.6/site-packages/reportlab/graphics/charts/barcharts.pyc", "size_i": "56274", "regex": "false"},
	{"name_s": "/usr/lib64/python2.6/site-packages/reportlab/graphics/charts/barcharts.pyo", "size_i": "55932", "regex": "false"},
	{"name_s": "/usr/lib64/python2.6/site-packages/reportlab/graphics/charts/dotbox.py", "size_i": "6634", "regex": "false"},
	{"name_s": "/usr/lib64/python2.6/site-packages/reportlab/graphics/charts/dotbox.pyc", "size_i": "5579", "regex": "false"},
	{"name_s": "/usr/lib64/python2.6/site-packages/reportlab/graphics/charts/dotbox.pyo", "size_i": "5579", "regex": "false"},
	{"name_s": "/usr/lib64/python2.6/site-packages/reportlab/graphics/charts/doughnut.py", "size_i": "13307", "regex": "false"},
	{"name_s": "/usr/lib64/python2.6/site-packages/reportlab/graphics/charts/doughnut.pyc", "size_i": "11093", "regex": "false"},
	{"name_s": "/usr/lib64/python2.6/site-packages/reportlab/graphics/charts/doughnut.pyo", "size_i": "11093", "regex": "false"},
	{"name_s": "/usr/lib64/python2.6/site-packages/reportlab/graphics/charts/legends.py", "size_i": "25717", "regex": "false"},
	{"name_s": "/usr/lib64/python2.6/site-packages/reportlab/graphics/charts/legends.pyc", "size_i": "26446", "regex": "false"},
	{"name_s": "/usr/lib64/python2.6/site-packages/reportlab/graphics/charts/legends.pyo", "size_i": "26446", "regex": "false"},
	{"name_s": "/usr/lib64/python2.6/site-packages/reportlab/graphics/charts/linecharts.py", "size_i": "22851", "regex": "false"},
	{"name_s": "/usr/lib64/python2.6/site-packages/reportlab/graphics/charts/linecharts.pyc", "size_i": "22729", "regex": "false"},
	{"name_s": "/usr/lib64/python2.6/site-packages/reportlab/graphics/charts/linecharts.pyo", "size_i": "22654", "regex": "false"},
	{"name_s": "/usr/lib64/python2.6/site-packages/reportlab/graphics/charts/lineplots.py", "size_i": "44240", "regex": "false"},
	{"name_s": "/usr/lib64/python2.6/site-packages/reportlab/graphics/charts/lineplots.pyc", "size_i": "41310", "regex": "false"},
	{"name_s": "/usr/lib64/python2.6/site-packages/reportlab/graphics/charts/lineplots.pyo", "size_i": "41174", "regex": "false"},
	{"name_s": "/usr/lib64/python2.6/site-packages/reportlab/graphics/charts/markers.py", "size_i": "1809", "regex": "false"},
	{"name_s": "/usr/lib64/python2.6/site-packages/reportlab/graphics/charts/markers.pyc", "size_i": "2748", "regex": "false"},
	{"name_s": "/usr/lib64/python2.6/site-packages/reportlab/graphics/charts/markers.pyo", "size_i": "2748", "regex": "false"},
	{"name_s": "/usr/lib64/python2.6/site-packages/reportlab/graphics/charts/piecharts.py", "size_i": "49130", "regex": "false"},
	{"name_s": "/usr/lib64/python2.6/site-packages/reportlab/graphics/charts/piecharts.pyc", "size_i": "46573", "regex": "false"},
	{"name_s": "/usr/lib64/python2.6/site-packages/reportlab/graphics/charts/piecharts.pyo", "size_i": "46573", "regex": "false"},
	{"name_s": "/usr/lib64/python2.6/site-packages/reportlab/graphics/charts/slidebox.py", "size_i": "8686", "regex": "false"},
	{"name_s": "/usr/lib64/python2.6/site-packages/reportlab/graphics/charts/slidebox.pyc", "size_i": "7607", "regex": "false"},
	{"name_s": "/usr/lib64/python2.6/site-packages/reportlab/graphics/charts/slidebox.pyo", "size_i": "7607", "regex": "false"},
	{"name_s": "/usr/lib64/python2.6/site-packages/reportlab/graphics/charts/spider.py", "size_i": "15784", "regex": "false"},
	{"name_s": "/usr/lib64/python2.6/site-packages/reportlab/graphics/charts/spider.pyc", "size_i": "15192", "regex": "false"},
	{"name_s": "/usr/lib64/python2.6/site-packages/reportlab/graphics/charts/spider.pyo", "size_i": "15075", "regex": "false"},
	{"name_s": "/usr/lib64/python2.6/site-packages/reportlab/graphics/charts/textlabels.py", "size_i": "15481", "regex": "false"},
	{"name_s": "/usr/lib64/python2.6/site-packages/reportlab/graphics/charts/textlabels.pyc", "size_i": "16141", "regex": "false"},
	{"name_s": "/usr/lib64/python2.6/site-packages/reportlab/graphics/charts/textlabels.pyo", "size_i": "16141", "regex": "false"},
	{"name_s": "/usr/lib64/python2.6/site-packages/reportlab/graphics/charts/utils.py", "size_i": "5793", "regex": "false"},
	{"name_s": "/usr/lib64/python2.6/site-packages/reportlab/graphics/charts/utils.pyc", "size_i": "7242", "regex": "false"},
	{"name_s": "/usr/lib64/python2.6/site-packages/reportlab/graphics/charts/utils.pyo", "size_i": "7242", "regex": "false"},
	{"name_s": "/usr/lib64/python2.6/site-packages/reportlab/graphics/charts/utils3d.py", "size_i": "7396", "regex": "false"},
	{"name_s": "/usr/lib64/python2.6/site-packages/reportlab/graphics/charts/utils3d.pyc", "size_i": "10354", "regex": "false"},
	{"name_s": "/usr/lib64/python2.6/site-packages/reportlab/graphics/charts/utils3d.pyo", "size_i": "10313", "regex": "false"},
	{"name_s": "/usr/lib64/python2.6/site-packages/reportlab/graphics/renderPDF.py", "size_i": "13413", "regex": "false"},
	{"name_s": "/usr/lib64/python2.6/site-packages/reportlab/graphics/renderPDF.pyc", "size_i": "12289", "regex": "false"},
	{"name_s": "/usr/lib64/python2.6/site-packages/reportlab/graphics/renderPDF.pyo", "size_i": "12045", "regex": "false"},
	{"name_s": "/usr/lib64/python2.6/site-packages/reportlab/graphics/renderPM.py", "size_i": "25269", "regex": "false"},
	{"name_s": "/usr/lib64/python2.6/site-packages/reportlab/graphics/renderPM.pyc", "size_i": "29807", "regex": "false"},
	{"name_s": "/usr/lib64/python2.6/site-packages/reportlab/graphics/renderPM.pyo", "size_i": "29675", "regex": "false"},
	{"name_s": "/usr/lib64/python2.6/site-packages/reportlab/graphics/renderPS.py", "size_i": "35310", "regex": "false"},
	{"name_s": "/usr/lib64/python2.6/site-packages/reportlab/graphics/renderPS.pyc", "size_i": "34259", "regex": "false"},
	{"name_s": "/usr/lib64/python2.6/site-packages/reportlab/graphics/renderPS.pyo", "size_i": "34008", "regex": "false"},
	{"name_s": "/usr/lib64/python2.6/site-packages/reportlab/graphics/renderSVG.py", "size_i": "27285", "regex": "false"},
	{"name_s": "/usr/lib64/python2.6/site-packages/reportlab/graphics/renderSVG.pyc", "size_i": "30719", "regex": "false"},
	{"name_s": "/usr/lib64/python2.6/site-packages/reportlab/graphics/renderSVG.pyo", "size_i": "30478", "regex": "false"},
	{"name_s": "/usr/lib64/python2.6/site-packages/reportlab/graphics/renderbase.py", "size_i": "12552", "regex": "false"},
	{"name_s": "/usr/lib64/python2.6/site-packages/reportlab/graphics/renderbase.pyc", "size_i": "13991", "regex": "false"},
	{"name_s": "/usr/lib64/python2.6/site-packages/reportlab/graphics/renderbase.pyo", "size_i": "13991", "regex": "false"},
	{"name_s": "/usr/lib64/python2.6/site-packages/reportlab/graphics/samples", "size_i": "4096", "regex": "false"},
	{"name_s": "/usr/lib64/python2.6/site-packages/reportlab/graphics/samples/__init__.py", "size_i": "69", "regex": "false"},
	{"name_s": "/usr/lib64/python2.6/site-packages/reportlab/graphics/samples/__init__.pyc", "size_i": "237", "regex": "false"},
	{"name_s": "/usr/lib64/python2.6/site-packages/reportlab/graphics/samples/__init__.pyo", "size_i": "237", "regex": "false"},
	{"name_s": "/usr/lib64/python2.6/site-packages/reportlab/graphics/samples/bubble.py", "size_i": "3570", "regex": "false"},
	{"name_s": "/usr/lib64/python2.6/site-packages/reportlab/graphics/samples/bubble.pyc", "size_i": "3395", "regex": "false"},
	{"name_s": "/usr/lib64/python2.6/site-packages/reportlab/graphics/samples/bubble.pyo", "size_i": "3395", "regex": "false"},
	{"name_s": "/usr/lib64/python2.6/site-packages/reportlab/graphics/samples/clustered_bar.py", "size_i": "4226", "regex": "false"},
	{"name_s": "/usr/lib64/python2.6/site-packages/reportlab/graphics/samples/clustered_bar.pyc", "size_i": "3701", "regex": "false"},
	{"name_s": "/usr/lib64/python2.6/site-packages/reportlab/graphics/samples/clustered_bar.pyo", "size_i": "3701", "regex": "false"},
	{"name_s": "/usr/lib64/python2.6/site-packages/reportlab/graphics/samples/clustered_column.py", "size_i": "4174", "regex": "false"},
	{"name_s": "/usr/lib64/python2.6/site-packages/reportlab/graphics/samples/clustered_column.pyc", "size_i": "3689", "regex": "false"},
	{"name_s": "/usr/lib64/python2.6/site-packages/reportlab/graphics/samples/clustered_column.pyo", "size_i": "3689", "regex": "false"},
	{"name_s": "/usr/lib64/python2.6/site-packages/reportlab/graphics/samples/excelcolors.py", "size_i": "1958", "regex": "false"},
	{"name_s": "/usr/lib64/python2.6/site-packages/reportlab/graphics/samples/excelcolors.pyc", "size_i": "1531", "regex": "false"},
	{"name_s": "/usr/lib64/python2.6/site-packages/reportlab/graphics/samples/excelcolors.pyo", "size_i": "1531", "regex": "false"},
	{"name_s": "/usr/lib64/python2.6/site-packages/reportlab/graphics/samples/exploded_pie.py", "size_i": "3111", "regex": "false"},
	{"name_s": "/usr/lib64/python2.6/site-packages/reportlab/graphics/samples/exploded_pie.pyc", "size_i": "3126", "regex": "false"},
	{"name_s": "/usr/lib64/python2.6/site-packages/reportlab/graphics/samples/exploded_pie.pyo", "size_i": "3126", "regex": "false"},
	{"name_s": "/usr/lib64/python2.6/site-packages/reportlab/graphics/samples/filled_radar.py", "size_i": "2677", "regex": "false"},
	{"name_s": "/usr/lib64/python2.6/site-packages/reportlab/graphics/samples/filled_radar.pyc", "size_i": "2860", "regex": "false"},
	{"name_s": "/usr/lib64/python2.6/site-packages/reportlab/graphics/samples/filled_radar.pyo", "size_i": "2860", "regex": "false"},
	{"name_s": "/usr/lib64/python2.6/site-packages/reportlab/graphics/samples/line_chart.py", "size_i": "4253", "regex": "false"},
	{"name_s": "/usr/lib64/python2.6/site-packages/reportlab/graphics/samples/line_chart.pyc", "size_i": "3796", "regex": "false"},
	{"name_s": "/usr/lib64/python2.6/site-packages/reportlab/graphics/samples/line_chart.pyo", "size_i": "3796", "regex": "false"},
	{"name_s": "/usr/lib64/python2.6/site-packages/reportlab/graphics/samples/linechart_with_markers.py", "size_i": "4993", "regex": "false"},
	{"name_s": "/usr/lib64/python2.6/site-packages/reportlab/graphics/samples/linechart_with_markers.pyc", "size_i": "4403", "regex": "false"},
	{"name_s": "/usr/lib64/python2.6/site-packages/reportlab/graphics/samples/linechart_with_markers.pyo", "size_i": "4403", "regex": "false"},
	{"name_s": "/usr/lib64/python2.6/site-packages/reportlab/graphics/samples/radar.py", "size_i": "3230", "regex": "false"},
	{"name_s": "/usr/lib64/python2.6/site-packages/reportlab/graphics/samples/radar.pyc", "size_i": "3102", "regex": "false"},
	{"name_s": "/usr/lib64/python2.6/site-packages/reportlab/graphics/samples/radar.pyo", "size_i": "3102", "regex": "false"},
	{"name_s": "/usr/lib64/python2.6/site-packages/reportlab/graphics/samples/runall.py", "size_i": "2011", "regex": "false"},
	{"name_s": "/usr/lib64/python2.6/site-packages/reportlab/graphics/samples/runall.pyc", "size_i": "2357", "regex": "false"},
	{"name_s": "/usr/lib64/python2.6/site-packages/reportlab/graphics/samples/runall.pyo", "size_i": "2357", "regex": "false"},
	{"name_s": "/usr/lib64/python2.6/site-packages/reportlab/graphics/samples/scatter.py", "size_i": "3552", "regex": "false"},
	{"name_s": "/usr/lib64/python2.6/site-packages/reportlab/graphics/samples/scatter.pyc", "size_i": "3436", "regex": "false"},
	{"name_s": "/usr/lib64/python2.6/site-packages/reportlab/graphics/samples/scatter.pyo", "size_i": "3436", "regex": "false"},
	{"name_s": "/usr/lib64/python2.6/site-packages/reportlab/graphics/samples/scatter_lines.py", "size_i": "4150", "regex": "false"},
	{"name_s": "/usr/lib64/python2.6/site-packages/reportlab/graphics/samples/scatter_lines.pyc", "size_i": "3750", "regex": "false"},
	{"name_s": "/usr/lib64/python2.6/site-packages/reportlab/graphics/samples/scatter_lines.pyo", "size_i": "3750", "regex": "false"},
	{"name_s": "/usr/lib64/python2.6/site-packages/reportlab/graphics/samples/scatter_lines_markers.py", "size_i": "3752", "regex": "false"},
	{"name_s": "/usr/lib64/python2.6/site-packages/reportlab/graphics/samples/scatter_lines_markers.pyc", "size_i": "3568", "regex": "false"},
	{"name_s": "/usr/lib64/python2.6/site-packages/reportlab/graphics/samples/scatter_lines_markers.pyo", "size_i": "3568", "regex": "false"},
	{"name_s": "/usr/lib64/python2.6/site-packages/reportlab/graphics/samples/simple_pie.py", "size_i": "2918", "regex": "false"},
	{"name_s": "/usr/lib64/python2.6/site-packages/reportlab/graphics/samples/simple_pie.pyc", "size_i": "3006", "regex": "false"},
	{"name_s": "/usr/lib64/python2.6/site-packages/reportlab/graphics/samples/simple_pie.pyo", "size_i": "3006", "regex": "false"},
	{"name_s": "/usr/lib64/python2.6/site-packages/reportlab/graphics/samples/stacked_bar.py", "size_i": "4269", "regex": "false"},
	{"name_s": "/usr/lib64/python2.6/site-packages/reportlab/graphics/samples/stacked_bar.pyc", "size_i": "3730", "regex": "false"},
	{"name_s": "/usr/lib64/python2.6/site-packages/reportlab/graphics/samples/stacked_bar.pyo", "size_i": "3730", "regex": "false"},
	{"name_s": "/usr/lib64/python2.6/site-packages/reportlab/graphics/samples/stacked_column.py", "size_i": "4216", "regex": "false"},
	{"name_s": "/usr/lib64/python2.6/site-packages/reportlab/graphics/samples/stacked_column.pyc", "size_i": "3718", "regex": "false"},
	{"name_s": "/usr/lib64/python2.6/site-packages/reportlab/graphics/samples/stacked_column.pyo", "size_i": "3718", "regex": "false"},
	{"name_s": "/usr/lib64/python2.6/site-packages/reportlab/graphics/shapes.py", "size_i": "46346", "regex": "false"},
	{"name_s": "/usr/lib64/python2.6/site-packages/reportlab/graphics/shapes.pyc", "size_i": "54587", "regex": "false"},
	{"name_s": "/usr/lib64/python2.6/site-packages/reportlab/graphics/shapes.pyo", "size_i": "53601", "regex": "false"},
	{"name_s": "/usr/lib64/python2.6/site-packages/reportlab/graphics/testdrawings.py", "size_i": "9433", "regex": "false"},
	{"name_s": "/usr/lib64/python2.6/site-packages/reportlab/graphics/testdrawings.pyc", "size_i": "2156", "regex": "false"},
	{"name_s": "/usr/lib64/python2.6/site-packages/reportlab/graphics/testdrawings.pyo", "size_i": "2156", "regex": "false"},
	{"name_s": "/usr/lib64/python2.6/site-packages/reportlab/graphics/testshapes.py", "size_i": "17013", "regex": "false"},
	{"name_s": "/usr/lib64/python2.6/site-packages/reportlab/graphics/testshapes.pyc", "size_i": "18721", "regex": "false"},
	{"name_s": "/usr/lib64/python2.6/site-packages/reportlab/graphics/testshapes.pyo", "size_i": "18721", "regex": "false"},
	{"name_s": "/usr/lib64/python2.6/site-packages/reportlab/graphics/widgetbase.py", "size_i": "18195", "regex": "false"},
	{"name_s": "/usr/lib64/python2.6/site-packages/reportlab/graphics/widgetbase.pyc", "size_i": "21936", "regex": "false"},
	{"name_s": "/usr/lib64/python2.6/site-packages/reportlab/graphics/widgetbase.pyo", "size_i": "21626", "regex": "false"},
	{"name_s": "/usr/lib64/python2.6/site-packages/reportlab/graphics/widgets", "size_i": "4096", "regex": "false"},
	{"name_s": "/usr/lib64/python2.6/site-packages/reportlab/graphics/widgets/__init__.py", "size_i": "307", "regex": "false"},
	{"name_s": "/usr/lib64/python2.6/site-packages/reportlab/graphics/widgets/__init__.pyc", "size_i": "287", "regex": "false"},
	{"name_s": "/usr/lib64/python2.6/site-packages/reportlab/graphics/widgets/__init__.pyo", "size_i": "287", "regex": "false"},
	{"name_s": "/usr/lib64/python2.6/site-packages/reportlab/graphics/widgets/eventcal.py", "size_i": "13285", "regex": "false"},
	{"name_s": "/usr/lib64/python2.6/site-packages/reportlab/graphics/widgets/eventcal.pyc", "size_i": "17558", "regex": "false"},
	{"name_s": "/usr/lib64/python2.6/site-packages/reportlab/graphics/widgets/eventcal.pyo", "size_i": "17454", "regex": "false"},
	{"name_s": "/usr/lib64/python2.6/site-packages/reportlab/graphics/widgets/flags.py", "size_i": "30125", "regex": "false"},
	{"name_s": "/usr/lib64/python2.6/site-packages/reportlab/graphics/widgets/flags.pyc", "size_i": "30863", "regex": "false"},
	{"name_s": "/usr/lib64/python2.6/site-packages/reportlab/graphics/widgets/flags.pyo", "size_i": "30863", "regex": "false"},
	{"name_s": "/usr/lib64/python2.6/site-packages/reportlab/graphics/widgets/grids.py", "size_i": "17376", "regex": "false"},
	{"name_s": "/usr/lib64/python2.6/site-packages/reportlab/graphics/widgets/grids.pyc", "size_i": "18255", "regex": "false"},
	{"name_s": "/usr/lib64/python2.6/site-packages/reportlab/graphics/widgets/grids.pyo", "size_i": "18255", "regex": "false"},
	{"name_s": "/usr/lib64/python2.6/site-packages/reportlab/graphics/widgets/markers.py", "size_i": "8600", "regex": "false"},
	{"name_s": "/usr/lib64/python2.6/site-packages/reportlab/graphics/widgets/markers.pyc", "size_i": "11868", "regex": "false"},
	{"name_s": "/usr/lib64/python2.6/site-packages/reportlab/graphics/widgets/markers.pyo", "size_i": "11868", "regex": "false"},
	{"name_s": "/usr/lib64/python2.6/site-packages/reportlab/graphics/widgets/signsandsymbols.py", "size_i": "30184", "regex": "false"},
	{"name_s": "/usr/lib64/python2.6/site-packages/reportlab/graphics/widgets/signsandsymbols.pyc", "size_i": "29165", "regex": "false"},
	{"name_s": "/usr/lib64/python2.6/site-packages/reportlab/graphics/widgets/signsandsymbols.pyo", "size_i": "29060", "regex": "false"},
	{"name_s": "/usr/lib64/python2.6/site-packages/reportlab/lib", "size_i": "4096", "regex": "false"},
	{"name_s": "/usr/lib64/python2.6/site-packages/reportlab/lib/PyFontify.py", "size_i": "5005", "regex": "false"},
	{"name_s": "/usr/lib64/python2.6/site-packages/reportlab/lib/PyFontify.pyc", "size_i": "3827", "regex": "false"},
	{"name_s": "/usr/lib64/python2.6/site-packages/reportlab/lib/PyFontify.pyo", "size_i": "3827", "regex": "false"},
	{"name_s": "/usr/lib64/python2.6/site-packages/reportlab/lib/__init__.py", "size_i": "310", "regex": "false"},
	{"name_s": "/usr/lib64/python2.6/site-packages/reportlab/lib/__init__.pyc", "size_i": "317", "regex": "false"},
	{"name_s": "/usr/lib64/python2.6/site-packages/reportlab/lib/__init__.pyo", "size_i": "317", "regex": "false"},
	{"name_s": "/usr/lib64/python2.6/site-packages/reportlab/lib/abag.py", "size_i": "1450", "regex": "false"},
	{"name_s": "/usr/lib64/python2.6/site-packages/reportlab/lib/abag.pyc", "size_i": "2039", "regex": "false"},
	{"name_s": "/usr/lib64/python2.6/site-packages/reportlab/lib/abag.pyo", "size_i": "2039", "regex": "false"},
	{"name_s": "/usr/lib64/python2.6/site-packages/reportlab/lib/arciv.py", "size_i": "7325", "regex": "false"},
	{"name_s": "/usr/lib64/python2.6/site-packages/reportlab/lib/arciv.pyc", "size_i": "4516", "regex": "false"},
	{"name_s": "/usr/lib64/python2.6/site-packages/reportlab/lib/arciv.pyo", "size_i": "4516", "regex": "false"},
	{"name_s": "/usr/lib64/python2.6/site-packages/reportlab/lib/attrmap.py", "size_i": "5596", "regex": "false"},
	{"name_s": "/usr/lib64/python2.6/site-packages/reportlab/lib/attrmap.pyc", "size_i": "7287", "regex": "false"},
	{"name_s": "/usr/lib64/python2.6/site-packages/reportlab/lib/attrmap.pyo", "size_i": "7204", "regex": "false"},
	{"name_s": "/usr/lib64/python2.6/site-packages/reportlab/lib/boxstuff.py", "size_i": "2083", "regex": "false"},
	{"name_s": "/usr/lib64/python2.6/site-packages/reportlab/lib/boxstuff.pyc", "size_i": "2117", "regex": "false"},
	{"name_s": "/usr/lib64/python2.6/site-packages/reportlab/lib/boxstuff.pyo", "size_i": "2117", "regex": "false"},
	{"name_s": "/usr/lib64/python2.6/site-packages/reportlab/lib/codecharts.py", "size_i": "13039", "regex": "false"},
	{"name_s": "/usr/lib64/python2.6/site-packages/reportlab/lib/codecharts.pyc", "size_i": "12204", "regex": "false"},
	{"name_s": "/usr/lib64/python2.6/site-packages/reportlab/lib/codecharts.pyo", "size_i": "12204", "regex": "false"},
	{"name_s": "/usr/lib64/python2.6/site-packages/reportlab/lib/colors.py", "size_i": "21490", "regex": "false"},
	{"name_s": "/usr/lib64/python2.6/site-packages/reportlab/lib/colors.pyc", "size_i": "23082", "regex": "false"},
	{"name_s": "/usr/lib64/python2.6/site-packages/reportlab/lib/colors.pyo", "size_i": "22826", "regex": "false"},
	{"name_s": "/usr/lib64/python2.6/site-packages/reportlab/lib/corp.py", "size_i": "25301", "regex": "false"},
	{"name_s": "/usr/lib64/python2.6/site-packages/reportlab/lib/corp.pyc", "size_i": "23475", "regex": "false"},
	{"name_s": "/usr/lib64/python2.6/site-packages/reportlab/lib/corp.pyo", "size_i": "23475", "regex": "false"},
	{"name_s": "/usr/lib64/python2.6/site-packages/reportlab/lib/enums.py", "size_i": "356", "regex": "false"},
	{"name_s": "/usr/lib64/python2.6/site-packages/reportlab/lib/enums.pyc", "size_i": "389", "regex": "false"},
	{"name_s": "/usr/lib64/python2.6/site-packages/reportlab/lib/enums.pyo", "size_i": "389", "regex": "false"},
	{"name_s": "/usr/lib64/python2.6/site-packages/reportlab/lib/extformat.py", "size_i": "2255", "regex": "false"},
	{"name_s": "/usr/lib64/python2.6/site-packages/reportlab/lib/extformat.pyc", "size_i": "3183", "regex": "false"},
	{"name_s": "/usr/lib64/python2.6/site-packages/reportlab/lib/extformat.pyo", "size_i": "3183", "regex": "false"},
	{"name_s": "/usr/lib64/python2.6/site-packages/reportlab/lib/fontfinder.py", "size_i": "12201", "regex": "false"},
	{"name_s": "/usr/lib64/python2.6/site-packages/reportlab/lib/fontfinder.pyc", "size_i": "11959", "regex": "false"},
	{"name_s": "/usr/lib64/python2.6/site-packages/reportlab/lib/fontfinder.pyo", "size_i": "11959", "regex": "false"},
	{"name_s": "/usr/lib64/python2.6/site-packages/reportlab/lib/fonts.py", "size_i": "3485", "regex": "false"},
	{"name_s": "/usr/lib64/python2.6/site-packages/reportlab/lib/fonts.pyc", "size_i": "3044", "regex": "false"},
	{"name_s": "/usr/lib64/python2.6/site-packages/reportlab/lib/fonts.pyo", "size_i": "3044", "regex": "false"},
	{"name_s": "/usr/lib64/python2.6/site-packages/reportlab/lib/formatters.py", "size_i": "3871", "regex": "false"},
	{"name_s": "/usr/lib64/python2.6/site-packages/reportlab/lib/formatters.pyc", "size_i": "4934", "regex": "false"},
	{"name_s": "/usr/lib64/python2.6/site-packages/reportlab/lib/formatters.pyo", "size_i": "4934", "regex": "false"},
	{"name_s": "/usr/lib64/python2.6/site-packages/reportlab/lib/geomutils.py", "size_i": "1169", "regex": "false"},
	{"name_s": "/usr/lib64/python2.6/site-packages/reportlab/lib/geomutils.pyc", "size_i": "1464", "regex": "false"},
	{"name_s": "/usr/lib64/python2.6/site-packages/reportlab/lib/geomutils.pyo", "size_i": "1464", "regex": "false"},
	{"name_s": "/usr/lib64/python2.6/site-packages/reportlab/lib/hyphen.mashed", "size_i": "36457", "regex": "false"},
	{"name_s": "/usr/lib64/python2.6/site-packages/reportlab/lib/logger.py", "size_i": "1812", "regex": "false"},
	{"name_s": "/usr/lib64/python2.6/site-packages/reportlab/lib/logger.pyc", "size_i": "3303", "regex": "false"},
	{"name_s": "/usr/lib64/python2.6/site-packages/reportlab/lib/logger.pyo", "size_i": "3303", "regex": "false"},
	{"name_s": "/usr/lib64/python2.6/site-packages/reportlab/lib/normalDate.py", "size_i": "20938", "regex": "false"},
	{"name_s": "/usr/lib64/python2.6/site-packages/reportlab/lib/normalDate.pyc", "size_i": "26916", "regex": "false"},
	{"name_s": "/usr/lib64/python2.6/site-packages/reportlab/lib/normalDate.pyo", "size_i": "26916", "regex": "false"},
	{"name_s": "/usr/lib64/python2.6/site-packages/reportlab/lib/pagesizes.py", "size_i": "1314", "regex": "false"},
	{"name_s": "/usr/lib64/python2.6/site-packages/reportlab/lib/pagesizes.pyc", "size_i": "1719", "regex": "false"},
	{"name_s": "/usr/lib64/python2.6/site-packages/reportlab/lib/pagesizes.pyo", "size_i": "1719", "regex": "false"},
	{"name_s": "/usr/lib64/python2.6/site-packages/reportlab/lib/pdfencrypt.py", "size_i": "24049", "regex": "false"},
	{"name_s": "/usr/lib64/python2.6/site-packages/reportlab/lib/pdfencrypt.pyc", "size_i": "22746", "regex": "false"},
	{"name_s": "/usr/lib64/python2.6/site-packages/reportlab/lib/pdfencrypt.pyo", "size_i": "21961", "regex": "false"},
	{"name_s": "/usr/lib64/python2.6/site-packages/reportlab/lib/randomtext.py", "size_i": "18637", "regex": "false"},
	{"name_s": "/usr/lib64/python2.6/site-packages/reportlab/lib/randomtext.pyc", "size_i": "19600", "regex": "false"},
	{"name_s": "/usr/lib64/python2.6/site-packages/reportlab/lib/randomtext.pyo", "size_i": "19600", "regex": "false"},
	{"name_s": "/usr/lib64/python2.6/site-packages/reportlab/lib/rltempfile.py", "size_i": "1173", "regex": "false"},
	{"name_s": "/usr/lib64/python2.6/site-packages/reportlab/lib/rltempfile.pyc", "size_i": "1694", "regex": "false"},
	{"name_s": "/usr/lib64/python2.6/site-packages/reportlab/lib/rltempfile.pyo", "size_i": "1694", "regex": "false"},
	{"name_s": "/usr/lib64/python2.6/site-packages/reportlab/lib/rparsexml.py", "size_i": "18025", "regex": "false"},
	{"name_s": "/usr/lib64/python2.6/site-packages/reportlab/lib/rparsexml.pyc", "size_i": "11126", "regex": "false"},
	{"name_s": "/usr/lib64/python2.6/site-packages/reportlab/lib/rparsexml.pyo", "size_i": "11126", "regex": "false"},
	{"name_s": "/usr/lib64/python2.6/site-packages/reportlab/lib/sequencer.py", "size_i": "9374", "regex": "false"},
	{"name_s": "/usr/lib64/python2.6/site-packages/reportlab/lib/sequencer.pyc", "size_i": "12458", "regex": "false"},
	{"name_s": "/usr/lib64/python2.6/site-packages/reportlab/lib/sequencer.pyo", "size_i": "12458", "regex": "false"},
	{"name_s": "/usr/lib64/python2.6/site-packages/reportlab/lib/set_ops.py", "size_i": "1318", "regex": "false"},
	{"name_s": "/usr/lib64/python2.6/site-packages/reportlab/lib/set_ops.pyc", "size_i": "1764", "regex": "false"},
	{"name_s": "/usr/lib64/python2.6/site-packages/reportlab/lib/set_ops.pyo", "size_i": "1764", "regex": "false"},
	{"name_s": "/usr/lib64/python2.6/site-packages/reportlab/lib/styles.py", "size_i": "9788", "regex": "false"},
	{"name_s": "/usr/lib64/python2.6/site-packages/reportlab/lib/styles.pyc", "size_i": "8636", "regex": "false"},
	{"name_s": "/usr/lib64/python2.6/site-packages/reportlab/lib/styles.pyo", "size_i": "8343", "regex": "false"},
	{"name_s": "/usr/lib64/python2.6/site-packages/reportlab/lib/testutils.py", "size_i": "11181", "regex": "false"},
	{"name_s": "/usr/lib64/python2.6/site-packages/reportlab/lib/testutils.pyc", "size_i": "13759", "regex": "false"},
	{"name_s": "/usr/lib64/python2.6/site-packages/reportlab/lib/testutils.pyo", "size_i": "13514", "regex": "false"},
	{"name_s": "/usr/lib64/python2.6/site-packages/reportlab/lib/textsplit.py", "size_i": "8274", "regex": "false"},
	{"name_s": "/usr/lib64/python2.6/site-packages/reportlab/lib/textsplit.pyc", "size_i": "7181", "regex": "false"},
	{"name_s": "/usr/lib64/python2.6/site-packages/reportlab/lib/textsplit.pyo", "size_i": "7080", "regex": "false"},
	{"name_s": "/usr/lib64/python2.6/site-packages/reportlab/lib/units.py", "size_i": "959", "regex": "false"},
	{"name_s": "/usr/lib64/python2.6/site-packages/reportlab/lib/units.pyc", "size_i": "1131", "regex": "false"},
	{"name_s": "/usr/lib64/python2.6/site-packages/reportlab/lib/units.pyo", "size_i": "1131", "regex": "false"},
	{"name_s": "/usr/lib64/python2.6/site-packages/reportlab/lib/utils.py", "size_i": "32433", "regex": "false"},
	{"name_s": "/usr/lib64/python2.6/site-packages/reportlab/lib/utils.pyc", "size_i": "40406", "regex": "false"},
	{"name_s": "/usr/lib64/python2.6/site-packages/reportlab/lib/utils.pyo", "size_i": "40406", "regex": "false"},
	{"name_s": "/usr/lib64/python2.6/site-packages/reportlab/lib/validators.py", "size_i": "9622", "regex": "false"},
	{"name_s": "/usr/lib64/python2.6/site-packages/reportlab/lib/validators.pyc", "size_i": "19343", "regex": "false"},
	{"name_s": "/usr/lib64/python2.6/site-packages/reportlab/lib/validators.pyo", "size_i": "19343", "regex": "false"},
	{"name_s": "/usr/lib64/python2.6/site-packages/reportlab/lib/xmllib.py", "size_i": "25836", "regex": "false"},
	{"name_s": "/usr/lib64/python2.6/site-packages/reportlab/lib/xmllib.pyc", "size_i": "23967", "regex": "false"},
	{"name_s": "/usr/lib64/python2.6/site-packages/reportlab/lib/xmllib.pyo", "size_i": "23967", "regex": "false"},
	{"name_s": "/usr/lib64/python2.6/site-packages/reportlab/lib/yaml.py", "size_i": "5892", "regex": "false"},
	{"name_s": "/usr/lib64/python2.6/site-packages/reportlab/lib/yaml.pyc", "size_i": "6793", "regex": "false"},
	{"name_s": "/usr/lib64/python2.6/site-packages/reportlab/lib/yaml.pyo", "size_i": "6685", "regex": "false"},
	{"name_s": "/usr/lib64/python2.6/site-packages/reportlab/pdfbase", "size_i": "4096", "regex": "false"},
	{"name_s": "/usr/lib64/python2.6/site-packages/reportlab/pdfbase/__init__.py", "size_i": "340", "regex": "false"},
	{"name_s": "/usr/lib64/python2.6/site-packages/reportlab/pdfbase/__init__.pyc", "size_i": "320", "regex": "false"},
	{"name_s": "/usr/lib64/python2.6/site-packages/reportlab/pdfbase/__init__.pyo", "size_i": "320", "regex": "false"},
	{"name_s": "/usr/lib64/python2.6/site-packages/reportlab/pdfbase/_can_cmap_data.py", "size_i": "1785", "regex": "false"},
	{"name_s": "/usr/lib64/python2.6/site-packages/reportlab/pdfbase/_can_cmap_data.pyc", "size_i": "2007", "regex": "false"},
	{"name_s": "/usr/lib64/python2.6/site-packages/reportlab/pdfbase/_can_cmap_data.pyo", "size_i": "2007", "regex": "false"},
	{"name_s": "/usr/lib64/python2.6/site-packages/reportlab/pdfbase/_cidfontdata.py", "size_i": "32141", "regex": "false"},
	{"name_s": "/usr/lib64/python2.6/site-packages/reportlab/pdfbase/_cidfontdata.pyc", "size_i": "16680", "regex": "false"},
	{"name_s": "/usr/lib64/python2.6/site-packages/reportlab/pdfbase/_cidfontdata.pyo", "size_i": "16680", "regex": "false"},
	{"name_s": "/usr/lib64/python2.6/site-packages/reportlab/pdfbase/_fontdata.py", "size_i": "61695", "regex": "false"},
	{"name_s": "/usr/lib64/python2.6/site-packages/reportlab/pdfbase/_fontdata.pyc", "size_i": "43997", "regex": "false"},
	{"name_s": "/usr/lib64/python2.6/site-packages/reportlab/pdfbase/_fontdata.pyo", "size_i": "43922", "regex": "false"},
	{"name_s": "/usr/lib64/python2.6/site-packages/reportlab/pdfbase/cidfonts.py", "size_i": "18908", "regex": "false"},
	{"name_s": "/usr/lib64/python2.6/site-packages/reportlab/pdfbase/cidfonts.pyc", "size_i": "16528", "regex": "false"},
	{"name_s": "/usr/lib64/python2.6/site-packages/reportlab/pdfbase/cidfonts.pyo", "size_i": "16304", "regex": "false"},
	{"name_s": "/usr/lib64/python2.6/site-packages/reportlab/pdfbase/pdfdoc.py", "size_i": "78810", "regex": "false"},
	{"name_s": "/usr/lib64/python2.6/site-packages/reportlab/pdfbase/pdfdoc.pyc", "size_i": "85806", "regex": "false"},
	{"name_s": "/usr/lib64/python2.6/site-packages/reportlab/pdfbase/pdfdoc.pyo", "size_i": "85806", "regex": "false"},
	{"name_s": "/usr/lib64/python2.6/site-packages/reportlab/pdfbase/pdfform.py", "size_i": "16359", "regex": "false"},
	{"name_s": "/usr/lib64/python2.6/site-packages/reportlab/pdfbase/pdfform.pyc", "size_i": "17176", "regex": "false"},
	{"name_s": "/usr/lib64/python2.6/site-packages/reportlab/pdfbase/pdfform.pyo", "size_i": "17176", "regex": "false"},
	{"name_s": "/usr/lib64/python2.6/site-packages/reportlab/pdfbase/pdfmetrics.py", "size_i": "28851", "regex": "false"},
	{"name_s": "/usr/lib64/python2.6/site-packages/reportlab/pdfbase/pdfmetrics.pyc", "size_i": "29028", "regex": "false"},
	{"name_s": "/usr/lib64/python2.6/site-packages/reportlab/pdfbase/pdfmetrics.pyo", "size_i": "28372", "regex": "false"},
	{"name_s": "/usr/lib64/python2.6/site-packages/reportlab/pdfbase/pdfpattern.py", "size_i": "2427", "regex": "false"},
	{"name_s": "/usr/lib64/python2.6/site-packages/reportlab/pdfbase/pdfpattern.pyc", "size_i": "3061", "regex": "false"},
	{"name_s": "/usr/lib64/python2.6/site-packages/reportlab/pdfbase/pdfpattern.pyo", "size_i": "3061", "regex": "false"},
	{"name_s": "/usr/lib64/python2.6/site-packages/reportlab/pdfbase/pdfutils.py", "size_i": "16126", "regex": "false"},
	{"name_s": "/usr/lib64/python2.6/site-packages/reportlab/pdfbase/pdfutils.pyc", "size_i": "14275", "regex": "false"},
	{"name_s": "/usr/lib64/python2.6/site-packages/reportlab/pdfbase/pdfutils.pyo", "size_i": "13628", "regex": "false"},
	{"name_s": "/usr/lib64/python2.6/site-packages/reportlab/pdfbase/rl_codecs.py", "size_i": "53095", "regex": "false"},
	{"name_s": "/usr/lib64/python2.6/site-packages/reportlab/pdfbase/rl_codecs.pyc", "size_i": "15947", "regex": "false"},
	{"name_s": "/usr/lib64/python2.6/site-packages/reportlab/pdfbase/rl_codecs.pyo", "size_i": "15947", "regex": "false"},
	{"name_s": "/usr/lib64/python2.6/site-packages/reportlab/pdfbase/ttfonts.py", "size_i": "44767", "regex": "false"},
	{"name_s": "/usr/lib64/python2.6/site-packages/reportlab/pdfbase/ttfonts.pyc", "size_i": "39533", "regex": "false"},
	{"name_s": "/usr/lib64/python2.6/site-packages/reportlab/pdfbase/ttfonts.pyo", "size_i": "39533", "regex": "false"},
	{"name_s": "/usr/lib64/python2.6/site-packages/reportlab/pdfgen", "size_i": "4096", "regex": "false"},
	{"name_s": "/usr/lib64/python2.6/site-packages/reportlab/pdfgen/__init__.py", "size_i": "335", "regex": "false"},
	{"name_s": "/usr/lib64/python2.6/site-packages/reportlab/pdfgen/__init__.pyc", "size_i": "315", "regex": "false"},
	{"name_s": "/usr/lib64/python2.6/site-packages/reportlab/pdfgen/__init__.pyo", "size_i": "315", "regex": "false"},
	{"name_s": "/usr/lib64/python2.6/site-packages/reportlab/pdfgen/canvas.py", "size_i": "65411", "regex": "false"},
	{"name_s": "/usr/lib64/python2.6/site-packages/reportlab/pdfgen/canvas.pyc", "size_i": "64512", "regex": "false"},
	{"name_s": "/usr/lib64/python2.6/site-packages/reportlab/pdfgen/canvas.pyo", "size_i": "63943", "regex": "false"},
	{"name_s": "/usr/lib64/python2.6/site-packages/reportlab/pdfgen/pathobject.py", "size_i": "3905", "regex": "false"},
	{"name_s": "/usr/lib64/python2.6/site-packages/reportlab/pdfgen/pathobject.pyc", "size_i": "5476", "regex": "false"},
	{"name_s": "/usr/lib64/python2.6/site-packages/reportlab/pdfgen/pathobject.pyo", "size_i": "5343", "regex": "false"},
	{"name_s": "/usr/lib64/python2.6/site-packages/reportlab/pdfgen/pdfgeom.py", "size_i": "3046", "regex": "false"},
	{"name_s": "/usr/lib64/python2.6/site-packages/reportlab/pdfgen/pdfgeom.pyc", "size_i": "2605", "regex": "false"},
	{"name_s": "/usr/lib64/python2.6/site-packages/reportlab/pdfgen/pdfgeom.pyo", "size_i": "2605", "regex": "false"},
	{"name_s": "/usr/lib64/python2.6/site-packages/reportlab/pdfgen/pdfimages.py", "size_i": "8235", "regex": "false"},
	{"name_s": "/usr/lib64/python2.6/site-packages/reportlab/pdfgen/pdfimages.pyc", "size_i": "7464", "regex": "false"},
	{"name_s": "/usr/lib64/python2.6/site-packages/reportlab/pdfgen/pdfimages.pyo", "size_i": "7296", "regex": "false"},
	{"name_s": "/usr/lib64/python2.6/site-packages/reportlab/pdfgen/pycanvas.py", "size_i": "12035", "regex": "false"},
	{"name_s": "/usr/lib64/python2.6/site-packages/reportlab/pdfgen/pycanvas.pyc", "size_i": "14391", "regex": "false"},
	{"name_s": "/usr/lib64/python2.6/site-packages/reportlab/pdfgen/pycanvas.pyo", "size_i": "14391", "regex": "false"},
	{"name_s": "/usr/lib64/python2.6/site-packages/reportlab/pdfgen/textobject.py", "size_i": "15888", "regex": "false"},
	{"name_s": "/usr/lib64/python2.6/site-packages/reportlab/pdfgen/textobject.pyc", "size_i": "17488", "regex": "false"},
	{"name_s": "/usr/lib64/python2.6/site-packages/reportlab/pdfgen/textobject.pyo", "size_i": "17229", "regex": "false"},
	{"name_s": "/usr/lib64/python2.6/site-packages/reportlab/platypus", "size_i": "4096", "regex": "false"},
	{"name_s": "/usr/lib64/python2.6/site-packages/reportlab/platypus/__init__.py", "size_i": "1151", "regex": "false"},
	{"name_s": "/usr/lib64/python2.6/site-packages/reportlab/platypus/__init__.pyc", "size_i": "1617", "regex": "false"},
	{"name_s": "/usr/lib64/python2.6/site-packages/reportlab/platypus/__init__.pyo", "size_i": "1617", "regex": "false"},
	{"name_s": "/usr/lib64/python2.6/site-packages/reportlab/platypus/doctemplate.py", "size_i": "42554", "regex": "false"},
	{"name_s": "/usr/lib64/python2.6/site-packages/reportlab/platypus/doctemplate.pyc", "size_i": "45667", "regex": "false"},
	{"name_s": "/usr/lib64/python2.6/site-packages/reportlab/platypus/doctemplate.pyo", "size_i": "45411", "regex": "false"},
	{"name_s": "/usr/lib64/python2.6/site-packages/reportlab/platypus/figures.py", "size_i": "16506", "regex": "false"},
	{"name_s": "/usr/lib64/python2.6/site-packages/reportlab/platypus/figures.pyc", "size_i": "17767", "regex": "false"},
	{"name_s": "/usr/lib64/python2.6/site-packages/reportlab/platypus/figures.pyo", "size_i": "17664", "regex": "false"},
	{"name_s": "/usr/lib64/python2.6/site-packages/reportlab/platypus/flowables.py", "size_i": "47080", "regex": "false"},
	{"name_s": "/usr/lib64/python2.6/site-packages/reportlab/platypus/flowables.pyc", "size_i": "60221", "regex": "false"},
	{"name_s": "/usr/lib64/python2.6/site-packages/reportlab/platypus/flowables.pyo", "size_i": "59862", "regex": "false"},
	{"name_s": "/usr/lib64/python2.6/site-packages/reportlab/platypus/frames.py", "size_i": "9019", "regex": "false"},
	{"name_s": "/usr/lib64/python2.6/site-packages/reportlab/platypus/frames.pyc", "size_i": "9729", "regex": "false"},
	{"name_s": "/usr/lib64/python2.6/site-packages/reportlab/platypus/frames.pyo", "size_i": "9729", "regex": "false"},
	{"name_s": "/usr/lib64/python2.6/site-packages/reportlab/platypus/para.py", "size_i": "93880", "regex": "false"},
	{"name_s": "/usr/lib64/python2.6/site-packages/reportlab/platypus/para.pyc", "size_i": "66899", "regex": "false"},
	{"name_s": "/usr/lib64/python2.6/site-packages/reportlab/platypus/para.pyo", "size_i": "66796", "regex": "false"},
	{"name_s": "/usr/lib64/python2.6/site-packages/reportlab/platypus/paragraph.py", "size_i": "64709", "regex": "false"},
	{"name_s": "/usr/lib64/python2.6/site-packages/reportlab/platypus/paragraph.pyc", "size_i": "52772", "regex": "false"},
	{"name_s": "/usr/lib64/python2.6/site-packages/reportlab/platypus/paragraph.pyo", "size_i": "52673", "regex": "false"},
	{"name_s": "/usr/lib64/python2.6/site-packages/reportlab/platypus/paraparser.py", "size_i": "37451", "regex": "false"},
	{"name_s": "/usr/lib64/python2.6/site-packages/reportlab/platypus/paraparser.pyc", "size_i": "39954", "regex": "false"},
	{"name_s": "/usr/lib64/python2.6/site-packages/reportlab/platypus/paraparser.pyo", "size_i": "39612", "regex": "false"},
	{"name_s": "/usr/lib64/python2.6/site-packages/reportlab/platypus/tableofcontents.py", "size_i": "12877", "regex": "false"},
	{"name_s": "/usr/lib64/python2.6/site-packages/reportlab/platypus/tableofcontents.pyc", "size_i": "14720", "regex": "false"},
	{"name_s": "/usr/lib64/python2.6/site-packages/reportlab/platypus/tableofcontents.pyo", "size_i": "14474", "regex": "false"},
	{"name_s": "/usr/lib64/python2.6/site-packages/reportlab/platypus/tables.py", "size_i": "62590", "regex": "false"},
	{"name_s": "/usr/lib64/python2.6/site-packages/reportlab/platypus/tables.pyc", "size_i": "51061", "regex": "false"},
	{"name_s": "/usr/lib64/python2.6/site-packages/reportlab/platypus/tables.pyo", "size_i": "50837", "regex": "false"},
	{"name_s": "/usr/lib64/python2.6/site-packages/reportlab/platypus/xpreformatted.py", "size_i": "12492", "regex": "false"},
	{"name_s": "/usr/lib64/python2.6/site-packages/reportlab/platypus/xpreformatted.pyc", "size_i": "12642", "regex": "false"},
	{"name_s": "/usr/lib64/python2.6/site-packages/reportlab/platypus/xpreformatted.pyo", "size_i": "12642", "regex": "false"},
	{"name_s": "/usr/lib64/python2.6/site-packages/reportlab/rl_config.py", "size_i": "7444", "regex": "false"},
	{"name_s": "/usr/lib64/python2.6/site-packages/reportlab/rl_config.pyc", "size_i": "5848", "regex": "false"},
	{"name_s": "/usr/lib64/python2.6/site-packages/reportlab/rl_config.pyo", "size_i": "5848", "regex": "false"},
	{"name_s": "/usr/lib64/python2.6/site-packages/sgmlop.so", "size_i": "21104", "regex": "false"},
	{"name_s": "/usr/share/doc/python-reportlab-2.3", "size_i": "4096", "regex": "false"},
	{"name_s": "/usr/share/doc/python-reportlab-2.3/CHANGES.txt", "size_i": "13108", "regex": "false"},
	{"name_s": "/usr/share/doc/python-reportlab-2.3/LICENSE.txt", "size_i": "1707", "regex": "false"},
	{"name_s": "/usr/share/doc/python-reportlab-2.3/README.txt", "size_i": "2848", "regex": "false"}
]
