[
	{"name_s": "/usr/lib/python2.6/site-packages/slip", "size_i": "4096", "regex": "false"},
	{"name_s": "/usr/lib/python2.6/site-packages/slip-0.2.20-py2.6.egg-info", "size_i": "197", "regex": "false"},
	{"name_s": "/usr/lib/python2.6/site-packages/slip/__init__.py", "size_i": "0", "regex": "false"},
	{"name_s": "/usr/lib/python2.6/site-packages/slip/__init__.pyc", "size_i": "136", "regex": "false"},
	{"name_s": "/usr/lib/python2.6/site-packages/slip/__init__.pyo", "size_i": "136", "regex": "false"},
	{"name_s": "/usr/lib/python2.6/site-packages/slip/util", "size_i": "4096", "regex": "false"},
	{"name_s": "/usr/lib/python2.6/site-packages/slip/util/__init__.py", "size_i": "54", "regex": "false"},
	{"name_s": "/usr/lib/python2.6/site-packages/slip/util/__init__.pyc", "size_i": "195", "regex": "false"},
	{"name_s": "/usr/lib/python2.6/site-packages/slip/util/__init__.pyo", "size_i": "195", "regex": "false"},
	{"name_s": "/usr/lib/python2.6/site-packages/slip/util/files.py", "size_i": "5779", "regex": "false"},
	{"name_s": "/usr/lib/python2.6/site-packages/slip/util/files.pyc", "size_i": "4848", "regex": "false"},
	{"name_s": "/usr/lib/python2.6/site-packages/slip/util/files.pyo", "size_i": "4848", "regex": "false"},
	{"name_s": "/usr/lib/python2.6/site-packages/slip/util/hookable.py", "size_i": "4721", "regex": "false"},
	{"name_s": "/usr/lib/python2.6/site-packages/slip/util/hookable.pyc", "size_i": "6409", "regex": "false"},
	{"name_s": "/usr/lib/python2.6/site-packages/slip/util/hookable.pyo", "size_i": "6355", "regex": "false"},
	{"name_s": "/usr/share/doc/python-slip-0.2.20", "size_i": "4096", "regex": "false"},
	{"name_s": "/usr/share/doc/python-slip-0.2.20/COPYING", "size_i": "17990", "regex": "false"},
	{"name_s": "/usr/share/doc/python-slip-0.2.20/dbus", "size_i": "4096", "regex": "false"},
	{"name_s": "/usr/share/doc/python-slip-0.2.20/dbus/README", "size_i": "1061", "regex": "false"},
	{"name_s": "/usr/share/doc/python-slip-0.2.20/dbus/example", "size_i": "4096", "regex": "false"},
	{"name_s": "/usr/share/doc/python-slip-0.2.20/dbus/example/Makefile", "size_i": "1460", "regex": "false"},
	{"name_s": "/usr/share/doc/python-slip-0.2.20/dbus/example/README", "size_i": "1019", "regex": "false"},
	{"name_s": "/usr/share/doc/python-slip-0.2.20/dbus/example/example-conf-client.py", "size_i": "1852", "regex": "false"},
	{"name_s": "/usr/share/doc/python-slip-0.2.20/dbus/example/example-conf-mechanism.py", "size_i": "2349", "regex": "false"},
	{"name_s": "/usr/share/doc/python-slip-0.2.20/dbus/example/import_marker.py", "size_i": "0", "regex": "false"},
	{"name_s": "/usr/share/doc/python-slip-0.2.20/dbus/example/org.fedoraproject.slip.example.mechanism.conf", "size_i": "527", "regex": "false"},
	{"name_s": "/usr/share/doc/python-slip-0.2.20/dbus/example/org.fedoraproject.slip.example.mechanism.service", "size_i": "122", "regex": "false"},
	{"name_s": "/usr/share/doc/python-slip-0.2.20/dbus/example/org.fedoraproject.slip.example.policy", "size_i": "963", "regex": "false"}
]
