[
	{"name_s": "/usr/bin/pygmentize", "size_i": "141", "regex": "false"},
	{"name_s": "/usr/lib/python2.6/site-packages/Pygments-1.1.1-py2.6.egg-info", "size_i": "4096", "regex": "false"},
	{"name_s": "/usr/lib/python2.6/site-packages/Pygments-1.1.1-py2.6.egg-info/PKG-INFO", "size_i": "1831", "regex": "false"},
	{"name_s": "/usr/lib/python2.6/site-packages/Pygments-1.1.1-py2.6.egg-info/SOURCES.txt", "size_i": "7520", "regex": "false"},
	{"name_s": "/usr/lib/python2.6/site-packages/Pygments-1.1.1-py2.6.egg-info/dependency_links.txt", "size_i": "1", "regex": "false"},
	{"name_s": "/usr/lib/python2.6/site-packages/Pygments-1.1.1-py2.6.egg-info/not-zip-safe", "size_i": "1", "regex": "false"},
	{"name_s": "/usr/lib/python2.6/site-packages/Pygments-1.1.1-py2.6.egg-info/top_level.txt", "size_i": "9", "regex": "false"},
	{"name_s": "/usr/lib/python2.6/site-packages/pygments", "size_i": "4096", "regex": "false"},
	{"name_s": "/usr/lib/python2.6/site-packages/pygments/__init__.py", "size_i": "2935", "regex": "false"},
	{"name_s": "/usr/lib/python2.6/site-packages/pygments/__init__.pyc", "size_i": "3334", "regex": "false"},
	{"name_s": "/usr/lib/python2.6/site-packages/pygments/__init__.pyo", "size_i": "3334", "regex": "false"},
	{"name_s": "/usr/lib/python2.6/site-packages/pygments/cmdline.py", "size_i": "13055", "regex": "false"},
	{"name_s": "/usr/lib/python2.6/site-packages/pygments/cmdline.pyc", "size_i": "10443", "regex": "false"},
	{"name_s": "/usr/lib/python2.6/site-packages/pygments/cmdline.pyo", "size_i": "10443", "regex": "false"},
	{"name_s": "/usr/lib/python2.6/site-packages/pygments/console.py", "size_i": "1850", "regex": "false"},
	{"name_s": "/usr/lib/python2.6/site-packages/pygments/console.pyc", "size_i": "2340", "regex": "false"},
	{"name_s": "/usr/lib/python2.6/site-packages/pygments/console.pyo", "size_i": "2340", "regex": "false"},
	{"name_s": "/usr/lib/python2.6/site-packages/pygments/filter.py", "size_i": "2071", "regex": "false"},
	{"name_s": "/usr/lib/python2.6/site-packages/pygments/filter.pyc", "size_i": "3184", "regex": "false"},
	{"name_s": "/usr/lib/python2.6/site-packages/pygments/filter.pyo", "size_i": "3184", "regex": "false"},
	{"name_s": "/usr/lib/python2.6/site-packages/pygments/filters", "size_i": "4096", "regex": "false"},
	{"name_s": "/usr/lib/python2.6/site-packages/pygments/filters/__init__.py", "size_i": "9514", "regex": "false"},
	{"name_s": "/usr/lib/python2.6/site-packages/pygments/filters/__init__.pyc", "size_i": "11592", "regex": "false"},
	{"name_s": "/usr/lib/python2.6/site-packages/pygments/filters/__init__.pyo", "size_i": "11592", "regex": "false"},
	{"name_s": "/usr/lib/python2.6/site-packages/pygments/formatter.py", "size_i": "2790", "regex": "false"},
	{"name_s": "/usr/lib/python2.6/site-packages/pygments/formatter.pyc", "size_i": "3344", "regex": "false"},
	{"name_s": "/usr/lib/python2.6/site-packages/pygments/formatter.pyo", "size_i": "3344", "regex": "false"},
	{"name_s": "/usr/lib/python2.6/site-packages/pygments/formatters", "size_i": "4096", "regex": "false"},
	{"name_s": "/usr/lib/python2.6/site-packages/pygments/formatters/__init__.py", "size_i": "1847", "regex": "false"},
	{"name_s": "/usr/lib/python2.6/site-packages/pygments/formatters/__init__.pyc", "size_i": "2579", "regex": "false"},
	{"name_s": "/usr/lib/python2.6/site-packages/pygments/formatters/__init__.pyo", "size_i": "2579", "regex": "false"},
	{"name_s": "/usr/lib/python2.6/site-packages/pygments/formatters/_mapping.py", "size_i": "5503", "regex": "false"},
	{"name_s": "/usr/lib/python2.6/site-packages/pygments/formatters/_mapping.pyc", "size_i": "5880", "regex": "false"},
	{"name_s": "/usr/lib/python2.6/site-packages/pygments/formatters/_mapping.pyo", "size_i": "5880", "regex": "false"},
	{"name_s": "/usr/lib/python2.6/site-packages/pygments/formatters/bbcode.py", "size_i": "3314", "regex": "false"},
	{"name_s": "/usr/lib/python2.6/site-packages/pygments/formatters/bbcode.pyc", "size_i": "3580", "regex": "false"},
	{"name_s": "/usr/lib/python2.6/site-packages/pygments/formatters/bbcode.pyo", "size_i": "3580", "regex": "false"},
	{"name_s": "/usr/lib/python2.6/site-packages/pygments/formatters/html.py", "size_i": "26094", "regex": "false"},
	{"name_s": "/usr/lib/python2.6/site-packages/pygments/formatters/html.pyc", "size_i": "24583", "regex": "false"},
	{"name_s": "/usr/lib/python2.6/site-packages/pygments/formatters/html.pyo", "size_i": "24583", "regex": "false"},
	{"name_s": "/usr/lib/python2.6/site-packages/pygments/formatters/img.py", "size_i": "16764", "regex": "false"},
	{"name_s": "/usr/lib/python2.6/site-packages/pygments/formatters/img.pyc", "size_i": "17403", "regex": "false"},
	{"name_s": "/usr/lib/python2.6/site-packages/pygments/formatters/img.pyo", "size_i": "17403", "regex": "false"},
	{"name_s": "/usr/lib/python2.6/site-packages/pygments/formatters/latex.py", "size_i": "10643", "regex": "false"},
	{"name_s": "/usr/lib/python2.6/site-packages/pygments/formatters/latex.pyc", "size_i": "8835", "regex": "false"},
	{"name_s": "/usr/lib/python2.6/site-packages/pygments/formatters/latex.pyo", "size_i": "8835", "regex": "false"},
	{"name_s": "/usr/lib/python2.6/site-packages/pygments/formatters/other.py", "size_i": "3857", "regex": "false"},
	{"name_s": "/usr/lib/python2.6/site-packages/pygments/formatters/other.pyc", "size_i": "4786", "regex": "false"},
	{"name_s": "/usr/lib/python2.6/site-packages/pygments/formatters/other.pyo", "size_i": "4786", "regex": "false"},
	{"name_s": "/usr/lib/python2.6/site-packages/pygments/formatters/rtf.py", "size_i": "4536", "regex": "false"},
	{"name_s": "/usr/lib/python2.6/site-packages/pygments/formatters/rtf.pyc", "size_i": "4425", "regex": "false"},
	{"name_s": "/usr/lib/python2.6/site-packages/pygments/formatters/rtf.pyo", "size_i": "4425", "regex": "false"},
	{"name_s": "/usr/lib/python2.6/site-packages/pygments/formatters/svg.py", "size_i": "5867", "regex": "false"},
	{"name_s": "/usr/lib/python2.6/site-packages/pygments/formatters/svg.pyc", "size_i": "6084", "regex": "false"},
	{"name_s": "/usr/lib/python2.6/site-packages/pygments/formatters/svg.pyo", "size_i": "6084", "regex": "false"},
	{"name_s": "/usr/lib/python2.6/site-packages/pygments/formatters/terminal.py", "size_i": "4012", "regex": "false"},
	{"name_s": "/usr/lib/python2.6/site-packages/pygments/formatters/terminal.pyc", "size_i": "4264", "regex": "false"},
	{"name_s": "/usr/lib/python2.6/site-packages/pygments/formatters/terminal.pyo", "size_i": "4264", "regex": "false"},
	{"name_s": "/usr/lib/python2.6/site-packages/pygments/formatters/terminal256.py", "size_i": "7604", "regex": "false"},
	{"name_s": "/usr/lib/python2.6/site-packages/pygments/formatters/terminal256.pyc", "size_i": "7289", "regex": "false"},
	{"name_s": "/usr/lib/python2.6/site-packages/pygments/formatters/terminal256.pyo", "size_i": "7289", "regex": "false"},
	{"name_s": "/usr/lib/python2.6/site-packages/pygments/lexer.py", "size_i": "22625", "regex": "false"},
	{"name_s": "/usr/lib/python2.6/site-packages/pygments/lexer.pyc", "size_i": "20971", "regex": "false"},
	{"name_s": "/usr/lib/python2.6/site-packages/pygments/lexer.pyo", "size_i": "20204", "regex": "false"},
	{"name_s": "/usr/lib/python2.6/site-packages/pygments/lexers", "size_i": "4096", "regex": "false"},
	{"name_s": "/usr/lib/python2.6/site-packages/pygments/lexers/__init__.py", "size_i": "7343", "regex": "false"},
	{"name_s": "/usr/lib/python2.6/site-packages/pygments/lexers/__init__.pyc", "size_i": "7722", "regex": "false"},
	{"name_s": "/usr/lib/python2.6/site-packages/pygments/lexers/__init__.pyo", "size_i": "7722", "regex": "false"},
	{"name_s": "/usr/lib/python2.6/site-packages/pygments/lexers/_clbuiltins.py", "size_i": "14015", "regex": "false"},
	{"name_s": "/usr/lib/python2.6/site-packages/pygments/lexers/_clbuiltins.pyc", "size_i": "17047", "regex": "false"},
	{"name_s": "/usr/lib/python2.6/site-packages/pygments/lexers/_clbuiltins.pyo", "size_i": "17047", "regex": "false"},
	{"name_s": "/usr/lib/python2.6/site-packages/pygments/lexers/_luabuiltins.py", "size_i": "7045", "regex": "false"},
	{"name_s": "/usr/lib/python2.6/site-packages/pygments/lexers/_luabuiltins.pyc", "size_i": "7826", "regex": "false"},
	{"name_s": "/usr/lib/python2.6/site-packages/pygments/lexers/_luabuiltins.pyo", "size_i": "7826", "regex": "false"},
	{"name_s": "/usr/lib/python2.6/site-packages/pygments/lexers/_mapping.py", "size_i": "22677", "regex": "false"},
	{"name_s": "/usr/lib/python2.6/site-packages/pygments/lexers/_mapping.pyc", "size_i": "31929", "regex": "false"},
	{"name_s": "/usr/lib/python2.6/site-packages/pygments/lexers/_mapping.pyo", "size_i": "31929", "regex": "false"},
	{"name_s": "/usr/lib/python2.6/site-packages/pygments/lexers/_phpbuiltins.py", "size_i": "106137", "regex": "false"},
	{"name_s": "/usr/lib/python2.6/site-packages/pygments/lexers/_phpbuiltins.pyc", "size_i": "86208", "regex": "false"},
	{"name_s": "/usr/lib/python2.6/site-packages/pygments/lexers/_phpbuiltins.pyo", "size_i": "86208", "regex": "false"},
	{"name_s": "/usr/lib/python2.6/site-packages/pygments/lexers/_vimbuiltins.py", "size_i": "39856", "regex": "false"},
	{"name_s": "/usr/lib/python2.6/site-packages/pygments/lexers/_vimbuiltins.pyc", "size_i": "39033", "regex": "false"},
	{"name_s": "/usr/lib/python2.6/site-packages/pygments/lexers/_vimbuiltins.pyo", "size_i": "39033", "regex": "false"},
	{"name_s": "/usr/lib/python2.6/site-packages/pygments/lexers/agile.py", "size_i": "60149", "regex": "false"},
	{"name_s": "/usr/lib/python2.6/site-packages/pygments/lexers/agile.pyc", "size_i": "46370", "regex": "false"},
	{"name_s": "/usr/lib/python2.6/site-packages/pygments/lexers/agile.pyo", "size_i": "46370", "regex": "false"},
	{"name_s": "/usr/lib/python2.6/site-packages/pygments/lexers/asm.py", "size_i": "11178", "regex": "false"},
	{"name_s": "/usr/lib/python2.6/site-packages/pygments/lexers/asm.pyc", "size_i": "9436", "regex": "false"},
	{"name_s": "/usr/lib/python2.6/site-packages/pygments/lexers/asm.pyo", "size_i": "9436", "regex": "false"},
	{"name_s": "/usr/lib/python2.6/site-packages/pygments/lexers/compiled.py", "size_i": "81557", "regex": "false"},
	{"name_s": "/usr/lib/python2.6/site-packages/pygments/lexers/compiled.pyc", "size_i": "61716", "regex": "false"},
	{"name_s": "/usr/lib/python2.6/site-packages/pygments/lexers/compiled.pyo", "size_i": "61716", "regex": "false"},
	{"name_s": "/usr/lib/python2.6/site-packages/pygments/lexers/dotnet.py", "size_i": "14089", "regex": "false"},
	{"name_s": "/usr/lib/python2.6/site-packages/pygments/lexers/dotnet.pyc", "size_i": "12935", "regex": "false"},
	{"name_s": "/usr/lib/python2.6/site-packages/pygments/lexers/dotnet.pyo", "size_i": "12935", "regex": "false"},
	{"name_s": "/usr/lib/python2.6/site-packages/pygments/lexers/functional.py", "size_i": "28829", "regex": "false"},
	{"name_s": "/usr/lib/python2.6/site-packages/pygments/lexers/functional.pyc", "size_i": "24370", "regex": "false"},
	{"name_s": "/usr/lib/python2.6/site-packages/pygments/lexers/functional.pyo", "size_i": "24370", "regex": "false"},
	{"name_s": "/usr/lib/python2.6/site-packages/pygments/lexers/math.py", "size_i": "16831", "regex": "false"},
	{"name_s": "/usr/lib/python2.6/site-packages/pygments/lexers/math.pyc", "size_i": "17111", "regex": "false"},
	{"name_s": "/usr/lib/python2.6/site-packages/pygments/lexers/math.pyo", "size_i": "17111", "regex": "false"},
	{"name_s": "/usr/lib/python2.6/site-packages/pygments/lexers/other.py", "size_i": "94994", "regex": "false"},
	{"name_s": "/usr/lib/python2.6/site-packages/pygments/lexers/other.pyc", "size_i": "73967", "regex": "false"},
	{"name_s": "/usr/lib/python2.6/site-packages/pygments/lexers/other.pyo", "size_i": "73967", "regex": "false"},
	{"name_s": "/usr/lib/python2.6/site-packages/pygments/lexers/parsers.py", "size_i": "23349", "regex": "false"},
	{"name_s": "/usr/lib/python2.6/site-packages/pygments/lexers/parsers.pyc", "size_i": "20430", "regex": "false"},
	{"name_s": "/usr/lib/python2.6/site-packages/pygments/lexers/parsers.pyo", "size_i": "20430", "regex": "false"},
	{"name_s": "/usr/lib/python2.6/site-packages/pygments/lexers/special.py", "size_i": "3080", "regex": "false"},
	{"name_s": "/usr/lib/python2.6/site-packages/pygments/lexers/special.pyc", "size_i": "3812", "regex": "false"},
	{"name_s": "/usr/lib/python2.6/site-packages/pygments/lexers/special.pyo", "size_i": "3812", "regex": "false"},
	{"name_s": "/usr/lib/python2.6/site-packages/pygments/lexers/templates.py", "size_i": "41963", "regex": "false"},
	{"name_s": "/usr/lib/python2.6/site-packages/pygments/lexers/templates.pyc", "size_i": "47998", "regex": "false"},
	{"name_s": "/usr/lib/python2.6/site-packages/pygments/lexers/templates.pyo", "size_i": "47998", "regex": "false"},
	{"name_s": "/usr/lib/python2.6/site-packages/pygments/lexers/text.py", "size_i": "54306", "regex": "false"},
	{"name_s": "/usr/lib/python2.6/site-packages/pygments/lexers/text.pyc", "size_i": "44879", "regex": "false"},
	{"name_s": "/usr/lib/python2.6/site-packages/pygments/lexers/text.pyo", "size_i": "44879", "regex": "false"},
	{"name_s": "/usr/lib/python2.6/site-packages/pygments/lexers/web.py", "size_i": "31156", "regex": "false"},
	{"name_s": "/usr/lib/python2.6/site-packages/pygments/lexers/web.pyc", "size_i": "27321", "regex": "false"},
	{"name_s": "/usr/lib/python2.6/site-packages/pygments/lexers/web.pyo", "size_i": "27321", "regex": "false"},
	{"name_s": "/usr/lib/python2.6/site-packages/pygments/plugin.py", "size_i": "1862", "regex": "false"},
	{"name_s": "/usr/lib/python2.6/site-packages/pygments/plugin.pyc", "size_i": "2373", "regex": "false"},
	{"name_s": "/usr/lib/python2.6/site-packages/pygments/plugin.pyo", "size_i": "2373", "regex": "false"},
	{"name_s": "/usr/lib/python2.6/site-packages/pygments/scanner.py", "size_i": "3114", "regex": "false"},
	{"name_s": "/usr/lib/python2.6/site-packages/pygments/scanner.pyc", "size_i": "4174", "regex": "false"},
	{"name_s": "/usr/lib/python2.6/site-packages/pygments/scanner.pyo", "size_i": "4174", "regex": "false"},
	{"name_s": "/usr/lib/python2.6/site-packages/pygments/style.py", "size_i": "3745", "regex": "false"},
	{"name_s": "/usr/lib/python2.6/site-packages/pygments/style.pyc", "size_i": "3943", "regex": "false"},
	{"name_s": "/usr/lib/python2.6/site-packages/pygments/style.pyo", "size_i": "3867", "regex": "false"},
	{"name_s": "/usr/lib/python2.6/site-packages/pygments/styles", "size_i": "4096", "regex": "false"},
	{"name_s": "/usr/lib/python2.6/site-packages/pygments/styles/__init__.py", "size_i": "2010", "regex": "false"},
	{"name_s": "/usr/lib/python2.6/site-packages/pygments/styles/__init__.pyc", "size_i": "2355", "regex": "false"},
	{"name_s": "/usr/lib/python2.6/site-packages/pygments/styles/__init__.pyo", "size_i": "2355", "regex": "false"},
	{"name_s": "/usr/lib/python2.6/site-packages/pygments/styles/autumn.py", "size_i": "2144", "regex": "false"},
	{"name_s": "/usr/lib/python2.6/site-packages/pygments/styles/autumn.pyc", "size_i": "2083", "regex": "false"},
	{"name_s": "/usr/lib/python2.6/site-packages/pygments/styles/autumn.pyo", "size_i": "2083", "regex": "false"},
	{"name_s": "/usr/lib/python2.6/site-packages/pygments/styles/borland.py", "size_i": "1562", "regex": "false"},
	{"name_s": "/usr/lib/python2.6/site-packages/pygments/styles/borland.pyc", "size_i": "1774", "regex": "false"},
	{"name_s": "/usr/lib/python2.6/site-packages/pygments/styles/borland.pyo", "size_i": "1774", "regex": "false"},
	{"name_s": "/usr/lib/python2.6/site-packages/pygments/styles/bw.py", "size_i": "1355", "regex": "false"},
	{"name_s": "/usr/lib/python2.6/site-packages/pygments/styles/bw.pyc", "size_i": "1419", "regex": "false"},
	{"name_s": "/usr/lib/python2.6/site-packages/pygments/styles/bw.pyo", "size_i": "1419", "regex": "false"},
	{"name_s": "/usr/lib/python2.6/site-packages/pygments/styles/colorful.py", "size_i": "2778", "regex": "false"},
	{"name_s": "/usr/lib/python2.6/site-packages/pygments/styles/colorful.pyc", "size_i": "2652", "regex": "false"},
	{"name_s": "/usr/lib/python2.6/site-packages/pygments/styles/colorful.pyo", "size_i": "2652", "regex": "false"},
	{"name_s": "/usr/lib/python2.6/site-packages/pygments/styles/default.py", "size_i": "2532", "regex": "false"},
	{"name_s": "/usr/lib/python2.6/site-packages/pygments/styles/default.pyc", "size_i": "2346", "regex": "false"},
	{"name_s": "/usr/lib/python2.6/site-packages/pygments/styles/default.pyo", "size_i": "2346", "regex": "false"},
	{"name_s": "/usr/lib/python2.6/site-packages/pygments/styles/emacs.py", "size_i": "2486", "regex": "false"},
	{"name_s": "/usr/lib/python2.6/site-packages/pygments/styles/emacs.pyc", "size_i": "2378", "regex": "false"},
	{"name_s": "/usr/lib/python2.6/site-packages/pygments/styles/emacs.pyo", "size_i": "2378", "regex": "false"},
	{"name_s": "/usr/lib/python2.6/site-packages/pygments/styles/friendly.py", "size_i": "2515", "regex": "false"},
	{"name_s": "/usr/lib/python2.6/site-packages/pygments/styles/friendly.pyc", "size_i": "2449", "regex": "false"},
	{"name_s": "/usr/lib/python2.6/site-packages/pygments/styles/friendly.pyo", "size_i": "2449", "regex": "false"},
	{"name_s": "/usr/lib/python2.6/site-packages/pygments/styles/fruity.py", "size_i": "1337", "regex": "false"},
	{"name_s": "/usr/lib/python2.6/site-packages/pygments/styles/fruity.pyc", "size_i": "1624", "regex": "false"},
	{"name_s": "/usr/lib/python2.6/site-packages/pygments/styles/fruity.pyo", "size_i": "1624", "regex": "false"},
	{"name_s": "/usr/lib/python2.6/site-packages/pygments/styles/manni.py", "size_i": "2374", "regex": "false"},
	{"name_s": "/usr/lib/python2.6/site-packages/pygments/styles/manni.pyc", "size_i": "2581", "regex": "false"},
	{"name_s": "/usr/lib/python2.6/site-packages/pygments/styles/manni.pyo", "size_i": "2581", "regex": "false"},
	{"name_s": "/usr/lib/python2.6/site-packages/pygments/styles/murphy.py", "size_i": "2751", "regex": "false"},
	{"name_s": "/usr/lib/python2.6/site-packages/pygments/styles/murphy.pyc", "size_i": "2617", "regex": "false"},
	{"name_s": "/usr/lib/python2.6/site-packages/pygments/styles/murphy.pyo", "size_i": "2617", "regex": "false"},
	{"name_s": "/usr/lib/python2.6/site-packages/pygments/styles/native.py", "size_i": "1938", "regex": "false"},
	{"name_s": "/usr/lib/python2.6/site-packages/pygments/styles/native.pyc", "size_i": "2156", "regex": "false"},
	{"name_s": "/usr/lib/python2.6/site-packages/pygments/styles/native.pyo", "size_i": "2156", "regex": "false"},
	{"name_s": "/usr/lib/python2.6/site-packages/pygments/styles/pastie.py", "size_i": "2473", "regex": "false"},
	{"name_s": "/usr/lib/python2.6/site-packages/pygments/styles/pastie.pyc", "size_i": "2459", "regex": "false"},
	{"name_s": "/usr/lib/python2.6/site-packages/pygments/styles/pastie.pyo", "size_i": "2459", "regex": "false"},
	{"name_s": "/usr/lib/python2.6/site-packages/pygments/styles/perldoc.py", "size_i": "2175", "regex": "false"},
	{"name_s": "/usr/lib/python2.6/site-packages/pygments/styles/perldoc.pyc", "size_i": "2238", "regex": "false"},
	{"name_s": "/usr/lib/python2.6/site-packages/pygments/styles/perldoc.pyo", "size_i": "2238", "regex": "false"},
	{"name_s": "/usr/lib/python2.6/site-packages/pygments/styles/tango.py", "size_i": "7154", "regex": "false"},
	{"name_s": "/usr/lib/python2.6/site-packages/pygments/styles/tango.pyc", "size_i": "4197", "regex": "false"},
	{"name_s": "/usr/lib/python2.6/site-packages/pygments/styles/tango.pyo", "size_i": "4197", "regex": "false"},
	{"name_s": "/usr/lib/python2.6/site-packages/pygments/styles/trac.py", "size_i": "1933", "regex": "false"},
	{"name_s": "/usr/lib/python2.6/site-packages/pygments/styles/trac.pyc", "size_i": "2018", "regex": "false"},
	{"name_s": "/usr/lib/python2.6/site-packages/pygments/styles/trac.pyo", "size_i": "2018", "regex": "false"},
	{"name_s": "/usr/lib/python2.6/site-packages/pygments/styles/vim.py", "size_i": "1976", "regex": "false"},
	{"name_s": "/usr/lib/python2.6/site-packages/pygments/styles/vim.pyc", "size_i": "1952", "regex": "false"},
	{"name_s": "/usr/lib/python2.6/site-packages/pygments/styles/vim.pyo", "size_i": "1952", "regex": "false"},
	{"name_s": "/usr/lib/python2.6/site-packages/pygments/styles/vs.py", "size_i": "1073", "regex": "false"},
	{"name_s": "/usr/lib/python2.6/site-packages/pygments/styles/vs.pyc", "size_i": "1291", "regex": "false"},
	{"name_s": "/usr/lib/python2.6/site-packages/pygments/styles/vs.pyo", "size_i": "1291", "regex": "false"},
	{"name_s": "/usr/lib/python2.6/site-packages/pygments/token.py", "size_i": "5784", "regex": "false"},
	{"name_s": "/usr/lib/python2.6/site-packages/pygments/token.pyc", "size_i": "5408", "regex": "false"},
	{"name_s": "/usr/lib/python2.6/site-packages/pygments/token.pyo", "size_i": "5408", "regex": "false"},
	{"name_s": "/usr/lib/python2.6/site-packages/pygments/unistring.py", "size_i": "404249", "regex": "false"},
	{"name_s": "/usr/lib/python2.6/site-packages/pygments/unistring.pyc", "size_i": "208515", "regex": "false"},
	{"name_s": "/usr/lib/python2.6/site-packages/pygments/unistring.pyo", "size_i": "208515", "regex": "false"},
	{"name_s": "/usr/lib/python2.6/site-packages/pygments/util.py", "size_i": "6431", "regex": "false"},
	{"name_s": "/usr/lib/python2.6/site-packages/pygments/util.pyc", "size_i": "7706", "regex": "false"},
	{"name_s": "/usr/lib/python2.6/site-packages/pygments/util.pyo", "size_i": "7706", "regex": "false"},
	{"name_s": "/usr/share/doc/python-pygments-1.1.1", "size_i": "4096", "regex": "false"},
	{"name_s": "/usr/share/doc/python-pygments-1.1.1/AUTHORS", "size_i": "2054", "regex": "false"},
	{"name_s": "/usr/share/doc/python-pygments-1.1.1/CHANGES", "size_i": "13778", "regex": "false"},
	{"name_s": "/usr/share/doc/python-pygments-1.1.1/LICENSE", "size_i": "1331", "regex": "false"},
	{"name_s": "/usr/share/doc/python-pygments-1.1.1/TODO", "size_i": "532", "regex": "false"},
	{"name_s": "/usr/share/doc/python-pygments-1.1.1/docs", "size_i": "4096", "regex": "false"},
	{"name_s": "/usr/share/doc/python-pygments-1.1.1/docs/build", "size_i": "4096", "regex": "false"},
	{"name_s": "/usr/share/doc/python-pygments-1.1.1/docs/build/api.html", "size_i": "21019", "regex": "false"},
	{"name_s": "/usr/share/doc/python-pygments-1.1.1/docs/build/authors.html", "size_i": "9272", "regex": "false"},
	{"name_s": "/usr/share/doc/python-pygments-1.1.1/docs/build/changelog.html", "size_i": "25404", "regex": "false"},
	{"name_s": "/usr/share/doc/python-pygments-1.1.1/docs/build/cmdline.html", "size_i": "14460", "regex": "false"},
	{"name_s": "/usr/share/doc/python-pygments-1.1.1/docs/build/filterdevelopment.html", "size_i": "12664", "regex": "false"},
	{"name_s": "/usr/share/doc/python-pygments-1.1.1/docs/build/filters.html", "size_i": "15783", "regex": "false"},
	{"name_s": "/usr/share/doc/python-pygments-1.1.1/docs/build/formatterdevelopment.html", "size_i": "21093", "regex": "false"},
	{"name_s": "/usr/share/doc/python-pygments-1.1.1/docs/build/formatters.html", "size_i": "47430", "regex": "false"},
	{"name_s": "/usr/share/doc/python-pygments-1.1.1/docs/build/index.html", "size_i": "8821", "regex": "false"},
	{"name_s": "/usr/share/doc/python-pygments-1.1.1/docs/build/installation.html", "size_i": "10184", "regex": "false"},
	{"name_s": "/usr/share/doc/python-pygments-1.1.1/docs/build/integrate.html", "size_i": "8426", "regex": "false"},
	{"name_s": "/usr/share/doc/python-pygments-1.1.1/docs/build/lexerdevelopment.html", "size_i": "52680", "regex": "false"},
	{"name_s": "/usr/share/doc/python-pygments-1.1.1/docs/build/lexers.html", "size_i": "128080", "regex": "false"},
	{"name_s": "/usr/share/doc/python-pygments-1.1.1/docs/build/moinmoin.html", "size_i": "8478", "regex": "false"},
	{"name_s": "/usr/share/doc/python-pygments-1.1.1/docs/build/plugins.html", "size_i": "10960", "regex": "false"},
	{"name_s": "/usr/share/doc/python-pygments-1.1.1/docs/build/quickstart.html", "size_i": "19378", "regex": "false"},
	{"name_s": "/usr/share/doc/python-pygments-1.1.1/docs/build/rstdirective.html", "size_i": "7447", "regex": "false"},
	{"name_s": "/usr/share/doc/python-pygments-1.1.1/docs/build/styles.html", "size_i": "15807", "regex": "false"},
	{"name_s": "/usr/share/doc/python-pygments-1.1.1/docs/build/tokens.html", "size_i": "23908", "regex": "false"},
	{"name_s": "/usr/share/doc/python-pygments-1.1.1/docs/build/unicode.html", "size_i": "9481", "regex": "false"},
	{"name_s": "/usr/share/doc/python-pygments-1.1.1/docs/generate.py", "size_i": "12062", "regex": "false"},
	{"name_s": "/usr/share/doc/python-pygments-1.1.1/docs/src", "size_i": "4096", "regex": "false"},
	{"name_s": "/usr/share/doc/python-pygments-1.1.1/docs/src/api.txt", "size_i": "9439", "regex": "false"},
	{"name_s": "/usr/share/doc/python-pygments-1.1.1/docs/src/authors.txt", "size_i": "35", "regex": "false"},
	{"name_s": "/usr/share/doc/python-pygments-1.1.1/docs/src/changelog.txt", "size_i": "43", "regex": "false"},
	{"name_s": "/usr/share/doc/python-pygments-1.1.1/docs/src/cmdline.txt", "size_i": "4899", "regex": "false"},
	{"name_s": "/usr/share/doc/python-pygments-1.1.1/docs/src/filterdevelopment.txt", "size_i": "2283", "regex": "false"},
	{"name_s": "/usr/share/doc/python-pygments-1.1.1/docs/src/filters.txt", "size_i": "1238", "regex": "false"},
	{"name_s": "/usr/share/doc/python-pygments-1.1.1/docs/src/formatterdevelopment.txt", "size_i": "6183", "regex": "false"},
	{"name_s": "/usr/share/doc/python-pygments-1.1.1/docs/src/formatters.txt", "size_i": "1610", "regex": "false"},
	{"name_s": "/usr/share/doc/python-pygments-1.1.1/docs/src/index.txt", "size_i": "1341", "regex": "false"},
	{"name_s": "/usr/share/doc/python-pygments-1.1.1/docs/src/installation.txt", "size_i": "2098", "regex": "false"},
	{"name_s": "/usr/share/doc/python-pygments-1.1.1/docs/src/integrate.txt", "size_i": "1047", "regex": "false"},
	{"name_s": "/usr/share/doc/python-pygments-1.1.1/docs/src/lexerdevelopment.txt", "size_i": "21323", "regex": "false"},
	{"name_s": "/usr/share/doc/python-pygments-1.1.1/docs/src/lexers.txt", "size_i": "1861", "regex": "false"},
	{"name_s": "/usr/share/doc/python-pygments-1.1.1/docs/src/moinmoin.txt", "size_i": "1464", "regex": "false"},
	{"name_s": "/usr/share/doc/python-pygments-1.1.1/docs/src/plugins.txt", "size_i": "2701", "regex": "false"},
	{"name_s": "/usr/share/doc/python-pygments-1.1.1/docs/src/quickstart.txt", "size_i": "6577", "regex": "false"},
	{"name_s": "/usr/share/doc/python-pygments-1.1.1/docs/src/rstdirective.txt", "size_i": "873", "regex": "false"},
	{"name_s": "/usr/share/doc/python-pygments-1.1.1/docs/src/styles.txt", "size_i": "4033", "regex": "false"},
	{"name_s": "/usr/share/doc/python-pygments-1.1.1/docs/src/tokens.txt", "size_i": "9792", "regex": "false"},
	{"name_s": "/usr/share/doc/python-pygments-1.1.1/docs/src/unicode.txt", "size_i": "2090", "regex": "false"},
	{"name_s": "/usr/share/man/man1/pygmentize.1.gz", "size_i": "1508", "regex": "false"}
]
