[
	{"name_s": "/usr/bin/rarian-sk-config", "size_i": "1495", "regex": "false"},
	{"name_s": "/usr/bin/rarian-sk-extract", "size_i": "563", "regex": "false"},
	{"name_s": "/usr/bin/rarian-sk-gen-uuid", "size_i": "5592", "regex": "false"},
	{"name_s": "/usr/bin/rarian-sk-get-cl", "size_i": "69592", "regex": "false"},
	{"name_s": "/usr/bin/rarian-sk-get-content-list", "size_i": "399", "regex": "false"},
	{"name_s": "/usr/bin/rarian-sk-get-extended-content-list", "size_i": "419", "regex": "false"},
	{"name_s": "/usr/bin/rarian-sk-get-scripts", "size_i": "382", "regex": "false"},
	{"name_s": "/usr/bin/rarian-sk-install", "size_i": "1171", "regex": "false"},
	{"name_s": "/usr/bin/rarian-sk-migrate", "size_i": "77912", "regex": "false"},
	{"name_s": "/usr/bin/rarian-sk-preinstall", "size_i": "67384", "regex": "false"},
	{"name_s": "/usr/bin/rarian-sk-rebuild", "size_i": "821", "regex": "false"},
	{"name_s": "/usr/bin/rarian-sk-update", "size_i": "9525", "regex": "false"},
	{"name_s": "/usr/bin/scrollkeeper-config", "size_i": "16", "regex": "false"},
	{"name_s": "/usr/bin/scrollkeeper-extract", "size_i": "17", "regex": "false"},
	{"name_s": "/usr/bin/scrollkeeper-gen-seriesid", "size_i": "18", "regex": "false"},
	{"name_s": "/usr/bin/scrollkeeper-get-cl", "size_i": "16", "regex": "false"},
	{"name_s": "/usr/bin/scrollkeeper-get-content-list", "size_i": "26", "regex": "false"},
	{"name_s": "/usr/bin/scrollkeeper-get-extended-content-list", "size_i": "35", "regex": "false"},
	{"name_s": "/usr/bin/scrollkeeper-get-index-from-docpath", "size_i": "21", "regex": "false"},
	{"name_s": "/usr/bin/scrollkeeper-get-toc-from-docpath", "size_i": "21", "regex": "false"},
	{"name_s": "/usr/bin/scrollkeeper-get-toc-from-id", "size_i": "21", "regex": "false"},
	{"name_s": "/usr/bin/scrollkeeper-install", "size_i": "17", "regex": "false"},
	{"name_s": "/usr/bin/scrollkeeper-preinstall", "size_i": "20", "regex": "false"},
	{"name_s": "/usr/bin/scrollkeeper-rebuilddb", "size_i": "17", "regex": "false"},
	{"name_s": "/usr/bin/scrollkeeper-uninstall", "size_i": "17", "regex": "false"},
	{"name_s": "/usr/bin/scrollkeeper-update", "size_i": "16", "regex": "false"},
	{"name_s": "/usr/share/xml/scrollkeeper", "size_i": "4096", "regex": "false"},
	{"name_s": "/usr/share/xml/scrollkeeper/dtds", "size_i": "4096", "regex": "false"},
	{"name_s": "/usr/share/xml/scrollkeeper/dtds/scrollkeeper-omf.dtd", "size_i": "11034", "regex": "false"}
]
