[
	{"name_s": "/usr/bin/ci", "size_i": "88184", "regex": "false"},
	{"name_s": "/usr/bin/co", "size_i": "85064", "regex": "false"},
	{"name_s": "/usr/bin/ident", "size_i": "8768", "regex": "false"},
	{"name_s": "/usr/bin/merge", "size_i": "60704", "regex": "false"},
	{"name_s": "/usr/bin/rcs", "size_i": "89160", "regex": "false"},
	{"name_s": "/usr/bin/rcsclean", "size_i": "85104", "regex": "false"},
	{"name_s": "/usr/bin/rcsdiff", "size_i": "64512", "regex": "false"},
	{"name_s": "/usr/bin/rcsfreeze", "size_i": "3223", "regex": "false"},
	{"name_s": "/usr/bin/rcsmerge", "size_i": "64512", "regex": "false"},
	{"name_s": "/usr/bin/rlog", "size_i": "68656", "regex": "false"},
	{"name_s": "/usr/share/doc/rcs-5.7", "size_i": "4096", "regex": "false"},
	{"name_s": "/usr/share/doc/rcs-5.7/COPYING", "size_i": "17982", "regex": "false"},
	{"name_s": "/usr/share/doc/rcs-5.7/CREDITS", "size_i": "1234", "regex": "false"},
	{"name_s": "/usr/share/doc/rcs-5.7/ChangeLog", "size_i": "6206", "regex": "false"},
	{"name_s": "/usr/share/doc/rcs-5.7/NEWS", "size_i": "24745", "regex": "false"},
	{"name_s": "/usr/share/doc/rcs-5.7/README", "size_i": "1067", "regex": "false"},
	{"name_s": "/usr/share/doc/rcs-5.7/REFS", "size_i": "3083", "regex": "false"},
	{"name_s": "/usr/share/man/man1/ci.1.gz", "size_i": "7738", "regex": "false"},
	{"name_s": "/usr/share/man/man1/co.1.gz", "size_i": "6513", "regex": "false"},
	{"name_s": "/usr/share/man/man1/ident.1.gz", "size_i": "1791", "regex": "false"},
	{"name_s": "/usr/share/man/man1/merge.1.gz", "size_i": "1238", "regex": "false"},
	{"name_s": "/usr/share/man/man1/rcs.1.gz", "size_i": "4011", "regex": "false"},
	{"name_s": "/usr/share/man/man1/rcsclean.1.gz", "size_i": "1931", "regex": "false"},
	{"name_s": "/usr/share/man/man1/rcsdiff.1.gz", "size_i": "1390", "regex": "false"},
	{"name_s": "/usr/share/man/man1/rcsfreeze.1.gz", "size_i": "916", "regex": "false"},
	{"name_s": "/usr/share/man/man1/rcsintro.1.gz", "size_i": "3966", "regex": "false"},
	{"name_s": "/usr/share/man/man1/rcsmerge.1.gz", "size_i": "1948", "regex": "false"},
	{"name_s": "/usr/share/man/man1/rlog.1.gz", "size_i": "2898", "regex": "false"},
	{"name_s": "/usr/share/man/man5/rcsfile.5.gz", "size_i": "3383", "regex": "false"}
]
