[
	{"name_s": "/usr/share/javadoc/rhino", "size_i": "9", "regex": "false"},
	{"name_s": "/usr/share/javadoc/rhino-1.7", "size_i": "4096", "regex": "false"},
	{"name_s": "/usr/share/javadoc/rhino-1.7/allclasses-frame.html", "size_i": "19515", "regex": "false"},
	{"name_s": "/usr/share/javadoc/rhino-1.7/allclasses-noframe.html", "size_i": "16855", "regex": "false"},
	{"name_s": "/usr/share/javadoc/rhino-1.7/constant-values.html", "size_i": "182577", "regex": "false"},
	{"name_s": "/usr/share/javadoc/rhino-1.7/deprecated-list.html", "size_i": "46544", "regex": "false"},
	{"name_s": "/usr/share/javadoc/rhino-1.7/help-doc.html", "size_i": "8997", "regex": "false"},
	{"name_s": "/usr/share/javadoc/rhino-1.7/index-all.html", "size_i": "759764", "regex": "false"},
	{"name_s": "/usr/share/javadoc/rhino-1.7/index.html", "size_i": "1386", "regex": "false"},
	{"name_s": "/usr/share/javadoc/rhino-1.7/org", "size_i": "4096", "regex": "false"},
	{"name_s": "/usr/share/javadoc/rhino-1.7/org/mozilla", "size_i": "4096", "regex": "false"},
	{"name_s": "/usr/share/javadoc/rhino-1.7/org/mozilla/classfile", "size_i": "4096", "regex": "false"},
	{"name_s": "/usr/share/javadoc/rhino-1.7/org/mozilla/classfile/ByteCode.html", "size_i": "154253", "regex": "false"},
	{"name_s": "/usr/share/javadoc/rhino-1.7/org/mozilla/classfile/ClassFileWriter.ClassFileFormatException.html", "size_i": "8873", "regex": "false"},
	{"name_s": "/usr/share/javadoc/rhino-1.7/org/mozilla/classfile/ClassFileWriter.html", "size_i": "59862", "regex": "false"},
	{"name_s": "/usr/share/javadoc/rhino-1.7/org/mozilla/classfile/package-frame.html", "size_i": "1335", "regex": "false"},
	{"name_s": "/usr/share/javadoc/rhino-1.7/org/mozilla/classfile/package-summary.html", "size_i": "6716", "regex": "false"},
	{"name_s": "/usr/share/javadoc/rhino-1.7/org/mozilla/classfile/package-tree.html", "size_i": "6224", "regex": "false"},
	{"name_s": "/usr/share/javadoc/rhino-1.7/org/mozilla/javascript", "size_i": "4096", "regex": "false"},
	{"name_s": "/usr/share/javadoc/rhino-1.7/org/mozilla/javascript/BaseFunction.html", "size_i": "55645", "regex": "false"},
	{"name_s": "/usr/share/javadoc/rhino-1.7/org/mozilla/javascript/Callable.html", "size_i": "11044", "regex": "false"},
	{"name_s": "/usr/share/javadoc/rhino-1.7/org/mozilla/javascript/ClassCache.html", "size_i": "18219", "regex": "false"},
	{"name_s": "/usr/share/javadoc/rhino-1.7/org/mozilla/javascript/ClassShutter.html", "size_i": "9931", "regex": "false"},
	{"name_s": "/usr/share/javadoc/rhino-1.7/org/mozilla/javascript/CompilerEnvirons.html", "size_i": "23175", "regex": "false"},
	{"name_s": "/usr/share/javadoc/rhino-1.7/org/mozilla/javascript/ConstProperties.html", "size_i": "15528", "regex": "false"},
	{"name_s": "/usr/share/javadoc/rhino-1.7/org/mozilla/javascript/Context.html", "size_i": "178586", "regex": "false"},
	{"name_s": "/usr/share/javadoc/rhino-1.7/org/mozilla/javascript/ContextAction.html", "size_i": "8435", "regex": "false"},
	{"name_s": "/usr/share/javadoc/rhino-1.7/org/mozilla/javascript/ContextFactory.Listener.html", "size_i": "10082", "regex": "false"},
	{"name_s": "/usr/share/javadoc/rhino-1.7/org/mozilla/javascript/ContextFactory.html", "size_i": "44771", "regex": "false"},
	{"name_s": "/usr/share/javadoc/rhino-1.7/org/mozilla/javascript/ContextListener.html", "size_i": "10649", "regex": "false"},
	{"name_s": "/usr/share/javadoc/rhino-1.7/org/mozilla/javascript/ContinuationPending.html", "size_i": "12329", "regex": "false"},
	{"name_s": "/usr/share/javadoc/rhino-1.7/org/mozilla/javascript/Decompiler.html", "size_i": "17065", "regex": "false"},
	{"name_s": "/usr/share/javadoc/rhino-1.7/org/mozilla/javascript/DefiningClassLoader.html", "size_i": "14813", "regex": "false"},
	{"name_s": "/usr/share/javadoc/rhino-1.7/org/mozilla/javascript/Delegator.html", "size_i": "54126", "regex": "false"},
	{"name_s": "/usr/share/javadoc/rhino-1.7/org/mozilla/javascript/EcmaError.html", "size_i": "19741", "regex": "false"},
	{"name_s": "/usr/share/javadoc/rhino-1.7/org/mozilla/javascript/ErrorReporter.html", "size_i": "12353", "regex": "false"},
	{"name_s": "/usr/share/javadoc/rhino-1.7/org/mozilla/javascript/Evaluator.html", "size_i": "18788", "regex": "false"},
	{"name_s": "/usr/share/javadoc/rhino-1.7/org/mozilla/javascript/EvaluatorException.html", "size_i": "18802", "regex": "false"},
	{"name_s": "/usr/share/javadoc/rhino-1.7/org/mozilla/javascript/Function.html", "size_i": "17293", "regex": "false"},
	{"name_s": "/usr/share/javadoc/rhino-1.7/org/mozilla/javascript/FunctionNode.html", "size_i": "39036", "regex": "false"},
	{"name_s": "/usr/share/javadoc/rhino-1.7/org/mozilla/javascript/FunctionObject.html", "size_i": "53351", "regex": "false"},
	{"name_s": "/usr/share/javadoc/rhino-1.7/org/mozilla/javascript/GeneratedClassLoader.html", "size_i": "9364", "regex": "false"},
	{"name_s": "/usr/share/javadoc/rhino-1.7/org/mozilla/javascript/IdFunctionCall.html", "size_i": "12076", "regex": "false"},
	{"name_s": "/usr/share/javadoc/rhino-1.7/org/mozilla/javascript/IdFunctionObject.html", "size_i": "46317", "regex": "false"},
	{"name_s": "/usr/share/javadoc/rhino-1.7/org/mozilla/javascript/IdScriptableObject.html", "size_i": "57906", "regex": "false"},
	{"name_s": "/usr/share/javadoc/rhino-1.7/org/mozilla/javascript/ImporterTopLevel.html", "size_i": "41983", "regex": "false"},
	{"name_s": "/usr/share/javadoc/rhino-1.7/org/mozilla/javascript/InterfaceAdapter.html", "size_i": "9561", "regex": "false"},
	{"name_s": "/usr/share/javadoc/rhino-1.7/org/mozilla/javascript/Interpreter.html", "size_i": "29689", "regex": "false"},
	{"name_s": "/usr/share/javadoc/rhino-1.7/org/mozilla/javascript/JavaAdapter.html", "size_i": "24801", "regex": "false"},
	{"name_s": "/usr/share/javadoc/rhino-1.7/org/mozilla/javascript/JavaScriptException.html", "size_i": "16901", "regex": "false"},
	{"name_s": "/usr/share/javadoc/rhino-1.7/org/mozilla/javascript/Kit.html", "size_i": "21596", "regex": "false"},
	{"name_s": "/usr/share/javadoc/rhino-1.7/org/mozilla/javascript/LazilyLoadedCtor.html", "size_i": "9744", "regex": "false"},
	{"name_s": "/usr/share/javadoc/rhino-1.7/org/mozilla/javascript/NativeArray.html", "size_i": "54772", "regex": "false"},
	{"name_s": "/usr/share/javadoc/rhino-1.7/org/mozilla/javascript/NativeCall.html", "size_i": "30088", "regex": "false"},
	{"name_s": "/usr/share/javadoc/rhino-1.7/org/mozilla/javascript/NativeContinuation.html", "size_i": "42942", "regex": "false"},
	{"name_s": "/usr/share/javadoc/rhino-1.7/org/mozilla/javascript/NativeFunction.html", "size_i": "39727", "regex": "false"},
	{"name_s": "/usr/share/javadoc/rhino-1.7/org/mozilla/javascript/NativeGenerator.GeneratorClosedException.html", "size_i": "10254", "regex": "false"},
	{"name_s": "/usr/share/javadoc/rhino-1.7/org/mozilla/javascript/NativeGenerator.html", "size_i": "35977", "regex": "false"},
	{"name_s": "/usr/share/javadoc/rhino-1.7/org/mozilla/javascript/NativeGlobal.html", "size_i": "18863", "regex": "false"},
	{"name_s": "/usr/share/javadoc/rhino-1.7/org/mozilla/javascript/NativeIterator.WrappedJavaIterator.html", "size_i": "9204", "regex": "false"},
	{"name_s": "/usr/share/javadoc/rhino-1.7/org/mozilla/javascript/NativeIterator.html", "size_i": "33290", "regex": "false"},
	{"name_s": "/usr/share/javadoc/rhino-1.7/org/mozilla/javascript/NativeJavaArray.html", "size_i": "43700", "regex": "false"},
	{"name_s": "/usr/share/javadoc/rhino-1.7/org/mozilla/javascript/NativeJavaClass.html", "size_i": "42577", "regex": "false"},
	{"name_s": "/usr/share/javadoc/rhino-1.7/org/mozilla/javascript/NativeJavaConstructor.html", "size_i": "34656", "regex": "false"},
	{"name_s": "/usr/share/javadoc/rhino-1.7/org/mozilla/javascript/NativeJavaMethod.html", "size_i": "34443", "regex": "false"},
	{"name_s": "/usr/share/javadoc/rhino-1.7/org/mozilla/javascript/NativeJavaObject.html", "size_i": "54062", "regex": "false"},
	{"name_s": "/usr/share/javadoc/rhino-1.7/org/mozilla/javascript/NativeJavaPackage.html", "size_i": "42783", "regex": "false"},
	{"name_s": "/usr/share/javadoc/rhino-1.7/org/mozilla/javascript/NativeJavaTopPackage.html", "size_i": "35010", "regex": "false"},
	{"name_s": "/usr/share/javadoc/rhino-1.7/org/mozilla/javascript/NativeObject.html", "size_i": "31804", "regex": "false"},
	{"name_s": "/usr/share/javadoc/rhino-1.7/org/mozilla/javascript/NativeWith.html", "size_i": "48690", "regex": "false"},
	{"name_s": "/usr/share/javadoc/rhino-1.7/org/mozilla/javascript/Node.Jump.html", "size_i": "27096", "regex": "false"},
	{"name_s": "/usr/share/javadoc/rhino-1.7/org/mozilla/javascript/Node.html", "size_i": "65723", "regex": "false"},
	{"name_s": "/usr/share/javadoc/rhino-1.7/org/mozilla/javascript/NodeTransformer.html", "size_i": "13976", "regex": "false"},
	{"name_s": "/usr/share/javadoc/rhino-1.7/org/mozilla/javascript/ObjArray.html", "size_i": "19360", "regex": "false"},
	{"name_s": "/usr/share/javadoc/rhino-1.7/org/mozilla/javascript/ObjToIntMap.Iterator.html", "size_i": "10815", "regex": "false"},
	{"name_s": "/usr/share/javadoc/rhino-1.7/org/mozilla/javascript/ObjToIntMap.html", "size_i": "18166", "regex": "false"},
	{"name_s": "/usr/share/javadoc/rhino-1.7/org/mozilla/javascript/Parser.html", "size_i": "14479", "regex": "false"},
	{"name_s": "/usr/share/javadoc/rhino-1.7/org/mozilla/javascript/PolicySecurityController.SecureCaller.html", "size_i": "11529", "regex": "false"},
	{"name_s": "/usr/share/javadoc/rhino-1.7/org/mozilla/javascript/PolicySecurityController.html", "size_i": "21477", "regex": "false"},
	{"name_s": "/usr/share/javadoc/rhino-1.7/org/mozilla/javascript/Ref.html", "size_i": "12383", "regex": "false"},
	{"name_s": "/usr/share/javadoc/rhino-1.7/org/mozilla/javascript/RefCallable.html", "size_i": "10224", "regex": "false"},
	{"name_s": "/usr/share/javadoc/rhino-1.7/org/mozilla/javascript/RegExpProxy.html", "size_i": "17105", "regex": "false"},
	{"name_s": "/usr/share/javadoc/rhino-1.7/org/mozilla/javascript/RhinoException.html", "size_i": "20269", "regex": "false"},
	{"name_s": "/usr/share/javadoc/rhino-1.7/org/mozilla/javascript/Script.html", "size_i": "9255", "regex": "false"},
	{"name_s": "/usr/share/javadoc/rhino-1.7/org/mozilla/javascript/ScriptOrFnNode.html", "size_i": "41841", "regex": "false"},
	{"name_s": "/usr/share/javadoc/rhino-1.7/org/mozilla/javascript/ScriptRuntime.MessageProvider.html", "size_i": "8754", "regex": "false"},
	{"name_s": "/usr/share/javadoc/rhino-1.7/org/mozilla/javascript/ScriptRuntime.html", "size_i": "210987", "regex": "false"},
	{"name_s": "/usr/share/javadoc/rhino-1.7/org/mozilla/javascript/Scriptable.html", "size_i": "36163", "regex": "false"},
	{"name_s": "/usr/share/javadoc/rhino-1.7/org/mozilla/javascript/ScriptableObject.html", "size_i": "129118", "regex": "false"},
	{"name_s": "/usr/share/javadoc/rhino-1.7/org/mozilla/javascript/SecureCaller.html", "size_i": "11043", "regex": "false"},
	{"name_s": "/usr/share/javadoc/rhino-1.7/org/mozilla/javascript/SecurityController.html", "size_i": "25977", "regex": "false"},
	{"name_s": "/usr/share/javadoc/rhino-1.7/org/mozilla/javascript/SecurityUtilities.html", "size_i": "10698", "regex": "false"},
	{"name_s": "/usr/share/javadoc/rhino-1.7/org/mozilla/javascript/Synchronizer.html", "size_i": "19124", "regex": "false"},
	{"name_s": "/usr/share/javadoc/rhino-1.7/org/mozilla/javascript/Token.html", "size_i": "113546", "regex": "false"},
	{"name_s": "/usr/share/javadoc/rhino-1.7/org/mozilla/javascript/UintMap.html", "size_i": "16257", "regex": "false"},
	{"name_s": "/usr/share/javadoc/rhino-1.7/org/mozilla/javascript/Undefined.html", "size_i": "9751", "regex": "false"},
	{"name_s": "/usr/share/javadoc/rhino-1.7/org/mozilla/javascript/UniqueTag.html", "size_i": "12574", "regex": "false"},
	{"name_s": "/usr/share/javadoc/rhino-1.7/org/mozilla/javascript/VMBridge.html", "size_i": "22967", "regex": "false"},
	{"name_s": "/usr/share/javadoc/rhino-1.7/org/mozilla/javascript/WrapFactory.html", "size_i": "18718", "regex": "false"},
	{"name_s": "/usr/share/javadoc/rhino-1.7/org/mozilla/javascript/WrappedException.html", "size_i": "15428", "regex": "false"},
	{"name_s": "/usr/share/javadoc/rhino-1.7/org/mozilla/javascript/Wrapper.html", "size_i": "8118", "regex": "false"},
	{"name_s": "/usr/share/javadoc/rhino-1.7/org/mozilla/javascript/debug", "size_i": "4096", "regex": "false"},
	{"name_s": "/usr/share/javadoc/rhino-1.7/org/mozilla/javascript/debug/DebugFrame.html", "size_i": "14038", "regex": "false"},
	{"name_s": "/usr/share/javadoc/rhino-1.7/org/mozilla/javascript/debug/DebuggableObject.html", "size_i": "10924", "regex": "false"},
	{"name_s": "/usr/share/javadoc/rhino-1.7/org/mozilla/javascript/debug/DebuggableScript.html", "size_i": "16688", "regex": "false"},
	{"name_s": "/usr/share/javadoc/rhino-1.7/org/mozilla/javascript/debug/Debugger.html", "size_i": "10648", "regex": "false"},
	{"name_s": "/usr/share/javadoc/rhino-1.7/org/mozilla/javascript/debug/package-frame.html", "size_i": "1313", "regex": "false"},
	{"name_s": "/usr/share/javadoc/rhino-1.7/org/mozilla/javascript/debug/package-summary.html", "size_i": "7077", "regex": "false"},
	{"name_s": "/usr/share/javadoc/rhino-1.7/org/mozilla/javascript/debug/package-tree.html", "size_i": "6469", "regex": "false"},
	{"name_s": "/usr/share/javadoc/rhino-1.7/org/mozilla/javascript/jdk13", "size_i": "4096", "regex": "false"},
	{"name_s": "/usr/share/javadoc/rhino-1.7/org/mozilla/javascript/jdk13/VMBridge_jdk13.html", "size_i": "26312", "regex": "false"},
	{"name_s": "/usr/share/javadoc/rhino-1.7/org/mozilla/javascript/jdk13/package-frame.html", "size_i": "918", "regex": "false"},
	{"name_s": "/usr/share/javadoc/rhino-1.7/org/mozilla/javascript/jdk13/package-summary.html", "size_i": "6027", "regex": "false"},
	{"name_s": "/usr/share/javadoc/rhino-1.7/org/mozilla/javascript/jdk13/package-tree.html", "size_i": "6121", "regex": "false"},
	{"name_s": "/usr/share/javadoc/rhino-1.7/org/mozilla/javascript/jdk15", "size_i": "4096", "regex": "false"},
	{"name_s": "/usr/share/javadoc/rhino-1.7/org/mozilla/javascript/jdk15/VMBridge_jdk15.html", "size_i": "14417", "regex": "false"},
	{"name_s": "/usr/share/javadoc/rhino-1.7/org/mozilla/javascript/jdk15/package-frame.html", "size_i": "918", "regex": "false"},
	{"name_s": "/usr/share/javadoc/rhino-1.7/org/mozilla/javascript/jdk15/package-summary.html", "size_i": "6035", "regex": "false"},
	{"name_s": "/usr/share/javadoc/rhino-1.7/org/mozilla/javascript/jdk15/package-tree.html", "size_i": "6329", "regex": "false"},
	{"name_s": "/usr/share/javadoc/rhino-1.7/org/mozilla/javascript/optimizer", "size_i": "4096", "regex": "false"},
	{"name_s": "/usr/share/javadoc/rhino-1.7/org/mozilla/javascript/optimizer/ClassCompiler.html", "size_i": "18554", "regex": "false"},
	{"name_s": "/usr/share/javadoc/rhino-1.7/org/mozilla/javascript/optimizer/Codegen.html", "size_i": "25535", "regex": "false"},
	{"name_s": "/usr/share/javadoc/rhino-1.7/org/mozilla/javascript/optimizer/OptRuntime.GeneratorState.html", "size_i": "9601", "regex": "false"},
	{"name_s": "/usr/share/javadoc/rhino-1.7/org/mozilla/javascript/optimizer/OptRuntime.html", "size_i": "71463", "regex": "false"},
	{"name_s": "/usr/share/javadoc/rhino-1.7/org/mozilla/javascript/optimizer/package-frame.html", "size_i": "1304", "regex": "false"},
	{"name_s": "/usr/share/javadoc/rhino-1.7/org/mozilla/javascript/optimizer/package-summary.html", "size_i": "6842", "regex": "false"},
	{"name_s": "/usr/share/javadoc/rhino-1.7/org/mozilla/javascript/optimizer/package-tree.html", "size_i": "6921", "regex": "false"},
	{"name_s": "/usr/share/javadoc/rhino-1.7/org/mozilla/javascript/package-frame.html", "size_i": "10673", "regex": "false"},
	{"name_s": "/usr/share/javadoc/rhino-1.7/org/mozilla/javascript/package-summary.html", "size_i": "29754", "regex": "false"},
	{"name_s": "/usr/share/javadoc/rhino-1.7/org/mozilla/javascript/package-tree.html", "size_i": "23558", "regex": "false"},
	{"name_s": "/usr/share/javadoc/rhino-1.7/org/mozilla/javascript/regexp", "size_i": "4096", "regex": "false"},
	{"name_s": "/usr/share/javadoc/rhino-1.7/org/mozilla/javascript/regexp/NativeRegExp.html", "size_i": "50752", "regex": "false"},
	{"name_s": "/usr/share/javadoc/rhino-1.7/org/mozilla/javascript/regexp/RegExpImpl.html", "size_i": "19508", "regex": "false"},
	{"name_s": "/usr/share/javadoc/rhino-1.7/org/mozilla/javascript/regexp/package-frame.html", "size_i": "1031", "regex": "false"},
	{"name_s": "/usr/share/javadoc/rhino-1.7/org/mozilla/javascript/regexp/package-summary.html", "size_i": "6310", "regex": "false"},
	{"name_s": "/usr/share/javadoc/rhino-1.7/org/mozilla/javascript/regexp/package-tree.html", "size_i": "7515", "regex": "false"},
	{"name_s": "/usr/share/javadoc/rhino-1.7/org/mozilla/javascript/serialize", "size_i": "4096", "regex": "false"},
	{"name_s": "/usr/share/javadoc/rhino-1.7/org/mozilla/javascript/serialize/ScriptableInputStream.html", "size_i": "15984", "regex": "false"},
	{"name_s": "/usr/share/javadoc/rhino-1.7/org/mozilla/javascript/serialize/ScriptableOutputStream.html", "size_i": "20117", "regex": "false"},
	{"name_s": "/usr/share/javadoc/rhino-1.7/org/mozilla/javascript/serialize/package-frame.html", "size_i": "1088", "regex": "false"},
	{"name_s": "/usr/share/javadoc/rhino-1.7/org/mozilla/javascript/serialize/package-summary.html", "size_i": "6546", "regex": "false"},
	{"name_s": "/usr/share/javadoc/rhino-1.7/org/mozilla/javascript/serialize/package-tree.html", "size_i": "6632", "regex": "false"},
	{"name_s": "/usr/share/javadoc/rhino-1.7/org/mozilla/javascript/xml", "size_i": "4096", "regex": "false"},
	{"name_s": "/usr/share/javadoc/rhino-1.7/org/mozilla/javascript/xml/XMLLib.Factory.html", "size_i": "11195", "regex": "false"},
	{"name_s": "/usr/share/javadoc/rhino-1.7/org/mozilla/javascript/xml/XMLLib.html", "size_i": "25225", "regex": "false"},
	{"name_s": "/usr/share/javadoc/rhino-1.7/org/mozilla/javascript/xml/XMLObject.html", "size_i": "38662", "regex": "false"},
	{"name_s": "/usr/share/javadoc/rhino-1.7/org/mozilla/javascript/xml/package-frame.html", "size_i": "1120", "regex": "false"},
	{"name_s": "/usr/share/javadoc/rhino-1.7/org/mozilla/javascript/xml/package-summary.html", "size_i": "6423", "regex": "false"},
	{"name_s": "/usr/share/javadoc/rhino-1.7/org/mozilla/javascript/xml/package-tree.html", "size_i": "7171", "regex": "false"},
	{"name_s": "/usr/share/javadoc/rhino-1.7/overview-frame.html", "size_i": "2197", "regex": "false"},
	{"name_s": "/usr/share/javadoc/rhino-1.7/overview-summary.html", "size_i": "6673", "regex": "false"},
	{"name_s": "/usr/share/javadoc/rhino-1.7/overview-tree.html", "size_i": "27219", "regex": "false"},
	{"name_s": "/usr/share/javadoc/rhino-1.7/package-list", "size_i": "255", "regex": "false"},
	{"name_s": "/usr/share/javadoc/rhino-1.7/resources", "size_i": "4096", "regex": "false"},
	{"name_s": "/usr/share/javadoc/rhino-1.7/resources/inherit.gif", "size_i": "57", "regex": "false"},
	{"name_s": "/usr/share/javadoc/rhino-1.7/serialized-form.html", "size_i": "52264", "regex": "false"},
	{"name_s": "/usr/share/javadoc/rhino-1.7/stylesheet.css", "size_i": "1391", "regex": "false"}
]
