[
	{"name_s": "/usr/bin/rpmgraph", "size_i": "11752", "regex": "false"},
	{"name_s": "/usr/include/rpm", "size_i": "4096", "regex": "false"},
	{"name_s": "/usr/include/rpm/argv.h", "size_i": "4171", "regex": "false"},
	{"name_s": "/usr/include/rpm/header.h", "size_i": "12810", "regex": "false"},
	{"name_s": "/usr/include/rpm/rpmbuild.h", "size_i": "12905", "regex": "false"},
	{"name_s": "/usr/include/rpm/rpmcallback.h", "size_i": "1250", "regex": "false"},
	{"name_s": "/usr/include/rpm/rpmcli.h", "size_i": "15935", "regex": "false"},
	{"name_s": "/usr/include/rpm/rpmdb.h", "size_i": "8356", "regex": "false"},
	{"name_s": "/usr/include/rpm/rpmds.h", "size_i": "11394", "regex": "false"},
	{"name_s": "/usr/include/rpm/rpmfc.h", "size_i": "3923", "regex": "false"},
	{"name_s": "/usr/include/rpm/rpmfi.h", "size_i": "13372", "regex": "false"},
	{"name_s": "/usr/include/rpm/rpmfileutil.h", "size_i": "4734", "regex": "false"},
	{"name_s": "/usr/include/rpm/rpmgi.h", "size_i": "3250", "regex": "false"},
	{"name_s": "/usr/include/rpm/rpmio.h", "size_i": "3191", "regex": "false"},
	{"name_s": "/usr/include/rpm/rpmkeyring.h", "size_i": "2624", "regex": "false"},
	{"name_s": "/usr/include/rpm/rpmlegacy.h", "size_i": "7639", "regex": "false"},
	{"name_s": "/usr/include/rpm/rpmlib.h", "size_i": "7114", "regex": "false"},
	{"name_s": "/usr/include/rpm/rpmlog.h", "size_i": "8683", "regex": "false"},
	{"name_s": "/usr/include/rpm/rpmmacro.h", "size_i": "4314", "regex": "false"},
	{"name_s": "/usr/include/rpm/rpmpgp.h", "size_i": "45739", "regex": "false"},
	{"name_s": "/usr/include/rpm/rpmps.h", "size_i": "7949", "regex": "false"},
	{"name_s": "/usr/include/rpm/rpmspec.h", "size_i": "4939", "regex": "false"},
	{"name_s": "/usr/include/rpm/rpmsq.h", "size_i": "3282", "regex": "false"},
	{"name_s": "/usr/include/rpm/rpmstring.h", "size_i": "4881", "regex": "false"},
	{"name_s": "/usr/include/rpm/rpmsw.h", "size_i": "2139", "regex": "false"},
	{"name_s": "/usr/include/rpm/rpmtag.h", "size_i": "17930", "regex": "false"},
	{"name_s": "/usr/include/rpm/rpmtd.h", "size_i": "11821", "regex": "false"},
	{"name_s": "/usr/include/rpm/rpmte.h", "size_i": "10029", "regex": "false"},
	{"name_s": "/usr/include/rpm/rpmts.h", "size_i": "17913", "regex": "false"},
	{"name_s": "/usr/include/rpm/rpmtypes.h", "size_i": "2243", "regex": "false"},
	{"name_s": "/usr/include/rpm/rpmurl.h", "size_i": "2357", "regex": "false"},
	{"name_s": "/usr/include/rpm/rpmutil.h", "size_i": "4714", "regex": "false"},
	{"name_s": "/usr/include/rpm/rpmvf.h", "size_i": "4056", "regex": "false"},
	{"name_s": "/usr/lib64/librpm.so", "size_i": "15", "regex": "false"},
	{"name_s": "/usr/lib64/librpmbuild.so", "size_i": "20", "regex": "false"},
	{"name_s": "/usr/lib64/librpmio.so", "size_i": "17", "regex": "false"},
	{"name_s": "/usr/lib64/pkgconfig/rpm.pc", "size_i": "342", "regex": "false"},
	{"name_s": "/usr/share/man/man8/rpmgraph.8.gz", "size_i": "859", "regex": "false"}
]
