[
	{"name_s": "/etc/logrotate.d/syslog", "size_i": "210", "regex": "false"},
	{"name_s": "/etc/pki/rsyslog", "size_i": "4096", "regex": "false"},
	{"name_s": "/etc/rc.d/init.d/rsyslog", "size_i": "2011", "regex": "false"},
	{"name_s": "/etc/rsyslog.conf", "size_i": "2875", "regex": "false"},
	{"name_s": "/etc/rsyslog.d", "size_i": "4096", "regex": "false"},
	{"name_s": "/etc/sysconfig/rsyslog", "size_i": "200", "regex": "false"},
	{"name_s": "/lib64/rsyslog", "size_i": "4096", "regex": "false"},
	{"name_s": "/lib64/rsyslog/imfile.so", "size_i": "15448", "regex": "false"},
	{"name_s": "/lib64/rsyslog/imklog.so", "size_i": "27232", "regex": "false"},
	{"name_s": "/lib64/rsyslog/immark.so", "size_i": "6480", "regex": "false"},
	{"name_s": "/lib64/rsyslog/impstats.so", "size_i": "10800", "regex": "false"},
	{"name_s": "/lib64/rsyslog/imptcp.so", "size_i": "19304", "regex": "false"},
	{"name_s": "/lib64/rsyslog/imtcp.so", "size_i": "11088", "regex": "false"},
	{"name_s": "/lib64/rsyslog/imudp.so", "size_i": "15224", "regex": "false"},
	{"name_s": "/lib64/rsyslog/imuxsock.so", "size_i": "340568", "regex": "false"},
	{"name_s": "/lib64/rsyslog/lmnet.so", "size_i": "26984", "regex": "false"},
	{"name_s": "/lib64/rsyslog/lmnetstrms.so", "size_i": "20144", "regex": "false"},
	{"name_s": "/lib64/rsyslog/lmnsd_ptcp.so", "size_i": "24336", "regex": "false"},
	{"name_s": "/lib64/rsyslog/lmregexp.so", "size_i": "6144", "regex": "false"},
	{"name_s": "/lib64/rsyslog/lmstrmsrv.so", "size_i": "20320", "regex": "false"},
	{"name_s": "/lib64/rsyslog/lmtcpclt.so", "size_i": "10240", "regex": "false"},
	{"name_s": "/lib64/rsyslog/lmtcpsrv.so", "size_i": "24848", "regex": "false"},
	{"name_s": "/lib64/rsyslog/lmzlibw.so", "size_i": "6144", "regex": "false"},
	{"name_s": "/lib64/rsyslog/ommail.so", "size_i": "14800", "regex": "false"},
	{"name_s": "/lib64/rsyslog/omprog.so", "size_i": "10248", "regex": "false"},
	{"name_s": "/lib64/rsyslog/omruleset.so", "size_i": "10400", "regex": "false"},
	{"name_s": "/lib64/rsyslog/omtesting.so", "size_i": "10240", "regex": "false"},
	{"name_s": "/lib64/rsyslog/omuxsock.so", "size_i": "10592", "regex": "false"},
	{"name_s": "/lib64/rsyslog/pmlastmsg.so", "size_i": "10800", "regex": "false"},
	{"name_s": "/sbin/rsyslogd", "size_i": "396064", "regex": "false"},
	{"name_s": "/usr/share/doc/rsyslog-5.8.10", "size_i": "4096", "regex": "false"},
	{"name_s": "/usr/share/doc/rsyslog-5.8.10/AUTHORS", "size_i": "501", "regex": "false"},
	{"name_s": "/usr/share/doc/rsyslog-5.8.10/COPYING", "size_i": "35146", "regex": "false"},
	{"name_s": "/usr/share/doc/rsyslog-5.8.10/COPYING.ASL20", "size_i": "9137", "regex": "false"},
	{"name_s": "/usr/share/doc/rsyslog-5.8.10/COPYING.LESSER", "size_i": "7639", "regex": "false"},
	{"name_s": "/usr/share/doc/rsyslog-5.8.10/ChangeLog", "size_i": "347613", "regex": "false"},
	{"name_s": "/usr/share/doc/rsyslog-5.8.10/NEWS", "size_i": "63", "regex": "false"},
	{"name_s": "/usr/share/doc/rsyslog-5.8.10/README", "size_i": "249", "regex": "false"},
	{"name_s": "/usr/share/doc/rsyslog-5.8.10/bugs.html", "size_i": "1483", "regex": "false"},
	{"name_s": "/usr/share/doc/rsyslog-5.8.10/build_from_repo.html", "size_i": "4458", "regex": "false"},
	{"name_s": "/usr/share/doc/rsyslog-5.8.10/contributors.html", "size_i": "2498", "regex": "false"},
	{"name_s": "/usr/share/doc/rsyslog-5.8.10/debug.html", "size_i": "9635", "regex": "false"},
	{"name_s": "/usr/share/doc/rsyslog-5.8.10/dev_queue.html", "size_i": "17685", "regex": "false"},
	{"name_s": "/usr/share/doc/rsyslog-5.8.10/droppriv.html", "size_i": "2969", "regex": "false"},
	{"name_s": "/usr/share/doc/rsyslog-5.8.10/expression.html", "size_i": "1174", "regex": "false"},
	{"name_s": "/usr/share/doc/rsyslog-5.8.10/features.html", "size_i": "8847", "regex": "false"},
	{"name_s": "/usr/share/doc/rsyslog-5.8.10/generic_design.html", "size_i": "9008", "regex": "false"},
	{"name_s": "/usr/share/doc/rsyslog-5.8.10/gssapi.html", "size_i": "3635", "regex": "false"},
	{"name_s": "/usr/share/doc/rsyslog-5.8.10/history.html", "size_i": "8956", "regex": "false"},
	{"name_s": "/usr/share/doc/rsyslog-5.8.10/how2help.html", "size_i": "2493", "regex": "false"},
	{"name_s": "/usr/share/doc/rsyslog-5.8.10/im3195.html", "size_i": "2129", "regex": "false"},
	{"name_s": "/usr/share/doc/rsyslog-5.8.10/imfile.html", "size_i": "7798", "regex": "false"},
	{"name_s": "/usr/share/doc/rsyslog-5.8.10/imgssapi.html", "size_i": "2311", "regex": "false"},
	{"name_s": "/usr/share/doc/rsyslog-5.8.10/imklog.html", "size_i": "4469", "regex": "false"},
	{"name_s": "/usr/share/doc/rsyslog-5.8.10/impstats.html", "size_i": "2977", "regex": "false"},
	{"name_s": "/usr/share/doc/rsyslog-5.8.10/imptcp.html", "size_i": "4235", "regex": "false"},
	{"name_s": "/usr/share/doc/rsyslog-5.8.10/imrelp.html", "size_i": "2585", "regex": "false"},
	{"name_s": "/usr/share/doc/rsyslog-5.8.10/imsolaris.html", "size_i": "1946", "regex": "false"},
	{"name_s": "/usr/share/doc/rsyslog-5.8.10/imtcp.html", "size_i": "6299", "regex": "false"},
	{"name_s": "/usr/share/doc/rsyslog-5.8.10/imuxsock.html", "size_i": "9672", "regex": "false"},
	{"name_s": "/usr/share/doc/rsyslog-5.8.10/index.html", "size_i": "1657", "regex": "false"},
	{"name_s": "/usr/share/doc/rsyslog-5.8.10/install.html", "size_i": "11235", "regex": "false"},
	{"name_s": "/usr/share/doc/rsyslog-5.8.10/ipv6.html", "size_i": "3013", "regex": "false"},
	{"name_s": "/usr/share/doc/rsyslog-5.8.10/licensing.html", "size_i": "3774", "regex": "false"},
	{"name_s": "/usr/share/doc/rsyslog-5.8.10/log_rotation_fix_size.html", "size_i": "2810", "regex": "false"},
	{"name_s": "/usr/share/doc/rsyslog-5.8.10/manual.html", "size_i": "7659", "regex": "false"},
	{"name_s": "/usr/share/doc/rsyslog-5.8.10/mmsnmptrapd.html", "size_i": "5012", "regex": "false"},
	{"name_s": "/usr/share/doc/rsyslog-5.8.10/modules.html", "size_i": "6127", "regex": "false"},
	{"name_s": "/usr/share/doc/rsyslog-5.8.10/multi_ruleset.html", "size_i": "13982", "regex": "false"},
	{"name_s": "/usr/share/doc/rsyslog-5.8.10/netstream.html", "size_i": "1392", "regex": "false"},
	{"name_s": "/usr/share/doc/rsyslog-5.8.10/ns_gtls.html", "size_i": "2848", "regex": "false"},
	{"name_s": "/usr/share/doc/rsyslog-5.8.10/ns_ptcp.html", "size_i": "911", "regex": "false"},
	{"name_s": "/usr/share/doc/rsyslog-5.8.10/omlibdbi.html", "size_i": "6732", "regex": "false"},
	{"name_s": "/usr/share/doc/rsyslog-5.8.10/ommail.html", "size_i": "7968", "regex": "false"},
	{"name_s": "/usr/share/doc/rsyslog-5.8.10/ommysql.html", "size_i": "4045", "regex": "false"},
	{"name_s": "/usr/share/doc/rsyslog-5.8.10/omoracle.html", "size_i": "6184", "regex": "false"},
	{"name_s": "/usr/share/doc/rsyslog-5.8.10/omrelp.html", "size_i": "2423", "regex": "false"},
	{"name_s": "/usr/share/doc/rsyslog-5.8.10/omruleset.html", "size_i": "7101", "regex": "false"},
	{"name_s": "/usr/share/doc/rsyslog-5.8.10/omsnmp.html", "size_i": "7137", "regex": "false"},
	{"name_s": "/usr/share/doc/rsyslog-5.8.10/omstdout.html", "size_i": "1948", "regex": "false"},
	{"name_s": "/usr/share/doc/rsyslog-5.8.10/omudpspoof.html", "size_i": "4330", "regex": "false"},
	{"name_s": "/usr/share/doc/rsyslog-5.8.10/omuxsock.html", "size_i": "1921", "regex": "false"},
	{"name_s": "/usr/share/doc/rsyslog-5.8.10/pmlastmsg.html", "size_i": "3125", "regex": "false"},
	{"name_s": "/usr/share/doc/rsyslog-5.8.10/property_replacer.html", "size_i": "18260", "regex": "false"},
	{"name_s": "/usr/share/doc/rsyslog-5.8.10/queues.html", "size_i": "28523", "regex": "false"},
	{"name_s": "/usr/share/doc/rsyslog-5.8.10/queues_analogy.html", "size_i": "20589", "regex": "false"},
	{"name_s": "/usr/share/doc/rsyslog-5.8.10/rainerscript.html", "size_i": "4291", "regex": "false"},
	{"name_s": "/usr/share/doc/rsyslog-5.8.10/rsconf1_actionexeconlywhenpreviousissuspended.html", "size_i": "2597", "regex": "false"},
	{"name_s": "/usr/share/doc/rsyslog-5.8.10/rsconf1_actionresumeinterval.html", "size_i": "1501", "regex": "false"},
	{"name_s": "/usr/share/doc/rsyslog-5.8.10/rsconf1_allowedsender.html", "size_i": "3691", "regex": "false"},
	{"name_s": "/usr/share/doc/rsyslog-5.8.10/rsconf1_controlcharacterescapeprefix.html", "size_i": "1404", "regex": "false"},
	{"name_s": "/usr/share/doc/rsyslog-5.8.10/rsconf1_debugprintcfsyslinehandlerlist.html", "size_i": "989", "regex": "false"},
	{"name_s": "/usr/share/doc/rsyslog-5.8.10/rsconf1_debugprintmodulelist.html", "size_i": "950", "regex": "false"},
	{"name_s": "/usr/share/doc/rsyslog-5.8.10/rsconf1_debugprinttemplatelist.html", "size_i": "956", "regex": "false"},
	{"name_s": "/usr/share/doc/rsyslog-5.8.10/rsconf1_dircreatemode.html", "size_i": "1062", "regex": "false"},
	{"name_s": "/usr/share/doc/rsyslog-5.8.10/rsconf1_dirgroup.html", "size_i": "1081", "regex": "false"},
	{"name_s": "/usr/share/doc/rsyslog-5.8.10/rsconf1_dirowner.html", "size_i": "1080", "regex": "false"},
	{"name_s": "/usr/share/doc/rsyslog-5.8.10/rsconf1_dropmsgswithmaliciousdnsptrrecords.html", "size_i": "1342", "regex": "false"},
	{"name_s": "/usr/share/doc/rsyslog-5.8.10/rsconf1_droptrailinglfonreception.html", "size_i": "1265", "regex": "false"},
	{"name_s": "/usr/share/doc/rsyslog-5.8.10/rsconf1_dynafilecachesize.html", "size_i": "2150", "regex": "false"},
	{"name_s": "/usr/share/doc/rsyslog-5.8.10/rsconf1_escape8bitcharsonreceive.html", "size_i": "2148", "regex": "false"},
	{"name_s": "/usr/share/doc/rsyslog-5.8.10/rsconf1_escapecontrolcharactersonreceive.html", "size_i": "1961", "regex": "false"},
	{"name_s": "/usr/share/doc/rsyslog-5.8.10/rsconf1_failonchownfailure.html", "size_i": "1275", "regex": "false"},
	{"name_s": "/usr/share/doc/rsyslog-5.8.10/rsconf1_filecreatemode.html", "size_i": "2075", "regex": "false"},
	{"name_s": "/usr/share/doc/rsyslog-5.8.10/rsconf1_filegroup.html", "size_i": "1072", "regex": "false"},
	{"name_s": "/usr/share/doc/rsyslog-5.8.10/rsconf1_fileowner.html", "size_i": "1074", "regex": "false"},
	{"name_s": "/usr/share/doc/rsyslog-5.8.10/rsconf1_generateconfiggraph.html", "size_i": "8111", "regex": "false"},
	{"name_s": "/usr/share/doc/rsyslog-5.8.10/rsconf1_gssforwardservicename.html", "size_i": "1060", "regex": "false"},
	{"name_s": "/usr/share/doc/rsyslog-5.8.10/rsconf1_gsslistenservicename.html", "size_i": "905", "regex": "false"},
	{"name_s": "/usr/share/doc/rsyslog-5.8.10/rsconf1_gssmode.html", "size_i": "1068", "regex": "false"},
	{"name_s": "/usr/share/doc/rsyslog-5.8.10/rsconf1_includeconfig.html", "size_i": "3129", "regex": "false"},
	{"name_s": "/usr/share/doc/rsyslog-5.8.10/rsconf1_mainmsgqueuesize.html", "size_i": "2201", "regex": "false"},
	{"name_s": "/usr/share/doc/rsyslog-5.8.10/rsconf1_markmessageperiod.html", "size_i": "1363", "regex": "false"},
	{"name_s": "/usr/share/doc/rsyslog-5.8.10/rsconf1_moddir.html", "size_i": "1229", "regex": "false"},
	{"name_s": "/usr/share/doc/rsyslog-5.8.10/rsconf1_modload.html", "size_i": "1524", "regex": "false"},
	{"name_s": "/usr/share/doc/rsyslog-5.8.10/rsconf1_repeatedmsgreduction.html", "size_i": "1336", "regex": "false"},
	{"name_s": "/usr/share/doc/rsyslog-5.8.10/rsconf1_resetconfigvariables.html", "size_i": "1076", "regex": "false"},
	{"name_s": "/usr/share/doc/rsyslog-5.8.10/rsconf1_rulesetcreatemainqueue.html", "size_i": "3792", "regex": "false"},
	{"name_s": "/usr/share/doc/rsyslog-5.8.10/rsconf1_rulesetparser.html", "size_i": "5912", "regex": "false"},
	{"name_s": "/usr/share/doc/rsyslog-5.8.10/rsconf1_umask.html", "size_i": "1190", "regex": "false"},
	{"name_s": "/usr/share/doc/rsyslog-5.8.10/rscript_abnf.html", "size_i": "6849", "regex": "false"},
	{"name_s": "/usr/share/doc/rsyslog-5.8.10/rsyslog_conf.html", "size_i": "4289", "regex": "false"},
	{"name_s": "/usr/share/doc/rsyslog-5.8.10/rsyslog_conf_actions.html", "size_i": "18433", "regex": "false"},
	{"name_s": "/usr/share/doc/rsyslog-5.8.10/rsyslog_conf_examples.html", "size_i": "7886", "regex": "false"},
	{"name_s": "/usr/share/doc/rsyslog-5.8.10/rsyslog_conf_filter.html", "size_i": "14417", "regex": "false"},
	{"name_s": "/usr/share/doc/rsyslog-5.8.10/rsyslog_conf_global.html", "size_i": "22457", "regex": "false"},
	{"name_s": "/usr/share/doc/rsyslog-5.8.10/rsyslog_conf_modules.html", "size_i": "10505", "regex": "false"},
	{"name_s": "/usr/share/doc/rsyslog-5.8.10/rsyslog_conf_nomatch.html", "size_i": "2756", "regex": "false"},
	{"name_s": "/usr/share/doc/rsyslog-5.8.10/rsyslog_conf_output.html", "size_i": "4159", "regex": "false"},
	{"name_s": "/usr/share/doc/rsyslog-5.8.10/rsyslog_conf_templates.html", "size_i": "11257", "regex": "false"},
	{"name_s": "/usr/share/doc/rsyslog-5.8.10/rsyslog_high_database_rate.html", "size_i": "8825", "regex": "false"},
	{"name_s": "/usr/share/doc/rsyslog-5.8.10/rsyslog_mysql.html", "size_i": "16409", "regex": "false"},
	{"name_s": "/usr/share/doc/rsyslog-5.8.10/rsyslog_ng_comparison.html", "size_i": "16931", "regex": "false"},
	{"name_s": "/usr/share/doc/rsyslog-5.8.10/rsyslog_packages.html", "size_i": "2828", "regex": "false"},
	{"name_s": "/usr/share/doc/rsyslog-5.8.10/rsyslog_pgsql.html", "size_i": "20229", "regex": "false"},
	{"name_s": "/usr/share/doc/rsyslog-5.8.10/rsyslog_php_syslog_ng.html", "size_i": "8744", "regex": "false"},
	{"name_s": "/usr/share/doc/rsyslog-5.8.10/rsyslog_recording_pri.html", "size_i": "8387", "regex": "false"},
	{"name_s": "/usr/share/doc/rsyslog-5.8.10/rsyslog_reliable_forwarding.html", "size_i": "8666", "regex": "false"},
	{"name_s": "/usr/share/doc/rsyslog-5.8.10/rsyslog_secure_tls.html", "size_i": "7503", "regex": "false"},
	{"name_s": "/usr/share/doc/rsyslog-5.8.10/rsyslog_stunnel.html", "size_i": "15763", "regex": "false"},
	{"name_s": "/usr/share/doc/rsyslog-5.8.10/rsyslog_tls.html", "size_i": "15897", "regex": "false"},
	{"name_s": "/usr/share/doc/rsyslog-5.8.10/syslog_parsing.html", "size_i": "14369", "regex": "false"},
	{"name_s": "/usr/share/doc/rsyslog-5.8.10/syslog_protocol.html", "size_i": "12947", "regex": "false"},
	{"name_s": "/usr/share/doc/rsyslog-5.8.10/tls_cert_ca.html", "size_i": "7855", "regex": "false"},
	{"name_s": "/usr/share/doc/rsyslog-5.8.10/tls_cert_client.html", "size_i": "4609", "regex": "false"},
	{"name_s": "/usr/share/doc/rsyslog-5.8.10/tls_cert_errmsgs.html", "size_i": "5802", "regex": "false"},
	{"name_s": "/usr/share/doc/rsyslog-5.8.10/tls_cert_machine.html", "size_i": "8821", "regex": "false"},
	{"name_s": "/usr/share/doc/rsyslog-5.8.10/tls_cert_scenario.html", "size_i": "3104", "regex": "false"},
	{"name_s": "/usr/share/doc/rsyslog-5.8.10/tls_cert_server.html", "size_i": "6769", "regex": "false"},
	{"name_s": "/usr/share/doc/rsyslog-5.8.10/tls_cert_summary.html", "size_i": "3337", "regex": "false"},
	{"name_s": "/usr/share/doc/rsyslog-5.8.10/tls_cert_udp_relay.html", "size_i": "5235", "regex": "false"},
	{"name_s": "/usr/share/doc/rsyslog-5.8.10/troubleshoot.html", "size_i": "11343", "regex": "false"},
	{"name_s": "/usr/share/doc/rsyslog-5.8.10/v3compatibility.html", "size_i": "11463", "regex": "false"},
	{"name_s": "/usr/share/doc/rsyslog-5.8.10/v4compatibility.html", "size_i": "6352", "regex": "false"},
	{"name_s": "/usr/share/doc/rsyslog-5.8.10/v5compatibility.html", "size_i": "2240", "regex": "false"},
	{"name_s": "/usr/share/doc/rsyslog-5.8.10/version_naming.html", "size_i": "8916", "regex": "false"},
	{"name_s": "/usr/share/man/man5/rsyslog.conf.5.gz", "size_i": "11143", "regex": "false"},
	{"name_s": "/usr/share/man/man8/rsyslogd.8.gz", "size_i": "5995", "regex": "false"},
	{"name_s": "/var/lib/rsyslog", "size_i": "4096", "regex": "false"}
]
