[
	{"name_s": "/opt/rh/ruby193/root/usr/bin/thor", "size_i": "466", "regex": "false"},
	{"name_s": "/opt/rh/ruby193/root/usr/share/gems/gems/thor-0.18.1", "size_i": "4096", "regex": "false"},
	{"name_s": "/opt/rh/ruby193/root/usr/share/gems/gems/thor-0.18.1/LICENSE.md", "size_i": "1075", "regex": "false"},
	{"name_s": "/opt/rh/ruby193/root/usr/share/gems/gems/thor-0.18.1/bin", "size_i": "4096", "regex": "false"},
	{"name_s": "/opt/rh/ruby193/root/usr/share/gems/gems/thor-0.18.1/bin/thor", "size_i": "119", "regex": "false"},
	{"name_s": "/opt/rh/ruby193/root/usr/share/gems/gems/thor-0.18.1/lib", "size_i": "4096", "regex": "false"},
	{"name_s": "/opt/rh/ruby193/root/usr/share/gems/gems/thor-0.18.1/lib/thor", "size_i": "4096", "regex": "false"},
	{"name_s": "/opt/rh/ruby193/root/usr/share/gems/gems/thor-0.18.1/lib/thor.rb", "size_i": "15267", "regex": "false"},
	{"name_s": "/opt/rh/ruby193/root/usr/share/gems/gems/thor-0.18.1/lib/thor/actions", "size_i": "4096", "regex": "false"},
	{"name_s": "/opt/rh/ruby193/root/usr/share/gems/gems/thor-0.18.1/lib/thor/actions.rb", "size_i": "10022", "regex": "false"},
	{"name_s": "/opt/rh/ruby193/root/usr/share/gems/gems/thor-0.18.1/lib/thor/actions/create_file.rb", "size_i": "3136", "regex": "false"},
	{"name_s": "/opt/rh/ruby193/root/usr/share/gems/gems/thor-0.18.1/lib/thor/actions/create_link.rb", "size_i": "1798", "regex": "false"},
	{"name_s": "/opt/rh/ruby193/root/usr/share/gems/gems/thor-0.18.1/lib/thor/actions/directory.rb", "size_i": "4116", "regex": "false"},
	{"name_s": "/opt/rh/ruby193/root/usr/share/gems/gems/thor-0.18.1/lib/thor/actions/empty_directory.rb", "size_i": "4256", "regex": "false"},
	{"name_s": "/opt/rh/ruby193/root/usr/share/gems/gems/thor-0.18.1/lib/thor/actions/file_manipulation.rb", "size_i": "10837", "regex": "false"},
	{"name_s": "/opt/rh/ruby193/root/usr/share/gems/gems/thor-0.18.1/lib/thor/actions/inject_into_file.rb", "size_i": "3143", "regex": "false"},
	{"name_s": "/opt/rh/ruby193/root/usr/share/gems/gems/thor-0.18.1/lib/thor/base.rb", "size_i": "22553", "regex": "false"},
	{"name_s": "/opt/rh/ruby193/root/usr/share/gems/gems/thor-0.18.1/lib/thor/command.rb", "size_i": "4362", "regex": "false"},
	{"name_s": "/opt/rh/ruby193/root/usr/share/gems/gems/thor-0.18.1/lib/thor/core_ext", "size_i": "4096", "regex": "false"},
	{"name_s": "/opt/rh/ruby193/root/usr/share/gems/gems/thor-0.18.1/lib/thor/core_ext/hash_with_indifferent_access.rb", "size_i": "1831", "regex": "false"},
	{"name_s": "/opt/rh/ruby193/root/usr/share/gems/gems/thor-0.18.1/lib/thor/core_ext/io_binary_read.rb", "size_i": "286", "regex": "false"},
	{"name_s": "/opt/rh/ruby193/root/usr/share/gems/gems/thor-0.18.1/lib/thor/core_ext/ordered_hash.rb", "size_i": "2090", "regex": "false"},
	{"name_s": "/opt/rh/ruby193/root/usr/share/gems/gems/thor-0.18.1/lib/thor/error.rb", "size_i": "829", "regex": "false"},
	{"name_s": "/opt/rh/ruby193/root/usr/share/gems/gems/thor-0.18.1/lib/thor/group.rb", "size_i": "8958", "regex": "false"},
	{"name_s": "/opt/rh/ruby193/root/usr/share/gems/gems/thor-0.18.1/lib/thor/invocation.rb", "size_i": "5898", "regex": "false"},
	{"name_s": "/opt/rh/ruby193/root/usr/share/gems/gems/thor-0.18.1/lib/thor/parser", "size_i": "4096", "regex": "false"},
	{"name_s": "/opt/rh/ruby193/root/usr/share/gems/gems/thor-0.18.1/lib/thor/parser.rb", "size_i": "122", "regex": "false"},
	{"name_s": "/opt/rh/ruby193/root/usr/share/gems/gems/thor-0.18.1/lib/thor/parser/argument.rb", "size_i": "1859", "regex": "false"},
	{"name_s": "/opt/rh/ruby193/root/usr/share/gems/gems/thor-0.18.1/lib/thor/parser/arguments.rb", "size_i": "4084", "regex": "false"},
	{"name_s": "/opt/rh/ruby193/root/usr/share/gems/gems/thor-0.18.1/lib/thor/parser/option.rb", "size_i": "3199", "regex": "false"},
	{"name_s": "/opt/rh/ruby193/root/usr/share/gems/gems/thor-0.18.1/lib/thor/parser/options.rb", "size_i": "5963", "regex": "false"},
	{"name_s": "/opt/rh/ruby193/root/usr/share/gems/gems/thor-0.18.1/lib/thor/rake_compat.rb", "size_i": "1964", "regex": "false"},
	{"name_s": "/opt/rh/ruby193/root/usr/share/gems/gems/thor-0.18.1/lib/thor/runner.rb", "size_i": "9949", "regex": "false"},
	{"name_s": "/opt/rh/ruby193/root/usr/share/gems/gems/thor-0.18.1/lib/thor/shell", "size_i": "4096", "regex": "false"},
	{"name_s": "/opt/rh/ruby193/root/usr/share/gems/gems/thor-0.18.1/lib/thor/shell.rb", "size_i": "2320", "regex": "false"},
	{"name_s": "/opt/rh/ruby193/root/usr/share/gems/gems/thor-0.18.1/lib/thor/shell/basic.rb", "size_i": "11209", "regex": "false"},
	{"name_s": "/opt/rh/ruby193/root/usr/share/gems/gems/thor-0.18.1/lib/thor/shell/color.rb", "size_i": "4745", "regex": "false"},
	{"name_s": "/opt/rh/ruby193/root/usr/share/gems/gems/thor-0.18.1/lib/thor/shell/html.rb", "size_i": "4482", "regex": "false"},
	{"name_s": "/opt/rh/ruby193/root/usr/share/gems/gems/thor-0.18.1/lib/thor/util.rb", "size_i": "8414", "regex": "false"},
	{"name_s": "/opt/rh/ruby193/root/usr/share/gems/gems/thor-0.18.1/lib/thor/version.rb", "size_i": "36", "regex": "false"},
	{"name_s": "/opt/rh/ruby193/root/usr/share/gems/specifications/thor-0.18.1.gemspec", "size_i": "993", "regex": "false"}
]
