[
	{"name_s": "/opt/rh/ruby193/root/usr/bin/rails", "size_i": "479", "regex": "false"},
	{"name_s": "/opt/rh/ruby193/root/usr/share/gems/gems/railties-3.2.8", "size_i": "4096", "regex": "false"},
	{"name_s": "/opt/rh/ruby193/root/usr/share/gems/gems/railties-3.2.8/MIT-LICENSE", "size_i": "1072", "regex": "false"},
	{"name_s": "/opt/rh/ruby193/root/usr/share/gems/gems/railties-3.2.8/bin", "size_i": "4096", "regex": "false"},
	{"name_s": "/opt/rh/ruby193/root/usr/share/gems/gems/railties-3.2.8/bin/rails", "size_i": "206", "regex": "false"},
	{"name_s": "/opt/rh/ruby193/root/usr/share/gems/gems/railties-3.2.8/lib", "size_i": "4096", "regex": "false"},
	{"name_s": "/opt/rh/ruby193/root/usr/share/gems/gems/railties-3.2.8/lib/rails", "size_i": "4096", "regex": "false"},
	{"name_s": "/opt/rh/ruby193/root/usr/share/gems/gems/railties-3.2.8/lib/rails.rb", "size_i": "3038", "regex": "false"},
	{"name_s": "/opt/rh/ruby193/root/usr/share/gems/gems/railties-3.2.8/lib/rails/all.rb", "size_i": "215", "regex": "false"},
	{"name_s": "/opt/rh/ruby193/root/usr/share/gems/gems/railties-3.2.8/lib/rails/application", "size_i": "4096", "regex": "false"},
	{"name_s": "/opt/rh/ruby193/root/usr/share/gems/gems/railties-3.2.8/lib/rails/application.rb", "size_i": "11317", "regex": "false"},
	{"name_s": "/opt/rh/ruby193/root/usr/share/gems/gems/railties-3.2.8/lib/rails/application/bootstrap.rb", "size_i": "2811", "regex": "false"},
	{"name_s": "/opt/rh/ruby193/root/usr/share/gems/gems/railties-3.2.8/lib/rails/application/configuration.rb", "size_i": "5665", "regex": "false"},
	{"name_s": "/opt/rh/ruby193/root/usr/share/gems/gems/railties-3.2.8/lib/rails/application/finisher.rb", "size_i": "3300", "regex": "false"},
	{"name_s": "/opt/rh/ruby193/root/usr/share/gems/gems/railties-3.2.8/lib/rails/application/railties.rb", "size_i": "264", "regex": "false"},
	{"name_s": "/opt/rh/ruby193/root/usr/share/gems/gems/railties-3.2.8/lib/rails/application/route_inspector.rb", "size_i": "2673", "regex": "false"},
	{"name_s": "/opt/rh/ruby193/root/usr/share/gems/gems/railties-3.2.8/lib/rails/application/routes_reloader.rb", "size_i": "1136", "regex": "false"},
	{"name_s": "/opt/rh/ruby193/root/usr/share/gems/gems/railties-3.2.8/lib/rails/backtrace_cleaner.rb", "size_i": "1370", "regex": "false"},
	{"name_s": "/opt/rh/ruby193/root/usr/share/gems/gems/railties-3.2.8/lib/rails/cli.rb", "size_i": "414", "regex": "false"},
	{"name_s": "/opt/rh/ruby193/root/usr/share/gems/gems/railties-3.2.8/lib/rails/code_statistics.rb", "size_i": "3493", "regex": "false"},
	{"name_s": "/opt/rh/ruby193/root/usr/share/gems/gems/railties-3.2.8/lib/rails/commands", "size_i": "4096", "regex": "false"},
	{"name_s": "/opt/rh/ruby193/root/usr/share/gems/gems/railties-3.2.8/lib/rails/commands.rb", "size_i": "3145", "regex": "false"},
	{"name_s": "/opt/rh/ruby193/root/usr/share/gems/gems/railties-3.2.8/lib/rails/commands/application.rb", "size_i": "902", "regex": "false"},
	{"name_s": "/opt/rh/ruby193/root/usr/share/gems/gems/railties-3.2.8/lib/rails/commands/benchmarker.rb", "size_i": "1069", "regex": "false"},
	{"name_s": "/opt/rh/ruby193/root/usr/share/gems/gems/railties-3.2.8/lib/rails/commands/console.rb", "size_i": "1784", "regex": "false"},
	{"name_s": "/opt/rh/ruby193/root/usr/share/gems/gems/railties-3.2.8/lib/rails/commands/dbconsole.rb", "size_i": "3709", "regex": "false"},
	{"name_s": "/opt/rh/ruby193/root/usr/share/gems/gems/railties-3.2.8/lib/rails/commands/destroy.rb", "size_i": "276", "regex": "false"},
	{"name_s": "/opt/rh/ruby193/root/usr/share/gems/gems/railties-3.2.8/lib/rails/commands/generate.rb", "size_i": "328", "regex": "false"},
	{"name_s": "/opt/rh/ruby193/root/usr/share/gems/gems/railties-3.2.8/lib/rails/commands/plugin.rb", "size_i": "15684", "regex": "false"},
	{"name_s": "/opt/rh/ruby193/root/usr/share/gems/gems/railties-3.2.8/lib/rails/commands/plugin_new.rb", "size_i": "248", "regex": "false"},
	{"name_s": "/opt/rh/ruby193/root/usr/share/gems/gems/railties-3.2.8/lib/rails/commands/profiler.rb", "size_i": "1181", "regex": "false"},
	{"name_s": "/opt/rh/ruby193/root/usr/share/gems/gems/railties-3.2.8/lib/rails/commands/runner.rb", "size_i": "1545", "regex": "false"},
	{"name_s": "/opt/rh/ruby193/root/usr/share/gems/gems/railties-3.2.8/lib/rails/commands/server.rb", "size_i": "3385", "regex": "false"},
	{"name_s": "/opt/rh/ruby193/root/usr/share/gems/gems/railties-3.2.8/lib/rails/commands/update.rb", "size_i": "210", "regex": "false"},
	{"name_s": "/opt/rh/ruby193/root/usr/share/gems/gems/railties-3.2.8/lib/rails/configuration.rb", "size_i": "2327", "regex": "false"},
	{"name_s": "/opt/rh/ruby193/root/usr/share/gems/gems/railties-3.2.8/lib/rails/console", "size_i": "4096", "regex": "false"},
	{"name_s": "/opt/rh/ruby193/root/usr/share/gems/gems/railties-3.2.8/lib/rails/console/app.rb", "size_i": "1066", "regex": "false"},
	{"name_s": "/opt/rh/ruby193/root/usr/share/gems/gems/railties-3.2.8/lib/rails/console/helpers.rb", "size_i": "194", "regex": "false"},
	{"name_s": "/opt/rh/ruby193/root/usr/share/gems/gems/railties-3.2.8/lib/rails/engine", "size_i": "4096", "regex": "false"},
	{"name_s": "/opt/rh/ruby193/root/usr/share/gems/gems/railties-3.2.8/lib/rails/engine.rb", "size_i": "22788", "regex": "false"},
	{"name_s": "/opt/rh/ruby193/root/usr/share/gems/gems/railties-3.2.8/lib/rails/engine/commands.rb", "size_i": "1116", "regex": "false"},
	{"name_s": "/opt/rh/ruby193/root/usr/share/gems/gems/railties-3.2.8/lib/rails/engine/configuration.rb", "size_i": "2749", "regex": "false"},
	{"name_s": "/opt/rh/ruby193/root/usr/share/gems/gems/railties-3.2.8/lib/rails/engine/railties.rb", "size_i": "790", "regex": "false"},
	{"name_s": "/opt/rh/ruby193/root/usr/share/gems/gems/railties-3.2.8/lib/rails/generators", "size_i": "4096", "regex": "false"},
	{"name_s": "/opt/rh/ruby193/root/usr/share/gems/gems/railties-3.2.8/lib/rails/generators.rb", "size_i": "10279", "regex": "false"},
	{"name_s": "/opt/rh/ruby193/root/usr/share/gems/gems/railties-3.2.8/lib/rails/generators/actions.rb", "size_i": "10311", "regex": "false"},
	{"name_s": "/opt/rh/ruby193/root/usr/share/gems/gems/railties-3.2.8/lib/rails/generators/active_model.rb", "size_i": "1775", "regex": "false"},
	{"name_s": "/opt/rh/ruby193/root/usr/share/gems/gems/railties-3.2.8/lib/rails/generators/app_base.rb", "size_i": "10877", "regex": "false"},
	{"name_s": "/opt/rh/ruby193/root/usr/share/gems/gems/railties-3.2.8/lib/rails/generators/base.rb", "size_i": "13941", "regex": "false"},
	{"name_s": "/opt/rh/ruby193/root/usr/share/gems/gems/railties-3.2.8/lib/rails/generators/css", "size_i": "4096", "regex": "false"},
	{"name_s": "/opt/rh/ruby193/root/usr/share/gems/gems/railties-3.2.8/lib/rails/generators/css/assets", "size_i": "4096", "regex": "false"},
	{"name_s": "/opt/rh/ruby193/root/usr/share/gems/gems/railties-3.2.8/lib/rails/generators/css/assets/assets_generator.rb", "size_i": "347", "regex": "false"},
	{"name_s": "/opt/rh/ruby193/root/usr/share/gems/gems/railties-3.2.8/lib/rails/generators/css/assets/templates", "size_i": "4096", "regex": "false"},
	{"name_s": "/opt/rh/ruby193/root/usr/share/gems/gems/railties-3.2.8/lib/rails/generators/css/assets/templates/stylesheet.css", "size_i": "128", "regex": "false"},
	{"name_s": "/opt/rh/ruby193/root/usr/share/gems/gems/railties-3.2.8/lib/rails/generators/css/scaffold", "size_i": "4096", "regex": "false"},
	{"name_s": "/opt/rh/ruby193/root/usr/share/gems/gems/railties-3.2.8/lib/rails/generators/css/scaffold/scaffold_generator.rb", "size_i": "609", "regex": "false"},
	{"name_s": "/opt/rh/ruby193/root/usr/share/gems/gems/railties-3.2.8/lib/rails/generators/erb", "size_i": "4096", "regex": "false"},
	{"name_s": "/opt/rh/ruby193/root/usr/share/gems/gems/railties-3.2.8/lib/rails/generators/erb.rb", "size_i": "345", "regex": "false"},
	{"name_s": "/opt/rh/ruby193/root/usr/share/gems/gems/railties-3.2.8/lib/rails/generators/erb/controller", "size_i": "4096", "regex": "false"},
	{"name_s": "/opt/rh/ruby193/root/usr/share/gems/gems/railties-3.2.8/lib/rails/generators/erb/controller/controller_generator.rb", "size_i": "544", "regex": "false"},
	{"name_s": "/opt/rh/ruby193/root/usr/share/gems/gems/railties-3.2.8/lib/rails/generators/erb/controller/templates", "size_i": "4096", "regex": "false"},
	{"name_s": "/opt/rh/ruby193/root/usr/share/gems/gems/railties-3.2.8/lib/rails/generators/erb/controller/templates/view.html.erb", "size_i": "73", "regex": "false"},
	{"name_s": "/opt/rh/ruby193/root/usr/share/gems/gems/railties-3.2.8/lib/rails/generators/erb/mailer", "size_i": "4096", "regex": "false"},
	{"name_s": "/opt/rh/ruby193/root/usr/share/gems/gems/railties-3.2.8/lib/rails/generators/erb/mailer/mailer_generator.rb", "size_i": "219", "regex": "false"},
	{"name_s": "/opt/rh/ruby193/root/usr/share/gems/gems/railties-3.2.8/lib/rails/generators/erb/mailer/templates", "size_i": "4096", "regex": "false"},
	{"name_s": "/opt/rh/ruby193/root/usr/share/gems/gems/railties-3.2.8/lib/rails/generators/erb/mailer/templates/view.text.erb", "size_i": "87", "regex": "false"},
	{"name_s": "/opt/rh/ruby193/root/usr/share/gems/gems/railties-3.2.8/lib/rails/generators/erb/scaffold", "size_i": "4096", "regex": "false"},
	{"name_s": "/opt/rh/ruby193/root/usr/share/gems/gems/railties-3.2.8/lib/rails/generators/erb/scaffold/scaffold_generator.rb", "size_i": "729", "regex": "false"},
	{"name_s": "/opt/rh/ruby193/root/usr/share/gems/gems/railties-3.2.8/lib/rails/generators/erb/scaffold/templates", "size_i": "4096", "regex": "false"},
	{"name_s": "/opt/rh/ruby193/root/usr/share/gems/gems/railties-3.2.8/lib/rails/generators/erb/scaffold/templates/_form.html.erb", "size_i": "713", "regex": "false"},
	{"name_s": "/opt/rh/ruby193/root/usr/share/gems/gems/railties-3.2.8/lib/rails/generators/erb/scaffold/templates/edit.html.erb", "size_i": "171", "regex": "false"},
	{"name_s": "/opt/rh/ruby193/root/usr/share/gems/gems/railties-3.2.8/lib/rails/generators/erb/scaffold/templates/index.html.erb", "size_i": "851", "regex": "false"},
	{"name_s": "/opt/rh/ruby193/root/usr/share/gems/gems/railties-3.2.8/lib/rails/generators/erb/scaffold/templates/new.html.erb", "size_i": "113", "regex": "false"},
	{"name_s": "/opt/rh/ruby193/root/usr/share/gems/gems/railties-3.2.8/lib/rails/generators/erb/scaffold/templates/show.html.erb", "size_i": "334", "regex": "false"},
	{"name_s": "/opt/rh/ruby193/root/usr/share/gems/gems/railties-3.2.8/lib/rails/generators/generated_attribute.rb", "size_i": "3350", "regex": "false"},
	{"name_s": "/opt/rh/ruby193/root/usr/share/gems/gems/railties-3.2.8/lib/rails/generators/js", "size_i": "4096", "regex": "false"},
	{"name_s": "/opt/rh/ruby193/root/usr/share/gems/gems/railties-3.2.8/lib/rails/generators/js/assets", "size_i": "4096", "regex": "false"},
	{"name_s": "/opt/rh/ruby193/root/usr/share/gems/gems/railties-3.2.8/lib/rails/generators/js/assets/assets_generator.rb", "size_i": "344", "regex": "false"},
	{"name_s": "/opt/rh/ruby193/root/usr/share/gems/gems/railties-3.2.8/lib/rails/generators/js/assets/templates", "size_i": "4096", "regex": "false"},
	{"name_s": "/opt/rh/ruby193/root/usr/share/gems/gems/railties-3.2.8/lib/rails/generators/js/assets/templates/javascript.js", "size_i": "147", "regex": "false"},
	{"name_s": "/opt/rh/ruby193/root/usr/share/gems/gems/railties-3.2.8/lib/rails/generators/migration.rb", "size_i": "2498", "regex": "false"},
	{"name_s": "/opt/rh/ruby193/root/usr/share/gems/gems/railties-3.2.8/lib/rails/generators/named_base.rb", "size_i": "6064", "regex": "false"},
	{"name_s": "/opt/rh/ruby193/root/usr/share/gems/gems/railties-3.2.8/lib/rails/generators/rails", "size_i": "4096", "regex": "false"},
	{"name_s": "/opt/rh/ruby193/root/usr/share/gems/gems/railties-3.2.8/lib/rails/generators/rails/app", "size_i": "4096", "regex": "false"},
	{"name_s": "/opt/rh/ruby193/root/usr/share/gems/gems/railties-3.2.8/lib/rails/generators/rails/app/USAGE", "size_i": "620", "regex": "false"},
	{"name_s": "/opt/rh/ruby193/root/usr/share/gems/gems/railties-3.2.8/lib/rails/generators/rails/app/app_generator.rb", "size_i": "8052", "regex": "false"},
	{"name_s": "/opt/rh/ruby193/root/usr/share/gems/gems/railties-3.2.8/lib/rails/generators/rails/app/templates", "size_i": "4096", "regex": "false"},
	{"name_s": "/opt/rh/ruby193/root/usr/share/gems/gems/railties-3.2.8/lib/rails/generators/rails/app/templates/Gemfile", "size_i": "540", "regex": "false"},
	{"name_s": "/opt/rh/ruby193/root/usr/share/gems/gems/railties-3.2.8/lib/rails/generators/rails/app/templates/README", "size_i": "9208", "regex": "false"},
	{"name_s": "/opt/rh/ruby193/root/usr/share/gems/gems/railties-3.2.8/lib/rails/generators/rails/app/templates/Rakefile", "size_i": "268", "regex": "false"},
	{"name_s": "/opt/rh/ruby193/root/usr/share/gems/gems/railties-3.2.8/lib/rails/generators/rails/app/templates/app", "size_i": "4096", "regex": "false"},
	{"name_s": "/opt/rh/ruby193/root/usr/share/gems/gems/railties-3.2.8/lib/rails/generators/rails/app/templates/app/assets", "size_i": "4096", "regex": "false"},
	{"name_s": "/opt/rh/ruby193/root/usr/share/gems/gems/railties-3.2.8/lib/rails/generators/rails/app/templates/app/assets/images", "size_i": "4096", "regex": "false"},
	{"name_s": "/opt/rh/ruby193/root/usr/share/gems/gems/railties-3.2.8/lib/rails/generators/rails/app/templates/app/assets/images/rails.png", "size_i": "6646", "regex": "false"},
	{"name_s": "/opt/rh/ruby193/root/usr/share/gems/gems/railties-3.2.8/lib/rails/generators/rails/app/templates/app/assets/javascripts", "size_i": "4096", "regex": "false"},
	{"name_s": "/opt/rh/ruby193/root/usr/share/gems/gems/railties-3.2.8/lib/rails/generators/rails/app/templates/app/assets/javascripts/application.js.tt", "size_i": "734", "regex": "false"},
	{"name_s": "/opt/rh/ruby193/root/usr/share/gems/gems/railties-3.2.8/lib/rails/generators/rails/app/templates/app/assets/stylesheets", "size_i": "4096", "regex": "false"},
	{"name_s": "/opt/rh/ruby193/root/usr/share/gems/gems/railties-3.2.8/lib/rails/generators/rails/app/templates/app/assets/stylesheets/application.css", "size_i": "546", "regex": "false"},
	{"name_s": "/opt/rh/ruby193/root/usr/share/gems/gems/railties-3.2.8/lib/rails/generators/rails/app/templates/app/controllers", "size_i": "4096", "regex": "false"},
	{"name_s": "/opt/rh/ruby193/root/usr/share/gems/gems/railties-3.2.8/lib/rails/generators/rails/app/templates/app/controllers/application_controller.rb", "size_i": "80", "regex": "false"},
	{"name_s": "/opt/rh/ruby193/root/usr/share/gems/gems/railties-3.2.8/lib/rails/generators/rails/app/templates/app/helpers", "size_i": "4096", "regex": "false"},
	{"name_s": "/opt/rh/ruby193/root/usr/share/gems/gems/railties-3.2.8/lib/rails/generators/rails/app/templates/app/helpers/application_helper.rb", "size_i": "29", "regex": "false"},
	{"name_s": "/opt/rh/ruby193/root/usr/share/gems/gems/railties-3.2.8/lib/rails/generators/rails/app/templates/app/mailers", "size_i": "4096", "regex": "false"},
	{"name_s": "/opt/rh/ruby193/root/usr/share/gems/gems/railties-3.2.8/lib/rails/generators/rails/app/templates/app/mailers/.empty_directory", "size_i": "0", "regex": "false"},
	{"name_s": "/opt/rh/ruby193/root/usr/share/gems/gems/railties-3.2.8/lib/rails/generators/rails/app/templates/app/models", "size_i": "4096", "regex": "false"},
	{"name_s": "/opt/rh/ruby193/root/usr/share/gems/gems/railties-3.2.8/lib/rails/generators/rails/app/templates/app/models/.empty_directory", "size_i": "0", "regex": "false"},
	{"name_s": "/opt/rh/ruby193/root/usr/share/gems/gems/railties-3.2.8/lib/rails/generators/rails/app/templates/app/views", "size_i": "4096", "regex": "false"},
	{"name_s": "/opt/rh/ruby193/root/usr/share/gems/gems/railties-3.2.8/lib/rails/generators/rails/app/templates/app/views/layouts", "size_i": "4096", "regex": "false"},
	{"name_s": "/opt/rh/ruby193/root/usr/share/gems/gems/railties-3.2.8/lib/rails/generators/rails/app/templates/app/views/layouts/application.html.erb.tt", "size_i": "247", "regex": "false"},
	{"name_s": "/opt/rh/ruby193/root/usr/share/gems/gems/railties-3.2.8/lib/rails/generators/rails/app/templates/config", "size_i": "4096", "regex": "false"},
	{"name_s": "/opt/rh/ruby193/root/usr/share/gems/gems/railties-3.2.8/lib/rails/generators/rails/app/templates/config.ru", "size_i": "153", "regex": "false"},
	{"name_s": "/opt/rh/ruby193/root/usr/share/gems/gems/railties-3.2.8/lib/rails/generators/rails/app/templates/config/application.rb", "size_i": "3298", "regex": "false"},
	{"name_s": "/opt/rh/ruby193/root/usr/share/gems/gems/railties-3.2.8/lib/rails/generators/rails/app/templates/config/boot.rb", "size_i": "191", "regex": "false"},
	{"name_s": "/opt/rh/ruby193/root/usr/share/gems/gems/railties-3.2.8/lib/rails/generators/rails/app/templates/config/databases", "size_i": "4096", "regex": "false"},
	{"name_s": "/opt/rh/ruby193/root/usr/share/gems/gems/railties-3.2.8/lib/rails/generators/rails/app/templates/config/databases/frontbase.yml", "size_i": "713", "regex": "false"},
	{"name_s": "/opt/rh/ruby193/root/usr/share/gems/gems/railties-3.2.8/lib/rails/generators/rails/app/templates/config/databases/ibm_db.yml", "size_i": "2077", "regex": "false"},
	{"name_s": "/opt/rh/ruby193/root/usr/share/gems/gems/railties-3.2.8/lib/rails/generators/rails/app/templates/config/databases/jdbc.yml", "size_i": "1745", "regex": "false"},
	{"name_s": "/opt/rh/ruby193/root/usr/share/gems/gems/railties-3.2.8/lib/rails/generators/rails/app/templates/config/databases/jdbcmysql.yml", "size_i": "830", "regex": "false"},
	{"name_s": "/opt/rh/ruby193/root/usr/share/gems/gems/railties-3.2.8/lib/rails/generators/rails/app/templates/config/databases/jdbcpostgresql.yml", "size_i": "1240", "regex": "false"},
	{"name_s": "/opt/rh/ruby193/root/usr/share/gems/gems/railties-3.2.8/lib/rails/generators/rails/app/templates/config/databases/jdbcsqlite3.yml", "size_i": "513", "regex": "false"},
	{"name_s": "/opt/rh/ruby193/root/usr/share/gems/gems/railties-3.2.8/lib/rails/generators/rails/app/templates/config/databases/mysql.yml", "size_i": "1177", "regex": "false"},
	{"name_s": "/opt/rh/ruby193/root/usr/share/gems/gems/railties-3.2.8/lib/rails/generators/rails/app/templates/config/databases/oracle.yml", "size_i": "1087", "regex": "false"},
	{"name_s": "/opt/rh/ruby193/root/usr/share/gems/gems/railties-3.2.8/lib/rails/generators/rails/app/templates/config/databases/postgresql.yml", "size_i": "1527", "regex": "false"},
	{"name_s": "/opt/rh/ruby193/root/usr/share/gems/gems/railties-3.2.8/lib/rails/generators/rails/app/templates/config/databases/sqlite3.yml", "size_i": "576", "regex": "false"},
	{"name_s": "/opt/rh/ruby193/root/usr/share/gems/gems/railties-3.2.8/lib/rails/generators/rails/app/templates/config/environment.rb", "size_i": "147", "regex": "false"},
	{"name_s": "/opt/rh/ruby193/root/usr/share/gems/gems/railties-3.2.8/lib/rails/generators/rails/app/templates/config/environments", "size_i": "4096", "regex": "false"},
	{"name_s": "/opt/rh/ruby193/root/usr/share/gems/gems/railties-3.2.8/lib/rails/generators/rails/app/templates/config/environments/development.rb.tt", "size_i": "1484", "regex": "false"},
	{"name_s": "/opt/rh/ruby193/root/usr/share/gems/gems/railties-3.2.8/lib/rails/generators/rails/app/templates/config/environments/production.rb.tt", "size_i": "2646", "regex": "false"},
	{"name_s": "/opt/rh/ruby193/root/usr/share/gems/gems/railties-3.2.8/lib/rails/generators/rails/app/templates/config/environments/test.rb.tt", "size_i": "1582", "regex": "false"},
	{"name_s": "/opt/rh/ruby193/root/usr/share/gems/gems/railties-3.2.8/lib/rails/generators/rails/app/templates/config/initializers", "size_i": "4096", "regex": "false"},
	{"name_s": "/opt/rh/ruby193/root/usr/share/gems/gems/railties-3.2.8/lib/rails/generators/rails/app/templates/config/initializers/backtrace_silencers.rb", "size_i": "404", "regex": "false"},
	{"name_s": "/opt/rh/ruby193/root/usr/share/gems/gems/railties-3.2.8/lib/rails/generators/rails/app/templates/config/initializers/inflections.rb", "size_i": "533", "regex": "false"},
	{"name_s": "/opt/rh/ruby193/root/usr/share/gems/gems/railties-3.2.8/lib/rails/generators/rails/app/templates/config/initializers/mime_types.rb", "size_i": "205", "regex": "false"},
	{"name_s": "/opt/rh/ruby193/root/usr/share/gems/gems/railties-3.2.8/lib/rails/generators/rails/app/templates/config/initializers/secret_token.rb.tt", "size_i": "383", "regex": "false"},
	{"name_s": "/opt/rh/ruby193/root/usr/share/gems/gems/railties-3.2.8/lib/rails/generators/rails/app/templates/config/initializers/session_store.rb.tt", "size_i": "429", "regex": "false"},
	{"name_s": "/opt/rh/ruby193/root/usr/share/gems/gems/railties-3.2.8/lib/rails/generators/rails/app/templates/config/initializers/wrap_parameters.rb.tt", "size_i": "540", "regex": "false"},
	{"name_s": "/opt/rh/ruby193/root/usr/share/gems/gems/railties-3.2.8/lib/rails/generators/rails/app/templates/config/locales", "size_i": "4096", "regex": "false"},
	{"name_s": "/opt/rh/ruby193/root/usr/share/gems/gems/railties-3.2.8/lib/rails/generators/rails/app/templates/config/locales/en.yml", "size_i": "214", "regex": "false"},
	{"name_s": "/opt/rh/ruby193/root/usr/share/gems/gems/railties-3.2.8/lib/rails/generators/rails/app/templates/config/routes.rb", "size_i": "1786", "regex": "false"},
	{"name_s": "/opt/rh/ruby193/root/usr/share/gems/gems/railties-3.2.8/lib/rails/generators/rails/app/templates/db", "size_i": "4096", "regex": "false"},
	{"name_s": "/opt/rh/ruby193/root/usr/share/gems/gems/railties-3.2.8/lib/rails/generators/rails/app/templates/db/seeds.rb.tt", "size_i": "423", "regex": "false"},
	{"name_s": "/opt/rh/ruby193/root/usr/share/gems/gems/railties-3.2.8/lib/rails/generators/rails/app/templates/doc", "size_i": "4096", "regex": "false"},
	{"name_s": "/opt/rh/ruby193/root/usr/share/gems/gems/railties-3.2.8/lib/rails/generators/rails/app/templates/doc/README_FOR_APP", "size_i": "211", "regex": "false"},
	{"name_s": "/opt/rh/ruby193/root/usr/share/gems/gems/railties-3.2.8/lib/rails/generators/rails/app/templates/gitignore", "size_i": "430", "regex": "false"},
	{"name_s": "/opt/rh/ruby193/root/usr/share/gems/gems/railties-3.2.8/lib/rails/generators/rails/app/templates/public", "size_i": "4096", "regex": "false"},
	{"name_s": "/opt/rh/ruby193/root/usr/share/gems/gems/railties-3.2.8/lib/rails/generators/rails/app/templates/public/404.html", "size_i": "728", "regex": "false"},
	{"name_s": "/opt/rh/ruby193/root/usr/share/gems/gems/railties-3.2.8/lib/rails/generators/rails/app/templates/public/422.html", "size_i": "711", "regex": "false"},
	{"name_s": "/opt/rh/ruby193/root/usr/share/gems/gems/railties-3.2.8/lib/rails/generators/rails/app/templates/public/500.html", "size_i": "643", "regex": "false"},
	{"name_s": "/opt/rh/ruby193/root/usr/share/gems/gems/railties-3.2.8/lib/rails/generators/rails/app/templates/public/favicon.ico", "size_i": "0", "regex": "false"},
	{"name_s": "/opt/rh/ruby193/root/usr/share/gems/gems/railties-3.2.8/lib/rails/generators/rails/app/templates/public/index.html", "size_i": "5906", "regex": "false"},
	{"name_s": "/opt/rh/ruby193/root/usr/share/gems/gems/railties-3.2.8/lib/rails/generators/rails/app/templates/public/robots.txt", "size_i": "204", "regex": "false"},
	{"name_s": "/opt/rh/ruby193/root/usr/share/gems/gems/railties-3.2.8/lib/rails/generators/rails/app/templates/public/stylesheets", "size_i": "4096", "regex": "false"},
	{"name_s": "/opt/rh/ruby193/root/usr/share/gems/gems/railties-3.2.8/lib/rails/generators/rails/app/templates/public/stylesheets/.empty_directory", "size_i": "0", "regex": "false"},
	{"name_s": "/opt/rh/ruby193/root/usr/share/gems/gems/railties-3.2.8/lib/rails/generators/rails/app/templates/script", "size_i": "4096", "regex": "false"},
	{"name_s": "/opt/rh/ruby193/root/usr/share/gems/gems/railties-3.2.8/lib/rails/generators/rails/app/templates/script/rails", "size_i": "275", "regex": "false"},
	{"name_s": "/opt/rh/ruby193/root/usr/share/gems/gems/railties-3.2.8/lib/rails/generators/rails/app/templates/test", "size_i": "4096", "regex": "false"},
	{"name_s": "/opt/rh/ruby193/root/usr/share/gems/gems/railties-3.2.8/lib/rails/generators/rails/app/templates/test/fixtures", "size_i": "4096", "regex": "false"},
	{"name_s": "/opt/rh/ruby193/root/usr/share/gems/gems/railties-3.2.8/lib/rails/generators/rails/app/templates/test/fixtures/.empty_directory", "size_i": "0", "regex": "false"},
	{"name_s": "/opt/rh/ruby193/root/usr/share/gems/gems/railties-3.2.8/lib/rails/generators/rails/app/templates/test/functional", "size_i": "4096", "regex": "false"},
	{"name_s": "/opt/rh/ruby193/root/usr/share/gems/gems/railties-3.2.8/lib/rails/generators/rails/app/templates/test/functional/.empty_directory", "size_i": "0", "regex": "false"},
	{"name_s": "/opt/rh/ruby193/root/usr/share/gems/gems/railties-3.2.8/lib/rails/generators/rails/app/templates/test/integration", "size_i": "4096", "regex": "false"},
	{"name_s": "/opt/rh/ruby193/root/usr/share/gems/gems/railties-3.2.8/lib/rails/generators/rails/app/templates/test/integration/.empty_directory", "size_i": "0", "regex": "false"},
	{"name_s": "/opt/rh/ruby193/root/usr/share/gems/gems/railties-3.2.8/lib/rails/generators/rails/app/templates/test/performance", "size_i": "4096", "regex": "false"},
	{"name_s": "/opt/rh/ruby193/root/usr/share/gems/gems/railties-3.2.8/lib/rails/generators/rails/app/templates/test/performance/browsing_test.rb", "size_i": "370", "regex": "false"},
	{"name_s": "/opt/rh/ruby193/root/usr/share/gems/gems/railties-3.2.8/lib/rails/generators/rails/app/templates/test/test_helper.rb", "size_i": "508", "regex": "false"},
	{"name_s": "/opt/rh/ruby193/root/usr/share/gems/gems/railties-3.2.8/lib/rails/generators/rails/app/templates/test/unit", "size_i": "4096", "regex": "false"},
	{"name_s": "/opt/rh/ruby193/root/usr/share/gems/gems/railties-3.2.8/lib/rails/generators/rails/app/templates/test/unit/.empty_directory", "size_i": "0", "regex": "false"},
	{"name_s": "/opt/rh/ruby193/root/usr/share/gems/gems/railties-3.2.8/lib/rails/generators/rails/assets", "size_i": "4096", "regex": "false"},
	{"name_s": "/opt/rh/ruby193/root/usr/share/gems/gems/railties-3.2.8/lib/rails/generators/rails/assets/USAGE", "size_i": "682", "regex": "false"},
	{"name_s": "/opt/rh/ruby193/root/usr/share/gems/gems/railties-3.2.8/lib/rails/generators/rails/assets/assets_generator.rb", "size_i": "739", "regex": "false"},
	{"name_s": "/opt/rh/ruby193/root/usr/share/gems/gems/railties-3.2.8/lib/rails/generators/rails/assets/templates", "size_i": "4096", "regex": "false"},
	{"name_s": "/opt/rh/ruby193/root/usr/share/gems/gems/railties-3.2.8/lib/rails/generators/rails/assets/templates/javascript.js", "size_i": "147", "regex": "false"},
	{"name_s": "/opt/rh/ruby193/root/usr/share/gems/gems/railties-3.2.8/lib/rails/generators/rails/assets/templates/stylesheet.css", "size_i": "129", "regex": "false"},
	{"name_s": "/opt/rh/ruby193/root/usr/share/gems/gems/railties-3.2.8/lib/rails/generators/rails/controller", "size_i": "4096", "regex": "false"},
	{"name_s": "/opt/rh/ruby193/root/usr/share/gems/gems/railties-3.2.8/lib/rails/generators/rails/controller/USAGE", "size_i": "818", "regex": "false"},
	{"name_s": "/opt/rh/ruby193/root/usr/share/gems/gems/railties-3.2.8/lib/rails/generators/rails/controller/controller_generator.rb", "size_i": "581", "regex": "false"},
	{"name_s": "/opt/rh/ruby193/root/usr/share/gems/gems/railties-3.2.8/lib/rails/generators/rails/controller/templates", "size_i": "4096", "regex": "false"},
	{"name_s": "/opt/rh/ruby193/root/usr/share/gems/gems/railties-3.2.8/lib/rails/generators/rails/controller/templates/controller.rb", "size_i": "320", "regex": "false"},
	{"name_s": "/opt/rh/ruby193/root/usr/share/gems/gems/railties-3.2.8/lib/rails/generators/rails/generator", "size_i": "4096", "regex": "false"},
	{"name_s": "/opt/rh/ruby193/root/usr/share/gems/gems/railties-3.2.8/lib/rails/generators/rails/generator/USAGE", "size_i": "395", "regex": "false"},
	{"name_s": "/opt/rh/ruby193/root/usr/share/gems/gems/railties-3.2.8/lib/rails/generators/rails/generator/generator_generator.rb", "size_i": "637", "regex": "false"},
	{"name_s": "/opt/rh/ruby193/root/usr/share/gems/gems/railties-3.2.8/lib/rails/generators/rails/generator/templates", "size_i": "4096", "regex": "false"},
	{"name_s": "/opt/rh/ruby193/root/usr/share/gems/gems/railties-3.2.8/lib/rails/generators/rails/generator/templates/%file_name%_generator.rb.tt", "size_i": "125", "regex": "false"},
	{"name_s": "/opt/rh/ruby193/root/usr/share/gems/gems/railties-3.2.8/lib/rails/generators/rails/generator/templates/USAGE.tt", "size_i": "142", "regex": "false"},
	{"name_s": "/opt/rh/ruby193/root/usr/share/gems/gems/railties-3.2.8/lib/rails/generators/rails/generator/templates/templates", "size_i": "4096", "regex": "false"},
	{"name_s": "/opt/rh/ruby193/root/usr/share/gems/gems/railties-3.2.8/lib/rails/generators/rails/generator/templates/templates/.empty_directory", "size_i": "0", "regex": "false"},
	{"name_s": "/opt/rh/ruby193/root/usr/share/gems/gems/railties-3.2.8/lib/rails/generators/rails/helper", "size_i": "4096", "regex": "false"},
	{"name_s": "/opt/rh/ruby193/root/usr/share/gems/gems/railties-3.2.8/lib/rails/generators/rails/helper/USAGE", "size_i": "506", "regex": "false"},
	{"name_s": "/opt/rh/ruby193/root/usr/share/gems/gems/railties-3.2.8/lib/rails/generators/rails/helper/helper_generator.rb", "size_i": "303", "regex": "false"},
	{"name_s": "/opt/rh/ruby193/root/usr/share/gems/gems/railties-3.2.8/lib/rails/generators/rails/helper/templates", "size_i": "4096", "regex": "false"},
	{"name_s": "/opt/rh/ruby193/root/usr/share/gems/gems/railties-3.2.8/lib/rails/generators/rails/helper/templates/helper.rb", "size_i": "75", "regex": "false"},
	{"name_s": "/opt/rh/ruby193/root/usr/share/gems/gems/railties-3.2.8/lib/rails/generators/rails/integration_test", "size_i": "4096", "regex": "false"},
	{"name_s": "/opt/rh/ruby193/root/usr/share/gems/gems/railties-3.2.8/lib/rails/generators/rails/integration_test/USAGE", "size_i": "376", "regex": "false"},
	{"name_s": "/opt/rh/ruby193/root/usr/share/gems/gems/railties-3.2.8/lib/rails/generators/rails/integration_test/integration_test_generator.rb", "size_i": "152", "regex": "false"},
	{"name_s": "/opt/rh/ruby193/root/usr/share/gems/gems/railties-3.2.8/lib/rails/generators/rails/migration", "size_i": "4096", "regex": "false"},
	{"name_s": "/opt/rh/ruby193/root/usr/share/gems/gems/railties-3.2.8/lib/rails/generators/rails/migration/USAGE", "size_i": "1152", "regex": "false"},
	{"name_s": "/opt/rh/ruby193/root/usr/share/gems/gems/railties-3.2.8/lib/rails/generators/rails/migration/migration_generator.rb", "size_i": "262", "regex": "false"},
	{"name_s": "/opt/rh/ruby193/root/usr/share/gems/gems/railties-3.2.8/lib/rails/generators/rails/model", "size_i": "4096", "regex": "false"},
	{"name_s": "/opt/rh/ruby193/root/usr/share/gems/gems/railties-3.2.8/lib/rails/generators/rails/model/USAGE", "size_i": "1834", "regex": "false"},
	{"name_s": "/opt/rh/ruby193/root/usr/share/gems/gems/railties-3.2.8/lib/rails/generators/rails/model/model_generator.rb", "size_i": "258", "regex": "false"},
	{"name_s": "/opt/rh/ruby193/root/usr/share/gems/gems/railties-3.2.8/lib/rails/generators/rails/observer", "size_i": "4096", "regex": "false"},
	{"name_s": "/opt/rh/ruby193/root/usr/share/gems/gems/railties-3.2.8/lib/rails/generators/rails/observer/USAGE", "size_i": "396", "regex": "false"},
	{"name_s": "/opt/rh/ruby193/root/usr/share/gems/gems/railties-3.2.8/lib/rails/generators/rails/observer/observer_generator.rb", "size_i": "145", "regex": "false"},
	{"name_s": "/opt/rh/ruby193/root/usr/share/gems/gems/railties-3.2.8/lib/rails/generators/rails/performance_test", "size_i": "4096", "regex": "false"},
	{"name_s": "/opt/rh/ruby193/root/usr/share/gems/gems/railties-3.2.8/lib/rails/generators/rails/performance_test/USAGE", "size_i": "376", "regex": "false"},
	{"name_s": "/opt/rh/ruby193/root/usr/share/gems/gems/railties-3.2.8/lib/rails/generators/rails/performance_test/performance_test_generator.rb", "size_i": "152", "regex": "false"},
	{"name_s": "/opt/rh/ruby193/root/usr/share/gems/gems/railties-3.2.8/lib/rails/generators/rails/plugin_new", "size_i": "4096", "regex": "false"},
	{"name_s": "/opt/rh/ruby193/root/usr/share/gems/gems/railties-3.2.8/lib/rails/generators/rails/plugin_new/USAGE", "size_i": "349", "regex": "false"},
	{"name_s": "/opt/rh/ruby193/root/usr/share/gems/gems/railties-3.2.8/lib/rails/generators/rails/plugin_new/plugin_new_generator.rb", "size_i": "8474", "regex": "false"},
	{"name_s": "/opt/rh/ruby193/root/usr/share/gems/gems/railties-3.2.8/lib/rails/generators/rails/plugin_new/templates", "size_i": "4096", "regex": "false"},
	{"name_s": "/opt/rh/ruby193/root/usr/share/gems/gems/railties-3.2.8/lib/rails/generators/rails/plugin_new/templates/%name%.gemspec", "size_i": "997", "regex": "false"},
	{"name_s": "/opt/rh/ruby193/root/usr/share/gems/gems/railties-3.2.8/lib/rails/generators/rails/plugin_new/templates/Gemfile", "size_i": "838", "regex": "false"},
	{"name_s": "/opt/rh/ruby193/root/usr/share/gems/gems/railties-3.2.8/lib/rails/generators/rails/plugin_new/templates/MIT-LICENSE", "size_i": "1066", "regex": "false"},
	{"name_s": "/opt/rh/ruby193/root/usr/share/gems/gems/railties-3.2.8/lib/rails/generators/rails/plugin_new/templates/README.rdoc", "size_i": "60", "regex": "false"},
	{"name_s": "/opt/rh/ruby193/root/usr/share/gems/gems/railties-3.2.8/lib/rails/generators/rails/plugin_new/templates/Rakefile", "size_i": "773", "regex": "false"},
	{"name_s": "/opt/rh/ruby193/root/usr/share/gems/gems/railties-3.2.8/lib/rails/generators/rails/plugin_new/templates/app", "size_i": "4096", "regex": "false"},
	{"name_s": "/opt/rh/ruby193/root/usr/share/gems/gems/railties-3.2.8/lib/rails/generators/rails/plugin_new/templates/app/controllers", "size_i": "4096", "regex": "false"},
	{"name_s": "/opt/rh/ruby193/root/usr/share/gems/gems/railties-3.2.8/lib/rails/generators/rails/plugin_new/templates/app/controllers/%name%", "size_i": "4096", "regex": "false"},
	{"name_s": "/opt/rh/ruby193/root/usr/share/gems/gems/railties-3.2.8/lib/rails/generators/rails/plugin_new/templates/app/controllers/%name%/application_controller.rb.tt", "size_i": "89", "regex": "false"},
	{"name_s": "/opt/rh/ruby193/root/usr/share/gems/gems/railties-3.2.8/lib/rails/generators/rails/plugin_new/templates/app/helpers", "size_i": "4096", "regex": "false"},
	{"name_s": "/opt/rh/ruby193/root/usr/share/gems/gems/railties-3.2.8/lib/rails/generators/rails/plugin_new/templates/app/helpers/%name%", "size_i": "4096", "regex": "false"},
	{"name_s": "/opt/rh/ruby193/root/usr/share/gems/gems/railties-3.2.8/lib/rails/generators/rails/plugin_new/templates/app/helpers/%name%/application_helper.rb.tt", "size_i": "61", "regex": "false"},
	{"name_s": "/opt/rh/ruby193/root/usr/share/gems/gems/railties-3.2.8/lib/rails/generators/rails/plugin_new/templates/app/mailers", "size_i": "4096", "regex": "false"},
	{"name_s": "/opt/rh/ruby193/root/usr/share/gems/gems/railties-3.2.8/lib/rails/generators/rails/plugin_new/templates/app/mailers/.empty_directory", "size_i": "0", "regex": "false"},
	{"name_s": "/opt/rh/ruby193/root/usr/share/gems/gems/railties-3.2.8/lib/rails/generators/rails/plugin_new/templates/app/models", "size_i": "4096", "regex": "false"},
	{"name_s": "/opt/rh/ruby193/root/usr/share/gems/gems/railties-3.2.8/lib/rails/generators/rails/plugin_new/templates/app/models/.empty_directory", "size_i": "0", "regex": "false"},
	{"name_s": "/opt/rh/ruby193/root/usr/share/gems/gems/railties-3.2.8/lib/rails/generators/rails/plugin_new/templates/app/views", "size_i": "4096", "regex": "false"},
	{"name_s": "/opt/rh/ruby193/root/usr/share/gems/gems/railties-3.2.8/lib/rails/generators/rails/plugin_new/templates/app/views/layouts", "size_i": "4096", "regex": "false"},
	{"name_s": "/opt/rh/ruby193/root/usr/share/gems/gems/railties-3.2.8/lib/rails/generators/rails/plugin_new/templates/app/views/layouts/%name%", "size_i": "4096", "regex": "false"},
	{"name_s": "/opt/rh/ruby193/root/usr/share/gems/gems/railties-3.2.8/lib/rails/generators/rails/plugin_new/templates/app/views/layouts/%name%/application.html.erb.tt", "size_i": "271", "regex": "false"},
	{"name_s": "/opt/rh/ruby193/root/usr/share/gems/gems/railties-3.2.8/lib/rails/generators/rails/plugin_new/templates/config", "size_i": "4096", "regex": "false"},
	{"name_s": "/opt/rh/ruby193/root/usr/share/gems/gems/railties-3.2.8/lib/rails/generators/rails/plugin_new/templates/config/routes.rb", "size_i": "121", "regex": "false"},
	{"name_s": "/opt/rh/ruby193/root/usr/share/gems/gems/railties-3.2.8/lib/rails/generators/rails/plugin_new/templates/gitignore", "size_i": "136", "regex": "false"},
	{"name_s": "/opt/rh/ruby193/root/usr/share/gems/gems/railties-3.2.8/lib/rails/generators/rails/plugin_new/templates/lib", "size_i": "4096", "regex": "false"},
	{"name_s": "/opt/rh/ruby193/root/usr/share/gems/gems/railties-3.2.8/lib/rails/generators/rails/plugin_new/templates/lib/%name%", "size_i": "4096", "regex": "false"},
	{"name_s": "/opt/rh/ruby193/root/usr/share/gems/gems/railties-3.2.8/lib/rails/generators/rails/plugin_new/templates/lib/%name%.rb", "size_i": "85", "regex": "false"},
	{"name_s": "/opt/rh/ruby193/root/usr/share/gems/gems/railties-3.2.8/lib/rails/generators/rails/plugin_new/templates/lib/%name%/engine.rb", "size_i": "138", "regex": "false"},
	{"name_s": "/opt/rh/ruby193/root/usr/share/gems/gems/railties-3.2.8/lib/rails/generators/rails/plugin_new/templates/lib/%name%/version.rb", "size_i": "48", "regex": "false"},
	{"name_s": "/opt/rh/ruby193/root/usr/share/gems/gems/railties-3.2.8/lib/rails/generators/rails/plugin_new/templates/lib/tasks", "size_i": "4096", "regex": "false"},
	{"name_s": "/opt/rh/ruby193/root/usr/share/gems/gems/railties-3.2.8/lib/rails/generators/rails/plugin_new/templates/lib/tasks/%name%_tasks.rake", "size_i": "89", "regex": "false"},
	{"name_s": "/opt/rh/ruby193/root/usr/share/gems/gems/railties-3.2.8/lib/rails/generators/rails/plugin_new/templates/rails", "size_i": "4096", "regex": "false"},
	{"name_s": "/opt/rh/ruby193/root/usr/share/gems/gems/railties-3.2.8/lib/rails/generators/rails/plugin_new/templates/rails/application.rb", "size_i": "523", "regex": "false"},
	{"name_s": "/opt/rh/ruby193/root/usr/share/gems/gems/railties-3.2.8/lib/rails/generators/rails/plugin_new/templates/rails/boot.rb", "size_i": "235", "regex": "false"},
	{"name_s": "/opt/rh/ruby193/root/usr/share/gems/gems/railties-3.2.8/lib/rails/generators/rails/plugin_new/templates/rails/routes.rb", "size_i": "89", "regex": "false"},
	{"name_s": "/opt/rh/ruby193/root/usr/share/gems/gems/railties-3.2.8/lib/rails/generators/rails/plugin_new/templates/script", "size_i": "4096", "regex": "false"},
	{"name_s": "/opt/rh/ruby193/root/usr/share/gems/gems/railties-3.2.8/lib/rails/generators/rails/plugin_new/templates/script/rails.tt", "size_i": "303", "regex": "false"},
	{"name_s": "/opt/rh/ruby193/root/usr/share/gems/gems/railties-3.2.8/lib/rails/generators/rails/plugin_new/templates/test", "size_i": "4096", "regex": "false"},
	{"name_s": "/opt/rh/ruby193/root/usr/share/gems/gems/railties-3.2.8/lib/rails/generators/rails/plugin_new/templates/test/%name%_test.rb", "size_i": "148", "regex": "false"},
	{"name_s": "/opt/rh/ruby193/root/usr/share/gems/gems/railties-3.2.8/lib/rails/generators/rails/plugin_new/templates/test/integration", "size_i": "4096", "regex": "false"},
	{"name_s": "/opt/rh/ruby193/root/usr/share/gems/gems/railties-3.2.8/lib/rails/generators/rails/plugin_new/templates/test/integration/navigation_test.rb", "size_i": "204", "regex": "false"},
	{"name_s": "/opt/rh/ruby193/root/usr/share/gems/gems/railties-3.2.8/lib/rails/generators/rails/plugin_new/templates/test/test_helper.rb", "size_i": "469", "regex": "false"},
	{"name_s": "/opt/rh/ruby193/root/usr/share/gems/gems/railties-3.2.8/lib/rails/generators/rails/resource", "size_i": "4096", "regex": "false"},
	{"name_s": "/opt/rh/ruby193/root/usr/share/gems/gems/railties-3.2.8/lib/rails/generators/rails/resource/USAGE", "size_i": "1111", "regex": "false"},
	{"name_s": "/opt/rh/ruby193/root/usr/share/gems/gems/railties-3.2.8/lib/rails/generators/rails/resource/resource_generator.rb", "size_i": "654", "regex": "false"},
	{"name_s": "/opt/rh/ruby193/root/usr/share/gems/gems/railties-3.2.8/lib/rails/generators/rails/resource_route", "size_i": "4096", "regex": "false"},
	{"name_s": "/opt/rh/ruby193/root/usr/share/gems/gems/railties-3.2.8/lib/rails/generators/rails/resource_route/resource_route_generator.rb", "size_i": "430", "regex": "false"},
	{"name_s": "/opt/rh/ruby193/root/usr/share/gems/gems/railties-3.2.8/lib/rails/generators/rails/scaffold", "size_i": "4096", "regex": "false"},
	{"name_s": "/opt/rh/ruby193/root/usr/share/gems/gems/railties-3.2.8/lib/rails/generators/rails/scaffold/USAGE", "size_i": "1696", "regex": "false"},
	{"name_s": "/opt/rh/ruby193/root/usr/share/gems/gems/railties-3.2.8/lib/rails/generators/rails/scaffold/scaffold_generator.rb", "size_i": "723", "regex": "false"},
	{"name_s": "/opt/rh/ruby193/root/usr/share/gems/gems/railties-3.2.8/lib/rails/generators/rails/scaffold/templates", "size_i": "4096", "regex": "false"},
	{"name_s": "/opt/rh/ruby193/root/usr/share/gems/gems/railties-3.2.8/lib/rails/generators/rails/scaffold/templates/scaffold.css", "size_i": "916", "regex": "false"},
	{"name_s": "/opt/rh/ruby193/root/usr/share/gems/gems/railties-3.2.8/lib/rails/generators/rails/scaffold_controller", "size_i": "4096", "regex": "false"},
	{"name_s": "/opt/rh/ruby193/root/usr/share/gems/gems/railties-3.2.8/lib/rails/generators/rails/scaffold_controller/USAGE", "size_i": "881", "regex": "false"},
	{"name_s": "/opt/rh/ruby193/root/usr/share/gems/gems/railties-3.2.8/lib/rails/generators/rails/scaffold_controller/scaffold_controller_generator.rb", "size_i": "785", "regex": "false"},
	{"name_s": "/opt/rh/ruby193/root/usr/share/gems/gems/railties-3.2.8/lib/rails/generators/rails/scaffold_controller/templates", "size_i": "4096", "regex": "false"},
	{"name_s": "/opt/rh/ruby193/root/usr/share/gems/gems/railties-3.2.8/lib/rails/generators/rails/scaffold_controller/templates/controller.rb", "size_i": "3034", "regex": "false"},
	{"name_s": "/opt/rh/ruby193/root/usr/share/gems/gems/railties-3.2.8/lib/rails/generators/rails/session_migration", "size_i": "4096", "regex": "false"},
	{"name_s": "/opt/rh/ruby193/root/usr/share/gems/gems/railties-3.2.8/lib/rails/generators/rails/session_migration/USAGE", "size_i": "326", "regex": "false"},
	{"name_s": "/opt/rh/ruby193/root/usr/share/gems/gems/railties-3.2.8/lib/rails/generators/rails/session_migration/session_migration_generator.rb", "size_i": "226", "regex": "false"},
	{"name_s": "/opt/rh/ruby193/root/usr/share/gems/gems/railties-3.2.8/lib/rails/generators/rails/task", "size_i": "4096", "regex": "false"},
	{"name_s": "/opt/rh/ruby193/root/usr/share/gems/gems/railties-3.2.8/lib/rails/generators/rails/task/USAGE", "size_i": "247", "regex": "false"},
	{"name_s": "/opt/rh/ruby193/root/usr/share/gems/gems/railties-3.2.8/lib/rails/generators/rails/task/task_generator.rb", "size_i": "284", "regex": "false"},
	{"name_s": "/opt/rh/ruby193/root/usr/share/gems/gems/railties-3.2.8/lib/rails/generators/rails/task/templates", "size_i": "4096", "regex": "false"},
	{"name_s": "/opt/rh/ruby193/root/usr/share/gems/gems/railties-3.2.8/lib/rails/generators/rails/task/templates/task.rb", "size_i": "140", "regex": "false"},
	{"name_s": "/opt/rh/ruby193/root/usr/share/gems/gems/railties-3.2.8/lib/rails/generators/resource_helpers.rb", "size_i": "2534", "regex": "false"},
	{"name_s": "/opt/rh/ruby193/root/usr/share/gems/gems/railties-3.2.8/lib/rails/generators/test_case.rb", "size_i": "9445", "regex": "false"},
	{"name_s": "/opt/rh/ruby193/root/usr/share/gems/gems/railties-3.2.8/lib/rails/generators/test_unit", "size_i": "4096", "regex": "false"},
	{"name_s": "/opt/rh/ruby193/root/usr/share/gems/gems/railties-3.2.8/lib/rails/generators/test_unit.rb", "size_i": "148", "regex": "false"},
	{"name_s": "/opt/rh/ruby193/root/usr/share/gems/gems/railties-3.2.8/lib/rails/generators/test_unit/controller", "size_i": "4096", "regex": "false"},
	{"name_s": "/opt/rh/ruby193/root/usr/share/gems/gems/railties-3.2.8/lib/rails/generators/test_unit/controller/controller_generator.rb", "size_i": "441", "regex": "false"},
	{"name_s": "/opt/rh/ruby193/root/usr/share/gems/gems/railties-3.2.8/lib/rails/generators/test_unit/controller/templates", "size_i": "4096", "regex": "false"},
	{"name_s": "/opt/rh/ruby193/root/usr/share/gems/gems/railties-3.2.8/lib/rails/generators/test_unit/controller/templates/functional_test.rb", "size_i": "371", "regex": "false"},
	{"name_s": "/opt/rh/ruby193/root/usr/share/gems/gems/railties-3.2.8/lib/rails/generators/test_unit/helper", "size_i": "4096", "regex": "false"},
	{"name_s": "/opt/rh/ruby193/root/usr/share/gems/gems/railties-3.2.8/lib/rails/generators/test_unit/helper/helper_generator.rb", "size_i": "327", "regex": "false"},
	{"name_s": "/opt/rh/ruby193/root/usr/share/gems/gems/railties-3.2.8/lib/rails/generators/test_unit/helper/templates", "size_i": "4096", "regex": "false"},
	{"name_s": "/opt/rh/ruby193/root/usr/share/gems/gems/railties-3.2.8/lib/rails/generators/test_unit/helper/templates/helper_test.rb", "size_i": "124", "regex": "false"},
	{"name_s": "/opt/rh/ruby193/root/usr/share/gems/gems/railties-3.2.8/lib/rails/generators/test_unit/integration", "size_i": "4096", "regex": "false"},
	{"name_s": "/opt/rh/ruby193/root/usr/share/gems/gems/railties-3.2.8/lib/rails/generators/test_unit/integration/integration_generator.rb", "size_i": "321", "regex": "false"},
	{"name_s": "/opt/rh/ruby193/root/usr/share/gems/gems/railties-3.2.8/lib/rails/generators/test_unit/integration/templates", "size_i": "4096", "regex": "false"},
	{"name_s": "/opt/rh/ruby193/root/usr/share/gems/gems/railties-3.2.8/lib/rails/generators/test_unit/integration/templates/integration_test.rb", "size_i": "139", "regex": "false"},
	{"name_s": "/opt/rh/ruby193/root/usr/share/gems/gems/railties-3.2.8/lib/rails/generators/test_unit/mailer", "size_i": "4096", "regex": "false"},
	{"name_s": "/opt/rh/ruby193/root/usr/share/gems/gems/railties-3.2.8/lib/rails/generators/test_unit/mailer/mailer_generator.rb", "size_i": "399", "regex": "false"},
	{"name_s": "/opt/rh/ruby193/root/usr/share/gems/gems/railties-3.2.8/lib/rails/generators/test_unit/mailer/templates", "size_i": "4096", "regex": "false"},
	{"name_s": "/opt/rh/ruby193/root/usr/share/gems/gems/railties-3.2.8/lib/rails/generators/test_unit/mailer/templates/functional_test.rb", "size_i": "527", "regex": "false"},
	{"name_s": "/opt/rh/ruby193/root/usr/share/gems/gems/railties-3.2.8/lib/rails/generators/test_unit/model", "size_i": "4096", "regex": "false"},
	{"name_s": "/opt/rh/ruby193/root/usr/share/gems/gems/railties-3.2.8/lib/rails/generators/test_unit/model/model_generator.rb", "size_i": "702", "regex": "false"},
	{"name_s": "/opt/rh/ruby193/root/usr/share/gems/gems/railties-3.2.8/lib/rails/generators/test_unit/model/templates", "size_i": "4096", "regex": "false"},
	{"name_s": "/opt/rh/ruby193/root/usr/share/gems/gems/railties-3.2.8/lib/rails/generators/test_unit/model/templates/fixtures.yml", "size_i": "617", "regex": "false"},
	{"name_s": "/opt/rh/ruby193/root/usr/share/gems/gems/railties-3.2.8/lib/rails/generators/test_unit/model/templates/unit_test.rb", "size_i": "171", "regex": "false"},
	{"name_s": "/opt/rh/ruby193/root/usr/share/gems/gems/railties-3.2.8/lib/rails/generators/test_unit/observer", "size_i": "4096", "regex": "false"},
	{"name_s": "/opt/rh/ruby193/root/usr/share/gems/gems/railties-3.2.8/lib/rails/generators/test_unit/observer/observer_generator.rb", "size_i": "322", "regex": "false"},
	{"name_s": "/opt/rh/ruby193/root/usr/share/gems/gems/railties-3.2.8/lib/rails/generators/test_unit/observer/templates", "size_i": "4096", "regex": "false"},
	{"name_s": "/opt/rh/ruby193/root/usr/share/gems/gems/railties-3.2.8/lib/rails/generators/test_unit/observer/templates/unit_test.rb", "size_i": "179", "regex": "false"},
	{"name_s": "/opt/rh/ruby193/root/usr/share/gems/gems/railties-3.2.8/lib/rails/generators/test_unit/performance", "size_i": "4096", "regex": "false"},
	{"name_s": "/opt/rh/ruby193/root/usr/share/gems/gems/railties-3.2.8/lib/rails/generators/test_unit/performance/performance_generator.rb", "size_i": "321", "regex": "false"},
	{"name_s": "/opt/rh/ruby193/root/usr/share/gems/gems/railties-3.2.8/lib/rails/generators/test_unit/performance/templates", "size_i": "4096", "regex": "false"},
	{"name_s": "/opt/rh/ruby193/root/usr/share/gems/gems/railties-3.2.8/lib/rails/generators/test_unit/performance/templates/performance_test.rb", "size_i": "379", "regex": "false"},
	{"name_s": "/opt/rh/ruby193/root/usr/share/gems/gems/railties-3.2.8/lib/rails/generators/test_unit/plugin", "size_i": "4096", "regex": "false"},
	{"name_s": "/opt/rh/ruby193/root/usr/share/gems/gems/railties-3.2.8/lib/rails/generators/test_unit/plugin/plugin_generator.rb", "size_i": "240", "regex": "false"},
	{"name_s": "/opt/rh/ruby193/root/usr/share/gems/gems/railties-3.2.8/lib/rails/generators/test_unit/plugin/templates", "size_i": "4096", "regex": "false"},
	{"name_s": "/opt/rh/ruby193/root/usr/share/gems/gems/railties-3.2.8/lib/rails/generators/test_unit/plugin/templates/%file_name%_test.rb.tt", "size_i": "131", "regex": "false"},
	{"name_s": "/opt/rh/ruby193/root/usr/share/gems/gems/railties-3.2.8/lib/rails/generators/test_unit/plugin/templates/test_helper.rb", "size_i": "64", "regex": "false"},
	{"name_s": "/opt/rh/ruby193/root/usr/share/gems/gems/railties-3.2.8/lib/rails/generators/test_unit/scaffold", "size_i": "4096", "regex": "false"},
	{"name_s": "/opt/rh/ruby193/root/usr/share/gems/gems/railties-3.2.8/lib/rails/generators/test_unit/scaffold/scaffold_generator.rb", "size_i": "1034", "regex": "false"},
	{"name_s": "/opt/rh/ruby193/root/usr/share/gems/gems/railties-3.2.8/lib/rails/generators/test_unit/scaffold/templates", "size_i": "4096", "regex": "false"},
	{"name_s": "/opt/rh/ruby193/root/usr/share/gems/gems/railties-3.2.8/lib/rails/generators/test_unit/scaffold/templates/functional_test.rb", "size_i": "1458", "regex": "false"},
	{"name_s": "/opt/rh/ruby193/root/usr/share/gems/gems/railties-3.2.8/lib/rails/info.rb", "size_i": "3124", "regex": "false"},
	{"name_s": "/opt/rh/ruby193/root/usr/share/gems/gems/railties-3.2.8/lib/rails/info_controller.rb", "size_i": "438", "regex": "false"},
	{"name_s": "/opt/rh/ruby193/root/usr/share/gems/gems/railties-3.2.8/lib/rails/initializable.rb", "size_i": "2267", "regex": "false"},
	{"name_s": "/opt/rh/ruby193/root/usr/share/gems/gems/railties-3.2.8/lib/rails/paths.rb", "size_i": "6130", "regex": "false"},
	{"name_s": "/opt/rh/ruby193/root/usr/share/gems/gems/railties-3.2.8/lib/rails/performance_test_help.rb", "size_i": "152", "regex": "false"},
	{"name_s": "/opt/rh/ruby193/root/usr/share/gems/gems/railties-3.2.8/lib/rails/plugin.rb", "size_i": "3415", "regex": "false"},
	{"name_s": "/opt/rh/ruby193/root/usr/share/gems/gems/railties-3.2.8/lib/rails/rack", "size_i": "4096", "regex": "false"},
	{"name_s": "/opt/rh/ruby193/root/usr/share/gems/gems/railties-3.2.8/lib/rails/rack.rb", "size_i": "190", "regex": "false"},
	{"name_s": "/opt/rh/ruby193/root/usr/share/gems/gems/railties-3.2.8/lib/rails/rack/debugger.rb", "size_i": "589", "regex": "false"},
	{"name_s": "/opt/rh/ruby193/root/usr/share/gems/gems/railties-3.2.8/lib/rails/rack/log_tailer.rb", "size_i": "704", "regex": "false"},
	{"name_s": "/opt/rh/ruby193/root/usr/share/gems/gems/railties-3.2.8/lib/rails/rack/logger.rb", "size_i": "1151", "regex": "false"},
	{"name_s": "/opt/rh/ruby193/root/usr/share/gems/gems/railties-3.2.8/lib/rails/railtie", "size_i": "4096", "regex": "false"},
	{"name_s": "/opt/rh/ruby193/root/usr/share/gems/gems/railties-3.2.8/lib/rails/railtie.rb", "size_i": "6239", "regex": "false"},
	{"name_s": "/opt/rh/ruby193/root/usr/share/gems/gems/railties-3.2.8/lib/rails/railtie/configurable.rb", "size_i": "674", "regex": "false"},
	{"name_s": "/opt/rh/ruby193/root/usr/share/gems/gems/railties-3.2.8/lib/rails/railtie/configuration.rb", "size_i": "2749", "regex": "false"},
	{"name_s": "/opt/rh/ruby193/root/usr/share/gems/gems/railties-3.2.8/lib/rails/ruby_version_check.rb", "size_i": "572", "regex": "false"},
	{"name_s": "/opt/rh/ruby193/root/usr/share/gems/gems/railties-3.2.8/lib/rails/rubyprof_ext.rb", "size_i": "982", "regex": "false"},
	{"name_s": "/opt/rh/ruby193/root/usr/share/gems/gems/railties-3.2.8/lib/rails/script_rails_loader.rb", "size_i": "1018", "regex": "false"},
	{"name_s": "/opt/rh/ruby193/root/usr/share/gems/gems/railties-3.2.8/lib/rails/source_annotation_extractor.rb", "size_i": "3705", "regex": "false"},
	{"name_s": "/opt/rh/ruby193/root/usr/share/gems/gems/railties-3.2.8/lib/rails/tasks", "size_i": "4096", "regex": "false"},
	{"name_s": "/opt/rh/ruby193/root/usr/share/gems/gems/railties-3.2.8/lib/rails/tasks.rb", "size_i": "204", "regex": "false"},
	{"name_s": "/opt/rh/ruby193/root/usr/share/gems/gems/railties-3.2.8/lib/rails/tasks/annotations.rake", "size_i": "607", "regex": "false"},
	{"name_s": "/opt/rh/ruby193/root/usr/share/gems/gems/railties-3.2.8/lib/rails/tasks/documentation.rake", "size_i": "5126", "regex": "false"},
	{"name_s": "/opt/rh/ruby193/root/usr/share/gems/gems/railties-3.2.8/lib/rails/tasks/engine.rake", "size_i": "1847", "regex": "false"},
	{"name_s": "/opt/rh/ruby193/root/usr/share/gems/gems/railties-3.2.8/lib/rails/tasks/framework.rake", "size_i": "3131", "regex": "false"},
	{"name_s": "/opt/rh/ruby193/root/usr/share/gems/gems/railties-3.2.8/lib/rails/tasks/log.rake", "size_i": "204", "regex": "false"},
	{"name_s": "/opt/rh/ruby193/root/usr/share/gems/gems/railties-3.2.8/lib/rails/tasks/middleware.rake", "size_i": "234", "regex": "false"},
	{"name_s": "/opt/rh/ruby193/root/usr/share/gems/gems/railties-3.2.8/lib/rails/tasks/misc.rake", "size_i": "2293", "regex": "false"},
	{"name_s": "/opt/rh/ruby193/root/usr/share/gems/gems/railties-3.2.8/lib/rails/tasks/routes.rake", "size_i": "393", "regex": "false"},
	{"name_s": "/opt/rh/ruby193/root/usr/share/gems/gems/railties-3.2.8/lib/rails/tasks/statistics.rake", "size_i": "592", "regex": "false"},
	{"name_s": "/opt/rh/ruby193/root/usr/share/gems/gems/railties-3.2.8/lib/rails/tasks/tmp.rake", "size_i": "1015", "regex": "false"},
	{"name_s": "/opt/rh/ruby193/root/usr/share/gems/gems/railties-3.2.8/lib/rails/test_help.rb", "size_i": "1417", "regex": "false"},
	{"name_s": "/opt/rh/ruby193/root/usr/share/gems/gems/railties-3.2.8/lib/rails/test_unit", "size_i": "4096", "regex": "false"},
	{"name_s": "/opt/rh/ruby193/root/usr/share/gems/gems/railties-3.2.8/lib/rails/test_unit/railtie.rb", "size_i": "363", "regex": "false"},
	{"name_s": "/opt/rh/ruby193/root/usr/share/gems/gems/railties-3.2.8/lib/rails/test_unit/sub_test_task.rb", "size_i": "189", "regex": "false"},
	{"name_s": "/opt/rh/ruby193/root/usr/share/gems/gems/railties-3.2.8/lib/rails/test_unit/testing.rake", "size_i": "4900", "regex": "false"},
	{"name_s": "/opt/rh/ruby193/root/usr/share/gems/gems/railties-3.2.8/lib/rails/version.rb", "size_i": "165", "regex": "false"},
	{"name_s": "/opt/rh/ruby193/root/usr/share/gems/specifications/railties-3.2.8.gemspec", "size_i": "1889", "regex": "false"}
]
