[
	{"name_s": "/opt/rh/ruby193/root/usr/share/gems/doc/activeresource-3.2.8", "size_i": "4096", "regex": "false"},
	{"name_s": "/opt/rh/ruby193/root/usr/share/gems/doc/activeresource-3.2.8/rdoc", "size_i": "4096", "regex": "false"},
	{"name_s": "/opt/rh/ruby193/root/usr/share/gems/doc/activeresource-3.2.8/rdoc/ActiveResource", "size_i": "4096", "regex": "false"},
	{"name_s": "/opt/rh/ruby193/root/usr/share/gems/doc/activeresource-3.2.8/rdoc/ActiveResource.html", "size_i": "10895", "regex": "false"},
	{"name_s": "/opt/rh/ruby193/root/usr/share/gems/doc/activeresource-3.2.8/rdoc/ActiveResource/Base.html", "size_i": "160376", "regex": "false"},
	{"name_s": "/opt/rh/ruby193/root/usr/share/gems/doc/activeresource-3.2.8/rdoc/ActiveResource/Connection.html", "size_i": "31800", "regex": "false"},
	{"name_s": "/opt/rh/ruby193/root/usr/share/gems/doc/activeresource-3.2.8/rdoc/ActiveResource/CustomMethods", "size_i": "4096", "regex": "false"},
	{"name_s": "/opt/rh/ruby193/root/usr/share/gems/doc/activeresource-3.2.8/rdoc/ActiveResource/CustomMethods.html", "size_i": "23945", "regex": "false"},
	{"name_s": "/opt/rh/ruby193/root/usr/share/gems/doc/activeresource-3.2.8/rdoc/ActiveResource/CustomMethods/ClassMethods.html", "size_i": "7599", "regex": "false"},
	{"name_s": "/opt/rh/ruby193/root/usr/share/gems/doc/activeresource-3.2.8/rdoc/ActiveResource/Errors.html", "size_i": "13560", "regex": "false"},
	{"name_s": "/opt/rh/ruby193/root/usr/share/gems/doc/activeresource-3.2.8/rdoc/ActiveResource/Formats", "size_i": "4096", "regex": "false"},
	{"name_s": "/opt/rh/ruby193/root/usr/share/gems/doc/activeresource-3.2.8/rdoc/ActiveResource/Formats.html", "size_i": "10379", "regex": "false"},
	{"name_s": "/opt/rh/ruby193/root/usr/share/gems/doc/activeresource-3.2.8/rdoc/ActiveResource/Formats/JsonFormat.html", "size_i": "10695", "regex": "false"},
	{"name_s": "/opt/rh/ruby193/root/usr/share/gems/doc/activeresource-3.2.8/rdoc/ActiveResource/Formats/XmlFormat.html", "size_i": "10432", "regex": "false"},
	{"name_s": "/opt/rh/ruby193/root/usr/share/gems/doc/activeresource-3.2.8/rdoc/ActiveResource/HttpMock.html", "size_i": "20457", "regex": "false"},
	{"name_s": "/opt/rh/ruby193/root/usr/share/gems/doc/activeresource-3.2.8/rdoc/ActiveResource/InvalidRequestError.html", "size_i": "5642", "regex": "false"},
	{"name_s": "/opt/rh/ruby193/root/usr/share/gems/doc/activeresource-3.2.8/rdoc/ActiveResource/LogSubscriber.html", "size_i": "9115", "regex": "false"},
	{"name_s": "/opt/rh/ruby193/root/usr/share/gems/doc/activeresource-3.2.8/rdoc/ActiveResource/Observing.html", "size_i": "5727", "regex": "false"},
	{"name_s": "/opt/rh/ruby193/root/usr/share/gems/doc/activeresource-3.2.8/rdoc/ActiveResource/Railtie.html", "size_i": "5613", "regex": "false"},
	{"name_s": "/opt/rh/ruby193/root/usr/share/gems/doc/activeresource-3.2.8/rdoc/ActiveResource/Request.html", "size_i": "12309", "regex": "false"},
	{"name_s": "/opt/rh/ruby193/root/usr/share/gems/doc/activeresource-3.2.8/rdoc/ActiveResource/Response.html", "size_i": "16661", "regex": "false"},
	{"name_s": "/opt/rh/ruby193/root/usr/share/gems/doc/activeresource-3.2.8/rdoc/ActiveResource/SSLError.html", "size_i": "8334", "regex": "false"},
	{"name_s": "/opt/rh/ruby193/root/usr/share/gems/doc/activeresource-3.2.8/rdoc/ActiveResource/TimeoutError.html", "size_i": "8334", "regex": "false"},
	{"name_s": "/opt/rh/ruby193/root/usr/share/gems/doc/activeresource-3.2.8/rdoc/ActiveResource/Validations.html", "size_i": "13849", "regex": "false"},
	{"name_s": "/opt/rh/ruby193/root/usr/share/gems/doc/activeresource-3.2.8/rdoc/README_rdoc.html", "size_i": "12319", "regex": "false"},
	{"name_s": "/opt/rh/ruby193/root/usr/share/gems/doc/activeresource-3.2.8/rdoc/created.rid", "size_i": "1060", "regex": "false"},
	{"name_s": "/opt/rh/ruby193/root/usr/share/gems/doc/activeresource-3.2.8/rdoc/images", "size_i": "4096", "regex": "false"},
	{"name_s": "/opt/rh/ruby193/root/usr/share/gems/doc/activeresource-3.2.8/rdoc/images/brick.png", "size_i": "452", "regex": "false"},
	{"name_s": "/opt/rh/ruby193/root/usr/share/gems/doc/activeresource-3.2.8/rdoc/images/brick_link.png", "size_i": "764", "regex": "false"},
	{"name_s": "/opt/rh/ruby193/root/usr/share/gems/doc/activeresource-3.2.8/rdoc/images/bug.png", "size_i": "774", "regex": "false"},
	{"name_s": "/opt/rh/ruby193/root/usr/share/gems/doc/activeresource-3.2.8/rdoc/images/bullet_black.png", "size_i": "211", "regex": "false"},
	{"name_s": "/opt/rh/ruby193/root/usr/share/gems/doc/activeresource-3.2.8/rdoc/images/bullet_toggle_minus.png", "size_i": "207", "regex": "false"},
	{"name_s": "/opt/rh/ruby193/root/usr/share/gems/doc/activeresource-3.2.8/rdoc/images/bullet_toggle_plus.png", "size_i": "209", "regex": "false"},
	{"name_s": "/opt/rh/ruby193/root/usr/share/gems/doc/activeresource-3.2.8/rdoc/images/date.png", "size_i": "626", "regex": "false"},
	{"name_s": "/opt/rh/ruby193/root/usr/share/gems/doc/activeresource-3.2.8/rdoc/images/find.png", "size_i": "659", "regex": "false"},
	{"name_s": "/opt/rh/ruby193/root/usr/share/gems/doc/activeresource-3.2.8/rdoc/images/loadingAnimation.gif", "size_i": "5886", "regex": "false"},
	{"name_s": "/opt/rh/ruby193/root/usr/share/gems/doc/activeresource-3.2.8/rdoc/images/macFFBgHack.png", "size_i": "207", "regex": "false"},
	{"name_s": "/opt/rh/ruby193/root/usr/share/gems/doc/activeresource-3.2.8/rdoc/images/package.png", "size_i": "853", "regex": "false"},
	{"name_s": "/opt/rh/ruby193/root/usr/share/gems/doc/activeresource-3.2.8/rdoc/images/page_green.png", "size_i": "621", "regex": "false"},
	{"name_s": "/opt/rh/ruby193/root/usr/share/gems/doc/activeresource-3.2.8/rdoc/images/page_white_text.png", "size_i": "342", "regex": "false"},
	{"name_s": "/opt/rh/ruby193/root/usr/share/gems/doc/activeresource-3.2.8/rdoc/images/page_white_width.png", "size_i": "309", "regex": "false"},
	{"name_s": "/opt/rh/ruby193/root/usr/share/gems/doc/activeresource-3.2.8/rdoc/images/plugin.png", "size_i": "591", "regex": "false"},
	{"name_s": "/opt/rh/ruby193/root/usr/share/gems/doc/activeresource-3.2.8/rdoc/images/ruby.png", "size_i": "592", "regex": "false"},
	{"name_s": "/opt/rh/ruby193/root/usr/share/gems/doc/activeresource-3.2.8/rdoc/images/tag_green.png", "size_i": "613", "regex": "false"},
	{"name_s": "/opt/rh/ruby193/root/usr/share/gems/doc/activeresource-3.2.8/rdoc/images/wrench.png", "size_i": "610", "regex": "false"},
	{"name_s": "/opt/rh/ruby193/root/usr/share/gems/doc/activeresource-3.2.8/rdoc/images/wrench_orange.png", "size_i": "584", "regex": "false"},
	{"name_s": "/opt/rh/ruby193/root/usr/share/gems/doc/activeresource-3.2.8/rdoc/images/zoom.png", "size_i": "692", "regex": "false"},
	{"name_s": "/opt/rh/ruby193/root/usr/share/gems/doc/activeresource-3.2.8/rdoc/index.html", "size_i": "27547", "regex": "false"},
	{"name_s": "/opt/rh/ruby193/root/usr/share/gems/doc/activeresource-3.2.8/rdoc/js", "size_i": "4096", "regex": "false"},
	{"name_s": "/opt/rh/ruby193/root/usr/share/gems/doc/activeresource-3.2.8/rdoc/js/darkfish.js", "size_i": "3229", "regex": "false"},
	{"name_s": "/opt/rh/ruby193/root/usr/share/gems/doc/activeresource-3.2.8/rdoc/js/jquery.js", "size_i": "55772", "regex": "false"},
	{"name_s": "/opt/rh/ruby193/root/usr/share/gems/doc/activeresource-3.2.8/rdoc/js/quicksearch.js", "size_i": "2592", "regex": "false"},
	{"name_s": "/opt/rh/ruby193/root/usr/share/gems/doc/activeresource-3.2.8/rdoc/js/thickbox-compressed.js", "size_i": "5978", "regex": "false"},
	{"name_s": "/opt/rh/ruby193/root/usr/share/gems/doc/activeresource-3.2.8/rdoc/lib", "size_i": "4096", "regex": "false"},
	{"name_s": "/opt/rh/ruby193/root/usr/share/gems/doc/activeresource-3.2.8/rdoc/lib/active_resource", "size_i": "4096", "regex": "false"},
	{"name_s": "/opt/rh/ruby193/root/usr/share/gems/doc/activeresource-3.2.8/rdoc/lib/active_resource/base_rb.html", "size_i": "2321", "regex": "false"},
	{"name_s": "/opt/rh/ruby193/root/usr/share/gems/doc/activeresource-3.2.8/rdoc/lib/active_resource/connection_rb.html", "size_i": "1638", "regex": "false"},
	{"name_s": "/opt/rh/ruby193/root/usr/share/gems/doc/activeresource-3.2.8/rdoc/lib/active_resource/custom_methods_rb.html", "size_i": "1384", "regex": "false"},
	{"name_s": "/opt/rh/ruby193/root/usr/share/gems/doc/activeresource-3.2.8/rdoc/lib/active_resource/exceptions_rb.html", "size_i": "1315", "regex": "false"},
	{"name_s": "/opt/rh/ruby193/root/usr/share/gems/doc/activeresource-3.2.8/rdoc/lib/active_resource/formats", "size_i": "4096", "regex": "false"},
	{"name_s": "/opt/rh/ruby193/root/usr/share/gems/doc/activeresource-3.2.8/rdoc/lib/active_resource/formats/json_format_rb.html", "size_i": "1379", "regex": "false"},
	{"name_s": "/opt/rh/ruby193/root/usr/share/gems/doc/activeresource-3.2.8/rdoc/lib/active_resource/formats/xml_format_rb.html", "size_i": "1399", "regex": "false"},
	{"name_s": "/opt/rh/ruby193/root/usr/share/gems/doc/activeresource-3.2.8/rdoc/lib/active_resource/formats_rb.html", "size_i": "1312", "regex": "false"},
	{"name_s": "/opt/rh/ruby193/root/usr/share/gems/doc/activeresource-3.2.8/rdoc/lib/active_resource/http_mock_rb.html", "size_i": "1452", "regex": "false"},
	{"name_s": "/opt/rh/ruby193/root/usr/share/gems/doc/activeresource-3.2.8/rdoc/lib/active_resource/log_subscriber_rb.html", "size_i": "1319", "regex": "false"},
	{"name_s": "/opt/rh/ruby193/root/usr/share/gems/doc/activeresource-3.2.8/rdoc/lib/active_resource/observing_rb.html", "size_i": "1314", "regex": "false"},
	{"name_s": "/opt/rh/ruby193/root/usr/share/gems/doc/activeresource-3.2.8/rdoc/lib/active_resource/railtie_rb.html", "size_i": "1390", "regex": "false"},
	{"name_s": "/opt/rh/ruby193/root/usr/share/gems/doc/activeresource-3.2.8/rdoc/lib/active_resource/schema_rb.html", "size_i": "1366", "regex": "false"},
	{"name_s": "/opt/rh/ruby193/root/usr/share/gems/doc/activeresource-3.2.8/rdoc/lib/active_resource/validations_rb.html", "size_i": "1444", "regex": "false"},
	{"name_s": "/opt/rh/ruby193/root/usr/share/gems/doc/activeresource-3.2.8/rdoc/lib/active_resource/version_rb.html", "size_i": "1312", "regex": "false"},
	{"name_s": "/opt/rh/ruby193/root/usr/share/gems/doc/activeresource-3.2.8/rdoc/lib/active_resource_rb.html", "size_i": "1496", "regex": "false"},
	{"name_s": "/opt/rh/ruby193/root/usr/share/gems/doc/activeresource-3.2.8/rdoc/rdoc.css", "size_i": "13693", "regex": "false"},
	{"name_s": "/opt/rh/ruby193/root/usr/share/gems/doc/activeresource-3.2.8/ri", "size_i": "4096", "regex": "false"},
	{"name_s": "/opt/rh/ruby193/root/usr/share/gems/doc/activeresource-3.2.8/ri/ActiveResource", "size_i": "4096", "regex": "false"},
	{"name_s": "/opt/rh/ruby193/root/usr/share/gems/doc/activeresource-3.2.8/ri/ActiveResource/Base", "size_i": "4096", "regex": "false"},
	{"name_s": "/opt/rh/ruby193/root/usr/share/gems/doc/activeresource-3.2.8/ri/ActiveResource/Base/%3d%3d-i.ri", "size_i": "1003", "regex": "false"},
	{"name_s": "/opt/rh/ruby193/root/usr/share/gems/doc/activeresource-3.2.8/ri/ActiveResource/Base/all-c.ri", "size_i": "337", "regex": "false"},
	{"name_s": "/opt/rh/ruby193/root/usr/share/gems/doc/activeresource-3.2.8/ri/ActiveResource/Base/auth_type%3d-c.ri", "size_i": "190", "regex": "false"},
	{"name_s": "/opt/rh/ruby193/root/usr/share/gems/doc/activeresource-3.2.8/ri/ActiveResource/Base/auth_type-c.ri", "size_i": "179", "regex": "false"},
	{"name_s": "/opt/rh/ruby193/root/usr/share/gems/doc/activeresource-3.2.8/ri/ActiveResource/Base/build-c.ri", "size_i": "654", "regex": "false"},
	{"name_s": "/opt/rh/ruby193/root/usr/share/gems/doc/activeresource-3.2.8/ri/ActiveResource/Base/cdesc-Base.ri", "size_i": "13663", "regex": "false"},
	{"name_s": "/opt/rh/ruby193/root/usr/share/gems/doc/activeresource-3.2.8/ri/ActiveResource/Base/clone-i.ri", "size_i": "1101", "regex": "false"},
	{"name_s": "/opt/rh/ruby193/root/usr/share/gems/doc/activeresource-3.2.8/ri/ActiveResource/Base/collection_name-c.ri", "size_i": "181", "regex": "false"},
	{"name_s": "/opt/rh/ruby193/root/usr/share/gems/doc/activeresource-3.2.8/ri/ActiveResource/Base/collection_path-c.ri", "size_i": "1294", "regex": "false"},
	{"name_s": "/opt/rh/ruby193/root/usr/share/gems/doc/activeresource-3.2.8/ri/ActiveResource/Base/collection_path-i.ri", "size_i": "206", "regex": "false"},
	{"name_s": "/opt/rh/ruby193/root/usr/share/gems/doc/activeresource-3.2.8/ri/ActiveResource/Base/connection-c.ri", "size_i": "469", "regex": "false"},
	{"name_s": "/opt/rh/ruby193/root/usr/share/gems/doc/activeresource-3.2.8/ri/ActiveResource/Base/connection-i.ri", "size_i": "198", "regex": "false"},
	{"name_s": "/opt/rh/ruby193/root/usr/share/gems/doc/activeresource-3.2.8/ri/ActiveResource/Base/create-c.ri", "size_i": "1440", "regex": "false"},
	{"name_s": "/opt/rh/ruby193/root/usr/share/gems/doc/activeresource-3.2.8/ri/ActiveResource/Base/create-i.ri", "size_i": "274", "regex": "false"},
	{"name_s": "/opt/rh/ruby193/root/usr/share/gems/doc/activeresource-3.2.8/ri/ActiveResource/Base/delete-c.ri", "size_i": "874", "regex": "false"},
	{"name_s": "/opt/rh/ruby193/root/usr/share/gems/doc/activeresource-3.2.8/ri/ActiveResource/Base/destroy-i.ri", "size_i": "678", "regex": "false"},
	{"name_s": "/opt/rh/ruby193/root/usr/share/gems/doc/activeresource-3.2.8/ri/ActiveResource/Base/dup-i.ri", "size_i": "707", "regex": "false"},
	{"name_s": "/opt/rh/ruby193/root/usr/share/gems/doc/activeresource-3.2.8/ri/ActiveResource/Base/element_name-c.ri", "size_i": "175", "regex": "false"},
	{"name_s": "/opt/rh/ruby193/root/usr/share/gems/doc/activeresource-3.2.8/ri/ActiveResource/Base/element_path-c.ri", "size_i": "1336", "regex": "false"},
	{"name_s": "/opt/rh/ruby193/root/usr/share/gems/doc/activeresource-3.2.8/ri/ActiveResource/Base/element_path-i.ri", "size_i": "200", "regex": "false"},
	{"name_s": "/opt/rh/ruby193/root/usr/share/gems/doc/activeresource-3.2.8/ri/ActiveResource/Base/encode-i.ri", "size_i": "438", "regex": "false"},
	{"name_s": "/opt/rh/ruby193/root/usr/share/gems/doc/activeresource-3.2.8/ri/ActiveResource/Base/eql%3f-i.ri", "size_i": "248", "regex": "false"},
	{"name_s": "/opt/rh/ruby193/root/usr/share/gems/doc/activeresource-3.2.8/ri/ActiveResource/Base/exists%3f-c.ri", "size_i": "585", "regex": "false"},
	{"name_s": "/opt/rh/ruby193/root/usr/share/gems/doc/activeresource-3.2.8/ri/ActiveResource/Base/exists%3f-i.ri", "size_i": "892", "regex": "false"},
	{"name_s": "/opt/rh/ruby193/root/usr/share/gems/doc/activeresource-3.2.8/ri/ActiveResource/Base/find-c.ri", "size_i": "2636", "regex": "false"},
	{"name_s": "/opt/rh/ruby193/root/usr/share/gems/doc/activeresource-3.2.8/ri/ActiveResource/Base/first-c.ri", "size_i": "372", "regex": "false"},
	{"name_s": "/opt/rh/ruby193/root/usr/share/gems/doc/activeresource-3.2.8/ri/ActiveResource/Base/format%3d-c.ri", "size_i": "617", "regex": "false"},
	{"name_s": "/opt/rh/ruby193/root/usr/share/gems/doc/activeresource-3.2.8/ri/ActiveResource/Base/format-c.ri", "size_i": "286", "regex": "false"},
	{"name_s": "/opt/rh/ruby193/root/usr/share/gems/doc/activeresource-3.2.8/ri/ActiveResource/Base/hash-i.ri", "size_i": "440", "regex": "false"},
	{"name_s": "/opt/rh/ruby193/root/usr/share/gems/doc/activeresource-3.2.8/ri/ActiveResource/Base/headers-c.ri", "size_i": "175", "regex": "false"},
	{"name_s": "/opt/rh/ruby193/root/usr/share/gems/doc/activeresource-3.2.8/ri/ActiveResource/Base/id%3d-i.ri", "size_i": "254", "regex": "false"},
	{"name_s": "/opt/rh/ruby193/root/usr/share/gems/doc/activeresource-3.2.8/ri/ActiveResource/Base/id-i.ri", "size_i": "250", "regex": "false"},
	{"name_s": "/opt/rh/ruby193/root/usr/share/gems/doc/activeresource-3.2.8/ri/ActiveResource/Base/id_from_response-i.ri", "size_i": "305", "regex": "false"},
	{"name_s": "/opt/rh/ruby193/root/usr/share/gems/doc/activeresource-3.2.8/ri/ActiveResource/Base/known_attributes-c.ri", "size_i": "656", "regex": "false"},
	{"name_s": "/opt/rh/ruby193/root/usr/share/gems/doc/activeresource-3.2.8/ri/ActiveResource/Base/known_attributes-i.ri", "size_i": "440", "regex": "false"},
	{"name_s": "/opt/rh/ruby193/root/usr/share/gems/doc/activeresource-3.2.8/ri/ActiveResource/Base/last-c.ri", "size_i": "368", "regex": "false"},
	{"name_s": "/opt/rh/ruby193/root/usr/share/gems/doc/activeresource-3.2.8/ri/ActiveResource/Base/load-i.ri", "size_i": "1187", "regex": "false"},
	{"name_s": "/opt/rh/ruby193/root/usr/share/gems/doc/activeresource-3.2.8/ri/ActiveResource/Base/load_attributes_from_response-i.ri", "size_i": "229", "regex": "false"},
	{"name_s": "/opt/rh/ruby193/root/usr/share/gems/doc/activeresource-3.2.8/ri/ActiveResource/Base/logger-c.ri", "size_i": "270", "regex": "false"},
	{"name_s": "/opt/rh/ruby193/root/usr/share/gems/doc/activeresource-3.2.8/ri/ActiveResource/Base/new%3f-i.ri", "size_i": "732", "regex": "false"},
	{"name_s": "/opt/rh/ruby193/root/usr/share/gems/doc/activeresource-3.2.8/ri/ActiveResource/Base/new-c.ri", "size_i": "763", "regex": "false"},
	{"name_s": "/opt/rh/ruby193/root/usr/share/gems/doc/activeresource-3.2.8/ri/ActiveResource/Base/new_element_path-c.ri", "size_i": "984", "regex": "false"},
	{"name_s": "/opt/rh/ruby193/root/usr/share/gems/doc/activeresource-3.2.8/ri/ActiveResource/Base/new_element_path-i.ri", "size_i": "195", "regex": "false"},
	{"name_s": "/opt/rh/ruby193/root/usr/share/gems/doc/activeresource-3.2.8/ri/ActiveResource/Base/new_record%3f-i.ri", "size_i": "182", "regex": "false"},
	{"name_s": "/opt/rh/ruby193/root/usr/share/gems/doc/activeresource-3.2.8/ri/ActiveResource/Base/password%3d-c.ri", "size_i": "273", "regex": "false"},
	{"name_s": "/opt/rh/ruby193/root/usr/share/gems/doc/activeresource-3.2.8/ri/ActiveResource/Base/password-c.ri", "size_i": "263", "regex": "false"},
	{"name_s": "/opt/rh/ruby193/root/usr/share/gems/doc/activeresource-3.2.8/ri/ActiveResource/Base/persisted%3f-i.ri", "size_i": "754", "regex": "false"},
	{"name_s": "/opt/rh/ruby193/root/usr/share/gems/doc/activeresource-3.2.8/ri/ActiveResource/Base/prefix%3d-c.ri", "size_i": "388", "regex": "false"},
	{"name_s": "/opt/rh/ruby193/root/usr/share/gems/doc/activeresource-3.2.8/ri/ActiveResource/Base/prefix-c.ri", "size_i": "392", "regex": "false"},
	{"name_s": "/opt/rh/ruby193/root/usr/share/gems/doc/activeresource-3.2.8/ri/ActiveResource/Base/prefix_source-c.ri", "size_i": "379", "regex": "false"},
	{"name_s": "/opt/rh/ruby193/root/usr/share/gems/doc/activeresource-3.2.8/ri/ActiveResource/Base/primary_key-c.ri", "size_i": "173", "regex": "false"},
	{"name_s": "/opt/rh/ruby193/root/usr/share/gems/doc/activeresource-3.2.8/ri/ActiveResource/Base/proxy%3d-c.ri", "size_i": "284", "regex": "false"},
	{"name_s": "/opt/rh/ruby193/root/usr/share/gems/doc/activeresource-3.2.8/ri/ActiveResource/Base/proxy-c.ri", "size_i": "256", "regex": "false"},
	{"name_s": "/opt/rh/ruby193/root/usr/share/gems/doc/activeresource-3.2.8/ri/ActiveResource/Base/reload-i.ri", "size_i": "643", "regex": "false"},
	{"name_s": "/opt/rh/ruby193/root/usr/share/gems/doc/activeresource-3.2.8/ri/ActiveResource/Base/respond_to%3f-i.ri", "size_i": "701", "regex": "false"},
	{"name_s": "/opt/rh/ruby193/root/usr/share/gems/doc/activeresource-3.2.8/ri/ActiveResource/Base/respond_to_without_attributes%3f-i.ri", "size_i": "371", "regex": "false"},
	{"name_s": "/opt/rh/ruby193/root/usr/share/gems/doc/activeresource-3.2.8/ri/ActiveResource/Base/save%21-i.ri", "size_i": "849", "regex": "false"},
	{"name_s": "/opt/rh/ruby193/root/usr/share/gems/doc/activeresource-3.2.8/ri/ActiveResource/Base/save-i.ri", "size_i": "995", "regex": "false"},
	{"name_s": "/opt/rh/ruby193/root/usr/share/gems/doc/activeresource-3.2.8/ri/ActiveResource/Base/schema%3d-c.ri", "size_i": "872", "regex": "false"},
	{"name_s": "/opt/rh/ruby193/root/usr/share/gems/doc/activeresource-3.2.8/ri/ActiveResource/Base/schema-c.ri", "size_i": "2295", "regex": "false"},
	{"name_s": "/opt/rh/ruby193/root/usr/share/gems/doc/activeresource-3.2.8/ri/ActiveResource/Base/schema-i.ri", "size_i": "386", "regex": "false"},
	{"name_s": "/opt/rh/ruby193/root/usr/share/gems/doc/activeresource-3.2.8/ri/ActiveResource/Base/set_collection_name-c.ri", "size_i": "189", "regex": "false"},
	{"name_s": "/opt/rh/ruby193/root/usr/share/gems/doc/activeresource-3.2.8/ri/ActiveResource/Base/set_element_name-c.ri", "size_i": "183", "regex": "false"},
	{"name_s": "/opt/rh/ruby193/root/usr/share/gems/doc/activeresource-3.2.8/ri/ActiveResource/Base/set_prefix-c.ri", "size_i": "192", "regex": "false"},
	{"name_s": "/opt/rh/ruby193/root/usr/share/gems/doc/activeresource-3.2.8/ri/ActiveResource/Base/set_primary_key-c.ri", "size_i": "181", "regex": "false"},
	{"name_s": "/opt/rh/ruby193/root/usr/share/gems/doc/activeresource-3.2.8/ri/ActiveResource/Base/site%3d-c.ri", "size_i": "381", "regex": "false"},
	{"name_s": "/opt/rh/ruby193/root/usr/share/gems/doc/activeresource-3.2.8/ri/ActiveResource/Base/site-c.ri", "size_i": "340", "regex": "false"},
	{"name_s": "/opt/rh/ruby193/root/usr/share/gems/doc/activeresource-3.2.8/ri/ActiveResource/Base/ssl_options%3d-c.ri", "size_i": "1437", "regex": "false"},
	{"name_s": "/opt/rh/ruby193/root/usr/share/gems/doc/activeresource-3.2.8/ri/ActiveResource/Base/ssl_options-c.ri", "size_i": "250", "regex": "false"},
	{"name_s": "/opt/rh/ruby193/root/usr/share/gems/doc/activeresource-3.2.8/ri/ActiveResource/Base/timeout%3d-c.ri", "size_i": "302", "regex": "false"},
	{"name_s": "/opt/rh/ruby193/root/usr/share/gems/doc/activeresource-3.2.8/ri/ActiveResource/Base/timeout-c.ri", "size_i": "293", "regex": "false"},
	{"name_s": "/opt/rh/ruby193/root/usr/share/gems/doc/activeresource-3.2.8/ri/ActiveResource/Base/to_json-i.ri", "size_i": "184", "regex": "false"},
	{"name_s": "/opt/rh/ruby193/root/usr/share/gems/doc/activeresource-3.2.8/ri/ActiveResource/Base/to_xml-i.ri", "size_i": "182", "regex": "false"},
	{"name_s": "/opt/rh/ruby193/root/usr/share/gems/doc/activeresource-3.2.8/ri/ActiveResource/Base/update-i.ri", "size_i": "255", "regex": "false"},
	{"name_s": "/opt/rh/ruby193/root/usr/share/gems/doc/activeresource-3.2.8/ri/ActiveResource/Base/update_attribute-i.ri", "size_i": "872", "regex": "false"},
	{"name_s": "/opt/rh/ruby193/root/usr/share/gems/doc/activeresource-3.2.8/ri/ActiveResource/Base/update_attributes-i.ri", "size_i": "800", "regex": "false"},
	{"name_s": "/opt/rh/ruby193/root/usr/share/gems/doc/activeresource-3.2.8/ri/ActiveResource/Base/user%3d-c.ri", "size_i": "257", "regex": "false"},
	{"name_s": "/opt/rh/ruby193/root/usr/share/gems/doc/activeresource-3.2.8/ri/ActiveResource/Base/user-c.ri", "size_i": "251", "regex": "false"},
	{"name_s": "/opt/rh/ruby193/root/usr/share/gems/doc/activeresource-3.2.8/ri/ActiveResource/Connection", "size_i": "4096", "regex": "false"},
	{"name_s": "/opt/rh/ruby193/root/usr/share/gems/doc/activeresource-3.2.8/ri/ActiveResource/Connection/auth_type%3d-i.ri", "size_i": "277", "regex": "false"},
	{"name_s": "/opt/rh/ruby193/root/usr/share/gems/doc/activeresource-3.2.8/ri/ActiveResource/Connection/auth_type-i.ri", "size_i": "180", "regex": "false"},
	{"name_s": "/opt/rh/ruby193/root/usr/share/gems/doc/activeresource-3.2.8/ri/ActiveResource/Connection/cdesc-Connection.ri", "size_i": "943", "regex": "false"},
	{"name_s": "/opt/rh/ruby193/root/usr/share/gems/doc/activeresource-3.2.8/ri/ActiveResource/Connection/delete-i.ri", "size_i": "346", "regex": "false"},
	{"name_s": "/opt/rh/ruby193/root/usr/share/gems/doc/activeresource-3.2.8/ri/ActiveResource/Connection/format-i.ri", "size_i": "175", "regex": "false"},
	{"name_s": "/opt/rh/ruby193/root/usr/share/gems/doc/activeresource-3.2.8/ri/ActiveResource/Connection/get-i.ri", "size_i": "293", "regex": "false"},
	{"name_s": "/opt/rh/ruby193/root/usr/share/gems/doc/activeresource-3.2.8/ri/ActiveResource/Connection/head-i.ri", "size_i": "381", "regex": "false"},
	{"name_s": "/opt/rh/ruby193/root/usr/share/gems/doc/activeresource-3.2.8/ri/ActiveResource/Connection/new-c.ri", "size_i": "383", "regex": "false"},
	{"name_s": "/opt/rh/ruby193/root/usr/share/gems/doc/activeresource-3.2.8/ri/ActiveResource/Connection/password%3d-i.ri", "size_i": "273", "regex": "false"},
	{"name_s": "/opt/rh/ruby193/root/usr/share/gems/doc/activeresource-3.2.8/ri/ActiveResource/Connection/password-i.ri", "size_i": "178", "regex": "false"},
	{"name_s": "/opt/rh/ruby193/root/usr/share/gems/doc/activeresource-3.2.8/ri/ActiveResource/Connection/post-i.ri", "size_i": "307", "regex": "false"},
	{"name_s": "/opt/rh/ruby193/root/usr/share/gems/doc/activeresource-3.2.8/ri/ActiveResource/Connection/proxy%3d-i.ri", "size_i": "260", "regex": "false"},
	{"name_s": "/opt/rh/ruby193/root/usr/share/gems/doc/activeresource-3.2.8/ri/ActiveResource/Connection/proxy-i.ri", "size_i": "172", "regex": "false"},
	{"name_s": "/opt/rh/ruby193/root/usr/share/gems/doc/activeresource-3.2.8/ri/ActiveResource/Connection/put-i.ri", "size_i": "348", "regex": "false"},
	{"name_s": "/opt/rh/ruby193/root/usr/share/gems/doc/activeresource-3.2.8/ri/ActiveResource/Connection/requests-c.ri", "size_i": "189", "regex": "false"},
	{"name_s": "/opt/rh/ruby193/root/usr/share/gems/doc/activeresource-3.2.8/ri/ActiveResource/Connection/site%3d-i.ri", "size_i": "251", "regex": "false"},
	{"name_s": "/opt/rh/ruby193/root/usr/share/gems/doc/activeresource-3.2.8/ri/ActiveResource/Connection/site-i.ri", "size_i": "170", "regex": "false"},
	{"name_s": "/opt/rh/ruby193/root/usr/share/gems/doc/activeresource-3.2.8/ri/ActiveResource/Connection/ssl_options%3d-i.ri", "size_i": "319", "regex": "false"},
	{"name_s": "/opt/rh/ruby193/root/usr/share/gems/doc/activeresource-3.2.8/ri/ActiveResource/Connection/ssl_options-i.ri", "size_i": "184", "regex": "false"},
	{"name_s": "/opt/rh/ruby193/root/usr/share/gems/doc/activeresource-3.2.8/ri/ActiveResource/Connection/timeout%3d-i.ri", "size_i": "324", "regex": "false"},
	{"name_s": "/opt/rh/ruby193/root/usr/share/gems/doc/activeresource-3.2.8/ri/ActiveResource/Connection/timeout-i.ri", "size_i": "176", "regex": "false"},
	{"name_s": "/opt/rh/ruby193/root/usr/share/gems/doc/activeresource-3.2.8/ri/ActiveResource/Connection/user%3d-i.ri", "size_i": "257", "regex": "false"},
	{"name_s": "/opt/rh/ruby193/root/usr/share/gems/doc/activeresource-3.2.8/ri/ActiveResource/Connection/user-i.ri", "size_i": "170", "regex": "false"},
	{"name_s": "/opt/rh/ruby193/root/usr/share/gems/doc/activeresource-3.2.8/ri/ActiveResource/CustomMethods", "size_i": "4096", "regex": "false"},
	{"name_s": "/opt/rh/ruby193/root/usr/share/gems/doc/activeresource-3.2.8/ri/ActiveResource/CustomMethods/ClassMethods", "size_i": "4096", "regex": "false"},
	{"name_s": "/opt/rh/ruby193/root/usr/share/gems/doc/activeresource-3.2.8/ri/ActiveResource/CustomMethods/ClassMethods/cdesc-ClassMethods.ri", "size_i": "324", "regex": "false"},
	{"name_s": "/opt/rh/ruby193/root/usr/share/gems/doc/activeresource-3.2.8/ri/ActiveResource/CustomMethods/ClassMethods/custom_method_collection_url-i.ri", "size_i": "274", "regex": "false"},
	{"name_s": "/opt/rh/ruby193/root/usr/share/gems/doc/activeresource-3.2.8/ri/ActiveResource/CustomMethods/cdesc-CustomMethods.ri", "size_i": "2066", "regex": "false"},
	{"name_s": "/opt/rh/ruby193/root/usr/share/gems/doc/activeresource-3.2.8/ri/ActiveResource/CustomMethods/delete-c.ri", "size_i": "255", "regex": "false"},
	{"name_s": "/opt/rh/ruby193/root/usr/share/gems/doc/activeresource-3.2.8/ri/ActiveResource/CustomMethods/delete-i.ri", "size_i": "216", "regex": "false"},
	{"name_s": "/opt/rh/ruby193/root/usr/share/gems/doc/activeresource-3.2.8/ri/ActiveResource/CustomMethods/get-c.ri", "size_i": "986", "regex": "false"},
	{"name_s": "/opt/rh/ruby193/root/usr/share/gems/doc/activeresource-3.2.8/ri/ActiveResource/CustomMethods/get-i.ri", "size_i": "210", "regex": "false"},
	{"name_s": "/opt/rh/ruby193/root/usr/share/gems/doc/activeresource-3.2.8/ri/ActiveResource/CustomMethods/orig_delete-c.ri", "size_i": "234", "regex": "false"},
	{"name_s": "/opt/rh/ruby193/root/usr/share/gems/doc/activeresource-3.2.8/ri/ActiveResource/CustomMethods/post-c.ri", "size_i": "231", "regex": "false"},
	{"name_s": "/opt/rh/ruby193/root/usr/share/gems/doc/activeresource-3.2.8/ri/ActiveResource/CustomMethods/post-i.ri", "size_i": "224", "regex": "false"},
	{"name_s": "/opt/rh/ruby193/root/usr/share/gems/doc/activeresource-3.2.8/ri/ActiveResource/CustomMethods/put-c.ri", "size_i": "229", "regex": "false"},
	{"name_s": "/opt/rh/ruby193/root/usr/share/gems/doc/activeresource-3.2.8/ri/ActiveResource/CustomMethods/put-i.ri", "size_i": "221", "regex": "false"},
	{"name_s": "/opt/rh/ruby193/root/usr/share/gems/doc/activeresource-3.2.8/ri/ActiveResource/Errors", "size_i": "4096", "regex": "false"},
	{"name_s": "/opt/rh/ruby193/root/usr/share/gems/doc/activeresource-3.2.8/ri/ActiveResource/Errors/cdesc-Errors.ri", "size_i": "581", "regex": "false"},
	{"name_s": "/opt/rh/ruby193/root/usr/share/gems/doc/activeresource-3.2.8/ri/ActiveResource/Errors/from_array-i.ri", "size_i": "435", "regex": "false"},
	{"name_s": "/opt/rh/ruby193/root/usr/share/gems/doc/activeresource-3.2.8/ri/ActiveResource/Errors/from_json-i.ri", "size_i": "283", "regex": "false"},
	{"name_s": "/opt/rh/ruby193/root/usr/share/gems/doc/activeresource-3.2.8/ri/ActiveResource/Errors/from_xml-i.ri", "size_i": "280", "regex": "false"},
	{"name_s": "/opt/rh/ruby193/root/usr/share/gems/doc/activeresource-3.2.8/ri/ActiveResource/Formats", "size_i": "4096", "regex": "false"},
	{"name_s": "/opt/rh/ruby193/root/usr/share/gems/doc/activeresource-3.2.8/ri/ActiveResource/Formats/%5b%5d-c.ri", "size_i": "508", "regex": "false"},
	{"name_s": "/opt/rh/ruby193/root/usr/share/gems/doc/activeresource-3.2.8/ri/ActiveResource/Formats/JsonFormat", "size_i": "4096", "regex": "false"},
	{"name_s": "/opt/rh/ruby193/root/usr/share/gems/doc/activeresource-3.2.8/ri/ActiveResource/Formats/JsonFormat/cdesc-JsonFormat.ri", "size_i": "354", "regex": "false"},
	{"name_s": "/opt/rh/ruby193/root/usr/share/gems/doc/activeresource-3.2.8/ri/ActiveResource/Formats/JsonFormat/decode-i.ri", "size_i": "206", "regex": "false"},
	{"name_s": "/opt/rh/ruby193/root/usr/share/gems/doc/activeresource-3.2.8/ri/ActiveResource/Formats/JsonFormat/encode-i.ri", "size_i": "221", "regex": "false"},
	{"name_s": "/opt/rh/ruby193/root/usr/share/gems/doc/activeresource-3.2.8/ri/ActiveResource/Formats/JsonFormat/extension-i.ri", "size_i": "208", "regex": "false"},
	{"name_s": "/opt/rh/ruby193/root/usr/share/gems/doc/activeresource-3.2.8/ri/ActiveResource/Formats/JsonFormat/mime_type-i.ri", "size_i": "208", "regex": "false"},
	{"name_s": "/opt/rh/ruby193/root/usr/share/gems/doc/activeresource-3.2.8/ri/ActiveResource/Formats/XmlFormat", "size_i": "4096", "regex": "false"},
	{"name_s": "/opt/rh/ruby193/root/usr/share/gems/doc/activeresource-3.2.8/ri/ActiveResource/Formats/XmlFormat/cdesc-XmlFormat.ri", "size_i": "351", "regex": "false"},
	{"name_s": "/opt/rh/ruby193/root/usr/share/gems/doc/activeresource-3.2.8/ri/ActiveResource/Formats/XmlFormat/decode-i.ri", "size_i": "203", "regex": "false"},
	{"name_s": "/opt/rh/ruby193/root/usr/share/gems/doc/activeresource-3.2.8/ri/ActiveResource/Formats/XmlFormat/encode-i.ri", "size_i": "216", "regex": "false"},
	{"name_s": "/opt/rh/ruby193/root/usr/share/gems/doc/activeresource-3.2.8/ri/ActiveResource/Formats/XmlFormat/extension-i.ri", "size_i": "206", "regex": "false"},
	{"name_s": "/opt/rh/ruby193/root/usr/share/gems/doc/activeresource-3.2.8/ri/ActiveResource/Formats/XmlFormat/mime_type-i.ri", "size_i": "206", "regex": "false"},
	{"name_s": "/opt/rh/ruby193/root/usr/share/gems/doc/activeresource-3.2.8/ri/ActiveResource/Formats/cdesc-Formats.ri", "size_i": "288", "regex": "false"},
	{"name_s": "/opt/rh/ruby193/root/usr/share/gems/doc/activeresource-3.2.8/ri/ActiveResource/Formats/remove_root-c.ri", "size_i": "193", "regex": "false"},
	{"name_s": "/opt/rh/ruby193/root/usr/share/gems/doc/activeresource-3.2.8/ri/ActiveResource/HttpMock", "size_i": "4096", "regex": "false"},
	{"name_s": "/opt/rh/ruby193/root/usr/share/gems/doc/activeresource-3.2.8/ri/ActiveResource/HttpMock/cdesc-HttpMock.ri", "size_i": "3213", "regex": "false"},
	{"name_s": "/opt/rh/ruby193/root/usr/share/gems/doc/activeresource-3.2.8/ri/ActiveResource/HttpMock/delete_responses_to_replace-c.ri", "size_i": "237", "regex": "false"},
	{"name_s": "/opt/rh/ruby193/root/usr/share/gems/doc/activeresource-3.2.8/ri/ActiveResource/HttpMock/requests-c.ri", "size_i": "1181", "regex": "false"},
	{"name_s": "/opt/rh/ruby193/root/usr/share/gems/doc/activeresource-3.2.8/ri/ActiveResource/HttpMock/reset%21-c.ri", "size_i": "262", "regex": "false"},
	{"name_s": "/opt/rh/ruby193/root/usr/share/gems/doc/activeresource-3.2.8/ri/ActiveResource/HttpMock/respond_to-c.ri", "size_i": "3595", "regex": "false"},
	{"name_s": "/opt/rh/ruby193/root/usr/share/gems/doc/activeresource-3.2.8/ri/ActiveResource/HttpMock/responses-c.ri", "size_i": "362", "regex": "false"},
	{"name_s": "/opt/rh/ruby193/root/usr/share/gems/doc/activeresource-3.2.8/ri/ActiveResource/InvalidRequestError", "size_i": "4096", "regex": "false"},
	{"name_s": "/opt/rh/ruby193/root/usr/share/gems/doc/activeresource-3.2.8/ri/ActiveResource/InvalidRequestError/cdesc-InvalidRequestError.ri", "size_i": "260", "regex": "false"},
	{"name_s": "/opt/rh/ruby193/root/usr/share/gems/doc/activeresource-3.2.8/ri/ActiveResource/LogSubscriber", "size_i": "4096", "regex": "false"},
	{"name_s": "/opt/rh/ruby193/root/usr/share/gems/doc/activeresource-3.2.8/ri/ActiveResource/LogSubscriber/cdesc-LogSubscriber.ri", "size_i": "340", "regex": "false"},
	{"name_s": "/opt/rh/ruby193/root/usr/share/gems/doc/activeresource-3.2.8/ri/ActiveResource/LogSubscriber/logger-i.ri", "size_i": "191", "regex": "false"},
	{"name_s": "/opt/rh/ruby193/root/usr/share/gems/doc/activeresource-3.2.8/ri/ActiveResource/LogSubscriber/request-i.ri", "size_i": "198", "regex": "false"},
	{"name_s": "/opt/rh/ruby193/root/usr/share/gems/doc/activeresource-3.2.8/ri/ActiveResource/Observing", "size_i": "4096", "regex": "false"},
	{"name_s": "/opt/rh/ruby193/root/usr/share/gems/doc/activeresource-3.2.8/ri/ActiveResource/Observing/cdesc-Observing.ri", "size_i": "303", "regex": "false"},
	{"name_s": "/opt/rh/ruby193/root/usr/share/gems/doc/activeresource-3.2.8/ri/ActiveResource/Railtie", "size_i": "4096", "regex": "false"},
	{"name_s": "/opt/rh/ruby193/root/usr/share/gems/doc/activeresource-3.2.8/ri/ActiveResource/Railtie/cdesc-Railtie.ri", "size_i": "237", "regex": "false"},
	{"name_s": "/opt/rh/ruby193/root/usr/share/gems/doc/activeresource-3.2.8/ri/ActiveResource/Request", "size_i": "4096", "regex": "false"},
	{"name_s": "/opt/rh/ruby193/root/usr/share/gems/doc/activeresource-3.2.8/ri/ActiveResource/Request/%3d%3d-i.ri", "size_i": "175", "regex": "false"},
	{"name_s": "/opt/rh/ruby193/root/usr/share/gems/doc/activeresource-3.2.8/ri/ActiveResource/Request/body-i.ri", "size_i": "167", "regex": "false"},
	{"name_s": "/opt/rh/ruby193/root/usr/share/gems/doc/activeresource-3.2.8/ri/ActiveResource/Request/cdesc-Request.ri", "size_i": "421", "regex": "false"},
	{"name_s": "/opt/rh/ruby193/root/usr/share/gems/doc/activeresource-3.2.8/ri/ActiveResource/Request/headers-i.ri", "size_i": "173", "regex": "false"},
	{"name_s": "/opt/rh/ruby193/root/usr/share/gems/doc/activeresource-3.2.8/ri/ActiveResource/Request/method-i.ri", "size_i": "171", "regex": "false"},
	{"name_s": "/opt/rh/ruby193/root/usr/share/gems/doc/activeresource-3.2.8/ri/ActiveResource/Request/new-c.ri", "size_i": "213", "regex": "false"},
	{"name_s": "/opt/rh/ruby193/root/usr/share/gems/doc/activeresource-3.2.8/ri/ActiveResource/Request/path-i.ri", "size_i": "167", "regex": "false"},
	{"name_s": "/opt/rh/ruby193/root/usr/share/gems/doc/activeresource-3.2.8/ri/ActiveResource/Request/to_s-i.ri", "size_i": "176", "regex": "false"},
	{"name_s": "/opt/rh/ruby193/root/usr/share/gems/doc/activeresource-3.2.8/ri/ActiveResource/Response", "size_i": "4096", "regex": "false"},
	{"name_s": "/opt/rh/ruby193/root/usr/share/gems/doc/activeresource-3.2.8/ri/ActiveResource/Response/%3d%3d-i.ri", "size_i": "342", "regex": "false"},
	{"name_s": "/opt/rh/ruby193/root/usr/share/gems/doc/activeresource-3.2.8/ri/ActiveResource/Response/%5b%5d%3d-i.ri", "size_i": "185", "regex": "false"},
	{"name_s": "/opt/rh/ruby193/root/usr/share/gems/doc/activeresource-3.2.8/ri/ActiveResource/Response/%5b%5d-i.ri", "size_i": "176", "regex": "false"},
	{"name_s": "/opt/rh/ruby193/root/usr/share/gems/doc/activeresource-3.2.8/ri/ActiveResource/Response/body-i.ri", "size_i": "168", "regex": "false"},
	{"name_s": "/opt/rh/ruby193/root/usr/share/gems/doc/activeresource-3.2.8/ri/ActiveResource/Response/cdesc-Response.ri", "size_i": "455", "regex": "false"},
	{"name_s": "/opt/rh/ruby193/root/usr/share/gems/doc/activeresource-3.2.8/ri/ActiveResource/Response/code-i.ri", "size_i": "168", "regex": "false"},
	{"name_s": "/opt/rh/ruby193/root/usr/share/gems/doc/activeresource-3.2.8/ri/ActiveResource/Response/headers-i.ri", "size_i": "174", "regex": "false"},
	{"name_s": "/opt/rh/ruby193/root/usr/share/gems/doc/activeresource-3.2.8/ri/ActiveResource/Response/message-i.ri", "size_i": "174", "regex": "false"},
	{"name_s": "/opt/rh/ruby193/root/usr/share/gems/doc/activeresource-3.2.8/ri/ActiveResource/Response/new-c.ri", "size_i": "209", "regex": "false"},
	{"name_s": "/opt/rh/ruby193/root/usr/share/gems/doc/activeresource-3.2.8/ri/ActiveResource/Response/success%3f-i.ri", "size_i": "274", "regex": "false"},
	{"name_s": "/opt/rh/ruby193/root/usr/share/gems/doc/activeresource-3.2.8/ri/ActiveResource/SSLError", "size_i": "4096", "regex": "false"},
	{"name_s": "/opt/rh/ruby193/root/usr/share/gems/doc/activeresource-3.2.8/ri/ActiveResource/SSLError/cdesc-SSLError.ri", "size_i": "417", "regex": "false"},
	{"name_s": "/opt/rh/ruby193/root/usr/share/gems/doc/activeresource-3.2.8/ri/ActiveResource/SSLError/new-c.ri", "size_i": "184", "regex": "false"},
	{"name_s": "/opt/rh/ruby193/root/usr/share/gems/doc/activeresource-3.2.8/ri/ActiveResource/SSLError/to_s-i.ri", "size_i": "178", "regex": "false"},
	{"name_s": "/opt/rh/ruby193/root/usr/share/gems/doc/activeresource-3.2.8/ri/ActiveResource/TimeoutError", "size_i": "4096", "regex": "false"},
	{"name_s": "/opt/rh/ruby193/root/usr/share/gems/doc/activeresource-3.2.8/ri/ActiveResource/TimeoutError/cdesc-TimeoutError.ri", "size_i": "417", "regex": "false"},
	{"name_s": "/opt/rh/ruby193/root/usr/share/gems/doc/activeresource-3.2.8/ri/ActiveResource/TimeoutError/new-c.ri", "size_i": "188", "regex": "false"},
	{"name_s": "/opt/rh/ruby193/root/usr/share/gems/doc/activeresource-3.2.8/ri/ActiveResource/TimeoutError/to_s-i.ri", "size_i": "182", "regex": "false"},
	{"name_s": "/opt/rh/ruby193/root/usr/share/gems/doc/activeresource-3.2.8/ri/ActiveResource/Validations", "size_i": "4096", "regex": "false"},
	{"name_s": "/opt/rh/ruby193/root/usr/share/gems/doc/activeresource-3.2.8/ri/ActiveResource/Validations/cdesc-Validations.ri", "size_i": "1651", "regex": "false"},
	{"name_s": "/opt/rh/ruby193/root/usr/share/gems/doc/activeresource-3.2.8/ri/ActiveResource/Validations/errors-i.ri", "size_i": "308", "regex": "false"},
	{"name_s": "/opt/rh/ruby193/root/usr/share/gems/doc/activeresource-3.2.8/ri/ActiveResource/Validations/save_with_validation-i.ri", "size_i": "404", "regex": "false"},
	{"name_s": "/opt/rh/ruby193/root/usr/share/gems/doc/activeresource-3.2.8/ri/ActiveResource/Validations/valid%3f-i.ri", "size_i": "979", "regex": "false"},
	{"name_s": "/opt/rh/ruby193/root/usr/share/gems/doc/activeresource-3.2.8/ri/ActiveResource/cdesc-ActiveResource.ri", "size_i": "197", "regex": "false"},
	{"name_s": "/opt/rh/ruby193/root/usr/share/gems/doc/activeresource-3.2.8/ri/cache.ri", "size_i": "4928", "regex": "false"},
	{"name_s": "/opt/rh/ruby193/root/usr/share/gems/doc/activeresource-3.2.8/ri/created.rid", "size_i": "1060", "regex": "false"},
	{"name_s": "/opt/rh/ruby193/root/usr/share/gems/gems/activeresource-3.2.8/CHANGELOG.md", "size_i": "12535", "regex": "false"},
	{"name_s": "/opt/rh/ruby193/root/usr/share/gems/gems/activeresource-3.2.8/README.rdoc", "size_i": "6830", "regex": "false"},
	{"name_s": "/opt/rh/ruby193/root/usr/share/gems/gems/activeresource-3.2.8/examples", "size_i": "4096", "regex": "false"},
	{"name_s": "/opt/rh/ruby193/root/usr/share/gems/gems/activeresource-3.2.8/examples/performance.rb", "size_i": "1736", "regex": "false"},
	{"name_s": "/opt/rh/ruby193/root/usr/share/gems/gems/activeresource-3.2.8/test", "size_i": "4096", "regex": "false"},
	{"name_s": "/opt/rh/ruby193/root/usr/share/gems/gems/activeresource-3.2.8/test/abstract_unit.rb", "size_i": "5314", "regex": "false"},
	{"name_s": "/opt/rh/ruby193/root/usr/share/gems/gems/activeresource-3.2.8/test/cases", "size_i": "4096", "regex": "false"},
	{"name_s": "/opt/rh/ruby193/root/usr/share/gems/gems/activeresource-3.2.8/test/cases/authorization_test.rb", "size_i": "12906", "regex": "false"},
	{"name_s": "/opt/rh/ruby193/root/usr/share/gems/gems/activeresource-3.2.8/test/cases/base", "size_i": "4096", "regex": "false"},
	{"name_s": "/opt/rh/ruby193/root/usr/share/gems/gems/activeresource-3.2.8/test/cases/base/custom_methods_test.rb", "size_i": "4709", "regex": "false"},
	{"name_s": "/opt/rh/ruby193/root/usr/share/gems/gems/activeresource-3.2.8/test/cases/base/equality_test.rb", "size_i": "1395", "regex": "false"},
	{"name_s": "/opt/rh/ruby193/root/usr/share/gems/gems/activeresource-3.2.8/test/cases/base/load_test.rb", "size_i": "7484", "regex": "false"},
	{"name_s": "/opt/rh/ruby193/root/usr/share/gems/gems/activeresource-3.2.8/test/cases/base/schema_test.rb", "size_i": "15550", "regex": "false"},
	{"name_s": "/opt/rh/ruby193/root/usr/share/gems/gems/activeresource-3.2.8/test/cases/base_errors_test.rb", "size_i": "3932", "regex": "false"},
	{"name_s": "/opt/rh/ruby193/root/usr/share/gems/gems/activeresource-3.2.8/test/cases/base_test.rb", "size_i": "37486", "regex": "false"},
	{"name_s": "/opt/rh/ruby193/root/usr/share/gems/gems/activeresource-3.2.8/test/cases/connection_test.rb", "size_i": "8698", "regex": "false"},
	{"name_s": "/opt/rh/ruby193/root/usr/share/gems/gems/activeresource-3.2.8/test/cases/finder_test.rb", "size_i": "3915", "regex": "false"},
	{"name_s": "/opt/rh/ruby193/root/usr/share/gems/gems/activeresource-3.2.8/test/cases/format_test.rb", "size_i": "4860", "regex": "false"},
	{"name_s": "/opt/rh/ruby193/root/usr/share/gems/gems/activeresource-3.2.8/test/cases/http_mock_test.rb", "size_i": "8245", "regex": "false"},
	{"name_s": "/opt/rh/ruby193/root/usr/share/gems/gems/activeresource-3.2.8/test/cases/log_subscriber_test.rb", "size_i": "898", "regex": "false"},
	{"name_s": "/opt/rh/ruby193/root/usr/share/gems/gems/activeresource-3.2.8/test/cases/observing_test.rb", "size_i": "1542", "regex": "false"},
	{"name_s": "/opt/rh/ruby193/root/usr/share/gems/gems/activeresource-3.2.8/test/cases/validations_test.rb", "size_i": "2345", "regex": "false"},
	{"name_s": "/opt/rh/ruby193/root/usr/share/gems/gems/activeresource-3.2.8/test/debug.log", "size_i": "34346", "regex": "false"},
	{"name_s": "/opt/rh/ruby193/root/usr/share/gems/gems/activeresource-3.2.8/test/fixtures", "size_i": "4096", "regex": "false"},
	{"name_s": "/opt/rh/ruby193/root/usr/share/gems/gems/activeresource-3.2.8/test/fixtures/address.rb", "size_i": "465", "regex": "false"},
	{"name_s": "/opt/rh/ruby193/root/usr/share/gems/gems/activeresource-3.2.8/test/fixtures/beast.rb", "size_i": "299", "regex": "false"},
	{"name_s": "/opt/rh/ruby193/root/usr/share/gems/gems/activeresource-3.2.8/test/fixtures/customer.rb", "size_i": "84", "regex": "false"},
	{"name_s": "/opt/rh/ruby193/root/usr/share/gems/gems/activeresource-3.2.8/test/fixtures/person.rb", "size_i": "82", "regex": "false"},
	{"name_s": "/opt/rh/ruby193/root/usr/share/gems/gems/activeresource-3.2.8/test/fixtures/project.rb", "size_i": "546", "regex": "false"},
	{"name_s": "/opt/rh/ruby193/root/usr/share/gems/gems/activeresource-3.2.8/test/fixtures/proxy.rb", "size_i": "134", "regex": "false"},
	{"name_s": "/opt/rh/ruby193/root/usr/share/gems/gems/activeresource-3.2.8/test/fixtures/sound.rb", "size_i": "157", "regex": "false"},
	{"name_s": "/opt/rh/ruby193/root/usr/share/gems/gems/activeresource-3.2.8/test/fixtures/street_address.rb", "size_i": "140", "regex": "false"},
	{"name_s": "/opt/rh/ruby193/root/usr/share/gems/gems/activeresource-3.2.8/test/fixtures/subscription_plan.rb", "size_i": "148", "regex": "false"},
	{"name_s": "/opt/rh/ruby193/root/usr/share/gems/gems/activeresource-3.2.8/test/setter_trap.rb", "size_i": "519", "regex": "false"}
]
