[
	{"name_s": "/opt/rh/ruby193/root/usr/share/gems/doc/execjs-1.4.0", "size_i": "4096", "regex": "false"},
	{"name_s": "/opt/rh/ruby193/root/usr/share/gems/doc/execjs-1.4.0/rdoc", "size_i": "4096", "regex": "false"},
	{"name_s": "/opt/rh/ruby193/root/usr/share/gems/doc/execjs-1.4.0/rdoc/ExecJS", "size_i": "4096", "regex": "false"},
	{"name_s": "/opt/rh/ruby193/root/usr/share/gems/doc/execjs-1.4.0/rdoc/ExecJS.html", "size_i": "19175", "regex": "false"},
	{"name_s": "/opt/rh/ruby193/root/usr/share/gems/doc/execjs-1.4.0/rdoc/ExecJS/DisabledRuntime.html", "size_i": "12225", "regex": "false"},
	{"name_s": "/opt/rh/ruby193/root/usr/share/gems/doc/execjs-1.4.0/rdoc/ExecJS/Encoding.html", "size_i": "8146", "regex": "false"},
	{"name_s": "/opt/rh/ruby193/root/usr/share/gems/doc/execjs-1.4.0/rdoc/ExecJS/Error.html", "size_i": "5321", "regex": "false"},
	{"name_s": "/opt/rh/ruby193/root/usr/share/gems/doc/execjs-1.4.0/rdoc/ExecJS/ExternalRuntime", "size_i": "4096", "regex": "false"},
	{"name_s": "/opt/rh/ruby193/root/usr/share/gems/doc/execjs-1.4.0/rdoc/ExecJS/ExternalRuntime.html", "size_i": "22170", "regex": "false"},
	{"name_s": "/opt/rh/ruby193/root/usr/share/gems/doc/execjs-1.4.0/rdoc/ExecJS/ExternalRuntime/Context.html", "size_i": "20743", "regex": "false"},
	{"name_s": "/opt/rh/ruby193/root/usr/share/gems/doc/execjs-1.4.0/rdoc/ExecJS/JSON.html", "size_i": "7793", "regex": "false"},
	{"name_s": "/opt/rh/ruby193/root/usr/share/gems/doc/execjs-1.4.0/rdoc/ExecJS/JohnsonRuntime", "size_i": "4096", "regex": "false"},
	{"name_s": "/opt/rh/ruby193/root/usr/share/gems/doc/execjs-1.4.0/rdoc/ExecJS/JohnsonRuntime.html", "size_i": "9436", "regex": "false"},
	{"name_s": "/opt/rh/ruby193/root/usr/share/gems/doc/execjs-1.4.0/rdoc/ExecJS/JohnsonRuntime/Context.html", "size_i": "16817", "regex": "false"},
	{"name_s": "/opt/rh/ruby193/root/usr/share/gems/doc/execjs-1.4.0/rdoc/ExecJS/MustangRuntime", "size_i": "4096", "regex": "false"},
	{"name_s": "/opt/rh/ruby193/root/usr/share/gems/doc/execjs-1.4.0/rdoc/ExecJS/MustangRuntime.html", "size_i": "9390", "regex": "false"},
	{"name_s": "/opt/rh/ruby193/root/usr/share/gems/doc/execjs-1.4.0/rdoc/ExecJS/MustangRuntime/Context.html", "size_i": "17268", "regex": "false"},
	{"name_s": "/opt/rh/ruby193/root/usr/share/gems/doc/execjs-1.4.0/rdoc/ExecJS/ProgramError.html", "size_i": "5360", "regex": "false"},
	{"name_s": "/opt/rh/ruby193/root/usr/share/gems/doc/execjs-1.4.0/rdoc/ExecJS/RubyRacerRuntime", "size_i": "4096", "regex": "false"},
	{"name_s": "/opt/rh/ruby193/root/usr/share/gems/doc/execjs-1.4.0/rdoc/ExecJS/RubyRacerRuntime.html", "size_i": "8415", "regex": "false"},
	{"name_s": "/opt/rh/ruby193/root/usr/share/gems/doc/execjs-1.4.0/rdoc/ExecJS/RubyRacerRuntime/Context.html", "size_i": "18333", "regex": "false"},
	{"name_s": "/opt/rh/ruby193/root/usr/share/gems/doc/execjs-1.4.0/rdoc/ExecJS/RubyRhinoRuntime", "size_i": "4096", "regex": "false"},
	{"name_s": "/opt/rh/ruby193/root/usr/share/gems/doc/execjs-1.4.0/rdoc/ExecJS/RubyRhinoRuntime.html", "size_i": "8421", "regex": "false"},
	{"name_s": "/opt/rh/ruby193/root/usr/share/gems/doc/execjs-1.4.0/rdoc/ExecJS/RubyRhinoRuntime/Context.html", "size_i": "17741", "regex": "false"},
	{"name_s": "/opt/rh/ruby193/root/usr/share/gems/doc/execjs-1.4.0/rdoc/ExecJS/Runtime", "size_i": "4096", "regex": "false"},
	{"name_s": "/opt/rh/ruby193/root/usr/share/gems/doc/execjs-1.4.0/rdoc/ExecJS/Runtime.html", "size_i": "14095", "regex": "false"},
	{"name_s": "/opt/rh/ruby193/root/usr/share/gems/doc/execjs-1.4.0/rdoc/ExecJS/Runtime/Context.html", "size_i": "10805", "regex": "false"},
	{"name_s": "/opt/rh/ruby193/root/usr/share/gems/doc/execjs-1.4.0/rdoc/ExecJS/RuntimeError.html", "size_i": "5360", "regex": "false"},
	{"name_s": "/opt/rh/ruby193/root/usr/share/gems/doc/execjs-1.4.0/rdoc/ExecJS/RuntimeUnavailable.html", "size_i": "5386", "regex": "false"},
	{"name_s": "/opt/rh/ruby193/root/usr/share/gems/doc/execjs-1.4.0/rdoc/ExecJS/Runtimes.html", "size_i": "15153", "regex": "false"},
	{"name_s": "/opt/rh/ruby193/root/usr/share/gems/doc/execjs-1.4.0/rdoc/created.rid", "size_i": "780", "regex": "false"},
	{"name_s": "/opt/rh/ruby193/root/usr/share/gems/doc/execjs-1.4.0/rdoc/images", "size_i": "4096", "regex": "false"},
	{"name_s": "/opt/rh/ruby193/root/usr/share/gems/doc/execjs-1.4.0/rdoc/images/brick.png", "size_i": "452", "regex": "false"},
	{"name_s": "/opt/rh/ruby193/root/usr/share/gems/doc/execjs-1.4.0/rdoc/images/brick_link.png", "size_i": "764", "regex": "false"},
	{"name_s": "/opt/rh/ruby193/root/usr/share/gems/doc/execjs-1.4.0/rdoc/images/bug.png", "size_i": "774", "regex": "false"},
	{"name_s": "/opt/rh/ruby193/root/usr/share/gems/doc/execjs-1.4.0/rdoc/images/bullet_black.png", "size_i": "211", "regex": "false"},
	{"name_s": "/opt/rh/ruby193/root/usr/share/gems/doc/execjs-1.4.0/rdoc/images/bullet_toggle_minus.png", "size_i": "207", "regex": "false"},
	{"name_s": "/opt/rh/ruby193/root/usr/share/gems/doc/execjs-1.4.0/rdoc/images/bullet_toggle_plus.png", "size_i": "209", "regex": "false"},
	{"name_s": "/opt/rh/ruby193/root/usr/share/gems/doc/execjs-1.4.0/rdoc/images/date.png", "size_i": "626", "regex": "false"},
	{"name_s": "/opt/rh/ruby193/root/usr/share/gems/doc/execjs-1.4.0/rdoc/images/find.png", "size_i": "659", "regex": "false"},
	{"name_s": "/opt/rh/ruby193/root/usr/share/gems/doc/execjs-1.4.0/rdoc/images/loadingAnimation.gif", "size_i": "5886", "regex": "false"},
	{"name_s": "/opt/rh/ruby193/root/usr/share/gems/doc/execjs-1.4.0/rdoc/images/macFFBgHack.png", "size_i": "207", "regex": "false"},
	{"name_s": "/opt/rh/ruby193/root/usr/share/gems/doc/execjs-1.4.0/rdoc/images/package.png", "size_i": "853", "regex": "false"},
	{"name_s": "/opt/rh/ruby193/root/usr/share/gems/doc/execjs-1.4.0/rdoc/images/page_green.png", "size_i": "621", "regex": "false"},
	{"name_s": "/opt/rh/ruby193/root/usr/share/gems/doc/execjs-1.4.0/rdoc/images/page_white_text.png", "size_i": "342", "regex": "false"},
	{"name_s": "/opt/rh/ruby193/root/usr/share/gems/doc/execjs-1.4.0/rdoc/images/page_white_width.png", "size_i": "309", "regex": "false"},
	{"name_s": "/opt/rh/ruby193/root/usr/share/gems/doc/execjs-1.4.0/rdoc/images/plugin.png", "size_i": "591", "regex": "false"},
	{"name_s": "/opt/rh/ruby193/root/usr/share/gems/doc/execjs-1.4.0/rdoc/images/ruby.png", "size_i": "592", "regex": "false"},
	{"name_s": "/opt/rh/ruby193/root/usr/share/gems/doc/execjs-1.4.0/rdoc/images/tag_green.png", "size_i": "613", "regex": "false"},
	{"name_s": "/opt/rh/ruby193/root/usr/share/gems/doc/execjs-1.4.0/rdoc/images/wrench.png", "size_i": "610", "regex": "false"},
	{"name_s": "/opt/rh/ruby193/root/usr/share/gems/doc/execjs-1.4.0/rdoc/images/wrench_orange.png", "size_i": "584", "regex": "false"},
	{"name_s": "/opt/rh/ruby193/root/usr/share/gems/doc/execjs-1.4.0/rdoc/images/zoom.png", "size_i": "692", "regex": "false"},
	{"name_s": "/opt/rh/ruby193/root/usr/share/gems/doc/execjs-1.4.0/rdoc/index.html", "size_i": "12825", "regex": "false"},
	{"name_s": "/opt/rh/ruby193/root/usr/share/gems/doc/execjs-1.4.0/rdoc/js", "size_i": "4096", "regex": "false"},
	{"name_s": "/opt/rh/ruby193/root/usr/share/gems/doc/execjs-1.4.0/rdoc/js/darkfish.js", "size_i": "3229", "regex": "false"},
	{"name_s": "/opt/rh/ruby193/root/usr/share/gems/doc/execjs-1.4.0/rdoc/js/jquery.js", "size_i": "55772", "regex": "false"},
	{"name_s": "/opt/rh/ruby193/root/usr/share/gems/doc/execjs-1.4.0/rdoc/js/quicksearch.js", "size_i": "2592", "regex": "false"},
	{"name_s": "/opt/rh/ruby193/root/usr/share/gems/doc/execjs-1.4.0/rdoc/js/thickbox-compressed.js", "size_i": "5978", "regex": "false"},
	{"name_s": "/opt/rh/ruby193/root/usr/share/gems/doc/execjs-1.4.0/rdoc/lib", "size_i": "4096", "regex": "false"},
	{"name_s": "/opt/rh/ruby193/root/usr/share/gems/doc/execjs-1.4.0/rdoc/lib/execjs", "size_i": "4096", "regex": "false"},
	{"name_s": "/opt/rh/ruby193/root/usr/share/gems/doc/execjs-1.4.0/rdoc/lib/execjs/disabled_runtime_rb.html", "size_i": "1356", "regex": "false"},
	{"name_s": "/opt/rh/ruby193/root/usr/share/gems/doc/execjs-1.4.0/rdoc/lib/execjs/encoding_rb.html", "size_i": "1305", "regex": "false"},
	{"name_s": "/opt/rh/ruby193/root/usr/share/gems/doc/execjs-1.4.0/rdoc/lib/execjs/external_runtime_rb.html", "size_i": "1506", "regex": "false"},
	{"name_s": "/opt/rh/ruby193/root/usr/share/gems/doc/execjs-1.4.0/rdoc/lib/execjs/johnson_runtime_rb.html", "size_i": "1391", "regex": "false"},
	{"name_s": "/opt/rh/ruby193/root/usr/share/gems/doc/execjs-1.4.0/rdoc/lib/execjs/json_rb.html", "size_i": "1340", "regex": "false"},
	{"name_s": "/opt/rh/ruby193/root/usr/share/gems/doc/execjs-1.4.0/rdoc/lib/execjs/module_rb.html", "size_i": "1383", "regex": "false"},
	{"name_s": "/opt/rh/ruby193/root/usr/share/gems/doc/execjs-1.4.0/rdoc/lib/execjs/mustang_runtime_rb.html", "size_i": "1391", "regex": "false"},
	{"name_s": "/opt/rh/ruby193/root/usr/share/gems/doc/execjs-1.4.0/rdoc/lib/execjs/ruby_racer_runtime_rb.html", "size_i": "1389", "regex": "false"},
	{"name_s": "/opt/rh/ruby193/root/usr/share/gems/doc/execjs-1.4.0/rdoc/lib/execjs/ruby_rhino_runtime_rb.html", "size_i": "1392", "regex": "false"},
	{"name_s": "/opt/rh/ruby193/root/usr/share/gems/doc/execjs-1.4.0/rdoc/lib/execjs/runtime_rb.html", "size_i": "1348", "regex": "false"},
	{"name_s": "/opt/rh/ruby193/root/usr/share/gems/doc/execjs-1.4.0/rdoc/lib/execjs/runtimes_rb.html", "size_i": "1661", "regex": "false"},
	{"name_s": "/opt/rh/ruby193/root/usr/share/gems/doc/execjs-1.4.0/rdoc/lib/execjs/version_rb.html", "size_i": "1304", "regex": "false"},
	{"name_s": "/opt/rh/ruby193/root/usr/share/gems/doc/execjs-1.4.0/rdoc/lib/execjs_rb.html", "size_i": "1374", "regex": "false"},
	{"name_s": "/opt/rh/ruby193/root/usr/share/gems/doc/execjs-1.4.0/rdoc/rdoc.css", "size_i": "13693", "regex": "false"},
	{"name_s": "/opt/rh/ruby193/root/usr/share/gems/doc/execjs-1.4.0/ri", "size_i": "4096", "regex": "false"},
	{"name_s": "/opt/rh/ruby193/root/usr/share/gems/doc/execjs-1.4.0/ri/ExecJS", "size_i": "4096", "regex": "false"},
	{"name_s": "/opt/rh/ruby193/root/usr/share/gems/doc/execjs-1.4.0/ri/ExecJS/DisabledRuntime", "size_i": "4096", "regex": "false"},
	{"name_s": "/opt/rh/ruby193/root/usr/share/gems/doc/execjs-1.4.0/ri/ExecJS/DisabledRuntime/available%3f-i.ri", "size_i": "186", "regex": "false"},
	{"name_s": "/opt/rh/ruby193/root/usr/share/gems/doc/execjs-1.4.0/ri/ExecJS/DisabledRuntime/cdesc-DisabledRuntime.ri", "size_i": "387", "regex": "false"},
	{"name_s": "/opt/rh/ruby193/root/usr/share/gems/doc/execjs-1.4.0/ri/ExecJS/DisabledRuntime/compile-i.ri", "size_i": "186", "regex": "false"},
	{"name_s": "/opt/rh/ruby193/root/usr/share/gems/doc/execjs-1.4.0/ri/ExecJS/DisabledRuntime/deprecated%3f-i.ri", "size_i": "188", "regex": "false"},
	{"name_s": "/opt/rh/ruby193/root/usr/share/gems/doc/execjs-1.4.0/ri/ExecJS/DisabledRuntime/eval-i.ri", "size_i": "180", "regex": "false"},
	{"name_s": "/opt/rh/ruby193/root/usr/share/gems/doc/execjs-1.4.0/ri/ExecJS/DisabledRuntime/exec-i.ri", "size_i": "180", "regex": "false"},
	{"name_s": "/opt/rh/ruby193/root/usr/share/gems/doc/execjs-1.4.0/ri/ExecJS/DisabledRuntime/name-i.ri", "size_i": "174", "regex": "false"},
	{"name_s": "/opt/rh/ruby193/root/usr/share/gems/doc/execjs-1.4.0/ri/ExecJS/Encoding", "size_i": "4096", "regex": "false"},
	{"name_s": "/opt/rh/ruby193/root/usr/share/gems/doc/execjs-1.4.0/ri/ExecJS/Encoding/cdesc-Encoding.ri", "size_i": "330", "regex": "false"},
	{"name_s": "/opt/rh/ruby193/root/usr/share/gems/doc/execjs-1.4.0/ri/ExecJS/Encoding/encode-i.ri", "size_i": "352", "regex": "false"},
	{"name_s": "/opt/rh/ruby193/root/usr/share/gems/doc/execjs-1.4.0/ri/ExecJS/Error", "size_i": "4096", "regex": "false"},
	{"name_s": "/opt/rh/ruby193/root/usr/share/gems/doc/execjs-1.4.0/ri/ExecJS/Error/cdesc-Error.ri", "size_i": "224", "regex": "false"},
	{"name_s": "/opt/rh/ruby193/root/usr/share/gems/doc/execjs-1.4.0/ri/ExecJS/ExternalRuntime", "size_i": "4096", "regex": "false"},
	{"name_s": "/opt/rh/ruby193/root/usr/share/gems/doc/execjs-1.4.0/ri/ExecJS/ExternalRuntime/Context", "size_i": "4096", "regex": "false"},
	{"name_s": "/opt/rh/ruby193/root/usr/share/gems/doc/execjs-1.4.0/ri/ExecJS/ExternalRuntime/Context/call-i.ri", "size_i": "200", "regex": "false"},
	{"name_s": "/opt/rh/ruby193/root/usr/share/gems/doc/execjs-1.4.0/ri/ExecJS/ExternalRuntime/Context/cdesc-Context.ri", "size_i": "451", "regex": "false"},
	{"name_s": "/opt/rh/ruby193/root/usr/share/gems/doc/execjs-1.4.0/ri/ExecJS/ExternalRuntime/Context/compile-i.ri", "size_i": "198", "regex": "false"},
	{"name_s": "/opt/rh/ruby193/root/usr/share/gems/doc/execjs-1.4.0/ri/ExecJS/ExternalRuntime/Context/compile_to_tempfile-i.ri", "size_i": "236", "regex": "false"},
	{"name_s": "/opt/rh/ruby193/root/usr/share/gems/doc/execjs-1.4.0/ri/ExecJS/ExternalRuntime/Context/encode_unicode_codepoints-i.ri", "size_i": "231", "regex": "false"},
	{"name_s": "/opt/rh/ruby193/root/usr/share/gems/doc/execjs-1.4.0/ri/ExecJS/ExternalRuntime/Context/eval-i.ri", "size_i": "203", "regex": "false"},
	{"name_s": "/opt/rh/ruby193/root/usr/share/gems/doc/execjs-1.4.0/ri/ExecJS/ExternalRuntime/Context/exec-i.ri", "size_i": "203", "regex": "false"},
	{"name_s": "/opt/rh/ruby193/root/usr/share/gems/doc/execjs-1.4.0/ri/ExecJS/ExternalRuntime/Context/extract_result-i.ri", "size_i": "212", "regex": "false"},
	{"name_s": "/opt/rh/ruby193/root/usr/share/gems/doc/execjs-1.4.0/ri/ExecJS/ExternalRuntime/Context/new-c.ri", "size_i": "202", "regex": "false"},
	{"name_s": "/opt/rh/ruby193/root/usr/share/gems/doc/execjs-1.4.0/ri/ExecJS/ExternalRuntime/available%3f-i.ri", "size_i": "186", "regex": "false"},
	{"name_s": "/opt/rh/ruby193/root/usr/share/gems/doc/execjs-1.4.0/ri/ExecJS/ExternalRuntime/cdesc-ExternalRuntime.ri", "size_i": "479", "regex": "false"},
	{"name_s": "/opt/rh/ruby193/root/usr/share/gems/doc/execjs-1.4.0/ri/ExecJS/ExternalRuntime/deprecated%3f-i.ri", "size_i": "188", "regex": "false"},
	{"name_s": "/opt/rh/ruby193/root/usr/share/gems/doc/execjs-1.4.0/ri/ExecJS/ExternalRuntime/exec_runtime-i.ri", "size_i": "201", "regex": "false"},
	{"name_s": "/opt/rh/ruby193/root/usr/share/gems/doc/execjs-1.4.0/ri/ExecJS/ExternalRuntime/locate_binary-i.ri", "size_i": "195", "regex": "false"},
	{"name_s": "/opt/rh/ruby193/root/usr/share/gems/doc/execjs-1.4.0/ri/ExecJS/ExternalRuntime/name-i.ri", "size_i": "164", "regex": "false"},
	{"name_s": "/opt/rh/ruby193/root/usr/share/gems/doc/execjs-1.4.0/ri/ExecJS/ExternalRuntime/new-c.ri", "size_i": "180", "regex": "false"},
	{"name_s": "/opt/rh/ruby193/root/usr/share/gems/doc/execjs-1.4.0/ri/ExecJS/ExternalRuntime/runner_source-i.ri", "size_i": "195", "regex": "false"},
	{"name_s": "/opt/rh/ruby193/root/usr/share/gems/doc/execjs-1.4.0/ri/ExecJS/ExternalRuntime/sh-i.ri", "size_i": "180", "regex": "false"},
	{"name_s": "/opt/rh/ruby193/root/usr/share/gems/doc/execjs-1.4.0/ri/ExecJS/ExternalRuntime/shell_escape-i.ri", "size_i": "198", "regex": "false"},
	{"name_s": "/opt/rh/ruby193/root/usr/share/gems/doc/execjs-1.4.0/ri/ExecJS/ExternalRuntime/which-i.ri", "size_i": "186", "regex": "false"},
	{"name_s": "/opt/rh/ruby193/root/usr/share/gems/doc/execjs-1.4.0/ri/ExecJS/JSON", "size_i": "4096", "regex": "false"},
	{"name_s": "/opt/rh/ruby193/root/usr/share/gems/doc/execjs-1.4.0/ri/ExecJS/JSON/cdesc-JSON.ri", "size_i": "261", "regex": "false"},
	{"name_s": "/opt/rh/ruby193/root/usr/share/gems/doc/execjs-1.4.0/ri/ExecJS/JSON/decode-c.ri", "size_i": "159", "regex": "false"},
	{"name_s": "/opt/rh/ruby193/root/usr/share/gems/doc/execjs-1.4.0/ri/ExecJS/JSON/encode-c.ri", "size_i": "159", "regex": "false"},
	{"name_s": "/opt/rh/ruby193/root/usr/share/gems/doc/execjs-1.4.0/ri/ExecJS/JohnsonRuntime", "size_i": "4096", "regex": "false"},
	{"name_s": "/opt/rh/ruby193/root/usr/share/gems/doc/execjs-1.4.0/ri/ExecJS/JohnsonRuntime/Context", "size_i": "4096", "regex": "false"},
	{"name_s": "/opt/rh/ruby193/root/usr/share/gems/doc/execjs-1.4.0/ri/ExecJS/JohnsonRuntime/Context/call-i.ri", "size_i": "198", "regex": "false"},
	{"name_s": "/opt/rh/ruby193/root/usr/share/gems/doc/execjs-1.4.0/ri/ExecJS/JohnsonRuntime/Context/cdesc-Context.ri", "size_i": "364", "regex": "false"},
	{"name_s": "/opt/rh/ruby193/root/usr/share/gems/doc/execjs-1.4.0/ri/ExecJS/JohnsonRuntime/Context/eval-i.ri", "size_i": "201", "regex": "false"},
	{"name_s": "/opt/rh/ruby193/root/usr/share/gems/doc/execjs-1.4.0/ri/ExecJS/JohnsonRuntime/Context/exec-i.ri", "size_i": "201", "regex": "false"},
	{"name_s": "/opt/rh/ruby193/root/usr/share/gems/doc/execjs-1.4.0/ri/ExecJS/JohnsonRuntime/Context/new-c.ri", "size_i": "200", "regex": "false"},
	{"name_s": "/opt/rh/ruby193/root/usr/share/gems/doc/execjs-1.4.0/ri/ExecJS/JohnsonRuntime/Context/unbox-i.ri", "size_i": "188", "regex": "false"},
	{"name_s": "/opt/rh/ruby193/root/usr/share/gems/doc/execjs-1.4.0/ri/ExecJS/JohnsonRuntime/available%3f-i.ri", "size_i": "184", "regex": "false"},
	{"name_s": "/opt/rh/ruby193/root/usr/share/gems/doc/execjs-1.4.0/ri/ExecJS/JohnsonRuntime/cdesc-JohnsonRuntime.ri", "size_i": "336", "regex": "false"},
	{"name_s": "/opt/rh/ruby193/root/usr/share/gems/doc/execjs-1.4.0/ri/ExecJS/JohnsonRuntime/deprecated%3f-i.ri", "size_i": "186", "regex": "false"},
	{"name_s": "/opt/rh/ruby193/root/usr/share/gems/doc/execjs-1.4.0/ri/ExecJS/JohnsonRuntime/name-i.ri", "size_i": "172", "regex": "false"},
	{"name_s": "/opt/rh/ruby193/root/usr/share/gems/doc/execjs-1.4.0/ri/ExecJS/MustangRuntime", "size_i": "4096", "regex": "false"},
	{"name_s": "/opt/rh/ruby193/root/usr/share/gems/doc/execjs-1.4.0/ri/ExecJS/MustangRuntime/Context", "size_i": "4096", "regex": "false"},
	{"name_s": "/opt/rh/ruby193/root/usr/share/gems/doc/execjs-1.4.0/ri/ExecJS/MustangRuntime/Context/call-i.ri", "size_i": "198", "regex": "false"},
	{"name_s": "/opt/rh/ruby193/root/usr/share/gems/doc/execjs-1.4.0/ri/ExecJS/MustangRuntime/Context/cdesc-Context.ri", "size_i": "356", "regex": "false"},
	{"name_s": "/opt/rh/ruby193/root/usr/share/gems/doc/execjs-1.4.0/ri/ExecJS/MustangRuntime/Context/eval-i.ri", "size_i": "201", "regex": "false"},
	{"name_s": "/opt/rh/ruby193/root/usr/share/gems/doc/execjs-1.4.0/ri/ExecJS/MustangRuntime/Context/exec-i.ri", "size_i": "201", "regex": "false"},
	{"name_s": "/opt/rh/ruby193/root/usr/share/gems/doc/execjs-1.4.0/ri/ExecJS/MustangRuntime/Context/new-c.ri", "size_i": "200", "regex": "false"},
	{"name_s": "/opt/rh/ruby193/root/usr/share/gems/doc/execjs-1.4.0/ri/ExecJS/MustangRuntime/Context/unbox-i.ri", "size_i": "188", "regex": "false"},
	{"name_s": "/opt/rh/ruby193/root/usr/share/gems/doc/execjs-1.4.0/ri/ExecJS/MustangRuntime/available%3f-i.ri", "size_i": "184", "regex": "false"},
	{"name_s": "/opt/rh/ruby193/root/usr/share/gems/doc/execjs-1.4.0/ri/ExecJS/MustangRuntime/cdesc-MustangRuntime.ri", "size_i": "328", "regex": "false"},
	{"name_s": "/opt/rh/ruby193/root/usr/share/gems/doc/execjs-1.4.0/ri/ExecJS/MustangRuntime/deprecated%3f-i.ri", "size_i": "186", "regex": "false"},
	{"name_s": "/opt/rh/ruby193/root/usr/share/gems/doc/execjs-1.4.0/ri/ExecJS/MustangRuntime/name-i.ri", "size_i": "172", "regex": "false"},
	{"name_s": "/opt/rh/ruby193/root/usr/share/gems/doc/execjs-1.4.0/ri/ExecJS/ProgramError", "size_i": "4096", "regex": "false"},
	{"name_s": "/opt/rh/ruby193/root/usr/share/gems/doc/execjs-1.4.0/ri/ExecJS/ProgramError/cdesc-ProgramError.ri", "size_i": "238", "regex": "false"},
	{"name_s": "/opt/rh/ruby193/root/usr/share/gems/doc/execjs-1.4.0/ri/ExecJS/RubyRacerRuntime", "size_i": "4096", "regex": "false"},
	{"name_s": "/opt/rh/ruby193/root/usr/share/gems/doc/execjs-1.4.0/ri/ExecJS/RubyRacerRuntime/Context", "size_i": "4096", "regex": "false"},
	{"name_s": "/opt/rh/ruby193/root/usr/share/gems/doc/execjs-1.4.0/ri/ExecJS/RubyRacerRuntime/Context/call-i.ri", "size_i": "203", "regex": "false"},
	{"name_s": "/opt/rh/ruby193/root/usr/share/gems/doc/execjs-1.4.0/ri/ExecJS/RubyRacerRuntime/Context/cdesc-Context.ri", "size_i": "369", "regex": "false"},
	{"name_s": "/opt/rh/ruby193/root/usr/share/gems/doc/execjs-1.4.0/ri/ExecJS/RubyRacerRuntime/Context/eval-i.ri", "size_i": "206", "regex": "false"},
	{"name_s": "/opt/rh/ruby193/root/usr/share/gems/doc/execjs-1.4.0/ri/ExecJS/RubyRacerRuntime/Context/exec-i.ri", "size_i": "206", "regex": "false"},
	{"name_s": "/opt/rh/ruby193/root/usr/share/gems/doc/execjs-1.4.0/ri/ExecJS/RubyRacerRuntime/Context/new-c.ri", "size_i": "205", "regex": "false"},
	{"name_s": "/opt/rh/ruby193/root/usr/share/gems/doc/execjs-1.4.0/ri/ExecJS/RubyRacerRuntime/Context/unbox-i.ri", "size_i": "193", "regex": "false"},
	{"name_s": "/opt/rh/ruby193/root/usr/share/gems/doc/execjs-1.4.0/ri/ExecJS/RubyRacerRuntime/available%3f-i.ri", "size_i": "189", "regex": "false"},
	{"name_s": "/opt/rh/ruby193/root/usr/share/gems/doc/execjs-1.4.0/ri/ExecJS/RubyRacerRuntime/cdesc-RubyRacerRuntime.ri", "size_i": "321", "regex": "false"},
	{"name_s": "/opt/rh/ruby193/root/usr/share/gems/doc/execjs-1.4.0/ri/ExecJS/RubyRacerRuntime/name-i.ri", "size_i": "177", "regex": "false"},
	{"name_s": "/opt/rh/ruby193/root/usr/share/gems/doc/execjs-1.4.0/ri/ExecJS/RubyRhinoRuntime", "size_i": "4096", "regex": "false"},
	{"name_s": "/opt/rh/ruby193/root/usr/share/gems/doc/execjs-1.4.0/ri/ExecJS/RubyRhinoRuntime/Context", "size_i": "4096", "regex": "false"},
	{"name_s": "/opt/rh/ruby193/root/usr/share/gems/doc/execjs-1.4.0/ri/ExecJS/RubyRhinoRuntime/Context/call-i.ri", "size_i": "203", "regex": "false"},
	{"name_s": "/opt/rh/ruby193/root/usr/share/gems/doc/execjs-1.4.0/ri/ExecJS/RubyRhinoRuntime/Context/cdesc-Context.ri", "size_i": "369", "regex": "false"},
	{"name_s": "/opt/rh/ruby193/root/usr/share/gems/doc/execjs-1.4.0/ri/ExecJS/RubyRhinoRuntime/Context/eval-i.ri", "size_i": "206", "regex": "false"},
	{"name_s": "/opt/rh/ruby193/root/usr/share/gems/doc/execjs-1.4.0/ri/ExecJS/RubyRhinoRuntime/Context/exec-i.ri", "size_i": "206", "regex": "false"},
	{"name_s": "/opt/rh/ruby193/root/usr/share/gems/doc/execjs-1.4.0/ri/ExecJS/RubyRhinoRuntime/Context/new-c.ri", "size_i": "205", "regex": "false"},
	{"name_s": "/opt/rh/ruby193/root/usr/share/gems/doc/execjs-1.4.0/ri/ExecJS/RubyRhinoRuntime/Context/unbox-i.ri", "size_i": "193", "regex": "false"},
	{"name_s": "/opt/rh/ruby193/root/usr/share/gems/doc/execjs-1.4.0/ri/ExecJS/RubyRhinoRuntime/available%3f-i.ri", "size_i": "189", "regex": "false"},
	{"name_s": "/opt/rh/ruby193/root/usr/share/gems/doc/execjs-1.4.0/ri/ExecJS/RubyRhinoRuntime/cdesc-RubyRhinoRuntime.ri", "size_i": "321", "regex": "false"},
	{"name_s": "/opt/rh/ruby193/root/usr/share/gems/doc/execjs-1.4.0/ri/ExecJS/RubyRhinoRuntime/name-i.ri", "size_i": "177", "regex": "false"},
	{"name_s": "/opt/rh/ruby193/root/usr/share/gems/doc/execjs-1.4.0/ri/ExecJS/Runtime", "size_i": "4096", "regex": "false"},
	{"name_s": "/opt/rh/ruby193/root/usr/share/gems/doc/execjs-1.4.0/ri/ExecJS/Runtime/Context", "size_i": "4096", "regex": "false"},
	{"name_s": "/opt/rh/ruby193/root/usr/share/gems/doc/execjs-1.4.0/ri/ExecJS/Runtime/Context/call-i.ri", "size_i": "183", "regex": "false"},
	{"name_s": "/opt/rh/ruby193/root/usr/share/gems/doc/execjs-1.4.0/ri/ExecJS/Runtime/Context/cdesc-Context.ri", "size_i": "345", "regex": "false"},
	{"name_s": "/opt/rh/ruby193/root/usr/share/gems/doc/execjs-1.4.0/ri/ExecJS/Runtime/Context/eval-i.ri", "size_i": "186", "regex": "false"},
	{"name_s": "/opt/rh/ruby193/root/usr/share/gems/doc/execjs-1.4.0/ri/ExecJS/Runtime/Context/exec-i.ri", "size_i": "186", "regex": "false"},
	{"name_s": "/opt/rh/ruby193/root/usr/share/gems/doc/execjs-1.4.0/ri/ExecJS/Runtime/Context/new-c.ri", "size_i": "185", "regex": "false"},
	{"name_s": "/opt/rh/ruby193/root/usr/share/gems/doc/execjs-1.4.0/ri/ExecJS/Runtime/available%3f-i.ri", "size_i": "169", "regex": "false"},
	{"name_s": "/opt/rh/ruby193/root/usr/share/gems/doc/execjs-1.4.0/ri/ExecJS/Runtime/cdesc-Runtime.ri", "size_i": "459", "regex": "false"},
	{"name_s": "/opt/rh/ruby193/root/usr/share/gems/doc/execjs-1.4.0/ri/ExecJS/Runtime/compile-i.ri", "size_i": "169", "regex": "false"},
	{"name_s": "/opt/rh/ruby193/root/usr/share/gems/doc/execjs-1.4.0/ri/ExecJS/Runtime/context_class-i.ri", "size_i": "175", "regex": "false"},
	{"name_s": "/opt/rh/ruby193/root/usr/share/gems/doc/execjs-1.4.0/ri/ExecJS/Runtime/deprecated%3f-i.ri", "size_i": "171", "regex": "false"},
	{"name_s": "/opt/rh/ruby193/root/usr/share/gems/doc/execjs-1.4.0/ri/ExecJS/Runtime/eval-i.ri", "size_i": "163", "regex": "false"},
	{"name_s": "/opt/rh/ruby193/root/usr/share/gems/doc/execjs-1.4.0/ri/ExecJS/Runtime/exec-i.ri", "size_i": "163", "regex": "false"},
	{"name_s": "/opt/rh/ruby193/root/usr/share/gems/doc/execjs-1.4.0/ri/ExecJS/Runtime/name-i.ri", "size_i": "157", "regex": "false"},
	{"name_s": "/opt/rh/ruby193/root/usr/share/gems/doc/execjs-1.4.0/ri/ExecJS/RuntimeError", "size_i": "4096", "regex": "false"},
	{"name_s": "/opt/rh/ruby193/root/usr/share/gems/doc/execjs-1.4.0/ri/ExecJS/RuntimeError/cdesc-RuntimeError.ri", "size_i": "238", "regex": "false"},
	{"name_s": "/opt/rh/ruby193/root/usr/share/gems/doc/execjs-1.4.0/ri/ExecJS/RuntimeUnavailable", "size_i": "4096", "regex": "false"},
	{"name_s": "/opt/rh/ruby193/root/usr/share/gems/doc/execjs-1.4.0/ri/ExecJS/RuntimeUnavailable/cdesc-RuntimeUnavailable.ri", "size_i": "257", "regex": "false"},
	{"name_s": "/opt/rh/ruby193/root/usr/share/gems/doc/execjs-1.4.0/ri/ExecJS/Runtimes", "size_i": "4096", "regex": "false"},
	{"name_s": "/opt/rh/ruby193/root/usr/share/gems/doc/execjs-1.4.0/ri/ExecJS/Runtimes/autodetect-c.ri", "size_i": "172", "regex": "false"},
	{"name_s": "/opt/rh/ruby193/root/usr/share/gems/doc/execjs-1.4.0/ri/ExecJS/Runtimes/best_available-c.ri", "size_i": "180", "regex": "false"},
	{"name_s": "/opt/rh/ruby193/root/usr/share/gems/doc/execjs-1.4.0/ri/ExecJS/Runtimes/cdesc-Runtimes.ri", "size_i": "622", "regex": "false"},
	{"name_s": "/opt/rh/ruby193/root/usr/share/gems/doc/execjs-1.4.0/ri/ExecJS/Runtimes/from_environment-c.ri", "size_i": "184", "regex": "false"},
	{"name_s": "/opt/rh/ruby193/root/usr/share/gems/doc/execjs-1.4.0/ri/ExecJS/Runtimes/names-c.ri", "size_i": "162", "regex": "false"},
	{"name_s": "/opt/rh/ruby193/root/usr/share/gems/doc/execjs-1.4.0/ri/ExecJS/Runtimes/runtimes-c.ri", "size_i": "168", "regex": "false"},
	{"name_s": "/opt/rh/ruby193/root/usr/share/gems/doc/execjs-1.4.0/ri/ExecJS/cdesc-ExecJS.ri", "size_i": "445", "regex": "false"},
	{"name_s": "/opt/rh/ruby193/root/usr/share/gems/doc/execjs-1.4.0/ri/ExecJS/compile-c.ri", "size_i": "160", "regex": "false"},
	{"name_s": "/opt/rh/ruby193/root/usr/share/gems/doc/execjs-1.4.0/ri/ExecJS/eval-c.ri", "size_i": "154", "regex": "false"},
	{"name_s": "/opt/rh/ruby193/root/usr/share/gems/doc/execjs-1.4.0/ri/ExecJS/exec-c.ri", "size_i": "154", "regex": "false"},
	{"name_s": "/opt/rh/ruby193/root/usr/share/gems/doc/execjs-1.4.0/ri/ExecJS/root-c.ri", "size_i": "148", "regex": "false"},
	{"name_s": "/opt/rh/ruby193/root/usr/share/gems/doc/execjs-1.4.0/ri/ExecJS/runtime%3d-c.ri", "size_i": "163", "regex": "false"},
	{"name_s": "/opt/rh/ruby193/root/usr/share/gems/doc/execjs-1.4.0/ri/ExecJS/runtime-c.ri", "size_i": "144", "regex": "false"},
	{"name_s": "/opt/rh/ruby193/root/usr/share/gems/doc/execjs-1.4.0/ri/ExecJS/runtimes-c.ri", "size_i": "158", "regex": "false"},
	{"name_s": "/opt/rh/ruby193/root/usr/share/gems/doc/execjs-1.4.0/ri/ExecJS/windows%3f-c.ri", "size_i": "156", "regex": "false"},
	{"name_s": "/opt/rh/ruby193/root/usr/share/gems/doc/execjs-1.4.0/ri/cache.ri", "size_i": "2978", "regex": "false"},
	{"name_s": "/opt/rh/ruby193/root/usr/share/gems/doc/execjs-1.4.0/ri/created.rid", "size_i": "780", "regex": "false"},
	{"name_s": "/opt/rh/ruby193/root/usr/share/gems/gems/execjs-1.4.0/README.md", "size_i": "1285", "regex": "false"}
]
