[
	{"name_s": "/opt/rh/ruby193/root/usr/share/gems/gems/i18n-0.6.0", "size_i": "4096", "regex": "false"},
	{"name_s": "/opt/rh/ruby193/root/usr/share/gems/gems/i18n-0.6.0/CHANGELOG.textile", "size_i": "10120", "regex": "false"},
	{"name_s": "/opt/rh/ruby193/root/usr/share/gems/gems/i18n-0.6.0/MIT-LICENSE", "size_i": "1061", "regex": "false"},
	{"name_s": "/opt/rh/ruby193/root/usr/share/gems/gems/i18n-0.6.0/README.textile", "size_i": "3332", "regex": "false"},
	{"name_s": "/opt/rh/ruby193/root/usr/share/gems/gems/i18n-0.6.0/lib", "size_i": "4096", "regex": "false"},
	{"name_s": "/opt/rh/ruby193/root/usr/share/gems/gems/i18n-0.6.0/lib/i18n", "size_i": "4096", "regex": "false"},
	{"name_s": "/opt/rh/ruby193/root/usr/share/gems/gems/i18n-0.6.0/lib/i18n.rb", "size_i": "12709", "regex": "false"},
	{"name_s": "/opt/rh/ruby193/root/usr/share/gems/gems/i18n-0.6.0/lib/i18n/backend", "size_i": "4096", "regex": "false"},
	{"name_s": "/opt/rh/ruby193/root/usr/share/gems/gems/i18n-0.6.0/lib/i18n/backend.rb", "size_i": "904", "regex": "false"},
	{"name_s": "/opt/rh/ruby193/root/usr/share/gems/gems/i18n-0.6.0/lib/i18n/backend/base.rb", "size_i": "7212", "regex": "false"},
	{"name_s": "/opt/rh/ruby193/root/usr/share/gems/gems/i18n-0.6.0/lib/i18n/backend/cache.rb", "size_i": "3224", "regex": "false"},
	{"name_s": "/opt/rh/ruby193/root/usr/share/gems/gems/i18n-0.6.0/lib/i18n/backend/cascade.rb", "size_i": "2132", "regex": "false"},
	{"name_s": "/opt/rh/ruby193/root/usr/share/gems/gems/i18n-0.6.0/lib/i18n/backend/chain.rb", "size_i": "2623", "regex": "false"},
	{"name_s": "/opt/rh/ruby193/root/usr/share/gems/gems/i18n-0.6.0/lib/i18n/backend/fallbacks.rb", "size_i": "2659", "regex": "false"},
	{"name_s": "/opt/rh/ruby193/root/usr/share/gems/gems/i18n-0.6.0/lib/i18n/backend/flatten.rb", "size_i": "3814", "regex": "false"},
	{"name_s": "/opt/rh/ruby193/root/usr/share/gems/gems/i18n-0.6.0/lib/i18n/backend/gettext.rb", "size_i": "2337", "regex": "false"},
	{"name_s": "/opt/rh/ruby193/root/usr/share/gems/gems/i18n-0.6.0/lib/i18n/backend/interpolation_compiler.rb", "size_i": "3748", "regex": "false"},
	{"name_s": "/opt/rh/ruby193/root/usr/share/gems/gems/i18n-0.6.0/lib/i18n/backend/key_value.rb", "size_i": "3654", "regex": "false"},
	{"name_s": "/opt/rh/ruby193/root/usr/share/gems/gems/i18n-0.6.0/lib/i18n/backend/memoize.rb", "size_i": "1341", "regex": "false"},
	{"name_s": "/opt/rh/ruby193/root/usr/share/gems/gems/i18n-0.6.0/lib/i18n/backend/metadata.rb", "size_i": "2058", "regex": "false"},
	{"name_s": "/opt/rh/ruby193/root/usr/share/gems/gems/i18n-0.6.0/lib/i18n/backend/pluralization.rb", "size_i": "2269", "regex": "false"},
	{"name_s": "/opt/rh/ruby193/root/usr/share/gems/gems/i18n-0.6.0/lib/i18n/backend/simple.rb", "size_i": "2851", "regex": "false"},
	{"name_s": "/opt/rh/ruby193/root/usr/share/gems/gems/i18n-0.6.0/lib/i18n/backend/transliterator.rb", "size_i": "4394", "regex": "false"},
	{"name_s": "/opt/rh/ruby193/root/usr/share/gems/gems/i18n-0.6.0/lib/i18n/config.rb", "size_i": "2703", "regex": "false"},
	{"name_s": "/opt/rh/ruby193/root/usr/share/gems/gems/i18n-0.6.0/lib/i18n/core_ext", "size_i": "4096", "regex": "false"},
	{"name_s": "/opt/rh/ruby193/root/usr/share/gems/gems/i18n-0.6.0/lib/i18n/core_ext/hash.rb", "size_i": "789", "regex": "false"},
	{"name_s": "/opt/rh/ruby193/root/usr/share/gems/gems/i18n-0.6.0/lib/i18n/core_ext/kernel", "size_i": "4096", "regex": "false"},
	{"name_s": "/opt/rh/ruby193/root/usr/share/gems/gems/i18n-0.6.0/lib/i18n/core_ext/kernel/surpress_warnings.rb", "size_i": "165", "regex": "false"},
	{"name_s": "/opt/rh/ruby193/root/usr/share/gems/gems/i18n-0.6.0/lib/i18n/core_ext/string", "size_i": "4096", "regex": "false"},
	{"name_s": "/opt/rh/ruby193/root/usr/share/gems/gems/i18n-0.6.0/lib/i18n/core_ext/string/interpolate.rb", "size_i": "4042", "regex": "false"},
	{"name_s": "/opt/rh/ruby193/root/usr/share/gems/gems/i18n-0.6.0/lib/i18n/exceptions.rb", "size_i": "3189", "regex": "false"},
	{"name_s": "/opt/rh/ruby193/root/usr/share/gems/gems/i18n-0.6.0/lib/i18n/gettext", "size_i": "4096", "regex": "false"},
	{"name_s": "/opt/rh/ruby193/root/usr/share/gems/gems/i18n-0.6.0/lib/i18n/gettext.rb", "size_i": "656", "regex": "false"},
	{"name_s": "/opt/rh/ruby193/root/usr/share/gems/gems/i18n-0.6.0/lib/i18n/gettext/helpers.rb", "size_i": "2145", "regex": "false"},
	{"name_s": "/opt/rh/ruby193/root/usr/share/gems/gems/i18n-0.6.0/lib/i18n/gettext/po_parser.rb", "size_i": "6744", "regex": "false"},
	{"name_s": "/opt/rh/ruby193/root/usr/share/gems/gems/i18n-0.6.0/lib/i18n/interpolate", "size_i": "4096", "regex": "false"},
	{"name_s": "/opt/rh/ruby193/root/usr/share/gems/gems/i18n-0.6.0/lib/i18n/interpolate/ruby.rb", "size_i": "1156", "regex": "false"},
	{"name_s": "/opt/rh/ruby193/root/usr/share/gems/gems/i18n-0.6.0/lib/i18n/locale", "size_i": "4096", "regex": "false"},
	{"name_s": "/opt/rh/ruby193/root/usr/share/gems/gems/i18n-0.6.0/lib/i18n/locale.rb", "size_i": "126", "regex": "false"},
	{"name_s": "/opt/rh/ruby193/root/usr/share/gems/gems/i18n-0.6.0/lib/i18n/locale/fallbacks.rb", "size_i": "3299", "regex": "false"},
	{"name_s": "/opt/rh/ruby193/root/usr/share/gems/gems/i18n-0.6.0/lib/i18n/locale/tag", "size_i": "4096", "regex": "false"},
	{"name_s": "/opt/rh/ruby193/root/usr/share/gems/gems/i18n-0.6.0/lib/i18n/locale/tag.rb", "size_i": "810", "regex": "false"},
	{"name_s": "/opt/rh/ruby193/root/usr/share/gems/gems/i18n-0.6.0/lib/i18n/locale/tag/parents.rb", "size_i": "484", "regex": "false"},
	{"name_s": "/opt/rh/ruby193/root/usr/share/gems/gems/i18n-0.6.0/lib/i18n/locale/tag/rfc4646.rb", "size_i": "2483", "regex": "false"},
	{"name_s": "/opt/rh/ruby193/root/usr/share/gems/gems/i18n-0.6.0/lib/i18n/locale/tag/simple.rb", "size_i": "672", "regex": "false"},
	{"name_s": "/opt/rh/ruby193/root/usr/share/gems/gems/i18n-0.6.0/lib/i18n/tests", "size_i": "4096", "regex": "false"},
	{"name_s": "/opt/rh/ruby193/root/usr/share/gems/gems/i18n-0.6.0/lib/i18n/tests.rb", "size_i": "448", "regex": "false"},
	{"name_s": "/opt/rh/ruby193/root/usr/share/gems/gems/i18n-0.6.0/lib/i18n/tests/basics.rb", "size_i": "2023", "regex": "false"},
	{"name_s": "/opt/rh/ruby193/root/usr/share/gems/gems/i18n-0.6.0/lib/i18n/tests/defaults.rb", "size_i": "1545", "regex": "false"},
	{"name_s": "/opt/rh/ruby193/root/usr/share/gems/gems/i18n-0.6.0/lib/i18n/tests/interpolation.rb", "size_i": "6008", "regex": "false"},
	{"name_s": "/opt/rh/ruby193/root/usr/share/gems/gems/i18n-0.6.0/lib/i18n/tests/link.rb", "size_i": "2199", "regex": "false"},
	{"name_s": "/opt/rh/ruby193/root/usr/share/gems/gems/i18n-0.6.0/lib/i18n/tests/localization", "size_i": "4096", "regex": "false"},
	{"name_s": "/opt/rh/ruby193/root/usr/share/gems/gems/i18n-0.6.0/lib/i18n/tests/localization.rb", "size_i": "587", "regex": "false"},
	{"name_s": "/opt/rh/ruby193/root/usr/share/gems/gems/i18n-0.6.0/lib/i18n/tests/localization/date.rb", "size_i": "3322", "regex": "false"},
	{"name_s": "/opt/rh/ruby193/root/usr/share/gems/gems/i18n-0.6.0/lib/i18n/tests/localization/date_time.rb", "size_i": "3012", "regex": "false"},
	{"name_s": "/opt/rh/ruby193/root/usr/share/gems/gems/i18n-0.6.0/lib/i18n/tests/localization/procs.rb", "size_i": "5448", "regex": "false"},
	{"name_s": "/opt/rh/ruby193/root/usr/share/gems/gems/i18n-0.6.0/lib/i18n/tests/localization/time.rb", "size_i": "2874", "regex": "false"},
	{"name_s": "/opt/rh/ruby193/root/usr/share/gems/gems/i18n-0.6.0/lib/i18n/tests/lookup.rb", "size_i": "2620", "regex": "false"},
	{"name_s": "/opt/rh/ruby193/root/usr/share/gems/gems/i18n-0.6.0/lib/i18n/tests/pluralization.rb", "size_i": "1360", "regex": "false"},
	{"name_s": "/opt/rh/ruby193/root/usr/share/gems/gems/i18n-0.6.0/lib/i18n/tests/procs.rb", "size_i": "2730", "regex": "false"},
	{"name_s": "/opt/rh/ruby193/root/usr/share/gems/gems/i18n-0.6.0/lib/i18n/version.rb", "size_i": "36", "regex": "false"},
	{"name_s": "/opt/rh/ruby193/root/usr/share/gems/specifications/i18n-0.6.0.gemspec", "size_i": "1476", "regex": "false"}
]
