[
	{"name_s": "/opt/rh/ruby193/root/usr/share/gems/doc/coffee-rails-3.2.2", "size_i": "4096", "regex": "false"},
	{"name_s": "/opt/rh/ruby193/root/usr/share/gems/doc/coffee-rails-3.2.2/rdoc", "size_i": "4096", "regex": "false"},
	{"name_s": "/opt/rh/ruby193/root/usr/share/gems/doc/coffee-rails-3.2.2/rdoc/Coffee", "size_i": "4096", "regex": "false"},
	{"name_s": "/opt/rh/ruby193/root/usr/share/gems/doc/coffee-rails-3.2.2/rdoc/Coffee.html", "size_i": "4867", "regex": "false"},
	{"name_s": "/opt/rh/ruby193/root/usr/share/gems/doc/coffee-rails-3.2.2/rdoc/Coffee/Generators", "size_i": "4096", "regex": "false"},
	{"name_s": "/opt/rh/ruby193/root/usr/share/gems/doc/coffee-rails-3.2.2/rdoc/Coffee/Generators.html", "size_i": "4139", "regex": "false"},
	{"name_s": "/opt/rh/ruby193/root/usr/share/gems/doc/coffee-rails-3.2.2/rdoc/Coffee/Generators/AssetsGenerator.html", "size_i": "5874", "regex": "false"},
	{"name_s": "/opt/rh/ruby193/root/usr/share/gems/doc/coffee-rails-3.2.2/rdoc/Coffee/Rails", "size_i": "4096", "regex": "false"},
	{"name_s": "/opt/rh/ruby193/root/usr/share/gems/doc/coffee-rails-3.2.2/rdoc/Coffee/Rails.html", "size_i": "4919", "regex": "false"},
	{"name_s": "/opt/rh/ruby193/root/usr/share/gems/doc/coffee-rails-3.2.2/rdoc/Coffee/Rails/Engine.html", "size_i": "3955", "regex": "false"},
	{"name_s": "/opt/rh/ruby193/root/usr/share/gems/doc/coffee-rails-3.2.2/rdoc/Coffee/Rails/TemplateHandler.html", "size_i": "7059", "regex": "false"},
	{"name_s": "/opt/rh/ruby193/root/usr/share/gems/doc/coffee-rails-3.2.2/rdoc/created.rid", "size_i": "359", "regex": "false"},
	{"name_s": "/opt/rh/ruby193/root/usr/share/gems/doc/coffee-rails-3.2.2/rdoc/images", "size_i": "4096", "regex": "false"},
	{"name_s": "/opt/rh/ruby193/root/usr/share/gems/doc/coffee-rails-3.2.2/rdoc/images/brick.png", "size_i": "452", "regex": "false"},
	{"name_s": "/opt/rh/ruby193/root/usr/share/gems/doc/coffee-rails-3.2.2/rdoc/images/brick_link.png", "size_i": "764", "regex": "false"},
	{"name_s": "/opt/rh/ruby193/root/usr/share/gems/doc/coffee-rails-3.2.2/rdoc/images/bug.png", "size_i": "774", "regex": "false"},
	{"name_s": "/opt/rh/ruby193/root/usr/share/gems/doc/coffee-rails-3.2.2/rdoc/images/bullet_black.png", "size_i": "211", "regex": "false"},
	{"name_s": "/opt/rh/ruby193/root/usr/share/gems/doc/coffee-rails-3.2.2/rdoc/images/bullet_toggle_minus.png", "size_i": "207", "regex": "false"},
	{"name_s": "/opt/rh/ruby193/root/usr/share/gems/doc/coffee-rails-3.2.2/rdoc/images/bullet_toggle_plus.png", "size_i": "209", "regex": "false"},
	{"name_s": "/opt/rh/ruby193/root/usr/share/gems/doc/coffee-rails-3.2.2/rdoc/images/date.png", "size_i": "626", "regex": "false"},
	{"name_s": "/opt/rh/ruby193/root/usr/share/gems/doc/coffee-rails-3.2.2/rdoc/images/find.png", "size_i": "659", "regex": "false"},
	{"name_s": "/opt/rh/ruby193/root/usr/share/gems/doc/coffee-rails-3.2.2/rdoc/images/loadingAnimation.gif", "size_i": "5886", "regex": "false"},
	{"name_s": "/opt/rh/ruby193/root/usr/share/gems/doc/coffee-rails-3.2.2/rdoc/images/macFFBgHack.png", "size_i": "207", "regex": "false"},
	{"name_s": "/opt/rh/ruby193/root/usr/share/gems/doc/coffee-rails-3.2.2/rdoc/images/package.png", "size_i": "853", "regex": "false"},
	{"name_s": "/opt/rh/ruby193/root/usr/share/gems/doc/coffee-rails-3.2.2/rdoc/images/page_green.png", "size_i": "621", "regex": "false"},
	{"name_s": "/opt/rh/ruby193/root/usr/share/gems/doc/coffee-rails-3.2.2/rdoc/images/page_white_text.png", "size_i": "342", "regex": "false"},
	{"name_s": "/opt/rh/ruby193/root/usr/share/gems/doc/coffee-rails-3.2.2/rdoc/images/page_white_width.png", "size_i": "309", "regex": "false"},
	{"name_s": "/opt/rh/ruby193/root/usr/share/gems/doc/coffee-rails-3.2.2/rdoc/images/plugin.png", "size_i": "591", "regex": "false"},
	{"name_s": "/opt/rh/ruby193/root/usr/share/gems/doc/coffee-rails-3.2.2/rdoc/images/ruby.png", "size_i": "592", "regex": "false"},
	{"name_s": "/opt/rh/ruby193/root/usr/share/gems/doc/coffee-rails-3.2.2/rdoc/images/tag_green.png", "size_i": "613", "regex": "false"},
	{"name_s": "/opt/rh/ruby193/root/usr/share/gems/doc/coffee-rails-3.2.2/rdoc/images/wrench.png", "size_i": "610", "regex": "false"},
	{"name_s": "/opt/rh/ruby193/root/usr/share/gems/doc/coffee-rails-3.2.2/rdoc/images/wrench_orange.png", "size_i": "584", "regex": "false"},
	{"name_s": "/opt/rh/ruby193/root/usr/share/gems/doc/coffee-rails-3.2.2/rdoc/images/zoom.png", "size_i": "692", "regex": "false"},
	{"name_s": "/opt/rh/ruby193/root/usr/share/gems/doc/coffee-rails-3.2.2/rdoc/index.html", "size_i": "2290", "regex": "false"},
	{"name_s": "/opt/rh/ruby193/root/usr/share/gems/doc/coffee-rails-3.2.2/rdoc/js", "size_i": "4096", "regex": "false"},
	{"name_s": "/opt/rh/ruby193/root/usr/share/gems/doc/coffee-rails-3.2.2/rdoc/js/darkfish.js", "size_i": "3229", "regex": "false"},
	{"name_s": "/opt/rh/ruby193/root/usr/share/gems/doc/coffee-rails-3.2.2/rdoc/js/jquery.js", "size_i": "55772", "regex": "false"},
	{"name_s": "/opt/rh/ruby193/root/usr/share/gems/doc/coffee-rails-3.2.2/rdoc/js/quicksearch.js", "size_i": "2592", "regex": "false"},
	{"name_s": "/opt/rh/ruby193/root/usr/share/gems/doc/coffee-rails-3.2.2/rdoc/js/thickbox-compressed.js", "size_i": "5978", "regex": "false"},
	{"name_s": "/opt/rh/ruby193/root/usr/share/gems/doc/coffee-rails-3.2.2/rdoc/lib", "size_i": "4096", "regex": "false"},
	{"name_s": "/opt/rh/ruby193/root/usr/share/gems/doc/coffee-rails-3.2.2/rdoc/lib/coffee", "size_i": "4096", "regex": "false"},
	{"name_s": "/opt/rh/ruby193/root/usr/share/gems/doc/coffee-rails-3.2.2/rdoc/lib/coffee-rails_rb.html", "size_i": "1497", "regex": "false"},
	{"name_s": "/opt/rh/ruby193/root/usr/share/gems/doc/coffee-rails-3.2.2/rdoc/lib/coffee/rails", "size_i": "4096", "regex": "false"},
	{"name_s": "/opt/rh/ruby193/root/usr/share/gems/doc/coffee-rails-3.2.2/rdoc/lib/coffee/rails/engine_rb.html", "size_i": "1365", "regex": "false"},
	{"name_s": "/opt/rh/ruby193/root/usr/share/gems/doc/coffee-rails-3.2.2/rdoc/lib/coffee/rails/template_handler_rb.html", "size_i": "1334", "regex": "false"},
	{"name_s": "/opt/rh/ruby193/root/usr/share/gems/doc/coffee-rails-3.2.2/rdoc/lib/coffee/rails/version_rb.html", "size_i": "1325", "regex": "false"},
	{"name_s": "/opt/rh/ruby193/root/usr/share/gems/doc/coffee-rails-3.2.2/rdoc/lib/rails", "size_i": "4096", "regex": "false"},
	{"name_s": "/opt/rh/ruby193/root/usr/share/gems/doc/coffee-rails-3.2.2/rdoc/lib/rails/generators", "size_i": "4096", "regex": "false"},
	{"name_s": "/opt/rh/ruby193/root/usr/share/gems/doc/coffee-rails-3.2.2/rdoc/lib/rails/generators/coffee", "size_i": "4096", "regex": "false"},
	{"name_s": "/opt/rh/ruby193/root/usr/share/gems/doc/coffee-rails-3.2.2/rdoc/lib/rails/generators/coffee/assets", "size_i": "4096", "regex": "false"},
	{"name_s": "/opt/rh/ruby193/root/usr/share/gems/doc/coffee-rails-3.2.2/rdoc/lib/rails/generators/coffee/assets/assets_generator_rb.html", "size_i": "1420", "regex": "false"},
	{"name_s": "/opt/rh/ruby193/root/usr/share/gems/doc/coffee-rails-3.2.2/rdoc/rdoc.css", "size_i": "13693", "regex": "false"},
	{"name_s": "/opt/rh/ruby193/root/usr/share/gems/doc/coffee-rails-3.2.2/ri", "size_i": "4096", "regex": "false"},
	{"name_s": "/opt/rh/ruby193/root/usr/share/gems/doc/coffee-rails-3.2.2/ri/Coffee", "size_i": "4096", "regex": "false"},
	{"name_s": "/opt/rh/ruby193/root/usr/share/gems/doc/coffee-rails-3.2.2/ri/Coffee/Generators", "size_i": "4096", "regex": "false"},
	{"name_s": "/opt/rh/ruby193/root/usr/share/gems/doc/coffee-rails-3.2.2/ri/Coffee/Generators/AssetsGenerator", "size_i": "4096", "regex": "false"},
	{"name_s": "/opt/rh/ruby193/root/usr/share/gems/doc/coffee-rails-3.2.2/ri/Coffee/Generators/AssetsGenerator/cdesc-AssetsGenerator.ri", "size_i": "352", "regex": "false"},
	{"name_s": "/opt/rh/ruby193/root/usr/share/gems/doc/coffee-rails-3.2.2/ri/Coffee/Generators/AssetsGenerator/copy_coffee-i.ri", "size_i": "224", "regex": "false"},
	{"name_s": "/opt/rh/ruby193/root/usr/share/gems/doc/coffee-rails-3.2.2/ri/Coffee/Generators/cdesc-Generators.ri", "size_i": "216", "regex": "false"},
	{"name_s": "/opt/rh/ruby193/root/usr/share/gems/doc/coffee-rails-3.2.2/ri/Coffee/Rails", "size_i": "4096", "regex": "false"},
	{"name_s": "/opt/rh/ruby193/root/usr/share/gems/doc/coffee-rails-3.2.2/ri/Coffee/Rails/Engine", "size_i": "4096", "regex": "false"},
	{"name_s": "/opt/rh/ruby193/root/usr/share/gems/doc/coffee-rails-3.2.2/ri/Coffee/Rails/Engine/cdesc-Engine.ri", "size_i": "233", "regex": "false"},
	{"name_s": "/opt/rh/ruby193/root/usr/share/gems/doc/coffee-rails-3.2.2/ri/Coffee/Rails/TemplateHandler", "size_i": "4096", "regex": "false"},
	{"name_s": "/opt/rh/ruby193/root/usr/share/gems/doc/coffee-rails-3.2.2/ri/Coffee/Rails/TemplateHandler/call-c.ri", "size_i": "196", "regex": "false"},
	{"name_s": "/opt/rh/ruby193/root/usr/share/gems/doc/coffee-rails-3.2.2/ri/Coffee/Rails/TemplateHandler/cdesc-TemplateHandler.ri", "size_i": "322", "regex": "false"},
	{"name_s": "/opt/rh/ruby193/root/usr/share/gems/doc/coffee-rails-3.2.2/ri/Coffee/Rails/TemplateHandler/erb_handler-c.ri", "size_i": "202", "regex": "false"},
	{"name_s": "/opt/rh/ruby193/root/usr/share/gems/doc/coffee-rails-3.2.2/ri/Coffee/Rails/cdesc-Rails.ri", "size_i": "267", "regex": "false"},
	{"name_s": "/opt/rh/ruby193/root/usr/share/gems/doc/coffee-rails-3.2.2/ri/Coffee/cdesc-Coffee.ri", "size_i": "189", "regex": "false"},
	{"name_s": "/opt/rh/ruby193/root/usr/share/gems/doc/coffee-rails-3.2.2/ri/cache.ri", "size_i": "516", "regex": "false"},
	{"name_s": "/opt/rh/ruby193/root/usr/share/gems/doc/coffee-rails-3.2.2/ri/created.rid", "size_i": "359", "regex": "false"},
	{"name_s": "/opt/rh/ruby193/root/usr/share/gems/gems/coffee-rails-3.2.2/Gemfile", "size_i": "267", "regex": "false"},
	{"name_s": "/opt/rh/ruby193/root/usr/share/gems/gems/coffee-rails-3.2.2/README.markdown", "size_i": "814", "regex": "false"},
	{"name_s": "/opt/rh/ruby193/root/usr/share/gems/gems/coffee-rails-3.2.2/Rakefile", "size_i": "206", "regex": "false"},
	{"name_s": "/opt/rh/ruby193/root/usr/share/gems/gems/coffee-rails-3.2.2/coffee-rails.gemspec", "size_i": "861", "regex": "false"},
	{"name_s": "/opt/rh/ruby193/root/usr/share/gems/gems/coffee-rails-3.2.2/test", "size_i": "4096", "regex": "false"},
	{"name_s": "/opt/rh/ruby193/root/usr/share/gems/gems/coffee-rails-3.2.2/test/assets_generator_test.rb", "size_i": "428", "regex": "false"},
	{"name_s": "/opt/rh/ruby193/root/usr/share/gems/gems/coffee-rails-3.2.2/test/assets_test.rb", "size_i": "1032", "regex": "false"},
	{"name_s": "/opt/rh/ruby193/root/usr/share/gems/gems/coffee-rails-3.2.2/test/controller_generator_test.rb", "size_i": "568", "regex": "false"},
	{"name_s": "/opt/rh/ruby193/root/usr/share/gems/gems/coffee-rails-3.2.2/test/scaffold_generator_test.rb", "size_i": "560", "regex": "false"},
	{"name_s": "/opt/rh/ruby193/root/usr/share/gems/gems/coffee-rails-3.2.2/test/support", "size_i": "4096", "regex": "false"},
	{"name_s": "/opt/rh/ruby193/root/usr/share/gems/gems/coffee-rails-3.2.2/test/support/routes.rb", "size_i": "20", "regex": "false"},
	{"name_s": "/opt/rh/ruby193/root/usr/share/gems/gems/coffee-rails-3.2.2/test/support/site", "size_i": "4096", "regex": "false"},
	{"name_s": "/opt/rh/ruby193/root/usr/share/gems/gems/coffee-rails-3.2.2/test/support/site/index.js.coffee", "size_i": "20", "regex": "false"},
	{"name_s": "/opt/rh/ruby193/root/usr/share/gems/gems/coffee-rails-3.2.2/test/template_handler_test.rb", "size_i": "547", "regex": "false"},
	{"name_s": "/opt/rh/ruby193/root/usr/share/gems/gems/coffee-rails-3.2.2/test/test_helper.rb", "size_i": "361", "regex": "false"}
]
