[
	{"name_s": "/opt/rh/ruby193/root/usr/share/gems/gems/activemodel-3.2.8", "size_i": "4096", "regex": "false"},
	{"name_s": "/opt/rh/ruby193/root/usr/share/gems/gems/activemodel-3.2.8/MIT-LICENSE", "size_i": "1074", "regex": "false"},
	{"name_s": "/opt/rh/ruby193/root/usr/share/gems/gems/activemodel-3.2.8/README.rdoc", "size_i": "5376", "regex": "false"},
	{"name_s": "/opt/rh/ruby193/root/usr/share/gems/gems/activemodel-3.2.8/lib", "size_i": "4096", "regex": "false"},
	{"name_s": "/opt/rh/ruby193/root/usr/share/gems/gems/activemodel-3.2.8/lib/active_model", "size_i": "4096", "regex": "false"},
	{"name_s": "/opt/rh/ruby193/root/usr/share/gems/gems/activemodel-3.2.8/lib/active_model.rb", "size_i": "2162", "regex": "false"},
	{"name_s": "/opt/rh/ruby193/root/usr/share/gems/gems/activemodel-3.2.8/lib/active_model/attribute_methods.rb", "size_i": "16576", "regex": "false"},
	{"name_s": "/opt/rh/ruby193/root/usr/share/gems/gems/activemodel-3.2.8/lib/active_model/callbacks.rb", "size_i": "4556", "regex": "false"},
	{"name_s": "/opt/rh/ruby193/root/usr/share/gems/gems/activemodel-3.2.8/lib/active_model/conversion.rb", "size_i": "2338", "regex": "false"},
	{"name_s": "/opt/rh/ruby193/root/usr/share/gems/gems/activemodel-3.2.8/lib/active_model/dirty.rb", "size_i": "4879", "regex": "false"},
	{"name_s": "/opt/rh/ruby193/root/usr/share/gems/gems/activemodel-3.2.8/lib/active_model/errors.rb", "size_i": "12087", "regex": "false"},
	{"name_s": "/opt/rh/ruby193/root/usr/share/gems/gems/activemodel-3.2.8/lib/active_model/lint.rb", "size_i": "5259", "regex": "false"},
	{"name_s": "/opt/rh/ruby193/root/usr/share/gems/gems/activemodel-3.2.8/lib/active_model/locale", "size_i": "4096", "regex": "false"},
	{"name_s": "/opt/rh/ruby193/root/usr/share/gems/gems/activemodel-3.2.8/lib/active_model/locale/en.yml", "size_i": "1166", "regex": "false"},
	{"name_s": "/opt/rh/ruby193/root/usr/share/gems/gems/activemodel-3.2.8/lib/active_model/mass_assignment_security", "size_i": "4096", "regex": "false"},
	{"name_s": "/opt/rh/ruby193/root/usr/share/gems/gems/activemodel-3.2.8/lib/active_model/mass_assignment_security.rb", "size_i": "8720", "regex": "false"},
	{"name_s": "/opt/rh/ruby193/root/usr/share/gems/gems/activemodel-3.2.8/lib/active_model/mass_assignment_security/permission_set.rb", "size_i": "666", "regex": "false"},
	{"name_s": "/opt/rh/ruby193/root/usr/share/gems/gems/activemodel-3.2.8/lib/active_model/mass_assignment_security/sanitizer.rb", "size_i": "1674", "regex": "false"},
	{"name_s": "/opt/rh/ruby193/root/usr/share/gems/gems/activemodel-3.2.8/lib/active_model/naming.rb", "size_i": "6478", "regex": "false"},
	{"name_s": "/opt/rh/ruby193/root/usr/share/gems/gems/activemodel-3.2.8/lib/active_model/observer_array.rb", "size_i": "4257", "regex": "false"},
	{"name_s": "/opt/rh/ruby193/root/usr/share/gems/gems/activemodel-3.2.8/lib/active_model/observing.rb", "size_i": "8163", "regex": "false"},
	{"name_s": "/opt/rh/ruby193/root/usr/share/gems/gems/activemodel-3.2.8/lib/active_model/railtie.rb", "size_i": "38", "regex": "false"},
	{"name_s": "/opt/rh/ruby193/root/usr/share/gems/gems/activemodel-3.2.8/lib/active_model/secure_password.rb", "size_i": "2939", "regex": "false"},
	{"name_s": "/opt/rh/ruby193/root/usr/share/gems/gems/activemodel-3.2.8/lib/active_model/serialization.rb", "size_i": "4304", "regex": "false"},
	{"name_s": "/opt/rh/ruby193/root/usr/share/gems/gems/activemodel-3.2.8/lib/active_model/serializers", "size_i": "4096", "regex": "false"},
	{"name_s": "/opt/rh/ruby193/root/usr/share/gems/gems/activemodel-3.2.8/lib/active_model/serializers/json.rb", "size_i": "4304", "regex": "false"},
	{"name_s": "/opt/rh/ruby193/root/usr/share/gems/gems/activemodel-3.2.8/lib/active_model/serializers/xml.rb", "size_i": "6385", "regex": "false"},
	{"name_s": "/opt/rh/ruby193/root/usr/share/gems/gems/activemodel-3.2.8/lib/active_model/test_case.rb", "size_i": "319", "regex": "false"},
	{"name_s": "/opt/rh/ruby193/root/usr/share/gems/gems/activemodel-3.2.8/lib/active_model/translation.rb", "size_i": "2339", "regex": "false"},
	{"name_s": "/opt/rh/ruby193/root/usr/share/gems/gems/activemodel-3.2.8/lib/active_model/validations", "size_i": "4096", "regex": "false"},
	{"name_s": "/opt/rh/ruby193/root/usr/share/gems/gems/activemodel-3.2.8/lib/active_model/validations.rb", "size_i": "7928", "regex": "false"},
	{"name_s": "/opt/rh/ruby193/root/usr/share/gems/gems/activemodel-3.2.8/lib/active_model/validations/acceptance.rb", "size_i": "3103", "regex": "false"},
	{"name_s": "/opt/rh/ruby193/root/usr/share/gems/gems/activemodel-3.2.8/lib/active_model/validations/callbacks.rb", "size_i": "1872", "regex": "false"},
	{"name_s": "/opt/rh/ruby193/root/usr/share/gems/gems/activemodel-3.2.8/lib/active_model/validations/confirmation.rb", "size_i": "3085", "regex": "false"},
	{"name_s": "/opt/rh/ruby193/root/usr/share/gems/gems/activemodel-3.2.8/lib/active_model/validations/exclusion.rb", "size_i": "4065", "regex": "false"},
	{"name_s": "/opt/rh/ruby193/root/usr/share/gems/gems/activemodel-3.2.8/lib/active_model/validations/format.rb", "size_i": "4975", "regex": "false"},
	{"name_s": "/opt/rh/ruby193/root/usr/share/gems/gems/activemodel-3.2.8/lib/active_model/validations/inclusion.rb", "size_i": "3878", "regex": "false"},
	{"name_s": "/opt/rh/ruby193/root/usr/share/gems/gems/activemodel-3.2.8/lib/active_model/validations/length.rb", "size_i": "6079", "regex": "false"},
	{"name_s": "/opt/rh/ruby193/root/usr/share/gems/gems/activemodel-3.2.8/lib/active_model/validations/numericality.rb", "size_i": "5894", "regex": "false"},
	{"name_s": "/opt/rh/ruby193/root/usr/share/gems/gems/activemodel-3.2.8/lib/active_model/validations/presence.rb", "size_i": "2259", "regex": "false"},
	{"name_s": "/opt/rh/ruby193/root/usr/share/gems/gems/activemodel-3.2.8/lib/active_model/validations/validates.rb", "size_i": "5459", "regex": "false"},
	{"name_s": "/opt/rh/ruby193/root/usr/share/gems/gems/activemodel-3.2.8/lib/active_model/validations/with.rb", "size_i": "4899", "regex": "false"},
	{"name_s": "/opt/rh/ruby193/root/usr/share/gems/gems/activemodel-3.2.8/lib/active_model/validator.rb", "size_i": "6227", "regex": "false"},
	{"name_s": "/opt/rh/ruby193/root/usr/share/gems/gems/activemodel-3.2.8/lib/active_model/version.rb", "size_i": "171", "regex": "false"},
	{"name_s": "/opt/rh/ruby193/root/usr/share/gems/specifications/activemodel-3.2.8.gemspec", "size_i": "1287", "regex": "false"}
]
