[
	{"name_s": "/opt/rh/ruby193/root/usr/share/gems/doc/thor-0.15.4", "size_i": "4096", "regex": "false"},
	{"name_s": "/opt/rh/ruby193/root/usr/share/gems/doc/thor-0.15.4/rdoc", "size_i": "4096", "regex": "false"},
	{"name_s": "/opt/rh/ruby193/root/usr/share/gems/doc/thor-0.15.4/rdoc/CHANGELOG_rdoc.html", "size_i": "11510", "regex": "false"},
	{"name_s": "/opt/rh/ruby193/root/usr/share/gems/doc/thor-0.15.4/rdoc/Object.html", "size_i": "13352", "regex": "false"},
	{"name_s": "/opt/rh/ruby193/root/usr/share/gems/doc/thor-0.15.4/rdoc/Thor", "size_i": "4096", "regex": "false"},
	{"name_s": "/opt/rh/ruby193/root/usr/share/gems/doc/thor-0.15.4/rdoc/Thor.html", "size_i": "55303", "regex": "false"},
	{"name_s": "/opt/rh/ruby193/root/usr/share/gems/doc/thor-0.15.4/rdoc/Thor/Actions", "size_i": "4096", "regex": "false"},
	{"name_s": "/opt/rh/ruby193/root/usr/share/gems/doc/thor-0.15.4/rdoc/Thor/Actions.html", "size_i": "100332", "regex": "false"},
	{"name_s": "/opt/rh/ruby193/root/usr/share/gems/doc/thor-0.15.4/rdoc/Thor/Actions/ClassMethods.html", "size_i": "14375", "regex": "false"},
	{"name_s": "/opt/rh/ruby193/root/usr/share/gems/doc/thor-0.15.4/rdoc/Thor/Base", "size_i": "4096", "regex": "false"},
	{"name_s": "/opt/rh/ruby193/root/usr/share/gems/doc/thor-0.15.4/rdoc/Thor/Base.html", "size_i": "21654", "regex": "false"},
	{"name_s": "/opt/rh/ruby193/root/usr/share/gems/doc/thor-0.15.4/rdoc/Thor/Base/ClassMethods.html", "size_i": "55379", "regex": "false"},
	{"name_s": "/opt/rh/ruby193/root/usr/share/gems/doc/thor-0.15.4/rdoc/Thor/DynamicTask.html", "size_i": "9482", "regex": "false"},
	{"name_s": "/opt/rh/ruby193/root/usr/share/gems/doc/thor-0.15.4/rdoc/Thor/Error.html", "size_i": "6051", "regex": "false"},
	{"name_s": "/opt/rh/ruby193/root/usr/share/gems/doc/thor-0.15.4/rdoc/Thor/Group.html", "size_i": "23554", "regex": "false"},
	{"name_s": "/opt/rh/ruby193/root/usr/share/gems/doc/thor-0.15.4/rdoc/Thor/HiddenTask.html", "size_i": "7126", "regex": "false"},
	{"name_s": "/opt/rh/ruby193/root/usr/share/gems/doc/thor-0.15.4/rdoc/Thor/InvocationError.html", "size_i": "5736", "regex": "false"},
	{"name_s": "/opt/rh/ruby193/root/usr/share/gems/doc/thor-0.15.4/rdoc/Thor/MalformattedArgumentError.html", "size_i": "5712", "regex": "false"},
	{"name_s": "/opt/rh/ruby193/root/usr/share/gems/doc/thor-0.15.4/rdoc/Thor/PrivateMethodEncodedError.html", "size_i": "5781", "regex": "false"},
	{"name_s": "/opt/rh/ruby193/root/usr/share/gems/doc/thor-0.15.4/rdoc/Thor/RakeCompat.html", "size_i": "9600", "regex": "false"},
	{"name_s": "/opt/rh/ruby193/root/usr/share/gems/doc/thor-0.15.4/rdoc/Thor/RequiredArgumentMissingError.html", "size_i": "5718", "regex": "false"},
	{"name_s": "/opt/rh/ruby193/root/usr/share/gems/doc/thor-0.15.4/rdoc/Thor/Shell", "size_i": "4096", "regex": "false"},
	{"name_s": "/opt/rh/ruby193/root/usr/share/gems/doc/thor-0.15.4/rdoc/Thor/Shell.html", "size_i": "13558", "regex": "false"},
	{"name_s": "/opt/rh/ruby193/root/usr/share/gems/doc/thor-0.15.4/rdoc/Thor/Shell/Basic.html", "size_i": "62658", "regex": "false"},
	{"name_s": "/opt/rh/ruby193/root/usr/share/gems/doc/thor-0.15.4/rdoc/Thor/Shell/Color.html", "size_i": "13727", "regex": "false"},
	{"name_s": "/opt/rh/ruby193/root/usr/share/gems/doc/thor-0.15.4/rdoc/Thor/Shell/HTML.html", "size_i": "14907", "regex": "false"},
	{"name_s": "/opt/rh/ruby193/root/usr/share/gems/doc/thor-0.15.4/rdoc/Thor/Task.html", "size_i": "28574", "regex": "false"},
	{"name_s": "/opt/rh/ruby193/root/usr/share/gems/doc/thor-0.15.4/rdoc/Thor/UndefinedTaskError.html", "size_i": "5720", "regex": "false"},
	{"name_s": "/opt/rh/ruby193/root/usr/share/gems/doc/thor-0.15.4/rdoc/Thor/UnknownArgumentError.html", "size_i": "5682", "regex": "false"},
	{"name_s": "/opt/rh/ruby193/root/usr/share/gems/doc/thor-0.15.4/rdoc/Thor/Util.html", "size_i": "42333", "regex": "false"},
	{"name_s": "/opt/rh/ruby193/root/usr/share/gems/doc/thor-0.15.4/rdoc/Thorfile.html", "size_i": "5434", "regex": "false"},
	{"name_s": "/opt/rh/ruby193/root/usr/share/gems/doc/thor-0.15.4/rdoc/created.rid", "size_i": "1947", "regex": "false"},
	{"name_s": "/opt/rh/ruby193/root/usr/share/gems/doc/thor-0.15.4/rdoc/images", "size_i": "4096", "regex": "false"},
	{"name_s": "/opt/rh/ruby193/root/usr/share/gems/doc/thor-0.15.4/rdoc/images/brick.png", "size_i": "452", "regex": "false"},
	{"name_s": "/opt/rh/ruby193/root/usr/share/gems/doc/thor-0.15.4/rdoc/images/brick_link.png", "size_i": "764", "regex": "false"},
	{"name_s": "/opt/rh/ruby193/root/usr/share/gems/doc/thor-0.15.4/rdoc/images/bug.png", "size_i": "774", "regex": "false"},
	{"name_s": "/opt/rh/ruby193/root/usr/share/gems/doc/thor-0.15.4/rdoc/images/bullet_black.png", "size_i": "211", "regex": "false"},
	{"name_s": "/opt/rh/ruby193/root/usr/share/gems/doc/thor-0.15.4/rdoc/images/bullet_toggle_minus.png", "size_i": "207", "regex": "false"},
	{"name_s": "/opt/rh/ruby193/root/usr/share/gems/doc/thor-0.15.4/rdoc/images/bullet_toggle_plus.png", "size_i": "209", "regex": "false"},
	{"name_s": "/opt/rh/ruby193/root/usr/share/gems/doc/thor-0.15.4/rdoc/images/date.png", "size_i": "626", "regex": "false"},
	{"name_s": "/opt/rh/ruby193/root/usr/share/gems/doc/thor-0.15.4/rdoc/images/find.png", "size_i": "659", "regex": "false"},
	{"name_s": "/opt/rh/ruby193/root/usr/share/gems/doc/thor-0.15.4/rdoc/images/loadingAnimation.gif", "size_i": "5886", "regex": "false"},
	{"name_s": "/opt/rh/ruby193/root/usr/share/gems/doc/thor-0.15.4/rdoc/images/macFFBgHack.png", "size_i": "207", "regex": "false"},
	{"name_s": "/opt/rh/ruby193/root/usr/share/gems/doc/thor-0.15.4/rdoc/images/package.png", "size_i": "853", "regex": "false"},
	{"name_s": "/opt/rh/ruby193/root/usr/share/gems/doc/thor-0.15.4/rdoc/images/page_green.png", "size_i": "621", "regex": "false"},
	{"name_s": "/opt/rh/ruby193/root/usr/share/gems/doc/thor-0.15.4/rdoc/images/page_white_text.png", "size_i": "342", "regex": "false"},
	{"name_s": "/opt/rh/ruby193/root/usr/share/gems/doc/thor-0.15.4/rdoc/images/page_white_width.png", "size_i": "309", "regex": "false"},
	{"name_s": "/opt/rh/ruby193/root/usr/share/gems/doc/thor-0.15.4/rdoc/images/plugin.png", "size_i": "591", "regex": "false"},
	{"name_s": "/opt/rh/ruby193/root/usr/share/gems/doc/thor-0.15.4/rdoc/images/ruby.png", "size_i": "592", "regex": "false"},
	{"name_s": "/opt/rh/ruby193/root/usr/share/gems/doc/thor-0.15.4/rdoc/images/tag_green.png", "size_i": "613", "regex": "false"},
	{"name_s": "/opt/rh/ruby193/root/usr/share/gems/doc/thor-0.15.4/rdoc/images/wrench.png", "size_i": "610", "regex": "false"},
	{"name_s": "/opt/rh/ruby193/root/usr/share/gems/doc/thor-0.15.4/rdoc/images/wrench_orange.png", "size_i": "584", "regex": "false"},
	{"name_s": "/opt/rh/ruby193/root/usr/share/gems/doc/thor-0.15.4/rdoc/images/zoom.png", "size_i": "692", "regex": "false"},
	{"name_s": "/opt/rh/ruby193/root/usr/share/gems/doc/thor-0.15.4/rdoc/index.html", "size_i": "20775", "regex": "false"},
	{"name_s": "/opt/rh/ruby193/root/usr/share/gems/doc/thor-0.15.4/rdoc/js", "size_i": "4096", "regex": "false"},
	{"name_s": "/opt/rh/ruby193/root/usr/share/gems/doc/thor-0.15.4/rdoc/js/darkfish.js", "size_i": "3229", "regex": "false"},
	{"name_s": "/opt/rh/ruby193/root/usr/share/gems/doc/thor-0.15.4/rdoc/js/jquery.js", "size_i": "55772", "regex": "false"},
	{"name_s": "/opt/rh/ruby193/root/usr/share/gems/doc/thor-0.15.4/rdoc/js/quicksearch.js", "size_i": "2592", "regex": "false"},
	{"name_s": "/opt/rh/ruby193/root/usr/share/gems/doc/thor-0.15.4/rdoc/js/thickbox-compressed.js", "size_i": "5978", "regex": "false"},
	{"name_s": "/opt/rh/ruby193/root/usr/share/gems/doc/thor-0.15.4/rdoc/lib", "size_i": "4096", "regex": "false"},
	{"name_s": "/opt/rh/ruby193/root/usr/share/gems/doc/thor-0.15.4/rdoc/lib/thor", "size_i": "4096", "regex": "false"},
	{"name_s": "/opt/rh/ruby193/root/usr/share/gems/doc/thor-0.15.4/rdoc/lib/thor/actions", "size_i": "4096", "regex": "false"},
	{"name_s": "/opt/rh/ruby193/root/usr/share/gems/doc/thor-0.15.4/rdoc/lib/thor/actions/create_file_rb.html", "size_i": "1376", "regex": "false"},
	{"name_s": "/opt/rh/ruby193/root/usr/share/gems/doc/thor-0.15.4/rdoc/lib/thor/actions/create_link_rb.html", "size_i": "1372", "regex": "false"},
	{"name_s": "/opt/rh/ruby193/root/usr/share/gems/doc/thor-0.15.4/rdoc/lib/thor/actions/directory_rb.html", "size_i": "1374", "regex": "false"},
	{"name_s": "/opt/rh/ruby193/root/usr/share/gems/doc/thor-0.15.4/rdoc/lib/thor/actions/empty_directory_rb.html", "size_i": "1323", "regex": "false"},
	{"name_s": "/opt/rh/ruby193/root/usr/share/gems/doc/thor-0.15.4/rdoc/lib/thor/actions/file_manipulation_rb.html", "size_i": "1394", "regex": "false"},
	{"name_s": "/opt/rh/ruby193/root/usr/share/gems/doc/thor-0.15.4/rdoc/lib/thor/actions/inject_into_file_rb.html", "size_i": "1381", "regex": "false"},
	{"name_s": "/opt/rh/ruby193/root/usr/share/gems/doc/thor-0.15.4/rdoc/lib/thor/actions_rb.html", "size_i": "1760", "regex": "false"},
	{"name_s": "/opt/rh/ruby193/root/usr/share/gems/doc/thor-0.15.4/rdoc/lib/thor/base_rb.html", "size_i": "1661", "regex": "false"},
	{"name_s": "/opt/rh/ruby193/root/usr/share/gems/doc/thor-0.15.4/rdoc/lib/thor/core_ext", "size_i": "4096", "regex": "false"},
	{"name_s": "/opt/rh/ruby193/root/usr/share/gems/doc/thor-0.15.4/rdoc/lib/thor/core_ext/dir_escape_rb.html", "size_i": "1318", "regex": "false"},
	{"name_s": "/opt/rh/ruby193/root/usr/share/gems/doc/thor-0.15.4/rdoc/lib/thor/core_ext/file_binary_read_rb.html", "size_i": "1324", "regex": "false"},
	{"name_s": "/opt/rh/ruby193/root/usr/share/gems/doc/thor-0.15.4/rdoc/lib/thor/core_ext/hash_with_indifferent_access_rb.html", "size_i": "1336", "regex": "false"},
	{"name_s": "/opt/rh/ruby193/root/usr/share/gems/doc/thor-0.15.4/rdoc/lib/thor/core_ext/ordered_hash_rb.html", "size_i": "1320", "regex": "false"},
	{"name_s": "/opt/rh/ruby193/root/usr/share/gems/doc/thor-0.15.4/rdoc/lib/thor/error_rb.html", "size_i": "1298", "regex": "false"},
	{"name_s": "/opt/rh/ruby193/root/usr/share/gems/doc/thor-0.15.4/rdoc/lib/thor/group_rb.html", "size_i": "1336", "regex": "false"},
	{"name_s": "/opt/rh/ruby193/root/usr/share/gems/doc/thor-0.15.4/rdoc/lib/thor/parser", "size_i": "4096", "regex": "false"},
	{"name_s": "/opt/rh/ruby193/root/usr/share/gems/doc/thor-0.15.4/rdoc/lib/thor/parser/argument_rb.html", "size_i": "1316", "regex": "false"},
	{"name_s": "/opt/rh/ruby193/root/usr/share/gems/doc/thor-0.15.4/rdoc/lib/thor/parser/arguments_rb.html", "size_i": "1317", "regex": "false"},
	{"name_s": "/opt/rh/ruby193/root/usr/share/gems/doc/thor-0.15.4/rdoc/lib/thor/parser/option_rb.html", "size_i": "1314", "regex": "false"},
	{"name_s": "/opt/rh/ruby193/root/usr/share/gems/doc/thor-0.15.4/rdoc/lib/thor/parser/options_rb.html", "size_i": "1315", "regex": "false"},
	{"name_s": "/opt/rh/ruby193/root/usr/share/gems/doc/thor-0.15.4/rdoc/lib/thor/parser_rb.html", "size_i": "1493", "regex": "false"},
	{"name_s": "/opt/rh/ruby193/root/usr/share/gems/doc/thor-0.15.4/rdoc/lib/thor/rake_compat_rb.html", "size_i": "1385", "regex": "false"},
	{"name_s": "/opt/rh/ruby193/root/usr/share/gems/doc/thor-0.15.4/rdoc/lib/thor/runner_rb.html", "size_i": "1655", "regex": "false"},
	{"name_s": "/opt/rh/ruby193/root/usr/share/gems/doc/thor-0.15.4/rdoc/lib/thor/shell", "size_i": "4096", "regex": "false"},
	{"name_s": "/opt/rh/ruby193/root/usr/share/gems/doc/thor-0.15.4/rdoc/lib/thor/shell/basic_rb.html", "size_i": "1350", "regex": "false"},
	{"name_s": "/opt/rh/ruby193/root/usr/share/gems/doc/thor-0.15.4/rdoc/lib/thor/shell/color_rb.html", "size_i": "1395", "regex": "false"},
	{"name_s": "/opt/rh/ruby193/root/usr/share/gems/doc/thor-0.15.4/rdoc/lib/thor/shell/html_rb.html", "size_i": "1394", "regex": "false"},
	{"name_s": "/opt/rh/ruby193/root/usr/share/gems/doc/thor-0.15.4/rdoc/lib/thor/shell_rb.html", "size_i": "1335", "regex": "false"},
	{"name_s": "/opt/rh/ruby193/root/usr/share/gems/doc/thor-0.15.4/rdoc/lib/thor/task_rb.html", "size_i": "1297", "regex": "false"},
	{"name_s": "/opt/rh/ruby193/root/usr/share/gems/doc/thor-0.15.4/rdoc/lib/thor/util_rb.html", "size_i": "1334", "regex": "false"},
	{"name_s": "/opt/rh/ruby193/root/usr/share/gems/doc/thor-0.15.4/rdoc/lib/thor/version_rb.html", "size_i": "1300", "regex": "false"},
	{"name_s": "/opt/rh/ruby193/root/usr/share/gems/doc/thor-0.15.4/rdoc/lib/thor_rb.html", "size_i": "1320", "regex": "false"},
	{"name_s": "/opt/rh/ruby193/root/usr/share/gems/doc/thor-0.15.4/rdoc/rdoc.css", "size_i": "13693", "regex": "false"},
	{"name_s": "/opt/rh/ruby193/root/usr/share/gems/doc/thor-0.15.4/ri", "size_i": "4096", "regex": "false"},
	{"name_s": "/opt/rh/ruby193/root/usr/share/gems/doc/thor-0.15.4/ri/Object", "size_i": "4096", "regex": "false"},
	{"name_s": "/opt/rh/ruby193/root/usr/share/gems/doc/thor-0.15.4/ri/Object/cdesc-Object.ri", "size_i": "293", "regex": "false"},
	{"name_s": "/opt/rh/ruby193/root/usr/share/gems/doc/thor-0.15.4/ri/Object/namespace-i.ri", "size_i": "198", "regex": "false"},
	{"name_s": "/opt/rh/ruby193/root/usr/share/gems/doc/thor-0.15.4/ri/Object/rake_namespace-i.ri", "size_i": "174", "regex": "false"},
	{"name_s": "/opt/rh/ruby193/root/usr/share/gems/doc/thor-0.15.4/ri/Object/task-i.ri", "size_i": "151", "regex": "false"},
	{"name_s": "/opt/rh/ruby193/root/usr/share/gems/doc/thor-0.15.4/ri/Thor", "size_i": "4096", "regex": "false"},
	{"name_s": "/opt/rh/ruby193/root/usr/share/gems/doc/thor-0.15.4/ri/Thor/Actions", "size_i": "4096", "regex": "false"},
	{"name_s": "/opt/rh/ruby193/root/usr/share/gems/doc/thor-0.15.4/ri/Thor/Actions/ClassMethods", "size_i": "4096", "regex": "false"},
	{"name_s": "/opt/rh/ruby193/root/usr/share/gems/doc/thor-0.15.4/ri/Thor/Actions/ClassMethods/add_runtime_options%21-i.ri", "size_i": "285", "regex": "false"},
	{"name_s": "/opt/rh/ruby193/root/usr/share/gems/doc/thor-0.15.4/ri/Thor/Actions/ClassMethods/cdesc-ClassMethods.ri", "size_i": "361", "regex": "false"},
	{"name_s": "/opt/rh/ruby193/root/usr/share/gems/doc/thor-0.15.4/ri/Thor/Actions/ClassMethods/source_paths-i.ri", "size_i": "408", "regex": "false"},
	{"name_s": "/opt/rh/ruby193/root/usr/share/gems/doc/thor-0.15.4/ri/Thor/Actions/ClassMethods/source_paths_for_search-i.ri", "size_i": "434", "regex": "false"},
	{"name_s": "/opt/rh/ruby193/root/usr/share/gems/doc/thor-0.15.4/ri/Thor/Actions/ClassMethods/source_root-i.ri", "size_i": "275", "regex": "false"},
	{"name_s": "/opt/rh/ruby193/root/usr/share/gems/doc/thor-0.15.4/ri/Thor/Actions/add_file-i.ri", "size_i": "199", "regex": "false"},
	{"name_s": "/opt/rh/ruby193/root/usr/share/gems/doc/thor-0.15.4/ri/Thor/Actions/add_link-i.ri", "size_i": "199", "regex": "false"},
	{"name_s": "/opt/rh/ruby193/root/usr/share/gems/doc/thor-0.15.4/ri/Thor/Actions/append_file-i.ri", "size_i": "204", "regex": "false"},
	{"name_s": "/opt/rh/ruby193/root/usr/share/gems/doc/thor-0.15.4/ri/Thor/Actions/append_to_file-i.ri", "size_i": "1016", "regex": "false"},
	{"name_s": "/opt/rh/ruby193/root/usr/share/gems/doc/thor-0.15.4/ri/Thor/Actions/apply-i.ri", "size_i": "715", "regex": "false"},
	{"name_s": "/opt/rh/ruby193/root/usr/share/gems/doc/thor-0.15.4/ri/Thor/Actions/behavior-i.ri", "size_i": "152", "regex": "false"},
	{"name_s": "/opt/rh/ruby193/root/usr/share/gems/doc/thor-0.15.4/ri/Thor/Actions/cdesc-Actions.ri", "size_i": "1277", "regex": "false"},
	{"name_s": "/opt/rh/ruby193/root/usr/share/gems/doc/thor-0.15.4/ri/Thor/Actions/chmod-i.ri", "size_i": "750", "regex": "false"},
	{"name_s": "/opt/rh/ruby193/root/usr/share/gems/doc/thor-0.15.4/ri/Thor/Actions/comment_lines-i.ri", "size_i": "994", "regex": "false"},
	{"name_s": "/opt/rh/ruby193/root/usr/share/gems/doc/thor-0.15.4/ri/Thor/Actions/copy_file-i.ri", "size_i": "945", "regex": "false"},
	{"name_s": "/opt/rh/ruby193/root/usr/share/gems/doc/thor-0.15.4/ri/Thor/Actions/create_file-i.ri", "size_i": "1112", "regex": "false"},
	{"name_s": "/opt/rh/ruby193/root/usr/share/gems/doc/thor-0.15.4/ri/Thor/Actions/create_link-i.ri", "size_i": "963", "regex": "false"},
	{"name_s": "/opt/rh/ruby193/root/usr/share/gems/doc/thor-0.15.4/ri/Thor/Actions/destination_root%3d-i.ri", "size_i": "346", "regex": "false"},
	{"name_s": "/opt/rh/ruby193/root/usr/share/gems/doc/thor-0.15.4/ri/Thor/Actions/destination_root-i.ri", "size_i": "287", "regex": "false"},
	{"name_s": "/opt/rh/ruby193/root/usr/share/gems/doc/thor-0.15.4/ri/Thor/Actions/directory-i.ri", "size_i": "2089", "regex": "false"},
	{"name_s": "/opt/rh/ruby193/root/usr/share/gems/doc/thor-0.15.4/ri/Thor/Actions/empty_directory-i.ri", "size_i": "704", "regex": "false"},
	{"name_s": "/opt/rh/ruby193/root/usr/share/gems/doc/thor-0.15.4/ri/Thor/Actions/find_in_source_paths-i.ri", "size_i": "294", "regex": "false"},
	{"name_s": "/opt/rh/ruby193/root/usr/share/gems/doc/thor-0.15.4/ri/Thor/Actions/get-i.ri", "size_i": "1069", "regex": "false"},
	{"name_s": "/opt/rh/ruby193/root/usr/share/gems/doc/thor-0.15.4/ri/Thor/Actions/gsub_file-i.ri", "size_i": "1073", "regex": "false"},
	{"name_s": "/opt/rh/ruby193/root/usr/share/gems/doc/thor-0.15.4/ri/Thor/Actions/in_root-i.ri", "size_i": "248", "regex": "false"},
	{"name_s": "/opt/rh/ruby193/root/usr/share/gems/doc/thor-0.15.4/ri/Thor/Actions/inject_into_class-i.ri", "size_i": "1212", "regex": "false"},
	{"name_s": "/opt/rh/ruby193/root/usr/share/gems/doc/thor-0.15.4/ri/Thor/Actions/inject_into_file-i.ri", "size_i": "220", "regex": "false"},
	{"name_s": "/opt/rh/ruby193/root/usr/share/gems/doc/thor-0.15.4/ri/Thor/Actions/insert_into_file-i.ri", "size_i": "1365", "regex": "false"},
	{"name_s": "/opt/rh/ruby193/root/usr/share/gems/doc/thor-0.15.4/ri/Thor/Actions/inside-i.ri", "size_i": "809", "regex": "false"},
	{"name_s": "/opt/rh/ruby193/root/usr/share/gems/doc/thor-0.15.4/ri/Thor/Actions/link_file-i.ri", "size_i": "944", "regex": "false"},
	{"name_s": "/opt/rh/ruby193/root/usr/share/gems/doc/thor-0.15.4/ri/Thor/Actions/new-c.ri", "size_i": "741", "regex": "false"},
	{"name_s": "/opt/rh/ruby193/root/usr/share/gems/doc/thor-0.15.4/ri/Thor/Actions/prepend_file-i.ri", "size_i": "206", "regex": "false"},
	{"name_s": "/opt/rh/ruby193/root/usr/share/gems/doc/thor-0.15.4/ri/Thor/Actions/prepend_to_file-i.ri", "size_i": "1023", "regex": "false"},
	{"name_s": "/opt/rh/ruby193/root/usr/share/gems/doc/thor-0.15.4/ri/Thor/Actions/relative_to_original_destination_root-i.ri", "size_i": "373", "regex": "false"},
	{"name_s": "/opt/rh/ruby193/root/usr/share/gems/doc/thor-0.15.4/ri/Thor/Actions/remove_dir-i.ri", "size_i": "198", "regex": "false"},
	{"name_s": "/opt/rh/ruby193/root/usr/share/gems/doc/thor-0.15.4/ri/Thor/Actions/remove_file-i.ri", "size_i": "773", "regex": "false"},
	{"name_s": "/opt/rh/ruby193/root/usr/share/gems/doc/thor-0.15.4/ri/Thor/Actions/run-i.ri", "size_i": "818", "regex": "false"},
	{"name_s": "/opt/rh/ruby193/root/usr/share/gems/doc/thor-0.15.4/ri/Thor/Actions/run_ruby_script-i.ri", "size_i": "618", "regex": "false"},
	{"name_s": "/opt/rh/ruby193/root/usr/share/gems/doc/thor-0.15.4/ri/Thor/Actions/source_paths-i.ri", "size_i": "265", "regex": "false"},
	{"name_s": "/opt/rh/ruby193/root/usr/share/gems/doc/thor-0.15.4/ri/Thor/Actions/template-i.ri", "size_i": "1011", "regex": "false"},
	{"name_s": "/opt/rh/ruby193/root/usr/share/gems/doc/thor-0.15.4/ri/Thor/Actions/thor-i.ri", "size_i": "1028", "regex": "false"},
	{"name_s": "/opt/rh/ruby193/root/usr/share/gems/doc/thor-0.15.4/ri/Thor/Actions/uncomment_lines-i.ri", "size_i": "1025", "regex": "false"},
	{"name_s": "/opt/rh/ruby193/root/usr/share/gems/doc/thor-0.15.4/ri/Thor/Base", "size_i": "4096", "regex": "false"},
	{"name_s": "/opt/rh/ruby193/root/usr/share/gems/doc/thor-0.15.4/ri/Thor/Base/ClassMethods", "size_i": "4096", "regex": "false"},
	{"name_s": "/opt/rh/ruby193/root/usr/share/gems/doc/thor-0.15.4/ri/Thor/Base/ClassMethods/all_tasks-i.ri", "size_i": "543", "regex": "false"},
	{"name_s": "/opt/rh/ruby193/root/usr/share/gems/doc/thor-0.15.4/ri/Thor/Base/ClassMethods/argument-i.ri", "size_i": "1875", "regex": "false"},
	{"name_s": "/opt/rh/ruby193/root/usr/share/gems/doc/thor-0.15.4/ri/Thor/Base/ClassMethods/arguments-i.ri", "size_i": "390", "regex": "false"},
	{"name_s": "/opt/rh/ruby193/root/usr/share/gems/doc/thor-0.15.4/ri/Thor/Base/ClassMethods/basename-i.ri", "size_i": "262", "regex": "false"},
	{"name_s": "/opt/rh/ruby193/root/usr/share/gems/doc/thor-0.15.4/ri/Thor/Base/ClassMethods/cdesc-ClassMethods.ri", "size_i": "742", "regex": "false"},
	{"name_s": "/opt/rh/ruby193/root/usr/share/gems/doc/thor-0.15.4/ri/Thor/Base/ClassMethods/check_unknown_options%21-i.ri", "size_i": "377", "regex": "false"},
	{"name_s": "/opt/rh/ruby193/root/usr/share/gems/doc/thor-0.15.4/ri/Thor/Base/ClassMethods/class_option-i.ri", "size_i": "1458", "regex": "false"},
	{"name_s": "/opt/rh/ruby193/root/usr/share/gems/doc/thor-0.15.4/ri/Thor/Base/ClassMethods/class_options-i.ri", "size_i": "579", "regex": "false"},
	{"name_s": "/opt/rh/ruby193/root/usr/share/gems/doc/thor-0.15.4/ri/Thor/Base/ClassMethods/exit_on_failure%3f-i.ri", "size_i": "296", "regex": "false"},
	{"name_s": "/opt/rh/ruby193/root/usr/share/gems/doc/thor-0.15.4/ri/Thor/Base/ClassMethods/from_superclass-i.ri", "size_i": "329", "regex": "false"},
	{"name_s": "/opt/rh/ruby193/root/usr/share/gems/doc/thor-0.15.4/ri/Thor/Base/ClassMethods/group-i.ri", "size_i": "487", "regex": "false"},
	{"name_s": "/opt/rh/ruby193/root/usr/share/gems/doc/thor-0.15.4/ri/Thor/Base/ClassMethods/inherited-i.ri", "size_i": "312", "regex": "false"},
	{"name_s": "/opt/rh/ruby193/root/usr/share/gems/doc/thor-0.15.4/ri/Thor/Base/ClassMethods/method_added-i.ri", "size_i": "345", "regex": "false"},
	{"name_s": "/opt/rh/ruby193/root/usr/share/gems/doc/thor-0.15.4/ri/Thor/Base/ClassMethods/namespace-i.ri", "size_i": "897", "regex": "false"},
	{"name_s": "/opt/rh/ruby193/root/usr/share/gems/doc/thor-0.15.4/ri/Thor/Base/ClassMethods/no_tasks-i.ri", "size_i": "701", "regex": "false"},
	{"name_s": "/opt/rh/ruby193/root/usr/share/gems/doc/thor-0.15.4/ri/Thor/Base/ClassMethods/print_options-i.ri", "size_i": "291", "regex": "false"},
	{"name_s": "/opt/rh/ruby193/root/usr/share/gems/doc/thor-0.15.4/ri/Thor/Base/ClassMethods/public_task-i.ri", "size_i": "550", "regex": "false"},
	{"name_s": "/opt/rh/ruby193/root/usr/share/gems/doc/thor-0.15.4/ri/Thor/Base/ClassMethods/remove_argument-i.ri", "size_i": "689", "regex": "false"},
	{"name_s": "/opt/rh/ruby193/root/usr/share/gems/doc/thor-0.15.4/ri/Thor/Base/ClassMethods/remove_class_option-i.ri", "size_i": "637", "regex": "false"},
	{"name_s": "/opt/rh/ruby193/root/usr/share/gems/doc/thor-0.15.4/ri/Thor/Base/ClassMethods/remove_task-i.ri", "size_i": "927", "regex": "false"},
	{"name_s": "/opt/rh/ruby193/root/usr/share/gems/doc/thor-0.15.4/ri/Thor/Base/ClassMethods/start-i.ri", "size_i": "658", "regex": "false"},
	{"name_s": "/opt/rh/ruby193/root/usr/share/gems/doc/thor-0.15.4/ri/Thor/Base/ClassMethods/strict_args_position%21-i.ri", "size_i": "403", "regex": "false"},
	{"name_s": "/opt/rh/ruby193/root/usr/share/gems/doc/thor-0.15.4/ri/Thor/Base/ClassMethods/tasks-i.ri", "size_i": "516", "regex": "false"},
	{"name_s": "/opt/rh/ruby193/root/usr/share/gems/doc/thor-0.15.4/ri/Thor/Base/args-i.ri", "size_i": "138", "regex": "false"},
	{"name_s": "/opt/rh/ruby193/root/usr/share/gems/doc/thor-0.15.4/ri/Thor/Base/cdesc-Base.ri", "size_i": "432", "regex": "false"},
	{"name_s": "/opt/rh/ruby193/root/usr/share/gems/doc/thor-0.15.4/ri/Thor/Base/new-c.ri", "size_i": "1068", "regex": "false"},
	{"name_s": "/opt/rh/ruby193/root/usr/share/gems/doc/thor-0.15.4/ri/Thor/Base/options-i.ri", "size_i": "144", "regex": "false"},
	{"name_s": "/opt/rh/ruby193/root/usr/share/gems/doc/thor-0.15.4/ri/Thor/Base/parent_options-i.ri", "size_i": "158", "regex": "false"},
	{"name_s": "/opt/rh/ruby193/root/usr/share/gems/doc/thor-0.15.4/ri/Thor/Base/shell%3d-c.ri", "size_i": "236", "regex": "false"},
	{"name_s": "/opt/rh/ruby193/root/usr/share/gems/doc/thor-0.15.4/ri/Thor/Base/shell-c.ri", "size_i": "344", "regex": "false"},
	{"name_s": "/opt/rh/ruby193/root/usr/share/gems/doc/thor-0.15.4/ri/Thor/Base/subclass_files-c.ri", "size_i": "377", "regex": "false"},
	{"name_s": "/opt/rh/ruby193/root/usr/share/gems/doc/thor-0.15.4/ri/Thor/Base/subclasses-c.ri", "size_i": "365", "regex": "false"},
	{"name_s": "/opt/rh/ruby193/root/usr/share/gems/doc/thor-0.15.4/ri/Thor/DynamicTask", "size_i": "4096", "regex": "false"},
	{"name_s": "/opt/rh/ruby193/root/usr/share/gems/doc/thor-0.15.4/ri/Thor/DynamicTask/cdesc-DynamicTask.ri", "size_i": "383", "regex": "false"},
	{"name_s": "/opt/rh/ruby193/root/usr/share/gems/doc/thor-0.15.4/ri/Thor/DynamicTask/new-c.ri", "size_i": "170", "regex": "false"},
	{"name_s": "/opt/rh/ruby193/root/usr/share/gems/doc/thor-0.15.4/ri/Thor/DynamicTask/run-i.ri", "size_i": "169", "regex": "false"},
	{"name_s": "/opt/rh/ruby193/root/usr/share/gems/doc/thor-0.15.4/ri/Thor/Error", "size_i": "4096", "regex": "false"},
	{"name_s": "/opt/rh/ruby193/root/usr/share/gems/doc/thor-0.15.4/ri/Thor/Error/cdesc-Error.ri", "size_i": "708", "regex": "false"},
	{"name_s": "/opt/rh/ruby193/root/usr/share/gems/doc/thor-0.15.4/ri/Thor/Group", "size_i": "4096", "regex": "false"},
	{"name_s": "/opt/rh/ruby193/root/usr/share/gems/doc/thor-0.15.4/ri/Thor/Group/banner-c.ri", "size_i": "330", "regex": "false"},
	{"name_s": "/opt/rh/ruby193/root/usr/share/gems/doc/thor-0.15.4/ri/Thor/Group/cdesc-Group.ri", "size_i": "724", "regex": "false"},
	{"name_s": "/opt/rh/ruby193/root/usr/share/gems/doc/thor-0.15.4/ri/Thor/Group/desc-c.ri", "size_i": "627", "regex": "false"},
	{"name_s": "/opt/rh/ruby193/root/usr/share/gems/doc/thor-0.15.4/ri/Thor/Group/help-c.ri", "size_i": "436", "regex": "false"},
	{"name_s": "/opt/rh/ruby193/root/usr/share/gems/doc/thor-0.15.4/ri/Thor/Group/invoke-c.ri", "size_i": "550", "regex": "false"},
	{"name_s": "/opt/rh/ruby193/root/usr/share/gems/doc/thor-0.15.4/ri/Thor/Group/invoke_from_option-c.ri", "size_i": "1472", "regex": "false"},
	{"name_s": "/opt/rh/ruby193/root/usr/share/gems/doc/thor-0.15.4/ri/Thor/Group/printable_tasks-c.ri", "size_i": "245", "regex": "false"},
	{"name_s": "/opt/rh/ruby193/root/usr/share/gems/doc/thor-0.15.4/ri/Thor/Group/remove_invocation-c.ri", "size_i": "411", "regex": "false"},
	{"name_s": "/opt/rh/ruby193/root/usr/share/gems/doc/thor-0.15.4/ri/Thor/HiddenTask", "size_i": "4096", "regex": "false"},
	{"name_s": "/opt/rh/ruby193/root/usr/share/gems/doc/thor-0.15.4/ri/Thor/HiddenTask/cdesc-HiddenTask.ri", "size_i": "377", "regex": "false"},
	{"name_s": "/opt/rh/ruby193/root/usr/share/gems/doc/thor-0.15.4/ri/Thor/HiddenTask/hidden%3f-i.ri", "size_i": "159", "regex": "false"},
	{"name_s": "/opt/rh/ruby193/root/usr/share/gems/doc/thor-0.15.4/ri/Thor/InvocationError", "size_i": "4096", "regex": "false"},
	{"name_s": "/opt/rh/ruby193/root/usr/share/gems/doc/thor-0.15.4/ri/Thor/InvocationError/cdesc-InvocationError.ri", "size_i": "367", "regex": "false"},
	{"name_s": "/opt/rh/ruby193/root/usr/share/gems/doc/thor-0.15.4/ri/Thor/MalformattedArgumentError", "size_i": "4096", "regex": "false"},
	{"name_s": "/opt/rh/ruby193/root/usr/share/gems/doc/thor-0.15.4/ri/Thor/MalformattedArgumentError/cdesc-MalformattedArgumentError.ri", "size_i": "270", "regex": "false"},
	{"name_s": "/opt/rh/ruby193/root/usr/share/gems/doc/thor-0.15.4/ri/Thor/PrivateMethodEncodedError", "size_i": "4096", "regex": "false"},
	{"name_s": "/opt/rh/ruby193/root/usr/share/gems/doc/thor-0.15.4/ri/Thor/PrivateMethodEncodedError/cdesc-PrivateMethodEncodedError.ri", "size_i": "412", "regex": "false"},
	{"name_s": "/opt/rh/ruby193/root/usr/share/gems/doc/thor-0.15.4/ri/Thor/RakeCompat", "size_i": "4096", "regex": "false"},
	{"name_s": "/opt/rh/ruby193/root/usr/share/gems/doc/thor-0.15.4/ri/Thor/RakeCompat/cdesc-RakeCompat.ri", "size_i": "865", "regex": "false"},
	{"name_s": "/opt/rh/ruby193/root/usr/share/gems/doc/thor-0.15.4/ri/Thor/RakeCompat/included-c.ri", "size_i": "173", "regex": "false"},
	{"name_s": "/opt/rh/ruby193/root/usr/share/gems/doc/thor-0.15.4/ri/Thor/RakeCompat/rake_classes-c.ri", "size_i": "177", "regex": "false"},
	{"name_s": "/opt/rh/ruby193/root/usr/share/gems/doc/thor-0.15.4/ri/Thor/RequiredArgumentMissingError", "size_i": "4096", "regex": "false"},
	{"name_s": "/opt/rh/ruby193/root/usr/share/gems/doc/thor-0.15.4/ri/Thor/RequiredArgumentMissingError/cdesc-RequiredArgumentMissingError.ri", "size_i": "276", "regex": "false"},
	{"name_s": "/opt/rh/ruby193/root/usr/share/gems/doc/thor-0.15.4/ri/Thor/Shell", "size_i": "4096", "regex": "false"},
	{"name_s": "/opt/rh/ruby193/root/usr/share/gems/doc/thor-0.15.4/ri/Thor/Shell/Basic", "size_i": "4096", "regex": "false"},
	{"name_s": "/opt/rh/ruby193/root/usr/share/gems/doc/thor-0.15.4/ri/Thor/Shell/Basic/as_unicode-i.ri", "size_i": "183", "regex": "false"},
	{"name_s": "/opt/rh/ruby193/root/usr/share/gems/doc/thor-0.15.4/ri/Thor/Shell/Basic/ask-i.ri", "size_i": "766", "regex": "false"},
	{"name_s": "/opt/rh/ruby193/root/usr/share/gems/doc/thor-0.15.4/ri/Thor/Shell/Basic/ask_filtered-i.ri", "size_i": "209", "regex": "false"},
	{"name_s": "/opt/rh/ruby193/root/usr/share/gems/doc/thor-0.15.4/ri/Thor/Shell/Basic/ask_simply-i.ri", "size_i": "197", "regex": "false"},
	{"name_s": "/opt/rh/ruby193/root/usr/share/gems/doc/thor-0.15.4/ri/Thor/Shell/Basic/base-i.ri", "size_i": "153", "regex": "false"},
	{"name_s": "/opt/rh/ruby193/root/usr/share/gems/doc/thor-0.15.4/ri/Thor/Shell/Basic/cdesc-Basic.ri", "size_i": "828", "regex": "false"},
	{"name_s": "/opt/rh/ruby193/root/usr/share/gems/doc/thor-0.15.4/ri/Thor/Shell/Basic/dynamic_width-i.ri", "size_i": "264", "regex": "false"},
	{"name_s": "/opt/rh/ruby193/root/usr/share/gems/doc/thor-0.15.4/ri/Thor/Shell/Basic/dynamic_width_stty-i.ri", "size_i": "193", "regex": "false"},
	{"name_s": "/opt/rh/ruby193/root/usr/share/gems/doc/thor-0.15.4/ri/Thor/Shell/Basic/dynamic_width_tput-i.ri", "size_i": "193", "regex": "false"},
	{"name_s": "/opt/rh/ruby193/root/usr/share/gems/doc/thor-0.15.4/ri/Thor/Shell/Basic/error-i.ri", "size_i": "497", "regex": "false"},
	{"name_s": "/opt/rh/ruby193/root/usr/share/gems/doc/thor-0.15.4/ri/Thor/Shell/Basic/file_collision-i.ri", "size_i": "772", "regex": "false"},
	{"name_s": "/opt/rh/ruby193/root/usr/share/gems/doc/thor-0.15.4/ri/Thor/Shell/Basic/lookup_color-i.ri", "size_i": "186", "regex": "false"},
	{"name_s": "/opt/rh/ruby193/root/usr/share/gems/doc/thor-0.15.4/ri/Thor/Shell/Basic/mute%3f-i.ri", "size_i": "224", "regex": "false"},
	{"name_s": "/opt/rh/ruby193/root/usr/share/gems/doc/thor-0.15.4/ri/Thor/Shell/Basic/mute-i.ri", "size_i": "247", "regex": "false"},
	{"name_s": "/opt/rh/ruby193/root/usr/share/gems/doc/thor-0.15.4/ri/Thor/Shell/Basic/no%3f-i.ri", "size_i": "301", "regex": "false"},
	{"name_s": "/opt/rh/ruby193/root/usr/share/gems/doc/thor-0.15.4/ri/Thor/Shell/Basic/padding%3d-i.ri", "size_i": "273", "regex": "false"},
	{"name_s": "/opt/rh/ruby193/root/usr/share/gems/doc/thor-0.15.4/ri/Thor/Shell/Basic/padding-i.ri", "size_i": "158", "regex": "false"},
	{"name_s": "/opt/rh/ruby193/root/usr/share/gems/doc/thor-0.15.4/ri/Thor/Shell/Basic/print_in_columns-i.ri", "size_i": "378", "regex": "false"},
	{"name_s": "/opt/rh/ruby193/root/usr/share/gems/doc/thor-0.15.4/ri/Thor/Shell/Basic/print_table-i.ri", "size_i": "660", "regex": "false"},
	{"name_s": "/opt/rh/ruby193/root/usr/share/gems/doc/thor-0.15.4/ri/Thor/Shell/Basic/print_wrapped-i.ri", "size_i": "671", "regex": "false"},
	{"name_s": "/opt/rh/ruby193/root/usr/share/gems/doc/thor-0.15.4/ri/Thor/Shell/Basic/say-i.ri", "size_i": "602", "regex": "false"},
	{"name_s": "/opt/rh/ruby193/root/usr/share/gems/doc/thor-0.15.4/ri/Thor/Shell/Basic/say_status-i.ri", "size_i": "518", "regex": "false"},
	{"name_s": "/opt/rh/ruby193/root/usr/share/gems/doc/thor-0.15.4/ri/Thor/Shell/Basic/stderr-i.ri", "size_i": "169", "regex": "false"},
	{"name_s": "/opt/rh/ruby193/root/usr/share/gems/doc/thor-0.15.4/ri/Thor/Shell/Basic/stdin-i.ri", "size_i": "167", "regex": "false"},
	{"name_s": "/opt/rh/ruby193/root/usr/share/gems/doc/thor-0.15.4/ri/Thor/Shell/Basic/stdout-i.ri", "size_i": "169", "regex": "false"},
	{"name_s": "/opt/rh/ruby193/root/usr/share/gems/doc/thor-0.15.4/ri/Thor/Shell/Basic/terminal_width-i.ri", "size_i": "322", "regex": "false"},
	{"name_s": "/opt/rh/ruby193/root/usr/share/gems/doc/thor-0.15.4/ri/Thor/Shell/Basic/truncate-i.ri", "size_i": "186", "regex": "false"},
	{"name_s": "/opt/rh/ruby193/root/usr/share/gems/doc/thor-0.15.4/ri/Thor/Shell/Basic/unix%3f-i.ri", "size_i": "167", "regex": "false"},
	{"name_s": "/opt/rh/ruby193/root/usr/share/gems/doc/thor-0.15.4/ri/Thor/Shell/Basic/yes%3f-i.ri", "size_i": "304", "regex": "false"},
	{"name_s": "/opt/rh/ruby193/root/usr/share/gems/doc/thor-0.15.4/ri/Thor/Shell/Color", "size_i": "4096", "regex": "false"},
	{"name_s": "/opt/rh/ruby193/root/usr/share/gems/doc/thor-0.15.4/ri/Thor/Shell/Color/cdesc-Color.ri", "size_i": "2117", "regex": "false"},
	{"name_s": "/opt/rh/ruby193/root/usr/share/gems/doc/thor-0.15.4/ri/Thor/Shell/Color/set_color-i.ri", "size_i": "1012", "regex": "false"},
	{"name_s": "/opt/rh/ruby193/root/usr/share/gems/doc/thor-0.15.4/ri/Thor/Shell/HTML", "size_i": "4096", "regex": "false"},
	{"name_s": "/opt/rh/ruby193/root/usr/share/gems/doc/thor-0.15.4/ri/Thor/Shell/HTML/ask-i.ri", "size_i": "446", "regex": "false"},
	{"name_s": "/opt/rh/ruby193/root/usr/share/gems/doc/thor-0.15.4/ri/Thor/Shell/HTML/cdesc-HTML.ri", "size_i": "2031", "regex": "false"},
	{"name_s": "/opt/rh/ruby193/root/usr/share/gems/doc/thor-0.15.4/ri/Thor/Shell/HTML/set_color-i.ri", "size_i": "479", "regex": "false"},
	{"name_s": "/opt/rh/ruby193/root/usr/share/gems/doc/thor-0.15.4/ri/Thor/Shell/cdesc-Shell.ri", "size_i": "341", "regex": "false"},
	{"name_s": "/opt/rh/ruby193/root/usr/share/gems/doc/thor-0.15.4/ri/Thor/Shell/new-c.ri", "size_i": "723", "regex": "false"},
	{"name_s": "/opt/rh/ruby193/root/usr/share/gems/doc/thor-0.15.4/ri/Thor/Shell/shell%3d-i.ri", "size_i": "231", "regex": "false"},
	{"name_s": "/opt/rh/ruby193/root/usr/share/gems/doc/thor-0.15.4/ri/Thor/Shell/shell-i.ri", "size_i": "308", "regex": "false"},
	{"name_s": "/opt/rh/ruby193/root/usr/share/gems/doc/thor-0.15.4/ri/Thor/Shell/with_padding-i.ri", "size_i": "245", "regex": "false"},
	{"name_s": "/opt/rh/ruby193/root/usr/share/gems/doc/thor-0.15.4/ri/Thor/Task", "size_i": "4096", "regex": "false"},
	{"name_s": "/opt/rh/ruby193/root/usr/share/gems/doc/thor-0.15.4/ri/Thor/Task/cdesc-Task.ri", "size_i": "570", "regex": "false"},
	{"name_s": "/opt/rh/ruby193/root/usr/share/gems/doc/thor-0.15.4/ri/Thor/Task/formatted_usage-i.ri", "size_i": "364", "regex": "false"},
	{"name_s": "/opt/rh/ruby193/root/usr/share/gems/doc/thor-0.15.4/ri/Thor/Task/handle_argument_error%3f-i.ri", "size_i": "209", "regex": "false"},
	{"name_s": "/opt/rh/ruby193/root/usr/share/gems/doc/thor-0.15.4/ri/Thor/Task/handle_no_method_error%3f-i.ri", "size_i": "211", "regex": "false"},
	{"name_s": "/opt/rh/ruby193/root/usr/share/gems/doc/thor-0.15.4/ri/Thor/Task/hidden%3f-i.ri", "size_i": "153", "regex": "false"},
	{"name_s": "/opt/rh/ruby193/root/usr/share/gems/doc/thor-0.15.4/ri/Thor/Task/local_method%3f-i.ri", "size_i": "182", "regex": "false"},
	{"name_s": "/opt/rh/ruby193/root/usr/share/gems/doc/thor-0.15.4/ri/Thor/Task/new-c.ri", "size_i": "201", "regex": "false"},
	{"name_s": "/opt/rh/ruby193/root/usr/share/gems/doc/thor-0.15.4/ri/Thor/Task/not_debugging%3f-i.ri", "size_i": "178", "regex": "false"},
	{"name_s": "/opt/rh/ruby193/root/usr/share/gems/doc/thor-0.15.4/ri/Thor/Task/private_method%3f-i.ri", "size_i": "180", "regex": "false"},
	{"name_s": "/opt/rh/ruby193/root/usr/share/gems/doc/thor-0.15.4/ri/Thor/Task/required_options-i.ri", "size_i": "174", "regex": "false"},
	{"name_s": "/opt/rh/ruby193/root/usr/share/gems/doc/thor-0.15.4/ri/Thor/Task/run-i.ri", "size_i": "319", "regex": "false"},
	{"name_s": "/opt/rh/ruby193/root/usr/share/gems/doc/thor-0.15.4/ri/Thor/UndefinedTaskError", "size_i": "4096", "regex": "false"},
	{"name_s": "/opt/rh/ruby193/root/usr/share/gems/doc/thor-0.15.4/ri/Thor/UndefinedTaskError/cdesc-UndefinedTaskError.ri", "size_i": "351", "regex": "false"},
	{"name_s": "/opt/rh/ruby193/root/usr/share/gems/doc/thor-0.15.4/ri/Thor/UnknownArgumentError", "size_i": "4096", "regex": "false"},
	{"name_s": "/opt/rh/ruby193/root/usr/share/gems/doc/thor-0.15.4/ri/Thor/UnknownArgumentError/cdesc-UnknownArgumentError.ri", "size_i": "250", "regex": "false"},
	{"name_s": "/opt/rh/ruby193/root/usr/share/gems/doc/thor-0.15.4/ri/Thor/Util", "size_i": "4096", "regex": "false"},
	{"name_s": "/opt/rh/ruby193/root/usr/share/gems/doc/thor-0.15.4/ri/Thor/Util/camel_case-c.ri", "size_i": "430", "regex": "false"},
	{"name_s": "/opt/rh/ruby193/root/usr/share/gems/doc/thor-0.15.4/ri/Thor/Util/cdesc-Util.ri", "size_i": "996", "regex": "false"},
	{"name_s": "/opt/rh/ruby193/root/usr/share/gems/doc/thor-0.15.4/ri/Thor/Util/escape_globs-c.ri", "size_i": "577", "regex": "false"},
	{"name_s": "/opt/rh/ruby193/root/usr/share/gems/doc/thor-0.15.4/ri/Thor/Util/find_by_namespace-c.ri", "size_i": "523", "regex": "false"},
	{"name_s": "/opt/rh/ruby193/root/usr/share/gems/doc/thor-0.15.4/ri/Thor/Util/find_class_and_task_by_namespace-c.ri", "size_i": "1124", "regex": "false"},
	{"name_s": "/opt/rh/ruby193/root/usr/share/gems/doc/thor-0.15.4/ri/Thor/Util/globs_for-c.ri", "size_i": "229", "regex": "false"},
	{"name_s": "/opt/rh/ruby193/root/usr/share/gems/doc/thor-0.15.4/ri/Thor/Util/load_thorfile-c.ri", "size_i": "364", "regex": "false"},
	{"name_s": "/opt/rh/ruby193/root/usr/share/gems/doc/thor-0.15.4/ri/Thor/Util/namespace_from_thor_class-c.ri", "size_i": "1015", "regex": "false"},
	{"name_s": "/opt/rh/ruby193/root/usr/share/gems/doc/thor-0.15.4/ri/Thor/Util/namespaces_in_content-c.ri", "size_i": "519", "regex": "false"},
	{"name_s": "/opt/rh/ruby193/root/usr/share/gems/doc/thor-0.15.4/ri/Thor/Util/ruby_command-c.ri", "size_i": "314", "regex": "false"},
	{"name_s": "/opt/rh/ruby193/root/usr/share/gems/doc/thor-0.15.4/ri/Thor/Util/snake_case-c.ri", "size_i": "430", "regex": "false"},
	{"name_s": "/opt/rh/ruby193/root/usr/share/gems/doc/thor-0.15.4/ri/Thor/Util/thor_classes_in-c.ri", "size_i": "270", "regex": "false"},
	{"name_s": "/opt/rh/ruby193/root/usr/share/gems/doc/thor-0.15.4/ri/Thor/Util/thor_root-c.ri", "size_i": "263", "regex": "false"},
	{"name_s": "/opt/rh/ruby193/root/usr/share/gems/doc/thor-0.15.4/ri/Thor/Util/thor_root_glob-c.ri", "size_i": "468", "regex": "false"},
	{"name_s": "/opt/rh/ruby193/root/usr/share/gems/doc/thor-0.15.4/ri/Thor/Util/user_home-c.ri", "size_i": "158", "regex": "false"},
	{"name_s": "/opt/rh/ruby193/root/usr/share/gems/doc/thor-0.15.4/ri/Thor/banner-c.ri", "size_i": "500", "regex": "false"},
	{"name_s": "/opt/rh/ruby193/root/usr/share/gems/doc/thor-0.15.4/ri/Thor/cdesc-Thor.ri", "size_i": "928", "regex": "false"},
	{"name_s": "/opt/rh/ruby193/root/usr/share/gems/doc/thor-0.15.4/ri/Thor/check_unknown_options%21-c.ri", "size_i": "438", "regex": "false"},
	{"name_s": "/opt/rh/ruby193/root/usr/share/gems/doc/thor-0.15.4/ri/Thor/default_task-c.ri", "size_i": "506", "regex": "false"},
	{"name_s": "/opt/rh/ruby193/root/usr/share/gems/doc/thor-0.15.4/ri/Thor/desc-c.ri", "size_i": "420", "regex": "false"},
	{"name_s": "/opt/rh/ruby193/root/usr/share/gems/doc/thor-0.15.4/ri/Thor/find_task_possibilities-c.ri", "size_i": "372", "regex": "false"},
	{"name_s": "/opt/rh/ruby193/root/usr/share/gems/doc/thor-0.15.4/ri/Thor/help-c.ri", "size_i": "356", "regex": "false"},
	{"name_s": "/opt/rh/ruby193/root/usr/share/gems/doc/thor-0.15.4/ri/Thor/help-i.ri", "size_i": "166", "regex": "false"},
	{"name_s": "/opt/rh/ruby193/root/usr/share/gems/doc/thor-0.15.4/ri/Thor/long_desc-c.ri", "size_i": "382", "regex": "false"},
	{"name_s": "/opt/rh/ruby193/root/usr/share/gems/doc/thor-0.15.4/ri/Thor/map-c.ri", "size_i": "650", "regex": "false"},
	{"name_s": "/opt/rh/ruby193/root/usr/share/gems/doc/thor-0.15.4/ri/Thor/method_option-c.ri", "size_i": "1360", "regex": "false"},
	{"name_s": "/opt/rh/ruby193/root/usr/share/gems/doc/thor-0.15.4/ri/Thor/method_options-c.ri", "size_i": "722", "regex": "false"},
	{"name_s": "/opt/rh/ruby193/root/usr/share/gems/doc/thor-0.15.4/ri/Thor/option-c.ri", "size_i": "157", "regex": "false"},
	{"name_s": "/opt/rh/ruby193/root/usr/share/gems/doc/thor-0.15.4/ri/Thor/options-c.ri", "size_i": "154", "regex": "false"},
	{"name_s": "/opt/rh/ruby193/root/usr/share/gems/doc/thor-0.15.4/ri/Thor/printable_tasks-c.ri", "size_i": "261", "regex": "false"},
	{"name_s": "/opt/rh/ruby193/root/usr/share/gems/doc/thor-0.15.4/ri/Thor/register-c.ri", "size_i": "733", "regex": "false"},
	{"name_s": "/opt/rh/ruby193/root/usr/share/gems/doc/thor-0.15.4/ri/Thor/subcommand-c.ri", "size_i": "177", "regex": "false"},
	{"name_s": "/opt/rh/ruby193/root/usr/share/gems/doc/thor-0.15.4/ri/Thor/subcommand_help-c.ri", "size_i": "165", "regex": "false"},
	{"name_s": "/opt/rh/ruby193/root/usr/share/gems/doc/thor-0.15.4/ri/Thor/subcommands-c.ri", "size_i": "151", "regex": "false"},
	{"name_s": "/opt/rh/ruby193/root/usr/share/gems/doc/thor-0.15.4/ri/Thor/task_help-c.ri", "size_i": "385", "regex": "false"},
	{"name_s": "/opt/rh/ruby193/root/usr/share/gems/doc/thor-0.15.4/ri/cache.ri", "size_i": "4923", "regex": "false"},
	{"name_s": "/opt/rh/ruby193/root/usr/share/gems/doc/thor-0.15.4/ri/created.rid", "size_i": "1947", "regex": "false"},
	{"name_s": "/opt/rh/ruby193/root/usr/share/gems/gems/thor-0.15.4/CHANGELOG.rdoc", "size_i": "5206", "regex": "false"},
	{"name_s": "/opt/rh/ruby193/root/usr/share/gems/gems/thor-0.15.4/Gemfile", "size_i": "183", "regex": "false"},
	{"name_s": "/opt/rh/ruby193/root/usr/share/gems/gems/thor-0.15.4/README.md", "size_i": "884", "regex": "false"},
	{"name_s": "/opt/rh/ruby193/root/usr/share/gems/gems/thor-0.15.4/Thorfile", "size_i": "733", "regex": "false"},
	{"name_s": "/opt/rh/ruby193/root/usr/share/gems/gems/thor-0.15.4/spec", "size_i": "4096", "regex": "false"},
	{"name_s": "/opt/rh/ruby193/root/usr/share/gems/gems/thor-0.15.4/spec/actions", "size_i": "4096", "regex": "false"},
	{"name_s": "/opt/rh/ruby193/root/usr/share/gems/gems/thor-0.15.4/spec/actions/create_file_spec.rb", "size_i": "5248", "regex": "false"},
	{"name_s": "/opt/rh/ruby193/root/usr/share/gems/gems/thor-0.15.4/spec/actions/create_link_spec.rb", "size_i": "2463", "regex": "false"},
	{"name_s": "/opt/rh/ruby193/root/usr/share/gems/gems/thor-0.15.4/spec/actions/directory_spec.rb", "size_i": "4584", "regex": "false"},
	{"name_s": "/opt/rh/ruby193/root/usr/share/gems/gems/thor-0.15.4/spec/actions/empty_directory_spec.rb", "size_i": "3693", "regex": "false"},
	{"name_s": "/opt/rh/ruby193/root/usr/share/gems/gems/thor-0.15.4/spec/actions/file_manipulation_spec.rb", "size_i": "12422", "regex": "false"},
	{"name_s": "/opt/rh/ruby193/root/usr/share/gems/gems/thor-0.15.4/spec/actions/inject_into_file_spec.rb", "size_i": "4777", "regex": "false"},
	{"name_s": "/opt/rh/ruby193/root/usr/share/gems/gems/thor-0.15.4/spec/actions_spec.rb", "size_i": "10642", "regex": "false"},
	{"name_s": "/opt/rh/ruby193/root/usr/share/gems/gems/thor-0.15.4/spec/base_spec.rb", "size_i": "8260", "regex": "false"},
	{"name_s": "/opt/rh/ruby193/root/usr/share/gems/gems/thor-0.15.4/spec/core_ext", "size_i": "4096", "regex": "false"},
	{"name_s": "/opt/rh/ruby193/root/usr/share/gems/gems/thor-0.15.4/spec/core_ext/hash_with_indifferent_access_spec.rb", "size_i": "1283", "regex": "false"},
	{"name_s": "/opt/rh/ruby193/root/usr/share/gems/gems/thor-0.15.4/spec/core_ext/ordered_hash_spec.rb", "size_i": "3267", "regex": "false"},
	{"name_s": "/opt/rh/ruby193/root/usr/share/gems/gems/thor-0.15.4/spec/exit_condition_spec.rb", "size_i": "482", "regex": "false"},
	{"name_s": "/opt/rh/ruby193/root/usr/share/gems/gems/thor-0.15.4/spec/fixtures", "size_i": "4096", "regex": "false"},
	{"name_s": "/opt/rh/ruby193/root/usr/share/gems/gems/thor-0.15.4/spec/fixtures/application.rb", "size_i": "29", "regex": "false"},
	{"name_s": "/opt/rh/ruby193/root/usr/share/gems/gems/thor-0.15.4/spec/fixtures/app{1}", "size_i": "4096", "regex": "false"},
	{"name_s": "/opt/rh/ruby193/root/usr/share/gems/gems/thor-0.15.4/spec/fixtures/app{1}/README", "size_i": "25", "regex": "false"},
	{"name_s": "/opt/rh/ruby193/root/usr/share/gems/gems/thor-0.15.4/spec/fixtures/bundle", "size_i": "4096", "regex": "false"},
	{"name_s": "/opt/rh/ruby193/root/usr/share/gems/gems/thor-0.15.4/spec/fixtures/bundle/execute.rb", "size_i": "82", "regex": "false"},
	{"name_s": "/opt/rh/ruby193/root/usr/share/gems/gems/thor-0.15.4/spec/fixtures/bundle/main.thor", "size_i": "53", "regex": "false"},
	{"name_s": "/opt/rh/ruby193/root/usr/share/gems/gems/thor-0.15.4/spec/fixtures/doc", "size_i": "4096", "regex": "false"},
	{"name_s": "/opt/rh/ruby193/root/usr/share/gems/gems/thor-0.15.4/spec/fixtures/doc/%file_name%.rb.tt", "size_i": "19", "regex": "false"},
	{"name_s": "/opt/rh/ruby193/root/usr/share/gems/gems/thor-0.15.4/spec/fixtures/doc/COMMENTER", "size_i": "106", "regex": "false"},
	{"name_s": "/opt/rh/ruby193/root/usr/share/gems/gems/thor-0.15.4/spec/fixtures/doc/README", "size_i": "25", "regex": "false"},
	{"name_s": "/opt/rh/ruby193/root/usr/share/gems/gems/thor-0.15.4/spec/fixtures/doc/block_helper.rb", "size_i": "33", "regex": "false"},
	{"name_s": "/opt/rh/ruby193/root/usr/share/gems/gems/thor-0.15.4/spec/fixtures/doc/components", "size_i": "4096", "regex": "false"},
	{"name_s": "/opt/rh/ruby193/root/usr/share/gems/gems/thor-0.15.4/spec/fixtures/doc/components/.empty_directory", "size_i": "0", "regex": "false"},
	{"name_s": "/opt/rh/ruby193/root/usr/share/gems/gems/thor-0.15.4/spec/fixtures/doc/config.rb", "size_i": "25", "regex": "false"},
	{"name_s": "/opt/rh/ruby193/root/usr/share/gems/gems/thor-0.15.4/spec/fixtures/doc/config.yaml.tt", "size_i": "17", "regex": "false"},
	{"name_s": "/opt/rh/ruby193/root/usr/share/gems/gems/thor-0.15.4/spec/fixtures/group.thor", "size_i": "2083", "regex": "false"},
	{"name_s": "/opt/rh/ruby193/root/usr/share/gems/gems/thor-0.15.4/spec/fixtures/invoke.thor", "size_i": "1673", "regex": "false"},
	{"name_s": "/opt/rh/ruby193/root/usr/share/gems/gems/thor-0.15.4/spec/fixtures/path", "size_i": "0", "regex": "false"},
	{"name_s": "/opt/rh/ruby193/root/usr/share/gems/gems/thor-0.15.4/spec/fixtures/script.thor", "size_i": "3944", "regex": "false"},
	{"name_s": "/opt/rh/ruby193/root/usr/share/gems/gems/thor-0.15.4/spec/fixtures/task.thor", "size_i": "249", "regex": "false"},
	{"name_s": "/opt/rh/ruby193/root/usr/share/gems/gems/thor-0.15.4/spec/group_spec.rb", "size_i": "6616", "regex": "false"},
	{"name_s": "/opt/rh/ruby193/root/usr/share/gems/gems/thor-0.15.4/spec/invocation_spec.rb", "size_i": "3223", "regex": "false"},
	{"name_s": "/opt/rh/ruby193/root/usr/share/gems/gems/thor-0.15.4/spec/parser", "size_i": "4096", "regex": "false"},
	{"name_s": "/opt/rh/ruby193/root/usr/share/gems/gems/thor-0.15.4/spec/parser/argument_spec.rb", "size_i": "1387", "regex": "false"},
	{"name_s": "/opt/rh/ruby193/root/usr/share/gems/gems/thor-0.15.4/spec/parser/arguments_spec.rb", "size_i": "2339", "regex": "false"},
	{"name_s": "/opt/rh/ruby193/root/usr/share/gems/gems/thor-0.15.4/spec/parser/option_spec.rb", "size_i": "5626", "regex": "false"},
	{"name_s": "/opt/rh/ruby193/root/usr/share/gems/gems/thor-0.15.4/spec/parser/options_spec.rb", "size_i": "10678", "regex": "false"},
	{"name_s": "/opt/rh/ruby193/root/usr/share/gems/gems/thor-0.15.4/spec/rake_compat_spec.rb", "size_i": "1628", "regex": "false"},
	{"name_s": "/opt/rh/ruby193/root/usr/share/gems/gems/thor-0.15.4/spec/register_spec.rb", "size_i": "3411", "regex": "false"},
	{"name_s": "/opt/rh/ruby193/root/usr/share/gems/gems/thor-0.15.4/spec/runner_spec.rb", "size_i": "8495", "regex": "false"},
	{"name_s": "/opt/rh/ruby193/root/usr/share/gems/gems/thor-0.15.4/spec/sandbox", "size_i": "4096", "regex": "false"},
	{"name_s": "/opt/rh/ruby193/root/usr/share/gems/gems/thor-0.15.4/spec/sandbox/doc", "size_i": "4096", "regex": "false"},
	{"name_s": "/opt/rh/ruby193/root/usr/share/gems/gems/thor-0.15.4/spec/shell", "size_i": "4096", "regex": "false"},
	{"name_s": "/opt/rh/ruby193/root/usr/share/gems/gems/thor-0.15.4/spec/shell/basic_spec.rb", "size_i": "9598", "regex": "false"},
	{"name_s": "/opt/rh/ruby193/root/usr/share/gems/gems/thor-0.15.4/spec/shell/color_spec.rb", "size_i": "2339", "regex": "false"},
	{"name_s": "/opt/rh/ruby193/root/usr/share/gems/gems/thor-0.15.4/spec/shell/html_spec.rb", "size_i": "1137", "regex": "false"},
	{"name_s": "/opt/rh/ruby193/root/usr/share/gems/gems/thor-0.15.4/spec/shell_spec.rb", "size_i": "1264", "regex": "false"},
	{"name_s": "/opt/rh/ruby193/root/usr/share/gems/gems/thor-0.15.4/spec/spec_helper.rb", "size_i": "1204", "regex": "false"},
	{"name_s": "/opt/rh/ruby193/root/usr/share/gems/gems/thor-0.15.4/spec/task_spec.rb", "size_i": "2644", "regex": "false"},
	{"name_s": "/opt/rh/ruby193/root/usr/share/gems/gems/thor-0.15.4/spec/thor_spec.rb", "size_i": "14337", "regex": "false"},
	{"name_s": "/opt/rh/ruby193/root/usr/share/gems/gems/thor-0.15.4/spec/util_spec.rb", "size_i": "6853", "regex": "false"},
	{"name_s": "/opt/rh/ruby193/root/usr/share/gems/gems/thor-0.15.4/thor.gemspec", "size_i": "1153", "regex": "false"}
]
