[
	{"name_s": "/opt/rh/ruby193/root/usr/bin/bundle", "size_i": "477", "regex": "false"},
	{"name_s": "/opt/rh/ruby193/root/usr/share/gems/gems/bundler-1.1.4", "size_i": "4096", "regex": "false"},
	{"name_s": "/opt/rh/ruby193/root/usr/share/gems/gems/bundler-1.1.4/LICENSE", "size_i": "1115", "regex": "false"},
	{"name_s": "/opt/rh/ruby193/root/usr/share/gems/gems/bundler-1.1.4/bin", "size_i": "4096", "regex": "false"},
	{"name_s": "/opt/rh/ruby193/root/usr/share/gems/gems/bundler-1.1.4/bin/bundle", "size_i": "848", "regex": "false"},
	{"name_s": "/opt/rh/ruby193/root/usr/share/gems/gems/bundler-1.1.4/lib", "size_i": "4096", "regex": "false"},
	{"name_s": "/opt/rh/ruby193/root/usr/share/gems/gems/bundler-1.1.4/lib/bundler", "size_i": "4096", "regex": "false"},
	{"name_s": "/opt/rh/ruby193/root/usr/share/gems/gems/bundler-1.1.4/lib/bundler.rb", "size_i": "9878", "regex": "false"},
	{"name_s": "/opt/rh/ruby193/root/usr/share/gems/gems/bundler-1.1.4/lib/bundler/capistrano.rb", "size_i": "457", "regex": "false"},
	{"name_s": "/opt/rh/ruby193/root/usr/share/gems/gems/bundler-1.1.4/lib/bundler/cli.rb", "size_i": "25455", "regex": "false"},
	{"name_s": "/opt/rh/ruby193/root/usr/share/gems/gems/bundler-1.1.4/lib/bundler/definition.rb", "size_i": "15926", "regex": "false"},
	{"name_s": "/opt/rh/ruby193/root/usr/share/gems/gems/bundler-1.1.4/lib/bundler/dep_proxy.rb", "size_i": "601", "regex": "false"},
	{"name_s": "/opt/rh/ruby193/root/usr/share/gems/gems/bundler-1.1.4/lib/bundler/dependency.rb", "size_i": "3095", "regex": "false"},
	{"name_s": "/opt/rh/ruby193/root/usr/share/gems/gems/bundler-1.1.4/lib/bundler/deployment.rb", "size_i": "2685", "regex": "false"},
	{"name_s": "/opt/rh/ruby193/root/usr/share/gems/gems/bundler-1.1.4/lib/bundler/dsl.rb", "size_i": "8109", "regex": "false"},
	{"name_s": "/opt/rh/ruby193/root/usr/share/gems/gems/bundler-1.1.4/lib/bundler/endpoint_specification.rb", "size_i": "1874", "regex": "false"},
	{"name_s": "/opt/rh/ruby193/root/usr/share/gems/gems/bundler-1.1.4/lib/bundler/environment.rb", "size_i": "804", "regex": "false"},
	{"name_s": "/opt/rh/ruby193/root/usr/share/gems/gems/bundler-1.1.4/lib/bundler/fetcher.rb", "size_i": "8061", "regex": "false"},
	{"name_s": "/opt/rh/ruby193/root/usr/share/gems/gems/bundler-1.1.4/lib/bundler/gem_helper.rb", "size_i": "4122", "regex": "false"},
	{"name_s": "/opt/rh/ruby193/root/usr/share/gems/gems/bundler-1.1.4/lib/bundler/gem_helpers.rb", "size_i": "480", "regex": "false"},
	{"name_s": "/opt/rh/ruby193/root/usr/share/gems/gems/bundler-1.1.4/lib/bundler/gem_installer.rb", "size_i": "218", "regex": "false"},
	{"name_s": "/opt/rh/ruby193/root/usr/share/gems/gems/bundler-1.1.4/lib/bundler/gem_tasks.rb", "size_i": "62", "regex": "false"},
	{"name_s": "/opt/rh/ruby193/root/usr/share/gems/gems/bundler-1.1.4/lib/bundler/graph.rb", "size_i": "5051", "regex": "false"},
	{"name_s": "/opt/rh/ruby193/root/usr/share/gems/gems/bundler-1.1.4/lib/bundler/index.rb", "size_i": "4701", "regex": "false"},
	{"name_s": "/opt/rh/ruby193/root/usr/share/gems/gems/bundler-1.1.4/lib/bundler/installer.rb", "size_i": "5389", "regex": "false"},
	{"name_s": "/opt/rh/ruby193/root/usr/share/gems/gems/bundler-1.1.4/lib/bundler/lazy_specification.rb", "size_i": "1870", "regex": "false"},
	{"name_s": "/opt/rh/ruby193/root/usr/share/gems/gems/bundler-1.1.4/lib/bundler/lockfile_parser.rb", "size_i": "3796", "regex": "false"},
	{"name_s": "/opt/rh/ruby193/root/usr/share/gems/gems/bundler-1.1.4/lib/bundler/man", "size_i": "4096", "regex": "false"},
	{"name_s": "/opt/rh/ruby193/root/usr/share/gems/gems/bundler-1.1.4/lib/bundler/man/bundle", "size_i": "2379", "regex": "false"},
	{"name_s": "/opt/rh/ruby193/root/usr/share/gems/gems/bundler-1.1.4/lib/bundler/man/bundle-config", "size_i": "4262", "regex": "false"},
	{"name_s": "/opt/rh/ruby193/root/usr/share/gems/gems/bundler-1.1.4/lib/bundler/man/bundle-config.txt", "size_i": "4243", "regex": "false"},
	{"name_s": "/opt/rh/ruby193/root/usr/share/gems/gems/bundler-1.1.4/lib/bundler/man/bundle-exec", "size_i": "4827", "regex": "false"},
	{"name_s": "/opt/rh/ruby193/root/usr/share/gems/gems/bundler-1.1.4/lib/bundler/man/bundle-exec.txt", "size_i": "4685", "regex": "false"},
	{"name_s": "/opt/rh/ruby193/root/usr/share/gems/gems/bundler-1.1.4/lib/bundler/man/bundle-install", "size_i": "14367", "regex": "false"},
	{"name_s": "/opt/rh/ruby193/root/usr/share/gems/gems/bundler-1.1.4/lib/bundler/man/bundle-install.txt", "size_i": "14518", "regex": "false"},
	{"name_s": "/opt/rh/ruby193/root/usr/share/gems/gems/bundler-1.1.4/lib/bundler/man/bundle-package", "size_i": "2599", "regex": "false"},
	{"name_s": "/opt/rh/ruby193/root/usr/share/gems/gems/bundler-1.1.4/lib/bundler/man/bundle-package.txt", "size_i": "2557", "regex": "false"},
	{"name_s": "/opt/rh/ruby193/root/usr/share/gems/gems/bundler-1.1.4/lib/bundler/man/bundle-update", "size_i": "7265", "regex": "false"},
	{"name_s": "/opt/rh/ruby193/root/usr/share/gems/gems/bundler-1.1.4/lib/bundler/man/bundle-update.txt", "size_i": "7222", "regex": "false"},
	{"name_s": "/opt/rh/ruby193/root/usr/share/gems/gems/bundler-1.1.4/lib/bundler/man/bundle.txt", "size_i": "2284", "regex": "false"},
	{"name_s": "/opt/rh/ruby193/root/usr/share/gems/gems/bundler-1.1.4/lib/bundler/man/gemfile.5", "size_i": "11893", "regex": "false"},
	{"name_s": "/opt/rh/ruby193/root/usr/share/gems/gems/bundler-1.1.4/lib/bundler/man/gemfile.5.txt", "size_i": "11528", "regex": "false"},
	{"name_s": "/opt/rh/ruby193/root/usr/share/gems/gems/bundler-1.1.4/lib/bundler/match_platform.rb", "size_i": "266", "regex": "false"},
	{"name_s": "/opt/rh/ruby193/root/usr/share/gems/gems/bundler-1.1.4/lib/bundler/psyched_yaml.rb", "size_i": "271", "regex": "false"},
	{"name_s": "/opt/rh/ruby193/root/usr/share/gems/gems/bundler-1.1.4/lib/bundler/remote_specification.rb", "size_i": "1637", "regex": "false"},
	{"name_s": "/opt/rh/ruby193/root/usr/share/gems/gems/bundler-1.1.4/lib/bundler/resolver.rb", "size_i": "17796", "regex": "false"},
	{"name_s": "/opt/rh/ruby193/root/usr/share/gems/gems/bundler-1.1.4/lib/bundler/rubygems_ext.rb", "size_i": "3845", "regex": "false"},
	{"name_s": "/opt/rh/ruby193/root/usr/share/gems/gems/bundler-1.1.4/lib/bundler/rubygems_integration.rb", "size_i": "10065", "regex": "false"},
	{"name_s": "/opt/rh/ruby193/root/usr/share/gems/gems/bundler-1.1.4/lib/bundler/runtime.rb", "size_i": "7486", "regex": "false"},
	{"name_s": "/opt/rh/ruby193/root/usr/share/gems/gems/bundler-1.1.4/lib/bundler/settings.rb", "size_i": "3108", "regex": "false"},
	{"name_s": "/opt/rh/ruby193/root/usr/share/gems/gems/bundler-1.1.4/lib/bundler/setup.rb", "size_i": "637", "regex": "false"},
	{"name_s": "/opt/rh/ruby193/root/usr/share/gems/gems/bundler-1.1.4/lib/bundler/shared_helpers.rb", "size_i": "1742", "regex": "false"},
	{"name_s": "/opt/rh/ruby193/root/usr/share/gems/gems/bundler-1.1.4/lib/bundler/source.rb", "size_i": "21548", "regex": "false"},
	{"name_s": "/opt/rh/ruby193/root/usr/share/gems/gems/bundler-1.1.4/lib/bundler/spec_set.rb", "size_i": "3138", "regex": "false"},
	{"name_s": "/opt/rh/ruby193/root/usr/share/gems/gems/bundler-1.1.4/lib/bundler/templates", "size_i": "4096", "regex": "false"},
	{"name_s": "/opt/rh/ruby193/root/usr/share/gems/gems/bundler-1.1.4/lib/bundler/templates/Executable", "size_i": "490", "regex": "false"},
	{"name_s": "/opt/rh/ruby193/root/usr/share/gems/gems/bundler-1.1.4/lib/bundler/templates/Executable.standalone", "size_i": "405", "regex": "false"},
	{"name_s": "/opt/rh/ruby193/root/usr/share/gems/gems/bundler-1.1.4/lib/bundler/templates/Gemfile", "size_i": "64", "regex": "false"},
	{"name_s": "/opt/rh/ruby193/root/usr/share/gems/gems/bundler-1.1.4/lib/bundler/templates/newgem", "size_i": "4096", "regex": "false"},
	{"name_s": "/opt/rh/ruby193/root/usr/share/gems/gems/bundler-1.1.4/lib/bundler/templates/newgem/Gemfile.tt", "size_i": "103", "regex": "false"},
	{"name_s": "/opt/rh/ruby193/root/usr/share/gems/gems/bundler-1.1.4/lib/bundler/templates/newgem/LICENSE.tt", "size_i": "1090", "regex": "false"},
	{"name_s": "/opt/rh/ruby193/root/usr/share/gems/gems/bundler-1.1.4/lib/bundler/templates/newgem/README.md.tt", "size_i": "541", "regex": "false"},
	{"name_s": "/opt/rh/ruby193/root/usr/share/gems/gems/bundler-1.1.4/lib/bundler/templates/newgem/Rakefile.tt", "size_i": "48", "regex": "false"},
	{"name_s": "/opt/rh/ruby193/root/usr/share/gems/gems/bundler-1.1.4/lib/bundler/templates/newgem/bin", "size_i": "4096", "regex": "false"},
	{"name_s": "/opt/rh/ruby193/root/usr/share/gems/gems/bundler-1.1.4/lib/bundler/templates/newgem/bin/newgem.tt", "size_i": "52", "regex": "false"},
	{"name_s": "/opt/rh/ruby193/root/usr/share/gems/gems/bundler-1.1.4/lib/bundler/templates/newgem/gitignore.tt", "size_i": "154", "regex": "false"},
	{"name_s": "/opt/rh/ruby193/root/usr/share/gems/gems/bundler-1.1.4/lib/bundler/templates/newgem/lib", "size_i": "4096", "regex": "false"},
	{"name_s": "/opt/rh/ruby193/root/usr/share/gems/gems/bundler-1.1.4/lib/bundler/templates/newgem/lib/newgem", "size_i": "4096", "regex": "false"},
	{"name_s": "/opt/rh/ruby193/root/usr/share/gems/gems/bundler-1.1.4/lib/bundler/templates/newgem/lib/newgem.rb.tt", "size_i": "288", "regex": "false"},
	{"name_s": "/opt/rh/ruby193/root/usr/share/gems/gems/bundler-1.1.4/lib/bundler/templates/newgem/lib/newgem/version.rb.tt", "size_i": "243", "regex": "false"},
	{"name_s": "/opt/rh/ruby193/root/usr/share/gems/gems/bundler-1.1.4/lib/bundler/templates/newgem/newgem.gemspec.tt", "size_i": "700", "regex": "false"},
	{"name_s": "/opt/rh/ruby193/root/usr/share/gems/gems/bundler-1.1.4/lib/bundler/ui.rb", "size_i": "1663", "regex": "false"},
	{"name_s": "/opt/rh/ruby193/root/usr/share/gems/gems/bundler-1.1.4/lib/bundler/vendored_persistent.rb", "size_i": "125", "regex": "false"},
	{"name_s": "/opt/rh/ruby193/root/usr/share/gems/gems/bundler-1.1.4/lib/bundler/vendored_thor.rb", "size_i": "274", "regex": "false"},
	{"name_s": "/opt/rh/ruby193/root/usr/share/gems/gems/bundler-1.1.4/lib/bundler/version.rb", "size_i": "219", "regex": "false"},
	{"name_s": "/opt/rh/ruby193/root/usr/share/gems/gems/bundler-1.1.4/lib/bundler/vlad.rb", "size_i": "331", "regex": "false"},
	{"name_s": "/opt/rh/ruby193/root/usr/share/gems/specifications/bundler-1.1.4.gemspec", "size_i": "1289", "regex": "false"},
	{"name_s": "/opt/rh/ruby193/root/usr/share/man/man1/bundle-config.1.gz", "size_i": "1685", "regex": "false"},
	{"name_s": "/opt/rh/ruby193/root/usr/share/man/man1/bundle-exec.1.gz", "size_i": "1981", "regex": "false"},
	{"name_s": "/opt/rh/ruby193/root/usr/share/man/man1/bundle-install.1.gz", "size_i": "4711", "regex": "false"},
	{"name_s": "/opt/rh/ruby193/root/usr/share/man/man1/bundle-package.1.gz", "size_i": "1131", "regex": "false"},
	{"name_s": "/opt/rh/ruby193/root/usr/share/man/man1/bundle-update.1.gz", "size_i": "2423", "regex": "false"},
	{"name_s": "/opt/rh/ruby193/root/usr/share/man/man1/bundle.1.gz", "size_i": "1027", "regex": "false"},
	{"name_s": "/opt/rh/ruby193/root/usr/share/man/man5/gemfile.5.gz", "size_i": "4024", "regex": "false"}
]
