[
	{"name_s": "/opt/rh/ruby193/root/usr/share/gems/doc/coffee-script-2.2.0", "size_i": "4096", "regex": "false"},
	{"name_s": "/opt/rh/ruby193/root/usr/share/gems/doc/coffee-script-2.2.0/rdoc", "size_i": "4096", "regex": "false"},
	{"name_s": "/opt/rh/ruby193/root/usr/share/gems/doc/coffee-script-2.2.0/rdoc/CoffeeScript", "size_i": "4096", "regex": "false"},
	{"name_s": "/opt/rh/ruby193/root/usr/share/gems/doc/coffee-script-2.2.0/rdoc/CoffeeScript.html", "size_i": "9835", "regex": "false"},
	{"name_s": "/opt/rh/ruby193/root/usr/share/gems/doc/coffee-script-2.2.0/rdoc/CoffeeScript/Source.html", "size_i": "11200", "regex": "false"},
	{"name_s": "/opt/rh/ruby193/root/usr/share/gems/doc/coffee-script-2.2.0/rdoc/created.rid", "size_i": "138", "regex": "false"},
	{"name_s": "/opt/rh/ruby193/root/usr/share/gems/doc/coffee-script-2.2.0/rdoc/images", "size_i": "4096", "regex": "false"},
	{"name_s": "/opt/rh/ruby193/root/usr/share/gems/doc/coffee-script-2.2.0/rdoc/images/brick.png", "size_i": "452", "regex": "false"},
	{"name_s": "/opt/rh/ruby193/root/usr/share/gems/doc/coffee-script-2.2.0/rdoc/images/brick_link.png", "size_i": "764", "regex": "false"},
	{"name_s": "/opt/rh/ruby193/root/usr/share/gems/doc/coffee-script-2.2.0/rdoc/images/bug.png", "size_i": "774", "regex": "false"},
	{"name_s": "/opt/rh/ruby193/root/usr/share/gems/doc/coffee-script-2.2.0/rdoc/images/bullet_black.png", "size_i": "211", "regex": "false"},
	{"name_s": "/opt/rh/ruby193/root/usr/share/gems/doc/coffee-script-2.2.0/rdoc/images/bullet_toggle_minus.png", "size_i": "207", "regex": "false"},
	{"name_s": "/opt/rh/ruby193/root/usr/share/gems/doc/coffee-script-2.2.0/rdoc/images/bullet_toggle_plus.png", "size_i": "209", "regex": "false"},
	{"name_s": "/opt/rh/ruby193/root/usr/share/gems/doc/coffee-script-2.2.0/rdoc/images/date.png", "size_i": "626", "regex": "false"},
	{"name_s": "/opt/rh/ruby193/root/usr/share/gems/doc/coffee-script-2.2.0/rdoc/images/find.png", "size_i": "659", "regex": "false"},
	{"name_s": "/opt/rh/ruby193/root/usr/share/gems/doc/coffee-script-2.2.0/rdoc/images/loadingAnimation.gif", "size_i": "5886", "regex": "false"},
	{"name_s": "/opt/rh/ruby193/root/usr/share/gems/doc/coffee-script-2.2.0/rdoc/images/macFFBgHack.png", "size_i": "207", "regex": "false"},
	{"name_s": "/opt/rh/ruby193/root/usr/share/gems/doc/coffee-script-2.2.0/rdoc/images/package.png", "size_i": "853", "regex": "false"},
	{"name_s": "/opt/rh/ruby193/root/usr/share/gems/doc/coffee-script-2.2.0/rdoc/images/page_green.png", "size_i": "621", "regex": "false"},
	{"name_s": "/opt/rh/ruby193/root/usr/share/gems/doc/coffee-script-2.2.0/rdoc/images/page_white_text.png", "size_i": "342", "regex": "false"},
	{"name_s": "/opt/rh/ruby193/root/usr/share/gems/doc/coffee-script-2.2.0/rdoc/images/page_white_width.png", "size_i": "309", "regex": "false"},
	{"name_s": "/opt/rh/ruby193/root/usr/share/gems/doc/coffee-script-2.2.0/rdoc/images/plugin.png", "size_i": "591", "regex": "false"},
	{"name_s": "/opt/rh/ruby193/root/usr/share/gems/doc/coffee-script-2.2.0/rdoc/images/ruby.png", "size_i": "592", "regex": "false"},
	{"name_s": "/opt/rh/ruby193/root/usr/share/gems/doc/coffee-script-2.2.0/rdoc/images/tag_green.png", "size_i": "613", "regex": "false"},
	{"name_s": "/opt/rh/ruby193/root/usr/share/gems/doc/coffee-script-2.2.0/rdoc/images/wrench.png", "size_i": "610", "regex": "false"},
	{"name_s": "/opt/rh/ruby193/root/usr/share/gems/doc/coffee-script-2.2.0/rdoc/images/wrench_orange.png", "size_i": "584", "regex": "false"},
	{"name_s": "/opt/rh/ruby193/root/usr/share/gems/doc/coffee-script-2.2.0/rdoc/images/zoom.png", "size_i": "692", "regex": "false"},
	{"name_s": "/opt/rh/ruby193/root/usr/share/gems/doc/coffee-script-2.2.0/rdoc/index.html", "size_i": "2576", "regex": "false"},
	{"name_s": "/opt/rh/ruby193/root/usr/share/gems/doc/coffee-script-2.2.0/rdoc/js", "size_i": "4096", "regex": "false"},
	{"name_s": "/opt/rh/ruby193/root/usr/share/gems/doc/coffee-script-2.2.0/rdoc/js/darkfish.js", "size_i": "3229", "regex": "false"},
	{"name_s": "/opt/rh/ruby193/root/usr/share/gems/doc/coffee-script-2.2.0/rdoc/js/jquery.js", "size_i": "55772", "regex": "false"},
	{"name_s": "/opt/rh/ruby193/root/usr/share/gems/doc/coffee-script-2.2.0/rdoc/js/quicksearch.js", "size_i": "2592", "regex": "false"},
	{"name_s": "/opt/rh/ruby193/root/usr/share/gems/doc/coffee-script-2.2.0/rdoc/js/thickbox-compressed.js", "size_i": "5978", "regex": "false"},
	{"name_s": "/opt/rh/ruby193/root/usr/share/gems/doc/coffee-script-2.2.0/rdoc/lib", "size_i": "4096", "regex": "false"},
	{"name_s": "/opt/rh/ruby193/root/usr/share/gems/doc/coffee-script-2.2.0/rdoc/lib/coffee-script_rb.html", "size_i": "1344", "regex": "false"},
	{"name_s": "/opt/rh/ruby193/root/usr/share/gems/doc/coffee-script-2.2.0/rdoc/lib/coffee_script_rb.html", "size_i": "1386", "regex": "false"},
	{"name_s": "/opt/rh/ruby193/root/usr/share/gems/doc/coffee-script-2.2.0/rdoc/rdoc.css", "size_i": "13693", "regex": "false"},
	{"name_s": "/opt/rh/ruby193/root/usr/share/gems/doc/coffee-script-2.2.0/ri", "size_i": "4096", "regex": "false"},
	{"name_s": "/opt/rh/ruby193/root/usr/share/gems/doc/coffee-script-2.2.0/ri/CoffeeScript", "size_i": "4096", "regex": "false"},
	{"name_s": "/opt/rh/ruby193/root/usr/share/gems/doc/coffee-script-2.2.0/ri/CoffeeScript/Source", "size_i": "4096", "regex": "false"},
	{"name_s": "/opt/rh/ruby193/root/usr/share/gems/doc/coffee-script-2.2.0/ri/CoffeeScript/Source/bare_option-c.ri", "size_i": "176", "regex": "false"},
	{"name_s": "/opt/rh/ruby193/root/usr/share/gems/doc/coffee-script-2.2.0/ri/CoffeeScript/Source/cdesc-Source.ri", "size_i": "347", "regex": "false"},
	{"name_s": "/opt/rh/ruby193/root/usr/share/gems/doc/coffee-script-2.2.0/ri/CoffeeScript/Source/contents-c.ri", "size_i": "170", "regex": "false"},
	{"name_s": "/opt/rh/ruby193/root/usr/share/gems/doc/coffee-script-2.2.0/ri/CoffeeScript/Source/context-c.ri", "size_i": "168", "regex": "false"},
	{"name_s": "/opt/rh/ruby193/root/usr/share/gems/doc/coffee-script-2.2.0/ri/CoffeeScript/Source/path%3d-c.ri", "size_i": "168", "regex": "false"},
	{"name_s": "/opt/rh/ruby193/root/usr/share/gems/doc/coffee-script-2.2.0/ri/CoffeeScript/Source/path-c.ri", "size_i": "162", "regex": "false"},
	{"name_s": "/opt/rh/ruby193/root/usr/share/gems/doc/coffee-script-2.2.0/ri/CoffeeScript/Source/version-c.ri", "size_i": "168", "regex": "false"},
	{"name_s": "/opt/rh/ruby193/root/usr/share/gems/doc/coffee-script-2.2.0/ri/CoffeeScript/cdesc-CoffeeScript.ri", "size_i": "362", "regex": "false"},
	{"name_s": "/opt/rh/ruby193/root/usr/share/gems/doc/coffee-script-2.2.0/ri/CoffeeScript/compile-c.ri", "size_i": "264", "regex": "false"},
	{"name_s": "/opt/rh/ruby193/root/usr/share/gems/doc/coffee-script-2.2.0/ri/CoffeeScript/engine%3d-c.ri", "size_i": "166", "regex": "false"},
	{"name_s": "/opt/rh/ruby193/root/usr/share/gems/doc/coffee-script-2.2.0/ri/CoffeeScript/engine-c.ri", "size_i": "158", "regex": "false"},
	{"name_s": "/opt/rh/ruby193/root/usr/share/gems/doc/coffee-script-2.2.0/ri/CoffeeScript/version-c.ri", "size_i": "160", "regex": "false"},
	{"name_s": "/opt/rh/ruby193/root/usr/share/gems/doc/coffee-script-2.2.0/ri/cache.ri", "size_i": "350", "regex": "false"},
	{"name_s": "/opt/rh/ruby193/root/usr/share/gems/doc/coffee-script-2.2.0/ri/created.rid", "size_i": "138", "regex": "false"},
	{"name_s": "/opt/rh/ruby193/root/usr/share/gems/gems/coffee-script-2.2.0/README.md", "size_i": "1447", "regex": "false"}
]
