[
	{"name_s": "/opt/rh/ruby193/root/usr/bin/gem", "size_i": "562", "regex": "false"},
	{"name_s": "/opt/rh/ruby193/root/usr/lib/gems", "size_i": "4096", "regex": "false"},
	{"name_s": "/opt/rh/ruby193/root/usr/lib/gems/exts", "size_i": "4096", "regex": "false"},
	{"name_s": "/opt/rh/ruby193/root/usr/lib64/gems", "size_i": "4096", "regex": "false"},
	{"name_s": "/opt/rh/ruby193/root/usr/lib64/gems/exts", "size_i": "4096", "regex": "false"},
	{"name_s": "/opt/rh/ruby193/root/usr/share/gems", "size_i": "4096", "regex": "false"},
	{"name_s": "/opt/rh/ruby193/root/usr/share/gems/cache", "size_i": "4096", "regex": "false"},
	{"name_s": "/opt/rh/ruby193/root/usr/share/gems/doc", "size_i": "4096", "regex": "false"},
	{"name_s": "/opt/rh/ruby193/root/usr/share/gems/gems", "size_i": "4096", "regex": "false"},
	{"name_s": "/opt/rh/ruby193/root/usr/share/gems/specifications", "size_i": "4096", "regex": "false"},
	{"name_s": "/opt/rh/ruby193/root/usr/share/rubygems", "size_i": "4096", "regex": "false"},
	{"name_s": "/opt/rh/ruby193/root/usr/share/rubygems/rbconfig", "size_i": "4096", "regex": "false"},
	{"name_s": "/opt/rh/ruby193/root/usr/share/rubygems/rbconfig/datadir.rb", "size_i": "506", "regex": "false"},
	{"name_s": "/opt/rh/ruby193/root/usr/share/rubygems/rubygems", "size_i": "4096", "regex": "false"},
	{"name_s": "/opt/rh/ruby193/root/usr/share/rubygems/rubygems.rb", "size_i": "34951", "regex": "false"},
	{"name_s": "/opt/rh/ruby193/root/usr/share/rubygems/rubygems/builder.rb", "size_i": "2268", "regex": "false"},
	{"name_s": "/opt/rh/ruby193/root/usr/share/rubygems/rubygems/command.rb", "size_i": "12761", "regex": "false"},
	{"name_s": "/opt/rh/ruby193/root/usr/share/rubygems/rubygems/command_manager.rb", "size_i": "4780", "regex": "false"},
	{"name_s": "/opt/rh/ruby193/root/usr/share/rubygems/rubygems/commands", "size_i": "4096", "regex": "false"},
	{"name_s": "/opt/rh/ruby193/root/usr/share/rubygems/rubygems/commands/build_command.rb", "size_i": "1281", "regex": "false"},
	{"name_s": "/opt/rh/ruby193/root/usr/share/rubygems/rubygems/commands/cert_command.rb", "size_i": "2809", "regex": "false"},
	{"name_s": "/opt/rh/ruby193/root/usr/share/rubygems/rubygems/commands/check_command.rb", "size_i": "1676", "regex": "false"},
	{"name_s": "/opt/rh/ruby193/root/usr/share/rubygems/rubygems/commands/cleanup_command.rb", "size_i": "2649", "regex": "false"},
	{"name_s": "/opt/rh/ruby193/root/usr/share/rubygems/rubygems/commands/contents_command.rb", "size_i": "2652", "regex": "false"},
	{"name_s": "/opt/rh/ruby193/root/usr/share/rubygems/rubygems/commands/dependency_command.rb", "size_i": "4291", "regex": "false"},
	{"name_s": "/opt/rh/ruby193/root/usr/share/rubygems/rubygems/commands/environment_command.rb", "size_i": "3998", "regex": "false"},
	{"name_s": "/opt/rh/ruby193/root/usr/share/rubygems/rubygems/commands/fetch_command.rb", "size_i": "1890", "regex": "false"},
	{"name_s": "/opt/rh/ruby193/root/usr/share/rubygems/rubygems/commands/generate_index_command.rb", "size_i": "3953", "regex": "false"},
	{"name_s": "/opt/rh/ruby193/root/usr/share/rubygems/rubygems/commands/help_command.rb", "size_i": "4537", "regex": "false"},
	{"name_s": "/opt/rh/ruby193/root/usr/share/rubygems/rubygems/commands/install_command.rb", "size_i": "4949", "regex": "false"},
	{"name_s": "/opt/rh/ruby193/root/usr/share/rubygems/rubygems/commands/list_command.rb", "size_i": "696", "regex": "false"},
	{"name_s": "/opt/rh/ruby193/root/usr/share/rubygems/rubygems/commands/lock_command.rb", "size_i": "2738", "regex": "false"},
	{"name_s": "/opt/rh/ruby193/root/usr/share/rubygems/rubygems/commands/outdated_command.rb", "size_i": "785", "regex": "false"},
	{"name_s": "/opt/rh/ruby193/root/usr/share/rubygems/rubygems/commands/owner_command.rb", "size_i": "1743", "regex": "false"},
	{"name_s": "/opt/rh/ruby193/root/usr/share/rubygems/rubygems/commands/pristine_command.rb", "size_i": "3272", "regex": "false"},
	{"name_s": "/opt/rh/ruby193/root/usr/share/rubygems/rubygems/commands/push_command.rb", "size_i": "1342", "regex": "false"},
	{"name_s": "/opt/rh/ruby193/root/usr/share/rubygems/rubygems/commands/query_command.rb", "size_i": "7555", "regex": "false"},
	{"name_s": "/opt/rh/ruby193/root/usr/share/rubygems/rubygems/commands/rdoc_command.rb", "size_i": "2294", "regex": "false"},
	{"name_s": "/opt/rh/ruby193/root/usr/share/rubygems/rubygems/commands/search_command.rb", "size_i": "582", "regex": "false"},
	{"name_s": "/opt/rh/ruby193/root/usr/share/rubygems/rubygems/commands/server_command.rb", "size_i": "2410", "regex": "false"},
	{"name_s": "/opt/rh/ruby193/root/usr/share/rubygems/rubygems/commands/setup_command.rb", "size_i": "9672", "regex": "false"},
	{"name_s": "/opt/rh/ruby193/root/usr/share/rubygems/rubygems/commands/sources_command.rb", "size_i": "3351", "regex": "false"},
	{"name_s": "/opt/rh/ruby193/root/usr/share/rubygems/rubygems/commands/specification_command.rb", "size_i": "3112", "regex": "false"},
	{"name_s": "/opt/rh/ruby193/root/usr/share/rubygems/rubygems/commands/stale_command.rb", "size_i": "704", "regex": "false"},
	{"name_s": "/opt/rh/ruby193/root/usr/share/rubygems/rubygems/commands/uninstall_command.rb", "size_i": "2550", "regex": "false"},
	{"name_s": "/opt/rh/ruby193/root/usr/share/rubygems/rubygems/commands/unpack_command.rb", "size_i": "4131", "regex": "false"},
	{"name_s": "/opt/rh/ruby193/root/usr/share/rubygems/rubygems/commands/update_command.rb", "size_i": "6189", "regex": "false"},
	{"name_s": "/opt/rh/ruby193/root/usr/share/rubygems/rubygems/commands/which_command.rb", "size_i": "1911", "regex": "false"},
	{"name_s": "/opt/rh/ruby193/root/usr/share/rubygems/rubygems/config_file.rb", "size_i": "9920", "regex": "false"},
	{"name_s": "/opt/rh/ruby193/root/usr/share/rubygems/rubygems/custom_require.rb", "size_i": "1871", "regex": "false"},
	{"name_s": "/opt/rh/ruby193/root/usr/share/rubygems/rubygems/defaults", "size_i": "4096", "regex": "false"},
	{"name_s": "/opt/rh/ruby193/root/usr/share/rubygems/rubygems/defaults.rb", "size_i": "3021", "regex": "false"},
	{"name_s": "/opt/rh/ruby193/root/usr/share/rubygems/rubygems/defaults/operating_system.rb", "size_i": "2133", "regex": "false"},
	{"name_s": "/opt/rh/ruby193/root/usr/share/rubygems/rubygems/dependency.rb", "size_i": "6589", "regex": "false"},
	{"name_s": "/opt/rh/ruby193/root/usr/share/rubygems/rubygems/dependency_installer.rb", "size_i": "10178", "regex": "false"},
	{"name_s": "/opt/rh/ruby193/root/usr/share/rubygems/rubygems/dependency_list.rb", "size_i": "5719", "regex": "false"},
	{"name_s": "/opt/rh/ruby193/root/usr/share/rubygems/rubygems/deprecate.rb", "size_i": "1851", "regex": "false"},
	{"name_s": "/opt/rh/ruby193/root/usr/share/rubygems/rubygems/doc_manager.rb", "size_i": "5680", "regex": "false"},
	{"name_s": "/opt/rh/ruby193/root/usr/share/rubygems/rubygems/errors.rb", "size_i": "793", "regex": "false"},
	{"name_s": "/opt/rh/ruby193/root/usr/share/rubygems/rubygems/exceptions.rb", "size_i": "2393", "regex": "false"},
	{"name_s": "/opt/rh/ruby193/root/usr/share/rubygems/rubygems/ext", "size_i": "4096", "regex": "false"},
	{"name_s": "/opt/rh/ruby193/root/usr/share/rubygems/rubygems/ext.rb", "size_i": "379", "regex": "false"},
	{"name_s": "/opt/rh/ruby193/root/usr/share/rubygems/rubygems/ext/builder.rb", "size_i": "1424", "regex": "false"},
	{"name_s": "/opt/rh/ruby193/root/usr/share/rubygems/rubygems/ext/configure_builder.rb", "size_i": "549", "regex": "false"},
	{"name_s": "/opt/rh/ruby193/root/usr/share/rubygems/rubygems/ext/ext_conf_builder.rb", "size_i": "522", "regex": "false"},
	{"name_s": "/opt/rh/ruby193/root/usr/share/rubygems/rubygems/ext/rake_builder.rb", "size_i": "1025", "regex": "false"},
	{"name_s": "/opt/rh/ruby193/root/usr/share/rubygems/rubygems/format.rb", "size_i": "2005", "regex": "false"},
	{"name_s": "/opt/rh/ruby193/root/usr/share/rubygems/rubygems/gem_openssl.rb", "size_i": "2294", "regex": "false"},
	{"name_s": "/opt/rh/ruby193/root/usr/share/rubygems/rubygems/gem_path_searcher.rb", "size_i": "4682", "regex": "false"},
	{"name_s": "/opt/rh/ruby193/root/usr/share/rubygems/rubygems/gem_runner.rb", "size_i": "2436", "regex": "false"},
	{"name_s": "/opt/rh/ruby193/root/usr/share/rubygems/rubygems/gemcutter_utilities.rb", "size_i": "1901", "regex": "false"},
	{"name_s": "/opt/rh/ruby193/root/usr/share/rubygems/rubygems/indexer.rb", "size_i": "17259", "regex": "false"},
	{"name_s": "/opt/rh/ruby193/root/usr/share/rubygems/rubygems/install_update_options.rb", "size_i": "3960", "regex": "false"},
	{"name_s": "/opt/rh/ruby193/root/usr/share/rubygems/rubygems/installer.rb", "size_i": "17356", "regex": "false"},
	{"name_s": "/opt/rh/ruby193/root/usr/share/rubygems/rubygems/installer_test_case.rb", "size_i": "3179", "regex": "false"},
	{"name_s": "/opt/rh/ruby193/root/usr/share/rubygems/rubygems/local_remote_options.rb", "size_i": "3439", "regex": "false"},
	{"name_s": "/opt/rh/ruby193/root/usr/share/rubygems/rubygems/mock_gem_ui.rb", "size_i": "1075", "regex": "false"},
	{"name_s": "/opt/rh/ruby193/root/usr/share/rubygems/rubygems/old_format.rb", "size_i": "3777", "regex": "false"},
	{"name_s": "/opt/rh/ruby193/root/usr/share/rubygems/rubygems/package", "size_i": "4096", "regex": "false"},
	{"name_s": "/opt/rh/ruby193/root/usr/share/rubygems/rubygems/package.rb", "size_i": "2204", "regex": "false"},
	{"name_s": "/opt/rh/ruby193/root/usr/share/rubygems/rubygems/package/f_sync_dir.rb", "size_i": "403", "regex": "false"},
	{"name_s": "/opt/rh/ruby193/root/usr/share/rubygems/rubygems/package/tar_header.rb", "size_i": "6382", "regex": "false"},
	{"name_s": "/opt/rh/ruby193/root/usr/share/rubygems/rubygems/package/tar_input.rb", "size_i": "7130", "regex": "false"},
	{"name_s": "/opt/rh/ruby193/root/usr/share/rubygems/rubygems/package/tar_output.rb", "size_i": "3930", "regex": "false"},
	{"name_s": "/opt/rh/ruby193/root/usr/share/rubygems/rubygems/package/tar_reader", "size_i": "4096", "regex": "false"},
	{"name_s": "/opt/rh/ruby193/root/usr/share/rubygems/rubygems/package/tar_reader.rb", "size_i": "2048", "regex": "false"},
	{"name_s": "/opt/rh/ruby193/root/usr/share/rubygems/rubygems/package/tar_reader/entry.rb", "size_i": "2226", "regex": "false"},
	{"name_s": "/opt/rh/ruby193/root/usr/share/rubygems/rubygems/package/tar_test_case.rb", "size_i": "3503", "regex": "false"},
	{"name_s": "/opt/rh/ruby193/root/usr/share/rubygems/rubygems/package/tar_writer.rb", "size_i": "4487", "regex": "false"},
	{"name_s": "/opt/rh/ruby193/root/usr/share/rubygems/rubygems/package_task.rb", "size_i": "3884", "regex": "false"},
	{"name_s": "/opt/rh/ruby193/root/usr/share/rubygems/rubygems/path_support.rb", "size_i": "1538", "regex": "false"},
	{"name_s": "/opt/rh/ruby193/root/usr/share/rubygems/rubygems/platform.rb", "size_i": "5684", "regex": "false"},
	{"name_s": "/opt/rh/ruby193/root/usr/share/rubygems/rubygems/psych_additions.rb", "size_i": "498", "regex": "false"},
	{"name_s": "/opt/rh/ruby193/root/usr/share/rubygems/rubygems/psych_tree.rb", "size_i": "1374", "regex": "false"},
	{"name_s": "/opt/rh/ruby193/root/usr/share/rubygems/rubygems/remote_fetcher.rb", "size_i": "13823", "regex": "false"},
	{"name_s": "/opt/rh/ruby193/root/usr/share/rubygems/rubygems/require_paths_builder.rb", "size_i": "577", "regex": "false"},
	{"name_s": "/opt/rh/ruby193/root/usr/share/rubygems/rubygems/requirement.rb", "size_i": "5108", "regex": "false"},
	{"name_s": "/opt/rh/ruby193/root/usr/share/rubygems/rubygems/security.rb", "size_i": "29526", "regex": "false"},
	{"name_s": "/opt/rh/ruby193/root/usr/share/rubygems/rubygems/server.rb", "size_i": "22453", "regex": "false"},
	{"name_s": "/opt/rh/ruby193/root/usr/share/rubygems/rubygems/source_index.rb", "size_i": "11269", "regex": "false"},
	{"name_s": "/opt/rh/ruby193/root/usr/share/rubygems/rubygems/spec_fetcher.rb", "size_i": "7345", "regex": "false"},
	{"name_s": "/opt/rh/ruby193/root/usr/share/rubygems/rubygems/specification.rb", "size_i": "56545", "regex": "false"},
	{"name_s": "/opt/rh/ruby193/root/usr/share/rubygems/rubygems/ssl_certs", "size_i": "4096", "regex": "false"},
	{"name_s": "/opt/rh/ruby193/root/usr/share/rubygems/rubygems/ssl_certs/ca-bundle.pem", "size_i": "215994", "regex": "false"},
	{"name_s": "/opt/rh/ruby193/root/usr/share/rubygems/rubygems/syck_hack.rb", "size_i": "4055", "regex": "false"},
	{"name_s": "/opt/rh/ruby193/root/usr/share/rubygems/rubygems/test_case.rb", "size_i": "22417", "regex": "false"},
	{"name_s": "/opt/rh/ruby193/root/usr/share/rubygems/rubygems/test_utilities.rb", "size_i": "3552", "regex": "false"},
	{"name_s": "/opt/rh/ruby193/root/usr/share/rubygems/rubygems/text.rb", "size_i": "1255", "regex": "false"},
	{"name_s": "/opt/rh/ruby193/root/usr/share/rubygems/rubygems/uninstaller.rb", "size_i": "7334", "regex": "false"},
	{"name_s": "/opt/rh/ruby193/root/usr/share/rubygems/rubygems/user_interaction.rb", "size_i": "11494", "regex": "false"},
	{"name_s": "/opt/rh/ruby193/root/usr/share/rubygems/rubygems/validator.rb", "size_i": "4757", "regex": "false"},
	{"name_s": "/opt/rh/ruby193/root/usr/share/rubygems/rubygems/version.rb", "size_i": "10427", "regex": "false"},
	{"name_s": "/opt/rh/ruby193/root/usr/share/rubygems/rubygems/version_option.rb", "size_i": "1627", "regex": "false"},
	{"name_s": "/opt/rh/ruby193/root/usr/share/rubygems/ubygems.rb", "size_i": "268", "regex": "false"}
]
