[
	{"name_s": "/etc/xinetd.d/swat", "size_i": "363", "regex": "false"},
	{"name_s": "/usr/lib64/samba/de.msg", "size_i": "13892", "regex": "false"},
	{"name_s": "/usr/lib64/samba/en.msg", "size_i": "10533", "regex": "false"},
	{"name_s": "/usr/lib64/samba/fi.msg", "size_i": "14029", "regex": "false"},
	{"name_s": "/usr/lib64/samba/fr.msg", "size_i": "12768", "regex": "false"},
	{"name_s": "/usr/lib64/samba/it.msg", "size_i": "12400", "regex": "false"},
	{"name_s": "/usr/lib64/samba/ja.msg", "size_i": "14474", "regex": "false"},
	{"name_s": "/usr/lib64/samba/nl.msg", "size_i": "13392", "regex": "false"},
	{"name_s": "/usr/lib64/samba/pl.msg", "size_i": "12488", "regex": "false"},
	{"name_s": "/usr/lib64/samba/ru.msg", "size_i": "16287", "regex": "false"},
	{"name_s": "/usr/lib64/samba/tr.msg", "size_i": "12685", "regex": "false"},
	{"name_s": "/usr/sbin/swat", "size_i": "6423688", "regex": "false"},
	{"name_s": "/usr/share/man/man8/swat.8.gz", "size_i": "3046", "regex": "false"},
	{"name_s": "/usr/share/swat", "size_i": "4096", "regex": "false"},
	{"name_s": "/usr/share/swat/help", "size_i": "4096", "regex": "false"},
	{"name_s": "/usr/share/swat/help/Samba3-ByExample", "size_i": "4096", "regex": "false"},
	{"name_s": "/usr/share/swat/help/Samba3-ByExample/Big500users.html", "size_i": "96544", "regex": "false"},
	{"name_s": "/usr/share/swat/help/Samba3-ByExample/DMSMig.html", "size_i": "7542", "regex": "false"},
	{"name_s": "/usr/share/swat/help/Samba3-ByExample/DomApps.html", "size_i": "43602", "regex": "false"},
	{"name_s": "/usr/share/swat/help/Samba3-ByExample/ExNetworks.html", "size_i": "12340", "regex": "false"},
	{"name_s": "/usr/share/swat/help/Samba3-ByExample/HA.html", "size_i": "35641", "regex": "false"},
	{"name_s": "/usr/share/swat/help/Samba3-ByExample/RefSection.html", "size_i": "12132", "regex": "false"},
	{"name_s": "/usr/share/swat/help/Samba3-ByExample/apa.html", "size_i": "45997", "regex": "false"},
	{"name_s": "/usr/share/swat/help/Samba3-ByExample/appendix.html", "size_i": "71257", "regex": "false"},
	{"name_s": "/usr/share/swat/help/Samba3-ByExample/ch14.html", "size_i": "10029", "regex": "false"},
	{"name_s": "/usr/share/swat/help/Samba3-ByExample/go01.html", "size_i": "9925", "regex": "false"},
	{"name_s": "/usr/share/swat/help/Samba3-ByExample/happy.html", "size_i": "224665", "regex": "false"},
	{"name_s": "/usr/share/swat/help/Samba3-ByExample/images", "size_i": "4096", "regex": "false"},
	{"name_s": "/usr/share/swat/help/Samba3-ByExample/images/AccountingNetwork.png", "size_i": "24584", "regex": "false"},
	{"name_s": "/usr/share/swat/help/Samba3-ByExample/images/Charity-Network.png", "size_i": "29819", "regex": "false"},
	{"name_s": "/usr/share/swat/help/Samba3-ByExample/images/Domain-WorkgroupAnnouncement.png", "size_i": "37482", "regex": "false"},
	{"name_s": "/usr/share/swat/help/Samba3-ByExample/images/HostAnnouncment.png", "size_i": "38156", "regex": "false"},
	{"name_s": "/usr/share/swat/help/Samba3-ByExample/images/LocalMasterAnnouncement.png", "size_i": "38525", "regex": "false"},
	{"name_s": "/usr/share/swat/help/Samba3-ByExample/images/NullConnect.png", "size_i": "21931", "regex": "false"},
	{"name_s": "/usr/share/swat/help/Samba3-ByExample/images/UNIX-Samba-and-LDAP.png", "size_i": "46006", "regex": "false"},
	{"name_s": "/usr/share/swat/help/Samba3-ByExample/images/UserConnect.png", "size_i": "22583", "regex": "false"},
	{"name_s": "/usr/share/swat/help/Samba3-ByExample/images/UserMgrNT4.png", "size_i": "31074", "regex": "false"},
	{"name_s": "/usr/share/swat/help/Samba3-ByExample/images/WINREPRESSME-Capture.png", "size_i": "57046", "regex": "false"},
	{"name_s": "/usr/share/swat/help/Samba3-ByExample/images/WINREPRESSME-Capture2.png", "size_i": "50864", "regex": "false"},
	{"name_s": "/usr/share/swat/help/Samba3-ByExample/images/Windows-ME-WINEPRESSME-Startup-30min-ProtocolStats.png", "size_i": "6460", "regex": "false"},
	{"name_s": "/usr/share/swat/help/Samba3-ByExample/images/Windows-ME-WINEPRESSME-Startup-30min-TraceStats.png", "size_i": "8005", "regex": "false"},
	{"name_s": "/usr/share/swat/help/Samba3-ByExample/images/WindowsXP-NullConnection.png", "size_i": "23120", "regex": "false"},
	{"name_s": "/usr/share/swat/help/Samba3-ByExample/images/WindowsXP-UserConnection.png", "size_i": "24505", "regex": "false"},
	{"name_s": "/usr/share/swat/help/Samba3-ByExample/images/XP-screen001.png", "size_i": "14290", "regex": "false"},
	{"name_s": "/usr/share/swat/help/Samba3-ByExample/images/acct2net.png", "size_i": "28364", "regex": "false"},
	{"name_s": "/usr/share/swat/help/Samba3-ByExample/images/ch7-dual-additive-LDAP-Ok.png", "size_i": "20416", "regex": "false"},
	{"name_s": "/usr/share/swat/help/Samba3-ByExample/images/ch7-dual-additive-LDAP.png", "size_i": "25586", "regex": "false"},
	{"name_s": "/usr/share/swat/help/Samba3-ByExample/images/ch7-fail-overLDAP.png", "size_i": "12004", "regex": "false"},
	{"name_s": "/usr/share/swat/help/Samba3-ByExample/images/ch7-singleLDAP.png", "size_i": "3023", "regex": "false"},
	{"name_s": "/usr/share/swat/help/Samba3-ByExample/images/ch8-migration.png", "size_i": "31730", "regex": "false"},
	{"name_s": "/usr/share/swat/help/Samba3-ByExample/images/chap4-net.png", "size_i": "57810", "regex": "false"},
	{"name_s": "/usr/share/swat/help/Samba3-ByExample/images/chap5-net.png", "size_i": "107988", "regex": "false"},
	{"name_s": "/usr/share/swat/help/Samba3-ByExample/images/chap6-net.png", "size_i": "99667", "regex": "false"},
	{"name_s": "/usr/share/swat/help/Samba3-ByExample/images/chap7-idresol.png", "size_i": "20418", "regex": "false"},
	{"name_s": "/usr/share/swat/help/Samba3-ByExample/images/chap7-net-A.png", "size_i": "235157", "regex": "false"},
	{"name_s": "/usr/share/swat/help/Samba3-ByExample/images/chap7-net-Ar.png", "size_i": "97993", "regex": "false"},
	{"name_s": "/usr/share/swat/help/Samba3-ByExample/images/chap7-net.png", "size_i": "196025", "regex": "false"},
	{"name_s": "/usr/share/swat/help/Samba3-ByExample/images/chap7-net2-B.png", "size_i": "245620", "regex": "false"},
	{"name_s": "/usr/share/swat/help/Samba3-ByExample/images/chap7-net2-Br.png", "size_i": "99789", "regex": "false"},
	{"name_s": "/usr/share/swat/help/Samba3-ByExample/images/chap7-net2.png", "size_i": "237271", "regex": "false"},
	{"name_s": "/usr/share/swat/help/Samba3-ByExample/images/chap7-net2r.png", "size_i": "95770", "regex": "false"},
	{"name_s": "/usr/share/swat/help/Samba3-ByExample/images/chap7-netr.png", "size_i": "84215", "regex": "false"},
	{"name_s": "/usr/share/swat/help/Samba3-ByExample/images/chap9-ADSDC.png", "size_i": "84029", "regex": "false"},
	{"name_s": "/usr/share/swat/help/Samba3-ByExample/images/chap9-SambaDC.png", "size_i": "75953", "regex": "false"},
	{"name_s": "/usr/share/swat/help/Samba3-ByExample/images/imc-usermanager2.png", "size_i": "91149", "regex": "false"},
	{"name_s": "/usr/share/swat/help/Samba3-ByExample/images/lam-config.png", "size_i": "73791", "regex": "false"},
	{"name_s": "/usr/share/swat/help/Samba3-ByExample/images/lam-group-members.png", "size_i": "82762", "regex": "false"},
	{"name_s": "/usr/share/swat/help/Samba3-ByExample/images/lam-groups.png", "size_i": "94035", "regex": "false"},
	{"name_s": "/usr/share/swat/help/Samba3-ByExample/images/lam-hosts.png", "size_i": "86779", "regex": "false"},
	{"name_s": "/usr/share/swat/help/Samba3-ByExample/images/lam-login.png", "size_i": "86345", "regex": "false"},
	{"name_s": "/usr/share/swat/help/Samba3-ByExample/images/lam-users.png", "size_i": "102751", "regex": "false"},
	{"name_s": "/usr/share/swat/help/Samba3-ByExample/images/openmag.png", "size_i": "18146", "regex": "false"},
	{"name_s": "/usr/share/swat/help/Samba3-ByExample/images/wxpp001.png", "size_i": "31712", "regex": "false"},
	{"name_s": "/usr/share/swat/help/Samba3-ByExample/images/wxpp004.png", "size_i": "29694", "regex": "false"},
	{"name_s": "/usr/share/swat/help/Samba3-ByExample/images/wxpp006.png", "size_i": "12651", "regex": "false"},
	{"name_s": "/usr/share/swat/help/Samba3-ByExample/images/wxpp007.png", "size_i": "12781", "regex": "false"},
	{"name_s": "/usr/share/swat/help/Samba3-ByExample/images/wxpp008.png", "size_i": "19550", "regex": "false"},
	{"name_s": "/usr/share/swat/help/Samba3-ByExample/images/wxpp010.png", "size_i": "19725", "regex": "false"},
	{"name_s": "/usr/share/swat/help/Samba3-ByExample/images/wxpp011.png", "size_i": "8579", "regex": "false"},
	{"name_s": "/usr/share/swat/help/Samba3-ByExample/images/wxpp012.png", "size_i": "8918", "regex": "false"},
	{"name_s": "/usr/share/swat/help/Samba3-ByExample/images/wxpp013.png", "size_i": "30107", "regex": "false"},
	{"name_s": "/usr/share/swat/help/Samba3-ByExample/images/wxpp015.png", "size_i": "9713", "regex": "false"},
	{"name_s": "/usr/share/swat/help/Samba3-ByExample/index.html", "size_i": "46505", "regex": "false"},
	{"name_s": "/usr/share/swat/help/Samba3-ByExample/ix01.html", "size_i": "194046", "regex": "false"},
	{"name_s": "/usr/share/swat/help/Samba3-ByExample/kerberos.html", "size_i": "83993", "regex": "false"},
	{"name_s": "/usr/share/swat/help/Samba3-ByExample/net2000users.html", "size_i": "87294", "regex": "false"},
	{"name_s": "/usr/share/swat/help/Samba3-ByExample/ntmigration.html", "size_i": "84115", "regex": "false"},
	{"name_s": "/usr/share/swat/help/Samba3-ByExample/nw4migration.html", "size_i": "82558", "regex": "false"},
	{"name_s": "/usr/share/swat/help/Samba3-ByExample/pr01.html", "size_i": "3620", "regex": "false"},
	{"name_s": "/usr/share/swat/help/Samba3-ByExample/pr02.html", "size_i": "3675", "regex": "false"},
	{"name_s": "/usr/share/swat/help/Samba3-ByExample/pr03.html", "size_i": "6462", "regex": "false"},
	{"name_s": "/usr/share/swat/help/Samba3-ByExample/preface.html", "size_i": "30700", "regex": "false"},
	{"name_s": "/usr/share/swat/help/Samba3-ByExample/primer.html", "size_i": "60096", "regex": "false"},
	{"name_s": "/usr/share/swat/help/Samba3-ByExample/secure.html", "size_i": "132038", "regex": "false"},
	{"name_s": "/usr/share/swat/help/Samba3-ByExample/simple.html", "size_i": "82072", "regex": "false"},
	{"name_s": "/usr/share/swat/help/Samba3-ByExample/small.html", "size_i": "62521", "regex": "false"},
	{"name_s": "/usr/share/swat/help/Samba3-ByExample/unixclients.html", "size_i": "141411", "regex": "false"},
	{"name_s": "/usr/share/swat/help/Samba3-ByExample/upgrades.html", "size_i": "60871", "regex": "false"},
	{"name_s": "/usr/share/swat/help/Samba3-Developers-Guide", "size_i": "4096", "regex": "false"},
	{"name_s": "/usr/share/swat/help/Samba3-Developers-Guide/CodingSuggestions.html", "size_i": "9393", "regex": "false"},
	{"name_s": "/usr/share/swat/help/Samba3-Developers-Guide/Packaging.html", "size_i": "3544", "regex": "false"},
	{"name_s": "/usr/share/swat/help/Samba3-Developers-Guide/architecture.html", "size_i": "9108", "regex": "false"},
	{"name_s": "/usr/share/swat/help/Samba3-Developers-Guide/contributing.html", "size_i": "5712", "regex": "false"},
	{"name_s": "/usr/share/swat/help/Samba3-Developers-Guide/debug.html", "size_i": "12102", "regex": "false"},
	{"name_s": "/usr/share/swat/help/Samba3-Developers-Guide/devprinting.html", "size_i": "16249", "regex": "false"},
	{"name_s": "/usr/share/swat/help/Samba3-Developers-Guide/index.html", "size_i": "17207", "regex": "false"},
	{"name_s": "/usr/share/swat/help/Samba3-Developers-Guide/internals.html", "size_i": "19375", "regex": "false"},
	{"name_s": "/usr/share/swat/help/Samba3-Developers-Guide/modules.html", "size_i": "8927", "regex": "false"},
	{"name_s": "/usr/share/swat/help/Samba3-Developers-Guide/ntdomain.html", "size_i": "95657", "regex": "false"},
	{"name_s": "/usr/share/swat/help/Samba3-Developers-Guide/parsing.html", "size_i": "8927", "regex": "false"},
	{"name_s": "/usr/share/swat/help/Samba3-Developers-Guide/pr01.html", "size_i": "6818", "regex": "false"},
	{"name_s": "/usr/share/swat/help/Samba3-Developers-Guide/pt01.html", "size_i": "6321", "regex": "false"},
	{"name_s": "/usr/share/swat/help/Samba3-Developers-Guide/pt02.html", "size_i": "6130", "regex": "false"},
	{"name_s": "/usr/share/swat/help/Samba3-Developers-Guide/pt03.html", "size_i": "4587", "regex": "false"},
	{"name_s": "/usr/share/swat/help/Samba3-Developers-Guide/pt04.html", "size_i": "2603", "regex": "false"},
	{"name_s": "/usr/share/swat/help/Samba3-Developers-Guide/pt05.html", "size_i": "2058", "regex": "false"},
	{"name_s": "/usr/share/swat/help/Samba3-Developers-Guide/pwencrypt.html", "size_i": "11255", "regex": "false"},
	{"name_s": "/usr/share/swat/help/Samba3-Developers-Guide/rpc-plugin.html", "size_i": "5055", "regex": "false"},
	{"name_s": "/usr/share/swat/help/Samba3-Developers-Guide/tracing.html", "size_i": "6227", "regex": "false"},
	{"name_s": "/usr/share/swat/help/Samba3-Developers-Guide/unix-smb.html", "size_i": "14842", "regex": "false"},
	{"name_s": "/usr/share/swat/help/Samba3-Developers-Guide/vfs.html", "size_i": "35080", "regex": "false"},
	{"name_s": "/usr/share/swat/help/Samba3-Developers-Guide/wins.html", "size_i": "4514", "regex": "false"},
	{"name_s": "/usr/share/swat/help/Samba3-HOWTO", "size_i": "4096", "regex": "false"},
	{"name_s": "/usr/share/swat/help/Samba3-HOWTO/AccessControls.html", "size_i": "86089", "regex": "false"},
	{"name_s": "/usr/share/swat/help/Samba3-HOWTO/AdvancedNetworkManagement.html", "size_i": "22105", "regex": "false"},
	{"name_s": "/usr/share/swat/help/Samba3-HOWTO/Appendix.html", "size_i": "8691", "regex": "false"},
	{"name_s": "/usr/share/swat/help/Samba3-HOWTO/Backup.html", "size_i": "10916", "regex": "false"},
	{"name_s": "/usr/share/swat/help/Samba3-HOWTO/CUPS-printing.html", "size_i": "304330", "regex": "false"},
	{"name_s": "/usr/share/swat/help/Samba3-HOWTO/ChangeNotes.html", "size_i": "15033", "regex": "false"},
	{"name_s": "/usr/share/swat/help/Samba3-HOWTO/ClientConfig.html", "size_i": "37010", "regex": "false"},
	{"name_s": "/usr/share/swat/help/Samba3-HOWTO/DNSDHCP.html", "size_i": "13819", "regex": "false"},
	{"name_s": "/usr/share/swat/help/Samba3-HOWTO/FastStart.html", "size_i": "76904", "regex": "false"},
	{"name_s": "/usr/share/swat/help/Samba3-HOWTO/InterdomainTrusts.html", "size_i": "32133", "regex": "false"},
	{"name_s": "/usr/share/swat/help/Samba3-HOWTO/IntroSMB.html", "size_i": "11292", "regex": "false"},
	{"name_s": "/usr/share/swat/help/Samba3-HOWTO/NT4Migration.html", "size_i": "30104", "regex": "false"},
	{"name_s": "/usr/share/swat/help/Samba3-HOWTO/NetCommand.html", "size_i": "92271", "regex": "false"},
	{"name_s": "/usr/share/swat/help/Samba3-HOWTO/NetworkBrowsing.html", "size_i": "112602", "regex": "false"},
	{"name_s": "/usr/share/swat/help/Samba3-HOWTO/Other-Clients.html", "size_i": "21995", "regex": "false"},
	{"name_s": "/usr/share/swat/help/Samba3-HOWTO/PolicyMgmt.html", "size_i": "33248", "regex": "false"},
	{"name_s": "/usr/share/swat/help/Samba3-HOWTO/Portability.html", "size_i": "12339", "regex": "false"},
	{"name_s": "/usr/share/swat/help/Samba3-HOWTO/ProfileMgmt.html", "size_i": "71861", "regex": "false"},
	{"name_s": "/usr/share/swat/help/Samba3-HOWTO/SWAT.html", "size_i": "29428", "regex": "false"},
	{"name_s": "/usr/share/swat/help/Samba3-HOWTO/SambaHA.html", "size_i": "22746", "regex": "false"},
	{"name_s": "/usr/share/swat/help/Samba3-HOWTO/ServerType.html", "size_i": "45478", "regex": "false"},
	{"name_s": "/usr/share/swat/help/Samba3-HOWTO/StandAloneServer.html", "size_i": "21223", "regex": "false"},
	{"name_s": "/usr/share/swat/help/Samba3-HOWTO/TOSHpreface.html", "size_i": "5432", "regex": "false"},
	{"name_s": "/usr/share/swat/help/Samba3-HOWTO/VFS.html", "size_i": "44521", "regex": "false"},
	{"name_s": "/usr/share/swat/help/Samba3-HOWTO/apa.html", "size_i": "46009", "regex": "false"},
	{"name_s": "/usr/share/swat/help/Samba3-HOWTO/bugreport.html", "size_i": "16384", "regex": "false"},
	{"name_s": "/usr/share/swat/help/Samba3-HOWTO/cfgsmarts.html", "size_i": "29815", "regex": "false"},
	{"name_s": "/usr/share/swat/help/Samba3-HOWTO/ch-ldap-tls.html", "size_i": "19069", "regex": "false"},
	{"name_s": "/usr/share/swat/help/Samba3-HOWTO/ch47.html", "size_i": "10065", "regex": "false"},
	{"name_s": "/usr/share/swat/help/Samba3-HOWTO/classicalprinting.html", "size_i": "186061", "regex": "false"},
	{"name_s": "/usr/share/swat/help/Samba3-HOWTO/compiling.html", "size_i": "27689", "regex": "false"},
	{"name_s": "/usr/share/swat/help/Samba3-HOWTO/diagnosis.html", "size_i": "29773", "regex": "false"},
	{"name_s": "/usr/share/swat/help/Samba3-HOWTO/domain-member.html", "size_i": "71706", "regex": "false"},
	{"name_s": "/usr/share/swat/help/Samba3-HOWTO/go01.html", "size_i": "10205", "regex": "false"},
	{"name_s": "/usr/share/swat/help/Samba3-HOWTO/groupmapping.html", "size_i": "44444", "regex": "false"},
	{"name_s": "/usr/share/swat/help/Samba3-HOWTO/idmapper.html", "size_i": "55273", "regex": "false"},
	{"name_s": "/usr/share/swat/help/Samba3-HOWTO/images", "size_i": "4096", "regex": "false"},
	{"name_s": "/usr/share/swat/help/Samba3-HOWTO/images/10small.png", "size_i": "46666", "regex": "false"},
	{"name_s": "/usr/share/swat/help/Samba3-HOWTO/images/11small.png", "size_i": "27817", "regex": "false"},
	{"name_s": "/usr/share/swat/help/Samba3-HOWTO/images/12small.png", "size_i": "29508", "regex": "false"},
	{"name_s": "/usr/share/swat/help/Samba3-HOWTO/images/13small.png", "size_i": "30506", "regex": "false"},
	{"name_s": "/usr/share/swat/help/Samba3-HOWTO/images/14small.png", "size_i": "56042", "regex": "false"},
	{"name_s": "/usr/share/swat/help/Samba3-HOWTO/images/1small.png", "size_i": "20739", "regex": "false"},
	{"name_s": "/usr/share/swat/help/Samba3-HOWTO/images/2small.png", "size_i": "15016", "regex": "false"},
	{"name_s": "/usr/share/swat/help/Samba3-HOWTO/images/3small.png", "size_i": "15785", "regex": "false"},
	{"name_s": "/usr/share/swat/help/Samba3-HOWTO/images/4small.png", "size_i": "22370", "regex": "false"},
	{"name_s": "/usr/share/swat/help/Samba3-HOWTO/images/5small.png", "size_i": "27857", "regex": "false"},
	{"name_s": "/usr/share/swat/help/Samba3-HOWTO/images/6small.png", "size_i": "32612", "regex": "false"},
	{"name_s": "/usr/share/swat/help/Samba3-HOWTO/images/7small.png", "size_i": "29350", "regex": "false"},
	{"name_s": "/usr/share/swat/help/Samba3-HOWTO/images/8small.png", "size_i": "45259", "regex": "false"},
	{"name_s": "/usr/share/swat/help/Samba3-HOWTO/images/9small.png", "size_i": "30509", "regex": "false"},
	{"name_s": "/usr/share/swat/help/Samba3-HOWTO/images/WME001.png", "size_i": "8576", "regex": "false"},
	{"name_s": "/usr/share/swat/help/Samba3-HOWTO/images/WME002.png", "size_i": "6913", "regex": "false"},
	{"name_s": "/usr/share/swat/help/Samba3-HOWTO/images/WME003.png", "size_i": "6448", "regex": "false"},
	{"name_s": "/usr/share/swat/help/Samba3-HOWTO/images/WME004.png", "size_i": "8864", "regex": "false"},
	{"name_s": "/usr/share/swat/help/Samba3-HOWTO/images/WME005.png", "size_i": "6421", "regex": "false"},
	{"name_s": "/usr/share/swat/help/Samba3-HOWTO/images/WME006.png", "size_i": "5999", "regex": "false"},
	{"name_s": "/usr/share/swat/help/Samba3-HOWTO/images/WME007.png", "size_i": "5855", "regex": "false"},
	{"name_s": "/usr/share/swat/help/Samba3-HOWTO/images/WME008.png", "size_i": "2337", "regex": "false"},
	{"name_s": "/usr/share/swat/help/Samba3-HOWTO/images/WME009.png", "size_i": "8863", "regex": "false"},
	{"name_s": "/usr/share/swat/help/Samba3-HOWTO/images/WME010.png", "size_i": "6454", "regex": "false"},
	{"name_s": "/usr/share/swat/help/Samba3-HOWTO/images/WME011.png", "size_i": "5810", "regex": "false"},
	{"name_s": "/usr/share/swat/help/Samba3-HOWTO/images/WME012.png", "size_i": "6454", "regex": "false"},
	{"name_s": "/usr/share/swat/help/Samba3-HOWTO/images/WME013.png", "size_i": "5844", "regex": "false"},
	{"name_s": "/usr/share/swat/help/Samba3-HOWTO/images/WME014.png", "size_i": "5802", "regex": "false"},
	{"name_s": "/usr/share/swat/help/Samba3-HOWTO/images/WXPP002.png", "size_i": "25711", "regex": "false"},
	{"name_s": "/usr/share/swat/help/Samba3-HOWTO/images/WXPP003.png", "size_i": "18079", "regex": "false"},
	{"name_s": "/usr/share/swat/help/Samba3-HOWTO/images/WXPP005.png", "size_i": "15378", "regex": "false"},
	{"name_s": "/usr/share/swat/help/Samba3-HOWTO/images/WXPP009.png", "size_i": "18976", "regex": "false"},
	{"name_s": "/usr/share/swat/help/Samba3-HOWTO/images/WXPP014.png", "size_i": "28767", "regex": "false"},
	{"name_s": "/usr/share/swat/help/Samba3-HOWTO/images/a_small.png", "size_i": "115304", "regex": "false"},
	{"name_s": "/usr/share/swat/help/Samba3-HOWTO/images/access1.png", "size_i": "56013", "regex": "false"},
	{"name_s": "/usr/share/swat/help/Samba3-HOWTO/images/browsing1.png", "size_i": "53144", "regex": "false"},
	{"name_s": "/usr/share/swat/help/Samba3-HOWTO/images/cups1.png", "size_i": "172188", "regex": "false"},
	{"name_s": "/usr/share/swat/help/Samba3-HOWTO/images/cups2.png", "size_i": "189971", "regex": "false"},
	{"name_s": "/usr/share/swat/help/Samba3-HOWTO/images/domain.png", "size_i": "66222", "regex": "false"},
	{"name_s": "/usr/share/swat/help/Samba3-HOWTO/images/ethereal1.png", "size_i": "18517", "regex": "false"},
	{"name_s": "/usr/share/swat/help/Samba3-HOWTO/images/ethereal2.png", "size_i": "38069", "regex": "false"},
	{"name_s": "/usr/share/swat/help/Samba3-HOWTO/images/idmap-gid2sid.png", "size_i": "57073", "regex": "false"},
	{"name_s": "/usr/share/swat/help/Samba3-HOWTO/images/idmap-groups.png", "size_i": "35981", "regex": "false"},
	{"name_s": "/usr/share/swat/help/Samba3-HOWTO/images/idmap-sid2gid.png", "size_i": "53269", "regex": "false"},
	{"name_s": "/usr/share/swat/help/Samba3-HOWTO/images/idmap-sid2uid.png", "size_i": "72918", "regex": "false"},
	{"name_s": "/usr/share/swat/help/Samba3-HOWTO/images/idmap-store-gid2sid.png", "size_i": "15603", "regex": "false"},
	{"name_s": "/usr/share/swat/help/Samba3-HOWTO/images/idmap-uid2sid.png", "size_i": "50877", "regex": "false"},
	{"name_s": "/usr/share/swat/help/Samba3-HOWTO/images/idmap.png", "size_i": "33925", "regex": "false"},
	{"name_s": "/usr/share/swat/help/Samba3-HOWTO/images/idmap_winbind_no_loop.png", "size_i": "9172", "regex": "false"},
	{"name_s": "/usr/share/swat/help/Samba3-HOWTO/images/pdftoepsonusb.png", "size_i": "13547", "regex": "false"},
	{"name_s": "/usr/share/swat/help/Samba3-HOWTO/images/pdftosocket.png", "size_i": "3816", "regex": "false"},
	{"name_s": "/usr/share/swat/help/Samba3-HOWTO/images/trusts1.png", "size_i": "26901", "regex": "false"},
	{"name_s": "/usr/share/swat/help/Samba3-HOWTO/images/w2kp001.png", "size_i": "10891", "regex": "false"},
	{"name_s": "/usr/share/swat/help/Samba3-HOWTO/images/w2kp002.png", "size_i": "11966", "regex": "false"},
	{"name_s": "/usr/share/swat/help/Samba3-HOWTO/images/w2kp003.png", "size_i": "8892", "regex": "false"},
	{"name_s": "/usr/share/swat/help/Samba3-HOWTO/images/w2kp004.png", "size_i": "12127", "regex": "false"},
	{"name_s": "/usr/share/swat/help/Samba3-HOWTO/images/w2kp005.png", "size_i": "9951", "regex": "false"},
	{"name_s": "/usr/share/swat/help/Samba3-HOWTO/images/w2kp006.png", "size_i": "9244", "regex": "false"},
	{"name_s": "/usr/share/swat/help/Samba3-HOWTO/images/wxpp001.png", "size_i": "31712", "regex": "false"},
	{"name_s": "/usr/share/swat/help/Samba3-HOWTO/images/wxpp004.png", "size_i": "29694", "regex": "false"},
	{"name_s": "/usr/share/swat/help/Samba3-HOWTO/images/wxpp006.png", "size_i": "12651", "regex": "false"},
	{"name_s": "/usr/share/swat/help/Samba3-HOWTO/images/wxpp007.png", "size_i": "12781", "regex": "false"},
	{"name_s": "/usr/share/swat/help/Samba3-HOWTO/images/wxpp008.png", "size_i": "19550", "regex": "false"},
	{"name_s": "/usr/share/swat/help/Samba3-HOWTO/images/wxpp010.png", "size_i": "19725", "regex": "false"},
	{"name_s": "/usr/share/swat/help/Samba3-HOWTO/images/wxpp011.png", "size_i": "8579", "regex": "false"},
	{"name_s": "/usr/share/swat/help/Samba3-HOWTO/images/wxpp012.png", "size_i": "8918", "regex": "false"},
	{"name_s": "/usr/share/swat/help/Samba3-HOWTO/images/wxpp013.png", "size_i": "30107", "regex": "false"},
	{"name_s": "/usr/share/swat/help/Samba3-HOWTO/images/wxpp015.png", "size_i": "9713", "regex": "false"},
	{"name_s": "/usr/share/swat/help/Samba3-HOWTO/index.html", "size_i": "104159", "regex": "false"},
	{"name_s": "/usr/share/swat/help/Samba3-HOWTO/install.html", "size_i": "37784", "regex": "false"},
	{"name_s": "/usr/share/swat/help/Samba3-HOWTO/integrate-ms-networks.html", "size_i": "36670", "regex": "false"},
	{"name_s": "/usr/share/swat/help/Samba3-HOWTO/introduction.html", "size_i": "4714", "regex": "false"},
	{"name_s": "/usr/share/swat/help/Samba3-HOWTO/ix01.html", "size_i": "508853", "regex": "false"},
	{"name_s": "/usr/share/swat/help/Samba3-HOWTO/largefile.html", "size_i": "7137", "regex": "false"},
	{"name_s": "/usr/share/swat/help/Samba3-HOWTO/locking.html", "size_i": "53702", "regex": "false"},
	{"name_s": "/usr/share/swat/help/Samba3-HOWTO/migration.html", "size_i": "5265", "regex": "false"},
	{"name_s": "/usr/share/swat/help/Samba3-HOWTO/msdfs.html", "size_i": "11166", "regex": "false"},
	{"name_s": "/usr/share/swat/help/Samba3-HOWTO/optional.html", "size_i": "60766", "regex": "false"},
	{"name_s": "/usr/share/swat/help/Samba3-HOWTO/pam.html", "size_i": "51571", "regex": "false"},
	{"name_s": "/usr/share/swat/help/Samba3-HOWTO/passdb.html", "size_i": "126135", "regex": "false"},
	{"name_s": "/usr/share/swat/help/Samba3-HOWTO/pr01.html", "size_i": "4164", "regex": "false"},
	{"name_s": "/usr/share/swat/help/Samba3-HOWTO/pr02.html", "size_i": "28156", "regex": "false"},
	{"name_s": "/usr/share/swat/help/Samba3-HOWTO/pr03.html", "size_i": "6409", "regex": "false"},
	{"name_s": "/usr/share/swat/help/Samba3-HOWTO/problems.html", "size_i": "19757", "regex": "false"},
	{"name_s": "/usr/share/swat/help/Samba3-HOWTO/rights.html", "size_i": "30479", "regex": "false"},
	{"name_s": "/usr/share/swat/help/Samba3-HOWTO/samba-bdc.html", "size_i": "49360", "regex": "false"},
	{"name_s": "/usr/share/swat/help/Samba3-HOWTO/samba-pdc.html", "size_i": "81432", "regex": "false"},
	{"name_s": "/usr/share/swat/help/Samba3-HOWTO/securing-samba.html", "size_i": "24417", "regex": "false"},
	{"name_s": "/usr/share/swat/help/Samba3-HOWTO/speed.html", "size_i": "16909", "regex": "false"},
	{"name_s": "/usr/share/swat/help/Samba3-HOWTO/tdb.html", "size_i": "10182", "regex": "false"},
	{"name_s": "/usr/share/swat/help/Samba3-HOWTO/troubleshooting.html", "size_i": "4159", "regex": "false"},
	{"name_s": "/usr/share/swat/help/Samba3-HOWTO/type.html", "size_i": "12105", "regex": "false"},
	{"name_s": "/usr/share/swat/help/Samba3-HOWTO/unicode.html", "size_i": "29637", "regex": "false"},
	{"name_s": "/usr/share/swat/help/Samba3-HOWTO/upgrading-to-3.0.html", "size_i": "42634", "regex": "false"},
	{"name_s": "/usr/share/swat/help/Samba3-HOWTO/winbind.html", "size_i": "71648", "regex": "false"},
	{"name_s": "/usr/share/swat/help/manpages", "size_i": "4096", "regex": "false"},
	{"name_s": "/usr/share/swat/help/manpages/eventlogadm.8.html", "size_i": "8109", "regex": "false"},
	{"name_s": "/usr/share/swat/help/manpages/findsmb.1.html", "size_i": "6410", "regex": "false"},
	{"name_s": "/usr/share/swat/help/manpages/idmap_ad.8.html", "size_i": "3783", "regex": "false"},
	{"name_s": "/usr/share/swat/help/manpages/idmap_adex.8.html", "size_i": "2798", "regex": "false"},
	{"name_s": "/usr/share/swat/help/manpages/idmap_autorid.8.html", "size_i": "4480", "regex": "false"},
	{"name_s": "/usr/share/swat/help/manpages/idmap_hash.8.html", "size_i": "2196", "regex": "false"},
	{"name_s": "/usr/share/swat/help/manpages/idmap_ldap.8.html", "size_i": "4344", "regex": "false"},
	{"name_s": "/usr/share/swat/help/manpages/idmap_nss.8.html", "size_i": "1751", "regex": "false"},
	{"name_s": "/usr/share/swat/help/manpages/idmap_rid.8.html", "size_i": "4120", "regex": "false"},
	{"name_s": "/usr/share/swat/help/manpages/idmap_tdb.8.html", "size_i": "1925", "regex": "false"},
	{"name_s": "/usr/share/swat/help/manpages/idmap_tdb2.8.html", "size_i": "3567", "regex": "false"},
	{"name_s": "/usr/share/swat/help/manpages/index.html", "size_i": "14353", "regex": "false"},
	{"name_s": "/usr/share/swat/help/manpages/libsmbclient.7.html", "size_i": "5165", "regex": "false"},
	{"name_s": "/usr/share/swat/help/manpages/lmhosts.5.html", "size_i": "4725", "regex": "false"},
	{"name_s": "/usr/share/swat/help/manpages/log2pcap.1.html", "size_i": "3946", "regex": "false"},
	{"name_s": "/usr/share/swat/help/manpages/net.8.html", "size_i": "77200", "regex": "false"},
	{"name_s": "/usr/share/swat/help/manpages/nmbd.8.html", "size_i": "14453", "regex": "false"},
	{"name_s": "/usr/share/swat/help/manpages/nmblookup.1.html", "size_i": "10832", "regex": "false"},
	{"name_s": "/usr/share/swat/help/manpages/ntlm_auth.1.html", "size_i": "17063", "regex": "false"},
	{"name_s": "/usr/share/swat/help/manpages/pam_winbind.8.html", "size_i": "8446", "regex": "false"},
	{"name_s": "/usr/share/swat/help/manpages/pam_winbind.conf.5.html", "size_i": "6547", "regex": "false"},
	{"name_s": "/usr/share/swat/help/manpages/pdbedit.8.html", "size_i": "17231", "regex": "false"},
	{"name_s": "/usr/share/swat/help/manpages/profiles.1.html", "size_i": "2195", "regex": "false"},
	{"name_s": "/usr/share/swat/help/manpages/rpcclient.1.html", "size_i": "23781", "regex": "false"},
	{"name_s": "/usr/share/swat/help/manpages/samba.7.html", "size_i": "14356", "regex": "false"},
	{"name_s": "/usr/share/swat/help/manpages/sharesec.1.html", "size_i": "8558", "regex": "false"},
	{"name_s": "/usr/share/swat/help/manpages/smb.conf.5.html", "size_i": "585022", "regex": "false"},
	{"name_s": "/usr/share/swat/help/manpages/smbcacls.1.html", "size_i": "12949", "regex": "false"},
	{"name_s": "/usr/share/swat/help/manpages/smbclient.1.html", "size_i": "48219", "regex": "false"},
	{"name_s": "/usr/share/swat/help/manpages/smbcontrol.1.html", "size_i": "10469", "regex": "false"},
	{"name_s": "/usr/share/swat/help/manpages/smbcquotas.1.html", "size_i": "8712", "regex": "false"},
	{"name_s": "/usr/share/swat/help/manpages/smbd.8.html", "size_i": "18806", "regex": "false"},
	{"name_s": "/usr/share/swat/help/manpages/smbget.1.html", "size_i": "5377", "regex": "false"},
	{"name_s": "/usr/share/swat/help/manpages/smbgetrc.5.html", "size_i": "3724", "regex": "false"},
	{"name_s": "/usr/share/swat/help/manpages/smbpasswd.5.html", "size_i": "8802", "regex": "false"},
	{"name_s": "/usr/share/swat/help/manpages/smbpasswd.8.html", "size_i": "17051", "regex": "false"},
	{"name_s": "/usr/share/swat/help/manpages/smbspool.8.html", "size_i": "4932", "regex": "false"},
	{"name_s": "/usr/share/swat/help/manpages/smbstatus.1.html", "size_i": "5578", "regex": "false"},
	{"name_s": "/usr/share/swat/help/manpages/smbta-util.8.html", "size_i": "3196", "regex": "false"},
	{"name_s": "/usr/share/swat/help/manpages/smbtar.1.html", "size_i": "6532", "regex": "false"},
	{"name_s": "/usr/share/swat/help/manpages/smbtree.1.html", "size_i": "6692", "regex": "false"},
	{"name_s": "/usr/share/swat/help/manpages/swat.8.html", "size_i": "10458", "regex": "false"},
	{"name_s": "/usr/share/swat/help/manpages/tdbbackup.8.html", "size_i": "3811", "regex": "false"},
	{"name_s": "/usr/share/swat/help/manpages/tdbdump.8.html", "size_i": "1777", "regex": "false"},
	{"name_s": "/usr/share/swat/help/manpages/tdbtool.8.html", "size_i": "5439", "regex": "false"},
	{"name_s": "/usr/share/swat/help/manpages/testparm.1.html", "size_i": "6894", "regex": "false"},
	{"name_s": "/usr/share/swat/help/manpages/vfs_acl_tdb.8.html", "size_i": "2312", "regex": "false"},
	{"name_s": "/usr/share/swat/help/manpages/vfs_acl_xattr.8.html", "size_i": "2717", "regex": "false"},
	{"name_s": "/usr/share/swat/help/manpages/vfs_aio_fork.8.html", "size_i": "2753", "regex": "false"},
	{"name_s": "/usr/share/swat/help/manpages/vfs_aio_pthread.8.html", "size_i": "4126", "regex": "false"},
	{"name_s": "/usr/share/swat/help/manpages/vfs_audit.8.html", "size_i": "3301", "regex": "false"},
	{"name_s": "/usr/share/swat/help/manpages/vfs_cacheprime.8.html", "size_i": "3614", "regex": "false"},
	{"name_s": "/usr/share/swat/help/manpages/vfs_cap.8.html", "size_i": "2295", "regex": "false"},
	{"name_s": "/usr/share/swat/help/manpages/vfs_catia.8.html", "size_i": "2094", "regex": "false"},
	{"name_s": "/usr/share/swat/help/manpages/vfs_commit.8.html", "size_i": "3417", "regex": "false"},
	{"name_s": "/usr/share/swat/help/manpages/vfs_crossrename.8.html", "size_i": "3185", "regex": "false"},
	{"name_s": "/usr/share/swat/help/manpages/vfs_default_quota.8.html", "size_i": "3708", "regex": "false"},
	{"name_s": "/usr/share/swat/help/manpages/vfs_dirsort.8.html", "size_i": "1951", "regex": "false"},
	{"name_s": "/usr/share/swat/help/manpages/vfs_extd_audit.8.html", "size_i": "2212", "regex": "false"},
	{"name_s": "/usr/share/swat/help/manpages/vfs_fake_perms.8.html", "size_i": "2239", "regex": "false"},
	{"name_s": "/usr/share/swat/help/manpages/vfs_fileid.8.html", "size_i": "3383", "regex": "false"},
	{"name_s": "/usr/share/swat/help/manpages/vfs_full_audit.8.html", "size_i": "8276", "regex": "false"},
	{"name_s": "/usr/share/swat/help/manpages/vfs_gpfs.8.html", "size_i": "11656", "regex": "false"},
	{"name_s": "/usr/share/swat/help/manpages/vfs_netatalk.8.html", "size_i": "2269", "regex": "false"},
	{"name_s": "/usr/share/swat/help/manpages/vfs_notify_fam.8.html", "size_i": "2026", "regex": "false"},
	{"name_s": "/usr/share/swat/help/manpages/vfs_prealloc.8.html", "size_i": "3285", "regex": "false"},
	{"name_s": "/usr/share/swat/help/manpages/vfs_preopen.8.html", "size_i": "3059", "regex": "false"},
	{"name_s": "/usr/share/swat/help/manpages/vfs_readahead.8.html", "size_i": "3488", "regex": "false"},
	{"name_s": "/usr/share/swat/help/manpages/vfs_readonly.8.html", "size_i": "3092", "regex": "false"},
	{"name_s": "/usr/share/swat/help/manpages/vfs_recycle.8.html", "size_i": "6006", "regex": "false"},
	{"name_s": "/usr/share/swat/help/manpages/vfs_scannedonly.8.html", "size_i": "7494", "regex": "false"},
	{"name_s": "/usr/share/swat/help/manpages/vfs_shadow_copy.8.html", "size_i": "4022", "regex": "false"},
	{"name_s": "/usr/share/swat/help/manpages/vfs_shadow_copy2.8.html", "size_i": "6909", "regex": "false"},
	{"name_s": "/usr/share/swat/help/manpages/vfs_smb_traffic_analyzer.8.html", "size_i": "11938", "regex": "false"},
	{"name_s": "/usr/share/swat/help/manpages/vfs_streams_depot.8.html", "size_i": "2266", "regex": "false"},
	{"name_s": "/usr/share/swat/help/manpages/vfs_streams_xattr.8.html", "size_i": "2277", "regex": "false"},
	{"name_s": "/usr/share/swat/help/manpages/vfs_time_audit.8.html", "size_i": "2878", "regex": "false"},
	{"name_s": "/usr/share/swat/help/manpages/vfs_xattr_tdb.8.html", "size_i": "1894", "regex": "false"},
	{"name_s": "/usr/share/swat/help/manpages/vfstest.1.html", "size_i": "8197", "regex": "false"},
	{"name_s": "/usr/share/swat/help/manpages/wbinfo.1.html", "size_i": "16016", "regex": "false"},
	{"name_s": "/usr/share/swat/help/manpages/winbind_krb5_locator.7.html", "size_i": "3121", "regex": "false"},
	{"name_s": "/usr/share/swat/help/manpages/winbindd.8.html", "size_i": "21197", "regex": "false"},
	{"name_s": "/usr/share/swat/help/welcome-no-samba-doc.html", "size_i": "118", "regex": "false"},
	{"name_s": "/usr/share/swat/help/welcome.html", "size_i": "4319", "regex": "false"},
	{"name_s": "/usr/share/swat/images", "size_i": "4096", "regex": "false"},
	{"name_s": "/usr/share/swat/images/globals.gif", "size_i": "2004", "regex": "false"},
	{"name_s": "/usr/share/swat/images/home.gif", "size_i": "2044", "regex": "false"},
	{"name_s": "/usr/share/swat/images/passwd.gif", "size_i": "1993", "regex": "false"},
	{"name_s": "/usr/share/swat/images/printers.gif", "size_i": "2077", "regex": "false"},
	{"name_s": "/usr/share/swat/images/samba.gif", "size_i": "3643", "regex": "false"},
	{"name_s": "/usr/share/swat/images/shares.gif", "size_i": "2006", "regex": "false"},
	{"name_s": "/usr/share/swat/images/status.gif", "size_i": "2080", "regex": "false"},
	{"name_s": "/usr/share/swat/images/viewconfig.gif", "size_i": "1939", "regex": "false"},
	{"name_s": "/usr/share/swat/images/wizard.gif", "size_i": "2554", "regex": "false"},
	{"name_s": "/usr/share/swat/include", "size_i": "4096", "regex": "false"},
	{"name_s": "/usr/share/swat/include/footer.html", "size_i": "44", "regex": "false"},
	{"name_s": "/usr/share/swat/include/header.html", "size_i": "365", "regex": "false"},
	{"name_s": "/usr/share/swat/js", "size_i": "4096", "regex": "false"},
	{"name_s": "/usr/share/swat/lang", "size_i": "4096", "regex": "false"},
	{"name_s": "/usr/share/swat/lang/ja", "size_i": "4096", "regex": "false"},
	{"name_s": "/usr/share/swat/lang/ja/help", "size_i": "4096", "regex": "false"},
	{"name_s": "/usr/share/swat/lang/ja/help/welcome.html", "size_i": "5099", "regex": "false"},
	{"name_s": "/usr/share/swat/lang/ja/images", "size_i": "4096", "regex": "false"},
	{"name_s": "/usr/share/swat/lang/ja/include", "size_i": "4096", "regex": "false"},
	{"name_s": "/usr/share/swat/lang/ja/js", "size_i": "4096", "regex": "false"},
	{"name_s": "/usr/share/swat/lang/tr", "size_i": "4096", "regex": "false"},
	{"name_s": "/usr/share/swat/lang/tr/help", "size_i": "4096", "regex": "false"},
	{"name_s": "/usr/share/swat/lang/tr/help/welcome.html", "size_i": "4303", "regex": "false"},
	{"name_s": "/usr/share/swat/lang/tr/images", "size_i": "4096", "regex": "false"},
	{"name_s": "/usr/share/swat/lang/tr/images/globals.gif", "size_i": "442", "regex": "false"},
	{"name_s": "/usr/share/swat/lang/tr/images/home.gif", "size_i": "608", "regex": "false"},
	{"name_s": "/usr/share/swat/lang/tr/images/passwd.gif", "size_i": "326", "regex": "false"},
	{"name_s": "/usr/share/swat/lang/tr/images/printers.gif", "size_i": "519", "regex": "false"},
	{"name_s": "/usr/share/swat/lang/tr/images/samba.gif", "size_i": "3643", "regex": "false"},
	{"name_s": "/usr/share/swat/lang/tr/images/shares.gif", "size_i": "474", "regex": "false"},
	{"name_s": "/usr/share/swat/lang/tr/images/status.gif", "size_i": "431", "regex": "false"},
	{"name_s": "/usr/share/swat/lang/tr/images/viewconfig.gif", "size_i": "455", "regex": "false"},
	{"name_s": "/usr/share/swat/lang/tr/include", "size_i": "4096", "regex": "false"},
	{"name_s": "/usr/share/swat/lang/tr/js", "size_i": "4096", "regex": "false"},
	{"name_s": "/usr/share/swat/using_samba", "size_i": "4096", "regex": "false"}
]
