[
	{"name_s": "/usr/lib/libsane.so.1", "size_i": "17", "regex": "false"},
	{"name_s": "/usr/lib/libsane.so.1.0.21", "size_i": "147364", "regex": "false"},
	{"name_s": "/usr/lib/sane", "size_i": "16384", "regex": "false"},
	{"name_s": "/usr/lib/sane/libsane-abaton.so", "size_i": "24", "regex": "false"},
	{"name_s": "/usr/lib/sane/libsane-abaton.so.1", "size_i": "24", "regex": "false"},
	{"name_s": "/usr/lib/sane/libsane-abaton.so.1.0.21", "size_i": "53032", "regex": "false"},
	{"name_s": "/usr/lib/sane/libsane-agfafocus.so", "size_i": "27", "regex": "false"},
	{"name_s": "/usr/lib/sane/libsane-agfafocus.so.1", "size_i": "27", "regex": "false"},
	{"name_s": "/usr/lib/sane/libsane-agfafocus.so.1.0.21", "size_i": "60696", "regex": "false"},
	{"name_s": "/usr/lib/sane/libsane-apple.so", "size_i": "23", "regex": "false"},
	{"name_s": "/usr/lib/sane/libsane-apple.so.1", "size_i": "23", "regex": "false"},
	{"name_s": "/usr/lib/sane/libsane-apple.so.1.0.21", "size_i": "65028", "regex": "false"},
	{"name_s": "/usr/lib/sane/libsane-artec.so", "size_i": "23", "regex": "false"},
	{"name_s": "/usr/lib/sane/libsane-artec.so.1", "size_i": "23", "regex": "false"},
	{"name_s": "/usr/lib/sane/libsane-artec.so.1.0.21", "size_i": "80544", "regex": "false"},
	{"name_s": "/usr/lib/sane/libsane-artec_eplus48u.so", "size_i": "32", "regex": "false"},
	{"name_s": "/usr/lib/sane/libsane-artec_eplus48u.so.1", "size_i": "32", "regex": "false"},
	{"name_s": "/usr/lib/sane/libsane-artec_eplus48u.so.1.0.21", "size_i": "93184", "regex": "false"},
	{"name_s": "/usr/lib/sane/libsane-as6e.so", "size_i": "22", "regex": "false"},
	{"name_s": "/usr/lib/sane/libsane-as6e.so.1", "size_i": "22", "regex": "false"},
	{"name_s": "/usr/lib/sane/libsane-as6e.so.1.0.21", "size_i": "27152", "regex": "false"},
	{"name_s": "/usr/lib/sane/libsane-avision.so", "size_i": "25", "regex": "false"},
	{"name_s": "/usr/lib/sane/libsane-avision.so.1", "size_i": "25", "regex": "false"},
	{"name_s": "/usr/lib/sane/libsane-avision.so.1.0.21", "size_i": "165224", "regex": "false"},
	{"name_s": "/usr/lib/sane/libsane-bh.so", "size_i": "20", "regex": "false"},
	{"name_s": "/usr/lib/sane/libsane-bh.so.1", "size_i": "20", "regex": "false"},
	{"name_s": "/usr/lib/sane/libsane-bh.so.1.0.21", "size_i": "85752", "regex": "false"},
	{"name_s": "/usr/lib/sane/libsane-canon.so", "size_i": "23", "regex": "false"},
	{"name_s": "/usr/lib/sane/libsane-canon.so.1", "size_i": "23", "regex": "false"},
	{"name_s": "/usr/lib/sane/libsane-canon.so.1.0.21", "size_i": "93500", "regex": "false"},
	{"name_s": "/usr/lib/sane/libsane-canon630u.so", "size_i": "27", "regex": "false"},
	{"name_s": "/usr/lib/sane/libsane-canon630u.so.1", "size_i": "27", "regex": "false"},
	{"name_s": "/usr/lib/sane/libsane-canon630u.so.1.0.21", "size_i": "66224", "regex": "false"},
	{"name_s": "/usr/lib/sane/libsane-canon_dr.so", "size_i": "26", "regex": "false"},
	{"name_s": "/usr/lib/sane/libsane-canon_dr.so.1", "size_i": "26", "regex": "false"},
	{"name_s": "/usr/lib/sane/libsane-canon_dr.so.1.0.21", "size_i": "144308", "regex": "false"},
	{"name_s": "/usr/lib/sane/libsane-canon_pp.so", "size_i": "26", "regex": "false"},
	{"name_s": "/usr/lib/sane/libsane-canon_pp.so.1", "size_i": "26", "regex": "false"},
	{"name_s": "/usr/lib/sane/libsane-canon_pp.so.1.0.21", "size_i": "56964", "regex": "false"},
	{"name_s": "/usr/lib/sane/libsane-cardscan.so", "size_i": "26", "regex": "false"},
	{"name_s": "/usr/lib/sane/libsane-cardscan.so.1", "size_i": "26", "regex": "false"},
	{"name_s": "/usr/lib/sane/libsane-cardscan.so.1.0.21", "size_i": "59368", "regex": "false"},
	{"name_s": "/usr/lib/sane/libsane-coolscan.so", "size_i": "26", "regex": "false"},
	{"name_s": "/usr/lib/sane/libsane-coolscan.so.1", "size_i": "26", "regex": "false"},
	{"name_s": "/usr/lib/sane/libsane-coolscan.so.1.0.21", "size_i": "107600", "regex": "false"},
	{"name_s": "/usr/lib/sane/libsane-coolscan2.so", "size_i": "27", "regex": "false"},
	{"name_s": "/usr/lib/sane/libsane-coolscan2.so.1", "size_i": "27", "regex": "false"},
	{"name_s": "/usr/lib/sane/libsane-coolscan2.so.1.0.21", "size_i": "90824", "regex": "false"},
	{"name_s": "/usr/lib/sane/libsane-coolscan3.so", "size_i": "27", "regex": "false"},
	{"name_s": "/usr/lib/sane/libsane-coolscan3.so.1", "size_i": "27", "regex": "false"},
	{"name_s": "/usr/lib/sane/libsane-coolscan3.so.1.0.21", "size_i": "93576", "regex": "false"},
	{"name_s": "/usr/lib/sane/libsane-dc210.so", "size_i": "23", "regex": "false"},
	{"name_s": "/usr/lib/sane/libsane-dc210.so.1", "size_i": "23", "regex": "false"},
	{"name_s": "/usr/lib/sane/libsane-dc210.so.1.0.21", "size_i": "31860", "regex": "false"},
	{"name_s": "/usr/lib/sane/libsane-dc240.so", "size_i": "23", "regex": "false"},
	{"name_s": "/usr/lib/sane/libsane-dc240.so.1", "size_i": "23", "regex": "false"},
	{"name_s": "/usr/lib/sane/libsane-dc240.so.1.0.21", "size_i": "39356", "regex": "false"},
	{"name_s": "/usr/lib/sane/libsane-dc25.so", "size_i": "22", "regex": "false"},
	{"name_s": "/usr/lib/sane/libsane-dc25.so.1", "size_i": "22", "regex": "false"},
	{"name_s": "/usr/lib/sane/libsane-dc25.so.1.0.21", "size_i": "40544", "regex": "false"},
	{"name_s": "/usr/lib/sane/libsane-dell1600n_net.so", "size_i": "31", "regex": "false"},
	{"name_s": "/usr/lib/sane/libsane-dell1600n_net.so.1", "size_i": "31", "regex": "false"},
	{"name_s": "/usr/lib/sane/libsane-dell1600n_net.so.1.0.21", "size_i": "37140", "regex": "false"},
	{"name_s": "/usr/lib/sane/libsane-dll.so", "size_i": "21", "regex": "false"},
	{"name_s": "/usr/lib/sane/libsane-dll.so.1", "size_i": "21", "regex": "false"},
	{"name_s": "/usr/lib/sane/libsane-dll.so.1.0.21", "size_i": "26472", "regex": "false"},
	{"name_s": "/usr/lib/sane/libsane-dmc.so", "size_i": "21", "regex": "false"},
	{"name_s": "/usr/lib/sane/libsane-dmc.so.1", "size_i": "21", "regex": "false"},
	{"name_s": "/usr/lib/sane/libsane-dmc.so.1.0.21", "size_i": "50120", "regex": "false"},
	{"name_s": "/usr/lib/sane/libsane-epjitsu.so", "size_i": "25", "regex": "false"},
	{"name_s": "/usr/lib/sane/libsane-epjitsu.so.1", "size_i": "25", "regex": "false"},
	{"name_s": "/usr/lib/sane/libsane-epjitsu.so.1.0.21", "size_i": "87248", "regex": "false"},
	{"name_s": "/usr/lib/sane/libsane-epson.so", "size_i": "23", "regex": "false"},
	{"name_s": "/usr/lib/sane/libsane-epson.so.1", "size_i": "23", "regex": "false"},
	{"name_s": "/usr/lib/sane/libsane-epson.so.1.0.21", "size_i": "122824", "regex": "false"},
	{"name_s": "/usr/lib/sane/libsane-epson2.so", "size_i": "24", "regex": "false"},
	{"name_s": "/usr/lib/sane/libsane-epson2.so.1", "size_i": "24", "regex": "false"},
	{"name_s": "/usr/lib/sane/libsane-epson2.so.1.0.21", "size_i": "177296", "regex": "false"},
	{"name_s": "/usr/lib/sane/libsane-fujitsu.so", "size_i": "25", "regex": "false"},
	{"name_s": "/usr/lib/sane/libsane-fujitsu.so.1", "size_i": "25", "regex": "false"},
	{"name_s": "/usr/lib/sane/libsane-fujitsu.so.1.0.21", "size_i": "169744", "regex": "false"},
	{"name_s": "/usr/lib/sane/libsane-genesys.so", "size_i": "25", "regex": "false"},
	{"name_s": "/usr/lib/sane/libsane-genesys.so.1", "size_i": "25", "regex": "false"},
	{"name_s": "/usr/lib/sane/libsane-genesys.so.1.0.21", "size_i": "253276", "regex": "false"},
	{"name_s": "/usr/lib/sane/libsane-gt68xx.so", "size_i": "24", "regex": "false"},
	{"name_s": "/usr/lib/sane/libsane-gt68xx.so.1", "size_i": "24", "regex": "false"},
	{"name_s": "/usr/lib/sane/libsane-gt68xx.so.1.0.21", "size_i": "164712", "regex": "false"},
	{"name_s": "/usr/lib/sane/libsane-hp.so", "size_i": "20", "regex": "false"},
	{"name_s": "/usr/lib/sane/libsane-hp.so.1", "size_i": "20", "regex": "false"},
	{"name_s": "/usr/lib/sane/libsane-hp.so.1.0.21", "size_i": "181976", "regex": "false"},
	{"name_s": "/usr/lib/sane/libsane-hp3500.so", "size_i": "24", "regex": "false"},
	{"name_s": "/usr/lib/sane/libsane-hp3500.so.1", "size_i": "24", "regex": "false"},
	{"name_s": "/usr/lib/sane/libsane-hp3500.so.1.0.21", "size_i": "72080", "regex": "false"},
	{"name_s": "/usr/lib/sane/libsane-hp3900.so", "size_i": "24", "regex": "false"},
	{"name_s": "/usr/lib/sane/libsane-hp3900.so.1", "size_i": "24", "regex": "false"},
	{"name_s": "/usr/lib/sane/libsane-hp3900.so.1.0.21", "size_i": "420044", "regex": "false"},
	{"name_s": "/usr/lib/sane/libsane-hp4200.so", "size_i": "24", "regex": "false"},
	{"name_s": "/usr/lib/sane/libsane-hp4200.so.1", "size_i": "24", "regex": "false"},
	{"name_s": "/usr/lib/sane/libsane-hp4200.so.1.0.21", "size_i": "68208", "regex": "false"},
	{"name_s": "/usr/lib/sane/libsane-hp5400.so", "size_i": "24", "regex": "false"},
	{"name_s": "/usr/lib/sane/libsane-hp5400.so.1", "size_i": "24", "regex": "false"},
	{"name_s": "/usr/lib/sane/libsane-hp5400.so.1.0.21", "size_i": "58736", "regex": "false"},
	{"name_s": "/usr/lib/sane/libsane-hp5590.so", "size_i": "24", "regex": "false"},
	{"name_s": "/usr/lib/sane/libsane-hp5590.so.1", "size_i": "24", "regex": "false"},
	{"name_s": "/usr/lib/sane/libsane-hp5590.so.1.0.21", "size_i": "75272", "regex": "false"},
	{"name_s": "/usr/lib/sane/libsane-hpljm1005.so", "size_i": "27", "regex": "false"},
	{"name_s": "/usr/lib/sane/libsane-hpljm1005.so.1", "size_i": "27", "regex": "false"},
	{"name_s": "/usr/lib/sane/libsane-hpljm1005.so.1.0.21", "size_i": "51408", "regex": "false"},
	{"name_s": "/usr/lib/sane/libsane-hpsj5s.so", "size_i": "24", "regex": "false"},
	{"name_s": "/usr/lib/sane/libsane-hpsj5s.so.1", "size_i": "24", "regex": "false"},
	{"name_s": "/usr/lib/sane/libsane-hpsj5s.so.1.0.21", "size_i": "34876", "regex": "false"},
	{"name_s": "/usr/lib/sane/libsane-hs2p.so", "size_i": "22", "regex": "false"},
	{"name_s": "/usr/lib/sane/libsane-hs2p.so.1", "size_i": "22", "regex": "false"},
	{"name_s": "/usr/lib/sane/libsane-hs2p.so.1.0.21", "size_i": "110492", "regex": "false"},
	{"name_s": "/usr/lib/sane/libsane-ibm.so", "size_i": "21", "regex": "false"},
	{"name_s": "/usr/lib/sane/libsane-ibm.so.1", "size_i": "21", "regex": "false"},
	{"name_s": "/usr/lib/sane/libsane-ibm.so.1.0.21", "size_i": "55712", "regex": "false"},
	{"name_s": "/usr/lib/sane/libsane-kodak.so", "size_i": "23", "regex": "false"},
	{"name_s": "/usr/lib/sane/libsane-kodak.so.1", "size_i": "23", "regex": "false"},
	{"name_s": "/usr/lib/sane/libsane-kodak.so.1.0.21", "size_i": "70520", "regex": "false"},
	{"name_s": "/usr/lib/sane/libsane-kvs1025.so", "size_i": "25", "regex": "false"},
	{"name_s": "/usr/lib/sane/libsane-kvs1025.so.1", "size_i": "25", "regex": "false"},
	{"name_s": "/usr/lib/sane/libsane-kvs1025.so.1.0.21", "size_i": "76800", "regex": "false"},
	{"name_s": "/usr/lib/sane/libsane-leo.so", "size_i": "21", "regex": "false"},
	{"name_s": "/usr/lib/sane/libsane-leo.so.1", "size_i": "21", "regex": "false"},
	{"name_s": "/usr/lib/sane/libsane-leo.so.1.0.21", "size_i": "59740", "regex": "false"},
	{"name_s": "/usr/lib/sane/libsane-lexmark.so", "size_i": "25", "regex": "false"},
	{"name_s": "/usr/lib/sane/libsane-lexmark.so.1", "size_i": "25", "regex": "false"},
	{"name_s": "/usr/lib/sane/libsane-lexmark.so.1.0.21", "size_i": "89688", "regex": "false"},
	{"name_s": "/usr/lib/sane/libsane-ma1509.so", "size_i": "24", "regex": "false"},
	{"name_s": "/usr/lib/sane/libsane-ma1509.so.1", "size_i": "24", "regex": "false"},
	{"name_s": "/usr/lib/sane/libsane-ma1509.so.1.0.21", "size_i": "63948", "regex": "false"},
	{"name_s": "/usr/lib/sane/libsane-matsushita.so", "size_i": "28", "regex": "false"},
	{"name_s": "/usr/lib/sane/libsane-matsushita.so.1", "size_i": "28", "regex": "false"},
	{"name_s": "/usr/lib/sane/libsane-matsushita.so.1.0.21", "size_i": "61840", "regex": "false"},
	{"name_s": "/usr/lib/sane/libsane-microtek.so", "size_i": "26", "regex": "false"},
	{"name_s": "/usr/lib/sane/libsane-microtek.so.1", "size_i": "26", "regex": "false"},
	{"name_s": "/usr/lib/sane/libsane-microtek.so.1.0.21", "size_i": "92624", "regex": "false"},
	{"name_s": "/usr/lib/sane/libsane-microtek2.so", "size_i": "27", "regex": "false"},
	{"name_s": "/usr/lib/sane/libsane-microtek2.so.1", "size_i": "27", "regex": "false"},
	{"name_s": "/usr/lib/sane/libsane-microtek2.so.1.0.21", "size_i": "135944", "regex": "false"},
	{"name_s": "/usr/lib/sane/libsane-mustek.so", "size_i": "24", "regex": "false"},
	{"name_s": "/usr/lib/sane/libsane-mustek.so.1", "size_i": "24", "regex": "false"},
	{"name_s": "/usr/lib/sane/libsane-mustek.so.1.0.21", "size_i": "164188", "regex": "false"},
	{"name_s": "/usr/lib/sane/libsane-mustek_pp.so", "size_i": "27", "regex": "false"},
	{"name_s": "/usr/lib/sane/libsane-mustek_pp.so.1", "size_i": "27", "regex": "false"},
	{"name_s": "/usr/lib/sane/libsane-mustek_pp.so.1.0.21", "size_i": "101916", "regex": "false"},
	{"name_s": "/usr/lib/sane/libsane-mustek_usb.so", "size_i": "28", "regex": "false"},
	{"name_s": "/usr/lib/sane/libsane-mustek_usb.so.1", "size_i": "28", "regex": "false"},
	{"name_s": "/usr/lib/sane/libsane-mustek_usb.so.1.0.21", "size_i": "167980", "regex": "false"},
	{"name_s": "/usr/lib/sane/libsane-nec.so", "size_i": "21", "regex": "false"},
	{"name_s": "/usr/lib/sane/libsane-nec.so.1", "size_i": "21", "regex": "false"},
	{"name_s": "/usr/lib/sane/libsane-nec.so.1.0.21", "size_i": "72152", "regex": "false"},
	{"name_s": "/usr/lib/sane/libsane-net.so", "size_i": "21", "regex": "false"},
	{"name_s": "/usr/lib/sane/libsane-net.so.1", "size_i": "21", "regex": "false"},
	{"name_s": "/usr/lib/sane/libsane-net.so.1.0.21", "size_i": "55324", "regex": "false"},
	{"name_s": "/usr/lib/sane/libsane-niash.so", "size_i": "23", "regex": "false"},
	{"name_s": "/usr/lib/sane/libsane-niash.so.1", "size_i": "23", "regex": "false"},
	{"name_s": "/usr/lib/sane/libsane-niash.so.1.0.21", "size_i": "65172", "regex": "false"},
	{"name_s": "/usr/lib/sane/libsane-p5.so", "size_i": "20", "regex": "false"},
	{"name_s": "/usr/lib/sane/libsane-p5.so.1", "size_i": "20", "regex": "false"},
	{"name_s": "/usr/lib/sane/libsane-p5.so.1.0.21", "size_i": "49464", "regex": "false"},
	{"name_s": "/usr/lib/sane/libsane-pie.so", "size_i": "21", "regex": "false"},
	{"name_s": "/usr/lib/sane/libsane-pie.so.1", "size_i": "21", "regex": "false"},
	{"name_s": "/usr/lib/sane/libsane-pie.so.1.0.21", "size_i": "80760", "regex": "false"},
	{"name_s": "/usr/lib/sane/libsane-pixma.so", "size_i": "23", "regex": "false"},
	{"name_s": "/usr/lib/sane/libsane-pixma.so.1", "size_i": "23", "regex": "false"},
	{"name_s": "/usr/lib/sane/libsane-pixma.so.1.0.21", "size_i": "129876", "regex": "false"},
	{"name_s": "/usr/lib/sane/libsane-plustek.so", "size_i": "25", "regex": "false"},
	{"name_s": "/usr/lib/sane/libsane-plustek.so.1", "size_i": "25", "regex": "false"},
	{"name_s": "/usr/lib/sane/libsane-plustek.so.1.0.21", "size_i": "222520", "regex": "false"},
	{"name_s": "/usr/lib/sane/libsane-plustek_pp.so", "size_i": "28", "regex": "false"},
	{"name_s": "/usr/lib/sane/libsane-plustek_pp.so.1", "size_i": "28", "regex": "false"},
	{"name_s": "/usr/lib/sane/libsane-plustek_pp.so.1.0.21", "size_i": "187024", "regex": "false"},
	{"name_s": "/usr/lib/sane/libsane-qcam.so", "size_i": "22", "regex": "false"},
	{"name_s": "/usr/lib/sane/libsane-qcam.so.1", "size_i": "22", "regex": "false"},
	{"name_s": "/usr/lib/sane/libsane-qcam.so.1.0.21", "size_i": "47052", "regex": "false"},
	{"name_s": "/usr/lib/sane/libsane-ricoh.so", "size_i": "23", "regex": "false"},
	{"name_s": "/usr/lib/sane/libsane-ricoh.so.1", "size_i": "23", "regex": "false"},
	{"name_s": "/usr/lib/sane/libsane-ricoh.so.1.0.21", "size_i": "53364", "regex": "false"},
	{"name_s": "/usr/lib/sane/libsane-rts8891.so", "size_i": "25", "regex": "false"},
	{"name_s": "/usr/lib/sane/libsane-rts8891.so.1", "size_i": "25", "regex": "false"},
	{"name_s": "/usr/lib/sane/libsane-rts8891.so.1.0.21", "size_i": "153436", "regex": "false"},
	{"name_s": "/usr/lib/sane/libsane-s9036.so", "size_i": "23", "regex": "false"},
	{"name_s": "/usr/lib/sane/libsane-s9036.so.1", "size_i": "23", "regex": "false"},
	{"name_s": "/usr/lib/sane/libsane-s9036.so.1.0.21", "size_i": "50120", "regex": "false"},
	{"name_s": "/usr/lib/sane/libsane-sceptre.so", "size_i": "25", "regex": "false"},
	{"name_s": "/usr/lib/sane/libsane-sceptre.so.1", "size_i": "25", "regex": "false"},
	{"name_s": "/usr/lib/sane/libsane-sceptre.so.1.0.21", "size_i": "57464", "regex": "false"},
	{"name_s": "/usr/lib/sane/libsane-sharp.so", "size_i": "23", "regex": "false"},
	{"name_s": "/usr/lib/sane/libsane-sharp.so.1", "size_i": "23", "regex": "false"},
	{"name_s": "/usr/lib/sane/libsane-sharp.so.1.0.21", "size_i": "80788", "regex": "false"},
	{"name_s": "/usr/lib/sane/libsane-sm3600.so", "size_i": "24", "regex": "false"},
	{"name_s": "/usr/lib/sane/libsane-sm3600.so.1", "size_i": "24", "regex": "false"},
	{"name_s": "/usr/lib/sane/libsane-sm3600.so.1.0.21", "size_i": "64148", "regex": "false"},
	{"name_s": "/usr/lib/sane/libsane-sm3840.so", "size_i": "24", "regex": "false"},
	{"name_s": "/usr/lib/sane/libsane-sm3840.so.1", "size_i": "24", "regex": "false"},
	{"name_s": "/usr/lib/sane/libsane-sm3840.so.1.0.21", "size_i": "88044", "regex": "false"},
	{"name_s": "/usr/lib/sane/libsane-snapscan.so", "size_i": "26", "regex": "false"},
	{"name_s": "/usr/lib/sane/libsane-snapscan.so.1", "size_i": "26", "regex": "false"},
	{"name_s": "/usr/lib/sane/libsane-snapscan.so.1.0.21", "size_i": "201140", "regex": "false"},
	{"name_s": "/usr/lib/sane/libsane-sp15c.so", "size_i": "23", "regex": "false"},
	{"name_s": "/usr/lib/sane/libsane-sp15c.so.1", "size_i": "23", "regex": "false"},
	{"name_s": "/usr/lib/sane/libsane-sp15c.so.1.0.21", "size_i": "63872", "regex": "false"},
	{"name_s": "/usr/lib/sane/libsane-st400.so", "size_i": "23", "regex": "false"},
	{"name_s": "/usr/lib/sane/libsane-st400.so.1", "size_i": "23", "regex": "false"},
	{"name_s": "/usr/lib/sane/libsane-st400.so.1.0.21", "size_i": "52280", "regex": "false"},
	{"name_s": "/usr/lib/sane/libsane-stv680.so", "size_i": "24", "regex": "false"},
	{"name_s": "/usr/lib/sane/libsane-stv680.so.1", "size_i": "24", "regex": "false"},
	{"name_s": "/usr/lib/sane/libsane-stv680.so.1.0.21", "size_i": "68060", "regex": "false"},
	{"name_s": "/usr/lib/sane/libsane-tamarack.so", "size_i": "26", "regex": "false"},
	{"name_s": "/usr/lib/sane/libsane-tamarack.so.1", "size_i": "26", "regex": "false"},
	{"name_s": "/usr/lib/sane/libsane-tamarack.so.1.0.21", "size_i": "53468", "regex": "false"},
	{"name_s": "/usr/lib/sane/libsane-teco1.so", "size_i": "23", "regex": "false"},
	{"name_s": "/usr/lib/sane/libsane-teco1.so.1", "size_i": "23", "regex": "false"},
	{"name_s": "/usr/lib/sane/libsane-teco1.so.1.0.21", "size_i": "58272", "regex": "false"},
	{"name_s": "/usr/lib/sane/libsane-teco2.so", "size_i": "23", "regex": "false"},
	{"name_s": "/usr/lib/sane/libsane-teco2.so.1", "size_i": "23", "regex": "false"},
	{"name_s": "/usr/lib/sane/libsane-teco2.so.1.0.21", "size_i": "68688", "regex": "false"},
	{"name_s": "/usr/lib/sane/libsane-teco3.so", "size_i": "23", "regex": "false"},
	{"name_s": "/usr/lib/sane/libsane-teco3.so.1", "size_i": "23", "regex": "false"},
	{"name_s": "/usr/lib/sane/libsane-teco3.so.1.0.21", "size_i": "59648", "regex": "false"},
	{"name_s": "/usr/lib/sane/libsane-test.so", "size_i": "22", "regex": "false"},
	{"name_s": "/usr/lib/sane/libsane-test.so.1", "size_i": "22", "regex": "false"},
	{"name_s": "/usr/lib/sane/libsane-test.so.1.0.21", "size_i": "65508", "regex": "false"},
	{"name_s": "/usr/lib/sane/libsane-u12.so", "size_i": "21", "regex": "false"},
	{"name_s": "/usr/lib/sane/libsane-u12.so.1", "size_i": "21", "regex": "false"},
	{"name_s": "/usr/lib/sane/libsane-u12.so.1.0.21", "size_i": "115188", "regex": "false"},
	{"name_s": "/usr/lib/sane/libsane-umax.so", "size_i": "22", "regex": "false"},
	{"name_s": "/usr/lib/sane/libsane-umax.so.1", "size_i": "22", "regex": "false"},
	{"name_s": "/usr/lib/sane/libsane-umax.so.1.0.21", "size_i": "168704", "regex": "false"},
	{"name_s": "/usr/lib/sane/libsane-umax1220u.so", "size_i": "27", "regex": "false"},
	{"name_s": "/usr/lib/sane/libsane-umax1220u.so.1", "size_i": "27", "regex": "false"},
	{"name_s": "/usr/lib/sane/libsane-umax1220u.so.1.0.21", "size_i": "85648", "regex": "false"},
	{"name_s": "/usr/lib/sane/libsane-umax_pp.so", "size_i": "25", "regex": "false"},
	{"name_s": "/usr/lib/sane/libsane-umax_pp.so.1", "size_i": "25", "regex": "false"},
	{"name_s": "/usr/lib/sane/libsane-umax_pp.so.1.0.21", "size_i": "224780", "regex": "false"},
	{"name_s": "/usr/lib/sane/libsane-v4l.so", "size_i": "21", "regex": "false"},
	{"name_s": "/usr/lib/sane/libsane-v4l.so.1", "size_i": "21", "regex": "false"},
	{"name_s": "/usr/lib/sane/libsane-v4l.so.1.0.21", "size_i": "30796", "regex": "false"},
	{"name_s": "/usr/lib/sane/libsane-xerox_mfp.so", "size_i": "27", "regex": "false"},
	{"name_s": "/usr/lib/sane/libsane-xerox_mfp.so.1", "size_i": "27", "regex": "false"},
	{"name_s": "/usr/lib/sane/libsane-xerox_mfp.so.1.0.21", "size_i": "63516", "regex": "false"}
]
