[
	{"name_s": "/usr/include/gather", "size_i": "4096", "regex": "false"},
	{"name_s": "/usr/include/gather/cimplug.h", "size_i": "2094", "regex": "false"},
	{"name_s": "/usr/include/gather/commheap.h", "size_i": "766", "regex": "false"},
	{"name_s": "/usr/include/gather/commutil.h", "size_i": "785", "regex": "false"},
	{"name_s": "/usr/include/gather/gather-config-i386.h", "size_i": "8150", "regex": "false"},
	{"name_s": "/usr/include/gather/gather-config.h", "size_i": "1061", "regex": "false"},
	{"name_s": "/usr/include/gather/gather.h", "size_i": "1372", "regex": "false"},
	{"name_s": "/usr/include/gather/metric.h", "size_i": "5861", "regex": "false"},
	{"name_s": "/usr/include/gather/mplugin.h", "size_i": "1142", "regex": "false"},
	{"name_s": "/usr/include/gather/mrepos.h", "size_i": "2359", "regex": "false"},
	{"name_s": "/usr/include/gather/repos.h", "size_i": "3254", "regex": "false"},
	{"name_s": "/usr/include/gather/rrepos.h", "size_i": "2963", "regex": "false"},
	{"name_s": "/usr/lib/libchannelutil.so", "size_i": "23", "regex": "false"},
	{"name_s": "/usr/lib/libgather.so", "size_i": "18", "regex": "false"},
	{"name_s": "/usr/lib/libgatherutil.so", "size_i": "22", "regex": "false"},
	{"name_s": "/usr/lib/libhypfs.so", "size_i": "17", "regex": "false"},
	{"name_s": "/usr/lib/liblparutil.so", "size_i": "20", "regex": "false"},
	{"name_s": "/usr/lib/libmcserv.so", "size_i": "18", "regex": "false"},
	{"name_s": "/usr/lib/librcserv.so", "size_i": "18", "regex": "false"},
	{"name_s": "/usr/lib/librepos.so", "size_i": "17", "regex": "false"},
	{"name_s": "/usr/lib/librgather.so", "size_i": "19", "regex": "false"},
	{"name_s": "/usr/lib/librrepos.so", "size_i": "18", "regex": "false"},
	{"name_s": "/usr/lib/libsysfswrapper.so", "size_i": "24", "regex": "false"}
]
