[
	{"name_s": "/etc/ld.so.conf.d/sblim-cmpi-nfsv4-i386.conf", "size_i": "14", "regex": "false"},
	{"name_s": "/usr/lib/cmpi", "size_i": "4096", "regex": "false"},
	{"name_s": "/usr/lib/cmpi/libLinux_NFSv4SettingContext.so", "size_i": "16188", "regex": "false"},
	{"name_s": "/usr/lib/cmpi/libLinux_NFSv4SystemConfiguration.so", "size_i": "6240", "regex": "false"},
	{"name_s": "/usr/lib/cmpi/libLinux_NFSv4SystemConfigurationUtil.so", "size_i": "55304", "regex": "false"},
	{"name_s": "/usr/lib/cmpi/libLinux_NFSv4SystemSetting.so", "size_i": "12476", "regex": "false"},
	{"name_s": "/usr/share/doc/sblim-cmpi-nfsv4-1.1.0", "size_i": "4096", "regex": "false"},
	{"name_s": "/usr/share/doc/sblim-cmpi-nfsv4-1.1.0/AUTHORS", "size_i": "96", "regex": "false"},
	{"name_s": "/usr/share/doc/sblim-cmpi-nfsv4-1.1.0/COPYING", "size_i": "11249", "regex": "false"},
	{"name_s": "/usr/share/doc/sblim-cmpi-nfsv4-1.1.0/DEBUG", "size_i": "250", "regex": "false"},
	{"name_s": "/usr/share/doc/sblim-cmpi-nfsv4-1.1.0/README", "size_i": "8366", "regex": "false"},
	{"name_s": "/usr/share/doc/sblim-cmpi-nfsv4-1.1.0/README.TEST", "size_i": "718", "regex": "false"},
	{"name_s": "/usr/share/doc/sblim-cmpi-nfsv4-1.1.0/README.tog-pegasus", "size_i": "1956", "regex": "false"},
	{"name_s": "/usr/share/sblim-cmpi-nfsv4", "size_i": "4096", "regex": "false"},
	{"name_s": "/usr/share/sblim-cmpi-nfsv4/Linux_NFSv4SystemConfiguration.mof", "size_i": "3541", "regex": "false"},
	{"name_s": "/usr/share/sblim-cmpi-nfsv4/Linux_NFSv4SystemConfiguration.registration", "size_i": "287", "regex": "false"},
	{"name_s": "/usr/share/sblim-cmpi-nfsv4/Linux_NFSv4SystemSetting.mof", "size_i": "4407", "regex": "false"},
	{"name_s": "/usr/share/sblim-cmpi-nfsv4/Linux_NFSv4SystemSetting.registration", "size_i": "159", "regex": "false"},
	{"name_s": "/usr/share/sblim-cmpi-nfsv4/provider-register.sh", "size_i": "14955", "regex": "false"}
]
