[
	{"name_s": "/usr/bin/sdl-config", "size_i": "1145", "regex": "false"},
	{"name_s": "/usr/include/SDL", "size_i": "4096", "regex": "false"},
	{"name_s": "/usr/include/SDL/SDL.h", "size_i": "3233", "regex": "false"},
	{"name_s": "/usr/include/SDL/SDL_active.h", "size_i": "1933", "regex": "false"},
	{"name_s": "/usr/include/SDL/SDL_audio.h", "size_i": "11215", "regex": "false"},
	{"name_s": "/usr/include/SDL/SDL_byteorder.h", "size_i": "986", "regex": "false"},
	{"name_s": "/usr/include/SDL/SDL_cdrom.h", "size_i": "6048", "regex": "false"},
	{"name_s": "/usr/include/SDL/SDL_config-i386.h", "size_i": "9113", "regex": "false"},
	{"name_s": "/usr/include/SDL/SDL_config.h", "size_i": "2122", "regex": "false"},
	{"name_s": "/usr/include/SDL/SDL_cpuinfo.h", "size_i": "2221", "regex": "false"},
	{"name_s": "/usr/include/SDL/SDL_endian.h", "size_i": "5993", "regex": "false"},
	{"name_s": "/usr/include/SDL/SDL_error.h", "size_i": "1874", "regex": "false"},
	{"name_s": "/usr/include/SDL/SDL_events.h", "size_i": "13041", "regex": "false"},
	{"name_s": "/usr/include/SDL/SDL_getenv.h", "size_i": "979", "regex": "false"},
	{"name_s": "/usr/include/SDL/SDL_joystick.h", "size_i": "5532", "regex": "false"},
	{"name_s": "/usr/include/SDL/SDL_keyboard.h", "size_i": "4098", "regex": "false"},
	{"name_s": "/usr/include/SDL/SDL_keysym.h", "size_i": "7492", "regex": "false"},
	{"name_s": "/usr/include/SDL/SDL_loadso.h", "size_i": "2739", "regex": "false"},
	{"name_s": "/usr/include/SDL/SDL_main.h", "size_i": "2866", "regex": "false"},
	{"name_s": "/usr/include/SDL/SDL_mouse.h", "size_i": "4754", "regex": "false"},
	{"name_s": "/usr/include/SDL/SDL_mutex.h", "size_i": "5860", "regex": "false"},
	{"name_s": "/usr/include/SDL/SDL_name.h", "size_i": "183", "regex": "false"},
	{"name_s": "/usr/include/SDL/SDL_opengl.h", "size_i": "336292", "regex": "false"},
	{"name_s": "/usr/include/SDL/SDL_platform.h", "size_i": "2708", "regex": "false"},
	{"name_s": "/usr/include/SDL/SDL_quit.h", "size_i": "2009", "regex": "false"},
	{"name_s": "/usr/include/SDL/SDL_rwops.h", "size_i": "4958", "regex": "false"},
	{"name_s": "/usr/include/SDL/SDL_stdinc.h", "size_i": "16473", "regex": "false"},
	{"name_s": "/usr/include/SDL/SDL_syswm.h", "size_i": "6266", "regex": "false"},
	{"name_s": "/usr/include/SDL/SDL_thread.h", "size_i": "4494", "regex": "false"},
	{"name_s": "/usr/include/SDL/SDL_timer.h", "size_i": "4527", "regex": "false"},
	{"name_s": "/usr/include/SDL/SDL_types.h", "size_i": "979", "regex": "false"},
	{"name_s": "/usr/include/SDL/SDL_version.h", "size_i": "2637", "regex": "false"},
	{"name_s": "/usr/include/SDL/SDL_video.h", "size_i": "38018", "regex": "false"},
	{"name_s": "/usr/include/SDL/begin_code.h", "size_i": "5128", "regex": "false"},
	{"name_s": "/usr/include/SDL/close_code.h", "size_i": "1482", "regex": "false"},
	{"name_s": "/usr/lib/libSDL.so", "size_i": "20", "regex": "false"},
	{"name_s": "/usr/lib/pkgconfig/sdl.pc", "size_i": "492", "regex": "false"},
	{"name_s": "/usr/share/aclocal/sdl.m4", "size_i": "6498", "regex": "false"},
	{"name_s": "/usr/share/doc/SDL-devel-1.2.14", "size_i": "4096", "regex": "false"},
	{"name_s": "/usr/share/doc/SDL-devel-1.2.14/README", "size_i": "1864", "regex": "false"},
	{"name_s": "/usr/share/doc/SDL-devel-1.2.14/WhatsNew", "size_i": "27856", "regex": "false"},
	{"name_s": "/usr/share/doc/SDL-devel-1.2.14/docs.html", "size_i": "18336", "regex": "false"},
	{"name_s": "/usr/share/doc/SDL-devel-1.2.14/html", "size_i": "12288", "regex": "false"},
	{"name_s": "/usr/share/doc/SDL-devel-1.2.14/html/audio.html", "size_i": "4286", "regex": "false"},
	{"name_s": "/usr/share/doc/SDL-devel-1.2.14/html/cdrom.html", "size_i": "4633", "regex": "false"},
	{"name_s": "/usr/share/doc/SDL-devel-1.2.14/html/event.html", "size_i": "3266", "regex": "false"},
	{"name_s": "/usr/share/doc/SDL-devel-1.2.14/html/eventfunctions.html", "size_i": "7239", "regex": "false"},
	{"name_s": "/usr/share/doc/SDL-devel-1.2.14/html/eventstructures.html", "size_i": "3534", "regex": "false"},
	{"name_s": "/usr/share/doc/SDL-devel-1.2.14/html/general.html", "size_i": "3392", "regex": "false"},
	{"name_s": "/usr/share/doc/SDL-devel-1.2.14/html/guide.html", "size_i": "2106", "regex": "false"},
	{"name_s": "/usr/share/doc/SDL-devel-1.2.14/html/guideaboutsdldoc.html", "size_i": "2304", "regex": "false"},
	{"name_s": "/usr/share/doc/SDL-devel-1.2.14/html/guideaudioexamples.html", "size_i": "3795", "regex": "false"},
	{"name_s": "/usr/share/doc/SDL-devel-1.2.14/html/guidebasicsinit.html", "size_i": "4572", "regex": "false"},
	{"name_s": "/usr/share/doc/SDL-devel-1.2.14/html/guidecdromexamples.html", "size_i": "4906", "regex": "false"},
	{"name_s": "/usr/share/doc/SDL-devel-1.2.14/html/guidecredits.html", "size_i": "2305", "regex": "false"},
	{"name_s": "/usr/share/doc/SDL-devel-1.2.14/html/guideeventexamples.html", "size_i": "4625", "regex": "false"},
	{"name_s": "/usr/share/doc/SDL-devel-1.2.14/html/guideexamples.html", "size_i": "2537", "regex": "false"},
	{"name_s": "/usr/share/doc/SDL-devel-1.2.14/html/guideinput.html", "size_i": "15432", "regex": "false"},
	{"name_s": "/usr/share/doc/SDL-devel-1.2.14/html/guideinputkeyboard.html", "size_i": "17850", "regex": "false"},
	{"name_s": "/usr/share/doc/SDL-devel-1.2.14/html/guidepreface.html", "size_i": "2516", "regex": "false"},
	{"name_s": "/usr/share/doc/SDL-devel-1.2.14/html/guidethebasics.html", "size_i": "2284", "regex": "false"},
	{"name_s": "/usr/share/doc/SDL-devel-1.2.14/html/guidetimeexamples.html", "size_i": "2440", "regex": "false"},
	{"name_s": "/usr/share/doc/SDL-devel-1.2.14/html/guidevideo.html", "size_i": "9186", "regex": "false"},
	{"name_s": "/usr/share/doc/SDL-devel-1.2.14/html/guidevideoopengl.html", "size_i": "16571", "regex": "false"},
	{"name_s": "/usr/share/doc/SDL-devel-1.2.14/html/index.html", "size_i": "21194", "regex": "false"},
	{"name_s": "/usr/share/doc/SDL-devel-1.2.14/html/joystick.html", "size_i": "5376", "regex": "false"},
	{"name_s": "/usr/share/doc/SDL-devel-1.2.14/html/reference.html", "size_i": "2282", "regex": "false"},
	{"name_s": "/usr/share/doc/SDL-devel-1.2.14/html/sdlactiveevent.html", "size_i": "4581", "regex": "false"},
	{"name_s": "/usr/share/doc/SDL-devel-1.2.14/html/sdladdtimer.html", "size_i": "4631", "regex": "false"},
	{"name_s": "/usr/share/doc/SDL-devel-1.2.14/html/sdlaudiocvt.html", "size_i": "7392", "regex": "false"},
	{"name_s": "/usr/share/doc/SDL-devel-1.2.14/html/sdlaudiospec.html", "size_i": "7307", "regex": "false"},
	{"name_s": "/usr/share/doc/SDL-devel-1.2.14/html/sdlblitsurface.html", "size_i": "5517", "regex": "false"},
	{"name_s": "/usr/share/doc/SDL-devel-1.2.14/html/sdlbuildaudiocvt.html", "size_i": "4007", "regex": "false"},
	{"name_s": "/usr/share/doc/SDL-devel-1.2.14/html/sdlcd.html", "size_i": "4581", "regex": "false"},
	{"name_s": "/usr/share/doc/SDL-devel-1.2.14/html/sdlcdclose.html", "size_i": "2539", "regex": "false"},
	{"name_s": "/usr/share/doc/SDL-devel-1.2.14/html/sdlcdeject.html", "size_i": "2668", "regex": "false"},
	{"name_s": "/usr/share/doc/SDL-devel-1.2.14/html/sdlcdname.html", "size_i": "2924", "regex": "false"},
	{"name_s": "/usr/share/doc/SDL-devel-1.2.14/html/sdlcdnumdrives.html", "size_i": "2485", "regex": "false"},
	{"name_s": "/usr/share/doc/SDL-devel-1.2.14/html/sdlcdopen.html", "size_i": "3877", "regex": "false"},
	{"name_s": "/usr/share/doc/SDL-devel-1.2.14/html/sdlcdpause.html", "size_i": "2788", "regex": "false"},
	{"name_s": "/usr/share/doc/SDL-devel-1.2.14/html/sdlcdplay.html", "size_i": "2919", "regex": "false"},
	{"name_s": "/usr/share/doc/SDL-devel-1.2.14/html/sdlcdplaytracks.html", "size_i": "4264", "regex": "false"},
	{"name_s": "/usr/share/doc/SDL-devel-1.2.14/html/sdlcdresume.html", "size_i": "2758", "regex": "false"},
	{"name_s": "/usr/share/doc/SDL-devel-1.2.14/html/sdlcdstatus.html", "size_i": "3807", "regex": "false"},
	{"name_s": "/usr/share/doc/SDL-devel-1.2.14/html/sdlcdstop.html", "size_i": "2682", "regex": "false"},
	{"name_s": "/usr/share/doc/SDL-devel-1.2.14/html/sdlcdtrack.html", "size_i": "3808", "regex": "false"},
	{"name_s": "/usr/share/doc/SDL-devel-1.2.14/html/sdlcloseaudio.html", "size_i": "2538", "regex": "false"},
	{"name_s": "/usr/share/doc/SDL-devel-1.2.14/html/sdlcolor.html", "size_i": "3510", "regex": "false"},
	{"name_s": "/usr/share/doc/SDL-devel-1.2.14/html/sdlcondbroadcast.html", "size_i": "2859", "regex": "false"},
	{"name_s": "/usr/share/doc/SDL-devel-1.2.14/html/sdlcondsignal.html", "size_i": "2874", "regex": "false"},
	{"name_s": "/usr/share/doc/SDL-devel-1.2.14/html/sdlcondwait.html", "size_i": "3020", "regex": "false"},
	{"name_s": "/usr/share/doc/SDL-devel-1.2.14/html/sdlcondwaittimeout.html", "size_i": "3006", "regex": "false"},
	{"name_s": "/usr/share/doc/SDL-devel-1.2.14/html/sdlconvertaudio.html", "size_i": "6455", "regex": "false"},
	{"name_s": "/usr/share/doc/SDL-devel-1.2.14/html/sdlconvertsurface.html", "size_i": "3580", "regex": "false"},
	{"name_s": "/usr/share/doc/SDL-devel-1.2.14/html/sdlcreatecond.html", "size_i": "2902", "regex": "false"},
	{"name_s": "/usr/share/doc/SDL-devel-1.2.14/html/sdlcreatecursor.html", "size_i": "6141", "regex": "false"},
	{"name_s": "/usr/share/doc/SDL-devel-1.2.14/html/sdlcreatemutex.html", "size_i": "3097", "regex": "false"},
	{"name_s": "/usr/share/doc/SDL-devel-1.2.14/html/sdlcreatergbsurface.html", "size_i": "7093", "regex": "false"},
	{"name_s": "/usr/share/doc/SDL-devel-1.2.14/html/sdlcreatergbsurfacefrom.html", "size_i": "3643", "regex": "false"},
	{"name_s": "/usr/share/doc/SDL-devel-1.2.14/html/sdlcreatesemaphore.html", "size_i": "4068", "regex": "false"},
	{"name_s": "/usr/share/doc/SDL-devel-1.2.14/html/sdlcreatethread.html", "size_i": "2942", "regex": "false"},
	{"name_s": "/usr/share/doc/SDL-devel-1.2.14/html/sdlcreateyuvoverlay.html", "size_i": "3519", "regex": "false"},
	{"name_s": "/usr/share/doc/SDL-devel-1.2.14/html/sdldelay.html", "size_i": "2956", "regex": "false"},
	{"name_s": "/usr/share/doc/SDL-devel-1.2.14/html/sdldestroycond.html", "size_i": "2568", "regex": "false"},
	{"name_s": "/usr/share/doc/SDL-devel-1.2.14/html/sdldestroymutex.html", "size_i": "2590", "regex": "false"},
	{"name_s": "/usr/share/doc/SDL-devel-1.2.14/html/sdldestroysemaphore.html", "size_i": "3571", "regex": "false"},
	{"name_s": "/usr/share/doc/SDL-devel-1.2.14/html/sdldisplayformat.html", "size_i": "3584", "regex": "false"},
	{"name_s": "/usr/share/doc/SDL-devel-1.2.14/html/sdldisplayformatalpha.html", "size_i": "3632", "regex": "false"},
	{"name_s": "/usr/share/doc/SDL-devel-1.2.14/html/sdldisplayyuvoverlay.html", "size_i": "3283", "regex": "false"},
	{"name_s": "/usr/share/doc/SDL-devel-1.2.14/html/sdlenablekeyrepeat.html", "size_i": "3231", "regex": "false"},
	{"name_s": "/usr/share/doc/SDL-devel-1.2.14/html/sdlenableunicode.html", "size_i": "3634", "regex": "false"},
	{"name_s": "/usr/share/doc/SDL-devel-1.2.14/html/sdlenvvars.html", "size_i": "14995", "regex": "false"},
	{"name_s": "/usr/share/doc/SDL-devel-1.2.14/html/sdlevent.html", "size_i": "13520", "regex": "false"},
	{"name_s": "/usr/share/doc/SDL-devel-1.2.14/html/sdleventstate.html", "size_i": "3553", "regex": "false"},
	{"name_s": "/usr/share/doc/SDL-devel-1.2.14/html/sdlexposeevent.html", "size_i": "3237", "regex": "false"},
	{"name_s": "/usr/share/doc/SDL-devel-1.2.14/html/sdlfillrect.html", "size_i": "3957", "regex": "false"},
	{"name_s": "/usr/share/doc/SDL-devel-1.2.14/html/sdlflip.html", "size_i": "3458", "regex": "false"},
	{"name_s": "/usr/share/doc/SDL-devel-1.2.14/html/sdlfreecursor.html", "size_i": "2618", "regex": "false"},
	{"name_s": "/usr/share/doc/SDL-devel-1.2.14/html/sdlfreesurface.html", "size_i": "2896", "regex": "false"},
	{"name_s": "/usr/share/doc/SDL-devel-1.2.14/html/sdlfreewav.html", "size_i": "2762", "regex": "false"},
	{"name_s": "/usr/share/doc/SDL-devel-1.2.14/html/sdlfreeyuvoverlay.html", "size_i": "2894", "regex": "false"},
	{"name_s": "/usr/share/doc/SDL-devel-1.2.14/html/sdlgetappstate.html", "size_i": "3368", "regex": "false"},
	{"name_s": "/usr/share/doc/SDL-devel-1.2.14/html/sdlgetaudiostatus.html", "size_i": "2809", "regex": "false"},
	{"name_s": "/usr/share/doc/SDL-devel-1.2.14/html/sdlgetcliprect.html", "size_i": "2998", "regex": "false"},
	{"name_s": "/usr/share/doc/SDL-devel-1.2.14/html/sdlgetcursor.html", "size_i": "2685", "regex": "false"},
	{"name_s": "/usr/share/doc/SDL-devel-1.2.14/html/sdlgeterror.html", "size_i": "2576", "regex": "false"},
	{"name_s": "/usr/share/doc/SDL-devel-1.2.14/html/sdlgeteventfilter.html", "size_i": "3139", "regex": "false"},
	{"name_s": "/usr/share/doc/SDL-devel-1.2.14/html/sdlgetgammaramp.html", "size_i": "2860", "regex": "false"},
	{"name_s": "/usr/share/doc/SDL-devel-1.2.14/html/sdlgetkeyname.html", "size_i": "2679", "regex": "false"},
	{"name_s": "/usr/share/doc/SDL-devel-1.2.14/html/sdlgetkeystate.html", "size_i": "3480", "regex": "false"},
	{"name_s": "/usr/share/doc/SDL-devel-1.2.14/html/sdlgetmodstate.html", "size_i": "3512", "regex": "false"},
	{"name_s": "/usr/share/doc/SDL-devel-1.2.14/html/sdlgetmousestate.html", "size_i": "3359", "regex": "false"},
	{"name_s": "/usr/share/doc/SDL-devel-1.2.14/html/sdlgetrelativemousestate.html", "size_i": "3125", "regex": "false"},
	{"name_s": "/usr/share/doc/SDL-devel-1.2.14/html/sdlgetrgb.html", "size_i": "3080", "regex": "false"},
	{"name_s": "/usr/share/doc/SDL-devel-1.2.14/html/sdlgetrgba.html", "size_i": "3114", "regex": "false"},
	{"name_s": "/usr/share/doc/SDL-devel-1.2.14/html/sdlgetthreadid.html", "size_i": "2649", "regex": "false"},
	{"name_s": "/usr/share/doc/SDL-devel-1.2.14/html/sdlgetticks.html", "size_i": "2562", "regex": "false"},
	{"name_s": "/usr/share/doc/SDL-devel-1.2.14/html/sdlgetvideoinfo.html", "size_i": "2997", "regex": "false"},
	{"name_s": "/usr/share/doc/SDL-devel-1.2.14/html/sdlgetvideosurface.html", "size_i": "2698", "regex": "false"},
	{"name_s": "/usr/share/doc/SDL-devel-1.2.14/html/sdlglattr.html", "size_i": "4956", "regex": "false"},
	{"name_s": "/usr/share/doc/SDL-devel-1.2.14/html/sdlglgetattribute.html", "size_i": "3229", "regex": "false"},
	{"name_s": "/usr/share/doc/SDL-devel-1.2.14/html/sdlglgetprocaddress.html", "size_i": "3659", "regex": "false"},
	{"name_s": "/usr/share/doc/SDL-devel-1.2.14/html/sdlglloadlibrary.html", "size_i": "3121", "regex": "false"},
	{"name_s": "/usr/share/doc/SDL-devel-1.2.14/html/sdlglsetattribute.html", "size_i": "4080", "regex": "false"},
	{"name_s": "/usr/share/doc/SDL-devel-1.2.14/html/sdlglswapbuffers.html", "size_i": "2709", "regex": "false"},
	{"name_s": "/usr/share/doc/SDL-devel-1.2.14/html/sdlinit.html", "size_i": "4406", "regex": "false"},
	{"name_s": "/usr/share/doc/SDL-devel-1.2.14/html/sdlinitsubsystem.html", "size_i": "3611", "regex": "false"},
	{"name_s": "/usr/share/doc/SDL-devel-1.2.14/html/sdljoyaxisevent.html", "size_i": "4279", "regex": "false"},
	{"name_s": "/usr/share/doc/SDL-devel-1.2.14/html/sdljoyballevent.html", "size_i": "4479", "regex": "false"},
	{"name_s": "/usr/share/doc/SDL-devel-1.2.14/html/sdljoybuttonevent.html", "size_i": "4558", "regex": "false"},
	{"name_s": "/usr/share/doc/SDL-devel-1.2.14/html/sdljoyhatevent.html", "size_i": "5060", "regex": "false"},
	{"name_s": "/usr/share/doc/SDL-devel-1.2.14/html/sdljoystickclose.html", "size_i": "2768", "regex": "false"},
	{"name_s": "/usr/share/doc/SDL-devel-1.2.14/html/sdljoystickeventstate.html", "size_i": "3831", "regex": "false"},
	{"name_s": "/usr/share/doc/SDL-devel-1.2.14/html/sdljoystickgetaxis.html", "size_i": "3758", "regex": "false"},
	{"name_s": "/usr/share/doc/SDL-devel-1.2.14/html/sdljoystickgetball.html", "size_i": "3464", "regex": "false"},
	{"name_s": "/usr/share/doc/SDL-devel-1.2.14/html/sdljoystickgetbutton.html", "size_i": "3006", "regex": "false"},
	{"name_s": "/usr/share/doc/SDL-devel-1.2.14/html/sdljoystickgethat.html", "size_i": "3601", "regex": "false"},
	{"name_s": "/usr/share/doc/SDL-devel-1.2.14/html/sdljoystickindex.html", "size_i": "2772", "regex": "false"},
	{"name_s": "/usr/share/doc/SDL-devel-1.2.14/html/sdljoystickname.html", "size_i": "3118", "regex": "false"},
	{"name_s": "/usr/share/doc/SDL-devel-1.2.14/html/sdljoysticknumaxes.html", "size_i": "2877", "regex": "false"},
	{"name_s": "/usr/share/doc/SDL-devel-1.2.14/html/sdljoysticknumballs.html", "size_i": "2905", "regex": "false"},
	{"name_s": "/usr/share/doc/SDL-devel-1.2.14/html/sdljoysticknumbuttons.html", "size_i": "2905", "regex": "false"},
	{"name_s": "/usr/share/doc/SDL-devel-1.2.14/html/sdljoysticknumhats.html", "size_i": "2900", "regex": "false"},
	{"name_s": "/usr/share/doc/SDL-devel-1.2.14/html/sdljoystickopen.html", "size_i": "3597", "regex": "false"},
	{"name_s": "/usr/share/doc/SDL-devel-1.2.14/html/sdljoystickopened.html", "size_i": "3016", "regex": "false"},
	{"name_s": "/usr/share/doc/SDL-devel-1.2.14/html/sdljoystickupdate.html", "size_i": "2846", "regex": "false"},
	{"name_s": "/usr/share/doc/SDL-devel-1.2.14/html/sdlkey.html", "size_i": "27921", "regex": "false"},
	{"name_s": "/usr/share/doc/SDL-devel-1.2.14/html/sdlkeyboardevent.html", "size_i": "4797", "regex": "false"},
	{"name_s": "/usr/share/doc/SDL-devel-1.2.14/html/sdlkeysym.html", "size_i": "4874", "regex": "false"},
	{"name_s": "/usr/share/doc/SDL-devel-1.2.14/html/sdlkillthread.html", "size_i": "2853", "regex": "false"},
	{"name_s": "/usr/share/doc/SDL-devel-1.2.14/html/sdllistmodes.html", "size_i": "4514", "regex": "false"},
	{"name_s": "/usr/share/doc/SDL-devel-1.2.14/html/sdlloadbmp.html", "size_i": "2706", "regex": "false"},
	{"name_s": "/usr/share/doc/SDL-devel-1.2.14/html/sdlloadwav.html", "size_i": "4052", "regex": "false"},
	{"name_s": "/usr/share/doc/SDL-devel-1.2.14/html/sdllockaudio.html", "size_i": "2703", "regex": "false"},
	{"name_s": "/usr/share/doc/SDL-devel-1.2.14/html/sdllocksurface.html", "size_i": "4527", "regex": "false"},
	{"name_s": "/usr/share/doc/SDL-devel-1.2.14/html/sdllockyuvoverlay.html", "size_i": "3201", "regex": "false"},
	{"name_s": "/usr/share/doc/SDL-devel-1.2.14/html/sdlmaprgb.html", "size_i": "3531", "regex": "false"},
	{"name_s": "/usr/share/doc/SDL-devel-1.2.14/html/sdlmaprgba.html", "size_i": "3418", "regex": "false"},
	{"name_s": "/usr/share/doc/SDL-devel-1.2.14/html/sdlmixaudio.html", "size_i": "3442", "regex": "false"},
	{"name_s": "/usr/share/doc/SDL-devel-1.2.14/html/sdlmousebuttonevent.html", "size_i": "4658", "regex": "false"},
	{"name_s": "/usr/share/doc/SDL-devel-1.2.14/html/sdlmousemotionevent.html", "size_i": "4937", "regex": "false"},
	{"name_s": "/usr/share/doc/SDL-devel-1.2.14/html/sdlmutexp.html", "size_i": "3085", "regex": "false"},
	{"name_s": "/usr/share/doc/SDL-devel-1.2.14/html/sdlmutexv.html", "size_i": "2962", "regex": "false"},
	{"name_s": "/usr/share/doc/SDL-devel-1.2.14/html/sdlnumjoysticks.html", "size_i": "2742", "regex": "false"},
	{"name_s": "/usr/share/doc/SDL-devel-1.2.14/html/sdlopenaudio.html", "size_i": "9683", "regex": "false"},
	{"name_s": "/usr/share/doc/SDL-devel-1.2.14/html/sdloverlay.html", "size_i": "4999", "regex": "false"},
	{"name_s": "/usr/share/doc/SDL-devel-1.2.14/html/sdlpalette.html", "size_i": "3870", "regex": "false"},
	{"name_s": "/usr/share/doc/SDL-devel-1.2.14/html/sdlpauseaudio.html", "size_i": "2962", "regex": "false"},
	{"name_s": "/usr/share/doc/SDL-devel-1.2.14/html/sdlpeepevents.html", "size_i": "4163", "regex": "false"},
	{"name_s": "/usr/share/doc/SDL-devel-1.2.14/html/sdlpixelformat.html", "size_i": "8493", "regex": "false"},
	{"name_s": "/usr/share/doc/SDL-devel-1.2.14/html/sdlpollevent.html", "size_i": "3616", "regex": "false"},
	{"name_s": "/usr/share/doc/SDL-devel-1.2.14/html/sdlpumpevents.html", "size_i": "3504", "regex": "false"},
	{"name_s": "/usr/share/doc/SDL-devel-1.2.14/html/sdlpushevent.html", "size_i": "3526", "regex": "false"},
	{"name_s": "/usr/share/doc/SDL-devel-1.2.14/html/sdlquit.html", "size_i": "3235", "regex": "false"},
	{"name_s": "/usr/share/doc/SDL-devel-1.2.14/html/sdlquitevent.html", "size_i": "3640", "regex": "false"},
	{"name_s": "/usr/share/doc/SDL-devel-1.2.14/html/sdlquitsubsystem.html", "size_i": "3134", "regex": "false"},
	{"name_s": "/usr/share/doc/SDL-devel-1.2.14/html/sdlrect.html", "size_i": "3155", "regex": "false"},
	{"name_s": "/usr/share/doc/SDL-devel-1.2.14/html/sdlremovetimer.html", "size_i": "2891", "regex": "false"},
	{"name_s": "/usr/share/doc/SDL-devel-1.2.14/html/sdlresizeevent.html", "size_i": "4005", "regex": "false"},
	{"name_s": "/usr/share/doc/SDL-devel-1.2.14/html/sdlsavebmp.html", "size_i": "2873", "regex": "false"},
	{"name_s": "/usr/share/doc/SDL-devel-1.2.14/html/sdlsempost.html", "size_i": "3837", "regex": "false"},
	{"name_s": "/usr/share/doc/SDL-devel-1.2.14/html/sdlsemtrywait.html", "size_i": "4315", "regex": "false"},
	{"name_s": "/usr/share/doc/SDL-devel-1.2.14/html/sdlsemvalue.html", "size_i": "3369", "regex": "false"},
	{"name_s": "/usr/share/doc/SDL-devel-1.2.14/html/sdlsemwait.html", "size_i": "3955", "regex": "false"},
	{"name_s": "/usr/share/doc/SDL-devel-1.2.14/html/sdlsemwaittimeout.html", "size_i": "4525", "regex": "false"},
	{"name_s": "/usr/share/doc/SDL-devel-1.2.14/html/sdlsetalpha.html", "size_i": "8056", "regex": "false"},
	{"name_s": "/usr/share/doc/SDL-devel-1.2.14/html/sdlsetcliprect.html", "size_i": "3205", "regex": "false"},
	{"name_s": "/usr/share/doc/SDL-devel-1.2.14/html/sdlsetcolorkey.html", "size_i": "4309", "regex": "false"},
	{"name_s": "/usr/share/doc/SDL-devel-1.2.14/html/sdlsetcolors.html", "size_i": "5235", "regex": "false"},
	{"name_s": "/usr/share/doc/SDL-devel-1.2.14/html/sdlsetcursor.html", "size_i": "2802", "regex": "false"},
	{"name_s": "/usr/share/doc/SDL-devel-1.2.14/html/sdlseteventfilter.html", "size_i": "4342", "regex": "false"},
	{"name_s": "/usr/share/doc/SDL-devel-1.2.14/html/sdlsetgamma.html", "size_i": "3207", "regex": "false"},
	{"name_s": "/usr/share/doc/SDL-devel-1.2.14/html/sdlsetgammaramp.html", "size_i": "3353", "regex": "false"},
	{"name_s": "/usr/share/doc/SDL-devel-1.2.14/html/sdlsetmodstate.html", "size_i": "3235", "regex": "false"},
	{"name_s": "/usr/share/doc/SDL-devel-1.2.14/html/sdlsetpalette.html", "size_i": "5647", "regex": "false"},
	{"name_s": "/usr/share/doc/SDL-devel-1.2.14/html/sdlsettimer.html", "size_i": "4053", "regex": "false"},
	{"name_s": "/usr/share/doc/SDL-devel-1.2.14/html/sdlsetvideomode.html", "size_i": "8326", "regex": "false"},
	{"name_s": "/usr/share/doc/SDL-devel-1.2.14/html/sdlshowcursor.html", "size_i": "3182", "regex": "false"},
	{"name_s": "/usr/share/doc/SDL-devel-1.2.14/html/sdlsurface.html", "size_i": "7749", "regex": "false"},
	{"name_s": "/usr/share/doc/SDL-devel-1.2.14/html/sdlsyswmevent.html", "size_i": "3362", "regex": "false"},
	{"name_s": "/usr/share/doc/SDL-devel-1.2.14/html/sdlthreadid.html", "size_i": "2455", "regex": "false"},
	{"name_s": "/usr/share/doc/SDL-devel-1.2.14/html/sdlunlockaudio.html", "size_i": "2574", "regex": "false"},
	{"name_s": "/usr/share/doc/SDL-devel-1.2.14/html/sdlunlocksurface.html", "size_i": "2870", "regex": "false"},
	{"name_s": "/usr/share/doc/SDL-devel-1.2.14/html/sdlunlockyuvoverlay.html", "size_i": "2941", "regex": "false"},
	{"name_s": "/usr/share/doc/SDL-devel-1.2.14/html/sdlupdaterect.html", "size_i": "3363", "regex": "false"},
	{"name_s": "/usr/share/doc/SDL-devel-1.2.14/html/sdlupdaterects.html", "size_i": "3554", "regex": "false"},
	{"name_s": "/usr/share/doc/SDL-devel-1.2.14/html/sdluserevent.html", "size_i": "4318", "regex": "false"},
	{"name_s": "/usr/share/doc/SDL-devel-1.2.14/html/sdlvideodrivername.html", "size_i": "3185", "regex": "false"},
	{"name_s": "/usr/share/doc/SDL-devel-1.2.14/html/sdlvideoinfo.html", "size_i": "5121", "regex": "false"},
	{"name_s": "/usr/share/doc/SDL-devel-1.2.14/html/sdlvideomodeok.html", "size_i": "3833", "regex": "false"},
	{"name_s": "/usr/share/doc/SDL-devel-1.2.14/html/sdlwaitevent.html", "size_i": "2944", "regex": "false"},
	{"name_s": "/usr/share/doc/SDL-devel-1.2.14/html/sdlwaitthread.html", "size_i": "2919", "regex": "false"},
	{"name_s": "/usr/share/doc/SDL-devel-1.2.14/html/sdlwarpmouse.html", "size_i": "2632", "regex": "false"},
	{"name_s": "/usr/share/doc/SDL-devel-1.2.14/html/sdlwasinit.html", "size_i": "3853", "regex": "false"},
	{"name_s": "/usr/share/doc/SDL-devel-1.2.14/html/sdlwmgetcaption.html", "size_i": "2740", "regex": "false"},
	{"name_s": "/usr/share/doc/SDL-devel-1.2.14/html/sdlwmgrabinput.html", "size_i": "3007", "regex": "false"},
	{"name_s": "/usr/share/doc/SDL-devel-1.2.14/html/sdlwmiconifywindow.html", "size_i": "2897", "regex": "false"},
	{"name_s": "/usr/share/doc/SDL-devel-1.2.14/html/sdlwmsetcaption.html", "size_i": "2657", "regex": "false"},
	{"name_s": "/usr/share/doc/SDL-devel-1.2.14/html/sdlwmseticon.html", "size_i": "3661", "regex": "false"},
	{"name_s": "/usr/share/doc/SDL-devel-1.2.14/html/sdlwmtogglefullscreen.html", "size_i": "2755", "regex": "false"},
	{"name_s": "/usr/share/doc/SDL-devel-1.2.14/html/thread.html", "size_i": "5546", "regex": "false"},
	{"name_s": "/usr/share/doc/SDL-devel-1.2.14/html/time.html", "size_i": "3281", "regex": "false"},
	{"name_s": "/usr/share/doc/SDL-devel-1.2.14/html/video.html", "size_i": "10954", "regex": "false"},
	{"name_s": "/usr/share/doc/SDL-devel-1.2.14/html/wm.html", "size_i": "2828", "regex": "false"},
	{"name_s": "/usr/share/doc/SDL-devel-1.2.14/index.html", "size_i": "2176", "regex": "false"},
	{"name_s": "/usr/share/man/man3/SDLKey.3.gz", "size_i": "1656", "regex": "false"},
	{"name_s": "/usr/share/man/man3/SDL_ActiveEvent.3.gz", "size_i": "697", "regex": "false"},
	{"name_s": "/usr/share/man/man3/SDL_AddTimer.3.gz", "size_i": "1044", "regex": "false"},
	{"name_s": "/usr/share/man/man3/SDL_AudioCVT.3.gz", "size_i": "1160", "regex": "false"},
	{"name_s": "/usr/share/man/man3/SDL_AudioSpec.3.gz", "size_i": "1046", "regex": "false"},
	{"name_s": "/usr/share/man/man3/SDL_BlitSurface.3.gz", "size_i": "1174", "regex": "false"},
	{"name_s": "/usr/share/man/man3/SDL_BuildAudioCVT.3.gz", "size_i": "596", "regex": "false"},
	{"name_s": "/usr/share/man/man3/SDL_CD.3.gz", "size_i": "736", "regex": "false"},
	{"name_s": "/usr/share/man/man3/SDL_CDClose.3.gz", "size_i": "269", "regex": "false"},
	{"name_s": "/usr/share/man/man3/SDL_CDEject.3.gz", "size_i": "303", "regex": "false"},
	{"name_s": "/usr/share/man/man3/SDL_CDName.3.gz", "size_i": "395", "regex": "false"},
	{"name_s": "/usr/share/man/man3/SDL_CDNumDrives.3.gz", "size_i": "268", "regex": "false"},
	{"name_s": "/usr/share/man/man3/SDL_CDOpen.3.gz", "size_i": "800", "regex": "false"},
	{"name_s": "/usr/share/man/man3/SDL_CDPause.3.gz", "size_i": "316", "regex": "false"},
	{"name_s": "/usr/share/man/man3/SDL_CDPlay.3.gz", "size_i": "345", "regex": "false"},
	{"name_s": "/usr/share/man/man3/SDL_CDPlayTracks.3.gz", "size_i": "666", "regex": "false"},
	{"name_s": "/usr/share/man/man3/SDL_CDResume.3.gz", "size_i": "314", "regex": "false"},
	{"name_s": "/usr/share/man/man3/SDL_CDStatus.3.gz", "size_i": "742", "regex": "false"},
	{"name_s": "/usr/share/man/man3/SDL_CDStop.3.gz", "size_i": "307", "regex": "false"},
	{"name_s": "/usr/share/man/man3/SDL_CDtrack.3.gz", "size_i": "550", "regex": "false"},
	{"name_s": "/usr/share/man/man3/SDL_CloseAudio.3.gz", "size_i": "279", "regex": "false"},
	{"name_s": "/usr/share/man/man3/SDL_Color.3.gz", "size_i": "424", "regex": "false"},
	{"name_s": "/usr/share/man/man3/SDL_CondBroadcast.3.gz", "size_i": "346", "regex": "false"},
	{"name_s": "/usr/share/man/man3/SDL_CondSignal.3.gz", "size_i": "347", "regex": "false"},
	{"name_s": "/usr/share/man/man3/SDL_CondWait.3.gz", "size_i": "389", "regex": "false"},
	{"name_s": "/usr/share/man/man3/SDL_CondWaitTimeout.3.gz", "size_i": "438", "regex": "false"},
	{"name_s": "/usr/share/man/man3/SDL_ConvertAudio.3.gz", "size_i": "1346", "regex": "false"},
	{"name_s": "/usr/share/man/man3/SDL_ConvertSurface.3.gz", "size_i": "523", "regex": "false"},
	{"name_s": "/usr/share/man/man3/SDL_CreateCond.3.gz", "size_i": "346", "regex": "false"},
	{"name_s": "/usr/share/man/man3/SDL_CreateCursor.3.gz", "size_i": "1049", "regex": "false"},
	{"name_s": "/usr/share/man/man3/SDL_CreateMutex.3.gz", "size_i": "416", "regex": "false"},
	{"name_s": "/usr/share/man/man3/SDL_CreateRGBSurface.3.gz", "size_i": "1367", "regex": "false"},
	{"name_s": "/usr/share/man/man3/SDL_CreateRGBSurfaceFrom.3.gz", "size_i": "570", "regex": "false"},
	{"name_s": "/usr/share/man/man3/SDL_CreateSemaphore.3.gz", "size_i": "622", "regex": "false"},
	{"name_s": "/usr/share/man/man3/SDL_CreateThread.3.gz", "size_i": "408", "regex": "false"},
	{"name_s": "/usr/share/man/man3/SDL_CreateYUVOverlay.3.gz", "size_i": "505", "regex": "false"},
	{"name_s": "/usr/share/man/man3/SDL_Delay.3.gz", "size_i": "425", "regex": "false"},
	{"name_s": "/usr/share/man/man3/SDL_DestroyCond.3.gz", "size_i": "271", "regex": "false"},
	{"name_s": "/usr/share/man/man3/SDL_DestroyMutex.3.gz", "size_i": "274", "regex": "false"},
	{"name_s": "/usr/share/man/man3/SDL_DestroySemaphore.3.gz", "size_i": "447", "regex": "false"},
	{"name_s": "/usr/share/man/man3/SDL_DisplayFormat.3.gz", "size_i": "545", "regex": "false"},
	{"name_s": "/usr/share/man/man3/SDL_DisplayFormatAlpha.3.gz", "size_i": "649", "regex": "false"},
	{"name_s": "/usr/share/man/man3/SDL_DisplayYUVOverlay.3.gz", "size_i": "454", "regex": "false"},
	{"name_s": "/usr/share/man/man3/SDL_EnableKeyRepeat.3.gz", "size_i": "475", "regex": "false"},
	{"name_s": "/usr/share/man/man3/SDL_EnableUNICODE.3.gz", "size_i": "632", "regex": "false"},
	{"name_s": "/usr/share/man/man3/SDL_Event.3.gz", "size_i": "1927", "regex": "false"},
	{"name_s": "/usr/share/man/man3/SDL_EventState.3.gz", "size_i": "463", "regex": "false"},
	{"name_s": "/usr/share/man/man3/SDL_ExposeEvent.3.gz", "size_i": "441", "regex": "false"},
	{"name_s": "/usr/share/man/man3/SDL_FillRect.3.gz", "size_i": "643", "regex": "false"},
	{"name_s": "/usr/share/man/man3/SDL_Flip.3.gz", "size_i": "568", "regex": "false"},
	{"name_s": "/usr/share/man/man3/SDL_FreeCursor.3.gz", "size_i": "279", "regex": "false"},
	{"name_s": "/usr/share/man/man3/SDL_FreeSurface.3.gz", "size_i": "343", "regex": "false"},
	{"name_s": "/usr/share/man/man3/SDL_FreeWAV.3.gz", "size_i": "344", "regex": "false"},
	{"name_s": "/usr/share/man/man3/SDL_FreeYUVOverlay.3.gz", "size_i": "290", "regex": "false"},
	{"name_s": "/usr/share/man/man3/SDL_GL_GetAttribute.3.gz", "size_i": "428", "regex": "false"},
	{"name_s": "/usr/share/man/man3/SDL_GL_GetProcAddress.3.gz", "size_i": "631", "regex": "false"},
	{"name_s": "/usr/share/man/man3/SDL_GL_LoadLibrary.3.gz", "size_i": "433", "regex": "false"},
	{"name_s": "/usr/share/man/man3/SDL_GL_SetAttribute.3.gz", "size_i": "700", "regex": "false"},
	{"name_s": "/usr/share/man/man3/SDL_GL_SwapBuffers.3.gz", "size_i": "312", "regex": "false"},
	{"name_s": "/usr/share/man/man3/SDL_GLattr.3.gz", "size_i": "523", "regex": "false"},
	{"name_s": "/usr/share/man/man3/SDL_GetAppState.3.gz", "size_i": "384", "regex": "false"},
	{"name_s": "/usr/share/man/man3/SDL_GetAudioStatus.3.gz", "size_i": "358", "regex": "false"},
	{"name_s": "/usr/share/man/man3/SDL_GetClipRect.3.gz", "size_i": "380", "regex": "false"},
	{"name_s": "/usr/share/man/man3/SDL_GetCursor.3.gz", "size_i": "281", "regex": "false"},
	{"name_s": "/usr/share/man/man3/SDL_GetError.3.gz", "size_i": "307", "regex": "false"},
	{"name_s": "/usr/share/man/man3/SDL_GetEventFilter.3.gz", "size_i": "418", "regex": "false"},
	{"name_s": "/usr/share/man/man3/SDL_GetGamma.3.gz", "size_i": "420", "regex": "false"},
	{"name_s": "/usr/share/man/man3/SDL_GetGammaRamp.3.gz", "size_i": "405", "regex": "false"},
	{"name_s": "/usr/share/man/man3/SDL_GetKeyName.3.gz", "size_i": "288", "regex": "false"},
	{"name_s": "/usr/share/man/man3/SDL_GetKeyState.3.gz", "size_i": "553", "regex": "false"},
	{"name_s": "/usr/share/man/man3/SDL_GetModState.3.gz", "size_i": "566", "regex": "false"},
	{"name_s": "/usr/share/man/man3/SDL_GetMouseState.3.gz", "size_i": "487", "regex": "false"},
	{"name_s": "/usr/share/man/man3/SDL_GetRGB.3.gz", "size_i": "472", "regex": "false"},
	{"name_s": "/usr/share/man/man3/SDL_GetRGBA.3.gz", "size_i": "519", "regex": "false"},
	{"name_s": "/usr/share/man/man3/SDL_GetRelativeMouseState.3.gz", "size_i": "432", "regex": "false"},
	{"name_s": "/usr/share/man/man3/SDL_GetThreadID.3.gz", "size_i": "285", "regex": "false"},
	{"name_s": "/usr/share/man/man3/SDL_GetTicks.3.gz", "size_i": "330", "regex": "false"},
	{"name_s": "/usr/share/man/man3/SDL_GetVideoInfo.3.gz", "size_i": "394", "regex": "false"},
	{"name_s": "/usr/share/man/man3/SDL_GetVideoSurface.3.gz", "size_i": "343", "regex": "false"},
	{"name_s": "/usr/share/man/man3/SDL_Init.3.gz", "size_i": "537", "regex": "false"},
	{"name_s": "/usr/share/man/man3/SDL_InitSubSystem.3.gz", "size_i": "586", "regex": "false"},
	{"name_s": "/usr/share/man/man3/SDL_JoyAxisEvent.3.gz", "size_i": "579", "regex": "false"},
	{"name_s": "/usr/share/man/man3/SDL_JoyBallEvent.3.gz", "size_i": "652", "regex": "false"},
	{"name_s": "/usr/share/man/man3/SDL_JoyButtonEvent.3.gz", "size_i": "594", "regex": "false"},
	{"name_s": "/usr/share/man/man3/SDL_JoyHatEvent.3.gz", "size_i": "705", "regex": "false"},
	{"name_s": "/usr/share/man/man3/SDL_JoystickClose.3.gz", "size_i": "288", "regex": "false"},
	{"name_s": "/usr/share/man/man3/SDL_JoystickEventState.3.gz", "size_i": "521", "regex": "false"},
	{"name_s": "/usr/share/man/man3/SDL_JoystickGetAxis.3.gz", "size_i": "596", "regex": "false"},
	{"name_s": "/usr/share/man/man3/SDL_JoystickGetBall.3.gz", "size_i": "523", "regex": "false"},
	{"name_s": "/usr/share/man/man3/SDL_JoystickGetButton.3.gz", "size_i": "347", "regex": "false"},
	{"name_s": "/usr/share/man/man3/SDL_JoystickGetHat.3.gz", "size_i": "432", "regex": "false"},
	{"name_s": "/usr/share/man/man3/SDL_JoystickIndex.3.gz", "size_i": "304", "regex": "false"},
	{"name_s": "/usr/share/man/man3/SDL_JoystickName.3.gz", "size_i": "471", "regex": "false"},
	{"name_s": "/usr/share/man/man3/SDL_JoystickNumAxes.3.gz", "size_i": "324", "regex": "false"},
	{"name_s": "/usr/share/man/man3/SDL_JoystickNumBalls.3.gz", "size_i": "328", "regex": "false"},
	{"name_s": "/usr/share/man/man3/SDL_JoystickNumButtons.3.gz", "size_i": "329", "regex": "false"},
	{"name_s": "/usr/share/man/man3/SDL_JoystickNumHats.3.gz", "size_i": "324", "regex": "false"},
	{"name_s": "/usr/share/man/man3/SDL_JoystickOpen.3.gz", "size_i": "579", "regex": "false"},
	{"name_s": "/usr/share/man/man3/SDL_JoystickOpened.3.gz", "size_i": "371", "regex": "false"},
	{"name_s": "/usr/share/man/man3/SDL_JoystickUpdate.3.gz", "size_i": "343", "regex": "false"},
	{"name_s": "/usr/share/man/man3/SDL_KeyboardEvent.3.gz", "size_i": "628", "regex": "false"},
	{"name_s": "/usr/share/man/man3/SDL_KillThread.3.gz", "size_i": "351", "regex": "false"},
	{"name_s": "/usr/share/man/man3/SDL_ListModes.3.gz", "size_i": "886", "regex": "false"},
	{"name_s": "/usr/share/man/man3/SDL_LoadBMP.3.gz", "size_i": "335", "regex": "false"},
	{"name_s": "/usr/share/man/man3/SDL_LoadWAV.3.gz", "size_i": "779", "regex": "false"},
	{"name_s": "/usr/share/man/man3/SDL_LockAudio.3.gz", "size_i": "353", "regex": "false"},
	{"name_s": "/usr/share/man/man3/SDL_LockSurface.3.gz", "size_i": "819", "regex": "false"},
	{"name_s": "/usr/share/man/man3/SDL_LockYUVOverlay.3.gz", "size_i": "361", "regex": "false"},
	{"name_s": "/usr/share/man/man3/SDL_MapRGB.3.gz", "size_i": "596", "regex": "false"},
	{"name_s": "/usr/share/man/man3/SDL_MapRGBA.3.gz", "size_i": "597", "regex": "false"},
	{"name_s": "/usr/share/man/man3/SDL_MixAudio.3.gz", "size_i": "687", "regex": "false"},
	{"name_s": "/usr/share/man/man3/SDL_MouseButtonEvent.3.gz", "size_i": "687", "regex": "false"},
	{"name_s": "/usr/share/man/man3/SDL_MouseMotionEvent.3.gz", "size_i": "762", "regex": "false"},
	{"name_s": "/usr/share/man/man3/SDL_NumJoysticks.3.gz", "size_i": "314", "regex": "false"},
	{"name_s": "/usr/share/man/man3/SDL_OpenAudio.3.gz", "size_i": "2068", "regex": "false"},
	{"name_s": "/usr/share/man/man3/SDL_Overlay.3.gz", "size_i": "887", "regex": "false"},
	{"name_s": "/usr/share/man/man3/SDL_Palette.3.gz", "size_i": "514", "regex": "false"},
	{"name_s": "/usr/share/man/man3/SDL_PauseAudio.3.gz", "size_i": "420", "regex": "false"},
	{"name_s": "/usr/share/man/man3/SDL_PeepEvents.3.gz", "size_i": "522", "regex": "false"},
	{"name_s": "/usr/share/man/man3/SDL_PixelFormat.3.gz", "size_i": "1636", "regex": "false"},
	{"name_s": "/usr/share/man/man3/SDL_PollEvent.3.gz", "size_i": "634", "regex": "false"},
	{"name_s": "/usr/share/man/man3/SDL_PumpEvents.3.gz", "size_i": "534", "regex": "false"},
	{"name_s": "/usr/share/man/man3/SDL_PushEvent.3.gz", "size_i": "525", "regex": "false"},
	{"name_s": "/usr/share/man/man3/SDL_Quit.3.gz", "size_i": "539", "regex": "false"},
	{"name_s": "/usr/share/man/man3/SDL_QuitEvent.3.gz", "size_i": "596", "regex": "false"},
	{"name_s": "/usr/share/man/man3/SDL_QuitSubSystem.3.gz", "size_i": "374", "regex": "false"},
	{"name_s": "/usr/share/man/man3/SDL_RWFromFile.3.gz", "size_i": "287", "regex": "false"},
	{"name_s": "/usr/share/man/man3/SDL_Rect.3.gz", "size_i": "420", "regex": "false"},
	{"name_s": "/usr/share/man/man3/SDL_RemoveTimer.3.gz", "size_i": "370", "regex": "false"},
	{"name_s": "/usr/share/man/man3/SDL_ResizeEvent.3.gz", "size_i": "548", "regex": "false"},
	{"name_s": "/usr/share/man/man3/SDL_SaveBMP.3.gz", "size_i": "348", "regex": "false"},
	{"name_s": "/usr/share/man/man3/SDL_SemPost.3.gz", "size_i": "540", "regex": "false"},
	{"name_s": "/usr/share/man/man3/SDL_SemTryWait.3.gz", "size_i": "711", "regex": "false"},
	{"name_s": "/usr/share/man/man3/SDL_SemValue.3.gz", "size_i": "407", "regex": "false"},
	{"name_s": "/usr/share/man/man3/SDL_SemWait.3.gz", "size_i": "626", "regex": "false"},
	{"name_s": "/usr/share/man/man3/SDL_SemWaitTimeout.3.gz", "size_i": "843", "regex": "false"},
	{"name_s": "/usr/share/man/man3/SDL_SetAlpha.3.gz", "size_i": "1368", "regex": "false"},
	{"name_s": "/usr/share/man/man3/SDL_SetClipRect.3.gz", "size_i": "446", "regex": "false"},
	{"name_s": "/usr/share/man/man3/SDL_SetColorKey.3.gz", "size_i": "719", "regex": "false"},
	{"name_s": "/usr/share/man/man3/SDL_SetColors.3.gz", "size_i": "1140", "regex": "false"},
	{"name_s": "/usr/share/man/man3/SDL_SetCursor.3.gz", "size_i": "342", "regex": "false"},
	{"name_s": "/usr/share/man/man3/SDL_SetEventFilter.3.gz", "size_i": "795", "regex": "false"},
	{"name_s": "/usr/share/man/man3/SDL_SetGamma.3.gz", "size_i": "528", "regex": "false"},
	{"name_s": "/usr/share/man/man3/SDL_SetGammaRamp.3.gz", "size_i": "615", "regex": "false"},
	{"name_s": "/usr/share/man/man3/SDL_SetModState.3.gz", "size_i": "509", "regex": "false"},
	{"name_s": "/usr/share/man/man3/SDL_SetPalette.3.gz", "size_i": "1296", "regex": "false"},
	{"name_s": "/usr/share/man/man3/SDL_SetTimer.3.gz", "size_i": "911", "regex": "false"},
	{"name_s": "/usr/share/man/man3/SDL_SetVideoMode.3.gz", "size_i": "1629", "regex": "false"},
	{"name_s": "/usr/share/man/man3/SDL_ShowCursor.3.gz", "size_i": "428", "regex": "false"},
	{"name_s": "/usr/share/man/man3/SDL_Surface.3.gz", "size_i": "1141", "regex": "false"},
	{"name_s": "/usr/share/man/man3/SDL_SysWMEvent.3.gz", "size_i": "612", "regex": "false"},
	{"name_s": "/usr/share/man/man3/SDL_ThreadID.3.gz", "size_i": "260", "regex": "false"},
	{"name_s": "/usr/share/man/man3/SDL_UnlockAudio.3.gz", "size_i": "272", "regex": "false"},
	{"name_s": "/usr/share/man/man3/SDL_UnlockSurface.3.gz", "size_i": "360", "regex": "false"},
	{"name_s": "/usr/share/man/man3/SDL_UnlockYUVOverlay.3.gz", "size_i": "327", "regex": "false"},
	{"name_s": "/usr/share/man/man3/SDL_UpdateRect.3.gz", "size_i": "456", "regex": "false"},
	{"name_s": "/usr/share/man/man3/SDL_UpdateRects.3.gz", "size_i": "625", "regex": "false"},
	{"name_s": "/usr/share/man/man3/SDL_UserEvent.3.gz", "size_i": "614", "regex": "false"},
	{"name_s": "/usr/share/man/man3/SDL_VideoDriverName.3.gz", "size_i": "464", "regex": "false"},
	{"name_s": "/usr/share/man/man3/SDL_VideoInfo.3.gz", "size_i": "647", "regex": "false"},
	{"name_s": "/usr/share/man/man3/SDL_VideoModeOK.3.gz", "size_i": "720", "regex": "false"},
	{"name_s": "/usr/share/man/man3/SDL_WM_GetCaption.3.gz", "size_i": "301", "regex": "false"},
	{"name_s": "/usr/share/man/man3/SDL_WM_GrabInput.3.gz", "size_i": "464", "regex": "false"},
	{"name_s": "/usr/share/man/man3/SDL_WM_IconifyWindow.3.gz", "size_i": "406", "regex": "false"},
	{"name_s": "/usr/share/man/man3/SDL_WM_SetCaption.3.gz", "size_i": "304", "regex": "false"},
	{"name_s": "/usr/share/man/man3/SDL_WM_SetIcon.3.gz", "size_i": "473", "regex": "false"},
	{"name_s": "/usr/share/man/man3/SDL_WM_ToggleFullScreen.3.gz", "size_i": "366", "regex": "false"},
	{"name_s": "/usr/share/man/man3/SDL_WaitEvent.3.gz", "size_i": "378", "regex": "false"},
	{"name_s": "/usr/share/man/man3/SDL_WaitThread.3.gz", "size_i": "367", "regex": "false"},
	{"name_s": "/usr/share/man/man3/SDL_WarpMouse.3.gz", "size_i": "294", "regex": "false"},
	{"name_s": "/usr/share/man/man3/SDL_WasInit.3.gz", "size_i": "636", "regex": "false"},
	{"name_s": "/usr/share/man/man3/SDL_keysym.3.gz", "size_i": "969", "regex": "false"},
	{"name_s": "/usr/share/man/man3/SDL_mutexP.3.gz", "size_i": "410", "regex": "false"},
	{"name_s": "/usr/share/man/man3/SDL_mutexV.3.gz", "size_i": "366", "regex": "false"}
]
