[
	{"name_s": "/bin/sed", "size_i": "69624", "regex": "false"},
	{"name_s": "/usr/share/doc/sed-4.2.1", "size_i": "4096", "regex": "false"},
	{"name_s": "/usr/share/doc/sed-4.2.1/AUTHORS", "size_i": "205", "regex": "false"},
	{"name_s": "/usr/share/doc/sed-4.2.1/BUGS", "size_i": "5975", "regex": "false"},
	{"name_s": "/usr/share/doc/sed-4.2.1/COPYING", "size_i": "35068", "regex": "false"},
	{"name_s": "/usr/share/doc/sed-4.2.1/COPYING.DOC", "size_i": "22962", "regex": "false"},
	{"name_s": "/usr/share/doc/sed-4.2.1/NEWS", "size_i": "18320", "regex": "false"},
	{"name_s": "/usr/share/doc/sed-4.2.1/README", "size_i": "447", "regex": "false"},
	{"name_s": "/usr/share/doc/sed-4.2.1/THANKS", "size_i": "1988", "regex": "false"},
	{"name_s": "/usr/share/doc/sed-4.2.1/sedfaq.txt.gz", "size_i": "56796", "regex": "false"},
	{"name_s": "/usr/share/info/sed.info.gz", "size_i": "28144", "regex": "false"},
	{"name_s": "/usr/share/locale/af/LC_MESSAGES/sed.mo", "size_i": "3254", "regex": "false"},
	{"name_s": "/usr/share/locale/ca/LC_MESSAGES/sed.mo", "size_i": "9838", "regex": "false"},
	{"name_s": "/usr/share/locale/cs/LC_MESSAGES/sed.mo", "size_i": "10048", "regex": "false"},
	{"name_s": "/usr/share/locale/da/LC_MESSAGES/sed.mo", "size_i": "3303", "regex": "false"},
	{"name_s": "/usr/share/locale/de/LC_MESSAGES/sed.mo", "size_i": "9119", "regex": "false"},
	{"name_s": "/usr/share/locale/el/LC_MESSAGES/sed.mo", "size_i": "12761", "regex": "false"},
	{"name_s": "/usr/share/locale/eo/LC_MESSAGES/sed.mo", "size_i": "9361", "regex": "false"},
	{"name_s": "/usr/share/locale/es/LC_MESSAGES/sed.mo", "size_i": "9982", "regex": "false"},
	{"name_s": "/usr/share/locale/et/LC_MESSAGES/sed.mo", "size_i": "8391", "regex": "false"},
	{"name_s": "/usr/share/locale/eu/LC_MESSAGES/sed.mo", "size_i": "1871", "regex": "false"},
	{"name_s": "/usr/share/locale/fi/LC_MESSAGES/sed.mo", "size_i": "10025", "regex": "false"},
	{"name_s": "/usr/share/locale/fr/LC_MESSAGES/sed.mo", "size_i": "9339", "regex": "false"},
	{"name_s": "/usr/share/locale/ga/LC_MESSAGES/sed.mo", "size_i": "10019", "regex": "false"},
	{"name_s": "/usr/share/locale/gl/LC_MESSAGES/sed.mo", "size_i": "9899", "regex": "false"},
	{"name_s": "/usr/share/locale/he/LC_MESSAGES/sed.mo", "size_i": "1256", "regex": "false"},
	{"name_s": "/usr/share/locale/hr/LC_MESSAGES/sed.mo", "size_i": "1433", "regex": "false"},
	{"name_s": "/usr/share/locale/hu/LC_MESSAGES/sed.mo", "size_i": "8420", "regex": "false"},
	{"name_s": "/usr/share/locale/id/LC_MESSAGES/sed.mo", "size_i": "9650", "regex": "false"},
	{"name_s": "/usr/share/locale/it/LC_MESSAGES/sed.mo", "size_i": "9776", "regex": "false"},
	{"name_s": "/usr/share/locale/ja/LC_MESSAGES/sed.mo", "size_i": "8200", "regex": "false"},
	{"name_s": "/usr/share/locale/ko/LC_MESSAGES/sed.mo", "size_i": "1305", "regex": "false"},
	{"name_s": "/usr/share/locale/nl/LC_MESSAGES/sed.mo", "size_i": "9612", "regex": "false"},
	{"name_s": "/usr/share/locale/pl/LC_MESSAGES/sed.mo", "size_i": "10077", "regex": "false"},
	{"name_s": "/usr/share/locale/pt/LC_MESSAGES/sed.mo", "size_i": "9931", "regex": "false"},
	{"name_s": "/usr/share/locale/pt_BR/LC_MESSAGES/sed.mo", "size_i": "9980", "regex": "false"},
	{"name_s": "/usr/share/locale/ro/LC_MESSAGES/sed.mo", "size_i": "9073", "regex": "false"},
	{"name_s": "/usr/share/locale/ru/LC_MESSAGES/sed.mo", "size_i": "12483", "regex": "false"},
	{"name_s": "/usr/share/locale/sk/LC_MESSAGES/sed.mo", "size_i": "9977", "regex": "false"},
	{"name_s": "/usr/share/locale/sl/LC_MESSAGES/sed.mo", "size_i": "9736", "regex": "false"},
	{"name_s": "/usr/share/locale/sr/LC_MESSAGES/sed.mo", "size_i": "10934", "regex": "false"},
	{"name_s": "/usr/share/locale/sv/LC_MESSAGES/sed.mo", "size_i": "9503", "regex": "false"},
	{"name_s": "/usr/share/locale/tr/LC_MESSAGES/sed.mo", "size_i": "8685", "regex": "false"},
	{"name_s": "/usr/share/locale/uk/LC_MESSAGES/sed.mo", "size_i": "3108", "regex": "false"},
	{"name_s": "/usr/share/locale/vi/LC_MESSAGES/sed.mo", "size_i": "10959", "regex": "false"},
	{"name_s": "/usr/share/locale/zh_CN/LC_MESSAGES/sed.mo", "size_i": "9064", "regex": "false"},
	{"name_s": "/usr/share/locale/zh_TW/LC_MESSAGES/sed.mo", "size_i": "8551", "regex": "false"},
	{"name_s": "/usr/share/man/man1/sed.1.gz", "size_i": "3872", "regex": "false"}
]
