[
	{"name_s": "/etc/selinux", "size_i": "4096", "regex": "false"},
	{"name_s": "/etc/selinux/config", "size_i": "0", "regex": "false"},
	{"name_s": "/etc/sysconfig/selinux", "size_i": "0", "regex": "false"},
	{"name_s": "/usr/share/selinux", "size_i": "4096", "regex": "false"},
	{"name_s": "/usr/share/selinux/devel", "size_i": "4096", "regex": "false"},
	{"name_s": "/usr/share/selinux/devel/Makefile", "size_i": "408", "regex": "false"},
	{"name_s": "/usr/share/selinux/devel/example.fc", "size_i": "185", "regex": "false"},
	{"name_s": "/usr/share/selinux/devel/example.if", "size_i": "1033", "regex": "false"},
	{"name_s": "/usr/share/selinux/devel/example.te", "size_i": "516", "regex": "false"},
	{"name_s": "/usr/share/selinux/devel/include", "size_i": "4096", "regex": "false"},
	{"name_s": "/usr/share/selinux/devel/include/Makefile", "size_i": "7236", "regex": "false"},
	{"name_s": "/usr/share/selinux/devel/include/admin", "size_i": "4096", "regex": "false"},
	{"name_s": "/usr/share/selinux/devel/include/admin.xml", "size_i": "66196", "regex": "false"},
	{"name_s": "/usr/share/selinux/devel/include/admin/accountsd.if", "size_i": "3313", "regex": "false"},
	{"name_s": "/usr/share/selinux/devel/include/admin/acct.if", "size_i": "1659", "regex": "false"},
	{"name_s": "/usr/share/selinux/devel/include/admin/alsa.if", "size_i": "2250", "regex": "false"},
	{"name_s": "/usr/share/selinux/devel/include/admin/amanda.if", "size_i": "3537", "regex": "false"},
	{"name_s": "/usr/share/selinux/devel/include/admin/amtu.if", "size_i": "849", "regex": "false"},
	{"name_s": "/usr/share/selinux/devel/include/admin/anaconda.if", "size_i": "57", "regex": "false"},
	{"name_s": "/usr/share/selinux/devel/include/admin/apt.if", "size_i": "4681", "regex": "false"},
	{"name_s": "/usr/share/selinux/devel/include/admin/backup.if", "size_i": "886", "regex": "false"},
	{"name_s": "/usr/share/selinux/devel/include/admin/bootloader.if", "size_i": "3486", "regex": "false"},
	{"name_s": "/usr/share/selinux/devel/include/admin/brctl.if", "size_i": "1230", "regex": "false"},
	{"name_s": "/usr/share/selinux/devel/include/admin/certwatch.if", "size_i": "1787", "regex": "false"},
	{"name_s": "/usr/share/selinux/devel/include/admin/consoletype.if", "size_i": "1536", "regex": "false"},
	{"name_s": "/usr/share/selinux/devel/include/admin/ddcprobe.if", "size_i": "978", "regex": "false"},
	{"name_s": "/usr/share/selinux/devel/include/admin/dmesg.if", "size_i": "775", "regex": "false"},
	{"name_s": "/usr/share/selinux/devel/include/admin/dmidecode.if", "size_i": "1450", "regex": "false"},
	{"name_s": "/usr/share/selinux/devel/include/admin/dpkg.if", "size_i": "4773", "regex": "false"},
	{"name_s": "/usr/share/selinux/devel/include/admin/firstboot.if", "size_i": "3639", "regex": "false"},
	{"name_s": "/usr/share/selinux/devel/include/admin/kismet.if", "size_i": "4968", "regex": "false"},
	{"name_s": "/usr/share/selinux/devel/include/admin/kudzu.if", "size_i": "1288", "regex": "false"},
	{"name_s": "/usr/share/selinux/devel/include/admin/logrotate.if", "size_i": "2344", "regex": "false"},
	{"name_s": "/usr/share/selinux/devel/include/admin/logwatch.if", "size_i": "737", "regex": "false"},
	{"name_s": "/usr/share/selinux/devel/include/admin/mcelog.if", "size_i": "387", "regex": "false"},
	{"name_s": "/usr/share/selinux/devel/include/admin/mrtg.if", "size_i": "420", "regex": "false"},
	{"name_s": "/usr/share/selinux/devel/include/admin/ncftool.if", "size_i": "1399", "regex": "false"},
	{"name_s": "/usr/share/selinux/devel/include/admin/netutils.if", "size_i": "5888", "regex": "false"},
	{"name_s": "/usr/share/selinux/devel/include/admin/permissivedomains.if", "size_i": "36", "regex": "false"},
	{"name_s": "/usr/share/selinux/devel/include/admin/portage.if", "size_i": "7563", "regex": "false"},
	{"name_s": "/usr/share/selinux/devel/include/admin/prelink.if", "size_i": "3941", "regex": "false"},
	{"name_s": "/usr/share/selinux/devel/include/admin/quota.if", "size_i": "2010", "regex": "false"},
	{"name_s": "/usr/share/selinux/devel/include/admin/readahead.if", "size_i": "85", "regex": "false"},
	{"name_s": "/usr/share/selinux/devel/include/admin/rpm.if", "size_i": "15188", "regex": "false"},
	{"name_s": "/usr/share/selinux/devel/include/admin/sectoolm.if", "size_i": "51", "regex": "false"},
	{"name_s": "/usr/share/selinux/devel/include/admin/shorewall.if", "size_i": "3731", "regex": "false"},
	{"name_s": "/usr/share/selinux/devel/include/admin/shutdown.if", "size_i": "2573", "regex": "false"},
	{"name_s": "/usr/share/selinux/devel/include/admin/smoltclient.if", "size_i": "58", "regex": "false"},
	{"name_s": "/usr/share/selinux/devel/include/admin/su.if", "size_i": "8239", "regex": "false"},
	{"name_s": "/usr/share/selinux/devel/include/admin/sudo.if", "size_i": "5287", "regex": "false"},
	{"name_s": "/usr/share/selinux/devel/include/admin/sxid.if", "size_i": "421", "regex": "false"},
	{"name_s": "/usr/share/selinux/devel/include/admin/tmpreaper.if", "size_i": "453", "regex": "false"},
	{"name_s": "/usr/share/selinux/devel/include/admin/tripwire.if", "size_i": "3991", "regex": "false"},
	{"name_s": "/usr/share/selinux/devel/include/admin/tzdata.if", "size_i": "826", "regex": "false"},
	{"name_s": "/usr/share/selinux/devel/include/admin/updfstab.if", "size_i": "478", "regex": "false"},
	{"name_s": "/usr/share/selinux/devel/include/admin/usbmodules.if", "size_i": "993", "regex": "false"},
	{"name_s": "/usr/share/selinux/devel/include/admin/usermanage.if", "size_i": "7793", "regex": "false"},
	{"name_s": "/usr/share/selinux/devel/include/admin/vbetool.if", "size_i": "930", "regex": "false"},
	{"name_s": "/usr/share/selinux/devel/include/admin/vpn.if", "size_i": "2449", "regex": "false"},
	{"name_s": "/usr/share/selinux/devel/include/apps", "size_i": "4096", "regex": "false"},
	{"name_s": "/usr/share/selinux/devel/include/apps.xml", "size_i": "67974", "regex": "false"},
	{"name_s": "/usr/share/selinux/devel/include/apps/ada.if", "size_i": "836", "regex": "false"},
	{"name_s": "/usr/share/selinux/devel/include/apps/authbind.if", "size_i": "487", "regex": "false"},
	{"name_s": "/usr/share/selinux/devel/include/apps/awstats.if", "size_i": "976", "regex": "false"},
	{"name_s": "/usr/share/selinux/devel/include/apps/calamaris.if", "size_i": "498", "regex": "false"},
	{"name_s": "/usr/share/selinux/devel/include/apps/cdrecord.if", "size_i": "747", "regex": "false"},
	{"name_s": "/usr/share/selinux/devel/include/apps/chrome.if", "size_i": "3045", "regex": "false"},
	{"name_s": "/usr/share/selinux/devel/include/apps/cpufreqselector.if", "size_i": "59", "regex": "false"},
	{"name_s": "/usr/share/selinux/devel/include/apps/ethereal.if", "size_i": "2159", "regex": "false"},
	{"name_s": "/usr/share/selinux/devel/include/apps/evolution.if", "size_i": "3939", "regex": "false"},
	{"name_s": "/usr/share/selinux/devel/include/apps/execmem.if", "size_i": "2746", "regex": "false"},
	{"name_s": "/usr/share/selinux/devel/include/apps/firewallgui.if", "size_i": "449", "regex": "false"},
	{"name_s": "/usr/share/selinux/devel/include/apps/games.if", "size_i": "1020", "regex": "false"},
	{"name_s": "/usr/share/selinux/devel/include/apps/gift.if", "size_i": "1111", "regex": "false"},
	{"name_s": "/usr/share/selinux/devel/include/apps/gitosis.if", "size_i": "1802", "regex": "false"},
	{"name_s": "/usr/share/selinux/devel/include/apps/gnome.if", "size_i": "11607", "regex": "false"},
	{"name_s": "/usr/share/selinux/devel/include/apps/gpg.if", "size_i": "4546", "regex": "false"},
	{"name_s": "/usr/share/selinux/devel/include/apps/irc.if", "size_i": "1429", "regex": "false"},
	{"name_s": "/usr/share/selinux/devel/include/apps/java.if", "size_i": "4529", "regex": "false"},
	{"name_s": "/usr/share/selinux/devel/include/apps/kdumpgui.if", "size_i": "50", "regex": "false"},
	{"name_s": "/usr/share/selinux/devel/include/apps/livecd.if", "size_i": "2358", "regex": "false"},
	{"name_s": "/usr/share/selinux/devel/include/apps/loadkeys.if", "size_i": "1372", "regex": "false"},
	{"name_s": "/usr/share/selinux/devel/include/apps/lockdev.if", "size_i": "709", "regex": "false"},
	{"name_s": "/usr/share/selinux/devel/include/apps/mediawiki.if", "size_i": "999", "regex": "false"},
	{"name_s": "/usr/share/selinux/devel/include/apps/mono.if", "size_i": "2917", "regex": "false"},
	{"name_s": "/usr/share/selinux/devel/include/apps/mozilla.if", "size_i": "8725", "regex": "false"},
	{"name_s": "/usr/share/selinux/devel/include/apps/mplayer.if", "size_i": "3014", "regex": "false"},
	{"name_s": "/usr/share/selinux/devel/include/apps/namespace.if", "size_i": "1010", "regex": "false"},
	{"name_s": "/usr/share/selinux/devel/include/apps/nsplugin.if", "size_i": "10652", "regex": "false"},
	{"name_s": "/usr/share/selinux/devel/include/apps/openoffice.if", "size_i": "2806", "regex": "false"},
	{"name_s": "/usr/share/selinux/devel/include/apps/podsleuth.if", "size_i": "986", "regex": "false"},
	{"name_s": "/usr/share/selinux/devel/include/apps/ptchown.if", "size_i": "929", "regex": "false"},
	{"name_s": "/usr/share/selinux/devel/include/apps/pulseaudio.if", "size_i": "6017", "regex": "false"},
	{"name_s": "/usr/share/selinux/devel/include/apps/qemu.if", "size_i": "7363", "regex": "false"},
	{"name_s": "/usr/share/selinux/devel/include/apps/rssh.if", "size_i": "1577", "regex": "false"},
	{"name_s": "/usr/share/selinux/devel/include/apps/sambagui.if", "size_i": "50", "regex": "false"},
	{"name_s": "/usr/share/selinux/devel/include/apps/sandbox.if", "size_i": "8217", "regex": "false"},
	{"name_s": "/usr/share/selinux/devel/include/apps/screen.if", "size_i": "5631", "regex": "false"},
	{"name_s": "/usr/share/selinux/devel/include/apps/seunshare.if", "size_i": "1289", "regex": "false"},
	{"name_s": "/usr/share/selinux/devel/include/apps/slocate.if", "size_i": "875", "regex": "false"},
	{"name_s": "/usr/share/selinux/devel/include/apps/telepathy.if", "size_i": "4680", "regex": "false"},
	{"name_s": "/usr/share/selinux/devel/include/apps/thunderbird.if", "size_i": "1766", "regex": "false"},
	{"name_s": "/usr/share/selinux/devel/include/apps/tvtime.if", "size_i": "1041", "regex": "false"},
	{"name_s": "/usr/share/selinux/devel/include/apps/uml.if", "size_i": "3010", "regex": "false"},
	{"name_s": "/usr/share/selinux/devel/include/apps/userhelper.if", "size_i": "8308", "regex": "false"},
	{"name_s": "/usr/share/selinux/devel/include/apps/usernetctl.if", "size_i": "1252", "regex": "false"},
	{"name_s": "/usr/share/selinux/devel/include/apps/vmware.if", "size_i": "2016", "regex": "false"},
	{"name_s": "/usr/share/selinux/devel/include/apps/webalizer.if", "size_i": "958", "regex": "false"},
	{"name_s": "/usr/share/selinux/devel/include/apps/wine.if", "size_i": "3690", "regex": "false"},
	{"name_s": "/usr/share/selinux/devel/include/apps/wireshark.if", "size_i": "1388", "regex": "false"},
	{"name_s": "/usr/share/selinux/devel/include/apps/wm.if", "size_i": "2026", "regex": "false"},
	{"name_s": "/usr/share/selinux/devel/include/apps/xscreensaver.if", "size_i": "633", "regex": "false"},
	{"name_s": "/usr/share/selinux/devel/include/apps/yam.if", "size_i": "1250", "regex": "false"},
	{"name_s": "/usr/share/selinux/devel/include/build.conf", "size_i": "176", "regex": "false"},
	{"name_s": "/usr/share/selinux/devel/include/global_booleans.xml", "size_i": "550", "regex": "false"},
	{"name_s": "/usr/share/selinux/devel/include/global_tunables.xml", "size_i": "2476", "regex": "false"},
	{"name_s": "/usr/share/selinux/devel/include/kernel", "size_i": "4096", "regex": "false"},
	{"name_s": "/usr/share/selinux/devel/include/kernel.xml", "size_i": "1606734", "regex": "false"},
	{"name_s": "/usr/share/selinux/devel/include/kernel/corecommands.if", "size_i": "23801", "regex": "false"},
	{"name_s": "/usr/share/selinux/devel/include/kernel/corenetwork.if", "size_i": "1962959", "regex": "false"},
	{"name_s": "/usr/share/selinux/devel/include/kernel/devices.if", "size_i": "94251", "regex": "false"},
	{"name_s": "/usr/share/selinux/devel/include/kernel/domain.if", "size_i": "31219", "regex": "false"},
	{"name_s": "/usr/share/selinux/devel/include/kernel/files.if", "size_i": "131955", "regex": "false"},
	{"name_s": "/usr/share/selinux/devel/include/kernel/filesystem.if", "size_i": "98236", "regex": "false"},
	{"name_s": "/usr/share/selinux/devel/include/kernel/kernel.if", "size_i": "63939", "regex": "false"},
	{"name_s": "/usr/share/selinux/devel/include/kernel/mcs.if", "size_i": "3082", "regex": "false"},
	{"name_s": "/usr/share/selinux/devel/include/kernel/mls.if", "size_i": "19476", "regex": "false"},
	{"name_s": "/usr/share/selinux/devel/include/kernel/selinux.if", "size_i": "14930", "regex": "false"},
	{"name_s": "/usr/share/selinux/devel/include/kernel/storage.if", "size_i": "18707", "regex": "false"},
	{"name_s": "/usr/share/selinux/devel/include/kernel/terminal.if", "size_i": "31074", "regex": "false"},
	{"name_s": "/usr/share/selinux/devel/include/kernel/ubac.if", "size_i": "3757", "regex": "false"},
	{"name_s": "/usr/share/selinux/devel/include/kernel/unlabelednet.if", "size_i": "88", "regex": "false"},
	{"name_s": "/usr/share/selinux/devel/include/rolemap", "size_i": "331", "regex": "false"},
	{"name_s": "/usr/share/selinux/devel/include/roles", "size_i": "4096", "regex": "false"},
	{"name_s": "/usr/share/selinux/devel/include/roles.xml", "size_i": "20606", "regex": "false"},
	{"name_s": "/usr/share/selinux/devel/include/roles/auditadm.if", "size_i": "917", "regex": "false"},
	{"name_s": "/usr/share/selinux/devel/include/roles/dbadm.if", "size_i": "906", "regex": "false"},
	{"name_s": "/usr/share/selinux/devel/include/roles/guest.if", "size_i": "862", "regex": "false"},
	{"name_s": "/usr/share/selinux/devel/include/roles/logadm.if", "size_i": "897", "regex": "false"},
	{"name_s": "/usr/share/selinux/devel/include/roles/secadm.if", "size_i": "927", "regex": "false"},
	{"name_s": "/usr/share/selinux/devel/include/roles/staff.if", "size_i": "866", "regex": "false"},
	{"name_s": "/usr/share/selinux/devel/include/roles/sysadm.if", "size_i": "4904", "regex": "false"},
	{"name_s": "/usr/share/selinux/devel/include/roles/sysadm_secadm.if", "size_i": "36", "regex": "false"},
	{"name_s": "/usr/share/selinux/devel/include/roles/unconfineduser.if", "size_i": "14177", "regex": "false"},
	{"name_s": "/usr/share/selinux/devel/include/roles/unprivuser.if", "size_i": "885", "regex": "false"},
	{"name_s": "/usr/share/selinux/devel/include/roles/webadm.if", "size_i": "897", "regex": "false"},
	{"name_s": "/usr/share/selinux/devel/include/roles/xguest.if", "size_i": "866", "regex": "false"},
	{"name_s": "/usr/share/selinux/devel/include/services", "size_i": "12288", "regex": "false"},
	{"name_s": "/usr/share/selinux/devel/include/services.xml", "size_i": "455671", "regex": "false"},
	{"name_s": "/usr/share/selinux/devel/include/services/abrt.if", "size_i": "8902", "regex": "false"},
	{"name_s": "/usr/share/selinux/devel/include/services/afs.if", "size_i": "2119", "regex": "false"},
	{"name_s": "/usr/share/selinux/devel/include/services/aiccu.if", "size_i": "2389", "regex": "false"},
	{"name_s": "/usr/share/selinux/devel/include/services/aide.if", "size_i": "1325", "regex": "false"},
	{"name_s": "/usr/share/selinux/devel/include/services/aisexec.if", "size_i": "2758", "regex": "false"},
	{"name_s": "/usr/share/selinux/devel/include/services/amavis.if", "size_i": "6015", "regex": "false"},
	{"name_s": "/usr/share/selinux/devel/include/services/antivirus.if", "size_i": "6589", "regex": "false"},
	{"name_s": "/usr/share/selinux/devel/include/services/apache.if", "size_i": "38134", "regex": "false"},
	{"name_s": "/usr/share/selinux/devel/include/services/apcupsd.if", "size_i": "3528", "regex": "false"},
	{"name_s": "/usr/share/selinux/devel/include/services/apm.if", "size_i": "2091", "regex": "false"},
	{"name_s": "/usr/share/selinux/devel/include/services/arpwatch.if", "size_i": "3166", "regex": "false"},
	{"name_s": "/usr/share/selinux/devel/include/services/asterisk.if", "size_i": "2068", "regex": "false"},
	{"name_s": "/usr/share/selinux/devel/include/services/audioentropy.if", "size_i": "56", "regex": "false"},
	{"name_s": "/usr/share/selinux/devel/include/services/automount.if", "size_i": "3926", "regex": "false"},
	{"name_s": "/usr/share/selinux/devel/include/services/avahi.if", "size_i": "3288", "regex": "false"},
	{"name_s": "/usr/share/selinux/devel/include/services/bcfg2.if", "size_i": "2995", "regex": "false"},
	{"name_s": "/usr/share/selinux/devel/include/services/bind.if", "size_i": "8031", "regex": "false"},
	{"name_s": "/usr/share/selinux/devel/include/services/bitlbee.if", "size_i": "1291", "regex": "false"},
	{"name_s": "/usr/share/selinux/devel/include/services/bluetooth.if", "size_i": "5769", "regex": "false"},
	{"name_s": "/usr/share/selinux/devel/include/services/boinc.if", "size_i": "3081", "regex": "false"},
	{"name_s": "/usr/share/selinux/devel/include/services/bugzilla.if", "size_i": "851", "regex": "false"},
	{"name_s": "/usr/share/selinux/devel/include/services/cachefilesd.if", "size_i": "1228", "regex": "false"},
	{"name_s": "/usr/share/selinux/devel/include/services/canna.if", "size_i": "1382", "regex": "false"},
	{"name_s": "/usr/share/selinux/devel/include/services/ccs.if", "size_i": "1482", "regex": "false"},
	{"name_s": "/usr/share/selinux/devel/include/services/certmaster.if", "size_i": "3161", "regex": "false"},
	{"name_s": "/usr/share/selinux/devel/include/services/certmonger.if", "size_i": "5208", "regex": "false"},
	{"name_s": "/usr/share/selinux/devel/include/services/cfengine.if", "size_i": "3051", "regex": "false"},
	{"name_s": "/usr/share/selinux/devel/include/services/cgroup.if", "size_i": "3215", "regex": "false"},
	{"name_s": "/usr/share/selinux/devel/include/services/chronyd.if", "size_i": "3694", "regex": "false"},
	{"name_s": "/usr/share/selinux/devel/include/services/cipe.if", "size_i": "46", "regex": "false"},
	{"name_s": "/usr/share/selinux/devel/include/services/clamav.if", "size_i": "4329", "regex": "false"},
	{"name_s": "/usr/share/selinux/devel/include/services/clockspeed.if", "size_i": "952", "regex": "false"},
	{"name_s": "/usr/share/selinux/devel/include/services/clogd.if", "size_i": "1934", "regex": "false"},
	{"name_s": "/usr/share/selinux/devel/include/services/cloudform.if", "size_i": "809", "regex": "false"},
	{"name_s": "/usr/share/selinux/devel/include/services/cmirrord.if", "size_i": "2621", "regex": "false"},
	{"name_s": "/usr/share/selinux/devel/include/services/cobbler.if", "size_i": "4949", "regex": "false"},
	{"name_s": "/usr/share/selinux/devel/include/services/comsat.if", "size_i": "45", "regex": "false"},
	{"name_s": "/usr/share/selinux/devel/include/services/condor.if", "size_i": "7058", "regex": "false"},
	{"name_s": "/usr/share/selinux/devel/include/services/consolekit.if", "size_i": "2693", "regex": "false"},
	{"name_s": "/usr/share/selinux/devel/include/services/corosync.if", "size_i": "3961", "regex": "false"},
	{"name_s": "/usr/share/selinux/devel/include/services/courier.if", "size_i": "5328", "regex": "false"},
	{"name_s": "/usr/share/selinux/devel/include/services/cpucontrol.if", "size_i": "382", "regex": "false"},
	{"name_s": "/usr/share/selinux/devel/include/services/cron.if", "size_i": "15387", "regex": "false"},
	{"name_s": "/usr/share/selinux/devel/include/services/ctdbd.if", "size_i": "5048", "regex": "false"},
	{"name_s": "/usr/share/selinux/devel/include/services/cups.if", "size_i": "7113", "regex": "false"},
	{"name_s": "/usr/share/selinux/devel/include/services/cvs.if", "size_i": "2052", "regex": "false"},
	{"name_s": "/usr/share/selinux/devel/include/services/cyphesis.if", "size_i": "412", "regex": "false"},
	{"name_s": "/usr/share/selinux/devel/include/services/cyrus.if", "size_i": "2181", "regex": "false"},
	{"name_s": "/usr/share/selinux/devel/include/services/dante.if", "size_i": "62", "regex": "false"},
	{"name_s": "/usr/share/selinux/devel/include/services/dbskk.if", "size_i": "82", "regex": "false"},
	{"name_s": "/usr/share/selinux/devel/include/services/dbus.if", "size_i": "11354", "regex": "false"},
	{"name_s": "/usr/share/selinux/devel/include/services/dcc.if", "size_i": "3430", "regex": "false"},
	{"name_s": "/usr/share/selinux/devel/include/services/ddclient.if", "size_i": "1993", "regex": "false"},
	{"name_s": "/usr/share/selinux/devel/include/services/denyhosts.if", "size_i": "1974", "regex": "false"},
	{"name_s": "/usr/share/selinux/devel/include/services/devicekit.if", "size_i": "5025", "regex": "false"},
	{"name_s": "/usr/share/selinux/devel/include/services/dhcp.if", "size_i": "2041", "regex": "false"},
	{"name_s": "/usr/share/selinux/devel/include/services/dictd.if", "size_i": "1269", "regex": "false"},
	{"name_s": "/usr/share/selinux/devel/include/services/dirsrv-admin.if", "size_i": "3443", "regex": "false"},
	{"name_s": "/usr/share/selinux/devel/include/services/dirsrv.if", "size_i": "5413", "regex": "false"},
	{"name_s": "/usr/share/selinux/devel/include/services/distcc.if", "size_i": "50", "regex": "false"},
	{"name_s": "/usr/share/selinux/devel/include/services/djbdns.if", "size_i": "2521", "regex": "false"},
	{"name_s": "/usr/share/selinux/devel/include/services/dkim.if", "size_i": "57", "regex": "false"},
	{"name_s": "/usr/share/selinux/devel/include/services/dnsmasq.if", "size_i": "5088", "regex": "false"},
	{"name_s": "/usr/share/selinux/devel/include/services/dovecot.if", "size_i": "4419", "regex": "false"},
	{"name_s": "/usr/share/selinux/devel/include/services/drbd.if", "size_i": "2289", "regex": "false"},
	{"name_s": "/usr/share/selinux/devel/include/services/dspam.if", "size_i": "5285", "regex": "false"},
	{"name_s": "/usr/share/selinux/devel/include/services/exim.if", "size_i": "4929", "regex": "false"},
	{"name_s": "/usr/share/selinux/devel/include/services/fail2ban.if", "size_i": "4580", "regex": "false"},
	{"name_s": "/usr/share/selinux/devel/include/services/fcoemon.if", "size_i": "1598", "regex": "false"},
	{"name_s": "/usr/share/selinux/devel/include/services/fetchmail.if", "size_i": "713", "regex": "false"},
	{"name_s": "/usr/share/selinux/devel/include/services/finger.if", "size_i": "747", "regex": "false"},
	{"name_s": "/usr/share/selinux/devel/include/services/fprintd.if", "size_i": "790", "regex": "false"},
	{"name_s": "/usr/share/selinux/devel/include/services/ftp.if", "size_i": "4503", "regex": "false"},
	{"name_s": "/usr/share/selinux/devel/include/services/gatekeeper.if", "size_i": "57", "regex": "false"},
	{"name_s": "/usr/share/selinux/devel/include/services/git.if", "size_i": "1710", "regex": "false"},
	{"name_s": "/usr/share/selinux/devel/include/services/glance.if", "size_i": "5450", "regex": "false"},
	{"name_s": "/usr/share/selinux/devel/include/services/glusterd.if", "size_i": "2833", "regex": "false"},
	{"name_s": "/usr/share/selinux/devel/include/services/gnomeclock.if", "size_i": "1762", "regex": "false"},
	{"name_s": "/usr/share/selinux/devel/include/services/gpm.if", "size_i": "1555", "regex": "false"},
	{"name_s": "/usr/share/selinux/devel/include/services/gpsd.if", "size_i": "1311", "regex": "false"},
	{"name_s": "/usr/share/selinux/devel/include/services/hal.if", "size_i": "8423", "regex": "false"},
	{"name_s": "/usr/share/selinux/devel/include/services/hddtemp.if", "size_i": "722", "regex": "false"},
	{"name_s": "/usr/share/selinux/devel/include/services/howl.if", "size_i": "352", "regex": "false"},
	{"name_s": "/usr/share/selinux/devel/include/services/i18n_input.if", "size_i": "327", "regex": "false"},
	{"name_s": "/usr/share/selinux/devel/include/services/icecast.if", "size_i": "3678", "regex": "false"},
	{"name_s": "/usr/share/selinux/devel/include/services/ifplugd.if", "size_i": "2726", "regex": "false"},
	{"name_s": "/usr/share/selinux/devel/include/services/imaze.if", "size_i": "40", "regex": "false"},
	{"name_s": "/usr/share/selinux/devel/include/services/inetd.if", "size_i": "4420", "regex": "false"},
	{"name_s": "/usr/share/selinux/devel/include/services/inn.if", "size_i": "4435", "regex": "false"},
	{"name_s": "/usr/share/selinux/devel/include/services/ircd.if", "size_i": "33", "regex": "false"},
	{"name_s": "/usr/share/selinux/devel/include/services/irqbalance.if", "size_i": "43", "regex": "false"},
	{"name_s": "/usr/share/selinux/devel/include/services/jabber.if", "size_i": "3290", "regex": "false"},
	{"name_s": "/usr/share/selinux/devel/include/services/kerberos.if", "size_i": "9451", "regex": "false"},
	{"name_s": "/usr/share/selinux/devel/include/services/kerneloops.if", "size_i": "2470", "regex": "false"},
	{"name_s": "/usr/share/selinux/devel/include/services/keystone.if", "size_i": "4045", "regex": "false"},
	{"name_s": "/usr/share/selinux/devel/include/services/ksmtuned.if", "size_i": "1607", "regex": "false"},
	{"name_s": "/usr/share/selinux/devel/include/services/ktalk.if", "size_i": "38", "regex": "false"},
	{"name_s": "/usr/share/selinux/devel/include/services/l2tpd.if", "size_i": "3525", "regex": "false"},
	{"name_s": "/usr/share/selinux/devel/include/services/ldap.if", "size_i": "4062", "regex": "false"},
	{"name_s": "/usr/share/selinux/devel/include/services/likewise.if", "size_i": "2498", "regex": "false"},
	{"name_s": "/usr/share/selinux/devel/include/services/lircd.if", "size_i": "1978", "regex": "false"},
	{"name_s": "/usr/share/selinux/devel/include/services/lldpad.if", "size_i": "1703", "regex": "false"},
	{"name_s": "/usr/share/selinux/devel/include/services/lpd.if", "size_i": "4096", "regex": "false"},
	{"name_s": "/usr/share/selinux/devel/include/services/mailman.if", "size_i": "8754", "regex": "false"},
	{"name_s": "/usr/share/selinux/devel/include/services/matahari.if", "size_i": "5331", "regex": "false"},
	{"name_s": "/usr/share/selinux/devel/include/services/memcached.if", "size_i": "2459", "regex": "false"},
	{"name_s": "/usr/share/selinux/devel/include/services/milter.if", "size_i": "3515", "regex": "false"},
	{"name_s": "/usr/share/selinux/devel/include/services/modemmanager.if", "size_i": "905", "regex": "false"},
	{"name_s": "/usr/share/selinux/devel/include/services/monop.if", "size_i": "38", "regex": "false"},
	{"name_s": "/usr/share/selinux/devel/include/services/mpd.if", "size_i": "5865", "regex": "false"},
	{"name_s": "/usr/share/selinux/devel/include/services/mta.if", "size_i": "22805", "regex": "false"},
	{"name_s": "/usr/share/selinux/devel/include/services/munin.if", "size_i": "4768", "regex": "false"},
	{"name_s": "/usr/share/selinux/devel/include/services/mysql.if", "size_i": "8284", "regex": "false"},
	{"name_s": "/usr/share/selinux/devel/include/services/nagios.if", "size_i": "6129", "regex": "false"},
	{"name_s": "/usr/share/selinux/devel/include/services/nessus.if", "size_i": "349", "regex": "false"},
	{"name_s": "/usr/share/selinux/devel/include/services/networkmanager.if", "size_i": "5527", "regex": "false"},
	{"name_s": "/usr/share/selinux/devel/include/services/nis.if", "size_i": "8777", "regex": "false"},
	{"name_s": "/usr/share/selinux/devel/include/services/nova.if", "size_i": "1200", "regex": "false"},
	{"name_s": "/usr/share/selinux/devel/include/services/nscd.if", "size_i": "6333", "regex": "false"},
	{"name_s": "/usr/share/selinux/devel/include/services/nsd.if", "size_i": "634", "regex": "false"},
	{"name_s": "/usr/share/selinux/devel/include/services/nslcd.if", "size_i": "2364", "regex": "false"},
	{"name_s": "/usr/share/selinux/devel/include/services/ntop.if", "size_i": "3053", "regex": "false"},
	{"name_s": "/usr/share/selinux/devel/include/services/ntp.if", "size_i": "3355", "regex": "false"},
	{"name_s": "/usr/share/selinux/devel/include/services/numad.if", "size_i": "788", "regex": "false"},
	{"name_s": "/usr/share/selinux/devel/include/services/nut.if", "size_i": "47", "regex": "false"},
	{"name_s": "/usr/share/selinux/devel/include/services/nx.if", "size_i": "1825", "regex": "false"},
	{"name_s": "/usr/share/selinux/devel/include/services/oav.if", "size_i": "973", "regex": "false"},
	{"name_s": "/usr/share/selinux/devel/include/services/oddjob.if", "size_i": "3976", "regex": "false"},
	{"name_s": "/usr/share/selinux/devel/include/services/oident.if", "size_i": "1501", "regex": "false"},
	{"name_s": "/usr/share/selinux/devel/include/services/openca.if", "size_i": "1403", "regex": "false"},
	{"name_s": "/usr/share/selinux/devel/include/services/openct.if", "size_i": "1819", "regex": "false"},
	{"name_s": "/usr/share/selinux/devel/include/services/openhpid.if", "size_i": "3006", "regex": "false"},
	{"name_s": "/usr/share/selinux/devel/include/services/openshift-origin.if", "size_i": "23", "regex": "false"},
	{"name_s": "/usr/share/selinux/devel/include/services/openshift.if", "size_i": "15132", "regex": "false"},
	{"name_s": "/usr/share/selinux/devel/include/services/openvpn.if", "size_i": "3275", "regex": "false"},
	{"name_s": "/usr/share/selinux/devel/include/services/openvswitch.if", "size_i": "3451", "regex": "false"},
	{"name_s": "/usr/share/selinux/devel/include/services/oracleasm.if", "size_i": "1455", "regex": "false"},
	{"name_s": "/usr/share/selinux/devel/include/services/pacemaker.if", "size_i": "3488", "regex": "false"},
	{"name_s": "/usr/share/selinux/devel/include/services/pads.if", "size_i": "1074", "regex": "false"},
	{"name_s": "/usr/share/selinux/devel/include/services/passenger.if", "size_i": "3128", "regex": "false"},
	{"name_s": "/usr/share/selinux/devel/include/services/pcscd.if", "size_i": "1839", "regex": "false"},
	{"name_s": "/usr/share/selinux/devel/include/services/pegasus.if", "size_i": "62", "regex": "false"},
	{"name_s": "/usr/share/selinux/devel/include/services/perdition.if", "size_i": "378", "regex": "false"},
	{"name_s": "/usr/share/selinux/devel/include/services/pingd.if", "size_i": "2011", "regex": "false"},
	{"name_s": "/usr/share/selinux/devel/include/services/piranha.if", "size_i": "4157", "regex": "false"},
	{"name_s": "/usr/share/selinux/devel/include/services/pkcsslotd.if", "size_i": "2399", "regex": "false"},
	{"name_s": "/usr/share/selinux/devel/include/services/plymouthd.if", "size_i": "6681", "regex": "false"},
	{"name_s": "/usr/share/selinux/devel/include/services/policykit.if", "size_i": "5784", "regex": "false"},
	{"name_s": "/usr/share/selinux/devel/include/services/portmap.if", "size_i": "1970", "regex": "false"},
	{"name_s": "/usr/share/selinux/devel/include/services/portreserve.if", "size_i": "2764", "regex": "false"},
	{"name_s": "/usr/share/selinux/devel/include/services/portslave.if", "size_i": "419", "regex": "false"},
	{"name_s": "/usr/share/selinux/devel/include/services/postfix.if", "size_i": "19964", "regex": "false"},
	{"name_s": "/usr/share/selinux/devel/include/services/postfixpolicyd.if", "size_i": "1022", "regex": "false"},
	{"name_s": "/usr/share/selinux/devel/include/services/postgresql.if", "size_i": "15647", "regex": "false"},
	{"name_s": "/usr/share/selinux/devel/include/services/postgrey.if", "size_i": "1842", "regex": "false"},
	{"name_s": "/usr/share/selinux/devel/include/services/ppp.if", "size_i": "7275", "regex": "false"},
	{"name_s": "/usr/share/selinux/devel/include/services/prelude.if", "size_i": "3311", "regex": "false"},
	{"name_s": "/usr/share/selinux/devel/include/services/privoxy.if", "size_i": "972", "regex": "false"},
	{"name_s": "/usr/share/selinux/devel/include/services/procmail.if", "size_i": "1883", "regex": "false"},
	{"name_s": "/usr/share/selinux/devel/include/services/psad.if", "size_i": "5522", "regex": "false"},
	{"name_s": "/usr/share/selinux/devel/include/services/publicfile.if", "size_i": "83", "regex": "false"},
	{"name_s": "/usr/share/selinux/devel/include/services/puppet.if", "size_i": "4392", "regex": "false"},
	{"name_s": "/usr/share/selinux/devel/include/services/pxe.if", "size_i": "63", "regex": "false"},
	{"name_s": "/usr/share/selinux/devel/include/services/pyicqt.if", "size_i": "66", "regex": "false"},
	{"name_s": "/usr/share/selinux/devel/include/services/pyzor.if", "size_i": "2772", "regex": "false"},
	{"name_s": "/usr/share/selinux/devel/include/services/qmail.if", "size_i": "4262", "regex": "false"},
	{"name_s": "/usr/share/selinux/devel/include/services/qpidd.if", "size_i": "4753", "regex": "false"},
	{"name_s": "/usr/share/selinux/devel/include/services/quantum.if", "size_i": "4797", "regex": "false"},
	{"name_s": "/usr/share/selinux/devel/include/services/radius.if", "size_i": "1404", "regex": "false"},
	{"name_s": "/usr/share/selinux/devel/include/services/radvd.if", "size_i": "866", "regex": "false"},
	{"name_s": "/usr/share/selinux/devel/include/services/razor.if", "size_i": "5246", "regex": "false"},
	{"name_s": "/usr/share/selinux/devel/include/services/rdisc.if", "size_i": "373", "regex": "false"},
	{"name_s": "/usr/share/selinux/devel/include/services/remotelogin.if", "size_i": "779", "regex": "false"},
	{"name_s": "/usr/share/selinux/devel/include/services/resmgr.if", "size_i": "465", "regex": "false"},
	{"name_s": "/usr/share/selinux/devel/include/services/rgmanager.if", "size_i": "4709", "regex": "false"},
	{"name_s": "/usr/share/selinux/devel/include/services/rhcs.if", "size_i": "16196", "regex": "false"},
	{"name_s": "/usr/share/selinux/devel/include/services/rhev.if", "size_i": "1694", "regex": "false"},
	{"name_s": "/usr/share/selinux/devel/include/services/rhgb.if", "size_i": "3656", "regex": "false"},
	{"name_s": "/usr/share/selinux/devel/include/services/rhnsd.if", "size_i": "1372", "regex": "false"},
	{"name_s": "/usr/share/selinux/devel/include/services/rhsmcertd.if", "size_i": "6093", "regex": "false"},
	{"name_s": "/usr/share/selinux/devel/include/services/ricci.if", "size_i": "6455", "regex": "false"},
	{"name_s": "/usr/share/selinux/devel/include/services/rlogin.if", "size_i": "925", "regex": "false"},
	{"name_s": "/usr/share/selinux/devel/include/services/roundup.if", "size_i": "938", "regex": "false"},
	{"name_s": "/usr/share/selinux/devel/include/services/rpc.if", "size_i": "9469", "regex": "false"},
	{"name_s": "/usr/share/selinux/devel/include/services/rpcbind.if", "size_i": "3174", "regex": "false"},
	{"name_s": "/usr/share/selinux/devel/include/services/rshd.if", "size_i": "428", "regex": "false"},
	{"name_s": "/usr/share/selinux/devel/include/services/rsync.if", "size_i": "3706", "regex": "false"},
	{"name_s": "/usr/share/selinux/devel/include/services/rtkit.if", "size_i": "1706", "regex": "false"},
	{"name_s": "/usr/share/selinux/devel/include/services/rwho.if", "size_i": "2958", "regex": "false"},
	{"name_s": "/usr/share/selinux/devel/include/services/samba.if", "size_i": "18007", "regex": "false"},
	{"name_s": "/usr/share/selinux/devel/include/services/sanlock.if", "size_i": "2287", "regex": "false"},
	{"name_s": "/usr/share/selinux/devel/include/services/sasl.if", "size_i": "1202", "regex": "false"},
	{"name_s": "/usr/share/selinux/devel/include/services/sblim.if", "size_i": "1394", "regex": "false"},
	{"name_s": "/usr/share/selinux/devel/include/services/sendmail.if", "size_i": "7166", "regex": "false"},
	{"name_s": "/usr/share/selinux/devel/include/services/sensord.if", "size_i": "817", "regex": "false"},
	{"name_s": "/usr/share/selinux/devel/include/services/setroubleshoot.if", "size_i": "3569", "regex": "false"},
	{"name_s": "/usr/share/selinux/devel/include/services/sge.if", "size_i": "54", "regex": "false"},
	{"name_s": "/usr/share/selinux/devel/include/services/slpd.if", "size_i": "1392", "regex": "false"},
	{"name_s": "/usr/share/selinux/devel/include/services/slrnpull.if", "size_i": "978", "regex": "false"},
	{"name_s": "/usr/share/selinux/devel/include/services/smartmon.if", "size_i": "1291", "regex": "false"},
	{"name_s": "/usr/share/selinux/devel/include/services/smokeping.if", "size_i": "3395", "regex": "false"},
	{"name_s": "/usr/share/selinux/devel/include/services/smstools.if", "size_i": "2627", "regex": "false"},
	{"name_s": "/usr/share/selinux/devel/include/services/snmp.if", "size_i": "4900", "regex": "false"},
	{"name_s": "/usr/share/selinux/devel/include/services/snort.if", "size_i": "1321", "regex": "false"},
	{"name_s": "/usr/share/selinux/devel/include/services/soundserver.if", "size_i": "1331", "regex": "false"},
	{"name_s": "/usr/share/selinux/devel/include/services/spamassassin.if", "size_i": "7798", "regex": "false"},
	{"name_s": "/usr/share/selinux/devel/include/services/speedtouch.if", "size_i": "56", "regex": "false"},
	{"name_s": "/usr/share/selinux/devel/include/services/squid.if", "size_i": "4424", "regex": "false"},
	{"name_s": "/usr/share/selinux/devel/include/services/ssh.if", "size_i": "23494", "regex": "false"},
	{"name_s": "/usr/share/selinux/devel/include/services/sssd.if", "size_i": "4979", "regex": "false"},
	{"name_s": "/usr/share/selinux/devel/include/services/stunnel.if", "size_i": "577", "regex": "false"},
	{"name_s": "/usr/share/selinux/devel/include/services/svnserve.if", "size_i": "1635", "regex": "false"},
	{"name_s": "/usr/share/selinux/devel/include/services/sysstat.if", "size_i": "433", "regex": "false"},
	{"name_s": "/usr/share/selinux/devel/include/services/tcpd.if", "size_i": "903", "regex": "false"},
	{"name_s": "/usr/share/selinux/devel/include/services/telnet.if", "size_i": "36", "regex": "false"},
	{"name_s": "/usr/share/selinux/devel/include/services/tftp.if", "size_i": "2839", "regex": "false"},
	{"name_s": "/usr/share/selinux/devel/include/services/tgtd.if", "size_i": "1500", "regex": "false"},
	{"name_s": "/usr/share/selinux/devel/include/services/timidity.if", "size_i": "79", "regex": "false"},
	{"name_s": "/usr/share/selinux/devel/include/services/tor.if", "size_i": "1341", "regex": "false"},
	{"name_s": "/usr/share/selinux/devel/include/services/transproxy.if", "size_i": "45", "regex": "false"},
	{"name_s": "/usr/share/selinux/devel/include/services/tuned.if", "size_i": "2513", "regex": "false"},
	{"name_s": "/usr/share/selinux/devel/include/services/ucspitcp.if", "size_i": "642", "regex": "false"},
	{"name_s": "/usr/share/selinux/devel/include/services/ulogd.if", "size_i": "2976", "regex": "false"},
	{"name_s": "/usr/share/selinux/devel/include/services/uptime.if", "size_i": "36", "regex": "false"},
	{"name_s": "/usr/share/selinux/devel/include/services/usbmuxd.if", "size_i": "863", "regex": "false"},
	{"name_s": "/usr/share/selinux/devel/include/services/uucp.if", "size_i": "2407", "regex": "false"},
	{"name_s": "/usr/share/selinux/devel/include/services/uuidd.if", "size_i": "3699", "regex": "false"},
	{"name_s": "/usr/share/selinux/devel/include/services/uwimap.if", "size_i": "461", "regex": "false"},
	{"name_s": "/usr/share/selinux/devel/include/services/varnishd.if", "size_i": "4531", "regex": "false"},
	{"name_s": "/usr/share/selinux/devel/include/services/vdagent.if", "size_i": "2420", "regex": "false"},
	{"name_s": "/usr/share/selinux/devel/include/services/vhostmd.if", "size_i": "4537", "regex": "false"},
	{"name_s": "/usr/share/selinux/devel/include/services/virt.if", "size_i": "16748", "regex": "false"},
	{"name_s": "/usr/share/selinux/devel/include/services/w3c.if", "size_i": "43", "regex": "false"},
	{"name_s": "/usr/share/selinux/devel/include/services/watchdog.if", "size_i": "40", "regex": "false"},
	{"name_s": "/usr/share/selinux/devel/include/services/wdmd.if", "size_i": "2550", "regex": "false"},
	{"name_s": "/usr/share/selinux/devel/include/services/xfs.if", "size_i": "1098", "regex": "false"},
	{"name_s": "/usr/share/selinux/devel/include/services/xprint.if", "size_i": "37", "regex": "false"},
	{"name_s": "/usr/share/selinux/devel/include/services/xserver.if", "size_i": "38672", "regex": "false"},
	{"name_s": "/usr/share/selinux/devel/include/services/zabbix.if", "size_i": "3378", "regex": "false"},
	{"name_s": "/usr/share/selinux/devel/include/services/zarafa.if", "size_i": "3247", "regex": "false"},
	{"name_s": "/usr/share/selinux/devel/include/services/zebra.if", "size_i": "1921", "regex": "false"},
	{"name_s": "/usr/share/selinux/devel/include/services/zosremote.if", "size_i": "991", "regex": "false"},
	{"name_s": "/usr/share/selinux/devel/include/support", "size_i": "4096", "regex": "false"},
	{"name_s": "/usr/share/selinux/devel/include/support/all_perms.spt", "size_i": "15060", "regex": "false"},
	{"name_s": "/usr/share/selinux/devel/include/support/divert.m4", "size_i": "12", "regex": "false"},
	{"name_s": "/usr/share/selinux/devel/include/support/file_patterns.spt", "size_i": "12662", "regex": "false"},
	{"name_s": "/usr/share/selinux/devel/include/support/ipc_patterns.spt", "size_i": "349", "regex": "false"},
	{"name_s": "/usr/share/selinux/devel/include/support/loadable_module.spt", "size_i": "3335", "regex": "false"},
	{"name_s": "/usr/share/selinux/devel/include/support/misc_macros.spt", "size_i": "1723", "regex": "false"},
	{"name_s": "/usr/share/selinux/devel/include/support/misc_patterns.spt", "size_i": "1486", "regex": "false"},
	{"name_s": "/usr/share/selinux/devel/include/support/mls_mcs_macros.spt", "size_i": "1385", "regex": "false"},
	{"name_s": "/usr/share/selinux/devel/include/support/obj_perm_sets.spt", "size_i": "13931", "regex": "false"},
	{"name_s": "/usr/share/selinux/devel/include/support/policy.dtd", "size_i": "1393", "regex": "false"},
	{"name_s": "/usr/share/selinux/devel/include/support/segenxml.py", "size_i": "10766", "regex": "false"},
	{"name_s": "/usr/share/selinux/devel/include/support/segenxml.pyc", "size_i": "7576", "regex": "false"},
	{"name_s": "/usr/share/selinux/devel/include/support/segenxml.pyo", "size_i": "7576", "regex": "false"},
	{"name_s": "/usr/share/selinux/devel/include/support/undivert.m4", "size_i": "6", "regex": "false"},
	{"name_s": "/usr/share/selinux/devel/include/system", "size_i": "4096", "regex": "false"},
	{"name_s": "/usr/share/selinux/devel/include/system.xml", "size_i": "193096", "regex": "false"},
	{"name_s": "/usr/share/selinux/devel/include/system/application.if", "size_i": "4303", "regex": "false"},
	{"name_s": "/usr/share/selinux/devel/include/system/authlogin.if", "size_i": "33250", "regex": "false"},
	{"name_s": "/usr/share/selinux/devel/include/system/clock.if", "size_i": "1948", "regex": "false"},
	{"name_s": "/usr/share/selinux/devel/include/system/daemontools.if", "size_i": "4315", "regex": "false"},
	{"name_s": "/usr/share/selinux/devel/include/system/fstools.if", "size_i": "3020", "regex": "false"},
	{"name_s": "/usr/share/selinux/devel/include/system/getty.if", "size_i": "1761", "regex": "false"},
	{"name_s": "/usr/share/selinux/devel/include/system/hostname.if", "size_i": "1269", "regex": "false"},
	{"name_s": "/usr/share/selinux/devel/include/system/hotplug.if", "size_i": "3365", "regex": "false"},
	{"name_s": "/usr/share/selinux/devel/include/system/init.if", "size_i": "42098", "regex": "false"},
	{"name_s": "/usr/share/selinux/devel/include/system/ipsec.if", "size_i": "7335", "regex": "false"},
	{"name_s": "/usr/share/selinux/devel/include/system/iptables.if", "size_i": "3347", "regex": "false"},
	{"name_s": "/usr/share/selinux/devel/include/system/iscsi.if", "size_i": "1543", "regex": "false"},
	{"name_s": "/usr/share/selinux/devel/include/system/kdump.if", "size_i": "2228", "regex": "false"},
	{"name_s": "/usr/share/selinux/devel/include/system/libraries.if", "size_i": "10415", "regex": "false"},
	{"name_s": "/usr/share/selinux/devel/include/system/locallogin.if", "size_i": "2917", "regex": "false"},
	{"name_s": "/usr/share/selinux/devel/include/system/logging.if", "size_i": "23653", "regex": "false"},
	{"name_s": "/usr/share/selinux/devel/include/system/lvm.if", "size_i": "3534", "regex": "false"},
	{"name_s": "/usr/share/selinux/devel/include/system/miscfiles.if", "size_i": "14698", "regex": "false"},
	{"name_s": "/usr/share/selinux/devel/include/system/modutils.if", "size_i": "7104", "regex": "false"},
	{"name_s": "/usr/share/selinux/devel/include/system/mount.if", "size_i": "6896", "regex": "false"},
	{"name_s": "/usr/share/selinux/devel/include/system/netlabel.if", "size_i": "1013", "regex": "false"},
	{"name_s": "/usr/share/selinux/devel/include/system/pcmcia.if", "size_i": "3085", "regex": "false"},
	{"name_s": "/usr/share/selinux/devel/include/system/raid.if", "size_i": "1412", "regex": "false"},
	{"name_s": "/usr/share/selinux/devel/include/system/selinuxutil.if", "size_i": "36542", "regex": "false"},
	{"name_s": "/usr/share/selinux/devel/include/system/setrans.if", "size_i": "977", "regex": "false"},
	{"name_s": "/usr/share/selinux/devel/include/system/sosreport.if", "size_i": "2472", "regex": "false"},
	{"name_s": "/usr/share/selinux/devel/include/system/sysnetwork.if", "size_i": "16608", "regex": "false"},
	{"name_s": "/usr/share/selinux/devel/include/system/udev.if", "size_i": "6137", "regex": "false"},
	{"name_s": "/usr/share/selinux/devel/include/system/unconfined.if", "size_i": "4434", "regex": "false"},
	{"name_s": "/usr/share/selinux/devel/include/system/userdomain.if", "size_i": "105134", "regex": "false"},
	{"name_s": "/usr/share/selinux/devel/include/system/xen.if", "size_i": "4873", "regex": "false"},
	{"name_s": "/usr/share/selinux/devel/policy.dtd", "size_i": "1393", "regex": "false"},
	{"name_s": "/usr/share/selinux/devel/policy.xml", "size_i": "2413604", "regex": "false"},
	{"name_s": "/usr/share/selinux/devel/policygentool", "size_i": "158", "regex": "false"},
	{"name_s": "/usr/share/selinux/packages", "size_i": "4096", "regex": "false"}
]
