[
	{"name_s": "/usr/lib/libjapol.so.4", "size_i": "15", "regex": "false"},
	{"name_s": "/usr/lib/libjapol.so.4.3", "size_i": "152460", "regex": "false"},
	{"name_s": "/usr/lib/libjpoldiff.so.1", "size_i": "20", "regex": "false"},
	{"name_s": "/usr/lib/libjpoldiff.so.1.3.2", "size_i": "62092", "regex": "false"},
	{"name_s": "/usr/lib/libjqpol.so.1", "size_i": "15", "regex": "false"},
	{"name_s": "/usr/lib/libjqpol.so.1.6", "size_i": "100880", "regex": "false"},
	{"name_s": "/usr/lib/libjseaudit.so.4", "size_i": "18", "regex": "false"},
	{"name_s": "/usr/lib/libjseaudit.so.4.4", "size_i": "72072", "regex": "false"},
	{"name_s": "/usr/lib/libjsefs.so.4", "size_i": "17", "regex": "false"},
	{"name_s": "/usr/lib/libjsefs.so.4.0.3", "size_i": "25448", "regex": "false"},
	{"name_s": "/usr/share/java/apol.jar", "size_i": "23", "regex": "false"},
	{"name_s": "/usr/share/java/poldiff.jar", "size_i": "26", "regex": "false"},
	{"name_s": "/usr/share/java/qpol.jar", "size_i": "23", "regex": "false"},
	{"name_s": "/usr/share/java/seaudit.jar", "size_i": "26", "regex": "false"},
	{"name_s": "/usr/share/java/sefs.jar", "size_i": "23", "regex": "false"},
	{"name_s": "/usr/share/setools-3.3/apol.jar", "size_i": "58645", "regex": "false"},
	{"name_s": "/usr/share/setools-3.3/poldiff.jar", "size_i": "26316", "regex": "false"},
	{"name_s": "/usr/share/setools-3.3/qpol.jar", "size_i": "41869", "regex": "false"},
	{"name_s": "/usr/share/setools-3.3/seaudit.jar", "size_i": "25336", "regex": "false"},
	{"name_s": "/usr/share/setools-3.3/sefs.jar", "size_i": "13482", "regex": "false"}
]
