[
	{"name_s": "/usr/share/doc/slf4j-1.5.8/site", "size_i": "4096", "regex": "false"},
	{"name_s": "/usr/share/doc/slf4j-1.5.8/site/bug-reporting.html", "size_i": "3172", "regex": "false"},
	{"name_s": "/usr/share/doc/slf4j-1.5.8/site/changes", "size_i": "4096", "regex": "false"},
	{"name_s": "/usr/share/doc/slf4j-1.5.8/site/changes/changes-1.3.txt", "size_i": "1998", "regex": "false"},
	{"name_s": "/usr/share/doc/slf4j-1.5.8/site/codes.html", "size_i": "10854", "regex": "false"},
	{"name_s": "/usr/share/doc/slf4j-1.5.8/site/compatibility.html", "size_i": "8669", "regex": "false"},
	{"name_s": "/usr/share/doc/slf4j-1.5.8/site/css", "size_i": "4096", "regex": "false"},
	{"name_s": "/usr/share/doc/slf4j-1.5.8/site/css/prettify.css", "size_i": "481", "regex": "false"},
	{"name_s": "/usr/share/doc/slf4j-1.5.8/site/css/site.css", "size_i": "4436", "regex": "false"},
	{"name_s": "/usr/share/doc/slf4j-1.5.8/site/docs.html", "size_i": "2402", "regex": "false"},
	{"name_s": "/usr/share/doc/slf4j-1.5.8/site/download.html", "size_i": "2240", "regex": "false"},
	{"name_s": "/usr/share/doc/slf4j-1.5.8/site/extensions.html", "size_i": "35371", "regex": "false"},
	{"name_s": "/usr/share/doc/slf4j-1.5.8/site/faq.html", "size_i": "49351", "regex": "false"},
	{"name_s": "/usr/share/doc/slf4j-1.5.8/site/inde_base.html", "size_i": "667", "regex": "false"},
	{"name_s": "/usr/share/doc/slf4j-1.5.8/site/index.html", "size_i": "1435", "regex": "false"},
	{"name_s": "/usr/share/doc/slf4j-1.5.8/site/js", "size_i": "4096", "regex": "false"},
	{"name_s": "/usr/share/doc/slf4j-1.5.8/site/js/prettify.js", "size_i": "11978", "regex": "false"},
	{"name_s": "/usr/share/doc/slf4j-1.5.8/site/legacy.html", "size_i": "9933", "regex": "false"},
	{"name_s": "/usr/share/doc/slf4j-1.5.8/site/license.html", "size_i": "2827", "regex": "false"},
	{"name_s": "/usr/share/doc/slf4j-1.5.8/site/mailing-lists.html", "size_i": "4732", "regex": "false"},
	{"name_s": "/usr/share/doc/slf4j-1.5.8/site/manual.html", "size_i": "13021", "regex": "false"},
	{"name_s": "/usr/share/doc/slf4j-1.5.8/site/migrator.html", "size_i": "6443", "regex": "false"},
	{"name_s": "/usr/share/doc/slf4j-1.5.8/site/news.html", "size_i": "40895", "regex": "false"},
	{"name_s": "/usr/share/doc/slf4j-1.5.8/site/support.html", "size_i": "1105", "regex": "false"},
	{"name_s": "/usr/share/doc/slf4j-1.5.8/site/svn.html", "size_i": "2519", "regex": "false"},
	{"name_s": "/usr/share/doc/slf4j-1.5.8/site/templates", "size_i": "4096", "regex": "false"},
	{"name_s": "/usr/share/doc/slf4j-1.5.8/site/templates/footer.js", "size_i": "538", "regex": "false"},
	{"name_s": "/usr/share/doc/slf4j-1.5.8/site/templates/header.js", "size_i": "275", "regex": "false"},
	{"name_s": "/usr/share/doc/slf4j-1.5.8/site/templates/left.js", "size_i": "1300", "regex": "false"},
	{"name_s": "/usr/share/doc/slf4j-1.5.8/site/templates/right.js", "size_i": "1", "regex": "false"}
]
