[
	{"name_s": "/usr/share/javadoc/slf4j", "size_i": "11", "regex": "false"},
	{"name_s": "/usr/share/javadoc/slf4j-1.5.8", "size_i": "4096", "regex": "false"},
	{"name_s": "/usr/share/javadoc/slf4j-1.5.8/allclasses-frame.html", "size_i": "9411", "regex": "false"},
	{"name_s": "/usr/share/javadoc/slf4j-1.5.8/allclasses-noframe.html", "size_i": "8051", "regex": "false"},
	{"name_s": "/usr/share/javadoc/slf4j-1.5.8/constant-values.html", "size_i": "29541", "regex": "false"},
	{"name_s": "/usr/share/javadoc/slf4j-1.5.8/deprecated-list.html", "size_i": "10734", "regex": "false"},
	{"name_s": "/usr/share/javadoc/slf4j-1.5.8/help-doc.html", "size_i": "10125", "regex": "false"},
	{"name_s": "/usr/share/javadoc/slf4j-1.5.8/index-all.html", "size_i": "298626", "regex": "false"},
	{"name_s": "/usr/share/javadoc/slf4j-1.5.8/index.html", "size_i": "1510", "regex": "false"},
	{"name_s": "/usr/share/javadoc/slf4j-1.5.8/org", "size_i": "4096", "regex": "false"},
	{"name_s": "/usr/share/javadoc/slf4j-1.5.8/org/apache", "size_i": "4096", "regex": "false"},
	{"name_s": "/usr/share/javadoc/slf4j-1.5.8/org/apache/commons", "size_i": "4096", "regex": "false"},
	{"name_s": "/usr/share/javadoc/slf4j-1.5.8/org/apache/commons/logging", "size_i": "4096", "regex": "false"},
	{"name_s": "/usr/share/javadoc/slf4j-1.5.8/org/apache/commons/logging/Log.html", "size_i": "28146", "regex": "false"},
	{"name_s": "/usr/share/javadoc/slf4j-1.5.8/org/apache/commons/logging/LogConfigurationException.html", "size_i": "22108", "regex": "false"},
	{"name_s": "/usr/share/javadoc/slf4j-1.5.8/org/apache/commons/logging/LogFactory.html", "size_i": "58080", "regex": "false"},
	{"name_s": "/usr/share/javadoc/slf4j-1.5.8/org/apache/commons/logging/class-use", "size_i": "4096", "regex": "false"},
	{"name_s": "/usr/share/javadoc/slf4j-1.5.8/org/apache/commons/logging/class-use/Log.html", "size_i": "16289", "regex": "false"},
	{"name_s": "/usr/share/javadoc/slf4j-1.5.8/org/apache/commons/logging/class-use/LogConfigurationException.html", "size_i": "15057", "regex": "false"},
	{"name_s": "/usr/share/javadoc/slf4j-1.5.8/org/apache/commons/logging/class-use/LogFactory.html", "size_i": "13427", "regex": "false"},
	{"name_s": "/usr/share/javadoc/slf4j-1.5.8/org/apache/commons/logging/impl", "size_i": "4096", "regex": "false"},
	{"name_s": "/usr/share/javadoc/slf4j-1.5.8/org/apache/commons/logging/impl/NoOpLog.html", "size_i": "35859", "regex": "false"},
	{"name_s": "/usr/share/javadoc/slf4j-1.5.8/org/apache/commons/logging/impl/SLF4JLocationAwareLog.html", "size_i": "43104", "regex": "false"},
	{"name_s": "/usr/share/javadoc/slf4j-1.5.8/org/apache/commons/logging/impl/SLF4JLog.html", "size_i": "42785", "regex": "false"},
	{"name_s": "/usr/share/javadoc/slf4j-1.5.8/org/apache/commons/logging/impl/SLF4JLogFactory.html", "size_i": "32155", "regex": "false"},
	{"name_s": "/usr/share/javadoc/slf4j-1.5.8/org/apache/commons/logging/impl/SimpleLog.html", "size_i": "59565", "regex": "false"},
	{"name_s": "/usr/share/javadoc/slf4j-1.5.8/org/apache/commons/logging/impl/class-use", "size_i": "4096", "regex": "false"},
	{"name_s": "/usr/share/javadoc/slf4j-1.5.8/org/apache/commons/logging/impl/class-use/NoOpLog.html", "size_i": "6307", "regex": "false"},
	{"name_s": "/usr/share/javadoc/slf4j-1.5.8/org/apache/commons/logging/impl/class-use/SLF4JLocationAwareLog.html", "size_i": "6447", "regex": "false"},
	{"name_s": "/usr/share/javadoc/slf4j-1.5.8/org/apache/commons/logging/impl/class-use/SLF4JLog.html", "size_i": "6317", "regex": "false"},
	{"name_s": "/usr/share/javadoc/slf4j-1.5.8/org/apache/commons/logging/impl/class-use/SLF4JLogFactory.html", "size_i": "6387", "regex": "false"},
	{"name_s": "/usr/share/javadoc/slf4j-1.5.8/org/apache/commons/logging/impl/class-use/SimpleLog.html", "size_i": "6327", "regex": "false"},
	{"name_s": "/usr/share/javadoc/slf4j-1.5.8/org/apache/commons/logging/impl/package-frame.html", "size_i": "1533", "regex": "false"},
	{"name_s": "/usr/share/javadoc/slf4j-1.5.8/org/apache/commons/logging/impl/package-summary.html", "size_i": "9197", "regex": "false"},
	{"name_s": "/usr/share/javadoc/slf4j-1.5.8/org/apache/commons/logging/impl/package-tree.html", "size_i": "8916", "regex": "false"},
	{"name_s": "/usr/share/javadoc/slf4j-1.5.8/org/apache/commons/logging/impl/package-use.html", "size_i": "5954", "regex": "false"},
	{"name_s": "/usr/share/javadoc/slf4j-1.5.8/org/apache/commons/logging/package-frame.html", "size_i": "1654", "regex": "false"},
	{"name_s": "/usr/share/javadoc/slf4j-1.5.8/org/apache/commons/logging/package-summary.html", "size_i": "13437", "regex": "false"},
	{"name_s": "/usr/share/javadoc/slf4j-1.5.8/org/apache/commons/logging/package-tree.html", "size_i": "7621", "regex": "false"},
	{"name_s": "/usr/share/javadoc/slf4j-1.5.8/org/apache/commons/logging/package-use.html", "size_i": "10343", "regex": "false"},
	{"name_s": "/usr/share/javadoc/slf4j-1.5.8/org/apache/log4j", "size_i": "4096", "regex": "false"},
	{"name_s": "/usr/share/javadoc/slf4j-1.5.8/org/apache/log4j/Category.html", "size_i": "38043", "regex": "false"},
	{"name_s": "/usr/share/javadoc/slf4j-1.5.8/org/apache/log4j/Level.html", "size_i": "28252", "regex": "false"},
	{"name_s": "/usr/share/javadoc/slf4j-1.5.8/org/apache/log4j/Logger.html", "size_i": "20407", "regex": "false"},
	{"name_s": "/usr/share/javadoc/slf4j-1.5.8/org/apache/log4j/MDC.html", "size_i": "15954", "regex": "false"},
	{"name_s": "/usr/share/javadoc/slf4j-1.5.8/org/apache/log4j/Priority.html", "size_i": "33445", "regex": "false"},
	{"name_s": "/usr/share/javadoc/slf4j-1.5.8/org/apache/log4j/class-use", "size_i": "4096", "regex": "false"},
	{"name_s": "/usr/share/javadoc/slf4j-1.5.8/org/apache/log4j/class-use/Category.html", "size_i": "9648", "regex": "false"},
	{"name_s": "/usr/share/javadoc/slf4j-1.5.8/org/apache/log4j/class-use/Level.html", "size_i": "18140", "regex": "false"},
	{"name_s": "/usr/share/javadoc/slf4j-1.5.8/org/apache/log4j/class-use/Logger.html", "size_i": "9106", "regex": "false"},
	{"name_s": "/usr/share/javadoc/slf4j-1.5.8/org/apache/log4j/class-use/MDC.html", "size_i": "6015", "regex": "false"},
	{"name_s": "/usr/share/javadoc/slf4j-1.5.8/org/apache/log4j/class-use/Priority.html", "size_i": "19814", "regex": "false"},
	{"name_s": "/usr/share/javadoc/slf4j-1.5.8/org/apache/log4j/package-frame.html", "size_i": "1341", "regex": "false"},
	{"name_s": "/usr/share/javadoc/slf4j-1.5.8/org/apache/log4j/package-summary.html", "size_i": "8487", "regex": "false"},
	{"name_s": "/usr/share/javadoc/slf4j-1.5.8/org/apache/log4j/package-tree.html", "size_i": "7144", "regex": "false"},
	{"name_s": "/usr/share/javadoc/slf4j-1.5.8/org/apache/log4j/package-use.html", "size_i": "8481", "regex": "false"},
	{"name_s": "/usr/share/javadoc/slf4j-1.5.8/org/slf4j", "size_i": "4096", "regex": "false"},
	{"name_s": "/usr/share/javadoc/slf4j-1.5.8/org/slf4j/ILoggerFactory.html", "size_i": "10758", "regex": "false"},
	{"name_s": "/usr/share/javadoc/slf4j-1.5.8/org/slf4j/IMarkerFactory.html", "size_i": "13078", "regex": "false"},
	{"name_s": "/usr/share/javadoc/slf4j-1.5.8/org/slf4j/Logger.html", "size_i": "106632", "regex": "false"},
	{"name_s": "/usr/share/javadoc/slf4j-1.5.8/org/slf4j/LoggerFactory.html", "size_i": "15080", "regex": "false"},
	{"name_s": "/usr/share/javadoc/slf4j-1.5.8/org/slf4j/MDC.html", "size_i": "20637", "regex": "false"},
	{"name_s": "/usr/share/javadoc/slf4j-1.5.8/org/slf4j/Marker.html", "size_i": "21562", "regex": "false"},
	{"name_s": "/usr/share/javadoc/slf4j-1.5.8/org/slf4j/MarkerFactory.html", "size_i": "14702", "regex": "false"},
	{"name_s": "/usr/share/javadoc/slf4j-1.5.8/org/slf4j/NDC.html", "size_i": "14071", "regex": "false"},
	{"name_s": "/usr/share/javadoc/slf4j-1.5.8/org/slf4j/agent", "size_i": "4096", "regex": "false"},
	{"name_s": "/usr/share/javadoc/slf4j-1.5.8/org/slf4j/agent/AgentOptions.html", "size_i": "16370", "regex": "false"},
	{"name_s": "/usr/share/javadoc/slf4j-1.5.8/org/slf4j/agent/AgentPremain.html", "size_i": "13138", "regex": "false"},
	{"name_s": "/usr/share/javadoc/slf4j-1.5.8/org/slf4j/agent/class-use", "size_i": "4096", "regex": "false"},
	{"name_s": "/usr/share/javadoc/slf4j-1.5.8/org/slf4j/agent/class-use/AgentOptions.html", "size_i": "6095", "regex": "false"},
	{"name_s": "/usr/share/javadoc/slf4j-1.5.8/org/slf4j/agent/class-use/AgentPremain.html", "size_i": "6095", "regex": "false"},
	{"name_s": "/usr/share/javadoc/slf4j-1.5.8/org/slf4j/agent/package-frame.html", "size_i": "1078", "regex": "false"},
	{"name_s": "/usr/share/javadoc/slf4j-1.5.8/org/slf4j/agent/package-summary.html", "size_i": "7978", "regex": "false"},
	{"name_s": "/usr/share/javadoc/slf4j-1.5.8/org/slf4j/agent/package-tree.html", "size_i": "6528", "regex": "false"},
	{"name_s": "/usr/share/javadoc/slf4j-1.5.8/org/slf4j/agent/package-use.html", "size_i": "5768", "regex": "false"},
	{"name_s": "/usr/share/javadoc/slf4j-1.5.8/org/slf4j/bridge", "size_i": "4096", "regex": "false"},
	{"name_s": "/usr/share/javadoc/slf4j-1.5.8/org/slf4j/bridge/SLF4JBridgeHandler.html", "size_i": "24978", "regex": "false"},
	{"name_s": "/usr/share/javadoc/slf4j-1.5.8/org/slf4j/bridge/class-use", "size_i": "4096", "regex": "false"},
	{"name_s": "/usr/share/javadoc/slf4j-1.5.8/org/slf4j/bridge/class-use/SLF4JBridgeHandler.html", "size_i": "6165", "regex": "false"},
	{"name_s": "/usr/share/javadoc/slf4j-1.5.8/org/slf4j/bridge/package-frame.html", "size_i": "989", "regex": "false"},
	{"name_s": "/usr/share/javadoc/slf4j-1.5.8/org/slf4j/bridge/package-summary.html", "size_i": "6870", "regex": "false"},
	{"name_s": "/usr/share/javadoc/slf4j-1.5.8/org/slf4j/bridge/package-tree.html", "size_i": "6624", "regex": "false"},
	{"name_s": "/usr/share/javadoc/slf4j-1.5.8/org/slf4j/bridge/package-use.html", "size_i": "5774", "regex": "false"},
	{"name_s": "/usr/share/javadoc/slf4j-1.5.8/org/slf4j/class-use", "size_i": "4096", "regex": "false"},
	{"name_s": "/usr/share/javadoc/slf4j-1.5.8/org/slf4j/class-use/ILoggerFactory.html", "size_i": "16483", "regex": "false"},
	{"name_s": "/usr/share/javadoc/slf4j-1.5.8/org/slf4j/class-use/IMarkerFactory.html", "size_i": "13067", "regex": "false"},
	{"name_s": "/usr/share/javadoc/slf4j-1.5.8/org/slf4j/class-use/Logger.html", "size_i": "30916", "regex": "false"},
	{"name_s": "/usr/share/javadoc/slf4j-1.5.8/org/slf4j/class-use/LoggerFactory.html", "size_i": "5994", "regex": "false"},
	{"name_s": "/usr/share/javadoc/slf4j-1.5.8/org/slf4j/class-use/MDC.html", "size_i": "5894", "regex": "false"},
	{"name_s": "/usr/share/javadoc/slf4j-1.5.8/org/slf4j/class-use/Marker.html", "size_i": "98166", "regex": "false"},
	{"name_s": "/usr/share/javadoc/slf4j-1.5.8/org/slf4j/class-use/MarkerFactory.html", "size_i": "5994", "regex": "false"},
	{"name_s": "/usr/share/javadoc/slf4j-1.5.8/org/slf4j/class-use/NDC.html", "size_i": "5894", "regex": "false"},
	{"name_s": "/usr/share/javadoc/slf4j-1.5.8/org/slf4j/ext", "size_i": "4096", "regex": "false"},
	{"name_s": "/usr/share/javadoc/slf4j-1.5.8/org/slf4j/ext/EventData.html", "size_i": "40858", "regex": "false"},
	{"name_s": "/usr/share/javadoc/slf4j-1.5.8/org/slf4j/ext/EventException.html", "size_i": "18034", "regex": "false"},
	{"name_s": "/usr/share/javadoc/slf4j-1.5.8/org/slf4j/ext/EventLogger.html", "size_i": "11346", "regex": "false"},
	{"name_s": "/usr/share/javadoc/slf4j-1.5.8/org/slf4j/ext/LoggerWrapper.html", "size_i": "117523", "regex": "false"},
	{"name_s": "/usr/share/javadoc/slf4j-1.5.8/org/slf4j/ext/MDCStrLookup.html", "size_i": "13532", "regex": "false"},
	{"name_s": "/usr/share/javadoc/slf4j-1.5.8/org/slf4j/ext/XLogger.Level.html", "size_i": "20338", "regex": "false"},
	{"name_s": "/usr/share/javadoc/slf4j-1.5.8/org/slf4j/ext/XLogger.html", "size_i": "35028", "regex": "false"},
	{"name_s": "/usr/share/javadoc/slf4j-1.5.8/org/slf4j/ext/XLoggerFactory.html", "size_i": "14477", "regex": "false"},
	{"name_s": "/usr/share/javadoc/slf4j-1.5.8/org/slf4j/ext/class-use", "size_i": "4096", "regex": "false"},
	{"name_s": "/usr/share/javadoc/slf4j-1.5.8/org/slf4j/ext/class-use/EventData.html", "size_i": "7823", "regex": "false"},
	{"name_s": "/usr/share/javadoc/slf4j-1.5.8/org/slf4j/ext/class-use/EventException.html", "size_i": "6095", "regex": "false"},
	{"name_s": "/usr/share/javadoc/slf4j-1.5.8/org/slf4j/ext/class-use/EventLogger.html", "size_i": "6065", "regex": "false"},
	{"name_s": "/usr/share/javadoc/slf4j-1.5.8/org/slf4j/ext/class-use/LoggerWrapper.html", "size_i": "7796", "regex": "false"},
	{"name_s": "/usr/share/javadoc/slf4j-1.5.8/org/slf4j/ext/class-use/MDCStrLookup.html", "size_i": "6075", "regex": "false"},
	{"name_s": "/usr/share/javadoc/slf4j-1.5.8/org/slf4j/ext/class-use/XLogger.Level.html", "size_i": "10491", "regex": "false"},
	{"name_s": "/usr/share/javadoc/slf4j-1.5.8/org/slf4j/ext/class-use/XLogger.html", "size_i": "8580", "regex": "false"},
	{"name_s": "/usr/share/javadoc/slf4j-1.5.8/org/slf4j/ext/class-use/XLoggerFactory.html", "size_i": "6095", "regex": "false"},
	{"name_s": "/usr/share/javadoc/slf4j-1.5.8/org/slf4j/ext/package-frame.html", "size_i": "2058", "regex": "false"},
	{"name_s": "/usr/share/javadoc/slf4j-1.5.8/org/slf4j/ext/package-summary.html", "size_i": "9357", "regex": "false"},
	{"name_s": "/usr/share/javadoc/slf4j-1.5.8/org/slf4j/ext/package-tree.html", "size_i": "9330", "regex": "false"},
	{"name_s": "/usr/share/javadoc/slf4j-1.5.8/org/slf4j/ext/package-use.html", "size_i": "7852", "regex": "false"},
	{"name_s": "/usr/share/javadoc/slf4j-1.5.8/org/slf4j/helpers", "size_i": "4096", "regex": "false"},
	{"name_s": "/usr/share/javadoc/slf4j-1.5.8/org/slf4j/helpers/BasicMDCAdapter.html", "size_i": "22503", "regex": "false"},
	{"name_s": "/usr/share/javadoc/slf4j-1.5.8/org/slf4j/helpers/BasicMarker.html", "size_i": "25378", "regex": "false"},
	{"name_s": "/usr/share/javadoc/slf4j-1.5.8/org/slf4j/helpers/BasicMarkerFactory.html", "size_i": "19149", "regex": "false"},
	{"name_s": "/usr/share/javadoc/slf4j-1.5.8/org/slf4j/helpers/MarkerIgnoringBase.html", "size_i": "92080", "regex": "false"},
	{"name_s": "/usr/share/javadoc/slf4j-1.5.8/org/slf4j/helpers/MessageFormatter.html", "size_i": "21000", "regex": "false"},
	{"name_s": "/usr/share/javadoc/slf4j-1.5.8/org/slf4j/helpers/NOPLogger.html", "size_i": "58949", "regex": "false"},
	{"name_s": "/usr/share/javadoc/slf4j-1.5.8/org/slf4j/helpers/NOPMakerAdapter.html", "size_i": "21789", "regex": "false"},
	{"name_s": "/usr/share/javadoc/slf4j-1.5.8/org/slf4j/helpers/SubstituteLoggerFactory.html", "size_i": "15622", "regex": "false"},
	{"name_s": "/usr/share/javadoc/slf4j-1.5.8/org/slf4j/helpers/Util.html", "size_i": "13399", "regex": "false"},
	{"name_s": "/usr/share/javadoc/slf4j-1.5.8/org/slf4j/helpers/class-use", "size_i": "4096", "regex": "false"},
	{"name_s": "/usr/share/javadoc/slf4j-1.5.8/org/slf4j/helpers/class-use/BasicMDCAdapter.html", "size_i": "6145", "regex": "false"},
	{"name_s": "/usr/share/javadoc/slf4j-1.5.8/org/slf4j/helpers/class-use/BasicMarker.html", "size_i": "6105", "regex": "false"},
	{"name_s": "/usr/share/javadoc/slf4j-1.5.8/org/slf4j/helpers/class-use/BasicMarkerFactory.html", "size_i": "6175", "regex": "false"},
	{"name_s": "/usr/share/javadoc/slf4j-1.5.8/org/slf4j/helpers/class-use/MarkerIgnoringBase.html", "size_i": "11661", "regex": "false"},
	{"name_s": "/usr/share/javadoc/slf4j-1.5.8/org/slf4j/helpers/class-use/MessageFormatter.html", "size_i": "6155", "regex": "false"},
	{"name_s": "/usr/share/javadoc/slf4j-1.5.8/org/slf4j/helpers/class-use/NOPLogger.html", "size_i": "7882", "regex": "false"},
	{"name_s": "/usr/share/javadoc/slf4j-1.5.8/org/slf4j/helpers/class-use/NOPMakerAdapter.html", "size_i": "6145", "regex": "false"},
	{"name_s": "/usr/share/javadoc/slf4j-1.5.8/org/slf4j/helpers/class-use/SubstituteLoggerFactory.html", "size_i": "6225", "regex": "false"},
	{"name_s": "/usr/share/javadoc/slf4j-1.5.8/org/slf4j/helpers/class-use/Util.html", "size_i": "6035", "regex": "false"},
	{"name_s": "/usr/share/javadoc/slf4j-1.5.8/org/slf4j/helpers/package-frame.html", "size_i": "1879", "regex": "false"},
	{"name_s": "/usr/share/javadoc/slf4j-1.5.8/org/slf4j/helpers/package-summary.html", "size_i": "9644", "regex": "false"},
	{"name_s": "/usr/share/javadoc/slf4j-1.5.8/org/slf4j/helpers/package-tree.html", "size_i": "8372", "regex": "false"},
	{"name_s": "/usr/share/javadoc/slf4j-1.5.8/org/slf4j/helpers/package-use.html", "size_i": "8459", "regex": "false"},
	{"name_s": "/usr/share/javadoc/slf4j-1.5.8/org/slf4j/impl", "size_i": "4096", "regex": "false"},
	{"name_s": "/usr/share/javadoc/slf4j-1.5.8/org/slf4j/impl/JCLLoggerAdapter.html", "size_i": "76075", "regex": "false"},
	{"name_s": "/usr/share/javadoc/slf4j-1.5.8/org/slf4j/impl/JCLLoggerFactory.html", "size_i": "14543", "regex": "false"},
	{"name_s": "/usr/share/javadoc/slf4j-1.5.8/org/slf4j/impl/JDK14LoggerAdapter.html", "size_i": "77270", "regex": "false"},
	{"name_s": "/usr/share/javadoc/slf4j-1.5.8/org/slf4j/impl/JDK14LoggerFactory.html", "size_i": "14589", "regex": "false"},
	{"name_s": "/usr/share/javadoc/slf4j-1.5.8/org/slf4j/impl/Log4jLoggerAdapter.html", "size_i": "77688", "regex": "false"},
	{"name_s": "/usr/share/javadoc/slf4j-1.5.8/org/slf4j/impl/Log4jLoggerFactory.html", "size_i": "14581", "regex": "false"},
	{"name_s": "/usr/share/javadoc/slf4j-1.5.8/org/slf4j/impl/Log4jMDCAdapter.html", "size_i": "21355", "regex": "false"},
	{"name_s": "/usr/share/javadoc/slf4j-1.5.8/org/slf4j/impl/NOPLoggerFactory.html", "size_i": "14426", "regex": "false"},
	{"name_s": "/usr/share/javadoc/slf4j-1.5.8/org/slf4j/impl/SimpleLogger.html", "size_i": "63054", "regex": "false"},
	{"name_s": "/usr/share/javadoc/slf4j-1.5.8/org/slf4j/impl/SimpleLoggerFactory.html", "size_i": "13887", "regex": "false"},
	{"name_s": "/usr/share/javadoc/slf4j-1.5.8/org/slf4j/impl/StaticLoggerBinder.html", "size_i": "16405", "regex": "false"},
	{"name_s": "/usr/share/javadoc/slf4j-1.5.8/org/slf4j/impl/StaticMDCBinder.html", "size_i": "13709", "regex": "false"},
	{"name_s": "/usr/share/javadoc/slf4j-1.5.8/org/slf4j/impl/StaticMarkerBinder.html", "size_i": "16213", "regex": "false"},
	{"name_s": "/usr/share/javadoc/slf4j-1.5.8/org/slf4j/impl/class-use", "size_i": "4096", "regex": "false"},
	{"name_s": "/usr/share/javadoc/slf4j-1.5.8/org/slf4j/impl/class-use/JCLLoggerAdapter.html", "size_i": "6125", "regex": "false"},
	{"name_s": "/usr/share/javadoc/slf4j-1.5.8/org/slf4j/impl/class-use/JCLLoggerFactory.html", "size_i": "6125", "regex": "false"},
	{"name_s": "/usr/share/javadoc/slf4j-1.5.8/org/slf4j/impl/class-use/JDK14LoggerAdapter.html", "size_i": "6145", "regex": "false"},
	{"name_s": "/usr/share/javadoc/slf4j-1.5.8/org/slf4j/impl/class-use/JDK14LoggerFactory.html", "size_i": "6145", "regex": "false"},
	{"name_s": "/usr/share/javadoc/slf4j-1.5.8/org/slf4j/impl/class-use/Log4jLoggerAdapter.html", "size_i": "6145", "regex": "false"},
	{"name_s": "/usr/share/javadoc/slf4j-1.5.8/org/slf4j/impl/class-use/Log4jLoggerFactory.html", "size_i": "6145", "regex": "false"},
	{"name_s": "/usr/share/javadoc/slf4j-1.5.8/org/slf4j/impl/class-use/Log4jMDCAdapter.html", "size_i": "6115", "regex": "false"},
	{"name_s": "/usr/share/javadoc/slf4j-1.5.8/org/slf4j/impl/class-use/NOPLoggerFactory.html", "size_i": "6125", "regex": "false"},
	{"name_s": "/usr/share/javadoc/slf4j-1.5.8/org/slf4j/impl/class-use/SimpleLogger.html", "size_i": "6085", "regex": "false"},
	{"name_s": "/usr/share/javadoc/slf4j-1.5.8/org/slf4j/impl/class-use/SimpleLoggerFactory.html", "size_i": "6155", "regex": "false"},
	{"name_s": "/usr/share/javadoc/slf4j-1.5.8/org/slf4j/impl/class-use/StaticLoggerBinder.html", "size_i": "9294", "regex": "false"},
	{"name_s": "/usr/share/javadoc/slf4j-1.5.8/org/slf4j/impl/class-use/StaticMDCBinder.html", "size_i": "8051", "regex": "false"},
	{"name_s": "/usr/share/javadoc/slf4j-1.5.8/org/slf4j/impl/class-use/StaticMarkerBinder.html", "size_i": "8108", "regex": "false"},
	{"name_s": "/usr/share/javadoc/slf4j-1.5.8/org/slf4j/impl/package-frame.html", "size_i": "2339", "regex": "false"},
	{"name_s": "/usr/share/javadoc/slf4j-1.5.8/org/slf4j/impl/package-summary.html", "size_i": "12506", "regex": "false"},
	{"name_s": "/usr/share/javadoc/slf4j-1.5.8/org/slf4j/impl/package-tree.html", "size_i": "9838", "regex": "false"},
	{"name_s": "/usr/share/javadoc/slf4j-1.5.8/org/slf4j/impl/package-use.html", "size_i": "8071", "regex": "false"},
	{"name_s": "/usr/share/javadoc/slf4j-1.5.8/org/slf4j/instrumentation", "size_i": "4096", "regex": "false"},
	{"name_s": "/usr/share/javadoc/slf4j-1.5.8/org/slf4j/instrumentation/JavassistHelper.html", "size_i": "14357", "regex": "false"},
	{"name_s": "/usr/share/javadoc/slf4j-1.5.8/org/slf4j/instrumentation/LogTransformer.Builder.html", "size_i": "17479", "regex": "false"},
	{"name_s": "/usr/share/javadoc/slf4j-1.5.8/org/slf4j/instrumentation/LogTransformer.html", "size_i": "15022", "regex": "false"},
	{"name_s": "/usr/share/javadoc/slf4j-1.5.8/org/slf4j/instrumentation/ToStringHelper.html", "size_i": "13089", "regex": "false"},
	{"name_s": "/usr/share/javadoc/slf4j-1.5.8/org/slf4j/instrumentation/class-use", "size_i": "4096", "regex": "false"},
	{"name_s": "/usr/share/javadoc/slf4j-1.5.8/org/slf4j/instrumentation/class-use/JavassistHelper.html", "size_i": "6225", "regex": "false"},
	{"name_s": "/usr/share/javadoc/slf4j-1.5.8/org/slf4j/instrumentation/class-use/LogTransformer.Builder.html", "size_i": "10407", "regex": "false"},
	{"name_s": "/usr/share/javadoc/slf4j-1.5.8/org/slf4j/instrumentation/class-use/LogTransformer.html", "size_i": "8260", "regex": "false"},
	{"name_s": "/usr/share/javadoc/slf4j-1.5.8/org/slf4j/instrumentation/class-use/ToStringHelper.html", "size_i": "6215", "regex": "false"},
	{"name_s": "/usr/share/javadoc/slf4j-1.5.8/org/slf4j/instrumentation/package-frame.html", "size_i": "1392", "regex": "false"},
	{"name_s": "/usr/share/javadoc/slf4j-1.5.8/org/slf4j/instrumentation/package-summary.html", "size_i": "8192", "regex": "false"},
	{"name_s": "/usr/share/javadoc/slf4j-1.5.8/org/slf4j/instrumentation/package-tree.html", "size_i": "7258", "regex": "false"},
	{"name_s": "/usr/share/javadoc/slf4j-1.5.8/org/slf4j/instrumentation/package-use.html", "size_i": "7597", "regex": "false"},
	{"name_s": "/usr/share/javadoc/slf4j-1.5.8/org/slf4j/package-frame.html", "size_i": "1824", "regex": "false"},
	{"name_s": "/usr/share/javadoc/slf4j-1.5.8/org/slf4j/package-summary.html", "size_i": "9020", "regex": "false"},
	{"name_s": "/usr/share/javadoc/slf4j-1.5.8/org/slf4j/package-tree.html", "size_i": "7348", "regex": "false"},
	{"name_s": "/usr/share/javadoc/slf4j-1.5.8/org/slf4j/package-use.html", "size_i": "17578", "regex": "false"},
	{"name_s": "/usr/share/javadoc/slf4j-1.5.8/org/slf4j/profiler", "size_i": "4096", "regex": "false"},
	{"name_s": "/usr/share/javadoc/slf4j-1.5.8/org/slf4j/profiler/DurationUnit.html", "size_i": "18354", "regex": "false"},
	{"name_s": "/usr/share/javadoc/slf4j-1.5.8/org/slf4j/profiler/Profiler.html", "size_i": "25383", "regex": "false"},
	{"name_s": "/usr/share/javadoc/slf4j-1.5.8/org/slf4j/profiler/ProfilerRegistry.html", "size_i": "15794", "regex": "false"},
	{"name_s": "/usr/share/javadoc/slf4j-1.5.8/org/slf4j/profiler/SpacePadder.html", "size_i": "16681", "regex": "false"},
	{"name_s": "/usr/share/javadoc/slf4j-1.5.8/org/slf4j/profiler/StopWatch.html", "size_i": "22150", "regex": "false"},
	{"name_s": "/usr/share/javadoc/slf4j-1.5.8/org/slf4j/profiler/TimeInstrument.html", "size_i": "13537", "regex": "false"},
	{"name_s": "/usr/share/javadoc/slf4j-1.5.8/org/slf4j/profiler/class-use", "size_i": "4096", "regex": "false"},
	{"name_s": "/usr/share/javadoc/slf4j-1.5.8/org/slf4j/profiler/class-use/DurationUnit.html", "size_i": "8715", "regex": "false"},
	{"name_s": "/usr/share/javadoc/slf4j-1.5.8/org/slf4j/profiler/class-use/Profiler.html", "size_i": "10259", "regex": "false"},
	{"name_s": "/usr/share/javadoc/slf4j-1.5.8/org/slf4j/profiler/class-use/ProfilerRegistry.html", "size_i": "9520", "regex": "false"},
	{"name_s": "/usr/share/javadoc/slf4j-1.5.8/org/slf4j/profiler/class-use/SpacePadder.html", "size_i": "6115", "regex": "false"},
	{"name_s": "/usr/share/javadoc/slf4j-1.5.8/org/slf4j/profiler/class-use/StopWatch.html", "size_i": "7897", "regex": "false"},
	{"name_s": "/usr/share/javadoc/slf4j-1.5.8/org/slf4j/profiler/class-use/TimeInstrument.html", "size_i": "10257", "regex": "false"},
	{"name_s": "/usr/share/javadoc/slf4j-1.5.8/org/slf4j/profiler/package-frame.html", "size_i": "1910", "regex": "false"},
	{"name_s": "/usr/share/javadoc/slf4j-1.5.8/org/slf4j/profiler/package-summary.html", "size_i": "8805", "regex": "false"},
	{"name_s": "/usr/share/javadoc/slf4j-1.5.8/org/slf4j/profiler/package-tree.html", "size_i": "8303", "regex": "false"},
	{"name_s": "/usr/share/javadoc/slf4j-1.5.8/org/slf4j/profiler/package-use.html", "size_i": "8445", "regex": "false"},
	{"name_s": "/usr/share/javadoc/slf4j-1.5.8/org/slf4j/spi", "size_i": "4096", "regex": "false"},
	{"name_s": "/usr/share/javadoc/slf4j-1.5.8/org/slf4j/spi/LocationAwareLogger.html", "size_i": "21559", "regex": "false"},
	{"name_s": "/usr/share/javadoc/slf4j-1.5.8/org/slf4j/spi/LoggerFactoryBinder.html", "size_i": "11527", "regex": "false"},
	{"name_s": "/usr/share/javadoc/slf4j-1.5.8/org/slf4j/spi/MDCAdapter.html", "size_i": "15059", "regex": "false"},
	{"name_s": "/usr/share/javadoc/slf4j-1.5.8/org/slf4j/spi/MarkerFactoryBinder.html", "size_i": "11680", "regex": "false"},
	{"name_s": "/usr/share/javadoc/slf4j-1.5.8/org/slf4j/spi/class-use", "size_i": "4096", "regex": "false"},
	{"name_s": "/usr/share/javadoc/slf4j-1.5.8/org/slf4j/spi/class-use/LocationAwareLogger.html", "size_i": "10862", "regex": "false"},
	{"name_s": "/usr/share/javadoc/slf4j-1.5.8/org/slf4j/spi/class-use/LoggerFactoryBinder.html", "size_i": "6165", "regex": "false"},
	{"name_s": "/usr/share/javadoc/slf4j-1.5.8/org/slf4j/spi/class-use/MDCAdapter.html", "size_i": "12377", "regex": "false"},
	{"name_s": "/usr/share/javadoc/slf4j-1.5.8/org/slf4j/spi/class-use/MarkerFactoryBinder.html", "size_i": "8327", "regex": "false"},
	{"name_s": "/usr/share/javadoc/slf4j-1.5.8/org/slf4j/spi/package-frame.html", "size_i": "1359", "regex": "false"},
	{"name_s": "/usr/share/javadoc/slf4j-1.5.8/org/slf4j/spi/package-summary.html", "size_i": "8168", "regex": "false"},
	{"name_s": "/usr/share/javadoc/slf4j-1.5.8/org/slf4j/spi/package-tree.html", "size_i": "6669", "regex": "false"},
	{"name_s": "/usr/share/javadoc/slf4j-1.5.8/org/slf4j/spi/package-use.html", "size_i": "10689", "regex": "false"},
	{"name_s": "/usr/share/javadoc/slf4j-1.5.8/overview-frame.html", "size_i": "2571", "regex": "false"},
	{"name_s": "/usr/share/javadoc/slf4j-1.5.8/overview-summary.html", "size_i": "9159", "regex": "false"},
	{"name_s": "/usr/share/javadoc/slf4j-1.5.8/overview-tree.html", "size_i": "22414", "regex": "false"},
	{"name_s": "/usr/share/javadoc/slf4j-1.5.8/package-list", "size_i": "237", "regex": "false"},
	{"name_s": "/usr/share/javadoc/slf4j-1.5.8/resources", "size_i": "4096", "regex": "false"},
	{"name_s": "/usr/share/javadoc/slf4j-1.5.8/resources/inherit.gif", "size_i": "57", "regex": "false"},
	{"name_s": "/usr/share/javadoc/slf4j-1.5.8/serialized-form.html", "size_i": "32885", "regex": "false"},
	{"name_s": "/usr/share/javadoc/slf4j-1.5.8/stylesheet.css", "size_i": "1391", "regex": "false"}
]
