[
	{"name_s": "/usr/include/strigi", "size_i": "4096", "regex": "false"},
	{"name_s": "/usr/include/strigi/analysisresult.h", "size_i": "11702", "regex": "false"},
	{"name_s": "/usr/include/strigi/analyzerconfiguration.h", "size_i": "11044", "regex": "false"},
	{"name_s": "/usr/include/strigi/analyzerplugin.h", "size_i": "4663", "regex": "false"},
	{"name_s": "/usr/include/strigi/archivereader.h", "size_i": "9030", "regex": "false"},
	{"name_s": "/usr/include/strigi/asyncsocket.h", "size_i": "1710", "regex": "false"},
	{"name_s": "/usr/include/strigi/asyncsocketclient.h", "size_i": "2106", "regex": "false"},
	{"name_s": "/usr/include/strigi/bufferedstream.h", "size_i": "6366", "regex": "false"},
	{"name_s": "/usr/include/strigi/classproperties.h", "size_i": "2093", "regex": "false"},
	{"name_s": "/usr/include/strigi/clientinterface.h", "size_i": "3593", "regex": "false"},
	{"name_s": "/usr/include/strigi/diranalyzer.h", "size_i": "1791", "regex": "false"},
	{"name_s": "/usr/include/strigi/encodinginputstream.h", "size_i": "1583", "regex": "false"},
	{"name_s": "/usr/include/strigi/fieldproperties.h", "size_i": "2913", "regex": "false"},
	{"name_s": "/usr/include/strigi/fieldpropertiesdb.h", "size_i": "3171", "regex": "false"},
	{"name_s": "/usr/include/strigi/fieldtypes.h", "size_i": "10600", "regex": "false"},
	{"name_s": "/usr/include/strigi/fileinputstream.h", "size_i": "1923", "regex": "false"},
	{"name_s": "/usr/include/strigi/indexeddocument.h", "size_i": "1570", "regex": "false"},
	{"name_s": "/usr/include/strigi/indexmanager.h", "size_i": "2484", "regex": "false"},
	{"name_s": "/usr/include/strigi/indexplugin.h", "size_i": "1451", "regex": "false"},
	{"name_s": "/usr/include/strigi/indexpluginloader.h", "size_i": "1469", "regex": "false"},
	{"name_s": "/usr/include/strigi/indexreader.h", "size_i": "4806", "regex": "false"},
	{"name_s": "/usr/include/strigi/indexwriter.h", "size_i": "8871", "regex": "false"},
	{"name_s": "/usr/include/strigi/inputstream.h", "size_i": "1033", "regex": "false"},
	{"name_s": "/usr/include/strigi/inputstreamreader.h", "size_i": "2398", "regex": "false"},
	{"name_s": "/usr/include/strigi/qtdbus", "size_i": "4096", "regex": "false"},
	{"name_s": "/usr/include/strigi/qtdbus/strigiasyncclient.h", "size_i": "2633", "regex": "false"},
	{"name_s": "/usr/include/strigi/qtdbus/strigiclient.h", "size_i": "2113", "regex": "false"},
	{"name_s": "/usr/include/strigi/qtdbus/strigidbus.h", "size_i": "5897", "regex": "false"},
	{"name_s": "/usr/include/strigi/qtdbus/strigitypes.h", "size_i": "2373", "regex": "false"},
	{"name_s": "/usr/include/strigi/query.h", "size_i": "3285", "regex": "false"},
	{"name_s": "/usr/include/strigi/queryparser.h", "size_i": "1109", "regex": "false"},
	{"name_s": "/usr/include/strigi/sdfinputstream.h", "size_i": "1748", "regex": "false"},
	{"name_s": "/usr/include/strigi/streamanalyzer.h", "size_i": "2310", "regex": "false"},
	{"name_s": "/usr/include/strigi/streamanalyzerfactory.h", "size_i": "1876", "regex": "false"},
	{"name_s": "/usr/include/strigi/streambase.h", "size_i": "8497", "regex": "false"},
	{"name_s": "/usr/include/strigi/streambuffer.h", "size_i": "4813", "regex": "false"},
	{"name_s": "/usr/include/strigi/streamendanalyzer.h", "size_i": "1759", "regex": "false"},
	{"name_s": "/usr/include/strigi/streameventanalyzer.h", "size_i": "1776", "regex": "false"},
	{"name_s": "/usr/include/strigi/streamlineanalyzer.h", "size_i": "3706", "regex": "false"},
	{"name_s": "/usr/include/strigi/streamsaxanalyzer.h", "size_i": "6517", "regex": "false"},
	{"name_s": "/usr/include/strigi/streamthroughanalyzer.h", "size_i": "2695", "regex": "false"},
	{"name_s": "/usr/include/strigi/strigiconfig.h", "size_i": "3925", "regex": "false"},
	{"name_s": "/usr/include/strigi/strigihtmlgui.h", "size_i": "3843", "regex": "false"},
	{"name_s": "/usr/include/strigi/stringstream.h", "size_i": "4577", "regex": "false"},
	{"name_s": "/usr/include/strigi/stringterminatedsubstream.h", "size_i": "2631", "regex": "false"},
	{"name_s": "/usr/include/strigi/subinputstream.h", "size_i": "2568", "regex": "false"},
	{"name_s": "/usr/include/strigi/substreamprovider.h", "size_i": "4901", "regex": "false"},
	{"name_s": "/usr/include/strigi/substreamproviderprovider.h", "size_i": "1770", "regex": "false"},
	{"name_s": "/usr/include/strigi/textutils.h", "size_i": "5623", "regex": "false"},
	{"name_s": "/usr/include/strigi/variant.h", "size_i": "2299", "regex": "false"},
	{"name_s": "/usr/lib/libsearchclient.so", "size_i": "20", "regex": "false"},
	{"name_s": "/usr/lib/libstreamanalyzer.so", "size_i": "22", "regex": "false"},
	{"name_s": "/usr/lib/libstreams.so", "size_i": "15", "regex": "false"},
	{"name_s": "/usr/lib/libstrigihtmlgui.so", "size_i": "21", "regex": "false"},
	{"name_s": "/usr/lib/libstrigiqtdbusclient.so", "size_i": "26", "regex": "false"},
	{"name_s": "/usr/lib/pkgconfig/libstreamanalyzer.pc", "size_i": "272", "regex": "false"},
	{"name_s": "/usr/lib/pkgconfig/libstreams.pc", "size_i": "235", "regex": "false"},
	{"name_s": "/usr/lib/strigi/StrigiConfig.cmake", "size_i": "2753", "regex": "false"}
]
