[
	{"name_s": "/etc/cron.d/sysstat", "size_i": "235", "regex": "false"},
	{"name_s": "/etc/rc.d/init.d/sysstat", "size_i": "1144", "regex": "false"},
	{"name_s": "/etc/sysconfig/sysstat", "size_i": "429", "regex": "false"},
	{"name_s": "/etc/sysconfig/sysstat.ioconf", "size_i": "6253", "regex": "false"},
	{"name_s": "/usr/bin/cifsiostat", "size_i": "53352", "regex": "false"},
	{"name_s": "/usr/bin/iostat", "size_i": "67104", "regex": "false"},
	{"name_s": "/usr/bin/mpstat", "size_i": "57232", "regex": "false"},
	{"name_s": "/usr/bin/pidstat", "size_i": "67456", "regex": "false"},
	{"name_s": "/usr/bin/sadf", "size_i": "110840", "regex": "false"},
	{"name_s": "/usr/bin/sar", "size_i": "80952", "regex": "false"},
	{"name_s": "/usr/lib64/sa", "size_i": "4096", "regex": "false"},
	{"name_s": "/usr/lib64/sa/sa1", "size_i": "1462", "regex": "false"},
	{"name_s": "/usr/lib64/sa/sa2", "size_i": "2113", "regex": "false"},
	{"name_s": "/usr/lib64/sa/sadc", "size_i": "75640", "regex": "false"},
	{"name_s": "/usr/share/doc/sysstat-9.0.4", "size_i": "4096", "regex": "false"},
	{"name_s": "/usr/share/doc/sysstat-9.0.4/CHANGES", "size_i": "66901", "regex": "false"},
	{"name_s": "/usr/share/doc/sysstat-9.0.4/COPYING", "size_i": "17982", "regex": "false"},
	{"name_s": "/usr/share/doc/sysstat-9.0.4/CREDITS", "size_i": "7905", "regex": "false"},
	{"name_s": "/usr/share/doc/sysstat-9.0.4/FAQ", "size_i": "27247", "regex": "false"},
	{"name_s": "/usr/share/doc/sysstat-9.0.4/README", "size_i": "4161", "regex": "false"},
	{"name_s": "/usr/share/doc/sysstat-9.0.4/TODO", "size_i": "469", "regex": "false"},
	{"name_s": "/usr/share/locale/af/LC_MESSAGES/sysstat.mo", "size_i": "4730", "regex": "false"},
	{"name_s": "/usr/share/locale/da/LC_MESSAGES/sysstat.mo", "size_i": "8021", "regex": "false"},
	{"name_s": "/usr/share/locale/de/LC_MESSAGES/sysstat.mo", "size_i": "4809", "regex": "false"},
	{"name_s": "/usr/share/locale/es/LC_MESSAGES/sysstat.mo", "size_i": "4931", "regex": "false"},
	{"name_s": "/usr/share/locale/fi/LC_MESSAGES/sysstat.mo", "size_i": "4361", "regex": "false"},
	{"name_s": "/usr/share/locale/fr/LC_MESSAGES/sysstat.mo", "size_i": "8454", "regex": "false"},
	{"name_s": "/usr/share/locale/id/LC_MESSAGES/sysstat.mo", "size_i": "8152", "regex": "false"},
	{"name_s": "/usr/share/locale/it/LC_MESSAGES/sysstat.mo", "size_i": "8483", "regex": "false"},
	{"name_s": "/usr/share/locale/ja/LC_MESSAGES/sysstat.mo", "size_i": "9081", "regex": "false"},
	{"name_s": "/usr/share/locale/ky/LC_MESSAGES/sysstat.mo", "size_i": "5543", "regex": "false"},
	{"name_s": "/usr/share/locale/lv/LC_MESSAGES/sysstat.mo", "size_i": "8381", "regex": "false"},
	{"name_s": "/usr/share/locale/mt/LC_MESSAGES/sysstat.mo", "size_i": "7538", "regex": "false"},
	{"name_s": "/usr/share/locale/nb/LC_MESSAGES/sysstat.mo", "size_i": "4590", "regex": "false"},
	{"name_s": "/usr/share/locale/nl/LC_MESSAGES/sysstat.mo", "size_i": "8307", "regex": "false"},
	{"name_s": "/usr/share/locale/nn/LC_MESSAGES/sysstat.mo", "size_i": "4595", "regex": "false"},
	{"name_s": "/usr/share/locale/pl/LC_MESSAGES/sysstat.mo", "size_i": "8071", "regex": "false"},
	{"name_s": "/usr/share/locale/pt/LC_MESSAGES/sysstat.mo", "size_i": "4903", "regex": "false"},
	{"name_s": "/usr/share/locale/pt_BR/LC_MESSAGES/sysstat.mo", "size_i": "8623", "regex": "false"},
	{"name_s": "/usr/share/locale/ro/LC_MESSAGES/sysstat.mo", "size_i": "4832", "regex": "false"},
	{"name_s": "/usr/share/locale/ru/LC_MESSAGES/sysstat.mo", "size_i": "10093", "regex": "false"},
	{"name_s": "/usr/share/locale/sk/LC_MESSAGES/sysstat.mo", "size_i": "4680", "regex": "false"},
	{"name_s": "/usr/share/locale/sv/LC_MESSAGES/sysstat.mo", "size_i": "3924", "regex": "false"},
	{"name_s": "/usr/share/locale/vi/LC_MESSAGES/sysstat.mo", "size_i": "9488", "regex": "false"},
	{"name_s": "/usr/share/locale/zh_CN/LC_MESSAGES/sysstat.mo", "size_i": "7903", "regex": "false"},
	{"name_s": "/usr/share/locale/zh_TW/LC_MESSAGES/sysstat.mo", "size_i": "5481", "regex": "false"},
	{"name_s": "/usr/share/man/man1/cifsiostat.1.gz", "size_i": "1279", "regex": "false"},
	{"name_s": "/usr/share/man/man1/iostat.1.gz", "size_i": "4133", "regex": "false"},
	{"name_s": "/usr/share/man/man1/mpstat.1.gz", "size_i": "1814", "regex": "false"},
	{"name_s": "/usr/share/man/man1/pidstat.1.gz", "size_i": "2795", "regex": "false"},
	{"name_s": "/usr/share/man/man1/sadf.1.gz", "size_i": "2150", "regex": "false"},
	{"name_s": "/usr/share/man/man1/sar.1.gz", "size_i": "11059", "regex": "false"},
	{"name_s": "/usr/share/man/man8/sa1.8.gz", "size_i": "782", "regex": "false"},
	{"name_s": "/usr/share/man/man8/sa2.8.gz", "size_i": "603", "regex": "false"},
	{"name_s": "/usr/share/man/man8/sadc.8.gz", "size_i": "2185", "regex": "false"},
	{"name_s": "/var/log/sa", "size_i": "4096", "regex": "false"}
]
