[
	{"name_s": "/etc/logrotate.d/stap-server", "size_i": "124", "regex": "false"},
	{"name_s": "/etc/rc.d/init.d/stap-server", "size_i": "581", "regex": "false"},
	{"name_s": "/etc/stap-server", "size_i": "4096", "regex": "false"},
	{"name_s": "/etc/stap-server/conf.d", "size_i": "4096", "regex": "false"},
	{"name_s": "/etc/sysconfig/stap-server", "size_i": "590", "regex": "false"},
	{"name_s": "/usr/bin/stap-server", "size_i": "37070", "regex": "false"},
	{"name_s": "/usr/libexec/systemtap", "size_i": "4096", "regex": "false"},
	{"name_s": "/usr/libexec/systemtap/stap-authorize-cert", "size_i": "121368", "regex": "false"},
	{"name_s": "/usr/libexec/systemtap/stap-env", "size_i": "1464", "regex": "false"},
	{"name_s": "/usr/libexec/systemtap/stap-gen-cert", "size_i": "121360", "regex": "false"},
	{"name_s": "/usr/libexec/systemtap/stap-serverd", "size_i": "192512", "regex": "false"},
	{"name_s": "/usr/libexec/systemtap/stap-sign-module", "size_i": "121368", "regex": "false"},
	{"name_s": "/usr/libexec/systemtap/stap-start-server", "size_i": "1040", "regex": "false"},
	{"name_s": "/usr/libexec/systemtap/stap-stop-server", "size_i": "685", "regex": "false"},
	{"name_s": "/usr/share/doc/systemtap-server-2.3", "size_i": "4096", "regex": "false"},
	{"name_s": "/usr/share/doc/systemtap-server-2.3/AUTHORS", "size_i": "1827", "regex": "false"},
	{"name_s": "/usr/share/doc/systemtap-server-2.3/COPYING", "size_i": "18092", "regex": "false"},
	{"name_s": "/usr/share/doc/systemtap-server-2.3/NEWS", "size_i": "84461", "regex": "false"},
	{"name_s": "/usr/share/doc/systemtap-server-2.3/README", "size_i": "5302", "regex": "false"},
	{"name_s": "/usr/share/doc/systemtap-server-2.3/README.stap-server", "size_i": "17808", "regex": "false"},
	{"name_s": "/usr/share/doc/systemtap-server-2.3/README.unprivileged", "size_i": "12489", "regex": "false"},
	{"name_s": "/usr/share/locale/en/LC_MESSAGES/systemtap.mo", "size_i": "8559", "regex": "false"},
	{"name_s": "/usr/share/locale/fr/LC_MESSAGES/systemtap.mo", "size_i": "38436", "regex": "false"},
	{"name_s": "/usr/share/locale/pl/LC_MESSAGES/systemtap.mo", "size_i": "584", "regex": "false"},
	{"name_s": "/usr/share/man/man7/error::buildid.7stap.gz", "size_i": "1315", "regex": "false"},
	{"name_s": "/usr/share/man/man7/error::dwarf.7stap.gz", "size_i": "1403", "regex": "false"},
	{"name_s": "/usr/share/man/man7/error::fault.7stap.gz", "size_i": "549", "regex": "false"},
	{"name_s": "/usr/share/man/man7/error::inode-uprobes.7stap.gz", "size_i": "612", "regex": "false"},
	{"name_s": "/usr/share/man/man7/error::pass1.7stap.gz", "size_i": "942", "regex": "false"},
	{"name_s": "/usr/share/man/man7/error::pass2.7stap.gz", "size_i": "1203", "regex": "false"},
	{"name_s": "/usr/share/man/man7/error::pass3.7stap.gz", "size_i": "393", "regex": "false"},
	{"name_s": "/usr/share/man/man7/error::pass4.7stap.gz", "size_i": "949", "regex": "false"},
	{"name_s": "/usr/share/man/man7/error::pass5.7stap.gz", "size_i": "1348", "regex": "false"},
	{"name_s": "/usr/share/man/man7/error::process-tracking.7stap.gz", "size_i": "676", "regex": "false"},
	{"name_s": "/usr/share/man/man7/error::reporting.7stap.gz", "size_i": "624", "regex": "false"},
	{"name_s": "/usr/share/man/man7/stappaths.7.gz", "size_i": "1624", "regex": "false"},
	{"name_s": "/usr/share/man/man7/warning::debuginfo.7stap.gz", "size_i": "1317", "regex": "false"},
	{"name_s": "/usr/share/man/man8/stap-server.8.gz", "size_i": "5148", "regex": "false"},
	{"name_s": "/var/lib/stap-server", "size_i": "4096", "regex": "false"},
	{"name_s": "/var/lib/stap-server/.systemtap", "size_i": "4096", "regex": "false"},
	{"name_s": "/var/log/stap-server", "size_i": "4096", "regex": "false"},
	{"name_s": "/var/log/stap-server/log", "size_i": "0", "regex": "false"},
	{"name_s": "/var/run/stap-server", "size_i": "4096", "regex": "false"}
]
