[
	{"name_s": "/etc/pam.d/system-config-lvm", "size_i": "103", "regex": "false"},
	{"name_s": "/etc/security/console.apps/system-config-lvm", "size_i": "81", "regex": "false"},
	{"name_s": "/usr/bin/system-config-lvm", "size_i": "13", "regex": "false"},
	{"name_s": "/usr/sbin/system-config-lvm", "size_i": "47", "regex": "false"},
	{"name_s": "/usr/share/applications/system-config-lvm.desktop", "size_i": "5990", "regex": "false"},
	{"name_s": "/usr/share/doc/system-config-lvm-1.1.12", "size_i": "4096", "regex": "false"},
	{"name_s": "/usr/share/doc/system-config-lvm-1.1.12/COPYING", "size_i": "17992", "regex": "false"},
	{"name_s": "/usr/share/locale/ar/LC_MESSAGES/system-config-lvm.mo", "size_i": "37620", "regex": "false"},
	{"name_s": "/usr/share/locale/as/LC_MESSAGES/system-config-lvm.mo", "size_i": "60775", "regex": "false"},
	{"name_s": "/usr/share/locale/bg/LC_MESSAGES/system-config-lvm.mo", "size_i": "13560", "regex": "false"},
	{"name_s": "/usr/share/locale/bn/LC_MESSAGES/system-config-lvm.mo", "size_i": "52650", "regex": "false"},
	{"name_s": "/usr/share/locale/bn_IN/LC_MESSAGES/system-config-lvm.mo", "size_i": "63212", "regex": "false"},
	{"name_s": "/usr/share/locale/bs/LC_MESSAGES/system-config-lvm.mo", "size_i": "35371", "regex": "false"},
	{"name_s": "/usr/share/locale/ca/LC_MESSAGES/system-config-lvm.mo", "size_i": "21521", "regex": "false"},
	{"name_s": "/usr/share/locale/cs/LC_MESSAGES/system-config-lvm.mo", "size_i": "38045", "regex": "false"},
	{"name_s": "/usr/share/locale/da/LC_MESSAGES/system-config-lvm.mo", "size_i": "35130", "regex": "false"},
	{"name_s": "/usr/share/locale/de/LC_MESSAGES/system-config-lvm.mo", "size_i": "41110", "regex": "false"},
	{"name_s": "/usr/share/locale/el/LC_MESSAGES/system-config-lvm.mo", "size_i": "2491", "regex": "false"},
	{"name_s": "/usr/share/locale/en_GB/LC_MESSAGES/system-config-lvm.mo", "size_i": "394", "regex": "false"},
	{"name_s": "/usr/share/locale/es/LC_MESSAGES/system-config-lvm.mo", "size_i": "39148", "regex": "false"},
	{"name_s": "/usr/share/locale/et/LC_MESSAGES/system-config-lvm.mo", "size_i": "7986", "regex": "false"},
	{"name_s": "/usr/share/locale/fa/LC_MESSAGES/system-config-lvm.mo", "size_i": "12431", "regex": "false"},
	{"name_s": "/usr/share/locale/fi/LC_MESSAGES/system-config-lvm.mo", "size_i": "38225", "regex": "false"},
	{"name_s": "/usr/share/locale/fr/LC_MESSAGES/system-config-lvm.mo", "size_i": "39947", "regex": "false"},
	{"name_s": "/usr/share/locale/gu/LC_MESSAGES/system-config-lvm.mo", "size_i": "59225", "regex": "false"},
	{"name_s": "/usr/share/locale/hi/LC_MESSAGES/system-config-lvm.mo", "size_i": "58065", "regex": "false"},
	{"name_s": "/usr/share/locale/hr/LC_MESSAGES/system-config-lvm.mo", "size_i": "35379", "regex": "false"},
	{"name_s": "/usr/share/locale/hu/LC_MESSAGES/system-config-lvm.mo", "size_i": "39485", "regex": "false"},
	{"name_s": "/usr/share/locale/hy/LC_MESSAGES/system-config-lvm.mo", "size_i": "351", "regex": "false"},
	{"name_s": "/usr/share/locale/id/LC_MESSAGES/system-config-lvm.mo", "size_i": "34584", "regex": "false"},
	{"name_s": "/usr/share/locale/is/LC_MESSAGES/system-config-lvm.mo", "size_i": "33988", "regex": "false"},
	{"name_s": "/usr/share/locale/it/LC_MESSAGES/system-config-lvm.mo", "size_i": "38503", "regex": "false"},
	{"name_s": "/usr/share/locale/ja/LC_MESSAGES/system-config-lvm.mo", "size_i": "43876", "regex": "false"},
	{"name_s": "/usr/share/locale/kn/LC_MESSAGES/system-config-lvm.mo", "size_i": "65416", "regex": "false"},
	{"name_s": "/usr/share/locale/ko/LC_MESSAGES/system-config-lvm.mo", "size_i": "40077", "regex": "false"},
	{"name_s": "/usr/share/locale/mai/LC_MESSAGES/system-config-lvm.mo", "size_i": "53928", "regex": "false"},
	{"name_s": "/usr/share/locale/mk/LC_MESSAGES/system-config-lvm.mo", "size_i": "14068", "regex": "false"},
	{"name_s": "/usr/share/locale/ml/LC_MESSAGES/system-config-lvm.mo", "size_i": "72594", "regex": "false"},
	{"name_s": "/usr/share/locale/mr/LC_MESSAGES/system-config-lvm.mo", "size_i": "57988", "regex": "false"},
	{"name_s": "/usr/share/locale/ms/LC_MESSAGES/system-config-lvm.mo", "size_i": "13935", "regex": "false"},
	{"name_s": "/usr/share/locale/my/LC_MESSAGES/system-config-lvm.mo", "size_i": "351", "regex": "false"},
	{"name_s": "/usr/share/locale/nb/LC_MESSAGES/system-config-lvm.mo", "size_i": "9733", "regex": "false"},
	{"name_s": "/usr/share/locale/nl/LC_MESSAGES/system-config-lvm.mo", "size_i": "38515", "regex": "false"},
	{"name_s": "/usr/share/locale/or/LC_MESSAGES/system-config-lvm.mo", "size_i": "63512", "regex": "false"},
	{"name_s": "/usr/share/locale/pa/LC_MESSAGES/system-config-lvm.mo", "size_i": "56660", "regex": "false"},
	{"name_s": "/usr/share/locale/pl/LC_MESSAGES/system-config-lvm.mo", "size_i": "38744", "regex": "false"},
	{"name_s": "/usr/share/locale/pt/LC_MESSAGES/system-config-lvm.mo", "size_i": "39162", "regex": "false"},
	{"name_s": "/usr/share/locale/pt_BR/LC_MESSAGES/system-config-lvm.mo", "size_i": "38623", "regex": "false"},
	{"name_s": "/usr/share/locale/ru/LC_MESSAGES/system-config-lvm.mo", "size_i": "50630", "regex": "false"},
	{"name_s": "/usr/share/locale/si/LC_MESSAGES/system-config-lvm.mo", "size_i": "19193", "regex": "false"},
	{"name_s": "/usr/share/locale/sk/LC_MESSAGES/system-config-lvm.mo", "size_i": "34972", "regex": "false"},
	{"name_s": "/usr/share/locale/sr/LC_MESSAGES/system-config-lvm.mo", "size_i": "47760", "regex": "false"},
	{"name_s": "/usr/share/locale/sr@latin/LC_MESSAGES/system-config-lvm.mo", "size_i": "37309", "regex": "false"},
	{"name_s": "/usr/share/locale/sv/LC_MESSAGES/system-config-lvm.mo", "size_i": "37357", "regex": "false"},
	{"name_s": "/usr/share/locale/ta/LC_MESSAGES/system-config-lvm.mo", "size_i": "63005", "regex": "false"},
	{"name_s": "/usr/share/locale/te/LC_MESSAGES/system-config-lvm.mo", "size_i": "60564", "regex": "false"},
	{"name_s": "/usr/share/locale/tr/LC_MESSAGES/system-config-lvm.mo", "size_i": "7815", "regex": "false"},
	{"name_s": "/usr/share/locale/uk/LC_MESSAGES/system-config-lvm.mo", "size_i": "48244", "regex": "false"},
	{"name_s": "/usr/share/locale/zh_CN/LC_MESSAGES/system-config-lvm.mo", "size_i": "34234", "regex": "false"},
	{"name_s": "/usr/share/locale/zh_TW/LC_MESSAGES/system-config-lvm.mo", "size_i": "35475", "regex": "false"},
	{"name_s": "/usr/share/system-config-lvm", "size_i": "4096", "regex": "false"},
	{"name_s": "/usr/share/system-config-lvm/BlockDevice.py", "size_i": "11510", "regex": "false"},
	{"name_s": "/usr/share/system-config-lvm/BlockDevice.pyc", "size_i": "10908", "regex": "false"},
	{"name_s": "/usr/share/system-config-lvm/BlockDevice.pyo", "size_i": "10908", "regex": "false"},
	{"name_s": "/usr/share/system-config-lvm/BlockDeviceModel.py", "size_i": "3363", "regex": "false"},
	{"name_s": "/usr/share/system-config-lvm/BlockDeviceModel.pyc", "size_i": "5105", "regex": "false"},
	{"name_s": "/usr/share/system-config-lvm/BlockDeviceModel.pyo", "size_i": "5105", "regex": "false"},
	{"name_s": "/usr/share/system-config-lvm/Cluster.py", "size_i": "3808", "regex": "false"},
	{"name_s": "/usr/share/system-config-lvm/Cluster.pyc", "size_i": "3724", "regex": "false"},
	{"name_s": "/usr/share/system-config-lvm/Cluster.pyo", "size_i": "3724", "regex": "false"},
	{"name_s": "/usr/share/system-config-lvm/CommandError.py", "size_i": "337", "regex": "false"},
	{"name_s": "/usr/share/system-config-lvm/CommandError.pyc", "size_i": "985", "regex": "false"},
	{"name_s": "/usr/share/system-config-lvm/CommandError.pyo", "size_i": "985", "regex": "false"},
	{"name_s": "/usr/share/system-config-lvm/CommandHandler.py", "size_i": "15541", "regex": "false"},
	{"name_s": "/usr/share/system-config-lvm/CommandHandler.pyc", "size_i": "15684", "regex": "false"},
	{"name_s": "/usr/share/system-config-lvm/CommandHandler.pyo", "size_i": "15684", "regex": "false"},
	{"name_s": "/usr/share/system-config-lvm/ExtentBlock.py", "size_i": "909", "regex": "false"},
	{"name_s": "/usr/share/system-config-lvm/ExtentBlock.pyc", "size_i": "2136", "regex": "false"},
	{"name_s": "/usr/share/system-config-lvm/ExtentBlock.pyo", "size_i": "2136", "regex": "false"},
	{"name_s": "/usr/share/system-config-lvm/Filesystem.glade", "size_i": "11398", "regex": "false"},
	{"name_s": "/usr/share/system-config-lvm/Filesystem.py", "size_i": "40800", "regex": "false"},
	{"name_s": "/usr/share/system-config-lvm/Filesystem.pyc", "size_i": "39847", "regex": "false"},
	{"name_s": "/usr/share/system-config-lvm/Filesystem.pyo", "size_i": "39847", "regex": "false"},
	{"name_s": "/usr/share/system-config-lvm/Fstab.py", "size_i": "3512", "regex": "false"},
	{"name_s": "/usr/share/system-config-lvm/Fstab.pyc", "size_i": "3771", "regex": "false"},
	{"name_s": "/usr/share/system-config-lvm/Fstab.pyo", "size_i": "3771", "regex": "false"},
	{"name_s": "/usr/share/system-config-lvm/InputController.py", "size_i": "101953", "regex": "false"},
	{"name_s": "/usr/share/system-config-lvm/InputController.pyc", "size_i": "70132", "regex": "false"},
	{"name_s": "/usr/share/system-config-lvm/InputController.pyo", "size_i": "70132", "regex": "false"},
	{"name_s": "/usr/share/system-config-lvm/LogicalVolume.py", "size_i": "2658", "regex": "false"},
	{"name_s": "/usr/share/system-config-lvm/LogicalVolume.pyc", "size_i": "4913", "regex": "false"},
	{"name_s": "/usr/share/system-config-lvm/LogicalVolume.pyo", "size_i": "4913", "regex": "false"},
	{"name_s": "/usr/share/system-config-lvm/Multipath.py", "size_i": "3579", "regex": "false"},
	{"name_s": "/usr/share/system-config-lvm/Multipath.pyc", "size_i": "3036", "regex": "false"},
	{"name_s": "/usr/share/system-config-lvm/Multipath.pyo", "size_i": "3036", "regex": "false"},
	{"name_s": "/usr/share/system-config-lvm/Partition.py", "size_i": "5187", "regex": "false"},
	{"name_s": "/usr/share/system-config-lvm/Partition.pyc", "size_i": "5305", "regex": "false"},
	{"name_s": "/usr/share/system-config-lvm/Partition.pyo", "size_i": "5305", "regex": "false"},
	{"name_s": "/usr/share/system-config-lvm/PhysicalVolume.py", "size_i": "4657", "regex": "false"},
	{"name_s": "/usr/share/system-config-lvm/PhysicalVolume.pyc", "size_i": "6807", "regex": "false"},
	{"name_s": "/usr/share/system-config-lvm/PhysicalVolume.pyo", "size_i": "6807", "regex": "false"},
	{"name_s": "/usr/share/system-config-lvm/Properties_Renderer.py", "size_i": "7192", "regex": "false"},
	{"name_s": "/usr/share/system-config-lvm/Properties_Renderer.pyc", "size_i": "7561", "regex": "false"},
	{"name_s": "/usr/share/system-config-lvm/Properties_Renderer.pyo", "size_i": "7561", "regex": "false"},
	{"name_s": "/usr/share/system-config-lvm/Segment.py", "size_i": "3097", "regex": "false"},
	{"name_s": "/usr/share/system-config-lvm/Segment.pyc", "size_i": "5631", "regex": "false"},
	{"name_s": "/usr/share/system-config-lvm/Segment.pyo", "size_i": "5631", "regex": "false"},
	{"name_s": "/usr/share/system-config-lvm/Volume.py", "size_i": "2588", "regex": "false"},
	{"name_s": "/usr/share/system-config-lvm/Volume.pyc", "size_i": "5040", "regex": "false"},
	{"name_s": "/usr/share/system-config-lvm/Volume.pyo", "size_i": "5040", "regex": "false"},
	{"name_s": "/usr/share/system-config-lvm/VolumeGroup.py", "size_i": "1267", "regex": "false"},
	{"name_s": "/usr/share/system-config-lvm/VolumeGroup.pyc", "size_i": "2612", "regex": "false"},
	{"name_s": "/usr/share/system-config-lvm/VolumeGroup.pyo", "size_i": "2612", "regex": "false"},
	{"name_s": "/usr/share/system-config-lvm/Volume_Tab_View.py", "size_i": "26076", "regex": "false"},
	{"name_s": "/usr/share/system-config-lvm/Volume_Tab_View.pyc", "size_i": "18038", "regex": "false"},
	{"name_s": "/usr/share/system-config-lvm/Volume_Tab_View.pyo", "size_i": "18038", "regex": "false"},
	{"name_s": "/usr/share/system-config-lvm/WaitMsg.py", "size_i": "1029", "regex": "false"},
	{"name_s": "/usr/share/system-config-lvm/WaitMsg.pyc", "size_i": "1599", "regex": "false"},
	{"name_s": "/usr/share/system-config-lvm/WaitMsg.pyo", "size_i": "1599", "regex": "false"},
	{"name_s": "/usr/share/system-config-lvm/cylinder_items.py", "size_i": "44806", "regex": "false"},
	{"name_s": "/usr/share/system-config-lvm/cylinder_items.pyc", "size_i": "35926", "regex": "false"},
	{"name_s": "/usr/share/system-config-lvm/cylinder_items.pyo", "size_i": "35926", "regex": "false"},
	{"name_s": "/usr/share/system-config-lvm/execute.py", "size_i": "7596", "regex": "false"},
	{"name_s": "/usr/share/system-config-lvm/execute.pyc", "size_i": "7611", "regex": "false"},
	{"name_s": "/usr/share/system-config-lvm/execute.pyo", "size_i": "7611", "regex": "false"},
	{"name_s": "/usr/share/system-config-lvm/fdisk_wrapper.py", "size_i": "8101", "regex": "false"},
	{"name_s": "/usr/share/system-config-lvm/fdisk_wrapper.pyc", "size_i": "6155", "regex": "false"},
	{"name_s": "/usr/share/system-config-lvm/fdisk_wrapper.pyo", "size_i": "6155", "regex": "false"},
	{"name_s": "/usr/share/system-config-lvm/lv_edit_props.glade", "size_i": "32427", "regex": "false"},
	{"name_s": "/usr/share/system-config-lvm/lvm_model.py", "size_i": "35282", "regex": "false"},
	{"name_s": "/usr/share/system-config-lvm/lvm_model.pyc", "size_i": "30440", "regex": "false"},
	{"name_s": "/usr/share/system-config-lvm/lvm_model.pyo", "size_i": "30440", "regex": "false"},
	{"name_s": "/usr/share/system-config-lvm/lvmui_constants.py", "size_i": "3393", "regex": "false"},
	{"name_s": "/usr/share/system-config-lvm/lvmui_constants.pyc", "size_i": "4194", "regex": "false"},
	{"name_s": "/usr/share/system-config-lvm/lvmui_constants.pyo", "size_i": "4194", "regex": "false"},
	{"name_s": "/usr/share/system-config-lvm/lvui.glade", "size_i": "71261", "regex": "false"},
	{"name_s": "/usr/share/system-config-lvm/migrate_extents.glade", "size_i": "14761", "regex": "false"},
	{"name_s": "/usr/share/system-config-lvm/parted_wrapper.py", "size_i": "4507", "regex": "false"},
	{"name_s": "/usr/share/system-config-lvm/parted_wrapper.pyc", "size_i": "3777", "regex": "false"},
	{"name_s": "/usr/share/system-config-lvm/parted_wrapper.pyo", "size_i": "3777", "regex": "false"},
	{"name_s": "/usr/share/system-config-lvm/pixmaps", "size_i": "4096", "regex": "false"},
	{"name_s": "/usr/share/system-config-lvm/pixmaps/LV.xpm", "size_i": "126839", "regex": "false"},
	{"name_s": "/usr/share/system-config-lvm/pixmaps/PV.xpm", "size_i": "8869", "regex": "false"},
	{"name_s": "/usr/share/system-config-lvm/pixmaps/UV.xpm", "size_i": "61651", "regex": "false"},
	{"name_s": "/usr/share/system-config-lvm/pixmaps/VG.xpm", "size_i": "61786", "regex": "false"},
	{"name_s": "/usr/share/system-config-lvm/pixmaps/grad3.xpm", "size_i": "126839", "regex": "false"},
	{"name_s": "/usr/share/system-config-lvm/pixmaps/lv_icon.png", "size_i": "953", "regex": "false"},
	{"name_s": "/usr/share/system-config-lvm/renderer.py", "size_i": "29181", "regex": "false"},
	{"name_s": "/usr/share/system-config-lvm/renderer.pyc", "size_i": "20126", "regex": "false"},
	{"name_s": "/usr/share/system-config-lvm/renderer.pyo", "size_i": "20126", "regex": "false"},
	{"name_s": "/usr/share/system-config-lvm/system-config-lvm.py", "size_i": "6111", "regex": "false"},
	{"name_s": "/usr/share/system-config-lvm/system-config-lvm.pyc", "size_i": "6177", "regex": "false"},
	{"name_s": "/usr/share/system-config-lvm/system-config-lvm.pyo", "size_i": "6177", "regex": "false"},
	{"name_s": "/usr/share/system-config-lvm/utilities.py", "size_i": "801", "regex": "false"},
	{"name_s": "/usr/share/system-config-lvm/utilities.pyc", "size_i": "857", "regex": "false"},
	{"name_s": "/usr/share/system-config-lvm/utilities.pyo", "size_i": "857", "regex": "false"}
]
