[
	{"name_s": "/usr/bin/taglib-config", "size_i": "563", "regex": "false"},
	{"name_s": "/usr/include/taglib", "size_i": "4096", "regex": "false"},
	{"name_s": "/usr/include/taglib/aifffile.h", "size_i": "3714", "regex": "false"},
	{"name_s": "/usr/include/taglib/aiffproperties.h", "size_i": "2749", "regex": "false"},
	{"name_s": "/usr/include/taglib/apefooter.h", "size_i": "5152", "regex": "false"},
	{"name_s": "/usr/include/taglib/apeitem.h", "size_i": "5573", "regex": "false"},
	{"name_s": "/usr/include/taglib/apetag.h", "size_i": "5011", "regex": "false"},
	{"name_s": "/usr/include/taglib/asfattribute.h", "size_i": "4864", "regex": "false"},
	{"name_s": "/usr/include/taglib/asffile.h", "size_i": "4291", "regex": "false"},
	{"name_s": "/usr/include/taglib/asfproperties.h", "size_i": "2663", "regex": "false"},
	{"name_s": "/usr/include/taglib/asftag.h", "size_i": "5562", "regex": "false"},
	{"name_s": "/usr/include/taglib/attachedpictureframe.h", "size_i": "7498", "regex": "false"},
	{"name_s": "/usr/include/taglib/audioproperties.h", "size_i": "4071", "regex": "false"},
	{"name_s": "/usr/include/taglib/commentsframe.h", "size_i": "5359", "regex": "false"},
	{"name_s": "/usr/include/taglib/fileref.h", "size_i": "9226", "regex": "false"},
	{"name_s": "/usr/include/taglib/flacfile.h", "size_i": "7542", "regex": "false"},
	{"name_s": "/usr/include/taglib/flacproperties.h", "size_i": "3217", "regex": "false"},
	{"name_s": "/usr/include/taglib/generalencapsulatedobjectframe.h", "size_i": "5948", "regex": "false"},
	{"name_s": "/usr/include/taglib/id3v1genres.h", "size_i": "2814", "regex": "false"},
	{"name_s": "/usr/include/taglib/id3v1tag.h", "size_i": "6360", "regex": "false"},
	{"name_s": "/usr/include/taglib/id3v2extendedheader.h", "size_i": "3630", "regex": "false"},
	{"name_s": "/usr/include/taglib/id3v2footer.h", "size_i": "3023", "regex": "false"},
	{"name_s": "/usr/include/taglib/id3v2frame.h", "size_i": "14114", "regex": "false"},
	{"name_s": "/usr/include/taglib/id3v2framefactory.h", "size_i": "6919", "regex": "false"},
	{"name_s": "/usr/include/taglib/id3v2header.h", "size_i": "5801", "regex": "false"},
	{"name_s": "/usr/include/taglib/id3v2synchdata.h", "size_i": "3028", "regex": "false"},
	{"name_s": "/usr/include/taglib/id3v2tag.h", "size_i": "11145", "regex": "false"},
	{"name_s": "/usr/include/taglib/mp4atom.h", "size_i": "2922", "regex": "false"},
	{"name_s": "/usr/include/taglib/mp4coverart.h", "size_i": "2487", "regex": "false"},
	{"name_s": "/usr/include/taglib/mp4file.h", "size_i": "3790", "regex": "false"},
	{"name_s": "/usr/include/taglib/mp4item.h", "size_i": "2537", "regex": "false"},
	{"name_s": "/usr/include/taglib/mp4properties.h", "size_i": "2424", "regex": "false"},
	{"name_s": "/usr/include/taglib/mp4tag.h", "size_i": "4440", "regex": "false"},
	{"name_s": "/usr/include/taglib/mpcfile.h", "size_i": "6152", "regex": "false"},
	{"name_s": "/usr/include/taglib/mpcproperties.h", "size_i": "2979", "regex": "false"},
	{"name_s": "/usr/include/taglib/mpegfile.h", "size_i": "10480", "regex": "false"},
	{"name_s": "/usr/include/taglib/mpegheader.h", "size_i": "4610", "regex": "false"},
	{"name_s": "/usr/include/taglib/mpegproperties.h", "size_i": "3707", "regex": "false"},
	{"name_s": "/usr/include/taglib/oggfile.h", "size_i": "4094", "regex": "false"},
	{"name_s": "/usr/include/taglib/oggflacfile.h", "size_i": "4231", "regex": "false"},
	{"name_s": "/usr/include/taglib/oggpage.h", "size_i": "7735", "regex": "false"},
	{"name_s": "/usr/include/taglib/oggpageheader.h", "size_i": "7576", "regex": "false"},
	{"name_s": "/usr/include/taglib/popularimeterframe.h", "size_i": "3888", "regex": "false"},
	{"name_s": "/usr/include/taglib/privateframe.h", "size_i": "3607", "regex": "false"},
	{"name_s": "/usr/include/taglib/relativevolumeframe.h", "size_i": "9514", "regex": "false"},
	{"name_s": "/usr/include/taglib/rifffile.h", "size_i": "3708", "regex": "false"},
	{"name_s": "/usr/include/taglib/speexfile.h", "size_i": "3826", "regex": "false"},
	{"name_s": "/usr/include/taglib/speexproperties.h", "size_i": "3183", "regex": "false"},
	{"name_s": "/usr/include/taglib/tag.h", "size_i": "5882", "regex": "false"},
	{"name_s": "/usr/include/taglib/tag_c.h", "size_i": "9564", "regex": "false"},
	{"name_s": "/usr/include/taglib/taglib.h", "size_i": "7637", "regex": "false"},
	{"name_s": "/usr/include/taglib/taglib_config.h", "size_i": "126", "regex": "false"},
	{"name_s": "/usr/include/taglib/taglib_export.h", "size_i": "2180", "regex": "false"},
	{"name_s": "/usr/include/taglib/tbytevector.h", "size_i": "13594", "regex": "false"},
	{"name_s": "/usr/include/taglib/tbytevectorlist.h", "size_i": "3599", "regex": "false"},
	{"name_s": "/usr/include/taglib/textidentificationframe.h", "size_i": "9990", "regex": "false"},
	{"name_s": "/usr/include/taglib/tfile.h", "size_i": "8801", "regex": "false"},
	{"name_s": "/usr/include/taglib/tlist.h", "size_i": "7468", "regex": "false"},
	{"name_s": "/usr/include/taglib/tlist.tcc", "size_i": "7183", "regex": "false"},
	{"name_s": "/usr/include/taglib/tmap.h", "size_i": "6286", "regex": "false"},
	{"name_s": "/usr/include/taglib/tmap.tcc", "size_i": "5054", "regex": "false"},
	{"name_s": "/usr/include/taglib/trueaudiofile.h", "size_i": "6616", "regex": "false"},
	{"name_s": "/usr/include/taglib/trueaudioproperties.h", "size_i": "3239", "regex": "false"},
	{"name_s": "/usr/include/taglib/tstring.h", "size_i": "13486", "regex": "false"},
	{"name_s": "/usr/include/taglib/tstringlist.h", "size_i": "3848", "regex": "false"},
	{"name_s": "/usr/include/taglib/uniquefileidentifierframe.h", "size_i": "4085", "regex": "false"},
	{"name_s": "/usr/include/taglib/unknownframe.h", "size_i": "3159", "regex": "false"},
	{"name_s": "/usr/include/taglib/unsynchronizedlyricsframe.h", "size_i": "5281", "regex": "false"},
	{"name_s": "/usr/include/taglib/urllinkframe.h", "size_i": "5524", "regex": "false"},
	{"name_s": "/usr/include/taglib/vorbisfile.h", "size_i": "4234", "regex": "false"},
	{"name_s": "/usr/include/taglib/vorbisproperties.h", "size_i": "4060", "regex": "false"},
	{"name_s": "/usr/include/taglib/wavfile.h", "size_i": "3703", "regex": "false"},
	{"name_s": "/usr/include/taglib/wavpackfile.h", "size_i": "5900", "regex": "false"},
	{"name_s": "/usr/include/taglib/wavpackproperties.h", "size_i": "3230", "regex": "false"},
	{"name_s": "/usr/include/taglib/wavproperties.h", "size_i": "2763", "regex": "false"},
	{"name_s": "/usr/include/taglib/xingheader.h", "size_i": "3722", "regex": "false"},
	{"name_s": "/usr/include/taglib/xiphcomment.h", "size_i": "7302", "regex": "false"},
	{"name_s": "/usr/lib/libtag.so", "size_i": "11", "regex": "false"},
	{"name_s": "/usr/lib/libtag_c.so", "size_i": "13", "regex": "false"},
	{"name_s": "/usr/lib/pkgconfig/taglib.pc", "size_i": "200", "regex": "false"},
	{"name_s": "/usr/lib/pkgconfig/taglib_c.pc", "size_i": "233", "regex": "false"},
	{"name_s": "/usr/share/doc/taglib-devel-1.6.1", "size_i": "4096", "regex": "false"},
	{"name_s": "/usr/share/doc/taglib-devel-1.6.1/examples", "size_i": "4096", "regex": "false"},
	{"name_s": "/usr/share/doc/taglib-devel-1.6.1/examples/framelist.cpp", "size_i": "3455", "regex": "false"},
	{"name_s": "/usr/share/doc/taglib-devel-1.6.1/examples/strip-id3v1.cpp", "size_i": "1659", "regex": "false"},
	{"name_s": "/usr/share/doc/taglib-devel-1.6.1/examples/tagreader.cpp", "size_i": "2865", "regex": "false"},
	{"name_s": "/usr/share/doc/taglib-devel-1.6.1/examples/tagreader_c.c", "size_i": "2820", "regex": "false"},
	{"name_s": "/usr/share/doc/taglib-devel-1.6.1/examples/tagwriter.cpp", "size_i": "3621", "regex": "false"}
]
