[
	{"name_s": "/lib/kbd/consolefonts/README.terminus", "size_i": "670", "regex": "false"},
	{"name_s": "/lib/kbd/consolefonts/ter-112n.psf.gz", "size_i": "1715", "regex": "false"},
	{"name_s": "/lib/kbd/consolefonts/ter-114b.psf.gz", "size_i": "1831", "regex": "false"},
	{"name_s": "/lib/kbd/consolefonts/ter-114f.psf.gz", "size_i": "1826", "regex": "false"},
	{"name_s": "/lib/kbd/consolefonts/ter-114n.psf.gz", "size_i": "1829", "regex": "false"},
	{"name_s": "/lib/kbd/consolefonts/ter-116b.psf.gz", "size_i": "1860", "regex": "false"},
	{"name_s": "/lib/kbd/consolefonts/ter-116f.psf.gz", "size_i": "1858", "regex": "false"},
	{"name_s": "/lib/kbd/consolefonts/ter-116n.psf.gz", "size_i": "1857", "regex": "false"},
	{"name_s": "/lib/kbd/consolefonts/ter-120b.psf.gz", "size_i": "2351", "regex": "false"},
	{"name_s": "/lib/kbd/consolefonts/ter-120n.psf.gz", "size_i": "2327", "regex": "false"},
	{"name_s": "/lib/kbd/consolefonts/ter-122b.psf.gz", "size_i": "2520", "regex": "false"},
	{"name_s": "/lib/kbd/consolefonts/ter-122n.psf.gz", "size_i": "2510", "regex": "false"},
	{"name_s": "/lib/kbd/consolefonts/ter-124b.psf.gz", "size_i": "2579", "regex": "false"},
	{"name_s": "/lib/kbd/consolefonts/ter-124n.psf.gz", "size_i": "2558", "regex": "false"},
	{"name_s": "/lib/kbd/consolefonts/ter-128b.psf.gz", "size_i": "2864", "regex": "false"},
	{"name_s": "/lib/kbd/consolefonts/ter-128n.psf.gz", "size_i": "2805", "regex": "false"},
	{"name_s": "/lib/kbd/consolefonts/ter-132b.psf.gz", "size_i": "2965", "regex": "false"},
	{"name_s": "/lib/kbd/consolefonts/ter-132n.psf.gz", "size_i": "2987", "regex": "false"},
	{"name_s": "/lib/kbd/consolefonts/ter-212n.psf.gz", "size_i": "1679", "regex": "false"},
	{"name_s": "/lib/kbd/consolefonts/ter-214b.psf.gz", "size_i": "1826", "regex": "false"},
	{"name_s": "/lib/kbd/consolefonts/ter-214f.psf.gz", "size_i": "1815", "regex": "false"},
	{"name_s": "/lib/kbd/consolefonts/ter-214n.psf.gz", "size_i": "1809", "regex": "false"},
	{"name_s": "/lib/kbd/consolefonts/ter-216b.psf.gz", "size_i": "1856", "regex": "false"},
	{"name_s": "/lib/kbd/consolefonts/ter-216f.psf.gz", "size_i": "1839", "regex": "false"},
	{"name_s": "/lib/kbd/consolefonts/ter-216n.psf.gz", "size_i": "1820", "regex": "false"},
	{"name_s": "/lib/kbd/consolefonts/ter-220b.psf.gz", "size_i": "2275", "regex": "false"},
	{"name_s": "/lib/kbd/consolefonts/ter-220n.psf.gz", "size_i": "2251", "regex": "false"},
	{"name_s": "/lib/kbd/consolefonts/ter-222b.psf.gz", "size_i": "2444", "regex": "false"},
	{"name_s": "/lib/kbd/consolefonts/ter-222n.psf.gz", "size_i": "2414", "regex": "false"},
	{"name_s": "/lib/kbd/consolefonts/ter-224b.psf.gz", "size_i": "2490", "regex": "false"},
	{"name_s": "/lib/kbd/consolefonts/ter-224n.psf.gz", "size_i": "2455", "regex": "false"},
	{"name_s": "/lib/kbd/consolefonts/ter-228b.psf.gz", "size_i": "2746", "regex": "false"},
	{"name_s": "/lib/kbd/consolefonts/ter-228n.psf.gz", "size_i": "2682", "regex": "false"},
	{"name_s": "/lib/kbd/consolefonts/ter-232b.psf.gz", "size_i": "2827", "regex": "false"},
	{"name_s": "/lib/kbd/consolefonts/ter-232n.psf.gz", "size_i": "2849", "regex": "false"},
	{"name_s": "/lib/kbd/consolefonts/ter-712n.psf.gz", "size_i": "1652", "regex": "false"},
	{"name_s": "/lib/kbd/consolefonts/ter-714b.psf.gz", "size_i": "1769", "regex": "false"},
	{"name_s": "/lib/kbd/consolefonts/ter-714f.psf.gz", "size_i": "1766", "regex": "false"},
	{"name_s": "/lib/kbd/consolefonts/ter-714n.psf.gz", "size_i": "1745", "regex": "false"},
	{"name_s": "/lib/kbd/consolefonts/ter-716b.psf.gz", "size_i": "1789", "regex": "false"},
	{"name_s": "/lib/kbd/consolefonts/ter-716f.psf.gz", "size_i": "1778", "regex": "false"},
	{"name_s": "/lib/kbd/consolefonts/ter-716n.psf.gz", "size_i": "1767", "regex": "false"},
	{"name_s": "/lib/kbd/consolefonts/ter-720b.psf.gz", "size_i": "2278", "regex": "false"},
	{"name_s": "/lib/kbd/consolefonts/ter-720n.psf.gz", "size_i": "2247", "regex": "false"},
	{"name_s": "/lib/kbd/consolefonts/ter-722b.psf.gz", "size_i": "2411", "regex": "false"},
	{"name_s": "/lib/kbd/consolefonts/ter-722n.psf.gz", "size_i": "2393", "regex": "false"},
	{"name_s": "/lib/kbd/consolefonts/ter-724b.psf.gz", "size_i": "2476", "regex": "false"},
	{"name_s": "/lib/kbd/consolefonts/ter-724n.psf.gz", "size_i": "2449", "regex": "false"},
	{"name_s": "/lib/kbd/consolefonts/ter-728b.psf.gz", "size_i": "2794", "regex": "false"},
	{"name_s": "/lib/kbd/consolefonts/ter-728n.psf.gz", "size_i": "2692", "regex": "false"},
	{"name_s": "/lib/kbd/consolefonts/ter-732b.psf.gz", "size_i": "2828", "regex": "false"},
	{"name_s": "/lib/kbd/consolefonts/ter-732n.psf.gz", "size_i": "2847", "regex": "false"},
	{"name_s": "/lib/kbd/consolefonts/ter-912n.psf.gz", "size_i": "1724", "regex": "false"},
	{"name_s": "/lib/kbd/consolefonts/ter-914b.psf.gz", "size_i": "1829", "regex": "false"},
	{"name_s": "/lib/kbd/consolefonts/ter-914f.psf.gz", "size_i": "1828", "regex": "false"},
	{"name_s": "/lib/kbd/consolefonts/ter-914n.psf.gz", "size_i": "1831", "regex": "false"},
	{"name_s": "/lib/kbd/consolefonts/ter-916b.psf.gz", "size_i": "1858", "regex": "false"},
	{"name_s": "/lib/kbd/consolefonts/ter-916f.psf.gz", "size_i": "1859", "regex": "false"},
	{"name_s": "/lib/kbd/consolefonts/ter-916n.psf.gz", "size_i": "1862", "regex": "false"},
	{"name_s": "/lib/kbd/consolefonts/ter-920b.psf.gz", "size_i": "2349", "regex": "false"},
	{"name_s": "/lib/kbd/consolefonts/ter-920n.psf.gz", "size_i": "2322", "regex": "false"},
	{"name_s": "/lib/kbd/consolefonts/ter-922b.psf.gz", "size_i": "2515", "regex": "false"},
	{"name_s": "/lib/kbd/consolefonts/ter-922n.psf.gz", "size_i": "2503", "regex": "false"},
	{"name_s": "/lib/kbd/consolefonts/ter-924b.psf.gz", "size_i": "2576", "regex": "false"},
	{"name_s": "/lib/kbd/consolefonts/ter-924n.psf.gz", "size_i": "2555", "regex": "false"},
	{"name_s": "/lib/kbd/consolefonts/ter-928b.psf.gz", "size_i": "2860", "regex": "false"},
	{"name_s": "/lib/kbd/consolefonts/ter-928n.psf.gz", "size_i": "2799", "regex": "false"},
	{"name_s": "/lib/kbd/consolefonts/ter-932b.psf.gz", "size_i": "2958", "regex": "false"},
	{"name_s": "/lib/kbd/consolefonts/ter-932n.psf.gz", "size_i": "2983", "regex": "false"},
	{"name_s": "/lib/kbd/consolefonts/ter-c12n.psf.gz", "size_i": "1701", "regex": "false"},
	{"name_s": "/lib/kbd/consolefonts/ter-c14b.psf.gz", "size_i": "1824", "regex": "false"},
	{"name_s": "/lib/kbd/consolefonts/ter-c14f.psf.gz", "size_i": "1815", "regex": "false"},
	{"name_s": "/lib/kbd/consolefonts/ter-c14n.psf.gz", "size_i": "1807", "regex": "false"},
	{"name_s": "/lib/kbd/consolefonts/ter-c16b.psf.gz", "size_i": "1850", "regex": "false"},
	{"name_s": "/lib/kbd/consolefonts/ter-c16f.psf.gz", "size_i": "1831", "regex": "false"},
	{"name_s": "/lib/kbd/consolefonts/ter-c16n.psf.gz", "size_i": "1824", "regex": "false"},
	{"name_s": "/lib/kbd/consolefonts/ter-c20b.psf.gz", "size_i": "2356", "regex": "false"},
	{"name_s": "/lib/kbd/consolefonts/ter-c20n.psf.gz", "size_i": "2312", "regex": "false"},
	{"name_s": "/lib/kbd/consolefonts/ter-c22b.psf.gz", "size_i": "2512", "regex": "false"},
	{"name_s": "/lib/kbd/consolefonts/ter-c22n.psf.gz", "size_i": "2491", "regex": "false"},
	{"name_s": "/lib/kbd/consolefonts/ter-c24b.psf.gz", "size_i": "2600", "regex": "false"},
	{"name_s": "/lib/kbd/consolefonts/ter-c24n.psf.gz", "size_i": "2561", "regex": "false"},
	{"name_s": "/lib/kbd/consolefonts/ter-c28b.psf.gz", "size_i": "2864", "regex": "false"},
	{"name_s": "/lib/kbd/consolefonts/ter-c28n.psf.gz", "size_i": "2772", "regex": "false"},
	{"name_s": "/lib/kbd/consolefonts/ter-c32b.psf.gz", "size_i": "2952", "regex": "false"},
	{"name_s": "/lib/kbd/consolefonts/ter-c32n.psf.gz", "size_i": "2988", "regex": "false"},
	{"name_s": "/lib/kbd/consolefonts/ter-d12n.psf.gz", "size_i": "1716", "regex": "false"},
	{"name_s": "/lib/kbd/consolefonts/ter-d14b.psf.gz", "size_i": "1860", "regex": "false"},
	{"name_s": "/lib/kbd/consolefonts/ter-d14f.psf.gz", "size_i": "1851", "regex": "false"},
	{"name_s": "/lib/kbd/consolefonts/ter-d14n.psf.gz", "size_i": "1822", "regex": "false"},
	{"name_s": "/lib/kbd/consolefonts/ter-d16b.psf.gz", "size_i": "1887", "regex": "false"},
	{"name_s": "/lib/kbd/consolefonts/ter-d16f.psf.gz", "size_i": "1880", "regex": "false"},
	{"name_s": "/lib/kbd/consolefonts/ter-d16n.psf.gz", "size_i": "1866", "regex": "false"},
	{"name_s": "/lib/kbd/consolefonts/ter-d20b.psf.gz", "size_i": "2353", "regex": "false"},
	{"name_s": "/lib/kbd/consolefonts/ter-d20n.psf.gz", "size_i": "2328", "regex": "false"},
	{"name_s": "/lib/kbd/consolefonts/ter-d22b.psf.gz", "size_i": "2497", "regex": "false"},
	{"name_s": "/lib/kbd/consolefonts/ter-d22n.psf.gz", "size_i": "2481", "regex": "false"},
	{"name_s": "/lib/kbd/consolefonts/ter-d24b.psf.gz", "size_i": "2578", "regex": "false"},
	{"name_s": "/lib/kbd/consolefonts/ter-d24n.psf.gz", "size_i": "2546", "regex": "false"},
	{"name_s": "/lib/kbd/consolefonts/ter-d28b.psf.gz", "size_i": "2875", "regex": "false"},
	{"name_s": "/lib/kbd/consolefonts/ter-d28n.psf.gz", "size_i": "2798", "regex": "false"},
	{"name_s": "/lib/kbd/consolefonts/ter-d32b.psf.gz", "size_i": "2973", "regex": "false"},
	{"name_s": "/lib/kbd/consolefonts/ter-d32n.psf.gz", "size_i": "2979", "regex": "false"},
	{"name_s": "/lib/kbd/consolefonts/ter-g12n.psf.gz", "size_i": "1670", "regex": "false"},
	{"name_s": "/lib/kbd/consolefonts/ter-g14b.psf.gz", "size_i": "1813", "regex": "false"},
	{"name_s": "/lib/kbd/consolefonts/ter-g14f.psf.gz", "size_i": "1810", "regex": "false"},
	{"name_s": "/lib/kbd/consolefonts/ter-g14n.psf.gz", "size_i": "1806", "regex": "false"},
	{"name_s": "/lib/kbd/consolefonts/ter-g16b.psf.gz", "size_i": "1849", "regex": "false"},
	{"name_s": "/lib/kbd/consolefonts/ter-g16f.psf.gz", "size_i": "1844", "regex": "false"},
	{"name_s": "/lib/kbd/consolefonts/ter-g16n.psf.gz", "size_i": "1845", "regex": "false"},
	{"name_s": "/lib/kbd/consolefonts/ter-g20b.psf.gz", "size_i": "2261", "regex": "false"},
	{"name_s": "/lib/kbd/consolefonts/ter-g20n.psf.gz", "size_i": "2236", "regex": "false"},
	{"name_s": "/lib/kbd/consolefonts/ter-g22b.psf.gz", "size_i": "2432", "regex": "false"},
	{"name_s": "/lib/kbd/consolefonts/ter-g22n.psf.gz", "size_i": "2413", "regex": "false"},
	{"name_s": "/lib/kbd/consolefonts/ter-g24b.psf.gz", "size_i": "2491", "regex": "false"},
	{"name_s": "/lib/kbd/consolefonts/ter-g24n.psf.gz", "size_i": "2462", "regex": "false"},
	{"name_s": "/lib/kbd/consolefonts/ter-g28b.psf.gz", "size_i": "2742", "regex": "false"},
	{"name_s": "/lib/kbd/consolefonts/ter-g28n.psf.gz", "size_i": "2671", "regex": "false"},
	{"name_s": "/lib/kbd/consolefonts/ter-g32b.psf.gz", "size_i": "2812", "regex": "false"},
	{"name_s": "/lib/kbd/consolefonts/ter-g32n.psf.gz", "size_i": "2824", "regex": "false"},
	{"name_s": "/lib/kbd/consolefonts/ter-i12n.psf.gz", "size_i": "1811", "regex": "false"},
	{"name_s": "/lib/kbd/consolefonts/ter-i14b.psf.gz", "size_i": "1907", "regex": "false"},
	{"name_s": "/lib/kbd/consolefonts/ter-i14f.psf.gz", "size_i": "1902", "regex": "false"},
	{"name_s": "/lib/kbd/consolefonts/ter-i14n.psf.gz", "size_i": "1879", "regex": "false"},
	{"name_s": "/lib/kbd/consolefonts/ter-i16b.psf.gz", "size_i": "1939", "regex": "false"},
	{"name_s": "/lib/kbd/consolefonts/ter-i16f.psf.gz", "size_i": "1937", "regex": "false"},
	{"name_s": "/lib/kbd/consolefonts/ter-i16n.psf.gz", "size_i": "1910", "regex": "false"},
	{"name_s": "/lib/kbd/consolefonts/ter-i20b.psf.gz", "size_i": "2468", "regex": "false"},
	{"name_s": "/lib/kbd/consolefonts/ter-i20n.psf.gz", "size_i": "2430", "regex": "false"},
	{"name_s": "/lib/kbd/consolefonts/ter-i22b.psf.gz", "size_i": "2645", "regex": "false"},
	{"name_s": "/lib/kbd/consolefonts/ter-i22n.psf.gz", "size_i": "2602", "regex": "false"},
	{"name_s": "/lib/kbd/consolefonts/ter-i24b.psf.gz", "size_i": "2726", "regex": "false"},
	{"name_s": "/lib/kbd/consolefonts/ter-i24n.psf.gz", "size_i": "2659", "regex": "false"},
	{"name_s": "/lib/kbd/consolefonts/ter-i28b.psf.gz", "size_i": "3028", "regex": "false"},
	{"name_s": "/lib/kbd/consolefonts/ter-i28n.psf.gz", "size_i": "2945", "regex": "false"},
	{"name_s": "/lib/kbd/consolefonts/ter-i32b.psf.gz", "size_i": "3115", "regex": "false"},
	{"name_s": "/lib/kbd/consolefonts/ter-i32n.psf.gz", "size_i": "3126", "regex": "false"},
	{"name_s": "/lib/kbd/consolefonts/ter-k12n.psf.gz", "size_i": "1739", "regex": "false"},
	{"name_s": "/lib/kbd/consolefonts/ter-k14b.psf.gz", "size_i": "1832", "regex": "false"},
	{"name_s": "/lib/kbd/consolefonts/ter-k14f.psf.gz", "size_i": "1833", "regex": "false"},
	{"name_s": "/lib/kbd/consolefonts/ter-k14n.psf.gz", "size_i": "1801", "regex": "false"},
	{"name_s": "/lib/kbd/consolefonts/ter-k16b.psf.gz", "size_i": "1869", "regex": "false"},
	{"name_s": "/lib/kbd/consolefonts/ter-k16f.psf.gz", "size_i": "1863", "regex": "false"},
	{"name_s": "/lib/kbd/consolefonts/ter-k16n.psf.gz", "size_i": "1829", "regex": "false"},
	{"name_s": "/lib/kbd/consolefonts/ter-k20b.psf.gz", "size_i": "2386", "regex": "false"},
	{"name_s": "/lib/kbd/consolefonts/ter-k20n.psf.gz", "size_i": "2340", "regex": "false"},
	{"name_s": "/lib/kbd/consolefonts/ter-k22b.psf.gz", "size_i": "2556", "regex": "false"},
	{"name_s": "/lib/kbd/consolefonts/ter-k22n.psf.gz", "size_i": "2510", "regex": "false"},
	{"name_s": "/lib/kbd/consolefonts/ter-k24b.psf.gz", "size_i": "2667", "regex": "false"},
	{"name_s": "/lib/kbd/consolefonts/ter-k24n.psf.gz", "size_i": "2584", "regex": "false"},
	{"name_s": "/lib/kbd/consolefonts/ter-k28b.psf.gz", "size_i": "2874", "regex": "false"},
	{"name_s": "/lib/kbd/consolefonts/ter-k28n.psf.gz", "size_i": "2794", "regex": "false"},
	{"name_s": "/lib/kbd/consolefonts/ter-k32b.psf.gz", "size_i": "2984", "regex": "false"},
	{"name_s": "/lib/kbd/consolefonts/ter-k32n.psf.gz", "size_i": "2992", "regex": "false"},
	{"name_s": "/lib/kbd/consolefonts/ter-m12n.psf.gz", "size_i": "1767", "regex": "false"},
	{"name_s": "/lib/kbd/consolefonts/ter-m14b.psf.gz", "size_i": "1878", "regex": "false"},
	{"name_s": "/lib/kbd/consolefonts/ter-m14f.psf.gz", "size_i": "1867", "regex": "false"},
	{"name_s": "/lib/kbd/consolefonts/ter-m14n.psf.gz", "size_i": "1836", "regex": "false"},
	{"name_s": "/lib/kbd/consolefonts/ter-m16b.psf.gz", "size_i": "1915", "regex": "false"},
	{"name_s": "/lib/kbd/consolefonts/ter-m16f.psf.gz", "size_i": "1906", "regex": "false"},
	{"name_s": "/lib/kbd/consolefonts/ter-m16n.psf.gz", "size_i": "1879", "regex": "false"},
	{"name_s": "/lib/kbd/consolefonts/ter-m20b.psf.gz", "size_i": "2449", "regex": "false"},
	{"name_s": "/lib/kbd/consolefonts/ter-m20n.psf.gz", "size_i": "2403", "regex": "false"},
	{"name_s": "/lib/kbd/consolefonts/ter-m22b.psf.gz", "size_i": "2611", "regex": "false"},
	{"name_s": "/lib/kbd/consolefonts/ter-m22n.psf.gz", "size_i": "2566", "regex": "false"},
	{"name_s": "/lib/kbd/consolefonts/ter-m24b.psf.gz", "size_i": "2727", "regex": "false"},
	{"name_s": "/lib/kbd/consolefonts/ter-m24n.psf.gz", "size_i": "2661", "regex": "false"},
	{"name_s": "/lib/kbd/consolefonts/ter-m28b.psf.gz", "size_i": "2967", "regex": "false"},
	{"name_s": "/lib/kbd/consolefonts/ter-m28n.psf.gz", "size_i": "2896", "regex": "false"},
	{"name_s": "/lib/kbd/consolefonts/ter-m32b.psf.gz", "size_i": "3081", "regex": "false"},
	{"name_s": "/lib/kbd/consolefonts/ter-m32n.psf.gz", "size_i": "3109", "regex": "false"},
	{"name_s": "/lib/kbd/consolefonts/ter-p12n.psf.gz", "size_i": "1710", "regex": "false"},
	{"name_s": "/lib/kbd/consolefonts/ter-p14b.psf.gz", "size_i": "1828", "regex": "false"},
	{"name_s": "/lib/kbd/consolefonts/ter-p14f.psf.gz", "size_i": "1812", "regex": "false"},
	{"name_s": "/lib/kbd/consolefonts/ter-p14n.psf.gz", "size_i": "1805", "regex": "false"},
	{"name_s": "/lib/kbd/consolefonts/ter-p16b.psf.gz", "size_i": "1853", "regex": "false"},
	{"name_s": "/lib/kbd/consolefonts/ter-p16f.psf.gz", "size_i": "1837", "regex": "false"},
	{"name_s": "/lib/kbd/consolefonts/ter-p16n.psf.gz", "size_i": "1832", "regex": "false"},
	{"name_s": "/lib/kbd/consolefonts/ter-p20b.psf.gz", "size_i": "2319", "regex": "false"},
	{"name_s": "/lib/kbd/consolefonts/ter-p20n.psf.gz", "size_i": "2277", "regex": "false"},
	{"name_s": "/lib/kbd/consolefonts/ter-p22b.psf.gz", "size_i": "2495", "regex": "false"},
	{"name_s": "/lib/kbd/consolefonts/ter-p22n.psf.gz", "size_i": "2478", "regex": "false"},
	{"name_s": "/lib/kbd/consolefonts/ter-p24b.psf.gz", "size_i": "2588", "regex": "false"},
	{"name_s": "/lib/kbd/consolefonts/ter-p24n.psf.gz", "size_i": "2551", "regex": "false"},
	{"name_s": "/lib/kbd/consolefonts/ter-p28b.psf.gz", "size_i": "2849", "regex": "false"},
	{"name_s": "/lib/kbd/consolefonts/ter-p28n.psf.gz", "size_i": "2766", "regex": "false"},
	{"name_s": "/lib/kbd/consolefonts/ter-p32b.psf.gz", "size_i": "2931", "regex": "false"},
	{"name_s": "/lib/kbd/consolefonts/ter-p32n.psf.gz", "size_i": "2968", "regex": "false"},
	{"name_s": "/lib/kbd/consolefonts/ter-u12n.psf.gz", "size_i": "1739", "regex": "false"},
	{"name_s": "/lib/kbd/consolefonts/ter-u14b.psf.gz", "size_i": "1842", "regex": "false"},
	{"name_s": "/lib/kbd/consolefonts/ter-u14f.psf.gz", "size_i": "1841", "regex": "false"},
	{"name_s": "/lib/kbd/consolefonts/ter-u14n.psf.gz", "size_i": "1822", "regex": "false"},
	{"name_s": "/lib/kbd/consolefonts/ter-u16b.psf.gz", "size_i": "1868", "regex": "false"},
	{"name_s": "/lib/kbd/consolefonts/ter-u16f.psf.gz", "size_i": "1865", "regex": "false"},
	{"name_s": "/lib/kbd/consolefonts/ter-u16n.psf.gz", "size_i": "1839", "regex": "false"},
	{"name_s": "/lib/kbd/consolefonts/ter-u20b.psf.gz", "size_i": "2393", "regex": "false"},
	{"name_s": "/lib/kbd/consolefonts/ter-u20n.psf.gz", "size_i": "2348", "regex": "false"},
	{"name_s": "/lib/kbd/consolefonts/ter-u22b.psf.gz", "size_i": "2561", "regex": "false"},
	{"name_s": "/lib/kbd/consolefonts/ter-u22n.psf.gz", "size_i": "2521", "regex": "false"},
	{"name_s": "/lib/kbd/consolefonts/ter-u24b.psf.gz", "size_i": "2673", "regex": "false"},
	{"name_s": "/lib/kbd/consolefonts/ter-u24n.psf.gz", "size_i": "2598", "regex": "false"},
	{"name_s": "/lib/kbd/consolefonts/ter-u28b.psf.gz", "size_i": "2888", "regex": "false"},
	{"name_s": "/lib/kbd/consolefonts/ter-u28n.psf.gz", "size_i": "2805", "regex": "false"},
	{"name_s": "/lib/kbd/consolefonts/ter-u32b.psf.gz", "size_i": "2999", "regex": "false"},
	{"name_s": "/lib/kbd/consolefonts/ter-u32n.psf.gz", "size_i": "3007", "regex": "false"},
	{"name_s": "/lib/kbd/consolefonts/ter-v12n.psf.gz", "size_i": "3539", "regex": "false"},
	{"name_s": "/lib/kbd/consolefonts/ter-v14b.psf.gz", "size_i": "3743", "regex": "false"},
	{"name_s": "/lib/kbd/consolefonts/ter-v14f.psf.gz", "size_i": "3709", "regex": "false"},
	{"name_s": "/lib/kbd/consolefonts/ter-v14n.psf.gz", "size_i": "3690", "regex": "false"},
	{"name_s": "/lib/kbd/consolefonts/ter-v16b.psf.gz", "size_i": "3813", "regex": "false"},
	{"name_s": "/lib/kbd/consolefonts/ter-v16f.psf.gz", "size_i": "3794", "regex": "false"},
	{"name_s": "/lib/kbd/consolefonts/ter-v16n.psf.gz", "size_i": "3755", "regex": "false"},
	{"name_s": "/lib/kbd/consolefonts/ter-v20b.psf.gz", "size_i": "4664", "regex": "false"},
	{"name_s": "/lib/kbd/consolefonts/ter-v20n.psf.gz", "size_i": "4582", "regex": "false"},
	{"name_s": "/lib/kbd/consolefonts/ter-v22b.psf.gz", "size_i": "4949", "regex": "false"},
	{"name_s": "/lib/kbd/consolefonts/ter-v22n.psf.gz", "size_i": "4952", "regex": "false"},
	{"name_s": "/lib/kbd/consolefonts/ter-v24b.psf.gz", "size_i": "5067", "regex": "false"},
	{"name_s": "/lib/kbd/consolefonts/ter-v24n.psf.gz", "size_i": "5037", "regex": "false"},
	{"name_s": "/lib/kbd/consolefonts/ter-v28b.psf.gz", "size_i": "5585", "regex": "false"},
	{"name_s": "/lib/kbd/consolefonts/ter-v28n.psf.gz", "size_i": "5453", "regex": "false"},
	{"name_s": "/lib/kbd/consolefonts/ter-v32b.psf.gz", "size_i": "5748", "regex": "false"},
	{"name_s": "/lib/kbd/consolefonts/ter-v32n.psf.gz", "size_i": "5757", "regex": "false"},
	{"name_s": "/usr/share/doc/terminus-fonts-console-4.30", "size_i": "4096", "regex": "false"},
	{"name_s": "/usr/share/doc/terminus-fonts-console-4.30/README", "size_i": "8967", "regex": "false"},
	{"name_s": "/usr/share/doc/terminus-fonts-console-4.30/README-BG", "size_i": "9437", "regex": "false"},
	{"name_s": "/usr/share/doc/terminus-fonts-console-4.30/README.fedora", "size_i": "916", "regex": "false"}
]
