[
	{"name_s": "/etc/texmf", "size_i": "4096", "regex": "false"},
	{"name_s": "/etc/texmf/web2c", "size_i": "4096", "regex": "false"},
	{"name_s": "/etc/texmf/web2c/mktexdir.opt", "size_i": "328", "regex": "false"},
	{"name_s": "/usr/bin/aleph", "size_i": "464528", "regex": "false"},
	{"name_s": "/usr/bin/amstex", "size_i": "6", "regex": "false"},
	{"name_s": "/usr/bin/bibtex", "size_i": "98704", "regex": "false"},
	{"name_s": "/usr/bin/bibtex8", "size_i": "126376", "regex": "false"},
	{"name_s": "/usr/bin/csplain", "size_i": "6", "regex": "false"},
	{"name_s": "/usr/bin/ctangle", "size_i": "40080", "regex": "false"},
	{"name_s": "/usr/bin/ctie", "size_i": "15160", "regex": "false"},
	{"name_s": "/usr/bin/cweave", "size_i": "78000", "regex": "false"},
	{"name_s": "/usr/bin/dmp", "size_i": "27496", "regex": "false"},
	{"name_s": "/usr/bin/dvitomp", "size_i": "35688", "regex": "false"},
	{"name_s": "/usr/bin/eplain", "size_i": "6", "regex": "false"},
	{"name_s": "/usr/bin/etex", "size_i": "6", "regex": "false"},
	{"name_s": "/usr/bin/extconv", "size_i": "4936", "regex": "false"},
	{"name_s": "/usr/bin/fmtutil", "size_i": "29153", "regex": "false"},
	{"name_s": "/usr/bin/fmtutil-sys", "size_i": "831", "regex": "false"},
	{"name_s": "/usr/bin/fontinst", "size_i": "552", "regex": "false"},
	{"name_s": "/usr/bin/gftodvi", "size_i": "42360", "regex": "false"},
	{"name_s": "/usr/bin/gftopk", "size_i": "23376", "regex": "false"},
	{"name_s": "/usr/bin/gftype", "size_i": "23480", "regex": "false"},
	{"name_s": "/usr/bin/kpseaccess", "size_i": "5704", "regex": "false"},
	{"name_s": "/usr/bin/kpsepath", "size_i": "8", "regex": "false"},
	{"name_s": "/usr/bin/kpsereadlink", "size_i": "5776", "regex": "false"},
	{"name_s": "/usr/bin/kpsestat", "size_i": "6688", "regex": "false"},
	{"name_s": "/usr/bin/kpsetool", "size_i": "3457", "regex": "false"},
	{"name_s": "/usr/bin/kpsewhere", "size_i": "1441", "regex": "false"},
	{"name_s": "/usr/bin/kpsewhich", "size_i": "13736", "regex": "false"},
	{"name_s": "/usr/bin/kpsexpand", "size_i": "8", "regex": "false"},
	{"name_s": "/usr/bin/lambda", "size_i": "5", "regex": "false"},
	{"name_s": "/usr/bin/lamed", "size_i": "5", "regex": "false"},
	{"name_s": "/usr/bin/mag", "size_i": "6760", "regex": "false"},
	{"name_s": "/usr/bin/makeindex", "size_i": "80968", "regex": "false"},
	{"name_s": "/usr/bin/makempx", "size_i": "17040", "regex": "false"},
	{"name_s": "/usr/bin/mft", "size_i": "52080", "regex": "false"},
	{"name_s": "/usr/bin/mkindex", "size_i": "947", "regex": "false"},
	{"name_s": "/usr/bin/mkocp", "size_i": "171", "regex": "false"},
	{"name_s": "/usr/bin/mkofm", "size_i": "83", "regex": "false"},
	{"name_s": "/usr/bin/mktexfmt", "size_i": "7", "regex": "false"},
	{"name_s": "/usr/bin/mktexlsr", "size_i": "5794", "regex": "false"},
	{"name_s": "/usr/bin/mktexmf", "size_i": "3847", "regex": "false"},
	{"name_s": "/usr/bin/mktextfm", "size_i": "4830", "regex": "false"},
	{"name_s": "/usr/bin/mltex", "size_i": "6", "regex": "false"},
	{"name_s": "/usr/bin/mpost", "size_i": "369264", "regex": "false"},
	{"name_s": "/usr/bin/mpto", "size_i": "10928", "regex": "false"},
	{"name_s": "/usr/bin/musixflx", "size_i": "17352", "regex": "false"},
	{"name_s": "/usr/bin/newer", "size_i": "6680", "regex": "false"},
	{"name_s": "/usr/bin/ofm2opl", "size_i": "7", "regex": "false"},
	{"name_s": "/usr/bin/omega", "size_i": "473936", "regex": "false"},
	{"name_s": "/usr/bin/omfonts", "size_i": "116096", "regex": "false"},
	{"name_s": "/usr/bin/opl2ofm", "size_i": "7", "regex": "false"},
	{"name_s": "/usr/bin/otangle", "size_i": "40472", "regex": "false"},
	{"name_s": "/usr/bin/otp2ocp", "size_i": "35544", "regex": "false"},
	{"name_s": "/usr/bin/outocp", "size_i": "9104", "regex": "false"},
	{"name_s": "/usr/bin/ovf2ovp", "size_i": "7", "regex": "false"},
	{"name_s": "/usr/bin/ovp2ovf", "size_i": "7", "regex": "false"},
	{"name_s": "/usr/bin/patgen", "size_i": "31528", "regex": "false"},
	{"name_s": "/usr/bin/pdfcsplain", "size_i": "6", "regex": "false"},
	{"name_s": "/usr/bin/pdfetex", "size_i": "6", "regex": "false"},
	{"name_s": "/usr/bin/pdftex", "size_i": "657400", "regex": "false"},
	{"name_s": "/usr/bin/pdftosrc", "size_i": "9744", "regex": "false"},
	{"name_s": "/usr/bin/pfb2pfa", "size_i": "8616", "regex": "false"},
	{"name_s": "/usr/bin/physe", "size_i": "6", "regex": "false"},
	{"name_s": "/usr/bin/phyzzx", "size_i": "6", "regex": "false"},
	{"name_s": "/usr/bin/pk2bm", "size_i": "11976", "regex": "false"},
	{"name_s": "/usr/bin/pktogf", "size_i": "23344", "regex": "false"},
	{"name_s": "/usr/bin/pktype", "size_i": "15400", "regex": "false"},
	{"name_s": "/usr/bin/pltotf", "size_i": "60328", "regex": "false"},
	{"name_s": "/usr/bin/pooltype", "size_i": "11584", "regex": "false"},
	{"name_s": "/usr/bin/ps2frag", "size_i": "229", "regex": "false"},
	{"name_s": "/usr/bin/ps2pk", "size_i": "134432", "regex": "false"},
	{"name_s": "/usr/bin/rubibtex", "size_i": "2583", "regex": "false"},
	{"name_s": "/usr/bin/rumakeindex", "size_i": "1791", "regex": "false"},
	{"name_s": "/usr/bin/tangle", "size_i": "43400", "regex": "false"},
	{"name_s": "/usr/bin/tex", "size_i": "283440", "regex": "false"},
	{"name_s": "/usr/bin/texconfig", "size_i": "44368", "regex": "false"},
	{"name_s": "/usr/bin/texconfig-dialog", "size_i": "13061", "regex": "false"},
	{"name_s": "/usr/bin/texconfig-sys", "size_i": "838", "regex": "false"},
	{"name_s": "/usr/bin/texhash", "size_i": "8", "regex": "false"},
	{"name_s": "/usr/bin/texlinks", "size_i": "8866", "regex": "false"},
	{"name_s": "/usr/bin/texsis", "size_i": "6", "regex": "false"},
	{"name_s": "/usr/bin/tftopl", "size_i": "43912", "regex": "false"},
	{"name_s": "/usr/bin/tie", "size_i": "10864", "regex": "false"},
	{"name_s": "/usr/bin/updmap", "size_i": "47168", "regex": "false"},
	{"name_s": "/usr/bin/updmap-sys", "size_i": "829", "regex": "false"},
	{"name_s": "/usr/bin/vftovp", "size_i": "49008", "regex": "false"},
	{"name_s": "/usr/bin/vptovf", "size_i": "57624", "regex": "false"},
	{"name_s": "/usr/bin/weave", "size_i": "64984", "regex": "false"},
	{"name_s": "/usr/share/doc/texlive-2007", "size_i": "4096", "regex": "false"},
	{"name_s": "/usr/share/doc/texlive-2007/fmtutil.cnf-init", "size_i": "5777", "regex": "false"},
	{"name_s": "/usr/share/info/web2c.info.gz", "size_i": "59241", "regex": "false"},
	{"name_s": "/usr/share/man/man1/amstex.1.gz", "size_i": "1165", "regex": "false"},
	{"name_s": "/usr/share/man/man1/bibtex.1.gz", "size_i": "1854", "regex": "false"},
	{"name_s": "/usr/share/man/man1/ctangle.1.gz", "size_i": "9", "regex": "false"},
	{"name_s": "/usr/share/man/man1/ctie.1.gz", "size_i": "784", "regex": "false"},
	{"name_s": "/usr/share/man/man1/cweave.1.gz", "size_i": "9", "regex": "false"},
	{"name_s": "/usr/share/man/man1/cweb.1.gz", "size_i": "1796", "regex": "false"},
	{"name_s": "/usr/share/man/man1/dmp.1.gz", "size_i": "756", "regex": "false"},
	{"name_s": "/usr/share/man/man1/dvitomp.1.gz", "size_i": "400", "regex": "false"},
	{"name_s": "/usr/share/man/man1/eplain.1.gz", "size_i": "1131", "regex": "false"},
	{"name_s": "/usr/share/man/man1/etex.1.gz", "size_i": "4131", "regex": "false"},
	{"name_s": "/usr/share/man/man1/fmtutil-sys.1.gz", "size_i": "12", "regex": "false"},
	{"name_s": "/usr/share/man/man1/fmtutil.1.gz", "size_i": "859", "regex": "false"},
	{"name_s": "/usr/share/man/man1/fontinst.1.gz", "size_i": "680", "regex": "false"},
	{"name_s": "/usr/share/man/man1/gftodvi.1.gz", "size_i": "2028", "regex": "false"},
	{"name_s": "/usr/share/man/man1/gftopk.1.gz", "size_i": "1250", "regex": "false"},
	{"name_s": "/usr/share/man/man1/gftype.1.gz", "size_i": "1132", "regex": "false"},
	{"name_s": "/usr/share/man/man1/kpseaccess.1.gz", "size_i": "736", "regex": "false"},
	{"name_s": "/usr/share/man/man1/kpsepath.1.gz", "size_i": "13", "regex": "false"},
	{"name_s": "/usr/share/man/man1/kpsereadlink.1.gz", "size_i": "374", "regex": "false"},
	{"name_s": "/usr/share/man/man1/kpsestat.1.gz", "size_i": "635", "regex": "false"},
	{"name_s": "/usr/share/man/man1/kpsetool.1.gz", "size_i": "1030", "regex": "false"},
	{"name_s": "/usr/share/man/man1/kpsewhere.1.gz", "size_i": "849", "regex": "false"},
	{"name_s": "/usr/share/man/man1/kpsewhich.1.gz", "size_i": "1327", "regex": "false"},
	{"name_s": "/usr/share/man/man1/kpsexpand.1.gz", "size_i": "13", "regex": "false"},
	{"name_s": "/usr/share/man/man1/lambda.1.gz", "size_i": "10", "regex": "false"},
	{"name_s": "/usr/share/man/man1/mag.1.gz", "size_i": "701", "regex": "false"},
	{"name_s": "/usr/share/man/man1/makeindex.1.gz", "size_i": "9348", "regex": "false"},
	{"name_s": "/usr/share/man/man1/makempx.1.gz", "size_i": "989", "regex": "false"},
	{"name_s": "/usr/share/man/man1/mft.1.gz", "size_i": "1544", "regex": "false"},
	{"name_s": "/usr/share/man/man1/mkindex.1.gz", "size_i": "607", "regex": "false"},
	{"name_s": "/usr/share/man/man1/mkocp.1.gz", "size_i": "843", "regex": "false"},
	{"name_s": "/usr/share/man/man1/mkofm.1.gz", "size_i": "465", "regex": "false"},
	{"name_s": "/usr/share/man/man1/mktexfmt.1.gz", "size_i": "12", "regex": "false"},
	{"name_s": "/usr/share/man/man1/mktexlsr.1.gz", "size_i": "927", "regex": "false"},
	{"name_s": "/usr/share/man/man1/mktexmf.1.gz", "size_i": "750", "regex": "false"},
	{"name_s": "/usr/share/man/man1/mktextfm.1.gz", "size_i": "880", "regex": "false"},
	{"name_s": "/usr/share/man/man1/mpost.1.gz", "size_i": "4739", "regex": "false"},
	{"name_s": "/usr/share/man/man1/mpto.1.gz", "size_i": "808", "regex": "false"},
	{"name_s": "/usr/share/man/man1/newer.1.gz", "size_i": "411", "regex": "false"},
	{"name_s": "/usr/share/man/man1/ofm2opl.1.gz", "size_i": "1370", "regex": "false"},
	{"name_s": "/usr/share/man/man1/omega.1.gz", "size_i": "3122", "regex": "false"},
	{"name_s": "/usr/share/man/man1/opl2ofm.1.gz", "size_i": "1196", "regex": "false"},
	{"name_s": "/usr/share/man/man1/otp2ocp.1.gz", "size_i": "723", "regex": "false"},
	{"name_s": "/usr/share/man/man1/outocp.1.gz", "size_i": "797", "regex": "false"},
	{"name_s": "/usr/share/man/man1/ovf2ovp.1.gz", "size_i": "1375", "regex": "false"},
	{"name_s": "/usr/share/man/man1/ovp2ovf.1.gz", "size_i": "1241", "regex": "false"},
	{"name_s": "/usr/share/man/man1/patgen.1.gz", "size_i": "2572", "regex": "false"},
	{"name_s": "/usr/share/man/man1/pdfetex.1.gz", "size_i": "4500", "regex": "false"},
	{"name_s": "/usr/share/man/man1/pdftex.1.gz", "size_i": "4490", "regex": "false"},
	{"name_s": "/usr/share/man/man1/pdftosrc.1.gz", "size_i": "2192", "regex": "false"},
	{"name_s": "/usr/share/man/man1/pfb2pfa.1.gz", "size_i": "401", "regex": "false"},
	{"name_s": "/usr/share/man/man1/pk2bm.1.gz", "size_i": "687", "regex": "false"},
	{"name_s": "/usr/share/man/man1/pktogf.1.gz", "size_i": "1163", "regex": "false"},
	{"name_s": "/usr/share/man/man1/pktype.1.gz", "size_i": "1198", "regex": "false"},
	{"name_s": "/usr/share/man/man1/pltotf.1.gz", "size_i": "1037", "regex": "false"},
	{"name_s": "/usr/share/man/man1/pooltype.1.gz", "size_i": "725", "regex": "false"},
	{"name_s": "/usr/share/man/man1/ps2frag.1.gz", "size_i": "929", "regex": "false"},
	{"name_s": "/usr/share/man/man1/ps2pk.1.gz", "size_i": "2445", "regex": "false"},
	{"name_s": "/usr/share/man/man1/rubibtex.1.gz", "size_i": "960", "regex": "false"},
	{"name_s": "/usr/share/man/man1/rumakeindex.1.gz", "size_i": "910", "regex": "false"},
	{"name_s": "/usr/share/man/man1/tangle.1.gz", "size_i": "2085", "regex": "false"},
	{"name_s": "/usr/share/man/man1/tex.1.gz", "size_i": "5243", "regex": "false"},
	{"name_s": "/usr/share/man/man1/texconfig-sys.1.gz", "size_i": "14", "regex": "false"},
	{"name_s": "/usr/share/man/man1/texconfig.1.gz", "size_i": "397", "regex": "false"},
	{"name_s": "/usr/share/man/man1/texhash.1.gz", "size_i": "13", "regex": "false"},
	{"name_s": "/usr/share/man/man1/texlinks.1.gz", "size_i": "955", "regex": "false"},
	{"name_s": "/usr/share/man/man1/tftopl.1.gz", "size_i": "1492", "regex": "false"},
	{"name_s": "/usr/share/man/man1/tie.1.gz", "size_i": "553", "regex": "false"},
	{"name_s": "/usr/share/man/man1/updmap-sys.1.gz", "size_i": "11", "regex": "false"},
	{"name_s": "/usr/share/man/man1/updmap.1.gz", "size_i": "2241", "regex": "false"},
	{"name_s": "/usr/share/man/man1/vftovp.1.gz", "size_i": "1319", "regex": "false"},
	{"name_s": "/usr/share/man/man1/vptovf.1.gz", "size_i": "996", "regex": "false"},
	{"name_s": "/usr/share/man/man1/weave.1.gz", "size_i": "1132", "regex": "false"},
	{"name_s": "/usr/share/man/man5/fmtutil.cnf.5.gz", "size_i": "1274", "regex": "false"},
	{"name_s": "/usr/share/man/man5/updmap.cfg.5.gz", "size_i": "2478", "regex": "false"},
	{"name_s": "/usr/share/texmf/bibtex", "size_i": "4096", "regex": "false"},
	{"name_s": "/usr/share/texmf/bibtex/csf", "size_i": "4096", "regex": "false"},
	{"name_s": "/usr/share/texmf/bibtex/csf/88591lat.csf", "size_i": "11212", "regex": "false"},
	{"name_s": "/usr/share/texmf/bibtex/csf/88591sca.csf", "size_i": "10325", "regex": "false"},
	{"name_s": "/usr/share/texmf/bibtex/csf/ascii.csf", "size_i": "8515", "regex": "false"},
	{"name_s": "/usr/share/texmf/bibtex/csf/cp437lat.csf", "size_i": "10596", "regex": "false"},
	{"name_s": "/usr/share/texmf/bibtex/csf/cp850lat.csf", "size_i": "10024", "regex": "false"},
	{"name_s": "/usr/share/texmf/bibtex/csf/cp850sca.csf", "size_i": "10114", "regex": "false"},
	{"name_s": "/usr/share/texmf/bibtex/csf/cp866rus.csf", "size_i": "8358", "regex": "false"},
	{"name_s": "/usr/share/texmf/doc", "size_i": "4096", "regex": "false"},
	{"name_s": "/usr/share/texmf/doc/bibtex8", "size_i": "4096", "regex": "false"},
	{"name_s": "/usr/share/texmf/doc/bibtex8/00readme.txt", "size_i": "34446", "regex": "false"},
	{"name_s": "/usr/share/texmf/doc/bibtex8/HISTORY", "size_i": "2762", "regex": "false"},
	{"name_s": "/usr/share/texmf/doc/bibtex8/csfile.txt", "size_i": "13452", "regex": "false"},
	{"name_s": "/usr/share/texmf/doc/bibtex8/file_id.diz", "size_i": "464", "regex": "false"},
	{"name_s": "/usr/share/texmf/web2c", "size_i": "4096", "regex": "false"},
	{"name_s": "/usr/share/texmf/web2c/mktex.opt", "size_i": "4763", "regex": "false"},
	{"name_s": "/usr/share/texmf/web2c/mktexdir", "size_i": "1373", "regex": "false"},
	{"name_s": "/usr/share/texmf/web2c/mktexnam", "size_i": "7787", "regex": "false"},
	{"name_s": "/usr/share/texmf/web2c/mktexnam.opt", "size_i": "3821", "regex": "false"},
	{"name_s": "/usr/share/texmf/web2c/mktexupd", "size_i": "1741", "regex": "false"}
]
