[
	{"name_s": "/usr/bin/ctxtools", "size_i": "38", "regex": "false"},
	{"name_s": "/usr/bin/exatools", "size_i": "38", "regex": "false"},
	{"name_s": "/usr/bin/luatools", "size_i": "39", "regex": "false"},
	{"name_s": "/usr/bin/makempy", "size_i": "37", "regex": "false"},
	{"name_s": "/usr/bin/mpstools", "size_i": "38", "regex": "false"},
	{"name_s": "/usr/bin/mptopdf", "size_i": "37", "regex": "false"},
	{"name_s": "/usr/bin/mtxtools", "size_i": "38", "regex": "false"},
	{"name_s": "/usr/bin/pdftools", "size_i": "38", "regex": "false"},
	{"name_s": "/usr/bin/pstopdf", "size_i": "37", "regex": "false"},
	{"name_s": "/usr/bin/rlxtools", "size_i": "38", "regex": "false"},
	{"name_s": "/usr/bin/runtools", "size_i": "38", "regex": "false"},
	{"name_s": "/usr/bin/texexec", "size_i": "37", "regex": "false"},
	{"name_s": "/usr/bin/texfont", "size_i": "37", "regex": "false"},
	{"name_s": "/usr/bin/texmfstart", "size_i": "86626", "regex": "false"},
	{"name_s": "/usr/bin/textools", "size_i": "38", "regex": "false"},
	{"name_s": "/usr/bin/texutil", "size_i": "37", "regex": "false"},
	{"name_s": "/usr/bin/tmftools", "size_i": "38", "regex": "false"},
	{"name_s": "/usr/bin/xmltools", "size_i": "38", "regex": "false"},
	{"name_s": "/usr/share/man/man1/ctxtools.1.gz", "size_i": "1112", "regex": "false"},
	{"name_s": "/usr/share/man/man1/makempy.1.gz", "size_i": "1078", "regex": "false"},
	{"name_s": "/usr/share/man/man1/mptopdf.1.gz", "size_i": "1116", "regex": "false"},
	{"name_s": "/usr/share/man/man1/pdftools.1.gz", "size_i": "814", "regex": "false"},
	{"name_s": "/usr/share/man/man1/pstopdf.1.gz", "size_i": "808", "regex": "false"},
	{"name_s": "/usr/share/man/man1/texexec.1.gz", "size_i": "7583", "regex": "false"},
	{"name_s": "/usr/share/man/man1/texfont.1.gz", "size_i": "1198", "regex": "false"},
	{"name_s": "/usr/share/man/man1/texmfstart.1.gz", "size_i": "3080", "regex": "false"},
	{"name_s": "/usr/share/man/man1/textools.1.gz", "size_i": "1247", "regex": "false"},
	{"name_s": "/usr/share/man/man1/texutil.1.gz", "size_i": "365", "regex": "false"}
]
