[
	{"name_s": "/usr/bin/allcm", "size_i": "3377", "regex": "false"},
	{"name_s": "/usr/bin/allec", "size_i": "5", "regex": "false"},
	{"name_s": "/usr/bin/allneeded", "size_i": "903", "regex": "false"},
	{"name_s": "/usr/bin/dvi2fax", "size_i": "1098", "regex": "false"},
	{"name_s": "/usr/bin/dvips", "size_i": "197552", "regex": "false"},
	{"name_s": "/usr/bin/dvired", "size_i": "3081", "regex": "false"},
	{"name_s": "/usr/bin/odvips", "size_i": "5", "regex": "false"},
	{"name_s": "/usr/share/info/dvips.info.gz", "size_i": "61238", "regex": "false"},
	{"name_s": "/usr/share/man/man1/allcm.1.gz", "size_i": "434", "regex": "false"},
	{"name_s": "/usr/share/man/man1/allec.1.gz", "size_i": "10", "regex": "false"},
	{"name_s": "/usr/share/man/man1/allneeded.1.gz", "size_i": "466", "regex": "false"},
	{"name_s": "/usr/share/man/man1/dvi2fax.1.gz", "size_i": "398", "regex": "false"},
	{"name_s": "/usr/share/man/man1/dvips.1.gz", "size_i": "6827", "regex": "false"},
	{"name_s": "/usr/share/man/man1/dvired.1.gz", "size_i": "589", "regex": "false"},
	{"name_s": "/usr/share/man/man1/odvips.1.gz", "size_i": "10", "regex": "false"},
	{"name_s": "/usr/share/texmf/dvips", "size_i": "4096", "regex": "false"},
	{"name_s": "/usr/share/texmf/dvips/base", "size_i": "4096", "regex": "false"},
	{"name_s": "/usr/share/texmf/dvips/base/color.pro", "size_i": "3083", "regex": "false"},
	{"name_s": "/usr/share/texmf/dvips/base/crop.pro", "size_i": "312", "regex": "false"},
	{"name_s": "/usr/share/texmf/dvips/base/finclude.pro", "size_i": "201", "regex": "false"},
	{"name_s": "/usr/share/texmf/dvips/base/hps.pro", "size_i": "3520", "regex": "false"},
	{"name_s": "/usr/share/texmf/dvips/base/special.pro", "size_i": "3841", "regex": "false"},
	{"name_s": "/usr/share/texmf/dvips/base/tex.pro", "size_i": "2960", "regex": "false"},
	{"name_s": "/usr/share/texmf/dvips/base/texc.pro", "size_i": "3823", "regex": "false"},
	{"name_s": "/usr/share/texmf/dvips/base/texps.pro", "size_i": "855", "regex": "false"},
	{"name_s": "/usr/share/texmf/dvips/gsftopk", "size_i": "4096", "regex": "false"},
	{"name_s": "/usr/share/texmf/dvips/gsftopk/render.ps", "size_i": "7669", "regex": "false"}
]
