[
	{"name_s": "/usr/share/doc/tix-doc-8.4.3", "size_i": "4096", "regex": "false"},
	{"name_s": "/usr/share/doc/tix-doc-8.4.3/FAQ.html", "size_i": "11656", "regex": "false"},
	{"name_s": "/usr/share/doc/tix-doc-8.4.3/FAQ.txt", "size_i": "12824", "regex": "false"},
	{"name_s": "/usr/share/doc/tix-doc-8.4.3/Files.txt", "size_i": "4761", "regex": "false"},
	{"name_s": "/usr/share/doc/tix-doc-8.4.3/Release-8.0.0.txt", "size_i": "7293", "regex": "false"},
	{"name_s": "/usr/share/doc/tix-doc-8.4.3/Release-8.0.1.txt", "size_i": "2516", "regex": "false"},
	{"name_s": "/usr/share/doc/tix-doc-8.4.3/Release-8.0.2.txt", "size_i": "2309", "regex": "false"},
	{"name_s": "/usr/share/doc/tix-doc-8.4.3/Release-8.1.0.txt", "size_i": "2153", "regex": "false"},
	{"name_s": "/usr/share/doc/tix-doc-8.4.3/Release-8.1.1.txt", "size_i": "727", "regex": "false"},
	{"name_s": "/usr/share/doc/tix-doc-8.4.3/Release-8.1.2.txt", "size_i": "1400", "regex": "false"},
	{"name_s": "/usr/share/doc/tix-doc-8.4.3/Release-8.1.3.txt", "size_i": "959", "regex": "false"},
	{"name_s": "/usr/share/doc/tix-doc-8.4.3/Release-8.2.0.txt", "size_i": "2482", "regex": "false"},
	{"name_s": "/usr/share/doc/tix-doc-8.4.3/Release-8.4.0.txt", "size_i": "2883", "regex": "false"},
	{"name_s": "/usr/share/doc/tix-doc-8.4.3/Release.html", "size_i": "742", "regex": "false"},
	{"name_s": "/usr/share/doc/tix-doc-8.4.3/html", "size_i": "4096", "regex": "false"},
	{"name_s": "/usr/share/doc/tix-doc-8.4.3/html/TixBook", "size_i": "4096", "regex": "false"},
	{"name_s": "/usr/share/doc/tix-doc-8.4.3/html/TixBook/TixBook.html", "size_i": "5394", "regex": "false"},
	{"name_s": "/usr/share/doc/tix-doc-8.4.3/html/TixBook/images.pl", "size_i": "106", "regex": "false"},
	{"name_s": "/usr/share/doc/tix-doc-8.4.3/html/TixBook/labels.pl", "size_i": "7483", "regex": "false"},
	{"name_s": "/usr/share/doc/tix-doc-8.4.3/html/TixBook/section3_3.html", "size_i": "5337", "regex": "false"},
	{"name_s": "/usr/share/doc/tix-doc-8.4.3/html/TixBook/section3_4.html", "size_i": "3631", "regex": "false"},
	{"name_s": "/usr/share/doc/tix-doc-8.4.3/html/TixBook/section3_5.html", "size_i": "2722", "regex": "false"},
	{"name_s": "/usr/share/doc/tix-doc-8.4.3/html/TixBook/section3_6.html", "size_i": "2018", "regex": "false"},
	{"name_s": "/usr/share/doc/tix-doc-8.4.3/html/TixBook/section3_7.html", "size_i": "2574", "regex": "false"},
	{"name_s": "/usr/share/doc/tix-doc-8.4.3/html/TixBook/section3_8.html", "size_i": "4624", "regex": "false"},
	{"name_s": "/usr/share/doc/tix-doc-8.4.3/html/TixBook/sectionstar3_2.html", "size_i": "1466", "regex": "false"},
	{"name_s": "/usr/share/doc/tix-doc-8.4.3/html/TixBook/subsection3_3_1.html", "size_i": "1374", "regex": "false"},
	{"name_s": "/usr/share/doc/tix-doc-8.4.3/html/TixBook/subsection3_3_2.html", "size_i": "2229", "regex": "false"},
	{"name_s": "/usr/share/doc/tix-doc-8.4.3/html/TixBook/subsection3_3_3.html", "size_i": "2204", "regex": "false"},
	{"name_s": "/usr/share/doc/tix-doc-8.4.3/html/TixBook/subsection3_3_4.html", "size_i": "2410", "regex": "false"},
	{"name_s": "/usr/share/doc/tix-doc-8.4.3/html/TixBook/subsection3_3_5.html", "size_i": "2923", "regex": "false"},
	{"name_s": "/usr/share/doc/tix-doc-8.4.3/html/TixBook/subsection3_4_1.html", "size_i": "2578", "regex": "false"},
	{"name_s": "/usr/share/doc/tix-doc-8.4.3/html/TixBook/subsection3_4_2.html", "size_i": "2480", "regex": "false"},
	{"name_s": "/usr/share/doc/tix-doc-8.4.3/html/TixBook/subsection3_4_3.html", "size_i": "2413", "regex": "false"},
	{"name_s": "/usr/share/doc/tix-doc-8.4.3/html/TixBook/subsection3_5_1.html", "size_i": "2556", "regex": "false"},
	{"name_s": "/usr/share/doc/tix-doc-8.4.3/html/TixBook/subsection3_5_2.html", "size_i": "3178", "regex": "false"},
	{"name_s": "/usr/share/doc/tix-doc-8.4.3/html/TixBook/subsection3_5_3.html", "size_i": "2042", "regex": "false"},
	{"name_s": "/usr/share/doc/tix-doc-8.4.3/html/TixBook/subsection3_6_1.html", "size_i": "2532", "regex": "false"},
	{"name_s": "/usr/share/doc/tix-doc-8.4.3/html/TixBook/subsection3_6_2.html", "size_i": "3491", "regex": "false"},
	{"name_s": "/usr/share/doc/tix-doc-8.4.3/html/TixBook/subsection3_7_1.html", "size_i": "2658", "regex": "false"},
	{"name_s": "/usr/share/doc/tix-doc-8.4.3/html/TixBook/subsection3_7_2.html", "size_i": "3066", "regex": "false"},
	{"name_s": "/usr/share/doc/tix-doc-8.4.3/html/TixBook/subsection3_8_1.html", "size_i": "3400", "regex": "false"},
	{"name_s": "/usr/share/doc/tix-doc-8.4.3/html/TixBook/subsection3_8_2.html", "size_i": "2054", "regex": "false"},
	{"name_s": "/usr/share/doc/tix-doc-8.4.3/html/TixBook/subsection3_8_3.html", "size_i": "3829", "regex": "false"},
	{"name_s": "/usr/share/doc/tix-doc-8.4.3/html/TixBook/subsection3_8_4.html", "size_i": "2268", "regex": "false"},
	{"name_s": "/usr/share/doc/tix-doc-8.4.3/html/TixBook/subsection3_8_5.html", "size_i": "4417", "regex": "false"},
	{"name_s": "/usr/share/doc/tix-doc-8.4.3/html/TixBook/subsection3_8_6.html", "size_i": "2297", "regex": "false"},
	{"name_s": "/usr/share/doc/tix-doc-8.4.3/html/TixBook/subsection3_8_7.html", "size_i": "2167", "regex": "false"},
	{"name_s": "/usr/share/doc/tix-doc-8.4.3/html/TixBook/subsectionstar3_2_1.html", "size_i": "1544", "regex": "false"},
	{"name_s": "/usr/share/doc/tix-doc-8.4.3/html/TixBook/subsectionstar3_2_2.html", "size_i": "1358", "regex": "false"},
	{"name_s": "/usr/share/doc/tix-doc-8.4.3/html/TixBook/subsectionstar3_2_3.html", "size_i": "2016", "regex": "false"},
	{"name_s": "/usr/share/doc/tix-doc-8.4.3/html/TixBook/subsubsection3_3_1_1.html", "size_i": "3169", "regex": "false"},
	{"name_s": "/usr/share/doc/tix-doc-8.4.3/html/TixBook/subsubsection3_3_1_2.html", "size_i": "2130", "regex": "false"},
	{"name_s": "/usr/share/doc/tix-doc-8.4.3/html/TixBook/subsubsection3_3_2_1.html", "size_i": "3427", "regex": "false"},
	{"name_s": "/usr/share/doc/tix-doc-8.4.3/html/TixBook/subsubsection3_3_2_2.html", "size_i": "2504", "regex": "false"},
	{"name_s": "/usr/share/doc/tix-doc-8.4.3/html/TixBook/subsubsection3_3_2_4.html", "size_i": "2035", "regex": "false"},
	{"name_s": "/usr/share/doc/tix-doc-8.4.3/html/TixBook/subsubsection3_3_3_1.html", "size_i": "1586", "regex": "false"},
	{"name_s": "/usr/share/doc/tix-doc-8.4.3/html/TixBook/subsubsection3_3_3_2.html", "size_i": "1629", "regex": "false"},
	{"name_s": "/usr/share/doc/tix-doc-8.4.3/html/TixBook/subsubsection3_3_3_3.html", "size_i": "2899", "regex": "false"},
	{"name_s": "/usr/share/doc/tix-doc-8.4.3/html/TixBook/subsubsection3_3_3_4.html", "size_i": "2343", "regex": "false"},
	{"name_s": "/usr/share/doc/tix-doc-8.4.3/html/TixBook/subsubsection3_3_3_5.html", "size_i": "4560", "regex": "false"},
	{"name_s": "/usr/share/doc/tix-doc-8.4.3/html/TixBook/subsubsection3_3_3_6.html", "size_i": "3288", "regex": "false"},
	{"name_s": "/usr/share/doc/tix-doc-8.4.3/html/TixBook/subsubsection3_3_3_7.html", "size_i": "1996", "regex": "false"},
	{"name_s": "/usr/share/doc/tix-doc-8.4.3/html/TixBook/subsubsection3_3_4_1.html", "size_i": "2203", "regex": "false"},
	{"name_s": "/usr/share/doc/tix-doc-8.4.3/html/TixBook/subsubsection3_3_4_2.html", "size_i": "1898", "regex": "false"},
	{"name_s": "/usr/share/doc/tix-doc-8.4.3/html/TixBook/subsubsection3_3_4_3.html", "size_i": "2462", "regex": "false"},
	{"name_s": "/usr/share/doc/tix-doc-8.4.3/html/TixBook/subsubsection3_3_4_4.html", "size_i": "3501", "regex": "false"},
	{"name_s": "/usr/share/doc/tix-doc-8.4.3/html/TixBook/subsubsection3_3_5_1.html", "size_i": "1638", "regex": "false"},
	{"name_s": "/usr/share/doc/tix-doc-8.4.3/html/TixBook/subsubsection3_3_5_5.html", "size_i": "2725", "regex": "false"},
	{"name_s": "/usr/share/doc/tix-doc-8.4.3/html/TixBook/subsubsection3_3_5_6.html", "size_i": "2382", "regex": "false"},
	{"name_s": "/usr/share/doc/tix-doc-8.4.3/html/TixBook/subsubsection3_3_5_7.html", "size_i": "2515", "regex": "false"},
	{"name_s": "/usr/share/doc/tix-doc-8.4.3/html/TixBook/subsubsection3_4_1_1.html", "size_i": "2715", "regex": "false"},
	{"name_s": "/usr/share/doc/tix-doc-8.4.3/html/TixBook/subsubsection3_4_1_2.html", "size_i": "1885", "regex": "false"},
	{"name_s": "/usr/share/doc/tix-doc-8.4.3/html/TixBook/subsubsection3_4_1_3.html", "size_i": "2978", "regex": "false"},
	{"name_s": "/usr/share/doc/tix-doc-8.4.3/html/TixBook/subsubsection3_4_1_4.html", "size_i": "1718", "regex": "false"},
	{"name_s": "/usr/share/doc/tix-doc-8.4.3/html/TixBook/subsubsection3_4_2_1.html", "size_i": "2856", "regex": "false"},
	{"name_s": "/usr/share/doc/tix-doc-8.4.3/html/TixBook/subsubsection3_4_2_2.html", "size_i": "1690", "regex": "false"},
	{"name_s": "/usr/share/doc/tix-doc-8.4.3/html/TixBook/subsubsection3_4_2_3.html", "size_i": "1769", "regex": "false"},
	{"name_s": "/usr/share/doc/tix-doc-8.4.3/html/TixBook/subsubsection3_4_2_4.html", "size_i": "1721", "regex": "false"},
	{"name_s": "/usr/share/doc/tix-doc-8.4.3/html/TixBook/subsubsection3_4_3_1.html", "size_i": "3212", "regex": "false"},
	{"name_s": "/usr/share/doc/tix-doc-8.4.3/html/TixBook/subsubsection3_4_3_2.html", "size_i": "3352", "regex": "false"},
	{"name_s": "/usr/share/doc/tix-doc-8.4.3/html/TixBook/subsubsection3_5_2_1.html", "size_i": "2816", "regex": "false"},
	{"name_s": "/usr/share/doc/tix-doc-8.4.3/html/TixBook/subsubsection3_5_2_2.html", "size_i": "3148", "regex": "false"},
	{"name_s": "/usr/share/doc/tix-doc-8.4.3/html/TixBook/subsubsection3_5_3_1.html", "size_i": "2624", "regex": "false"},
	{"name_s": "/usr/share/doc/tix-doc-8.4.3/html/TixBook/subsubsection3_5_3_2.html", "size_i": "4086", "regex": "false"},
	{"name_s": "/usr/share/doc/tix-doc-8.4.3/html/TixBook/subsubsection3_5_3_3.html", "size_i": "1827", "regex": "false"},
	{"name_s": "/usr/share/doc/tix-doc-8.4.3/html/TixBook/subsubsection3_5_3_4.html", "size_i": "2961", "regex": "false"},
	{"name_s": "/usr/share/doc/tix-doc-8.4.3/html/TixBook/subsubsection3_5_3_5.html", "size_i": "1761", "regex": "false"},
	{"name_s": "/usr/share/doc/tix-doc-8.4.3/html/TixBook/subsubsection3_5_3_6.html", "size_i": "2056", "regex": "false"},
	{"name_s": "/usr/share/doc/tix-doc-8.4.3/html/TixBook/subsubsection3_6_1_1.html", "size_i": "2840", "regex": "false"},
	{"name_s": "/usr/share/doc/tix-doc-8.4.3/html/TixBook/subsubsection3_6_1_2.html", "size_i": "4533", "regex": "false"},
	{"name_s": "/usr/share/doc/tix-doc-8.4.3/html/TixBook/subsubsection3_6_1_3.html", "size_i": "1723", "regex": "false"},
	{"name_s": "/usr/share/doc/tix-doc-8.4.3/html/TixBook/subsubsection3_6_1_4.html", "size_i": "2205", "regex": "false"},
	{"name_s": "/usr/share/doc/tix-doc-8.4.3/html/TixBook/subsubsection3_7_1_1.html", "size_i": "2293", "regex": "false"},
	{"name_s": "/usr/share/doc/tix-doc-8.4.3/html/TixBook/subsubsection3_7_1_2.html", "size_i": "2677", "regex": "false"},
	{"name_s": "/usr/share/doc/tix-doc-8.4.3/html/TixBook/subsubsection3_7_1_3.html", "size_i": "2019", "regex": "false"},
	{"name_s": "/usr/share/doc/tix-doc-8.4.3/html/TixBook/subsubsection3_7_1_4.html", "size_i": "1893", "regex": "false"},
	{"name_s": "/usr/share/doc/tix-doc-8.4.3/html/TixBook/subsubsection3_8_1_1.html", "size_i": "2143", "regex": "false"},
	{"name_s": "/usr/share/doc/tix-doc-8.4.3/html/TixBook/subsubsection3_8_1_2.html", "size_i": "1268", "regex": "false"},
	{"name_s": "/usr/share/doc/tix-doc-8.4.3/html/TixBook/subsubsection3_8_2_1.html", "size_i": "4068", "regex": "false"},
	{"name_s": "/usr/share/doc/tix-doc-8.4.3/html/TixBook/subsubsection3_8_3_1.html", "size_i": "1811", "regex": "false"},
	{"name_s": "/usr/share/doc/tix-doc-8.4.3/html/TixBook/subsubsection3_8_4_1.html", "size_i": "1840", "regex": "false"},
	{"name_s": "/usr/share/doc/tix-doc-8.4.3/html/TixBook/subsubsection3_8_4_4.html", "size_i": "2375", "regex": "false"},
	{"name_s": "/usr/share/doc/tix-doc-8.4.3/html/TixBook/subsubsection3_8_4_5.html", "size_i": "2202", "regex": "false"},
	{"name_s": "/usr/share/doc/tix-doc-8.4.3/html/TixBook/subsubsection3_8_5_1.html", "size_i": "2499", "regex": "false"},
	{"name_s": "/usr/share/doc/tix-doc-8.4.3/html/TixBook/subsubsection3_8_5_3.html", "size_i": "3960", "regex": "false"},
	{"name_s": "/usr/share/doc/tix-doc-8.4.3/html/TixBook/subsubsectionstar3_3_2_3.html", "size_i": "2232", "regex": "false"},
	{"name_s": "/usr/share/doc/tix-doc-8.4.3/html/TixBook/subsubsectionstar3_3_5_2.html", "size_i": "1684", "regex": "false"},
	{"name_s": "/usr/share/doc/tix-doc-8.4.3/html/TixBook/subsubsectionstar3_3_5_3.html", "size_i": "2564", "regex": "false"},
	{"name_s": "/usr/share/doc/tix-doc-8.4.3/html/TixBook/subsubsectionstar3_3_5_4.html", "size_i": "2461", "regex": "false"},
	{"name_s": "/usr/share/doc/tix-doc-8.4.3/html/TixBook/subsubsectionstar3_7_1_5.html", "size_i": "4109", "regex": "false"},
	{"name_s": "/usr/share/doc/tix-doc-8.4.3/html/TixBook/subsubsectionstar3_8_1_3.html", "size_i": "2583", "regex": "false"},
	{"name_s": "/usr/share/doc/tix-doc-8.4.3/html/TixBook/subsubsectionstar3_8_1_4.html", "size_i": "1829", "regex": "false"},
	{"name_s": "/usr/share/doc/tix-doc-8.4.3/html/TixBook/subsubsectionstar3_8_1_5.html", "size_i": "1977", "regex": "false"},
	{"name_s": "/usr/share/doc/tix-doc-8.4.3/html/TixBook/subsubsectionstar3_8_4_2.html", "size_i": "2400", "regex": "false"},
	{"name_s": "/usr/share/doc/tix-doc-8.4.3/html/TixBook/subsubsectionstar3_8_4_3.html", "size_i": "3621", "regex": "false"},
	{"name_s": "/usr/share/doc/tix-doc-8.4.3/html/TixBook/subsubsectionstar3_8_5_2.html", "size_i": "2263", "regex": "false"},
	{"name_s": "/usr/share/doc/tix-doc-8.4.3/html/TixBook/subsubsectionstar3_8_5_4.html", "size_i": "1744", "regex": "false"},
	{"name_s": "/usr/share/doc/tix-doc-8.4.3/html/TixBook/tableofcontents3_1.html", "size_i": "15176", "regex": "false"},
	{"name_s": "/usr/share/doc/tix-doc-8.4.3/html/gif", "size_i": "4096", "regex": "false"},
	{"name_s": "/usr/share/doc/tix-doc-8.4.3/html/gif/tix", "size_i": "4096", "regex": "false"},
	{"name_s": "/usr/share/doc/tix-doc-8.4.3/html/gif/tix/ARROWS.gif", "size_i": "1257", "regex": "false"},
	{"name_s": "/usr/share/doc/tix-doc-8.4.3/html/gif/tix/arrows.png", "size_i": "603", "regex": "false"},
	{"name_s": "/usr/share/doc/tix-doc-8.4.3/html/gif/tix/container", "size_i": "4096", "regex": "false"},
	{"name_s": "/usr/share/doc/tix-doc-8.4.3/html/gif/tix/container/notebook.gif", "size_i": "4757", "regex": "false"},
	{"name_s": "/usr/share/doc/tix-doc-8.4.3/html/gif/tix/container/pane_add.gif", "size_i": "2531", "regex": "false"},
	{"name_s": "/usr/share/doc/tix-doc-8.4.3/html/gif/tix/container/pane_horz.gif", "size_i": "2656", "regex": "false"},
	{"name_s": "/usr/share/doc/tix-doc-8.4.3/html/gif/tix/container/pane_vert.gif", "size_i": "2027", "regex": "false"},
	{"name_s": "/usr/share/doc/tix-doc-8.4.3/html/gif/tix/container/sl-bar.gif", "size_i": "2168", "regex": "false"},
	{"name_s": "/usr/share/doc/tix-doc-8.4.3/html/gif/tix/container/sl-nobar.gif", "size_i": "1985", "regex": "false"},
	{"name_s": "/usr/share/doc/tix-doc-8.4.3/html/gif/tix/filesel", "size_i": "4096", "regex": "false"},
	{"name_s": "/usr/share/doc/tix-doc-8.4.3/html/gif/tix/filesel/dirlist.gif", "size_i": "3812", "regex": "false"},
	{"name_s": "/usr/share/doc/tix-doc-8.4.3/html/gif/tix/filesel/dirtree.gif", "size_i": "3518", "regex": "false"},
	{"name_s": "/usr/share/doc/tix-doc-8.4.3/html/gif/tix/filesel/exfile.gif", "size_i": "9227", "regex": "false"},
	{"name_s": "/usr/share/doc/tix-doc-8.4.3/html/gif/tix/filesel/fb_comp.gif", "size_i": "52492", "regex": "false"},
	{"name_s": "/usr/share/doc/tix-doc-8.4.3/html/gif/tix/hierarchy.gif", "size_i": "8200", "regex": "false"},
	{"name_s": "/usr/share/doc/tix-doc-8.4.3/html/gif/tix/hierarchy.png", "size_i": "3200", "regex": "false"},
	{"name_s": "/usr/share/doc/tix-doc-8.4.3/html/gif/tix/hlist", "size_i": "4096", "regex": "false"},
	{"name_s": "/usr/share/doc/tix-doc-8.4.3/html/gif/tix/hlist/dirtree.gif", "size_i": "4821", "regex": "false"},
	{"name_s": "/usr/share/doc/tix-doc-8.4.3/html/gif/tix/hlist/hlist1.gif", "size_i": "7370", "regex": "false"},
	{"name_s": "/usr/share/doc/tix-doc-8.4.3/html/gif/tix/hlist/hlist_ex1.gif", "size_i": "2666", "regex": "false"},
	{"name_s": "/usr/share/doc/tix-doc-8.4.3/html/gif/tix/hlist/hlist_ex2.gif", "size_i": "2174", "regex": "false"},
	{"name_s": "/usr/share/doc/tix-doc-8.4.3/html/gif/tix/hlist/hlist_ex3.gif", "size_i": "1913", "regex": "false"},
	{"name_s": "/usr/share/doc/tix-doc-8.4.3/html/gif/tix/intro", "size_i": "4096", "regex": "false"},
	{"name_s": "/usr/share/doc/tix-doc-8.4.3/html/gif/tix/intro/combo.gif", "size_i": "261", "regex": "false"},
	{"name_s": "/usr/share/doc/tix-doc-8.4.3/html/gif/tix/intro/ctl_noopt.gif", "size_i": "2526", "regex": "false"},
	{"name_s": "/usr/share/doc/tix-doc-8.4.3/html/gif/tix/intro/ctl_subw.gif", "size_i": "2816", "regex": "false"},
	{"name_s": "/usr/share/doc/tix-doc-8.4.3/html/gif/tix/intro/ctl_wopt.gif", "size_i": "2794", "regex": "false"},
	{"name_s": "/usr/share/doc/tix-doc-8.4.3/html/gif/tix/intro/hierarchy.gif", "size_i": "8192", "regex": "false"},
	{"name_s": "/usr/share/doc/tix-doc-8.4.3/html/gif/tix/intro/law_comp.gif", "size_i": "2319", "regex": "false"},
	{"name_s": "/usr/share/doc/tix-doc-8.4.3/html/gif/tix/intro/lawyer.gif", "size_i": "848", "regex": "false"},
	{"name_s": "/usr/share/doc/tix-doc-8.4.3/html/gif/tix/intro/select-vert.gif", "size_i": "3072", "regex": "false"},
	{"name_s": "/usr/share/doc/tix-doc-8.4.3/html/gif/tix/intro/select.gif", "size_i": "1848", "regex": "false"},
	{"name_s": "/usr/share/doc/tix-doc-8.4.3/html/gif/tix/intro/select1.gif", "size_i": "2985", "regex": "false"},
	{"name_s": "/usr/share/doc/tix-doc-8.4.3/html/gif/tix/oop", "size_i": "4096", "regex": "false"},
	{"name_s": "/usr/share/doc/tix-doc-8.4.3/html/gif/tix/oop/arrows.gif", "size_i": "1218", "regex": "false"},
	{"name_s": "/usr/share/doc/tix-doc-8.4.3/html/gif/tix/tix32.gif", "size_i": "261", "regex": "false"},
	{"name_s": "/usr/share/doc/tix-doc-8.4.3/html/gif/tix/tix32.png", "size_i": "931", "regex": "false"},
	{"name_s": "/usr/share/doc/tix-doc-8.4.3/html/gif/tix/tlist", "size_i": "4096", "regex": "false"},
	{"name_s": "/usr/share/doc/tix-doc-8.4.3/html/gif/tix/tlist/horizontal.gif", "size_i": "2760", "regex": "false"},
	{"name_s": "/usr/share/doc/tix-doc-8.4.3/html/gif/tix/tlist/joe.gif", "size_i": "4822", "regex": "false"},
	{"name_s": "/usr/share/doc/tix-doc-8.4.3/html/gif/tix/tlist/relation.gif", "size_i": "14958", "regex": "false"},
	{"name_s": "/usr/share/doc/tix-doc-8.4.3/html/gif/tix/tlist/tlist.gif", "size_i": "3346", "regex": "false"},
	{"name_s": "/usr/share/doc/tix-doc-8.4.3/html/gif/tix/tlist/twofont.gif", "size_i": "1877", "regex": "false"},
	{"name_s": "/usr/share/doc/tix-doc-8.4.3/html/gif/tix/tlist/twofont2.gif", "size_i": "1823", "regex": "false"},
	{"name_s": "/usr/share/doc/tix-doc-8.4.3/html/gif/tix/tlist/vertical.gif", "size_i": "2775", "regex": "false"},
	{"name_s": "/usr/share/doc/tix-doc-8.4.3/html/gif/tix/tlist/widgets.gif", "size_i": "8788", "regex": "false"},
	{"name_s": "/usr/share/doc/tix-doc-8.4.3/img", "size_i": "4096", "regex": "false"},
	{"name_s": "/usr/share/doc/tix-doc-8.4.3/img/demo1.gif", "size_i": "25024", "regex": "false"},
	{"name_s": "/usr/share/doc/tix-doc-8.4.3/img/docview_w.gif", "size_i": "14891", "regex": "false"},
	{"name_s": "/usr/share/doc/tix-doc-8.4.3/img/setup0.gif", "size_i": "4259", "regex": "false"},
	{"name_s": "/usr/share/doc/tix-doc-8.4.3/img/setup1.gif", "size_i": "15626", "regex": "false"},
	{"name_s": "/usr/share/doc/tix-doc-8.4.3/img/setup2.gif", "size_i": "1568", "regex": "false"},
	{"name_s": "/usr/share/doc/tix-doc-8.4.3/img/setup3.gif", "size_i": "1579", "regex": "false"},
	{"name_s": "/usr/share/doc/tix-doc-8.4.3/img/setup5.gif", "size_i": "1546", "regex": "false"},
	{"name_s": "/usr/share/doc/tix-doc-8.4.3/img/setup6.gif", "size_i": "10539", "regex": "false"},
	{"name_s": "/usr/share/doc/tix-doc-8.4.3/img/tk42a.gif", "size_i": "1175", "regex": "false"},
	{"name_s": "/usr/share/doc/tix-doc-8.4.3/img/tk42b.gif", "size_i": "3149", "regex": "false"},
	{"name_s": "/usr/share/doc/tix-doc-8.4.3/license.html_lib", "size_i": "2022", "regex": "false"},
	{"name_s": "/usr/share/doc/tix-doc-8.4.3/license.tcltk", "size_i": "2107", "regex": "false"},
	{"name_s": "/usr/share/doc/tix-doc-8.4.3/tix-book", "size_i": "4096", "regex": "false"},
	{"name_s": "/usr/share/doc/tix-doc-8.4.3/tix-book/container.tex.html", "size_i": "18039", "regex": "false"},
	{"name_s": "/usr/share/doc/tix-doc-8.4.3/tix-book/fig", "size_i": "4096", "regex": "false"},
	{"name_s": "/usr/share/doc/tix-doc-8.4.3/tix-book/fig/container", "size_i": "4096", "regex": "false"},
	{"name_s": "/usr/share/doc/tix-doc-8.4.3/tix-book/fig/container/notebook.gif", "size_i": "4757", "regex": "false"},
	{"name_s": "/usr/share/doc/tix-doc-8.4.3/tix-book/fig/container/pane_add.gif", "size_i": "2531", "regex": "false"},
	{"name_s": "/usr/share/doc/tix-doc-8.4.3/tix-book/fig/container/pane_horz.gif", "size_i": "2656", "regex": "false"},
	{"name_s": "/usr/share/doc/tix-doc-8.4.3/tix-book/fig/container/pane_vert.gif", "size_i": "2027", "regex": "false"},
	{"name_s": "/usr/share/doc/tix-doc-8.4.3/tix-book/fig/container/sl-bar.gif", "size_i": "2168", "regex": "false"},
	{"name_s": "/usr/share/doc/tix-doc-8.4.3/tix-book/fig/container/sl-nobar.gif", "size_i": "1985", "regex": "false"},
	{"name_s": "/usr/share/doc/tix-doc-8.4.3/tix-book/fig/cover.gif", "size_i": "11042", "regex": "false"},
	{"name_s": "/usr/share/doc/tix-doc-8.4.3/tix-book/fig/filesel", "size_i": "4096", "regex": "false"},
	{"name_s": "/usr/share/doc/tix-doc-8.4.3/tix-book/fig/filesel/dirlist.gif", "size_i": "3812", "regex": "false"},
	{"name_s": "/usr/share/doc/tix-doc-8.4.3/tix-book/fig/filesel/dirtree.gif", "size_i": "3518", "regex": "false"},
	{"name_s": "/usr/share/doc/tix-doc-8.4.3/tix-book/fig/filesel/exfile.gif", "size_i": "9227", "regex": "false"},
	{"name_s": "/usr/share/doc/tix-doc-8.4.3/tix-book/fig/filesel/fb_comp.gif", "size_i": "52492", "regex": "false"},
	{"name_s": "/usr/share/doc/tix-doc-8.4.3/tix-book/fig/hlist", "size_i": "4096", "regex": "false"},
	{"name_s": "/usr/share/doc/tix-doc-8.4.3/tix-book/fig/hlist/dirtree.gif", "size_i": "4821", "regex": "false"},
	{"name_s": "/usr/share/doc/tix-doc-8.4.3/tix-book/fig/hlist/hlist1.gif", "size_i": "7370", "regex": "false"},
	{"name_s": "/usr/share/doc/tix-doc-8.4.3/tix-book/fig/hlist/hlist_ex1.gif", "size_i": "2666", "regex": "false"},
	{"name_s": "/usr/share/doc/tix-doc-8.4.3/tix-book/fig/hlist/hlist_ex2.gif", "size_i": "2174", "regex": "false"},
	{"name_s": "/usr/share/doc/tix-doc-8.4.3/tix-book/fig/hlist/hlist_ex3.gif", "size_i": "1913", "regex": "false"},
	{"name_s": "/usr/share/doc/tix-doc-8.4.3/tix-book/fig/intro", "size_i": "4096", "regex": "false"},
	{"name_s": "/usr/share/doc/tix-doc-8.4.3/tix-book/fig/intro/ctl_noopt.gif", "size_i": "2526", "regex": "false"},
	{"name_s": "/usr/share/doc/tix-doc-8.4.3/tix-book/fig/intro/ctl_subw.gif", "size_i": "2816", "regex": "false"},
	{"name_s": "/usr/share/doc/tix-doc-8.4.3/tix-book/fig/intro/ctl_wopt.gif", "size_i": "2794", "regex": "false"},
	{"name_s": "/usr/share/doc/tix-doc-8.4.3/tix-book/fig/intro/hierarchy.gif", "size_i": "8192", "regex": "false"},
	{"name_s": "/usr/share/doc/tix-doc-8.4.3/tix-book/fig/intro/law_comp.gif", "size_i": "2319", "regex": "false"},
	{"name_s": "/usr/share/doc/tix-doc-8.4.3/tix-book/fig/intro/lawyer.gif", "size_i": "848", "regex": "false"},
	{"name_s": "/usr/share/doc/tix-doc-8.4.3/tix-book/fig/intro/select-vert.gif", "size_i": "3072", "regex": "false"},
	{"name_s": "/usr/share/doc/tix-doc-8.4.3/tix-book/fig/intro/select.gif", "size_i": "1848", "regex": "false"},
	{"name_s": "/usr/share/doc/tix-doc-8.4.3/tix-book/fig/intro/select1.gif", "size_i": "2985", "regex": "false"},
	{"name_s": "/usr/share/doc/tix-doc-8.4.3/tix-book/fig/oop", "size_i": "4096", "regex": "false"},
	{"name_s": "/usr/share/doc/tix-doc-8.4.3/tix-book/fig/oop/arrows.gif", "size_i": "1218", "regex": "false"},
	{"name_s": "/usr/share/doc/tix-doc-8.4.3/tix-book/fig/tlist", "size_i": "4096", "regex": "false"},
	{"name_s": "/usr/share/doc/tix-doc-8.4.3/tix-book/fig/tlist/horizontal.gif", "size_i": "2760", "regex": "false"},
	{"name_s": "/usr/share/doc/tix-doc-8.4.3/tix-book/fig/tlist/joe.gif", "size_i": "4822", "regex": "false"},
	{"name_s": "/usr/share/doc/tix-doc-8.4.3/tix-book/fig/tlist/relation.gif", "size_i": "14958", "regex": "false"},
	{"name_s": "/usr/share/doc/tix-doc-8.4.3/tix-book/fig/tlist/tlist.gif", "size_i": "3346", "regex": "false"},
	{"name_s": "/usr/share/doc/tix-doc-8.4.3/tix-book/fig/tlist/twofont.gif", "size_i": "1877", "regex": "false"},
	{"name_s": "/usr/share/doc/tix-doc-8.4.3/tix-book/fig/tlist/twofont2.gif", "size_i": "1823", "regex": "false"},
	{"name_s": "/usr/share/doc/tix-doc-8.4.3/tix-book/fig/tlist/vertical.gif", "size_i": "2775", "regex": "false"},
	{"name_s": "/usr/share/doc/tix-doc-8.4.3/tix-book/fig/tlist/widgets.gif", "size_i": "8788", "regex": "false"},
	{"name_s": "/usr/share/doc/tix-doc-8.4.3/tix-book/filesel.tex.html", "size_i": "11601", "regex": "false"},
	{"name_s": "/usr/share/doc/tix-doc-8.4.3/tix-book/hlist.tex.html", "size_i": "11743", "regex": "false"},
	{"name_s": "/usr/share/doc/tix-doc-8.4.3/tix-book/intro.tex.html", "size_i": "38223", "regex": "false"},
	{"name_s": "/usr/share/doc/tix-doc-8.4.3/tix-book/oop.tex.html", "size_i": "32262", "regex": "false"},
	{"name_s": "/usr/share/doc/tix-doc-8.4.3/tix-book/preface.tex.html", "size_i": "2386", "regex": "false"},
	{"name_s": "/usr/share/doc/tix-doc-8.4.3/tix-book/tix.book.html", "size_i": "8106", "regex": "false"},
	{"name_s": "/usr/share/doc/tix-doc-8.4.3/tix-book/tlist.tex.html", "size_i": "17603", "regex": "false"},
	{"name_s": "/usr/share/tcl8.5/Tix8.4", "size_i": "4096", "regex": "false"},
	{"name_s": "/usr/share/tcl8.5/Tix8.4/demos", "size_i": "4096", "regex": "false"},
	{"name_s": "/usr/share/tcl8.5/Tix8.4/demos/MkChoose.tcl", "size_i": "8941", "regex": "false"},
	{"name_s": "/usr/share/tcl8.5/Tix8.4/demos/MkDirLis.tcl", "size_i": "2018", "regex": "false"},
	{"name_s": "/usr/share/tcl8.5/Tix8.4/demos/MkSample.tcl", "size_i": "6738", "regex": "false"},
	{"name_s": "/usr/share/tcl8.5/Tix8.4/demos/MkScroll.tcl", "size_i": "5123", "regex": "false"},
	{"name_s": "/usr/share/tcl8.5/Tix8.4/demos/bitmaps", "size_i": "4096", "regex": "false"},
	{"name_s": "/usr/share/tcl8.5/Tix8.4/demos/bitmaps/about.xpm", "size_i": "2310", "regex": "false"},
	{"name_s": "/usr/share/tcl8.5/Tix8.4/demos/bitmaps/bold.xbm", "size_i": "284", "regex": "false"},
	{"name_s": "/usr/share/tcl8.5/Tix8.4/demos/bitmaps/capital.xbm", "size_i": "293", "regex": "false"},
	{"name_s": "/usr/share/tcl8.5/Tix8.4/demos/bitmaps/centerj.xbm", "size_i": "293", "regex": "false"},
	{"name_s": "/usr/share/tcl8.5/Tix8.4/demos/bitmaps/code.xpm", "size_i": "620", "regex": "false"},
	{"name_s": "/usr/share/tcl8.5/Tix8.4/demos/bitmaps/combobox.xbm", "size_i": "896", "regex": "false"},
	{"name_s": "/usr/share/tcl8.5/Tix8.4/demos/bitmaps/combobox.xpm", "size_i": "2318", "regex": "false"},
	{"name_s": "/usr/share/tcl8.5/Tix8.4/demos/bitmaps/drivea.xbm", "size_i": "890", "regex": "false"},
	{"name_s": "/usr/share/tcl8.5/Tix8.4/demos/bitmaps/drivea.xpm", "size_i": "1371", "regex": "false"},
	{"name_s": "/usr/share/tcl8.5/Tix8.4/demos/bitmaps/exit.xpm", "size_i": "2293", "regex": "false"},
	{"name_s": "/usr/share/tcl8.5/Tix8.4/demos/bitmaps/filebox.xbm", "size_i": "893", "regex": "false"},
	{"name_s": "/usr/share/tcl8.5/Tix8.4/demos/bitmaps/filebox.xpm", "size_i": "2310", "regex": "false"},
	{"name_s": "/usr/share/tcl8.5/Tix8.4/demos/bitmaps/harddisk.xbm", "size_i": "890", "regex": "false"},
	{"name_s": "/usr/share/tcl8.5/Tix8.4/demos/bitmaps/harddisk.xpm", "size_i": "1371", "regex": "false"},
	{"name_s": "/usr/share/tcl8.5/Tix8.4/demos/bitmaps/italic.xbm", "size_i": "290", "regex": "false"},
	{"name_s": "/usr/share/tcl8.5/Tix8.4/demos/bitmaps/justify.xbm", "size_i": "293", "regex": "false"},
	{"name_s": "/usr/share/tcl8.5/Tix8.4/demos/bitmaps/leftj.xbm", "size_i": "287", "regex": "false"},
	{"name_s": "/usr/share/tcl8.5/Tix8.4/demos/bitmaps/netw.xbm", "size_i": "884", "regex": "false"},
	{"name_s": "/usr/share/tcl8.5/Tix8.4/demos/bitmaps/netw.xpm", "size_i": "1386", "regex": "false"},
	{"name_s": "/usr/share/tcl8.5/Tix8.4/demos/bitmaps/network.xbm", "size_i": "884", "regex": "false"},
	{"name_s": "/usr/share/tcl8.5/Tix8.4/demos/bitmaps/network.xpm", "size_i": "1386", "regex": "false"},
	{"name_s": "/usr/share/tcl8.5/Tix8.4/demos/bitmaps/optmenu.xpm", "size_i": "2289", "regex": "false"},
	{"name_s": "/usr/share/tcl8.5/Tix8.4/demos/bitmaps/rightj.xbm", "size_i": "290", "regex": "false"},
	{"name_s": "/usr/share/tcl8.5/Tix8.4/demos/bitmaps/select.xpm", "size_i": "2356", "regex": "false"},
	{"name_s": "/usr/share/tcl8.5/Tix8.4/demos/bitmaps/tix.gif", "size_i": "11042", "regex": "false"},
	{"name_s": "/usr/share/tcl8.5/Tix8.4/demos/bitmaps/underlin.xbm", "size_i": "299", "regex": "false"},
	{"name_s": "/usr/share/tcl8.5/Tix8.4/demos/samples", "size_i": "4096", "regex": "false"},
	{"name_s": "/usr/share/tcl8.5/Tix8.4/demos/samples/AllSampl.tcl", "size_i": "4800", "regex": "false"},
	{"name_s": "/usr/share/tcl8.5/Tix8.4/demos/samples/ArrowBtn.tcl", "size_i": "4765", "regex": "false"},
	{"name_s": "/usr/share/tcl8.5/Tix8.4/demos/samples/Balloon.tcl", "size_i": "1721", "regex": "false"},
	{"name_s": "/usr/share/tcl8.5/Tix8.4/demos/samples/BtnBox.tcl", "size_i": "1994", "regex": "false"},
	{"name_s": "/usr/share/tcl8.5/Tix8.4/demos/samples/CObjView.tcl", "size_i": "2574", "regex": "false"},
	{"name_s": "/usr/share/tcl8.5/Tix8.4/demos/samples/ChkList.tcl", "size_i": "5308", "regex": "false"},
	{"name_s": "/usr/share/tcl8.5/Tix8.4/demos/samples/CmpImg.tcl", "size_i": "1959", "regex": "false"},
	{"name_s": "/usr/share/tcl8.5/Tix8.4/demos/samples/CmpImg1.tcl", "size_i": "5981", "regex": "false"},
	{"name_s": "/usr/share/tcl8.5/Tix8.4/demos/samples/CmpImg2.tcl", "size_i": "4513", "regex": "false"},
	{"name_s": "/usr/share/tcl8.5/Tix8.4/demos/samples/CmpImg3.tcl", "size_i": "2531", "regex": "false"},
	{"name_s": "/usr/share/tcl8.5/Tix8.4/demos/samples/CmpImg4.tcl", "size_i": "4305", "regex": "false"},
	{"name_s": "/usr/share/tcl8.5/Tix8.4/demos/samples/ComboBox.tcl", "size_i": "3546", "regex": "false"},
	{"name_s": "/usr/share/tcl8.5/Tix8.4/demos/samples/Control.tcl", "size_i": "3588", "regex": "false"},
	{"name_s": "/usr/share/tcl8.5/Tix8.4/demos/samples/DirDlg.tcl", "size_i": "2497", "regex": "false"},
	{"name_s": "/usr/share/tcl8.5/Tix8.4/demos/samples/DirList.tcl", "size_i": "2757", "regex": "false"},
	{"name_s": "/usr/share/tcl8.5/Tix8.4/demos/samples/DirTree.tcl", "size_i": "2733", "regex": "false"},
	{"name_s": "/usr/share/tcl8.5/Tix8.4/demos/samples/DragDrop.tcl", "size_i": "1612", "regex": "false"},
	{"name_s": "/usr/share/tcl8.5/Tix8.4/demos/samples/DynTree.tcl", "size_i": "3767", "regex": "false"},
	{"name_s": "/usr/share/tcl8.5/Tix8.4/demos/samples/EFileDlg.tcl", "size_i": "3122", "regex": "false"},
	{"name_s": "/usr/share/tcl8.5/Tix8.4/demos/samples/EditGrid.tcl", "size_i": "6738", "regex": "false"},
	{"name_s": "/usr/share/tcl8.5/Tix8.4/demos/samples/FileDlg.tcl", "size_i": "3013", "regex": "false"},
	{"name_s": "/usr/share/tcl8.5/Tix8.4/demos/samples/FileEnt.tcl", "size_i": "2214", "regex": "false"},
	{"name_s": "/usr/share/tcl8.5/Tix8.4/demos/samples/HList1.tcl", "size_i": "4635", "regex": "false"},
	{"name_s": "/usr/share/tcl8.5/Tix8.4/demos/samples/LabEntry.tcl", "size_i": "2773", "regex": "false"},
	{"name_s": "/usr/share/tcl8.5/Tix8.4/demos/samples/LabFrame.tcl", "size_i": "2787", "regex": "false"},
	{"name_s": "/usr/share/tcl8.5/Tix8.4/demos/samples/ListNBK.tcl", "size_i": "2940", "regex": "false"},
	{"name_s": "/usr/share/tcl8.5/Tix8.4/demos/samples/Meter.tcl", "size_i": "2165", "regex": "false"},
	{"name_s": "/usr/share/tcl8.5/Tix8.4/demos/samples/NoteBook.tcl", "size_i": "3609", "regex": "false"},
	{"name_s": "/usr/share/tcl8.5/Tix8.4/demos/samples/OptMenu.tcl", "size_i": "3147", "regex": "false"},
	{"name_s": "/usr/share/tcl8.5/Tix8.4/demos/samples/PanedWin.tcl", "size_i": "4223", "regex": "false"},
	{"name_s": "/usr/share/tcl8.5/Tix8.4/demos/samples/PopMenu.tcl", "size_i": "2363", "regex": "false"},
	{"name_s": "/usr/share/tcl8.5/Tix8.4/demos/samples/SGrid0.tcl", "size_i": "3438", "regex": "false"},
	{"name_s": "/usr/share/tcl8.5/Tix8.4/demos/samples/SGrid1.tcl", "size_i": "5418", "regex": "false"},
	{"name_s": "/usr/share/tcl8.5/Tix8.4/demos/samples/SHList.tcl", "size_i": "3097", "regex": "false"},
	{"name_s": "/usr/share/tcl8.5/Tix8.4/demos/samples/SHList2.tcl", "size_i": "4933", "regex": "false"},
	{"name_s": "/usr/share/tcl8.5/Tix8.4/demos/samples/SListBox.tcl", "size_i": "2865", "regex": "false"},
	{"name_s": "/usr/share/tcl8.5/Tix8.4/demos/samples/STList1.tcl", "size_i": "1555", "regex": "false"},
	{"name_s": "/usr/share/tcl8.5/Tix8.4/demos/samples/STList2.tcl", "size_i": "2388", "regex": "false"},
	{"name_s": "/usr/share/tcl8.5/Tix8.4/demos/samples/STList3.tcl", "size_i": "2978", "regex": "false"},
	{"name_s": "/usr/share/tcl8.5/Tix8.4/demos/samples/SText.tcl", "size_i": "2542", "regex": "false"},
	{"name_s": "/usr/share/tcl8.5/Tix8.4/demos/samples/SWindow.tcl", "size_i": "2718", "regex": "false"},
	{"name_s": "/usr/share/tcl8.5/Tix8.4/demos/samples/Sample.tcl", "size_i": "1029", "regex": "false"},
	{"name_s": "/usr/share/tcl8.5/Tix8.4/demos/samples/Select.tcl", "size_i": "3319", "regex": "false"},
	{"name_s": "/usr/share/tcl8.5/Tix8.4/demos/samples/StdBBox.tcl", "size_i": "2286", "regex": "false"},
	{"name_s": "/usr/share/tcl8.5/Tix8.4/demos/samples/Tree.tcl", "size_i": "2653", "regex": "false"},
	{"name_s": "/usr/share/tcl8.5/Tix8.4/demos/samples/Xpm.tcl", "size_i": "2920", "regex": "false"},
	{"name_s": "/usr/share/tcl8.5/Tix8.4/demos/samples/Xpm1.tcl", "size_i": "3449", "regex": "false"},
	{"name_s": "/usr/share/tcl8.5/Tix8.4/demos/tclIndex", "size_i": "3842", "regex": "false"},
	{"name_s": "/usr/share/tcl8.5/Tix8.4/demos/tixwidgets.tcl", "size_i": "9012", "regex": "false"},
	{"name_s": "/usr/share/tcl8.5/Tix8.4/demos/widget", "size_i": "13311", "regex": "false"}
]
