[
	{"name_s": "/usr/include/tk-private", "size_i": "4096", "regex": "false"},
	{"name_s": "/usr/include/tk-private/generic", "size_i": "4096", "regex": "false"},
	{"name_s": "/usr/include/tk-private/generic/default.h", "size_i": "729", "regex": "false"},
	{"name_s": "/usr/include/tk-private/generic/ks_names.h", "size_i": "21979", "regex": "false"},
	{"name_s": "/usr/include/tk-private/generic/tk.h", "size_i": "10", "regex": "false"},
	{"name_s": "/usr/include/tk-private/generic/tk3d.h", "size_i": "3333", "regex": "false"},
	{"name_s": "/usr/include/tk-private/generic/tkButton.h", "size_i": "12296", "regex": "false"},
	{"name_s": "/usr/include/tk-private/generic/tkCanvas.h", "size_i": "11482", "regex": "false"},
	{"name_s": "/usr/include/tk-private/generic/tkColor.h", "size_i": "2875", "regex": "false"},
	{"name_s": "/usr/include/tk-private/generic/tkDecls.h", "size_i": "15", "regex": "false"},
	{"name_s": "/usr/include/tk-private/generic/tkEntry.h", "size_i": "11391", "regex": "false"},
	{"name_s": "/usr/include/tk-private/generic/tkFileFilter.h", "size_i": "2772", "regex": "false"},
	{"name_s": "/usr/include/tk-private/generic/tkFont.h", "size_i": "8038", "regex": "false"},
	{"name_s": "/usr/include/tk-private/generic/tkInt.h", "size_i": "43242", "regex": "false"},
	{"name_s": "/usr/include/tk-private/generic/tkIntDecls.h", "size_i": "62369", "regex": "false"},
	{"name_s": "/usr/include/tk-private/generic/tkIntPlatDecls.h", "size_i": "35036", "regex": "false"},
	{"name_s": "/usr/include/tk-private/generic/tkIntXlibDecls.h", "size_i": "74864", "regex": "false"},
	{"name_s": "/usr/include/tk-private/generic/tkMenu.h", "size_i": "21374", "regex": "false"},
	{"name_s": "/usr/include/tk-private/generic/tkMenubutton.h", "size_i": "8395", "regex": "false"},
	{"name_s": "/usr/include/tk-private/generic/tkPlatDecls.h", "size_i": "19", "regex": "false"},
	{"name_s": "/usr/include/tk-private/generic/tkPort.h", "size_i": "733", "regex": "false"},
	{"name_s": "/usr/include/tk-private/generic/tkScale.h", "size_i": "8902", "regex": "false"},
	{"name_s": "/usr/include/tk-private/generic/tkScrollbar.h", "size_i": "7084", "regex": "false"},
	{"name_s": "/usr/include/tk-private/generic/tkSelect.h", "size_i": "7062", "regex": "false"},
	{"name_s": "/usr/include/tk-private/generic/tkText.h", "size_i": "46248", "regex": "false"},
	{"name_s": "/usr/include/tk-private/generic/tkUndo.h", "size_i": "3782", "regex": "false"},
	{"name_s": "/usr/include/tk-private/generic/ttk", "size_i": "4096", "regex": "false"},
	{"name_s": "/usr/include/tk-private/generic/ttk/ttkDecls.h", "size_i": "11117", "regex": "false"},
	{"name_s": "/usr/include/tk-private/generic/ttk/ttkManager.h", "size_i": "3038", "regex": "false"},
	{"name_s": "/usr/include/tk-private/generic/ttk/ttkTheme.h", "size_i": "14517", "regex": "false"},
	{"name_s": "/usr/include/tk-private/generic/ttk/ttkThemeInt.h", "size_i": "1614", "regex": "false"},
	{"name_s": "/usr/include/tk-private/generic/ttk/ttkWidget.h", "size_i": "8292", "regex": "false"},
	{"name_s": "/usr/include/tk-private/unix", "size_i": "4096", "regex": "false"},
	{"name_s": "/usr/include/tk-private/unix/tkUnixDefault.h", "size_i": "17050", "regex": "false"},
	{"name_s": "/usr/include/tk-private/unix/tkUnixInt.h", "size_i": "743", "regex": "false"},
	{"name_s": "/usr/include/tk-private/unix/tkUnixPort.h", "size_i": "4986", "regex": "false"},
	{"name_s": "/usr/include/tk.h", "size_i": "57479", "regex": "false"},
	{"name_s": "/usr/include/tkDecls.h", "size_i": "109265", "regex": "false"},
	{"name_s": "/usr/include/tkPlatDecls.h", "size_i": "7731", "regex": "false"},
	{"name_s": "/usr/lib/libtk.so", "size_i": "11", "regex": "false"},
	{"name_s": "/usr/lib/libtkstub8.5.a", "size_i": "4566", "regex": "false"},
	{"name_s": "/usr/lib/tkConfig.sh", "size_i": "3994", "regex": "false"},
	{"name_s": "/usr/share/man/man3/Tk_3DBorderColor.3.gz", "size_i": "6495", "regex": "false"},
	{"name_s": "/usr/share/man/man3/Tk_3DBorderGC.3.gz", "size_i": "6495", "regex": "false"},
	{"name_s": "/usr/share/man/man3/Tk_3DHorizontalBevel.3.gz", "size_i": "6495", "regex": "false"},
	{"name_s": "/usr/share/man/man3/Tk_3DVerticalBevel.3.gz", "size_i": "6495", "regex": "false"},
	{"name_s": "/usr/share/man/man3/Tk_AddOption.3.gz", "size_i": "3132", "regex": "false"},
	{"name_s": "/usr/share/man/man3/Tk_Alloc3DBorderFromObj.3.gz", "size_i": "6495", "regex": "false"},
	{"name_s": "/usr/share/man/man3/Tk_AllocBitmapFromObj.3.gz", "size_i": "5911", "regex": "false"},
	{"name_s": "/usr/share/man/man3/Tk_AllocColorFromObj.3.gz", "size_i": "5011", "regex": "false"},
	{"name_s": "/usr/share/man/man3/Tk_AllocCursorFromObj.3.gz", "size_i": "5869", "regex": "false"},
	{"name_s": "/usr/share/man/man3/Tk_AllocFontFromObj.3.gz", "size_i": "4038", "regex": "false"},
	{"name_s": "/usr/share/man/man3/Tk_AttachHWND.3.gz", "size_i": "2810", "regex": "false"},
	{"name_s": "/usr/share/man/man3/Tk_Attributes.3.gz", "size_i": "4309", "regex": "false"},
	{"name_s": "/usr/share/man/man3/Tk_BindEvent.3.gz", "size_i": "4706", "regex": "false"},
	{"name_s": "/usr/share/man/man3/Tk_CanvasDrawableCoords.3.gz", "size_i": "4657", "regex": "false"},
	{"name_s": "/usr/share/man/man3/Tk_CanvasEventuallyRedraw.3.gz", "size_i": "4657", "regex": "false"},
	{"name_s": "/usr/share/man/man3/Tk_CanvasGetCoord.3.gz", "size_i": "4657", "regex": "false"},
	{"name_s": "/usr/share/man/man3/Tk_CanvasPsBitmap.3.gz", "size_i": "3958", "regex": "false"},
	{"name_s": "/usr/share/man/man3/Tk_CanvasPsColor.3.gz", "size_i": "3958", "regex": "false"},
	{"name_s": "/usr/share/man/man3/Tk_CanvasPsFont.3.gz", "size_i": "3958", "regex": "false"},
	{"name_s": "/usr/share/man/man3/Tk_CanvasPsPath.3.gz", "size_i": "3958", "regex": "false"},
	{"name_s": "/usr/share/man/man3/Tk_CanvasPsStipple.3.gz", "size_i": "3958", "regex": "false"},
	{"name_s": "/usr/share/man/man3/Tk_CanvasPsY.3.gz", "size_i": "3958", "regex": "false"},
	{"name_s": "/usr/share/man/man3/Tk_CanvasSetStippleOrigin.3.gz", "size_i": "4657", "regex": "false"},
	{"name_s": "/usr/share/man/man3/Tk_CanvasTagsOption.3.gz", "size_i": "4657", "regex": "false"},
	{"name_s": "/usr/share/man/man3/Tk_CanvasTextInfo.3.gz", "size_i": "3935", "regex": "false"},
	{"name_s": "/usr/share/man/man3/Tk_CanvasTkwin.3.gz", "size_i": "4657", "regex": "false"},
	{"name_s": "/usr/share/man/man3/Tk_CanvasWindowCoords.3.gz", "size_i": "4657", "regex": "false"},
	{"name_s": "/usr/share/man/man3/Tk_ChangeWindowAttributes.3.gz", "size_i": "4560", "regex": "false"},
	{"name_s": "/usr/share/man/man3/Tk_Changes.3.gz", "size_i": "4309", "regex": "false"},
	{"name_s": "/usr/share/man/man3/Tk_CharBbox.3.gz", "size_i": "7009", "regex": "false"},
	{"name_s": "/usr/share/man/man3/Tk_Class.3.gz", "size_i": "3341", "regex": "false"},
	{"name_s": "/usr/share/man/man3/Tk_ClearSelection.3.gz", "size_i": "2957", "regex": "false"},
	{"name_s": "/usr/share/man/man3/Tk_ClipboardAppend.3.gz", "size_i": "3610", "regex": "false"},
	{"name_s": "/usr/share/man/man3/Tk_ClipboardClear.3.gz", "size_i": "3610", "regex": "false"},
	{"name_s": "/usr/share/man/man3/Tk_CollapseMotionEvents.3.gz", "size_i": "3241", "regex": "false"},
	{"name_s": "/usr/share/man/man3/Tk_Colormap.3.gz", "size_i": "4309", "regex": "false"},
	{"name_s": "/usr/share/man/man3/Tk_ComputeTextLayout.3.gz", "size_i": "7009", "regex": "false"},
	{"name_s": "/usr/share/man/man3/Tk_ConfigureInfo.3.gz", "size_i": "10640", "regex": "false"},
	{"name_s": "/usr/share/man/man3/Tk_ConfigureValue.3.gz", "size_i": "10640", "regex": "false"},
	{"name_s": "/usr/share/man/man3/Tk_ConfigureWidget.3.gz", "size_i": "10640", "regex": "false"},
	{"name_s": "/usr/share/man/man3/Tk_ConfigureWindow.3.gz", "size_i": "4560", "regex": "false"},
	{"name_s": "/usr/share/man/man3/Tk_CoordsToWindow.3.gz", "size_i": "3153", "regex": "false"},
	{"name_s": "/usr/share/man/man3/Tk_CreateBinding.3.gz", "size_i": "4706", "regex": "false"},
	{"name_s": "/usr/share/man/man3/Tk_CreateBindingTable.3.gz", "size_i": "4706", "regex": "false"},
	{"name_s": "/usr/share/man/man3/Tk_CreateClientMessageHandler.3.gz", "size_i": "3465", "regex": "false"},
	{"name_s": "/usr/share/man/man3/Tk_CreateErrorHandler.3.gz", "size_i": "4638", "regex": "false"},
	{"name_s": "/usr/share/man/man3/Tk_CreateEventHandler.3.gz", "size_i": "3629", "regex": "false"},
	{"name_s": "/usr/share/man/man3/Tk_CreateGenericHandler.3.gz", "size_i": "3782", "regex": "false"},
	{"name_s": "/usr/share/man/man3/Tk_CreateImageType.3.gz", "size_i": "6241", "regex": "false"},
	{"name_s": "/usr/share/man/man3/Tk_CreateItemType.3.gz", "size_i": "9207", "regex": "false"},
	{"name_s": "/usr/share/man/man3/Tk_CreateOptionTable.3.gz", "size_i": "11243", "regex": "false"},
	{"name_s": "/usr/share/man/man3/Tk_CreatePhotoImageFormat.3.gz", "size_i": "5521", "regex": "false"},
	{"name_s": "/usr/share/man/man3/Tk_CreateSelHandler.3.gz", "size_i": "4381", "regex": "false"},
	{"name_s": "/usr/share/man/man3/Tk_CreateWindow.3.gz", "size_i": "4737", "regex": "false"},
	{"name_s": "/usr/share/man/man3/Tk_CreateWindowFromPath.3.gz", "size_i": "4737", "regex": "false"},
	{"name_s": "/usr/share/man/man3/Tk_DefineBitmap.3.gz", "size_i": "5911", "regex": "false"},
	{"name_s": "/usr/share/man/man3/Tk_DefineCursor.3.gz", "size_i": "4560", "regex": "false"},
	{"name_s": "/usr/share/man/man3/Tk_DeleteAllBindings.3.gz", "size_i": "4706", "regex": "false"},
	{"name_s": "/usr/share/man/man3/Tk_DeleteBinding.3.gz", "size_i": "4706", "regex": "false"},
	{"name_s": "/usr/share/man/man3/Tk_DeleteBindingTable.3.gz", "size_i": "4706", "regex": "false"},
	{"name_s": "/usr/share/man/man3/Tk_DeleteClientMessageHandler.3.gz", "size_i": "3465", "regex": "false"},
	{"name_s": "/usr/share/man/man3/Tk_DeleteErrorHandler.3.gz", "size_i": "4638", "regex": "false"},
	{"name_s": "/usr/share/man/man3/Tk_DeleteEventHandler.3.gz", "size_i": "3629", "regex": "false"},
	{"name_s": "/usr/share/man/man3/Tk_DeleteGenericHandler.3.gz", "size_i": "3782", "regex": "false"},
	{"name_s": "/usr/share/man/man3/Tk_DeleteImage.3.gz", "size_i": "2871", "regex": "false"},
	{"name_s": "/usr/share/man/man3/Tk_DeleteOptionTable.3.gz", "size_i": "11243", "regex": "false"},
	{"name_s": "/usr/share/man/man3/Tk_DeleteSelHandler.3.gz", "size_i": "4381", "regex": "false"},
	{"name_s": "/usr/share/man/man3/Tk_Depth.3.gz", "size_i": "4309", "regex": "false"},
	{"name_s": "/usr/share/man/man3/Tk_DestroyWindow.3.gz", "size_i": "4737", "regex": "false"},
	{"name_s": "/usr/share/man/man3/Tk_Display.3.gz", "size_i": "4309", "regex": "false"},
	{"name_s": "/usr/share/man/man3/Tk_DisplayName.3.gz", "size_i": "4309", "regex": "false"},
	{"name_s": "/usr/share/man/man3/Tk_DistanceToTextLayout.3.gz", "size_i": "7009", "regex": "false"},
	{"name_s": "/usr/share/man/man3/Tk_Draw3DPolygon.3.gz", "size_i": "6495", "regex": "false"},
	{"name_s": "/usr/share/man/man3/Tk_Draw3DRectangle.3.gz", "size_i": "6495", "regex": "false"},
	{"name_s": "/usr/share/man/man3/Tk_DrawChars.3.gz", "size_i": "4729", "regex": "false"},
	{"name_s": "/usr/share/man/man3/Tk_DrawFocusHighlight.3.gz", "size_i": "2969", "regex": "false"},
	{"name_s": "/usr/share/man/man3/Tk_DrawTextLayout.3.gz", "size_i": "7009", "regex": "false"},
	{"name_s": "/usr/share/man/man3/Tk_Fill3DPolygon.3.gz", "size_i": "6495", "regex": "false"},
	{"name_s": "/usr/share/man/man3/Tk_Fill3DRectangle.3.gz", "size_i": "6495", "regex": "false"},
	{"name_s": "/usr/share/man/man3/Tk_FindPhoto.3.gz", "size_i": "5900", "regex": "false"},
	{"name_s": "/usr/share/man/man3/Tk_FontId.3.gz", "size_i": "3862", "regex": "false"},
	{"name_s": "/usr/share/man/man3/Tk_Free3DBorder.3.gz", "size_i": "6495", "regex": "false"},
	{"name_s": "/usr/share/man/man3/Tk_Free3DBorderFromObj.3.gz", "size_i": "6495", "regex": "false"},
	{"name_s": "/usr/share/man/man3/Tk_FreeBitmap.3.gz", "size_i": "5911", "regex": "false"},
	{"name_s": "/usr/share/man/man3/Tk_FreeBitmapFromObj.3.gz", "size_i": "5911", "regex": "false"},
	{"name_s": "/usr/share/man/man3/Tk_FreeColor.3.gz", "size_i": "5011", "regex": "false"},
	{"name_s": "/usr/share/man/man3/Tk_FreeColorFromObj.3.gz", "size_i": "5011", "regex": "false"},
	{"name_s": "/usr/share/man/man3/Tk_FreeColormap.3.gz", "size_i": "3584", "regex": "false"},
	{"name_s": "/usr/share/man/man3/Tk_FreeConfigOptions.3.gz", "size_i": "11243", "regex": "false"},
	{"name_s": "/usr/share/man/man3/Tk_FreeCursor.3.gz", "size_i": "5869", "regex": "false"},
	{"name_s": "/usr/share/man/man3/Tk_FreeCursorFromObj.3.gz", "size_i": "5869", "regex": "false"},
	{"name_s": "/usr/share/man/man3/Tk_FreeFont.3.gz", "size_i": "4038", "regex": "false"},
	{"name_s": "/usr/share/man/man3/Tk_FreeFontFromObj.3.gz", "size_i": "4038", "regex": "false"},
	{"name_s": "/usr/share/man/man3/Tk_FreeGC.3.gz", "size_i": "3575", "regex": "false"},
	{"name_s": "/usr/share/man/man3/Tk_FreeImage.3.gz", "size_i": "4207", "regex": "false"},
	{"name_s": "/usr/share/man/man3/Tk_FreeOptions.3.gz", "size_i": "10640", "regex": "false"},
	{"name_s": "/usr/share/man/man3/Tk_FreePixmap.3.gz", "size_i": "3174", "regex": "false"},
	{"name_s": "/usr/share/man/man3/Tk_FreeSavedOptions.3.gz", "size_i": "11243", "regex": "false"},
	{"name_s": "/usr/share/man/man3/Tk_FreeTextLayout.3.gz", "size_i": "7009", "regex": "false"},
	{"name_s": "/usr/share/man/man3/Tk_FreeXId.3.gz", "size_i": "3293", "regex": "false"},
	{"name_s": "/usr/share/man/man3/Tk_GeometryRequest.3.gz", "size_i": "3812", "regex": "false"},
	{"name_s": "/usr/share/man/man3/Tk_Get3DBorder.3.gz", "size_i": "6495", "regex": "false"},
	{"name_s": "/usr/share/man/man3/Tk_Get3DBorderFromObj.3.gz", "size_i": "6495", "regex": "false"},
	{"name_s": "/usr/share/man/man3/Tk_GetAllBindings.3.gz", "size_i": "4706", "regex": "false"},
	{"name_s": "/usr/share/man/man3/Tk_GetAnchor.3.gz", "size_i": "3598", "regex": "false"},
	{"name_s": "/usr/share/man/man3/Tk_GetAnchorFromObj.3.gz", "size_i": "3598", "regex": "false"},
	{"name_s": "/usr/share/man/man3/Tk_GetAtomName.3.gz", "size_i": "3245", "regex": "false"},
	{"name_s": "/usr/share/man/man3/Tk_GetBinding.3.gz", "size_i": "4706", "regex": "false"},
	{"name_s": "/usr/share/man/man3/Tk_GetBitmap.3.gz", "size_i": "5911", "regex": "false"},
	{"name_s": "/usr/share/man/man3/Tk_GetBitmapFromObj.3.gz", "size_i": "5911", "regex": "false"},
	{"name_s": "/usr/share/man/man3/Tk_GetCapStyle.3.gz", "size_i": "3314", "regex": "false"},
	{"name_s": "/usr/share/man/man3/Tk_GetColor.3.gz", "size_i": "5011", "regex": "false"},
	{"name_s": "/usr/share/man/man3/Tk_GetColorByValue.3.gz", "size_i": "5011", "regex": "false"},
	{"name_s": "/usr/share/man/man3/Tk_GetColorFromObj.3.gz", "size_i": "5011", "regex": "false"},
	{"name_s": "/usr/share/man/man3/Tk_GetColormap.3.gz", "size_i": "3584", "regex": "false"},
	{"name_s": "/usr/share/man/man3/Tk_GetCursor.3.gz", "size_i": "5869", "regex": "false"},
	{"name_s": "/usr/share/man/man3/Tk_GetCursorFromData.3.gz", "size_i": "5869", "regex": "false"},
	{"name_s": "/usr/share/man/man3/Tk_GetCursorFromObj.3.gz", "size_i": "5869", "regex": "false"},
	{"name_s": "/usr/share/man/man3/Tk_GetDash.3.gz", "size_i": "3549", "regex": "false"},
	{"name_s": "/usr/share/man/man3/Tk_GetFont.3.gz", "size_i": "4038", "regex": "false"},
	{"name_s": "/usr/share/man/man3/Tk_GetFontFromObj.3.gz", "size_i": "4038", "regex": "false"},
	{"name_s": "/usr/share/man/man3/Tk_GetFontMetrics.3.gz", "size_i": "3862", "regex": "false"},
	{"name_s": "/usr/share/man/man3/Tk_GetGC.3.gz", "size_i": "3575", "regex": "false"},
	{"name_s": "/usr/share/man/man3/Tk_GetHINSTANCE.3.gz", "size_i": "2690", "regex": "false"},
	{"name_s": "/usr/share/man/man3/Tk_GetHWND.3.gz", "size_i": "2810", "regex": "false"},
	{"name_s": "/usr/share/man/man3/Tk_GetImage.3.gz", "size_i": "4207", "regex": "false"},
	{"name_s": "/usr/share/man/man3/Tk_GetImageMasterData.3.gz", "size_i": "6241", "regex": "false"},
	{"name_s": "/usr/share/man/man3/Tk_GetItemTypes.3.gz", "size_i": "9207", "regex": "false"},
	{"name_s": "/usr/share/man/man3/Tk_GetJoinStyle.3.gz", "size_i": "3317", "regex": "false"},
	{"name_s": "/usr/share/man/man3/Tk_GetJustify.3.gz", "size_i": "3608", "regex": "false"},
	{"name_s": "/usr/share/man/man3/Tk_GetJustifyFromObj.3.gz", "size_i": "3608", "regex": "false"},
	{"name_s": "/usr/share/man/man3/Tk_GetMMFromObj.3.gz", "size_i": "3687", "regex": "false"},
	{"name_s": "/usr/share/man/man3/Tk_GetNumMainWindows.3.gz", "size_i": "2978", "regex": "false"},
	{"name_s": "/usr/share/man/man3/Tk_GetOption.3.gz", "size_i": "3078", "regex": "false"},
	{"name_s": "/usr/share/man/man3/Tk_GetOptionInfo.3.gz", "size_i": "11243", "regex": "false"},
	{"name_s": "/usr/share/man/man3/Tk_GetOptionValue.3.gz", "size_i": "11243", "regex": "false"},
	{"name_s": "/usr/share/man/man3/Tk_GetPixels.3.gz", "size_i": "3687", "regex": "false"},
	{"name_s": "/usr/share/man/man3/Tk_GetPixelsFromObj.3.gz", "size_i": "3687", "regex": "false"},
	{"name_s": "/usr/share/man/man3/Tk_GetPixmap.3.gz", "size_i": "3174", "regex": "false"},
	{"name_s": "/usr/share/man/man3/Tk_GetRelief.3.gz", "size_i": "3545", "regex": "false"},
	{"name_s": "/usr/share/man/man3/Tk_GetReliefFromObj.3.gz", "size_i": "3545", "regex": "false"},
	{"name_s": "/usr/share/man/man3/Tk_GetRootCoords.3.gz", "size_i": "3017", "regex": "false"},
	{"name_s": "/usr/share/man/man3/Tk_GetScreenMM.3.gz", "size_i": "3687", "regex": "false"},
	{"name_s": "/usr/share/man/man3/Tk_GetScrollInfo.3.gz", "size_i": "3500", "regex": "false"},
	{"name_s": "/usr/share/man/man3/Tk_GetScrollInfoObj.3.gz", "size_i": "3500", "regex": "false"},
	{"name_s": "/usr/share/man/man3/Tk_GetSelection.3.gz", "size_i": "3652", "regex": "false"},
	{"name_s": "/usr/share/man/man3/Tk_GetUid.3.gz", "size_i": "3158", "regex": "false"},
	{"name_s": "/usr/share/man/man3/Tk_GetUserInactiveTime.3.gz", "size_i": "2899", "regex": "false"},
	{"name_s": "/usr/share/man/man3/Tk_GetVRootGeometry.3.gz", "size_i": "3161", "regex": "false"},
	{"name_s": "/usr/share/man/man3/Tk_GetVisual.3.gz", "size_i": "3865", "regex": "false"},
	{"name_s": "/usr/share/man/man3/Tk_Grab.3.gz", "size_i": "3341", "regex": "false"},
	{"name_s": "/usr/share/man/man3/Tk_HWNDToWindow.3.gz", "size_i": "2746", "regex": "false"},
	{"name_s": "/usr/share/man/man3/Tk_HandleEvent.3.gz", "size_i": "3174", "regex": "false"},
	{"name_s": "/usr/share/man/man3/Tk_Height.3.gz", "size_i": "4309", "regex": "false"},
	{"name_s": "/usr/share/man/man3/Tk_IdToWindow.3.gz", "size_i": "2836", "regex": "false"},
	{"name_s": "/usr/share/man/man3/Tk_ImageChanged.3.gz", "size_i": "3352", "regex": "false"},
	{"name_s": "/usr/share/man/man3/Tk_Init.3.gz", "size_i": "3529", "regex": "false"},
	{"name_s": "/usr/share/man/man3/Tk_InitConsoleChannels.3.gz", "size_i": "3081", "regex": "false"},
	{"name_s": "/usr/share/man/man3/Tk_InitImageArgs.3.gz", "size_i": "6241", "regex": "false"},
	{"name_s": "/usr/share/man/man3/Tk_InitOptions.3.gz", "size_i": "11243", "regex": "false"},
	{"name_s": "/usr/share/man/man3/Tk_InitStubs.3.gz", "size_i": "3592", "regex": "false"},
	{"name_s": "/usr/share/man/man3/Tk_InternAtom.3.gz", "size_i": "3245", "regex": "false"},
	{"name_s": "/usr/share/man/man3/Tk_InternalBorderBottom.3.gz", "size_i": "4309", "regex": "false"},
	{"name_s": "/usr/share/man/man3/Tk_InternalBorderLeft.3.gz", "size_i": "4309", "regex": "false"},
	{"name_s": "/usr/share/man/man3/Tk_InternalBorderRight.3.gz", "size_i": "4309", "regex": "false"},
	{"name_s": "/usr/share/man/man3/Tk_InternalBorderTop.3.gz", "size_i": "4309", "regex": "false"},
	{"name_s": "/usr/share/man/man3/Tk_Interp.3.gz", "size_i": "4309", "regex": "false"},
	{"name_s": "/usr/share/man/man3/Tk_IntersectTextLayout.3.gz", "size_i": "7009", "regex": "false"},
	{"name_s": "/usr/share/man/man3/Tk_IsContainer.3.gz", "size_i": "4309", "regex": "false"},
	{"name_s": "/usr/share/man/man3/Tk_IsEmbedded.3.gz", "size_i": "4309", "regex": "false"},
	{"name_s": "/usr/share/man/man3/Tk_IsMapped.3.gz", "size_i": "4309", "regex": "false"},
	{"name_s": "/usr/share/man/man3/Tk_IsTopLevel.3.gz", "size_i": "4309", "regex": "false"},
	{"name_s": "/usr/share/man/man3/Tk_Main.3.gz", "size_i": "3346", "regex": "false"},
	{"name_s": "/usr/share/man/man3/Tk_MainLoop.3.gz", "size_i": "2901", "regex": "false"},
	{"name_s": "/usr/share/man/man3/Tk_MainWindow.3.gz", "size_i": "2978", "regex": "false"},
	{"name_s": "/usr/share/man/man3/Tk_MaintainGeometry.3.gz", "size_i": "3904", "regex": "false"},
	{"name_s": "/usr/share/man/man3/Tk_MakeWindowExist.3.gz", "size_i": "4737", "regex": "false"},
	{"name_s": "/usr/share/man/man3/Tk_ManageGeometry.3.gz", "size_i": "3681", "regex": "false"},
	{"name_s": "/usr/share/man/man3/Tk_MapWindow.3.gz", "size_i": "3137", "regex": "false"},
	{"name_s": "/usr/share/man/man3/Tk_MeasureChars.3.gz", "size_i": "4729", "regex": "false"},
	{"name_s": "/usr/share/man/man3/Tk_MinReqHeight.3.gz", "size_i": "4309", "regex": "false"},
	{"name_s": "/usr/share/man/man3/Tk_MinReqWidth.3.gz", "size_i": "4309", "regex": "false"},
	{"name_s": "/usr/share/man/man3/Tk_MoveResizeWindow.3.gz", "size_i": "4560", "regex": "false"},
	{"name_s": "/usr/share/man/man3/Tk_MoveToplevelWindow.3.gz", "size_i": "3312", "regex": "false"},
	{"name_s": "/usr/share/man/man3/Tk_MoveWindow.3.gz", "size_i": "4560", "regex": "false"},
	{"name_s": "/usr/share/man/man3/Tk_Name.3.gz", "size_i": "3709", "regex": "false"},
	{"name_s": "/usr/share/man/man3/Tk_NameOf3DBorder.3.gz", "size_i": "6495", "regex": "false"},
	{"name_s": "/usr/share/man/man3/Tk_NameOfAnchor.3.gz", "size_i": "3598", "regex": "false"},
	{"name_s": "/usr/share/man/man3/Tk_NameOfBitmap.3.gz", "size_i": "5911", "regex": "false"},
	{"name_s": "/usr/share/man/man3/Tk_NameOfCapStyle.3.gz", "size_i": "3314", "regex": "false"},
	{"name_s": "/usr/share/man/man3/Tk_NameOfColor.3.gz", "size_i": "5011", "regex": "false"},
	{"name_s": "/usr/share/man/man3/Tk_NameOfCursor.3.gz", "size_i": "5869", "regex": "false"},
	{"name_s": "/usr/share/man/man3/Tk_NameOfFont.3.gz", "size_i": "4038", "regex": "false"},
	{"name_s": "/usr/share/man/man3/Tk_NameOfImage.3.gz", "size_i": "2846", "regex": "false"},
	{"name_s": "/usr/share/man/man3/Tk_NameOfJoinStyle.3.gz", "size_i": "3317", "regex": "false"},
	{"name_s": "/usr/share/man/man3/Tk_NameOfJustify.3.gz", "size_i": "3608", "regex": "false"},
	{"name_s": "/usr/share/man/man3/Tk_NameOfRelief.3.gz", "size_i": "3545", "regex": "false"},
	{"name_s": "/usr/share/man/man3/Tk_NameToWindow.3.gz", "size_i": "3709", "regex": "false"},
	{"name_s": "/usr/share/man/man3/Tk_Offset.3.gz", "size_i": "11243", "regex": "false"},
	{"name_s": "/usr/share/man/man3/Tk_OwnSelection.3.gz", "size_i": "3221", "regex": "false"},
	{"name_s": "/usr/share/man/man3/Tk_Parent.3.gz", "size_i": "4309", "regex": "false"},
	{"name_s": "/usr/share/man/man3/Tk_ParseArgv.3.gz", "size_i": "7065", "regex": "false"},
	{"name_s": "/usr/share/man/man3/Tk_PathName.3.gz", "size_i": "3709", "regex": "false"},
	{"name_s": "/usr/share/man/man3/Tk_PhotoBlank.3.gz", "size_i": "5900", "regex": "false"},
	{"name_s": "/usr/share/man/man3/Tk_PhotoExpand.3.gz", "size_i": "5900", "regex": "false"},
	{"name_s": "/usr/share/man/man3/Tk_PhotoGetImage.3.gz", "size_i": "5900", "regex": "false"},
	{"name_s": "/usr/share/man/man3/Tk_PhotoGetSize.3.gz", "size_i": "5900", "regex": "false"},
	{"name_s": "/usr/share/man/man3/Tk_PhotoPutBlock.3.gz", "size_i": "5900", "regex": "false"},
	{"name_s": "/usr/share/man/man3/Tk_PhotoPutZoomedBlock.3.gz", "size_i": "5900", "regex": "false"},
	{"name_s": "/usr/share/man/man3/Tk_PhotoSetSize.3.gz", "size_i": "5900", "regex": "false"},
	{"name_s": "/usr/share/man/man3/Tk_PointToChar.3.gz", "size_i": "7009", "regex": "false"},
	{"name_s": "/usr/share/man/man3/Tk_PostscriptFontName.3.gz", "size_i": "3862", "regex": "false"},
	{"name_s": "/usr/share/man/man3/Tk_PreserveColormap.3.gz", "size_i": "3584", "regex": "false"},
	{"name_s": "/usr/share/man/man3/Tk_QueueWindowEvent.3.gz", "size_i": "3241", "regex": "false"},
	{"name_s": "/usr/share/man/man3/Tk_RedrawImage.3.gz", "size_i": "4207", "regex": "false"},
	{"name_s": "/usr/share/man/man3/Tk_ReqHeight.3.gz", "size_i": "4309", "regex": "false"},
	{"name_s": "/usr/share/man/man3/Tk_ReqWidth.3.gz", "size_i": "4309", "regex": "false"},
	{"name_s": "/usr/share/man/man3/Tk_ResetUserInactiveTime.3.gz", "size_i": "2899", "regex": "false"},
	{"name_s": "/usr/share/man/man3/Tk_ResizeWindow.3.gz", "size_i": "4560", "regex": "false"},
	{"name_s": "/usr/share/man/man3/Tk_RestackWindow.3.gz", "size_i": "3100", "regex": "false"},
	{"name_s": "/usr/share/man/man3/Tk_RestoreSavedOptions.3.gz", "size_i": "11243", "regex": "false"},
	{"name_s": "/usr/share/man/man3/Tk_RestrictEvents.3.gz", "size_i": "3847", "regex": "false"},
	{"name_s": "/usr/share/man/man3/Tk_SafeInit.3.gz", "size_i": "3529", "regex": "false"},
	{"name_s": "/usr/share/man/man3/Tk_Screen.3.gz", "size_i": "4309", "regex": "false"},
	{"name_s": "/usr/share/man/man3/Tk_ScreenNumber.3.gz", "size_i": "4309", "regex": "false"},
	{"name_s": "/usr/share/man/man3/Tk_SetAppName.3.gz", "size_i": "3405", "regex": "false"},
	{"name_s": "/usr/share/man/man3/Tk_SetBackgroundFromBorder.3.gz", "size_i": "6495", "regex": "false"},
	{"name_s": "/usr/share/man/man3/Tk_SetCaretPos.3.gz", "size_i": "2925", "regex": "false"},
	{"name_s": "/usr/share/man/man3/Tk_SetClass.3.gz", "size_i": "3341", "regex": "false"},
	{"name_s": "/usr/share/man/man3/Tk_SetClassProcs.3.gz", "size_i": "3582", "regex": "false"},
	{"name_s": "/usr/share/man/man3/Tk_SetGrid.3.gz", "size_i": "3350", "regex": "false"},
	{"name_s": "/usr/share/man/man3/Tk_SetInternalBorder.3.gz", "size_i": "3812", "regex": "false"},
	{"name_s": "/usr/share/man/man3/Tk_SetInternalBorderEx.3.gz", "size_i": "3812", "regex": "false"},
	{"name_s": "/usr/share/man/man3/Tk_SetMinimumRequestSize.3.gz", "size_i": "3812", "regex": "false"},
	{"name_s": "/usr/share/man/man3/Tk_SetOptions.3.gz", "size_i": "11243", "regex": "false"},
	{"name_s": "/usr/share/man/man3/Tk_SetWindowBackground.3.gz", "size_i": "4560", "regex": "false"},
	{"name_s": "/usr/share/man/man3/Tk_SetWindowBackgroundPixmap.3.gz", "size_i": "4560", "regex": "false"},
	{"name_s": "/usr/share/man/man3/Tk_SetWindowBorder.3.gz", "size_i": "4560", "regex": "false"},
	{"name_s": "/usr/share/man/man3/Tk_SetWindowBorderPixmap.3.gz", "size_i": "4560", "regex": "false"},
	{"name_s": "/usr/share/man/man3/Tk_SetWindowBorderWidth.3.gz", "size_i": "4560", "regex": "false"},
	{"name_s": "/usr/share/man/man3/Tk_SetWindowColormap.3.gz", "size_i": "4560", "regex": "false"},
	{"name_s": "/usr/share/man/man3/Tk_SetWindowVisual.3.gz", "size_i": "3218", "regex": "false"},
	{"name_s": "/usr/share/man/man3/Tk_SizeOfBitmap.3.gz", "size_i": "5911", "regex": "false"},
	{"name_s": "/usr/share/man/man3/Tk_SizeOfImage.3.gz", "size_i": "4207", "regex": "false"},
	{"name_s": "/usr/share/man/man3/Tk_StrictMotif.3.gz", "size_i": "3001", "regex": "false"},
	{"name_s": "/usr/share/man/man3/Tk_TextLayoutToPostscript.3.gz", "size_i": "7009", "regex": "false"},
	{"name_s": "/usr/share/man/man3/Tk_TextWidth.3.gz", "size_i": "4729", "regex": "false"},
	{"name_s": "/usr/share/man/man3/Tk_Uid.3.gz", "size_i": "3158", "regex": "false"},
	{"name_s": "/usr/share/man/man3/Tk_UndefineCursor.3.gz", "size_i": "4560", "regex": "false"},
	{"name_s": "/usr/share/man/man3/Tk_UnderlineChars.3.gz", "size_i": "4729", "regex": "false"},
	{"name_s": "/usr/share/man/man3/Tk_UnderlineTextLayout.3.gz", "size_i": "7009", "regex": "false"},
	{"name_s": "/usr/share/man/man3/Tk_Ungrab.3.gz", "size_i": "3341", "regex": "false"},
	{"name_s": "/usr/share/man/man3/Tk_UnmaintainGeometry.3.gz", "size_i": "3904", "regex": "false"},
	{"name_s": "/usr/share/man/man3/Tk_UnmapWindow.3.gz", "size_i": "3137", "regex": "false"},
	{"name_s": "/usr/share/man/man3/Tk_UnsetGrid.3.gz", "size_i": "3350", "regex": "false"},
	{"name_s": "/usr/share/man/man3/Tk_Visual.3.gz", "size_i": "4309", "regex": "false"},
	{"name_s": "/usr/share/man/man3/Tk_Width.3.gz", "size_i": "4309", "regex": "false"},
	{"name_s": "/usr/share/man/man3/Tk_WindowId.3.gz", "size_i": "4309", "regex": "false"},
	{"name_s": "/usr/share/man/man3/Tk_X.3.gz", "size_i": "4309", "regex": "false"},
	{"name_s": "/usr/share/man/man3/Tk_Y.3.gz", "size_i": "4309", "regex": "false"},
	{"name_s": "/usr/share/man/man3/Ttk_AddPadding.3.gz", "size_i": "4873", "regex": "false"},
	{"name_s": "/usr/share/man/man3/Ttk_BoxContains.3.gz", "size_i": "4873", "regex": "false"},
	{"name_s": "/usr/share/man/man3/Ttk_CreateTheme.3.gz", "size_i": "2869", "regex": "false"},
	{"name_s": "/usr/share/man/man3/Ttk_ExpandBox.3.gz", "size_i": "4873", "regex": "false"},
	{"name_s": "/usr/share/man/man3/Ttk_GetBorderFromObj.3.gz", "size_i": "4873", "regex": "false"},
	{"name_s": "/usr/share/man/man3/Ttk_GetCurrentTheme.3.gz", "size_i": "2869", "regex": "false"},
	{"name_s": "/usr/share/man/man3/Ttk_GetDefaultTheme.3.gz", "size_i": "2869", "regex": "false"},
	{"name_s": "/usr/share/man/man3/Ttk_GetPaddingFromObj.3.gz", "size_i": "4873", "regex": "false"},
	{"name_s": "/usr/share/man/man3/Ttk_GetStickyFromObj.3.gz", "size_i": "4873", "regex": "false"},
	{"name_s": "/usr/share/man/man3/Ttk_GetTheme.3.gz", "size_i": "2869", "regex": "false"},
	{"name_s": "/usr/share/man/man3/Ttk_MakeBox.3.gz", "size_i": "4873", "regex": "false"},
	{"name_s": "/usr/share/man/man3/Ttk_MakePadding.3.gz", "size_i": "4873", "regex": "false"},
	{"name_s": "/usr/share/man/man3/Ttk_PackBox.3.gz", "size_i": "4873", "regex": "false"},
	{"name_s": "/usr/share/man/man3/Ttk_PadBox.3.gz", "size_i": "4873", "regex": "false"},
	{"name_s": "/usr/share/man/man3/Ttk_PlaceBox.3.gz", "size_i": "4873", "regex": "false"},
	{"name_s": "/usr/share/man/man3/Ttk_RelievePadding.3.gz", "size_i": "4873", "regex": "false"},
	{"name_s": "/usr/share/man/man3/Ttk_StickBox.3.gz", "size_i": "4873", "regex": "false"},
	{"name_s": "/usr/share/man/man3/Ttk_UniformPadding.3.gz", "size_i": "4873", "regex": "false"}
]
