[
	{"name_s": "/usr/lib64/Pegasus", "size_i": "4096", "regex": "false"},
	{"name_s": "/usr/lib64/Pegasus/providerManagers", "size_i": "4096", "regex": "false"},
	{"name_s": "/usr/lib64/Pegasus/providerManagers/libCMPIProviderManager.so", "size_i": "27", "regex": "false"},
	{"name_s": "/usr/lib64/Pegasus/providerManagers/libCMPIProviderManager.so.1", "size_i": "536304", "regex": "false"},
	{"name_s": "/usr/lib64/Pegasus/providers", "size_i": "4096", "regex": "false"},
	{"name_s": "/usr/lib64/Pegasus/providers/libComputerSystemProvider.so", "size_i": "30", "regex": "false"},
	{"name_s": "/usr/lib64/Pegasus/providers/libComputerSystemProvider.so.1", "size_i": "33904", "regex": "false"},
	{"name_s": "/usr/lib64/Pegasus/providers/libOSProvider.so", "size_i": "18", "regex": "false"},
	{"name_s": "/usr/lib64/Pegasus/providers/libOSProvider.so.1", "size_i": "51072", "regex": "false"},
	{"name_s": "/usr/lib64/Pegasus/providers/libProcessProvider.so", "size_i": "23", "regex": "false"},
	{"name_s": "/usr/lib64/Pegasus/providers/libProcessProvider.so.1", "size_i": "62448", "regex": "false"},
	{"name_s": "/usr/lib64/Pegasus/providers/libSLPProvider.so", "size_i": "19", "regex": "false"},
	{"name_s": "/usr/lib64/Pegasus/providers/libSLPProvider.so.1", "size_i": "75192", "regex": "false"},
	{"name_s": "/usr/lib64/libCIMQueryCapabilitiesProvider.so.1", "size_i": "30488", "regex": "false"},
	{"name_s": "/usr/lib64/libCIMxmlIndicationHandler.so", "size_i": "31", "regex": "false"},
	{"name_s": "/usr/lib64/libCIMxmlIndicationHandler.so.1", "size_i": "32608", "regex": "false"},
	{"name_s": "/usr/lib64/libCertificateProvider.so.1", "size_i": "99920", "regex": "false"},
	{"name_s": "/usr/lib64/libConfigSettingProvider.so.1", "size_i": "58288", "regex": "false"},
	{"name_s": "/usr/lib64/libDefaultProviderManager.so", "size_i": "30", "regex": "false"},
	{"name_s": "/usr/lib64/libDefaultProviderManager.so.1", "size_i": "171424", "regex": "false"},
	{"name_s": "/usr/lib64/libInteropProvider.so.1", "size_i": "258976", "regex": "false"},
	{"name_s": "/usr/lib64/libNamespaceProvider.so.1", "size_i": "45608", "regex": "false"},
	{"name_s": "/usr/lib64/libProviderRegistrationProvider.so.1", "size_i": "104088", "regex": "false"},
	{"name_s": "/usr/lib64/libUserAuthProvider.so.1", "size_i": "41400", "regex": "false"},
	{"name_s": "/usr/lib64/libcmpiCppImpl.so", "size_i": "19", "regex": "false"},
	{"name_s": "/usr/lib64/libcmpiCppImpl.so.1", "size_i": "95112", "regex": "false"},
	{"name_s": "/usr/lib64/libpegauthentication.so.1", "size_i": "62176", "regex": "false"},
	{"name_s": "/usr/lib64/libpegclient.so", "size_i": "17", "regex": "false"},
	{"name_s": "/usr/lib64/libpegclient.so.1", "size_i": "241232", "regex": "false"},
	{"name_s": "/usr/lib64/libpegcliutils.so.1", "size_i": "29336", "regex": "false"},
	{"name_s": "/usr/lib64/libpegcommon.so", "size_i": "17", "regex": "false"},
	{"name_s": "/usr/lib64/libpegcommon.so.1", "size_i": "2004736", "regex": "false"},
	{"name_s": "/usr/lib64/libpegcompiler.so.1", "size_i": "169376", "regex": "false"},
	{"name_s": "/usr/lib64/libpegconfig.so.1", "size_i": "192272", "regex": "false"},
	{"name_s": "/usr/lib64/libpegcql.so.1", "size_i": "386064", "regex": "false"},
	{"name_s": "/usr/lib64/libpegexportclient.so.1", "size_i": "71376", "regex": "false"},
	{"name_s": "/usr/lib64/libpegexportserver.so.1", "size_i": "54592", "regex": "false"},
	{"name_s": "/usr/lib64/libpeggeneral.so.1", "size_i": "208472", "regex": "false"},
	{"name_s": "/usr/lib64/libpeggetoopt.so.1", "size_i": "29456", "regex": "false"},
	{"name_s": "/usr/lib64/libpeghandlerservice.so.1", "size_i": "107976", "regex": "false"},
	{"name_s": "/usr/lib64/libpegindicationservice.so.1", "size_i": "461320", "regex": "false"},
	{"name_s": "/usr/lib64/libpeglistener.so.1", "size_i": "36960", "regex": "false"},
	{"name_s": "/usr/lib64/libpegpmrouter.so.1", "size_i": "95936", "regex": "false"},
	{"name_s": "/usr/lib64/libpegpmservice.so.1", "size_i": "71208", "regex": "false"},
	{"name_s": "/usr/lib64/libpegprm.so.1", "size_i": "169720", "regex": "false"},
	{"name_s": "/usr/lib64/libpegprovider.so", "size_i": "19", "regex": "false"},
	{"name_s": "/usr/lib64/libpegprovider.so.1", "size_i": "144992", "regex": "false"},
	{"name_s": "/usr/lib64/libpegprovidermanager.so.1", "size_i": "231312", "regex": "false"},
	{"name_s": "/usr/lib64/libpegquerycommon.so.1", "size_i": "58840", "regex": "false"},
	{"name_s": "/usr/lib64/libpegqueryexpression.so.1", "size_i": "22544", "regex": "false"},
	{"name_s": "/usr/lib64/libpegrepository.so.1", "size_i": "356176", "regex": "false"},
	{"name_s": "/usr/lib64/libpegserver.so.1", "size_i": "447808", "regex": "false"},
	{"name_s": "/usr/lib64/libpegservice.so.1", "size_i": "25624", "regex": "false"},
	{"name_s": "/usr/lib64/libpegslp.so.1", "size_i": "21592", "regex": "false"},
	{"name_s": "/usr/lib64/libpegslp_client.so", "size_i": "21", "regex": "false"},
	{"name_s": "/usr/lib64/libpegslp_client.so.1", "size_i": "110392", "regex": "false"},
	{"name_s": "/usr/lib64/libpeguser.so.1", "size_i": "70872", "regex": "false"},
	{"name_s": "/usr/lib64/libpegwql.so.1", "size_i": "85736", "regex": "false"},
	{"name_s": "/usr/lib64/libsnmpIndicationHandler.so", "size_i": "29", "regex": "false"},
	{"name_s": "/usr/lib64/libsnmpIndicationHandler.so.1", "size_i": "59160", "regex": "false"}
]
