[
	{"name_s": "/usr/bin/tcamgr", "size_i": "16852", "regex": "false"},
	{"name_s": "/usr/bin/tcatest", "size_i": "47704", "regex": "false"},
	{"name_s": "/usr/bin/tcbmgr", "size_i": "26632", "regex": "false"},
	{"name_s": "/usr/bin/tcbmttest", "size_i": "45908", "regex": "false"},
	{"name_s": "/usr/bin/tcbtest", "size_i": "67956", "regex": "false"},
	{"name_s": "/usr/bin/tcfmgr", "size_i": "18628", "regex": "false"},
	{"name_s": "/usr/bin/tcfmttest", "size_i": "30692", "regex": "false"},
	{"name_s": "/usr/bin/tcftest", "size_i": "44052", "regex": "false"},
	{"name_s": "/usr/bin/tchmgr", "size_i": "21060", "regex": "false"},
	{"name_s": "/usr/bin/tchmttest", "size_i": "43176", "regex": "false"},
	{"name_s": "/usr/bin/tchtest", "size_i": "55584", "regex": "false"},
	{"name_s": "/usr/bin/tctmgr", "size_i": "30844", "regex": "false"},
	{"name_s": "/usr/bin/tctmttest", "size_i": "40156", "regex": "false"},
	{"name_s": "/usr/bin/tcttest", "size_i": "55332", "regex": "false"},
	{"name_s": "/usr/bin/tcucodec", "size_i": "29324", "regex": "false"},
	{"name_s": "/usr/bin/tcumttest", "size_i": "16296", "regex": "false"},
	{"name_s": "/usr/bin/tcutest", "size_i": "62064", "regex": "false"},
	{"name_s": "/usr/lib/libtokyocabinet.so.8", "size_i": "25", "regex": "false"},
	{"name_s": "/usr/lib/libtokyocabinet.so.8.24.0", "size_i": "552920", "regex": "false"},
	{"name_s": "/usr/libexec/tcawmgr.cgi", "size_i": "16288", "regex": "false"},
	{"name_s": "/usr/share/doc/tokyocabinet-1.4.33", "size_i": "4096", "regex": "false"},
	{"name_s": "/usr/share/doc/tokyocabinet-1.4.33/COPYING", "size_i": "26430", "regex": "false"},
	{"name_s": "/usr/share/doc/tokyocabinet-1.4.33/ChangeLog", "size_i": "31025", "regex": "false"},
	{"name_s": "/usr/share/doc/tokyocabinet-1.4.33/README", "size_i": "1104", "regex": "false"},
	{"name_s": "/usr/share/man/man1/tcamgr.1.gz", "size_i": "942", "regex": "false"},
	{"name_s": "/usr/share/man/man1/tcatest.1.gz", "size_i": "576", "regex": "false"},
	{"name_s": "/usr/share/man/man1/tcbmgr.1.gz", "size_i": "1266", "regex": "false"},
	{"name_s": "/usr/share/man/man1/tcbmttest.1.gz", "size_i": "969", "regex": "false"},
	{"name_s": "/usr/share/man/man1/tcbtest.1.gz", "size_i": "1192", "regex": "false"},
	{"name_s": "/usr/share/man/man1/tcfmgr.1.gz", "size_i": "985", "regex": "false"},
	{"name_s": "/usr/share/man/man1/tcfmttest.1.gz", "size_i": "768", "regex": "false"},
	{"name_s": "/usr/share/man/man1/tcftest.1.gz", "size_i": "833", "regex": "false"},
	{"name_s": "/usr/share/man/man1/tchmgr.1.gz", "size_i": "1083", "regex": "false"},
	{"name_s": "/usr/share/man/man1/tchmttest.1.gz", "size_i": "979", "regex": "false"},
	{"name_s": "/usr/share/man/man1/tchtest.1.gz", "size_i": "1064", "regex": "false"},
	{"name_s": "/usr/share/man/man1/tctmgr.1.gz", "size_i": "1635", "regex": "false"},
	{"name_s": "/usr/share/man/man1/tctmttest.1.gz", "size_i": "1033", "regex": "false"},
	{"name_s": "/usr/share/man/man1/tcttest.1.gz", "size_i": "1131", "regex": "false"},
	{"name_s": "/usr/share/man/man1/tcucodec.1.gz", "size_i": "1313", "regex": "false"},
	{"name_s": "/usr/share/man/man1/tcumttest.1.gz", "size_i": "540", "regex": "false"},
	{"name_s": "/usr/share/man/man1/tcutest.1.gz", "size_i": "709", "regex": "false"}
]
