[
	{"name_s": "/var/lib/tomcat6/webapps/host-manager", "size_i": "4096", "regex": "false"},
	{"name_s": "/var/lib/tomcat6/webapps/host-manager/META-INF", "size_i": "4096", "regex": "false"},
	{"name_s": "/var/lib/tomcat6/webapps/host-manager/META-INF/context.xml", "size_i": "885", "regex": "false"},
	{"name_s": "/var/lib/tomcat6/webapps/host-manager/WEB-INF", "size_i": "4096", "regex": "false"},
	{"name_s": "/var/lib/tomcat6/webapps/host-manager/WEB-INF/web.xml", "size_i": "4045", "regex": "false"},
	{"name_s": "/var/lib/tomcat6/webapps/host-manager/images", "size_i": "4096", "regex": "false"},
	{"name_s": "/var/lib/tomcat6/webapps/host-manager/images/add.gif", "size_i": "1037", "regex": "false"},
	{"name_s": "/var/lib/tomcat6/webapps/host-manager/images/asf-logo.gif", "size_i": "7279", "regex": "false"},
	{"name_s": "/var/lib/tomcat6/webapps/host-manager/images/code.gif", "size_i": "394", "regex": "false"},
	{"name_s": "/var/lib/tomcat6/webapps/host-manager/images/design.gif", "size_i": "608", "regex": "false"},
	{"name_s": "/var/lib/tomcat6/webapps/host-manager/images/docs.gif", "size_i": "261", "regex": "false"},
	{"name_s": "/var/lib/tomcat6/webapps/host-manager/images/fix.gif", "size_i": "345", "regex": "false"},
	{"name_s": "/var/lib/tomcat6/webapps/host-manager/images/tomcat.gif", "size_i": "1934", "regex": "false"},
	{"name_s": "/var/lib/tomcat6/webapps/host-manager/images/update.gif", "size_i": "627", "regex": "false"},
	{"name_s": "/var/lib/tomcat6/webapps/host-manager/images/void.gif", "size_i": "43", "regex": "false"},
	{"name_s": "/var/lib/tomcat6/webapps/host-manager/manager.xml", "size_i": "1103", "regex": "false"},
	{"name_s": "/var/lib/tomcat6/webapps/manager", "size_i": "4096", "regex": "false"},
	{"name_s": "/var/lib/tomcat6/webapps/manager/401.jsp", "size_i": "1926", "regex": "false"},
	{"name_s": "/var/lib/tomcat6/webapps/manager/META-INF", "size_i": "4096", "regex": "false"},
	{"name_s": "/var/lib/tomcat6/webapps/manager/META-INF/context.xml", "size_i": "885", "regex": "false"},
	{"name_s": "/var/lib/tomcat6/webapps/manager/WEB-INF", "size_i": "4096", "regex": "false"},
	{"name_s": "/var/lib/tomcat6/webapps/manager/WEB-INF/web.xml", "size_i": "6921", "regex": "false"},
	{"name_s": "/var/lib/tomcat6/webapps/manager/images", "size_i": "4096", "regex": "false"},
	{"name_s": "/var/lib/tomcat6/webapps/manager/images/add.gif", "size_i": "1037", "regex": "false"},
	{"name_s": "/var/lib/tomcat6/webapps/manager/images/asf-logo.gif", "size_i": "7279", "regex": "false"},
	{"name_s": "/var/lib/tomcat6/webapps/manager/images/code.gif", "size_i": "394", "regex": "false"},
	{"name_s": "/var/lib/tomcat6/webapps/manager/images/design.gif", "size_i": "608", "regex": "false"},
	{"name_s": "/var/lib/tomcat6/webapps/manager/images/docs.gif", "size_i": "261", "regex": "false"},
	{"name_s": "/var/lib/tomcat6/webapps/manager/images/fix.gif", "size_i": "345", "regex": "false"},
	{"name_s": "/var/lib/tomcat6/webapps/manager/images/tomcat.gif", "size_i": "1934", "regex": "false"},
	{"name_s": "/var/lib/tomcat6/webapps/manager/images/update.gif", "size_i": "627", "regex": "false"},
	{"name_s": "/var/lib/tomcat6/webapps/manager/images/void.gif", "size_i": "43", "regex": "false"},
	{"name_s": "/var/lib/tomcat6/webapps/manager/sessionDetail.jsp", "size_i": "6255", "regex": "false"},
	{"name_s": "/var/lib/tomcat6/webapps/manager/sessionsList.jsp", "size_i": "8661", "regex": "false"},
	{"name_s": "/var/lib/tomcat6/webapps/manager/status.xsd", "size_i": "3702", "regex": "false"},
	{"name_s": "/var/lib/tomcat6/webapps/manager/xform.xsl", "size_i": "3987", "regex": "false"}
]
