[
	{"name_s": "/usr/share/java/tomcat6", "size_i": "4096", "regex": "false"},
	{"name_s": "/usr/share/java/tomcat6/annotations-api-6.0.24.jar", "size_i": "15112", "regex": "false"},
	{"name_s": "/usr/share/java/tomcat6/annotations-api.jar", "size_i": "26", "regex": "false"},
	{"name_s": "/usr/share/java/tomcat6/catalina-6.0.24.jar", "size_i": "1186957", "regex": "false"},
	{"name_s": "/usr/share/java/tomcat6/catalina-ant-6.0.24.jar", "size_i": "53490", "regex": "false"},
	{"name_s": "/usr/share/java/tomcat6/catalina-ant.jar", "size_i": "23", "regex": "false"},
	{"name_s": "/usr/share/java/tomcat6/catalina-ha-6.0.24.jar", "size_i": "128146", "regex": "false"},
	{"name_s": "/usr/share/java/tomcat6/catalina-ha.jar", "size_i": "22", "regex": "false"},
	{"name_s": "/usr/share/java/tomcat6/catalina-tribes-6.0.24.jar", "size_i": "234573", "regex": "false"},
	{"name_s": "/usr/share/java/tomcat6/catalina-tribes.jar", "size_i": "26", "regex": "false"},
	{"name_s": "/usr/share/java/tomcat6/catalina.jar", "size_i": "19", "regex": "false"},
	{"name_s": "/usr/share/java/tomcat6/commons-collections.jar", "size_i": "39", "regex": "false"},
	{"name_s": "/usr/share/java/tomcat6/commons-dbcp.jar", "size_i": "32", "regex": "false"},
	{"name_s": "/usr/share/java/tomcat6/commons-pool.jar", "size_i": "32", "regex": "false"},
	{"name_s": "/usr/share/java/tomcat6/extras", "size_i": "4096", "regex": "false"},
	{"name_s": "/usr/share/java/tomcat6/extras/tomcat-juli-adapters.jar", "size_i": "22916", "regex": "false"},
	{"name_s": "/usr/share/java/tomcat6/extras/tomcat-juli.jar", "size_i": "62613", "regex": "false"},
	{"name_s": "/usr/share/java/tomcat6/jasper-6.0.24.jar", "size_i": "540791", "regex": "false"},
	{"name_s": "/usr/share/java/tomcat6/jasper-el-6.0.24.jar", "size_i": "107319", "regex": "false"},
	{"name_s": "/usr/share/java/tomcat6/jasper-el.jar", "size_i": "20", "regex": "false"},
	{"name_s": "/usr/share/java/tomcat6/jasper-jdt.jar", "size_i": "23", "regex": "false"},
	{"name_s": "/usr/share/java/tomcat6/jasper.jar", "size_i": "17", "regex": "false"},
	{"name_s": "/usr/share/java/tomcat6/log4j.jar", "size_i": "25", "regex": "false"},
	{"name_s": "/usr/share/java/tomcat6/mx4j-jmx.jar", "size_i": "33", "regex": "false"},
	{"name_s": "/usr/share/java/tomcat6/mx4j-remote.jar", "size_i": "36", "regex": "false"},
	{"name_s": "/usr/share/java/tomcat6/tomcat-coyote-6.0.24.jar", "size_i": "760841", "regex": "false"},
	{"name_s": "/usr/share/java/tomcat6/tomcat-coyote.jar", "size_i": "24", "regex": "false"},
	{"name_s": "/usr/share/java/tomcat6/tomcat-i18n-es-6.0.24.jar", "size_i": "69804", "regex": "false"},
	{"name_s": "/usr/share/java/tomcat6/tomcat-i18n-es.jar", "size_i": "25", "regex": "false"},
	{"name_s": "/usr/share/java/tomcat6/tomcat-i18n-fr-6.0.24.jar", "size_i": "51750", "regex": "false"},
	{"name_s": "/usr/share/java/tomcat6/tomcat-i18n-fr.jar", "size_i": "25", "regex": "false"},
	{"name_s": "/usr/share/java/tomcat6/tomcat-i18n-ja-6.0.24.jar", "size_i": "54419", "regex": "false"},
	{"name_s": "/usr/share/java/tomcat6/tomcat-i18n-ja.jar", "size_i": "25", "regex": "false"},
	{"name_s": "/usr/share/java/tomcat6/tomcat-juli.jar", "size_i": "38", "regex": "false"},
	{"name_s": "/usr/share/java/tomcat6/tomcat6-el-2.1-api-6.0.24.jar", "size_i": "32", "regex": "false"},
	{"name_s": "/usr/share/java/tomcat6/tomcat6-jsp-2.1-api-6.0.24.jar", "size_i": "33", "regex": "false"},
	{"name_s": "/usr/share/java/tomcat6/tomcat6-servlet-2.5-api-6.0.24.jar", "size_i": "37", "regex": "false"}
]
