[
	{"name_s": "/usr/bin/tpm_sealdata", "size_i": "39292", "regex": "false"},
	{"name_s": "/usr/bin/tpm_unsealdata", "size_i": "20744", "regex": "false"},
	{"name_s": "/usr/lib/libtpm_unseal.so.1", "size_i": "22", "regex": "false"},
	{"name_s": "/usr/lib/libtpm_unseal.so.1.0.0", "size_i": "32900", "regex": "false"},
	{"name_s": "/usr/sbin/tpm_changeownerauth", "size_i": "25476", "regex": "false"},
	{"name_s": "/usr/sbin/tpm_clear", "size_i": "23800", "regex": "false"},
	{"name_s": "/usr/sbin/tpm_createek", "size_i": "35132", "regex": "false"},
	{"name_s": "/usr/sbin/tpm_getpubek", "size_i": "23516", "regex": "false"},
	{"name_s": "/usr/sbin/tpm_resetdalock", "size_i": "23136", "regex": "false"},
	{"name_s": "/usr/sbin/tpm_restrictpubek", "size_i": "23968", "regex": "false"},
	{"name_s": "/usr/sbin/tpm_restrictsrk", "size_i": "24256", "regex": "false"},
	{"name_s": "/usr/sbin/tpm_revokeek", "size_i": "28252", "regex": "false"},
	{"name_s": "/usr/sbin/tpm_selftest", "size_i": "23420", "regex": "false"},
	{"name_s": "/usr/sbin/tpm_setactive", "size_i": "24924", "regex": "false"},
	{"name_s": "/usr/sbin/tpm_setclearable", "size_i": "24608", "regex": "false"},
	{"name_s": "/usr/sbin/tpm_setenable", "size_i": "24636", "regex": "false"},
	{"name_s": "/usr/sbin/tpm_setoperatorauth", "size_i": "23524", "regex": "false"},
	{"name_s": "/usr/sbin/tpm_setownable", "size_i": "24128", "regex": "false"},
	{"name_s": "/usr/sbin/tpm_setpresence", "size_i": "28704", "regex": "false"},
	{"name_s": "/usr/sbin/tpm_takeownership", "size_i": "23840", "regex": "false"},
	{"name_s": "/usr/sbin/tpm_version", "size_i": "23612", "regex": "false"},
	{"name_s": "/usr/share/doc/tpm-tools-1.3.4", "size_i": "4096", "regex": "false"},
	{"name_s": "/usr/share/doc/tpm-tools-1.3.4/LICENSE", "size_i": "11613", "regex": "false"},
	{"name_s": "/usr/share/doc/tpm-tools-1.3.4/README", "size_i": "1472", "regex": "false"},
	{"name_s": "/usr/share/man/man1/tpm_sealdata.1.gz", "size_i": "984", "regex": "false"},
	{"name_s": "/usr/share/man/man1/tpm_version.1.gz", "size_i": "579", "regex": "false"},
	{"name_s": "/usr/share/man/man8/tpm_changeownerauth.8.gz", "size_i": "1041", "regex": "false"},
	{"name_s": "/usr/share/man/man8/tpm_clear.8.gz", "size_i": "1045", "regex": "false"},
	{"name_s": "/usr/share/man/man8/tpm_createek.8.gz", "size_i": "980", "regex": "false"},
	{"name_s": "/usr/share/man/man8/tpm_getpubek.8.gz", "size_i": "831", "regex": "false"},
	{"name_s": "/usr/share/man/man8/tpm_resetdalock.8.gz", "size_i": "684", "regex": "false"},
	{"name_s": "/usr/share/man/man8/tpm_restrictpubek.8.gz", "size_i": "964", "regex": "false"},
	{"name_s": "/usr/share/man/man8/tpm_revokeek.8.gz", "size_i": "811", "regex": "false"},
	{"name_s": "/usr/share/man/man8/tpm_selftest.8.gz", "size_i": "773", "regex": "false"},
	{"name_s": "/usr/share/man/man8/tpm_setactive.8.gz", "size_i": "1163", "regex": "false"},
	{"name_s": "/usr/share/man/man8/tpm_setclearable.8.gz", "size_i": "1056", "regex": "false"},
	{"name_s": "/usr/share/man/man8/tpm_setenable.8.gz", "size_i": "1133", "regex": "false"},
	{"name_s": "/usr/share/man/man8/tpm_setoperatorauth.8.gz", "size_i": "820", "regex": "false"},
	{"name_s": "/usr/share/man/man8/tpm_setownable.8.gz", "size_i": "973", "regex": "false"},
	{"name_s": "/usr/share/man/man8/tpm_setpresence.8.gz", "size_i": "1313", "regex": "false"},
	{"name_s": "/usr/share/man/man8/tpm_takeownership.8.gz", "size_i": "861", "regex": "false"}
]
