[
	{"name_s": "/etc/bash_completion.d", "size_i": "4096", "regex": "false"},
	{"name_s": "/etc/bash_completion.d/tuned.bash", "size_i": "1068", "regex": "false"},
	{"name_s": "/etc/ktune.d", "size_i": "4096", "regex": "false"},
	{"name_s": "/etc/ktune.d/tunedadm.conf", "size_i": "39", "regex": "false"},
	{"name_s": "/etc/pam.d/tuned-adm", "size_i": "161", "regex": "false"},
	{"name_s": "/etc/rc.d/init.d/ktune", "size_i": "6324", "regex": "false"},
	{"name_s": "/etc/rc.d/init.d/tuned", "size_i": "2264", "regex": "false"},
	{"name_s": "/etc/security/console.apps/tuned-adm", "size_i": "14", "regex": "false"},
	{"name_s": "/etc/sysconfig/ktune", "size_i": "42", "regex": "false"},
	{"name_s": "/etc/tune-profiles", "size_i": "4096", "regex": "false"},
	{"name_s": "/etc/tune-profiles/active-profile", "size_i": "7", "regex": "false"},
	{"name_s": "/etc/tune-profiles/default", "size_i": "4096", "regex": "false"},
	{"name_s": "/etc/tune-profiles/default/ktune.sysconfig", "size_i": "1195", "regex": "false"},
	{"name_s": "/etc/tune-profiles/default/sysctl.ktune", "size_i": "15", "regex": "false"},
	{"name_s": "/etc/tune-profiles/default/tuned.conf", "size_i": "970", "regex": "false"},
	{"name_s": "/etc/tune-profiles/desktop-powersave", "size_i": "4096", "regex": "false"},
	{"name_s": "/etc/tune-profiles/desktop-powersave/ktune.sh", "size_i": "155", "regex": "false"},
	{"name_s": "/etc/tune-profiles/desktop-powersave/ktune.sysconfig", "size_i": "1241", "regex": "false"},
	{"name_s": "/etc/tune-profiles/desktop-powersave/sysctl.ktune", "size_i": "15", "regex": "false"},
	{"name_s": "/etc/tune-profiles/desktop-powersave/tuned.conf", "size_i": "972", "regex": "false"},
	{"name_s": "/etc/tune-profiles/enterprise-storage", "size_i": "4096", "regex": "false"},
	{"name_s": "/etc/tune-profiles/enterprise-storage/ktune.sh", "size_i": "314", "regex": "false"},
	{"name_s": "/etc/tune-profiles/enterprise-storage/ktune.sysconfig", "size_i": "1239", "regex": "false"},
	{"name_s": "/etc/tune-profiles/enterprise-storage/sysctl.ktune", "size_i": "1562", "regex": "false"},
	{"name_s": "/etc/tune-profiles/enterprise-storage/tuned.conf", "size_i": "191", "regex": "false"},
	{"name_s": "/etc/tune-profiles/functions", "size_i": "9779", "regex": "false"},
	{"name_s": "/etc/tune-profiles/laptop-ac-powersave", "size_i": "4096", "regex": "false"},
	{"name_s": "/etc/tune-profiles/laptop-ac-powersave/ktune.sh", "size_i": "204", "regex": "false"},
	{"name_s": "/etc/tune-profiles/laptop-ac-powersave/ktune.sysconfig", "size_i": "1241", "regex": "false"},
	{"name_s": "/etc/tune-profiles/laptop-ac-powersave/sysctl.ktune", "size_i": "24", "regex": "false"},
	{"name_s": "/etc/tune-profiles/laptop-ac-powersave/tuned.conf", "size_i": "972", "regex": "false"},
	{"name_s": "/etc/tune-profiles/laptop-battery-powersave", "size_i": "4096", "regex": "false"},
	{"name_s": "/etc/tune-profiles/laptop-battery-powersave/ktune.sh", "size_i": "503", "regex": "false"},
	{"name_s": "/etc/tune-profiles/laptop-battery-powersave/ktune.sysconfig", "size_i": "1241", "regex": "false"},
	{"name_s": "/etc/tune-profiles/laptop-battery-powersave/sysctl.ktune", "size_i": "97", "regex": "false"},
	{"name_s": "/etc/tune-profiles/laptop-battery-powersave/tuned.conf", "size_i": "972", "regex": "false"},
	{"name_s": "/etc/tune-profiles/latency-performance", "size_i": "4096", "regex": "false"},
	{"name_s": "/etc/tune-profiles/latency-performance/ktune.sh", "size_i": "314", "regex": "false"},
	{"name_s": "/etc/tune-profiles/latency-performance/ktune.sysconfig", "size_i": "1238", "regex": "false"},
	{"name_s": "/etc/tune-profiles/latency-performance/sysctl.ktune", "size_i": "15", "regex": "false"},
	{"name_s": "/etc/tune-profiles/latency-performance/tuned.conf", "size_i": "191", "regex": "false"},
	{"name_s": "/etc/tune-profiles/sap", "size_i": "4096", "regex": "false"},
	{"name_s": "/etc/tune-profiles/sap/ktune.sh", "size_i": "376", "regex": "false"},
	{"name_s": "/etc/tune-profiles/sap/ktune.sysconfig", "size_i": "2002", "regex": "false"},
	{"name_s": "/etc/tune-profiles/sap/sysctl.ktune", "size_i": "1258", "regex": "false"},
	{"name_s": "/etc/tune-profiles/sap/tuned.conf", "size_i": "237", "regex": "false"},
	{"name_s": "/etc/tune-profiles/server-powersave", "size_i": "4096", "regex": "false"},
	{"name_s": "/etc/tune-profiles/server-powersave/ktune.sh", "size_i": "196", "regex": "false"},
	{"name_s": "/etc/tune-profiles/server-powersave/ktune.sysconfig", "size_i": "1241", "regex": "false"},
	{"name_s": "/etc/tune-profiles/server-powersave/sysctl.ktune", "size_i": "24", "regex": "false"},
	{"name_s": "/etc/tune-profiles/server-powersave/tuned.conf", "size_i": "970", "regex": "false"},
	{"name_s": "/etc/tune-profiles/spindown-disk", "size_i": "4096", "regex": "false"},
	{"name_s": "/etc/tune-profiles/spindown-disk/README", "size_i": "511", "regex": "false"},
	{"name_s": "/etc/tune-profiles/spindown-disk/ktune.sh", "size_i": "631", "regex": "false"},
	{"name_s": "/etc/tune-profiles/spindown-disk/ktune.sysconfig", "size_i": "674", "regex": "false"},
	{"name_s": "/etc/tune-profiles/spindown-disk/sysctl.ktune", "size_i": "142", "regex": "false"},
	{"name_s": "/etc/tune-profiles/spindown-disk/tuned.conf", "size_i": "191", "regex": "false"},
	{"name_s": "/etc/tune-profiles/throughput-performance", "size_i": "4096", "regex": "false"},
	{"name_s": "/etc/tune-profiles/throughput-performance/ktune.sh", "size_i": "218", "regex": "false"},
	{"name_s": "/etc/tune-profiles/throughput-performance/ktune.sysconfig", "size_i": "1239", "regex": "false"},
	{"name_s": "/etc/tune-profiles/throughput-performance/sysctl.ktune", "size_i": "1530", "regex": "false"},
	{"name_s": "/etc/tune-profiles/throughput-performance/sysctl.s390x.ktune", "size_i": "1663", "regex": "false"},
	{"name_s": "/etc/tune-profiles/throughput-performance/tuned.conf", "size_i": "191", "regex": "false"},
	{"name_s": "/etc/tune-profiles/virtual-guest", "size_i": "4096", "regex": "false"},
	{"name_s": "/etc/tune-profiles/virtual-guest/ktune.sh", "size_i": "269", "regex": "false"},
	{"name_s": "/etc/tune-profiles/virtual-guest/ktune.sysconfig", "size_i": "1239", "regex": "false"},
	{"name_s": "/etc/tune-profiles/virtual-guest/sysctl.ktune", "size_i": "1762", "regex": "false"},
	{"name_s": "/etc/tune-profiles/virtual-guest/tuned.conf", "size_i": "191", "regex": "false"},
	{"name_s": "/etc/tune-profiles/virtual-host", "size_i": "4096", "regex": "false"},
	{"name_s": "/etc/tune-profiles/virtual-host/ktune.sh", "size_i": "314", "regex": "false"},
	{"name_s": "/etc/tune-profiles/virtual-host/ktune.sysconfig", "size_i": "1236", "regex": "false"},
	{"name_s": "/etc/tune-profiles/virtual-host/sysctl.ktune", "size_i": "1959", "regex": "false"},
	{"name_s": "/etc/tune-profiles/virtual-host/tuned.conf", "size_i": "191", "regex": "false"},
	{"name_s": "/etc/tuned.conf", "size_i": "37", "regex": "false"},
	{"name_s": "/lib/udev/rules.d/80-tuned-iosched.rules", "size_i": "516", "regex": "false"},
	{"name_s": "/lib/udev/rules.d/80-tuned-mpath-iosched.rules", "size_i": "401", "regex": "false"},
	{"name_s": "/lib/udev/rules.d/81-tuned-add-disk.rules", "size_i": "146", "regex": "false"},
	{"name_s": "/lib/udev/tuned-mpath-iosched", "size_i": "953", "regex": "false"},
	{"name_s": "/lib/udev/tuned-request-ktune-restart", "size_i": "193", "regex": "false"},
	{"name_s": "/usr/bin/tuned-adm", "size_i": "13", "regex": "false"},
	{"name_s": "/usr/libexec/tuned", "size_i": "4096", "regex": "false"},
	{"name_s": "/usr/libexec/tuned/pmqos-static.py", "size_i": "3719", "regex": "false"},
	{"name_s": "/usr/libexec/tuned/pmqos-static.pyc", "size_i": "4277", "regex": "false"},
	{"name_s": "/usr/libexec/tuned/pmqos-static.pyo", "size_i": "4277", "regex": "false"},
	{"name_s": "/usr/sbin/tuned", "size_i": "3557", "regex": "false"},
	{"name_s": "/usr/sbin/tuned-adm", "size_i": "1669", "regex": "false"},
	{"name_s": "/usr/share/doc/tuned-0.2.19", "size_i": "4096", "regex": "false"},
	{"name_s": "/usr/share/doc/tuned-0.2.19/AUTHORS", "size_i": "72", "regex": "false"},
	{"name_s": "/usr/share/doc/tuned-0.2.19/COPYING", "size_i": "17992", "regex": "false"},
	{"name_s": "/usr/share/doc/tuned-0.2.19/ChangeLog", "size_i": "41873", "regex": "false"},
	{"name_s": "/usr/share/doc/tuned-0.2.19/DESIGN.txt", "size_i": "4717", "regex": "false"},
	{"name_s": "/usr/share/doc/tuned-0.2.19/INSTALL", "size_i": "304", "regex": "false"},
	{"name_s": "/usr/share/doc/tuned-0.2.19/NEWS", "size_i": "18", "regex": "false"},
	{"name_s": "/usr/share/doc/tuned-0.2.19/README", "size_i": "3187", "regex": "false"},
	{"name_s": "/usr/share/doc/tuned-0.2.19/README.ktune", "size_i": "5515", "regex": "false"},
	{"name_s": "/usr/share/doc/tuned-0.2.19/TIPS.txt", "size_i": "2352", "regex": "false"},
	{"name_s": "/usr/share/doc/tuned-0.2.19/examples", "size_i": "4096", "regex": "false"},
	{"name_s": "/usr/share/doc/tuned-0.2.19/examples/sysctl.ktune", "size_i": "2270", "regex": "false"},
	{"name_s": "/usr/share/man/man1/tuned-adm.1.gz", "size_i": "2409", "regex": "false"},
	{"name_s": "/usr/share/man/man5/tuned.conf.5.gz", "size_i": "887", "regex": "false"},
	{"name_s": "/usr/share/man/man8/tuned.8.gz", "size_i": "852", "regex": "false"},
	{"name_s": "/usr/share/tuned", "size_i": "4096", "regex": "false"},
	{"name_s": "/usr/share/tuned/monitorplugins", "size_i": "4096", "regex": "false"},
	{"name_s": "/usr/share/tuned/monitorplugins/__init__.py", "size_i": "858", "regex": "false"},
	{"name_s": "/usr/share/tuned/monitorplugins/__init__.pyc", "size_i": "130", "regex": "false"},
	{"name_s": "/usr/share/tuned/monitorplugins/__init__.pyo", "size_i": "130", "regex": "false"},
	{"name_s": "/usr/share/tuned/monitorplugins/cpu.py", "size_i": "1574", "regex": "false"},
	{"name_s": "/usr/share/tuned/monitorplugins/cpu.pyc", "size_i": "1778", "regex": "false"},
	{"name_s": "/usr/share/tuned/monitorplugins/cpu.pyo", "size_i": "1778", "regex": "false"},
	{"name_s": "/usr/share/tuned/monitorplugins/disk.py", "size_i": "2942", "regex": "false"},
	{"name_s": "/usr/share/tuned/monitorplugins/disk.pyc", "size_i": "3399", "regex": "false"},
	{"name_s": "/usr/share/tuned/monitorplugins/disk.pyo", "size_i": "3399", "regex": "false"},
	{"name_s": "/usr/share/tuned/monitorplugins/net.py", "size_i": "4526", "regex": "false"},
	{"name_s": "/usr/share/tuned/monitorplugins/net.pyc", "size_i": "5203", "regex": "false"},
	{"name_s": "/usr/share/tuned/monitorplugins/net.pyo", "size_i": "5203", "regex": "false"},
	{"name_s": "/usr/share/tuned/tuned.py", "size_i": "3569", "regex": "false"},
	{"name_s": "/usr/share/tuned/tuned.pyc", "size_i": "3908", "regex": "false"},
	{"name_s": "/usr/share/tuned/tuned.pyo", "size_i": "3908", "regex": "false"},
	{"name_s": "/usr/share/tuned/tuned_adm.py", "size_i": "5787", "regex": "false"},
	{"name_s": "/usr/share/tuned/tuned_adm.pyc", "size_i": "6774", "regex": "false"},
	{"name_s": "/usr/share/tuned/tuned_adm.pyo", "size_i": "6774", "regex": "false"},
	{"name_s": "/usr/share/tuned/tuned_logging.py", "size_i": "2426", "regex": "false"},
	{"name_s": "/usr/share/tuned/tuned_logging.pyc", "size_i": "2573", "regex": "false"},
	{"name_s": "/usr/share/tuned/tuned_logging.pyo", "size_i": "2573", "regex": "false"},
	{"name_s": "/usr/share/tuned/tuned_nettool.py", "size_i": "6379", "regex": "false"},
	{"name_s": "/usr/share/tuned/tuned_nettool.pyc", "size_i": "6041", "regex": "false"},
	{"name_s": "/usr/share/tuned/tuned_nettool.pyo", "size_i": "6041", "regex": "false"},
	{"name_s": "/usr/share/tuned/tuningplugins", "size_i": "4096", "regex": "false"},
	{"name_s": "/usr/share/tuned/tuningplugins/__init__.py", "size_i": "859", "regex": "false"},
	{"name_s": "/usr/share/tuned/tuningplugins/__init__.pyc", "size_i": "129", "regex": "false"},
	{"name_s": "/usr/share/tuned/tuningplugins/__init__.pyo", "size_i": "129", "regex": "false"},
	{"name_s": "/usr/share/tuned/tuningplugins/cpu.py", "size_i": "1916", "regex": "false"},
	{"name_s": "/usr/share/tuned/tuningplugins/cpu.pyc", "size_i": "2006", "regex": "false"},
	{"name_s": "/usr/share/tuned/tuningplugins/cpu.pyo", "size_i": "2006", "regex": "false"},
	{"name_s": "/usr/share/tuned/tuningplugins/disk.py", "size_i": "3434", "regex": "false"},
	{"name_s": "/usr/share/tuned/tuningplugins/disk.pyc", "size_i": "3430", "regex": "false"},
	{"name_s": "/usr/share/tuned/tuningplugins/disk.pyo", "size_i": "3430", "regex": "false"},
	{"name_s": "/usr/share/tuned/tuningplugins/net.py", "size_i": "2449", "regex": "false"},
	{"name_s": "/usr/share/tuned/tuningplugins/net.pyc", "size_i": "2583", "regex": "false"},
	{"name_s": "/usr/share/tuned/tuningplugins/net.pyo", "size_i": "2583", "regex": "false"},
	{"name_s": "/var/log/tuned", "size_i": "4096", "regex": "false"},
	{"name_s": "/var/run/tuned", "size_i": "4096", "regex": "false"}
]
