[
	{"name_s": "/etc/dev.d", "size_i": "4096", "regex": "false"},
	{"name_s": "/etc/rc.d/init.d/udev-post", "size_i": "2294", "regex": "false"},
	{"name_s": "/etc/scsi_id.config", "size_i": "0", "regex": "false"},
	{"name_s": "/etc/sysconfig/udev", "size_i": "183", "regex": "false"},
	{"name_s": "/etc/udev", "size_i": "4096", "regex": "false"},
	{"name_s": "/etc/udev/devices", "size_i": "4096", "regex": "false"},
	{"name_s": "/etc/udev/makedev.d", "size_i": "4096", "regex": "false"},
	{"name_s": "/etc/udev/rules.d", "size_i": "4096", "regex": "false"},
	{"name_s": "/etc/udev/scripts", "size_i": "4096", "regex": "false"},
	{"name_s": "/etc/udev/udev.conf", "size_i": "218", "regex": "false"},
	{"name_s": "/lib/firmware", "size_i": "4096", "regex": "false"},
	{"name_s": "/lib/udev", "size_i": "4096", "regex": "false"},
	{"name_s": "/lib/udev/ata_id", "size_i": "22544", "regex": "false"},
	{"name_s": "/lib/udev/cdrom_id", "size_i": "38928", "regex": "false"},
	{"name_s": "/lib/udev/collect", "size_i": "14368", "regex": "false"},
	{"name_s": "/lib/udev/create_floppy_devices", "size_i": "51448", "regex": "false"},
	{"name_s": "/lib/udev/devices", "size_i": "4096", "regex": "false"},
	{"name_s": "/lib/udev/edd_id", "size_i": "22544", "regex": "false"},
	{"name_s": "/lib/udev/findkeyboards", "size_i": "1791", "regex": "false"},
	{"name_s": "/lib/udev/firmware.sh", "size_i": "727", "regex": "false"},
	{"name_s": "/lib/udev/fstab_import", "size_i": "22552", "regex": "false"},
	{"name_s": "/lib/udev/fw_unit_symlinks.sh", "size_i": "686", "regex": "false"},
	{"name_s": "/lib/udev/hid2hci", "size_i": "43040", "regex": "false"},
	{"name_s": "/lib/udev/keyboard-force-release.sh", "size_i": "502", "regex": "false"},
	{"name_s": "/lib/udev/keymap", "size_i": "75792", "regex": "false"},
	{"name_s": "/lib/udev/keymaps", "size_i": "4096", "regex": "false"},
	{"name_s": "/lib/udev/keymaps/acer", "size_i": "649", "regex": "false"},
	{"name_s": "/lib/udev/keymaps/acer-aspire_5720", "size_i": "159", "regex": "false"},
	{"name_s": "/lib/udev/keymaps/acer-aspire_5920g", "size_i": "67", "regex": "false"},
	{"name_s": "/lib/udev/keymaps/acer-aspire_6920", "size_i": "86", "regex": "false"},
	{"name_s": "/lib/udev/keymaps/acer-travelmate_c300", "size_i": "110", "regex": "false"},
	{"name_s": "/lib/udev/keymaps/asus", "size_i": "40", "regex": "false"},
	{"name_s": "/lib/udev/keymaps/compaq-e_evo", "size_i": "54", "regex": "false"},
	{"name_s": "/lib/udev/keymaps/dell", "size_i": "1144", "regex": "false"},
	{"name_s": "/lib/udev/keymaps/everex-xt5000", "size_i": "139", "regex": "false"},
	{"name_s": "/lib/udev/keymaps/force-release", "size_i": "4096", "regex": "false"},
	{"name_s": "/lib/udev/keymaps/force-release/common-volume-keys", "size_i": "45", "regex": "false"},
	{"name_s": "/lib/udev/keymaps/force-release/dell-touchpad", "size_i": "5", "regex": "false"},
	{"name_s": "/lib/udev/keymaps/force-release/hp-other", "size_i": "94", "regex": "false"},
	{"name_s": "/lib/udev/keymaps/force-release/samsung-other", "size_i": "317", "regex": "false"},
	{"name_s": "/lib/udev/keymaps/fujitsu-amilo_pa_2548", "size_i": "41", "regex": "false"},
	{"name_s": "/lib/udev/keymaps/fujitsu-amilo_pro_edition_v3505", "size_i": "101", "regex": "false"},
	{"name_s": "/lib/udev/keymaps/fujitsu-amilo_pro_v3205", "size_i": "82", "regex": "false"},
	{"name_s": "/lib/udev/keymaps/fujitsu-amilo_si_1520", "size_i": "84", "regex": "false"},
	{"name_s": "/lib/udev/keymaps/fujitsu-esprimo_mobile_v5", "size_i": "70", "regex": "false"},
	{"name_s": "/lib/udev/keymaps/fujitsu-esprimo_mobile_v6", "size_i": "38", "regex": "false"},
	{"name_s": "/lib/udev/keymaps/hewlett-packard", "size_i": "262", "regex": "false"},
	{"name_s": "/lib/udev/keymaps/hewlett-packard-2510p_2530p", "size_i": "47", "regex": "false"},
	{"name_s": "/lib/udev/keymaps/hewlett-packard-compaq_elitebook", "size_i": "59", "regex": "false"},
	{"name_s": "/lib/udev/keymaps/hewlett-packard-pavilion", "size_i": "78", "regex": "false"},
	{"name_s": "/lib/udev/keymaps/hewlett-packard-presario-2100", "size_i": "38", "regex": "false"},
	{"name_s": "/lib/udev/keymaps/hewlett-packard-tablet", "size_i": "82", "regex": "false"},
	{"name_s": "/lib/udev/keymaps/hewlett-packard-tx2", "size_i": "104", "regex": "false"},
	{"name_s": "/lib/udev/keymaps/ibm-thinkpad-usb-keyboard-trackpoint", "size_i": "129", "regex": "false"},
	{"name_s": "/lib/udev/keymaps/inventec-symphony_6.0_7.0", "size_i": "22", "regex": "false"},
	{"name_s": "/lib/udev/keymaps/lenovo-3000", "size_i": "146", "regex": "false"},
	{"name_s": "/lib/udev/keymaps/lenovo-ideapad", "size_i": "344", "regex": "false"},
	{"name_s": "/lib/udev/keymaps/lenovo-thinkpad-usb-keyboard-trackpoint", "size_i": "379", "regex": "false"},
	{"name_s": "/lib/udev/keymaps/lenovo-thinkpad_x200_tablet", "size_i": "138", "regex": "false"},
	{"name_s": "/lib/udev/keymaps/lenovo-thinkpad_x6_tablet", "size_i": "195", "regex": "false"},
	{"name_s": "/lib/udev/keymaps/lg-x110", "size_i": "324", "regex": "false"},
	{"name_s": "/lib/udev/keymaps/logitech-wave", "size_i": "495", "regex": "false"},
	{"name_s": "/lib/udev/keymaps/logitech-wave-cordless", "size_i": "316", "regex": "false"},
	{"name_s": "/lib/udev/keymaps/logitech-wave-pro-cordless", "size_i": "198", "regex": "false"},
	{"name_s": "/lib/udev/keymaps/maxdata-pro_7000", "size_i": "139", "regex": "false"},
	{"name_s": "/lib/udev/keymaps/medion-fid2060", "size_i": "60", "regex": "false"},
	{"name_s": "/lib/udev/keymaps/medionnb-a555", "size_i": "103", "regex": "false"},
	{"name_s": "/lib/udev/keymaps/micro-star", "size_i": "331", "regex": "false"},
	{"name_s": "/lib/udev/keymaps/module-asus-w3j", "size_i": "174", "regex": "false"},
	{"name_s": "/lib/udev/keymaps/module-ibm", "size_i": "418", "regex": "false"},
	{"name_s": "/lib/udev/keymaps/module-lenovo", "size_i": "408", "regex": "false"},
	{"name_s": "/lib/udev/keymaps/module-sony", "size_i": "188", "regex": "false"},
	{"name_s": "/lib/udev/keymaps/module-sony-old", "size_i": "23", "regex": "false"},
	{"name_s": "/lib/udev/keymaps/module-sony-vgn", "size_i": "152", "regex": "false"},
	{"name_s": "/lib/udev/keymaps/olpc-xo", "size_i": "927", "regex": "false"},
	{"name_s": "/lib/udev/keymaps/onkyo", "size_i": "316", "regex": "false"},
	{"name_s": "/lib/udev/keymaps/oqo-model2", "size_i": "71", "regex": "false"},
	{"name_s": "/lib/udev/keymaps/samsung-other", "size_i": "476", "regex": "false"},
	{"name_s": "/lib/udev/keymaps/samsung-sq1us", "size_i": "61", "regex": "false"},
	{"name_s": "/lib/udev/keymaps/samsung-sx20s", "size_i": "67", "regex": "false"},
	{"name_s": "/lib/udev/keymaps/toshiba-satellite_a100", "size_i": "21", "regex": "false"},
	{"name_s": "/lib/udev/keymaps/toshiba-satellite_a110", "size_i": "158", "regex": "false"},
	{"name_s": "/lib/udev/keymaps/toshiba-satellite_m30x", "size_i": "119", "regex": "false"},
	{"name_s": "/lib/udev/keymaps/zepto-znote", "size_i": "495", "regex": "false"},
	{"name_s": "/lib/udev/modem-modeswitch", "size_i": "22936", "regex": "false"},
	{"name_s": "/lib/udev/mpath-iosched.sh", "size_i": "754", "regex": "false"},
	{"name_s": "/lib/udev/path_id", "size_i": "43040", "regex": "false"},
	{"name_s": "/lib/udev/pci-db", "size_i": "38944", "regex": "false"},
	{"name_s": "/lib/udev/rule_generator.functions", "size_i": "2390", "regex": "false"},
	{"name_s": "/lib/udev/rules.d", "size_i": "4096", "regex": "false"},
	{"name_s": "/lib/udev/rules.d/01-log-block.rules", "size_i": "207", "regex": "false"},
	{"name_s": "/lib/udev/rules.d/40-isdn.rules", "size_i": "180", "regex": "false"},
	{"name_s": "/lib/udev/rules.d/40-redhat.rules", "size_i": "1567", "regex": "false"},
	{"name_s": "/lib/udev/rules.d/42-qemu-usb.rules", "size_i": "405", "regex": "false"},
	{"name_s": "/lib/udev/rules.d/50-firmware.rules", "size_i": "172", "regex": "false"},
	{"name_s": "/lib/udev/rules.d/50-udev-default.rules", "size_i": "4409", "regex": "false"},
	{"name_s": "/lib/udev/rules.d/60-alias-kmsg.rules", "size_i": "357", "regex": "false"},
	{"name_s": "/lib/udev/rules.d/60-cdrom_id.rules", "size_i": "316", "regex": "false"},
	{"name_s": "/lib/udev/rules.d/60-persistent-alsa.rules", "size_i": "676", "regex": "false"},
	{"name_s": "/lib/udev/rules.d/60-persistent-input.rules", "size_i": "2235", "regex": "false"},
	{"name_s": "/lib/udev/rules.d/60-persistent-serial.rules", "size_i": "893", "regex": "false"},
	{"name_s": "/lib/udev/rules.d/60-persistent-storage-tape.rules", "size_i": "1451", "regex": "false"},
	{"name_s": "/lib/udev/rules.d/60-persistent-storage.rules", "size_i": "6390", "regex": "false"},
	{"name_s": "/lib/udev/rules.d/60-persistent-v4l.rules", "size_i": "789", "regex": "false"},
	{"name_s": "/lib/udev/rules.d/61-mobile-action.rules", "size_i": "722", "regex": "false"},
	{"name_s": "/lib/udev/rules.d/61-option-modem-modeswitch.rules", "size_i": "4172", "regex": "false"},
	{"name_s": "/lib/udev/rules.d/61-persistent-storage-edd.rules", "size_i": "532", "regex": "false"},
	{"name_s": "/lib/udev/rules.d/64-device-mapper.rules", "size_i": "107", "regex": "false"},
	{"name_s": "/lib/udev/rules.d/64-md-raid.rules", "size_i": "1907", "regex": "false"},
	{"name_s": "/lib/udev/rules.d/70-acl.rules", "size_i": "1781", "regex": "false"},
	{"name_s": "/lib/udev/rules.d/70-hid2hci.rules", "size_i": "1369", "regex": "false"},
	{"name_s": "/lib/udev/rules.d/75-cd-aliases-generator.rules", "size_i": "462", "regex": "false"},
	{"name_s": "/lib/udev/rules.d/75-net-description.rules", "size_i": "680", "regex": "false"},
	{"name_s": "/lib/udev/rules.d/75-persistent-net-generator.rules", "size_i": "4136", "regex": "false"},
	{"name_s": "/lib/udev/rules.d/75-tty-description.rules", "size_i": "658", "regex": "false"},
	{"name_s": "/lib/udev/rules.d/78-sound-card.rules", "size_i": "4905", "regex": "false"},
	{"name_s": "/lib/udev/rules.d/79-fstab_import.rules", "size_i": "137", "regex": "false"},
	{"name_s": "/lib/udev/rules.d/80-drivers.rules", "size_i": "647", "regex": "false"},
	{"name_s": "/lib/udev/rules.d/80-iosched.rules", "size_i": "516", "regex": "false"},
	{"name_s": "/lib/udev/rules.d/80-mpath-iosched.rules", "size_i": "398", "regex": "false"},
	{"name_s": "/lib/udev/rules.d/95-keyboard-force-release.rules", "size_i": "2919", "regex": "false"},
	{"name_s": "/lib/udev/rules.d/95-keymap.rules", "size_i": "9999", "regex": "false"},
	{"name_s": "/lib/udev/rules.d/95-udev-late.rules", "size_i": "155", "regex": "false"},
	{"name_s": "/lib/udev/scsi_id", "size_i": "35376", "regex": "false"},
	{"name_s": "/lib/udev/udev-acl", "size_i": "43040", "regex": "false"},
	{"name_s": "/lib/udev/usb-db", "size_i": "38944", "regex": "false"},
	{"name_s": "/lib/udev/usb_id", "size_i": "47152", "regex": "false"},
	{"name_s": "/lib/udev/v4l_id", "size_i": "10256", "regex": "false"},
	{"name_s": "/lib/udev/write_cd_rules", "size_i": "2702", "regex": "false"},
	{"name_s": "/lib/udev/write_net_rules", "size_i": "4246", "regex": "false"},
	{"name_s": "/sbin/scsi_id", "size_i": "19", "regex": "false"},
	{"name_s": "/sbin/start_udev", "size_i": "8547", "regex": "false"},
	{"name_s": "/sbin/udevadm", "size_i": "137256", "regex": "false"},
	{"name_s": "/sbin/udevd", "size_i": "129120", "regex": "false"},
	{"name_s": "/usr/lib/ConsoleKit/run-seat.d/udev-acl.ck", "size_i": "18", "regex": "false"},
	{"name_s": "/usr/share/doc/udev-147", "size_i": "4096", "regex": "false"},
	{"name_s": "/usr/share/doc/udev-147/COPYING", "size_i": "17987", "regex": "false"},
	{"name_s": "/usr/share/doc/udev-147/ChangeLog", "size_i": "176237", "regex": "false"},
	{"name_s": "/usr/share/doc/udev-147/NEWS", "size_i": "47183", "regex": "false"},
	{"name_s": "/usr/share/doc/udev-147/README", "size_i": "3459", "regex": "false"},
	{"name_s": "/usr/share/doc/udev-147/README.keymap.txt", "size_i": "4286", "regex": "false"},
	{"name_s": "/usr/share/doc/udev-147/TODO", "size_i": "245", "regex": "false"},
	{"name_s": "/usr/share/doc/udev-147/writing_udev_rules", "size_i": "4096", "regex": "false"},
	{"name_s": "/usr/share/doc/udev-147/writing_udev_rules/index.html", "size_i": "45249", "regex": "false"},
	{"name_s": "/usr/share/man/man7/udev.7.gz", "size_i": "5095", "regex": "false"},
	{"name_s": "/usr/share/man/man8/scsi_id.8.gz", "size_i": "1757", "regex": "false"},
	{"name_s": "/usr/share/man/man8/udevadm.8.gz", "size_i": "2477", "regex": "false"},
	{"name_s": "/usr/share/man/man8/udevd.8.gz", "size_i": "1071", "regex": "false"},
	{"name_s": "/var/lib/udev", "size_i": "4096", "regex": "false"},
	{"name_s": "/var/lib/udev/makedev.d", "size_i": "4096", "regex": "false"}
]
