[
	{"name_s": "/usr/share/gtk-doc/html/udisks", "size_i": "4096", "regex": "false"},
	{"name_s": "/usr/share/gtk-doc/html/udisks/Adapter.html", "size_i": "8836", "regex": "false"},
	{"name_s": "/usr/share/gtk-doc/html/udisks/Device.html", "size_i": "200717", "regex": "false"},
	{"name_s": "/usr/share/gtk-doc/html/udisks/Expander.html", "size_i": "8259", "regex": "false"},
	{"name_s": "/usr/share/gtk-doc/html/udisks/Port.html", "size_i": "8859", "regex": "false"},
	{"name_s": "/usr/share/gtk-doc/html/udisks/UDisks.html", "size_i": "66237", "regex": "false"},
	{"name_s": "/usr/share/gtk-doc/html/udisks/home.png", "size_i": "654", "regex": "false"},
	{"name_s": "/usr/share/gtk-doc/html/udisks/index.html", "size_i": "4765", "regex": "false"},
	{"name_s": "/usr/share/gtk-doc/html/udisks/index.sgml", "size_i": "20696", "regex": "false"},
	{"name_s": "/usr/share/gtk-doc/html/udisks/ix01.html", "size_i": "35513", "regex": "false"},
	{"name_s": "/usr/share/gtk-doc/html/udisks/left.png", "size_i": "459", "regex": "false"},
	{"name_s": "/usr/share/gtk-doc/html/udisks/license.html", "size_i": "20119", "regex": "false"},
	{"name_s": "/usr/share/gtk-doc/html/udisks/ref-dbus.html", "size_i": "2822", "regex": "false"},
	{"name_s": "/usr/share/gtk-doc/html/udisks/right.png", "size_i": "472", "regex": "false"},
	{"name_s": "/usr/share/gtk-doc/html/udisks/style.css", "size_i": "2433", "regex": "false"},
	{"name_s": "/usr/share/gtk-doc/html/udisks/tools-fileformats.html", "size_i": "2591", "regex": "false"},
	{"name_s": "/usr/share/gtk-doc/html/udisks/udisks-daemon.8.html", "size_i": "4610", "regex": "false"},
	{"name_s": "/usr/share/gtk-doc/html/udisks/udisks-tcp-bridge.1.html", "size_i": "4174", "regex": "false"},
	{"name_s": "/usr/share/gtk-doc/html/udisks/udisks.1.html", "size_i": "13658", "regex": "false"},
	{"name_s": "/usr/share/gtk-doc/html/udisks/udisks.7.html", "size_i": "12329", "regex": "false"},
	{"name_s": "/usr/share/gtk-doc/html/udisks/udisks.devhelp", "size_i": "24307", "regex": "false"},
	{"name_s": "/usr/share/gtk-doc/html/udisks/udisks.devhelp2", "size_i": "25914", "regex": "false"},
	{"name_s": "/usr/share/gtk-doc/html/udisks/up.png", "size_i": "406", "regex": "false"}
]
