[
	{"name_s": "/etc/gconf/schemas/virt-manager.schemas", "size_i": "13478", "regex": "false"},
	{"name_s": "/usr/bin/virt-manager", "size_i": "79", "regex": "false"},
	{"name_s": "/usr/libexec/virt-manager-launch", "size_i": "74", "regex": "false"},
	{"name_s": "/usr/share/applications/virt-manager.desktop", "size_i": "4042", "regex": "false"},
	{"name_s": "/usr/share/dbus-1/services/virt-manager.service", "size_i": "83", "regex": "false"},
	{"name_s": "/usr/share/doc/virt-manager-0.9.0", "size_i": "4096", "regex": "false"},
	{"name_s": "/usr/share/doc/virt-manager-0.9.0/AUTHORS", "size_i": "3320", "regex": "false"},
	{"name_s": "/usr/share/doc/virt-manager-0.9.0/COPYING", "size_i": "17987", "regex": "false"},
	{"name_s": "/usr/share/doc/virt-manager-0.9.0/COPYING-DOCS", "size_i": "18109", "regex": "false"},
	{"name_s": "/usr/share/doc/virt-manager-0.9.0/ChangeLog", "size_i": "193", "regex": "false"},
	{"name_s": "/usr/share/doc/virt-manager-0.9.0/NEWS", "size_i": "13126", "regex": "false"},
	{"name_s": "/usr/share/doc/virt-manager-0.9.0/README", "size_i": "2899", "regex": "false"},
	{"name_s": "/usr/share/icons/hicolor/16x16/apps/virt-manager.png", "size_i": "932", "regex": "false"},
	{"name_s": "/usr/share/icons/hicolor/22x22/apps/virt-manager.png", "size_i": "1363", "regex": "false"},
	{"name_s": "/usr/share/icons/hicolor/24x24/apps/virt-manager.png", "size_i": "1416", "regex": "false"},
	{"name_s": "/usr/share/icons/hicolor/256x256/apps/virt-manager.png", "size_i": "13705", "regex": "false"},
	{"name_s": "/usr/share/icons/hicolor/32x32/apps/virt-manager.png", "size_i": "1826", "regex": "false"},
	{"name_s": "/usr/share/icons/hicolor/48x48/apps/virt-manager.png", "size_i": "2793", "regex": "false"},
	{"name_s": "/usr/share/locale/as/LC_MESSAGES/virt-manager.mo", "size_i": "84763", "regex": "false"},
	{"name_s": "/usr/share/locale/bg/LC_MESSAGES/virt-manager.mo", "size_i": "14373", "regex": "false"},
	{"name_s": "/usr/share/locale/bn_IN/LC_MESSAGES/virt-manager.mo", "size_i": "113546", "regex": "false"},
	{"name_s": "/usr/share/locale/bs/LC_MESSAGES/virt-manager.mo", "size_i": "3529", "regex": "false"},
	{"name_s": "/usr/share/locale/ca/LC_MESSAGES/virt-manager.mo", "size_i": "16847", "regex": "false"},
	{"name_s": "/usr/share/locale/cs/LC_MESSAGES/virt-manager.mo", "size_i": "46743", "regex": "false"},
	{"name_s": "/usr/share/locale/da/LC_MESSAGES/virt-manager.mo", "size_i": "4311", "regex": "false"},
	{"name_s": "/usr/share/locale/de/LC_MESSAGES/virt-manager.mo", "size_i": "69386", "regex": "false"},
	{"name_s": "/usr/share/locale/es/LC_MESSAGES/virt-manager.mo", "size_i": "76806", "regex": "false"},
	{"name_s": "/usr/share/locale/fi/LC_MESSAGES/virt-manager.mo", "size_i": "15758", "regex": "false"},
	{"name_s": "/usr/share/locale/fr/LC_MESSAGES/virt-manager.mo", "size_i": "87092", "regex": "false"},
	{"name_s": "/usr/share/locale/gu/LC_MESSAGES/virt-manager.mo", "size_i": "110379", "regex": "false"},
	{"name_s": "/usr/share/locale/hi/LC_MESSAGES/virt-manager.mo", "size_i": "81580", "regex": "false"},
	{"name_s": "/usr/share/locale/hr/LC_MESSAGES/virt-manager.mo", "size_i": "11814", "regex": "false"},
	{"name_s": "/usr/share/locale/hu/LC_MESSAGES/virt-manager.mo", "size_i": "36851", "regex": "false"},
	{"name_s": "/usr/share/locale/is/LC_MESSAGES/virt-manager.mo", "size_i": "1234", "regex": "false"},
	{"name_s": "/usr/share/locale/it/LC_MESSAGES/virt-manager.mo", "size_i": "59700", "regex": "false"},
	{"name_s": "/usr/share/locale/ja/LC_MESSAGES/virt-manager.mo", "size_i": "85183", "regex": "false"},
	{"name_s": "/usr/share/locale/kn/LC_MESSAGES/virt-manager.mo", "size_i": "111519", "regex": "false"},
	{"name_s": "/usr/share/locale/ko/LC_MESSAGES/virt-manager.mo", "size_i": "71465", "regex": "false"},
	{"name_s": "/usr/share/locale/ml/LC_MESSAGES/virt-manager.mo", "size_i": "122253", "regex": "false"},
	{"name_s": "/usr/share/locale/mr/LC_MESSAGES/virt-manager.mo", "size_i": "101998", "regex": "false"},
	{"name_s": "/usr/share/locale/ms/LC_MESSAGES/virt-manager.mo", "size_i": "1419", "regex": "false"},
	{"name_s": "/usr/share/locale/nb/LC_MESSAGES/virt-manager.mo", "size_i": "3854", "regex": "false"},
	{"name_s": "/usr/share/locale/nl/LC_MESSAGES/virt-manager.mo", "size_i": "81978", "regex": "false"},
	{"name_s": "/usr/share/locale/or/LC_MESSAGES/virt-manager.mo", "size_i": "110341", "regex": "false"},
	{"name_s": "/usr/share/locale/pa/LC_MESSAGES/virt-manager.mo", "size_i": "101871", "regex": "false"},
	{"name_s": "/usr/share/locale/pl/LC_MESSAGES/virt-manager.mo", "size_i": "83758", "regex": "false"},
	{"name_s": "/usr/share/locale/pt/LC_MESSAGES/virt-manager.mo", "size_i": "12349", "regex": "false"},
	{"name_s": "/usr/share/locale/pt_BR/LC_MESSAGES/virt-manager.mo", "size_i": "23392", "regex": "false"},
	{"name_s": "/usr/share/locale/ro/LC_MESSAGES/virt-manager.mo", "size_i": "3791", "regex": "false"},
	{"name_s": "/usr/share/locale/ru/LC_MESSAGES/virt-manager.mo", "size_i": "91521", "regex": "false"},
	{"name_s": "/usr/share/locale/sr/LC_MESSAGES/virt-manager.mo", "size_i": "14137", "regex": "false"},
	{"name_s": "/usr/share/locale/sr@latin/LC_MESSAGES/virt-manager.mo", "size_i": "11722", "regex": "false"},
	{"name_s": "/usr/share/locale/sv/LC_MESSAGES/virt-manager.mo", "size_i": "17026", "regex": "false"},
	{"name_s": "/usr/share/locale/ta/LC_MESSAGES/virt-manager.mo", "size_i": "89458", "regex": "false"},
	{"name_s": "/usr/share/locale/te/LC_MESSAGES/virt-manager.mo", "size_i": "110449", "regex": "false"},
	{"name_s": "/usr/share/locale/tr/LC_MESSAGES/virt-manager.mo", "size_i": "1187", "regex": "false"},
	{"name_s": "/usr/share/locale/uk/LC_MESSAGES/virt-manager.mo", "size_i": "25213", "regex": "false"},
	{"name_s": "/usr/share/locale/zh_CN/LC_MESSAGES/virt-manager.mo", "size_i": "54117", "regex": "false"},
	{"name_s": "/usr/share/locale/zh_TW/LC_MESSAGES/virt-manager.mo", "size_i": "21276", "regex": "false"},
	{"name_s": "/usr/share/man/man1/virt-manager.1.gz", "size_i": "2868", "regex": "false"},
	{"name_s": "/usr/share/virt-manager", "size_i": "4096", "regex": "false"},
	{"name_s": "/usr/share/virt-manager/icons", "size_i": "4096", "regex": "false"},
	{"name_s": "/usr/share/virt-manager/icons/hicolor", "size_i": "4096", "regex": "false"},
	{"name_s": "/usr/share/virt-manager/icons/hicolor/16x16", "size_i": "4096", "regex": "false"},
	{"name_s": "/usr/share/virt-manager/icons/hicolor/16x16/actions", "size_i": "4096", "regex": "false"},
	{"name_s": "/usr/share/virt-manager/icons/hicolor/16x16/actions/icon_console.png", "size_i": "570", "regex": "false"},
	{"name_s": "/usr/share/virt-manager/icons/hicolor/16x16/actions/vm_new.png", "size_i": "702", "regex": "false"},
	{"name_s": "/usr/share/virt-manager/icons/hicolor/22x22", "size_i": "4096", "regex": "false"},
	{"name_s": "/usr/share/virt-manager/icons/hicolor/22x22/actions", "size_i": "4096", "regex": "false"},
	{"name_s": "/usr/share/virt-manager/icons/hicolor/22x22/actions/icon_console.png", "size_i": "716", "regex": "false"},
	{"name_s": "/usr/share/virt-manager/icons/hicolor/22x22/actions/icon_details.png", "size_i": "915", "regex": "false"},
	{"name_s": "/usr/share/virt-manager/icons/hicolor/22x22/actions/vm_new.png", "size_i": "1042", "regex": "false"},
	{"name_s": "/usr/share/virt-manager/icons/hicolor/22x22/devices", "size_i": "4096", "regex": "false"},
	{"name_s": "/usr/share/virt-manager/icons/hicolor/22x22/devices/device_cpu.png", "size_i": "1147", "regex": "false"},
	{"name_s": "/usr/share/virt-manager/icons/hicolor/22x22/devices/device_mem.png", "size_i": "783", "regex": "false"},
	{"name_s": "/usr/share/virt-manager/icons/hicolor/22x22/devices/device_pci.png", "size_i": "945", "regex": "false"},
	{"name_s": "/usr/share/virt-manager/icons/hicolor/22x22/devices/device_serial.png", "size_i": "1043", "regex": "false"},
	{"name_s": "/usr/share/virt-manager/icons/hicolor/22x22/devices/device_usb.png", "size_i": "1168", "regex": "false"},
	{"name_s": "/usr/share/virt-manager/icons/hicolor/24x24", "size_i": "4096", "regex": "false"},
	{"name_s": "/usr/share/virt-manager/icons/hicolor/24x24/actions", "size_i": "4096", "regex": "false"},
	{"name_s": "/usr/share/virt-manager/icons/hicolor/24x24/actions/icon_console.png", "size_i": "742", "regex": "false"},
	{"name_s": "/usr/share/virt-manager/icons/hicolor/24x24/actions/vm_new.png", "size_i": "1212", "regex": "false"},
	{"name_s": "/usr/share/virt-manager/icons/hicolor/32x32", "size_i": "4096", "regex": "false"},
	{"name_s": "/usr/share/virt-manager/icons/hicolor/32x32/actions", "size_i": "4096", "regex": "false"},
	{"name_s": "/usr/share/virt-manager/icons/hicolor/32x32/actions/icon_console.png", "size_i": "1084", "regex": "false"},
	{"name_s": "/usr/share/virt-manager/icons/hicolor/32x32/actions/vm_new.png", "size_i": "1602", "regex": "false"},
	{"name_s": "/usr/share/virt-manager/icons/hicolor/32x32/status", "size_i": "4096", "regex": "false"},
	{"name_s": "/usr/share/virt-manager/icons/hicolor/32x32/status/state_paused.png", "size_i": "921", "regex": "false"},
	{"name_s": "/usr/share/virt-manager/icons/hicolor/32x32/status/state_running.png", "size_i": "1112", "regex": "false"},
	{"name_s": "/usr/share/virt-manager/icons/hicolor/32x32/status/state_shutoff.png", "size_i": "828", "regex": "false"},
	{"name_s": "/usr/share/virt-manager/icons/hicolor/48x48", "size_i": "4096", "regex": "false"},
	{"name_s": "/usr/share/virt-manager/icons/hicolor/48x48/actions", "size_i": "4096", "regex": "false"},
	{"name_s": "/usr/share/virt-manager/icons/hicolor/48x48/actions/vm_clone_wizard.png", "size_i": "1545", "regex": "false"},
	{"name_s": "/usr/share/virt-manager/icons/hicolor/48x48/actions/vm_delete_wizard.png", "size_i": "2116", "regex": "false"},
	{"name_s": "/usr/share/virt-manager/icons/hicolor/48x48/actions/vm_import_wizard.png", "size_i": "1953", "regex": "false"},
	{"name_s": "/usr/share/virt-manager/icons/hicolor/48x48/actions/vm_new_wizard.png", "size_i": "2149", "regex": "false"},
	{"name_s": "/usr/share/virt-manager/virt-manager.py", "size_i": "13042", "regex": "false"},
	{"name_s": "/usr/share/virt-manager/virt-manager.pyc", "size_i": "10775", "regex": "false"},
	{"name_s": "/usr/share/virt-manager/virt-manager.pyo", "size_i": "10775", "regex": "false"},
	{"name_s": "/usr/share/virt-manager/virtManager", "size_i": "4096", "regex": "false"},
	{"name_s": "/usr/share/virt-manager/virtManager/IPy.py", "size_i": "44275", "regex": "false"},
	{"name_s": "/usr/share/virt-manager/virtManager/IPy.pyc", "size_i": "38174", "regex": "false"},
	{"name_s": "/usr/share/virt-manager/virtManager/IPy.pyo", "size_i": "38083", "regex": "false"},
	{"name_s": "/usr/share/virt-manager/virtManager/__init__.py", "size_i": "809", "regex": "false"},
	{"name_s": "/usr/share/virt-manager/virtManager/__init__.pyc", "size_i": "134", "regex": "false"},
	{"name_s": "/usr/share/virt-manager/virtManager/__init__.pyo", "size_i": "134", "regex": "false"},
	{"name_s": "/usr/share/virt-manager/virtManager/about.py", "size_i": "1812", "regex": "false"},
	{"name_s": "/usr/share/virt-manager/virtManager/about.pyc", "size_i": "2058", "regex": "false"},
	{"name_s": "/usr/share/virt-manager/virtManager/about.pyo", "size_i": "2058", "regex": "false"},
	{"name_s": "/usr/share/virt-manager/virtManager/addhardware.py", "size_i": "52259", "regex": "false"},
	{"name_s": "/usr/share/virt-manager/virtManager/addhardware.pyc", "size_i": "46460", "regex": "false"},
	{"name_s": "/usr/share/virt-manager/virtManager/addhardware.pyo", "size_i": "46460", "regex": "false"},
	{"name_s": "/usr/share/virt-manager/virtManager/asyncjob.py", "size_i": "9005", "regex": "false"},
	{"name_s": "/usr/share/virt-manager/virtManager/asyncjob.pyc", "size_i": "9400", "regex": "false"},
	{"name_s": "/usr/share/virt-manager/virtManager/asyncjob.pyo", "size_i": "9400", "regex": "false"},
	{"name_s": "/usr/share/virt-manager/virtManager/autodrawer.py", "size_i": "18248", "regex": "false"},
	{"name_s": "/usr/share/virt-manager/virtManager/autodrawer.pyc", "size_i": "17999", "regex": "false"},
	{"name_s": "/usr/share/virt-manager/virtManager/autodrawer.pyo", "size_i": "17999", "regex": "false"},
	{"name_s": "/usr/share/virt-manager/virtManager/baseclass.py", "size_i": "8890", "regex": "false"},
	{"name_s": "/usr/share/virt-manager/virtManager/baseclass.pyc", "size_i": "10616", "regex": "false"},
	{"name_s": "/usr/share/virt-manager/virtManager/baseclass.pyo", "size_i": "10616", "regex": "false"},
	{"name_s": "/usr/share/virt-manager/virtManager/choosecd.py", "size_i": "5717", "regex": "false"},
	{"name_s": "/usr/share/virt-manager/virtManager/choosecd.pyc", "size_i": "5838", "regex": "false"},
	{"name_s": "/usr/share/virt-manager/virtManager/choosecd.pyo", "size_i": "5838", "regex": "false"},
	{"name_s": "/usr/share/virt-manager/virtManager/cli.py", "size_i": "4244", "regex": "false"},
	{"name_s": "/usr/share/virt-manager/virtManager/cli.pyc", "size_i": "3598", "regex": "false"},
	{"name_s": "/usr/share/virt-manager/virtManager/cli.pyo", "size_i": "3598", "regex": "false"},
	{"name_s": "/usr/share/virt-manager/virtManager/clone.py", "size_i": "30383", "regex": "false"},
	{"name_s": "/usr/share/virt-manager/virtManager/clone.pyc", "size_i": "24484", "regex": "false"},
	{"name_s": "/usr/share/virt-manager/virtManager/clone.pyo", "size_i": "24484", "regex": "false"},
	{"name_s": "/usr/share/virt-manager/virtManager/config.py", "size_i": "32006", "regex": "false"},
	{"name_s": "/usr/share/virt-manager/virtManager/config.pyc", "size_i": "37746", "regex": "false"},
	{"name_s": "/usr/share/virt-manager/virtManager/config.pyo", "size_i": "37746", "regex": "false"},
	{"name_s": "/usr/share/virt-manager/virtManager/connect.py", "size_i": "13381", "regex": "false"},
	{"name_s": "/usr/share/virt-manager/virtManager/connect.pyc", "size_i": "12471", "regex": "false"},
	{"name_s": "/usr/share/virt-manager/virtManager/connect.pyo", "size_i": "12471", "regex": "false"},
	{"name_s": "/usr/share/virt-manager/virtManager/connection.py", "size_i": "56461", "regex": "false"},
	{"name_s": "/usr/share/virt-manager/virtManager/connection.pyc", "size_i": "55262", "regex": "false"},
	{"name_s": "/usr/share/virt-manager/virtManager/connection.pyo", "size_i": "55262", "regex": "false"},
	{"name_s": "/usr/share/virt-manager/virtManager/console.py", "size_i": "40898", "regex": "false"},
	{"name_s": "/usr/share/virt-manager/virtManager/console.pyc", "size_i": "39634", "regex": "false"},
	{"name_s": "/usr/share/virt-manager/virtManager/console.pyo", "size_i": "39634", "regex": "false"},
	{"name_s": "/usr/share/virt-manager/virtManager/create.py", "size_i": "76623", "regex": "false"},
	{"name_s": "/usr/share/virt-manager/virtManager/create.pyc", "size_i": "63620", "regex": "false"},
	{"name_s": "/usr/share/virt-manager/virtManager/create.pyo", "size_i": "63620", "regex": "false"},
	{"name_s": "/usr/share/virt-manager/virtManager/createinterface.py", "size_i": "41043", "regex": "false"},
	{"name_s": "/usr/share/virt-manager/virtManager/createinterface.pyc", "size_i": "33265", "regex": "false"},
	{"name_s": "/usr/share/virt-manager/virtManager/createinterface.pyo", "size_i": "33265", "regex": "false"},
	{"name_s": "/usr/share/virt-manager/virtManager/createmeter.py", "size_i": "2510", "regex": "false"},
	{"name_s": "/usr/share/virt-manager/virtManager/createmeter.pyc", "size_i": "2086", "regex": "false"},
	{"name_s": "/usr/share/virt-manager/virtManager/createmeter.pyo", "size_i": "2086", "regex": "false"},
	{"name_s": "/usr/share/virt-manager/virtManager/createnet.py", "size_i": "16769", "regex": "false"},
	{"name_s": "/usr/share/virt-manager/virtManager/createnet.pyc", "size_i": "16814", "regex": "false"},
	{"name_s": "/usr/share/virt-manager/virtManager/createnet.pyo", "size_i": "16814", "regex": "false"},
	{"name_s": "/usr/share/virt-manager/virtManager/createpool.py", "size_i": "22921", "regex": "false"},
	{"name_s": "/usr/share/virt-manager/virtManager/createpool.pyc", "size_i": "21080", "regex": "false"},
	{"name_s": "/usr/share/virt-manager/virtManager/createpool.pyo", "size_i": "21080", "regex": "false"},
	{"name_s": "/usr/share/virt-manager/virtManager/createvol.py", "size_i": "9711", "regex": "false"},
	{"name_s": "/usr/share/virt-manager/virtManager/createvol.pyc", "size_i": "10163", "regex": "false"},
	{"name_s": "/usr/share/virt-manager/virtManager/createvol.pyo", "size_i": "10163", "regex": "false"},
	{"name_s": "/usr/share/virt-manager/virtManager/delete.py", "size_i": "12932", "regex": "false"},
	{"name_s": "/usr/share/virt-manager/virtManager/delete.pyc", "size_i": "11613", "regex": "false"},
	{"name_s": "/usr/share/virt-manager/virtManager/delete.pyo", "size_i": "11613", "regex": "false"},
	{"name_s": "/usr/share/virt-manager/virtManager/details.py", "size_i": "122880", "regex": "false"},
	{"name_s": "/usr/share/virt-manager/virtManager/details.pyc", "size_i": "104283", "regex": "false"},
	{"name_s": "/usr/share/virt-manager/virtManager/details.pyo", "size_i": "104283", "regex": "false"},
	{"name_s": "/usr/share/virt-manager/virtManager/domain.py", "size_i": "57562", "regex": "false"},
	{"name_s": "/usr/share/virt-manager/virtManager/domain.pyc", "size_i": "67426", "regex": "false"},
	{"name_s": "/usr/share/virt-manager/virtManager/domain.pyo", "size_i": "67426", "regex": "false"},
	{"name_s": "/usr/share/virt-manager/virtManager/engine.py", "size_i": "37903", "regex": "false"},
	{"name_s": "/usr/share/virt-manager/virtManager/engine.pyc", "size_i": "37006", "regex": "false"},
	{"name_s": "/usr/share/virt-manager/virtManager/engine.pyo", "size_i": "37006", "regex": "false"},
	{"name_s": "/usr/share/virt-manager/virtManager/error.py", "size_i": "8140", "regex": "false"},
	{"name_s": "/usr/share/virt-manager/virtManager/error.pyc", "size_i": "7919", "regex": "false"},
	{"name_s": "/usr/share/virt-manager/virtManager/error.pyo", "size_i": "7919", "regex": "false"},
	{"name_s": "/usr/share/virt-manager/virtManager/graphwidgets.py", "size_i": "14416", "regex": "false"},
	{"name_s": "/usr/share/virt-manager/virtManager/graphwidgets.pyc", "size_i": "9873", "regex": "false"},
	{"name_s": "/usr/share/virt-manager/virtManager/graphwidgets.pyo", "size_i": "9873", "regex": "false"},
	{"name_s": "/usr/share/virt-manager/virtManager/guidiff.py", "size_i": "1515", "regex": "false"},
	{"name_s": "/usr/share/virt-manager/virtManager/guidiff.pyc", "size_i": "1618", "regex": "false"},
	{"name_s": "/usr/share/virt-manager/virtManager/guidiff.pyo", "size_i": "1618", "regex": "false"},
	{"name_s": "/usr/share/virt-manager/virtManager/halhelper.py", "size_i": "11536", "regex": "false"},
	{"name_s": "/usr/share/virt-manager/virtManager/halhelper.pyc", "size_i": "10623", "regex": "false"},
	{"name_s": "/usr/share/virt-manager/virtManager/halhelper.pyo", "size_i": "10623", "regex": "false"},
	{"name_s": "/usr/share/virt-manager/virtManager/host.py", "size_i": "46293", "regex": "false"},
	{"name_s": "/usr/share/virt-manager/virtManager/host.pyc", "size_i": "43734", "regex": "false"},
	{"name_s": "/usr/share/virt-manager/virtManager/host.pyo", "size_i": "43734", "regex": "false"},
	{"name_s": "/usr/share/virt-manager/virtManager/inspection.py", "size_i": "8711", "regex": "false"},
	{"name_s": "/usr/share/virt-manager/virtManager/inspection.pyc", "size_i": "6933", "regex": "false"},
	{"name_s": "/usr/share/virt-manager/virtManager/inspection.pyo", "size_i": "6933", "regex": "false"},
	{"name_s": "/usr/share/virt-manager/virtManager/inspectiondata.py", "size_i": "2826", "regex": "false"},
	{"name_s": "/usr/share/virt-manager/virtManager/inspectiondata.pyc", "size_i": "4324", "regex": "false"},
	{"name_s": "/usr/share/virt-manager/virtManager/inspectiondata.pyo", "size_i": "4324", "regex": "false"},
	{"name_s": "/usr/share/virt-manager/virtManager/interface.py", "size_i": "6683", "regex": "false"},
	{"name_s": "/usr/share/virt-manager/virtManager/interface.pyc", "size_i": "8281", "regex": "false"},
	{"name_s": "/usr/share/virt-manager/virtManager/interface.pyo", "size_i": "8281", "regex": "false"},
	{"name_s": "/usr/share/virt-manager/virtManager/keyring.py", "size_i": "2850", "regex": "false"},
	{"name_s": "/usr/share/virt-manager/virtManager/keyring.pyc", "size_i": "2327", "regex": "false"},
	{"name_s": "/usr/share/virt-manager/virtManager/keyring.pyo", "size_i": "2327", "regex": "false"},
	{"name_s": "/usr/share/virt-manager/virtManager/libvirtglib.py", "size_i": "6579", "regex": "false"},
	{"name_s": "/usr/share/virt-manager/virtManager/libvirtglib.pyc", "size_i": "6593", "regex": "false"},
	{"name_s": "/usr/share/virt-manager/virtManager/libvirtglib.pyo", "size_i": "6593", "regex": "false"},
	{"name_s": "/usr/share/virt-manager/virtManager/libvirtobject.py", "size_i": "4837", "regex": "false"},
	{"name_s": "/usr/share/virt-manager/virtManager/libvirtobject.pyc", "size_i": "4828", "regex": "false"},
	{"name_s": "/usr/share/virt-manager/virtManager/libvirtobject.pyo", "size_i": "4828", "regex": "false"},
	{"name_s": "/usr/share/virt-manager/virtManager/manager.py", "size_i": "44320", "regex": "false"},
	{"name_s": "/usr/share/virt-manager/virtManager/manager.pyc", "size_i": "41383", "regex": "false"},
	{"name_s": "/usr/share/virt-manager/virtManager/manager.pyo", "size_i": "41383", "regex": "false"},
	{"name_s": "/usr/share/virt-manager/virtManager/mediadev.py", "size_i": "5272", "regex": "false"},
	{"name_s": "/usr/share/virt-manager/virtManager/mediadev.pyc", "size_i": "5552", "regex": "false"},
	{"name_s": "/usr/share/virt-manager/virtManager/mediadev.pyo", "size_i": "5552", "regex": "false"},
	{"name_s": "/usr/share/virt-manager/virtManager/migrate.py", "size_i": "19834", "regex": "false"},
	{"name_s": "/usr/share/virt-manager/virtManager/migrate.pyc", "size_i": "18437", "regex": "false"},
	{"name_s": "/usr/share/virt-manager/virtManager/migrate.pyo", "size_i": "18437", "regex": "false"},
	{"name_s": "/usr/share/virt-manager/virtManager/netdev.py", "size_i": "1461", "regex": "false"},
	{"name_s": "/usr/share/virt-manager/virtManager/netdev.pyc", "size_i": "1680", "regex": "false"},
	{"name_s": "/usr/share/virt-manager/virtManager/netdev.pyo", "size_i": "1680", "regex": "false"},
	{"name_s": "/usr/share/virt-manager/virtManager/network.py", "size_i": "4169", "regex": "false"},
	{"name_s": "/usr/share/virt-manager/virtManager/network.pyc", "size_i": "5448", "regex": "false"},
	{"name_s": "/usr/share/virt-manager/virtManager/network.pyo", "size_i": "5448", "regex": "false"},
	{"name_s": "/usr/share/virt-manager/virtManager/nodedev.py", "size_i": "1563", "regex": "false"},
	{"name_s": "/usr/share/virt-manager/virtManager/nodedev.pyc", "size_i": "1542", "regex": "false"},
	{"name_s": "/usr/share/virt-manager/virtManager/nodedev.pyo", "size_i": "1542", "regex": "false"},
	{"name_s": "/usr/share/virt-manager/virtManager/preferences.py", "size_i": "16041", "regex": "false"},
	{"name_s": "/usr/share/virt-manager/virtManager/preferences.pyc", "size_i": "17701", "regex": "false"},
	{"name_s": "/usr/share/virt-manager/virtManager/preferences.pyo", "size_i": "17701", "regex": "false"},
	{"name_s": "/usr/share/virt-manager/virtManager/remote.py", "size_i": "2157", "regex": "false"},
	{"name_s": "/usr/share/virt-manager/virtManager/remote.pyc", "size_i": "2325", "regex": "false"},
	{"name_s": "/usr/share/virt-manager/virtManager/remote.pyo", "size_i": "2325", "regex": "false"},
	{"name_s": "/usr/share/virt-manager/virtManager/secret.py", "size_i": "1629", "regex": "false"},
	{"name_s": "/usr/share/virt-manager/virtManager/secret.pyc", "size_i": "2017", "regex": "false"},
	{"name_s": "/usr/share/virt-manager/virtManager/secret.pyo", "size_i": "2017", "regex": "false"},
	{"name_s": "/usr/share/virt-manager/virtManager/serialcon.py", "size_i": "13172", "regex": "false"},
	{"name_s": "/usr/share/virt-manager/virtManager/serialcon.pyc", "size_i": "13523", "regex": "false"},
	{"name_s": "/usr/share/virt-manager/virtManager/serialcon.pyo", "size_i": "13523", "regex": "false"},
	{"name_s": "/usr/share/virt-manager/virtManager/storagebrowse.py", "size_i": "12100", "regex": "false"},
	{"name_s": "/usr/share/virt-manager/virtManager/storagebrowse.pyc", "size_i": "11722", "regex": "false"},
	{"name_s": "/usr/share/virt-manager/virtManager/storagebrowse.pyo", "size_i": "11722", "regex": "false"},
	{"name_s": "/usr/share/virt-manager/virtManager/storagepool.py", "size_i": "4214", "regex": "false"},
	{"name_s": "/usr/share/virt-manager/virtManager/storagepool.pyc", "size_i": "6122", "regex": "false"},
	{"name_s": "/usr/share/virt-manager/virtManager/storagepool.pyo", "size_i": "6122", "regex": "false"},
	{"name_s": "/usr/share/virt-manager/virtManager/storagevol.py", "size_i": "2232", "regex": "false"},
	{"name_s": "/usr/share/virt-manager/virtManager/storagevol.pyc", "size_i": "3216", "regex": "false"},
	{"name_s": "/usr/share/virt-manager/virtManager/storagevol.pyo", "size_i": "3216", "regex": "false"},
	{"name_s": "/usr/share/virt-manager/virtManager/systray.py", "size_i": "15218", "regex": "false"},
	{"name_s": "/usr/share/virt-manager/virtManager/systray.pyc", "size_i": "12654", "regex": "false"},
	{"name_s": "/usr/share/virt-manager/virtManager/systray.pyo", "size_i": "12654", "regex": "false"},
	{"name_s": "/usr/share/virt-manager/virtManager/uihelpers.py", "size_i": "29909", "regex": "false"},
	{"name_s": "/usr/share/virt-manager/virtManager/uihelpers.pyc", "size_i": "26874", "regex": "false"},
	{"name_s": "/usr/share/virt-manager/virtManager/uihelpers.pyo", "size_i": "26874", "regex": "false"},
	{"name_s": "/usr/share/virt-manager/virtManager/util.py", "size_i": "12467", "regex": "false"},
	{"name_s": "/usr/share/virt-manager/virtManager/util.pyc", "size_i": "12504", "regex": "false"},
	{"name_s": "/usr/share/virt-manager/virtManager/util.pyo", "size_i": "12504", "regex": "false"},
	{"name_s": "/usr/share/virt-manager/vmm-about.glade", "size_i": "2656", "regex": "false"},
	{"name_s": "/usr/share/virt-manager/vmm-add-hardware.glade", "size_i": "166318", "regex": "false"},
	{"name_s": "/usr/share/virt-manager/vmm-choose-cd.glade", "size_i": "13230", "regex": "false"},
	{"name_s": "/usr/share/virt-manager/vmm-clone.glade", "size_i": "47832", "regex": "false"},
	{"name_s": "/usr/share/virt-manager/vmm-create-interface.glade", "size_i": "108948", "regex": "false"},
	{"name_s": "/usr/share/virt-manager/vmm-create-net.glade", "size_i": "94861", "regex": "false"},
	{"name_s": "/usr/share/virt-manager/vmm-create-pool.glade", "size_i": "40559", "regex": "false"},
	{"name_s": "/usr/share/virt-manager/vmm-create-vol.glade", "size_i": "26855", "regex": "false"},
	{"name_s": "/usr/share/virt-manager/vmm-create.glade", "size_i": "155478", "regex": "false"},
	{"name_s": "/usr/share/virt-manager/vmm-delete.glade", "size_i": "7362", "regex": "false"},
	{"name_s": "/usr/share/virt-manager/vmm-details.glade", "size_i": "433094", "regex": "false"},
	{"name_s": "/usr/share/virt-manager/vmm-host.glade", "size_i": "130293", "regex": "false"},
	{"name_s": "/usr/share/virt-manager/vmm-manager.glade", "size_i": "20970", "regex": "false"},
	{"name_s": "/usr/share/virt-manager/vmm-migrate.glade", "size_i": "38776", "regex": "false"},
	{"name_s": "/usr/share/virt-manager/vmm-open-connection.glade", "size_i": "14017", "regex": "false"},
	{"name_s": "/usr/share/virt-manager/vmm-preferences.glade", "size_i": "52454", "regex": "false"},
	{"name_s": "/usr/share/virt-manager/vmm-progress.glade", "size_i": "6777", "regex": "false"},
	{"name_s": "/usr/share/virt-manager/vmm-storage-browse.glade", "size_i": "8433", "regex": "false"}
]
