[
	{"name_s": "/usr/share/javadoc/ws-commons-util", "size_i": "21", "regex": "false"},
	{"name_s": "/usr/share/javadoc/ws-commons-util-1.0.1", "size_i": "4096", "regex": "false"},
	{"name_s": "/usr/share/javadoc/ws-commons-util-1.0.1/allclasses-frame.html", "size_i": "2469", "regex": "false"},
	{"name_s": "/usr/share/javadoc/ws-commons-util-1.0.1/allclasses-noframe.html", "size_i": "7378", "regex": "false"},
	{"name_s": "/usr/share/javadoc/ws-commons-util-1.0.1/index.html", "size_i": "953", "regex": "false"},
	{"name_s": "/usr/share/javadoc/ws-commons-util-1.0.1/org", "size_i": "4096", "regex": "false"},
	{"name_s": "/usr/share/javadoc/ws-commons-util-1.0.1/org/apache", "size_i": "4096", "regex": "false"},
	{"name_s": "/usr/share/javadoc/ws-commons-util-1.0.1/org/apache/ws", "size_i": "4096", "regex": "false"},
	{"name_s": "/usr/share/javadoc/ws-commons-util-1.0.1/org/apache/ws/commons", "size_i": "4096", "regex": "false"},
	{"name_s": "/usr/share/javadoc/ws-commons-util-1.0.1/org/apache/ws/commons/serialize", "size_i": "4096", "regex": "false"},
	{"name_s": "/usr/share/javadoc/ws-commons-util-1.0.1/org/apache/ws/commons/serialize/CharSetXMLWriter.html", "size_i": "6786", "regex": "false"},
	{"name_s": "/usr/share/javadoc/ws-commons-util-1.0.1/org/apache/ws/commons/serialize/DOMBuilder.html", "size_i": "16535", "regex": "false"},
	{"name_s": "/usr/share/javadoc/ws-commons-util-1.0.1/org/apache/ws/commons/serialize/DOMSerializer.html", "size_i": "15414", "regex": "false"},
	{"name_s": "/usr/share/javadoc/ws-commons-util-1.0.1/org/apache/ws/commons/serialize/OrderedAttributeXMLWriter.html", "size_i": "6999", "regex": "false"},
	{"name_s": "/usr/share/javadoc/ws-commons-util-1.0.1/org/apache/ws/commons/serialize/PassThroughXMLWriter.html", "size_i": "6434", "regex": "false"},
	{"name_s": "/usr/share/javadoc/ws-commons-util-1.0.1/org/apache/ws/commons/serialize/XMLWriter.html", "size_i": "17293", "regex": "false"},
	{"name_s": "/usr/share/javadoc/ws-commons-util-1.0.1/org/apache/ws/commons/serialize/XMLWriterImpl.html", "size_i": "23215", "regex": "false"},
	{"name_s": "/usr/share/javadoc/ws-commons-util-1.0.1/org/apache/ws/commons/serialize/package-frame.html", "size_i": "1368", "regex": "false"},
	{"name_s": "/usr/share/javadoc/ws-commons-util-1.0.1/org/apache/ws/commons/serialize/package-summary.html", "size_i": "5955", "regex": "false"},
	{"name_s": "/usr/share/javadoc/ws-commons-util-1.0.1/org/apache/ws/commons/util", "size_i": "4096", "regex": "false"},
	{"name_s": "/usr/share/javadoc/ws-commons-util-1.0.1/org/apache/ws/commons/util/Base64.Decoder.html", "size_i": "10103", "regex": "false"},
	{"name_s": "/usr/share/javadoc/ws-commons-util-1.0.1/org/apache/ws/commons/util/Base64.DecodingException.html", "size_i": "5692", "regex": "false"},
	{"name_s": "/usr/share/javadoc/ws-commons-util-1.0.1/org/apache/ws/commons/util/Base64.Encoder.html", "size_i": "10495", "regex": "false"},
	{"name_s": "/usr/share/javadoc/ws-commons-util-1.0.1/org/apache/ws/commons/util/Base64.EncoderOutputStream.html", "size_i": "8677", "regex": "false"},
	{"name_s": "/usr/share/javadoc/ws-commons-util-1.0.1/org/apache/ws/commons/util/Base64.SAXEncoder.html", "size_i": "8624", "regex": "false"},
	{"name_s": "/usr/share/javadoc/ws-commons-util-1.0.1/org/apache/ws/commons/util/Base64.SAXIOException.html", "size_i": "6836", "regex": "false"},
	{"name_s": "/usr/share/javadoc/ws-commons-util-1.0.1/org/apache/ws/commons/util/Base64.html", "size_i": "19794", "regex": "false"},
	{"name_s": "/usr/share/javadoc/ws-commons-util-1.0.1/org/apache/ws/commons/util/NamespaceContextImpl.html", "size_i": "16076", "regex": "false"},
	{"name_s": "/usr/share/javadoc/ws-commons-util-1.0.1/org/apache/ws/commons/util/XsDateFormat.html", "size_i": "6445", "regex": "false"},
	{"name_s": "/usr/share/javadoc/ws-commons-util-1.0.1/org/apache/ws/commons/util/XsDateTimeFormat.html", "size_i": "7986", "regex": "false"},
	{"name_s": "/usr/share/javadoc/ws-commons-util-1.0.1/org/apache/ws/commons/util/XsTimeFormat.html", "size_i": "6445", "regex": "false"},
	{"name_s": "/usr/share/javadoc/ws-commons-util-1.0.1/org/apache/ws/commons/util/package-frame.html", "size_i": "1625", "regex": "false"},
	{"name_s": "/usr/share/javadoc/ws-commons-util-1.0.1/org/apache/ws/commons/util/package-summary.html", "size_i": "6341", "regex": "false"},
	{"name_s": "/usr/share/javadoc/ws-commons-util-1.0.1/overview-frame.html", "size_i": "957", "regex": "false"},
	{"name_s": "/usr/share/javadoc/ws-commons-util-1.0.1/overview-summary.html", "size_i": "3530", "regex": "false"},
	{"name_s": "/usr/share/javadoc/ws-commons-util-1.0.1/package-list", "size_i": "59", "regex": "false"},
	{"name_s": "/usr/share/javadoc/ws-commons-util-1.0.1/stylesheet.css", "size_i": "4697", "regex": "false"}
]
