[
	{"name_s": "/usr/share/doc/xen-doc-4.2.5", "size_i": "4096", "regex": "false"},
	{"name_s": "/usr/share/doc/xen-doc-4.2.5/html", "size_i": "4096", "regex": "false"},
	{"name_s": "/usr/share/doc/xen-doc-4.2.5/html/hypercall", "size_i": "4096", "regex": "false"},
	{"name_s": "/usr/share/doc/xen-doc-4.2.5/html/hypercall/.deps", "size_i": "3162", "regex": "false"},
	{"name_s": "/usr/share/doc/xen-doc-4.2.5/html/hypercall/include,public,arch-x86,cpuid.h.html", "size_i": "2752", "regex": "false"},
	{"name_s": "/usr/share/doc/xen-doc-4.2.5/html/hypercall/include,public,arch-x86,hvm,save.h.html", "size_i": "16820", "regex": "false"},
	{"name_s": "/usr/share/doc/xen-doc-4.2.5/html/hypercall/include,public,arch-x86,xen-mca.h.html", "size_i": "18602", "regex": "false"},
	{"name_s": "/usr/share/doc/xen-doc-4.2.5/html/hypercall/include,public,arch-x86,xen-x86_64.h.html", "size_i": "7498", "regex": "false"},
	{"name_s": "/usr/share/doc/xen-doc-4.2.5/html/hypercall/include,public,arch-x86,xen.h.html", "size_i": "11090", "regex": "false"},
	{"name_s": "/usr/share/doc/xen-doc-4.2.5/html/hypercall/include,public,arch-x86_64.h.html", "size_i": "2255", "regex": "false"},
	{"name_s": "/usr/share/doc/xen-doc-4.2.5/html/hypercall/include,public,callback.h.html", "size_i": "4680", "regex": "false"},
	{"name_s": "/usr/share/doc/xen-doc-4.2.5/html/hypercall/include,public,dom0_ops.h.html", "size_i": "5124", "regex": "false"},
	{"name_s": "/usr/share/doc/xen-doc-4.2.5/html/hypercall/include,public,domctl.h.html", "size_i": "52303", "regex": "false"},
	{"name_s": "/usr/share/doc/xen-doc-4.2.5/html/hypercall/include,public,elfnote.h.html", "size_i": "8232", "regex": "false"},
	{"name_s": "/usr/share/doc/xen-doc-4.2.5/html/hypercall/include,public,event_channel.h.html", "size_i": "17552", "regex": "false"},
	{"name_s": "/usr/share/doc/xen-doc-4.2.5/html/hypercall/include,public,features.h.html", "size_i": "3455", "regex": "false"},
	{"name_s": "/usr/share/doc/xen-doc-4.2.5/html/hypercall/include,public,grant_table.h.html", "size_i": "34300", "regex": "false"},
	{"name_s": "/usr/share/doc/xen-doc-4.2.5/html/hypercall/include,public,hvm,e820.h.html", "size_i": "1674", "regex": "false"},
	{"name_s": "/usr/share/doc/xen-doc-4.2.5/html/hypercall/include,public,hvm,hvm_info_table.h.html", "size_i": "2815", "regex": "false"},
	{"name_s": "/usr/share/doc/xen-doc-4.2.5/html/hypercall/include,public,hvm,hvm_op.h.html", "size_i": "14734", "regex": "false"},
	{"name_s": "/usr/share/doc/xen-doc-4.2.5/html/hypercall/include,public,hvm,ioreq.h.html", "size_i": "5891", "regex": "false"},
	{"name_s": "/usr/share/doc/xen-doc-4.2.5/html/hypercall/include,public,hvm,params.h.html", "size_i": "5747", "regex": "false"},
	{"name_s": "/usr/share/doc/xen-doc-4.2.5/html/hypercall/include,public,hvm,save.h.html", "size_i": "4805", "regex": "false"},
	{"name_s": "/usr/share/doc/xen-doc-4.2.5/html/hypercall/include,public,io,blkif.h.html", "size_i": "20278", "regex": "false"},
	{"name_s": "/usr/share/doc/xen-doc-4.2.5/html/hypercall/include,public,io,console.h.html", "size_i": "2089", "regex": "false"},
	{"name_s": "/usr/share/doc/xen-doc-4.2.5/html/hypercall/include,public,io,fbif.h.html", "size_i": "5716", "regex": "false"},
	{"name_s": "/usr/share/doc/xen-doc-4.2.5/html/hypercall/include,public,io,fsif.h.html", "size_i": "8372", "regex": "false"},
	{"name_s": "/usr/share/doc/xen-doc-4.2.5/html/hypercall/include,public,io,kbdif.h.html", "size_i": "4132", "regex": "false"},
	{"name_s": "/usr/share/doc/xen-doc-4.2.5/html/hypercall/include,public,io,libxenvchan.h.html", "size_i": "3750", "regex": "false"},
	{"name_s": "/usr/share/doc/xen-doc-4.2.5/html/hypercall/include,public,io,netif.h.html", "size_i": "8615", "regex": "false"},
	{"name_s": "/usr/share/doc/xen-doc-4.2.5/html/hypercall/include,public,io,pciif.h.html", "size_i": "4317", "regex": "false"},
	{"name_s": "/usr/share/doc/xen-doc-4.2.5/html/hypercall/include,public,io,protocols.h.html", "size_i": "1925", "regex": "false"},
	{"name_s": "/usr/share/doc/xen-doc-4.2.5/html/hypercall/include,public,io,ring.h.html", "size_i": "16308", "regex": "false"},
	{"name_s": "/usr/share/doc/xen-doc-4.2.5/html/hypercall/include,public,io,tpmif.h.html", "size_i": "3146", "regex": "false"},
	{"name_s": "/usr/share/doc/xen-doc-4.2.5/html/hypercall/include,public,io,usbif.h.html", "size_i": "5610", "regex": "false"},
	{"name_s": "/usr/share/doc/xen-doc-4.2.5/html/hypercall/include,public,io,vscsiif.h.html", "size_i": "4207", "regex": "false"},
	{"name_s": "/usr/share/doc/xen-doc-4.2.5/html/hypercall/include,public,io,xenbus.h.html", "size_i": "2705", "regex": "false"},
	{"name_s": "/usr/share/doc/xen-doc-4.2.5/html/hypercall/include,public,io,xs_wire.h.html", "size_i": "3993", "regex": "false"},
	{"name_s": "/usr/share/doc/xen-doc-4.2.5/html/hypercall/include,public,kexec.h.html", "size_i": "6575", "regex": "false"},
	{"name_s": "/usr/share/doc/xen-doc-4.2.5/html/hypercall/include,public,mem_event.h.html", "size_i": "2956", "regex": "false"},
	{"name_s": "/usr/share/doc/xen-doc-4.2.5/html/hypercall/include,public,memory.h.html", "size_i": "18624", "regex": "false"},
	{"name_s": "/usr/share/doc/xen-doc-4.2.5/html/hypercall/include,public,nmi.h.html", "size_i": "3391", "regex": "false"},
	{"name_s": "/usr/share/doc/xen-doc-4.2.5/html/hypercall/include,public,physdev.h.html", "size_i": "15775", "regex": "false"},
	{"name_s": "/usr/share/doc/xen-doc-4.2.5/html/hypercall/include,public,platform.h.html", "size_i": "26535", "regex": "false"},
	{"name_s": "/usr/share/doc/xen-doc-4.2.5/html/hypercall/include,public,sched.h.html", "size_i": "6489", "regex": "false"},
	{"name_s": "/usr/share/doc/xen-doc-4.2.5/html/hypercall/include,public,sysctl.h.html", "size_i": "34180", "regex": "false"},
	{"name_s": "/usr/share/doc/xen-doc-4.2.5/html/hypercall/include,public,tmem.h.html", "size_i": "5224", "regex": "false"},
	{"name_s": "/usr/share/doc/xen-doc-4.2.5/html/hypercall/include,public,trace.h.html", "size_i": "11632", "regex": "false"},
	{"name_s": "/usr/share/doc/xen-doc-4.2.5/html/hypercall/include,public,vcpu.h.html", "size_i": "11845", "regex": "false"},
	{"name_s": "/usr/share/doc/xen-doc-4.2.5/html/hypercall/include,public,version.h.html", "size_i": "3769", "regex": "false"},
	{"name_s": "/usr/share/doc/xen-doc-4.2.5/html/hypercall/include,public,xen-compat.h.html", "size_i": "2081", "regex": "false"},
	{"name_s": "/usr/share/doc/xen-doc-4.2.5/html/hypercall/include,public,xen.h.html", "size_i": "40398", "regex": "false"},
	{"name_s": "/usr/share/doc/xen-doc-4.2.5/html/hypercall/include,public,xencomm.h.html", "size_i": "1800", "regex": "false"},
	{"name_s": "/usr/share/doc/xen-doc-4.2.5/html/hypercall/include,public,xenoprof.h.html", "size_i": "6033", "regex": "false"},
	{"name_s": "/usr/share/doc/xen-doc-4.2.5/html/hypercall/include,public,xsm,flask_op.h.html", "size_i": "7732", "regex": "false"},
	{"name_s": "/usr/share/doc/xen-doc-4.2.5/html/hypercall/include,xen,errno.h.html", "size_i": "6442", "regex": "false"},
	{"name_s": "/usr/share/doc/xen-doc-4.2.5/html/hypercall/index.html", "size_i": "74169", "regex": "false"},
	{"name_s": "/usr/share/doc/xen-doc-4.2.5/html/index.html", "size_i": "1772", "regex": "false"},
	{"name_s": "/usr/share/doc/xen-doc-4.2.5/html/man", "size_i": "4096", "regex": "false"},
	{"name_s": "/usr/share/doc/xen-doc-4.2.5/html/man/index.html", "size_i": "555", "regex": "false"},
	{"name_s": "/usr/share/doc/xen-doc-4.2.5/html/man/xend-config.sxp.5.html", "size_i": "7362", "regex": "false"},
	{"name_s": "/usr/share/doc/xen-doc-4.2.5/html/man/xl.1.html", "size_i": "56359", "regex": "false"},
	{"name_s": "/usr/share/doc/xen-doc-4.2.5/html/man/xl.cfg.5.html", "size_i": "54798", "regex": "false"},
	{"name_s": "/usr/share/doc/xen-doc-4.2.5/html/man/xl.conf.5.html", "size_i": "5598", "regex": "false"},
	{"name_s": "/usr/share/doc/xen-doc-4.2.5/html/man/xlcpupool.cfg.5.html", "size_i": "5143", "regex": "false"},
	{"name_s": "/usr/share/doc/xen-doc-4.2.5/html/man/xm.1.html", "size_i": "43326", "regex": "false"},
	{"name_s": "/usr/share/doc/xen-doc-4.2.5/html/man/xmdomain.cfg.5.html", "size_i": "14137", "regex": "false"},
	{"name_s": "/usr/share/doc/xen-doc-4.2.5/html/misc", "size_i": "4096", "regex": "false"},
	{"name_s": "/usr/share/doc/xen-doc-4.2.5/html/misc/console.txt", "size_i": "4164", "regex": "false"},
	{"name_s": "/usr/share/doc/xen-doc-4.2.5/html/misc/crashdb.txt", "size_i": "2755", "regex": "false"},
	{"name_s": "/usr/share/doc/xen-doc-4.2.5/html/misc/distro_mapping.txt", "size_i": "1344", "regex": "false"},
	{"name_s": "/usr/share/doc/xen-doc-4.2.5/html/misc/dump-core-format.txt", "size_i": "11407", "regex": "false"},
	{"name_s": "/usr/share/doc/xen-doc-4.2.5/html/misc/grant-tables.txt", "size_i": "11538", "regex": "false"},
	{"name_s": "/usr/share/doc/xen-doc-4.2.5/html/misc/index.html", "size_i": "1238", "regex": "false"},
	{"name_s": "/usr/share/doc/xen-doc-4.2.5/html/misc/kexec_and_kdump.txt", "size_i": "7137", "regex": "false"},
	{"name_s": "/usr/share/doc/xen-doc-4.2.5/html/misc/sedf_scheduler_mini-HOWTO.txt", "size_i": "1484", "regex": "false"},
	{"name_s": "/usr/share/doc/xen-doc-4.2.5/html/misc/tscmode.txt", "size_i": "16485", "regex": "false"},
	{"name_s": "/usr/share/doc/xen-doc-4.2.5/html/misc/vbd-interface.txt", "size_i": "5549", "regex": "false"},
	{"name_s": "/usr/share/doc/xen-doc-4.2.5/html/misc/vtd.txt", "size_i": "12245", "regex": "false"},
	{"name_s": "/usr/share/doc/xen-doc-4.2.5/html/misc/vtpm.txt", "size_i": "4857", "regex": "false"},
	{"name_s": "/usr/share/doc/xen-doc-4.2.5/html/misc/xen-error-handling.txt", "size_i": "3521", "regex": "false"},
	{"name_s": "/usr/share/doc/xen-doc-4.2.5/html/misc/xenpaging.txt", "size_i": "1499", "regex": "false"},
	{"name_s": "/usr/share/doc/xen-doc-4.2.5/html/misc/xenstore.txt", "size_i": "13160", "regex": "false"},
	{"name_s": "/usr/share/doc/xen-doc-4.2.5/html/misc/xl-disk-configuration.txt", "size_i": "7646", "regex": "false"},
	{"name_s": "/usr/share/doc/xen-doc-4.2.5/html/misc/xsm-flask.txt", "size_i": "10926", "regex": "false"},
	{"name_s": "/usr/share/doc/xen-doc-4.2.5/misc", "size_i": "4096", "regex": "false"},
	{"name_s": "/usr/share/doc/xen-doc-4.2.5/misc/console.txt", "size_i": "4164", "regex": "false"},
	{"name_s": "/usr/share/doc/xen-doc-4.2.5/misc/crashdb.txt", "size_i": "2755", "regex": "false"},
	{"name_s": "/usr/share/doc/xen-doc-4.2.5/misc/distro_mapping.txt", "size_i": "1344", "regex": "false"},
	{"name_s": "/usr/share/doc/xen-doc-4.2.5/misc/dump-core-format.txt", "size_i": "11407", "regex": "false"},
	{"name_s": "/usr/share/doc/xen-doc-4.2.5/misc/efi.markdown", "size_i": "3268", "regex": "false"},
	{"name_s": "/usr/share/doc/xen-doc-4.2.5/misc/grant-tables.txt", "size_i": "11538", "regex": "false"},
	{"name_s": "/usr/share/doc/xen-doc-4.2.5/misc/hvm-emulated-unplug.markdown", "size_i": "2934", "regex": "false"},
	{"name_s": "/usr/share/doc/xen-doc-4.2.5/misc/kexec_and_kdump.txt", "size_i": "7137", "regex": "false"},
	{"name_s": "/usr/share/doc/xen-doc-4.2.5/misc/pvrdtscp.c", "size_i": "9126", "regex": "false"},
	{"name_s": "/usr/share/doc/xen-doc-4.2.5/misc/qemu-upstream_howto_use_it.markdown", "size_i": "444", "regex": "false"},
	{"name_s": "/usr/share/doc/xen-doc-4.2.5/misc/sedf_scheduler_mini-HOWTO.txt", "size_i": "1484", "regex": "false"},
	{"name_s": "/usr/share/doc/xen-doc-4.2.5/misc/tmem-internals.html", "size_i": "38491", "regex": "false"},
	{"name_s": "/usr/share/doc/xen-doc-4.2.5/misc/tscmode.txt", "size_i": "16485", "regex": "false"},
	{"name_s": "/usr/share/doc/xen-doc-4.2.5/misc/vbd-interface.txt", "size_i": "5549", "regex": "false"},
	{"name_s": "/usr/share/doc/xen-doc-4.2.5/misc/vtd.txt", "size_i": "12245", "regex": "false"},
	{"name_s": "/usr/share/doc/xen-doc-4.2.5/misc/vtpm.txt", "size_i": "4857", "regex": "false"},
	{"name_s": "/usr/share/doc/xen-doc-4.2.5/misc/xen-command-line.markdown", "size_i": "24531", "regex": "false"},
	{"name_s": "/usr/share/doc/xen-doc-4.2.5/misc/xen-error-handling.txt", "size_i": "3521", "regex": "false"},
	{"name_s": "/usr/share/doc/xen-doc-4.2.5/misc/xen_config.html", "size_i": "5979", "regex": "false"},
	{"name_s": "/usr/share/doc/xen-doc-4.2.5/misc/xend.tex", "size_i": "16367", "regex": "false"},
	{"name_s": "/usr/share/doc/xen-doc-4.2.5/misc/xenpaging.txt", "size_i": "1499", "regex": "false"},
	{"name_s": "/usr/share/doc/xen-doc-4.2.5/misc/xenstore.txt", "size_i": "13160", "regex": "false"},
	{"name_s": "/usr/share/doc/xen-doc-4.2.5/misc/xl-disk-configuration.txt", "size_i": "7646", "regex": "false"},
	{"name_s": "/usr/share/doc/xen-doc-4.2.5/misc/xl-network-configuration.markdown", "size_i": "5776", "regex": "false"},
	{"name_s": "/usr/share/doc/xen-doc-4.2.5/misc/xl-numa-placement.markdown", "size_i": "5330", "regex": "false"},
	{"name_s": "/usr/share/doc/xen-doc-4.2.5/misc/xsm-flask.txt", "size_i": "10926", "regex": "false"},
	{"name_s": "/usr/share/doc/xen-doc-4.2.5/xenapi.pdf", "size_i": "1013279", "regex": "false"}
]
