[
	{"name_s": "/etc/bash_completion.d/xl.sh", "size_i": "396", "regex": "false"},
	{"name_s": "/etc/logrotate.d/xen", "size_i": "143", "regex": "false"},
	{"name_s": "/etc/qemu", "size_i": "4096", "regex": "false"},
	{"name_s": "/etc/qemu/target-x86_64.conf", "size_i": "2971", "regex": "false"},
	{"name_s": "/etc/rc.d/init.d/blktapctrl", "size_i": "1832", "regex": "false"},
	{"name_s": "/etc/rc.d/init.d/xen-watchdog", "size_i": "1440", "regex": "false"},
	{"name_s": "/etc/rc.d/init.d/xencommons", "size_i": "4360", "regex": "false"},
	{"name_s": "/etc/rc.d/init.d/xenconsoled", "size_i": "2591", "regex": "false"},
	{"name_s": "/etc/rc.d/init.d/xenstored", "size_i": "2107", "regex": "false"},
	{"name_s": "/etc/sysconfig/blktapctrl", "size_i": "18", "regex": "false"},
	{"name_s": "/etc/sysconfig/modules/xen.modules", "size_i": "361", "regex": "false"},
	{"name_s": "/etc/sysconfig/xencommons", "size_i": "407", "regex": "false"},
	{"name_s": "/etc/sysconfig/xenconsoled", "size_i": "571", "regex": "false"},
	{"name_s": "/etc/sysconfig/xenstored", "size_i": "59", "regex": "false"},
	{"name_s": "/etc/udev/rules.d/xen-backend.rules", "size_i": "1388", "regex": "false"},
	{"name_s": "/etc/udev/rules.d/xend.rules", "size_i": "275", "regex": "false"},
	{"name_s": "/etc/xen", "size_i": "4096", "regex": "false"},
	{"name_s": "/etc/xen/cpupool", "size_i": "658", "regex": "false"},
	{"name_s": "/etc/xen/scripts", "size_i": "4096", "regex": "false"},
	{"name_s": "/etc/xen/scripts/blktap", "size_i": "2260", "regex": "false"},
	{"name_s": "/etc/xen/scripts/block", "size_i": "7726", "regex": "false"},
	{"name_s": "/etc/xen/scripts/block-common.sh", "size_i": "3164", "regex": "false"},
	{"name_s": "/etc/xen/scripts/block-enbd", "size_i": "498", "regex": "false"},
	{"name_s": "/etc/xen/scripts/block-nbd", "size_i": "498", "regex": "false"},
	{"name_s": "/etc/xen/scripts/external-device-migrate", "size_i": "2896", "regex": "false"},
	{"name_s": "/etc/xen/scripts/hotplugpath.sh", "size_i": "330", "regex": "false"},
	{"name_s": "/etc/xen/scripts/locking.sh", "size_i": "4809", "regex": "false"},
	{"name_s": "/etc/xen/scripts/logging.sh", "size_i": "804", "regex": "false"},
	{"name_s": "/etc/xen/scripts/network-bridge", "size_i": "8498", "regex": "false"},
	{"name_s": "/etc/xen/scripts/network-nat", "size_i": "2799", "regex": "false"},
	{"name_s": "/etc/xen/scripts/network-route", "size_i": "766", "regex": "false"},
	{"name_s": "/etc/xen/scripts/qemu-ifup", "size_i": "840", "regex": "false"},
	{"name_s": "/etc/xen/scripts/vif-bridge", "size_i": "2988", "regex": "false"},
	{"name_s": "/etc/xen/scripts/vif-common.sh", "size_i": "5577", "regex": "false"},
	{"name_s": "/etc/xen/scripts/vif-nat", "size_i": "4902", "regex": "false"},
	{"name_s": "/etc/xen/scripts/vif-route", "size_i": "1635", "regex": "false"},
	{"name_s": "/etc/xen/scripts/vif-setup", "size_i": "105", "regex": "false"},
	{"name_s": "/etc/xen/scripts/vif2", "size_i": "850", "regex": "false"},
	{"name_s": "/etc/xen/scripts/vscsi", "size_i": "243", "regex": "false"},
	{"name_s": "/etc/xen/scripts/vtpm", "size_i": "351", "regex": "false"},
	{"name_s": "/etc/xen/scripts/vtpm-common.sh", "size_i": "11070", "regex": "false"},
	{"name_s": "/etc/xen/scripts/vtpm-delete", "size_i": "346", "regex": "false"},
	{"name_s": "/etc/xen/scripts/vtpm-hotplug-common.sh", "size_i": "1054", "regex": "false"},
	{"name_s": "/etc/xen/scripts/vtpm-impl", "size_i": "5903", "regex": "false"},
	{"name_s": "/etc/xen/scripts/vtpm-migration.sh", "size_i": "750", "regex": "false"},
	{"name_s": "/etc/xen/scripts/xen-hotplug-cleanup", "size_i": "1442", "regex": "false"},
	{"name_s": "/etc/xen/scripts/xen-hotplug-common.sh", "size_i": "2901", "regex": "false"},
	{"name_s": "/etc/xen/scripts/xen-network-common.sh", "size_i": "3258", "regex": "false"},
	{"name_s": "/etc/xen/scripts/xen-script-common.sh", "size_i": "993", "regex": "false"},
	{"name_s": "/etc/xen/xl.conf", "size_i": "677", "regex": "false"},
	{"name_s": "/etc/xen/xlexample.hvm", "size_i": "1389", "regex": "false"},
	{"name_s": "/etc/xen/xlexample.pvlinux", "size_i": "1250", "regex": "false"},
	{"name_s": "/usr/bin/pygrub", "size_i": "25", "regex": "false"},
	{"name_s": "/usr/bin/qemu-img-xen", "size_i": "8", "regex": "false"},
	{"name_s": "/usr/bin/qemu-nbd-xen", "size_i": "8", "regex": "false"},
	{"name_s": "/usr/bin/remus", "size_i": "6600", "regex": "false"},
	{"name_s": "/usr/bin/vhd-index", "size_i": "15256", "regex": "false"},
	{"name_s": "/usr/bin/vhd-update", "size_i": "7520", "regex": "false"},
	{"name_s": "/usr/bin/vhd-util", "size_i": "7832", "regex": "false"},
	{"name_s": "/usr/bin/xen-detect", "size_i": "6696", "regex": "false"},
	{"name_s": "/usr/bin/xenstore", "size_i": "15496", "regex": "false"},
	{"name_s": "/usr/bin/xenstore-chmod", "size_i": "15496", "regex": "false"},
	{"name_s": "/usr/bin/xenstore-control", "size_i": "5072", "regex": "false"},
	{"name_s": "/usr/bin/xenstore-exists", "size_i": "15496", "regex": "false"},
	{"name_s": "/usr/bin/xenstore-list", "size_i": "15496", "regex": "false"},
	{"name_s": "/usr/bin/xenstore-ls", "size_i": "15496", "regex": "false"},
	{"name_s": "/usr/bin/xenstore-read", "size_i": "15496", "regex": "false"},
	{"name_s": "/usr/bin/xenstore-rm", "size_i": "15496", "regex": "false"},
	{"name_s": "/usr/bin/xenstore-watch", "size_i": "15496", "regex": "false"},
	{"name_s": "/usr/bin/xenstore-write", "size_i": "15496", "regex": "false"},
	{"name_s": "/usr/bin/xentrace", "size_i": "19760", "regex": "false"},
	{"name_s": "/usr/bin/xentrace_format", "size_i": "7021", "regex": "false"},
	{"name_s": "/usr/bin/xentrace_setsize", "size_i": "5688", "regex": "false"},
	{"name_s": "/usr/lib/xen", "size_i": "4096", "regex": "false"},
	{"name_s": "/usr/lib/xen/bin", "size_i": "4096", "regex": "false"},
	{"name_s": "/usr/lib/xen/bin/libxl-save-helper", "size_i": "40", "regex": "false"},
	{"name_s": "/usr/lib/xen/bin/pygrub", "size_i": "29", "regex": "false"},
	{"name_s": "/usr/lib/xen/bin/qemu-dm", "size_i": "1216144", "regex": "false"},
	{"name_s": "/usr/lib/xen/bin/qemu-ga", "size_i": "145752", "regex": "false"},
	{"name_s": "/usr/lib/xen/bin/qemu-img", "size_i": "416728", "regex": "false"},
	{"name_s": "/usr/lib/xen/bin/qemu-io", "size_i": "429016", "regex": "false"},
	{"name_s": "/usr/lib/xen/bin/qemu-nbd", "size_i": "404440", "regex": "false"},
	{"name_s": "/usr/lib/xen/bin/qemu-system-i386", "size_i": "4188496", "regex": "false"},
	{"name_s": "/usr/lib/xen/bin/stubdom-dm", "size_i": "4400", "regex": "false"},
	{"name_s": "/usr/lib/xen/bin/stubdompath.sh", "size_i": "310", "regex": "false"},
	{"name_s": "/usr/lib/xen/bin/tapdisk", "size_i": "178696", "regex": "false"},
	{"name_s": "/usr/lib/xen/bin/xc_restore", "size_i": "33", "regex": "false"},
	{"name_s": "/usr/lib/xen/bin/xc_save", "size_i": "30", "regex": "false"},
	{"name_s": "/usr/lib/xen/bin/xenpaging", "size_i": "24496", "regex": "false"},
	{"name_s": "/usr/lib/xen/boot", "size_i": "4096", "regex": "false"},
	{"name_s": "/usr/lib/xen/boot/hvmloader", "size_i": "687336", "regex": "false"},
	{"name_s": "/usr/lib/xen/boot/ioemu-stubdom.gz", "size_i": "2177524", "regex": "false"},
	{"name_s": "/usr/lib/xen/boot/pv-grub-x86_32.gz", "size_i": "955463", "regex": "false"},
	{"name_s": "/usr/lib/xen/boot/pv-grub-x86_64.gz", "size_i": "1002359", "regex": "false"},
	{"name_s": "/usr/lib/xen/boot/xenstore-stubdom.gz", "size_i": "843950", "regex": "false"},
	{"name_s": "/usr/lib64/python2.6/site-packages/fsimage.so", "size_i": "12872", "regex": "false"},
	{"name_s": "/usr/lib64/python2.6/site-packages/grub", "size_i": "4096", "regex": "false"},
	{"name_s": "/usr/lib64/python2.6/site-packages/grub/ExtLinuxConf.py", "size_i": "6725", "regex": "false"},
	{"name_s": "/usr/lib64/python2.6/site-packages/grub/ExtLinuxConf.pyc", "size_i": "7539", "regex": "false"},
	{"name_s": "/usr/lib64/python2.6/site-packages/grub/ExtLinuxConf.pyo", "size_i": "7539", "regex": "false"},
	{"name_s": "/usr/lib64/python2.6/site-packages/grub/GrubConf.py", "size_i": "14274", "regex": "false"},
	{"name_s": "/usr/lib64/python2.6/site-packages/grub/GrubConf.pyc", "size_i": "16542", "regex": "false"},
	{"name_s": "/usr/lib64/python2.6/site-packages/grub/GrubConf.pyo", "size_i": "16542", "regex": "false"},
	{"name_s": "/usr/lib64/python2.6/site-packages/grub/LiloConf.py", "size_i": "5238", "regex": "false"},
	{"name_s": "/usr/lib64/python2.6/site-packages/grub/LiloConf.pyc", "size_i": "6872", "regex": "false"},
	{"name_s": "/usr/lib64/python2.6/site-packages/grub/LiloConf.pyo", "size_i": "6872", "regex": "false"},
	{"name_s": "/usr/lib64/python2.6/site-packages/grub/__init__.py", "size_i": "0", "regex": "false"},
	{"name_s": "/usr/lib64/python2.6/site-packages/grub/__init__.pyc", "size_i": "138", "regex": "false"},
	{"name_s": "/usr/lib64/python2.6/site-packages/grub/__init__.pyo", "size_i": "138", "regex": "false"},
	{"name_s": "/usr/lib64/python2.6/site-packages/pygrub-0.3-py2.6.egg-info", "size_i": "226", "regex": "false"},
	{"name_s": "/usr/lib64/xen", "size_i": "4096", "regex": "false"},
	{"name_s": "/usr/lib64/xen/bin", "size_i": "4096", "regex": "false"},
	{"name_s": "/usr/lib64/xen/bin/libxl-save-helper", "size_i": "15384", "regex": "false"},
	{"name_s": "/usr/lib64/xen/bin/lsevtchn", "size_i": "5608", "regex": "false"},
	{"name_s": "/usr/lib64/xen/bin/pygrub", "size_i": "31296", "regex": "false"},
	{"name_s": "/usr/lib64/xen/bin/qemu-dm", "size_i": "24", "regex": "false"},
	{"name_s": "/usr/lib64/xen/bin/readnotes", "size_i": "11000", "regex": "false"},
	{"name_s": "/usr/lib64/xen/bin/xc_restore", "size_i": "5776", "regex": "false"},
	{"name_s": "/usr/lib64/xen/bin/xc_save", "size_i": "9784", "regex": "false"},
	{"name_s": "/usr/lib64/xen/bin/xenconsole", "size_i": "11024", "regex": "false"},
	{"name_s": "/usr/lib64/xen/bin/xenctx", "size_i": "16968", "regex": "false"},
	{"name_s": "/usr/lib64/xen/bin/xenpvnetboot", "size_i": "9854", "regex": "false"},
	{"name_s": "/usr/sbin/blktapctrl", "size_i": "49040", "regex": "false"},
	{"name_s": "/usr/sbin/flask-get-bool", "size_i": "6744", "regex": "false"},
	{"name_s": "/usr/sbin/flask-getenforce", "size_i": "5600", "regex": "false"},
	{"name_s": "/usr/sbin/flask-label-pci", "size_i": "7568", "regex": "false"},
	{"name_s": "/usr/sbin/flask-loadpolicy", "size_i": "6864", "regex": "false"},
	{"name_s": "/usr/sbin/flask-set-bool", "size_i": "5848", "regex": "false"},
	{"name_s": "/usr/sbin/flask-setenforce", "size_i": "5896", "regex": "false"},
	{"name_s": "/usr/sbin/gdbsx", "size_i": "26152", "regex": "false"},
	{"name_s": "/usr/sbin/gtracestat", "size_i": "23192", "regex": "false"},
	{"name_s": "/usr/sbin/gtraceview", "size_i": "21056", "regex": "false"},
	{"name_s": "/usr/sbin/img2qcow", "size_i": "62392", "regex": "false"},
	{"name_s": "/usr/sbin/kdd", "size_i": "25952", "regex": "false"},
	{"name_s": "/usr/sbin/lvm-util", "size_i": "9104", "regex": "false"},
	{"name_s": "/usr/sbin/part-util", "size_i": "9000", "regex": "false"},
	{"name_s": "/usr/sbin/qcow-create", "size_i": "61824", "regex": "false"},
	{"name_s": "/usr/sbin/qcow2raw", "size_i": "64984", "regex": "false"},
	{"name_s": "/usr/sbin/tap-ctl", "size_i": "18328", "regex": "false"},
	{"name_s": "/usr/sbin/tapdisk", "size_i": "70328", "regex": "false"},
	{"name_s": "/usr/sbin/td-rated", "size_i": "23576", "regex": "false"},
	{"name_s": "/usr/sbin/td-util", "size_i": "17368", "regex": "false"},
	{"name_s": "/usr/sbin/vhdpartx", "size_i": "2053", "regex": "false"},
	{"name_s": "/usr/sbin/xen-bugtool", "size_i": "276", "regex": "false"},
	{"name_s": "/usr/sbin/xen-hptool", "size_i": "11792", "regex": "false"},
	{"name_s": "/usr/sbin/xen-hvmcrash", "size_i": "6760", "regex": "false"},
	{"name_s": "/usr/sbin/xen-hvmctx", "size_i": "14976", "regex": "false"},
	{"name_s": "/usr/sbin/xen-lowmemd", "size_i": "7584", "regex": "false"},
	{"name_s": "/usr/sbin/xen-ringwatch", "size_i": "15780", "regex": "false"},
	{"name_s": "/usr/sbin/xen-tmem-list-parse", "size_i": "12552", "regex": "false"},
	{"name_s": "/usr/sbin/xenbaked", "size_i": "19720", "regex": "false"},
	{"name_s": "/usr/sbin/xenconsoled", "size_i": "25680", "regex": "false"},
	{"name_s": "/usr/sbin/xenlockprof", "size_i": "7528", "regex": "false"},
	{"name_s": "/usr/sbin/xenmon.py", "size_i": "25108", "regex": "false"},
	{"name_s": "/usr/sbin/xenperf", "size_i": "8840", "regex": "false"},
	{"name_s": "/usr/sbin/xenpm", "size_i": "26056", "regex": "false"},
	{"name_s": "/usr/sbin/xenpmd", "size_i": "10960", "regex": "false"},
	{"name_s": "/usr/sbin/xenstored", "size_i": "77648", "regex": "false"},
	{"name_s": "/usr/sbin/xentop", "size_i": "28840", "regex": "false"},
	{"name_s": "/usr/sbin/xentrace_setmask", "size_i": "5576", "regex": "false"},
	{"name_s": "/usr/sbin/xenwatchdogd", "size_i": "6776", "regex": "false"},
	{"name_s": "/usr/sbin/xl", "size_i": "145304", "regex": "false"},
	{"name_s": "/usr/sbin/xsview", "size_i": "82", "regex": "false"},
	{"name_s": "/usr/share/man/man1/xentop.1.gz", "size_i": "1246", "regex": "false"},
	{"name_s": "/usr/share/man/man1/xentrace_format.1.gz", "size_i": "825", "regex": "false"},
	{"name_s": "/usr/share/man/man1/xl.1.gz", "size_i": "14781", "regex": "false"},
	{"name_s": "/usr/share/man/man5/xl.cfg.5.gz", "size_i": "15926", "regex": "false"},
	{"name_s": "/usr/share/man/man5/xl.conf.5.gz", "size_i": "3133", "regex": "false"},
	{"name_s": "/usr/share/man/man5/xlcpupool.cfg.5.gz", "size_i": "2996", "regex": "false"},
	{"name_s": "/usr/share/man/man8/xentrace.8.gz", "size_i": "1343", "regex": "false"},
	{"name_s": "/usr/share/qemu-xen", "size_i": "4096", "regex": "false"},
	{"name_s": "/usr/share/qemu-xen/bamboo.dtb", "size_i": "3179", "regex": "false"},
	{"name_s": "/usr/share/qemu-xen/bios.bin", "size_i": "131072", "regex": "false"},
	{"name_s": "/usr/share/qemu-xen/keymaps", "size_i": "4096", "regex": "false"},
	{"name_s": "/usr/share/qemu-xen/keymaps/ar", "size_i": "2239", "regex": "false"},
	{"name_s": "/usr/share/qemu-xen/keymaps/common", "size_i": "2077", "regex": "false"},
	{"name_s": "/usr/share/qemu-xen/keymaps/da", "size_i": "2576", "regex": "false"},
	{"name_s": "/usr/share/qemu-xen/keymaps/de", "size_i": "2467", "regex": "false"},
	{"name_s": "/usr/share/qemu-xen/keymaps/de-ch", "size_i": "2533", "regex": "false"},
	{"name_s": "/usr/share/qemu-xen/keymaps/en-gb", "size_i": "2581", "regex": "false"},
	{"name_s": "/usr/share/qemu-xen/keymaps/en-us", "size_i": "609", "regex": "false"},
	{"name_s": "/usr/share/qemu-xen/keymaps/es", "size_i": "2236", "regex": "false"},
	{"name_s": "/usr/share/qemu-xen/keymaps/et", "size_i": "1115", "regex": "false"},
	{"name_s": "/usr/share/qemu-xen/keymaps/fi", "size_i": "2685", "regex": "false"},
	{"name_s": "/usr/share/qemu-xen/keymaps/fo", "size_i": "906", "regex": "false"},
	{"name_s": "/usr/share/qemu-xen/keymaps/fr", "size_i": "2587", "regex": "false"},
	{"name_s": "/usr/share/qemu-xen/keymaps/fr-be", "size_i": "2735", "regex": "false"},
	{"name_s": "/usr/share/qemu-xen/keymaps/fr-ca", "size_i": "934", "regex": "false"},
	{"name_s": "/usr/share/qemu-xen/keymaps/fr-ch", "size_i": "2471", "regex": "false"},
	{"name_s": "/usr/share/qemu-xen/keymaps/hr", "size_i": "2699", "regex": "false"},
	{"name_s": "/usr/share/qemu-xen/keymaps/hu", "size_i": "1866", "regex": "false"},
	{"name_s": "/usr/share/qemu-xen/keymaps/is", "size_i": "3064", "regex": "false"},
	{"name_s": "/usr/share/qemu-xen/keymaps/it", "size_i": "2462", "regex": "false"},
	{"name_s": "/usr/share/qemu-xen/keymaps/ja", "size_i": "2140", "regex": "false"},
	{"name_s": "/usr/share/qemu-xen/keymaps/lt", "size_i": "1096", "regex": "false"},
	{"name_s": "/usr/share/qemu-xen/keymaps/lv", "size_i": "2840", "regex": "false"},
	{"name_s": "/usr/share/qemu-xen/keymaps/mk", "size_i": "2366", "regex": "false"},
	{"name_s": "/usr/share/qemu-xen/keymaps/modifiers", "size_i": "293", "regex": "false"},
	{"name_s": "/usr/share/qemu-xen/keymaps/nl", "size_i": "1105", "regex": "false"},
	{"name_s": "/usr/share/qemu-xen/keymaps/nl-be", "size_i": "43", "regex": "false"},
	{"name_s": "/usr/share/qemu-xen/keymaps/no", "size_i": "2576", "regex": "false"},
	{"name_s": "/usr/share/qemu-xen/keymaps/pl", "size_i": "2672", "regex": "false"},
	{"name_s": "/usr/share/qemu-xen/keymaps/pt", "size_i": "2450", "regex": "false"},
	{"name_s": "/usr/share/qemu-xen/keymaps/pt-br", "size_i": "1354", "regex": "false"},
	{"name_s": "/usr/share/qemu-xen/keymaps/ru", "size_i": "2554", "regex": "false"},
	{"name_s": "/usr/share/qemu-xen/keymaps/sl", "size_i": "2293", "regex": "false"},
	{"name_s": "/usr/share/qemu-xen/keymaps/sv", "size_i": "1008", "regex": "false"},
	{"name_s": "/usr/share/qemu-xen/keymaps/th", "size_i": "3123", "regex": "false"},
	{"name_s": "/usr/share/qemu-xen/keymaps/tr", "size_i": "2649", "regex": "false"},
	{"name_s": "/usr/share/qemu-xen/linuxboot.bin", "size_i": "1024", "regex": "false"},
	{"name_s": "/usr/share/qemu-xen/mpc8544ds.dtb", "size_i": "2028", "regex": "false"},
	{"name_s": "/usr/share/qemu-xen/multiboot.bin", "size_i": "1024", "regex": "false"},
	{"name_s": "/usr/share/qemu-xen/openbios-ppc", "size_i": "729876", "regex": "false"},
	{"name_s": "/usr/share/qemu-xen/openbios-sparc32", "size_i": "381484", "regex": "false"},
	{"name_s": "/usr/share/qemu-xen/openbios-sparc64", "size_i": "1598328", "regex": "false"},
	{"name_s": "/usr/share/qemu-xen/palcode-clipper", "size_i": "185703", "regex": "false"},
	{"name_s": "/usr/share/qemu-xen/petalogix-ml605.dtb", "size_i": "9982", "regex": "false"},
	{"name_s": "/usr/share/qemu-xen/petalogix-s3adsp1800.dtb", "size_i": "8259", "regex": "false"},
	{"name_s": "/usr/share/qemu-xen/ppc_rom.bin", "size_i": "524288", "regex": "false"},
	{"name_s": "/usr/share/qemu-xen/pxe-e1000.rom", "size_i": "67072", "regex": "false"},
	{"name_s": "/usr/share/qemu-xen/pxe-eepro100.rom", "size_i": "61440", "regex": "false"},
	{"name_s": "/usr/share/qemu-xen/pxe-ne2k_pci.rom", "size_i": "61440", "regex": "false"},
	{"name_s": "/usr/share/qemu-xen/pxe-pcnet.rom", "size_i": "61440", "regex": "false"},
	{"name_s": "/usr/share/qemu-xen/pxe-rtl8139.rom", "size_i": "61440", "regex": "false"},
	{"name_s": "/usr/share/qemu-xen/pxe-virtio.rom", "size_i": "60416", "regex": "false"},
	{"name_s": "/usr/share/qemu-xen/s390-zipl.rom", "size_i": "3304", "regex": "false"},
	{"name_s": "/usr/share/qemu-xen/sgabios.bin", "size_i": "4096", "regex": "false"},
	{"name_s": "/usr/share/qemu-xen/slof.bin", "size_i": "738744", "regex": "false"},
	{"name_s": "/usr/share/qemu-xen/spapr-rtas.bin", "size_i": "20", "regex": "false"},
	{"name_s": "/usr/share/qemu-xen/vgabios-cirrus.bin", "size_i": "35840", "regex": "false"},
	{"name_s": "/usr/share/qemu-xen/vgabios-qxl.bin", "size_i": "40448", "regex": "false"},
	{"name_s": "/usr/share/qemu-xen/vgabios-stdvga.bin", "size_i": "40448", "regex": "false"},
	{"name_s": "/usr/share/qemu-xen/vgabios-vmware.bin", "size_i": "40448", "regex": "false"},
	{"name_s": "/usr/share/qemu-xen/vgabios.bin", "size_i": "40448", "regex": "false"},
	{"name_s": "/usr/share/xen/qemu", "size_i": "4096", "regex": "false"},
	{"name_s": "/usr/share/xen/qemu/keymaps", "size_i": "4096", "regex": "false"},
	{"name_s": "/usr/share/xen/qemu/keymaps/ar", "size_i": "2239", "regex": "false"},
	{"name_s": "/usr/share/xen/qemu/keymaps/common", "size_i": "2077", "regex": "false"},
	{"name_s": "/usr/share/xen/qemu/keymaps/da", "size_i": "2576", "regex": "false"},
	{"name_s": "/usr/share/xen/qemu/keymaps/de", "size_i": "2467", "regex": "false"},
	{"name_s": "/usr/share/xen/qemu/keymaps/de-ch", "size_i": "2533", "regex": "false"},
	{"name_s": "/usr/share/xen/qemu/keymaps/en-gb", "size_i": "2581", "regex": "false"},
	{"name_s": "/usr/share/xen/qemu/keymaps/en-us", "size_i": "609", "regex": "false"},
	{"name_s": "/usr/share/xen/qemu/keymaps/es", "size_i": "2236", "regex": "false"},
	{"name_s": "/usr/share/xen/qemu/keymaps/et", "size_i": "1115", "regex": "false"},
	{"name_s": "/usr/share/xen/qemu/keymaps/fi", "size_i": "2685", "regex": "false"},
	{"name_s": "/usr/share/xen/qemu/keymaps/fo", "size_i": "906", "regex": "false"},
	{"name_s": "/usr/share/xen/qemu/keymaps/fr", "size_i": "2587", "regex": "false"},
	{"name_s": "/usr/share/xen/qemu/keymaps/fr-be", "size_i": "2735", "regex": "false"},
	{"name_s": "/usr/share/xen/qemu/keymaps/fr-ca", "size_i": "934", "regex": "false"},
	{"name_s": "/usr/share/xen/qemu/keymaps/fr-ch", "size_i": "2471", "regex": "false"},
	{"name_s": "/usr/share/xen/qemu/keymaps/hr", "size_i": "2699", "regex": "false"},
	{"name_s": "/usr/share/xen/qemu/keymaps/hu", "size_i": "1913", "regex": "false"},
	{"name_s": "/usr/share/xen/qemu/keymaps/is", "size_i": "3064", "regex": "false"},
	{"name_s": "/usr/share/xen/qemu/keymaps/it", "size_i": "2462", "regex": "false"},
	{"name_s": "/usr/share/xen/qemu/keymaps/ja", "size_i": "2140", "regex": "false"},
	{"name_s": "/usr/share/xen/qemu/keymaps/lt", "size_i": "1096", "regex": "false"},
	{"name_s": "/usr/share/xen/qemu/keymaps/lv", "size_i": "2840", "regex": "false"},
	{"name_s": "/usr/share/xen/qemu/keymaps/mk", "size_i": "2366", "regex": "false"},
	{"name_s": "/usr/share/xen/qemu/keymaps/modifiers", "size_i": "293", "regex": "false"},
	{"name_s": "/usr/share/xen/qemu/keymaps/nl", "size_i": "1105", "regex": "false"},
	{"name_s": "/usr/share/xen/qemu/keymaps/nl-be", "size_i": "1126", "regex": "false"},
	{"name_s": "/usr/share/xen/qemu/keymaps/no", "size_i": "2576", "regex": "false"},
	{"name_s": "/usr/share/xen/qemu/keymaps/pl", "size_i": "2672", "regex": "false"},
	{"name_s": "/usr/share/xen/qemu/keymaps/pt", "size_i": "2450", "regex": "false"},
	{"name_s": "/usr/share/xen/qemu/keymaps/pt-br", "size_i": "1354", "regex": "false"},
	{"name_s": "/usr/share/xen/qemu/keymaps/ru", "size_i": "2554", "regex": "false"},
	{"name_s": "/usr/share/xen/qemu/keymaps/sl", "size_i": "2293", "regex": "false"},
	{"name_s": "/usr/share/xen/qemu/keymaps/sv", "size_i": "1008", "regex": "false"},
	{"name_s": "/usr/share/xen/qemu/keymaps/th", "size_i": "3123", "regex": "false"},
	{"name_s": "/usr/share/xen/qemu/keymaps/tr", "size_i": "2649", "regex": "false"},
	{"name_s": "/var/lib/xen", "size_i": "4096", "regex": "false"},
	{"name_s": "/var/lib/xen/dump", "size_i": "4096", "regex": "false"},
	{"name_s": "/var/lib/xen/images", "size_i": "4096", "regex": "false"},
	{"name_s": "/var/lib/xenstored", "size_i": "4096", "regex": "false"},
	{"name_s": "/var/log/xen", "size_i": "4096", "regex": "false"},
	{"name_s": "/var/log/xen/console", "size_i": "4096", "regex": "false"},
	{"name_s": "/var/run/xend", "size_i": "4096", "regex": "false"},
	{"name_s": "/var/run/xend/boot", "size_i": "4096", "regex": "false"},
	{"name_s": "/var/run/xenstored", "size_i": "4096", "regex": "false"}
]
