[
	{"name_s": "/etc/X11/fontpath.d", "size_i": "4096", "regex": "false"},
	{"name_s": "/etc/X11/fontpath.d/xorg-x11-fonts-75dpi:unscaled:pri=20", "size_i": "26", "regex": "false"},
	{"name_s": "/usr/share/X11/fonts", "size_i": "4096", "regex": "false"},
	{"name_s": "/usr/share/X11/fonts/75dpi", "size_i": "65536", "regex": "false"},
	{"name_s": "/usr/share/X11/fonts/75dpi/UTBI__10.pcf.gz", "size_i": "14179", "regex": "false"},
	{"name_s": "/usr/share/X11/fonts/75dpi/UTBI__12.pcf.gz", "size_i": "14793", "regex": "false"},
	{"name_s": "/usr/share/X11/fonts/75dpi/UTBI__14.pcf.gz", "size_i": "15018", "regex": "false"},
	{"name_s": "/usr/share/X11/fonts/75dpi/UTBI__18.pcf.gz", "size_i": "16475", "regex": "false"},
	{"name_s": "/usr/share/X11/fonts/75dpi/UTBI__24.pcf.gz", "size_i": "18993", "regex": "false"},
	{"name_s": "/usr/share/X11/fonts/75dpi/UTB___10.pcf.gz", "size_i": "14383", "regex": "false"},
	{"name_s": "/usr/share/X11/fonts/75dpi/UTB___12.pcf.gz", "size_i": "15013", "regex": "false"},
	{"name_s": "/usr/share/X11/fonts/75dpi/UTB___14.pcf.gz", "size_i": "15165", "regex": "false"},
	{"name_s": "/usr/share/X11/fonts/75dpi/UTB___18.pcf.gz", "size_i": "16876", "regex": "false"},
	{"name_s": "/usr/share/X11/fonts/75dpi/UTB___24.pcf.gz", "size_i": "19122", "regex": "false"},
	{"name_s": "/usr/share/X11/fonts/75dpi/UTI___10.pcf.gz", "size_i": "13947", "regex": "false"},
	{"name_s": "/usr/share/X11/fonts/75dpi/UTI___12.pcf.gz", "size_i": "14539", "regex": "false"},
	{"name_s": "/usr/share/X11/fonts/75dpi/UTI___14.pcf.gz", "size_i": "14889", "regex": "false"},
	{"name_s": "/usr/share/X11/fonts/75dpi/UTI___18.pcf.gz", "size_i": "16108", "regex": "false"},
	{"name_s": "/usr/share/X11/fonts/75dpi/UTI___24.pcf.gz", "size_i": "18768", "regex": "false"},
	{"name_s": "/usr/share/X11/fonts/75dpi/UTRG__10.pcf.gz", "size_i": "14313", "regex": "false"},
	{"name_s": "/usr/share/X11/fonts/75dpi/UTRG__12.pcf.gz", "size_i": "14945", "regex": "false"},
	{"name_s": "/usr/share/X11/fonts/75dpi/UTRG__14.pcf.gz", "size_i": "15359", "regex": "false"},
	{"name_s": "/usr/share/X11/fonts/75dpi/UTRG__18.pcf.gz", "size_i": "16055", "regex": "false"},
	{"name_s": "/usr/share/X11/fonts/75dpi/UTRG__24.pcf.gz", "size_i": "18708", "regex": "false"},
	{"name_s": "/usr/share/X11/fonts/75dpi/charB08.pcf.gz", "size_i": "4105", "regex": "false"},
	{"name_s": "/usr/share/X11/fonts/75dpi/charB10.pcf.gz", "size_i": "4380", "regex": "false"},
	{"name_s": "/usr/share/X11/fonts/75dpi/charB12.pcf.gz", "size_i": "4678", "regex": "false"},
	{"name_s": "/usr/share/X11/fonts/75dpi/charB14.pcf.gz", "size_i": "5056", "regex": "false"},
	{"name_s": "/usr/share/X11/fonts/75dpi/charB18.pcf.gz", "size_i": "5601", "regex": "false"},
	{"name_s": "/usr/share/X11/fonts/75dpi/charB24.pcf.gz", "size_i": "6413", "regex": "false"},
	{"name_s": "/usr/share/X11/fonts/75dpi/charBI08.pcf.gz", "size_i": "4234", "regex": "false"},
	{"name_s": "/usr/share/X11/fonts/75dpi/charBI10.pcf.gz", "size_i": "4481", "regex": "false"},
	{"name_s": "/usr/share/X11/fonts/75dpi/charBI12.pcf.gz", "size_i": "4803", "regex": "false"},
	{"name_s": "/usr/share/X11/fonts/75dpi/charBI14.pcf.gz", "size_i": "5243", "regex": "false"},
	{"name_s": "/usr/share/X11/fonts/75dpi/charBI18.pcf.gz", "size_i": "5929", "regex": "false"},
	{"name_s": "/usr/share/X11/fonts/75dpi/charBI24.pcf.gz", "size_i": "6856", "regex": "false"},
	{"name_s": "/usr/share/X11/fonts/75dpi/charI08.pcf.gz", "size_i": "4108", "regex": "false"},
	{"name_s": "/usr/share/X11/fonts/75dpi/charI10.pcf.gz", "size_i": "4412", "regex": "false"},
	{"name_s": "/usr/share/X11/fonts/75dpi/charI12.pcf.gz", "size_i": "4673", "regex": "false"},
	{"name_s": "/usr/share/X11/fonts/75dpi/charI14.pcf.gz", "size_i": "5128", "regex": "false"},
	{"name_s": "/usr/share/X11/fonts/75dpi/charI18.pcf.gz", "size_i": "5754", "regex": "false"},
	{"name_s": "/usr/share/X11/fonts/75dpi/charI24.pcf.gz", "size_i": "6569", "regex": "false"},
	{"name_s": "/usr/share/X11/fonts/75dpi/charR08.pcf.gz", "size_i": "4038", "regex": "false"},
	{"name_s": "/usr/share/X11/fonts/75dpi/charR10.pcf.gz", "size_i": "4321", "regex": "false"},
	{"name_s": "/usr/share/X11/fonts/75dpi/charR12.pcf.gz", "size_i": "4639", "regex": "false"},
	{"name_s": "/usr/share/X11/fonts/75dpi/charR14.pcf.gz", "size_i": "4944", "regex": "false"},
	{"name_s": "/usr/share/X11/fonts/75dpi/charR18.pcf.gz", "size_i": "5484", "regex": "false"},
	{"name_s": "/usr/share/X11/fonts/75dpi/charR24.pcf.gz", "size_i": "6261", "regex": "false"},
	{"name_s": "/usr/share/X11/fonts/75dpi/courB08.pcf.gz", "size_i": "14450", "regex": "false"},
	{"name_s": "/usr/share/X11/fonts/75dpi/courB10.pcf.gz", "size_i": "14861", "regex": "false"},
	{"name_s": "/usr/share/X11/fonts/75dpi/courB12.pcf.gz", "size_i": "15229", "regex": "false"},
	{"name_s": "/usr/share/X11/fonts/75dpi/courB14.pcf.gz", "size_i": "15710", "regex": "false"},
	{"name_s": "/usr/share/X11/fonts/75dpi/courB18.pcf.gz", "size_i": "16639", "regex": "false"},
	{"name_s": "/usr/share/X11/fonts/75dpi/courB24.pcf.gz", "size_i": "18231", "regex": "false"},
	{"name_s": "/usr/share/X11/fonts/75dpi/courBO08.pcf.gz", "size_i": "12480", "regex": "false"},
	{"name_s": "/usr/share/X11/fonts/75dpi/courBO10.pcf.gz", "size_i": "12881", "regex": "false"},
	{"name_s": "/usr/share/X11/fonts/75dpi/courBO12.pcf.gz", "size_i": "13500", "regex": "false"},
	{"name_s": "/usr/share/X11/fonts/75dpi/courBO14.pcf.gz", "size_i": "13783", "regex": "false"},
	{"name_s": "/usr/share/X11/fonts/75dpi/courBO18.pcf.gz", "size_i": "14720", "regex": "false"},
	{"name_s": "/usr/share/X11/fonts/75dpi/courBO24.pcf.gz", "size_i": "16372", "regex": "false"},
	{"name_s": "/usr/share/X11/fonts/75dpi/courO08.pcf.gz", "size_i": "12369", "regex": "false"},
	{"name_s": "/usr/share/X11/fonts/75dpi/courO10.pcf.gz", "size_i": "12736", "regex": "false"},
	{"name_s": "/usr/share/X11/fonts/75dpi/courO12.pcf.gz", "size_i": "13167", "regex": "false"},
	{"name_s": "/usr/share/X11/fonts/75dpi/courO14.pcf.gz", "size_i": "13653", "regex": "false"},
	{"name_s": "/usr/share/X11/fonts/75dpi/courO18.pcf.gz", "size_i": "14418", "regex": "false"},
	{"name_s": "/usr/share/X11/fonts/75dpi/courO24.pcf.gz", "size_i": "15933", "regex": "false"},
	{"name_s": "/usr/share/X11/fonts/75dpi/courR08.pcf.gz", "size_i": "14535", "regex": "false"},
	{"name_s": "/usr/share/X11/fonts/75dpi/courR10.pcf.gz", "size_i": "14734", "regex": "false"},
	{"name_s": "/usr/share/X11/fonts/75dpi/courR12.pcf.gz", "size_i": "15079", "regex": "false"},
	{"name_s": "/usr/share/X11/fonts/75dpi/courR14.pcf.gz", "size_i": "15567", "regex": "false"},
	{"name_s": "/usr/share/X11/fonts/75dpi/courR18.pcf.gz", "size_i": "16455", "regex": "false"},
	{"name_s": "/usr/share/X11/fonts/75dpi/courR24.pcf.gz", "size_i": "17892", "regex": "false"},
	{"name_s": "/usr/share/X11/fonts/75dpi/encodings.dir", "size_i": "0", "regex": "false"},
	{"name_s": "/usr/share/X11/fonts/75dpi/fonts.alias", "size_i": "3066", "regex": "false"},
	{"name_s": "/usr/share/X11/fonts/75dpi/fonts.cache-1", "size_i": "0", "regex": "false"},
	{"name_s": "/usr/share/X11/fonts/75dpi/fonts.cache-2", "size_i": "0", "regex": "false"},
	{"name_s": "/usr/share/X11/fonts/75dpi/fonts.cache-3", "size_i": "0", "regex": "false"},
	{"name_s": "/usr/share/X11/fonts/75dpi/fonts.cache-4", "size_i": "0", "regex": "false"},
	{"name_s": "/usr/share/X11/fonts/75dpi/fonts.cache-5", "size_i": "0", "regex": "false"},
	{"name_s": "/usr/share/X11/fonts/75dpi/fonts.cache-6", "size_i": "0", "regex": "false"},
	{"name_s": "/usr/share/X11/fonts/75dpi/fonts.cache-7", "size_i": "0", "regex": "false"},
	{"name_s": "/usr/share/X11/fonts/75dpi/fonts.cache-8", "size_i": "0", "regex": "false"},
	{"name_s": "/usr/share/X11/fonts/75dpi/fonts.cache-9", "size_i": "0", "regex": "false"},
	{"name_s": "/usr/share/X11/fonts/75dpi/fonts.dir", "size_i": "0", "regex": "false"},
	{"name_s": "/usr/share/X11/fonts/75dpi/fonts.scale", "size_i": "2", "regex": "false"},
	{"name_s": "/usr/share/X11/fonts/75dpi/helvB08.pcf.gz", "size_i": "13809", "regex": "false"},
	{"name_s": "/usr/share/X11/fonts/75dpi/helvB10.pcf.gz", "size_i": "14063", "regex": "false"},
	{"name_s": "/usr/share/X11/fonts/75dpi/helvB12.pcf.gz", "size_i": "14479", "regex": "false"},
	{"name_s": "/usr/share/X11/fonts/75dpi/helvB14.pcf.gz", "size_i": "15046", "regex": "false"},
	{"name_s": "/usr/share/X11/fonts/75dpi/helvB18.pcf.gz", "size_i": "16408", "regex": "false"},
	{"name_s": "/usr/share/X11/fonts/75dpi/helvB24.pcf.gz", "size_i": "18237", "regex": "false"},
	{"name_s": "/usr/share/X11/fonts/75dpi/helvBO08.pcf.gz", "size_i": "13531", "regex": "false"},
	{"name_s": "/usr/share/X11/fonts/75dpi/helvBO10.pcf.gz", "size_i": "13765", "regex": "false"},
	{"name_s": "/usr/share/X11/fonts/75dpi/helvBO12.pcf.gz", "size_i": "14212", "regex": "false"},
	{"name_s": "/usr/share/X11/fonts/75dpi/helvBO14.pcf.gz", "size_i": "14758", "regex": "false"},
	{"name_s": "/usr/share/X11/fonts/75dpi/helvBO18.pcf.gz", "size_i": "16325", "regex": "false"},
	{"name_s": "/usr/share/X11/fonts/75dpi/helvBO24.pcf.gz", "size_i": "18335", "regex": "false"},
	{"name_s": "/usr/share/X11/fonts/75dpi/helvO08.pcf.gz", "size_i": "13455", "regex": "false"},
	{"name_s": "/usr/share/X11/fonts/75dpi/helvO10.pcf.gz", "size_i": "13866", "regex": "false"},
	{"name_s": "/usr/share/X11/fonts/75dpi/helvO12.pcf.gz", "size_i": "14019", "regex": "false"},
	{"name_s": "/usr/share/X11/fonts/75dpi/helvO14.pcf.gz", "size_i": "14543", "regex": "false"},
	{"name_s": "/usr/share/X11/fonts/75dpi/helvO18.pcf.gz", "size_i": "16226", "regex": "false"},
	{"name_s": "/usr/share/X11/fonts/75dpi/helvO24.pcf.gz", "size_i": "18326", "regex": "false"},
	{"name_s": "/usr/share/X11/fonts/75dpi/helvR08.pcf.gz", "size_i": "13809", "regex": "false"},
	{"name_s": "/usr/share/X11/fonts/75dpi/helvR10.pcf.gz", "size_i": "14124", "regex": "false"},
	{"name_s": "/usr/share/X11/fonts/75dpi/helvR12.pcf.gz", "size_i": "14390", "regex": "false"},
	{"name_s": "/usr/share/X11/fonts/75dpi/helvR14.pcf.gz", "size_i": "14740", "regex": "false"},
	{"name_s": "/usr/share/X11/fonts/75dpi/helvR18.pcf.gz", "size_i": "16415", "regex": "false"},
	{"name_s": "/usr/share/X11/fonts/75dpi/helvR24.pcf.gz", "size_i": "18000", "regex": "false"},
	{"name_s": "/usr/share/X11/fonts/75dpi/luBIS08.pcf.gz", "size_i": "12933", "regex": "false"},
	{"name_s": "/usr/share/X11/fonts/75dpi/luBIS10.pcf.gz", "size_i": "13780", "regex": "false"},
	{"name_s": "/usr/share/X11/fonts/75dpi/luBIS12.pcf.gz", "size_i": "14433", "regex": "false"},
	{"name_s": "/usr/share/X11/fonts/75dpi/luBIS14.pcf.gz", "size_i": "14654", "regex": "false"},
	{"name_s": "/usr/share/X11/fonts/75dpi/luBIS18.pcf.gz", "size_i": "15620", "regex": "false"},
	{"name_s": "/usr/share/X11/fonts/75dpi/luBIS19.pcf.gz", "size_i": "15969", "regex": "false"},
	{"name_s": "/usr/share/X11/fonts/75dpi/luBIS24.pcf.gz", "size_i": "18600", "regex": "false"},
	{"name_s": "/usr/share/X11/fonts/75dpi/luBS08.pcf.gz", "size_i": "13158", "regex": "false"},
	{"name_s": "/usr/share/X11/fonts/75dpi/luBS10.pcf.gz", "size_i": "14231", "regex": "false"},
	{"name_s": "/usr/share/X11/fonts/75dpi/luBS12.pcf.gz", "size_i": "14604", "regex": "false"},
	{"name_s": "/usr/share/X11/fonts/75dpi/luBS14.pcf.gz", "size_i": "14915", "regex": "false"},
	{"name_s": "/usr/share/X11/fonts/75dpi/luBS18.pcf.gz", "size_i": "16068", "regex": "false"},
	{"name_s": "/usr/share/X11/fonts/75dpi/luBS19.pcf.gz", "size_i": "16751", "regex": "false"},
	{"name_s": "/usr/share/X11/fonts/75dpi/luBS24.pcf.gz", "size_i": "18028", "regex": "false"},
	{"name_s": "/usr/share/X11/fonts/75dpi/luIS08.pcf.gz", "size_i": "12767", "regex": "false"},
	{"name_s": "/usr/share/X11/fonts/75dpi/luIS10.pcf.gz", "size_i": "13730", "regex": "false"},
	{"name_s": "/usr/share/X11/fonts/75dpi/luIS12.pcf.gz", "size_i": "14294", "regex": "false"},
	{"name_s": "/usr/share/X11/fonts/75dpi/luIS14.pcf.gz", "size_i": "14488", "regex": "false"},
	{"name_s": "/usr/share/X11/fonts/75dpi/luIS18.pcf.gz", "size_i": "15324", "regex": "false"},
	{"name_s": "/usr/share/X11/fonts/75dpi/luIS19.pcf.gz", "size_i": "16666", "regex": "false"},
	{"name_s": "/usr/share/X11/fonts/75dpi/luIS24.pcf.gz", "size_i": "18424", "regex": "false"},
	{"name_s": "/usr/share/X11/fonts/75dpi/luRS08.pcf.gz", "size_i": "13125", "regex": "false"},
	{"name_s": "/usr/share/X11/fonts/75dpi/luRS10.pcf.gz", "size_i": "14156", "regex": "false"},
	{"name_s": "/usr/share/X11/fonts/75dpi/luRS12.pcf.gz", "size_i": "14704", "regex": "false"},
	{"name_s": "/usr/share/X11/fonts/75dpi/luRS14.pcf.gz", "size_i": "14869", "regex": "false"},
	{"name_s": "/usr/share/X11/fonts/75dpi/luRS18.pcf.gz", "size_i": "16182", "regex": "false"},
	{"name_s": "/usr/share/X11/fonts/75dpi/luRS19.pcf.gz", "size_i": "16998", "regex": "false"},
	{"name_s": "/usr/share/X11/fonts/75dpi/luRS24.pcf.gz", "size_i": "18261", "regex": "false"},
	{"name_s": "/usr/share/X11/fonts/75dpi/lubB08.pcf.gz", "size_i": "13191", "regex": "false"},
	{"name_s": "/usr/share/X11/fonts/75dpi/lubB10.pcf.gz", "size_i": "13780", "regex": "false"},
	{"name_s": "/usr/share/X11/fonts/75dpi/lubB12.pcf.gz", "size_i": "14730", "regex": "false"},
	{"name_s": "/usr/share/X11/fonts/75dpi/lubB14.pcf.gz", "size_i": "15070", "regex": "false"},
	{"name_s": "/usr/share/X11/fonts/75dpi/lubB18.pcf.gz", "size_i": "16648", "regex": "false"},
	{"name_s": "/usr/share/X11/fonts/75dpi/lubB19.pcf.gz", "size_i": "16702", "regex": "false"},
	{"name_s": "/usr/share/X11/fonts/75dpi/lubB24.pcf.gz", "size_i": "18704", "regex": "false"},
	{"name_s": "/usr/share/X11/fonts/75dpi/lubBI08.pcf.gz", "size_i": "13033", "regex": "false"},
	{"name_s": "/usr/share/X11/fonts/75dpi/lubBI10.pcf.gz", "size_i": "13608", "regex": "false"},
	{"name_s": "/usr/share/X11/fonts/75dpi/lubBI12.pcf.gz", "size_i": "14389", "regex": "false"},
	{"name_s": "/usr/share/X11/fonts/75dpi/lubBI14.pcf.gz", "size_i": "15033", "regex": "false"},
	{"name_s": "/usr/share/X11/fonts/75dpi/lubBI18.pcf.gz", "size_i": "16700", "regex": "false"},
	{"name_s": "/usr/share/X11/fonts/75dpi/lubBI19.pcf.gz", "size_i": "17191", "regex": "false"},
	{"name_s": "/usr/share/X11/fonts/75dpi/lubBI24.pcf.gz", "size_i": "18810", "regex": "false"},
	{"name_s": "/usr/share/X11/fonts/75dpi/lubI08.pcf.gz", "size_i": "13005", "regex": "false"},
	{"name_s": "/usr/share/X11/fonts/75dpi/lubI10.pcf.gz", "size_i": "13481", "regex": "false"},
	{"name_s": "/usr/share/X11/fonts/75dpi/lubI12.pcf.gz", "size_i": "14481", "regex": "false"},
	{"name_s": "/usr/share/X11/fonts/75dpi/lubI14.pcf.gz", "size_i": "15043", "regex": "false"},
	{"name_s": "/usr/share/X11/fonts/75dpi/lubI18.pcf.gz", "size_i": "16405", "regex": "false"},
	{"name_s": "/usr/share/X11/fonts/75dpi/lubI19.pcf.gz", "size_i": "16812", "regex": "false"},
	{"name_s": "/usr/share/X11/fonts/75dpi/lubI24.pcf.gz", "size_i": "18655", "regex": "false"},
	{"name_s": "/usr/share/X11/fonts/75dpi/lubR08.pcf.gz", "size_i": "13190", "regex": "false"},
	{"name_s": "/usr/share/X11/fonts/75dpi/lubR10.pcf.gz", "size_i": "13665", "regex": "false"},
	{"name_s": "/usr/share/X11/fonts/75dpi/lubR12.pcf.gz", "size_i": "14098", "regex": "false"},
	{"name_s": "/usr/share/X11/fonts/75dpi/lubR14.pcf.gz", "size_i": "14676", "regex": "false"},
	{"name_s": "/usr/share/X11/fonts/75dpi/lubR18.pcf.gz", "size_i": "16446", "regex": "false"},
	{"name_s": "/usr/share/X11/fonts/75dpi/lubR19.pcf.gz", "size_i": "16495", "regex": "false"},
	{"name_s": "/usr/share/X11/fonts/75dpi/lubR24.pcf.gz", "size_i": "18407", "regex": "false"},
	{"name_s": "/usr/share/X11/fonts/75dpi/lutBS08.pcf.gz", "size_i": "13536", "regex": "false"},
	{"name_s": "/usr/share/X11/fonts/75dpi/lutBS10.pcf.gz", "size_i": "14793", "regex": "false"},
	{"name_s": "/usr/share/X11/fonts/75dpi/lutBS12.pcf.gz", "size_i": "15072", "regex": "false"},
	{"name_s": "/usr/share/X11/fonts/75dpi/lutBS14.pcf.gz", "size_i": "15443", "regex": "false"},
	{"name_s": "/usr/share/X11/fonts/75dpi/lutBS18.pcf.gz", "size_i": "16705", "regex": "false"},
	{"name_s": "/usr/share/X11/fonts/75dpi/lutBS19.pcf.gz", "size_i": "17061", "regex": "false"},
	{"name_s": "/usr/share/X11/fonts/75dpi/lutBS24.pcf.gz", "size_i": "18472", "regex": "false"},
	{"name_s": "/usr/share/X11/fonts/75dpi/lutRS08.pcf.gz", "size_i": "13784", "regex": "false"},
	{"name_s": "/usr/share/X11/fonts/75dpi/lutRS10.pcf.gz", "size_i": "14816", "regex": "false"},
	{"name_s": "/usr/share/X11/fonts/75dpi/lutRS12.pcf.gz", "size_i": "15220", "regex": "false"},
	{"name_s": "/usr/share/X11/fonts/75dpi/lutRS14.pcf.gz", "size_i": "15272", "regex": "false"},
	{"name_s": "/usr/share/X11/fonts/75dpi/lutRS18.pcf.gz", "size_i": "16401", "regex": "false"},
	{"name_s": "/usr/share/X11/fonts/75dpi/lutRS19.pcf.gz", "size_i": "16738", "regex": "false"},
	{"name_s": "/usr/share/X11/fonts/75dpi/lutRS24.pcf.gz", "size_i": "18429", "regex": "false"},
	{"name_s": "/usr/share/X11/fonts/75dpi/ncenB08.pcf.gz", "size_i": "14227", "regex": "false"},
	{"name_s": "/usr/share/X11/fonts/75dpi/ncenB10.pcf.gz", "size_i": "14766", "regex": "false"},
	{"name_s": "/usr/share/X11/fonts/75dpi/ncenB12.pcf.gz", "size_i": "14861", "regex": "false"},
	{"name_s": "/usr/share/X11/fonts/75dpi/ncenB14.pcf.gz", "size_i": "15445", "regex": "false"},
	{"name_s": "/usr/share/X11/fonts/75dpi/ncenB18.pcf.gz", "size_i": "17546", "regex": "false"},
	{"name_s": "/usr/share/X11/fonts/75dpi/ncenB24.pcf.gz", "size_i": "19127", "regex": "false"},
	{"name_s": "/usr/share/X11/fonts/75dpi/ncenBI08.pcf.gz", "size_i": "13828", "regex": "false"},
	{"name_s": "/usr/share/X11/fonts/75dpi/ncenBI10.pcf.gz", "size_i": "14093", "regex": "false"},
	{"name_s": "/usr/share/X11/fonts/75dpi/ncenBI12.pcf.gz", "size_i": "14567", "regex": "false"},
	{"name_s": "/usr/share/X11/fonts/75dpi/ncenBI14.pcf.gz", "size_i": "15264", "regex": "false"},
	{"name_s": "/usr/share/X11/fonts/75dpi/ncenBI18.pcf.gz", "size_i": "17338", "regex": "false"},
	{"name_s": "/usr/share/X11/fonts/75dpi/ncenBI24.pcf.gz", "size_i": "19094", "regex": "false"},
	{"name_s": "/usr/share/X11/fonts/75dpi/ncenI08.pcf.gz", "size_i": "13656", "regex": "false"},
	{"name_s": "/usr/share/X11/fonts/75dpi/ncenI10.pcf.gz", "size_i": "13865", "regex": "false"},
	{"name_s": "/usr/share/X11/fonts/75dpi/ncenI12.pcf.gz", "size_i": "14237", "regex": "false"},
	{"name_s": "/usr/share/X11/fonts/75dpi/ncenI14.pcf.gz", "size_i": "14930", "regex": "false"},
	{"name_s": "/usr/share/X11/fonts/75dpi/ncenI18.pcf.gz", "size_i": "16592", "regex": "false"},
	{"name_s": "/usr/share/X11/fonts/75dpi/ncenI24.pcf.gz", "size_i": "18680", "regex": "false"},
	{"name_s": "/usr/share/X11/fonts/75dpi/ncenR08.pcf.gz", "size_i": "13937", "regex": "false"},
	{"name_s": "/usr/share/X11/fonts/75dpi/ncenR10.pcf.gz", "size_i": "14221", "regex": "false"},
	{"name_s": "/usr/share/X11/fonts/75dpi/ncenR12.pcf.gz", "size_i": "14628", "regex": "false"},
	{"name_s": "/usr/share/X11/fonts/75dpi/ncenR14.pcf.gz", "size_i": "15356", "regex": "false"},
	{"name_s": "/usr/share/X11/fonts/75dpi/ncenR18.pcf.gz", "size_i": "16856", "regex": "false"},
	{"name_s": "/usr/share/X11/fonts/75dpi/ncenR24.pcf.gz", "size_i": "18900", "regex": "false"},
	{"name_s": "/usr/share/X11/fonts/75dpi/symb08.pcf.gz", "size_i": "4387", "regex": "false"},
	{"name_s": "/usr/share/X11/fonts/75dpi/symb10.pcf.gz", "size_i": "4641", "regex": "false"},
	{"name_s": "/usr/share/X11/fonts/75dpi/symb12.pcf.gz", "size_i": "5021", "regex": "false"},
	{"name_s": "/usr/share/X11/fonts/75dpi/symb14.pcf.gz", "size_i": "5278", "regex": "false"},
	{"name_s": "/usr/share/X11/fonts/75dpi/symb18.pcf.gz", "size_i": "5864", "regex": "false"},
	{"name_s": "/usr/share/X11/fonts/75dpi/symb24.pcf.gz", "size_i": "6656", "regex": "false"},
	{"name_s": "/usr/share/X11/fonts/75dpi/tech14.pcf.gz", "size_i": "4325", "regex": "false"},
	{"name_s": "/usr/share/X11/fonts/75dpi/techB14.pcf.gz", "size_i": "4422", "regex": "false"},
	{"name_s": "/usr/share/X11/fonts/75dpi/term14.pcf.gz", "size_i": "4364", "regex": "false"},
	{"name_s": "/usr/share/X11/fonts/75dpi/termB14.pcf.gz", "size_i": "4347", "regex": "false"},
	{"name_s": "/usr/share/X11/fonts/75dpi/timB08.pcf.gz", "size_i": "13807", "regex": "false"},
	{"name_s": "/usr/share/X11/fonts/75dpi/timB10.pcf.gz", "size_i": "14356", "regex": "false"},
	{"name_s": "/usr/share/X11/fonts/75dpi/timB12.pcf.gz", "size_i": "14684", "regex": "false"},
	{"name_s": "/usr/share/X11/fonts/75dpi/timB14.pcf.gz", "size_i": "15267", "regex": "false"},
	{"name_s": "/usr/share/X11/fonts/75dpi/timB18.pcf.gz", "size_i": "16846", "regex": "false"},
	{"name_s": "/usr/share/X11/fonts/75dpi/timB24.pcf.gz", "size_i": "18951", "regex": "false"},
	{"name_s": "/usr/share/X11/fonts/75dpi/timBI08.pcf.gz", "size_i": "13428", "regex": "false"},
	{"name_s": "/usr/share/X11/fonts/75dpi/timBI10.pcf.gz", "size_i": "13936", "regex": "false"},
	{"name_s": "/usr/share/X11/fonts/75dpi/timBI12.pcf.gz", "size_i": "14411", "regex": "false"},
	{"name_s": "/usr/share/X11/fonts/75dpi/timBI14.pcf.gz", "size_i": "15253", "regex": "false"},
	{"name_s": "/usr/share/X11/fonts/75dpi/timBI18.pcf.gz", "size_i": "16446", "regex": "false"},
	{"name_s": "/usr/share/X11/fonts/75dpi/timBI24.pcf.gz", "size_i": "18820", "regex": "false"},
	{"name_s": "/usr/share/X11/fonts/75dpi/timI08.pcf.gz", "size_i": "13230", "regex": "false"},
	{"name_s": "/usr/share/X11/fonts/75dpi/timI10.pcf.gz", "size_i": "13725", "regex": "false"},
	{"name_s": "/usr/share/X11/fonts/75dpi/timI12.pcf.gz", "size_i": "14145", "regex": "false"},
	{"name_s": "/usr/share/X11/fonts/75dpi/timI14.pcf.gz", "size_i": "14842", "regex": "false"},
	{"name_s": "/usr/share/X11/fonts/75dpi/timI18.pcf.gz", "size_i": "16357", "regex": "false"},
	{"name_s": "/usr/share/X11/fonts/75dpi/timI24.pcf.gz", "size_i": "18757", "regex": "false"},
	{"name_s": "/usr/share/X11/fonts/75dpi/timR08.pcf.gz", "size_i": "16621", "regex": "false"},
	{"name_s": "/usr/share/X11/fonts/75dpi/timR10.pcf.gz", "size_i": "17257", "regex": "false"},
	{"name_s": "/usr/share/X11/fonts/75dpi/timR12.pcf.gz", "size_i": "18378", "regex": "false"},
	{"name_s": "/usr/share/X11/fonts/75dpi/timR14.pcf.gz", "size_i": "19532", "regex": "false"},
	{"name_s": "/usr/share/X11/fonts/75dpi/timR18.pcf.gz", "size_i": "21204", "regex": "false"},
	{"name_s": "/usr/share/X11/fonts/75dpi/timR24.pcf.gz", "size_i": "23224", "regex": "false"}
]
