[
	{"name_s": "/etc/X11/fontpath.d", "size_i": "4096", "regex": "false"},
	{"name_s": "/etc/X11/fontpath.d/xorg-x11-fonts-75dpi:unscaled:pri=20", "size_i": "26", "regex": "false"},
	{"name_s": "/usr/share/X11/fonts", "size_i": "4096", "regex": "false"},
	{"name_s": "/usr/share/X11/fonts/75dpi", "size_i": "65536", "regex": "false"},
	{"name_s": "/usr/share/X11/fonts/75dpi/UTBI__10-ISO8859-15.pcf.gz", "size_i": "4546", "regex": "false"},
	{"name_s": "/usr/share/X11/fonts/75dpi/UTBI__12-ISO8859-15.pcf.gz", "size_i": "4871", "regex": "false"},
	{"name_s": "/usr/share/X11/fonts/75dpi/UTBI__14-ISO8859-15.pcf.gz", "size_i": "5114", "regex": "false"},
	{"name_s": "/usr/share/X11/fonts/75dpi/UTBI__18-ISO8859-15.pcf.gz", "size_i": "5776", "regex": "false"},
	{"name_s": "/usr/share/X11/fonts/75dpi/UTBI__24-ISO8859-15.pcf.gz", "size_i": "6829", "regex": "false"},
	{"name_s": "/usr/share/X11/fonts/75dpi/UTB___10-ISO8859-15.pcf.gz", "size_i": "4363", "regex": "false"},
	{"name_s": "/usr/share/X11/fonts/75dpi/UTB___12-ISO8859-15.pcf.gz", "size_i": "4662", "regex": "false"},
	{"name_s": "/usr/share/X11/fonts/75dpi/UTB___14-ISO8859-15.pcf.gz", "size_i": "4860", "regex": "false"},
	{"name_s": "/usr/share/X11/fonts/75dpi/UTB___18-ISO8859-15.pcf.gz", "size_i": "5507", "regex": "false"},
	{"name_s": "/usr/share/X11/fonts/75dpi/UTB___24-ISO8859-15.pcf.gz", "size_i": "6386", "regex": "false"},
	{"name_s": "/usr/share/X11/fonts/75dpi/UTI___10-ISO8859-15.pcf.gz", "size_i": "4438", "regex": "false"},
	{"name_s": "/usr/share/X11/fonts/75dpi/UTI___12-ISO8859-15.pcf.gz", "size_i": "4765", "regex": "false"},
	{"name_s": "/usr/share/X11/fonts/75dpi/UTI___14-ISO8859-15.pcf.gz", "size_i": "5066", "regex": "false"},
	{"name_s": "/usr/share/X11/fonts/75dpi/UTI___18-ISO8859-15.pcf.gz", "size_i": "5571", "regex": "false"},
	{"name_s": "/usr/share/X11/fonts/75dpi/UTI___24-ISO8859-15.pcf.gz", "size_i": "6543", "regex": "false"},
	{"name_s": "/usr/share/X11/fonts/75dpi/UTRG__10-ISO8859-15.pcf.gz", "size_i": "4357", "regex": "false"},
	{"name_s": "/usr/share/X11/fonts/75dpi/UTRG__12-ISO8859-15.pcf.gz", "size_i": "4692", "regex": "false"},
	{"name_s": "/usr/share/X11/fonts/75dpi/UTRG__14-ISO8859-15.pcf.gz", "size_i": "4841", "regex": "false"},
	{"name_s": "/usr/share/X11/fonts/75dpi/UTRG__18-ISO8859-15.pcf.gz", "size_i": "5297", "regex": "false"},
	{"name_s": "/usr/share/X11/fonts/75dpi/UTRG__24-ISO8859-15.pcf.gz", "size_i": "6064", "regex": "false"},
	{"name_s": "/usr/share/X11/fonts/75dpi/courB08-ISO8859-15.pcf.gz", "size_i": "3748", "regex": "false"},
	{"name_s": "/usr/share/X11/fonts/75dpi/courB10-ISO8859-15.pcf.gz", "size_i": "3939", "regex": "false"},
	{"name_s": "/usr/share/X11/fonts/75dpi/courB12-ISO8859-15.pcf.gz", "size_i": "4053", "regex": "false"},
	{"name_s": "/usr/share/X11/fonts/75dpi/courB14-ISO8859-15.pcf.gz", "size_i": "4293", "regex": "false"},
	{"name_s": "/usr/share/X11/fonts/75dpi/courB18-ISO8859-15.pcf.gz", "size_i": "4710", "regex": "false"},
	{"name_s": "/usr/share/X11/fonts/75dpi/courB24-ISO8859-15.pcf.gz", "size_i": "5383", "regex": "false"},
	{"name_s": "/usr/share/X11/fonts/75dpi/courBO08-ISO8859-15.pcf.gz", "size_i": "3863", "regex": "false"},
	{"name_s": "/usr/share/X11/fonts/75dpi/courBO10-ISO8859-15.pcf.gz", "size_i": "4113", "regex": "false"},
	{"name_s": "/usr/share/X11/fonts/75dpi/courBO12-ISO8859-15.pcf.gz", "size_i": "4465", "regex": "false"},
	{"name_s": "/usr/share/X11/fonts/75dpi/courBO14-ISO8859-15.pcf.gz", "size_i": "4575", "regex": "false"},
	{"name_s": "/usr/share/X11/fonts/75dpi/courBO18-ISO8859-15.pcf.gz", "size_i": "5132", "regex": "false"},
	{"name_s": "/usr/share/X11/fonts/75dpi/courBO24-ISO8859-15.pcf.gz", "size_i": "5806", "regex": "false"},
	{"name_s": "/usr/share/X11/fonts/75dpi/courO08-ISO8859-15.pcf.gz", "size_i": "3801", "regex": "false"},
	{"name_s": "/usr/share/X11/fonts/75dpi/courO10-ISO8859-15.pcf.gz", "size_i": "3987", "regex": "false"},
	{"name_s": "/usr/share/X11/fonts/75dpi/courO12-ISO8859-15.pcf.gz", "size_i": "4294", "regex": "false"},
	{"name_s": "/usr/share/X11/fonts/75dpi/courO14-ISO8859-15.pcf.gz", "size_i": "4552", "regex": "false"},
	{"name_s": "/usr/share/X11/fonts/75dpi/courO18-ISO8859-15.pcf.gz", "size_i": "4926", "regex": "false"},
	{"name_s": "/usr/share/X11/fonts/75dpi/courO24-ISO8859-15.pcf.gz", "size_i": "5534", "regex": "false"},
	{"name_s": "/usr/share/X11/fonts/75dpi/courR08-ISO8859-15.pcf.gz", "size_i": "3714", "regex": "false"},
	{"name_s": "/usr/share/X11/fonts/75dpi/courR10-ISO8859-15.pcf.gz", "size_i": "3857", "regex": "false"},
	{"name_s": "/usr/share/X11/fonts/75dpi/courR12-ISO8859-15.pcf.gz", "size_i": "4069", "regex": "false"},
	{"name_s": "/usr/share/X11/fonts/75dpi/courR14-ISO8859-15.pcf.gz", "size_i": "4279", "regex": "false"},
	{"name_s": "/usr/share/X11/fonts/75dpi/courR18-ISO8859-15.pcf.gz", "size_i": "4615", "regex": "false"},
	{"name_s": "/usr/share/X11/fonts/75dpi/courR24-ISO8859-15.pcf.gz", "size_i": "5139", "regex": "false"},
	{"name_s": "/usr/share/X11/fonts/75dpi/encodings.dir", "size_i": "0", "regex": "false"},
	{"name_s": "/usr/share/X11/fonts/75dpi/fonts.alias", "size_i": "3066", "regex": "false"},
	{"name_s": "/usr/share/X11/fonts/75dpi/fonts.cache-1", "size_i": "0", "regex": "false"},
	{"name_s": "/usr/share/X11/fonts/75dpi/fonts.cache-2", "size_i": "0", "regex": "false"},
	{"name_s": "/usr/share/X11/fonts/75dpi/fonts.cache-3", "size_i": "0", "regex": "false"},
	{"name_s": "/usr/share/X11/fonts/75dpi/fonts.cache-4", "size_i": "0", "regex": "false"},
	{"name_s": "/usr/share/X11/fonts/75dpi/fonts.cache-5", "size_i": "0", "regex": "false"},
	{"name_s": "/usr/share/X11/fonts/75dpi/fonts.cache-6", "size_i": "0", "regex": "false"},
	{"name_s": "/usr/share/X11/fonts/75dpi/fonts.cache-7", "size_i": "0", "regex": "false"},
	{"name_s": "/usr/share/X11/fonts/75dpi/fonts.cache-8", "size_i": "0", "regex": "false"},
	{"name_s": "/usr/share/X11/fonts/75dpi/fonts.cache-9", "size_i": "0", "regex": "false"},
	{"name_s": "/usr/share/X11/fonts/75dpi/fonts.dir", "size_i": "0", "regex": "false"},
	{"name_s": "/usr/share/X11/fonts/75dpi/fonts.scale", "size_i": "2", "regex": "false"},
	{"name_s": "/usr/share/X11/fonts/75dpi/helvB08-ISO8859-15.pcf.gz", "size_i": "4155", "regex": "false"},
	{"name_s": "/usr/share/X11/fonts/75dpi/helvB10-ISO8859-15.pcf.gz", "size_i": "4338", "regex": "false"},
	{"name_s": "/usr/share/X11/fonts/75dpi/helvB12-ISO8859-15.pcf.gz", "size_i": "4459", "regex": "false"},
	{"name_s": "/usr/share/X11/fonts/75dpi/helvB14-ISO8859-15.pcf.gz", "size_i": "4753", "regex": "false"},
	{"name_s": "/usr/share/X11/fonts/75dpi/helvB18-ISO8859-15.pcf.gz", "size_i": "5271", "regex": "false"},
	{"name_s": "/usr/share/X11/fonts/75dpi/helvB24-ISO8859-15.pcf.gz", "size_i": "5947", "regex": "false"},
	{"name_s": "/usr/share/X11/fonts/75dpi/helvBO08-ISO8859-15.pcf.gz", "size_i": "4296", "regex": "false"},
	{"name_s": "/usr/share/X11/fonts/75dpi/helvBO10-ISO8859-15.pcf.gz", "size_i": "4533", "regex": "false"},
	{"name_s": "/usr/share/X11/fonts/75dpi/helvBO12-ISO8859-15.pcf.gz", "size_i": "4777", "regex": "false"},
	{"name_s": "/usr/share/X11/fonts/75dpi/helvBO14-ISO8859-15.pcf.gz", "size_i": "5025", "regex": "false"},
	{"name_s": "/usr/share/X11/fonts/75dpi/helvBO18-ISO8859-15.pcf.gz", "size_i": "5691", "regex": "false"},
	{"name_s": "/usr/share/X11/fonts/75dpi/helvBO24-ISO8859-15.pcf.gz", "size_i": "6387", "regex": "false"},
	{"name_s": "/usr/share/X11/fonts/75dpi/helvO08-ISO8859-15.pcf.gz", "size_i": "4268", "regex": "false"},
	{"name_s": "/usr/share/X11/fonts/75dpi/helvO10-ISO8859-15.pcf.gz", "size_i": "4487", "regex": "false"},
	{"name_s": "/usr/share/X11/fonts/75dpi/helvO12-ISO8859-15.pcf.gz", "size_i": "4670", "regex": "false"},
	{"name_s": "/usr/share/X11/fonts/75dpi/helvO14-ISO8859-15.pcf.gz", "size_i": "4955", "regex": "false"},
	{"name_s": "/usr/share/X11/fonts/75dpi/helvO18-ISO8859-15.pcf.gz", "size_i": "5634", "regex": "false"},
	{"name_s": "/usr/share/X11/fonts/75dpi/helvO24-ISO8859-15.pcf.gz", "size_i": "6486", "regex": "false"},
	{"name_s": "/usr/share/X11/fonts/75dpi/helvR08-ISO8859-15.pcf.gz", "size_i": "4124", "regex": "false"},
	{"name_s": "/usr/share/X11/fonts/75dpi/helvR10-ISO8859-15.pcf.gz", "size_i": "4303", "regex": "false"},
	{"name_s": "/usr/share/X11/fonts/75dpi/helvR12-ISO8859-15.pcf.gz", "size_i": "4408", "regex": "false"},
	{"name_s": "/usr/share/X11/fonts/75dpi/helvR14-ISO8859-15.pcf.gz", "size_i": "4663", "regex": "false"},
	{"name_s": "/usr/share/X11/fonts/75dpi/helvR18-ISO8859-15.pcf.gz", "size_i": "5241", "regex": "false"},
	{"name_s": "/usr/share/X11/fonts/75dpi/helvR24-ISO8859-15.pcf.gz", "size_i": "5952", "regex": "false"},
	{"name_s": "/usr/share/X11/fonts/75dpi/luBIS08-ISO8859-15.pcf.gz", "size_i": "4065", "regex": "false"},
	{"name_s": "/usr/share/X11/fonts/75dpi/luBIS10-ISO8859-15.pcf.gz", "size_i": "4333", "regex": "false"},
	{"name_s": "/usr/share/X11/fonts/75dpi/luBIS12-ISO8859-15.pcf.gz", "size_i": "4627", "regex": "false"},
	{"name_s": "/usr/share/X11/fonts/75dpi/luBIS14-ISO8859-15.pcf.gz", "size_i": "4784", "regex": "false"},
	{"name_s": "/usr/share/X11/fonts/75dpi/luBIS18-ISO8859-15.pcf.gz", "size_i": "5430", "regex": "false"},
	{"name_s": "/usr/share/X11/fonts/75dpi/luBIS19-ISO8859-15.pcf.gz", "size_i": "5809", "regex": "false"},
	{"name_s": "/usr/share/X11/fonts/75dpi/luBIS24-ISO8859-15.pcf.gz", "size_i": "6495", "regex": "false"},
	{"name_s": "/usr/share/X11/fonts/75dpi/luBS08-ISO8859-15.pcf.gz", "size_i": "3964", "regex": "false"},
	{"name_s": "/usr/share/X11/fonts/75dpi/luBS10-ISO8859-15.pcf.gz", "size_i": "4194", "regex": "false"},
	{"name_s": "/usr/share/X11/fonts/75dpi/luBS12-ISO8859-15.pcf.gz", "size_i": "4420", "regex": "false"},
	{"name_s": "/usr/share/X11/fonts/75dpi/luBS14-ISO8859-15.pcf.gz", "size_i": "4564", "regex": "false"},
	{"name_s": "/usr/share/X11/fonts/75dpi/luBS18-ISO8859-15.pcf.gz", "size_i": "5177", "regex": "false"},
	{"name_s": "/usr/share/X11/fonts/75dpi/luBS19-ISO8859-15.pcf.gz", "size_i": "5412", "regex": "false"},
	{"name_s": "/usr/share/X11/fonts/75dpi/luBS24-ISO8859-15.pcf.gz", "size_i": "5953", "regex": "false"},
	{"name_s": "/usr/share/X11/fonts/75dpi/luIS08-ISO8859-15.pcf.gz", "size_i": "3958", "regex": "false"},
	{"name_s": "/usr/share/X11/fonts/75dpi/luIS10-ISO8859-15.pcf.gz", "size_i": "4249", "regex": "false"},
	{"name_s": "/usr/share/X11/fonts/75dpi/luIS12-ISO8859-15.pcf.gz", "size_i": "4517", "regex": "false"},
	{"name_s": "/usr/share/X11/fonts/75dpi/luIS14-ISO8859-15.pcf.gz", "size_i": "4655", "regex": "false"},
	{"name_s": "/usr/share/X11/fonts/75dpi/luIS18-ISO8859-15.pcf.gz", "size_i": "5335", "regex": "false"},
	{"name_s": "/usr/share/X11/fonts/75dpi/luIS19-ISO8859-15.pcf.gz", "size_i": "5789", "regex": "false"},
	{"name_s": "/usr/share/X11/fonts/75dpi/luIS24-ISO8859-15.pcf.gz", "size_i": "6375", "regex": "false"},
	{"name_s": "/usr/share/X11/fonts/75dpi/luRS08-ISO8859-15.pcf.gz", "size_i": "3891", "regex": "false"},
	{"name_s": "/usr/share/X11/fonts/75dpi/luRS10-ISO8859-15.pcf.gz", "size_i": "4108", "regex": "false"},
	{"name_s": "/usr/share/X11/fonts/75dpi/luRS12-ISO8859-15.pcf.gz", "size_i": "4387", "regex": "false"},
	{"name_s": "/usr/share/X11/fonts/75dpi/luRS14-ISO8859-15.pcf.gz", "size_i": "4504", "regex": "false"},
	{"name_s": "/usr/share/X11/fonts/75dpi/luRS18-ISO8859-15.pcf.gz", "size_i": "5019", "regex": "false"},
	{"name_s": "/usr/share/X11/fonts/75dpi/luRS19-ISO8859-15.pcf.gz", "size_i": "5334", "regex": "false"},
	{"name_s": "/usr/share/X11/fonts/75dpi/luRS24-ISO8859-15.pcf.gz", "size_i": "5892", "regex": "false"},
	{"name_s": "/usr/share/X11/fonts/75dpi/lubB08-ISO8859-15.pcf.gz", "size_i": "3999", "regex": "false"},
	{"name_s": "/usr/share/X11/fonts/75dpi/lubB10-ISO8859-15.pcf.gz", "size_i": "4280", "regex": "false"},
	{"name_s": "/usr/share/X11/fonts/75dpi/lubB12-ISO8859-15.pcf.gz", "size_i": "4582", "regex": "false"},
	{"name_s": "/usr/share/X11/fonts/75dpi/lubB14-ISO8859-15.pcf.gz", "size_i": "4828", "regex": "false"},
	{"name_s": "/usr/share/X11/fonts/75dpi/lubB18-ISO8859-15.pcf.gz", "size_i": "5404", "regex": "false"},
	{"name_s": "/usr/share/X11/fonts/75dpi/lubB19-ISO8859-15.pcf.gz", "size_i": "5562", "regex": "false"},
	{"name_s": "/usr/share/X11/fonts/75dpi/lubB24-ISO8859-15.pcf.gz", "size_i": "6085", "regex": "false"},
	{"name_s": "/usr/share/X11/fonts/75dpi/lubBI08-ISO8859-15.pcf.gz", "size_i": "4132", "regex": "false"},
	{"name_s": "/usr/share/X11/fonts/75dpi/lubBI10-ISO8859-15.pcf.gz", "size_i": "4461", "regex": "false"},
	{"name_s": "/usr/share/X11/fonts/75dpi/lubBI12-ISO8859-15.pcf.gz", "size_i": "4803", "regex": "false"},
	{"name_s": "/usr/share/X11/fonts/75dpi/lubBI14-ISO8859-15.pcf.gz", "size_i": "5152", "regex": "false"},
	{"name_s": "/usr/share/X11/fonts/75dpi/lubBI18-ISO8859-15.pcf.gz", "size_i": "5809", "regex": "false"},
	{"name_s": "/usr/share/X11/fonts/75dpi/lubBI19-ISO8859-15.pcf.gz", "size_i": "5963", "regex": "false"},
	{"name_s": "/usr/share/X11/fonts/75dpi/lubBI24-ISO8859-15.pcf.gz", "size_i": "6713", "regex": "false"},
	{"name_s": "/usr/share/X11/fonts/75dpi/lubI08-ISO8859-15.pcf.gz", "size_i": "4072", "regex": "false"},
	{"name_s": "/usr/share/X11/fonts/75dpi/lubI10-ISO8859-15.pcf.gz", "size_i": "4385", "regex": "false"},
	{"name_s": "/usr/share/X11/fonts/75dpi/lubI12-ISO8859-15.pcf.gz", "size_i": "4755", "regex": "false"},
	{"name_s": "/usr/share/X11/fonts/75dpi/lubI14-ISO8859-15.pcf.gz", "size_i": "5063", "regex": "false"},
	{"name_s": "/usr/share/X11/fonts/75dpi/lubI18-ISO8859-15.pcf.gz", "size_i": "5715", "regex": "false"},
	{"name_s": "/usr/share/X11/fonts/75dpi/lubI19-ISO8859-15.pcf.gz", "size_i": "5865", "regex": "false"},
	{"name_s": "/usr/share/X11/fonts/75dpi/lubI24-ISO8859-15.pcf.gz", "size_i": "6628", "regex": "false"},
	{"name_s": "/usr/share/X11/fonts/75dpi/lubR08-ISO8859-15.pcf.gz", "size_i": "3947", "regex": "false"},
	{"name_s": "/usr/share/X11/fonts/75dpi/lubR10-ISO8859-15.pcf.gz", "size_i": "4226", "regex": "false"},
	{"name_s": "/usr/share/X11/fonts/75dpi/lubR12-ISO8859-15.pcf.gz", "size_i": "4483", "regex": "false"},
	{"name_s": "/usr/share/X11/fonts/75dpi/lubR14-ISO8859-15.pcf.gz", "size_i": "4729", "regex": "false"},
	{"name_s": "/usr/share/X11/fonts/75dpi/lubR18-ISO8859-15.pcf.gz", "size_i": "5305", "regex": "false"},
	{"name_s": "/usr/share/X11/fonts/75dpi/lubR19-ISO8859-15.pcf.gz", "size_i": "5452", "regex": "false"},
	{"name_s": "/usr/share/X11/fonts/75dpi/lubR24-ISO8859-15.pcf.gz", "size_i": "5971", "regex": "false"},
	{"name_s": "/usr/share/X11/fonts/75dpi/lutBS08-ISO8859-15.pcf.gz", "size_i": "3497", "regex": "false"},
	{"name_s": "/usr/share/X11/fonts/75dpi/lutBS10-ISO8859-15.pcf.gz", "size_i": "4050", "regex": "false"},
	{"name_s": "/usr/share/X11/fonts/75dpi/lutBS12-ISO8859-15.pcf.gz", "size_i": "3979", "regex": "false"},
	{"name_s": "/usr/share/X11/fonts/75dpi/lutBS14-ISO8859-15.pcf.gz", "size_i": "4125", "regex": "false"},
	{"name_s": "/usr/share/X11/fonts/75dpi/lutBS18-ISO8859-15.pcf.gz", "size_i": "4691", "regex": "false"},
	{"name_s": "/usr/share/X11/fonts/75dpi/lutBS19-ISO8859-15.pcf.gz", "size_i": "4871", "regex": "false"},
	{"name_s": "/usr/share/X11/fonts/75dpi/lutBS24-ISO8859-15.pcf.gz", "size_i": "5421", "regex": "false"},
	{"name_s": "/usr/share/X11/fonts/75dpi/lutRS08-ISO8859-15.pcf.gz", "size_i": "3515", "regex": "false"},
	{"name_s": "/usr/share/X11/fonts/75dpi/lutRS10-ISO8859-15.pcf.gz", "size_i": "3752", "regex": "false"},
	{"name_s": "/usr/share/X11/fonts/75dpi/lutRS12-ISO8859-15.pcf.gz", "size_i": "3961", "regex": "false"},
	{"name_s": "/usr/share/X11/fonts/75dpi/lutRS14-ISO8859-15.pcf.gz", "size_i": "4079", "regex": "false"},
	{"name_s": "/usr/share/X11/fonts/75dpi/lutRS18-ISO8859-15.pcf.gz", "size_i": "4583", "regex": "false"},
	{"name_s": "/usr/share/X11/fonts/75dpi/lutRS19-ISO8859-15.pcf.gz", "size_i": "4878", "regex": "false"},
	{"name_s": "/usr/share/X11/fonts/75dpi/lutRS24-ISO8859-15.pcf.gz", "size_i": "5366", "regex": "false"},
	{"name_s": "/usr/share/X11/fonts/75dpi/ncenB08-ISO8859-15.pcf.gz", "size_i": "4260", "regex": "false"},
	{"name_s": "/usr/share/X11/fonts/75dpi/ncenB10-ISO8859-15.pcf.gz", "size_i": "4544", "regex": "false"},
	{"name_s": "/usr/share/X11/fonts/75dpi/ncenB12-ISO8859-15.pcf.gz", "size_i": "4732", "regex": "false"},
	{"name_s": "/usr/share/X11/fonts/75dpi/ncenB14-ISO8859-15.pcf.gz", "size_i": "5038", "regex": "false"},
	{"name_s": "/usr/share/X11/fonts/75dpi/ncenB18-ISO8859-15.pcf.gz", "size_i": "5815", "regex": "false"},
	{"name_s": "/usr/share/X11/fonts/75dpi/ncenB24-ISO8859-15.pcf.gz", "size_i": "6552", "regex": "false"},
	{"name_s": "/usr/share/X11/fonts/75dpi/ncenBI08-ISO8859-15.pcf.gz", "size_i": "4367", "regex": "false"},
	{"name_s": "/usr/share/X11/fonts/75dpi/ncenBI10-ISO8859-15.pcf.gz", "size_i": "4619", "regex": "false"},
	{"name_s": "/usr/share/X11/fonts/75dpi/ncenBI12-ISO8859-15.pcf.gz", "size_i": "4888", "regex": "false"},
	{"name_s": "/usr/share/X11/fonts/75dpi/ncenBI14-ISO8859-15.pcf.gz", "size_i": "5214", "regex": "false"},
	{"name_s": "/usr/share/X11/fonts/75dpi/ncenBI18-ISO8859-15.pcf.gz", "size_i": "6058", "regex": "false"},
	{"name_s": "/usr/share/X11/fonts/75dpi/ncenBI24-ISO8859-15.pcf.gz", "size_i": "6947", "regex": "false"},
	{"name_s": "/usr/share/X11/fonts/75dpi/ncenI08-ISO8859-15.pcf.gz", "size_i": "4304", "regex": "false"},
	{"name_s": "/usr/share/X11/fonts/75dpi/ncenI10-ISO8859-15.pcf.gz", "size_i": "4513", "regex": "false"},
	{"name_s": "/usr/share/X11/fonts/75dpi/ncenI12-ISO8859-15.pcf.gz", "size_i": "4691", "regex": "false"},
	{"name_s": "/usr/share/X11/fonts/75dpi/ncenI14-ISO8859-15.pcf.gz", "size_i": "4991", "regex": "false"},
	{"name_s": "/usr/share/X11/fonts/75dpi/ncenI18-ISO8859-15.pcf.gz", "size_i": "5716", "regex": "false"},
	{"name_s": "/usr/share/X11/fonts/75dpi/ncenI24-ISO8859-15.pcf.gz", "size_i": "6655", "regex": "false"},
	{"name_s": "/usr/share/X11/fonts/75dpi/ncenR08-ISO8859-15.pcf.gz", "size_i": "4139", "regex": "false"},
	{"name_s": "/usr/share/X11/fonts/75dpi/ncenR10-ISO8859-15.pcf.gz", "size_i": "4396", "regex": "false"},
	{"name_s": "/usr/share/X11/fonts/75dpi/ncenR12-ISO8859-15.pcf.gz", "size_i": "4482", "regex": "false"},
	{"name_s": "/usr/share/X11/fonts/75dpi/ncenR14-ISO8859-15.pcf.gz", "size_i": "4862", "regex": "false"},
	{"name_s": "/usr/share/X11/fonts/75dpi/ncenR18-ISO8859-15.pcf.gz", "size_i": "5484", "regex": "false"},
	{"name_s": "/usr/share/X11/fonts/75dpi/ncenR24-ISO8859-15.pcf.gz", "size_i": "6321", "regex": "false"},
	{"name_s": "/usr/share/X11/fonts/75dpi/timB08-ISO8859-15.pcf.gz", "size_i": "4049", "regex": "false"},
	{"name_s": "/usr/share/X11/fonts/75dpi/timB10-ISO8859-15.pcf.gz", "size_i": "4358", "regex": "false"},
	{"name_s": "/usr/share/X11/fonts/75dpi/timB12-ISO8859-15.pcf.gz", "size_i": "4636", "regex": "false"},
	{"name_s": "/usr/share/X11/fonts/75dpi/timB14-ISO8859-15.pcf.gz", "size_i": "4890", "regex": "false"},
	{"name_s": "/usr/share/X11/fonts/75dpi/timB18-ISO8859-15.pcf.gz", "size_i": "5479", "regex": "false"},
	{"name_s": "/usr/share/X11/fonts/75dpi/timB24-ISO8859-15.pcf.gz", "size_i": "6359", "regex": "false"},
	{"name_s": "/usr/share/X11/fonts/75dpi/timBI08-ISO8859-15.pcf.gz", "size_i": "4182", "regex": "false"},
	{"name_s": "/usr/share/X11/fonts/75dpi/timBI10-ISO8859-15.pcf.gz", "size_i": "4555", "regex": "false"},
	{"name_s": "/usr/share/X11/fonts/75dpi/timBI12-ISO8859-15.pcf.gz", "size_i": "4885", "regex": "false"},
	{"name_s": "/usr/share/X11/fonts/75dpi/timBI14-ISO8859-15.pcf.gz", "size_i": "5150", "regex": "false"},
	{"name_s": "/usr/share/X11/fonts/75dpi/timBI18-ISO8859-15.pcf.gz", "size_i": "5708", "regex": "false"},
	{"name_s": "/usr/share/X11/fonts/75dpi/timBI24-ISO8859-15.pcf.gz", "size_i": "6795", "regex": "false"},
	{"name_s": "/usr/share/X11/fonts/75dpi/timI08-ISO8859-15.pcf.gz", "size_i": "4153", "regex": "false"},
	{"name_s": "/usr/share/X11/fonts/75dpi/timI10-ISO8859-15.pcf.gz", "size_i": "4424", "regex": "false"},
	{"name_s": "/usr/share/X11/fonts/75dpi/timI12-ISO8859-15.pcf.gz", "size_i": "4702", "regex": "false"},
	{"name_s": "/usr/share/X11/fonts/75dpi/timI14-ISO8859-15.pcf.gz", "size_i": "4966", "regex": "false"},
	{"name_s": "/usr/share/X11/fonts/75dpi/timI18-ISO8859-15.pcf.gz", "size_i": "5727", "regex": "false"},
	{"name_s": "/usr/share/X11/fonts/75dpi/timI24-ISO8859-15.pcf.gz", "size_i": "6644", "regex": "false"},
	{"name_s": "/usr/share/X11/fonts/75dpi/timR08-ISO8859-15.pcf.gz", "size_i": "4040", "regex": "false"},
	{"name_s": "/usr/share/X11/fonts/75dpi/timR10-ISO8859-15.pcf.gz", "size_i": "4275", "regex": "false"},
	{"name_s": "/usr/share/X11/fonts/75dpi/timR12-ISO8859-15.pcf.gz", "size_i": "4577", "regex": "false"},
	{"name_s": "/usr/share/X11/fonts/75dpi/timR14-ISO8859-15.pcf.gz", "size_i": "4851", "regex": "false"},
	{"name_s": "/usr/share/X11/fonts/75dpi/timR18-ISO8859-15.pcf.gz", "size_i": "5462", "regex": "false"},
	{"name_s": "/usr/share/X11/fonts/75dpi/timR24-ISO8859-15.pcf.gz", "size_i": "5994", "regex": "false"}
]
