[
	{"name_s": "/etc/X11/fontpath.d", "size_i": "4096", "regex": "false"},
	{"name_s": "/etc/X11/fontpath.d/xorg-x11-fonts-75dpi:unscaled:pri=20", "size_i": "26", "regex": "false"},
	{"name_s": "/usr/share/X11/fonts", "size_i": "4096", "regex": "false"},
	{"name_s": "/usr/share/X11/fonts/75dpi", "size_i": "65536", "regex": "false"},
	{"name_s": "/usr/share/X11/fonts/75dpi/UTBI__10-ISO8859-2.pcf.gz", "size_i": "4467", "regex": "false"},
	{"name_s": "/usr/share/X11/fonts/75dpi/UTBI__12-ISO8859-2.pcf.gz", "size_i": "4749", "regex": "false"},
	{"name_s": "/usr/share/X11/fonts/75dpi/UTBI__14-ISO8859-2.pcf.gz", "size_i": "4946", "regex": "false"},
	{"name_s": "/usr/share/X11/fonts/75dpi/UTBI__18-ISO8859-2.pcf.gz", "size_i": "5516", "regex": "false"},
	{"name_s": "/usr/share/X11/fonts/75dpi/UTBI__24-ISO8859-2.pcf.gz", "size_i": "6463", "regex": "false"},
	{"name_s": "/usr/share/X11/fonts/75dpi/UTB___10-ISO8859-2.pcf.gz", "size_i": "4282", "regex": "false"},
	{"name_s": "/usr/share/X11/fonts/75dpi/UTB___12-ISO8859-2.pcf.gz", "size_i": "4586", "regex": "false"},
	{"name_s": "/usr/share/X11/fonts/75dpi/UTB___14-ISO8859-2.pcf.gz", "size_i": "4767", "regex": "false"},
	{"name_s": "/usr/share/X11/fonts/75dpi/UTB___18-ISO8859-2.pcf.gz", "size_i": "5323", "regex": "false"},
	{"name_s": "/usr/share/X11/fonts/75dpi/UTB___24-ISO8859-2.pcf.gz", "size_i": "6051", "regex": "false"},
	{"name_s": "/usr/share/X11/fonts/75dpi/UTI___10-ISO8859-2.pcf.gz", "size_i": "4347", "regex": "false"},
	{"name_s": "/usr/share/X11/fonts/75dpi/UTI___12-ISO8859-2.pcf.gz", "size_i": "4637", "regex": "false"},
	{"name_s": "/usr/share/X11/fonts/75dpi/UTI___14-ISO8859-2.pcf.gz", "size_i": "4936", "regex": "false"},
	{"name_s": "/usr/share/X11/fonts/75dpi/UTI___18-ISO8859-2.pcf.gz", "size_i": "5338", "regex": "false"},
	{"name_s": "/usr/share/X11/fonts/75dpi/UTI___24-ISO8859-2.pcf.gz", "size_i": "6147", "regex": "false"},
	{"name_s": "/usr/share/X11/fonts/75dpi/UTRG__10-ISO8859-2.pcf.gz", "size_i": "4291", "regex": "false"},
	{"name_s": "/usr/share/X11/fonts/75dpi/UTRG__12-ISO8859-2.pcf.gz", "size_i": "4617", "regex": "false"},
	{"name_s": "/usr/share/X11/fonts/75dpi/UTRG__14-ISO8859-2.pcf.gz", "size_i": "4732", "regex": "false"},
	{"name_s": "/usr/share/X11/fonts/75dpi/UTRG__18-ISO8859-2.pcf.gz", "size_i": "5133", "regex": "false"},
	{"name_s": "/usr/share/X11/fonts/75dpi/UTRG__24-ISO8859-2.pcf.gz", "size_i": "5814", "regex": "false"},
	{"name_s": "/usr/share/X11/fonts/75dpi/courB08-ISO8859-2.pcf.gz", "size_i": "3679", "regex": "false"},
	{"name_s": "/usr/share/X11/fonts/75dpi/courB10-ISO8859-2.pcf.gz", "size_i": "3864", "regex": "false"},
	{"name_s": "/usr/share/X11/fonts/75dpi/courB12-ISO8859-2.pcf.gz", "size_i": "3917", "regex": "false"},
	{"name_s": "/usr/share/X11/fonts/75dpi/courB14-ISO8859-2.pcf.gz", "size_i": "4154", "regex": "false"},
	{"name_s": "/usr/share/X11/fonts/75dpi/courB18-ISO8859-2.pcf.gz", "size_i": "4528", "regex": "false"},
	{"name_s": "/usr/share/X11/fonts/75dpi/courB24-ISO8859-2.pcf.gz", "size_i": "5085", "regex": "false"},
	{"name_s": "/usr/share/X11/fonts/75dpi/courBO08-ISO8859-2.pcf.gz", "size_i": "3802", "regex": "false"},
	{"name_s": "/usr/share/X11/fonts/75dpi/courBO10-ISO8859-2.pcf.gz", "size_i": "4024", "regex": "false"},
	{"name_s": "/usr/share/X11/fonts/75dpi/courBO12-ISO8859-2.pcf.gz", "size_i": "4313", "regex": "false"},
	{"name_s": "/usr/share/X11/fonts/75dpi/courBO14-ISO8859-2.pcf.gz", "size_i": "4399", "regex": "false"},
	{"name_s": "/usr/share/X11/fonts/75dpi/courBO18-ISO8859-2.pcf.gz", "size_i": "4860", "regex": "false"},
	{"name_s": "/usr/share/X11/fonts/75dpi/courBO24-ISO8859-2.pcf.gz", "size_i": "5435", "regex": "false"},
	{"name_s": "/usr/share/X11/fonts/75dpi/courO08-ISO8859-2.pcf.gz", "size_i": "3733", "regex": "false"},
	{"name_s": "/usr/share/X11/fonts/75dpi/courO10-ISO8859-2.pcf.gz", "size_i": "3900", "regex": "false"},
	{"name_s": "/usr/share/X11/fonts/75dpi/courO12-ISO8859-2.pcf.gz", "size_i": "4157", "regex": "false"},
	{"name_s": "/usr/share/X11/fonts/75dpi/courO14-ISO8859-2.pcf.gz", "size_i": "4348", "regex": "false"},
	{"name_s": "/usr/share/X11/fonts/75dpi/courO18-ISO8859-2.pcf.gz", "size_i": "4654", "regex": "false"},
	{"name_s": "/usr/share/X11/fonts/75dpi/courO24-ISO8859-2.pcf.gz", "size_i": "5215", "regex": "false"},
	{"name_s": "/usr/share/X11/fonts/75dpi/courR08-ISO8859-2.pcf.gz", "size_i": "3699", "regex": "false"},
	{"name_s": "/usr/share/X11/fonts/75dpi/courR10-ISO8859-2.pcf.gz", "size_i": "3786", "regex": "false"},
	{"name_s": "/usr/share/X11/fonts/75dpi/courR12-ISO8859-2.pcf.gz", "size_i": "3991", "regex": "false"},
	{"name_s": "/usr/share/X11/fonts/75dpi/courR14-ISO8859-2.pcf.gz", "size_i": "4120", "regex": "false"},
	{"name_s": "/usr/share/X11/fonts/75dpi/courR18-ISO8859-2.pcf.gz", "size_i": "4415", "regex": "false"},
	{"name_s": "/usr/share/X11/fonts/75dpi/courR24-ISO8859-2.pcf.gz", "size_i": "4891", "regex": "false"},
	{"name_s": "/usr/share/X11/fonts/75dpi/encodings.dir", "size_i": "0", "regex": "false"},
	{"name_s": "/usr/share/X11/fonts/75dpi/fonts.alias", "size_i": "3066", "regex": "false"},
	{"name_s": "/usr/share/X11/fonts/75dpi/fonts.cache-1", "size_i": "0", "regex": "false"},
	{"name_s": "/usr/share/X11/fonts/75dpi/fonts.cache-2", "size_i": "0", "regex": "false"},
	{"name_s": "/usr/share/X11/fonts/75dpi/fonts.cache-3", "size_i": "0", "regex": "false"},
	{"name_s": "/usr/share/X11/fonts/75dpi/fonts.cache-4", "size_i": "0", "regex": "false"},
	{"name_s": "/usr/share/X11/fonts/75dpi/fonts.cache-5", "size_i": "0", "regex": "false"},
	{"name_s": "/usr/share/X11/fonts/75dpi/fonts.cache-6", "size_i": "0", "regex": "false"},
	{"name_s": "/usr/share/X11/fonts/75dpi/fonts.cache-7", "size_i": "0", "regex": "false"},
	{"name_s": "/usr/share/X11/fonts/75dpi/fonts.cache-8", "size_i": "0", "regex": "false"},
	{"name_s": "/usr/share/X11/fonts/75dpi/fonts.cache-9", "size_i": "0", "regex": "false"},
	{"name_s": "/usr/share/X11/fonts/75dpi/fonts.dir", "size_i": "0", "regex": "false"},
	{"name_s": "/usr/share/X11/fonts/75dpi/fonts.scale", "size_i": "2", "regex": "false"},
	{"name_s": "/usr/share/X11/fonts/75dpi/helvB08-ISO8859-2.pcf.gz", "size_i": "4064", "regex": "false"},
	{"name_s": "/usr/share/X11/fonts/75dpi/helvB10-ISO8859-2.pcf.gz", "size_i": "4231", "regex": "false"},
	{"name_s": "/usr/share/X11/fonts/75dpi/helvB12-ISO8859-2.pcf.gz", "size_i": "4357", "regex": "false"},
	{"name_s": "/usr/share/X11/fonts/75dpi/helvB14-ISO8859-2.pcf.gz", "size_i": "4592", "regex": "false"},
	{"name_s": "/usr/share/X11/fonts/75dpi/helvB18-ISO8859-2.pcf.gz", "size_i": "5034", "regex": "false"},
	{"name_s": "/usr/share/X11/fonts/75dpi/helvB24-ISO8859-2.pcf.gz", "size_i": "5625", "regex": "false"},
	{"name_s": "/usr/share/X11/fonts/75dpi/helvBO08-ISO8859-2.pcf.gz", "size_i": "4192", "regex": "false"},
	{"name_s": "/usr/share/X11/fonts/75dpi/helvBO10-ISO8859-2.pcf.gz", "size_i": "4403", "regex": "false"},
	{"name_s": "/usr/share/X11/fonts/75dpi/helvBO12-ISO8859-2.pcf.gz", "size_i": "4588", "regex": "false"},
	{"name_s": "/usr/share/X11/fonts/75dpi/helvBO14-ISO8859-2.pcf.gz", "size_i": "4862", "regex": "false"},
	{"name_s": "/usr/share/X11/fonts/75dpi/helvBO18-ISO8859-2.pcf.gz", "size_i": "5406", "regex": "false"},
	{"name_s": "/usr/share/X11/fonts/75dpi/helvBO24-ISO8859-2.pcf.gz", "size_i": "5988", "regex": "false"},
	{"name_s": "/usr/share/X11/fonts/75dpi/helvO08-ISO8859-2.pcf.gz", "size_i": "4163", "regex": "false"},
	{"name_s": "/usr/share/X11/fonts/75dpi/helvO10-ISO8859-2.pcf.gz", "size_i": "4352", "regex": "false"},
	{"name_s": "/usr/share/X11/fonts/75dpi/helvO12-ISO8859-2.pcf.gz", "size_i": "4543", "regex": "false"},
	{"name_s": "/usr/share/X11/fonts/75dpi/helvO14-ISO8859-2.pcf.gz", "size_i": "4782", "regex": "false"},
	{"name_s": "/usr/share/X11/fonts/75dpi/helvO18-ISO8859-2.pcf.gz", "size_i": "5353", "regex": "false"},
	{"name_s": "/usr/share/X11/fonts/75dpi/helvO24-ISO8859-2.pcf.gz", "size_i": "6020", "regex": "false"},
	{"name_s": "/usr/share/X11/fonts/75dpi/helvR08-ISO8859-2.pcf.gz", "size_i": "4022", "regex": "false"},
	{"name_s": "/usr/share/X11/fonts/75dpi/helvR10-ISO8859-2.pcf.gz", "size_i": "4187", "regex": "false"},
	{"name_s": "/usr/share/X11/fonts/75dpi/helvR12-ISO8859-2.pcf.gz", "size_i": "4293", "regex": "false"},
	{"name_s": "/usr/share/X11/fonts/75dpi/helvR14-ISO8859-2.pcf.gz", "size_i": "4514", "regex": "false"},
	{"name_s": "/usr/share/X11/fonts/75dpi/helvR18-ISO8859-2.pcf.gz", "size_i": "5004", "regex": "false"},
	{"name_s": "/usr/share/X11/fonts/75dpi/helvR24-ISO8859-2.pcf.gz", "size_i": "5658", "regex": "false"},
	{"name_s": "/usr/share/X11/fonts/75dpi/luBIS08-ISO8859-2.pcf.gz", "size_i": "4037", "regex": "false"},
	{"name_s": "/usr/share/X11/fonts/75dpi/luBIS10-ISO8859-2.pcf.gz", "size_i": "4258", "regex": "false"},
	{"name_s": "/usr/share/X11/fonts/75dpi/luBIS12-ISO8859-2.pcf.gz", "size_i": "4498", "regex": "false"},
	{"name_s": "/usr/share/X11/fonts/75dpi/luBIS14-ISO8859-2.pcf.gz", "size_i": "4603", "regex": "false"},
	{"name_s": "/usr/share/X11/fonts/75dpi/luBIS18-ISO8859-2.pcf.gz", "size_i": "5158", "regex": "false"},
	{"name_s": "/usr/share/X11/fonts/75dpi/luBIS19-ISO8859-2.pcf.gz", "size_i": "5490", "regex": "false"},
	{"name_s": "/usr/share/X11/fonts/75dpi/luBIS24-ISO8859-2.pcf.gz", "size_i": "6090", "regex": "false"},
	{"name_s": "/usr/share/X11/fonts/75dpi/luBS08-ISO8859-2.pcf.gz", "size_i": "3952", "regex": "false"},
	{"name_s": "/usr/share/X11/fonts/75dpi/luBS10-ISO8859-2.pcf.gz", "size_i": "4121", "regex": "false"},
	{"name_s": "/usr/share/X11/fonts/75dpi/luBS12-ISO8859-2.pcf.gz", "size_i": "4323", "regex": "false"},
	{"name_s": "/usr/share/X11/fonts/75dpi/luBS14-ISO8859-2.pcf.gz", "size_i": "4456", "regex": "false"},
	{"name_s": "/usr/share/X11/fonts/75dpi/luBS18-ISO8859-2.pcf.gz", "size_i": "4965", "regex": "false"},
	{"name_s": "/usr/share/X11/fonts/75dpi/luBS19-ISO8859-2.pcf.gz", "size_i": "5201", "regex": "false"},
	{"name_s": "/usr/share/X11/fonts/75dpi/luBS24-ISO8859-2.pcf.gz", "size_i": "5738", "regex": "false"},
	{"name_s": "/usr/share/X11/fonts/75dpi/luIS08-ISO8859-2.pcf.gz", "size_i": "3951", "regex": "false"},
	{"name_s": "/usr/share/X11/fonts/75dpi/luIS10-ISO8859-2.pcf.gz", "size_i": "4176", "regex": "false"},
	{"name_s": "/usr/share/X11/fonts/75dpi/luIS12-ISO8859-2.pcf.gz", "size_i": "4403", "regex": "false"},
	{"name_s": "/usr/share/X11/fonts/75dpi/luIS14-ISO8859-2.pcf.gz", "size_i": "4488", "regex": "false"},
	{"name_s": "/usr/share/X11/fonts/75dpi/luIS18-ISO8859-2.pcf.gz", "size_i": "5056", "regex": "false"},
	{"name_s": "/usr/share/X11/fonts/75dpi/luIS19-ISO8859-2.pcf.gz", "size_i": "5476", "regex": "false"},
	{"name_s": "/usr/share/X11/fonts/75dpi/luIS24-ISO8859-2.pcf.gz", "size_i": "6024", "regex": "false"},
	{"name_s": "/usr/share/X11/fonts/75dpi/luRS08-ISO8859-2.pcf.gz", "size_i": "3908", "regex": "false"},
	{"name_s": "/usr/share/X11/fonts/75dpi/luRS10-ISO8859-2.pcf.gz", "size_i": "4040", "regex": "false"},
	{"name_s": "/usr/share/X11/fonts/75dpi/luRS12-ISO8859-2.pcf.gz", "size_i": "4259", "regex": "false"},
	{"name_s": "/usr/share/X11/fonts/75dpi/luRS14-ISO8859-2.pcf.gz", "size_i": "4353", "regex": "false"},
	{"name_s": "/usr/share/X11/fonts/75dpi/luRS18-ISO8859-2.pcf.gz", "size_i": "4839", "regex": "false"},
	{"name_s": "/usr/share/X11/fonts/75dpi/luRS19-ISO8859-2.pcf.gz", "size_i": "5114", "regex": "false"},
	{"name_s": "/usr/share/X11/fonts/75dpi/luRS24-ISO8859-2.pcf.gz", "size_i": "5550", "regex": "false"},
	{"name_s": "/usr/share/X11/fonts/75dpi/lubB08-ISO8859-2.pcf.gz", "size_i": "4018", "regex": "false"},
	{"name_s": "/usr/share/X11/fonts/75dpi/lubB10-ISO8859-2.pcf.gz", "size_i": "4217", "regex": "false"},
	{"name_s": "/usr/share/X11/fonts/75dpi/lubB12-ISO8859-2.pcf.gz", "size_i": "4414", "regex": "false"},
	{"name_s": "/usr/share/X11/fonts/75dpi/lubB14-ISO8859-2.pcf.gz", "size_i": "4632", "regex": "false"},
	{"name_s": "/usr/share/X11/fonts/75dpi/lubB18-ISO8859-2.pcf.gz", "size_i": "5167", "regex": "false"},
	{"name_s": "/usr/share/X11/fonts/75dpi/lubB19-ISO8859-2.pcf.gz", "size_i": "5318", "regex": "false"},
	{"name_s": "/usr/share/X11/fonts/75dpi/lubB24-ISO8859-2.pcf.gz", "size_i": "5847", "regex": "false"},
	{"name_s": "/usr/share/X11/fonts/75dpi/lubBI08-ISO8859-2.pcf.gz", "size_i": "4088", "regex": "false"},
	{"name_s": "/usr/share/X11/fonts/75dpi/lubBI10-ISO8859-2.pcf.gz", "size_i": "4354", "regex": "false"},
	{"name_s": "/usr/share/X11/fonts/75dpi/lubBI12-ISO8859-2.pcf.gz", "size_i": "4624", "regex": "false"},
	{"name_s": "/usr/share/X11/fonts/75dpi/lubBI14-ISO8859-2.pcf.gz", "size_i": "4916", "regex": "false"},
	{"name_s": "/usr/share/X11/fonts/75dpi/lubBI18-ISO8859-2.pcf.gz", "size_i": "5521", "regex": "false"},
	{"name_s": "/usr/share/X11/fonts/75dpi/lubBI19-ISO8859-2.pcf.gz", "size_i": "5708", "regex": "false"},
	{"name_s": "/usr/share/X11/fonts/75dpi/lubBI24-ISO8859-2.pcf.gz", "size_i": "6238", "regex": "false"},
	{"name_s": "/usr/share/X11/fonts/75dpi/lubI08-ISO8859-2.pcf.gz", "size_i": "4053", "regex": "false"},
	{"name_s": "/usr/share/X11/fonts/75dpi/lubI10-ISO8859-2.pcf.gz", "size_i": "4309", "regex": "false"},
	{"name_s": "/usr/share/X11/fonts/75dpi/lubI12-ISO8859-2.pcf.gz", "size_i": "4589", "regex": "false"},
	{"name_s": "/usr/share/X11/fonts/75dpi/lubI14-ISO8859-2.pcf.gz", "size_i": "4859", "regex": "false"},
	{"name_s": "/usr/share/X11/fonts/75dpi/lubI18-ISO8859-2.pcf.gz", "size_i": "5429", "regex": "false"},
	{"name_s": "/usr/share/X11/fonts/75dpi/lubI19-ISO8859-2.pcf.gz", "size_i": "5549", "regex": "false"},
	{"name_s": "/usr/share/X11/fonts/75dpi/lubI24-ISO8859-2.pcf.gz", "size_i": "6133", "regex": "false"},
	{"name_s": "/usr/share/X11/fonts/75dpi/lubR08-ISO8859-2.pcf.gz", "size_i": "3963", "regex": "false"},
	{"name_s": "/usr/share/X11/fonts/75dpi/lubR10-ISO8859-2.pcf.gz", "size_i": "4173", "regex": "false"},
	{"name_s": "/usr/share/X11/fonts/75dpi/lubR12-ISO8859-2.pcf.gz", "size_i": "4359", "regex": "false"},
	{"name_s": "/usr/share/X11/fonts/75dpi/lubR14-ISO8859-2.pcf.gz", "size_i": "4587", "regex": "false"},
	{"name_s": "/usr/share/X11/fonts/75dpi/lubR18-ISO8859-2.pcf.gz", "size_i": "5087", "regex": "false"},
	{"name_s": "/usr/share/X11/fonts/75dpi/lubR19-ISO8859-2.pcf.gz", "size_i": "5229", "regex": "false"},
	{"name_s": "/usr/share/X11/fonts/75dpi/lubR24-ISO8859-2.pcf.gz", "size_i": "5691", "regex": "false"},
	{"name_s": "/usr/share/X11/fonts/75dpi/lutBS08-ISO8859-2.pcf.gz", "size_i": "3505", "regex": "false"},
	{"name_s": "/usr/share/X11/fonts/75dpi/lutBS10-ISO8859-2.pcf.gz", "size_i": "3705", "regex": "false"},
	{"name_s": "/usr/share/X11/fonts/75dpi/lutBS12-ISO8859-2.pcf.gz", "size_i": "3870", "regex": "false"},
	{"name_s": "/usr/share/X11/fonts/75dpi/lutBS14-ISO8859-2.pcf.gz", "size_i": "4020", "regex": "false"},
	{"name_s": "/usr/share/X11/fonts/75dpi/lutBS18-ISO8859-2.pcf.gz", "size_i": "4503", "regex": "false"},
	{"name_s": "/usr/share/X11/fonts/75dpi/lutBS19-ISO8859-2.pcf.gz", "size_i": "4670", "regex": "false"},
	{"name_s": "/usr/share/X11/fonts/75dpi/lutBS24-ISO8859-2.pcf.gz", "size_i": "5190", "regex": "false"},
	{"name_s": "/usr/share/X11/fonts/75dpi/lutRS08-ISO8859-2.pcf.gz", "size_i": "3519", "regex": "false"},
	{"name_s": "/usr/share/X11/fonts/75dpi/lutRS10-ISO8859-2.pcf.gz", "size_i": "3711", "regex": "false"},
	{"name_s": "/usr/share/X11/fonts/75dpi/lutRS12-ISO8859-2.pcf.gz", "size_i": "3842", "regex": "false"},
	{"name_s": "/usr/share/X11/fonts/75dpi/lutRS14-ISO8859-2.pcf.gz", "size_i": "3974", "regex": "false"},
	{"name_s": "/usr/share/X11/fonts/75dpi/lutRS18-ISO8859-2.pcf.gz", "size_i": "4430", "regex": "false"},
	{"name_s": "/usr/share/X11/fonts/75dpi/lutRS19-ISO8859-2.pcf.gz", "size_i": "4679", "regex": "false"},
	{"name_s": "/usr/share/X11/fonts/75dpi/lutRS24-ISO8859-2.pcf.gz", "size_i": "5104", "regex": "false"},
	{"name_s": "/usr/share/X11/fonts/75dpi/ncenB08-ISO8859-2.pcf.gz", "size_i": "4258", "regex": "false"},
	{"name_s": "/usr/share/X11/fonts/75dpi/ncenB10-ISO8859-2.pcf.gz", "size_i": "4444", "regex": "false"},
	{"name_s": "/usr/share/X11/fonts/75dpi/ncenB12-ISO8859-2.pcf.gz", "size_i": "4604", "regex": "false"},
	{"name_s": "/usr/share/X11/fonts/75dpi/ncenB14-ISO8859-2.pcf.gz", "size_i": "4873", "regex": "false"},
	{"name_s": "/usr/share/X11/fonts/75dpi/ncenB18-ISO8859-2.pcf.gz", "size_i": "5612", "regex": "false"},
	{"name_s": "/usr/share/X11/fonts/75dpi/ncenB24-ISO8859-2.pcf.gz", "size_i": "6151", "regex": "false"},
	{"name_s": "/usr/share/X11/fonts/75dpi/ncenBI08-ISO8859-2.pcf.gz", "size_i": "4349", "regex": "false"},
	{"name_s": "/usr/share/X11/fonts/75dpi/ncenBI10-ISO8859-2.pcf.gz", "size_i": "4528", "regex": "false"},
	{"name_s": "/usr/share/X11/fonts/75dpi/ncenBI12-ISO8859-2.pcf.gz", "size_i": "4755", "regex": "false"},
	{"name_s": "/usr/share/X11/fonts/75dpi/ncenBI14-ISO8859-2.pcf.gz", "size_i": "5006", "regex": "false"},
	{"name_s": "/usr/share/X11/fonts/75dpi/ncenBI18-ISO8859-2.pcf.gz", "size_i": "5820", "regex": "false"},
	{"name_s": "/usr/share/X11/fonts/75dpi/ncenBI24-ISO8859-2.pcf.gz", "size_i": "6512", "regex": "false"},
	{"name_s": "/usr/share/X11/fonts/75dpi/ncenI08-ISO8859-2.pcf.gz", "size_i": "4240", "regex": "false"},
	{"name_s": "/usr/share/X11/fonts/75dpi/ncenI10-ISO8859-2.pcf.gz", "size_i": "4413", "regex": "false"},
	{"name_s": "/usr/share/X11/fonts/75dpi/ncenI12-ISO8859-2.pcf.gz", "size_i": "4578", "regex": "false"},
	{"name_s": "/usr/share/X11/fonts/75dpi/ncenI14-ISO8859-2.pcf.gz", "size_i": "4841", "regex": "false"},
	{"name_s": "/usr/share/X11/fonts/75dpi/ncenI18-ISO8859-2.pcf.gz", "size_i": "5457", "regex": "false"},
	{"name_s": "/usr/share/X11/fonts/75dpi/ncenI24-ISO8859-2.pcf.gz", "size_i": "6209", "regex": "false"},
	{"name_s": "/usr/share/X11/fonts/75dpi/ncenR08-ISO8859-2.pcf.gz", "size_i": "4079", "regex": "false"},
	{"name_s": "/usr/share/X11/fonts/75dpi/ncenR10-ISO8859-2.pcf.gz", "size_i": "4297", "regex": "false"},
	{"name_s": "/usr/share/X11/fonts/75dpi/ncenR12-ISO8859-2.pcf.gz", "size_i": "4361", "regex": "false"},
	{"name_s": "/usr/share/X11/fonts/75dpi/ncenR14-ISO8859-2.pcf.gz", "size_i": "4745", "regex": "false"},
	{"name_s": "/usr/share/X11/fonts/75dpi/ncenR18-ISO8859-2.pcf.gz", "size_i": "5272", "regex": "false"},
	{"name_s": "/usr/share/X11/fonts/75dpi/ncenR24-ISO8859-2.pcf.gz", "size_i": "5996", "regex": "false"},
	{"name_s": "/usr/share/X11/fonts/75dpi/timB08-ISO8859-2.pcf.gz", "size_i": "3999", "regex": "false"},
	{"name_s": "/usr/share/X11/fonts/75dpi/timB10-ISO8859-2.pcf.gz", "size_i": "4270", "regex": "false"},
	{"name_s": "/usr/share/X11/fonts/75dpi/timB12-ISO8859-2.pcf.gz", "size_i": "4513", "regex": "false"},
	{"name_s": "/usr/share/X11/fonts/75dpi/timB14-ISO8859-2.pcf.gz", "size_i": "4736", "regex": "false"},
	{"name_s": "/usr/share/X11/fonts/75dpi/timB18-ISO8859-2.pcf.gz", "size_i": "5281", "regex": "false"},
	{"name_s": "/usr/share/X11/fonts/75dpi/timB24-ISO8859-2.pcf.gz", "size_i": "6050", "regex": "false"},
	{"name_s": "/usr/share/X11/fonts/75dpi/timBI08-ISO8859-2.pcf.gz", "size_i": "4149", "regex": "false"},
	{"name_s": "/usr/share/X11/fonts/75dpi/timBI10-ISO8859-2.pcf.gz", "size_i": "4454", "regex": "false"},
	{"name_s": "/usr/share/X11/fonts/75dpi/timBI12-ISO8859-2.pcf.gz", "size_i": "4718", "regex": "false"},
	{"name_s": "/usr/share/X11/fonts/75dpi/timBI14-ISO8859-2.pcf.gz", "size_i": "4972", "regex": "false"},
	{"name_s": "/usr/share/X11/fonts/75dpi/timBI18-ISO8859-2.pcf.gz", "size_i": "5442", "regex": "false"},
	{"name_s": "/usr/share/X11/fonts/75dpi/timBI24-ISO8859-2.pcf.gz", "size_i": "6346", "regex": "false"},
	{"name_s": "/usr/share/X11/fonts/75dpi/timI08-ISO8859-2.pcf.gz", "size_i": "4071", "regex": "false"},
	{"name_s": "/usr/share/X11/fonts/75dpi/timI10-ISO8859-2.pcf.gz", "size_i": "4330", "regex": "false"},
	{"name_s": "/usr/share/X11/fonts/75dpi/timI12-ISO8859-2.pcf.gz", "size_i": "4548", "regex": "false"},
	{"name_s": "/usr/share/X11/fonts/75dpi/timI14-ISO8859-2.pcf.gz", "size_i": "4796", "regex": "false"},
	{"name_s": "/usr/share/X11/fonts/75dpi/timI18-ISO8859-2.pcf.gz", "size_i": "5465", "regex": "false"},
	{"name_s": "/usr/share/X11/fonts/75dpi/timI24-ISO8859-2.pcf.gz", "size_i": "6228", "regex": "false"},
	{"name_s": "/usr/share/X11/fonts/75dpi/timR08-ISO8859-2.pcf.gz", "size_i": "3969", "regex": "false"},
	{"name_s": "/usr/share/X11/fonts/75dpi/timR10-ISO8859-2.pcf.gz", "size_i": "4202", "regex": "false"},
	{"name_s": "/usr/share/X11/fonts/75dpi/timR12-ISO8859-2.pcf.gz", "size_i": "4461", "regex": "false"},
	{"name_s": "/usr/share/X11/fonts/75dpi/timR14-ISO8859-2.pcf.gz", "size_i": "4687", "regex": "false"},
	{"name_s": "/usr/share/X11/fonts/75dpi/timR18-ISO8859-2.pcf.gz", "size_i": "5256", "regex": "false"},
	{"name_s": "/usr/share/X11/fonts/75dpi/timR24-ISO8859-2.pcf.gz", "size_i": "5750", "regex": "false"}
]
