[
	{"name_s": "/etc/X11/fontpath.d", "size_i": "4096", "regex": "false"},
	{"name_s": "/etc/X11/fontpath.d/xorg-x11-fonts-100dpi:unscaled:pri=30", "size_i": "27", "regex": "false"},
	{"name_s": "/usr/share/X11/fonts", "size_i": "4096", "regex": "false"},
	{"name_s": "/usr/share/X11/fonts/100dpi", "size_i": "65536", "regex": "false"},
	{"name_s": "/usr/share/X11/fonts/100dpi/UTBI__10-ISO8859-9.pcf.gz", "size_i": "5276", "regex": "false"},
	{"name_s": "/usr/share/X11/fonts/100dpi/UTBI__12-ISO8859-9.pcf.gz", "size_i": "5826", "regex": "false"},
	{"name_s": "/usr/share/X11/fonts/100dpi/UTBI__14-ISO8859-9.pcf.gz", "size_i": "6307", "regex": "false"},
	{"name_s": "/usr/share/X11/fonts/100dpi/UTBI__18-ISO8859-9.pcf.gz", "size_i": "7299", "regex": "false"},
	{"name_s": "/usr/share/X11/fonts/100dpi/UTBI__24-ISO8859-9.pcf.gz", "size_i": "8963", "regex": "false"},
	{"name_s": "/usr/share/X11/fonts/100dpi/UTB___10-ISO8859-9.pcf.gz", "size_i": "4989", "regex": "false"},
	{"name_s": "/usr/share/X11/fonts/100dpi/UTB___12-ISO8859-9.pcf.gz", "size_i": "5436", "regex": "false"},
	{"name_s": "/usr/share/X11/fonts/100dpi/UTB___14-ISO8859-9.pcf.gz", "size_i": "5864", "regex": "false"},
	{"name_s": "/usr/share/X11/fonts/100dpi/UTB___18-ISO8859-9.pcf.gz", "size_i": "6709", "regex": "false"},
	{"name_s": "/usr/share/X11/fonts/100dpi/UTB___24-ISO8859-9.pcf.gz", "size_i": "8042", "regex": "false"},
	{"name_s": "/usr/share/X11/fonts/100dpi/UTI___10-ISO8859-9.pcf.gz", "size_i": "5072", "regex": "false"},
	{"name_s": "/usr/share/X11/fonts/100dpi/UTI___12-ISO8859-9.pcf.gz", "size_i": "5491", "regex": "false"},
	{"name_s": "/usr/share/X11/fonts/100dpi/UTI___14-ISO8859-9.pcf.gz", "size_i": "6106", "regex": "false"},
	{"name_s": "/usr/share/X11/fonts/100dpi/UTI___18-ISO8859-9.pcf.gz", "size_i": "7144", "regex": "false"},
	{"name_s": "/usr/share/X11/fonts/100dpi/UTI___24-ISO8859-9.pcf.gz", "size_i": "8635", "regex": "false"},
	{"name_s": "/usr/share/X11/fonts/100dpi/UTRG__10-ISO8859-9.pcf.gz", "size_i": "4886", "regex": "false"},
	{"name_s": "/usr/share/X11/fonts/100dpi/UTRG__12-ISO8859-9.pcf.gz", "size_i": "5373", "regex": "false"},
	{"name_s": "/usr/share/X11/fonts/100dpi/UTRG__14-ISO8859-9.pcf.gz", "size_i": "5761", "regex": "false"},
	{"name_s": "/usr/share/X11/fonts/100dpi/UTRG__18-ISO8859-9.pcf.gz", "size_i": "6516", "regex": "false"},
	{"name_s": "/usr/share/X11/fonts/100dpi/UTRG__24-ISO8859-9.pcf.gz", "size_i": "7832", "regex": "false"},
	{"name_s": "/usr/share/X11/fonts/100dpi/courB08-ISO8859-9.pcf.gz", "size_i": "3953", "regex": "false"},
	{"name_s": "/usr/share/X11/fonts/100dpi/courB10-ISO8859-9.pcf.gz", "size_i": "4292", "regex": "false"},
	{"name_s": "/usr/share/X11/fonts/100dpi/courB12-ISO8859-9.pcf.gz", "size_i": "4428", "regex": "false"},
	{"name_s": "/usr/share/X11/fonts/100dpi/courB14-ISO8859-9.pcf.gz", "size_i": "4729", "regex": "false"},
	{"name_s": "/usr/share/X11/fonts/100dpi/courB18-ISO8859-9.pcf.gz", "size_i": "5376", "regex": "false"},
	{"name_s": "/usr/share/X11/fonts/100dpi/courB24-ISO8859-9.pcf.gz", "size_i": "6658", "regex": "false"},
	{"name_s": "/usr/share/X11/fonts/100dpi/courBO08-ISO8859-9.pcf.gz", "size_i": "4123", "regex": "false"},
	{"name_s": "/usr/share/X11/fonts/100dpi/courBO10-ISO8859-9.pcf.gz", "size_i": "4508", "regex": "false"},
	{"name_s": "/usr/share/X11/fonts/100dpi/courBO12-ISO8859-9.pcf.gz", "size_i": "4746", "regex": "false"},
	{"name_s": "/usr/share/X11/fonts/100dpi/courBO14-ISO8859-9.pcf.gz", "size_i": "5084", "regex": "false"},
	{"name_s": "/usr/share/X11/fonts/100dpi/courBO18-ISO8859-9.pcf.gz", "size_i": "5794", "regex": "false"},
	{"name_s": "/usr/share/X11/fonts/100dpi/courBO24-ISO8859-9.pcf.gz", "size_i": "7248", "regex": "false"},
	{"name_s": "/usr/share/X11/fonts/100dpi/courO08-ISO8859-9.pcf.gz", "size_i": "3994", "regex": "false"},
	{"name_s": "/usr/share/X11/fonts/100dpi/courO10-ISO8859-9.pcf.gz", "size_i": "4502", "regex": "false"},
	{"name_s": "/usr/share/X11/fonts/100dpi/courO12-ISO8859-9.pcf.gz", "size_i": "4721", "regex": "false"},
	{"name_s": "/usr/share/X11/fonts/100dpi/courO14-ISO8859-9.pcf.gz", "size_i": "4851", "regex": "false"},
	{"name_s": "/usr/share/X11/fonts/100dpi/courO18-ISO8859-9.pcf.gz", "size_i": "5494", "regex": "false"},
	{"name_s": "/usr/share/X11/fonts/100dpi/courO24-ISO8859-9.pcf.gz", "size_i": "6505", "regex": "false"},
	{"name_s": "/usr/share/X11/fonts/100dpi/courR08-ISO8859-9.pcf.gz", "size_i": "3889", "regex": "false"},
	{"name_s": "/usr/share/X11/fonts/100dpi/courR10-ISO8859-9.pcf.gz", "size_i": "4291", "regex": "false"},
	{"name_s": "/usr/share/X11/fonts/100dpi/courR12-ISO8859-9.pcf.gz", "size_i": "4368", "regex": "false"},
	{"name_s": "/usr/share/X11/fonts/100dpi/courR14-ISO8859-9.pcf.gz", "size_i": "4566", "regex": "false"},
	{"name_s": "/usr/share/X11/fonts/100dpi/courR18-ISO8859-9.pcf.gz", "size_i": "5148", "regex": "false"},
	{"name_s": "/usr/share/X11/fonts/100dpi/courR24-ISO8859-9.pcf.gz", "size_i": "6237", "regex": "false"},
	{"name_s": "/usr/share/X11/fonts/100dpi/encodings.dir", "size_i": "0", "regex": "false"},
	{"name_s": "/usr/share/X11/fonts/100dpi/fonts.alias", "size_i": "3154", "regex": "false"},
	{"name_s": "/usr/share/X11/fonts/100dpi/fonts.cache-1", "size_i": "0", "regex": "false"},
	{"name_s": "/usr/share/X11/fonts/100dpi/fonts.cache-2", "size_i": "0", "regex": "false"},
	{"name_s": "/usr/share/X11/fonts/100dpi/fonts.cache-3", "size_i": "0", "regex": "false"},
	{"name_s": "/usr/share/X11/fonts/100dpi/fonts.cache-4", "size_i": "0", "regex": "false"},
	{"name_s": "/usr/share/X11/fonts/100dpi/fonts.cache-5", "size_i": "0", "regex": "false"},
	{"name_s": "/usr/share/X11/fonts/100dpi/fonts.cache-6", "size_i": "0", "regex": "false"},
	{"name_s": "/usr/share/X11/fonts/100dpi/fonts.cache-7", "size_i": "0", "regex": "false"},
	{"name_s": "/usr/share/X11/fonts/100dpi/fonts.cache-8", "size_i": "0", "regex": "false"},
	{"name_s": "/usr/share/X11/fonts/100dpi/fonts.cache-9", "size_i": "0", "regex": "false"},
	{"name_s": "/usr/share/X11/fonts/100dpi/fonts.dir", "size_i": "0", "regex": "false"},
	{"name_s": "/usr/share/X11/fonts/100dpi/fonts.scale", "size_i": "2", "regex": "false"},
	{"name_s": "/usr/share/X11/fonts/100dpi/helvB08-ISO8859-9.pcf.gz", "size_i": "4327", "regex": "false"},
	{"name_s": "/usr/share/X11/fonts/100dpi/helvB10-ISO8859-9.pcf.gz", "size_i": "4732", "regex": "false"},
	{"name_s": "/usr/share/X11/fonts/100dpi/helvB12-ISO8859-9.pcf.gz", "size_i": "5024", "regex": "false"},
	{"name_s": "/usr/share/X11/fonts/100dpi/helvB14-ISO8859-9.pcf.gz", "size_i": "5291", "regex": "false"},
	{"name_s": "/usr/share/X11/fonts/100dpi/helvB18-ISO8859-9.pcf.gz", "size_i": "5933", "regex": "false"},
	{"name_s": "/usr/share/X11/fonts/100dpi/helvB24-ISO8859-9.pcf.gz", "size_i": "7192", "regex": "false"},
	{"name_s": "/usr/share/X11/fonts/100dpi/helvBO08-ISO8859-9.pcf.gz", "size_i": "4489", "regex": "false"},
	{"name_s": "/usr/share/X11/fonts/100dpi/helvBO10-ISO8859-9.pcf.gz", "size_i": "5039", "regex": "false"},
	{"name_s": "/usr/share/X11/fonts/100dpi/helvBO12-ISO8859-9.pcf.gz", "size_i": "5433", "regex": "false"},
	{"name_s": "/usr/share/X11/fonts/100dpi/helvBO14-ISO8859-9.pcf.gz", "size_i": "5671", "regex": "false"},
	{"name_s": "/usr/share/X11/fonts/100dpi/helvBO18-ISO8859-9.pcf.gz", "size_i": "6432", "regex": "false"},
	{"name_s": "/usr/share/X11/fonts/100dpi/helvBO24-ISO8859-9.pcf.gz", "size_i": "8287", "regex": "false"},
	{"name_s": "/usr/share/X11/fonts/100dpi/helvO08-ISO8859-9.pcf.gz", "size_i": "4437", "regex": "false"},
	{"name_s": "/usr/share/X11/fonts/100dpi/helvO10-ISO8859-9.pcf.gz", "size_i": "4961", "regex": "false"},
	{"name_s": "/usr/share/X11/fonts/100dpi/helvO12-ISO8859-9.pcf.gz", "size_i": "5198", "regex": "false"},
	{"name_s": "/usr/share/X11/fonts/100dpi/helvO14-ISO8859-9.pcf.gz", "size_i": "5634", "regex": "false"},
	{"name_s": "/usr/share/X11/fonts/100dpi/helvO18-ISO8859-9.pcf.gz", "size_i": "6537", "regex": "false"},
	{"name_s": "/usr/share/X11/fonts/100dpi/helvO24-ISO8859-9.pcf.gz", "size_i": "8064", "regex": "false"},
	{"name_s": "/usr/share/X11/fonts/100dpi/helvR08-ISO8859-9.pcf.gz", "size_i": "4280", "regex": "false"},
	{"name_s": "/usr/share/X11/fonts/100dpi/helvR10-ISO8859-9.pcf.gz", "size_i": "4696", "regex": "false"},
	{"name_s": "/usr/share/X11/fonts/100dpi/helvR12-ISO8859-9.pcf.gz", "size_i": "4950", "regex": "false"},
	{"name_s": "/usr/share/X11/fonts/100dpi/helvR14-ISO8859-9.pcf.gz", "size_i": "5197", "regex": "false"},
	{"name_s": "/usr/share/X11/fonts/100dpi/helvR18-ISO8859-9.pcf.gz", "size_i": "5963", "regex": "false"},
	{"name_s": "/usr/share/X11/fonts/100dpi/helvR24-ISO8859-9.pcf.gz", "size_i": "7209", "regex": "false"},
	{"name_s": "/usr/share/X11/fonts/100dpi/luBIS08-ISO8859-9.pcf.gz", "size_i": "4455", "regex": "false"},
	{"name_s": "/usr/share/X11/fonts/100dpi/luBIS10-ISO8859-9.pcf.gz", "size_i": "4980", "regex": "false"},
	{"name_s": "/usr/share/X11/fonts/100dpi/luBIS12-ISO8859-9.pcf.gz", "size_i": "5522", "regex": "false"},
	{"name_s": "/usr/share/X11/fonts/100dpi/luBIS14-ISO8859-9.pcf.gz", "size_i": "5935", "regex": "false"},
	{"name_s": "/usr/share/X11/fonts/100dpi/luBIS18-ISO8859-9.pcf.gz", "size_i": "6656", "regex": "false"},
	{"name_s": "/usr/share/X11/fonts/100dpi/luBIS19-ISO8859-9.pcf.gz", "size_i": "6812", "regex": "false"},
	{"name_s": "/usr/share/X11/fonts/100dpi/luBIS24-ISO8859-9.pcf.gz", "size_i": "8101", "regex": "false"},
	{"name_s": "/usr/share/X11/fonts/100dpi/luBS08-ISO8859-9.pcf.gz", "size_i": "4332", "regex": "false"},
	{"name_s": "/usr/share/X11/fonts/100dpi/luBS10-ISO8859-9.pcf.gz", "size_i": "4734", "regex": "false"},
	{"name_s": "/usr/share/X11/fonts/100dpi/luBS12-ISO8859-9.pcf.gz", "size_i": "5135", "regex": "false"},
	{"name_s": "/usr/share/X11/fonts/100dpi/luBS14-ISO8859-9.pcf.gz", "size_i": "5546", "regex": "false"},
	{"name_s": "/usr/share/X11/fonts/100dpi/luBS18-ISO8859-9.pcf.gz", "size_i": "6074", "regex": "false"},
	{"name_s": "/usr/share/X11/fonts/100dpi/luBS19-ISO8859-9.pcf.gz", "size_i": "6183", "regex": "false"},
	{"name_s": "/usr/share/X11/fonts/100dpi/luBS24-ISO8859-9.pcf.gz", "size_i": "7193", "regex": "false"},
	{"name_s": "/usr/share/X11/fonts/100dpi/luIS08-ISO8859-9.pcf.gz", "size_i": "4427", "regex": "false"},
	{"name_s": "/usr/share/X11/fonts/100dpi/luIS10-ISO8859-9.pcf.gz", "size_i": "4966", "regex": "false"},
	{"name_s": "/usr/share/X11/fonts/100dpi/luIS12-ISO8859-9.pcf.gz", "size_i": "5499", "regex": "false"},
	{"name_s": "/usr/share/X11/fonts/100dpi/luIS14-ISO8859-9.pcf.gz", "size_i": "5886", "regex": "false"},
	{"name_s": "/usr/share/X11/fonts/100dpi/luIS18-ISO8859-9.pcf.gz", "size_i": "6571", "regex": "false"},
	{"name_s": "/usr/share/X11/fonts/100dpi/luIS19-ISO8859-9.pcf.gz", "size_i": "6778", "regex": "false"},
	{"name_s": "/usr/share/X11/fonts/100dpi/luIS24-ISO8859-9.pcf.gz", "size_i": "8002", "regex": "false"},
	{"name_s": "/usr/share/X11/fonts/100dpi/luRS08-ISO8859-9.pcf.gz", "size_i": "4274", "regex": "false"},
	{"name_s": "/usr/share/X11/fonts/100dpi/luRS10-ISO8859-9.pcf.gz", "size_i": "4548", "regex": "false"},
	{"name_s": "/usr/share/X11/fonts/100dpi/luRS12-ISO8859-9.pcf.gz", "size_i": "5026", "regex": "false"},
	{"name_s": "/usr/share/X11/fonts/100dpi/luRS14-ISO8859-9.pcf.gz", "size_i": "5407", "regex": "false"},
	{"name_s": "/usr/share/X11/fonts/100dpi/luRS18-ISO8859-9.pcf.gz", "size_i": "5976", "regex": "false"},
	{"name_s": "/usr/share/X11/fonts/100dpi/luRS19-ISO8859-9.pcf.gz", "size_i": "6095", "regex": "false"},
	{"name_s": "/usr/share/X11/fonts/100dpi/luRS24-ISO8859-9.pcf.gz", "size_i": "7101", "regex": "false"},
	{"name_s": "/usr/share/X11/fonts/100dpi/lubB08-ISO8859-9.pcf.gz", "size_i": "4496", "regex": "false"},
	{"name_s": "/usr/share/X11/fonts/100dpi/lubB10-ISO8859-9.pcf.gz", "size_i": "4806", "regex": "false"},
	{"name_s": "/usr/share/X11/fonts/100dpi/lubB12-ISO8859-9.pcf.gz", "size_i": "5277", "regex": "false"},
	{"name_s": "/usr/share/X11/fonts/100dpi/lubB14-ISO8859-9.pcf.gz", "size_i": "5703", "regex": "false"},
	{"name_s": "/usr/share/X11/fonts/100dpi/lubB18-ISO8859-9.pcf.gz", "size_i": "6286", "regex": "false"},
	{"name_s": "/usr/share/X11/fonts/100dpi/lubB19-ISO8859-9.pcf.gz", "size_i": "6512", "regex": "false"},
	{"name_s": "/usr/share/X11/fonts/100dpi/lubB24-ISO8859-9.pcf.gz", "size_i": "7578", "regex": "false"},
	{"name_s": "/usr/share/X11/fonts/100dpi/lubBI08-ISO8859-9.pcf.gz", "size_i": "4693", "regex": "false"},
	{"name_s": "/usr/share/X11/fonts/100dpi/lubBI10-ISO8859-9.pcf.gz", "size_i": "5126", "regex": "false"},
	{"name_s": "/usr/share/X11/fonts/100dpi/lubBI12-ISO8859-9.pcf.gz", "size_i": "5719", "regex": "false"},
	{"name_s": "/usr/share/X11/fonts/100dpi/lubBI14-ISO8859-9.pcf.gz", "size_i": "6089", "regex": "false"},
	{"name_s": "/usr/share/X11/fonts/100dpi/lubBI18-ISO8859-9.pcf.gz", "size_i": "6925", "regex": "false"},
	{"name_s": "/usr/share/X11/fonts/100dpi/lubBI19-ISO8859-9.pcf.gz", "size_i": "7064", "regex": "false"},
	{"name_s": "/usr/share/X11/fonts/100dpi/lubBI24-ISO8859-9.pcf.gz", "size_i": "8477", "regex": "false"},
	{"name_s": "/usr/share/X11/fonts/100dpi/lubI08-ISO8859-9.pcf.gz", "size_i": "4628", "regex": "false"},
	{"name_s": "/usr/share/X11/fonts/100dpi/lubI10-ISO8859-9.pcf.gz", "size_i": "5033", "regex": "false"},
	{"name_s": "/usr/share/X11/fonts/100dpi/lubI12-ISO8859-9.pcf.gz", "size_i": "5585", "regex": "false"},
	{"name_s": "/usr/share/X11/fonts/100dpi/lubI14-ISO8859-9.pcf.gz", "size_i": "5995", "regex": "false"},
	{"name_s": "/usr/share/X11/fonts/100dpi/lubI18-ISO8859-9.pcf.gz", "size_i": "6786", "regex": "false"},
	{"name_s": "/usr/share/X11/fonts/100dpi/lubI19-ISO8859-9.pcf.gz", "size_i": "6912", "regex": "false"},
	{"name_s": "/usr/share/X11/fonts/100dpi/lubI24-ISO8859-9.pcf.gz", "size_i": "8286", "regex": "false"},
	{"name_s": "/usr/share/X11/fonts/100dpi/lubR08-ISO8859-9.pcf.gz", "size_i": "4405", "regex": "false"},
	{"name_s": "/usr/share/X11/fonts/100dpi/lubR10-ISO8859-9.pcf.gz", "size_i": "4730", "regex": "false"},
	{"name_s": "/usr/share/X11/fonts/100dpi/lubR12-ISO8859-9.pcf.gz", "size_i": "5178", "regex": "false"},
	{"name_s": "/usr/share/X11/fonts/100dpi/lubR14-ISO8859-9.pcf.gz", "size_i": "5647", "regex": "false"},
	{"name_s": "/usr/share/X11/fonts/100dpi/lubR18-ISO8859-9.pcf.gz", "size_i": "6181", "regex": "false"},
	{"name_s": "/usr/share/X11/fonts/100dpi/lubR19-ISO8859-9.pcf.gz", "size_i": "6380", "regex": "false"},
	{"name_s": "/usr/share/X11/fonts/100dpi/lubR24-ISO8859-9.pcf.gz", "size_i": "7388", "regex": "false"},
	{"name_s": "/usr/share/X11/fonts/100dpi/lutBS08-ISO8859-9.pcf.gz", "size_i": "3877", "regex": "false"},
	{"name_s": "/usr/share/X11/fonts/100dpi/lutBS10-ISO8859-9.pcf.gz", "size_i": "4229", "regex": "false"},
	{"name_s": "/usr/share/X11/fonts/100dpi/lutBS12-ISO8859-9.pcf.gz", "size_i": "4575", "regex": "false"},
	{"name_s": "/usr/share/X11/fonts/100dpi/lutBS14-ISO8859-9.pcf.gz", "size_i": "5020", "regex": "false"},
	{"name_s": "/usr/share/X11/fonts/100dpi/lutBS18-ISO8859-9.pcf.gz", "size_i": "5524", "regex": "false"},
	{"name_s": "/usr/share/X11/fonts/100dpi/lutBS19-ISO8859-9.pcf.gz", "size_i": "5694", "regex": "false"},
	{"name_s": "/usr/share/X11/fonts/100dpi/lutBS24-ISO8859-9.pcf.gz", "size_i": "6549", "regex": "false"},
	{"name_s": "/usr/share/X11/fonts/100dpi/lutRS08-ISO8859-9.pcf.gz", "size_i": "3882", "regex": "false"},
	{"name_s": "/usr/share/X11/fonts/100dpi/lutRS10-ISO8859-9.pcf.gz", "size_i": "4172", "regex": "false"},
	{"name_s": "/usr/share/X11/fonts/100dpi/lutRS12-ISO8859-9.pcf.gz", "size_i": "4544", "regex": "false"},
	{"name_s": "/usr/share/X11/fonts/100dpi/lutRS14-ISO8859-9.pcf.gz", "size_i": "4964", "regex": "false"},
	{"name_s": "/usr/share/X11/fonts/100dpi/lutRS18-ISO8859-9.pcf.gz", "size_i": "5605", "regex": "false"},
	{"name_s": "/usr/share/X11/fonts/100dpi/lutRS19-ISO8859-9.pcf.gz", "size_i": "5721", "regex": "false"},
	{"name_s": "/usr/share/X11/fonts/100dpi/lutRS24-ISO8859-9.pcf.gz", "size_i": "6508", "regex": "false"},
	{"name_s": "/usr/share/X11/fonts/100dpi/ncenB08-ISO8859-9.pcf.gz", "size_i": "4513", "regex": "false"},
	{"name_s": "/usr/share/X11/fonts/100dpi/ncenB10-ISO8859-9.pcf.gz", "size_i": "5053", "regex": "false"},
	{"name_s": "/usr/share/X11/fonts/100dpi/ncenB12-ISO8859-9.pcf.gz", "size_i": "5443", "regex": "false"},
	{"name_s": "/usr/share/X11/fonts/100dpi/ncenB14-ISO8859-9.pcf.gz", "size_i": "5704", "regex": "false"},
	{"name_s": "/usr/share/X11/fonts/100dpi/ncenB18-ISO8859-9.pcf.gz", "size_i": "6466", "regex": "false"},
	{"name_s": "/usr/share/X11/fonts/100dpi/ncenB24-ISO8859-9.pcf.gz", "size_i": "7899", "regex": "false"},
	{"name_s": "/usr/share/X11/fonts/100dpi/ncenBI08-ISO8859-9.pcf.gz", "size_i": "4613", "regex": "false"},
	{"name_s": "/usr/share/X11/fonts/100dpi/ncenBI10-ISO8859-9.pcf.gz", "size_i": "5192", "regex": "false"},
	{"name_s": "/usr/share/X11/fonts/100dpi/ncenBI12-ISO8859-9.pcf.gz", "size_i": "5735", "regex": "false"},
	{"name_s": "/usr/share/X11/fonts/100dpi/ncenBI14-ISO8859-9.pcf.gz", "size_i": "5859", "regex": "false"},
	{"name_s": "/usr/share/X11/fonts/100dpi/ncenBI18-ISO8859-9.pcf.gz", "size_i": "6801", "regex": "false"},
	{"name_s": "/usr/share/X11/fonts/100dpi/ncenBI24-ISO8859-9.pcf.gz", "size_i": "8828", "regex": "false"},
	{"name_s": "/usr/share/X11/fonts/100dpi/ncenI08-ISO8859-9.pcf.gz", "size_i": "4429", "regex": "false"},
	{"name_s": "/usr/share/X11/fonts/100dpi/ncenI10-ISO8859-9.pcf.gz", "size_i": "4970", "regex": "false"},
	{"name_s": "/usr/share/X11/fonts/100dpi/ncenI12-ISO8859-9.pcf.gz", "size_i": "5639", "regex": "false"},
	{"name_s": "/usr/share/X11/fonts/100dpi/ncenI14-ISO8859-9.pcf.gz", "size_i": "5708", "regex": "false"},
	{"name_s": "/usr/share/X11/fonts/100dpi/ncenI18-ISO8859-9.pcf.gz", "size_i": "6387", "regex": "false"},
	{"name_s": "/usr/share/X11/fonts/100dpi/ncenI24-ISO8859-9.pcf.gz", "size_i": "8688", "regex": "false"},
	{"name_s": "/usr/share/X11/fonts/100dpi/ncenR08-ISO8859-9.pcf.gz", "size_i": "4380", "regex": "false"},
	{"name_s": "/usr/share/X11/fonts/100dpi/ncenR10-ISO8859-9.pcf.gz", "size_i": "4943", "regex": "false"},
	{"name_s": "/usr/share/X11/fonts/100dpi/ncenR12-ISO8859-9.pcf.gz", "size_i": "5327", "regex": "false"},
	{"name_s": "/usr/share/X11/fonts/100dpi/ncenR14-ISO8859-9.pcf.gz", "size_i": "5554", "regex": "false"},
	{"name_s": "/usr/share/X11/fonts/100dpi/ncenR18-ISO8859-9.pcf.gz", "size_i": "6327", "regex": "false"},
	{"name_s": "/usr/share/X11/fonts/100dpi/ncenR24-ISO8859-9.pcf.gz", "size_i": "7934", "regex": "false"},
	{"name_s": "/usr/share/X11/fonts/100dpi/timB08-ISO8859-9.pcf.gz", "size_i": "4354", "regex": "false"},
	{"name_s": "/usr/share/X11/fonts/100dpi/timB10-ISO8859-9.pcf.gz", "size_i": "4850", "regex": "false"},
	{"name_s": "/usr/share/X11/fonts/100dpi/timB12-ISO8859-9.pcf.gz", "size_i": "5130", "regex": "false"},
	{"name_s": "/usr/share/X11/fonts/100dpi/timB14-ISO8859-9.pcf.gz", "size_i": "5445", "regex": "false"},
	{"name_s": "/usr/share/X11/fonts/100dpi/timB18-ISO8859-9.pcf.gz", "size_i": "6240", "regex": "false"},
	{"name_s": "/usr/share/X11/fonts/100dpi/timB24-ISO8859-9.pcf.gz", "size_i": "7581", "regex": "false"},
	{"name_s": "/usr/share/X11/fonts/100dpi/timBI08-ISO8859-9.pcf.gz", "size_i": "4532", "regex": "false"},
	{"name_s": "/usr/share/X11/fonts/100dpi/timBI10-ISO8859-9.pcf.gz", "size_i": "5094", "regex": "false"},
	{"name_s": "/usr/share/X11/fonts/100dpi/timBI12-ISO8859-9.pcf.gz", "size_i": "5441", "regex": "false"},
	{"name_s": "/usr/share/X11/fonts/100dpi/timBI14-ISO8859-9.pcf.gz", "size_i": "5718", "regex": "false"},
	{"name_s": "/usr/share/X11/fonts/100dpi/timBI18-ISO8859-9.pcf.gz", "size_i": "6864", "regex": "false"},
	{"name_s": "/usr/share/X11/fonts/100dpi/timBI24-ISO8859-9.pcf.gz", "size_i": "8091", "regex": "false"},
	{"name_s": "/usr/share/X11/fonts/100dpi/timI08-ISO8859-9.pcf.gz", "size_i": "4423", "regex": "false"},
	{"name_s": "/usr/share/X11/fonts/100dpi/timI10-ISO8859-9.pcf.gz", "size_i": "4920", "regex": "false"},
	{"name_s": "/usr/share/X11/fonts/100dpi/timI12-ISO8859-9.pcf.gz", "size_i": "5312", "regex": "false"},
	{"name_s": "/usr/share/X11/fonts/100dpi/timI14-ISO8859-9.pcf.gz", "size_i": "5730", "regex": "false"},
	{"name_s": "/usr/share/X11/fonts/100dpi/timI18-ISO8859-9.pcf.gz", "size_i": "6644", "regex": "false"},
	{"name_s": "/usr/share/X11/fonts/100dpi/timI24-ISO8859-9.pcf.gz", "size_i": "8047", "regex": "false"},
	{"name_s": "/usr/share/X11/fonts/100dpi/timR08-ISO8859-9.pcf.gz", "size_i": "4321", "regex": "false"},
	{"name_s": "/usr/share/X11/fonts/100dpi/timR10-ISO8859-9.pcf.gz", "size_i": "4821", "regex": "false"},
	{"name_s": "/usr/share/X11/fonts/100dpi/timR12-ISO8859-9.pcf.gz", "size_i": "5105", "regex": "false"},
	{"name_s": "/usr/share/X11/fonts/100dpi/timR14-ISO8859-9.pcf.gz", "size_i": "5428", "regex": "false"},
	{"name_s": "/usr/share/X11/fonts/100dpi/timR18-ISO8859-9.pcf.gz", "size_i": "6062", "regex": "false"},
	{"name_s": "/usr/share/X11/fonts/100dpi/timR24-ISO8859-9.pcf.gz", "size_i": "7357", "regex": "false"}
]
